Loaded varmap v2: 56 (reg,round) entries, total_vars=12816
  actual_p1: 56 entries; actual_p2: 56 entries
Conflict limit: 50000
Cascade-zero targets: 448 SAT vars observed, 0 bits already const-false
Rule 5  (dc_63 = dg_63): 32 bit-pairs registered
Rule 4@r=61 (dA[61] = dE[61]): 32 bit-pairs registered
Rule 4 r=62/63 substrate: 768 actual-register SAT vars registered (a,b,c at r=59..62)
Running WITHOUT propagator (baseline)
Loaded 53698 clauses from /tmp/v2_propagator_test.cnf
Solving...

Result: 0 (10=SAT, 20=UNSAT, 0=UNKNOWN)
Propagator stats:
  notify_assignment events: 0
  cb_propagate fires:       0
    of which Rule 5 fires:  0
    of which Rule 4@r=61:   0
  actual-reg bit assigns:   0
  decisions:                0
  backtracks:               0
s UNKNOWN
