Parallel Partition Solver: da57=0 constrained sr=60
  M[0]=0x44b49bc3, fill=0x80000000
  dW57=0xddb49ee1 (da57=0 constraint)
  Partitions: 16 (4 bits of W1[58] MSBs)
  Workers: 16, Timeout: 1800s per partition
  Total compute: up to 8.0 CPU-hours

  [10/16] TIMEOUT in  1800.0s  (wall: 1800s)
  [13/16] TIMEOUT in  1800.0s  (wall: 1800s)
  [ 3/16] TIMEOUT in  1800.0s  (wall: 1800s)
  [ 8/16] TIMEOUT in  1800.0s  (wall: 1800s)
  [12/16] TIMEOUT in  1800.0s  (wall: 1800s)
  [ 9/16] TIMEOUT in  1800.0s  (wall: 1800s)
  [ 2/16] TIMEOUT in  1800.0s  (wall: 1800s)
  [15/16] TIMEOUT in  1800.0s  (wall: 1800s)
  [ 6/16] TIMEOUT in  1800.0s  (wall: 1800s)
  [ 5/16] TIMEOUT in  1800.0s  (wall: 1800s)
  [ 4/16] TIMEOUT in  1800.0s  (wall: 1800s)
  [11/16] TIMEOUT in  1800.0s  (wall: 1800s)
  [ 0/16] TIMEOUT in  1800.0s  (wall: 1800s)
  [ 7/16] TIMEOUT in  1800.0s  (wall: 1800s)
  [ 1/16] TIMEOUT in  1800.0s  (wall: 1800s)
  [14/16] TIMEOUT in  1800.0s  (wall: 1800s)

============================================================
Results: 0 UNSAT, 16 TIMEOUT, no SAT
Wall time: 1800.3s (0.50h)
16 partitions timed out — inconclusive
