c ---- [ banner ] ------------------------------------------------------------
c
c Kissat SAT Solver
c 
c Copyright (c) 2021-2024 Armin Biere University of Freiburg
c Copyright (c) 2019-2021 Armin Biere Johannes Kepler University Linz
c 
c Version 4.0.4 unknown
c Apple clang version 17.0.0 (clang-1700.3.19.1) -W -Wall -O3 -DNDEBUG
c Thu Oct 16 20:09:41 UTC 2025 Darwin Tahoe-arm64.local 25.0.0 arm64
c
c ---- [ parsing ] -----------------------------------------------------------
c
c opened and reading DIMACS file:
c
c   cnfs_n32/sr61_n32_bit19_m51ca0b34_fill55555555_enf0.cnf
c
c parsed 'p cnf 11237 46978' header
c closing input after reading 848854 bytes (829 KB)
c finished parsing after 0.00 seconds
c
c ---- [ options ] -----------------------------------------------------------
c
c --seed=7                         (different from default '0')
c
c ---- [ limits ] ------------------------------------------------------------
c
c conflict limit set to 50000 conflicts
c
c ---- [ solving ] -----------------------------------------------------------
c
c seconds switched rate     size/glue tier1  binary         remaining
c        MB reductions conflicts size  tier2    irredundant
c         level restarts redundant glue  trail         variables
c
c *  0.00  6 0 0 0  0 0   0   0 0.0 0 0 0 0 0% 3698 43215 11236 100%
c (  0.00  6 0 0 0  0 0   0   0 0.0 0 0 0 0 0% 3698 43215 11236 100%
c .  0.01  6 0 0 0  0 0   0   0 0.0 0 0 0 0 0% 3698 43215 11236 100%
c c  0.02 12 0 0 0  0 0   0   0 0.0 0 0 0 0 0% 4742 41351 10488 93%
c d  0.02 12 0 0 0  0 0   0   0 0.0 0 0 0 0 0% 3246 41351 10488 93%
c =  0.04 12 0 0 0  0 0   0   0 0.0 0 0 0 0 0% 3204 41351 10477 93%
c d  0.04 12 0 0 0  0 0   0   0 0.0 0 0 0 0 0% 3182 41351 10477 93%
c f  0.05 12 0 0 0  0 0   0   0 0.0 0 0 0 0 0% 3309 41089 10543 94%
c )  0.05 12 0 0 0  0 0   0   0 0.0 0 0 0 0 0% 3309 41089 10543 94%
c {  0.05 12 0 0 0  0 0   0   0 0.0 0 0 2 6 0% 3309 41089 10543 94%
c -  0.06 13 176 0 1 258 44 1000 704 1.5 5 4 2 6 9% 3433 41089 10543 94%
c }  0.06 13 176 1 1 258 44 1000 704 1.5 5 4 2 6 9% 3433 41089 10543 94%
c [  0.06 13 0 1 1 258 0 1000 704 0.0 0 0 2 6 0% 3433 41089 10543 94%
c B  0.06 13 207 1 1 258 38 1002 706 1.8 9 5 2 6 13% 3433 41089 10543 94%
c -  0.07 13 368 1 2 258 3 2000 1462 2.6 41 16 2 17 27% 3451 41089 10543 94%
c W  0.08 13 368 1 2 258 3 2006 1468 2.6 41 16 2 17 27% 3451 41089 10543 94%
c ]  0.08 13 336 2 2 259 4 2233 1664 2.4 37 15 2 17 26% 3455 41089 10543 94%
c {  0.08 13 176 2 2 259 44 2233 1664 1.5 5 4 2 6 9% 3455 41089 10543 94%
c c  0.10 14 167 2 2 360 46 2557 1938 1.5 5 4 2 6 9% 3489 41015 10524 94%
c d  0.10 14 167 2 2 360 46 2557 1924 1.5 5 4 2 6 9% 3451 41015 10524 94%
c
c seconds   switched   rate       size/glue tier1  binary         remaining
c        MB  reductions conflicts      size  tier2    irredundant
c          level restarts    redundant   glue  trail         variables
c
c u  0.10 14 167 2 2 360 46 2557 1562 1.5 5 4 2 6 9% 3461 41015 10524 94%
c v  0.10 14 167 2 2 360 46 2557 1418 1.5 5 4 2 6 9% 3463 41015 10524 94%
c w  0.10 14 167 2 2 360 46 2557 1296 1.5 5 4 2 6 9% 3464 41015 10524 94%
c x  0.11 14 167 2 2 360 46 2557 1296 1.5 5 4 2 6 9% 3464 40885 10524 94%
c d  0.12 14 167 2 2 360 46 2557 1292 1.5 5 4 2 6 9% 3458 40885 10521 94%
c t  0.13 14 167 2 2 360 46 2557 1292 1.5 5 4 2 6 9% 3450 40885 10521 94%
c f  0.13 14 167 2 2 360 46 2557 1292 1.5 5 4 2 6 9% 3451 40883 10522 94%
c c  0.14 14 167 2 2 360 46 2557 1291 1.5 5 4 2 6 9% 3453 40879 10521 94%
c d  0.14 14 167 2 2 360 46 2557 1291 1.5 5 4 2 6 9% 3451 40879 10521 94%
c u  0.14 14 167 2 2 360 46 2557 1250 1.5 5 4 2 6 9% 3451 40879 10521 94%
c v  0.14 14 167 2 2 360 46 2557 1214 1.5 5 4 2 6 9% 3451 40879 10521 94%
c w  0.14 14 167 2 2 360 46 2557 1167 1.5 5 4 2 6 9% 3451 40879 10521 94%
c x  0.15 14 167 2 2 360 46 2557 1167 1.5 5 4 2 6 9% 3451 40863 10521 94%
c }  0.16 14 158 3 2 506 42 3234 1714 1.5 6 4 2 6 9% 3497 40863 10521 94%
c [  0.16 14 336 3 2 506 4 3234 1714 2.4 37 15 2 17 26% 3497 40863 10521 94%
c -  0.17 14 319 3 3 506 4 3414 1727 2.4 35 15 2 17 25% 3498 40863 10521 94%
c ]  0.18 14 300 4 3 506 4 4155 2392 2.5 37 15 2 17 32% 3509 40863 10521 94%
c {  0.18 14 158 4 3 506 42 4155 2392 1.5 6 4 2 6 9% 3509 40863 10521 94%
c -  0.18 14 139 4 4 599 35 5146 2784 1.6 6 4 2 5 8% 3558 40863 10521 94%
c }  0.19 14 132 5 4 741 30 6509 3835 1.6 6 4 2 5 8% 3623 40863 10521 94%
c
c seconds   switched  rate       size/glue  tier1     binary         remaining
c        MB  reductions conflicts      size   tier2      irredundant
c          level restarts   redundant     glue    trail         variables
c
c [  0.19 14 300 5 4 741 4 6509 3835 2.5 37 15 2 17 32% 3623 40863 10521 94%
c I  0.19 14 300 5 4 741 4 6509 3835 2.5 37 15 2 17 32% 3623 40863 10521 94%
c ]  0.21 14 286 6 4 741 4 6713 4023 2.6 44 17 2 17 32% 3629 40863 10521 94%
c {  0.21 14 132 6 4 741 30 6713 4023 1.6 6 4 2 5 8% 3629 40863 10521 94%
c -  0.22 14 136 6 5 861 32 7146 3967 1.6 7 4 2 5 9% 3643 40863 10521 94%
c d  0.24 14 135 6 5 1044 33 7874 4341 1.6 7 4 2 5 9% 3639 40863 10491 93%
c u  0.24 14 135 6 5 1044 33 7874 3484 1.6 7 4 2 5 9% 3645 40863 10491 93%
c v  0.24 14 135 6 5 1044 33 7874 3131 1.6 7 4 2 5 9% 3648 40863 10491 93%
c w  0.25 14 135 6 5 1044 33 7874 2907 1.6 7 4 2 5 9% 3650 40863 10491 93%
c =  0.26 14 135 6 5 1044 33 7874 2907 1.6 7 4 2 5 9% 3952 40863 10340 92%
c d  0.26 14 135 6 5 1044 33 7874 2710 1.6 7 4 2 5 9% 3626 40863 10339 92%
c t  0.26 14 135 6 5 1044 33 7874 2710 1.6 7 4 2 5 9% 3595 40863 10339 92%
c f  0.26 14 135 6 5 1044 33 7874 2710 1.6 7 4 2 5 9% 3603 40847 10343 92%
c c  0.27 14 135 6 5 1044 33 7874 2684 1.6 7 4 2 5 9% 3613 40826 10338 92%
c d  0.28 14 135 6 5 1044 33 7874 2684 1.6 7 4 2 5 9% 3603 40826 10338 92%
c u  0.28 14 135 6 5 1044 33 7874 2556 1.6 7 4 2 5 9% 3601 40826 10338 92%
c v  0.28 14 135 6 5 1044 33 7874 2460 1.6 7 4 2 5 9% 3603 40826 10338 92%
c w  0.28 14 135 6 5 1044 33 7874 2383 1.6 7 4 2 5 9% 3603 40826 10338 92%
c x  0.29 14 135 6 5 1044 33 7874 2383 1.6 7 4 2 5 9% 3603 40716 10338 92%
c =  0.30 14 135 6 5 1044 33 7874 2383 1.6 7 4 2 5 9% 3675 40716 10302 92%
c
c seconds   switched    rate       size/glue tier1  binary         remaining
c        MB  reductions  conflicts      size  tier2    irredundant
c          level  restarts    redundant   glue  trail         variables
c
c d  0.30 14 135 6 5 1044 33 7874 2349 1.6 7 4 2 5 9% 3596 40716 10302 92%
c t  0.30 14 135 6 5 1044 33 7874 2349 1.6 7 4 2 5 9% 3578 40716 10302 92%
c f  0.30 14 135 6 5 1044 33 7874 2349 1.6 7 4 2 5 9% 3582 40708 10304 92%
c -  0.34 14 128 6 6 1430 33 9382 3341 1.7 8 5 2 5 10% 3666 40708 10304 92%
c o  0.36 14 125 6 6 1597 32 10057 3974 1.7 9 5 2 5 10% 3689 40708 10304 92%
c }  0.38 14 125 7 6 1784 33 10783 4628 1.7 9 5 2 5 10% 3708 40708 10304 92%
c [  0.38 14 286 7 6 1784 4 10783 4628 2.6 44 17 2 17 32% 3708 40708 10304 92%
c B  0.38 14 286 7 6 1784 4 10783 4628 2.6 44 17 2 17 32% 3708 40708 10304 92%
c ]  0.50 17 247 8 6 1784 4 11526 5360 3.0 90 30 2 17 38% 3710 40708 10304 92%
c {  0.50 17 125 8 6 1784 33 11526 5360 1.7 9 5 2 5 10% 3710 40708 10304 92%
c -  0.51 19 125 8 7 1847 32 11831 4988 1.8 10 6 2 5 11% 3720 40708 10304 92%
c s  0.55 19 124 8 7 2108 33 12779 5864 1.8 12 7 2 5 11% 3750 39817 10304 92%
c e  0.57 19 124 8 7 2108 33 12779 5864 1.8 12 7 2 5 11% 1986 39101 6686 59%
c 2  0.57 19 124 8 7 2108 33 12779 5864 1.8 12 7 2 5 11% 1985 39101 6686 59%
c s  0.57 19 124 8 7 2108 33 12779 5864 1.8 12 7 2 5 11% 1991 38857 6686 59%
c e  0.58 19 124 8 7 2108 33 12779 5864 1.8 12 7 2 5 11% 1956 38675 6631 59%
c ^  0.58 19 124 8 7 2108 33 12779 5864 1.8 12 7 2 5 11% 1956 38675 6631 59%
c -  0.63 20 125 8 8 2505 33 14476 3947 1.9 14 7 1 4 12% 1991 38675 6631 59%
c d  0.71 20 125 8 8 2930 34 16131 5481 1.9 17 9 1 4 13% 2017 38675 6630 59%
c u  0.71 20 125 8 8 2930 34 16131 5202 1.9 17 9 1 4 13% 2019 38675 6630 59%
c
c seconds   switched    rate        size/glue tier1    binary        remaining
c        MB  reductions   conflicts       size  tier2     irredundant
c          level  restarts     redundant    glue   trail        variables
c
c v  0.71 20 125 8 8 2930 34 16131 4551 1.9 17 9 1 4 13% 2023 38675 6630 59%
c w  0.74 20 125 8 8 2930 34 16131 4523 1.9 17 9 1 4 13% 2023 38675 6630 59%
c x  0.75 20 125 8 8 2930 34 16131 4515 1.9 17 9 1 4 13% 2024 38421 6630 59%
c =  0.80 20 125 8 8 2930 34 16131 4515 1.9 17 9 1 4 13% 2032 38421 6626 59%
c d  0.80 20 125 8 8 2930 34 16131 4509 1.9 17 9 1 4 13% 2018 38421 6625 59%
c t  0.80 20 125 8 8 2930 34 16131 4509 1.9 17 9 1 4 13% 2017 38421 6625 59%
c f  0.82 20 125 8 8 2930 34 16131 4509 1.9 17 9 1 4 13% 2045 38361 6639 59%
c u  0.82 20 125 8 8 2930 34 16131 4440 1.9 17 9 1 4 13% 2045 38361 6639 59%
c v  0.83 20 125 8 8 2930 34 16131 4347 1.9 17 9 1 4 13% 2046 38361 6639 59%
c w  0.85 20 125 8 8 2930 34 16131 3957 1.9 17 9 1 4 13% 2046 38361 6639 59%
c x  0.86 20 125 8 8 2930 34 16131 3957 1.9 17 9 1 4 13% 2047 38327 6639 59%
c =  0.91 20 125 8 8 2930 34 16131 3957 1.9 17 9 1 4 13% 2063 38327 6631 59%
c d  0.91 20 125 8 8 2930 34 16131 3949 1.9 17 9 1 4 13% 2046 38327 6631 59%
c t  0.91 20 125 8 8 2930 34 16131 3949 1.9 17 9 1 4 13% 2043 38327 6631 59%
c -  0.95 20 124 8 9 3165 33 17304 4561 2.0 18 9 1 4 14% 2063 38327 6631 59%
c }  0.96 20 126 9 9 3225 33 17685 4910 2.0 18 9 1 4 14% 2069 38327 6631 59%
c [  0.96 20 247 9 9 3225 4 17685 4910 3.0 90 30 2 17 38% 2069 38327 6631 59%
c W  0.97 20 247 9 9 3225 4 17685 4910 3.0 90 30 2 17 38% 2069 38327 6631 59%
c -  1.18 21 199 9 10 3227 3 20304 4963 2.8 121 44 1 4 41% 2070 38327 6631 59%
c ]  1.22 21 197 10 10 3227 3 20592 5246 2.7 126 46 1 4 42% 2070 38327 6631 59%
c
c seconds    switched     rate        size/glue tier1    binary        remaining
c        MB    reductions   conflicts       size  tier2     irredundant
c          level    restarts     redundant    glue   trail        variables
c
c {  1.22 21 126 10 10 3227 33 20592 5246 2.0 18 9 1 4 14% 2070 38327 6631 59%
c o  1.23 21 127 10 10 3232 33 20648 5301 2.0 18 9 1 4 14% 2071 38327 6631 59%
c -  1.29 21 129 10 11 3534 31 23466 5549 2.0 19 10 1 4 15% 2142 38327 6631 59%
c s  1.35 21 131 10 11 3903 30 25623 7550 2.0 20 10 1 4 15% 2172 38272 6631 59%
c e  1.37 21 131 10 11 3903 30 25623 7550 2.0 20 10 1 4 15% 1913 38569 6483 58%
c s  1.37 21 131 10 11 3903 30 25623 7550 2.0 20 10 1 4 15% 1928 38500 6483 58%
c e  1.37 21 131 10 11 3903 30 25623 7550 2.0 20 10 1 4 15% 1923 38427 6472 58%
c ^  1.37 21 131 10 11 3903 30 25623 7550 2.0 20 10 1 4 15% 1923 38427 6472 58%
c -  1.42 21 130 10 12 4173 31 26783 6137 2.0 21 11 1 4 15% 1938 38427 6472 58%
c c  1.45 21 131 10 12 4267 30 27568 6833 2.0 22 11 1 4 16% 1955 38397 6465 58%
c d  1.45 21 131 10 12 4267 30 27568 6810 2.0 22 11 1 4 16% 1941 38397 6465 58%
c u  1.45 21 131 10 12 4267 30 27568 6293 2.0 22 11 1 4 16% 1941 38397 6465 58%
c v  1.46 21 131 10 12 4267 30 27568 5364 2.0 22 11 1 4 16% 1944 38397 6465 58%
c w  1.47 21 131 10 12 4267 30 27568 5170 2.0 22 11 1 4 16% 1944 38397 6465 58%
c =  1.53 21 131 10 12 4267 30 27568 5170 2.0 22 11 1 4 16% 2674 38362 6100 54%
c d  1.53 21 131 10 12 4267 30 27568 4975 2.0 22 11 1 4 16% 1918 38362 6100 54%
c t  1.53 21 131 10 12 4267 30 27568 4975 2.0 22 11 1 4 16% 1898 38362 6100 54%
c f  1.54 21 131 10 12 4267 30 27568 4975 2.0 22 11 1 4 16% 1948 38231 6126 55%
c u  1.55 21 131 10 12 4267 30 27568 4760 2.0 22 11 1 4 16% 1949 38231 6126 55%
c v  1.55 21 131 10 12 4267 30 27568 4536 2.0 22 11 1 4 16% 1949 38231 6126 55%
c
c seconds    switched     rate        size/glue  tier1    binary        remaining
c        MB    reductions   conflicts       size   tier2     irredundant
c          level    restarts     redundant     glue   trail        variables
c
c w  1.56 21 131 10 12 4267 30 27568 4493 2.0 22 11 1 4 16% 1949 38231 6126 55%
c x  1.58 21 131 10 12 4267 30 27568 4488 2.0 22 11 1 4 16% 1963 35442 6126 55%
c =  1.65 21 131 10 12 4267 30 27568 4488 2.0 22 11 1 4 16% 1969 35442 6123 54%
c d  1.65 21 131 10 12 4267 30 27568 4488 2.0 22 11 1 4 16% 1963 35442 6123 54%
c t  1.65 21 131 10 12 4267 30 27568 4488 2.0 22 11 1 4 16% 1957 35442 6123 54%
c }  1.66 21 130 11 12 4272 28 29219 5863 2.0 21 11 1 4 16% 1960 35442 6123 54%
c [  1.66 21 197 11 12 4272 3 29219 5863 2.7 126 46 1 4 42% 1960 35442 6123 54%
c O  1.66 21 197 11 12 4272 3 29219 5863 2.7 126 46 1 4 42% 1960 35442 6123 54%
c -  1.76 21 187 11 13 4272 2 30247 5054 2.6 130 49 1 4 44% 1961 35442 6123 54%
c ]  1.89 21 174 12 13 4274 2 32264 6990 2.6 130 50 1 4 43% 1962 35442 6123 54%
c {  1.89 21 130 12 13 4274 28 32264 6990 2.0 21 11 1 4 16% 1962 35442 6123 54%
c -  1.93 21 130 12 14 4548 28 33852 6089 2.0 22 11 1 5 16% 1977 35442 6123 54%
c -  2.02 21 133 12 15 5024 27 37594 7290 2.0 22 11 1 5 17% 2014 35442 6123 54%
c o  2.07 21 134 12 15 5186 25 40791 10305 2.0 22 11 1 5 19% 2032 35442 6123 54%
c -  2.08 21 134 12 16 5265 25 41466 8369 2.0 23 11 1 5 19% 2037 35442 6123 54%
c c  2.12 21 134 12 16 5457 25 42366 9200 2.0 23 11 1 5 19% 2049 35438 6122 54%
c d  2.12 21 134 12 16 5457 25 42366 9200 2.0 23 11 1 5 19% 2047 35438 6122 54%
c u  2.13 21 134 12 16 5457 25 42366 8536 2.0 23 11 1 5 19% 2051 35438 6122 54%
c v  2.14 21 134 12 16 5457 25 42366 7076 2.0 23 11 1 5 19% 2052 35438 6122 54%
c w  2.15 21 134 12 16 5457 25 42366 7038 2.0 23 11 1 5 19% 2052 35438 6122 54%
c
c seconds    switched     rate        size/glue  tier1    binary        remaining
c        MB    reductions   conflicts       size   tier2     irredundant
c          level    restarts     redundant     glue   trail        variables
c
c x  2.16 21 134 12 16 5457 25 42366 7038 2.0 23 11 1 5 19% 2052 35348 6122 54%
c =  2.22 21 134 12 16 5457 25 42366 7038 2.0 23 11 1 5 19% 2224 35348 6036 54%
c d  2.22 21 134 12 16 5457 25 42366 6851 2.0 23 11 1 5 19% 2048 35348 6036 54%
c t  2.22 21 134 12 16 5457 25 42366 6851 2.0 23 11 1 5 19% 2021 35348 6036 54%
c u  2.23 21 134 12 16 5457 25 42366 6706 2.0 23 11 1 5 19% 2021 35348 6036 54%
c v  2.24 21 134 12 16 5457 25 42366 6415 2.0 23 11 1 5 19% 2022 35348 6036 54%
c w  2.25 21 134 12 16 5457 25 42366 6331 2.0 23 11 1 5 19% 2022 35348 6036 54%
c =  2.30 21 134 12 16 5457 25 42366 6331 2.0 23 11 1 5 19% 2954 35348 5570 50%
c d  2.30 21 134 12 16 5457 25 42366 6097 2.0 23 11 1 5 19% 2020 35348 5570 50%
c t  2.30 21 134 12 16 5457 25 42366 6097 2.0 23 11 1 5 19% 1964 35348 5570 50%
c f  2.31 21 134 12 16 5457 25 42366 6097 2.0 23 11 1 5 19% 1967 35332 5573 50%
c }  2.32 21 132 13 16 5467 24 43744 7351 2.1 23 11 1 5 20% 1972 35332 5573 50%
c [  2.32 21 174 13 16 5467 2 43744 7351 2.6 130 50 1 4 43% 1972 35332 5573 50%
c B  2.32 21 174 13 16 5467 2 43744 7351 2.6 130 50 1 4 43% 1972 35332 5573 50%
c -  2.34 21 165 13 17 5468 2 45467 6812 2.5 115 45 1 5 41% 1975 35332 5573 50%
c -  2.39 21 153 13 18 5471 2 49590 8015 2.5 92 37 1 7 38% 1980 35332 5573 50%
c ]  2.39 21 152 13 18 5471 2 50000 8377 2.5 90 36 1 7 37% 1980 35332 5573 50%
c ?  2.39 21 132 13 18 5471 24 50000 8377 2.1 23 11 1 5 20% 1980 35332 5573 50%
c
c ---- [ result ] ------------------------------------------------------------
c
s UNKNOWN
c
c ---- [ profiling ] ---------------------------------------------------------
c
c           1.53   64.03 %  search
c           0.81   33.95 %  simplify
c           0.80   33.41 %  focused
c           0.80   33.32 %  probe
c           0.73   30.62 %  stable
c           0.41   17.17 %  sweep
c           0.24   10.08 %  vivify
c           0.05    2.15 %  congruence
c           0.05    2.13 %  factor
c           0.05    2.09 %  eliminate
c           0.04    1.80 %  preprocess
c           0.03    1.38 %  substitute
c           0.02    0.63 %  reduce
c           0.01    0.41 %  subsume
c           0.01    0.29 %  walking
c           0.01    0.25 %  transitive
c           0.00    0.16 %  parse
c           0.00    0.15 %  backbone
c           0.00    0.05 %  lucky
c =============================================
c           2.39  100.00 %  total
c
c ---- [ statistics ] --------------------------------------------------------
c
c chronological:                          586                1 %  conflicts
c conflicts:                            50000            20916.53 per second
c congruent:                              781                7 %  variables
c decisions:                           859689               17.19 per conflict
c eliminated:                            3832               34 %  variables
c factored:                               116                1 %  variables
c propagations:                      24262070         10149566    per second
c reductions:                              18             2778    interval
c reordered:                                3            16667    interval
c rephased:                                 7             7143    interval
c restarts:                              5471                9    interval
c strengthened:                           234                0 %  checks
c substituted:                           1947               17 %  variables
c subsumed:                              1237                0 %  checks
c switched:                                13             3846    interval
c vivified:                             16354                9 %  checks
c walks:                                    2            25000    interval
c
c ---- [ glue usage ] --------------------------------------------------------
c
c focused glue 1 used 68006 clauses 59.58% accumulated 59.58% tier1
c focused glue 2 used 22272 clauses 19.51% accumulated 79.10%
c focused glue 3 used  6286 clauses  5.51% accumulated 84.60%
c focused glue 4 used  3819 clauses  3.35% accumulated 87.95%
c focused glue 5 used  2565 clauses  2.25% accumulated 90.20% tier2
c
c stable glue 1   used 117529 clauses 63.54% accumulated 63.54% tier1
c stable glue 2   used  27797 clauses 15.03% accumulated 78.56%
c stable glue 3-5 used  17333 clauses  9.37% accumulated 87.93%
c stable glue 6   used   2991 clauses  1.62% accumulated 89.55%
c stable glue 7   used   2150 clauses  1.16% accumulated 90.71% tier2
c
c ---- [ resources ] ---------------------------------------------------------
c
c maximum-resident-set-size:      22817013760 bytes      21760 MB
c process-time:                             2s               2.39 seconds
c
c ---- [ shutting down ] -----------------------------------------------------
c
c exit 0
