c ---- [ banner ] ------------------------------------------------------------
c
c Kissat SAT Solver
c 
c Copyright (c) 2021-2024 Armin Biere University of Freiburg
c Copyright (c) 2019-2021 Armin Biere Johannes Kepler University Linz
c 
c Version 4.0.4 unknown
c Apple clang version 17.0.0 (clang-1700.3.19.1) -W -Wall -O3 -DNDEBUG
c Thu Oct 16 20:09:41 UTC 2025 Darwin Tahoe-arm64.local 25.0.0 arm64
c
c ---- [ parsing ] -----------------------------------------------------------
c
c opened and reading DIMACS file:
c
c   headline_hunt/bets/cascade_aux_encoding/cnfs/aux_force_sr61_n32_bit19_m51ca0b34_fill55555555.cnf
c
c parsed 'p cnf 12850 53838' header
c closing input after reading 979266 bytes (956 KB)
c finished parsing after 0.00 seconds
c
c ---- [ options ] -----------------------------------------------------------
c
c --seed=23                        (different from default '0')
c
c ---- [ limits ] ------------------------------------------------------------
c
c conflict limit set to 50000 conflicts
c
c ---- [ solving ] -----------------------------------------------------------
c
c seconds switched rate     size/glue tier1  binary         remaining
c        MB reductions conflicts size  tier2    irredundant
c         level restarts redundant glue  trail         variables
c
c *  0.00  9 0 0 0  0 0   0   0 0.0 0 0 0 0 0% 3138 50187 12369 96%
c (  0.01  9 0 0 0  0 0   0   0 0.0 0 0 0 0 0% 3138 50187 12369 96%
c .  0.01  9 0 0 0  0 0   0   0 0.0 0 0 0 0 0% 4034 48267 12369 96%
c c  0.02 14 0 0 0  0 0   0   0 0.0 0 0 0 0 0% 5856 42319 10540 82%
c d  0.02 14 0 0 0  0 0   0   0 0.0 0 0 0 0 0% 3138 42319 10540 82%
c =  0.03 14 0 0 0  0 0   0   0 0.0 0 0 0 0 0% 3078 42313 10490 82%
c d  0.03 14 0 0 0  0 0   0   0 0.0 0 0 0 0 0% 2978 42313 10490 82%
c f  0.04 14 0 0 0  0 0   0   0 0.0 0 0 0 0 0% 3311 41728 10670 83%
c )  0.04 14 0 0 0  0 0   0   0 0.0 0 0 0 0 0% 3311 41728 10670 83%
c {  0.05 14 0 0 0  0 0   0   0 0.0 0 0 2 6 0% 3311 41728 10670 83%
c -  0.05 14 268 0 1 175 57 1000 780 1.6 4 3 2 4 11% 3381 41728 10670 83%
c }  0.05 14 268 1 1 175 57 1000 780 1.6 4 3 2 4 11% 3381 41728 10670 83%
c [  0.05 14 0 1 1 175 0 1000 780 0.0 0 0 2 6 0% 3381 41728 10670 83%
c B  0.05 14 539 1 1 175 377 1001 781 1.5 3 2 2 6 11% 3381 41728 10670 83%
c -  0.06 14 427 1 2 175 4 2000 1439 1.6 13 8 4 14 8% 3413 41728 10670 83%
c W  0.06 14 427 1 2 175 4 2003 1442 1.6 13 8 4 14 8% 3413 41728 10670 83%
c c  0.07 14 359 1 2 176 5 2555 1864 1.5 11 7 3 11 9% 3482 41554 10625 83%
c d  0.07 14 359 1 2 176 5 2555 1755 1.5 11 7 3 11 9% 3382 41554 10619 83%
c u  0.08 14 359 1 2 176 5 2555 1432 1.5 11 7 3 11 9% 3389 41554 10619 83%
c v  0.08 14 359 1 2 176 5 2555 1342 1.5 11 7 3 11 9% 3390 41554 10619 83%
c
c seconds   switched  rate       size/glue tier1    binary         remaining
c        MB  reductions conflicts      size  tier2     irredundant
c          level restarts   redundant    glue   trail         variables
c
c w  0.08 14 359 1 2 176 5 2555 1140 1.5 11 7 3 11 9% 3390 41554 10619 83%
c x  0.08 14 359 1 2 176 5 2555 1140 1.5 11 7 3 11 9% 3390 41376 10619 83%
c d  0.10 14 359 1 2 176 5 2555 1136 1.5 11 7 3 11 9% 3386 41376 10617 83%
c c  0.11 14 359 1 2 176 5 2555 1136 1.5 11 7 3 11 9% 3398 41348 10610 83%
c d  0.11 14 359 1 2 176 5 2555 1132 1.5 11 7 3 11 9% 3384 41348 10610 83%
c u  0.11 14 359 1 2 176 5 2555 1099 1.5 11 7 3 11 9% 3386 41348 10610 83%
c v  0.11 14 359 1 2 176 5 2555 1070 1.5 11 7 3 11 9% 3386 41348 10610 83%
c w  0.11 14 359 1 2 176 5 2555 951 1.5 11 7 3 11 9% 3386 41348 10610 83%
c d  0.12 14 359 1 2 176 5 2555 951 1.5 11 7 3 11 9% 3384 41348 10609 83%
c -  0.12 14 376 1 3 176 6 3415 1393 1.5 13 8 3 14 14% 3395 41348 10609 83%
c ]  0.13 14 309 2 3 177 6 4196 1979 1.6 11 7 3 14 12% 3411 41348 10609 83%
c {  0.13 14 268 2 3 177 57 4196 1979 1.6 4 3 2 4 11% 3411 41348 10609 83%
c -  0.14 15 182 2 4 477 48 5148 2515 1.6 5 3 2 4 10% 3541 41337 10609 83%
c }  0.14 15 179 3 4 491 47 5196 2552 1.6 5 3 2 4 10% 3549 41335 10609 83%
c [  0.14 15 309 3 4 491 6 5196 2552 1.6 11 7 3 14 12% 3549 41335 10609 83%
c I  0.14 15 309 3 4 491 6 5196 2552 1.6 11 7 3 14 12% 3549 41335 10609 83%
c ]  0.16 15 302 4 4 492 5 6580 3791 1.8 17 9 3 14 20% 3588 41335 10609 83%
c {  0.16 15 179 4 4 492 47 6580 3791 1.6 5 3 2 4 10% 3588 41335 10609 83%
c -  0.17 15 153 4 5 712 43 7148 3748 1.6 6 3 2 5 9% 3636 41328 10609 83%
c d  0.19 15 132 4 5 948 39 7875 4337 1.7 6 4 2 5 9% 3671 41318 10593 82%
c
c seconds   switched   rate       size/glue tier1  binary         remaining
c        MB  reductions conflicts      size  tier2    irredundant
c          level restarts    redundant   glue  trail         variables
c
c u  0.19 15 132 4 5 948 39 7875 3651 1.7 6 4 2 5 9% 3692 41318 10593 82%
c v  0.19 15 132 4 5 948 39 7875 3314 1.7 6 4 2 5 9% 3693 41318 10593 82%
c w  0.20 15 132 4 5 948 39 7875 3240 1.7 6 4 2 5 9% 3693 41318 10593 82%
c x  0.20 15 132 4 5 948 39 7875 3240 1.7 6 4 2 5 9% 3749 41176 10593 82%
c =  0.21 15 132 4 5 948 39 7875 3240 1.7 6 4 2 5 9% 3753 41176 10591 82%
c d  0.21 15 132 4 5 948 39 7875 3231 1.7 6 4 2 5 9% 3741 41176 10587 82%
c t  0.21 15 132 4 5 948 39 7875 3231 1.7 6 4 2 5 9% 3713 41176 10587 82%
c f  0.22 15 132 4 5 948 39 7875 3231 1.7 6 4 2 5 9% 3721 41164 10591 82%
c c  0.23 15 132 4 5 948 39 7875 3208 1.7 6 4 2 5 9% 3736 41128 10584 82%
c d  0.23 15 132 4 5 948 39 7875 3208 1.7 6 4 2 5 9% 3722 41128 10584 82%
c u  0.23 15 132 4 5 948 39 7875 3114 1.7 6 4 2 5 9% 3725 41128 10584 82%
c v  0.23 15 132 4 5 948 39 7875 3021 1.7 6 4 2 5 9% 3725 41128 10584 82%
c w  0.24 15 132 4 5 948 39 7875 2858 1.7 6 4 2 5 9% 3725 41128 10584 82%
c x  0.24 15 132 4 5 948 39 7875 2858 1.7 6 4 2 5 9% 3796 40807 10584 82%
c =  0.25 15 132 4 5 948 39 7875 2858 1.7 6 4 2 5 9% 3880 40807 10542 82%
c d  0.25 15 132 4 5 948 39 7875 2827 1.7 6 4 2 5 9% 3786 40807 10541 82%
c t  0.26 15 132 4 5 948 39 7875 2827 1.7 6 4 2 5 9% 3773 40807 10541 82%
c }  0.27 15 116 5 5 1185 35 8932 3694 1.7 7 4 2 4 9% 3848 40802 10541 82%
c [  0.27 15 302 5 5 1185 5 8932 3694 1.8 17 9 3 14 20% 3848 40802 10541 82%
c B  0.27 15 301 5 5 1185 5 8967 3718 1.8 16 9 3 14 20% 3848 40802 10541 82%
c
c seconds   switched   rate       size/glue tier1     binary         remaining
c        MB  reductions conflicts       size  tier2      irredundant
c          level  restarts   redundant    glue    trail         variables
c
c -  0.28 15 288 5 6 1185 5 9384 3670 1.8 16 9 3 13 20% 3859 40802 10541 82%
c o  0.29 15 271 5 6 1186 5 10045 4262 1.9 19 10 3 13 21% 3869 40802 10541 82%
c -  0.32 15 224 5 7 1187 4 11833 4964 2.3 28 12 2 13 24% 3873 40802 10541 82%
c ]  0.32 15 224 6 7 1187 4 11838 4969 2.3 28 12 2 13 24% 3873 40802 10541 82%
c {  0.32 15 116 6 7 1187 35 11838 4969 1.7 7 4 2 4 9% 3873 40802 10541 82%
c s  0.34 15 104 6 7 1332 31 12769 5760 1.7 7 4 2 4 9% 3921 40555 10541 82%
c e  0.36 18 104 6 7 1332 31 12769 5760 1.7 7 4 2 4 9% 2383 35370 6403 50%
c 2  0.36 18 104 6 7 1332 31 12769 5760 1.7 7 4 2 4 9% 2381 35370 6403 50%
c s  0.37 18 104 6 7 1332 31 12769 5760 1.7 7 4 2 4 9% 2397 35076 6403 50%
c e  0.37 18 104 6 7 1332 31 12769 5760 1.7 7 4 2 4 9% 2342 34918 6350 49%
c ^  0.37 18 104 6 7 1332 31 12769 5760 1.7 7 4 2 4 9% 2342 34918 6350 49%
c -  0.39 18 93 6 8 1640 27 14479 3909 1.7 7 4 2 4 9% 2404 34916 6350 49%
c }  0.41 18 86 7 8 1978 25 15907 5200 1.7 8 4 2 4 9% 2444 34915 6350 49%
c [  0.41 18 224 7 8 1978 4 15907 5200 2.3 28 12 2 13 24% 2444 34915 6350 49%
c W  0.42 18 224 7 8 1978 4 15907 5200 2.3 28 12 2 13 24% 2443 34915 6350 49%
c d  0.42 18 222 7 8 1978 4 16130 5394 2.3 28 12 2 13 24% 2432 34909 6343 49%
c u  0.42 18 222 7 8 1978 4 16130 4642 2.3 28 12 2 13 24% 2444 34909 6343 49%
c v  0.43 18 222 7 8 1978 4 16130 4280 2.3 28 12 2 13 24% 2444 34909 6343 49%
c w  0.43 18 222 7 8 1978 4 16130 4271 2.3 28 12 2 13 24% 2444 34909 6343 49%
c x  0.43 18 222 7 8 1978 4 16130 4271 2.3 28 12 2 13 24% 2459 34707 6343 49%
c
c seconds   switched   rate        size/glue  tier1     binary        remaining
c        MB  reductions  conflicts       size   tier2      irredundant
c          level  restarts    redundant     glue    trail        variables
c
c t  0.46 18 222 7 8 1978 4 16130 4271 2.3 28 12 2 13 24% 2440 34707 6343 49%
c f  0.46 18 222 7 8 1978 4 16130 4271 2.3 28 12 2 13 24% 2449 34685 6347 49%
c u  0.47 18 222 7 8 1978 4 16130 4130 2.3 28 12 2 13 24% 2451 34685 6347 49%
c v  0.47 18 222 7 8 1978 4 16130 4046 2.3 28 12 2 13 24% 2451 34685 6347 49%
c w  0.47 18 222 7 8 1978 4 16130 3998 2.3 28 12 2 13 24% 2451 34685 6347 49%
c x  0.48 18 222 7 8 1978 4 16130 3997 2.3 28 12 2 13 24% 2456 34620 6347 49%
c t  0.48 18 222 7 8 1978 4 16130 3997 2.3 28 12 2 13 24% 2452 34620 6347 49%
c f  0.48 18 222 7 8 1978 4 16130 3997 2.3 28 12 2 13 24% 2458 34608 6350 49%
c -  0.50 18 207 7 9 1979 4 17307 4563 2.3 29 12 2 12 24% 2466 34608 6350 49%
c o  0.54 18 187 7 9 1981 3 20209 7285 2.3 33 14 2 12 26% 2480 34608 6350 49%
c -  0.54 18 186 7 10 1981 3 20307 5986 2.4 33 14 2 13 26% 2480 34608 6350 49%
c ]  0.56 18 178 8 10 1981 3 21235 6876 2.5 38 15 2 13 28% 2480 34608 6350 49%
c {  0.56 18 86 8 10 1981 25 21235 6876 1.7 8 4 2 4 9% 2480 34608 6350 49%
c -  0.60 20 82 8 11 2570 25 23469 7075 1.7 9 5 1 4 9% 2516 34607 6350 49%
c s  0.64 20 80 8 11 2982 24 25683 8930 1.8 9 5 1 4 10% 2595 34581 6350 49%
c e  0.65 20 80 8 11 2982 24 25683 8930 1.8 9 5 1 4 10% 2093 35139 6003 47%
c 2  0.65 20 80 8 11 2982 24 25683 8930 1.8 9 5 1 4 10% 2091 35139 6003 47%
c s  0.65 20 80 8 11 2982 24 25683 8930 1.8 9 5 1 4 10% 2158 34812 6003 47%
c e  0.65 20 80 8 11 2982 24 25683 8930 1.8 9 5 1 4 10% 2109 34044 5862 46%
c ^  0.65 20 80 8 11 2982 24 25683 8930 1.8 9 5 1 4 10% 2109 34044 5862 46%
c
c seconds  switched     rate        size/glue tier1   binary        remaining
c        MB  reductions   conflicts      size  tier2     irredundant
c         level   restarts     redundant   glue   trail        variables
c
c -  0.67 20 79 8 12 3229 23 26785 6162 1.8 9 5 1 3 10% 2129 34044 5862 46%
c }  0.69 20 79 9 12 3363 23 27397 6699 1.8 9 5 1 3 10% 2142 34044 5862 46%
c [  0.69 20 178 9 12 3363 3 27397 6699 2.5 38 15 2 13 28% 2142 34044 5862 46%
c O  0.69 20 178 9 12 3363 3 27397 6699 2.5 38 15 2 13 28% 2142 34044 5862 46%
c c  0.70 20 176 9 12 3363 3 27631 6926 2.5 38 15 2 13 28% 2160 33870 5838 45%
c d  0.70 20 176 9 12 3363 3 27631 6885 2.5 38 15 2 13 28% 2112 33870 5838 45%
c u  0.70 20 176 9 12 3363 3 27631 6418 2.5 38 15 2 13 28% 2123 33870 5838 45%
c v  0.71 20 176 9 12 3363 3 27631 5726 2.5 38 15 2 13 28% 2131 33870 5838 45%
c w  0.71 20 176 9 12 3363 3 27631 5677 2.5 38 15 2 13 28% 2131 33870 5838 45%
c x  0.72 20 176 9 12 3363 3 27631 5676 2.5 38 15 2 13 28% 2134 33685 5838 45%
c =  0.74 20 176 9 12 3363 3 27631 5676 2.5 38 15 2 13 28% 2146 33685 5832 45%
c d  0.74 20 176 9 12 3363 3 27631 5660 2.5 38 15 2 13 28% 2119 33685 5826 45%
c t  0.74 20 176 9 12 3363 3 27631 5660 2.5 38 15 2 13 28% 2110 33685 5826 45%
c f  0.75 20 176 9 12 3363 3 27631 5660 2.5 38 15 2 13 28% 2164 33537 5854 46%
c u  0.75 20 176 9 12 3363 3 27631 5580 2.5 38 15 2 13 28% 2166 33537 5854 46%
c v  0.76 20 176 9 12 3363 3 27631 5416 2.5 38 15 2 13 28% 2169 33537 5854 46%
c w  0.76 20 176 9 12 3363 3 27631 5342 2.5 38 15 2 13 28% 2169 33537 5854 46%
c x  0.77 20 176 9 12 3363 3 27631 5342 2.5 38 15 2 13 28% 2206 33380 5854 46%
c =  0.80 20 176 9 12 3363 3 27631 5342 2.5 38 15 2 13 28% 2310 33379 5802 45%
c d  0.80 20 176 9 12 3363 3 27631 5268 2.5 38 15 2 13 28% 2182 33379 5802 45%
c
c seconds   switched    rate        size/glue  tier1     binary        remaining
c        MB   reductions  conflicts       size   tier2      irredundant
c          level   restarts    redundant     glue    trail        variables
c
c t  0.80 20 176 9 12 3363 3 27631 5268 2.5 38 15 2 13 28% 2177 33379 5802 45%
c -  0.84 20 162 9 13 3365 3 30249 6301 2.5 39 15 2 13 27% 2188 33379 5802 45%
c -  0.90 20 150 9 14 3368 3 33854 7545 2.5 42 17 2 14 26% 2196 33379 5802 45%
c ]  0.95 20 146 10 14 3369 3 36280 9877 2.5 45 18 2 14 27% 2197 33379 5802 45%
c {  0.95 20 79 10 14 3369 23 36280 9877 1.8 9 5 1 3 10% 2197 33379 5802 45%
c -  0.97 21 78 10 15 3647 23 37595 8675 1.8 10 5 1 3 10% 2206 33379 5802 45%
c o  1.02 21 76 10 15 4164 22 40213 11072 1.8 10 6 1 3 10% 2223 33379 5802 45%
c -  1.05 21 76 10 16 4370 21 41467 10388 1.8 10 6 1 3 11% 2228 33379 5802 45%
c u  1.09 21 75 10 16 4586 21 42480 10681 1.8 10 6 1 3 11% 2238 33379 5802 45%
c v  1.09 21 75 10 16 4586 21 42480 10039 1.8 10 6 1 3 11% 2238 33379 5802 45%
c w  1.10 21 75 10 16 4586 21 42480 10013 1.8 10 6 1 3 11% 2238 33379 5802 45%
c x  1.10 21 75 10 16 4586 21 42480 10012 1.8 10 6 1 3 11% 2239 33254 5802 45%
c =  1.14 21 75 10 16 4586 21 42480 10012 1.8 10 6 1 3 11% 2417 33250 5713 44%
c d  1.14 21 75 10 16 4586 21 42480 10012 1.8 10 6 1 3 11% 2237 33250 5713 44%
c t  1.14 21 75 10 16 4586 21 42480 10012 1.8 10 6 1 3 11% 2220 33250 5713 44%
c u  1.15 21 75 10 16 4586 21 42480 9908 1.8 10 6 1 3 11% 2220 33250 5713 44%
c v  1.16 21 75 10 16 4586 21 42480 9375 1.8 10 6 1 3 11% 2220 33250 5713 44%
c w  1.16 21 75 10 16 4586 21 42480 9360 1.8 10 6 1 3 11% 2220 33250 5713 44%
c x  1.17 21 75 10 16 4586 21 42480 9358 1.8 10 6 1 3 11% 2223 33072 5713 44%
c =  1.20 21 75 10 16 4586 21 42480 9358 1.8 10 6 1 3 11% 2797 33072 5426 42%
c
c seconds   switched     rate        size/glue tier1    binary        remaining
c        MB   reductions   conflicts       size  tier2     irredundant
c         level    restarts     redundant    glue   trail        variables
c
c d  1.20 21 75 10 16 4586 21 42480 9330 1.8 10 6 1 3 11% 2220 33072 5426 42%
c t  1.20 21 75 10 16 4586 21 42480 9330 1.8 10 6 1 3 11% 2219 33072 5426 42%
c }  1.26 21 74 11 16 5119 21 44907 11623 1.8 11 6 1 3 11% 2229 33072 5426 42%
c [  1.26 21 146 11 16 5119 3 44907 11623 2.5 45 18 2 14 27% 2229 33072 5426 42%
c B  1.26 21 146 11 16 5119 3 44907 11623 2.5 45 18 2 14 27% 2229 33072 5426 42%
c -  1.27 21 144 11 17 5119 3 45468 10153 2.5 45 18 2 13 27% 2229 33072 5426 42%
c -  1.32 21 134 11 18 5122 2 49592 11055 2.4 44 18 2 13 26% 2233 33072 5426 42%
c ]  1.33 21 133 11 18 5122 2 50000 11447 2.4 44 18 2 13 26% 2233 33072 5426 42%
c ?  1.33 21 74 11 18 5122 21 50000 11447 1.8 11 6 1 3 11% 2233 33072 5426 42%
c
c ---- [ result ] ------------------------------------------------------------
c
s UNKNOWN
c
c ---- [ profiling ] ---------------------------------------------------------
c
c           0.79   59.48 %  search
c           0.49   37.13 %  simplify
c           0.47   35.47 %  probe
c           0.40   30.15 %  focused
c           0.39   29.34 %  stable
c           0.20   14.98 %  sweep
c           0.14   10.48 %  vivify
c           0.05    4.06 %  eliminate
c           0.05    3.90 %  congruence
c           0.04    3.17 %  factor
c           0.04    2.95 %  preprocess
c           0.03    2.19 %  substitute
c           0.02    1.25 %  reduce
c           0.01    0.72 %  subsume
c           0.01    0.47 %  transitive
c           0.01    0.45 %  walking
c           0.00    0.33 %  parse
c           0.00    0.27 %  backbone
c           0.00    0.09 %  lucky
c =============================================
c           1.33  100.00 %  total
c
c ---- [ statistics ] --------------------------------------------------------
c
c chronological:                          474                1 %  conflicts
c conflicts:                            50000            37566.45 per second
c congruent:                             1681               13 %  variables
c decisions:                           529614               10.59 per conflict
c eliminated:                            4679               36 %  variables
c factored:                               219                2 %  variables
c propagations:                      11611755          8724247    per second
c reductions:                              18             2778    interval
c reordered:                                3            16667    interval
c rephased:                                 7             7143    interval
c restarts:                              5122               10    interval
c strengthened:                           372                0 %  checks
c substituted:                           2012               16 %  variables
c subsumed:                               802                0 %  checks
c switched:                                11             4545    interval
c vivified:                             12834               11 %  checks
c walks:                                    2            25000    interval
c
c ---- [ glue usage ] --------------------------------------------------------
c
c focused glue 1 used 42649 clauses 62.87% accumulated 62.87% tier1
c focused glue 2 used 13792 clauses 20.33% accumulated 83.21%
c focused glue 3 used  4606 clauses  6.79% accumulated 90.00%
c focused glue 4 used  2152 clauses  3.17% accumulated 93.17% tier2
c
c stable glue 2    used 30727 clauses 18.90% accumulated 61.64% tier1
c stable glue 3    used 13786 clauses  8.48% accumulated 70.12%
c stable glue 4-11 used 30767 clauses 18.93% accumulated 89.04%
c stable glue 12   used  1391 clauses  0.86% accumulated 89.90%
c stable glue 13   used  1205 clauses  0.74% accumulated 90.64% tier2
c
c ---- [ resources ] ---------------------------------------------------------
c
c maximum-resident-set-size:      22666018816 bytes      21616 MB
c process-time:                             1s               1.33 seconds
c
c ---- [ shutting down ] -----------------------------------------------------
c
c exit 0
