c ---- [ banner ] ------------------------------------------------------------
c
c Kissat SAT Solver
c 
c Copyright (c) 2021-2024 Armin Biere University of Freiburg
c Copyright (c) 2019-2021 Armin Biere Johannes Kepler University Linz
c 
c Version 4.0.4 unknown
c Apple clang version 17.0.0 (clang-1700.3.19.1) -W -Wall -O3 -DNDEBUG
c Thu Oct 16 20:09:41 UTC 2025 Darwin Tahoe-arm64.local 25.0.0 arm64
c
c ---- [ parsing ] -----------------------------------------------------------
c
c opened and reading DIMACS file:
c
c   headline_hunt/bets/cascade_aux_encoding/cnfs/aux_expose_sr61_n32_bit19_m51ca0b34_fill55555555.cnf
c
c parsed 'p cnf 12850 53838' header
c closing input after reading 980989 bytes (958 KB)
c finished parsing after 0.00 seconds
c
c ---- [ options ] -----------------------------------------------------------
c
c --seed=1                         (different from default '0')
c
c ---- [ limits ] ------------------------------------------------------------
c
c conflict limit set to 50000 conflicts
c
c ---- [ solving ] -----------------------------------------------------------
c
c seconds switched rate     size/glue tier1  binary         remaining
c        MB reductions conflicts size  tier2    irredundant
c         level restarts redundant glue  trail         variables
c
c *  0.00  9 0 0 0  0 0   0   0 0.0 0 0 0 0 0% 3586 50187 12849 100%
c (  0.01  9 0 0 0  0 0   0   0 0.0 0 0 0 0 0% 3586 50187 12849 100%
c .  0.01  9 0 0 0  0 0   0   0 0.0 0 0 0 0 0% 3586 50187 12849 100%
c c  0.02 14 0 0 0  0 0   0   0 0.0 0 0 0 0 0% 5798 43427 10879 85%
c d  0.02 14 0 0 0  0 0   0   0 0.0 0 0 0 0 0% 3138 43427 10879 85%
c =  0.03 14 0 0 0  0 0   0   0 0.0 0 0 0 0 0% 3104 43421 10864 85%
c d  0.03 14 0 0 0  0 0   0   0 0.0 0 0 0 0 0% 3074 43421 10864 85%
c f  0.04 15 0 0 0  0 0   0   0 0.0 0 0 0 0 0% 3201 43159 10930 85%
c )  0.05 15 0 0 0  0 0   0   0 0.0 0 0 0 0 0% 3201 43159 10930 85%
c {  0.05 15 0 0 0  0 0   0   0 0.0 0 0 2 6 0% 3201 43159 10930 85%
c -  0.05 15 186 0 1 236 46 1003 754 1.5 4 3 2 5 7% 3284 43158 10930 85%
c }  0.05 15 186 1 1 236 46 1003 754 1.5 4 3 2 5 7% 3284 43158 10930 85%
c [  0.05 15 0 1 1 236 0 1003 754 0.0 0 0 2 6 0% 3284 43158 10930 85%
c B  0.05 15 0 1 1 236 0 1003 754 0.0 0 0 2 6 0% 3284 43158 10930 85%
c i  0.05 15 447 1 1 236 12 1068 775 1.6 4 3 2 6 5% 3296 43158 10929 85%
c i  0.05 15 363 1 1 236 8 1146 809 1.7 5 3 2 6 4% 3304 43158 10928 85%
c i  0.05 15 391 1 1 236 6 1328 909 1.7 6 4 2 4 5% 3314 43158 10927 85%
c i  0.05 15 365 1 1 236 6 1476 974 1.7 6 3 2 4 4% 3326 43158 10926 85%
c -  0.06 15 359 1 2 236 4 2008 1205 1.5 9 6 2 8 5% 3316 43158 10926 85%
c W  0.06 15 359 1 2 236 4 2008 1205 1.5 9 6 2 8 5% 3316 43150 10926 85%
c
c seconds   switched  rate       size/glue tier1  binary         remaining
c        MB  reductions conflicts     size  tier2    irredundant
c          level restarts   redundant   glue  trail         variables
c
c c  0.07 15 291 1 2 237 5 2553 1596 1.5 9 6 2 8 5% 3386 42935 10873 85%
c d  0.07 15 291 1 2 237 5 2553 1497 1.5 9 6 2 8 5% 3286 42931 10873 85%
c u  0.07 15 291 1 2 237 5 2553 1127 1.5 9 6 2 8 5% 3279 42931 10873 85%
c v  0.08 15 291 1 2 237 5 2553 1039 1.5 9 6 2 8 5% 3279 42931 10873 85%
c w  0.08 15 291 1 2 237 5 2553 914 1.5 9 6 2 8 5% 3279 42931 10873 85%
c x  0.08 15 291 1 2 237 5 2553 914 1.5 9 6 2 8 5% 3279 42845 10873 85%
c =  0.10 15 291 1 2 237 5 2553 914 1.5 9 6 2 8 5% 3303 42845 10861 85%
c d  0.10 15 291 1 2 237 5 2553 914 1.5 9 6 2 8 5% 3275 42845 10861 85%
c t  0.10 15 291 1 2 237 5 2553 914 1.5 9 6 2 8 5% 3274 42845 10861 85%
c u  0.11 15 291 1 2 237 5 2553 879 1.5 9 6 2 8 5% 3275 42845 10861 85%
c v  0.11 15 291 1 2 237 5 2553 829 1.5 9 6 2 8 5% 3275 42845 10861 85%
c w  0.11 15 291 1 2 237 5 2553 776 1.5 9 6 2 8 5% 3275 42845 10861 85%
c -  0.13 15 366 1 3 237 6 3422 1297 1.5 10 7 2 9 11% 3295 42845 10861 85%
c ]  0.13 15 357 2 3 238 5 3661 1485 1.5 11 7 2 9 12% 3297 42845 10861 85%
c {  0.13 15 186 2 3 238 46 3661 1485 1.5 4 3 2 5 7% 3297 42845 10861 85%
c }  0.14 15 174 3 3 450 42 4661 2220 1.6 5 3 2 5 8% 3363 42845 10861 85%
c [  0.14 15 357 3 3 450 5 4661 2220 1.5 11 7 2 9 12% 3363 42845 10861 85%
c I  0.14 15 357 3 3 450 5 4661 2220 1.5 11 7 2 9 12% 3363 42845 10861 85%
c -  0.14 15 343 3 4 450 5 5155 2425 1.6 11 7 2 9 14% 3372 42845 10861 85%
c ]  0.15 15 347 4 4 450 5 5615 2830 1.7 13 8 2 9 19% 3387 42845 10861 85%
c
c seconds   switched   rate       size/glue tier1  binary         remaining
c        MB  reductions conflicts      size  tier2    irredundant
c          level restarts    redundant   glue  trail         variables
c
c {  0.15 15 174 4 4 450 42 5615 2830 1.6 5 3 2 5 8% 3387 42845 10861 85%
c -  0.18 16 137 4 5 990 40 7155 3491 1.8 9 5 1 4 8% 3546 42822 10861 85%
c d  0.21 16 130 4 5 1193 39 7861 4081 1.9 12 7 1 4 9% 3557 42819 10844 84%
c u  0.22 16 130 4 5 1193 39 7861 3569 1.9 12 7 1 4 9% 3561 42819 10844 84%
c v  0.22 16 130 4 5 1193 39 7861 3062 1.9 12 7 1 4 9% 3569 42819 10843 84%
c w  0.22 18 130 4 5 1193 39 7861 3042 1.9 12 7 1 4 9% 3569 42819 10843 84%
c x  0.23 18 130 4 5 1193 39 7861 3042 1.9 12 7 1 4 9% 3619 42697 10843 84%
c d  0.23 18 130 4 5 1193 39 7861 3042 1.9 12 7 1 4 9% 3615 42697 10842 84%
c t  0.23 18 130 4 5 1193 39 7861 3042 1.9 12 7 1 4 9% 3599 42697 10842 84%
c f  0.23 18 130 4 5 1193 39 7861 3042 1.9 12 7 1 4 9% 3607 42681 10847 84%
c c  0.24 18 130 4 5 1193 39 7861 3026 1.9 12 7 1 4 9% 3626 42623 10834 84%
c d  0.24 18 130 4 5 1193 39 7861 3026 1.9 12 7 1 4 9% 3600 42623 10834 84%
c u  0.24 18 130 4 5 1193 39 7861 2956 1.9 12 7 1 4 9% 3602 42623 10834 84%
c v  0.25 18 130 4 5 1193 39 7861 2881 1.9 12 7 1 4 9% 3602 42623 10834 84%
c w  0.25 18 130 4 5 1193 39 7861 2881 1.9 12 7 1 4 9% 3602 42623 10834 84%
c x  0.25 18 130 4 5 1193 39 7861 2881 1.9 12 7 1 4 9% 3689 42383 10834 84%
c t  0.27 18 130 4 5 1193 39 7861 2881 1.9 12 7 1 4 9% 3682 42383 10834 84%
c i  0.27 18 130 4 5 1193 39 7861 2881 1.9 12 7 1 4 9% 3682 42383 10834 84%
c }  0.27 18 132 5 5 1214 38 7968 2975 1.9 12 7 1 4 10% 3690 42382 10834 84%
c [  0.27 18 347 5 5 1214 5 7968 2975 1.7 13 8 2 9 19% 3690 42382 10834 84%
c
c seconds   switched   rate       size/glue tier1    binary         remaining
c        MB  reductions conflicts       size  tier2     irredundant
c          level  restarts   redundant    glue   trail         variables
c
c B  0.28 18 364 5 5 1214 5 8432 3418 1.7 15 9 2 9 18% 3698 42382 10834 84%
c -  0.34 18 311 5 6 1215 4 9391 3372 2.1 27 13 2 9 20% 3711 42382 10834 84%
c ]  0.36 18 304 6 6 1215 4 9550 3526 2.2 29 13 2 9 20% 3711 42382 10834 84%
c {  0.36 18 132 6 6 1215 38 9550 3526 1.9 12 7 1 4 10% 3711 42382 10834 84%
c o  0.37 18 127 6 6 1243 36 10002 3910 1.9 13 7 1 4 10% 3751 42382 10834 84%
c -  0.42 18 115 6 7 1475 31 11840 4634 2.0 14 7 1 3 10% 3853 42377 10834 84%
c s  0.44 18 111 6 7 1589 29 12750 5459 2.0 14 7 1 3 11% 3882 42209 10834 84%
c e  0.46 19 111 6 7 1589 29 12750 5459 2.0 14 7 1 3 11% 2649 40396 7157 56%
c s  0.47 19 111 6 7 1589 29 12750 5459 2.0 14 7 1 3 11% 2656 40126 7157 56%
c e  0.47 19 111 6 7 1589 29 12750 5459 2.0 14 7 1 3 11% 2467 40117 7066 55%
c ^  0.47 19 111 6 7 1589 29 12750 5459 2.0 14 7 1 3 11% 2467 40117 7066 55%
c }  0.49 21 110 7 7 1720 27 13619 3641 2.0 14 7 1 3 11% 2512 40117 7066 55%
c [  0.49 21 304 7 7 1720 4 13619 3641 2.2 29 13 2 9 20% 2512 40117 7066 55%
c W  0.53 21 290 7 7 1720 4 13962 3979 2.4 36 15 2 9 22% 2512 40117 7066 55%
c ]  0.61 21 278 8 7 1720 4 14319 4322 2.5 46 19 2 9 25% 2513 40117 7066 55%
c {  0.61 21 110 8 7 1720 27 14319 4322 2.0 14 7 1 3 11% 2513 40117 7066 55%
c -  0.62 21 110 8 8 1753 28 14486 3843 2.0 14 7 1 3 11% 2519 40117 7066 55%
c c  0.72 21 108 8 8 2183 28 16101 5337 2.0 18 9 1 3 12% 2557 40102 7060 55%
c d  0.72 21 108 8 8 2183 28 16101 5334 2.0 18 9 1 3 12% 2545 40102 7060 55%
c u  0.72 21 108 8 8 2183 28 16101 4957 2.0 18 9 1 3 12% 2544 40102 7060 55%
c
c seconds   switched    rate        size/glue tier1    binary        remaining
c        MB  reductions   conflicts       size  tier2     irredundant
c          level  restarts     redundant    glue   trail        variables
c
c v  0.72 21 108 8 8 2183 28 16101 4474 2.0 18 9 1 3 12% 2545 40102 7060 55%
c w  0.74 21 108 8 8 2183 28 16101 4431 2.0 18 9 1 3 12% 2545 40102 7060 55%
c x  0.75 21 108 8 8 2183 28 16101 4424 2.0 18 9 1 3 12% 2564 39747 7060 55%
c t  0.76 21 108 8 8 2183 28 16101 4424 2.0 18 9 1 3 12% 2548 39747 7060 55%
c f  0.77 21 108 8 8 2183 28 16101 4424 2.0 18 9 1 3 12% 2554 39731 7063 55%
c u  0.77 21 108 8 8 2183 28 16101 4359 2.0 18 9 1 3 12% 2554 39731 7063 55%
c v  0.77 21 108 8 8 2183 28 16101 4240 2.0 18 9 1 3 12% 2554 39731 7063 55%
c w  0.80 21 108 8 8 2183 28 16101 4169 2.0 18 9 1 3 12% 2554 39731 7063 55%
c x  0.80 21 108 8 8 2183 28 16101 4169 2.0 18 9 1 3 12% 2559 39667 7063 55%
c t  0.81 21 108 8 8 2183 28 16101 4169 2.0 18 9 1 3 12% 2557 39667 7063 55%
c -  0.85 21 108 8 9 2423 28 17314 4507 2.1 19 9 1 3 13% 2570 39667 7063 55%
c o  0.98 21 109 8 9 3000 27 20002 6989 2.0 22 11 1 3 14% 2603 39666 7063 55%
c -  0.99 21 109 8 10 3070 27 20315 6172 2.0 22 11 1 3 14% 2606 39666 7063 55%
c }  1.00 21 109 9 10 3107 27 20478 6326 2.0 22 11 1 3 14% 2607 39666 7063 55%
c [  1.00 21 278 9 10 3107 4 20478 6326 2.5 46 19 2 9 25% 2607 39666 7063 55%
c O  1.24 21 249 9 10 3107 4 21491 7315 3.0 74 24 2 9 32% 2607 39666 7063 55%
c ]  1.31 22 240 10 10 3108 4 21919 7720 3.0 78 26 2 9 32% 2607 39666 7063 55%
c {  1.31 22 109 10 10 3108 27 21919 7720 2.0 22 11 1 3 14% 2607 39666 7063 55%
c -  1.40 22 111 10 11 3412 27 23478 7359 2.0 23 12 1 3 14% 2624 39666 7063 55%
c s  1.55 22 110 10 11 3950 27 25559 9309 2.0 26 13 1 3 15% 2637 39658 7063 55%
c
c seconds    switched     rate        size/glue  tier1    binary        remaining
c        MB    reductions   conflicts       size   tier2     irredundant
c          level    restarts     redundant     glue   trail        variables
c
c e  1.57 22 110 10 11 3950 27 25559 9309 2.0 26 13 1 3 15% 2208 40304 6799 53%
c s  1.57 22 110 10 11 3950 27 25559 9309 2.0 26 13 1 3 15% 2285 40049 6799 53%
c e  1.57 22 110 10 11 3950 27 25559 9309 2.0 26 13 1 3 15% 2279 40057 6797 53%
c ^  1.57 22 110 10 11 3950 27 25559 9309 2.0 26 13 1 3 15% 2279 40057 6797 53%
c -  1.64 22 111 10 12 4176 27 26797 6815 2.0 27 14 1 3 16% 2289 40057 6797 53%
c u  1.70 22 112 10 12 4324 27 27508 6881 2.0 28 14 1 3 16% 2294 40057 6797 53%
c v  1.70 22 112 10 12 4324 27 27508 6200 2.0 28 14 1 3 16% 2294 40057 6797 53%
c w  1.72 22 112 10 12 4324 27 27508 5638 2.0 28 14 1 3 16% 2294 40057 6797 53%
c =  1.84 22 112 10 12 4324 27 27508 5638 2.0 28 14 1 3 16% 2486 40057 6701 52%
c d  1.84 22 112 10 12 4324 27 27508 5592 2.0 28 14 1 3 16% 2289 40057 6701 52%
c t  1.84 22 112 10 12 4324 27 27508 5592 2.0 28 14 1 3 16% 2272 40057 6701 52%
c f  1.84 22 112 10 12 4324 27 27508 5592 2.0 28 14 1 3 16% 2340 39869 6736 52%
c u  1.85 22 112 10 12 4324 27 27508 5467 2.0 28 14 1 3 16% 2340 39869 6736 52%
c v  1.85 22 112 10 12 4324 27 27508 5246 2.0 28 14 1 3 16% 2341 39869 6736 52%
c w  1.87 22 112 10 12 4324 27 27508 4979 2.0 28 14 1 3 16% 2341 39869 6736 52%
c x  1.89 22 112 10 12 4324 27 27508 4969 2.0 28 14 1 3 16% 2375 38795 6736 52%
c t  1.89 22 112 10 12 4324 27 27508 4969 2.0 28 14 1 3 16% 2368 38795 6736 52%
c -  2.01 22 115 10 13 4708 26 30262 6393 2.0 29 15 1 3 17% 2376 38795 6736 52%
c }  2.03 22 115 11 13 4772 26 30548 6657 2.0 30 15 1 3 17% 2378 38795 6736 52%
c [  2.03 22 240 11 13 4772 4 30548 6657 3.0 78 26 2 9 32% 2378 38795 6736 52%
c
c seconds    switched    rate        size/glue  tier1    binary        remaining
c        MB    reductions  conflicts       size   tier2     irredundant
c          level    restarts    redundant     glue   trail        variables
c
c B  2.05 22 226 11 13 4772 3 31252 7349 2.9 76 26 2 9 31% 2379 38795 6736 52%
c -  2.32 22 193 11 14 4774 3 33868 7047 2.5 84 33 1 4 32% 2381 38795 6736 52%
c ]  2.59 22 181 12 14 4775 3 35341 8492 2.5 91 37 1 4 34% 2383 38795 6736 52%
c {  2.59 22 115 12 14 4775 26 35341 8492 2.0 30 15 1 3 17% 2383 38795 6736 52%
c -  2.73 22 114 12 15 5218 25 37609 7636 2.0 31 16 1 3 17% 2397 38795 6736 52%
c o  2.86 22 118 12 15 5580 25 40003 9884 2.0 32 16 1 3 18% 2409 38795 6736 52%
c -  2.98 22 118 12 16 5870 25 41482 8696 2.0 33 17 1 3 18% 2413 38795 6736 52%
c u  3.04 22 118 12 16 5994 25 42216 8675 2.0 34 17 1 3 18% 2422 38795 6736 52%
c v  3.04 22 118 12 16 5994 25 42216 7886 2.0 34 17 1 3 18% 2423 38795 6736 52%
c w  3.07 22 118 12 16 5994 25 42216 7382 2.0 34 17 1 3 18% 2423 38795 6736 52%
c x  3.09 22 118 12 16 5994 25 42216 7381 2.0 34 17 1 3 18% 2423 38726 6736 52%
c =  3.23 22 118 12 16 5994 25 42216 7381 2.0 34 17 1 3 18% 3131 38666 6382 50%
c d  3.23 22 118 12 16 5994 25 42216 7199 2.0 34 17 1 3 18% 2415 38666 6382 50%
c t  3.23 22 118 12 16 5994 25 42216 7199 2.0 34 17 1 3 18% 2404 38666 6382 50%
c u  3.25 22 118 12 16 5994 25 42216 6992 2.0 34 17 1 3 18% 2405 38666 6382 50%
c v  3.26 22 118 12 16 5994 25 42216 6726 2.0 34 17 1 3 18% 2405 38666 6382 50%
c w  3.28 22 118 12 16 5994 25 42216 6483 2.0 34 17 1 3 18% 2405 38666 6382 50%
c =  3.38 22 118 12 16 5994 25 42216 6483 2.0 34 17 1 3 18% 3589 38666 5790 45%
c d  3.38 22 118 12 16 5994 25 42216 6456 2.0 34 17 1 3 18% 2405 38666 5790 45%
c t  3.38 22 118 12 16 5994 25 42216 6456 2.0 34 17 1 3 18% 2335 38666 5790 45%
c
c seconds    switched     rate        size/glue  tier1    binary        remaining
c        MB    reductions   conflicts       size   tier2     irredundant
c          level    restarts     redundant     glue   trail        variables
c
c f  3.39 22 118 12 16 5994 25 42216 6456 2.0 34 17 1 3 18% 2336 38662 5791 45%
c -  3.42 22 116 12 17 5996 22 45483 7144 2.0 33 16 1 3 19% 2350 38662 5791 45%
c }  3.43 22 115 13 17 5996 21 46820 8371 2.0 33 16 1 3 20% 2354 38662 5791 45%
c [  3.43 22 181 13 17 5996 3 46820 8371 2.5 91 37 1 4 34% 2354 38662 5791 45%
c W  3.44 22 181 13 17 5996 3 46820 8371 2.5 91 37 1 4 34% 2354 38662 5791 45%
c -  3.48 22 164 13 18 5998 3 49609 8145 2.5 81 33 1 5 32% 2366 38662 5791 45%
c ]  3.49 22 162 13 18 5998 3 50002 8524 2.5 80 32 1 5 31% 2366 38662 5791 45%
c ?  3.49 22 115 13 18 5998 21 50002 8524 2.0 33 16 1 3 20% 2366 38662 5791 45%
c
c ---- [ result ] ------------------------------------------------------------
c
s UNKNOWN
c
c ---- [ profiling ] ---------------------------------------------------------
c
c           2.59   74.22 %  search
c           1.44   41.35 %  focused
c           1.15   32.87 %  stable
c           0.85   24.44 %  simplify
c           0.82   23.66 %  probe
c           0.41   11.72 %  sweep
c           0.27    7.81 %  vivify
c           0.05    1.58 %  congruence
c           0.05    1.40 %  factor
c           0.05    1.37 %  eliminate
c           0.04    1.13 %  preprocess
c           0.03    0.87 %  substitute
c           0.02    0.50 %  walking
c           0.02    0.44 %  reduce
c           0.01    0.28 %  subsume
c           0.01    0.18 %  transitive
c           0.00    0.11 %  parse
c           0.00    0.10 %  backbone
c           0.00    0.10 %  lucky
c =============================================
c           3.49  100.00 %  total
c
c ---- [ statistics ] --------------------------------------------------------
c
c chronological:                          569                1 %  conflicts
c conflicts:                            50002            14340.52 per second
c congruent:                             1785               14 %  variables
c decisions:                           775021               15.50 per conflict
c eliminated:                            4034               31 %  variables
c factored:                               110                1 %  variables
c iterations:                               4                0 %  variables
c propagations:                      35826154         10274904    per second
c reductions:                              18             2778    interval
c reordered:                                3            16667    interval
c rephased:                                 8             6250    interval
c restarts:                              5998                8    interval
c strengthened:                           538                0 %  checks
c substituted:                           2488               19 %  variables
c subsumed:                               615                0 %  checks
c switched:                                13             3846    interval
c vivified:                             15430                8 %  checks
c walks:                                    3            16667    interval
c
c ---- [ glue usage ] --------------------------------------------------------
c
c focused glue 1 used 165413 clauses 67.84% accumulated 67.84% tier1
c focused glue 2 used  40097 clauses 16.45% accumulated 84.29%
c focused glue 3 used  14070 clauses  5.77% accumulated 90.06% tier2
c
c stable glue 1 used 143105 clauses 65.71% accumulated 65.71% tier1
c stable glue 2 used  31686 clauses 14.55% accumulated 80.26%
c stable glue 3 used  13916 clauses  6.39% accumulated 86.65%
c stable glue 4 used   6370 clauses  2.93% accumulated 89.58%
c stable glue 5 used   4349 clauses  2.00% accumulated 91.58% tier2
c
c ---- [ resources ] ---------------------------------------------------------
c
c maximum-resident-set-size:      24142413824 bytes      23024 MB
c process-time:                             3s               3.49 seconds
c
c ---- [ shutting down ] -----------------------------------------------------
c
c exit 0
