c ---- [ banner ] ------------------------------------------------------------
c
c Kissat SAT Solver
c 
c Copyright (c) 2021-2024 Armin Biere University of Freiburg
c Copyright (c) 2019-2021 Armin Biere Johannes Kepler University Linz
c 
c Version 4.0.4 unknown
c Apple clang version 17.0.0 (clang-1700.3.19.1) -W -Wall -O3 -DNDEBUG
c Thu Oct 16 20:09:41 UTC 2025 Darwin Tahoe-arm64.local 25.0.0 arm64
c
c ---- [ parsing ] -----------------------------------------------------------
c
c opened and reading DIMACS file:
c
c   headline_hunt/bets/cascade_aux_encoding/cnfs/aux_force_sr61_n32_bit13_m4d9f691c_fill55555555.cnf
c
c parsed 'p cnf 12872 53915' header
c closing input after reading 980899 bytes (958 KB)
c finished parsing after 0.00 seconds
c
c ---- [ options ] -----------------------------------------------------------
c
c --seed=23                        (different from default '0')
c
c ---- [ limits ] ------------------------------------------------------------
c
c conflict limit set to 50000 conflicts
c
c ---- [ solving ] -----------------------------------------------------------
c
c seconds switched rate     size/glue tier1  binary         remaining
c        MB reductions conflicts size  tier2    irredundant
c         level restarts redundant glue  trail         variables
c
c *  0.00  9 0 0 0  0 0   0   0 0.0 0 0 0 0 0% 3160 50242 12391 96%
c (  0.01  9 0 0 0  0 0   0   0 0.0 0 0 0 0 0% 3160 50242 12391 96%
c .  0.01  9 0 0 0  0 0   0   0 0.0 0 0 0 0 0% 4056 48322 12391 96%
c c  0.02 14 0 0 0  0 0   0   0 0.0 0 0 0 0 0% 5850 42457 10588 82%
c d  0.02 14 0 0 0  0 0   0   0 0.0 0 0 0 0 0% 3160 42457 10588 82%
c =  0.03 14 0 0 0  0 0   0   0 0.0 0 0 0 0 0% 3022 42457 10584 82%
c d  0.03 14 0 0 0  0 0   0   0 0.0 0 0 0 0 0% 3014 42457 10584 82%
c f  0.04 14 0 0 0  0 0   0   0 0.0 0 0 0 0 0% 3345 41886 10762 84%
c )  0.05 14 0 0 0  0 0   0   0 0.0 0 0 0 0 0% 3345 41886 10762 84%
c {  0.05 14 0 0 0  0 0   0   0 0.0 0 0 2 6 0% 3345 41886 10762 84%
c -  0.06 14 269 0 1 256 70 1000 753 1.5 4 3 2 5 12% 3436 41880 10762 84%
c }  0.06 14 269 1 1 256 70 1000 753 1.5 4 3 2 5 12% 3436 41880 10762 84%
c [  0.06 14 0 1 1 256 0 1000 753 0.0 0 0 2 6 0% 3436 41880 10762 84%
c B  0.06 14 395 1 1 256 61 1002 755 2.2 32 14 2 6 50% 3436 41880 10762 84%
c -  0.06 14 472 1 2 256 2 2000 1388 1.7 15 9 4 11 7% 3442 41880 10762 84%
c W  0.07 14 472 1 2 256 2 2006 1393 1.7 15 9 4 11 7% 3442 41880 10762 84%
c c  0.08 15 489 1 2 257 5 2554 1843 1.6 12 8 4 11 12% 3453 41868 10756 84%
c d  0.08 15 489 1 2 257 5 2554 1838 1.6 12 8 4 11 12% 3426 41868 10748 83%
c u  0.08 15 489 1 2 257 5 2554 1532 1.6 12 8 4 11 12% 3433 41868 10748 83%
c v  0.08 15 489 1 2 257 5 2554 1418 1.6 12 8 4 11 12% 3433 41868 10748 83%
c
c seconds   switched  rate       size/glue tier1     binary         remaining
c        MB  reductions conflicts      size  tier2      irredundant
c          level restarts   redundant    glue    trail         variables
c
c w  0.09 15 489 1 2 257 5 2554 1298 1.6 12 8 4 11 12% 3433 41868 10748 83%
c x  0.09 15 489 1 2 257 5 2554 1298 1.6 12 8 4 11 12% 3433 41805 10748 83%
c =  0.10 15 489 1 2 257 5 2554 1298 1.6 12 8 4 11 12% 3443 41805 10743 83%
c d  0.11 15 489 1 2 257 5 2554 1298 1.6 12 8 4 11 12% 3433 41805 10743 83%
c t  0.11 15 489 1 2 257 5 2554 1298 1.6 12 8 4 11 12% 3432 41805 10743 83%
c f  0.11 15 489 1 2 257 5 2554 1298 1.6 12 8 4 11 12% 3436 41799 10745 83%
c u  0.11 15 489 1 2 257 5 2554 1271 1.6 12 8 4 11 12% 3437 41799 10745 83%
c v  0.11 15 489 1 2 257 5 2554 1256 1.6 12 8 4 11 12% 3437 41799 10745 83%
c w  0.11 15 489 1 2 257 5 2554 1177 1.6 12 8 4 11 12% 3437 41799 10745 83%
c =  0.13 15 489 1 2 257 5 2554 1177 1.6 12 8 4 11 12% 3551 41799 10688 83%
c d  0.13 15 489 1 2 257 5 2554 1033 1.6 12 8 4 11 12% 3430 41799 10688 83%
c t  0.13 15 489 1 2 257 5 2554 1033 1.6 12 8 4 11 12% 3428 41799 10688 83%
c -  0.14 15 389 1 3 257 5 3414 1557 1.6 12 8 3 11 13% 3442 41799 10688 83%
c I  0.14 15 337 1 3 258 4 4265 2230 1.6 12 7 3 11 13% 3464 41799 10688 83%
c ]  0.15 15 335 2 3 258 4 4620 2551 1.7 14 8 3 11 16% 3478 41799 10688 83%
c {  0.15 15 269 2 3 258 70 4620 2551 1.5 4 3 2 5 12% 3478 41799 10688 83%
c -  0.16 15 196 2 4 412 53 5146 2566 1.6 5 3 2 5 11% 3581 41778 10688 83%
c }  0.16 15 162 3 4 520 45 5621 2908 1.6 5 3 2 5 10% 3642 41771 10688 83%
c [  0.16 15 335 3 4 520 4 5621 2908 1.7 14 8 3 11 16% 3642 41771 10688 83%
c -  0.18 15 265 3 5 521 5 7147 3677 1.8 14 8 2 10 16% 3703 41766 10688 83%
c
c seconds   switched  rate       size/glue tier1     binary         remaining
c        MB  reductions conflicts      size  tier2      irredundant
c          level restarts   redundant    glue    trail         variables
c
c ]  0.18 15 260 4 5 521 4 7326 3844 1.8 15 8 2 10 16% 3704 41766 10688 83%
c {  0.18 15 162 4 5 521 45 7326 3844 1.6 5 3 2 5 10% 3704 41766 10688 83%
c c  0.20 17 143 4 5 699 40 7866 4266 1.6 6 4 2 5 10% 3760 41741 10680 83%
c d  0.20 17 143 4 5 699 40 7866 4262 1.6 6 4 2 5 10% 3738 41741 10677 83%
c u  0.21 17 143 4 5 699 40 7866 3609 1.6 6 4 2 5 10% 3756 41741 10677 83%
c v  0.21 17 143 4 5 699 40 7866 3279 1.6 6 4 2 5 10% 3756 41741 10677 83%
c w  0.21 17 143 4 5 699 40 7866 3272 1.6 6 4 2 5 10% 3756 41741 10677 83%
c x  0.22 17 143 4 5 699 40 7866 3272 1.6 6 4 2 5 10% 3785 41679 10677 83%
c =  0.23 17 143 4 5 699 40 7866 3272 1.6 6 4 2 5 10% 4067 41679 10536 82%
c d  0.23 17 143 4 5 699 40 7866 3068 1.6 6 4 2 5 10% 3760 41679 10536 82%
c t  0.23 17 143 4 5 699 40 7866 3068 1.6 6 4 2 5 10% 3745 41679 10536 82%
c u  0.24 17 143 4 5 699 40 7866 2990 1.6 6 4 2 5 10% 3748 41679 10536 82%
c v  0.24 17 143 4 5 699 40 7866 2871 1.6 6 4 2 5 10% 3748 41679 10536 82%
c w  0.25 17 143 4 5 699 40 7866 2720 1.6 6 4 2 5 10% 3748 41679 10536 82%
c =  0.26 17 143 4 5 699 40 7866 2720 1.6 6 4 2 5 10% 3826 41679 10497 82%
c d  0.26 17 143 4 5 699 40 7866 2719 1.6 6 4 2 5 10% 3748 41679 10497 82%
c -  0.29 17 114 4 6 1118 34 9383 3505 1.7 7 4 2 5 10% 3832 41673 10497 82%
c }  0.29 17 113 5 6 1133 33 9678 3750 1.7 7 4 2 5 10% 3857 41672 10497 82%
c [  0.29 17 260 5 6 1133 4 9678 3750 1.8 15 8 2 10 16% 3857 41672 10497 82%
c B  0.29 17 260 5 6 1133 4 9678 3750 1.8 15 8 2 10 16% 3857 41672 10497 82%
c
c seconds   switched   rate        size/glue tier1     binary         remaining
c        MB  reductions  conflicts       size  tier2      irredundant
c          level  restarts    redundant    glue    trail         variables
c
c o  0.31 17 232 5 6 1134 4 10812 4738 1.9 15 8 2 10 19% 3876 41671 10497 82%
c -  0.34 17 212 5 7 1134 4 11832 4762 2.1 22 10 2 10 20% 3893 41669 10497 82%
c ]  0.34 17 208 6 7 1135 4 12035 4939 2.1 22 10 2 10 20% 3899 41669 10497 82%
c {  0.34 17 113 6 7 1135 33 12035 4939 1.7 7 4 2 5 10% 3899 41669 10497 82%
c s  0.35 17 106 6 7 1216 30 12766 5569 1.7 7 4 2 5 10% 3954 40392 10497 82%
c e  0.38 18 106 6 7 1216 30 12766 5569 1.7 7 4 2 5 10% 2605 35016 6356 49%
c s  0.38 18 106 6 7 1216 30 12766 5569 1.7 7 4 2 5 10% 2612 34768 6356 49%
c e  0.38 18 106 6 7 1216 30 12766 5569 1.7 7 4 2 5 10% 2531 34050 6206 48%
c ^  0.38 18 106 6 7 1216 30 12766 5569 1.7 7 4 2 5 10% 2531 34050 6206 48%
c -  0.41 18 92 6 8 1565 26 14477 4094 1.7 7 4 2 4 10% 2606 34048 6206 48%
c }  0.43 18 86 7 8 1942 24 16104 5566 1.7 8 5 2 4 10% 2652 34048 6206 48%
c [  0.43 18 208 7 8 1942 4 16104 5566 2.1 22 10 2 10 20% 2652 34048 6206 48%
c W  0.44 18 208 7 8 1942 4 16104 5566 2.1 22 10 2 10 20% 2652 34048 6206 48%
c d  0.44 18 208 7 8 1942 4 16114 5574 2.1 22 10 2 10 20% 2647 34048 6203 48%
c u  0.44 18 208 7 8 1942 4 16114 4777 2.1 22 10 2 10 20% 2656 34048 6203 48%
c v  0.44 18 208 7 8 1942 4 16114 4393 2.1 22 10 2 10 20% 2657 34048 6203 48%
c w  0.45 18 208 7 8 1942 4 16114 4262 2.1 22 10 2 10 20% 2657 34048 6203 48%
c =  0.47 18 208 7 8 1942 4 16114 4262 2.1 22 10 2 10 20% 2777 34048 6143 48%
c d  0.47 18 208 7 8 1942 4 16114 4195 2.1 22 10 2 10 20% 2657 34048 6143 48%
c t  0.47 18 208 7 8 1942 4 16114 4195 2.1 22 10 2 10 20% 2640 34048 6143 48%
c
c seconds   switched   rate        size/glue  tier1     binary        remaining
c        MB  reductions  conflicts       size   tier2      irredundant
c          level  restarts    redundant     glue    trail        variables
c
c f  0.48 18 208 7 8 1942 4 16114 4195 2.1 22 10 2 10 20% 2650 34028 6148 48%
c u  0.49 18 208 7 8 1942 4 16114 4052 2.1 22 10 2 10 20% 2651 34028 6148 48%
c v  0.49 18 208 7 8 1942 4 16114 3918 2.1 22 10 2 10 20% 2651 34028 6148 48%
c w  0.49 18 208 7 8 1942 4 16114 3787 2.1 22 10 2 10 20% 2651 34028 6148 48%
c x  0.50 18 208 7 8 1942 4 16114 3787 2.1 22 10 2 10 20% 2773 33664 6148 48%
c =  0.52 18 208 7 8 1942 4 16114 3787 2.1 22 10 2 10 20% 2783 33664 6143 48%
c d  0.52 18 208 7 8 1942 4 16114 3787 2.1 22 10 2 10 20% 2770 33664 6143 48%
c t  0.52 18 208 7 8 1942 4 16114 3787 2.1 22 10 2 10 20% 2737 33664 6143 48%
c f  0.52 18 208 7 8 1942 4 16114 3787 2.1 22 10 2 10 20% 2756 33625 6153 48%
c -  0.54 18 193 7 9 1943 4 17308 4285 2.1 25 12 2 11 20% 2761 33625 6153 48%
c -  0.58 18 170 7 10 1944 3 20308 5877 2.4 33 14 2 13 22% 2778 33625 6153 48%
c o  0.60 18 165 7 10 1946 3 21358 6893 2.3 36 15 2 13 22% 2781 33625 6153 48%
c ]  0.61 18 162 8 10 1946 3 21982 7490 2.4 36 15 2 13 23% 2782 33625 6153 48%
c {  0.61 18 86 8 10 1946 24 21982 7490 1.7 8 5 2 4 10% 2782 33625 6153 48%
c -  0.63 18 83 8 11 2319 24 23470 7288 1.7 9 5 2 4 10% 2802 33623 6153 48%
c s  0.67 20 80 8 11 2867 23 25696 9358 1.7 9 5 2 4 11% 2829 33068 6153 48%
c e  0.69 20 80 8 11 2867 23 25696 9358 1.7 9 5 2 4 11% 2143 33676 5762 45%
c s  0.69 20 80 8 11 2867 23 25696 9358 1.7 9 5 2 4 11% 2190 33382 5762 45%
c e  0.69 20 80 8 11 2867 23 25696 9358 1.7 9 5 2 4 11% 2144 33278 5715 44%
c ^  0.69 20 80 8 11 2867 23 25696 9358 1.7 9 5 2 4 11% 2144 33278 5715 44%
c
c seconds  switched     rate        size/glue tier1   binary        remaining
c        MB  reductions   conflicts      size  tier2     irredundant
c         level   restarts     redundant   glue   trail        variables
c
c -  0.71 20 79 8 12 3070 22 26787 6117 1.7 9 5 1 4 11% 2155 33278 5715 44%
c u  0.72 20 79 8 12 3232 22 27625 6442 1.8 10 5 1 4 11% 2163 33278 5715 44%
c v  0.73 20 79 8 12 3232 22 27625 5606 1.8 10 5 1 4 11% 2165 33278 5715 44%
c w  0.73 20 79 8 12 3232 22 27625 5485 1.8 10 5 1 4 11% 2165 33278 5715 44%
c t  0.76 20 79 8 12 3232 22 27625 5485 1.8 10 5 1 4 11% 2161 33278 5715 44%
c f  0.77 20 79 8 12 3232 22 27625 5485 1.8 10 5 1 4 11% 2236 33067 5753 45%
c u  0.77 20 79 8 12 3232 22 27625 5412 1.8 10 5 1 4 11% 2236 33067 5753 45%
c v  0.78 20 79 8 12 3232 22 27625 5212 1.8 10 5 1 4 11% 2237 33067 5753 45%
c w  0.78 20 79 8 12 3232 22 27625 5058 1.8 10 5 1 4 11% 2237 33067 5753 45%
c x  0.79 20 79 8 12 3232 22 27625 5054 1.8 10 5 1 4 11% 2246 32857 5753 45%
c t  0.79 20 79 8 12 3232 22 27625 5054 1.8 10 5 1 4 11% 2241 32857 5753 45%
c }  0.79 20 79 9 12 3316 22 28144 5529 1.8 10 6 1 4 11% 2244 32857 5753 45%
c [  0.79 20 162 9 12 3316 3 28144 5529 2.4 36 15 2 13 23% 2244 32857 5753 45%
c O  0.79 20 162 9 12 3316 3 28144 5529 2.4 36 15 2 13 23% 2244 32857 5753 45%
c -  0.82 20 153 9 13 3317 3 30253 6488 2.4 35 15 2 13 23% 2254 32857 5753 45%
c -  0.87 20 138 9 14 3320 3 33859 7768 2.4 37 15 2 12 23% 2262 32857 5753 45%
c ]  0.93 20 132 10 14 3322 3 37081 10887 2.5 43 17 2 12 24% 2264 32857 5753 45%
c {  0.93 20 79 10 14 3322 22 37081 10887 1.8 10 6 1 4 11% 2264 32857 5753 45%
c -  0.94 20 79 10 15 3431 22 37600 8238 1.8 10 6 1 4 11% 2270 32857 5753 45%
c o  1.01 21 77 10 15 4181 21 41404 11769 1.8 10 6 1 4 12% 2299 32856 5753 45%
c
c seconds   switched     rate        size/glue tier1    binary        remaining
c        MB   reductions   conflicts       size  tier2     irredundant
c         level    restarts     redundant    glue   trail        variables
c
c -  1.01 21 77 10 16 4201 21 41473 9820 1.8 10 6 1 4 12% 2300 32856 5753 45%
c u  1.04 21 77 10 16 4386 21 42483 10108 1.8 10 6 1 4 12% 2314 32856 5753 45%
c v  1.05 21 77 10 16 4386 21 42483 9457 1.8 10 6 1 4 12% 2314 32856 5753 45%
c w  1.05 21 77 10 16 4386 21 42483 9433 1.8 10 6 1 4 12% 2314 32856 5753 45%
c x  1.06 21 77 10 16 4386 21 42483 9430 1.8 10 6 1 4 12% 2317 32722 5753 45%
c =  1.09 21 77 10 16 4386 21 42483 9430 1.8 10 6 1 4 12% 2611 32722 5606 44%
c d  1.10 21 77 10 16 4386 21 42483 9427 1.8 10 6 1 4 12% 2315 32722 5606 44%
c t  1.10 21 77 10 16 4386 21 42483 9427 1.8 10 6 1 4 12% 2305 32722 5606 44%
c u  1.11 22 77 10 16 4386 21 42483 9345 1.8 10 6 1 4 12% 2305 32722 5606 44%
c v  1.12 22 77 10 16 4386 21 42483 8827 1.8 10 6 1 4 12% 2305 32722 5606 44%
c w  1.13 22 77 10 16 4386 21 42483 8773 1.8 10 6 1 4 12% 2305 32722 5606 44%
c x  1.13 22 77 10 16 4386 21 42483 8769 1.8 10 6 1 4 12% 2323 32029 5606 44%
c =  1.17 23 77 10 16 4386 21 42483 8769 1.8 10 6 1 4 12% 2631 32021 5452 42%
c d  1.17 23 77 10 16 4386 21 42483 8766 1.8 10 6 1 4 12% 2322 32021 5452 42%
c t  1.17 23 77 10 16 4386 21 42483 8766 1.8 10 6 1 4 12% 2313 32021 5452 42%
c -  1.22 23 76 10 17 4779 20 45474 9820 1.8 11 6 1 4 12% 2341 32020 5452 42%
c }  1.23 23 76 11 17 4848 20 45709 10044 1.8 11 6 1 4 12% 2342 32020 5452 42%
c [  1.23 23 132 11 17 4848 3 45709 10044 2.5 43 17 2 12 24% 2342 32020 5452 42%
c B  1.23 23 132 11 17 4848 3 45709 10044 2.5 43 17 2 12 24% 2342 32020 5452 42%
c -  1.30 23 127 11 18 4850 2 49598 10916 2.5 45 18 2 13 24% 2346 32020 5452 42%
c
c seconds    switched    rate         size/glue  tier1     binary        remaining
c        MB    reductions  conflicts        size   tier2      irredundant
c          level    restarts     redundant     glue    trail        variables
c
c ]  1.31 23 127 11 18 4851 2 50000 11305 2.5 46 18 2 13 24% 2348 32020 5452 42%
c ?  1.31 23 76 11 18 4851 20 50000 11305 1.8 11 6 1 4 12% 2348 32020 5452 42%
c
c ---- [ result ] ------------------------------------------------------------
c
s UNKNOWN
c
c ---- [ profiling ] ---------------------------------------------------------
c
c           0.77   58.65 %  search
c           0.50   37.86 %  simplify
c           0.47   36.26 %  probe
c           0.38   29.40 %  stable
c           0.38   29.25 %  focused
c           0.21   16.08 %  sweep
c           0.14   10.71 %  vivify
c           0.05    4.12 %  eliminate
c           0.04    3.25 %  congruence
c           0.04    3.25 %  factor
c           0.04    3.05 %  preprocess
c           0.03    2.21 %  substitute
c           0.02    1.24 %  reduce
c           0.01    0.75 %  subsume
c           0.01    0.47 %  transitive
c           0.01    0.44 %  walking
c           0.00    0.33 %  parse
c           0.00    0.28 %  backbone
c           0.00    0.09 %  lucky
c =============================================
c           1.31  100.00 %  total
c
c ---- [ statistics ] --------------------------------------------------------
c
c chronological:                          404                1 %  conflicts
c conflicts:                            50000            38152.15 per second
c congruent:                             1589               12 %  variables
c decisions:                           517247               10.34 per conflict
c eliminated:                            4729               37 %  variables
c factored:                               233                2 %  variables
c propagations:                      11701518          8928762    per second
c reductions:                              18             2778    interval
c reordered:                                3            16667    interval
c rephased:                                 7             7143    interval
c restarts:                              4851               10    interval
c strengthened:                           522                0 %  checks
c substituted:                           1984               15 %  variables
c subsumed:                              2315                0 %  checks
c switched:                                11             4545    interval
c vivified:                             14450               15 %  checks
c walks:                                    2            25000    interval
c
c ---- [ glue usage ] --------------------------------------------------------
c
c focused glue 1 used 39458 clauses 60.45% accumulated 60.45% tier1
c focused glue 2 used 14003 clauses 21.45% accumulated 81.91%
c focused glue 3 used  4589 clauses  7.03% accumulated 88.94%
c focused glue 4 used  2104 clauses  3.22% accumulated 92.16% tier2
c
c stable glue 2    used 34974 clauses 21.25% accumulated 63.92% tier1
c stable glue 3    used 13883 clauses  8.43% accumulated 72.36%
c stable glue 4-11 used 27566 clauses 16.75% accumulated 89.10%
c stable glue 12   used  1336 clauses  0.81% accumulated 89.91%
c stable glue 13   used  1253 clauses  0.76% accumulated 90.68% tier2
c
c ---- [ resources ] ---------------------------------------------------------
c
c maximum-resident-set-size:      24444403712 bytes      23312 MB
c process-time:                             1s               1.31 seconds
c
c ---- [ shutting down ] -----------------------------------------------------
c
c exit 0
