c ---- [ banner ] ------------------------------------------------------------
c
c Kissat SAT Solver
c 
c Copyright (c) 2021-2024 Armin Biere University of Freiburg
c Copyright (c) 2019-2021 Armin Biere Johannes Kepler University Linz
c 
c Version 4.0.4 unknown
c Apple clang version 17.0.0 (clang-1700.3.19.1) -W -Wall -O3 -DNDEBUG
c Thu Oct 16 20:09:41 UTC 2025 Darwin Tahoe-arm64.local 25.0.0 arm64
c
c ---- [ parsing ] -----------------------------------------------------------
c
c opened and reading DIMACS file:
c
c   headline_hunt/bets/cascade_aux_encoding/cnfs/aux_expose_sr61_n32_bit13_m4d9f691c_fill55555555.cnf
c
c parsed 'p cnf 12872 53915' header
c closing input after reading 982622 bytes (960 KB)
c finished parsing after 0.00 seconds
c
c ---- [ options ] -----------------------------------------------------------
c
c --seed=41                        (different from default '0')
c
c ---- [ limits ] ------------------------------------------------------------
c
c conflict limit set to 50000 conflicts
c
c ---- [ solving ] -----------------------------------------------------------
c
c seconds switched rate     size/glue tier1  binary         remaining
c        MB reductions conflicts size  tier2    irredundant
c         level restarts redundant glue  trail         variables
c
c *  0.00  9 0 0 0  0 0   0   0 0.0 0 0 0 0 0% 3608 50242 12871 100%
c (  0.01  9 0 0 0  0 0   0   0 0.0 0 0 0 0 0% 3608 50242 12871 100%
c .  0.01  9 0 0 0  0 0   0   0 0.0 0 0 0 0 0% 3608 50242 12871 100%
c c  0.02 14 0 0 0  0 0   0   0 0.0 0 0 0 0 0% 5834 43457 10894 85%
c d  0.02 14 0 0 0  0 0   0   0 0.0 0 0 0 0 0% 3160 43457 10894 85%
c =  0.03 14 0 0 0  0 0   0   0 0.0 0 0 0 0 0% 3102 43457 10890 85%
c d  0.04 14 0 0 0  0 0   0   0 0.0 0 0 0 0 0% 3094 43457 10890 85%
c f  0.05 15 0 0 0  0 0   0   0 0.0 0 0 0 0 0% 3224 43195 10956 85%
c )  0.05 15 0 0 0  0 0   0   0 0.0 0 0 0 0 0% 3224 43195 10956 85%
c {  0.05 15 0 0 0  0 0   0   0 0.0 0 0 2 6 0% 3224 43195 10956 85%
c -  0.05 15 227 0 1 187 43 1000 719 1.5 4 3 2 5 8% 3333 43195 10956 85%
c }  0.06 15 227 1 1 187 43 1000 719 1.5 4 3 2 5 8% 3333 43195 10956 85%
c [  0.06 15 0 1 1 187 0 1000 719 0.0 0 0 2 6 0% 3333 43195 10956 85%
c B  0.06 15 501 1 1 187 458 1001 720 1.5 3 2 2 6 6% 3333 43195 10956 85%
c -  0.06 15 520 1 2 187 6 2001 1430 1.6 8 5 2 7 8% 3345 43195 10956 85%
c W  0.06 15 520 1 2 187 6 2002 1431 1.6 8 5 2 7 8% 3345 43195 10956 85%
c c  0.07 15 422 1 2 188 8 2550 1836 1.6 8 5 2 7 9% 3383 43095 10930 85%
c d  0.08 15 422 1 2 188 8 2550 1804 1.6 8 5 2 7 9% 3331 43095 10930 85%
c u  0.08 15 422 1 2 188 8 2550 1337 1.6 8 5 2 7 9% 3335 43095 10930 85%
c v  0.08 15 422 1 2 188 8 2550 1169 1.6 8 5 2 7 9% 3335 43095 10930 85%
c
c seconds   switched  rate       size/glue tier1  binary         remaining
c        MB  reductions conflicts     size  tier2    irredundant
c          level restarts   redundant   glue  trail         variables
c
c w  0.08 15 422 1 2 188 8 2550 1070 1.6 8 5 2 7 9% 3335 43095 10930 85%
c x  0.09 15 422 1 2 188 8 2550 1070 1.6 8 5 2 7 9% 3335 42985 10930 85%
c d  0.10 15 422 1 2 188 8 2550 1069 1.6 8 5 2 7 9% 3333 42985 10929 85%
c t  0.10 15 422 1 2 188 8 2550 1069 1.6 8 5 2 7 9% 3328 42985 10929 85%
c f  0.10 15 422 1 2 188 8 2550 1069 1.6 8 5 2 7 9% 3329 42983 10930 85%
c c  0.11 15 422 1 2 188 8 2550 1069 1.6 8 5 2 7 9% 3332 42975 10928 85%
c d  0.11 15 422 1 2 188 8 2550 1069 1.6 8 5 2 7 9% 3328 42975 10928 85%
c u  0.11 15 422 1 2 188 8 2550 1005 1.6 8 5 2 7 9% 3328 42975 10928 85%
c v  0.11 15 422 1 2 188 8 2550 957 1.6 8 5 2 7 9% 3328 42975 10928 85%
c w  0.11 15 422 1 2 188 8 2550 921 1.6 8 5 2 7 9% 3328 42975 10928 85%
c ]  0.12 15 459 2 2 188 7 2911 1240 1.7 13 7 2 7 13% 3328 42975 10928 85%
c {  0.12 15 227 2 2 188 43 2911 1240 1.5 4 3 2 5 8% 3328 42975 10928 85%
c i  0.12 15 203 2 2 232 39 3201 1458 1.6 4 3 2 5 8% 3355 42974 10927 85%
c -  0.12 15 187 2 3 261 36 3415 1431 1.6 4 3 2 5 7% 3374 42974 10927 85%
c }  0.13 15 174 3 3 403 37 3911 1809 1.6 5 3 2 5 7% 3428 42973 10927 85%
c [  0.13 15 459 3 3 403 7 3911 1809 1.7 13 7 2 7 13% 3428 42973 10927 85%
c I  0.13 15 413 3 3 403 8 4261 2126 1.7 12 7 2 7 13% 3430 42973 10927 85%
c ]  0.14 15 393 4 3 403 7 4745 2548 1.8 14 8 2 8 17% 3434 42973 10927 85%
c {  0.14 15 174 4 3 403 37 4745 2548 1.6 5 3 2 5 7% 3434 42973 10927 85%
c -  0.14 15 170 4 4 519 40 5147 2575 1.6 5 3 2 5 7% 3461 42972 10927 85%
c
c seconds   switched   rate       size/glue tier1  binary         remaining
c        MB  reductions conflicts      size  tier2    irredundant
c          level restarts    redundant   glue  trail         variables
c
c }  0.17 15 147 5 4 971 34 7097 3941 1.6 6 4 2 5 7% 3648 42957 10927 85%
c [  0.17 15 393 5 4 971 7 7097 3941 1.8 14 8 2 8 17% 3648 42957 10927 85%
c -  0.17 15 392 5 5 971 7 7147 3655 1.8 14 8 2 9 18% 3651 42957 10927 85%
c d  0.17 15 357 5 5 971 7 7855 4008 1.8 14 8 2 9 19% 3568 42926 10869 84%
c b  0.18 15 357 5 5 971 7 7855 4008 1.8 14 8 2 9 19% 3568 42926 10862 84%
c u  0.18 15 357 5 5 971 7 7855 3094 1.8 14 8 2 9 19% 3585 42926 10862 84%
c v  0.18 15 357 5 5 971 7 7855 2719 1.8 14 8 2 9 19% 3592 42926 10862 84%
c w  0.18 15 357 5 5 971 7 7855 2585 1.8 14 8 2 9 19% 3594 42926 10862 84%
c x  0.19 15 357 5 5 971 7 7855 2585 1.8 14 8 2 9 19% 3658 42781 10862 84%
c =  0.20 15 357 5 5 971 7 7855 2585 1.8 14 8 2 9 19% 4186 42726 10591 82%
c d  0.20 15 357 5 5 971 7 7855 2408 1.8 14 8 2 9 19% 3628 42722 10586 82%
c t  0.20 15 357 5 5 971 7 7855 2408 1.8 14 8 2 9 19% 3580 42722 10586 82%
c b  0.20 15 357 5 5 971 7 7855 2408 1.8 14 8 2 9 19% 3580 42722 10585 82%
c f  0.21 15 357 5 5 971 7 7855 2408 1.8 14 8 2 9 19% 3618 42650 10607 82%
c c  0.22 15 357 5 5 971 7 7855 2378 1.8 14 8 2 9 19% 3601 42585 10595 82%
c d  0.22 15 357 5 5 971 7 7855 2378 1.8 14 8 2 9 19% 3579 42585 10595 82%
c u  0.22 15 357 5 5 971 7 7855 2214 1.8 14 8 2 9 19% 3577 42585 10595 82%
c v  0.22 15 357 5 5 971 7 7855 2128 1.8 14 8 2 9 19% 3577 42585 10595 82%
c w  0.22 15 357 5 5 971 7 7855 2068 1.8 14 8 2 9 19% 3577 42585 10595 82%
c x  0.23 15 357 5 5 971 7 7855 2068 1.8 14 8 2 9 19% 3783 42046 10595 82%
c
c seconds   switched  rate       size/glue tier1    binary         remaining
c        MB  reductions conflicts      size  tier2     irredundant
c          level restarts   redundant    glue   trail         variables
c
c =  0.24 15 357 5 5 971 7 7855 2068 1.8 14 8 2 9 19% 3807 42046 10583 82%
c d  0.24 15 357 5 5 971 7 7855 2068 1.8 14 8 2 9 19% 3773 42046 10583 82%
c t  0.24 15 357 5 5 971 7 7855 2068 1.8 14 8 2 9 19% 3761 42046 10583 82%
c B  0.26 15 343 5 5 971 7 8033 2235 2.0 16 8 2 9 19% 3767 42046 10583 82%
c ]  0.27 15 326 6 5 972 7 8280 2466 2.1 19 9 2 9 19% 3774 42046 10583 82%
c {  0.27 15 147 6 5 972 34 8280 2466 1.6 6 4 2 5 7% 3774 42046 10583 82%
c -  0.29 15 131 6 6 1184 30 9383 2909 1.7 7 4 1 4 8% 3872 42045 10583 82%
c o  0.31 15 125 6 6 1329 29 10005 3453 1.8 8 4 1 4 8% 3920 42045 10583 82%
c -  0.36 17 118 6 7 1711 28 11832 4575 1.9 10 5 1 4 9% 4027 42045 10583 82%
c }  0.37 17 115 7 7 1838 27 12349 5030 2.0 10 5 1 4 9% 4054 42045 10583 82%
c [  0.37 17 326 7 7 1838 7 12349 5030 2.1 19 9 2 9 19% 4054 42045 10583 82%
c s  0.46 18 303 7 7 1838 6 12749 5419 2.8 36 13 2 9 23% 4054 40687 10583 82%
c e  0.48 18 303 7 7 1838 6 12749 5419 2.8 36 13 2 9 23% 2701 39333 7024 55%
c 2  0.48 18 303 7 7 1838 6 12749 5419 2.8 36 13 2 9 23% 2700 39333 7024 55%
c s  0.48 18 303 7 7 1838 6 12749 5419 2.8 36 13 2 9 23% 2711 38955 7024 55%
c e  0.48 18 303 7 7 1838 6 12749 5419 2.8 36 13 2 9 23% 2445 38931 6894 54%
c ^  0.48 18 303 7 7 1838 6 12749 5419 2.8 36 13 2 9 23% 2445 38931 6894 54%
c ]  0.53 18 283 8 7 1838 6 13214 3268 2.4 41 17 2 9 24% 2446 38931 6894 54%
c {  0.53 18 115 8 7 1838 27 13214 3268 2.0 10 5 1 4 9% 2446 38931 6894 54%
c -  0.58 20 113 8 8 2169 27 14477 3872 2.0 12 6 1 3 10% 2487 38929 6894 54%
c
c seconds   switched    rate        size/glue tier1    binary        remaining
c        MB  reductions   conflicts       size  tier2     irredundant
c          level  restarts     redundant    glue   trail        variables
c
c u  0.66 21 112 8 8 2588 28 16100 4934 2.0 16 8 1 3 11% 2525 38928 6894 54%
c v  0.67 21 112 8 8 2588 28 16100 4410 2.0 16 8 1 3 11% 2526 38928 6894 54%
c w  0.69 21 112 8 8 2588 28 16100 4396 2.0 16 8 1 3 11% 2526 38928 6894 54%
c x  0.70 21 112 8 8 2588 28 16100 4391 2.0 16 8 1 3 11% 2537 38594 6894 54%
c =  0.76 21 112 8 8 2588 28 16100 4391 2.0 16 8 1 3 11% 2567 38594 6879 53%
c d  0.76 21 112 8 8 2588 28 16100 4388 2.0 16 8 1 3 11% 2534 38594 6878 53%
c t  0.76 21 112 8 8 2588 28 16100 4388 2.0 16 8 1 3 11% 2514 38594 6878 53%
c f  0.77 21 112 8 8 2588 28 16100 4388 2.0 16 8 1 3 11% 2535 38547 6889 54%
c u  0.78 21 112 8 8 2588 28 16100 4316 2.0 16 8 1 3 11% 2535 38547 6889 54%
c v  0.78 21 112 8 8 2588 28 16100 4208 2.0 16 8 1 3 11% 2535 38547 6889 54%
c w  0.80 21 112 8 8 2588 28 16100 3875 2.0 16 8 1 3 11% 2536 38547 6889 54%
c x  0.81 21 112 8 8 2588 28 16100 3875 2.0 16 8 1 3 11% 2540 38441 6889 54%
c =  0.86 21 112 8 8 2588 28 16100 3875 2.0 16 8 1 3 11% 2566 38427 6876 53%
c d  0.87 21 112 8 8 2588 28 16100 3869 2.0 16 8 1 3 11% 2532 38427 6876 53%
c -  0.93 21 110 8 9 2898 28 17307 4261 1.9 18 9 1 3 12% 2548 38427 6876 53%
c }  1.07 21 109 9 9 3383 28 19373 6213 1.9 21 11 1 3 13% 2568 38427 6876 53%
c [  1.07 21 283 9 9 3383 6 19373 6213 2.4 41 17 2 9 24% 2568 38427 6876 53%
c W  1.07 21 283 9 9 3383 6 19373 6213 2.4 41 17 2 9 24% 2568 38427 6876 53%
c -  1.26 21 250 9 10 3383 5 20307 5110 2.2 55 26 1 3 29% 2568 38427 6876 53%
c ]  1.43 21 227 10 10 3384 5 21283 6030 2.1 67 31 1 3 32% 2569 38427 6876 53%
c
c seconds    switched     rate        size/glue  tier1    binary        remaining
c        MB    reductions   conflicts       size   tier2     irredundant
c          level    restarts     redundant     glue   trail        variables
c
c {  1.43 21 109 10 10 3384 28 21283 6030 1.9 21 11 1 3 13% 2569 38427 6876 53%
c o  1.44 21 109 10 10 3386 28 21291 6036 1.9 21 11 1 3 13% 2569 38427 6876 53%
c -  1.56 21 108 10 11 3879 27 23469 5888 1.9 23 12 1 3 14% 2592 38427 6876 53%
c s  1.68 21 108 10 11 4268 27 25580 7883 1.9 25 13 1 3 15% 2607 38334 6876 53%
c e  1.70 21 108 10 11 4268 27 25580 7883 1.9 25 13 1 3 15% 2179 38885 6592 51%
c s  1.70 21 108 10 11 4268 27 25580 7883 1.9 25 13 1 3 15% 2270 38604 6592 51%
c e  1.70 21 108 10 11 4268 27 25580 7883 1.9 25 13 1 3 15% 2264 38613 6589 51%
c ^  1.70 21 108 10 11 4268 27 25580 7883 1.9 25 13 1 3 15% 2264 38613 6589 51%
c -  1.77 21 108 10 12 4488 27 26786 5718 1.9 26 14 1 3 16% 2275 38613 6589 51%
c u  1.83 21 108 10 12 4640 26 27527 5858 1.9 27 14 1 3 16% 2280 38613 6589 51%
c v  1.83 21 108 10 12 4640 26 27527 5194 1.9 27 14 1 3 16% 2281 38613 6589 51%
c w  1.86 21 108 10 12 4640 26 27527 4865 1.9 27 14 1 3 16% 2281 38613 6589 51%
c =  1.98 21 108 10 12 4640 26 27527 4865 1.9 27 14 1 3 16% 3005 38456 6227 48%
c d  1.98 21 108 10 12 4640 26 27527 4737 1.9 27 14 1 3 16% 2270 38456 6227 48%
c t  1.98 21 108 10 12 4640 26 27527 4737 1.9 27 14 1 3 16% 2247 38456 6227 48%
c f  1.99 22 108 10 12 4640 26 27527 4737 1.9 27 14 1 3 16% 2293 38320 6254 49%
c u  1.99 22 108 10 12 4640 26 27527 4593 1.9 27 14 1 3 16% 2293 38320 6254 49%
c v  2.00 22 108 10 12 4640 26 27527 4441 1.9 27 14 1 3 16% 2293 38320 6254 49%
c w  2.03 22 108 10 12 4640 26 27527 4307 1.9 27 14 1 3 16% 2293 38320 6254 49%
c x  2.05 22 108 10 12 4640 26 27527 4301 1.9 27 14 1 3 16% 2342 35566 6254 49%
c
c seconds    switched     rate        size/glue  tier1    binary        remaining
c        MB    reductions   conflicts       size   tier2     irredundant
c          level    restarts     redundant     glue   trail        variables
c
c =  2.16 22 108 10 12 4640 26 27527 4301 1.9 27 14 1 3 16% 3170 35566 5840 45%
c d  2.16 22 108 10 12 4640 26 27527 4289 1.9 27 14 1 3 16% 2342 35566 5840 45%
c t  2.16 22 108 10 12 4640 26 27527 4289 1.9 27 14 1 3 16% 2299 35566 5840 45%
c }  2.19 22 106 11 12 4647 24 29913 6448 2.0 26 13 1 3 16% 2329 35564 5840 45%
c [  2.19 22 227 11 12 4647 5 29913 6448 2.1 67 31 1 3 32% 2329 35564 5840 45%
c O  2.19 22 227 11 12 4647 5 29913 6448 2.1 67 31 1 3 32% 2329 35564 5840 45%
c -  2.20 22 220 11 13 4647 4 30252 5172 2.1 66 31 1 3 32% 2329 35564 5840 45%
c -  2.25 22 181 11 14 4649 4 33857 6352 2.2 60 28 1 4 29% 2339 35564 5840 45%
c -  2.31 22 165 11 15 4652 3 37599 7012 2.3 57 25 1 5 28% 2354 35564 5840 45%
c B  2.34 22 156 11 15 4653 3 39675 8982 2.3 55 24 1 5 28% 2357 35564 5840 45%
c -  2.36 22 150 11 16 4653 3 41471 7850 2.4 55 23 1 6 28% 2365 35564 5840 45%
c u  2.38 22 148 11 16 4653 3 42311 8137 2.4 55 23 1 6 28% 2369 35564 5840 45%
c v  2.39 22 148 11 16 4653 3 42311 7619 2.4 55 23 1 6 28% 2369 35564 5840 45%
c w  2.39 22 148 11 16 4653 3 42311 7618 2.4 55 23 1 6 28% 2369 35564 5840 45%
c x  2.40 22 148 11 16 4653 3 42311 7617 2.4 55 23 1 6 28% 2369 34595 5840 45%
c t  2.41 22 148 11 16 4653 3 42311 7617 2.4 55 23 1 6 28% 2366 34595 5840 45%
c o  2.41 22 148 11 16 4653 3 42311 7617 2.4 55 23 1 6 28% 2366 34595 5840 45%
c -  2.48 22 143 11 17 4656 3 45472 7591 2.3 57 24 1 7 28% 2370 34595 5840 45%
c -  2.55 22 139 11 18 4659 2 49597 8092 2.4 58 25 1 8 28% 2380 34595 5840 45%
c ]  2.56 22 138 11 18 4659 2 50000 8482 2.4 58 25 1 8 28% 2381 34595 5840 45%
c
c seconds    switched     rate        size/glue  tier1    binary        remaining
c        MB    reductions   conflicts       size   tier2     irredundant
c          level    restarts     redundant     glue   trail        variables
c
c ?  2.56 22 106 11 18 4659 24 50000 8482 2.0 26 13 1 3 16% 2381 34595 5840 45%
c
c ---- [ result ] ------------------------------------------------------------
c
s UNKNOWN
c
c ---- [ profiling ] ---------------------------------------------------------
c
c           1.73   67.54 %  search
c           0.88   34.49 %  stable
c           0.85   33.04 %  focused
c           0.78   30.57 %  simplify
c           0.76   29.70 %  probe
c           0.41   16.01 %  sweep
c           0.22    8.41 %  vivify
c           0.05    2.08 %  eliminate
c           0.05    1.98 %  congruence
c           0.05    1.92 %  factor
c           0.04    1.59 %  preprocess
c           0.03    1.03 %  substitute
c           0.01    0.58 %  reduce
c           0.01    0.39 %  subsume
c           0.01    0.34 %  walking
c           0.01    0.22 %  transitive
c           0.00    0.16 %  parse
c           0.00    0.14 %  lucky
c           0.00    0.13 %  backbone
c =============================================
c           2.56  100.00 %  total
c
c ---- [ statistics ] --------------------------------------------------------
c
c chronological:                          530                1 %  conflicts
c conflicts:                            50000            19531.55 per second
c congruent:                             1760               14 %  variables
c decisions:                           605568               12.11 per conflict
c eliminated:                            3976               31 %  variables
c factored:                               127                1 %  variables
c iterations:                               1                0 %  variables
c propagations:                      24414722          9537146    per second
c reductions:                              18             2778    interval
c reordered:                                3            16667    interval
c rephased:                                 7             7143    interval
c restarts:                              4659               11    interval
c strengthened:                           733                0 %  checks
c substituted:                           2518               20 %  variables
c subsumed:                              2008                0 %  checks
c switched:                                11             4545    interval
c vivified:                             16233               11 %  checks
c walks:                                    2            25000    interval
c
c ---- [ glue usage ] --------------------------------------------------------
c
c focused glue 1 used 92650 clauses 71.14% accumulated 71.14% tier1
c focused glue 2 used 20939 clauses 16.08% accumulated 87.21%
c focused glue 3 used  6481 clauses  4.98% accumulated 92.19% tier2
c
c stable glue 1   used 140439 clauses 57.66% accumulated 57.66% tier1
c stable glue 2   used  38692 clauses 15.88% accumulated 73.54%
c stable glue 3-7 used  37402 clauses 15.36% accumulated 88.90%
c stable glue 8   used   2435 clauses  1.00% accumulated 89.90%
c stable glue 9   used   2003 clauses  0.82% accumulated 90.72% tier2
c
c ---- [ resources ] ---------------------------------------------------------
c
c maximum-resident-set-size:      23639097344 bytes      22544 MB
c process-time:                             3s               2.56 seconds
c
c ---- [ shutting down ] -----------------------------------------------------
c
c exit 0
