c ---- [ banner ] ------------------------------------------------------------
c
c Kissat SAT Solver
c 
c Copyright (c) 2021-2024 Armin Biere University of Freiburg
c Copyright (c) 2019-2021 Armin Biere Johannes Kepler University Linz
c 
c Version 4.0.4 unknown
c Apple clang version 17.0.0 (clang-1700.3.19.1) -W -Wall -O3 -DNDEBUG
c Thu Oct 16 20:09:41 UTC 2025 Darwin Tahoe-arm64.local 25.0.0 arm64
c
c ---- [ parsing ] -----------------------------------------------------------
c
c opened and reading DIMACS file:
c
c   headline_hunt/bets/cascade_aux_encoding/cnfs/aux_expose_sr61_n32_bit19_m51ca0b34_fill55555555.cnf
c
c parsed 'p cnf 12850 53838' header
c closing input after reading 980989 bytes (958 KB)
c finished parsing after 0.00 seconds
c
c ---- [ options ] -----------------------------------------------------------
c
c --seed=7                         (different from default '0')
c
c ---- [ limits ] ------------------------------------------------------------
c
c conflict limit set to 50000 conflicts
c
c ---- [ solving ] -----------------------------------------------------------
c
c seconds switched rate     size/glue tier1  binary         remaining
c        MB reductions conflicts size  tier2    irredundant
c         level restarts redundant glue  trail         variables
c
c *  0.00  9 0 0 0  0 0   0   0 0.0 0 0 0 0 0% 3586 50187 12849 100%
c (  0.01  9 0 0 0  0 0   0   0 0.0 0 0 0 0 0% 3586 50187 12849 100%
c .  0.01  9 0 0 0  0 0   0   0 0.0 0 0 0 0 0% 3586 50187 12849 100%
c c  0.02 14 0 0 0  0 0   0   0 0.0 0 0 0 0 0% 5798 43427 10879 85%
c d  0.02 14 0 0 0  0 0   0   0 0.0 0 0 0 0 0% 3138 43427 10879 85%
c =  0.03 14 0 0 0  0 0   0   0 0.0 0 0 0 0 0% 3104 43421 10864 85%
c d  0.04 14 0 0 0  0 0   0   0 0.0 0 0 0 0 0% 3074 43421 10864 85%
c f  0.05 15 0 0 0  0 0   0   0 0.0 0 0 0 0 0% 3201 43159 10930 85%
c )  0.05 15 0 0 0  0 0   0   0 0.0 0 0 0 0 0% 3201 43159 10930 85%
c {  0.05 15 0 0 0  0 0   0   0 0.0 0 0 2 6 0% 3201 43159 10930 85%
c -  0.05 15 226 0 1 212 49 1002 824 1.5 4 3 2 5 9% 3260 43159 10930 85%
c }  0.05 15 226 1 1 212 49 1002 824 1.5 4 3 2 5 9% 3260 43159 10930 85%
c [  0.05 15 0 1 1 212 0 1002 824 0.0 0 0 2 6 0% 3260 43159 10930 85%
c B  0.06 15 0 1 1 212 0 1002 824 0.0 0 0 2 6 0% 3260 43159 10930 85%
c -  0.06 15 465 1 2 212 4 2002 1487 1.6 10 6 2 7 6% 3271 43159 10930 85%
c W  0.06 15 465 1 2 212 4 2004 1489 1.6 10 6 2 7 6% 3271 43159 10930 85%
c c  0.07 15 434 1 2 213 5 2552 1913 1.6 9 6 2 7 7% 3287 43111 10918 85%
c d  0.07 15 434 1 2 213 5 2552 1905 1.6 9 6 2 7 7% 3263 43111 10918 85%
c u  0.08 15 434 1 2 213 5 2552 1471 1.6 9 6 2 7 7% 3261 43111 10918 85%
c v  0.08 15 434 1 2 213 5 2552 1358 1.6 9 6 2 7 7% 3261 43111 10918 85%
c
c seconds   switched  rate       size/glue tier1  binary         remaining
c        MB  reductions conflicts     size  tier2    irredundant
c          level restarts   redundant   glue  trail         variables
c
c w  0.08 15 434 1 2 213 5 2552 1233 1.6 9 6 2 7 7% 3261 43111 10918 85%
c x  0.08 15 434 1 2 213 5 2552 1233 1.6 9 6 2 7 7% 3261 43067 10918 85%
c t  0.10 15 434 1 2 213 5 2552 1233 1.6 9 6 2 7 7% 3260 43067 10918 85%
c u  0.11 15 434 1 2 213 5 2552 1181 1.6 9 6 2 7 7% 3260 43067 10918 85%
c v  0.11 15 434 1 2 213 5 2552 1141 1.6 9 6 2 7 7% 3260 43067 10918 85%
c w  0.11 15 434 1 2 213 5 2552 1084 1.6 9 6 2 7 7% 3260 43067 10918 85%
c -  0.12 15 307 1 3 213 7 3416 1620 1.6 8 5 2 7 6% 3304 43067 10918 85%
c I  0.12 15 308 1 3 214 7 4264 2238 1.6 9 5 2 7 8% 3346 43067 10918 85%
c ]  0.12 15 300 2 3 214 7 4533 2437 1.6 8 5 2 7 8% 3353 43067 10918 85%
c {  0.12 15 226 2 3 214 49 4533 2437 1.5 4 3 2 5 9% 3353 43067 10918 85%
c -  0.13 15 193 2 4 368 41 5148 2580 1.5 5 3 2 5 8% 3445 43064 10918 85%
c }  0.13 15 172 3 4 512 40 5533 2903 1.5 5 3 2 5 8% 3463 43064 10918 85%
c [  0.13 15 300 3 4 512 7 5533 2903 1.6 8 5 2 7 8% 3463 43064 10918 85%
c ]  0.14 15 287 4 4 513 7 6756 3948 1.6 10 6 2 7 12% 3484 43064 10918 85%
c {  0.14 15 172 4 4 513 40 6756 3948 1.5 5 3 2 5 8% 3484 43064 10918 85%
c -  0.15 15 166 4 5 593 38 7148 3677 1.6 5 3 2 5 8% 3536 43052 10918 85%
c d  0.18 15 149 4 5 832 37 7857 4199 1.7 9 5 2 5 9% 3574 43040 10900 85%
c u  0.18 16 149 4 5 832 37 7857 3274 1.7 9 5 2 5 9% 3579 43040 10900 85%
c v  0.18 16 149 4 5 832 37 7857 2906 1.7 9 5 2 5 9% 3580 43040 10900 85%
c w  0.19 16 149 4 5 832 37 7857 2895 1.7 9 5 2 5 9% 3580 43040 10900 85%
c
c seconds   switched   rate       size/glue tier1  binary         remaining
c        MB  reductions conflicts      size  tier2    irredundant
c          level restarts    redundant   glue  trail         variables
c
c x  0.19 16 149 4 5 832 37 7857 2895 1.7 9 5 2 5 9% 3616 42978 10900 85%
c t  0.21 16 149 4 5 832 37 7857 2895 1.7 9 5 2 5 9% 3606 42978 10900 85%
c f  0.21 16 149 4 5 832 37 7857 2895 1.7 9 5 2 5 9% 3623 42942 10909 85%
c c  0.22 16 149 4 5 832 37 7857 2889 1.7 9 5 2 5 9% 3635 42914 10902 85%
c d  0.22 16 149 4 5 832 37 7857 2889 1.7 9 5 2 5 9% 3621 42914 10902 85%
c u  0.22 16 149 4 5 832 37 7857 2732 1.7 9 5 2 5 9% 3623 42914 10902 85%
c v  0.22 16 149 4 5 832 37 7857 2623 1.7 9 5 2 5 9% 3623 42914 10902 85%
c w  0.23 16 149 4 5 832 37 7857 2609 1.7 9 5 2 5 9% 3623 42914 10902 85%
c d  0.23 16 149 4 5 832 37 7857 2608 1.7 9 5 2 5 9% 3621 42914 10901 85%
c t  0.23 16 149 4 5 832 37 7857 2608 1.7 9 5 2 5 9% 3613 42914 10901 85%
c }  0.27 16 132 5 5 1136 35 9108 3659 1.8 12 6 1 3 10% 3697 42908 10901 85%
c [  0.27 16 287 5 5 1136 7 9108 3659 1.6 10 6 2 7 12% 3697 42908 10901 85%
c B  0.27 16 287 5 5 1136 7 9108 3659 1.6 10 6 2 7 12% 3697 42908 10901 85%
c -  0.30 16 277 5 6 1136 6 9385 3262 1.9 17 9 2 7 13% 3700 42908 10901 85%
c ]  0.36 16 265 6 6 1136 6 9762 3623 2.2 28 13 2 7 15% 3700 42908 10901 85%
c {  0.36 16 132 6 6 1136 35 9762 3623 1.8 12 6 1 3 10% 3700 42908 10901 85%
c o  0.37 16 129 6 6 1186 34 10007 3838 1.9 12 6 1 3 10% 3715 42908 10901 85%
c -  0.42 18 119 6 7 1454 29 11834 4570 2.0 13 7 1 3 10% 3801 42906 10901 85%
c s  0.46 18 113 6 7 1639 28 12750 5413 2.0 14 7 1 3 11% 3832 42692 10901 85%
c e  0.48 19 113 6 7 1639 28 12750 5413 2.0 14 7 1 3 11% 2629 40779 7206 56%
c
c seconds   switched    rate        size/glue tier1    binary        remaining
c        MB  reductions   conflicts       size  tier2     irredundant
c          level  restarts     redundant    glue   trail        variables
c
c 2  0.48 19 113 6 7 1639 28 12750 5413 2.0 14 7 1 3 11% 2627 40779 7206 56%
c s  0.48 19 113 6 7 1639 28 12750 5413 2.0 14 7 1 3 11% 2644 40572 7206 56%
c e  0.48 19 113 6 7 1639 28 12750 5413 2.0 14 7 1 3 11% 2587 40597 7180 56%
c ^  0.48 19 113 6 7 1639 28 12750 5413 2.0 14 7 1 3 11% 2587 40597 7180 56%
c }  0.51 21 112 7 7 1811 27 13832 4112 2.0 15 7 1 3 11% 2626 40594 7180 56%
c [  0.51 21 265 7 7 1811 6 13832 4112 2.2 28 13 2 7 15% 2626 40594 7180 56%
c -  0.66 21 245 7 8 1811 6 14479 3819 2.6 46 18 1 4 21% 2629 40594 7180 56%
c ]  0.66 21 245 8 8 1811 6 14485 3825 2.6 47 18 1 4 21% 2629 40594 7180 56%
c {  0.66 21 112 8 8 1811 27 14485 3825 2.0 15 7 1 3 11% 2629 40594 7180 56%
c u  0.77 21 110 8 8 2240 27 16093 4905 2.0 19 10 1 3 12% 2656 40592 7180 56%
c v  0.77 21 110 8 8 2240 27 16093 4378 2.0 19 10 1 3 12% 2660 40592 7180 56%
c w  0.82 21 110 8 8 2240 27 16093 4067 2.0 19 10 1 3 12% 2661 40592 7180 56%
c d  0.82 21 110 8 8 2240 27 16093 4066 2.0 19 10 1 3 12% 2655 40584 7177 56%
c t  0.82 21 110 8 8 2240 27 16093 4066 2.0 19 10 1 3 12% 2652 40584 7177 56%
c f  0.83 21 110 8 8 2240 27 16093 4066 2.0 19 10 1 3 12% 2674 40534 7189 56%
c u  0.84 21 110 8 8 2240 27 16093 3962 2.0 19 10 1 3 12% 2676 40534 7189 56%
c v  0.84 21 110 8 8 2240 27 16093 3855 2.0 19 10 1 3 12% 2676 40534 7189 56%
c w  0.87 21 110 8 8 2240 27 16093 3832 2.0 19 10 1 3 12% 2676 40534 7189 56%
c x  0.88 21 110 8 8 2240 27 16093 3829 2.0 19 10 1 3 12% 2774 39855 7189 56%
c =  0.95 21 110 8 8 2240 27 16093 3829 2.0 19 10 1 3 12% 2852 39854 7150 56%
c
c seconds   switched    rate        size/glue  tier1    binary        remaining
c        MB  reductions   conflicts       size   tier2     irredundant
c          level  restarts     redundant     glue   trail        variables
c
c d  0.95 21 110 8 8 2240 27 16093 3823 2.0 19 10 1 3 12% 2757 39854 7150 56%
c t  0.95 21 110 8 8 2240 27 16093 3823 2.0 19 10 1 3 12% 2709 39854 7150 56%
c f  0.95 21 110 8 8 2240 27 16093 3823 2.0 19 10 1 3 12% 2711 39850 7151 56%
c -  1.02 21 108 8 9 2508 27 17307 3892 1.9 21 11 1 3 13% 2722 39850 7151 56%
c o  1.18 21 107 8 9 3096 27 20009 6389 1.9 24 13 1 3 15% 2751 39849 7151 56%
c -  1.21 21 107 8 10 3173 27 20310 5218 1.9 25 13 1 3 15% 2752 39849 7151 56%
c }  1.23 21 107 9 10 3247 27 20644 5529 1.9 25 13 1 3 15% 2758 39849 7151 56%
c [  1.23 21 245 9 10 3247 6 20644 5529 2.6 47 18 1 4 21% 2758 39849 7151 56%
c W  1.24 21 245 9 10 3247 6 20644 5529 2.6 47 18 1 4 21% 2758 39849 7151 56%
c ]  1.64 22 208 10 10 3248 4 22544 7369 2.8 81 30 1 4 31% 2760 39849 7151 56%
c {  1.64 22 107 10 10 3248 27 22544 7369 1.9 25 13 1 3 15% 2760 39849 7151 56%
c -  1.69 22 108 10 11 3431 27 23473 6203 1.9 26 14 1 3 15% 2771 39849 7151 56%
c s  1.84 22 108 10 11 3874 26 25550 8175 1.9 29 15 1 3 16% 2789 39650 7151 56%
c e  1.85 22 108 10 11 3874 26 25550 8175 1.9 29 15 1 3 16% 2192 40427 6817 53%
c s  1.85 22 108 10 11 3874 26 25550 8175 1.9 29 15 1 3 16% 2275 40181 6817 53%
c e  1.86 22 108 10 11 3874 26 25550 8175 1.9 29 15 1 3 16% 2274 40182 6816 53%
c ^  1.86 22 108 10 11 3874 26 25550 8175 1.9 29 15 1 3 16% 2274 40182 6816 53%
c -  1.92 22 109 10 12 4083 26 26789 5771 1.9 29 15 1 3 17% 2282 40182 6816 53%
c u  1.97 22 110 10 12 4175 26 27495 5864 1.9 30 15 1 3 17% 2293 40182 6816 53%
c v  1.97 22 110 10 12 4175 26 27495 5271 1.9 30 15 1 3 17% 2295 40182 6816 53%
c
c seconds    switched     rate        size/glue  tier1    binary        remaining
c        MB    reductions   conflicts       size   tier2     irredundant
c          level    restarts     redundant     glue   trail        variables
c
c w  1.99 22 110 10 12 4175 26 27495 4962 1.9 30 15 1 3 17% 2295 40182 6816 53%
c t  1.99 22 110 10 12 4175 26 27495 4962 1.9 30 15 1 3 17% 2288 40182 6816 53%
c f  2.00 22 110 10 12 4175 26 27495 4962 1.9 30 15 1 3 17% 2352 40002 6851 53%
c u  2.00 22 110 10 12 4175 26 27495 4828 1.9 30 15 1 3 17% 2354 40002 6851 53%
c v  2.01 22 110 10 12 4175 26 27495 4658 1.9 30 15 1 3 17% 2354 40002 6851 53%
c w  2.02 22 110 10 12 4175 26 27495 4525 1.9 30 15 1 3 17% 2354 40002 6851 53%
c x  2.04 22 110 10 12 4175 26 27495 4521 1.9 30 15 1 3 17% 2394 39565 6851 53%
c =  2.16 22 110 10 12 4175 26 27495 4521 1.9 30 15 1 3 17% 3046 39545 6525 51%
c d  2.16 22 110 10 12 4175 26 27495 4302 1.9 30 15 1 3 17% 2382 39545 6525 51%
c t  2.16 22 110 10 12 4175 26 27495 4302 1.9 30 15 1 3 17% 2356 39545 6525 51%
c -  2.29 22 116 10 13 4537 25 30253 5443 1.9 31 16 1 3 17% 2366 39545 6525 51%
c }  2.33 22 116 11 13 4684 24 31171 6318 1.9 31 16 1 3 17% 2369 39545 6525 51%
c [  2.33 22 208 11 13 4684 4 31171 6318 2.8 81 30 1 4 31% 2369 39545 6525 51%
c O  2.33 22 208 11 13 4684 4 31171 6318 2.8 81 30 1 4 31% 2369 39545 6525 51%
c -  2.76 23 177 11 14 4686 4 33858 6332 2.6 98 37 1 3 36% 2370 39545 6525 51%
c ]  2.84 23 175 12 14 4686 4 34198 6666 2.6 101 39 1 3 37% 2370 39545 6525 51%
c {  2.84 23 116 12 14 4686 24 34198 6666 1.9 31 16 1 3 17% 2370 39545 6525 51%
c -  3.00 23 117 12 15 5189 24 37601 7199 2.0 32 17 1 3 18% 2385 39545 6525 51%
c o  3.13 23 118 12 15 5562 23 40010 9472 2.0 33 17 1 3 18% 2392 39545 6525 51%
c -  3.23 23 118 12 16 5785 23 41473 8184 2.0 34 18 1 3 19% 2395 39545 6525 51%
c
c seconds    switched     rate        size/glue  tier1    binary        remaining
c        MB    reductions   conflicts       size   tier2     irredundant
c          level    restarts     redundant     glue   trail        variables
c
c u  3.27 23 118 12 16 5885 23 42189 8125 2.0 34 18 1 3 19% 2406 39545 6525 51%
c v  3.28 23 118 12 16 5885 23 42189 7239 2.0 34 18 1 3 19% 2407 39545 6525 51%
c w  3.30 23 118 12 16 5885 23 42189 6813 2.0 34 18 1 3 19% 2407 39545 6525 51%
c x  3.32 23 118 12 16 5885 23 42189 6809 2.0 34 18 1 3 19% 2407 37391 6525 51%
c =  3.47 23 118 12 16 5885 23 42189 6809 2.0 34 18 1 3 19% 3161 37367 6148 48%
c d  3.47 23 118 12 16 5885 23 42189 6710 2.0 34 18 1 3 19% 2403 37367 6148 48%
c t  3.47 23 118 12 16 5885 23 42189 6710 2.0 34 18 1 3 19% 2366 37367 6148 48%
c u  3.48 23 118 12 16 5885 23 42189 6485 2.0 34 18 1 3 19% 2366 37367 6148 48%
c v  3.49 23 118 12 16 5885 23 42189 6197 2.0 34 18 1 3 19% 2366 37367 6148 48%
c w  3.50 23 118 12 16 5885 23 42189 6031 2.0 34 18 1 3 19% 2366 37367 6148 48%
c x  3.52 23 118 12 16 5885 23 42189 6031 2.0 34 18 1 3 19% 2366 34778 6148 48%
c =  3.57 23 118 12 16 5885 23 42189 6031 2.0 34 18 1 3 19% 3062 34778 5800 45%
c d  3.57 23 118 12 16 5885 23 42189 6016 2.0 34 18 1 3 19% 2366 34778 5800 45%
c t  3.57 23 118 12 16 5885 23 42189 6016 2.0 34 18 1 3 19% 2333 34778 5800 45%
c f  3.57 23 118 12 16 5885 23 42189 6016 2.0 34 18 1 3 19% 2334 34774 5801 45%
c -  3.60 23 116 12 17 5892 21 45473 6773 2.0 33 17 1 3 20% 2356 34774 5801 45%
c }  3.61 23 116 13 17 5892 21 45678 6948 2.0 33 17 1 3 20% 2357 34774 5801 45%
c [  3.61 23 175 13 17 5892 4 45678 6948 2.6 101 39 1 3 37% 2357 34774 5801 45%
c B  3.61 23 175 13 17 5892 4 45678 6948 2.6 101 39 1 3 37% 2357 34774 5801 45%
c -  3.68 23 155 13 18 5894 3 49597 7698 2.5 86 34 1 4 33% 2364 34774 5801 45%
c
c seconds    switched    rate        size/glue  tier1    binary        remaining
c        MB    reductions  conflicts       size   tier2     irredundant
c          level    restarts    redundant     glue   trail        variables
c
c ]  3.68 23 153 13 18 5895 3 50003 8084 2.5 85 34 1 4 33% 2365 34774 5801 45%
c ?  3.68 23 116 13 18 5895 21 50003 8084 2.0 33 17 1 3 20% 2365 34774 5801 45%
c
c ---- [ result ] ------------------------------------------------------------
c
s UNKNOWN
c
c ---- [ profiling ] ---------------------------------------------------------
c
c           2.76   74.99 %  search
c           1.52   41.18 %  focused
c           1.24   33.81 %  stable
c           0.87   23.73 %  simplify
c           0.85   23.17 %  probe
c           0.42   11.31 %  sweep
c           0.30    8.16 %  vivify
c           0.05    1.40 %  factor
c           0.05    1.34 %  eliminate
c           0.04    1.17 %  congruence
c           0.04    1.08 %  preprocess
c           0.03    0.85 %  substitute
c           0.02    0.42 %  reduce
c           0.01    0.27 %  subsume
c           0.01    0.27 %  walking
c           0.01    0.18 %  transitive
c           0.00    0.11 %  parse
c           0.00    0.10 %  backbone
c           0.00    0.09 %  lucky
c =============================================
c           3.68  100.00 %  total
c
c ---- [ statistics ] --------------------------------------------------------
c
c chronological:                          603                1 %  conflicts
c conflicts:                            50003            13574.71 per second
c congruent:                             1733               13 %  variables
c decisions:                           762987               15.26 per conflict
c eliminated:                            4056               32 %  variables
c factored:                               124                1 %  variables
c propagations:                      37954081         10303697    per second
c reductions:                              18             2778    interval
c reordered:                                3            16668    interval
c rephased:                                 7             7143    interval
c restarts:                              5895                8    interval
c strengthened:                           544                0 %  checks
c substituted:                           2476               19 %  variables
c subsumed:                               762                0 %  checks
c switched:                                13             3846    interval
c vivified:                             19802                9 %  checks
c walks:                                    2            25002    interval
c
c ---- [ glue usage ] --------------------------------------------------------
c
c focused glue 1 used 182205 clauses 71.27% accumulated 71.27% tier1
c focused glue 2 used  38758 clauses 15.16% accumulated 86.43%
c focused glue 3 used  14016 clauses  5.48% accumulated 91.92% tier2
c
c stable glue 1 used 163311 clauses 71.09% accumulated 71.09% tier1
c stable glue 2 used  28713 clauses 12.50% accumulated 83.59%
c stable glue 3 used  11087 clauses  4.83% accumulated 88.42%
c stable glue 4 used   5766 clauses  2.51% accumulated 90.93% tier2
c
c ---- [ resources ] ---------------------------------------------------------
c
c maximum-resident-set-size:      24779948032 bytes      23632 MB
c process-time:                             4s               3.68 seconds
c
c ---- [ shutting down ] -----------------------------------------------------
c
c exit 0
