c ---- [ banner ] ------------------------------------------------------------
c
c Kissat SAT Solver
c 
c Copyright (c) 2021-2024 Armin Biere University of Freiburg
c Copyright (c) 2019-2021 Armin Biere Johannes Kepler University Linz
c 
c Version 4.0.4 unknown
c Apple clang version 17.0.0 (clang-1700.3.19.1) -W -Wall -O3 -DNDEBUG
c Thu Oct 16 20:09:41 UTC 2025 Darwin Tahoe-arm64.local 25.0.0 arm64
c
c ---- [ parsing ] -----------------------------------------------------------
c
c opened and reading DIMACS file:
c
c   headline_hunt/bets/cascade_aux_encoding/cnfs/aux_expose_sr61_n32_bit19_m51ca0b34_fill55555555.cnf
c
c parsed 'p cnf 12850 53838' header
c closing input after reading 980989 bytes (958 KB)
c finished parsing after 0.00 seconds
c
c ---- [ options ] -----------------------------------------------------------
c
c --seed=23                        (different from default '0')
c
c ---- [ limits ] ------------------------------------------------------------
c
c conflict limit set to 50000 conflicts
c
c ---- [ solving ] -----------------------------------------------------------
c
c seconds switched rate     size/glue tier1  binary         remaining
c        MB reductions conflicts size  tier2    irredundant
c         level restarts redundant glue  trail         variables
c
c *  0.00  9 0 0 0  0 0   0   0 0.0 0 0 0 0 0% 3586 50187 12849 100%
c (  0.01  9 0 0 0  0 0   0   0 0.0 0 0 0 0 0% 3586 50187 12849 100%
c .  0.01  9 0 0 0  0 0   0   0 0.0 0 0 0 0 0% 3586 50187 12849 100%
c c  0.02 14 0 0 0  0 0   0   0 0.0 0 0 0 0 0% 5798 43427 10879 85%
c d  0.02 14 0 0 0  0 0   0   0 0.0 0 0 0 0 0% 3138 43427 10879 85%
c =  0.04 14 0 0 0  0 0   0   0 0.0 0 0 0 0 0% 3104 43421 10864 85%
c d  0.04 14 0 0 0  0 0   0   0 0.0 0 0 0 0 0% 3074 43421 10864 85%
c f  0.05 15 0 0 0  0 0   0   0 0.0 0 0 0 0 0% 3201 43159 10930 85%
c )  0.05 15 0 0 0  0 0   0   0 0.0 0 0 0 0 0% 3201 43159 10930 85%
c {  0.05 15 0 0 0  0 0   0   0 0.0 0 0 2 6 0% 3201 43159 10930 85%
c -  0.06 15 250 0 1 184 50 1002 736 1.5 4 3 2 5 10% 3300 43158 10930 85%
c }  0.06 15 250 1 1 184 50 1002 736 1.5 4 3 2 5 10% 3300 43158 10930 85%
c [  0.06 15 0 1 1 184 0 1002 736 0.0 0 0 2 6 0% 3300 43158 10930 85%
c B  0.06 15 0 1 1 184 0 1002 736 0.0 0 0 2 6 0% 3300 43158 10930 85%
c -  0.06 15 437 1 2 184 2 2002 1354 1.8 8 5 2 5 5% 3310 43158 10930 85%
c W  0.06 15 437 1 2 184 2 2003 1355 1.8 8 5 2 5 5% 3310 43158 10930 85%
c c  0.08 15 431 1 2 185 3 2552 1761 1.7 9 5 2 5 6% 3338 43078 10909 85%
c d  0.08 15 431 1 2 185 3 2552 1759 1.7 9 5 2 5 6% 3296 43078 10909 85%
c u  0.08 15 431 1 2 185 3 2552 1394 1.7 9 5 2 5 6% 3292 43078 10909 85%
c v  0.08 15 431 1 2 185 3 2552 1152 1.7 9 5 2 5 6% 3292 43078 10909 85%
c
c seconds   switched  rate       size/glue tier1  binary         remaining
c        MB  reductions conflicts     size  tier2    irredundant
c          level restarts   redundant   glue  trail         variables
c
c w  0.08 15 431 1 2 185 3 2552 1066 1.7 9 5 2 5 6% 3292 43078 10909 85%
c x  0.09 15 431 1 2 185 3 2552 1066 1.7 9 5 2 5 6% 3292 42973 10909 85%
c d  0.10 15 431 1 2 185 3 2552 1065 1.7 9 5 2 5 6% 3290 42973 10908 85%
c t  0.10 15 431 1 2 185 3 2552 1065 1.7 9 5 2 5 6% 3288 42973 10908 85%
c u  0.11 15 431 1 2 185 3 2552 1023 1.7 9 5 2 5 6% 3288 42973 10908 85%
c v  0.12 15 431 1 2 185 3 2552 953 1.7 9 5 2 5 6% 3288 42973 10908 85%
c w  0.12 15 431 1 2 185 3 2552 933 1.7 9 5 2 5 6% 3288 42973 10908 85%
c -  0.12 15 290 1 3 185 3 3417 1421 1.8 8 4 2 5 4% 3302 42973 10908 85%
c I  0.12 15 240 1 3 186 3 4262 2063 1.8 9 5 2 5 4% 3313 42973 10908 85%
c ]  0.13 15 273 2 3 186 4 4563 2301 1.8 9 5 2 6 6% 3316 42973 10908 85%
c {  0.13 15 250 2 3 186 50 4563 2301 1.5 4 3 2 5 10% 3316 42973 10908 85%
c -  0.13 15 229 2 4 324 47 5150 2406 1.5 4 3 2 5 10% 3378 42973 10908 85%
c }  0.14 15 205 3 4 474 46 5564 2748 1.5 5 3 2 5 9% 3391 42973 10908 85%
c [  0.14 15 273 3 4 474 4 5564 2748 1.8 9 5 2 6 6% 3391 42973 10908 85%
c -  0.14 15 223 3 5 475 4 7150 3514 1.8 10 6 2 7 6% 3420 42973 10908 85%
c d  0.15 15 201 3 5 476 4 7857 4095 1.8 10 6 2 7 6% 3401 42973 10898 85%
c u  0.15 15 201 3 5 476 4 7857 3377 1.8 10 6 2 7 6% 3418 42973 10898 85%
c v  0.16 15 201 3 5 476 4 7857 2914 1.8 10 6 2 7 6% 3420 42973 10898 85%
c w  0.16 15 201 3 5 476 4 7857 2809 1.8 10 6 2 7 6% 3420 42973 10898 85%
c x  0.16 15 201 3 5 476 4 7857 2809 1.8 10 6 2 7 6% 3460 42907 10898 85%
c
c seconds   switched  rate       size/glue tier1   binary         remaining
c        MB  reductions conflicts      size  tier2    irredundant
c          level restarts   redundant    glue  trail         variables
c
c =  0.17 15 201 3 5 476 4 7857 2809 1.8 10 6 2 7 6% 4106 42795 10559 82%
c d  0.17 15 201 3 5 476 4 7857 1493 1.8 10 6 2 7 6% 3441 42795 10559 82%
c t  0.18 15 201 3 5 476 4 7857 1493 1.8 10 6 2 7 6% 3406 42795 10559 82%
c b  0.18 15 201 3 5 476 4 7857 1493 1.8 10 6 2 7 6% 3406 42795 10558 82%
c f  0.18 15 201 3 5 476 4 7857 1493 1.8 10 6 2 7 6% 3419 42770 10567 82%
c u  0.19 15 201 3 5 476 4 7857 1271 1.8 10 6 2 7 6% 3402 42770 10567 82%
c v  0.19 15 201 3 5 476 4 7857 1102 1.8 10 6 2 7 6% 3403 42770 10567 82%
c w  0.19 15 201 3 5 476 4 7857 1028 1.8 10 6 2 7 6% 3405 42770 10567 82%
c =  0.21 15 201 3 5 476 4 7857 1028 1.8 10 6 2 7 6% 3621 42734 10451 81%
c d  0.21 15 201 3 5 476 4 7857 1014 1.8 10 6 2 7 6% 3395 42734 10449 81%
c t  0.21 15 201 3 5 476 4 7857 1014 1.8 10 6 2 7 6% 3369 42734 10449 81%
c f  0.21 15 201 3 5 476 4 7857 1014 1.8 10 6 2 7 6% 3401 42673 10468 81%
c B  0.21 15 203 3 5 476 4 8033 1173 1.7 10 6 2 7 6% 3403 42673 10468 81%
c ]  0.22 15 202 4 5 476 4 8423 1452 1.7 10 6 2 7 6% 3412 42673 10468 81%
c {  0.22 15 205 4 5 476 46 8423 1452 1.5 5 3 2 5 9% 3412 42673 10468 81%
c -  0.23 15 203 4 6 647 44 9389 1994 1.5 5 3 2 5 11% 3485 42673 10468 81%
c o  0.24 15 194 4 6 775 42 10011 2488 1.6 5 3 2 5 11% 3553 42666 10468 81%
c }  0.26 15 174 5 6 1060 41 10776 3141 1.8 8 4 2 5 11% 3618 42656 10468 81%
c [  0.26 15 202 5 6 1060 4 10776 3141 1.7 10 6 2 7 6% 3618 42656 10468 81%
c -  0.27 15 204 5 7 1060 4 11838 3541 1.7 11 7 2 8 9% 3631 42656 10468 81%
c
c seconds   switched   rate        size/glue tier1    binary         remaining
c        MB  reductions  conflicts       size  tier2     irredundant
c          level  restarts    redundant    glue   trail         variables
c
c s  0.28 15 197 5 7 1061 4 12750 4223 1.7 12 7 2 8 10% 3652 40734 10468 81%
c e  0.30 18 197 5 7 1061 4 12750 4223 1.7 12 7 2 8 10% 2398 38708 6821 53%
c 2  0.30 18 197 5 7 1061 4 12750 4223 1.7 12 7 2 8 10% 2396 38708 6821 53%
c s  0.31 18 197 5 7 1061 4 12750 4223 1.7 12 7 2 8 10% 2413 38545 6821 53%
c e  0.31 18 197 5 7 1061 4 12750 4223 1.7 12 7 2 8 10% 2345 38611 6799 53%
c ^  0.31 18 197 5 7 1061 4 12750 4223 1.7 12 7 2 8 10% 2345 38611 6799 53%
c W  0.32 20 191 5 7 1062 4 13563 2910 1.7 12 7 2 8 10% 2349 38611 6799 53%
c -  0.32 21 185 5 8 1062 4 14483 3167 1.6 12 7 2 10 9% 2350 38611 6799 53%
c d  0.34 21 177 5 8 1063 3 16097 4527 1.6 15 10 2 10 9% 2348 38611 6796 53%
c u  0.34 21 177 5 8 1063 3 16097 4075 1.6 15 10 2 10 9% 2362 38611 6796 53%
c v  0.34 21 177 5 8 1063 3 16097 3813 1.6 15 10 2 10 9% 2362 38611 6796 53%
c w  0.35 21 177 5 8 1063 3 16097 3664 1.6 15 10 2 10 9% 2362 38611 6796 53%
c =  0.37 21 177 5 8 1063 3 16097 3664 1.6 15 10 2 10 9% 2410 38525 6772 53%
c d  0.37 21 177 5 8 1063 3 16097 3620 1.6 15 10 2 10 9% 2351 38525 6772 53%
c t  0.37 21 177 5 8 1063 3 16097 3620 1.6 15 10 2 10 9% 2349 38525 6772 53%
c f  0.37 21 177 5 8 1063 3 16097 3620 1.6 15 10 2 10 9% 2353 38513 6774 53%
c u  0.38 21 177 5 8 1063 3 16097 3559 1.6 15 10 2 10 9% 2354 38513 6774 53%
c v  0.38 21 177 5 8 1063 3 16097 3506 1.6 15 10 2 10 9% 2354 38513 6774 53%
c w  0.39 21 177 5 8 1063 3 16097 3271 1.6 15 10 2 10 9% 2354 38513 6774 53%
c x  0.39 21 177 5 8 1063 3 16097 3271 1.6 15 10 2 10 9% 2463 38286 6774 53%
c
c seconds   switched   rate        size/glue  tier1    binary        remaining
c        MB  reductions  conflicts       size   tier2     irredundant
c          level  restarts    redundant     glue   trail        variables
c
c t  0.41 21 177 5 8 1063 3 16097 3271 1.6 15 10 2 10 9% 2448 38286 6774 53%
c f  0.41 21 177 5 8 1063 3 16097 3271 1.6 15 10 2 10 9% 2450 38281 6775 53%
c ]  0.45 21 174 6 8 1063 3 16505 3659 1.8 19 11 2 10 11% 2454 38281 6775 53%
c {  0.45 21 174 6 8 1063 41 16505 3659 1.8 8 4 2 5 11% 2454 38281 6775 53%
c -  0.47 21 159 6 9 1238 38 17313 3418 1.9 9 5 1 4 11% 2520 38281 6775 53%
c o  0.55 21 128 6 9 1913 33 20012 5829 2.0 11 6 1 4 11% 2621 38281 6775 53%
c -  0.56 21 126 6 10 2003 32 20313 5263 2.0 11 6 1 3 11% 2625 38281 6775 53%
c }  0.56 21 124 7 10 2056 32 20575 5496 2.0 12 6 1 3 11% 2634 38281 6775 53%
c [  0.56 21 174 7 10 2056 3 20575 5496 1.8 19 11 2 10 11% 2634 38281 6775 53%
c O  0.66 21 169 7 10 2056 3 21092 5999 2.3 27 11 2 10 13% 2635 38281 6775 53%
c ]  0.69 21 168 8 10 2056 3 21263 6166 2.4 29 12 2 10 13% 2636 38281 6775 53%
c {  0.69 21 124 8 10 2056 32 21263 6166 2.0 12 6 1 3 11% 2636 38281 6775 53%
c -  0.79 21 118 8 11 2634 32 23476 6960 2.0 15 8 1 3 12% 2680 38280 6775 53%
c s  0.91 21 115 8 11 3214 32 25589 8946 2.0 19 10 1 3 14% 2709 38036 6775 53%
c e  0.93 21 115 8 11 3214 32 25589 8946 2.0 19 10 1 3 14% 2228 38686 6485 50%
c s  0.93 21 115 8 11 3214 32 25589 8946 2.0 19 10 1 3 14% 2308 38390 6485 50%
c e  0.93 21 115 8 11 3214 32 25589 8946 2.0 19 10 1 3 14% 2299 38404 6480 50%
c ^  0.93 21 115 8 11 3214 32 25589 8946 2.0 19 10 1 3 14% 2299 38404 6480 50%
c -  0.98 21 113 8 12 3429 31 26793 7143 2.0 20 10 1 3 14% 2312 38404 6480 50%
c }  1.00 21 113 9 12 3560 31 27422 7730 2.0 20 10 1 3 14% 2322 38404 6480 50%
c
c seconds   switched    rate        size/glue  tier1     binary        remaining
c        MB   reductions  conflicts       size   tier2      irredundant
c          level   restarts    redundant     glue    trail        variables
c
c [  1.00 21 168 9 12 3560 3 27422 7730 2.4 29 12 2 10 13% 2322 38404 6480 50%
c c  1.04 21 167 9 12 3560 3 27527 7833 2.5 31 12 2 10 14% 2326 38383 6478 50%
c d  1.04 21 167 9 12 3560 3 27527 7831 2.5 31 12 2 10 14% 2322 38383 6478 50%
c u  1.04 21 167 9 12 3560 3 27527 7098 2.5 31 12 2 10 14% 2327 38383 6478 50%
c v  1.05 21 167 9 12 3560 3 27527 6313 2.5 31 12 2 10 14% 2330 38383 6478 50%
c w  1.07 21 167 9 12 3560 3 27527 5747 2.5 31 12 2 10 14% 2330 38383 6478 50%
c d  1.07 21 167 9 12 3560 3 27527 5746 2.5 31 12 2 10 14% 2326 38383 6476 50%
c t  1.07 21 167 9 12 3560 3 27527 5746 2.5 31 12 2 10 14% 2316 38383 6476 50%
c f  1.08 21 167 9 12 3560 3 27527 5746 2.5 31 12 2 10 14% 2394 38158 6517 51%
c u  1.09 21 167 9 12 3560 3 27527 5588 2.5 31 12 2 10 14% 2395 38158 6517 51%
c v  1.09 21 167 9 12 3560 3 27527 5341 2.5 31 12 2 10 14% 2395 38158 6517 51%
c w  1.11 21 167 9 12 3560 3 27527 5072 2.5 31 12 2 10 14% 2395 38158 6517 51%
c x  1.13 21 167 9 12 3560 3 27527 5071 2.5 31 12 2 10 14% 2437 37310 6517 51%
c =  1.20 21 167 9 12 3560 3 27527 5071 2.5 31 12 2 10 14% 2877 37197 6297 49%
c d  1.21 21 167 9 12 3560 3 27527 4906 2.5 31 12 2 10 14% 2431 37197 6297 49%
c t  1.21 21 167 9 12 3560 3 27527 4906 2.5 31 12 2 10 14% 2416 37197 6297 49%
c ]  1.50 21 158 10 12 3561 3 29234 6403 2.2 45 20 2 10 20% 2417 37197 6297 49%
c {  1.50 21 113 10 12 3561 31 29234 6403 2.0 20 10 1 3 14% 2417 37197 6297 49%
c -  1.55 22 112 10 13 3773 30 30257 5968 2.0 21 10 1 3 14% 2427 37197 6297 49%
c -  1.73 22 111 10 14 4494 29 33863 7907 2.0 24 12 1 3 16% 2452 37197 6297 49%
c
c seconds    switched     rate        size/glue  tier1    binary        remaining
c        MB    reductions   conflicts       size   tier2     irredundant
c          level    restarts     redundant     glue   trail        variables
c
c -  1.91 22 110 10 15 5145 28 37608 9830 2.1 26 13 1 3 17% 2481 37197 6297 49%
c }  1.92 22 110 11 15 5207 27 37861 10076 2.1 27 13 1 3 17% 2482 37197 6297 49%
c [  1.92 22 158 11 15 5207 3 37861 10076 2.2 45 20 2 10 20% 2482 37197 6297 49%
c B  1.92 22 158 11 15 5207 3 37861 10076 2.2 45 20 2 10 20% 2482 37197 6297 49%
c ]  2.38 22 148 12 15 5209 3 40271 12229 2.2 62 28 2 10 27% 2482 37197 6297 49%
c {  2.38 22 110 12 15 5209 27 40271 12229 2.1 27 13 1 3 17% 2482 37197 6297 49%
c o  2.38 22 110 12 15 5214 27 40288 12244 2.1 27 13 1 3 17% 2482 37197 6297 49%
c -  2.47 23 110 12 16 5494 27 41481 10673 2.1 28 13 1 3 17% 2488 37197 6297 49%
c u  2.51 23 110 12 16 5612 27 42269 10696 2.1 28 13 1 3 17% 2496 37197 6297 49%
c v  2.52 23 110 12 16 5612 27 42269 9758 2.1 28 13 1 3 17% 2498 37197 6297 49%
c w  2.54 23 110 12 16 5612 27 42269 8787 2.1 28 13 1 3 17% 2498 37197 6297 49%
c x  2.57 23 110 12 16 5612 27 42269 8786 2.1 28 13 1 3 17% 2498 35599 6297 49%
c =  2.73 23 110 12 16 5612 27 42269 8786 2.1 28 13 1 3 17% 3586 35599 5753 45%
c d  2.73 23 110 12 16 5612 27 42269 8293 2.1 28 13 1 3 17% 2489 35599 5753 45%
c t  2.74 23 110 12 16 5612 27 42269 8293 2.1 28 13 1 3 17% 2416 35599 5753 45%
c f  2.74 23 110 12 16 5612 27 42269 8293 2.1 28 13 1 3 17% 2420 35586 5756 45%
c u  2.75 23 110 12 16 5612 27 42269 8015 2.1 28 13 1 3 17% 2420 35586 5756 45%
c v  2.76 23 110 12 16 5612 27 42269 7719 2.1 28 13 1 3 17% 2420 35586 5756 45%
c w  2.78 23 110 12 16 5612 27 42269 7275 2.1 28 13 1 3 17% 2420 35586 5756 45%
c x  2.80 23 110 12 16 5612 27 42269 7275 2.1 28 13 1 3 17% 2420 31973 5756 45%
c
c seconds    switched     rate        size/glue  tier1    binary        remaining
c        MB    reductions   conflicts       size   tier2     irredundant
c          level    restarts     redundant     glue   trail        variables
c
c -  2.87 23 110 12 17 5628 24 45483 8336 2.1 27 13 1 3 18% 2454 31973 5756 45%
c -  2.92 23 109 12 18 5663 21 49606 10154 2.1 26 12 1 3 19% 2474 31973 5756 45%
c }  2.92 23 108 12 18 5663 21 50002 10525 2.1 26 12 1 3 19% 2474 31973 5756 45%
c ?  2.92 23 108 12 18 5663 21 50002 10525 2.1 26 12 1 3 19% 2474 31973 5756 45%
c
c ---- [ result ] ------------------------------------------------------------
c
s UNKNOWN
c
c ---- [ profiling ] ---------------------------------------------------------
c
c           2.09   71.75 %  search
c           1.08   37.01 %  focused
c           1.01   34.75 %  stable
c           0.77   26.55 %  simplify
c           0.76   25.93 %  probe
c           0.38   12.94 %  sweep
c           0.24    8.30 %  vivify
c           0.05    1.78 %  eliminate
c           0.05    1.69 %  factor
c           0.05    1.60 %  congruence
c           0.04    1.42 %  preprocess
c           0.03    1.07 %  substitute
c           0.02    0.54 %  reduce
c           0.01    0.37 %  subsume
c           0.01    0.23 %  walking
c           0.01    0.20 %  transitive
c           0.00    0.14 %  parse
c           0.00    0.13 %  backbone
c           0.00    0.12 %  lucky
c =============================================
c           2.92  100.00 %  total
c
c ---- [ statistics ] --------------------------------------------------------
c
c chronological:                          612                1 %  conflicts
c conflicts:                            50002            17121.44 per second
c congruent:                             1737               14 %  variables
c decisions:                           740286               14.81 per conflict
c eliminated:                            3964               31 %  variables
c factored:                               141                1 %  variables
c propagations:                      27396632          9381020    per second
c reductions:                              18             2778    interval
c reordered:                                3            16667    interval
c rephased:                                 7             7143    interval
c restarts:                              5663                9    interval
c strengthened:                           647                0 %  checks
c substituted:                           2593               20 %  variables
c subsumed:                              2517                0 %  checks
c switched:                                12             4167    interval
c vivified:                             24001               13 %  checks
c walks:                                    2            25001    interval
c
c ---- [ glue usage ] --------------------------------------------------------
c
c focused glue 1 used 125333 clauses 66.53% accumulated 66.53% tier1
c focused glue 2 used  34401 clauses 18.26% accumulated 84.79%
c focused glue 3 used  10859 clauses  5.76% accumulated 90.55% tier2
c
c stable glue 1 used 157543 clauses 68.92% accumulated 68.92% tier1
c stable glue 2 used  34887 clauses 15.26% accumulated 84.18%
c stable glue 3 used   9989 clauses  4.37% accumulated 88.55%
c stable glue 4 used   5328 clauses  2.33% accumulated 90.88% tier2
c
c ---- [ resources ] ---------------------------------------------------------
c
c maximum-resident-set-size:      24561844224 bytes      23424 MB
c process-time:                             3s               2.92 seconds
c
c ---- [ shutting down ] -----------------------------------------------------
c
c exit 0
