c ---- [ banner ] ------------------------------------------------------------
c
c Kissat SAT Solver
c 
c Copyright (c) 2021-2024 Armin Biere University of Freiburg
c Copyright (c) 2019-2021 Armin Biere Johannes Kepler University Linz
c 
c Version 4.0.4 unknown
c Apple clang version 17.0.0 (clang-1700.3.19.1) -W -Wall -O3 -DNDEBUG
c Thu Oct 16 20:09:41 UTC 2025 Darwin Tahoe-arm64.local 25.0.0 arm64
c
c ---- [ parsing ] -----------------------------------------------------------
c
c opened and reading DIMACS file:
c
c   cnfs_n32/sr61_n32_bit19_m51ca0b34_fill55555555_enf0.cnf
c
c parsed 'p cnf 11237 46978' header
c closing input after reading 848854 bytes (829 KB)
c finished parsing after 0.00 seconds
c
c ---- [ options ] -----------------------------------------------------------
c
c --seed=1                         (different from default '0')
c
c ---- [ limits ] ------------------------------------------------------------
c
c conflict limit set to 50000 conflicts
c
c ---- [ solving ] -----------------------------------------------------------
c
c seconds switched rate     size/glue tier1  binary         remaining
c        MB reductions conflicts size  tier2    irredundant
c         level restarts redundant glue  trail         variables
c
c *  0.00  8 0 0 0  0 0   0   0 0.0 0 0 0 0 0% 3698 43215 11236 100%
c (  0.00  8 0 0 0  0 0   0   0 0.0 0 0 0 0 0% 3698 43215 11236 100%
c .  0.01  8 0 0 0  0 0   0   0 0.0 0 0 0 0 0% 3698 43215 11236 100%
c c  0.01 13 0 0 0  0 0   0   0 0.0 0 0 0 0 0% 4742 41351 10488 93%
c d  0.01 13 0 0 0  0 0   0   0 0.0 0 0 0 0 0% 3246 41351 10488 93%
c =  0.03 13 0 0 0  0 0   0   0 0.0 0 0 0 0 0% 3204 41351 10477 93%
c d  0.03 13 0 0 0  0 0   0   0 0.0 0 0 0 0 0% 3182 41351 10477 93%
c f  0.04 13 0 0 0  0 0   0   0 0.0 0 0 0 0 0% 3309 41089 10543 94%
c )  0.04 13 0 0 0  0 0   0   0 0.0 0 0 0 0 0% 3309 41089 10543 94%
c {  0.04 13 0 0 0  0 0   0   0 0.0 0 0 2 6 0% 3309 41089 10543 94%
c -  0.05 13 140 0 1 242 38 1003 689 1.5 5 3 2 5 7% 3429 41089 10543 94%
c }  0.05 13 140 1 1 242 38 1003 689 1.5 5 3 2 5 7% 3429 41089 10543 94%
c [  0.05 13 0 1 1 242 0 1003 689 0.0 0 0 2 6 0% 3429 41089 10543 94%
c B  0.05 13 0 1 1 242 0 1003 689 0.0 0 0 2 6 0% 3429 41089 10543 94%
c ]  0.06 13 376 2 1 242 3 1990 1633 3.0 39 13 3 17 28% 3449 41089 10543 94%
c {  0.06 13 140 2 1 242 38 1990 1633 1.5 5 3 2 5 7% 3449 41089 10543 94%
c -  0.06 13 142 2 2 248 39 2003 1490 1.5 5 3 2 5 7% 3455 41089 10543 94%
c c  0.07 14 141 2 2 429 43 2556 1944 1.5 5 3 2 5 8% 3510 40991 10518 94%
c d  0.07 14 141 2 2 429 43 2556 1928 1.5 5 3 2 5 8% 3455 40991 10515 94%
c u  0.08 14 141 2 2 429 43 2556 1577 1.5 5 3 2 5 8% 3455 40991 10515 94%
c
c seconds   switched   rate       size/glue tier1  binary         remaining
c        MB  reductions conflicts      size  tier2    irredundant
c          level restarts    redundant   glue  trail         variables
c
c v  0.08 14 141 2 2 429 43 2556 1441 1.5 5 3 2 5 8% 3455 40991 10515 94%
c w  0.08 14 141 2 2 429 43 2556 1312 1.5 5 3 2 5 8% 3455 40991 10515 94%
c x  0.08 14 141 2 2 429 43 2556 1312 1.5 5 3 2 5 8% 3455 40873 10515 94%
c =  0.10 14 141 2 2 429 43 2556 1312 1.5 5 3 2 5 8% 3635 40873 10425 93%
c d  0.10 14 141 2 2 429 43 2556 1311 1.5 5 3 2 5 8% 3452 40873 10424 93%
c t  0.10 14 141 2 2 429 43 2556 1311 1.5 5 3 2 5 8% 3446 40873 10424 93%
c u  0.11 14 141 2 2 429 43 2556 1270 1.5 5 3 2 5 8% 3449 40873 10424 93%
c v  0.11 14 141 2 2 429 43 2556 1242 1.5 5 3 2 5 8% 3449 40873 10424 93%
c w  0.11 14 141 2 2 429 43 2556 1194 1.5 5 3 2 5 8% 3449 40873 10424 93%
c x  0.12 14 141 2 2 429 43 2556 1194 1.5 5 3 2 5 8% 3449 40445 10424 93%
c =  0.13 14 141 2 2 429 43 2556 1194 1.5 5 3 2 5 8% 3589 40445 10354 92%
c d  0.13 14 141 2 2 429 43 2556 1156 1.5 5 3 2 5 8% 3442 40445 10354 92%
c t  0.13 14 141 2 2 429 43 2556 1156 1.5 5 3 2 5 8% 3410 40445 10354 92%
c f  0.13 14 141 2 2 429 43 2556 1156 1.5 5 3 2 5 8% 3417 40431 10358 92%
c }  0.14 14 145 3 2 593 49 2990 1526 1.5 6 4 2 5 8% 3434 40431 10358 92%
c [  0.14 14 376 3 2 593 3 2990 1526 3.0 39 13 3 17 28% 3434 40431 10358 92%
c W  0.15 14 376 3 2 593 3 2990 1526 3.0 39 13 3 17 28% 3434 40431 10358 92%
c -  0.15 14 330 3 3 593 4 3419 1731 2.9 36 12 2 13 32% 3443 40431 10358 92%
c ]  0.16 14 287 4 3 594 4 4077 2354 2.8 38 14 2 13 31% 3463 40431 10358 92%
c {  0.16 14 145 4 3 594 49 4077 2354 1.5 6 4 2 5 8% 3463 40431 10358 92%
c
c seconds   switched   rate       size/glue tier1  binary         remaining
c        MB  reductions conflicts      size  tier2    irredundant
c          level restarts    redundant   glue  trail         variables
c
c -  0.17 14 133 4 4 757 41 5152 2738 1.5 6 4 2 5 8% 3548 40431 10358 92%
c }  0.18 14 122 5 4 917 36 6430 3522 1.6 6 4 2 5 7% 3672 40431 10358 92%
c [  0.18 14 287 5 4 917 4 6430 3522 2.8 38 14 2 13 31% 3672 40431 10358 92%
c I  0.18 14 287 5 4 917 4 6430 3522 2.8 38 14 2 13 31% 3672 40431 10358 92%
c ]  0.20 14 271 6 4 917 4 6696 3777 2.9 48 16 2 13 31% 3677 40431 10358 92%
c {  0.20 14 122 6 4 917 36 6696 3777 1.6 6 4 2 5 7% 3677 40431 10358 92%
c -  0.21 14 120 6 5 1047 36 7153 3685 1.6 6 4 2 5 7% 3719 40431 10358 92%
c d  0.22 14 115 6 5 1247 35 7876 3968 1.7 7 4 2 5 8% 3660 40431 10298 92%
c u  0.23 14 115 6 5 1247 35 7876 3189 1.7 7 4 2 5 8% 3666 40431 10298 92%
c v  0.23 14 115 6 5 1247 35 7876 2807 1.7 7 4 2 5 8% 3673 40431 10298 92%
c w  0.23 14 115 6 5 1247 35 7876 2774 1.7 7 4 2 5 8% 3673 40431 10298 92%
c x  0.24 14 115 6 5 1247 35 7876 2774 1.7 7 4 2 5 8% 3673 40337 10298 92%
c =  0.25 14 115 6 5 1247 35 7876 2774 1.7 7 4 2 5 8% 3893 40337 10188 91%
c d  0.25 14 115 6 5 1247 35 7876 2586 1.7 7 4 2 5 8% 3635 40337 10186 91%
c t  0.25 14 115 6 5 1247 35 7876 2586 1.7 7 4 2 5 8% 3620 40337 10186 91%
c f  0.25 14 115 6 5 1247 35 7876 2586 1.7 7 4 2 5 8% 3632 40309 10194 91%
c c  0.26 14 115 6 5 1247 35 7876 2548 1.7 7 4 2 5 8% 3651 40245 10180 91%
c d  0.26 14 115 6 5 1247 35 7876 2548 1.7 7 4 2 5 8% 3623 40245 10180 91%
c u  0.27 14 115 6 5 1247 35 7876 2431 1.7 7 4 2 5 8% 3629 40245 10180 91%
c v  0.27 14 115 6 5 1247 35 7876 2355 1.7 7 4 2 5 8% 3629 40245 10180 91%
c
c seconds   switched    rate       size/glue tier1  binary         remaining
c        MB  reductions  conflicts      size  tier2    irredundant
c          level  restarts    redundant   glue  trail         variables
c
c w  0.27 14 115 6 5 1247 35 7876 2167 1.7 7 4 2 5 8% 3629 40245 10180 91%
c x  0.27 14 115 6 5 1247 35 7876 2167 1.7 7 4 2 5 8% 3629 40166 10180 91%
c d  0.29 14 115 6 5 1247 35 7876 2163 1.7 7 4 2 5 8% 3621 40166 10176 91%
c t  0.29 14 115 6 5 1247 35 7876 2163 1.7 7 4 2 5 8% 3619 40166 10176 91%
c f  0.29 14 115 6 5 1247 35 7876 2163 1.7 7 4 2 5 8% 3627 40152 10180 91%
c -  0.33 15 110 6 6 1623 34 9389 3185 1.7 8 5 2 5 9% 3695 40152 10180 91%
c o  0.34 15 108 6 6 1785 34 10002 3732 1.8 9 5 2 5 9% 3716 40152 10180 91%
c }  0.36 15 111 7 6 1921 33 10766 4406 1.8 9 5 2 5 10% 3751 40152 10180 91%
c [  0.36 15 271 7 6 1921 4 10766 4406 2.9 48 16 2 13 31% 3751 40152 10180 91%
c B  0.36 15 271 7 6 1921 4 10766 4406 2.9 48 16 2 13 31% 3751 40152 10180 91%
c ]  0.47 17 229 8 6 1921 4 11708 5310 2.8 88 31 2 13 37% 3753 40152 10180 91%
c {  0.47 17 111 8 6 1921 33 11708 5310 1.8 9 5 2 5 10% 3753 40152 10180 91%
c -  0.48 17 111 8 7 1955 33 11838 4734 1.8 9 5 2 5 10% 3759 40152 10180 91%
c s  0.51 19 112 8 7 2205 34 12780 5592 1.8 11 6 2 5 10% 3782 39195 10180 91%
c e  0.53 19 112 8 7 2205 34 12780 5592 1.8 11 6 2 5 10% 1965 38168 6543 58%
c 2  0.53 19 112 8 7 2205 34 12780 5592 1.8 11 6 2 5 10% 1964 38168 6543 58%
c s  0.53 19 112 8 7 2205 34 12780 5592 1.8 11 6 2 5 10% 1973 37932 6543 58%
c e  0.54 19 112 8 7 2205 34 12780 5592 1.8 11 6 2 5 10% 1971 37901 6528 58%
c ^  0.54 19 112 8 7 2205 34 12780 5592 1.8 11 6 2 5 10% 1971 37901 6528 58%
c -  0.57 20 117 8 8 2580 34 14484 3758 1.8 11 6 2 5 12% 2023 37901 6528 58%
c
c seconds   switched    rate        size/glue tier1    binary        remaining
c        MB  reductions   conflicts       size  tier2     irredundant
c          level  restarts     redundant    glue   trail        variables
c
c c  0.61 20 119 8 8 2939 34 16138 5276 1.8 11 6 2 5 13% 2050 37852 6521 58%
c d  0.61 20 119 8 8 2939 34 16138 5270 1.8 11 6 2 5 13% 2036 37852 6521 58%
c u  0.61 20 119 8 8 2939 34 16138 4663 1.8 11 6 2 5 13% 2037 37852 6521 58%
c v  0.61 20 119 8 8 2939 34 16138 4213 1.8 11 6 2 5 13% 2037 37852 6521 58%
c w  0.62 20 119 8 8 2939 34 16138 3851 1.8 11 6 2 5 13% 2038 37852 6521 58%
c x  0.64 20 119 8 8 2939 34 16138 3851 1.8 11 6 2 5 13% 2038 37554 6521 58%
c t  0.64 20 119 8 8 2939 34 16138 3851 1.8 11 6 2 5 13% 2028 37554 6521 58%
c f  0.65 20 119 8 8 2939 34 16138 3851 1.8 11 6 2 5 13% 2054 37498 6535 58%
c u  0.66 20 119 8 8 2939 34 16138 3748 1.8 11 6 2 5 13% 2055 37498 6535 58%
c v  0.66 20 119 8 8 2939 34 16138 3655 1.8 11 6 2 5 13% 2055 37498 6535 58%
c w  0.67 20 119 8 8 2939 34 16138 3543 1.8 11 6 2 5 13% 2055 37498 6535 58%
c x  0.68 20 119 8 8 2939 34 16138 3543 1.8 11 6 2 5 13% 2057 37333 6535 58%
c -  0.75 20 119 8 9 3220 34 17315 4172 1.8 12 7 2 5 13% 2087 37333 6535 58%
c }  0.76 20 120 9 9 3357 34 17867 4666 1.7 12 7 2 5 13% 2095 37333 6535 58%
c [  0.76 20 229 9 9 3357 4 17867 4666 2.8 88 31 2 13 37% 2095 37333 6535 58%
c W  0.76 20 229 9 9 3357 4 17867 4666 2.8 88 31 2 13 37% 2095 37333 6535 58%
c ]  0.93 20 193 10 9 3359 3 20149 6838 2.7 119 43 2 13 41% 2105 37333 6535 58%
c {  0.93 20 120 10 9 3359 34 20149 6838 1.7 12 7 2 5 13% 2105 37333 6535 58%
c o  0.93 20 120 10 9 3360 34 20152 6841 1.7 12 7 2 5 13% 2105 37333 6535 58%
c -  0.94 20 120 10 10 3399 34 20317 5716 1.7 12 7 2 5 13% 2108 37333 6535 58%
c
c seconds    switched     rate        size/glue tier1    binary        remaining
c        MB    reductions   conflicts       size  tier2     irredundant
c          level    restarts     redundant    glue   trail        variables
c
c -  1.00 21 120 10 11 4098 33 23480 7118 1.7 12 7 2 5 14% 2185 37333 6535 58%
c e  1.07 21 119 10 11 4623 33 25638 9012 1.7 13 7 2 5 15% 1785 37074 6205 55%
c s  1.07 21 119 10 11 4623 33 25638 9012 1.7 13 7 2 5 15% 1804 36859 6205 55%
c e  1.07 21 119 10 11 4623 33 25638 9012 1.7 13 7 2 5 15% 1800 36861 6201 55%
c ^  1.07 21 119 10 11 4623 33 25638 9012 1.7 13 7 2 5 15% 1800 36861 6201 55%
c -  1.10 21 119 10 12 4891 33 26797 7139 1.7 13 7 2 5 15% 1805 36861 6201 55%
c d  1.12 21 119 10 12 5094 33 27591 7864 1.7 13 8 2 5 15% 1810 36861 6200 55%
c u  1.12 21 119 10 12 5094 33 27591 7028 1.7 13 8 2 5 15% 1811 36861 6200 55%
c v  1.12 21 119 10 12 5094 33 27591 6294 1.7 13 8 2 5 15% 1811 36861 6200 55%
c w  1.13 21 119 10 12 5094 33 27591 5725 1.7 13 8 2 5 15% 1812 36861 6200 55%
c d  1.14 21 119 10 12 5094 33 27591 5723 1.7 13 8 2 5 15% 1810 36861 6199 55%
c t  1.14 21 119 10 12 5094 33 27591 5723 1.7 13 8 2 5 15% 1800 36861 6199 55%
c f  1.14 21 119 10 12 5094 33 27591 5723 1.7 13 8 2 5 15% 1874 36628 6241 56%
c c  1.15 21 119 10 12 5094 33 27591 5723 1.7 13 8 2 5 15% 1885 36602 6235 55%
c d  1.15 21 119 10 12 5094 33 27591 5723 1.7 13 8 2 5 15% 1873 36602 6235 55%
c u  1.15 21 119 10 12 5094 33 27591 5580 1.7 13 8 2 5 15% 1869 36602 6235 55%
c v  1.16 21 119 10 12 5094 33 27591 5384 1.7 13 8 2 5 15% 1869 36602 6235 55%
c w  1.16 21 119 10 12 5094 33 27591 5218 1.7 13 8 2 5 15% 1869 36602 6235 55%
c x  1.18 21 119 10 12 5094 33 27591 5216 1.7 13 8 2 5 15% 1877 36386 6235 55%
c d  1.18 21 119 10 12 5094 33 27591 5216 1.7 13 8 2 5 15% 1875 36386 6234 55%
c
c seconds    switched     rate        size/glue tier1    binary        remaining
c        MB    reductions   conflicts       size  tier2     irredundant
c          level    restarts     redundant    glue   trail        variables
c
c t  1.18 21 119 10 12 5094 33 27591 5216 1.7 13 8 2 5 15% 1863 36386 6234 55%
c f  1.18 21 119 10 12 5094 33 27591 5216 1.7 13 8 2 5 15% 1864 36382 6235 55%
c }  1.21 21 120 11 12 5290 33 28776 6262 1.8 14 8 2 5 15% 1885 36382 6235 55%
c [  1.21 21 193 11 12 5290 3 28776 6262 2.7 119 43 2 13 41% 1885 36382 6235 55%
c O  1.21 21 193 11 12 5290 3 28776 6262 2.7 119 43 2 13 41% 1885 36382 6235 55%
c -  1.39 21 180 11 13 5291 3 30262 5519 2.9 135 47 1 4 44% 1890 36382 6235 55%
c ]  1.45 21 177 12 13 5291 3 30716 5960 2.9 139 48 1 4 45% 1893 36382 6235 55%
c {  1.45 21 120 12 13 5291 33 30716 5960 1.8 14 8 2 5 15% 1893 36382 6235 55%
c -  1.54 21 121 12 14 5970 33 33867 6517 1.8 16 9 1 5 16% 1925 36382 6235 55%
c -  1.67 21 123 12 15 6792 33 37609 7676 1.9 18 9 1 4 16% 1958 36382 6235 55%
c o  1.71 21 124 12 15 7035 31 40287 10024 1.9 18 9 1 4 17% 1971 36382 6235 55%
c -  1.74 21 125 12 16 7233 31 41482 8565 1.9 18 9 1 5 17% 1979 36382 6235 55%
c }  1.75 21 125 13 16 7306 31 42197 9211 1.9 18 9 1 5 18% 1982 36382 6235 55%
c [  1.75 21 177 13 16 7306 3 42197 9211 2.9 139 48 1 4 45% 1982 36382 6235 55%
c B  1.75 21 177 13 16 7306 3 42197 9211 2.9 139 48 1 4 45% 1982 36382 6235 55%
c d  1.75 21 177 13 16 7306 3 42366 9307 2.9 138 48 1 4 45% 1956 36382 6222 55%
c u  1.76 21 177 13 16 7306 3 42366 8592 2.9 138 48 1 4 45% 1958 36382 6222 55%
c v  1.77 21 177 13 16 7306 3 42366 6990 2.9 138 48 1 4 45% 1959 36382 6222 55%
c w  1.78 21 177 13 16 7306 3 42366 6870 2.9 138 48 1 4 45% 1959 36382 6222 55%
c =  1.85 21 177 13 16 7306 3 42366 6870 2.9 138 48 1 4 45% 2481 36346 5961 53%
c
c seconds    switched    rate        size/glue   tier1    binary        remaining
c        MB    reductions  conflicts       size    tier2     irredundant
c          level    restarts    redundant      glue   trail        variables
c
c d  1.85 21 177 13 16 7306 3 42366 6206 2.9 138 48 1 4 45% 1933 36346 5961 53%
c t  1.85 21 177 13 16 7306 3 42366 6206 2.9 138 48 1 4 45% 1906 36346 5961 53%
c u  1.86 21 177 13 16 7306 3 42366 6016 2.9 138 48 1 4 45% 1906 36346 5961 53%
c v  1.87 21 177 13 16 7306 3 42366 5730 2.9 138 48 1 4 45% 1906 36346 5961 53%
c w  1.87 21 177 13 16 7306 3 42366 5687 2.9 138 48 1 4 45% 1906 36346 5961 53%
c -  2.10 22 166 13 17 7308 2 45482 6103 2.7 136 51 1 4 44% 1907 36346 5961 53%
c ]  2.21 22 165 14 17 7309 2 46527 7121 2.7 142 53 1 4 45% 1907 36346 5961 53%
c {  2.21 22 125 14 17 7309 31 46527 7121 1.9 18 9 1 5 18% 1907 36346 5961 53%
c -  2.26 22 125 14 18 7638 29 49606 7235 1.9 18 10 1 5 18% 1928 36346 5961 53%
c }  2.27 22 124 14 18 7680 29 50000 7604 1.9 18 10 1 5 18% 1929 36346 5961 53%
c ?  2.27 22 124 14 18 7680 29 50000 7604 1.9 18 10 1 5 18% 1929 36346 5961 53%
c
c ---- [ result ] ------------------------------------------------------------
c
s UNKNOWN
c
c ---- [ profiling ] ---------------------------------------------------------
c
c           1.72   75.74 %  search
c           0.92   40.44 %  stable
c           0.80   35.29 %  focused
c           0.51   22.58 %  simplify
c           0.49   21.60 %  probe
c           0.19    8.22 %  sweep
c           0.17    7.67 %  vivify
c           0.05    2.27 %  congruence
c           0.05    2.16 %  eliminate
c           0.04    1.68 %  factor
c           0.03    1.47 %  preprocess
c           0.03    1.34 %  substitute
c           0.01    0.60 %  reduce
c           0.01    0.41 %  subsume
c           0.01    0.25 %  transitive
c           0.01    0.25 %  walking
c           0.00    0.16 %  parse
c           0.00    0.15 %  backbone
c           0.00    0.05 %  lucky
c =============================================
c           2.27  100.00 %  total
c
c ---- [ statistics ] --------------------------------------------------------
c
c chronological:                          545                1 %  conflicts
c conflicts:                            50000            22008.53 per second
c congruent:                              800                7 %  variables
c decisions:                          1099846               22.00 per conflict
c eliminated:                            3986               35 %  variables
c factored:                               139                1 %  variables
c propagations:                      27666221         12177859    per second
c reductions:                              18             2778    interval
c reordered:                                3            16667    interval
c rephased:                                 7             7143    interval
c restarts:                              7680                7    interval
c strengthened:                           379                0 %  checks
c substituted:                           1428               13 %  variables
c subsumed:                              1380                0 %  checks
c switched:                                14             3571    interval
c vivified:                             15349                9 %  checks
c walks:                                    2            25000    interval
c
c ---- [ glue usage ] --------------------------------------------------------
c
c focused glue 1 used 58438 clauses 56.10% accumulated 56.10% tier1
c focused glue 2 used 23807 clauses 22.86% accumulated 78.96%
c focused glue 3 used  6829 clauses  6.56% accumulated 85.51%
c focused glue 4 used  3726 clauses  3.58% accumulated 89.09%
c focused glue 5 used  2187 clauses  2.10% accumulated 91.19% tier2
c
c stable glue 1 used 158254 clauses 71.50% accumulated 71.50% tier1
c stable glue 2 used  29645 clauses 13.39% accumulated 84.90%
c stable glue 3 used   8106 clauses  3.66% accumulated 88.56%
c stable glue 4 used   4662 clauses  2.11% accumulated 90.67% tier2
c
c ---- [ resources ] ---------------------------------------------------------
c
c maximum-resident-set-size:      23303553024 bytes      22224 MB
c process-time:                             2s               2.27 seconds
c
c ---- [ shutting down ] -----------------------------------------------------
c
c exit 0
