c ---- [ banner ] ------------------------------------------------------------
c
c Kissat SAT Solver
c 
c Copyright (c) 2021-2024 Armin Biere University of Freiburg
c Copyright (c) 2019-2021 Armin Biere Johannes Kepler University Linz
c 
c Version 4.0.4 unknown
c Apple clang version 17.0.0 (clang-1700.3.19.1) -W -Wall -O3 -DNDEBUG
c Thu Oct 16 20:09:41 UTC 2025 Darwin Tahoe-arm64.local 25.0.0 arm64
c
c ---- [ parsing ] -----------------------------------------------------------
c
c opened and reading DIMACS file:
c
c   headline_hunt/bets/cascade_aux_encoding/cnfs/aux_expose_sr61_n32_bit19_m51ca0b34_fill55555555.cnf
c
c parsed 'p cnf 12850 53838' header
c closing input after reading 980989 bytes (958 KB)
c finished parsing after 0.00 seconds
c
c ---- [ options ] -----------------------------------------------------------
c
c --seed=41                        (different from default '0')
c
c ---- [ limits ] ------------------------------------------------------------
c
c conflict limit set to 50000 conflicts
c
c ---- [ solving ] -----------------------------------------------------------
c
c seconds switched rate     size/glue tier1  binary         remaining
c        MB reductions conflicts size  tier2    irredundant
c         level restarts redundant glue  trail         variables
c
c *  0.00  9 0 0 0  0 0   0   0 0.0 0 0 0 0 0% 3586 50187 12849 100%
c (  0.01  9 0 0 0  0 0   0   0 0.0 0 0 0 0 0% 3586 50187 12849 100%
c .  0.01  9 0 0 0  0 0   0   0 0.0 0 0 0 0 0% 3586 50187 12849 100%
c c  0.02 14 0 0 0  0 0   0   0 0.0 0 0 0 0 0% 5798 43427 10879 85%
c d  0.02 14 0 0 0  0 0   0   0 0.0 0 0 0 0 0% 3138 43427 10879 85%
c =  0.03 14 0 0 0  0 0   0   0 0.0 0 0 0 0 0% 3104 43421 10864 85%
c d  0.04 14 0 0 0  0 0   0   0 0.0 0 0 0 0 0% 3074 43421 10864 85%
c f  0.05 15 0 0 0  0 0   0   0 0.0 0 0 0 0 0% 3201 43159 10930 85%
c )  0.05 15 0 0 0  0 0   0   0 0.0 0 0 0 0 0% 3201 43159 10930 85%
c {  0.05 15 0 0 0  0 0   0   0 0.0 0 0 2 6 0% 3201 43159 10930 85%
c -  0.06 15 229 0 1 214 50 1000 757 1.5 4 3 2 5 9% 3297 43156 10930 85%
c }  0.06 15 229 1 1 214 50 1000 757 1.5 4 3 2 5 9% 3297 43156 10930 85%
c [  0.06 15 0 1 1 214 0 1000 757 0.0 0 0 2 6 0% 3297 43156 10930 85%
c B  0.06 15 620 1 1 214 382 1001 758 1.3 8 6 2 6 17% 3297 43156 10930 85%
c -  0.06 15 415 1 2 214 3 2000 1357 1.7 8 5 2 5 5% 3305 43156 10930 85%
c W  0.06 15 414 1 2 214 3 2003 1360 1.7 8 5 2 5 5% 3305 43156 10930 85%
c c  0.07 15 464 1 2 215 4 2553 1802 1.6 8 5 2 6 7% 3334 43076 10910 85%
c d  0.08 15 464 1 2 215 4 2553 1786 1.6 8 5 2 6 7% 3294 43076 10910 85%
c u  0.08 15 464 1 2 215 4 2553 1410 1.6 8 5 2 6 7% 3292 43076 10910 85%
c v  0.08 15 464 1 2 215 4 2553 1236 1.6 8 5 2 6 7% 3292 43076 10910 85%
c
c seconds   switched  rate       size/glue tier1  binary         remaining
c        MB  reductions conflicts     size  tier2    irredundant
c          level restarts   redundant   glue  trail         variables
c
c w  0.08 15 464 1 2 215 4 2553 1142 1.6 8 5 2 6 7% 3292 43076 10910 85%
c x  0.08 15 464 1 2 215 4 2553 1142 1.6 8 5 2 6 7% 3292 42995 10910 85%
c t  0.10 15 464 1 2 215 4 2553 1142 1.6 8 5 2 6 7% 3288 42995 10910 85%
c u  0.11 15 464 1 2 215 4 2553 1099 1.6 8 5 2 6 7% 3288 42995 10910 85%
c v  0.11 15 464 1 2 215 4 2553 1011 1.6 8 5 2 6 7% 3288 42995 10910 85%
c w  0.11 15 464 1 2 215 4 2553 967 1.6 8 5 2 6 7% 3288 42995 10910 85%
c -  0.12 15 307 1 3 215 4 3414 1459 1.7 9 5 2 6 5% 3291 42995 10910 85%
c I  0.12 15 274 1 3 216 5 4263 2069 1.7 8 5 2 6 6% 3339 42995 10910 85%
c ]  0.12 15 280 2 3 216 7 4488 2256 1.6 8 5 2 6 6% 3346 42995 10910 85%
c {  0.12 15 229 2 3 216 50 4488 2256 1.5 4 3 2 5 9% 3346 42995 10910 85%
c -  0.13 15 189 2 4 334 45 5146 2455 1.6 5 3 2 4 8% 3406 42992 10910 85%
c }  0.13 15 182 3 4 436 44 5488 2724 1.6 5 3 2 4 8% 3426 42992 10910 85%
c [  0.13 15 280 3 4 436 7 5488 2724 1.6 8 5 2 6 6% 3426 42992 10910 85%
c -  0.14 15 262 3 5 437 6 7147 3570 1.7 11 6 2 7 9% 3438 42992 10910 85%
c ]  0.14 15 258 4 5 437 5 7396 3796 1.7 12 7 2 7 9% 3438 42992 10910 85%
c {  0.14 15 182 4 5 437 44 7396 3796 1.6 5 3 2 4 8% 3438 42992 10910 85%
c d  0.15 15 182 4 5 610 50 7858 4197 1.5 5 3 2 4 9% 3427 42992 10894 85%
c u  0.16 15 182 4 5 610 50 7858 3321 1.5 5 3 2 4 9% 3439 42992 10893 85%
c v  0.16 15 182 4 5 610 50 7858 2994 1.5 5 3 2 4 9% 3439 42992 10893 85%
c w  0.16 15 182 4 5 610 50 7858 2825 1.5 5 3 2 4 9% 3440 42992 10893 85%
c
c seconds   switched   rate       size/glue tier1  binary         remaining
c        MB  reductions conflicts      size  tier2    irredundant
c          level restarts    redundant   glue  trail         variables
c
c x  0.17 15 182 4 5 610 50 7858 2825 1.5 5 3 2 4 9% 3494 42908 10893 85%
c =  0.18 15 182 4 5 610 50 7858 2825 1.5 5 3 2 4 9% 3508 42908 10886 85%
c d  0.18 15 182 4 5 610 50 7858 2805 1.5 5 3 2 4 9% 3477 42908 10880 85%
c t  0.18 15 182 4 5 610 50 7858 2805 1.5 5 3 2 4 9% 3469 42908 10880 85%
c f  0.18 15 182 4 5 610 50 7858 2805 1.5 5 3 2 4 9% 3485 42872 10888 85%
c c  0.19 15 182 4 5 610 50 7858 2775 1.5 5 3 2 4 9% 3506 42812 10873 85%
c d  0.19 15 182 4 5 610 50 7858 2775 1.5 5 3 2 4 9% 3478 42812 10873 85%
c u  0.20 15 182 4 5 610 50 7858 2616 1.5 5 3 2 4 9% 3485 42812 10873 85%
c v  0.20 15 182 4 5 610 50 7858 2487 1.5 5 3 2 4 9% 3485 42812 10873 85%
c w  0.20 15 182 4 5 610 50 7858 2344 1.5 5 3 2 4 9% 3485 42812 10873 85%
c x  0.21 15 182 4 5 610 50 7858 2344 1.5 5 3 2 4 9% 3611 42516 10873 85%
c =  0.22 15 182 4 5 610 50 7858 2344 1.5 5 3 2 4 9% 3663 42512 10846 84%
c d  0.22 15 182 4 5 610 50 7858 2324 1.5 5 3 2 4 9% 3588 42512 10846 84%
c t  0.22 15 182 4 5 610 50 7858 2324 1.5 5 3 2 4 9% 3584 42512 10846 84%
c i  0.22 15 182 4 5 610 50 7858 2324 1.5 5 3 2 4 9% 3584 42512 10846 84%
c -  0.26 16 152 4 6 1035 43 9385 3011 1.7 8 5 1 4 9% 3717 42509 10846 84%
c }  0.27 16 146 5 6 1119 42 9750 3330 1.8 10 5 1 4 10% 3731 42509 10846 84%
c [  0.27 16 258 5 6 1119 5 9750 3330 1.7 12 7 2 7 9% 3731 42509 10846 84%
c B  0.27 16 258 5 6 1119 5 9750 3330 1.7 12 7 2 7 9% 3731 42509 10846 84%
c o  0.30 18 266 5 6 1120 5 10826 4328 2.1 20 10 2 7 15% 3742 42509 10846 84%
c
c seconds   switched   rate        size/glue  tier1     binary         remaining
c        MB  reductions  conflicts       size   tier2      irredundant
c          level  restarts    redundant     glue    trail         variables
c
c -  0.33 20 248 5 7 1120 5 11834 4176 2.2 29 13 2 10 17% 3742 42509 10846 84%
c ]  0.35 20 243 6 7 1121 5 12113 4443 2.2 31 14 2 10 17% 3743 42509 10846 84%
c {  0.35 20 146 6 7 1121 42 12113 4443 1.8 10 5 1 4 10% 3743 42509 10846 84%
c s  0.37 20 137 6 7 1217 39 12750 4976 1.9 10 6 1 4 10% 3800 42332 10846 84%
c e  0.39 21 137 6 7 1217 39 12750 4976 1.9 10 6 1 4 10% 2540 40364 7147 56%
c s  0.39 21 137 6 7 1217 39 12750 4976 1.9 10 6 1 4 10% 2545 40167 7147 56%
c e  0.39 21 137 6 7 1217 39 12750 4976 1.9 10 6 1 4 10% 2427 40284 7110 55%
c ^  0.39 21 137 6 7 1217 39 12750 4976 1.9 10 6 1 4 10% 2427 40284 7110 55%
c -  0.43 21 121 6 8 1478 33 14479 3637 1.9 11 6 1 3 10% 2501 40281 7110 55%
c u  0.49 21 112 6 8 1849 31 16098 4765 2.0 13 6 1 3 10% 2554 40281 7110 55%
c v  0.49 21 112 6 8 1849 31 16098 4209 2.0 13 6 1 3 10% 2555 40281 7110 55%
c w  0.50 21 112 6 8 1849 31 16098 4208 2.0 13 6 1 3 10% 2555 40281 7110 55%
c x  0.51 21 112 6 8 1849 31 16098 4207 2.0 13 6 1 3 10% 2562 40050 7110 55%
c t  0.55 21 112 6 8 1849 31 16098 4207 2.0 13 6 1 3 10% 2547 40050 7110 55%
c f  0.55 21 112 6 8 1849 31 16098 4207 2.0 13 6 1 3 10% 2567 40005 7120 55%
c u  0.56 21 112 6 8 1849 31 16098 4135 2.0 13 6 1 3 10% 2567 40005 7120 55%
c v  0.56 21 112 6 8 1849 31 16098 4005 2.0 13 6 1 3 10% 2567 40005 7120 55%
c w  0.57 21 112 6 8 1849 31 16098 3704 2.0 13 6 1 3 10% 2567 40005 7120 55%
c x  0.58 21 112 6 8 1849 31 16098 3704 2.0 13 6 1 3 10% 2583 39847 7120 55%
c t  0.58 21 112 6 8 1849 31 16098 3704 2.0 13 6 1 3 10% 2582 39847 7120 55%
c
c seconds   switched    rate        size/glue tier1    binary        remaining
c        MB  reductions   conflicts       size  tier2     irredundant
c          level  restarts     redundant    glue   trail        variables
c
c }  0.58 21 111 7 8 1854 31 16182 3782 2.0 13 6 1 3 10% 2584 39847 7120 55%
c [  0.59 21 243 7 8 1854 5 16182 3782 2.2 31 14 2 10 17% 2584 39847 7120 55%
c W  0.59 21 243 7 8 1854 5 16182 3782 2.2 31 14 2 10 17% 2584 39847 7120 55%
c -  0.62 21 224 7 9 1855 4 17307 4089 2.1 33 16 2 10 17% 2587 39847 7120 55%
c ]  0.71 21 218 8 9 1855 4 17770 4532 2.1 40 19 2 10 19% 2587 39847 7120 55%
c {  0.71 21 111 8 9 1855 31 17770 4532 2.0 13 6 1 3 10% 2587 39847 7120 55%
c -  0.88 21 108 8 10 2508 30 20308 5692 1.8 18 10 1 3 13% 2615 39847 7120 55%
c o  0.90 21 109 8 10 2619 30 20855 6201 1.8 18 10 1 3 13% 2621 39847 7120 55%
c -  1.09 21 110 8 11 3177 28 23470 7222 1.8 23 13 1 3 15% 2645 39847 7120 55%
c }  1.12 21 109 9 11 3279 28 23929 7662 1.8 24 13 1 3 15% 2646 39847 7120 55%
c [  1.12 21 218 9 11 3279 4 23929 7662 2.1 40 19 2 10 19% 2646 39847 7120 55%
c O  1.12 21 218 9 11 3279 4 23929 7662 2.1 40 19 2 10 19% 2646 39847 7120 55%
c s  1.37 21 198 9 11 3280 4 25556 9192 2.1 52 25 2 10 23% 2649 39843 7120 55%
c e  1.39 21 198 9 11 3280 4 25556 9192 2.1 52 25 2 10 23% 2211 40489 6838 53%
c s  1.39 21 198 9 11 3280 4 25556 9192 2.1 52 25 2 10 23% 2283 40253 6838 53%
c e  1.39 21 198 9 11 3280 4 25556 9192 2.1 52 25 2 10 23% 2276 40263 6835 53%
c ^  1.39 21 198 9 11 3280 4 25556 9192 2.1 52 25 2 10 23% 2276 40263 6835 53%
c ]  1.61 22 190 10 11 3281 3 26431 7593 2.0 59 29 2 10 26% 2276 40263 6835 53%
c {  1.61 22 109 10 11 3281 28 26431 7593 1.8 24 13 1 3 15% 2276 40263 6835 53%
c -  1.63 22 109 10 12 3361 28 26787 6625 1.8 24 13 1 3 15% 2280 40263 6835 53%
c
c seconds    switched     rate        size/glue  tier1    binary        remaining
c        MB    reductions   conflicts       size   tier2     irredundant
c          level    restarts     redundant     glue   trail        variables
c
c c  1.68 22 109 10 12 3473 28 27502 7281 1.8 25 14 1 3 16% 2296 40257 6831 53%
c d  1.68 22 109 10 12 3473 28 27502 7270 1.8 25 14 1 3 16% 2283 40257 6828 53%
c u  1.69 22 109 10 12 3473 28 27502 6775 1.8 25 14 1 3 16% 2284 40257 6828 53%
c v  1.69 22 109 10 12 3473 28 27502 6178 1.8 25 14 1 3 16% 2288 40257 6828 53%
c w  1.71 22 109 10 12 3473 28 27502 5600 1.8 25 14 1 3 16% 2288 40257 6828 53%
c x  1.73 22 109 10 12 3473 28 27502 5591 1.8 25 14 1 3 16% 2313 39729 6828 53%
c =  1.86 22 109 10 12 3473 28 27502 5591 1.8 25 14 1 3 16% 2703 39673 6633 52%
c d  1.86 22 109 10 12 3473 28 27502 5425 1.8 25 14 1 3 16% 2297 39673 6633 52%
c t  1.87 22 109 10 12 3473 28 27502 5425 1.8 25 14 1 3 16% 2274 39673 6633 52%
c f  1.87 22 109 10 12 3473 28 27502 5425 1.8 25 14 1 3 16% 2321 39530 6660 52%
c u  1.88 22 109 10 12 3473 28 27502 5299 1.8 25 14 1 3 16% 2323 39530 6660 52%
c v  1.88 22 109 10 12 3473 28 27502 5124 1.8 25 14 1 3 16% 2326 39530 6660 52%
c w  1.90 22 109 10 12 3473 28 27502 4900 1.8 25 14 1 3 16% 2326 39530 6660 52%
c x  1.92 22 109 10 12 3473 28 27502 4900 1.8 25 14 1 3 16% 2326 38331 6660 52%
c =  2.05 22 109 10 12 3473 28 27502 4900 1.8 25 14 1 3 16% 2828 38267 6409 50%
c d  2.05 22 109 10 12 3473 28 27502 4640 1.8 25 14 1 3 16% 2309 38267 6409 50%
c t  2.05 22 109 10 12 3473 28 27502 4640 1.8 25 14 1 3 16% 2306 38267 6409 50%
c -  2.18 22 113 10 13 3889 26 30252 6085 1.9 26 14 1 3 16% 2325 38267 6409 50%
c -  2.35 22 115 10 14 4418 25 33858 8107 1.9 29 15 1 3 17% 2339 38267 6409 50%
c }  2.40 22 114 11 14 4622 25 35059 9263 1.9 29 15 1 3 17% 2340 38267 6409 50%
c
c seconds    switched    rate        size/glue  tier1     binary        remaining
c        MB    reductions  conflicts       size   tier2      irredundant
c          level    restarts    redundant     glue    trail        variables
c
c [  2.40 22 190 11 14 4622 3 35059 9263 2.0 59 29 2 10 26% 2340 38267 6409 50%
c B  2.40 22 190 11 14 4622 3 35059 9263 2.0 59 29 2 10 26% 2340 38267 6409 50%
c ]  2.84 22 174 12 14 4624 3 37360 11445 2.1 75 37 2 10 32% 2340 38267 6409 50%
c {  2.84 22 114 12 14 4624 25 37360 11445 1.9 29 15 1 3 17% 2340 38267 6409 50%
c -  2.85 22 115 12 15 4653 25 37599 9167 1.9 29 15 1 3 17% 2343 38267 6409 50%
c o  3.02 22 116 12 15 5194 24 40857 12244 1.9 31 16 1 3 18% 2357 38267 6409 50%
c -  3.04 22 116 12 16 5216 24 41471 10310 1.9 31 16 1 3 18% 2375 38267 6409 50%
c u  3.07 23 116 12 16 5290 24 42223 10199 2.0 31 16 1 3 18% 2382 38267 6409 50%
c v  3.08 23 116 12 16 5290 24 42223 9338 2.0 31 16 1 3 18% 2384 38267 6409 50%
c w  3.10 23 116 12 16 5290 24 42223 8435 2.0 31 16 1 3 18% 2384 38267 6409 50%
c x  3.12 23 116 12 16 5290 24 42223 8432 2.0 31 16 1 3 18% 2384 36612 6409 50%
c =  3.20 23 116 12 16 5290 24 42223 8432 2.0 31 16 1 3 18% 3400 36612 5901 46%
c d  3.20 23 116 12 16 5290 24 42223 8406 2.0 31 16 1 3 18% 2384 36612 5901 46%
c t  3.20 23 116 12 16 5290 24 42223 8406 2.0 31 16 1 3 18% 2305 36612 5901 46%
c f  3.21 23 116 12 16 5290 24 42223 8406 2.0 31 16 1 3 18% 2311 36594 5904 46%
c u  3.22 23 116 12 16 5290 24 42223 8174 2.0 31 16 1 3 18% 2312 36594 5904 46%
c v  3.23 23 116 12 16 5290 24 42223 7919 2.0 31 16 1 3 18% 2312 36594 5904 46%
c w  3.25 23 116 12 16 5290 24 42223 7502 2.0 31 16 1 3 18% 2312 36594 5904 46%
c x  3.27 23 116 12 16 5290 24 42223 7502 2.0 31 16 1 3 18% 2312 33164 5904 46%
c =  3.40 23 116 12 16 5290 24 42223 7502 2.0 31 16 1 3 18% 2518 33164 5801 45%
c
c seconds    switched     rate        size/glue  tier1    binary        remaining
c        MB    reductions   conflicts       size   tier2     irredundant
c          level    restarts     redundant     glue   trail        variables
c
c d  3.40 23 116 12 16 5290 24 42223 7502 2.0 31 16 1 3 18% 2311 33164 5801 45%
c t  3.41 23 116 12 16 5290 24 42223 7502 2.0 31 16 1 3 18% 2309 33164 5801 45%
c -  3.45 23 117 12 17 5300 21 45471 8756 2.0 30 15 1 3 19% 2342 33164 5801 45%
c }  3.48 23 114 13 17 5309 19 48840 11866 2.0 30 15 1 3 19% 2362 33164 5801 45%
c [  3.48 23 174 13 17 5309 3 48840 11866 2.1 75 37 2 10 32% 2362 33164 5801 45%
c W  3.49 23 174 13 17 5309 3 48840 11866 2.1 75 37 2 10 32% 2362 33164 5801 45%
c -  3.51 23 170 13 18 5309 3 49595 8404 2.1 74 36 1 3 31% 2362 33164 5801 45%
c ]  3.52 23 168 13 18 5310 3 50000 8797 2.1 73 35 1 3 31% 2364 33164 5801 45%
c ?  3.52 23 114 13 18 5310 19 50000 8797 2.0 30 15 1 3 19% 2364 33164 5801 45%
c
c ---- [ result ] ------------------------------------------------------------
c
s UNKNOWN
c
c ---- [ profiling ] ---------------------------------------------------------
c
c           2.45   69.53 %  search
c           1.30   36.85 %  focused
c           1.15   32.68 %  stable
c           1.02   29.11 %  simplify
c           0.99   28.22 %  probe
c           0.56   15.87 %  sweep
c           0.29    8.10 %  vivify
c           0.06    1.65 %  congruence
c           0.05    1.50 %  eliminate
c           0.05    1.43 %  factor
c           0.04    1.15 %  preprocess
c           0.03    0.88 %  substitute
c           0.02    0.51 %  walking
c           0.02    0.45 %  reduce
c           0.01    0.29 %  subsume
c           0.01    0.18 %  transitive
c           0.00    0.11 %  parse
c           0.00    0.11 %  backbone
c           0.00    0.10 %  lucky
c =============================================
c           3.52  100.00 %  total
c
c ---- [ statistics ] --------------------------------------------------------
c
c chronological:                          603                1 %  conflicts
c conflicts:                            50000            14199.59 per second
c congruent:                             1752               14 %  variables
c decisions:                           721859               14.44 per conflict
c eliminated:                            4021               31 %  variables
c factored:                               114                1 %  variables
c propagations:                      32733342          9295999    per second
c reductions:                              18             2778    interval
c reordered:                                3            16667    interval
c rephased:                                 8             6250    interval
c restarts:                              5310                9    interval
c strengthened:                           516                0 %  checks
c substituted:                           2498               19 %  variables
c subsumed:                               536                0 %  checks
c switched:                                13             3846    interval
c vivified:                             24211                9 %  checks
c walks:                                    3            16667    interval
c
c ---- [ glue usage ] --------------------------------------------------------
c
c focused glue 1 used 164496 clauses 69.44% accumulated 69.44% tier1
c focused glue 2 used  37555 clauses 15.85% accumulated 85.30%
c focused glue 3 used  12837 clauses  5.42% accumulated 90.72% tier2
c
c stable glue 1 used 194213 clauses 72.39% accumulated 72.39% tier1
c stable glue 2 used  37308 clauses 13.91% accumulated 86.30%
c stable glue 3 used  10011 clauses  3.73% accumulated 90.03% tier2
c
c ---- [ resources ] ---------------------------------------------------------
c
c maximum-resident-set-size:      24410849280 bytes      23280 MB
c process-time:                             4s               3.52 seconds
c
c ---- [ shutting down ] -----------------------------------------------------
c
c exit 0
