c ---- [ banner ] ------------------------------------------------------------
c
c Kissat SAT Solver
c 
c Copyright (c) 2021-2024 Armin Biere University of Freiburg
c Copyright (c) 2019-2021 Armin Biere Johannes Kepler University Linz
c 
c Version 4.0.4 unknown
c Apple clang version 17.0.0 (clang-1700.3.19.1) -W -Wall -O3 -DNDEBUG
c Thu Oct 16 20:09:41 UTC 2025 Darwin Tahoe-arm64.local 25.0.0 arm64
c
c ---- [ parsing ] -----------------------------------------------------------
c
c opened and reading DIMACS file:
c
c   cnfs_n32/sr61_n32_bit13_m4d9f691c_fill55555555_enf0.cnf
c
c parsed 'p cnf 11269 47090' header
c closing input after reading 851342 bytes (831 KB)
c finished parsing after 0.00 seconds
c
c ---- [ options ] -----------------------------------------------------------
c
c --seed=41                        (different from default '0')
c
c ---- [ limits ] ------------------------------------------------------------
c
c conflict limit set to 50000 conflicts
c
c ---- [ solving ] -----------------------------------------------------------
c
c seconds switched rate     size/glue tier1  binary         remaining
c        MB reductions conflicts size  tier2    irredundant
c         level restarts redundant glue  trail         variables
c
c *  0.00  8 0 0 0  0 0   0   0 0.0 0 0 0 0 0% 3730 43295 11268 100%
c (  0.00  8 0 0 0  0 0   0   0 0.0 0 0 0 0 0% 3730 43295 11268 100%
c .  0.01  8 0 0 0  0 0   0   0 0.0 0 0 0 0 0% 3730 43295 11268 100%
c c  0.01 13 0 0 0  0 0   0   0 0.0 0 0 0 0 0% 4774 41434 10520 93%
c d  0.02 13 0 0 0  0 0   0   0 0.0 0 0 0 0 0% 3278 41434 10520 93%
c =  0.03 13 0 0 0  0 0   0   0 0.0 0 0 0 0 0% 3228 41434 10512 93%
c d  0.03 13 0 0 0  0 0   0   0 0.0 0 0 0 0 0% 3212 41434 10512 93%
c f  0.04 13 0 0 0  0 0   0   0 0.0 0 0 0 0 0% 3340 41172 10578 94%
c )  0.04 13 0 0 0  0 0   0   0 0.0 0 0 0 0 0% 3340 41172 10578 94%
c {  0.04 13 0 0 0  0 0   0   0 0.0 0 0 2 6 0% 3340 41172 10578 94%
c -  0.05 13 161 0 1 205 40 1000 708 1.6 5 3 2 5 8% 3434 41172 10578 94%
c }  0.05 13 161 1 1 205 40 1000 708 1.6 5 3 2 5 8% 3434 41172 10578 94%
c [  0.05 13 0 1 1 205 0 1000 708 0.0 0 0 2 6 0% 3434 41172 10578 94%
c B  0.05 13 268 1 1 205 84 1001 709 1.5 3 2 2 6 10% 3434 41172 10578 94%
c ]  0.06 13 299 2 1 205 6 1713 1319 2.9 38 13 3 18 34% 3466 41172 10578 94%
c {  0.06 13 161 2 1 205 40 1713 1319 1.6 5 3 2 5 8% 3466 41172 10578 94%
c -  0.07 14 162 2 2 287 42 2000 1483 1.6 5 3 2 5 9% 3482 41172 10578 94%
c c  0.08 15 161 2 2 455 45 2556 1971 1.5 6 4 2 5 9% 3521 41110 10563 94%
c d  0.08 15 161 2 2 455 45 2556 1957 1.5 6 4 2 5 9% 3491 41110 10563 94%
c u  0.09 15 161 2 2 455 45 2556 1566 1.5 6 4 2 5 9% 3489 41110 10563 94%
c
c seconds   switched   rate       size/glue tier1  binary         remaining
c        MB  reductions conflicts      size  tier2    irredundant
c          level restarts    redundant   glue  trail         variables
c
c v  0.09 15 161 2 2 455 45 2556 1455 1.5 6 4 2 5 9% 3490 41110 10563 94%
c w  0.09 15 161 2 2 455 45 2556 1343 1.5 6 4 2 5 9% 3490 41110 10563 94%
c x  0.10 15 161 2 2 455 45 2556 1343 1.5 6 4 2 5 9% 3490 40999 10563 94%
c t  0.11 15 161 2 2 455 45 2556 1343 1.5 6 4 2 5 9% 3485 40999 10563 94%
c u  0.12 15 161 2 2 455 45 2556 1267 1.5 6 4 2 5 9% 3487 40999 10563 94%
c v  0.12 15 161 2 2 455 45 2556 1235 1.5 6 4 2 5 9% 3487 40999 10563 94%
c w  0.13 15 161 2 2 455 45 2556 1194 1.5 6 4 2 5 9% 3487 40999 10563 94%
c }  0.13 15 162 3 2 517 47 2713 1327 1.5 6 4 2 5 9% 3497 40999 10563 94%
c [  0.13 15 299 3 2 517 6 2713 1327 2.9 38 13 3 18 34% 3497 40999 10563 94%
c W  0.14 15 299 3 2 517 6 2713 1327 2.9 38 13 3 18 34% 3497 40999 10563 94%
c -  0.15 16 239 3 3 517 6 3414 1889 2.4 32 13 4 29 25% 3509 40999 10563 94%
c ]  0.16 16 212 4 3 518 5 3859 2311 2.4 37 16 4 29 23% 3519 40999 10563 94%
c {  0.16 16 162 4 3 518 47 3859 2311 1.5 6 4 2 5 9% 3519 40999 10563 94%
c -  0.19 16 148 4 4 953 47 5148 3191 1.7 8 5 2 6 11% 3590 40999 10563 94%
c }  0.22 16 141 5 4 1228 44 6211 4132 1.9 12 6 2 6 12% 3660 40999 10563 94%
c [  0.22 16 212 5 4 1228 5 6211 4132 2.4 37 16 4 29 23% 3660 40999 10563 94%
c I  0.22 16 212 5 4 1228 5 6211 4132 2.4 37 16 4 29 23% 3660 40999 10563 94%
c ]  0.30 18 191 6 4 1228 4 6987 4868 2.5 66 26 4 29 28% 3665 40999 10563 94%
c {  0.30 18 141 6 4 1228 44 6987 4868 1.9 12 6 2 6 12% 3665 40999 10563 94%
c -  0.31 18 142 6 5 1233 43 7148 4365 1.9 12 6 1 5 12% 3676 40999 10563 94%
c
c seconds   switched    rate       size/glue tier1    binary         remaining
c        MB  reductions  conflicts       size  tier2     irredundant
c          level  restarts    redundant    glue   trail         variables
c
c d  0.32 18 138 6 5 1322 40 7872 4999 1.9 12 6 1 5 12% 3720 40999 10562 94%
c u  0.32 18 138 6 5 1322 40 7872 4644 1.9 12 6 1 5 12% 3730 40999 10562 94%
c v  0.33 18 138 6 5 1322 40 7872 3959 1.9 12 6 1 5 12% 3735 40999 10562 94%
c w  0.34 20 138 6 5 1322 40 7872 3796 1.9 12 6 1 5 12% 3735 40999 10562 94%
c x  0.34 20 138 6 5 1322 40 7872 3796 1.9 12 6 1 5 12% 3735 40904 10562 94%
c =  0.37 20 138 6 5 1322 40 7872 3796 1.9 12 6 1 5 12% 3971 40904 10444 93%
c d  0.37 20 138 6 5 1322 40 7872 3706 1.9 12 6 1 5 12% 3716 40904 10444 93%
c t  0.37 20 138 6 5 1322 40 7872 3706 1.9 12 6 1 5 12% 3675 40904 10444 93%
c f  0.37 20 138 6 5 1322 40 7872 3706 1.9 12 6 1 5 12% 3688 40878 10452 93%
c u  0.38 20 138 6 5 1322 40 7872 3646 1.9 12 6 1 5 12% 3688 40878 10452 93%
c v  0.39 20 138 6 5 1322 40 7872 3524 1.9 12 6 1 5 12% 3689 40878 10452 93%
c w  0.40 20 138 6 5 1322 40 7872 3219 1.9 12 6 1 5 12% 3689 40878 10452 93%
c -  0.46 20 133 6 6 1556 36 9384 4107 1.9 12 7 1 5 12% 3745 40878 10452 93%
c o  0.48 20 132 6 6 1667 35 10002 4656 1.9 13 7 1 5 13% 3777 40878 10452 93%
c }  0.50 20 133 7 6 1754 33 11056 5616 1.9 13 7 1 5 13% 3830 40878 10452 93%
c [  0.50 20 191 7 6 1754 4 11056 5616 2.5 66 26 4 29 28% 3830 40878 10452 93%
c B  0.50 20 191 7 6 1754 4 11056 5616 2.5 66 26 4 29 28% 3830 40878 10452 93%
c -  0.58 21 181 7 7 1754 4 11834 4780 2.6 85 33 1 5 31% 3837 40878 10452 93%
c ]  0.61 21 179 8 7 1754 4 11984 4929 2.6 90 35 1 5 32% 3837 40878 10452 93%
c {  0.61 21 133 8 7 1754 33 11984 4929 1.9 13 7 1 5 13% 3837 40878 10452 93%
c
c seconds   switched    rate        size/glue tier1    binary         remaining
c        MB  reductions   conflicts       size  tier2     irredundant
c          level  restarts     redundant    glue   trail         variables
c
c s  0.64 21 135 8 7 1952 33 12778 5650 2.0 14 7 1 5 13% 3870 40348 10452 93%
c e  0.66 21 135 8 7 1952 33 12778 5650 2.0 14 7 1 5 13% 2090 39582 6774 60%
c s  0.66 21 135 8 7 1952 33 12778 5650 2.0 14 7 1 5 13% 2093 39342 6774 60%
c e  0.67 21 135 8 7 1952 33 12778 5650 2.0 14 7 1 5 13% 2025 38473 6609 59%
c ^  0.67 21 135 8 7 1952 33 12778 5650 2.0 14 7 1 5 13% 2025 38473 6609 59%
c -  0.71 21 132 8 8 2328 33 14479 3655 2.0 15 8 1 5 14% 2053 38473 6609 59%
c d  0.77 21 129 8 8 2763 33 16127 5202 2.0 18 9 1 5 14% 2078 38473 6606 59%
c u  0.77 21 129 8 8 2763 33 16127 4880 2.0 18 9 1 5 14% 2078 38473 6606 59%
c v  0.78 21 129 8 8 2763 33 16127 4055 2.0 18 9 1 5 14% 2078 38473 6606 59%
c w  0.80 21 129 8 8 2763 33 16127 3996 2.0 18 9 1 5 14% 2078 38473 6606 59%
c t  0.80 21 129 8 8 2763 33 16127 3996 2.0 18 9 1 5 14% 2075 38473 6606 59%
c f  0.81 21 129 8 8 2763 33 16127 3996 2.0 18 9 1 5 14% 2108 38380 6626 59%
c u  0.82 21 129 8 8 2763 33 16127 3937 2.0 18 9 1 5 14% 2109 38380 6626 59%
c v  0.82 21 129 8 8 2763 33 16127 3799 2.0 18 9 1 5 14% 2109 38380 6626 59%
c w  0.84 21 129 8 8 2763 33 16127 3627 2.0 18 9 1 5 14% 2109 38380 6626 59%
c x  0.84 21 129 8 8 2763 33 16127 3615 2.0 18 9 1 5 14% 2110 38069 6626 59%
c =  0.89 21 129 8 8 2763 33 16127 3615 2.0 18 9 1 5 14% 2240 38069 6561 58%
c d  0.89 21 129 8 8 2763 33 16127 3608 2.0 18 9 1 5 14% 2106 38069 6561 58%
c f  0.90 21 129 8 8 2763 33 16127 3608 2.0 18 9 1 5 14% 2109 38061 6563 58%
c -  0.93 21 131 8 9 2978 33 17307 3693 2.0 18 9 1 4 15% 2128 38061 6563 58%
c
c seconds   switched    rate        size/glue  tier1    binary        remaining
c        MB  reductions   conflicts       size   tier2     irredundant
c          level  restarts     redundant     glue   trail        variables
c
c }  0.96 21 130 9 9 3172 33 18143 4479 2.0 19 10 1 4 15% 2138 38061 6563 58%
c [  0.96 21 179 9 9 3172 4 18143 4479 2.6 90 35 1 5 32% 2138 38061 6563 58%
c W  0.96 21 179 9 9 3172 4 18143 4479 2.6 90 35 1 5 32% 2138 38061 6563 58%
c ]  1.19 22 162 10 9 3173 3 20178 6392 2.6 119 46 1 5 38% 2141 38061 6563 58%
c {  1.19 22 130 10 9 3173 33 20178 6392 2.0 19 10 1 4 15% 2141 38061 6563 58%
c o  1.20 22 131 10 9 3178 33 20193 6407 2.0 19 10 1 4 15% 2141 38061 6563 58%
c -  1.20 22 131 10 10 3202 33 20307 4768 2.0 19 10 1 4 15% 2142 38061 6563 58%
c -  1.26 22 135 10 11 3554 31 23469 5788 2.0 19 10 1 5 17% 2176 38061 6563 58%
c s  1.37 22 133 10 11 4109 31 25624 7834 2.0 22 11 1 5 17% 2201 37625 6563 58%
c e  1.38 22 133 10 11 4109 31 25624 7834 2.0 22 11 1 5 17% 1912 38026 6408 57%
c s  1.38 22 133 10 11 4109 31 25624 7834 2.0 22 11 1 5 17% 1932 37958 6408 57%
c e  1.38 22 133 10 11 4109 31 25624 7834 2.0 22 11 1 5 17% 1931 37960 6407 57%
c ^  1.38 22 133 10 11 4109 31 25624 7834 2.0 22 11 1 5 17% 1931 37960 6407 57%
c -  1.41 22 134 10 12 4220 30 26786 6374 2.0 22 11 1 4 17% 1936 37960 6407 57%
c u  1.45 22 134 10 12 4362 30 27568 6646 2.0 22 11 1 4 17% 1944 37960 6407 57%
c v  1.46 22 134 10 12 4362 30 27568 5698 2.0 22 11 1 4 17% 1946 37960 6407 57%
c w  1.47 22 134 10 12 4362 30 27568 5326 2.0 22 11 1 4 17% 1946 37960 6407 57%
c =  1.54 22 134 10 12 4362 30 27568 5326 2.0 22 11 1 4 17% 2406 37900 6177 55%
c d  1.54 22 134 10 12 4362 30 27568 5256 2.0 22 11 1 4 17% 1933 37900 6177 55%
c t  1.54 22 134 10 12 4362 30 27568 5256 2.0 22 11 1 4 17% 1923 37900 6177 55%
c
c seconds    switched     rate        size/glue  tier1    binary        remaining
c        MB    reductions   conflicts       size   tier2     irredundant
c          level    restarts     redundant     glue   trail        variables
c
c f  1.55 22 134 10 12 4362 30 27568 5256 2.0 22 11 1 4 17% 1986 37725 6212 55%
c u  1.55 22 134 10 12 4362 30 27568 5139 2.0 22 11 1 4 17% 1986 37725 6212 55%
c v  1.55 22 134 10 12 4362 30 27568 4947 2.0 22 11 1 4 17% 1987 37725 6212 55%
c w  1.57 22 134 10 12 4362 30 27568 4847 2.0 22 11 1 4 17% 1987 37725 6212 55%
c x  1.58 22 134 10 12 4362 30 27568 4844 2.0 22 11 1 4 17% 1995 36020 6212 55%
c =  1.65 22 134 10 12 4362 30 27568 4844 2.0 22 11 1 4 17% 2179 36020 6120 54%
c d  1.65 22 134 10 12 4362 30 27568 4838 2.0 22 11 1 4 17% 1992 36020 6120 54%
c t  1.65 22 134 10 12 4362 30 27568 4838 2.0 22 11 1 4 17% 1987 36020 6120 54%
c }  1.69 22 134 11 12 4546 30 28805 6017 2.0 22 11 1 4 18% 1991 36020 6120 54%
c [  1.69 22 162 11 12 4546 3 28805 6017 2.6 119 46 1 5 38% 1991 36020 6120 54%
c O  1.69 22 162 11 12 4546 3 28805 6017 2.6 119 46 1 5 38% 1991 36020 6120 54%
c -  1.79 22 158 11 13 4547 3 30251 5473 2.6 123 47 1 4 39% 1993 36020 6120 54%
c ]  1.97 22 155 12 13 4548 2 32115 7254 2.6 132 51 1 4 41% 1994 36020 6120 54%
c {  1.97 22 134 12 13 4548 30 32115 7254 2.0 22 11 1 4 18% 1994 36020 6120 54%
c -  1.99 22 132 12 14 4613 28 33857 6300 2.0 22 11 1 4 17% 2031 36020 6120 54%
c -  2.04 22 134 12 15 4830 26 37599 7081 2.0 22 11 1 5 18% 2061 36020 6120 54%
c o  2.07 22 134 12 15 4957 24 40266 9572 2.0 22 11 1 5 19% 2072 36020 6120 54%
c -  2.09 22 135 12 16 5008 24 41473 7829 2.0 21 11 1 6 19% 2085 36020 6120 54%
c d  2.10 22 136 12 16 5069 24 42348 8486 2.0 21 11 1 6 19% 2051 36020 6102 54%
c u  2.11 22 136 12 16 5069 24 42348 7854 2.0 21 11 1 6 19% 2055 36020 6102 54%
c
c seconds    switched     rate        size/glue  tier1    binary        remaining
c        MB    reductions   conflicts       size   tier2     irredundant
c          level    restarts     redundant     glue   trail        variables
c
c v  2.11 22 136 12 16 5069 24 42348 6464 2.0 21 11 1 6 19% 2059 36020 6102 54%
c w  2.12 22 136 12 16 5069 24 42348 6397 2.0 21 11 1 6 19% 2059 36020 6102 54%
c x  2.14 22 136 12 16 5069 24 42348 6397 2.0 21 11 1 6 19% 2059 35183 6102 54%
c =  2.20 22 136 12 16 5069 24 42348 6397 2.0 21 11 1 6 19% 2089 35183 6087 54%
c d  2.20 22 136 12 16 5069 24 42348 6337 2.0 21 11 1 6 19% 2047 35183 6087 54%
c t  2.20 22 136 12 16 5069 24 42348 6337 2.0 21 11 1 6 19% 2043 35183 6087 54%
c u  2.20 22 136 12 16 5069 24 42348 6216 2.0 21 11 1 6 19% 2045 35183 6087 54%
c v  2.21 22 136 12 16 5069 24 42348 5909 2.0 21 11 1 6 19% 2045 35183 6087 54%
c w  2.22 22 136 12 16 5069 24 42348 5867 2.0 21 11 1 6 19% 2045 35183 6087 54%
c x  2.23 22 136 12 16 5069 24 42348 5867 2.0 21 11 1 6 19% 2045 35101 6087 54%
c =  2.29 22 136 12 16 5069 24 42348 5867 2.0 21 11 1 6 19% 3081 35101 5569 49%
c d  2.29 22 136 12 16 5069 24 42348 5449 2.0 21 11 1 6 19% 2040 35101 5569 49%
c t  2.29 22 136 12 16 5069 24 42348 5449 2.0 21 11 1 6 19% 1983 35101 5569 49%
c }  2.31 22 135 13 16 5091 23 43594 6601 2.0 21 11 1 6 19% 1988 35101 5569 49%
c [  2.31 22 155 13 16 5091 2 43594 6601 2.6 132 51 1 4 41% 1988 35101 5569 49%
c B  2.31 22 155 13 16 5091 2 43594 6601 2.6 132 51 1 4 41% 1988 35101 5569 49%
c -  2.35 22 149 13 17 5092 2 45473 6322 2.5 118 48 1 6 38% 1993 35101 5569 49%
c -  2.39 22 132 13 18 5095 2 49599 7725 2.4 92 38 1 6 32% 1999 35101 5569 49%
c ]  2.40 22 132 13 18 5095 2 50002 8115 2.4 92 38 1 6 32% 2000 35101 5569 49%
c ?  2.40 22 135 13 18 5095 23 50002 8115 2.0 21 11 1 6 19% 2000 35101 5569 49%
c
c ---- [ result ] ------------------------------------------------------------
c
s UNKNOWN
c
c ---- [ profiling ] ---------------------------------------------------------
c
c           1.59   66.49 %  search
c           0.84   34.82 %  stable
c           0.76   31.77 %  simplify
c           0.76   31.67 %  focused
c           0.74   30.82 %  probe
c           0.37   15.51 %  sweep
c           0.24   10.07 %  vivify
c           0.05    2.16 %  eliminate
c           0.05    1.93 %  factor
c           0.04    1.61 %  congruence
c           0.04    1.53 %  preprocess
c           0.03    1.28 %  substitute
c           0.01    0.60 %  reduce
c           0.01    0.42 %  subsume
c           0.01    0.28 %  walking
c           0.01    0.26 %  transitive
c           0.00    0.15 %  parse
c           0.00    0.15 %  backbone
c           0.00    0.05 %  lucky
c =============================================
c           2.40  100.00 %  total
c
c ---- [ statistics ] --------------------------------------------------------
c
c chronological:                          524                1 %  conflicts
c conflicts:                            50002            20831.75 per second
c congruent:                              763                7 %  variables
c decisions:                           822693               16.45 per conflict
c eliminated:                            3999               35 %  variables
c factored:                               131                1 %  variables
c propagations:                      25595179         10663423    per second
c reductions:                              18             2778    interval
c reordered:                                3            16667    interval
c rephased:                                 7             7143    interval
c restarts:                              5095               10    interval
c strengthened:                           264                0 %  checks
c substituted:                           1831               16 %  variables
c subsumed:                              1250                0 %  checks
c switched:                                13             3846    interval
c vivified:                             16187                8 %  checks
c walks:                                    2            25001    interval
c
c ---- [ glue usage ] --------------------------------------------------------
c
c focused glue 1   used 63576 clauses 59.40% accumulated 59.40% tier1
c focused glue 2   used 19906 clauses 18.60% accumulated 78.00%
c focused glue 3-4 used  9777 clauses  9.13% accumulated 87.13%
c focused glue 5   used  2478 clauses  2.32% accumulated 89.44%
c focused glue 6   used  1767 clauses  1.65% accumulated 91.10% tier2
c
c stable glue 1   used 133300 clauses 68.90% accumulated 68.90% tier1
c stable glue 2   used  21989 clauses 11.37% accumulated 80.27%
c stable glue 3-4 used  13219 clauses  6.83% accumulated 87.10%
c stable glue 5   used   3909 clauses  2.02% accumulated 89.12%
c stable glue 6   used   2902 clauses  1.50% accumulated 90.62% tier2
c
c ---- [ resources ] ---------------------------------------------------------
c
c maximum-resident-set-size:      23840423936 bytes      22736 MB
c process-time:                             2s               2.40 seconds
c
c ---- [ shutting down ] -----------------------------------------------------
c
c exit 0
