c ---- [ banner ] ------------------------------------------------------------
c
c Kissat SAT Solver
c 
c Copyright (c) 2021-2024 Armin Biere University of Freiburg
c Copyright (c) 2019-2021 Armin Biere Johannes Kepler University Linz
c 
c Version 4.0.4 unknown
c Apple clang version 17.0.0 (clang-1700.3.19.1) -W -Wall -O3 -DNDEBUG
c Thu Oct 16 20:09:41 UTC 2025 Darwin Tahoe-arm64.local 25.0.0 arm64
c
c ---- [ parsing ] -----------------------------------------------------------
c
c opened and reading DIMACS file:
c
c   headline_hunt/bets/cascade_aux_encoding/cnfs/aux_expose_sr61_n32_bit13_m4d9f691c_fill55555555.cnf
c
c parsed 'p cnf 12872 53915' header
c closing input after reading 982622 bytes (960 KB)
c finished parsing after 0.00 seconds
c
c ---- [ options ] -----------------------------------------------------------
c
c --seed=7                         (different from default '0')
c
c ---- [ limits ] ------------------------------------------------------------
c
c conflict limit set to 50000 conflicts
c
c ---- [ solving ] -----------------------------------------------------------
c
c seconds switched rate     size/glue tier1  binary         remaining
c        MB reductions conflicts size  tier2    irredundant
c         level restarts redundant glue  trail         variables
c
c *  0.00  9 0 0 0  0 0   0   0 0.0 0 0 0 0 0% 3608 50242 12871 100%
c (  0.01  9 0 0 0  0 0   0   0 0.0 0 0 0 0 0% 3608 50242 12871 100%
c .  0.01  9 0 0 0  0 0   0   0 0.0 0 0 0 0 0% 3608 50242 12871 100%
c c  0.02 14 0 0 0  0 0   0   0 0.0 0 0 0 0 0% 5834 43457 10894 85%
c d  0.02 14 0 0 0  0 0   0   0 0.0 0 0 0 0 0% 3160 43457 10894 85%
c =  0.04 14 0 0 0  0 0   0   0 0.0 0 0 0 0 0% 3102 43457 10890 85%
c d  0.04 14 0 0 0  0 0   0   0 0.0 0 0 0 0 0% 3094 43457 10890 85%
c f  0.05 15 0 0 0  0 0   0   0 0.0 0 0 0 0 0% 3224 43195 10956 85%
c )  0.05 15 0 0 0  0 0   0   0 0.0 0 0 0 0 0% 3224 43195 10956 85%
c {  0.05 15 0 0 0  0 0   0   0 0.0 0 0 2 6 0% 3224 43195 10956 85%
c -  0.06 15 211 0 1 233 49 1001 690 1.5 4 3 2 6 8% 3348 43193 10956 85%
c }  0.06 15 211 1 1 233 49 1001 690 1.5 4 3 2 6 8% 3348 43193 10956 85%
c [  0.06 15 0 1 1 233 0 1001 690 0.0 0 0 2 6 0% 3348 43193 10956 85%
c B  0.06 15 0 1 1 233 0 1001 690 0.0 0 0 2 6 0% 3348 43193 10956 85%
c i  0.06 15 449 1 1 233 8 1130 772 2.0 5 3 2 6 5% 3357 43193 10955 85%
c i  0.06 15 449 1 1 233 6 1882 1314 1.7 6 4 2 4 7% 3380 43193 10954 85%
c -  0.06 15 459 1 2 233 6 2001 1218 1.7 6 4 2 5 8% 3372 43193 10954 85%
c W  0.07 15 458 1 2 233 6 2003 1218 1.7 6 4 2 5 8% 3374 43189 10954 85%
c c  0.08 15 342 1 2 234 9 2550 1665 1.7 6 3 2 5 8% 3429 43082 10924 85%
c d  0.08 15 342 1 2 234 9 2550 1649 1.7 6 3 2 5 8% 3375 43078 10924 85%
c
c seconds   switched  rate       size/glue tier1  binary         remaining
c        MB  reductions conflicts     size  tier2    irredundant
c          level restarts   redundant   glue  trail         variables
c
c u  0.08 15 342 1 2 234 9 2550 1125 1.7 6 3 2 5 8% 3368 43078 10924 85%
c v  0.08 15 342 1 2 234 9 2550 973 1.7 6 3 2 5 8% 3371 43078 10924 85%
c w  0.09 15 342 1 2 234 9 2550 957 1.7 6 3 2 5 8% 3371 43078 10924 85%
c x  0.09 15 342 1 2 234 9 2550 957 1.7 6 3 2 5 8% 3371 42930 10924 85%
c =  0.10 15 342 1 2 234 9 2550 957 1.7 6 3 2 5 8% 3389 42930 10915 85%
c d  0.10 15 342 1 2 234 9 2550 947 1.7 6 3 2 5 8% 3360 42930 10914 85%
c t  0.11 15 342 1 2 234 9 2550 947 1.7 6 3 2 5 8% 3353 42930 10914 85%
c u  0.12 15 342 1 2 234 9 2550 881 1.7 6 3 2 5 8% 3354 42930 10914 85%
c v  0.12 15 342 1 2 234 9 2550 840 1.7 6 3 2 5 8% 3354 42930 10914 85%
c w  0.12 15 342 1 2 234 9 2550 832 1.7 6 3 2 5 8% 3354 42930 10914 85%
c ]  0.14 15 383 2 2 234 9 2997 1237 2.2 14 7 2 5 13% 3357 42930 10914 85%
c {  0.14 15 211 2 2 234 49 2997 1237 1.5 4 3 2 6 8% 3357 42930 10914 85%
c -  0.15 15 201 2 3 359 50 3415 1340 1.5 5 3 2 6 8% 3395 42930 10914 85%
c }  0.15 15 180 3 3 506 45 3998 1791 1.5 5 3 2 6 8% 3474 42922 10914 85%
c [  0.15 15 383 3 3 506 9 3998 1791 2.2 14 7 2 5 13% 3474 42922 10914 85%
c I  0.16 15 354 3 3 506 9 4262 2023 2.1 16 8 2 5 13% 3489 42921 10914 85%
c ]  0.17 15 338 4 3 506 8 4385 2137 2.4 20 9 2 5 14% 3494 42921 10914 85%
c {  0.17 15 180 4 3 506 45 4385 2137 1.5 5 3 2 6 8% 3494 42921 10914 85%
c -  0.20 16 160 4 4 782 45 5148 2275 1.7 11 6 1 4 10% 3576 42907 10914 85%
c }  0.27 16 138 5 4 1179 39 6737 3592 1.8 16 8 1 4 12% 3692 42888 10914 85%
c
c seconds   switched   rate       size/glue tier1    binary         remaining
c        MB  reductions conflicts       size  tier2     irredundant
c          level  restarts   redundant    glue   trail         variables
c
c [  0.27 16 338 5 4 1179 8 6737 3592 2.4 20 9 2 5 14% 3692 42888 10914 85%
c -  0.38 16 299 5 5 1179 7 7148 3000 2.8 42 15 1 3 20% 3694 42888 10914 85%
c ]  0.39 16 295 6 5 1179 7 7208 3056 2.9 43 15 1 3 20% 3694 42888 10914 85%
c {  0.39 16 138 6 5 1179 39 7208 3056 1.8 16 8 1 4 12% 3694 42888 10914 85%
c d  0.41 16 132 6 5 1237 36 7856 3601 1.9 16 8 1 4 12% 3725 42888 10907 85%
c u  0.42 16 132 6 5 1237 36 7856 3175 1.9 16 8 1 4 12% 3732 42888 10907 85%
c v  0.42 16 132 6 5 1237 36 7856 2701 1.9 16 8 1 4 12% 3739 42888 10907 85%
c w  0.43 18 132 6 5 1237 36 7856 2575 1.9 16 8 1 4 12% 3739 42888 10907 85%
c x  0.44 18 132 6 5 1237 36 7856 2575 1.9 16 8 1 4 12% 3981 42094 10907 85%
c d  0.44 18 132 6 5 1237 36 7856 2574 1.9 16 8 1 4 12% 3979 42090 10905 85%
c t  0.44 18 132 6 5 1237 36 7856 2574 1.9 16 8 1 4 12% 3938 42090 10905 85%
c b  0.44 18 132 6 5 1237 36 7856 2574 1.9 16 8 1 4 12% 3938 42090 10904 85%
c f  0.44 18 132 6 5 1237 36 7856 2574 1.9 16 8 1 4 12% 3942 42084 10906 85%
c c  0.45 18 132 6 5 1237 36 7856 2561 1.9 16 8 1 4 12% 3963 42030 10893 85%
c d  0.45 18 132 6 5 1237 36 7856 2561 1.9 16 8 1 4 12% 3937 42030 10893 85%
c u  0.45 18 132 6 5 1237 36 7856 2480 1.9 16 8 1 4 12% 3936 42030 10893 85%
c v  0.46 18 132 6 5 1237 36 7856 2368 1.9 16 8 1 4 12% 3938 42030 10893 85%
c w  0.47 18 132 6 5 1237 36 7856 2327 1.9 16 8 1 4 12% 3938 42030 10893 85%
c x  0.47 18 132 6 5 1237 36 7856 2327 1.9 16 8 1 4 12% 3938 41880 10893 85%
c =  0.51 18 132 6 5 1237 36 7856 2327 1.9 16 8 1 4 12% 3958 41880 10883 85%
c
c seconds   switched    rate       size/glue tier1    binary         remaining
c        MB  reductions  conflicts       size  tier2     irredundant
c          level  restarts    redundant    glue   trail         variables
c
c d  0.51 18 132 6 5 1237 36 7856 2326 1.9 16 8 1 4 12% 3938 41880 10883 85%
c t  0.51 18 132 6 5 1237 36 7856 2326 1.9 16 8 1 4 12% 3933 41880 10883 85%
c -  0.55 18 129 6 6 1310 30 9386 2835 2.0 16 8 1 3 12% 4009 41878 10883 85%
c o  0.56 18 127 6 6 1367 29 10029 3428 2.0 17 8 1 3 12% 4026 41878 10883 85%
c }  0.60 18 123 7 6 1516 27 11277 4560 2.0 17 8 1 3 12% 4063 41878 10883 85%
c [  0.60 18 295 7 6 1516 7 11277 4560 2.9 43 15 1 3 20% 4063 41878 10883 85%
c B  0.60 18 295 7 6 1516 7 11277 4560 2.9 43 15 1 3 20% 4063 41878 10883 85%
c ]  0.72 18 263 8 6 1516 6 11783 5043 3.1 65 21 1 3 26% 4064 41878 10883 85%
c {  0.72 18 123 8 6 1516 27 11783 5043 2.0 17 8 1 3 12% 4064 41878 10883 85%
c -  0.72 18 124 8 7 1521 27 11835 3885 2.0 17 8 1 3 12% 4064 41878 10883 85%
c s  0.77 18 122 8 7 1670 26 12749 4711 2.0 18 9 1 3 13% 4089 41819 10883 85%
c e  0.78 19 122 8 7 1670 26 12749 4711 2.0 18 9 1 3 13% 2716 40019 7163 56%
c s  0.79 19 122 8 7 1670 26 12749 4711 2.0 18 9 1 3 13% 2720 39768 7163 56%
c e  0.79 19 122 8 7 1670 26 12749 4711 2.0 18 9 1 3 13% 2508 39901 7081 55%
c ^  0.79 19 122 8 7 1670 26 12749 4711 2.0 18 9 1 3 13% 2508 39901 7081 55%
c -  0.90 21 118 8 8 2124 26 14480 3359 2.0 21 11 1 3 14% 2534 39901 7081 55%
c u  0.97 21 118 8 8 2380 26 16099 4464 2.0 22 11 1 3 14% 2564 39900 7081 55%
c v  0.97 21 118 8 8 2380 26 16099 4014 2.0 22 11 1 3 14% 2565 39900 7081 55%
c w  1.01 21 118 8 8 2380 26 16099 3712 2.0 22 11 1 3 14% 2565 39900 7081 55%
c =  1.06 21 118 8 8 2380 26 16099 3712 2.0 22 11 1 3 14% 2599 39898 7064 55%
c
c seconds   switched    rate        size/glue  tier1    binary        remaining
c        MB  reductions   conflicts       size   tier2     irredundant
c          level  restarts     redundant     glue   trail        variables
c
c d  1.07 21 118 8 8 2380 26 16099 3701 2.0 22 11 1 3 14% 2565 39898 7064 55%
c t  1.07 21 118 8 8 2380 26 16099 3701 2.0 22 11 1 3 14% 2541 39898 7064 55%
c f  1.08 21 118 8 8 2380 26 16099 3701 2.0 22 11 1 3 14% 2568 39832 7080 55%
c b  1.08 21 118 8 8 2380 26 16099 3701 2.0 22 11 1 3 14% 2568 39832 7079 55%
c u  1.08 21 118 8 8 2380 26 16099 3617 2.0 22 11 1 3 14% 2568 39832 7079 55%
c v  1.09 21 118 8 8 2380 26 16099 3509 2.0 22 11 1 3 14% 2568 39832 7079 55%
c w  1.11 21 118 8 8 2380 26 16099 3405 2.0 22 11 1 3 14% 2568 39832 7079 55%
c x  1.12 21 118 8 8 2380 26 16099 3402 2.0 22 11 1 3 14% 2621 39430 7079 55%
c =  1.17 21 118 8 8 2380 26 16099 3402 2.0 22 11 1 3 14% 2891 39412 6944 54%
c d  1.18 21 118 8 8 2380 26 16099 3373 2.0 22 11 1 3 14% 2615 39412 6944 54%
c t  1.18 21 118 8 8 2380 26 16099 3373 2.0 22 11 1 3 14% 2594 39412 6944 54%
c f  1.18 21 118 8 8 2380 26 16099 3373 2.0 22 11 1 3 14% 2610 39380 6952 54%
c -  1.21 21 123 8 9 2452 24 17308 3476 2.0 22 11 1 3 14% 2624 39380 6952 54%
c }  1.23 21 122 9 9 2543 24 17943 4077 2.0 23 11 1 3 15% 2629 39380 6952 54%
c [  1.23 21 263 9 9 2543 6 17943 4077 3.1 65 21 1 3 26% 2629 39380 6952 54%
c W  1.23 21 263 9 9 2543 6 17943 4077 3.1 65 21 1 3 26% 2629 39380 6952 54%
c ]  1.50 21 219 10 9 2544 5 19117 5226 2.7 95 35 1 3 37% 2629 39380 6952 54%
c {  1.50 21 122 10 9 2544 24 19117 5226 2.0 23 11 1 3 15% 2629 39380 6952 54%
c o  1.56 21 121 10 9 2775 25 20030 6078 2.0 24 12 1 3 15% 2639 39380 6952 54%
c -  1.57 21 121 10 10 2828 25 20308 4624 2.0 24 12 1 3 15% 2640 39380 6952 54%
c
c seconds    switched     rate        size/glue  tier1    binary        remaining
c        MB    reductions   conflicts       size   tier2     irredundant
c          level    restarts     redundant     glue   trail        variables
c
c -  1.78 22 120 10 11 3515 25 23470 5601 1.9 28 14 1 3 16% 2683 39380 6952 54%
c s  1.92 22 119 10 11 3970 25 25562 7559 1.9 29 15 1 3 17% 2691 38522 6952 54%
c e  1.94 22 119 10 11 3970 25 25562 7559 1.9 29 15 1 3 17% 2193 39236 6653 52%
c s  1.94 22 119 10 11 3970 25 25562 7559 1.9 29 15 1 3 17% 2277 38992 6653 52%
c e  1.94 22 119 10 11 3970 25 25562 7559 1.9 29 15 1 3 17% 2269 39002 6650 52%
c ^  1.94 22 119 10 11 3970 25 25562 7559 1.9 29 15 1 3 17% 2269 39002 6650 52%
c -  2.00 22 119 10 12 4095 24 26787 5130 1.9 30 15 1 3 17% 2280 39002 6650 52%
c u  2.05 22 119 10 12 4180 24 27510 5236 1.9 30 16 1 3 17% 2286 39002 6650 52%
c v  2.05 22 119 10 12 4180 24 27510 4719 1.9 30 16 1 3 17% 2290 39002 6650 52%
c w  2.07 22 119 10 12 4180 24 27510 4482 1.9 30 16 1 3 17% 2290 39002 6650 52%
c x  2.09 22 119 10 12 4180 24 27510 4465 1.9 30 16 1 3 17% 2310 38599 6650 52%
c =  2.19 22 119 10 12 4180 24 27510 4465 1.9 30 16 1 3 17% 2876 38548 6367 49%
c d  2.19 22 119 10 12 4180 24 27510 4362 1.9 30 16 1 3 17% 2292 38548 6367 49%
c t  2.20 22 119 10 12 4180 24 27510 4362 1.9 30 16 1 3 17% 2282 38548 6367 49%
c f  2.20 22 119 10 12 4180 24 27510 4362 1.9 30 16 1 3 17% 2314 38458 6386 50%
c u  2.21 22 119 10 12 4180 24 27510 4200 1.9 30 16 1 3 17% 2315 38458 6386 50%
c v  2.21 22 119 10 12 4180 24 27510 4034 1.9 30 16 1 3 17% 2315 38458 6386 50%
c w  2.22 22 119 10 12 4180 24 27510 3926 1.9 30 16 1 3 17% 2315 38458 6386 50%
c x  2.24 22 119 10 12 4180 24 27510 3926 1.9 30 16 1 3 17% 2318 36633 6386 50%
c =  2.33 22 119 10 12 4180 24 27510 3926 1.9 30 16 1 3 17% 3454 36633 5818 45%
c
c seconds    switched     rate        size/glue  tier1    binary        remaining
c        MB    reductions   conflicts       size   tier2     irredundant
c          level    restarts     redundant     glue   trail        variables
c
c d  2.33 22 119 10 12 4180 24 27510 3922 1.9 30 16 1 3 17% 2318 36633 5818 45%
c t  2.33 22 119 10 12 4180 24 27510 3922 1.9 30 16 1 3 17% 2263 36633 5818 45%
c }  2.34 22 118 11 12 4188 24 27744 4139 1.9 30 16 1 3 17% 2268 36633 5818 45%
c [  2.34 22 219 11 12 4188 5 27744 4139 2.7 95 35 1 3 37% 2268 36633 5818 45%
c O  2.34 22 219 11 12 4188 5 27744 4139 2.7 95 35 1 3 37% 2268 36633 5818 45%
c -  2.38 22 176 11 13 4190 4 30251 4927 2.6 79 30 1 4 32% 2275 36633 5818 45%
c -  2.45 22 149 11 14 4192 3 33856 6262 2.4 74 31 1 8 30% 2281 36633 5818 45%
c B  2.53 22 137 11 14 4194 3 37505 9769 2.3 73 32 1 8 29% 2285 36633 5818 45%
c -  2.53 22 137 11 15 4194 3 37597 7154 2.3 73 32 1 11 28% 2287 36633 5818 45%
c o  2.56 22 128 11 15 4195 3 40363 9764 2.2 66 30 1 11 27% 2294 36633 5818 45%
c -  2.58 22 125 11 16 4196 2 41469 8260 2.3 65 29 1 12 27% 2296 36633 5818 45%
c u  2.60 22 125 11 16 4196 2 42270 8662 2.3 65 29 1 12 28% 2296 36633 5818 45%
c v  2.61 22 125 11 16 4196 2 42270 8085 2.3 65 29 1 12 28% 2296 36633 5818 45%
c w  2.61 23 125 11 16 4196 2 42270 8074 2.3 65 29 1 12 28% 2296 36633 5818 45%
c x  2.62 23 125 11 16 4196 2 42270 8074 2.3 65 29 1 12 28% 2296 35560 5818 45%
c t  2.65 23 125 11 16 4196 2 42270 8074 2.3 65 29 1 12 28% 2294 35560 5818 45%
c f  2.65 23 125 11 16 4196 2 42270 8074 2.3 65 29 1 12 28% 2295 35556 5819 45%
c u  2.66 23 125 11 16 4196 2 42270 8020 2.3 65 29 1 12 28% 2295 35556 5819 45%
c v  2.67 23 125 11 16 4196 2 42270 7888 2.3 65 29 1 12 28% 2295 35556 5819 45%
c w  2.67 23 125 11 16 4196 2 42270 7867 2.3 65 29 1 12 28% 2295 35556 5819 45%
c
c seconds    switched    rate        size/glue  tier1     binary        remaining
c        MB    reductions  conflicts       size   tier2      irredundant
c          level    restarts    redundant     glue    trail        variables
c
c x  2.68 23 125 11 16 4196 2 42270 7867 2.3 65 29 1 12 28% 2295 34406 5819 45%
c -  2.74 23 120 11 17 4198 2 45470 7880 2.2 64 29 1 13 27% 2302 34406 5819 45%
c -  2.80 23 116 11 18 4201 2 49594 8665 2.3 61 27 1 13 26% 2313 34406 5819 45%
c W  2.80 23 116 11 18 4201 2 49729 8790 2.3 61 27 1 13 26% 2314 34406 5819 45%
c ]  2.81 23 116 11 18 4201 2 50000 9049 2.3 61 27 1 13 26% 2315 34406 5819 45%
c ?  2.81 23 118 11 18 4201 24 50000 9049 1.9 30 16 1 3 17% 2315 34406 5819 45%
c
c ---- [ result ] ------------------------------------------------------------
c
s UNKNOWN
c
c ---- [ profiling ] ---------------------------------------------------------
c
c           1.92   68.51 %  search
c           1.01   35.81 %  focused
c           0.92   32.70 %  stable
c           0.83   29.68 %  simplify
c           0.81   28.95 %  probe
c           0.41   14.72 %  sweep
c           0.25    9.05 %  vivify
c           0.06    1.97 %  congruence
c           0.05    1.78 %  eliminate
c           0.05    1.77 %  factor
c           0.04    1.53 %  preprocess
c           0.03    1.09 %  substitute
c           0.02    0.57 %  reduce
c           0.01    0.43 %  walking
c           0.01    0.38 %  subsume
c           0.01    0.22 %  transitive
c           0.00    0.14 %  parse
c           0.00    0.14 %  backbone
c           0.00    0.13 %  lucky
c =============================================
c           2.81  100.00 %  total
c
c ---- [ statistics ] --------------------------------------------------------
c
c chronological:                          498                1 %  conflicts
c conflicts:                            50000            17806.92 per second
c congruent:                             1763               14 %  variables
c decisions:                           600446               12.01 per conflict
c eliminated:                            4104               32 %  variables
c factored:                               112                1 %  variables
c iterations:                               2                0 %  variables
c propagations:                      28468114         10138589    per second
c reductions:                              18             2778    interval
c reordered:                                3            16667    interval
c rephased:                                 8             6250    interval
c restarts:                              4201               12    interval
c strengthened:                           655                0 %  checks
c substituted:                           2415               19 %  variables
c subsumed:                              1323                0 %  checks
c switched:                                11             4545    interval
c vivified:                             16428                7 %  checks
c walks:                                    3            16667    interval
c
c ---- [ glue usage ] --------------------------------------------------------
c
c focused glue 1 used 100115 clauses 70.72% accumulated 70.72% tier1
c focused glue 2 used  23427 clauses 16.55% accumulated 87.27%
c focused glue 3 used   7125 clauses  5.03% accumulated 92.30% tier2
c
c stable glue 1    used 120899 clauses 50.99% accumulated 50.99% tier1
c stable glue 2    used  37889 clauses 15.98% accumulated 66.97%
c stable glue 3-11 used  51683 clauses 21.80% accumulated 88.76%
c stable glue 12   used   2007 clauses  0.85% accumulated 89.61%
c stable glue 13   used   1566 clauses  0.66% accumulated 90.27% tier2
c
c ---- [ resources ] ---------------------------------------------------------
c
c maximum-resident-set-size:      24511512576 bytes      23376 MB
c process-time:                             3s               2.81 seconds
c
c ---- [ shutting down ] -----------------------------------------------------
c
c exit 0
