c ---- [ banner ] ------------------------------------------------------------
c
c Kissat SAT Solver
c 
c Copyright (c) 2021-2024 Armin Biere University of Freiburg
c Copyright (c) 2019-2021 Armin Biere Johannes Kepler University Linz
c 
c Version 4.0.4 unknown
c Apple clang version 17.0.0 (clang-1700.3.19.1) -W -Wall -O3 -DNDEBUG
c Thu Oct 16 20:09:41 UTC 2025 Darwin Tahoe-arm64.local 25.0.0 arm64
c
c ---- [ parsing ] -----------------------------------------------------------
c
c opened and reading DIMACS file:
c
c   cnfs_n32/sr61_n32_bit10_m3304caa0_fill80000000_enf0.cnf
c
c parsed 'p cnf 11211 46873' header
c closing input after reading 846515 bytes (827 KB)
c finished parsing after 0.00 seconds
c
c ---- [ options ] -----------------------------------------------------------
c
c --seed=1                         (different from default '0')
c
c ---- [ limits ] ------------------------------------------------------------
c
c conflict limit set to 50000 conflicts
c
c ---- [ solving ] -----------------------------------------------------------
c
c seconds switched rate     size/glue tier1  binary         remaining
c        MB reductions conflicts size  tier2    irredundant
c         level restarts redundant glue  trail         variables
c
c *  0.00  8 0 0 0  0 0   0   0 0.0 0 0 0 0 0% 3684 43124 11210 100%
c (  0.00  8 0 0 0  0 0   0   0 0.0 0 0 0 0 0% 3684 43124 11210 100%
c .  0.01  8 0 0 0  0 0   0   0 0.0 0 0 0 0 0% 3684 43124 11210 100%
c c  0.01 13 0 0 0  0 0   0   0 0.0 0 0 0 0 0% 4702 41297 10475 93%
c d  0.01 13 0 0 0  0 0   0   0 0.0 0 0 0 0 0% 3232 41297 10475 93%
c =  0.03 13 0 0 0  0 0   0   0 0.0 0 0 0 0 0% 3190 41297 10469 93%
c d  0.03 13 0 0 0  0 0   0   0 0.0 0 0 0 0 0% 3178 41297 10469 93%
c f  0.04 13 0 0 0  0 0   0   0 0.0 0 0 0 0 0% 3307 41035 10535 94%
c )  0.04 13 0 0 0  0 0   0   0 0.0 0 0 0 0 0% 3307 41035 10535 94%
c {  0.04 13 0 0 0  0 0   0   0 0.0 0 0 2 6 0% 3307 41035 10535 94%
c -  0.05 13 180 0 1 272 55 1000 740 1.6 7 4 3 7 10% 3378 41035 10535 94%
c }  0.05 13 180 1 1 272 55 1000 740 1.6 7 4 3 7 10% 3378 41035 10535 94%
c [  0.05 13 0 1 1 272 0 1000 740 0.0 0 0 2 6 0% 3378 41035 10535 94%
c B  0.05 13 210 1 1 272 19 1002 742 1.5 3 2 2 6 11% 3378 41035 10535 94%
c -  0.06 13 317 1 2 272 5 2001 1554 2.1 21 10 2 16 25% 3408 41035 10535 94%
c W  0.07 13 317 1 2 272 5 2004 1557 2.1 21 10 2 16 25% 3408 41035 10535 94%
c ]  0.07 13 288 2 2 273 6 2340 1869 2.1 25 12 2 16 25% 3415 41035 10535 94%
c {  0.07 13 180 2 2 273 55 2340 1869 1.6 7 4 3 7 10% 3415 41035 10535 94%
c c  0.08 14 170 2 2 293 49 2558 2052 1.6 7 4 3 7 10% 3458 40976 10518 94%
c d  0.08 14 170 2 2 293 49 2558 2036 1.6 7 4 3 7 10% 3424 40976 10518 94%
c
c seconds   switched   rate       size/glue tier1   binary         remaining
c        MB  reductions conflicts      size  tier2     irredundant
c          level restarts    redundant   glue   trail         variables
c
c u  0.09 14 170 2 2 293 49 2558 1645 1.6 7 4 3 7 10% 3417 40976 10518 94%
c v  0.09 14 170 2 2 293 49 2558 1519 1.6 7 4 3 7 10% 3418 40976 10518 94%
c w  0.09 14 170 2 2 293 49 2558 1454 1.6 7 4 3 7 10% 3418 40976 10518 94%
c x  0.10 14 170 2 2 293 49 2558 1454 1.6 7 4 3 7 10% 3418 40910 10518 94%
c d  0.11 14 170 2 2 293 49 2558 1454 1.6 7 4 3 7 10% 3416 40910 10517 94%
c t  0.11 14 170 2 2 293 49 2558 1454 1.6 7 4 3 7 10% 3413 40910 10517 94%
c c  0.12 14 170 2 2 293 49 2558 1454 1.6 7 4 3 7 10% 3415 40906 10516 94%
c d  0.12 14 170 2 2 293 49 2558 1454 1.6 7 4 3 7 10% 3413 40906 10516 94%
c u  0.12 14 170 2 2 293 49 2558 1424 1.6 7 4 3 7 10% 3413 40906 10516 94%
c v  0.12 14 170 2 2 293 49 2558 1398 1.6 7 4 3 7 10% 3413 40906 10516 94%
c w  0.13 14 170 2 2 293 49 2558 1339 1.6 7 4 3 7 10% 3413 40906 10516 94%
c }  0.14 14 156 3 2 443 41 3340 1935 1.6 7 4 3 7 12% 3455 40906 10516 94%
c [  0.14 14 288 3 2 443 6 3340 1935 2.1 25 12 2 16 25% 3455 40906 10516 94%
c -  0.14 14 279 3 3 443 6 3415 1865 2.2 27 12 2 18 25% 3457 40906 10516 94%
c ]  0.15 14 250 4 3 443 6 3697 2108 2.4 30 13 2 18 24% 3472 40906 10516 94%
c {  0.15 14 156 4 3 443 41 3697 2108 1.6 7 4 3 7 12% 3472 40906 10516 94%
c -  0.20 14 139 4 4 989 44 5148 3089 1.9 11 6 2 6 13% 3549 40906 10516 94%
c }  0.23 14 136 5 4 1224 43 6049 3909 2.0 16 8 2 6 14% 3588 40906 10516 94%
c [  0.23 14 250 5 4 1224 6 6049 3909 2.4 30 13 2 18 24% 3588 40906 10516 94%
c I  0.23 14 250 5 4 1224 6 6049 3909 2.4 30 13 2 18 24% 3588 40906 10516 94%
c
c seconds   switched   rate       size/glue  tier1     binary         remaining
c        MB  reductions conflicts       size   tier2      irredundant
c          level  restarts   redundant     glue    trail         variables
c
c ]  0.33 16 218 6 4 1224 5 6693 4522 2.8 72 25 2 18 31% 3597 40906 10516 94%
c {  0.33 16 136 6 4 1224 43 6693 4522 2.0 16 8 2 6 14% 3597 40906 10516 94%
c -  0.34 17 132 6 5 1301 41 7148 4259 2.0 16 8 1 5 14% 3613 40906 10516 94%
c d  0.36 19 135 6 5 1387 38 7875 4885 2.0 16 8 1 5 14% 3651 40906 10510 94%
c u  0.36 19 135 6 5 1387 38 7875 4557 2.0 16 8 1 5 14% 3654 40906 10510 94%
c v  0.37 19 135 6 5 1387 38 7875 3807 2.0 16 8 1 5 14% 3656 40906 10510 94%
c w  0.38 19 135 6 5 1387 38 7875 3536 2.0 16 8 1 5 14% 3656 40906 10510 94%
c x  0.38 19 135 6 5 1387 38 7875 3536 2.0 16 8 1 5 14% 3656 40833 10510 94%
c =  0.41 19 135 6 5 1387 38 7875 3536 2.0 16 8 1 5 14% 3776 40833 10450 93%
c d  0.41 19 135 6 5 1387 38 7875 3499 2.0 16 8 1 5 14% 3649 40833 10450 93%
c t  0.42 19 135 6 5 1387 38 7875 3499 2.0 16 8 1 5 14% 3615 40833 10450 93%
c f  0.42 19 135 6 5 1387 38 7875 3499 2.0 16 8 1 5 14% 3621 40822 10454 93%
c c  0.43 19 135 6 5 1387 38 7875 3499 2.0 16 8 1 5 14% 3627 40810 10451 93%
c d  0.43 19 135 6 5 1387 38 7875 3499 2.0 16 8 1 5 14% 3621 40810 10451 93%
c u  0.43 19 135 6 5 1387 38 7875 3446 2.0 16 8 1 5 14% 3621 40810 10451 93%
c v  0.43 19 135 6 5 1387 38 7875 3299 2.0 16 8 1 5 14% 3621 40810 10451 93%
c w  0.44 19 135 6 5 1387 38 7875 3094 2.0 16 8 1 5 14% 3621 40810 10451 93%
c =  0.47 19 135 6 5 1387 38 7875 3094 2.0 16 8 1 5 14% 3797 40810 10363 92%
c d  0.47 19 135 6 5 1387 38 7875 3092 2.0 16 8 1 5 14% 3621 40810 10363 92%
c -  0.52 19 131 6 6 1612 34 9384 3956 2.1 17 8 1 5 14% 3667 40810 10363 92%
c
c seconds   switched    rate        size/glue tier1    binary         remaining
c        MB  reductions   conflicts       size  tier2     irredundant
c          level  restarts     redundant    glue   trail         variables
c
c o  0.53 19 132 6 6 1697 33 10046 4568 2.1 17 8 1 5 14% 3687 40810 10363 92%
c }  0.55 19 132 7 6 1823 32 10762 5224 2.1 18 8 1 5 15% 3716 40810 10363 92%
c [  0.55 19 218 7 6 1823 5 10762 5224 2.8 72 25 2 18 31% 3716 40810 10363 92%
c B  0.55 19 218 7 6 1823 5 10762 5224 2.8 72 25 2 18 31% 3716 40810 10363 92%
c -  0.58 19 194 7 7 1824 4 11835 4748 2.5 67 27 1 6 27% 3720 40810 10363 92%
c ]  0.68 19 184 8 7 1824 4 12596 5484 2.5 86 34 1 6 30% 3723 40810 10363 92%
c {  0.68 19 132 8 7 1824 32 12596 5484 2.1 18 8 1 5 15% 3723 40810 10363 92%
c s  0.69 19 132 8 7 1870 32 12780 5654 2.1 18 9 1 5 15% 3723 40099 10363 92%
c e  0.71 20 132 8 7 1870 32 12780 5654 2.1 18 9 1 5 15% 1948 39448 6765 60%
c s  0.72 20 132 8 7 1870 32 12780 5654 2.1 18 9 1 5 15% 1952 39244 6765 60%
c e  0.72 20 132 8 7 1870 32 12780 5654 2.1 18 9 1 5 15% 1878 38348 6588 59%
c ^  0.72 20 132 8 7 1870 32 12780 5654 2.1 18 9 1 5 15% 1878 38348 6588 59%
c -  0.78 20 129 8 8 2290 32 14481 3357 2.1 21 10 1 5 15% 1907 38348 6588 59%
c u  0.84 20 128 8 8 2644 32 16131 4643 2.1 23 11 1 5 16% 1927 38348 6588 59%
c v  0.85 20 128 8 8 2644 32 16131 3941 2.1 23 11 1 5 16% 1928 38348 6588 59%
c w  0.88 20 128 8 8 2644 32 16131 3863 2.1 23 11 1 5 16% 1928 38348 6588 59%
c =  0.92 20 128 8 8 2644 32 16131 3863 2.1 23 11 1 5 16% 1962 38348 6571 59%
c d  0.93 20 128 8 8 2644 32 16131 3863 2.1 23 11 1 5 16% 1928 38348 6571 59%
c t  0.93 20 128 8 8 2644 32 16131 3863 2.1 23 11 1 5 16% 1925 38348 6571 59%
c f  0.94 20 128 8 8 2644 32 16131 3863 2.1 23 11 1 5 16% 1950 38293 6585 59%
c
c seconds   switched    rate        size/glue  tier1    binary        remaining
c        MB  reductions   conflicts       size   tier2     irredundant
c          level  restarts     redundant     glue   trail        variables
c
c u  0.94 20 128 8 8 2644 32 16131 3800 2.1 23 11 1 5 16% 1951 38293 6585 59%
c v  0.94 20 128 8 8 2644 32 16131 3665 2.1 23 11 1 5 16% 1952 38293 6585 59%
c w  0.96 20 128 8 8 2644 32 16131 3479 2.1 23 11 1 5 16% 1952 38293 6585 59%
c x  0.97 20 128 8 8 2644 32 16131 3459 2.1 23 11 1 5 16% 1953 38018 6585 59%
c =  1.02 20 128 8 8 2644 32 16131 3459 2.1 23 11 1 5 16% 2527 37978 6298 56%
c d  1.02 20 128 8 8 2644 32 16131 3412 2.1 23 11 1 5 16% 1944 37978 6298 56%
c -  1.05 20 131 8 9 2737 31 17310 3549 2.1 23 11 1 5 16% 1954 37978 6298 56%
c }  1.08 20 132 9 9 2941 30 18756 4875 2.1 24 11 1 5 16% 1967 37978 6298 56%
c [  1.08 20 184 9 9 2941 4 18756 4875 2.5 86 34 1 6 30% 1967 37978 6298 56%
c W  1.09 20 184 9 9 2941 4 18756 4875 2.5 86 34 1 6 30% 1967 37978 6298 56%
c -  1.20 20 172 9 10 2942 3 20311 4903 2.4 97 41 1 7 31% 1969 37978 6298 56%
c ]  1.30 20 167 10 10 2943 3 21337 5875 2.4 108 45 1 7 33% 1969 37978 6298 56%
c {  1.30 20 132 10 10 2943 30 21337 5875 2.1 24 11 1 5 16% 1969 37978 6298 56%
c o  1.30 20 132 10 10 2945 30 21343 5880 2.1 24 11 1 5 16% 1970 37978 6298 56%
c -  1.33 20 134 10 11 3031 27 23473 5726 2.1 23 11 1 7 16% 1983 37978 6298 56%
c s  1.39 21 133 10 11 3340 27 25632 7704 2.1 24 12 1 7 17% 2000 36024 6298 56%
c e  1.40 21 133 10 11 3340 27 25632 7704 2.1 24 12 1 7 17% 1613 34895 5847 52%
c s  1.40 21 133 10 11 3340 27 25632 7704 2.1 24 12 1 7 17% 1631 34747 5847 52%
c e  1.40 21 133 10 11 3340 27 25632 7704 2.1 24 12 1 7 17% 1598 34789 5833 52%
c ^  1.40 21 133 10 11 3340 27 25632 7704 2.1 24 12 1 7 17% 1598 34789 5833 52%
c
c seconds    switched     rate        size/glue  tier1    binary        remaining
c        MB    reductions   conflicts       size   tier2     irredundant
c          level    restarts     redundant     glue   trail        variables
c
c -  1.44 21 134 10 12 3522 27 26789 6474 2.1 25 12 1 6 17% 1608 34789 5833 52%
c u  1.46 21 134 10 12 3585 26 27575 6771 2.1 25 12 1 6 17% 1613 34789 5833 52%
c v  1.47 21 134 10 12 3585 26 27575 5436 2.1 25 12 1 6 17% 1615 34789 5833 52%
c w  1.48 21 134 10 12 3585 26 27575 5288 2.1 25 12 1 6 17% 1615 34789 5833 52%
c =  1.53 21 134 10 12 3585 26 27575 5288 2.1 25 12 1 6 17% 2099 34778 5591 50%
c d  1.53 21 134 10 12 3585 26 27575 4847 2.1 25 12 1 6 17% 1613 34778 5591 50%
c t  1.53 21 134 10 12 3585 26 27575 4847 2.1 25 12 1 6 17% 1597 34778 5591 50%
c f  1.54 21 134 10 12 3585 26 27575 4847 2.1 25 12 1 6 17% 1659 34607 5627 50%
c u  1.54 21 134 10 12 3585 26 27575 4719 2.1 25 12 1 6 17% 1660 34607 5627 50%
c v  1.55 21 134 10 12 3585 26 27575 4395 2.1 25 12 1 6 17% 1660 34607 5627 50%
c w  1.55 21 134 10 12 3585 26 27575 4342 2.1 25 12 1 6 17% 1660 34607 5627 50%
c x  1.57 21 134 10 12 3585 26 27575 4340 2.1 25 12 1 6 17% 1671 32659 5627 50%
c =  1.62 21 134 10 12 3585 26 27575 4340 2.1 25 12 1 6 17% 2437 32659 5244 47%
c d  1.62 21 134 10 12 3585 26 27575 4258 2.1 25 12 1 6 17% 1671 32659 5244 47%
c t  1.62 21 134 10 12 3585 26 27575 4258 2.1 25 12 1 6 17% 1618 32659 5244 47%
c }  1.64 21 132 11 12 3608 24 29965 6413 2.1 24 11 1 6 19% 1647 32659 5244 47%
c [  1.64 21 167 11 12 3608 3 29965 6413 2.4 108 45 1 7 33% 1647 32659 5244 47%
c O  1.64 21 167 11 12 3608 3 29965 6413 2.4 108 45 1 7 33% 1647 32659 5244 47%
c -  1.65 21 166 11 13 3608 3 30253 5380 2.4 105 44 1 7 33% 1652 32659 5244 47%
c -  1.69 21 150 11 14 3610 3 33858 6633 2.3 84 37 1 11 32% 1659 32659 5244 47%
c
c seconds    switched    rate        size/glue  tier1     binary        remaining
c        MB    reductions  conflicts       size   tier2      irredundant
c          level    restarts    redundant     glue    trail        variables
c
c -  1.72 21 140 11 15 3613 2 37599 7656 2.2 70 32 1 12 30% 1673 32659 5244 47%
c B  1.75 21 139 11 15 3614 2 39727 9678 2.2 66 30 1 12 30% 1680 32659 5244 47%
c -  1.77 21 135 11 16 3614 2 41473 8778 2.2 63 28 1 12 31% 1687 32659 5244 47%
c u  1.79 21 133 11 16 3614 2 42458 9173 2.3 62 28 1 12 31% 1687 32659 5244 47%
c v  1.79 21 133 11 16 3614 2 42458 8799 2.3 62 28 1 12 31% 1687 32659 5244 47%
c w  1.80 21 133 11 16 3614 2 42458 8798 2.3 62 28 1 12 31% 1687 32659 5244 47%
c x  1.80 21 133 11 16 3614 2 42458 8798 2.3 62 28 1 12 31% 1687 32071 5244 47%
c t  1.82 21 133 11 16 3614 2 42458 8798 2.3 62 28 1 12 31% 1681 32071 5244 47%
c o  1.83 21 133 11 16 3614 2 42458 8798 2.3 62 28 1 12 31% 1681 32071 5244 47%
c -  1.86 21 133 11 17 3617 2 45474 8758 2.2 59 27 2 12 31% 1687 32070 5244 47%
c ]  1.87 21 133 12 17 3617 2 46287 9527 2.2 59 26 2 12 32% 1687 32070 5244 47%
c {  1.87 21 132 12 17 3617 24 46287 9527 2.1 24 11 1 6 19% 1687 32070 5244 47%
c -  1.90 21 133 12 18 3647 21 49597 9779 2.1 23 11 1 7 20% 1714 32070 5244 47%
c }  1.91 21 133 12 18 3649 21 50000 10155 2.1 23 11 1 7 20% 1714 32070 5244 47%
c ?  1.91 21 133 12 18 3649 21 50000 10155 2.1 23 11 1 7 20% 1714 32070 5244 47%
c
c ---- [ result ] ------------------------------------------------------------
c
s UNKNOWN
c
c ---- [ profiling ] ---------------------------------------------------------
c
c           1.24   65.12 %  search
c           0.66   34.74 %  stable
c           0.63   32.86 %  simplify
c           0.60   31.65 %  probe
c           0.58   30.38 %  focused
c           0.30   15.99 %  sweep
c           0.18    9.55 %  vivify
c           0.05    2.58 %  eliminate
c           0.04    2.31 %  factor
c           0.04    1.99 %  congruence
c           0.03    1.76 %  preprocess
c           0.03    1.38 %  substitute
c           0.02    0.81 %  reduce
c           0.01    0.52 %  subsume
c           0.01    0.34 %  walking
c           0.01    0.27 %  transitive
c           0.00    0.18 %  parse
c           0.00    0.16 %  backbone
c           0.00    0.06 %  lucky
c =============================================
c           1.91  100.00 %  total
c
c ---- [ statistics ] --------------------------------------------------------
c
c chronological:                          405                1 %  conflicts
c conflicts:                            50000            26205.34 per second
c congruent:                              756                7 %  variables
c decisions:                           614277               12.29 per conflict
c eliminated:                            4240               38 %  variables
c factored:                               120                1 %  variables
c propagations:                      20272621         10625019    per second
c reductions:                              18             2778    interval
c reordered:                                3            16667    interval
c rephased:                                 7             7143    interval
c restarts:                              3649               14    interval
c strengthened:                           277                0 %  checks
c substituted:                           1846               16 %  variables
c subsumed:                              2994                0 %  checks
c switched:                                12             4167    interval
c vivified:                             13944               12 %  checks
c walks:                                    2            25000    interval
c
c ---- [ glue usage ] --------------------------------------------------------
c
c focused glue 1   used 41744 clauses 52.15% accumulated 52.15% tier1
c focused glue 2   used 16767 clauses 20.95% accumulated 73.10%
c focused glue 3-5 used 10831 clauses 13.53% accumulated 86.63%
c focused glue 6   used  1794 clauses  2.24% accumulated 88.87%
c focused glue 7   used  1415 clauses  1.77% accumulated 90.64% tier2
c
c stable glue 2    used 28011 clauses 17.39% accumulated 65.68% tier1
c stable glue 3    used 10725 clauses  6.66% accumulated 72.34%
c stable glue 4-10 used 25669 clauses 15.94% accumulated 88.28%
c stable glue 11   used  1510 clauses  0.94% accumulated 89.21%
c stable glue 12   used  1405 clauses  0.87% accumulated 90.09% tier2
c
c ---- [ resources ] ---------------------------------------------------------
c
c maximum-resident-set-size:      22766682112 bytes      21712 MB
c process-time:                             2s               1.91 seconds
c
c ---- [ shutting down ] -----------------------------------------------------
c
c exit 0
