c ---- [ banner ] ------------------------------------------------------------
c
c Kissat SAT Solver
c 
c Copyright (c) 2021-2024 Armin Biere University of Freiburg
c Copyright (c) 2019-2021 Armin Biere Johannes Kepler University Linz
c 
c Version 4.0.4 unknown
c Apple clang version 17.0.0 (clang-1700.3.19.1) -W -Wall -O3 -DNDEBUG
c Thu Oct 16 20:09:41 UTC 2025 Darwin Tahoe-arm64.local 25.0.0 arm64
c
c ---- [ parsing ] -----------------------------------------------------------
c
c opened and reading DIMACS file:
c
c   headline_hunt/bets/cascade_aux_encoding/cnfs/aux_force_sr61_n32_bit10_m3304caa0_fill80000000.cnf
c
c parsed 'p cnf 12816 53698' header
c closing input after reading 976018 bytes (953 KB)
c finished parsing after 0.00 seconds
c
c ---- [ options ] -----------------------------------------------------------
c
c --seed=41                        (different from default '0')
c
c ---- [ limits ] ------------------------------------------------------------
c
c conflict limit set to 50000 conflicts
c
c ---- [ solving ] -----------------------------------------------------------
c
c seconds switched rate     size/glue tier1  binary         remaining
c        MB reductions conflicts size  tier2    irredundant
c         level restarts redundant glue  trail         variables
c
c *  0.00  9 0 0 0  0 0   0   0 0.0 0 0 0 0 0% 3122 50063 12335 96%
c (  0.00  9 0 0 0  0 0   0   0 0.0 0 0 0 0 0% 3122 50063 12335 96%
c .  0.01  9 0 0 0  0 0   0   0 0.0 0 0 0 0 0% 4018 48143 12335 96%
c c  0.02 14 0 0 0  0 0   0   0 0.0 0 0 0 0 0% 5804 42265 10531 82%
c d  0.02 14 0 0 0  0 0   0   0 0.0 0 0 0 0 0% 3122 42265 10531 82%
c =  0.03 14 0 0 0  0 0   0   0 0.0 0 0 0 0 0% 2986 42265 10529 82%
c d  0.03 14 0 0 0  0 0   0   0 0.0 0 0 0 0 0% 2982 42265 10529 82%
c f  0.04 14 0 0 0  0 0   0   0 0.0 0 0 0 0 0% 3318 41688 10709 84%
c )  0.04 14 0 0 0  0 0   0   0 0.0 0 0 0 0 0% 3318 41688 10709 84%
c {  0.04 14 0 0 0  0 0   0   0 0.0 0 0 2 6 0% 3318 41688 10709 84%
c -  0.05 14 247 0 1 191 55 1001 788 1.5 4 3 2 4 10% 3389 41687 10709 84%
c }  0.05 14 247 1 1 191 55 1001 788 1.5 4 3 2 4 10% 3389 41687 10709 84%
c [  0.05 14 0 1 1 191 0 1001 788 0.0 0 0 2 6 0% 3389 41687 10709 84%
c B  0.05 14 0 1 1 191 0 1001 788 0.0 0 0 2 6 0% 3389 41687 10709 84%
c -  0.06 14 466 1 2 191 3 2004 1426 1.6 21 13 4 20 9% 3392 41687 10709 84%
c W  0.06 14 466 1 2 191 3 2004 1426 1.6 21 13 4 20 9% 3392 41687 10709 84%
c c  0.07 14 441 1 2 192 7 2555 1862 1.6 16 10 3 19 12% 3424 41649 10696 83%
c d  0.08 14 441 1 2 192 7 2555 1853 1.6 16 10 3 19 12% 3383 41649 10687 83%
c u  0.08 14 441 1 2 192 7 2555 1492 1.6 16 10 3 19 12% 3394 41649 10687 83%
c v  0.08 14 441 1 2 192 7 2555 1395 1.6 16 10 3 19 12% 3396 41649 10687 83%
c
c seconds   switched  rate       size/glue  tier1     binary         remaining
c        MB  reductions conflicts      size   tier2      irredundant
c          level restarts   redundant     glue    trail         variables
c
c w  0.08 14 441 1 2 192 7 2555 1186 1.6 16 10 3 19 12% 3397 41649 10687 83%
c x  0.09 14 441 1 2 192 7 2555 1186 1.6 16 10 3 19 12% 3397 41522 10687 83%
c =  0.10 14 441 1 2 192 7 2555 1186 1.6 16 10 3 19 12% 3409 41522 10681 83%
c d  0.10 14 441 1 2 192 7 2555 1173 1.6 16 10 3 19 12% 3381 41522 10674 83%
c f  0.10 14 441 1 2 192 7 2555 1173 1.6 16 10 3 19 12% 3385 41516 10676 83%
c c  0.11 14 441 1 2 192 7 2555 1158 1.6 16 10 3 19 12% 3417 41449 10660 83%
c d  0.11 14 441 1 2 192 7 2555 1158 1.6 16 10 3 19 12% 3385 41449 10660 83%
c u  0.11 14 441 1 2 192 7 2555 1076 1.6 16 10 3 19 12% 3390 41449 10660 83%
c v  0.11 14 441 1 2 192 7 2555 1050 1.6 16 10 3 19 12% 3390 41449 10660 83%
c w  0.11 14 441 1 2 192 7 2555 873 1.6 16 10 3 19 12% 3390 41449 10660 83%
c =  0.13 15 441 1 2 192 7 2555 873 1.6 16 10 3 19 12% 3442 41449 10634 83%
c d  0.13 15 441 1 2 192 7 2555 857 1.6 16 10 3 19 12% 3380 41449 10634 83%
c t  0.13 15 441 1 2 192 7 2555 857 1.6 16 10 3 19 12% 3378 41449 10634 83%
c -  0.14 15 341 1 3 192 6 3419 1424 1.6 13 8 2 14 13% 3410 41449 10634 83%
c ]  0.14 15 340 2 3 192 6 3434 1439 1.6 13 8 2 14 13% 3410 41449 10634 83%
c {  0.14 15 247 2 3 192 55 3434 1439 1.5 4 3 2 4 10% 3410 41449 10634 83%
c }  0.15 15 156 3 3 494 39 4436 2180 1.6 5 3 2 4 9% 3564 41432 10634 83%
c [  0.15 15 340 3 3 494 6 4436 2180 1.6 13 8 2 14 13% 3564 41432 10634 83%
c I  0.15 15 340 3 3 494 6 4436 2180 1.6 13 8 2 14 13% 3564 41432 10634 83%
c -  0.15 15 293 3 4 494 6 5153 2662 1.6 11 7 2 12 13% 3583 41432 10634 83%
c
c seconds   switched  rate       size/glue tier1    binary         remaining
c        MB  reductions conflicts      size  tier2     irredundant
c          level restarts   redundant    glue   trail         variables
c
c -  0.17 15 231 3 5 496 5 7154 3844 1.7 13 7 2 9 13% 3610 41432 10634 83%
c ]  0.17 15 231 4 5 496 5 7241 3916 1.7 13 7 2 9 13% 3613 41432 10634 83%
c {  0.17 15 156 4 5 496 39 7241 3916 1.6 5 3 2 4 9% 3613 41432 10634 83%
c c  0.19 15 135 4 5 721 36 7870 4433 1.7 6 3 2 4 9% 3678 41326 10610 83%
c d  0.19 15 135 4 5 721 36 7870 4381 1.7 6 3 2 4 9% 3627 41326 10608 83%
c u  0.19 15 135 4 5 721 36 7870 3615 1.7 6 3 2 4 9% 3636 41326 10608 83%
c v  0.19 15 135 4 5 721 36 7870 3337 1.7 6 3 2 4 9% 3638 41326 10608 83%
c w  0.20 15 135 4 5 721 36 7870 3213 1.7 6 3 2 4 9% 3638 41326 10608 83%
c x  0.20 15 135 4 5 721 36 7870 3213 1.7 6 3 2 4 9% 3695 41180 10608 83%
c =  0.21 15 135 4 5 721 36 7870 3213 1.7 6 3 2 4 9% 3775 41180 10568 82%
c d  0.22 15 135 4 5 721 36 7870 3156 1.7 6 3 2 4 9% 3681 41180 10567 82%
c t  0.22 15 135 4 5 721 36 7870 3156 1.7 6 3 2 4 9% 3664 41180 10567 82%
c f  0.22 15 135 4 5 721 36 7870 3156 1.7 6 3 2 4 9% 3669 41168 10570 82%
c c  0.23 15 135 4 5 721 36 7870 3148 1.7 6 3 2 4 9% 3673 41160 10568 82%
c d  0.23 15 135 4 5 721 36 7870 3148 1.7 6 3 2 4 9% 3669 41160 10568 82%
c u  0.23 15 135 4 5 721 36 7870 3034 1.7 6 3 2 4 9% 3672 41160 10568 82%
c v  0.23 15 135 4 5 721 36 7870 2953 1.7 6 3 2 4 9% 3673 41160 10568 82%
c w  0.24 15 135 4 5 721 36 7870 2749 1.7 6 3 2 4 9% 3673 41160 10568 82%
c x  0.24 15 135 4 5 721 36 7870 2749 1.7 6 3 2 4 9% 3750 40898 10568 82%
c =  0.25 15 135 4 5 721 36 7870 2749 1.7 6 3 2 4 9% 3754 40898 10566 82%
c
c seconds   switched   rate       size/glue tier1  binary         remaining
c        MB  reductions conflicts      size  tier2    irredundant
c          level restarts    redundant   glue  trail         variables
c
c d  0.25 15 135 4 5 721 36 7870 2749 1.7 6 3 2 4 9% 3748 40898 10565 82%
c t  0.26 15 135 4 5 721 36 7870 2749 1.7 6 3 2 4 9% 3741 40898 10565 82%
c -  0.28 15 110 4 6 1190 33 9390 3628 1.7 7 4 2 4 9% 3827 40893 10565 82%
c }  0.29 15 109 5 6 1247 33 9594 3804 1.7 7 4 2 4 9% 3837 40891 10565 82%
c [  0.29 15 231 5 6 1247 5 9594 3804 1.7 13 7 2 9 13% 3837 40891 10565 82%
c B  0.29 15 231 5 6 1247 5 9594 3804 1.7 13 7 2 9 13% 3837 40891 10565 82%
c o  0.30 15 227 5 6 1248 5 10670 4796 1.7 14 8 2 9 14% 3839 40891 10565 82%
c -  0.32 15 205 5 7 1249 4 11840 4884 2.1 24 11 2 11 17% 3845 40891 10565 82%
c ]  0.35 15 194 6 7 1249 4 12734 5742 2.3 29 13 2 11 19% 3853 40891 10565 82%
c {  0.35 15 109 6 7 1249 33 12734 5742 1.7 7 4 2 4 9% 3853 40891 10565 82%
c s  0.35 15 110 6 7 1251 33 12771 5771 1.7 7 4 2 4 9% 3858 40597 10565 82%
c e  0.38 20 110 6 7 1251 33 12771 5771 1.7 7 4 2 4 9% 2340 34572 6274 49%
c s  0.38 20 110 6 7 1251 33 12771 5771 1.7 7 4 2 4 9% 2349 34366 6274 49%
c e  0.38 20 110 6 7 1251 33 12771 5771 1.7 7 4 2 4 9% 2241 34457 6234 49%
c ^  0.38 20 110 6 7 1251 33 12771 5771 1.7 7 4 2 4 9% 2241 34457 6234 49%
c -  0.41 20 97 6 8 1494 27 14485 3821 1.7 7 4 2 4 10% 2323 34454 6234 49%
c d  0.43 20 90 6 8 1829 25 16127 5232 1.7 8 5 2 4 10% 2384 34452 6225 49%
c u  0.44 20 90 6 8 1829 25 16127 4487 1.7 8 5 2 4 10% 2393 34452 6225 49%
c v  0.44 20 90 6 8 1829 25 16127 4145 1.7 8 5 2 4 10% 2398 34452 6225 49%
c w  0.44 20 90 6 8 1829 25 16127 4093 1.7 8 5 2 4 10% 2398 34452 6225 49%
c
c seconds  switched    rate        size/glue tier1   binary        remaining
c        MB reductions   conflicts      size  tier2     irredundant
c         level  restarts     redundant   glue   trail        variables
c
c x  0.45 20 90 6 8 1829 25 16127 4093 1.7 8 5 2 4 10% 2411 34258 6225 49%
c =  0.47 20 90 6 8 1829 25 16127 4093 1.7 8 5 2 4 10% 2417 34258 6222 49%
c d  0.47 20 90 6 8 1829 25 16127 4083 1.7 8 5 2 4 10% 2401 34258 6218 49%
c t  0.47 20 90 6 8 1829 25 16127 4083 1.7 8 5 2 4 10% 2389 34258 6218 49%
c f  0.48 20 90 6 8 1829 25 16127 4083 1.7 8 5 2 4 10% 2413 34197 6231 49%
c c  0.49 20 90 6 8 1829 25 16127 4073 1.7 8 5 2 4 10% 2418 34183 6229 49%
c d  0.49 20 90 6 8 1829 25 16127 4073 1.7 8 5 2 4 10% 2414 34183 6229 49%
c u  0.49 20 90 6 8 1829 25 16127 3917 1.7 8 5 2 4 10% 2417 34183 6229 49%
c v  0.49 20 90 6 8 1829 25 16127 3815 1.7 8 5 2 4 10% 2417 34183 6229 49%
c w  0.50 20 90 6 8 1829 25 16127 3637 1.7 8 5 2 4 10% 2417 34183 6229 49%
c x  0.50 20 90 6 8 1829 25 16127 3637 1.7 8 5 2 4 10% 2420 34120 6229 49%
c =  0.53 20 90 6 8 1829 25 16127 3637 1.7 8 5 2 4 10% 2578 34120 6150 48%
c d  0.53 20 90 6 8 1829 25 16127 3438 1.7 8 5 2 4 10% 2396 34120 6150 48%
c t  0.53 20 90 6 8 1829 25 16127 3438 1.7 8 5 2 4 10% 2393 34120 6150 48%
c f  0.53 20 90 6 8 1829 25 16127 3438 1.7 8 5 2 4 10% 2397 34112 6152 48%
c }  0.54 20 88 7 8 1924 24 16803 4052 1.7 8 5 2 4 10% 2421 34112 6152 48%
c [  0.54 20 194 7 8 1924 4 16803 4052 2.3 29 13 2 11 19% 2421 34112 6152 48%
c W  0.55 20 194 7 8 1924 4 16803 4052 2.3 29 13 2 11 19% 2421 34112 6152 48%
c -  0.55 20 189 7 9 1924 4 17313 4083 2.2 30 13 2 12 19% 2428 34112 6152 48%
c -  0.59 20 165 7 10 1926 3 20313 5765 2.1 32 15 2 12 20% 2456 34112 6152 48%
c
c seconds   switched    rate        size/glue  tier1     binary        remaining
c        MB   reductions  conflicts       size   tier2      irredundant
c          level   restarts    redundant     glue    trail        variables
c
c o  0.60 20 160 7 10 1927 3 21082 6495 2.1 32 15 2 12 20% 2460 34112 6152 48%
c ]  0.62 20 156 8 10 1927 3 21815 7187 2.2 35 16 2 12 21% 2463 34112 6152 48%
c {  0.62 20 88 8 10 1927 24 21815 7187 1.7 8 5 2 4 10% 2463 34112 6152 48%
c -  0.65 20 83 8 11 2241 23 23476 7309 1.7 8 5 2 4 10% 2490 34112 6152 48%
c s  0.69 20 80 8 11 2794 22 25697 9316 1.7 9 5 2 4 10% 2518 33607 6152 48%
c e  0.71 20 80 8 11 2794 22 25697 9316 1.7 9 5 2 4 10% 1979 33799 5713 45%
c s  0.71 20 80 8 11 2794 22 25697 9316 1.7 9 5 2 4 10% 2027 33579 5713 45%
c e  0.71 20 80 8 11 2794 22 25697 9316 1.7 9 5 2 4 10% 2024 33583 5712 45%
c ^  0.71 20 80 8 11 2794 22 25697 9316 1.7 9 5 2 4 10% 2024 33583 5712 45%
c -  0.73 20 78 8 12 3054 22 26795 6739 1.7 9 5 1 4 10% 2036 33583 5712 45%
c u  0.75 20 78 8 12 3250 22 27637 6937 1.7 9 5 1 4 10% 2047 33583 5712 45%
c v  0.75 20 78 8 12 3250 22 27637 6282 1.7 9 5 1 4 10% 2048 33583 5712 45%
c w  0.76 20 78 8 12 3250 22 27637 6256 1.7 9 5 1 4 10% 2048 33583 5712 45%
c x  0.76 20 78 8 12 3250 22 27637 6253 1.7 9 5 1 4 10% 2052 33432 5712 45%
c t  0.79 20 78 8 12 3250 22 27637 6253 1.7 9 5 1 4 10% 2039 33432 5712 45%
c f  0.79 20 78 8 12 3250 22 27637 6253 1.7 9 5 1 4 10% 2133 33152 5762 45%
c u  0.80 20 78 8 12 3250 22 27637 6173 1.7 9 5 1 4 10% 2133 33152 5762 45%
c v  0.80 20 78 8 12 3250 22 27637 5772 1.7 9 5 1 4 10% 2136 33152 5762 45%
c w  0.81 20 78 8 12 3250 22 27637 5725 1.7 9 5 1 4 10% 2136 33152 5762 45%
c x  0.81 20 78 8 12 3250 22 27637 5725 1.7 9 5 1 4 10% 2160 33026 5762 45%
c
c seconds  switched     rate        size/glue tier1   binary        remaining
c        MB  reductions   conflicts      size  tier2     irredundant
c         level   restarts     redundant   glue   trail        variables
c
c t  0.81 20 78 8 12 3250 22 27637 5725 1.7 9 5 1 4 10% 2158 33026 5762 45%
c }  0.82 20 78 9 12 3326 22 27975 6033 1.7 9 5 1 4 10% 2163 33026 5762 45%
c [  0.82 20 156 9 12 3326 3 27975 6033 2.2 35 16 2 12 21% 2163 33026 5762 45%
c O  0.82 20 156 9 12 3326 3 27975 6033 2.2 35 16 2 12 21% 2163 33026 5762 45%
c -  0.85 20 145 9 13 3328 3 30259 6766 2.3 36 16 2 12 22% 2173 33025 5762 45%
c -  0.91 20 136 9 14 3330 3 33866 7853 2.3 41 18 2 13 23% 2177 33025 5762 45%
c ]  0.95 20 131 10 14 3332 3 36436 10317 2.4 41 17 2 13 23% 2181 33025 5762 45%
c {  0.95 20 78 10 14 3332 22 36436 10317 1.7 9 5 1 4 10% 2181 33025 5762 45%
c -  0.97 21 78 10 15 3583 22 37607 9083 1.7 9 5 1 4 11% 2195 33025 5762 45%
c o  1.04 21 76 10 15 4371 21 41082 12334 1.8 10 6 1 4 11% 2212 33025 5762 45%
c -  1.05 21 77 10 16 4475 21 41479 10827 1.8 10 6 1 4 11% 2214 33025 5762 45%
c u  1.08 21 76 10 16 4698 21 42494 11050 1.8 10 6 1 4 11% 2227 33025 5762 45%
c v  1.09 21 76 10 16 4698 21 42494 10577 1.8 10 6 1 4 11% 2228 33025 5762 45%
c w  1.09 21 76 10 16 4698 21 42494 10548 1.8 10 6 1 4 11% 2228 33025 5762 45%
c x  1.10 21 76 10 16 4698 21 42494 10545 1.8 10 6 1 4 11% 2236 32840 5762 45%
c =  1.13 21 76 10 16 4698 21 42494 10545 1.8 10 6 1 4 11% 2956 32832 5402 42%
c d  1.13 21 76 10 16 4698 21 42494 10538 1.8 10 6 1 4 11% 2223 32832 5402 42%
c t  1.14 21 76 10 16 4698 21 42494 10538 1.8 10 6 1 4 11% 2221 32832 5402 42%
c f  1.14 21 76 10 16 4698 21 42494 10538 1.8 10 6 1 4 11% 2222 32828 5403 42%
c u  1.15 21 76 10 16 4698 21 42494 10439 1.8 10 6 1 4 11% 2224 32828 5403 42%
c
c seconds   switched     rate         size/glue tier1    binary        remaining
c        MB   reductions   conflicts        size  tier2     irredundant
c         level    restarts      redundant    glue   trail        variables
c
c v  1.15 21 76 10 16 4698 21 42494 10031 1.8 10 6 1 4 11% 2224 32828 5403 42%
c w  1.16 21 76 10 16 4698 21 42494 9999 1.8 10 6 1 4 11% 2224 32828 5403 42%
c x  1.16 21 76 10 16 4698 21 42494 9995 1.8 10 6 1 4 11% 2224 32047 5403 42%
c =  1.20 21 76 10 16 4698 21 42494 9995 1.8 10 6 1 4 11% 2226 32047 5402 42%
c d  1.20 21 76 10 16 4698 21 42494 9995 1.8 10 6 1 4 11% 2224 32047 5402 42%
c }  1.25 21 75 11 16 5187 21 45063 12386 1.8 11 6 1 4 11% 2228 32047 5402 42%
c [  1.25 21 131 11 16 5187 3 45063 12386 2.4 41 17 2 13 23% 2228 32047 5402 42%
c B  1.25 21 131 11 16 5187 3 45063 12386 2.4 41 17 2 13 23% 2228 32047 5402 42%
c -  1.25 21 130 11 17 5187 3 45479 10559 2.4 41 17 2 12 23% 2228 32047 5402 42%
c -  1.32 21 125 11 18 5190 2 49604 11070 2.3 42 18 2 12 23% 2228 32047 5402 42%
c ]  1.32 21 125 11 18 5190 2 50002 11457 2.3 42 18 2 12 23% 2228 32047 5402 42%
c ?  1.32 21 75 11 18 5190 21 50002 11457 1.8 11 6 1 4 11% 2228 32047 5402 42%
c
c ---- [ result ] ------------------------------------------------------------
c
s UNKNOWN
c
c ---- [ profiling ] ---------------------------------------------------------
c
c           0.76   57.76 %  search
c           0.51   38.87 %  simplify
c           0.49   36.94 %  probe
c           0.39   29.36 %  focused
c           0.38   28.40 %  stable
c           0.21   15.96 %  sweep
c           0.14   10.59 %  vivify
c           0.06    4.39 %  congruence
c           0.06    4.38 %  eliminate
c           0.04    3.10 %  factor
c           0.04    2.98 %  preprocess
c           0.03    2.19 %  substitute
c           0.02    1.23 %  reduce
c           0.01    0.76 %  subsume
c           0.01    0.44 %  walking
c           0.01    0.43 %  transitive
c           0.00    0.29 %  parse
c           0.00    0.27 %  backbone
c           0.00    0.09 %  lucky
c =============================================
c           1.32  100.00 %  total
c
c ---- [ statistics ] --------------------------------------------------------
c
c chronological:                          373                1 %  conflicts
c conflicts:                            50002            37771.02 per second
c congruent:                             1632               13 %  variables
c decisions:                           531153               10.62 per conflict
c eliminated:                            4771               37 %  variables
c factored:                               251                2 %  variables
c propagations:                      11631710          8786481    per second
c reductions:                              18             2778    interval
c reordered:                                3            16667    interval
c rephased:                                 7             7143    interval
c restarts:                              5190               10    interval
c strengthened:                           417                0 %  checks
c substituted:                           1949               15 %  variables
c subsumed:                              1167                0 %  checks
c switched:                                11             4546    interval
c vivified:                             14419               12 %  checks
c walks:                                    2            25001    interval
c
c ---- [ glue usage ] --------------------------------------------------------
c
c focused glue 1 used 41967 clauses 61.55% accumulated 61.55% tier1
c focused glue 2 used 14489 clauses 21.25% accumulated 82.80%
c focused glue 3 used  4650 clauses  6.82% accumulated 89.62%
c focused glue 4 used  1934 clauses  2.84% accumulated 92.45% tier2
c
c stable glue 2    used 33279 clauses 19.25% accumulated 65.89% tier1
c stable glue 3    used 13872 clauses  8.02% accumulated 73.91%
c stable glue 4-10 used 25957 clauses 15.01% accumulated 88.92%
c stable glue 11   used  1554 clauses  0.90% accumulated 89.82%
c stable glue 12   used  1255 clauses  0.73% accumulated 90.55% tier2
c
c ---- [ resources ] ---------------------------------------------------------
c
c maximum-resident-set-size:      22229811200 bytes      21200 MB
c process-time:                             1s               1.32 seconds
c
c ---- [ shutting down ] -----------------------------------------------------
c
c exit 0
