c ---- [ banner ] ------------------------------------------------------------
c
c Kissat SAT Solver
c 
c Copyright (c) 2021-2024 Armin Biere University of Freiburg
c Copyright (c) 2019-2021 Armin Biere Johannes Kepler University Linz
c 
c Version 4.0.4 unknown
c Apple clang version 17.0.0 (clang-1700.3.19.1) -W -Wall -O3 -DNDEBUG
c Thu Oct 16 20:09:41 UTC 2025 Darwin Tahoe-arm64.local 25.0.0 arm64
c
c ---- [ parsing ] -----------------------------------------------------------
c
c opened and reading DIMACS file:
c
c   headline_hunt/bets/cascade_aux_encoding/cnfs/aux_force_sr61_n32_bit10_m3304caa0_fill80000000.cnf
c
c parsed 'p cnf 12816 53698' header
c closing input after reading 976018 bytes (953 KB)
c finished parsing after 0.00 seconds
c
c ---- [ options ] -----------------------------------------------------------
c
c --seed=13                        (different from default '0')
c
c ---- [ limits ] ------------------------------------------------------------
c
c conflict limit set to 50000 conflicts
c
c ---- [ solving ] -----------------------------------------------------------
c
c seconds switched rate     size/glue tier1  binary         remaining
c        MB reductions conflicts size  tier2    irredundant
c         level restarts redundant glue  trail         variables
c
c *  0.00  9 0 0 0  0 0   0   0 0.0 0 0 0 0 0% 3122 50063 12335 96%
c (  0.00  9 0 0 0  0 0   0   0 0.0 0 0 0 0 0% 3122 50063 12335 96%
c .  0.01  9 0 0 0  0 0   0   0 0.0 0 0 0 0 0% 4018 48143 12335 96%
c c  0.02 14 0 0 0  0 0   0   0 0.0 0 0 0 0 0% 5804 42265 10531 82%
c d  0.02 14 0 0 0  0 0   0   0 0.0 0 0 0 0 0% 3122 42265 10531 82%
c =  0.03 14 0 0 0  0 0   0   0 0.0 0 0 0 0 0% 2986 42265 10529 82%
c d  0.03 14 0 0 0  0 0   0   0 0.0 0 0 0 0 0% 2982 42265 10529 82%
c f  0.04 14 0 0 0  0 0   0   0 0.0 0 0 0 0 0% 3318 41688 10709 84%
c )  0.04 14 0 0 0  0 0   0   0 0.0 0 0 0 0 0% 3318 41688 10709 84%
c {  0.04 14 0 0 0  0 0   0   0 0.0 0 0 2 6 0% 3318 41688 10709 84%
c -  0.05 14 250 0 1 195 52 1002 734 1.5 4 3 2 4 10% 3395 41685 10709 84%
c }  0.05 14 250 1 1 195 52 1002 734 1.5 4 3 2 4 10% 3395 41685 10709 84%
c [  0.05 14 0 1 1 195 0 1002 734 0.0 0 0 2 6 0% 3395 41685 10709 84%
c B  0.05 14 0 1 1 195 0 1002 734 0.0 0 0 2 6 0% 3395 41685 10709 84%
c i  0.05 14 502 1 1 195 5 1544 1114 1.4 17 12 6 23 10% 3415 41685 10708 84%
c -  0.05 14 486 1 2 195 5 2004 1319 1.5 13 9 3 13 12% 3420 41685 10708 84%
c W  0.06 14 486 1 2 195 5 2004 1319 1.5 13 9 3 13 12% 3420 41683 10708 84%
c c  0.07 14 389 1 2 196 9 2558 1758 1.5 12 8 3 11 13% 3477 41529 10670 83%
c d  0.07 14 389 1 2 196 9 2558 1717 1.5 12 8 3 11 13% 3403 41527 10667 83%
c u  0.07 14 389 1 2 196 9 2558 1332 1.5 12 8 3 11 13% 3401 41527 10667 83%
c
c seconds   switched  rate       size/glue tier1     binary         remaining
c        MB  reductions conflicts      size  tier2      irredundant
c          level restarts   redundant    glue    trail         variables
c
c v  0.08 14 389 1 2 196 9 2558 1242 1.5 12 8 3 11 13% 3401 41527 10667 83%
c w  0.08 14 389 1 2 196 9 2558 1104 1.5 12 8 3 11 13% 3401 41527 10667 83%
c x  0.08 14 389 1 2 196 9 2558 1104 1.5 12 8 3 11 13% 3401 41438 10667 83%
c d  0.10 14 389 1 2 196 9 2558 1100 1.5 12 8 3 11 13% 3395 41438 10664 83%
c c  0.11 14 389 1 2 196 9 2558 1100 1.5 12 8 3 11 13% 3412 41394 10654 83%
c d  0.11 14 389 1 2 196 9 2558 1090 1.5 12 8 3 11 13% 3392 41394 10654 83%
c u  0.11 14 389 1 2 196 9 2558 1045 1.5 12 8 3 11 13% 3394 41394 10654 83%
c v  0.11 14 389 1 2 196 9 2558 1018 1.5 12 8 3 11 13% 3394 41394 10654 83%
c w  0.11 14 389 1 2 196 9 2558 959 1.5 12 8 3 11 13% 3394 41394 10654 83%
c ]  0.12 14 349 2 2 196 8 3135 1409 1.6 13 8 3 11 15% 3419 41394 10654 83%
c {  0.12 14 250 2 2 196 52 3135 1409 1.5 4 3 2 4 10% 3419 41394 10654 83%
c -  0.12 14 225 2 3 234 45 3418 1456 1.6 4 3 2 5 10% 3444 41391 10654 83%
c }  0.13 14 170 3 3 460 39 4135 2024 1.6 5 3 2 5 9% 3495 41388 10654 83%
c [  0.13 14 349 3 3 460 8 4135 2024 1.6 13 8 3 11 15% 3495 41388 10654 83%
c I  0.13 14 331 3 3 460 7 4263 2132 1.5 13 8 3 11 14% 3500 41388 10654 83%
c -  0.13 15 315 3 4 460 7 5150 2679 1.6 13 8 3 13 17% 3522 41388 10654 83%
c ]  0.14 15 308 4 4 461 7 5392 2896 1.6 13 8 3 13 18% 3534 41388 10654 83%
c {  0.14 15 170 4 4 461 39 5392 2896 1.6 5 3 2 5 9% 3534 41388 10654 83%
c -  0.17 15 126 4 5 1072 34 7151 3867 1.7 6 4 2 5 9% 3721 41355 10654 83%
c }  0.17 15 120 5 5 1214 33 7747 4364 1.7 7 4 2 5 9% 3749 41353 10654 83%
c
c seconds   switched   rate       size/glue tier1     binary         remaining
c        MB  reductions conflicts       size  tier2      irredundant
c          level  restarts   redundant    glue    trail         variables
c
c [  0.17 15 308 5 5 1214 7 7747 4364 1.6 13 8 3 13 18% 3749 41353 10654 83%
c d  0.18 15 300 5 5 1214 7 7872 4446 1.7 13 8 3 13 19% 3684 41353 10618 83%
c u  0.18 15 300 5 5 1214 7 7872 3723 1.7 13 8 3 13 19% 3706 41353 10618 83%
c v  0.18 15 300 5 5 1214 7 7872 3367 1.7 13 8 3 13 19% 3709 41353 10618 83%
c w  0.19 15 300 5 5 1214 7 7872 3334 1.7 13 8 3 13 19% 3709 41353 10618 83%
c x  0.19 15 300 5 5 1214 7 7872 3334 1.7 13 8 3 13 19% 3761 41226 10618 83%
c =  0.20 15 300 5 5 1214 7 7872 3334 1.7 13 8 3 13 19% 3971 41222 10513 82%
c d  0.20 15 300 5 5 1214 7 7872 3274 1.7 13 8 3 13 19% 3751 41222 10511 82%
c t  0.20 15 300 5 5 1214 7 7872 3274 1.7 13 8 3 13 19% 3735 41222 10511 82%
c f  0.21 15 300 5 5 1214 7 7872 3274 1.7 13 8 3 13 19% 3742 41207 10515 82%
c c  0.22 15 300 5 5 1214 7 7872 3238 1.7 13 8 3 13 19% 3756 41163 10504 82%
c d  0.22 15 300 5 5 1214 7 7872 3238 1.7 13 8 3 13 19% 3734 41163 10504 82%
c u  0.22 15 300 5 5 1214 7 7872 3120 1.7 13 8 3 13 19% 3742 41163 10504 82%
c v  0.22 15 300 5 5 1214 7 7872 3032 1.7 13 8 3 13 19% 3743 41163 10504 82%
c w  0.22 15 300 5 5 1214 7 7872 2908 1.7 13 8 3 13 19% 3743 41163 10504 82%
c x  0.23 15 300 5 5 1214 7 7872 2908 1.7 13 8 3 13 19% 3812 40817 10504 82%
c =  0.24 15 300 5 5 1214 7 7872 2908 1.7 13 8 3 13 19% 3926 40817 10447 82%
c d  0.24 15 300 5 5 1214 7 7872 2838 1.7 13 8 3 13 19% 3798 40817 10447 82%
c t  0.24 15 300 5 5 1214 7 7872 2838 1.7 13 8 3 13 19% 3788 40817 10447 82%
c B  0.25 15 291 5 5 1214 7 8035 2956 1.7 13 8 3 13 18% 3805 40815 10447 82%
c
c seconds   switched   rate       size/glue  tier1     binary         remaining
c        MB  reductions conflicts       size   tier2      irredundant
c          level  restarts   redundant     glue    trail         variables
c
c -  0.28 15 241 5 6 1215 6 9387 3472 2.0 21 11 2 13 20% 3825 40815 10447 82%
c ]  0.29 15 235 6 6 1215 6 9618 3698 2.1 23 11 2 13 21% 3825 40815 10447 82%
c {  0.29 15 120 6 6 1215 33 9618 3698 1.7 7 4 2 5 9% 3825 40815 10447 82%
c o  0.29 15 115 6 6 1247 31 10062 4083 1.7 7 4 2 5 9% 3854 40814 10447 82%
c -  0.32 15 106 6 7 1463 26 11836 4938 1.7 7 4 2 4 9% 3957 40810 10447 82%
c s  0.34 15 100 6 7 1636 25 12770 5792 1.7 7 4 2 4 9% 3998 39992 10447 82%
c e  0.36 18 100 6 7 1636 25 12770 5792 1.7 7 4 2 4 9% 2519 35029 6396 50%
c 2  0.36 18 100 6 7 1636 25 12770 5792 1.7 7 4 2 4 9% 2518 35029 6396 50%
c s  0.36 18 100 6 7 1636 25 12770 5792 1.7 7 4 2 4 9% 2525 34730 6396 50%
c e  0.36 18 100 6 7 1636 25 12770 5792 1.7 7 4 2 4 9% 2344 34747 6308 49%
c ^  0.36 18 100 6 7 1636 25 12770 5792 1.7 7 4 2 4 9% 2344 34747 6308 49%
c }  0.37 18 99 7 7 1790 23 13687 3930 1.7 7 4 2 4 10% 2376 34745 6308 49%
c [  0.37 18 235 7 7 1790 6 13687 3930 2.1 23 11 2 13 21% 2376 34745 6308 49%
c W  0.38 18 235 7 7 1790 6 13687 3930 2.1 23 11 2 13 21% 2376 34745 6308 49%
c -  0.40 18 220 7 8 1790 5 14483 4123 2.1 28 13 2 12 21% 2382 34745 6308 49%
c c  0.43 18 195 7 8 1792 5 16126 5646 2.1 30 14 2 12 23% 2396 34721 6301 49%
c d  0.43 18 195 7 8 1792 5 16126 5637 2.1 30 14 2 12 23% 2377 34721 6299 49%
c u  0.44 18 195 7 8 1792 5 16126 4964 2.1 30 14 2 12 23% 2389 34721 6299 49%
c v  0.44 18 195 7 8 1792 5 16126 4678 2.1 30 14 2 12 23% 2390 34721 6299 49%
c w  0.44 18 195 7 8 1792 5 16126 4672 2.1 30 14 2 12 23% 2390 34721 6299 49%
c
c seconds   switched   rate        size/glue  tier1     binary        remaining
c        MB  reductions  conflicts       size   tier2      irredundant
c          level  restarts    redundant     glue    trail        variables
c
c x  0.45 18 195 7 8 1792 5 16126 4671 2.1 30 14 2 12 23% 2400 34543 6299 49%
c d  0.47 18 195 7 8 1792 5 16126 4670 2.1 30 14 2 12 23% 2398 34543 6298 49%
c t  0.48 18 195 7 8 1792 5 16126 4670 2.1 30 14 2 12 23% 2387 34543 6298 49%
c f  0.48 18 195 7 8 1792 5 16126 4670 2.1 30 14 2 12 23% 2402 34503 6306 49%
c u  0.50 20 195 7 8 1792 5 16126 4565 2.1 30 14 2 12 23% 2406 34503 6305 49%
c v  0.50 20 195 7 8 1792 5 16126 4497 2.1 30 14 2 12 23% 2406 34503 6305 49%
c w  0.51 20 195 7 8 1792 5 16126 4450 2.1 30 14 2 12 23% 2406 34503 6305 49%
c x  0.51 20 195 7 8 1792 5 16126 4450 2.1 30 14 2 12 23% 2410 34455 6305 49%
c d  0.51 20 195 7 8 1792 5 16126 4450 2.1 30 14 2 12 23% 2408 34455 6304 49%
c t  0.51 20 195 7 8 1792 5 16126 4450 2.1 30 14 2 12 23% 2405 34455 6304 49%
c f  0.52 20 195 7 8 1792 5 16126 4450 2.1 30 14 2 12 23% 2413 34438 6308 49%
c -  0.55 20 182 7 9 1792 4 17311 4580 2.2 30 14 2 12 23% 2412 34438 6308 49%
c ]  0.55 20 181 8 9 1792 4 17375 4641 2.2 30 14 2 12 23% 2412 34438 6308 49%
c {  0.55 20 99 8 9 1792 23 17375 4641 1.7 7 4 2 4 10% 2412 34438 6308 49%
c o  0.59 20 92 8 9 2393 23 20063 6907 1.7 8 5 2 4 10% 2511 34438 6308 49%
c -  0.60 22 92 8 10 2446 23 20312 6035 1.7 8 5 1 4 10% 2512 34438 6308 49%
c -  0.66 23 88 8 11 3191 23 23477 7575 1.7 9 5 1 4 11% 2587 34438 6308 49%
c }  0.66 23 88 9 11 3207 23 23535 7624 1.7 9 5 1 4 11% 2590 34438 6308 49%
c [  0.66 23 181 9 11 3207 4 23535 7624 2.2 30 14 2 12 23% 2590 34438 6308 49%
c O  0.66 23 181 9 11 3207 4 23535 7624 2.2 30 14 2 12 23% 2590 34438 6308 49%
c
c seconds   switched    rate        size/glue  tier1     binary        remaining
c        MB   reductions  conflicts       size   tier2      irredundant
c          level   restarts    redundant     glue    trail        variables
c
c s  0.71 23 163 9 11 3209 4 25688 9675 2.3 35 15 2 12 25% 2598 34410 6308 49%
c e  0.72 23 163 9 11 3209 4 25688 9675 2.3 35 15 2 12 25% 2021 35147 5928 46%
c 2  0.72 23 163 9 11 3209 4 25688 9675 2.3 35 15 2 12 25% 2020 35147 5928 46%
c s  0.72 23 163 9 11 3209 4 25688 9675 2.3 35 15 2 12 25% 2078 34714 5928 46%
c e  0.73 23 163 9 11 3209 4 25688 9675 2.3 35 15 2 12 25% 2049 34102 5815 45%
c ^  0.73 23 163 9 11 3209 4 25688 9675 2.3 35 15 2 12 25% 2049 34102 5815 45%
c -  0.75 23 158 9 12 3209 4 26795 5723 2.3 37 17 2 11 26% 2052 34102 5815 45%
c d  0.76 23 155 9 12 3209 3 27629 6531 2.2 39 18 2 11 26% 2050 34100 5814 45%
c u  0.77 23 155 9 12 3209 3 27629 6014 2.2 39 18 2 11 26% 2064 34100 5814 45%
c v  0.77 23 155 9 12 3209 3 27629 5275 2.2 39 18 2 11 26% 2071 34100 5814 45%
c w  0.79 23 155 9 12 3209 3 27629 5210 2.2 39 18 2 11 26% 2071 34100 5814 45%
c d  0.82 23 155 9 12 3209 3 27629 5195 2.2 39 18 2 11 26% 2055 34100 5806 45%
c t  0.82 23 155 9 12 3209 3 27629 5195 2.2 39 18 2 11 26% 2045 34100 5806 45%
c f  0.82 23 155 9 12 3209 3 27629 5195 2.2 39 18 2 11 26% 2165 33753 5867 46%
c c  0.83 23 155 9 12 3209 3 27629 5179 2.2 39 18 2 11 26% 2170 33707 5863 46%
c d  0.83 23 155 9 12 3209 3 27629 5179 2.2 39 18 2 11 26% 2162 33707 5863 46%
c u  0.84 23 155 9 12 3209 3 27629 5087 2.2 39 18 2 11 26% 2164 33707 5863 46%
c v  0.84 23 155 9 12 3209 3 27629 4916 2.2 39 18 2 11 26% 2165 33707 5863 46%
c w  0.85 23 155 9 12 3209 3 27629 4877 2.2 39 18 2 11 26% 2165 33707 5863 46%
c x  0.86 23 155 9 12 3209 3 27629 4877 2.2 39 18 2 11 26% 2176 33493 5863 46%
c
c seconds   switched    rate        size/glue  tier1     binary        remaining
c        MB   reductions  conflicts       size   tier2      irredundant
c          level   restarts    redundant     glue    trail        variables
c
c d  0.86 23 155 9 12 3209 3 27629 4875 2.2 39 18 2 11 26% 2172 33493 5861 46%
c t  0.86 23 155 9 12 3209 3 27629 4875 2.2 39 18 2 11 26% 2157 33493 5861 46%
c -  0.91 23 147 9 13 3212 3 30259 5437 2.3 42 18 2 12 26% 2167 33493 5861 46%
c ]  0.95 23 143 10 13 3213 3 32526 7631 2.3 46 20 2 12 26% 2173 33493 5861 46%
c {  0.95 23 88 10 13 3213 23 32526 7631 1.7 9 5 1 4 11% 2173 33493 5861 46%
c -  0.97 23 86 10 14 3461 23 33864 7138 1.7 9 5 1 4 11% 2177 33493 5861 46%
c -  1.04 23 84 10 15 4240 22 37607 9079 1.7 10 6 1 4 11% 2213 33493 5861 46%
c o  1.08 23 82 10 15 4667 21 40118 11425 1.8 10 6 1 4 12% 2231 33493 5861 46%
c }  1.11 23 81 11 15 4917 21 41154 12390 1.8 11 6 1 4 12% 2238 33493 5861 46%
c [  1.11 23 143 11 15 4917 3 41154 12390 2.3 46 20 2 12 26% 2238 33493 5861 46%
c B  1.11 23 143 11 15 4917 3 41154 12390 2.3 46 20 2 12 26% 2238 33493 5861 46%
c -  1.11 23 142 11 16 4917 3 41479 10820 2.3 46 20 2 13 26% 2238 33493 5861 46%
c d  1.12 23 140 11 16 4918 3 42472 11747 2.3 46 20 2 13 26% 2210 33493 5845 46%
c u  1.13 23 140 11 16 4918 3 42472 10960 2.3 46 20 2 13 26% 2215 33493 5845 46%
c v  1.14 23 140 11 16 4918 3 42472 10361 2.3 46 20 2 13 26% 2216 33493 5845 46%
c w  1.14 23 140 11 16 4918 3 42472 10357 2.3 46 20 2 13 26% 2216 33493 5845 46%
c x  1.15 23 140 11 16 4918 3 42472 10355 2.3 46 20 2 13 26% 2247 33303 5845 46%
c d  1.15 23 140 11 16 4918 3 42472 10308 2.3 46 20 2 13 26% 2239 33303 5841 46%
c t  1.15 23 140 11 16 4918 3 42472 10308 2.3 46 20 2 13 26% 2231 33303 5841 46%
c f  1.15 23 140 11 16 4918 3 42472 10308 2.3 46 20 2 13 26% 2228 33303 5842 46%
c
c seconds    switched    rate         size/glue  tier1     binary        remaining
c        MB    reductions  conflicts        size   tier2      irredundant
c          level    restarts     redundant     glue    trail        variables
c
c u  1.16 23 140 11 16 4918 3 42472 10212 2.3 46 20 2 13 26% 2228 33303 5842 46%
c v  1.17 23 140 11 16 4918 3 42472 9743 2.3 46 20 2 13 26% 2228 33303 5842 46%
c w  1.17 23 140 11 16 4918 3 42472 9736 2.3 46 20 2 13 26% 2228 33303 5842 46%
c x  1.18 23 140 11 16 4918 3 42472 9732 2.3 46 20 2 13 26% 2232 33181 5842 46%
c =  1.21 23 140 11 16 4918 3 42472 9732 2.3 46 20 2 13 26% 2928 33180 5494 43%
c d  1.21 23 140 11 16 4918 3 42472 9706 2.3 46 20 2 13 26% 2215 33180 5494 43%
c t  1.22 23 140 11 16 4918 3 42472 9706 2.3 46 20 2 13 26% 2212 33180 5494 43%
c -  1.27 23 133 11 17 4920 3 45479 9836 2.3 46 20 2 12 26% 2214 33180 5494 43%
c -  1.34 23 127 11 18 4923 3 49604 10043 2.4 48 20 2 12 25% 2218 33180 5494 43%
c ]  1.34 23 127 11 18 4923 3 50000 10426 2.4 48 20 2 12 25% 2220 33180 5494 43%
c ?  1.34 23 81 11 18 4923 21 50000 10426 1.8 11 6 1 4 12% 2220 33180 5494 43%
c
c ---- [ result ] ------------------------------------------------------------
c
s UNKNOWN
c
c ---- [ profiling ] ---------------------------------------------------------
c
c           0.83   61.36 %  search
c           0.48   35.42 %  simplify
c           0.46   33.95 %  probe
c           0.45   33.19 %  stable
c           0.38   28.17 %  focused
c           0.16   12.16 %  vivify
c           0.15   10.85 %  sweep
c           0.06    4.41 %  congruence
c           0.05    3.76 %  eliminate
c           0.05    3.40 %  factor
c           0.04    2.82 %  preprocess
c           0.03    2.40 %  substitute
c           0.02    1.21 %  reduce
c           0.01    0.71 %  subsume
c           0.01    0.45 %  transitive
c           0.01    0.44 %  walking
c           0.00    0.29 %  parse
c           0.00    0.27 %  backbone
c           0.00    0.09 %  lucky
c =============================================
c           1.35  100.00 %  total
c
c ---- [ statistics ] --------------------------------------------------------
c
c chronological:                          480                1 %  conflicts
c conflicts:                            50000            37131.57 per second
c congruent:                             1644               13 %  variables
c decisions:                           537836               10.76 per conflict
c eliminated:                            4632               36 %  variables
c factored:                               258                2 %  variables
c iterations:                               1                0 %  variables
c propagations:                      13201402          9803776    per second
c reductions:                              18             2778    interval
c reordered:                                3            16667    interval
c rephased:                                 7             7143    interval
c restarts:                              4923               10    interval
c strengthened:                           554                0 %  checks
c substituted:                           1999               16 %  variables
c subsumed:                              1509                0 %  checks
c switched:                                11             4545    interval
c vivified:                             12884               11 %  checks
c walks:                                    2            25000    interval
c
c ---- [ glue usage ] --------------------------------------------------------
c
c focused glue 1 used 38642 clauses 61.09% accumulated 61.09% tier1
c focused glue 2 used 13977 clauses 22.09% accumulated 83.18%
c focused glue 3 used  4104 clauses  6.49% accumulated 89.67%
c focused glue 4 used  1868 clauses  2.95% accumulated 92.62% tier2
c
c stable glue 2    used 33360 clauses 18.42% accumulated 66.53% tier1
c stable glue 3    used 13629 clauses  7.52% accumulated 74.06%
c stable glue 4-10 used 26866 clauses 14.83% accumulated 88.89%
c stable glue 11   used  1599 clauses  0.88% accumulated 89.77%
c stable glue 12   used  1569 clauses  0.87% accumulated 90.64% tier2
c
c ---- [ resources ] ---------------------------------------------------------
c
c maximum-resident-set-size:      25199378432 bytes      24032 MB
c process-time:                             1s               1.35 seconds
c
c ---- [ shutting down ] -----------------------------------------------------
c
c exit 0
