c ---- [ banner ] ------------------------------------------------------------
c
c Kissat SAT Solver
c 
c Copyright (c) 2021-2024 Armin Biere University of Freiburg
c Copyright (c) 2019-2021 Armin Biere Johannes Kepler University Linz
c 
c Version 4.0.4 unknown
c Apple clang version 17.0.0 (clang-1700.3.19.1) -W -Wall -O3 -DNDEBUG
c Thu Oct 16 20:09:41 UTC 2025 Darwin Tahoe-arm64.local 25.0.0 arm64
c
c ---- [ parsing ] -----------------------------------------------------------
c
c opened and reading DIMACS file:
c
c   headline_hunt/bets/cascade_aux_encoding/cnfs/aux_expose_sr61_n32_bit10_m3304caa0_fill80000000.cnf
c
c parsed 'p cnf 12816 53698' header
c closing input after reading 977741 bytes (955 KB)
c finished parsing after 0.00 seconds
c
c ---- [ options ] -----------------------------------------------------------
c
c --seed=7                         (different from default '0')
c
c ---- [ limits ] ------------------------------------------------------------
c
c conflict limit set to 50000 conflicts
c
c ---- [ solving ] -----------------------------------------------------------
c
c seconds switched rate     size/glue tier1  binary         remaining
c        MB reductions conflicts size  tier2    irredundant
c         level restarts redundant glue  trail         variables
c
c *  0.00  9 0 0 0  0 0   0   0 0.0 0 0 0 0 0% 3570 50063 12815 100%
c (  0.01  9 0 0 0  0 0   0   0 0.0 0 0 0 0 0% 3570 50063 12815 100%
c .  0.01  9 0 0 0  0 0   0   0 0.0 0 0 0 0 0% 3570 50063 12815 100%
c c  0.02 14 0 0 0  0 0   0   0 0.0 0 0 0 0 0% 5778 43296 10847 85%
c d  0.02 14 0 0 0  0 0   0   0 0.0 0 0 0 0 0% 3122 43296 10847 85%
c =  0.03 14 0 0 0  0 0   0   0 0.0 0 0 0 0 0% 3078 43296 10842 85%
c d  0.03 14 0 0 0  0 0   0   0 0.0 0 0 0 0 0% 3068 43296 10842 85%
c f  0.04 15 0 0 0  0 0   0   0 0.0 0 0 0 0 0% 3198 43034 10908 85%
c )  0.05 15 0 0 0  0 0   0   0 0.0 0 0 0 0 0% 3198 43034 10908 85%
c {  0.05 15 0 0 0  0 0   0   0 0.0 0 0 2 6 0% 3198 43034 10908 85%
c -  0.05 15 194 0 1 253 43 1000 667 1.5 4 3 2 5 7% 3319 43033 10908 85%
c }  0.05 15 194 1 1 253 43 1000 667 1.5 4 3 2 5 7% 3319 43033 10908 85%
c [  0.05 15 0 1 1 253 0 1000 667 0.0 0 0 2 6 0% 3319 43033 10908 85%
c B  0.05 15 500 1 1 253 248 1002 669 1.6 6 4 2 6 6% 3319 43033 10908 85%
c -  0.06 15 51 1 2 253 6 2001 1252 1.9 12 6 2 9 1% 3366 43033 10908 85%
c W  0.06 15 51 1 2 253 6 2006 1255 1.9 12 6 2 9 1% 3366 43033 10908 85%
c c  0.07 15 185 1 2 254 6 2559 1667 1.9 11 6 2 9 4% 3437 42670 10821 84%
c d  0.07 15 185 1 2 254 6 2559 1560 1.9 11 6 2 9 4% 3273 42670 10821 84%
c u  0.07 15 185 1 2 254 6 2559 1182 1.9 11 6 2 9 4% 3264 42670 10821 84%
c v  0.07 15 185 1 2 254 6 2559 1014 1.9 11 6 2 9 4% 3264 42670 10821 84%
c
c seconds   switched  rate      size/glue tier1   binary         remaining
c        MB  reductions conflicts     size  tier2    irredundant
c          level restarts   redundant   glue  trail         variables
c
c w  0.08 15 185 1 2 254 6 2559 827 1.9 11 6 2 9 4% 3264 42670 10821 84%
c x  0.08 15 185 1 2 254 6 2559 827 1.9 11 6 2 9 4% 3264 42601 10821 84%
c d  0.09 15 185 1 2 254 6 2559 825 1.9 11 6 2 9 4% 3262 42601 10820 84%
c c  0.10 15 185 1 2 254 6 2559 825 1.9 11 6 2 9 4% 3265 42593 10818 84%
c d  0.10 15 185 1 2 254 6 2559 822 1.9 11 6 2 9 4% 3261 42593 10818 84%
c u  0.11 15 185 1 2 254 6 2559 765 1.9 11 6 2 9 4% 3261 42593 10818 84%
c v  0.11 15 185 1 2 254 6 2559 711 1.9 11 6 2 9 4% 3261 42593 10818 84%
c w  0.11 15 185 1 2 254 6 2559 621 1.9 11 6 2 9 4% 3261 42593 10818 84%
c -  0.11 15 212 1 3 254 7 3415 1150 1.8 9 5 2 8 5% 3300 42593 10818 84%
c ]  0.12 15 250 2 3 255 8 3800 1484 1.8 10 6 2 8 7% 3304 42593 10818 84%
c {  0.12 15 194 2 3 255 43 3800 1484 1.5 4 3 2 5 7% 3304 42593 10818 84%
c }  0.13 15 194 3 3 469 41 4800 2212 1.5 5 3 2 5 8% 3399 42593 10818 84%
c [  0.13 15 250 3 3 469 8 4800 2212 1.8 10 6 2 8 7% 3399 42593 10818 84%
c I  0.13 15 250 3 3 469 8 4800 2212 1.8 10 6 2 8 7% 3399 42593 10818 84%
c -  0.13 15 257 3 4 469 7 5147 2304 1.7 12 7 2 9 9% 3404 42593 10818 84%
c ]  0.14 15 267 4 4 470 7 6046 3094 1.8 15 8 2 9 14% 3410 42593 10818 84%
c {  0.14 15 194 4 4 470 41 6046 3094 1.5 5 3 2 5 8% 3410 42593 10818 84%
c -  0.15 15 185 4 5 617 37 7148 3424 1.6 5 3 2 4 8% 3470 42592 10818 84%
c d  0.15 15 176 4 5 746 34 7872 3741 1.6 5 3 2 4 8% 3438 42588 10771 84%
c b  0.15 15 176 4 5 746 34 7872 3741 1.6 5 3 2 4 8% 3438 42588 10770 84%
c
c seconds   switched   rate       size/glue tier1  binary         remaining
c        MB  reductions conflicts      size  tier2    irredundant
c          level restarts    redundant   glue  trail         variables
c
c u  0.15 15 176 4 5 746 34 7872 2872 1.6 5 3 2 4 8% 3452 42588 10770 84%
c v  0.16 15 176 4 5 746 34 7872 2585 1.6 5 3 2 4 8% 3458 42588 10770 84%
c w  0.16 15 176 4 5 746 34 7872 2320 1.6 5 3 2 4 8% 3459 42588 10770 84%
c x  0.16 15 176 4 5 746 34 7872 2320 1.6 5 3 2 4 8% 3582 42315 10770 84%
c =  0.17 15 176 4 5 746 34 7872 2320 1.6 5 3 2 4 8% 3802 42315 10660 83%
c d  0.18 15 176 4 5 746 34 7872 2280 1.6 5 3 2 4 8% 3558 42311 10653 83%
c t  0.18 15 176 4 5 746 34 7872 2280 1.6 5 3 2 4 8% 3546 42311 10653 83%
c b  0.18 15 176 4 5 746 34 7872 2280 1.6 5 3 2 4 8% 3546 42311 10652 83%
c f  0.18 15 176 4 5 746 34 7872 2280 1.6 5 3 2 4 8% 3594 42214 10680 83%
c c  0.19 15 176 4 5 746 34 7872 2246 1.6 5 3 2 4 8% 3637 42065 10649 83%
c d  0.19 15 176 4 5 746 34 7872 2246 1.6 5 3 2 4 8% 3583 42065 10649 83%
c u  0.19 15 176 4 5 746 34 7872 2086 1.6 5 3 2 4 8% 3585 42065 10649 83%
c v  0.19 15 176 4 5 746 34 7872 1998 1.6 5 3 2 4 8% 3586 42065 10649 83%
c w  0.19 15 176 4 5 746 34 7872 1931 1.6 5 3 2 4 8% 3587 42065 10649 83%
c x  0.20 15 176 4 5 746 34 7872 1931 1.6 5 3 2 4 8% 3688 41613 10649 83%
c =  0.21 15 176 4 5 746 34 7872 1931 1.6 5 3 2 4 8% 3818 41589 10579 83%
c d  0.21 15 176 4 5 746 34 7872 1858 1.6 5 3 2 4 8% 3660 41589 10579 83%
c t  0.21 15 176 4 5 746 34 7872 1858 1.6 5 3 2 4 8% 3644 41589 10579 83%
c f  0.21 15 176 4 5 746 34 7872 1858 1.6 5 3 2 4 8% 3645 41587 10580 83%
c }  0.22 15 165 5 5 841 33 8398 2214 1.6 5 3 2 4 8% 3687 41587 10580 83%
c
c seconds   switched  rate       size/glue tier1    binary         remaining
c        MB  reductions conflicts      size  tier2     irredundant
c          level restarts   redundant    glue   trail         variables
c
c [  0.22 15 267 5 5 841 7 8398 2214 1.8 15 8 2 9 14% 3687 41587 10580 83%
c B  0.22 15 273 5 5 841 7 8571 2371 1.8 15 8 2 9 14% 3692 41587 10580 83%
c ]  0.24 15 245 6 5 841 6 9343 3118 2.1 25 12 2 9 15% 3700 41587 10580 83%
c {  0.24 15 165 6 5 841 33 9343 3118 1.6 5 3 2 4 8% 3700 41587 10580 83%
c -  0.24 15 168 6 6 845 34 9385 2596 1.6 5 3 2 4 8% 3709 41587 10580 83%
c o  0.24 15 160 6 6 980 32 10000 3089 1.6 5 3 2 4 8% 3782 41587 10580 83%
c -  0.28 15 132 6 7 1445 29 11834 4178 1.8 8 4 2 4 8% 3888 41586 10580 83%
c s  0.32 17 125 6 7 1697 28 12752 4986 1.9 9 5 2 4 8% 3956 40826 10580 83%
c e  0.34 18 125 6 7 1697 28 12752 4986 1.9 9 5 2 4 8% 2540 38981 6891 54%
c 2  0.34 18 125 6 7 1697 28 12752 4986 1.9 9 5 2 4 8% 2539 38981 6891 54%
c s  0.34 18 125 6 7 1697 28 12752 4986 1.9 9 5 2 4 8% 2554 38642 6891 54%
c e  0.35 18 125 6 7 1697 28 12752 4986 1.9 9 5 2 4 8% 2329 38845 6818 53%
c ^  0.35 18 125 6 7 1697 28 12752 4986 1.9 9 5 2 4 8% 2329 38845 6818 53%
c }  0.36 18 121 7 7 1834 28 13413 3322 1.9 9 5 2 4 8% 2362 38844 6818 53%
c [  0.36 18 245 7 7 1834 6 13413 3322 2.1 25 12 2 9 15% 2362 38844 6818 53%
c ]  0.48 18 226 8 7 1834 5 14066 3932 2.5 46 18 2 9 21% 2364 38844 6818 53%
c {  0.48 18 121 8 7 1834 28 14066 3932 1.9 9 5 2 4 8% 2364 38844 6818 53%
c -  0.49 20 121 8 8 1915 28 14479 3707 2.0 10 5 1 3 9% 2378 38844 6818 53%
c c  0.56 20 116 8 8 2356 28 16120 5209 2.0 13 6 1 3 10% 2439 38773 6806 53%
c d  0.56 20 116 8 8 2356 28 16120 5190 2.0 13 6 1 3 10% 2415 38773 6806 53%
c
c seconds   switched    rate        size/glue tier1    binary        remaining
c        MB  reductions   conflicts       size  tier2     irredundant
c          level  restarts     redundant    glue   trail        variables
c
c u  0.56 20 116 8 8 2356 28 16120 4797 2.0 13 6 1 3 10% 2421 38773 6806 53%
c v  0.56 20 116 8 8 2356 28 16120 4159 2.0 13 6 1 3 10% 2422 38773 6806 53%
c w  0.58 20 116 8 8 2356 28 16120 4129 2.0 13 6 1 3 10% 2422 38773 6806 53%
c x  0.59 20 116 8 8 2356 28 16120 4127 2.0 13 6 1 3 10% 2436 38439 6806 53%
c =  0.64 20 116 8 8 2356 28 16120 4127 2.0 13 6 1 3 10% 2472 38439 6788 53%
c d  0.64 20 116 8 8 2356 28 16120 4122 2.0 13 6 1 3 10% 2433 38439 6788 53%
c t  0.64 20 116 8 8 2356 28 16120 4122 2.0 13 6 1 3 10% 2415 38439 6788 53%
c f  0.65 20 116 8 8 2356 28 16120 4122 2.0 13 6 1 3 10% 2430 38394 6798 53%
c u  0.66 21 116 8 8 2356 28 16120 4022 2.0 13 6 1 3 10% 2432 38394 6798 53%
c v  0.66 21 116 8 8 2356 28 16120 3915 2.0 13 6 1 3 10% 2434 38394 6798 53%
c w  0.68 21 116 8 8 2356 28 16120 3567 2.0 13 6 1 3 10% 2435 38394 6798 53%
c x  0.69 21 116 8 8 2356 28 16120 3567 2.0 13 6 1 3 10% 2464 38049 6798 53%
c =  0.73 21 116 8 8 2356 28 16120 3567 2.0 13 6 1 3 10% 2468 38049 6796 53%
c d  0.73 21 116 8 8 2356 28 16120 3567 2.0 13 6 1 3 10% 2463 38049 6796 53%
c t  0.74 21 116 8 8 2356 28 16120 3567 2.0 13 6 1 3 10% 2459 38049 6796 53%
c f  0.74 21 116 8 8 2356 28 16120 3567 2.0 13 6 1 3 10% 2463 38041 6798 53%
c -  0.79 21 115 8 9 2655 28 17307 4003 2.0 15 8 1 3 11% 2486 38040 6798 53%
c o  0.92 21 112 8 9 3311 28 20003 6525 1.9 18 10 1 3 12% 2525 38040 6798 53%
c }  0.95 21 112 9 9 3372 28 20226 6725 1.9 19 10 1 3 13% 2527 38040 6798 53%
c [  0.95 21 226 9 9 3372 5 20226 6725 2.5 46 18 2 9 21% 2527 38040 6798 53%
c
c seconds   switched   rate        size/glue  tier1    binary        remaining
c        MB  reductions  conflicts       size   tier2     irredundant
c          level  restarts    redundant     glue   trail        variables
c
c W  0.95 21 226 9 9 3372 5 20226 6725 2.5 46 18 2 9 21% 2527 38040 6798 53%
c -  0.95 21 224 9 10 3372 5 20308 5658 2.5 46 18 1 7 21% 2527 38040 6798 53%
c ]  1.25 21 196 10 10 3373 5 21847 7133 2.8 80 29 1 7 30% 2530 38040 6798 53%
c {  1.25 21 112 10 10 3373 28 21847 7133 1.9 19 10 1 3 13% 2530 38040 6798 53%
c -  1.34 21 111 10 11 3776 28 23470 6873 1.9 21 11 1 3 13% 2552 38040 6798 53%
c s  1.42 21 115 10 11 4120 27 25585 8793 1.9 22 12 1 3 14% 2604 37936 6798 53%
c e  1.44 21 115 10 11 4120 27 25585 8793 1.9 22 12 1 3 14% 2163 38557 6522 51%
c s  1.44 21 115 10 11 4120 27 25585 8793 1.9 22 12 1 3 14% 2232 38326 6522 51%
c e  1.44 21 115 10 11 4120 27 25585 8793 1.9 22 12 1 3 14% 2228 38333 6519 51%
c ^  1.44 21 115 10 11 4120 27 25585 8793 1.9 22 12 1 3 14% 2228 38333 6519 51%
c -  1.49 21 119 10 12 4354 27 26786 6878 1.9 23 12 1 3 15% 2235 38333 6519 51%
c d  1.53 21 118 10 12 4485 27 27555 7602 2.0 24 12 1 3 15% 2237 38330 6517 51%
c u  1.54 21 118 10 12 4485 27 27555 6985 2.0 24 12 1 3 15% 2242 38330 6517 51%
c v  1.54 21 118 10 12 4485 27 27555 6238 2.0 24 12 1 3 15% 2245 38330 6517 51%
c w  1.56 21 118 10 12 4485 27 27555 5678 2.0 24 12 1 3 15% 2245 38330 6517 51%
c x  1.59 21 118 10 12 4485 27 27555 5666 2.0 24 12 1 3 15% 2259 37879 6517 51%
c =  1.70 21 118 10 12 4485 27 27555 5666 2.0 24 12 1 3 15% 3317 37779 5988 47%
c d  1.70 21 118 10 12 4485 27 27555 5517 2.0 24 12 1 3 15% 2244 37779 5988 47%
c t  1.70 21 118 10 12 4485 27 27555 5517 2.0 24 12 1 3 15% 2182 37779 5988 47%
c f  1.71 21 118 10 12 4485 27 27555 5517 2.0 24 12 1 3 15% 2215 37688 6006 47%
c
c seconds    switched     rate        size/glue  tier1    binary        remaining
c        MB    reductions   conflicts       size   tier2     irredundant
c          level    restarts     redundant     glue   trail        variables
c
c u  1.72 21 118 10 12 4485 27 27555 5315 2.0 24 12 1 3 15% 2215 37688 6006 47%
c v  1.72 21 118 10 12 4485 27 27555 5132 2.0 24 12 1 3 15% 2215 37688 6006 47%
c w  1.74 21 118 10 12 4485 27 27555 4910 2.0 24 12 1 3 15% 2215 37688 6006 47%
c x  1.76 21 118 10 12 4485 27 27555 4910 2.0 24 12 1 3 15% 2215 34199 6006 47%
c =  1.86 21 118 10 12 4485 27 27555 4910 2.0 24 12 1 3 15% 2667 34199 5780 45%
c d  1.87 21 118 10 12 4485 27 27555 4910 2.0 24 12 1 3 15% 2214 34199 5780 45%
c t  1.87 21 118 10 12 4485 27 27555 4910 2.0 24 12 1 3 15% 2204 34199 5780 45%
c -  1.90 21 120 10 13 4521 24 30252 6187 2.0 23 12 1 3 15% 2230 34199 5780 45%
c }  1.90 21 120 11 13 4522 24 30474 6399 2.0 23 12 1 3 15% 2231 34199 5780 45%
c [  1.90 21 196 11 13 4522 5 30474 6399 2.8 80 29 1 7 30% 2231 34199 5780 45%
c O  1.90 21 196 11 13 4522 5 30474 6399 2.8 80 29 1 7 30% 2231 34199 5780 45%
c -  1.95 21 166 11 14 4524 4 33857 7302 2.7 68 25 1 6 29% 2242 34199 5780 45%
c -  2.03 22 153 11 15 4527 3 37598 7715 2.6 70 27 1 8 29% 2248 34199 5780 45%
c B  2.09 22 147 11 15 4528 3 40235 10280 2.6 72 28 1 8 29% 2252 34199 5780 45%
c o  2.09 22 147 11 15 4528 3 40235 10280 2.6 72 28 1 8 29% 2252 34199 5780 45%
c -  2.12 22 144 11 16 4528 3 41470 8300 2.6 71 27 1 9 29% 2254 34199 5780 45%
c u  2.14 22 141 11 16 4528 3 42377 8658 2.6 70 27 1 9 28% 2262 34199 5780 45%
c v  2.14 22 141 11 16 4528 3 42377 7938 2.6 70 27 1 9 28% 2262 34199 5780 45%
c w  2.15 22 141 11 16 4528 3 42377 7933 2.6 70 27 1 9 28% 2262 34199 5780 45%
c x  2.15 22 141 11 16 4528 3 42377 7932 2.6 70 27 1 9 28% 2262 33630 5780 45%
c
c seconds    switched    rate        size/glue  tier1    binary        remaining
c        MB    reductions  conflicts       size   tier2     irredundant
c          level    restarts    redundant     glue   trail        variables
c
c t  2.18 22 141 11 16 4528 3 42377 7932 2.6 70 27 1 9 28% 2260 33630 5780 45%
c -  2.24 22 138 11 17 4531 3 45470 8150 2.5 69 28 1 11 28% 2261 33630 5780 45%
c ]  2.31 22 135 12 17 4533 2 49160 11727 2.4 71 30 1 11 28% 2261 33630 5780 45%
c {  2.31 22 120 12 17 4533 24 49160 11727 2.0 23 12 1 3 15% 2261 33630 5780 45%
c -  2.32 22 119 12 18 4545 24 49594 8696 2.0 23 12 1 3 16% 2266 33630 5780 45%
c }  2.32 22 119 12 18 4545 23 50000 9071 2.0 23 12 1 3 16% 2271 33630 5780 45%
c ?  2.32 22 119 12 18 4545 23 50000 9071 2.0 23 12 1 3 16% 2271 33630 5780 45%
c
c ---- [ result ] ------------------------------------------------------------
c
s UNKNOWN
c
c ---- [ profiling ] ---------------------------------------------------------
c
c           1.53   65.68 %  search
c           0.82   35.49 %  stable
c           0.75   32.31 %  simplify
c           0.73   31.52 %  probe
c           0.70   30.18 %  focused
c           0.38   16.39 %  sweep
c           0.21    9.19 %  vivify
c           0.06    2.43 %  congruence
c           0.05    2.08 %  eliminate
c           0.05    1.98 %  factor
c           0.04    1.69 %  preprocess
c           0.03    1.17 %  substitute
c           0.01    0.64 %  reduce
c           0.01    0.42 %  subsume
c           0.01    0.36 %  walking
c           0.01    0.22 %  transitive
c           0.00    0.16 %  parse
c           0.00    0.15 %  lucky
c           0.00    0.14 %  backbone
c =============================================
c           2.32  100.00 %  total
c
c ---- [ statistics ] --------------------------------------------------------
c
c chronological:                          597                1 %  conflicts
c conflicts:                            50000            21510.55 per second
c congruent:                             1835               14 %  variables
c decisions:                           608791               12.18 per conflict
c eliminated:                            4041               32 %  variables
c factored:                               125                1 %  variables
c propagations:                      22233114          9564929    per second
c reductions:                              18             2778    interval
c reordered:                                3            16667    interval
c rephased:                                 7             7143    interval
c restarts:                              4545               11    interval
c strengthened:                           632                0 %  checks
c substituted:                           2462               19 %  variables
c subsumed:                              1345                0 %  checks
c switched:                                12             4167    interval
c vivified:                             18649                9 %  checks
c walks:                                    2            25000    interval
c
c ---- [ glue usage ] --------------------------------------------------------
c
c focused glue 1 used 73436 clauses 66.50% accumulated 66.50% tier1
c focused glue 2 used 21157 clauses 19.16% accumulated 85.66%
c focused glue 3 used  6172 clauses  5.59% accumulated 91.25% tier2
c
c stable glue 2    used 40922 clauses 17.74% accumulated 66.39% tier1
c stable glue 3    used 16969 clauses  7.36% accumulated 73.75%
c stable glue 4-10 used 34810 clauses 15.09% accumulated 88.84%
c stable glue 11   used  1635 clauses  0.71% accumulated 89.55%
c stable glue 12   used  1557 clauses  0.67% accumulated 90.22% tier2
c
c ---- [ resources ] ---------------------------------------------------------
c
c maximum-resident-set-size:      23689428992 bytes      22592 MB
c process-time:                             2s               2.32 seconds
c
c ---- [ shutting down ] -----------------------------------------------------
c
c exit 0
