c ---- [ banner ] ------------------------------------------------------------
c
c Kissat SAT Solver
c 
c Copyright (c) 2021-2024 Armin Biere University of Freiburg
c Copyright (c) 2019-2021 Armin Biere Johannes Kepler University Linz
c 
c Version 4.0.4 unknown
c Apple clang version 17.0.0 (clang-1700.3.19.1) -W -Wall -O3 -DNDEBUG
c Thu Oct 16 20:09:41 UTC 2025 Darwin Tahoe-arm64.local 25.0.0 arm64
c
c ---- [ parsing ] -----------------------------------------------------------
c
c opened and reading DIMACS file:
c
c   headline_hunt/bets/cascade_aux_encoding/cnfs/aux_expose_sr61_n32_bit13_m4d9f691c_fill55555555.cnf
c
c parsed 'p cnf 12872 53915' header
c closing input after reading 982622 bytes (960 KB)
c finished parsing after 0.00 seconds
c
c ---- [ options ] -----------------------------------------------------------
c
c --seed=23                        (different from default '0')
c
c ---- [ limits ] ------------------------------------------------------------
c
c conflict limit set to 50000 conflicts
c
c ---- [ solving ] -----------------------------------------------------------
c
c seconds switched rate     size/glue tier1  binary         remaining
c        MB reductions conflicts size  tier2    irredundant
c         level restarts redundant glue  trail         variables
c
c *  0.00  9 0 0 0  0 0   0   0 0.0 0 0 0 0 0% 3608 50242 12871 100%
c (  0.01  9 0 0 0  0 0   0   0 0.0 0 0 0 0 0% 3608 50242 12871 100%
c .  0.01  9 0 0 0  0 0   0   0 0.0 0 0 0 0 0% 3608 50242 12871 100%
c c  0.02 14 0 0 0  0 0   0   0 0.0 0 0 0 0 0% 5834 43457 10894 85%
c d  0.02 14 0 0 0  0 0   0   0 0.0 0 0 0 0 0% 3160 43457 10894 85%
c =  0.04 14 0 0 0  0 0   0   0 0.0 0 0 0 0 0% 3102 43457 10890 85%
c d  0.04 14 0 0 0  0 0   0   0 0.0 0 0 0 0 0% 3094 43457 10890 85%
c f  0.05 15 0 0 0  0 0   0   0 0.0 0 0 0 0 0% 3224 43195 10956 85%
c )  0.05 15 0 0 0  0 0   0   0 0.0 0 0 0 0 0% 3224 43195 10956 85%
c {  0.05 15 0 0 0  0 0   0   0 0.0 0 0 2 6 0% 3224 43195 10956 85%
c -  0.06 15 213 0 1 215 46 1003 670 1.6 5 3 2 6 7% 3351 43195 10956 85%
c }  0.06 15 213 1 1 215 46 1003 670 1.6 5 3 2 6 7% 3351 43195 10956 85%
c [  0.06 15 0 1 1 215 0 1003 670 0.0 0 0 2 6 0% 3351 43195 10956 85%
c B  0.06 15 0 1 1 215 0 1003 670 0.0 0 0 2 6 0% 3351 43195 10956 85%
c -  0.06 15 471 1 2 215 3 2004 1357 1.5 11 7 2 9 6% 3366 43195 10956 85%
c W  0.07 15 471 1 2 215 3 2004 1357 1.5 11 7 2 9 6% 3366 43195 10956 85%
c c  0.08 15 349 1 2 216 5 2550 1709 1.6 10 6 2 8 5% 3436 43042 10915 85%
c d  0.08 15 349 1 2 216 5 2550 1665 1.6 10 6 2 8 5% 3356 43042 10915 85%
c u  0.08 15 349 1 2 216 5 2550 1252 1.6 10 6 2 8 5% 3349 43042 10915 85%
c v  0.08 15 349 1 2 216 5 2550 1052 1.6 10 6 2 8 5% 3350 43042 10915 85%
c
c seconds   switched  rate      size/glue tier1   binary         remaining
c        MB  reductions conflicts     size  tier2    irredundant
c          level restarts   redundant   glue  trail         variables
c
c w  0.09 15 349 1 2 216 5 2550 989 1.6 10 6 2 8 5% 3350 43042 10915 85%
c x  0.09 15 349 1 2 216 5 2550 989 1.6 10 6 2 8 5% 3350 42875 10915 85%
c d  0.10 15 349 1 2 216 5 2550 988 1.6 10 6 2 8 5% 3346 42875 10913 85%
c t  0.11 15 349 1 2 216 5 2550 988 1.6 10 6 2 8 5% 3338 42875 10913 85%
c u  0.12 15 349 1 2 216 5 2550 910 1.6 10 6 2 8 5% 3340 42875 10913 85%
c v  0.12 15 349 1 2 216 5 2550 857 1.6 10 6 2 8 5% 3340 42875 10913 85%
c w  0.12 15 349 1 2 216 5 2550 816 1.6 10 6 2 8 5% 3340 42875 10913 85%
c -  0.13 15 239 1 3 216 4 3419 1214 1.5 11 7 2 9 4% 3356 42875 10913 85%
c I  0.13 15 299 1 3 217 5 4263 1894 1.5 10 7 2 9 7% 3364 42875 10913 85%
c ]  0.13 15 287 2 3 217 5 4438 2037 1.5 10 7 2 8 7% 3369 42875 10913 85%
c {  0.13 15 213 2 3 217 46 4438 2037 1.6 5 3 2 6 7% 3369 42875 10913 85%
c -  0.14 15 202 2 4 389 47 5151 2272 1.5 5 3 2 5 9% 3433 42874 10913 85%
c }  0.14 15 193 3 4 473 46 5438 2531 1.5 5 3 2 5 9% 3441 42874 10913 85%
c [  0.14 15 287 3 4 473 5 5438 2531 1.5 10 7 2 8 7% 3441 42874 10913 85%
c -  0.16 15 259 3 5 474 5 7152 3462 1.8 15 8 2 10 10% 3472 42874 10913 85%
c d  0.17 15 240 3 5 475 5 7856 4025 1.8 15 8 2 10 10% 3435 42874 10894 85%
c u  0.17 15 240 3 5 475 5 7856 3348 1.8 15 8 2 10 10% 3456 42874 10894 85%
c v  0.17 15 240 3 5 475 5 7856 2952 1.8 15 8 2 10 10% 3457 42874 10894 85%
c w  0.18 15 240 3 5 475 5 7856 2717 1.8 15 8 2 10 10% 3457 42874 10894 85%
c x  0.18 16 240 3 5 475 5 7856 2717 1.8 15 8 2 10 10% 3525 42767 10894 85%
c
c seconds   switched  rate       size/glue tier1     binary         remaining
c        MB  reductions conflicts      size  tier2      irredundant
c          level restarts   redundant    glue    trail         variables
c
c d  0.20 16 240 3 5 475 5 7856 2702 1.8 15 8 2 10 10% 3503 42767 10883 85%
c t  0.20 16 240 3 5 475 5 7856 2702 1.8 15 8 2 10 10% 3500 42767 10883 85%
c f  0.20 16 240 3 5 475 5 7856 2702 1.8 15 8 2 10 10% 3521 42731 10896 85%
c c  0.21 16 240 3 5 475 5 7856 2682 1.8 15 8 2 10 10% 3550 42652 10877 85%
c d  0.21 16 240 3 5 475 5 7856 2682 1.8 15 8 2 10 10% 3514 42652 10877 85%
c u  0.22 16 240 3 5 475 5 7856 2521 1.8 15 8 2 10 10% 3518 42652 10877 85%
c v  0.22 16 240 3 5 475 5 7856 2317 1.8 15 8 2 10 10% 3518 42652 10877 85%
c w  0.22 16 240 3 5 475 5 7856 2165 1.8 15 8 2 10 10% 3518 42652 10877 85%
c x  0.23 16 240 3 5 475 5 7856 2165 1.8 15 8 2 10 10% 3734 42199 10877 85%
c d  0.23 16 240 3 5 475 5 7856 2165 1.8 15 8 2 10 10% 3730 42199 10875 84%
c t  0.23 16 240 3 5 475 5 7856 2165 1.8 15 8 2 10 10% 3720 42199 10875 84%
c ]  0.23 16 240 4 5 475 5 7908 2209 1.8 15 8 2 10 10% 3720 42199 10875 84%
c {  0.23 16 193 4 5 475 46 7908 2209 1.5 5 3 2 5 9% 3720 42199 10875 84%
c -  0.24 16 163 4 6 793 40 9388 3014 1.5 5 3 2 5 8% 3774 42197 10875 84%
c o  0.25 16 159 4 6 927 39 10001 3538 1.5 5 4 2 5 8% 3798 42197 10875 84%
c }  0.26 16 156 5 6 1022 39 10260 3764 1.6 6 4 2 5 8% 3816 42197 10875 84%
c [  0.26 16 240 5 6 1022 5 10260 3764 1.8 15 8 2 10 10% 3816 42197 10875 84%
c B  0.26 16 240 5 6 1022 5 10260 3764 1.8 15 8 2 10 10% 3816 42197 10875 84%
c -  0.27 16 233 5 7 1023 5 11838 4544 1.8 16 9 2 10 13% 3851 42197 10875 84%
c s  0.29 18 235 5 7 1024 4 12749 5391 2.0 21 10 2 10 15% 3862 42087 10875 84%
c
c seconds   switched   rate        size/glue  tier1     binary        remaining
c        MB  reductions  conflicts       size   tier2      irredundant
c          level  restarts    redundant     glue    trail        variables
c
c e  0.31 19 235 5 7 1024 4 12749 5391 2.0 21 10 2 10 15% 2625 40035 7120 55%
c 2  0.31 19 235 5 7 1024 4 12749 5391 2.0 21 10 2 10 15% 2623 40035 7120 55%
c s  0.32 19 235 5 7 1024 4 12749 5391 2.0 21 10 2 10 15% 2630 39697 7120 55%
c e  0.32 19 235 5 7 1024 4 12749 5391 2.0 21 10 2 10 15% 2346 39975 7022 55%
c ^  0.32 19 235 5 7 1024 4 12749 5391 2.0 21 10 2 10 15% 2346 39975 7022 55%
c ]  0.32 19 235 6 7 1024 4 12781 2875 2.0 21 11 2 10 15% 2346 39975 7022 55%
c {  0.32 19 156 6 7 1024 39 12781 2875 1.6 6 4 2 5 8% 2346 39975 7022 55%
c -  0.36 21 133 6 8 1421 34 14484 3892 1.7 8 4 2 5 8% 2479 39974 7022 55%
c c  0.41 21 119 6 8 1879 32 16097 5312 1.8 9 5 2 5 9% 2572 39869 7006 54%
c d  0.41 21 119 6 8 1879 32 16097 5289 1.8 9 5 2 5 9% 2535 39869 7003 54%
c u  0.41 21 119 6 8 1879 32 16097 4611 1.8 9 5 2 5 9% 2542 39869 7003 54%
c v  0.41 21 119 6 8 1879 32 16097 4142 1.8 9 5 2 5 9% 2547 39869 7003 54%
c w  0.42 21 119 6 8 1879 32 16097 4140 1.8 9 5 2 5 9% 2547 39869 7003 54%
c x  0.42 22 119 6 8 1879 32 16097 4140 1.8 9 5 2 5 9% 2547 39741 7003 54%
c d  0.42 22 119 6 8 1879 32 16097 4127 1.8 9 5 2 5 9% 2537 39733 6998 54%
c t  0.43 22 119 6 8 1879 32 16097 4127 1.8 9 5 2 5 9% 2528 39733 6998 54%
c f  0.43 22 119 6 8 1879 32 16097 4127 1.8 9 5 2 5 9% 2543 39690 7006 54%
c c  0.44 22 119 6 8 1879 32 16097 4112 1.8 9 5 2 5 9% 2544 39670 7001 54%
c d  0.44 22 119 6 8 1879 32 16097 4112 1.8 9 5 2 5 9% 2538 39670 7001 54%
c u  0.44 22 119 6 8 1879 32 16097 3969 1.8 9 5 2 5 9% 2543 39670 7001 54%
c
c seconds   switched    rate        size/glue tier1  binary        remaining
c        MB  reductions   conflicts      size  tier2    irredundant
c          level  restarts     redundant   glue  trail        variables
c
c v  0.45 22 119 6 8 1879 32 16097 3853 1.8 9 5 2 5 9% 2544 39670 7001 54%
c w  0.45 22 119 6 8 1879 32 16097 3851 1.8 9 5 2 5 9% 2544 39670 7001 54%
c x  0.46 22 119 6 8 1879 32 16097 3850 1.8 9 5 2 5 9% 2580 39468 7001 54%
c =  0.48 22 119 6 8 1879 32 16097 3850 1.8 9 5 2 5 9% 2594 39465 6994 54%
c d  0.48 22 119 6 8 1879 32 16097 3843 1.8 9 5 2 5 9% 2575 39465 6994 54%
c t  0.48 22 119 6 8 1879 32 16097 3843 1.8 9 5 2 5 9% 2574 39465 6994 54%
c f  0.49 22 119 6 8 1879 32 16097 3843 1.8 9 5 2 5 9% 2584 39442 7000 54%
c i  0.50 22 115 6 8 2050 32 16732 4435 1.9 10 5 2 5 9% 2597 39442 6999 54%
c i  0.50 22 115 6 8 2050 32 16733 4435 1.9 10 5 2 5 9% 2597 39442 6998 54%
c }  0.50 22 115 7 8 2078 32 16851 4550 1.9 10 5 2 5 9% 2599 39442 6998 54%
c [  0.50 22 235 7 8 2078 4 16851 4550 2.0 21 11 2 10 15% 2599 39442 6998 54%
c W  0.51 22 235 7 8 2078 4 16851 4550 2.0 21 11 2 10 15% 2595 39442 6998 54%
c -  0.53 22 236 7 9 2078 4 17312 4339 2.0 25 13 2 10 16% 2597 39442 6998 54%
c ]  0.62 22 219 8 9 2080 4 19669 6631 1.9 38 20 2 10 18% 2604 39442 6998 54%
c {  0.62 22 115 8 9 2080 32 19669 6631 1.9 10 5 2 5 9% 2604 39442 6998 54%
c o  0.63 22 114 8 9 2163 31 20001 6931 1.9 10 6 2 5 9% 2618 39440 6998 54%
c -  0.64 22 114 8 10 2244 31 20312 5468 1.9 11 6 1 4 9% 2621 39440 6998 54%
c -  0.83 22 111 8 11 3054 31 23475 6794 1.9 17 9 1 3 12% 2679 39440 6998 54%
c 2  0.96 22 109 8 11 3563 31 25562 8697 1.9 20 11 1 3 13% 2719 39440 6996 54%
c s  0.96 22 109 8 11 3563 31 25562 8697 1.9 20 11 1 3 13% 2721 39362 6996 54%
c
c seconds   switched     rate        size/glue  tier1    binary        remaining
c        MB   reductions   conflicts       size   tier2     irredundant
c          level   restarts     redundant     glue   trail        variables
c
c e  0.97 22 109 8 11 3563 31 25562 8697 1.9 20 11 1 3 13% 2363 39901 6750 52%
c s  0.97 22 109 8 11 3563 31 25562 8697 1.9 20 11 1 3 13% 2453 39666 6750 52%
c e  0.97 22 109 8 11 3563 31 25562 8697 1.9 20 11 1 3 13% 2451 39669 6749 52%
c ^  0.97 22 109 8 11 3563 31 25562 8697 1.9 20 11 1 3 13% 2451 39669 6749 52%
c }  1.00 22 109 9 11 3629 30 25829 7551 1.9 21 11 1 3 13% 2454 39669 6749 52%
c [  1.00 22 219 9 11 3629 4 25829 7551 1.9 38 20 2 10 18% 2454 39669 6749 52%
c O  1.00 22 219 9 11 3629 4 25829 7551 1.9 38 20 2 10 18% 2454 39669 6749 52%
c -  1.13 22 208 9 12 3629 3 26792 7095 2.0 46 23 1 8 20% 2456 39669 6749 52%
c u  1.26 22 201 9 12 3630 3 27506 7175 2.1 51 25 1 8 22% 2465 39669 6749 52%
c v  1.26 22 201 9 12 3630 3 27506 6558 2.1 51 25 1 8 22% 2467 39669 6749 52%
c w  1.29 22 201 9 12 3630 3 27506 5963 2.1 51 25 1 8 22% 2467 39669 6749 52%
c x  1.32 22 201 9 12 3630 3 27506 5957 2.1 51 25 1 8 22% 2495 38880 6749 52%
c t  1.32 22 201 9 12 3630 3 27506 5957 2.1 51 25 1 8 22% 2482 38880 6749 52%
c f  1.32 22 201 9 12 3630 3 27506 5957 2.1 51 25 1 8 22% 2510 38799 6764 53%
c u  1.34 22 201 9 12 3630 3 27506 5795 2.1 51 25 1 8 22% 2514 38799 6764 53%
c v  1.34 22 201 9 12 3630 3 27506 5601 2.1 51 25 1 8 22% 2514 38799 6764 53%
c w  1.36 22 201 9 12 3630 3 27506 5335 2.1 51 25 1 8 22% 2514 38799 6764 53%
c x  1.39 22 201 9 12 3630 3 27506 5335 2.1 51 25 1 8 22% 2518 38739 6764 53%
c =  1.48 22 201 9 12 3630 3 27506 5335 2.1 51 25 1 8 22% 2658 38738 6694 52%
c d  1.48 22 201 9 12 3630 3 27506 5291 2.1 51 25 1 8 22% 2503 38738 6694 52%
c
c seconds   switched    rate        size/glue  tier1    binary        remaining
c        MB   reductions  conflicts       size   tier2     irredundant
c          level   restarts    redundant     glue   trail        variables
c
c t  1.49 22 201 9 12 3630 3 27506 5291 2.1 51 25 1 8 22% 2499 38738 6694 52%
c ]  1.65 22 195 10 12 3631 3 28229 5966 2.1 57 28 1 8 24% 2499 38738 6694 52%
c {  1.65 22 109 10 12 3631 30 28229 5966 1.9 21 11 1 3 13% 2499 38738 6694 52%
c -  1.80 23 108 10 13 4106 30 30256 6289 1.9 24 12 1 2 15% 2518 38738 6694 52%
c -  2.00 23 109 10 14 4806 29 33861 8048 1.9 26 14 1 2 16% 2547 38738 6694 52%
c }  2.22 23 109 11 14 5484 28 36857 10855 1.9 29 15 1 2 17% 2560 38738 6694 52%
c [  2.22 23 195 11 14 5484 3 36857 10855 2.1 57 28 1 8 24% 2560 38738 6694 52%
c B  2.22 23 195 11 14 5484 3 36857 10855 2.1 57 28 1 8 24% 2560 38738 6694 52%
c -  2.34 23 190 11 15 5484 3 37602 8773 2.1 62 30 1 4 26% 2560 38738 6694 52%
c ]  2.83 23 173 12 15 5486 3 40352 11296 2.1 76 36 1 4 30% 2560 38738 6694 52%
c {  2.83 23 109 12 15 5486 28 40352 11296 1.9 29 15 1 2 17% 2560 38738 6694 52%
c o  2.83 23 109 12 15 5490 28 40369 11311 1.9 29 15 1 2 17% 2560 38738 6694 52%
c -  2.93 24 110 12 16 5725 28 41474 9195 1.9 31 16 1 2 17% 2566 38738 6694 52%
c d  2.99 24 110 12 16 5859 28 42215 9867 1.9 31 16 1 2 18% 2568 38738 6693 52%
c u  2.99 24 110 12 16 5859 28 42215 9096 1.9 31 16 1 2 18% 2573 38738 6693 52%
c v  3.00 24 110 12 16 5859 28 42215 8601 1.9 31 16 1 2 18% 2573 38738 6693 52%
c w  3.03 24 110 12 16 5859 28 42215 7763 1.9 31 16 1 2 18% 2574 38738 6693 52%
c =  3.22 24 110 12 16 5859 28 42215 7763 1.9 31 16 1 2 18% 3096 38507 6432 50%
c d  3.22 24 110 12 16 5859 28 42215 7528 1.9 31 16 1 2 18% 2548 38507 6432 50%
c t  3.22 24 110 12 16 5859 28 42215 7528 1.9 31 16 1 2 18% 2531 38507 6432 50%
c
c seconds    switched     rate        size/glue  tier1    binary        remaining
c        MB    reductions   conflicts       size   tier2     irredundant
c          level    restarts     redundant     glue   trail        variables
c
c u  3.23 24 110 12 16 5859 28 42215 7299 1.9 31 16 1 2 18% 2535 38507 6432 50%
c v  3.24 24 110 12 16 5859 28 42215 7169 1.9 31 16 1 2 18% 2535 38507 6432 50%
c w  3.26 24 110 12 16 5859 28 42215 6797 1.9 31 16 1 2 18% 2536 38507 6432 50%
c x  3.28 24 110 12 16 5859 28 42215 6795 1.9 31 16 1 2 18% 2539 36557 6432 50%
c =  3.34 24 110 12 16 5859 28 42215 6795 1.9 31 16 1 2 18% 2783 36557 6310 49%
c d  3.34 24 110 12 16 5859 28 42215 6651 1.9 31 16 1 2 18% 2534 36557 6310 49%
c t  3.34 24 110 12 16 5859 28 42215 6651 1.9 31 16 1 2 18% 2530 36557 6310 49%
c -  3.51 24 115 12 17 6276 27 45474 7608 1.9 32 17 1 2 18% 2543 36557 6310 49%
c -  3.69 24 119 12 18 6745 25 49597 9109 2.0 34 17 1 2 19% 2557 36557 6310 49%
c }  3.70 24 122 12 18 6772 25 50000 9482 2.0 34 17 1 2 19% 2561 36557 6310 49%
c ?  3.70 24 122 12 18 6772 25 50000 9482 2.0 34 17 1 2 19% 2561 36557 6310 49%
c
c ---- [ result ] ------------------------------------------------------------
c
s UNKNOWN
c
c ---- [ profiling ] ---------------------------------------------------------
c
c           2.78   75.22 %  search
c           1.56   42.33 %  focused
c           1.22   32.89 %  stable
c           0.86   23.38 %  simplify
c           0.85   22.88 %  probe
c           0.41   11.11 %  sweep
c           0.28    7.60 %  vivify
c           0.06    1.68 %  congruence
c           0.05    1.46 %  eliminate
c           0.05    1.26 %  factor
c           0.04    1.18 %  preprocess
c           0.03    0.94 %  substitute
c           0.02    0.43 %  reduce
c           0.01    0.29 %  subsume
c           0.01    0.18 %  transitive
c           0.01    0.17 %  walking
c           0.00    0.11 %  parse
c           0.00    0.10 %  backbone
c           0.00    0.10 %  lucky
c =============================================
c           3.70  100.00 %  total
c
c ---- [ statistics ] --------------------------------------------------------
c
c chronological:                          716                1 %  conflicts
c conflicts:                            50000            13521.18 per second
c congruent:                             1798               14 %  variables
c decisions:                           853000               17.06 per conflict
c eliminated:                            4100               32 %  variables
c factored:                               108                1 %  variables
c iterations:                               2                0 %  variables
c propagations:                      35247606          9531785    per second
c reductions:                              18             2778    interval
c reordered:                                3            16667    interval
c rephased:                                 7             7143    interval
c restarts:                              6772                7    interval
c strengthened:                           731                0 %  checks
c substituted:                           1921               15 %  variables
c subsumed:                               654                0 %  checks
c switched:                                12             4167    interval
c vivified:                             19824                9 %  checks
c walks:                                    2            25000    interval
c
c ---- [ glue usage ] --------------------------------------------------------
c
c focused glue 1 used 246838 clauses 77.70% accumulated 77.70% tier1
c focused glue 2 used  38952 clauses 12.26% accumulated 89.96%
c focused glue 3 used  13461 clauses  4.24% accumulated 94.20% tier2
c
c stable glue 1 used 266514 clauses 76.90% accumulated 76.90% tier1
c stable glue 2 used  36000 clauses 10.39% accumulated 87.29%
c stable glue 3 used  11685 clauses  3.37% accumulated 90.66% tier2
c
c ---- [ resources ] ---------------------------------------------------------
c
c maximum-resident-set-size:      25333596160 bytes      24160 MB
c process-time:                             4s               3.70 seconds
c
c ---- [ shutting down ] -----------------------------------------------------
c
c exit 0
