c ---- [ banner ] ------------------------------------------------------------
c
c Kissat SAT Solver
c 
c Copyright (c) 2021-2024 Armin Biere University of Freiburg
c Copyright (c) 2019-2021 Armin Biere Johannes Kepler University Linz
c 
c Version 4.0.4 unknown
c Apple clang version 17.0.0 (clang-1700.3.19.1) -W -Wall -O3 -DNDEBUG
c Thu Oct 16 20:09:41 UTC 2025 Darwin Tahoe-arm64.local 25.0.0 arm64
c
c ---- [ parsing ] -----------------------------------------------------------
c
c opened and reading DIMACS file:
c
c   headline_hunt/bets/cascade_aux_encoding/cnfs/aux_expose_sr61_n32_bit10_m3304caa0_fill80000000.cnf
c
c parsed 'p cnf 12816 53698' header
c closing input after reading 977741 bytes (955 KB)
c finished parsing after 0.00 seconds
c
c ---- [ options ] -----------------------------------------------------------
c
c --seed=13                        (different from default '0')
c
c ---- [ limits ] ------------------------------------------------------------
c
c conflict limit set to 50000 conflicts
c
c ---- [ solving ] -----------------------------------------------------------
c
c seconds switched rate     size/glue tier1  binary         remaining
c        MB reductions conflicts size  tier2    irredundant
c         level restarts redundant glue  trail         variables
c
c *  0.00  9 0 0 0  0 0   0   0 0.0 0 0 0 0 0% 3570 50063 12815 100%
c (  0.01  9 0 0 0  0 0   0   0 0.0 0 0 0 0 0% 3570 50063 12815 100%
c .  0.01  9 0 0 0  0 0   0   0 0.0 0 0 0 0 0% 3570 50063 12815 100%
c c  0.02 14 0 0 0  0 0   0   0 0.0 0 0 0 0 0% 5778 43296 10847 85%
c d  0.02 14 0 0 0  0 0   0   0 0.0 0 0 0 0 0% 3122 43296 10847 85%
c =  0.03 14 0 0 0  0 0   0   0 0.0 0 0 0 0 0% 3078 43296 10842 85%
c d  0.04 14 0 0 0  0 0   0   0 0.0 0 0 0 0 0% 3068 43296 10842 85%
c f  0.05 15 0 0 0  0 0   0   0 0.0 0 0 0 0 0% 3198 43034 10908 85%
c )  0.05 15 0 0 0  0 0   0   0 0.0 0 0 0 0 0% 3198 43034 10908 85%
c {  0.05 15 0 0 0  0 0   0   0 0.0 0 0 2 6 0% 3198 43034 10908 85%
c -  0.05 15 207 0 1 172 38 1000 705 1.6 4 3 2 4 7% 3317 43033 10908 85%
c }  0.05 15 207 1 1 172 38 1000 705 1.6 4 3 2 4 7% 3317 43033 10908 85%
c [  0.05 15 0 1 1 172 0 1000 705 0.0 0 0 2 6 0% 3317 43033 10908 85%
c B  0.05 15 549 1 1 172 543 1001 706 1.5 3 2 2 6 7% 3317 43033 10908 85%
c -  0.06 15 404 1 2 172 4 2000 1327 1.7 8 5 2 5 5% 3329 43033 10908 85%
c W  0.06 15 404 1 2 172 4 2002 1329 1.7 8 5 2 5 5% 3329 43033 10908 85%
c c  0.07 15 336 1 2 173 7 2551 1727 1.7 8 5 2 5 6% 3394 42887 10871 85%
c d  0.07 15 336 1 2 173 7 2551 1708 1.7 8 5 2 5 6% 3320 42887 10871 85%
c u  0.08 15 336 1 2 173 7 2551 1234 1.7 8 5 2 5 6% 3314 42887 10871 85%
c v  0.08 15 336 1 2 173 7 2551 1050 1.7 8 5 2 5 6% 3314 42887 10871 85%
c
c seconds   switched  rate      size/glue tier1  binary         remaining
c        MB  reductions conflicts    size  tier2    irredundant
c          level restarts   redundant  glue  trail         variables
c
c w  0.08 15 336 1 2 173 7 2551 919 1.7 8 5 2 5 6% 3314 42887 10871 85%
c x  0.08 15 336 1 2 173 7 2551 919 1.7 8 5 2 5 6% 3314 42769 10871 85%
c t  0.10 15 336 1 2 173 7 2551 919 1.7 8 5 2 5 6% 3309 42769 10871 85%
c u  0.11 15 336 1 2 173 7 2551 834 1.7 8 5 2 5 6% 3312 42769 10871 85%
c v  0.11 15 336 1 2 173 7 2551 788 1.7 8 5 2 5 6% 3312 42769 10871 85%
c w  0.11 15 336 1 2 173 7 2551 750 1.7 8 5 2 5 6% 3312 42769 10871 85%
c d  0.11 15 336 1 2 173 7 2551 750 1.7 8 5 2 5 6% 3310 42769 10870 85%
c ]  0.12 15 373 2 2 173 9 2965 1108 1.8 10 6 2 5 10% 3312 42769 10870 85%
c {  0.12 15 207 2 2 173 38 2965 1108 1.6 4 3 2 4 7% 3312 42769 10870 85%
c -  0.12 15 214 2 3 281 40 3414 1273 1.6 4 3 2 4 9% 3365 42765 10870 85%
c i  0.13 15 202 2 3 313 39 3625 1402 1.6 5 3 2 4 8% 3389 42763 10869 85%
c i  0.13 15 188 2 3 411 39 3947 1690 1.6 5 3 2 4 8% 3398 42763 10868 85%
c i  0.13 15 188 2 3 412 39 3949 1690 1.6 5 3 2 4 8% 3399 42763 10867 85%
c }  0.13 15 187 3 3 419 40 3966 1703 1.6 5 3 2 4 8% 3400 42763 10867 85%
c [  0.13 15 373 3 3 419 9 3966 1703 1.8 10 6 2 5 10% 3400 42763 10867 85%
c I  0.13 15 348 3 3 419 8 4263 1937 1.8 10 6 2 5 10% 3408 42763 10867 85%
c -  0.14 15 298 3 4 419 7 5148 2367 1.8 11 6 2 8 10% 3412 42763 10867 85%
c -  0.14 15 217 3 5 421 5 7149 3313 1.7 12 7 2 8 7% 3425 42763 10867 85%
c ]  0.15 15 219 4 5 421 5 7512 3635 1.7 12 7 2 8 9% 3428 42763 10867 85%
c {  0.15 15 187 4 5 421 40 7512 3635 1.6 5 3 2 4 8% 3428 42763 10867 85%
c
c seconds   switched   rate       size/glue tier1  binary         remaining
c        MB  reductions conflicts      size  tier2    irredundant
c          level restarts    redundant   glue  trail         variables
c
c d  0.15 15 175 4 5 536 39 7857 3834 1.6 5 3 2 4 8% 3401 42754 10840 85%
c u  0.15 15 175 4 5 536 39 7857 3200 1.6 5 3 2 4 8% 3413 42754 10840 85%
c v  0.16 15 175 4 5 536 39 7857 2928 1.6 5 3 2 4 8% 3416 42754 10840 85%
c w  0.16 15 175 4 5 536 39 7857 2490 1.6 5 3 2 4 8% 3417 42754 10840 85%
c x  0.16 15 175 4 5 536 39 7857 2490 1.6 5 3 2 4 8% 3511 42606 10840 85%
c =  0.18 15 175 4 5 536 39 7857 2490 1.6 5 3 2 4 8% 3629 42590 10778 84%
c d  0.18 15 175 4 5 536 39 7857 2467 1.6 5 3 2 4 8% 3487 42590 10772 84%
c t  0.18 15 175 4 5 536 39 7857 2467 1.6 5 3 2 4 8% 3461 42590 10772 84%
c f  0.18 15 175 4 5 536 39 7857 2467 1.6 5 3 2 4 8% 3472 42568 10781 84%
c c  0.19 16 175 4 5 536 39 7857 2431 1.6 5 3 2 4 8% 3476 42528 10773 84%
c d  0.19 16 175 4 5 536 39 7857 2431 1.6 5 3 2 4 8% 3460 42528 10773 84%
c u  0.19 16 175 4 5 536 39 7857 2252 1.6 5 3 2 4 8% 3466 42528 10773 84%
c v  0.20 16 175 4 5 536 39 7857 2127 1.6 5 3 2 4 8% 3467 42528 10773 84%
c w  0.20 16 175 4 5 536 39 7857 1988 1.6 5 3 2 4 8% 3471 42528 10773 84%
c x  0.20 16 175 4 5 536 39 7857 1988 1.6 5 3 2 4 8% 3597 42150 10773 84%
c =  0.22 16 175 4 5 536 39 7857 1988 1.6 5 3 2 4 8% 4011 42066 10546 82%
c d  0.22 16 175 4 5 536 39 7857 1325 1.6 5 3 2 4 8% 3574 42066 10546 82%
c t  0.22 16 175 4 5 536 39 7857 1325 1.6 5 3 2 4 8% 3567 42066 10546 82%
c -  0.23 16 150 4 6 835 34 9385 2180 1.6 5 3 2 4 7% 3662 42066 10546 82%
c }  0.24 16 144 5 6 989 34 9864 2574 1.6 6 3 2 4 7% 3698 42066 10546 82%
c
c seconds   switched  rate       size/glue tier1   binary         remaining
c        MB  reductions conflicts      size  tier2    irredundant
c          level restarts   redundant    glue  trail         variables
c
c [  0.24 16 219 5 6 989 5 9864 2574 1.7 12 7 2 8 9% 3698 42066 10546 82%
c B  0.24 16 219 5 6 989 5 9864 2574 1.7 12 7 2 8 9% 3698 42066 10546 82%
c o  0.25 16 212 5 6 990 4 11115 3573 1.7 13 8 2 8 9% 3698 42066 10546 82%
c -  0.25 16 209 5 7 990 4 11834 3701 1.6 16 10 2 10 10% 3699 42066 10546 82%
c ]  0.27 18 208 6 7 991 4 12211 4070 1.7 20 12 2 10 11% 3702 42066 10546 82%
c {  0.27 18 144 6 7 991 34 12211 4070 1.6 6 3 2 4 7% 3702 42066 10546 82%
c s  0.28 18 136 6 7 1098 33 12752 4504 1.7 6 4 2 4 7% 3768 40811 10546 82%
c e  0.30 19 136 6 7 1098 33 12752 4504 1.7 6 4 2 4 7% 2304 39179 6918 54%
c 2  0.30 19 136 6 7 1098 33 12752 4504 1.7 6 4 2 4 7% 2302 39179 6918 54%
c s  0.31 19 136 6 7 1098 33 12752 4504 1.7 6 4 2 4 7% 2306 38953 6918 54%
c e  0.31 19 136 6 7 1098 33 12752 4504 1.7 6 4 2 4 7% 2198 38897 6853 53%
c ^  0.31 19 136 6 7 1098 33 12752 4504 1.7 6 4 2 4 7% 2198 38897 6853 53%
c -  0.34 19 120 6 8 1420 29 14479 3375 1.7 7 4 2 4 8% 2323 38896 6853 53%
c d  0.39 21 112 6 8 1867 29 16103 4821 1.8 9 5 2 4 8% 2389 38893 6849 53%
c u  0.39 21 112 6 8 1867 29 16103 4070 1.8 9 5 2 4 8% 2394 38893 6849 53%
c v  0.40 21 112 6 8 1867 29 16103 3744 1.8 9 5 2 4 8% 2396 38893 6849 53%
c w  0.40 21 112 6 8 1867 29 16103 3708 1.8 9 5 2 4 8% 2396 38893 6849 53%
c x  0.40 21 112 6 8 1867 29 16103 3707 1.8 9 5 2 4 8% 2404 38648 6849 53%
c =  0.42 21 112 6 8 1867 29 16103 3707 1.8 9 5 2 4 8% 2516 38648 6793 53%
c d  0.42 21 112 6 8 1867 29 16103 3653 1.8 9 5 2 4 8% 2398 38648 6792 53%
c
c seconds   switched    rate        size/glue tier1  binary        remaining
c        MB  reductions   conflicts      size  tier2    irredundant
c          level  restarts     redundant   glue  trail        variables
c
c t  0.43 21 112 6 8 1867 29 16103 3653 1.8 9 5 2 4 8% 2385 38648 6792 53%
c f  0.43 21 112 6 8 1867 29 16103 3653 1.8 9 5 2 4 8% 2398 38617 6799 53%
c u  0.44 21 112 6 8 1867 29 16103 3479 1.8 9 5 2 4 8% 2400 38617 6799 53%
c v  0.44 21 112 6 8 1867 29 16103 3385 1.8 9 5 2 4 8% 2400 38617 6799 53%
c w  0.44 21 112 6 8 1867 29 16103 3378 1.8 9 5 2 4 8% 2400 38617 6799 53%
c x  0.45 21 112 6 8 1867 29 16103 3378 1.8 9 5 2 4 8% 2400 38507 6799 53%
c d  0.47 21 112 6 8 1867 29 16103 3378 1.8 9 5 2 4 8% 2398 38507 6798 53%
c t  0.47 21 112 6 8 1867 29 16103 3378 1.8 9 5 2 4 8% 2397 38507 6798 53%
c f  0.47 21 112 6 8 1867 29 16103 3378 1.8 9 5 2 4 8% 2417 38445 6809 53%
c }  0.48 21 111 7 8 1892 28 16280 3539 1.8 9 5 2 4 8% 2420 38445 6809 53%
c [  0.48 21 208 7 8 1892 4 16280 3539 1.7 20 12 2 10 11% 2420 38445 6809 53%
c W  0.48 21 208 7 8 1892 4 16280 3539 1.7 20 12 2 10 11% 2420 38445 6809 53%
c ]  0.58 21 200 8 8 1892 4 16815 4064 2.0 32 15 2 10 14% 2420 38445 6809 53%
c {  0.58 21 111 8 8 1892 28 16815 4064 1.8 9 5 2 4 8% 2420 38445 6809 53%
c -  0.59 21 110 8 9 2031 29 17308 3808 1.8 9 5 1 4 9% 2432 38445 6809 53%
c -  0.72 21 106 8 10 2795 29 20309 5685 1.9 15 8 1 3 11% 2481 38445 6809 53%
c o  0.77 21 106 8 10 3014 29 21116 6426 1.9 16 8 1 3 11% 2494 38445 6809 53%
c }  0.87 22 105 9 10 3451 29 22974 8121 1.9 19 10 1 3 12% 2513 38445 6809 53%
c [  0.87 22 200 9 10 3451 4 22974 8121 2.0 32 15 2 10 14% 2513 38445 6809 53%
c -  0.96 22 194 9 11 3451 4 23472 6921 2.3 39 17 1 7 16% 2514 38445 6809 53%
c
c seconds   switched    rate        size/glue  tier1    binary        remaining
c        MB   reductions  conflicts       size   tier2     irredundant
c          level   restarts    redundant     glue   trail        variables
c
c O  1.02 22 191 9 11 3451 4 23809 7243 2.4 45 19 1 7 18% 2517 38445 6809 53%
c ]  1.20 22 181 10 11 3452 3 24881 8210 2.3 57 25 1 7 22% 2518 38445 6809 53%
c {  1.20 22 105 10 11 3452 29 24881 8210 1.9 19 10 1 3 12% 2518 38445 6809 53%
c s  1.24 22 104 10 11 3636 29 25587 8893 1.9 20 11 1 3 13% 2523 38136 6809 53%
c e  1.26 22 104 10 11 3636 29 25587 8893 1.9 20 11 1 3 13% 2144 38670 6534 51%
c 2  1.26 22 104 10 11 3636 29 25587 8893 1.9 20 11 1 3 13% 2141 38670 6534 51%
c s  1.26 22 104 10 11 3636 29 25587 8893 1.9 20 11 1 3 13% 2209 38439 6534 51%
c e  1.26 22 104 10 11 3636 29 25587 8893 1.9 20 11 1 3 13% 2205 38437 6531 51%
c ^  1.26 22 104 10 11 3636 29 25587 8893 1.9 20 11 1 3 13% 2205 38437 6531 51%
c -  1.32 22 104 10 12 3882 28 26788 6830 1.9 21 11 1 3 13% 2218 38437 6531 51%
c c  1.38 22 104 10 12 4060 28 27531 7512 1.9 23 12 1 3 14% 2234 38398 6525 51%
c d  1.38 22 104 10 12 4060 28 27531 7503 1.9 23 12 1 3 14% 2222 38398 6525 51%
c u  1.38 22 104 10 12 4060 28 27531 6889 1.9 23 12 1 3 14% 2228 38398 6525 51%
c v  1.39 22 104 10 12 4060 28 27531 6194 1.9 23 12 1 3 14% 2229 38398 6525 51%
c w  1.41 22 104 10 12 4060 28 27531 5688 1.9 23 12 1 3 14% 2229 38398 6525 51%
c x  1.43 22 104 10 12 4060 28 27531 5680 1.9 23 12 1 3 14% 2256 37761 6525 51%
c d  1.43 22 104 10 12 4060 28 27531 5680 1.9 23 12 1 3 14% 2252 37759 6523 51%
c t  1.43 22 104 10 12 4060 28 27531 5680 1.9 23 12 1 3 14% 2237 37759 6523 51%
c f  1.44 22 104 10 12 4060 28 27531 5680 1.9 23 12 1 3 14% 2272 37658 6542 51%
c u  1.45 22 104 10 12 4060 28 27531 5532 1.9 23 12 1 3 14% 2275 37658 6542 51%
c
c seconds    switched     rate        size/glue  tier1    binary        remaining
c        MB    reductions   conflicts       size   tier2     irredundant
c          level    restarts     redundant     glue   trail        variables
c
c v  1.45 22 104 10 12 4060 28 27531 5306 1.9 23 12 1 3 14% 2275 37658 6542 51%
c w  1.47 22 104 10 12 4060 28 27531 5041 1.9 23 12 1 3 14% 2275 37658 6542 51%
c x  1.49 22 104 10 12 4060 28 27531 5041 1.9 23 12 1 3 14% 2276 37611 6542 51%
c =  1.60 22 104 10 12 4060 28 27531 5041 1.9 23 12 1 3 14% 2346 37609 6507 51%
c d  1.60 22 104 10 12 4060 28 27531 5035 1.9 23 12 1 3 14% 2260 37609 6507 51%
c t  1.60 22 104 10 12 4060 28 27531 5035 1.9 23 12 1 3 14% 2255 37609 6507 51%
c -  1.74 22 104 10 13 4595 28 30252 6342 2.0 25 13 1 3 15% 2272 37609 6507 51%
c }  1.90 22 107 11 13 5161 27 33510 9453 2.0 27 14 1 3 16% 2289 37609 6507 51%
c [  1.90 22 181 11 13 5161 3 33510 9453 2.3 57 25 1 7 22% 2289 37609 6507 51%
c B  1.90 22 180 11 13 5161 3 33571 9514 2.3 57 25 1 7 22% 2289 37609 6507 51%
c -  1.95 22 178 11 14 5161 3 33858 7789 2.4 60 26 1 5 23% 2290 37609 6507 51%
c ]  2.39 22 162 12 14 5163 3 36156 10018 2.5 83 33 1 5 30% 2291 37609 6507 51%
c {  2.39 22 107 12 14 5163 27 36156 10018 2.0 27 14 1 3 16% 2291 37609 6507 51%
c -  2.47 23 107 12 15 5444 27 37599 8715 2.0 28 14 1 3 16% 2295 37609 6507 51%
c o  2.73 23 107 12 15 6245 26 41116 12019 2.0 31 16 1 3 17% 2307 37609 6507 51%
c -  2.74 23 108 12 16 6260 26 41471 9749 2.0 31 16 1 3 17% 2312 37609 6507 51%
c d  2.80 23 108 12 16 6438 26 42268 10506 2.0 32 16 1 3 18% 2309 37609 6503 51%
c u  2.81 23 108 12 16 6438 26 42268 9687 2.0 32 16 1 3 18% 2314 37609 6503 51%
c v  2.81 23 108 12 16 6438 26 42268 8716 2.0 32 16 1 3 18% 2314 37609 6503 51%
c w  2.85 23 108 12 16 6438 26 42268 8084 2.0 32 16 1 3 18% 2314 37609 6503 51%
c
c seconds    switched     rate        size/glue  tier1    binary        remaining
c        MB    reductions   conflicts       size   tier2     irredundant
c          level    restarts     redundant     glue   trail        variables
c
c =  3.00 23 108 12 16 6438 26 42268 8084 2.0 32 16 1 3 18% 3686 37609 5817 45%
c d  3.00 23 108 12 16 6438 26 42268 7862 2.0 32 16 1 3 18% 2303 37609 5817 45%
c t  3.00 23 108 12 16 6438 26 42268 7862 2.0 32 16 1 3 18% 2241 37609 5817 45%
c f  3.01 23 108 12 16 6438 26 42268 7862 2.0 32 16 1 3 18% 2243 37603 5818 45%
c u  3.01 23 108 12 16 6438 26 42268 7521 2.0 32 16 1 3 18% 2243 37603 5818 45%
c v  3.02 23 108 12 16 6438 26 42268 7194 2.0 32 16 1 3 18% 2243 37603 5818 45%
c w  3.04 23 108 12 16 6438 26 42268 6884 2.0 32 16 1 3 18% 2243 37603 5818 45%
c x  3.06 23 108 12 16 6438 26 42268 6884 2.0 32 16 1 3 18% 2243 32729 5818 45%
c -  3.12 23 108 12 17 6458 24 45472 7915 2.0 31 15 1 3 18% 2279 32729 5818 45%
c }  3.14 23 108 13 17 6461 22 47635 9881 2.0 30 15 1 3 18% 2312 32729 5818 45%
c [  3.14 23 162 13 17 6461 3 47635 9881 2.5 83 33 1 5 30% 2312 32729 5818 45%
c W  3.15 23 162 13 17 6461 3 47635 9881 2.5 83 33 1 5 30% 2312 32729 5818 45%
c -  3.19 23 154 13 18 6462 3 49596 8556 2.5 79 32 1 4 29% 2319 32729 5818 45%
c ]  3.20 23 152 13 18 6463 3 50002 8933 2.5 78 32 1 4 29% 2322 32729 5818 45%
c ?  3.20 23 108 13 18 6463 22 50002 8933 2.0 30 15 1 3 18% 2322 32729 5818 45%
c
c ---- [ result ] ------------------------------------------------------------
c
s UNKNOWN
c
c ---- [ profiling ] ---------------------------------------------------------
c
c           2.35   73.36 %  search
c           1.34   41.78 %  focused
c           1.01   31.58 %  stable
c           0.80   25.14 %  simplify
c           0.77   24.13 %  probe
c           0.38   11.85 %  sweep
c           0.26    8.12 %  vivify
c           0.05    1.66 %  eliminate
c           0.05    1.44 %  congruence
c           0.05    1.43 %  factor
c           0.04    1.27 %  preprocess
c           0.03    0.97 %  substitute
c           0.02    0.57 %  walking
c           0.02    0.49 %  reduce
c           0.01    0.32 %  subsume
c           0.01    0.19 %  transitive
c           0.00    0.12 %  parse
c           0.00    0.11 %  backbone
c           0.00    0.11 %  lucky
c =============================================
c           3.20  100.00 %  total
c
c ---- [ statistics ] --------------------------------------------------------
c
c chronological:                          618                1 %  conflicts
c conflicts:                            50002            15633.73 per second
c congruent:                             1763               14 %  variables
c decisions:                           810839               16.22 per conflict
c eliminated:                            3971               31 %  variables
c factored:                               113                1 %  variables
c iterations:                               3                0 %  variables
c propagations:                      31760455          9930287    per second
c reductions:                              18             2778    interval
c reordered:                                3            16667    interval
c rephased:                                 8             6250    interval
c restarts:                              6463                8    interval
c strengthened:                           470                0 %  checks
c substituted:                           2471               19 %  variables
c subsumed:                              1943                0 %  checks
c switched:                                13             3846    interval
c vivified:                             22852               11 %  checks
c walks:                                    3            16667    interval
c
c ---- [ glue usage ] --------------------------------------------------------
c
c focused glue 1 used 189195 clauses 72.22% accumulated 72.22% tier1
c focused glue 2 used  39097 clauses 14.93% accumulated 87.15%
c focused glue 3 used  13718 clauses  5.24% accumulated 92.39% tier2
c
c stable glue 1 used 175239 clauses 72.57% accumulated 72.57% tier1
c stable glue 2 used  26489 clauses 10.97% accumulated 83.54%
c stable glue 3 used  11601 clauses  4.80% accumulated 88.34%
c stable glue 4 used   6816 clauses  2.82% accumulated 91.17% tier2
c
c ---- [ resources ] ---------------------------------------------------------
c
c maximum-resident-set-size:      24830279680 bytes      23680 MB
c process-time:                             3s               3.20 seconds
c
c ---- [ shutting down ] -----------------------------------------------------
c
c exit 0
