c ---- [ banner ] ------------------------------------------------------------
c
c Kissat SAT Solver
c 
c Copyright (c) 2021-2024 Armin Biere University of Freiburg
c Copyright (c) 2019-2021 Armin Biere Johannes Kepler University Linz
c 
c Version 4.0.4 unknown
c Apple clang version 17.0.0 (clang-1700.3.19.1) -W -Wall -O3 -DNDEBUG
c Thu Oct 16 20:09:41 UTC 2025 Darwin Tahoe-arm64.local 25.0.0 arm64
c
c ---- [ parsing ] -----------------------------------------------------------
c
c opened and reading DIMACS file:
c
c   cnfs_n32/sr61_n32_bit13_m4d9f691c_fill55555555_enf0.cnf
c
c parsed 'p cnf 11269 47090' header
c closing input after reading 851342 bytes (831 KB)
c finished parsing after 0.00 seconds
c
c ---- [ options ] -----------------------------------------------------------
c
c --seed=23                        (different from default '0')
c
c ---- [ limits ] ------------------------------------------------------------
c
c conflict limit set to 50000 conflicts
c
c ---- [ solving ] -----------------------------------------------------------
c
c seconds switched rate     size/glue tier1  binary         remaining
c        MB reductions conflicts size  tier2    irredundant
c         level restarts redundant glue  trail         variables
c
c *  0.00  8 0 0 0  0 0   0   0 0.0 0 0 0 0 0% 3730 43295 11268 100%
c (  0.00  8 0 0 0  0 0   0   0 0.0 0 0 0 0 0% 3730 43295 11268 100%
c .  0.01  8 0 0 0  0 0   0   0 0.0 0 0 0 0 0% 3730 43295 11268 100%
c c  0.01 13 0 0 0  0 0   0   0 0.0 0 0 0 0 0% 4774 41434 10520 93%
c d  0.02 13 0 0 0  0 0   0   0 0.0 0 0 0 0 0% 3278 41434 10520 93%
c =  0.03 13 0 0 0  0 0   0   0 0.0 0 0 0 0 0% 3228 41434 10512 93%
c d  0.03 13 0 0 0  0 0   0   0 0.0 0 0 0 0 0% 3212 41434 10512 93%
c f  0.04 13 0 0 0  0 0   0   0 0.0 0 0 0 0 0% 3340 41172 10578 94%
c )  0.04 13 0 0 0  0 0   0   0 0.0 0 0 0 0 0% 3340 41172 10578 94%
c {  0.04 13 0 0 0  0 0   0   0 0.0 0 0 2 6 0% 3340 41172 10578 94%
c -  0.05 13 162 0 1 234 39 1000 731 1.6 5 3 2 6 8% 3436 41172 10578 94%
c }  0.05 13 162 1 1 234 39 1000 731 1.6 5 3 2 6 8% 3436 41172 10578 94%
c [  0.05 13 0 1 1 234 0 1000 731 0.0 0 0 2 6 0% 3436 41172 10578 94%
c B  0.05 13 138 1 1 234 74 1001 732 1.5 3 2 2 6 4% 3436 41172 10578 94%
c ]  0.06 13 296 2 1 234 6 1904 1549 2.2 27 12 3 22 28% 3469 41172 10578 94%
c {  0.06 13 162 2 1 234 39 1904 1549 1.6 5 3 2 6 8% 3469 41172 10578 94%
c -  0.06 13 167 2 2 250 39 2000 1552 1.6 5 3 2 5 9% 3482 41172 10578 94%
c c  0.08 14 162 2 2 363 38 2557 1986 1.6 6 4 2 6 10% 3546 41134 10567 94%
c d  0.08 14 162 2 2 363 38 2557 1983 1.6 6 4 2 6 10% 3519 41134 10564 94%
c u  0.08 14 162 2 2 363 38 2557 1584 1.6 6 4 2 6 10% 3520 41134 10564 94%
c
c seconds   switched   rate       size/glue tier1   binary         remaining
c        MB  reductions conflicts      size  tier2     irredundant
c          level restarts    redundant   glue   trail         variables
c
c v  0.08 14 162 2 2 363 38 2557 1434 1.6 6 4 2 6 10% 3520 41134 10564 94%
c w  0.09 14 162 2 2 363 38 2557 1341 1.6 6 4 2 6 10% 3520 41134 10564 94%
c x  0.09 14 162 2 2 363 38 2557 1341 1.6 6 4 2 6 10% 3520 41012 10564 94%
c =  0.10 14 162 2 2 363 38 2557 1341 1.6 6 4 2 6 10% 3700 41012 10474 93%
c d  0.11 14 162 2 2 363 38 2557 1331 1.6 6 4 2 6 10% 3517 41012 10473 93%
c t  0.11 14 162 2 2 363 38 2557 1331 1.6 6 4 2 6 10% 3506 41012 10473 93%
c f  0.11 14 162 2 2 363 38 2557 1331 1.6 6 4 2 6 10% 3507 41010 10474 93%
c c  0.12 14 162 2 2 363 38 2557 1329 1.6 6 4 2 6 10% 3509 41006 10473 93%
c d  0.12 14 162 2 2 363 38 2557 1329 1.6 6 4 2 6 10% 3507 41006 10473 93%
c u  0.12 14 162 2 2 363 38 2557 1274 1.6 6 4 2 6 10% 3509 41006 10473 93%
c v  0.12 14 162 2 2 363 38 2557 1225 1.6 6 4 2 6 10% 3510 41006 10473 93%
c w  0.12 14 162 2 2 363 38 2557 1195 1.6 6 4 2 6 10% 3510 41006 10473 93%
c =  0.14 14 162 2 2 363 38 2557 1195 1.6 6 4 2 6 10% 3526 41006 10465 93%
c d  0.14 14 162 2 2 363 38 2557 1185 1.6 6 4 2 6 10% 3508 41006 10465 93%
c t  0.14 14 162 2 2 363 38 2557 1185 1.6 6 4 2 6 10% 3506 41006 10465 93%
c }  0.15 14 147 3 2 475 37 2904 1459 1.6 6 4 2 6 10% 3539 41006 10465 93%
c [  0.15 14 296 3 2 475 6 2904 1459 2.2 27 12 3 22 28% 3539 41006 10465 93%
c W  0.15 14 296 3 2 475 6 2904 1459 2.2 27 12 3 22 28% 3539 41006 10465 93%
c -  0.16 14 254 3 3 475 6 3416 1775 2.1 29 14 2 22 25% 3552 41006 10465 93%
c ]  0.17 14 234 4 3 475 5 3808 2153 2.1 37 18 2 22 24% 3553 41006 10465 93%
c
c seconds   switched   rate       size/glue tier1   binary         remaining
c        MB  reductions conflicts      size  tier2     irredundant
c          level restarts    redundant   glue   trail         variables
c
c {  0.17 14 147 4 3 475 37 3808 2153 1.6 6 4 2 6 10% 3553 41006 10465 93%
c -  0.21 14 136 4 4 985 41 5148 2980 1.8 11 6 2 5 12% 3626 41006 10465 93%
c }  0.25 14 134 5 4 1248 41 6160 3911 2.0 17 8 2 5 13% 3660 41006 10465 93%
c [  0.25 14 234 5 4 1248 5 6160 3911 2.1 37 18 2 22 24% 3660 41006 10465 93%
c I  0.25 14 234 5 4 1248 5 6160 3911 2.1 37 18 2 22 24% 3660 41006 10465 93%
c ]  0.36 17 198 6 4 1248 4 7036 4745 2.6 82 32 2 22 32% 3668 41006 10465 93%
c {  0.36 17 134 6 4 1248 41 7036 4745 2.0 17 8 2 5 13% 3668 41006 10465 93%
c -  0.36 17 134 6 5 1259 40 7148 4136 1.9 17 8 1 5 13% 3672 41006 10465 93%
c d  0.38 17 131 6 5 1335 37 7873 4786 2.0 17 9 1 5 14% 3706 41006 10464 93%
c u  0.38 17 131 6 5 1335 37 7873 4510 2.0 17 9 1 5 14% 3709 41006 10464 93%
c v  0.39 17 131 6 5 1335 37 7873 3869 2.0 17 9 1 5 14% 3713 41006 10464 93%
c w  0.40 19 131 6 5 1335 37 7873 3724 2.0 17 9 1 5 14% 3713 41006 10464 93%
c x  0.40 19 131 6 5 1335 37 7873 3724 2.0 17 9 1 5 14% 3713 40395 10464 93%
c =  0.44 19 131 6 5 1335 37 7873 3724 2.0 17 9 1 5 14% 3731 40395 10455 93%
c d  0.44 19 131 6 5 1335 37 7873 3715 2.0 17 9 1 5 14% 3708 40395 10455 93%
c t  0.44 19 131 6 5 1335 37 7873 3715 2.0 17 9 1 5 14% 3702 40395 10455 93%
c u  0.45 19 131 6 5 1335 37 7873 3679 2.0 17 9 1 5 14% 3703 40395 10455 93%
c v  0.45 19 131 6 5 1335 37 7873 3579 2.0 17 9 1 5 14% 3703 40395 10455 93%
c w  0.47 19 131 6 5 1335 37 7873 3314 2.0 17 9 1 5 14% 3703 40395 10455 93%
c x  0.47 19 131 6 5 1335 37 7873 3314 2.0 17 9 1 5 14% 3703 40192 10455 93%
c
c seconds   switched    rate       size/glue tier1    binary         remaining
c        MB  reductions  conflicts       size  tier2     irredundant
c          level  restarts    redundant    glue   trail         variables
c
c =  0.50 19 131 6 5 1335 37 7873 3314 2.0 17 9 1 5 14% 3759 40192 10427 93%
c d  0.51 19 131 6 5 1335 37 7873 3309 2.0 17 9 1 5 14% 3698 40192 10427 93%
c t  0.51 19 131 6 5 1335 37 7873 3309 2.0 17 9 1 5 14% 3678 40192 10427 93%
c f  0.51 19 131 6 5 1335 37 7873 3309 2.0 17 9 1 5 14% 3681 40187 10429 93%
c -  0.54 19 131 6 6 1464 32 9384 4072 2.0 17 8 1 5 14% 3735 40187 10429 93%
c o  0.56 19 130 6 6 1562 31 10002 4643 2.1 18 9 1 5 14% 3754 40187 10429 93%
c }  0.58 19 132 7 6 1608 29 11105 5591 2.0 17 8 1 5 15% 3792 40187 10429 93%
c [  0.58 19 198 7 6 1608 4 11105 5591 2.6 82 32 2 22 32% 3792 40187 10429 93%
c B  0.58 19 198 7 6 1608 4 11105 5591 2.6 82 32 2 22 32% 3792 40187 10429 93%
c -  0.63 19 186 7 7 1608 4 11834 5068 2.4 87 36 1 9 32% 3795 40187 10429 93%
c ]  0.69 19 179 8 7 1609 3 12464 5686 2.4 96 40 1 9 34% 3795 40187 10429 93%
c {  0.69 19 132 8 7 1609 29 12464 5686 2.0 17 8 1 5 15% 3795 40187 10429 93%
c s  0.71 19 132 8 7 1690 29 12777 5988 2.1 18 9 1 5 15% 3798 40111 10429 93%
c e  0.73 19 132 8 7 1690 29 12777 5988 2.1 18 9 1 5 15% 1978 38399 6624 59%
c s  0.73 19 132 8 7 1690 29 12777 5988 2.1 18 9 1 5 15% 1986 38199 6624 59%
c e  0.74 19 132 8 7 1690 29 12777 5988 2.1 18 9 1 5 15% 1981 38199 6603 59%
c ^  0.74 19 132 8 7 1690 29 12777 5988 2.1 18 9 1 5 15% 1981 38199 6603 59%
c -  0.80 20 130 8 8 2046 29 14479 3662 2.1 20 10 1 5 16% 1997 38199 6603 59%
c d  0.85 20 130 8 8 2363 30 16135 5192 2.1 22 10 1 5 16% 2015 38199 6601 59%
c u  0.85 20 130 8 8 2363 30 16135 4885 2.1 22 10 1 5 16% 2015 38199 6601 59%
c
c seconds   switched    rate        size/glue  tier1    binary        remaining
c        MB  reductions   conflicts       size   tier2     irredundant
c          level  restarts     redundant     glue   trail        variables
c
c v  0.85 20 130 8 8 2363 30 16135 4146 2.1 22 10 1 5 16% 2016 38199 6601 59%
c w  0.87 20 130 8 8 2363 30 16135 4124 2.1 22 10 1 5 16% 2016 38199 6601 59%
c x  0.88 20 130 8 8 2363 30 16135 4123 2.1 22 10 1 5 16% 2018 38104 6601 59%
c =  0.92 20 130 8 8 2363 30 16135 4123 2.1 22 10 1 5 16% 2138 38077 6541 58%
c d  0.92 20 130 8 8 2363 30 16135 3969 2.1 22 10 1 5 16% 2014 38077 6541 58%
c t  0.92 20 130 8 8 2363 30 16135 3969 2.1 22 10 1 5 16% 1996 38077 6541 58%
c f  0.93 20 130 8 8 2363 30 16135 3969 2.1 22 10 1 5 16% 2038 37987 6563 58%
c u  0.94 20 130 8 8 2363 30 16135 3920 2.1 22 10 1 5 16% 2038 37987 6563 58%
c v  0.94 20 130 8 8 2363 30 16135 3787 2.1 22 10 1 5 16% 2038 37987 6563 58%
c w  0.96 20 130 8 8 2363 30 16135 3501 2.1 22 10 1 5 16% 2038 37987 6563 58%
c =  1.01 20 130 8 8 2363 30 16135 3501 2.1 22 10 1 5 16% 2582 37971 6291 56%
c d  1.01 20 130 8 8 2363 30 16135 3428 2.1 22 10 1 5 16% 2026 37971 6291 56%
c -  1.06 20 129 8 9 2521 29 17307 3825 2.1 22 11 1 5 16% 2045 37971 6291 56%
c }  1.10 20 130 9 9 2771 29 18624 5084 2.1 23 11 1 5 17% 2054 37971 6291 56%
c [  1.10 20 179 9 9 2771 3 18624 5084 2.4 96 40 1 9 34% 2054 37971 6291 56%
c W  1.10 20 179 9 9 2771 3 18624 5084 2.4 96 40 1 9 34% 2054 37971 6291 56%
c -  1.26 20 169 9 10 2772 3 20308 5035 2.5 119 48 1 7 38% 2055 37971 6291 56%
c o  1.31 20 168 9 10 2773 3 20699 5409 2.5 124 50 1 7 39% 2055 37971 6291 56%
c ]  1.33 20 172 10 10 2773 3 21991 6619 2.4 112 46 1 7 38% 2060 37971 6291 56%
c {  1.33 20 130 10 10 2773 29 21991 6619 2.1 23 11 1 5 17% 2060 37971 6291 56%
c
c seconds    switched     rate        size/glue  tier1    binary        remaining
c        MB    reductions   conflicts       size   tier2     irredundant
c          level    restarts     redundant     glue   trail        variables
c
c -  1.34 20 133 10 11 2794 27 23471 5661 2.1 22 11 1 6 17% 2081 37971 6291 56%
c s  1.37 20 135 10 11 2886 25 25630 7535 2.0 22 11 1 6 17% 2115 35888 6291 56%
c e  1.38 20 135 10 11 2886 25 25630 7535 2.0 22 11 1 6 17% 1714 34760 5846 52%
c 2  1.38 20 135 10 11 2886 25 25630 7535 2.0 22 11 1 6 17% 1713 34760 5846 52%
c s  1.38 20 135 10 11 2886 25 25630 7535 2.0 22 11 1 6 17% 1736 34574 5846 52%
c e  1.38 20 135 10 11 2886 25 25630 7535 2.0 22 11 1 6 17% 1706 34605 5834 52%
c ^  1.38 20 135 10 11 2886 25 25630 7535 2.0 22 11 1 6 17% 1706 34605 5834 52%
c -  1.40 20 136 10 12 2947 24 26788 6328 2.0 22 11 2 7 18% 1722 34604 5834 52%
c c  1.41 20 137 10 12 2993 24 27577 7052 2.0 22 11 2 7 18% 1735 34588 5832 52%
c d  1.41 20 137 10 12 2993 24 27577 7051 2.0 22 11 2 7 18% 1731 34588 5832 52%
c u  1.42 20 137 10 12 2993 24 27577 6265 2.0 22 11 2 7 18% 1732 34588 5832 52%
c v  1.43 20 137 10 12 2993 24 27577 5369 2.0 22 11 2 7 18% 1732 34588 5832 52%
c w  1.43 20 137 10 12 2993 24 27577 5309 2.0 22 11 2 7 18% 1732 34588 5832 52%
c x  1.44 20 137 10 12 2993 24 27577 5309 2.0 22 11 2 7 18% 1732 34328 5832 52%
c =  1.49 20 137 10 12 2993 24 27577 5309 2.0 22 11 2 7 18% 1886 34328 5755 51%
c d  1.49 20 137 10 12 2993 24 27577 5119 2.0 22 11 2 7 18% 1726 34328 5755 51%
c t  1.49 20 137 10 12 2993 24 27577 5119 2.0 22 11 2 7 18% 1711 34328 5755 51%
c f  1.49 20 137 10 12 2993 24 27577 5119 2.0 22 11 2 7 18% 1764 34180 5786 51%
c u  1.50 20 137 10 12 2993 24 27577 4968 2.0 22 11 2 7 18% 1764 34180 5786 51%
c v  1.50 20 137 10 12 2993 24 27577 4745 2.0 22 11 2 7 18% 1765 34180 5786 51%
c
c seconds    switched     rate        size/glue  tier1    binary        remaining
c        MB    reductions   conflicts       size   tier2     irredundant
c          level    restarts     redundant     glue   trail        variables
c
c w  1.50 20 137 10 12 2993 24 27577 4644 2.0 22 11 2 7 18% 1765 34180 5786 51%
c x  1.52 20 137 10 12 2993 24 27577 4643 2.0 22 11 2 7 18% 1772 33638 5786 51%
c t  1.57 20 137 10 12 2993 24 27577 4643 2.0 22 11 2 7 18% 1768 33638 5786 51%
c -  1.59 20 138 10 13 3080 22 30252 5673 2.0 21 10 2 8 20% 1789 33638 5786 51%
c }  1.60 20 138 11 13 3089 22 30618 6008 2.0 21 10 2 8 20% 1792 33638 5786 51%
c [  1.60 20 172 11 13 3089 3 30618 6008 2.4 112 46 1 7 38% 1792 33638 5786 51%
c O  1.60 20 172 11 13 3089 3 30618 6008 2.4 112 46 1 7 38% 1792 33638 5786 51%
c ]  1.70 20 167 12 13 3089 2 31447 6807 2.6 122 48 1 7 40% 1792 33638 5786 51%
c {  1.70 20 138 12 13 3089 22 31447 6807 2.0 21 10 2 8 20% 1792 33638 5786 51%
c -  1.73 20 143 12 14 3260 21 33857 7188 2.0 21 10 2 8 21% 1821 33638 5786 51%
c -  1.80 20 144 12 15 3569 20 37598 8582 2.0 21 11 2 8 21% 1851 33638 5786 51%
c o  1.87 20 141 12 15 3986 20 40704 11430 2.0 21 11 2 8 21% 1868 33638 5786 51%
c -  1.88 21 141 12 16 4073 20 41470 9994 2.0 22 11 2 7 21% 1869 33638 5786 51%
c u  1.91 21 140 12 16 4167 20 42427 9580 2.0 22 11 2 7 22% 1880 33638 5786 51%
c v  1.92 21 140 12 16 4167 20 42427 8425 2.0 22 11 2 7 22% 1881 33638 5786 51%
c w  1.92 21 140 12 16 4167 20 42427 8410 2.0 22 11 2 7 22% 1881 33638 5786 51%
c x  1.93 21 140 12 16 4167 20 42427 8410 2.0 22 11 2 7 22% 1881 33575 5786 51%
c d  1.93 21 140 12 16 4167 20 42427 8406 2.0 22 11 2 7 22% 1879 33575 5785 51%
c t  1.93 21 140 12 16 4167 20 42427 8406 2.0 22 11 2 7 22% 1874 33575 5785 51%
c u  1.94 21 140 12 16 4167 20 42427 8179 2.0 22 11 2 7 22% 1877 33575 5785 51%
c
c seconds    switched     rate        size/glue  tier1    binary        remaining
c        MB    reductions   conflicts       size   tier2     irredundant
c          level    restarts     redundant     glue   trail        variables
c
c v  1.95 21 140 12 16 4167 20 42427 7660 2.0 22 11 2 7 22% 1878 33575 5785 51%
c w  1.96 21 140 12 16 4167 20 42427 7605 2.0 22 11 2 7 22% 1878 33575 5785 51%
c =  2.00 21 140 12 16 4167 20 42427 7605 2.0 22 11 2 7 22% 2732 33575 5358 48%
c d  2.01 21 140 12 16 4167 20 42427 6585 2.0 22 11 2 7 22% 1866 33575 5358 48%
c t  2.01 21 140 12 16 4167 20 42427 6585 2.0 22 11 2 7 22% 1829 33575 5358 48%
c }  2.02 21 140 13 16 4172 20 42926 7052 2.0 22 11 2 7 22% 1831 33575 5358 48%
c [  2.02 21 167 13 16 4172 2 42926 7052 2.6 122 48 1 7 40% 1831 33575 5358 48%
c B  2.02 21 167 13 16 4172 2 42926 7052 2.6 122 48 1 7 40% 1831 33575 5358 48%
c -  2.08 21 163 13 17 4174 2 45470 7501 2.5 108 43 1 7 40% 1835 33575 5358 48%
c -  2.13 21 155 13 18 4177 2 49594 8925 2.5 93 37 1 10 39% 1838 33575 5358 48%
c ]  2.13 21 156 13 18 4177 2 50000 9308 2.5 91 36 1 10 39% 1838 33575 5358 48%
c ?  2.13 21 140 13 18 4177 20 50000 9308 2.0 22 11 2 7 22% 1838 33575 5358 48%
c
c ---- [ result ] ------------------------------------------------------------
c
s UNKNOWN
c
c ---- [ profiling ] ---------------------------------------------------------
c
c           1.40   65.47 %  search
c           0.70   32.79 %  focused
c           0.70   32.68 %  stable
c           0.70   32.60 %  simplify
c           0.68   31.64 %  probe
c           0.32   15.17 %  sweep
c           0.22   10.54 %  vivify
c           0.05    2.29 %  eliminate
c           0.05    2.16 %  factor
c           0.04    1.87 %  congruence
c           0.04    1.69 %  preprocess
c           0.03    1.45 %  substitute
c           0.01    0.69 %  reduce
c           0.01    0.48 %  subsume
c           0.01    0.32 %  walking
c           0.01    0.27 %  transitive
c           0.00    0.17 %  parse
c           0.00    0.16 %  backbone
c           0.00    0.06 %  lucky
c =============================================
c           2.13  100.00 %  total
c
c ---- [ statistics ] --------------------------------------------------------
c
c chronological:                          505                1 %  conflicts
c conflicts:                            50000            23409.49 per second
c congruent:                              762                7 %  variables
c decisions:                           702216               14.04 per conflict
c eliminated:                            4283               38 %  variables
c factored:                               122                1 %  variables
c propagations:                      22091384         10342960    per second
c reductions:                              18             2778    interval
c reordered:                                3            16667    interval
c rephased:                                 7             7143    interval
c restarts:                              4177               12    interval
c strengthened:                           296                0 %  checks
c substituted:                           1749               16 %  variables
c subsumed:                              2514                0 %  checks
c switched:                                13             3846    interval
c vivified:                             16178                9 %  checks
c walks:                                    2            25000    interval
c
c ---- [ glue usage ] --------------------------------------------------------
c
c focused glue 2   used 22706 clauses 22.63% accumulated 71.74% tier1
c focused glue 3   used  7111 clauses  7.09% accumulated 78.83%
c focused glue 4-5 used  7688 clauses  7.66% accumulated 86.49%
c focused glue 6   used  2375 clauses  2.37% accumulated 88.86%
c focused glue 7   used  1712 clauses  1.71% accumulated 90.57% tier2
c
c stable glue 1   used 81232 clauses 56.30% accumulated 56.30% tier1
c stable glue 2   used 23746 clauses 16.46% accumulated 72.75%
c stable glue 3-8 used 23445 clauses 16.25% accumulated 89.00%
c stable glue 9   used  1300 clauses  0.90% accumulated 89.90%
c stable glue 10  used  1044 clauses  0.72% accumulated 90.63% tier2
c
c ---- [ resources ] ---------------------------------------------------------
c
c maximum-resident-set-size:      22179479552 bytes      21152 MB
c process-time:                             2s               2.13 seconds
c
c ---- [ shutting down ] -----------------------------------------------------
c
c exit 0
