c ---- [ banner ] ------------------------------------------------------------
c
c Kissat SAT Solver
c 
c Copyright (c) 2021-2024 Armin Biere University of Freiburg
c Copyright (c) 2019-2021 Armin Biere Johannes Kepler University Linz
c 
c Version 4.0.4 unknown
c Apple clang version 17.0.0 (clang-1700.3.19.1) -W -Wall -O3 -DNDEBUG
c Thu Oct 16 20:09:41 UTC 2025 Darwin Tahoe-arm64.local 25.0.0 arm64
c
c ---- [ parsing ] -----------------------------------------------------------
c
c opened and reading DIMACS file:
c
c   cnfs_n32/sr61_n32_bit13_m4d9f691c_fill55555555_enf0.cnf
c
c parsed 'p cnf 11269 47090' header
c closing input after reading 851342 bytes (831 KB)
c finished parsing after 0.00 seconds
c
c ---- [ options ] -----------------------------------------------------------
c
c --seed=7                         (different from default '0')
c
c ---- [ limits ] ------------------------------------------------------------
c
c conflict limit set to 50000 conflicts
c
c ---- [ solving ] -----------------------------------------------------------
c
c seconds switched rate     size/glue tier1  binary         remaining
c        MB reductions conflicts size  tier2    irredundant
c         level restarts redundant glue  trail         variables
c
c *  0.00  8 0 0 0  0 0   0   0 0.0 0 0 0 0 0% 3730 43295 11268 100%
c (  0.00  8 0 0 0  0 0   0   0 0.0 0 0 0 0 0% 3730 43295 11268 100%
c .  0.01  8 0 0 0  0 0   0   0 0.0 0 0 0 0 0% 3730 43295 11268 100%
c c  0.01 13 0 0 0  0 0   0   0 0.0 0 0 0 0 0% 4774 41434 10520 93%
c d  0.02 13 0 0 0  0 0   0   0 0.0 0 0 0 0 0% 3278 41434 10520 93%
c =  0.03 13 0 0 0  0 0   0   0 0.0 0 0 0 0 0% 3228 41434 10512 93%
c d  0.03 13 0 0 0  0 0   0   0 0.0 0 0 0 0 0% 3212 41434 10512 93%
c f  0.04 13 0 0 0  0 0   0   0 0.0 0 0 0 0 0% 3340 41172 10578 94%
c )  0.04 13 0 0 0  0 0   0   0 0.0 0 0 0 0 0% 3340 41172 10578 94%
c {  0.04 13 0 0 0  0 0   0   0 0.0 0 0 2 6 0% 3340 41172 10578 94%
c -  0.05 13 166 0 1 225 42 1000 667 1.5 5 3 2 5 8% 3453 41172 10578 94%
c }  0.05 13 166 1 1 225 42 1000 667 1.5 5 3 2 5 8% 3453 41172 10578 94%
c [  0.05 13 0 1 1 225 0 1000 667 0.0 0 0 2 6 0% 3453 41172 10578 94%
c B  0.05 13 136 1 1 225 65 1001 668 1.5 3 2 2 6 5% 3453 41172 10578 94%
c -  0.06 14 320 1 2 225 4 2000 1427 3.1 40 13 2 15 28% 3465 41172 10578 94%
c W  0.07 14 320 1 2 225 4 2003 1430 3.1 40 13 2 15 28% 3465 41172 10578 94%
c ]  0.07 14 319 2 2 225 4 2010 1437 3.1 41 13 2 15 28% 3465 41172 10578 94%
c {  0.07 14 166 2 2 225 42 2010 1437 1.5 5 3 2 5 8% 3465 41172 10578 94%
c c  0.08 14 170 2 2 385 47 2557 1874 1.5 6 4 2 6 9% 3533 41127 10563 94%
c d  0.08 14 170 2 2 385 47 2557 1870 1.5 6 4 2 6 9% 3503 41127 10563 94%
c
c seconds   switched   rate       size/glue tier1  binary         remaining
c        MB  reductions conflicts      size  tier2    irredundant
c          level restarts    redundant   glue  trail         variables
c
c u  0.09 14 170 2 2 385 47 2557 1475 1.5 6 4 2 6 9% 3498 41127 10563 94%
c v  0.09 14 170 2 2 385 47 2557 1324 1.5 6 4 2 6 9% 3498 41127 10563 94%
c w  0.09 14 170 2 2 385 47 2557 1186 1.5 6 4 2 6 9% 3498 41127 10563 94%
c x  0.10 14 170 2 2 385 47 2557 1186 1.5 6 4 2 6 9% 3498 40989 10563 94%
c d  0.11 14 170 2 2 385 47 2557 1183 1.5 6 4 2 6 9% 3496 40989 10562 94%
c t  0.11 14 170 2 2 385 47 2557 1183 1.5 6 4 2 6 9% 3484 40989 10562 94%
c f  0.11 14 170 2 2 385 47 2557 1183 1.5 6 4 2 6 9% 3485 40987 10563 94%
c u  0.12 14 170 2 2 385 47 2557 1149 1.5 6 4 2 6 9% 3487 40987 10563 94%
c v  0.13 14 170 2 2 385 47 2557 1118 1.5 6 4 2 6 9% 3487 40987 10563 94%
c w  0.13 14 170 2 2 385 47 2557 1079 1.5 6 4 2 6 9% 3487 40987 10563 94%
c x  0.13 14 170 2 2 385 47 2557 1079 1.5 6 4 2 6 9% 3487 40944 10563 94%
c t  0.13 14 170 2 2 385 47 2557 1079 1.5 6 4 2 6 9% 3486 40944 10563 94%
c }  0.14 14 165 3 2 451 43 3010 1430 1.5 6 4 2 6 10% 3517 40944 10563 94%
c [  0.14 14 319 3 2 451 4 3010 1430 3.1 41 13 2 15 28% 3517 40944 10563 94%
c -  0.14 14 291 3 3 451 4 3415 1610 2.9 34 12 2 15 26% 3522 40944 10563 94%
c I  0.15 14 240 3 3 452 3 4264 2324 2.5 27 11 2 15 19% 3529 40944 10563 94%
c ]  0.16 14 270 4 3 452 3 4826 2822 2.6 35 13 2 14 26% 3542 40944 10563 94%
c {  0.16 14 165 4 3 452 43 4826 2822 1.5 6 4 2 6 10% 3542 40944 10563 94%
c -  0.16 14 169 4 4 488 42 5149 2684 1.6 6 4 2 6 10% 3561 40944 10563 94%
c -  0.17 15 128 4 5 629 29 7151 3590 1.6 6 4 2 5 7% 3705 40944 10563 94%
c
c seconds   switched   rate       size/glue tier1  binary         remaining
c        MB  reductions conflicts      size  tier2    irredundant
c          level restarts    redundant   glue  trail         variables
c
c }  0.17 15 129 5 5 629 29 7178 3615 1.6 6 4 2 5 7% 3707 40944 10563 94%
c [  0.17 15 270 5 5 629 3 7178 3615 2.6 35 13 2 14 26% 3707 40944 10563 94%
c d  0.18 15 261 5 5 629 3 7875 3886 2.6 36 14 2 14 27% 3595 40944 10503 93%
c u  0.19 15 261 5 5 629 3 7875 3158 2.6 36 14 2 14 27% 3613 40944 10503 93%
c v  0.19 15 261 5 5 629 3 7875 2772 2.6 36 14 2 14 27% 3615 40944 10503 93%
c w  0.20 17 261 5 5 629 3 7875 2630 2.6 36 14 2 14 27% 3617 40944 10503 93%
c =  0.21 17 261 5 5 629 3 7875 2630 2.6 36 14 2 14 27% 3985 40944 10319 92%
c d  0.21 17 261 5 5 629 3 7875 2474 2.6 36 14 2 14 27% 3565 40944 10319 92%
c t  0.21 17 261 5 5 629 3 7875 2474 2.6 36 14 2 14 27% 3544 40944 10319 92%
c f  0.22 17 261 5 5 629 3 7875 2474 2.6 36 14 2 14 27% 3556 40919 10327 92%
c c  0.23 17 261 5 5 629 3 7875 2445 2.6 36 14 2 14 27% 3575 40869 10316 92%
c d  0.23 17 261 5 5 629 3 7875 2445 2.6 36 14 2 14 27% 3553 40869 10316 92%
c u  0.23 17 261 5 5 629 3 7875 2311 2.6 36 14 2 14 27% 3553 40869 10316 92%
c v  0.23 17 261 5 5 629 3 7875 2212 2.6 36 14 2 14 27% 3558 40869 10316 92%
c w  0.24 17 261 5 5 629 3 7875 2094 2.6 36 14 2 14 27% 3560 40869 10316 92%
c x  0.24 17 261 5 5 629 3 7875 2094 2.6 36 14 2 14 27% 3560 40819 10316 92%
c =  0.26 17 261 5 5 629 3 7875 2094 2.6 36 14 2 14 27% 3638 40819 10277 91%
c d  0.26 17 261 5 5 629 3 7875 2032 2.6 36 14 2 14 27% 3555 40819 10277 91%
c t  0.26 17 261 5 5 629 3 7875 2032 2.6 36 14 2 14 27% 3548 40819 10277 91%
c ]  0.26 17 257 6 5 629 3 7968 2122 2.6 36 14 2 14 26% 3549 40819 10277 91%
c
c seconds   switched   rate       size/glue tier1  binary         remaining
c        MB  reductions conflicts      size  tier2    irredundant
c          level restarts    redundant   glue  trail         variables
c
c {  0.26 17 129 6 5 629 29 7968 2122 1.6 6 4 2 5 7% 3549 40819 10277 91%
c -  0.29 17 123 6 6 1095 32 9387 2881 1.7 7 4 2 5 8% 3670 40819 10277 91%
c o  0.31 17 120 6 6 1273 31 10001 3440 1.7 8 5 2 5 8% 3697 40819 10277 91%
c -  0.36 17 115 6 7 1726 31 11838 4685 1.8 9 5 2 5 9% 3764 40819 10277 91%
c }  0.37 17 116 7 7 1757 31 12037 4849 1.8 9 5 2 5 10% 3788 40819 10277 91%
c [  0.37 17 257 7 7 1757 3 12037 4849 2.6 36 14 2 14 26% 3788 40819 10277 91%
c B  0.37 17 257 7 7 1757 3 12037 4849 2.6 36 14 2 14 26% 3788 40819 10277 91%
c s  0.45 18 238 7 7 1757 3 12777 5550 2.8 56 20 2 14 29% 3794 39615 10277 91%
c e  0.48 18 238 7 7 1757 3 12777 5550 2.8 56 20 2 14 29% 1983 37762 6494 58%
c s  0.48 18 238 7 7 1757 3 12777 5550 2.8 56 20 2 14 29% 1989 37510 6494 58%
c e  0.48 18 238 7 7 1757 3 12777 5550 2.8 56 20 2 14 29% 1982 37509 6472 57%
c ^  0.48 18 238 7 7 1757 3 12777 5550 2.8 56 20 2 14 29% 1982 37509 6472 57%
c ]  0.56 18 225 8 7 1758 3 13552 3178 2.7 75 27 2 14 32% 1984 37509 6472 57%
c {  0.56 18 116 8 7 1758 31 13552 3178 1.8 9 5 2 5 10% 1984 37509 6472 57%
c -  0.59 21 116 8 8 2010 32 14483 3518 1.9 11 6 2 5 10% 2008 37509 6472 57%
c c  0.65 21 117 8 8 2450 32 16132 5039 1.9 15 8 2 5 11% 2041 37506 6470 57%
c d  0.65 21 117 8 8 2450 32 16132 5037 1.9 15 8 2 5 11% 2037 37506 6470 57%
c u  0.65 21 117 8 8 2450 32 16132 4446 1.9 15 8 2 5 11% 2040 37506 6470 57%
c v  0.66 21 117 8 8 2450 32 16132 4069 1.9 15 8 2 5 11% 2040 37506 6470 57%
c w  0.68 21 117 8 8 2450 32 16132 3812 1.9 15 8 2 5 11% 2040 37506 6470 57%
c
c seconds   switched    rate        size/glue tier1    binary        remaining
c        MB  reductions   conflicts       size  tier2     irredundant
c          level  restarts     redundant    glue   trail        variables
c
c =  0.73 21 117 8 8 2450 32 16132 3812 1.9 15 8 2 5 11% 2082 37506 6449 57%
c d  0.73 21 117 8 8 2450 32 16132 3803 1.9 15 8 2 5 11% 2031 37506 6449 57%
c t  0.73 21 117 8 8 2450 32 16132 3803 1.9 15 8 2 5 11% 2020 37506 6449 57%
c f  0.74 21 117 8 8 2450 32 16132 3803 1.9 15 8 2 5 11% 2044 37449 6462 57%
c b  0.74 21 117 8 8 2450 32 16132 3803 1.9 15 8 2 5 11% 2044 37449 6461 57%
c u  0.75 21 117 8 8 2450 32 16132 3692 1.9 15 8 2 5 11% 2044 37449 6461 57%
c v  0.75 21 117 8 8 2450 32 16132 3603 1.9 15 8 2 5 11% 2044 37449 6461 57%
c w  0.77 21 117 8 8 2450 32 16132 3403 1.9 15 8 2 5 11% 2044 37449 6461 57%
c f  0.82 21 117 8 8 2450 32 16132 3403 1.9 15 8 2 5 11% 2048 37441 6463 57%
c -  0.85 21 118 8 9 2662 32 17312 3998 1.9 15 8 2 4 12% 2067 37441 6463 57%
c }  0.92 21 119 9 9 3219 32 19711 6258 2.0 18 9 2 4 13% 2098 37441 6463 57%
c [  0.92 21 225 9 9 3219 3 19711 6258 2.7 75 27 2 14 32% 2098 37441 6463 57%
c W  0.92 21 225 9 9 3219 3 19711 6258 2.7 75 27 2 14 32% 2098 37441 6463 57%
c -  0.96 21 215 9 10 3219 3 20315 5521 2.6 79 30 1 8 32% 2099 37441 6463 57%
c o  1.00 21 209 9 10 3220 3 20755 5946 2.6 85 32 1 8 33% 2101 37441 6463 57%
c ]  1.16 21 190 10 10 3221 2 23451 8463 2.5 92 36 1 8 34% 2104 37441 6463 57%
c {  1.16 21 119 10 10 3221 32 23451 8463 2.0 18 9 2 4 13% 2104 37441 6463 57%
c -  1.16 21 119 10 11 3227 32 23477 6284 2.0 18 9 1 4 13% 2105 37441 6463 57%
c s  1.19 21 122 10 11 3394 30 25644 8249 2.0 18 9 1 4 15% 2140 37342 6463 57%
c e  1.21 21 122 10 11 3394 30 25644 8249 2.0 18 9 1 4 15% 1958 37588 6346 56%
c
c seconds    switched     rate        size/glue tier1    binary        remaining
c        MB    reductions   conflicts       size  tier2     irredundant
c          level    restarts     redundant    glue   trail        variables
c
c s  1.21 21 122 10 11 3394 30 25644 8249 2.0 18 9 1 4 15% 1980 37510 6346 56%
c e  1.21 21 122 10 11 3394 30 25644 8249 2.0 18 9 1 4 15% 1977 37514 6344 56%
c ^  1.21 21 122 10 11 3394 30 25644 8249 2.0 18 9 1 4 15% 1977 37514 6344 56%
c -  1.25 21 123 10 12 3675 30 26793 6890 2.0 19 10 1 5 15% 1987 37514 6344 56%
c c  1.28 21 123 10 12 3861 30 27588 7616 2.0 19 10 1 5 15% 1998 37498 6340 56%
c d  1.28 21 123 10 12 3861 30 27588 7612 2.0 19 10 1 5 15% 1990 37498 6340 56%
c u  1.28 21 123 10 12 3861 30 27588 7145 2.0 19 10 1 5 15% 1992 37498 6340 56%
c v  1.29 21 123 10 12 3861 30 27588 5956 2.0 19 10 1 5 15% 1993 37498 6340 56%
c w  1.31 21 123 10 12 3861 30 27588 5570 2.0 19 10 1 5 15% 1993 37498 6340 56%
c x  1.32 21 123 10 12 3861 30 27588 5570 2.0 19 10 1 5 15% 1994 37149 6340 56%
c d  1.32 21 123 10 12 3861 30 27588 5569 2.0 19 10 1 5 15% 1992 37149 6339 56%
c t  1.32 21 123 10 12 3861 30 27588 5569 2.0 19 10 1 5 15% 1989 37149 6339 56%
c f  1.32 21 123 10 12 3861 30 27588 5569 2.0 19 10 1 5 15% 2026 37039 6362 56%
c u  1.33 21 123 10 12 3861 30 27588 5475 2.0 19 10 1 5 15% 2026 37039 6362 56%
c v  1.33 21 123 10 12 3861 30 27588 5226 2.0 19 10 1 5 15% 2026 37039 6362 56%
c w  1.34 21 123 10 12 3861 30 27588 5122 2.0 19 10 1 5 15% 2026 37039 6362 56%
c =  1.40 21 123 10 12 3861 30 27588 5122 2.0 19 10 1 5 15% 2624 36991 6063 54%
c d  1.40 21 123 10 12 3861 30 27588 4754 2.0 19 10 1 5 15% 2019 36991 6063 54%
c t  1.40 21 123 10 12 3861 30 27588 4754 2.0 19 10 1 5 15% 1992 36991 6063 54%
c -  1.46 21 124 10 13 4192 29 30264 5887 2.0 20 10 1 5 16% 2018 36991 6063 54%
c
c seconds    switched     rate        size/glue  tier1    binary        remaining
c        MB    reductions   conflicts       size   tier2     irredundant
c          level    restarts     redundant     glue   trail        variables
c
c }  1.50 21 124 11 13 4475 28 32079 7574 2.0 20 10 1 5 16% 2038 36991 6063 54%
c [  1.50 21 190 11 13 4475 2 32079 7574 2.5 92 36 1 8 34% 2038 36991 6063 54%
c O  1.50 21 190 11 13 4475 2 32079 7574 2.5 92 36 1 8 34% 2038 36991 6063 54%
c -  1.64 21 182 11 14 4476 2 33870 7051 2.6 105 41 1 6 37% 2039 36991 6063 54%
c ]  1.73 22 175 12 14 4477 2 35762 8836 2.4 106 43 1 6 37% 2039 36991 6063 54%
c {  1.73 22 124 12 14 4477 28 35762 8836 2.0 20 10 1 5 16% 2039 36991 6063 54%
c -  1.77 22 124 12 15 4765 28 37612 7827 2.0 21 10 1 5 16% 2061 36991 6063 54%
c o  1.82 22 126 12 15 4944 26 40758 10670 2.0 21 10 1 5 17% 2098 36991 6063 54%
c -  1.83 22 127 12 16 4978 26 41485 8908 2.0 21 10 1 5 18% 2105 36991 6063 54%
c d  1.84 22 124 12 16 4978 25 42345 9556 2.0 20 10 1 5 17% 2079 36991 6050 54%
c u  1.84 22 124 12 16 4978 25 42345 8861 2.0 20 10 1 5 17% 2080 36991 6050 54%
c v  1.85 22 124 12 16 4978 25 42345 7263 2.0 20 10 1 5 17% 2080 36991 6050 54%
c w  1.85 22 124 12 16 4978 25 42345 7016 2.0 20 10 1 5 17% 2080 36991 6050 54%
c x  1.87 22 124 12 16 4978 25 42345 7015 2.0 20 10 1 5 17% 2088 34760 6050 54%
c =  1.93 22 124 12 16 4978 25 42345 7015 2.0 20 10 1 5 17% 2868 34704 5660 50%
c d  1.93 22 124 12 16 4978 25 42345 6062 2.0 20 10 1 5 17% 2085 34704 5660 50%
c t  1.93 22 124 12 16 4978 25 42345 6062 2.0 20 10 1 5 17% 2040 34704 5660 50%
c u  1.95 22 124 12 16 4978 25 42345 5818 2.0 20 10 1 5 17% 2040 34704 5660 50%
c v  1.95 22 124 12 16 4978 25 42345 5465 2.0 20 10 1 5 17% 2040 34704 5660 50%
c w  1.95 22 124 12 16 4978 25 42345 5429 2.0 20 10 1 5 17% 2040 34704 5660 50%
c
c seconds    switched     rate        size/glue  tier1    binary        remaining
c        MB    reductions   conflicts       size   tier2     irredundant
c          level    restarts     redundant     glue   trail        variables
c
c x  1.97 22 124 12 16 4978 25 42345 5428 2.0 20 10 1 5 17% 2040 31991 5660 50%
c -  2.06 22 125 12 17 5056 23 45486 6372 2.0 20 10 1 6 18% 2051 31991 5660 50%
c }  2.08 22 124 13 17 5099 22 47241 7946 2.0 20 10 1 6 19% 2064 31991 5660 50%
c [  2.08 22 175 13 17 5099 2 47241 7946 2.4 106 43 1 6 37% 2064 31991 5660 50%
c B  2.08 22 175 13 17 5099 2 47241 7946 2.4 106 43 1 6 37% 2064 31991 5660 50%
c -  2.13 22 169 13 18 5101 2 49609 7777 2.4 97 40 1 7 36% 2065 31991 5660 50%
c ]  2.13 22 168 13 18 5101 2 50000 8124 2.4 96 40 1 7 36% 2065 31991 5660 50%
c ?  2.13 22 124 13 18 5101 22 50000 8124 2.0 20 10 1 6 19% 2065 31991 5660 50%
c
c ---- [ result ] ------------------------------------------------------------
c
s UNKNOWN
c
c ---- [ profiling ] ---------------------------------------------------------
c
c           1.39   65.17 %  search
c           0.71   33.34 %  stable
c           0.70   32.95 %  simplify
c           0.68   31.83 %  focused
c           0.68   31.75 %  probe
c           0.32   15.00 %  sweep
c           0.22   10.32 %  vivify
c           0.05    2.52 %  congruence
c           0.05    2.45 %  eliminate
c           0.04    2.05 %  factor
c           0.04    1.65 %  preprocess
c           0.03    1.38 %  substitute
c           0.01    0.67 %  reduce
c           0.01    0.44 %  subsume
c           0.01    0.35 %  walking
c           0.01    0.30 %  transitive
c           0.00    0.17 %  backbone
c           0.00    0.17 %  parse
c           0.00    0.06 %  lucky
c =============================================
c           2.13  100.00 %  total
c
c ---- [ statistics ] --------------------------------------------------------
c
c chronological:                          523                1 %  conflicts
c conflicts:                            50000            23461.16 per second
c congruent:                              780                7 %  variables
c decisions:                           786911               15.74 per conflict
c eliminated:                            3924               35 %  variables
c factored:                               113                1 %  variables
c propagations:                      21787896         10223386    per second
c reductions:                              18             2778    interval
c reordered:                                3            16667    interval
c rephased:                                 7             7143    interval
c restarts:                              5101               10    interval
c strengthened:                           310                0 %  checks
c substituted:                           1796               16 %  variables
c subsumed:                              1604                0 %  checks
c switched:                                13             3846    interval
c vivified:                             20254               12 %  checks
c walks:                                    2            25000    interval
c
c ---- [ glue usage ] --------------------------------------------------------
c
c focused glue 1   used 54679 clauses 54.83% accumulated 54.83% tier1
c focused glue 2   used 20929 clauses 20.99% accumulated 75.82%
c focused glue 3-4 used 10350 clauses 10.38% accumulated 86.20%
c focused glue 5   used  2518 clauses  2.53% accumulated 88.73%
c focused glue 6   used  1798 clauses  1.80% accumulated 90.53% tier2
c
c stable glue 1   used 90903 clauses 57.38% accumulated 57.38% tier1
c stable glue 2   used 27078 clauses 17.09% accumulated 74.48%
c stable glue 3-5 used 19977 clauses 12.61% accumulated 87.09%
c stable glue 6   used  2784 clauses  1.76% accumulated 88.85%
c stable glue 7   used  2011 clauses  1.27% accumulated 90.12% tier2
c
c ---- [ resources ] ---------------------------------------------------------
c
c maximum-resident-set-size:      23672651776 bytes      22576 MB
c process-time:                             2s               2.13 seconds
c
c ---- [ shutting down ] -----------------------------------------------------
c
c exit 0
