c ---- [ banner ] ------------------------------------------------------------
c
c Kissat SAT Solver
c 
c Copyright (c) 2021-2024 Armin Biere University of Freiburg
c Copyright (c) 2019-2021 Armin Biere Johannes Kepler University Linz
c 
c Version 4.0.4 unknown
c Apple clang version 17.0.0 (clang-1700.3.19.1) -W -Wall -O3 -DNDEBUG
c Thu Oct 16 20:09:41 UTC 2025 Darwin Tahoe-arm64.local 25.0.0 arm64
c
c ---- [ parsing ] -----------------------------------------------------------
c
c opened and reading DIMACS file:
c
c   cnfs_n32/sr61_n32_bit13_m4d9f691c_fill55555555_enf0.cnf
c
c parsed 'p cnf 11269 47090' header
c closing input after reading 851342 bytes (831 KB)
c finished parsing after 0.00 seconds
c
c ---- [ options ] -----------------------------------------------------------
c
c --seed=1                         (different from default '0')
c
c ---- [ limits ] ------------------------------------------------------------
c
c conflict limit set to 50000 conflicts
c
c ---- [ solving ] -----------------------------------------------------------
c
c seconds switched rate     size/glue tier1  binary         remaining
c        MB reductions conflicts size  tier2    irredundant
c         level restarts redundant glue  trail         variables
c
c *  0.00  8 0 0 0  0 0   0   0 0.0 0 0 0 0 0% 3730 43295 11268 100%
c (  0.00  8 0 0 0  0 0   0   0 0.0 0 0 0 0 0% 3730 43295 11268 100%
c .  0.01  8 0 0 0  0 0   0   0 0.0 0 0 0 0 0% 3730 43295 11268 100%
c c  0.01 13 0 0 0  0 0   0   0 0.0 0 0 0 0 0% 4774 41434 10520 93%
c d  0.01 13 0 0 0  0 0   0   0 0.0 0 0 0 0 0% 3278 41434 10520 93%
c =  0.03 13 0 0 0  0 0   0   0 0.0 0 0 0 0 0% 3228 41434 10512 93%
c d  0.03 13 0 0 0  0 0   0   0 0.0 0 0 0 0 0% 3212 41434 10512 93%
c f  0.04 13 0 0 0  0 0   0   0 0.0 0 0 0 0 0% 3340 41172 10578 94%
c )  0.04 13 0 0 0  0 0   0   0 0.0 0 0 0 0 0% 3340 41172 10578 94%
c {  0.04 13 0 0 0  0 0   0   0 0.0 0 0 2 6 0% 3340 41172 10578 94%
c -  0.04 13 162 0 1 213 39 1000 698 1.5 5 3 2 5 8% 3441 41172 10578 94%
c }  0.04 13 162 1 1 213 39 1000 698 1.5 5 3 2 5 8% 3441 41172 10578 94%
c [  0.04 13 0 1 1 213 0 1000 698 0.0 0 0 2 6 0% 3441 41172 10578 94%
c B  0.05 13 37 1 1 213 3 1001 699 1.5 3 2 2 6 2% 3441 41172 10578 94%
c -  0.06 13 307 1 2 213 4 2000 1493 2.4 28 12 2 18 22% 3469 41172 10578 94%
c W  0.06 13 307 1 2 213 4 2003 1496 2.4 28 12 2 18 22% 3469 41172 10578 94%
c ]  0.06 13 261 2 2 214 4 2447 1856 2.3 23 10 2 18 19% 3471 41172 10578 94%
c {  0.06 13 162 2 2 214 39 2447 1856 1.5 5 3 2 5 8% 3471 41172 10578 94%
c c  0.07 13 161 2 2 233 38 2556 1936 1.5 5 3 2 6 8% 3490 41132 10567 94%
c d  0.07 13 161 2 2 233 38 2556 1928 1.5 5 3 2 6 8% 3468 41132 10567 94%
c
c seconds   switched   rate       size/glue tier1  binary         remaining
c        MB  reductions conflicts      size  tier2    irredundant
c          level restarts    redundant   glue  trail         variables
c
c u  0.07 13 161 2 2 233 38 2556 1596 1.5 5 3 2 6 8% 3466 41132 10567 94%
c v  0.07 13 161 2 2 233 38 2556 1405 1.5 5 3 2 6 8% 3467 41132 10567 94%
c w  0.08 13 161 2 2 233 38 2556 1303 1.5 5 3 2 6 8% 3467 41132 10567 94%
c x  0.08 13 161 2 2 233 38 2556 1303 1.5 5 3 2 6 8% 3467 41026 10567 94%
c d  0.10 14 161 2 2 233 38 2556 1303 1.5 5 3 2 6 8% 3465 41026 10566 94%
c t  0.10 14 161 2 2 233 38 2556 1303 1.5 5 3 2 6 8% 3456 41026 10566 94%
c c  0.11 14 161 2 2 233 38 2556 1303 1.5 5 3 2 6 8% 3459 41018 10564 94%
c d  0.11 14 161 2 2 233 38 2556 1299 1.5 5 3 2 6 8% 3455 41018 10564 94%
c u  0.11 14 161 2 2 233 38 2556 1245 1.5 5 3 2 6 8% 3458 41018 10564 94%
c v  0.11 14 161 2 2 233 38 2556 1185 1.5 5 3 2 6 8% 3458 41018 10564 94%
c w  0.11 14 161 2 2 233 38 2556 1139 1.5 5 3 2 6 8% 3458 41018 10564 94%
c d  0.11 14 161 2 2 233 38 2556 1138 1.5 5 3 2 6 8% 3456 41018 10563 94%
c t  0.11 14 161 2 2 233 38 2556 1138 1.5 5 3 2 6 8% 3455 41018 10563 94%
c -  0.12 14 176 2 3 439 43 3414 1688 1.6 6 4 2 6 9% 3514 41018 10563 94%
c }  0.12 14 174 3 3 439 42 3447 1715 1.6 6 4 2 6 9% 3515 41018 10563 94%
c [  0.12 14 261 3 3 439 4 3447 1715 2.3 23 10 2 18 19% 3515 41018 10563 94%
c I  0.13 14 236 3 3 439 3 4263 2421 2.3 23 10 2 18 20% 3526 41018 10563 94%
c ]  0.14 14 225 4 3 440 4 4565 2696 2.2 23 10 2 13 20% 3540 41018 10563 94%
c {  0.14 14 174 4 3 440 42 4565 2696 1.6 6 4 2 6 9% 3540 41018 10563 94%
c -  0.15 14 163 4 4 663 44 5147 2903 1.8 9 5 2 5 10% 3566 41018 10563 94%
c
c seconds   switched    rate       size/glue tier1    binary         remaining
c        MB  reductions  conflicts       size  tier2     irredundant
c          level  restarts    redundant    glue   trail         variables
c
c }  0.20 14 144 5 4 1108 40 6917 4501 1.9 14 7 2 5 12% 3660 41018 10563 94%
c [  0.20 14 225 5 4 1108 4 6917 4501 2.2 23 10 2 13 20% 3660 41018 10563 94%
c -  0.21 14 250 5 5 1108 4 7147 4172 2.1 24 11 2 13 19% 3664 41018 10563 94%
c d  0.22 16 300 5 5 1108 3 7872 4863 1.9 26 14 2 13 18% 3663 41018 10558 94%
c u  0.22 16 300 5 5 1108 3 7872 4149 1.9 26 14 2 13 18% 3671 41018 10558 94%
c v  0.22 16 300 5 5 1108 3 7872 3827 1.9 26 14 2 13 18% 3674 41018 10558 94%
c w  0.23 16 300 5 5 1108 3 7872 3824 1.9 26 14 2 13 18% 3674 41018 10558 94%
c x  0.23 16 300 5 5 1108 3 7872 3824 1.9 26 14 2 13 18% 3674 40986 10558 94%
c =  0.25 16 300 5 5 1108 3 7872 3824 1.9 26 14 2 13 18% 3986 40986 10402 92%
c d  0.25 16 300 5 5 1108 3 7872 3634 1.9 26 14 2 13 18% 3655 40986 10402 92%
c t  0.25 16 300 5 5 1108 3 7872 3634 1.9 26 14 2 13 18% 3639 40986 10402 92%
c f  0.25 16 300 5 5 1108 3 7872 3634 1.9 26 14 2 13 18% 3642 40980 10405 92%
c u  0.26 17 300 5 5 1108 3 7872 3552 1.9 26 14 2 13 18% 3644 40980 10405 92%
c v  0.26 17 300 5 5 1108 3 7872 3486 1.9 26 14 2 13 18% 3644 40980 10405 92%
c w  0.27 17 300 5 5 1108 3 7872 3296 1.9 26 14 2 13 18% 3644 40980 10405 92%
c B  0.30 17 293 5 5 1109 3 8034 3445 1.9 29 15 2 13 18% 3646 40980 10405 92%
c ]  0.37 17 273 6 5 1109 3 8586 3967 2.2 45 20 2 13 21% 3653 40980 10405 92%
c {  0.37 17 144 6 5 1109 40 8586 3967 1.9 14 7 2 5 12% 3653 40980 10405 92%
c -  0.38 20 139 6 6 1175 37 9385 3770 2.0 14 7 1 5 12% 3705 40980 10405 92%
c o  0.40 20 138 6 6 1261 35 10005 4338 2.0 15 7 1 5 12% 3734 40980 10405 92%
c
c seconds   switched    rate        size/glue tier1    binary         remaining
c        MB  reductions   conflicts       size  tier2     irredundant
c          level  restarts     redundant    glue   trail         variables
c
c -  0.44 20 129 6 7 1482 31 11834 5128 2.0 15 8 1 5 12% 3790 40980 10405 92%
c }  0.46 20 130 7 7 1630 30 12655 5891 2.1 16 8 1 5 13% 3815 40980 10405 92%
c [  0.46 20 273 7 7 1630 3 12655 5891 2.2 45 20 2 13 21% 3815 40980 10405 92%
c s  0.49 20 268 7 7 1630 3 12777 6009 2.4 51 22 2 13 23% 3817 40205 10405 92%
c e  0.51 20 268 7 7 1630 3 12777 6009 2.4 51 22 2 13 23% 1998 38496 6607 59%
c s  0.52 20 268 7 7 1630 3 12777 6009 2.4 51 22 2 13 23% 2016 38197 6607 59%
c e  0.52 20 268 7 7 1630 3 12777 6009 2.4 51 22 2 13 23% 2013 38196 6588 58%
c ^  0.52 20 268 7 7 1630 3 12777 6009 2.4 51 22 2 13 23% 2013 38196 6588 58%
c ]  0.62 20 248 8 7 1630 3 13560 3394 2.4 73 31 2 13 28% 2016 38196 6588 58%
c {  0.62 20 130 8 7 1630 30 13560 3394 2.1 16 8 1 5 13% 2016 38196 6588 58%
c -  0.65 20 129 8 8 1824 30 14480 3632 2.0 17 8 1 5 13% 2032 38196 6588 58%
c d  0.70 20 128 8 8 2189 31 16126 5191 2.1 19 9 1 5 14% 2047 38194 6587 58%
c u  0.70 20 128 8 8 2189 31 16126 4948 2.1 19 9 1 5 14% 2051 38194 6587 58%
c v  0.70 20 128 8 8 2189 31 16126 4260 2.1 19 9 1 5 14% 2051 38194 6587 58%
c w  0.73 20 128 8 8 2189 31 16126 3937 2.1 19 9 1 5 14% 2051 38194 6587 58%
c d  0.73 20 128 8 8 2189 31 16126 3937 2.1 19 9 1 5 14% 2049 38192 6586 58%
c t  0.73 20 128 8 8 2189 31 16126 3937 2.1 19 9 1 5 14% 2042 38192 6586 58%
c f  0.74 21 128 8 8 2189 31 16126 3937 2.1 19 9 1 5 14% 2070 38133 6600 59%
c u  0.75 21 128 8 8 2189 31 16126 3876 2.1 19 9 1 5 14% 2072 38133 6600 59%
c v  0.75 21 128 8 8 2189 31 16126 3746 2.1 19 9 1 5 14% 2072 38133 6600 59%
c
c seconds   switched    rate        size/glue tier1    binary        remaining
c        MB  reductions   conflicts       size  tier2     irredundant
c          level  restarts     redundant    glue   trail        variables
c
c w  0.77 21 128 8 8 2189 31 16126 3709 2.1 19 9 1 5 14% 2072 38133 6600 59%
c x  0.78 21 128 8 8 2189 31 16126 3709 2.1 19 9 1 5 14% 2075 37942 6600 59%
c =  0.83 21 128 8 8 2189 31 16126 3709 2.1 19 9 1 5 14% 2309 37942 6483 58%
c d  0.83 21 128 8 8 2189 31 16126 3633 2.1 19 9 1 5 14% 2067 37942 6482 58%
c t  0.83 21 128 8 8 2189 31 16126 3633 2.1 19 9 1 5 14% 2042 37942 6482 58%
c f  0.83 21 128 8 8 2189 31 16126 3633 2.1 19 9 1 5 14% 2066 37894 6494 58%
c -  0.87 21 128 8 9 2396 30 17309 4145 2.1 20 9 1 5 14% 2084 37894 6494 58%
c }  0.94 21 127 9 9 2800 29 19719 6406 2.1 21 10 1 5 15% 2106 37894 6494 58%
c [  0.94 21 248 9 9 2800 3 19719 6406 2.4 73 31 2 13 28% 2106 37894 6494 58%
c W  0.94 21 248 9 9 2800 3 19719 6406 2.4 73 31 2 13 28% 2106 37894 6494 58%
c -  0.99 21 235 9 10 2800 3 20310 5498 2.3 78 34 1 7 29% 2107 37894 6494 58%
c o  1.10 21 213 9 10 2802 3 21791 6911 2.3 92 39 1 7 32% 2107 37894 6494 58%
c -  1.14 21 205 9 11 2802 3 23473 6365 2.2 88 39 1 9 34% 2109 37894 6494 58%
c ]  1.15 21 203 10 11 2802 3 23882 6748 2.2 87 39 1 9 34% 2109 37894 6494 58%
c {  1.15 21 127 10 11 2802 29 23882 6748 2.1 21 10 1 5 15% 2109 37894 6494 58%
c s  1.19 21 128 10 11 3053 29 25629 8381 2.1 21 10 1 5 16% 2133 37235 6494 58%
c e  1.21 21 128 10 11 3053 29 25629 8381 2.1 21 10 1 5 16% 1889 37570 6358 56%
c s  1.21 21 128 10 11 3053 29 25629 8381 2.1 21 10 1 5 16% 1902 37504 6358 56%
c e  1.21 21 128 10 11 3053 29 25629 8381 2.1 21 10 1 5 16% 1896 37501 6356 56%
c ^  1.21 21 128 10 11 3053 29 25629 8381 2.1 21 10 1 5 16% 1896 37501 6356 56%
c
c seconds    switched     rate        size/glue  tier1    binary        remaining
c        MB    reductions   conflicts       size   tier2     irredundant
c          level    restarts     redundant     glue   trail        variables
c
c -  1.24 21 129 10 12 3242 28 26789 6752 2.1 22 10 1 5 16% 1911 37501 6356 56%
c c  1.28 21 129 10 12 3417 28 27570 7489 2.1 22 11 1 5 16% 1923 37495 6355 56%
c d  1.28 21 129 10 12 3417 28 27570 7489 2.1 22 11 1 5 16% 1921 37495 6355 56%
c u  1.29 21 129 10 12 3417 28 27570 7028 2.1 22 11 1 5 16% 1921 37495 6355 56%
c v  1.29 21 129 10 12 3417 28 27570 5978 2.1 22 11 1 5 16% 1922 37495 6355 56%
c w  1.31 21 129 10 12 3417 28 27570 5578 2.1 22 11 1 5 16% 1922 37495 6355 56%
c =  1.37 21 129 10 12 3417 28 27570 5578 2.1 22 11 1 5 16% 1924 37494 6354 56%
c d  1.37 21 129 10 12 3417 28 27570 5578 2.1 22 11 1 5 16% 1921 37494 6354 56%
c t  1.37 21 129 10 12 3417 28 27570 5578 2.1 22 11 1 5 16% 1918 37494 6354 56%
c f  1.37 21 129 10 12 3417 28 27570 5578 2.1 22 11 1 5 16% 1962 37376 6378 57%
c u  1.38 21 129 10 12 3417 28 27570 5487 2.1 22 11 1 5 16% 1963 37376 6378 57%
c v  1.38 21 129 10 12 3417 28 27570 5249 2.1 22 11 1 5 16% 1963 37376 6378 57%
c w  1.40 21 129 10 12 3417 28 27570 5090 2.1 22 11 1 5 16% 1963 37376 6378 57%
c x  1.41 21 129 10 12 3417 28 27570 5089 2.1 22 11 1 5 16% 1969 37152 6378 57%
c t  1.41 21 129 10 12 3417 28 27570 5089 2.1 22 11 1 5 16% 1965 37152 6378 57%
c -  1.51 21 129 10 13 3932 29 30253 6387 2.1 24 12 1 4 17% 1984 37152 6378 57%
c }  1.58 21 130 11 13 4306 28 32510 8554 2.1 25 12 1 4 17% 1996 37152 6378 57%
c [  1.58 21 203 11 13 4306 3 32510 8554 2.2 87 39 1 9 34% 1996 37152 6378 57%
c O  1.58 21 203 11 13 4306 3 32510 8554 2.2 87 39 1 9 34% 1996 37152 6378 57%
c -  1.60 21 198 11 14 4307 3 33858 8181 2.2 82 37 1 11 36% 1998 37152 6378 57%
c
c seconds    switched    rate        size/glue  tier1     binary        remaining
c        MB    reductions  conflicts       size   tier2      irredundant
c          level    restarts    redundant     glue    trail        variables
c
c -  1.65 21 196 11 15 4309 2 37602 8914 2.2 72 33 1 11 36% 2004 37151 6378 57%
c ]  1.89 21 190 12 15 4311 2 39508 10780 2.3 85 37 1 11 39% 2004 37151 6378 57%
c {  1.89 21 130 12 15 4311 28 39508 10780 2.1 25 12 1 4 17% 2004 37151 6378 57%
c -  1.97 22 131 12 16 4695 28 41474 9761 2.1 26 12 1 4 17% 2011 37151 6378 57%
c o  1.99 22 131 12 16 4762 28 41792 10071 2.1 26 12 1 4 17% 2011 37151 6378 57%
c u  2.00 22 132 12 16 4780 28 42324 9971 2.1 26 12 1 4 18% 2021 37151 6378 57%
c v  2.00 22 132 12 16 4780 28 42324 8864 2.1 26 12 1 4 18% 2021 37151 6378 57%
c w  2.02 22 132 12 16 4780 28 42324 8032 2.1 26 12 1 4 18% 2021 37151 6378 57%
c x  2.04 22 132 12 16 4780 28 42324 8030 2.1 26 12 1 4 18% 2025 36989 6378 57%
c =  2.11 22 132 12 16 4780 28 42324 8030 2.1 26 12 1 4 18% 2683 36835 6049 54%
c d  2.11 22 132 12 16 4780 28 42324 7690 2.1 26 12 1 4 18% 2008 36835 6049 54%
c t  2.11 22 132 12 16 4780 28 42324 7690 2.1 26 12 1 4 18% 1992 36835 6049 54%
c u  2.12 22 132 12 16 4780 28 42324 7498 2.1 26 12 1 4 18% 1995 36835 6049 54%
c v  2.13 22 132 12 16 4780 28 42324 7265 2.1 26 12 1 4 18% 1996 36835 6049 54%
c w  2.14 22 132 12 16 4780 28 42324 7015 2.1 26 12 1 4 18% 1996 36835 6049 54%
c -  2.30 22 133 12 17 5139 27 45474 8200 2.1 26 13 1 4 18% 2004 36835 6049 54%
c -  2.41 22 135 12 18 5629 26 49597 10166 2.1 27 13 1 4 19% 2030 36835 6049 54%
c }  2.42 22 135 12 18 5638 26 50000 10544 2.1 27 13 1 4 19% 2032 36835 6049 54%
c ?  2.42 22 135 12 18 5638 26 50000 10544 2.1 27 13 1 4 19% 2032 36835 6049 54%
c
c ---- [ result ] ------------------------------------------------------------
c
s UNKNOWN
c
c ---- [ profiling ] ---------------------------------------------------------
c
c           1.70   70.08 %  search
c           0.93   38.57 %  focused
c           0.76   31.51 %  stable
c           0.69   28.35 %  simplify
c           0.66   27.35 %  probe
c           0.31   12.75 %  sweep
c           0.24    9.79 %  vivify
c           0.05    2.04 %  eliminate
c           0.04    1.64 %  factor
c           0.04    1.57 %  congruence
c           0.03    1.37 %  preprocess
c           0.03    1.21 %  substitute
c           0.01    0.57 %  reduce
c           0.01    0.38 %  subsume
c           0.01    0.30 %  walking
c           0.01    0.24 %  transitive
c           0.00    0.14 %  parse
c           0.00    0.13 %  backbone
c           0.00    0.05 %  lucky
c =============================================
c           2.42  100.00 %  total
c
c ---- [ statistics ] --------------------------------------------------------
c
c chronological:                          523                1 %  conflicts
c conflicts:                            50000            20638.98 per second
c congruent:                              762                7 %  variables
c decisions:                           891695               17.83 per conflict
c eliminated:                            3955               35 %  variables
c factored:                               119                1 %  variables
c propagations:                      26040512         10748994    per second
c reductions:                              18             2778    interval
c reordered:                                3            16667    interval
c rephased:                                 6             8333    interval
c restarts:                              5638                9    interval
c strengthened:                           300                0 %  checks
c substituted:                           1383               12 %  variables
c subsumed:                              1767                0 %  checks
c switched:                                12             4167    interval
c vivified:                             15288               10 %  checks
c walks:                                    2            25000    interval
c
c ---- [ glue usage ] --------------------------------------------------------
c
c focused glue 1 used 81484 clauses 64.46% accumulated 64.46% tier1
c focused glue 2 used 22824 clauses 18.06% accumulated 82.51%
c focused glue 3 used  6833 clauses  5.41% accumulated 87.92%
c focused glue 4 used  3523 clauses  2.79% accumulated 90.71% tier2
c
c stable glue 1   used 106115 clauses 60.70% accumulated 60.70% tier1
c stable glue 2   used  27213 clauses 15.57% accumulated 76.26%
c stable glue 3-5 used  18744 clauses 10.72% accumulated 86.98%
c stable glue 6   used   3166 clauses  1.81% accumulated 88.79%
c stable glue 7   used   2494 clauses  1.43% accumulated 90.22% tier2
c
c ---- [ resources ] ---------------------------------------------------------
c
c maximum-resident-set-size:      23722983424 bytes      22624 MB
c process-time:                             2s               2.42 seconds
c
c ---- [ shutting down ] -----------------------------------------------------
c
c exit 0
