c ---- [ banner ] ------------------------------------------------------------
c
c Kissat SAT Solver
c 
c Copyright (c) 2021-2024 Armin Biere University of Freiburg
c Copyright (c) 2019-2021 Armin Biere Johannes Kepler University Linz
c 
c Version 4.0.4 unknown
c Apple clang version 17.0.0 (clang-1700.3.19.1) -W -Wall -O3 -DNDEBUG
c Thu Oct 16 20:09:41 UTC 2025 Darwin Tahoe-arm64.local 25.0.0 arm64
c
c ---- [ parsing ] -----------------------------------------------------------
c
c opened and reading DIMACS file:
c
c   headline_hunt/bets/cascade_aux_encoding/cnfs/aux_force_sr61_n32_bit10_m3304caa0_fill80000000.cnf
c
c parsed 'p cnf 12816 53698' header
c closing input after reading 976018 bytes (953 KB)
c finished parsing after 0.00 seconds
c
c ---- [ options ] -----------------------------------------------------------
c
c --seed=7                         (different from default '0')
c
c ---- [ limits ] ------------------------------------------------------------
c
c conflict limit set to 50000 conflicts
c
c ---- [ solving ] -----------------------------------------------------------
c
c seconds switched rate     size/glue tier1  binary         remaining
c        MB reductions conflicts size  tier2    irredundant
c         level restarts redundant glue  trail         variables
c
c *  0.00  9 0 0 0  0 0   0   0 0.0 0 0 0 0 0% 3122 50063 12335 96%
c (  0.00  9 0 0 0  0 0   0   0 0.0 0 0 0 0 0% 3122 50063 12335 96%
c .  0.01  9 0 0 0  0 0   0   0 0.0 0 0 0 0 0% 4018 48143 12335 96%
c c  0.02 14 0 0 0  0 0   0   0 0.0 0 0 0 0 0% 5804 42265 10531 82%
c d  0.02 14 0 0 0  0 0   0   0 0.0 0 0 0 0 0% 3122 42265 10531 82%
c =  0.03 14 0 0 0  0 0   0   0 0.0 0 0 0 0 0% 2986 42265 10529 82%
c d  0.03 14 0 0 0  0 0   0   0 0.0 0 0 0 0 0% 2982 42265 10529 82%
c f  0.04 14 0 0 0  0 0   0   0 0.0 0 0 0 0 0% 3318 41688 10709 84%
c )  0.04 14 0 0 0  0 0   0   0 0.0 0 0 0 0 0% 3318 41688 10709 84%
c {  0.04 14 0 0 0  0 0   0   0 0.0 0 0 2 6 0% 3318 41688 10709 84%
c -  0.05 14 262 0 1 225 61 1000 793 1.5 4 3 2 4 10% 3383 41687 10709 84%
c }  0.05 14 262 1 1 225 61 1000 793 1.5 4 3 2 4 10% 3383 41687 10709 84%
c [  0.05 14 0 1 1 225 0 1000 793 0.0 0 0 2 6 0% 3383 41687 10709 84%
c B  0.05 14 556 1 1 225 546 1001 794 1.5 3 2 2 6 11% 3383 41687 10709 84%
c -  0.05 14 419 1 2 225 3 2001 1454 1.4 11 8 2 9 6% 3398 41687 10709 84%
c W  0.06 14 419 1 2 225 3 2005 1458 1.4 11 8 2 9 6% 3398 41687 10709 84%
c c  0.07 14 439 1 2 226 6 2556 1867 1.5 11 8 2 9 10% 3426 41607 10687 83%
c d  0.07 14 439 1 2 226 6 2556 1830 1.5 11 8 2 9 10% 3367 41607 10678 83%
c u  0.07 14 439 1 2 226 6 2556 1505 1.5 11 8 2 9 10% 3370 41607 10678 83%
c v  0.07 14 439 1 2 226 6 2556 1430 1.5 11 8 2 9 10% 3370 41607 10678 83%
c
c seconds   switched  rate       size/glue tier1    binary         remaining
c        MB  reductions conflicts      size  tier2     irredundant
c          level restarts   redundant    glue   trail         variables
c
c w  0.08 14 439 1 2 226 6 2556 1207 1.5 11 8 2 9 10% 3370 41607 10678 83%
c x  0.08 14 439 1 2 226 6 2556 1207 1.5 11 8 2 9 10% 3370 41527 10678 83%
c d  0.09 14 439 1 2 226 6 2556 1205 1.5 11 8 2 9 10% 3368 41527 10677 83%
c f  0.10 14 439 1 2 226 6 2556 1205 1.5 11 8 2 9 10% 3372 41521 10679 83%
c c  0.10 14 439 1 2 226 6 2556 1196 1.5 11 8 2 9 10% 3385 41492 10672 83%
c d  0.10 14 439 1 2 226 6 2556 1196 1.5 11 8 2 9 10% 3371 41492 10672 83%
c u  0.11 14 439 1 2 226 6 2556 1156 1.5 11 8 2 9 10% 3373 41492 10672 83%
c v  0.11 14 439 1 2 226 6 2556 1137 1.5 11 8 2 9 10% 3373 41492 10672 83%
c w  0.11 14 439 1 2 226 6 2556 1015 1.5 11 8 2 9 10% 3373 41492 10672 83%
c t  0.11 14 439 1 2 226 6 2556 1015 1.5 11 8 2 9 10% 3371 41492 10672 83%
c -  0.12 14 355 1 3 227 6 3425 1553 1.5 12 8 2 10 12% 3396 41492 10672 83%
c ]  0.12 14 348 2 3 227 6 3500 1591 1.5 12 8 2 10 12% 3408 41492 10672 83%
c {  0.12 14 262 2 3 227 61 3500 1591 1.5 4 3 2 4 10% 3408 41492 10672 83%
c }  0.13 14 178 3 3 386 43 4501 2366 1.6 5 3 2 4 10% 3520 41476 10672 83%
c [  0.13 14 348 3 3 386 6 4501 2366 1.5 12 8 2 10 12% 3520 41476 10672 83%
c I  0.13 14 348 3 3 386 6 4501 2366 1.5 12 8 2 10 12% 3520 41476 10672 83%
c -  0.13 14 350 3 4 386 6 5158 2622 1.5 12 8 2 10 18% 3549 41474 10672 83%
c ]  0.14 14 326 4 4 387 6 5962 3341 1.6 13 8 2 10 21% 3580 41474 10672 83%
c {  0.14 14 178 4 4 387 43 5962 3341 1.6 5 3 2 4 10% 3580 41474 10672 83%
c -  0.16 15 144 4 5 794 40 7161 3769 1.7 6 4 2 4 10% 3700 41458 10672 83%
c
c seconds   switched    rate       size/glue tier1   binary         remaining
c        MB  reductions  conflicts      size  tier2     irredundant
c          level  restarts    redundant   glue   trail         variables
c
c d  0.17 15 130 4 5 1017 38 7872 4292 1.7 6 4 2 4 10% 3684 41454 10638 83%
c u  0.18 15 130 4 5 1017 38 7872 3538 1.7 6 4 2 4 10% 3710 41454 10638 83%
c v  0.18 15 130 4 5 1017 38 7872 3291 1.7 6 4 2 4 10% 3713 41454 10638 83%
c w  0.18 15 130 4 5 1017 38 7872 3184 1.7 6 4 2 4 10% 3714 41454 10638 83%
c x  0.19 15 130 4 5 1017 38 7872 3184 1.7 6 4 2 4 10% 3754 41372 10638 83%
c =  0.20 15 130 4 5 1017 38 7872 3184 1.7 6 4 2 4 10% 4108 41372 10461 82%
c d  0.20 15 130 4 5 1017 38 7872 3150 1.7 6 4 2 4 10% 3726 41372 10451 82%
c t  0.20 15 130 4 5 1017 38 7872 3150 1.7 6 4 2 4 10% 3715 41372 10451 82%
c f  0.20 15 130 4 5 1017 38 7872 3150 1.7 6 4 2 4 10% 3735 41338 10461 82%
c c  0.21 15 130 4 5 1017 38 7872 3124 1.7 6 4 2 4 10% 3763 41243 10442 81%
c d  0.21 15 130 4 5 1017 38 7872 3124 1.7 6 4 2 4 10% 3725 41243 10442 81%
c u  0.22 15 130 4 5 1017 38 7872 2954 1.7 6 4 2 4 10% 3734 41243 10442 81%
c v  0.22 15 130 4 5 1017 38 7872 2881 1.7 6 4 2 4 10% 3734 41243 10442 81%
c w  0.22 15 130 4 5 1017 38 7872 2739 1.7 6 4 2 4 10% 3734 41243 10442 81%
c x  0.23 15 130 4 5 1017 38 7872 2739 1.7 6 4 2 4 10% 3807 40919 10442 81%
c =  0.24 15 130 4 5 1017 38 7872 2739 1.7 6 4 2 4 10% 3945 40919 10373 81%
c d  0.24 15 130 4 5 1017 38 7872 2659 1.7 6 4 2 4 10% 3793 40919 10372 81%
c t  0.24 15 130 4 5 1017 38 7872 2659 1.7 6 4 2 4 10% 3775 40919 10372 81%
c }  0.25 15 125 5 5 1105 36 8314 2996 1.7 7 4 2 4 10% 3808 40916 10372 81%
c [  0.25 15 326 5 5 1105 6 8314 2996 1.6 13 8 2 10 21% 3808 40916 10372 81%
c
c seconds   switched   rate       size/glue tier1     binary         remaining
c        MB  reductions conflicts       size  tier2      irredundant
c          level  restarts   redundant    glue    trail         variables
c
c B  0.25 15 326 5 5 1105 6 8314 2996 1.6 13 8 2 10 21% 3808 40916 10372 81%
c -  0.26 15 309 5 6 1105 5 9397 3417 1.7 15 9 2 11 23% 3823 40916 10372 81%
c o  0.27 15 293 5 6 1107 5 10496 4390 1.8 16 9 2 11 24% 3829 40916 10372 81%
c -  0.29 15 256 5 7 1107 4 11846 4740 2.0 19 10 2 10 25% 3844 40916 10372 81%
c s  0.31 15 238 5 7 1108 4 12775 5600 2.1 20 10 2 10 26% 3858 39703 10372 81%
c e  0.33 18 238 5 7 1108 4 12775 5600 2.1 20 10 2 10 26% 2442 34839 6373 50%
c s  0.33 18 238 5 7 1108 4 12775 5600 2.1 20 10 2 10 26% 2457 34508 6373 50%
c e  0.33 18 238 5 7 1108 4 12775 5600 2.1 20 10 2 10 26% 2280 33982 6193 48%
c ^  0.33 18 238 5 7 1108 4 12775 5600 2.1 20 10 2 10 26% 2280 33982 6193 48%
c ]  0.34 18 233 6 7 1108 4 13060 2782 2.1 20 10 2 10 25% 2289 33982 6193 48%
c {  0.34 18 125 6 7 1108 36 13060 2782 1.7 7 4 2 4 10% 2289 33982 6193 48%
c -  0.35 18 109 6 8 1321 31 14491 3591 1.7 7 4 2 4 10% 2370 33976 6193 48%
c c  0.37 18 99 6 8 1539 27 16125 5005 1.7 7 4 2 4 10% 2433 33931 6188 48%
c d  0.37 18 99 6 8 1539 27 16125 4997 1.7 7 4 2 4 10% 2423 33931 6188 48%
c u  0.38 18 99 6 8 1539 27 16125 4371 1.7 7 4 2 4 10% 2431 33931 6188 48%
c v  0.38 18 99 6 8 1539 27 16125 3996 1.7 7 4 2 4 10% 2432 33931 6188 48%
c w  0.38 18 99 6 8 1539 27 16125 3962 1.7 7 4 2 4 10% 2432 33931 6188 48%
c x  0.39 18 99 6 8 1539 27 16125 3962 1.7 7 4 2 4 10% 2463 33763 6188 48%
c =  0.40 18 99 6 8 1539 27 16125 3962 1.7 7 4 2 4 10% 2467 33763 6186 48%
c d  0.40 18 99 6 8 1539 27 16125 3961 1.7 7 4 2 4 10% 2463 33763 6186 48%
c
c seconds  switched    rate        size/glue tier1   binary        remaining
c        MB reductions   conflicts      size  tier2     irredundant
c         level  restarts     redundant   glue   trail        variables
c
c t  0.40 18 99 6 8 1539 27 16125 3961 1.7 7 4 2 4 10% 2450 33763 6186 48%
c f  0.41 18 99 6 8 1539 27 16125 3961 1.7 7 4 2 4 10% 2461 33735 6192 48%
c b  0.41 18 99 6 8 1539 27 16125 3961 1.7 7 4 2 4 10% 2461 33735 6191 48%
c u  0.41 18 99 6 8 1539 27 16125 3775 1.7 7 4 2 4 10% 2468 33735 6191 48%
c v  0.41 18 99 6 8 1539 27 16125 3688 1.7 7 4 2 4 10% 2468 33735 6191 48%
c w  0.42 18 99 6 8 1539 27 16125 3635 1.7 7 4 2 4 10% 2468 33735 6191 48%
c x  0.42 18 99 6 8 1539 27 16125 3634 1.7 7 4 2 4 10% 2470 33673 6191 48%
c d  0.43 18 99 6 8 1539 27 16125 3634 1.7 7 4 2 4 10% 2468 33673 6190 48%
c f  0.44 18 99 6 8 1539 27 16125 3634 1.7 7 4 2 4 10% 2474 33658 6193 48%
c }  0.45 18 96 7 8 1674 25 17129 4483 1.7 7 4 2 4 10% 2517 33658 6193 48%
c [  0.45 18 233 7 8 1674 4 17129 4483 2.1 20 10 2 10 25% 2517 33658 6193 48%
c W  0.45 18 233 7 8 1674 4 17129 4483 2.1 20 10 2 10 25% 2515 33658 6193 48%
c -  0.46 18 230 7 9 1674 4 17319 4250 2.1 21 10 2 10 26% 2516 33658 6193 48%
c ]  0.51 18 197 8 9 1676 3 20288 7057 2.2 32 15 2 10 28% 2525 33658 6193 48%
c {  0.51 18 96 8 9 1676 25 20288 7057 1.7 7 4 2 4 10% 2525 33658 6193 48%
c -  0.52 18 96 8 10 1684 25 20319 5565 1.7 7 4 2 4 10% 2526 33658 6193 48%
c o  0.52 18 96 8 10 1735 25 20499 5733 1.7 7 4 2 4 10% 2528 33658 6193 48%
c -  0.57 18 89 8 11 2370 24 23485 7011 1.7 8 5 2 4 11% 2616 33656 6193 48%
c 2  0.61 20 86 8 11 2893 23 25711 9026 1.7 9 5 2 4 12% 2658 33655 6192 48%
c s  0.61 20 86 8 11 2893 23 25711 9026 1.7 9 5 2 4 12% 2659 33531 6192 48%
c
c seconds  switched     rate        size/glue tier1   binary        remaining
c        MB  reductions   conflicts      size  tier2     irredundant
c         level   restarts     redundant   glue   trail        variables
c
c e  0.62 20 86 8 11 2893 23 25711 9026 1.7 9 5 2 4 12% 2063 33951 5768 45%
c s  0.62 20 86 8 11 2893 23 25711 9026 1.7 9 5 2 4 12% 2118 33566 5768 45%
c e  0.63 20 86 8 11 2893 23 25711 9026 1.7 9 5 2 4 12% 2083 33415 5697 44%
c ^  0.63 20 86 8 11 2893 23 25711 9026 1.7 9 5 2 4 12% 2083 33415 5697 44%
c }  0.64 20 85 9 11 3090 23 26447 6951 1.7 9 5 2 4 12% 2093 33414 5697 44%
c [  0.64 20 197 9 11 3090 3 26447 6951 2.2 32 15 2 10 28% 2093 33414 5697 44%
c O  0.64 20 197 9 11 3090 3 26447 6951 2.2 32 15 2 10 28% 2093 33414 5697 44%
c -  0.65 20 193 9 12 3090 3 26802 6610 2.2 32 15 2 13 28% 2093 33414 5697 44%
c c  0.67 20 187 9 12 3091 3 27642 7409 2.2 34 15 2 13 28% 2101 33334 5689 44%
c d  0.67 20 187 9 12 3091 3 27642 7369 2.2 34 15 2 13 28% 2085 33334 5689 44%
c u  0.67 20 187 9 12 3091 3 27642 6434 2.2 34 15 2 13 28% 2096 33334 5689 44%
c v  0.68 20 187 9 12 3091 3 27642 6022 2.2 34 15 2 13 28% 2097 33334 5689 44%
c w  0.68 20 187 9 12 3091 3 27642 6006 2.2 34 15 2 13 28% 2097 33334 5689 44%
c x  0.69 20 187 9 12 3091 3 27642 6006 2.2 34 15 2 13 28% 2101 33141 5689 44%
c d  0.69 20 187 9 12 3091 3 27642 6000 2.2 34 15 2 13 28% 2091 33141 5684 44%
c t  0.69 20 187 9 12 3091 3 27642 6000 2.2 34 15 2 13 28% 2082 33141 5684 44%
c f  0.70 20 187 9 12 3091 3 27642 6000 2.2 34 15 2 13 28% 2245 32634 5765 45%
c u  0.71 20 187 9 12 3091 3 27642 5822 2.2 34 15 2 13 28% 2247 32634 5745 45%
c v  0.71 20 187 9 12 3091 3 27642 5720 2.2 34 15 2 13 28% 2247 32634 5745 45%
c w  0.72 20 187 9 12 3091 3 27642 5690 2.2 34 15 2 13 28% 2247 32634 5745 45%
c
c seconds   switched    rate        size/glue  tier1     binary        remaining
c        MB   reductions  conflicts       size   tier2      irredundant
c          level   restarts    redundant     glue    trail        variables
c
c x  0.72 20 187 9 12 3091 3 27642 5689 2.2 34 15 2 13 28% 2279 32445 5745 45%
c d  0.75 20 187 9 12 3091 3 27642 5689 2.2 34 15 2 13 28% 2277 32445 5744 45%
c t  0.75 20 187 9 12 3091 3 27642 5689 2.2 34 15 2 13 28% 2275 32445 5744 45%
c -  0.80 20 173 9 13 3092 3 30267 6629 2.3 39 17 2 13 29% 2239 32445 5744 45%
c -  0.87 20 161 9 14 3095 3 33873 7766 2.3 44 19 2 14 29% 2246 32445 5744 45%
c ]  0.89 20 156 10 14 3096 3 35419 9227 2.4 45 19 2 14 29% 2252 32445 5744 45%
c {  0.89 20 85 10 14 3096 23 35419 9227 1.7 9 5 2 4 12% 2252 32445 5744 45%
c -  0.93 21 83 10 15 3565 23 37615 8934 1.7 10 5 1 4 12% 2271 32445 5744 45%
c o  0.98 21 82 10 15 4190 22 40501 11606 1.7 10 6 1 4 12% 2301 32444 5744 45%
c -  1.00 21 81 10 16 4376 22 41487 10571 1.7 10 6 1 4 12% 2309 32444 5744 45%
c d  1.02 21 80 10 16 4572 22 42511 11461 1.8 10 6 1 4 12% 2303 32444 5738 45%
c u  1.02 21 80 10 16 4572 22 42511 10745 1.8 10 6 1 4 12% 2310 32444 5738 45%
c v  1.03 21 80 10 16 4572 22 42511 9851 1.8 10 6 1 4 12% 2312 32444 5738 45%
c w  1.03 21 80 10 16 4572 22 42511 9826 1.8 10 6 1 4 12% 2312 32444 5738 45%
c x  1.04 21 80 10 16 4572 22 42511 9825 1.8 10 6 1 4 12% 2322 32198 5738 45%
c d  1.04 21 80 10 16 4572 22 42511 9802 1.8 10 6 1 4 12% 2316 32198 5735 45%
c t  1.04 21 80 10 16 4572 22 42511 9802 1.8 10 6 1 4 12% 2308 32198 5735 45%
c c  1.05 21 80 10 16 4572 22 42511 9802 1.8 10 6 1 4 12% 2310 32185 5734 45%
c d  1.05 21 80 10 16 4572 22 42511 9802 1.8 10 6 1 4 12% 2308 32185 5734 45%
c u  1.06 21 80 10 16 4572 22 42511 9699 1.8 10 6 1 4 12% 2312 32185 5734 45%
c
c seconds   switched     rate        size/glue tier1    binary        remaining
c        MB   reductions   conflicts       size  tier2     irredundant
c         level    restarts     redundant    glue   trail        variables
c
c v  1.06 21 80 10 16 4572 22 42511 9027 1.8 10 6 1 4 12% 2315 32185 5734 45%
c w  1.07 21 80 10 16 4572 22 42511 8994 1.8 10 6 1 4 12% 2315 32185 5734 45%
c x  1.07 21 80 10 16 4572 22 42511 8988 1.8 10 6 1 4 12% 2315 32081 5734 45%
c d  1.07 21 80 10 16 4572 22 42511 8958 1.8 10 6 1 4 12% 2311 32081 5732 45%
c }  1.10 21 80 11 16 4875 22 44047 10380 1.8 10 6 1 4 12% 2324 32081 5732 45%
c [  1.10 21 156 11 16 4875 3 44047 10380 2.4 45 19 2 14 29% 2324 32081 5732 45%
c B  1.10 21 156 11 16 4875 3 44047 10380 2.4 45 19 2 14 29% 2324 32081 5732 45%
c -  1.13 21 152 11 17 4876 3 45487 9693 2.5 47 19 2 14 29% 2325 32081 5732 45%
c -  1.19 21 143 11 18 4879 3 49611 10708 2.5 46 19 2 13 29% 2334 32081 5732 45%
c ]  1.20 21 143 11 18 4879 3 50000 11086 2.5 46 19 2 13 29% 2337 32081 5732 45%
c ?  1.20 21 80 11 18 4879 22 50000 11086 1.8 10 6 1 4 12% 2337 32081 5732 45%
c
c ---- [ result ] ------------------------------------------------------------
c
s UNKNOWN
c
c ---- [ profiling ] ---------------------------------------------------------
c
c           0.75   62.61 %  search
c           0.41   33.92 %  simplify
c           0.39   32.37 %  probe
c           0.38   32.05 %  stable
c           0.37   30.56 %  focused
c           0.14   11.56 %  vivify
c           0.11    9.41 %  sweep
c           0.06    5.04 %  congruence
c           0.05    4.02 %  eliminate
c           0.04    3.11 %  factor
c           0.04    3.04 %  preprocess
c           0.03    2.47 %  substitute
c           0.01    1.23 %  reduce
c           0.01    0.78 %  subsume
c           0.01    0.48 %  transitive
c           0.01    0.48 %  walking
c           0.00    0.32 %  parse
c           0.00    0.29 %  backbone
c           0.00    0.10 %  lucky
c =============================================
c           1.20  100.00 %  total
c
c ---- [ statistics ] --------------------------------------------------------
c
c chronological:                          536                1 %  conflicts
c conflicts:                            50000            41700.37 per second
c congruent:                             1637               13 %  variables
c decisions:                           548662               10.97 per conflict
c eliminated:                            4674               36 %  variables
c factored:                               282                2 %  variables
c propagations:                      12422464         10360428    per second
c reductions:                              18             2778    interval
c reordered:                                3            16667    interval
c rephased:                                 7             7143    interval
c restarts:                              4879               10    interval
c strengthened:                           805                0 %  checks
c substituted:                           1725               13 %  variables
c subsumed:                              1982                0 %  checks
c switched:                                11             4545    interval
c vivified:                             13831               12 %  checks
c walks:                                    2            25000    interval
c
c ---- [ glue usage ] --------------------------------------------------------
c
c focused glue 1 used 37750 clauses 60.37% accumulated 60.37% tier1
c focused glue 2 used 13961 clauses 22.32% accumulated 82.69%
c focused glue 3 used  4215 clauses  6.74% accumulated 89.43%
c focused glue 4 used  1887 clauses  3.02% accumulated 92.45% tier2
c
c stable glue 2    used 33373 clauses 20.70% accumulated 60.01% tier1
c stable glue 3    used 14021 clauses  8.70% accumulated 68.70%
c stable glue 4-11 used 32039 clauses 19.87% accumulated 88.57%
c stable glue 12   used  1443 clauses  0.89% accumulated 89.47%
c stable glue 13   used  1444 clauses  0.90% accumulated 90.36% tier2
c
c ---- [ resources ] ---------------------------------------------------------
c
c maximum-resident-set-size:      22431137792 bytes      21392 MB
c process-time:                             1s               1.20 seconds
c
c ---- [ shutting down ] -----------------------------------------------------
c
c exit 0
