c ---- [ banner ] ------------------------------------------------------------
c
c Kissat SAT Solver
c 
c Copyright (c) 2021-2024 Armin Biere University of Freiburg
c Copyright (c) 2019-2021 Armin Biere Johannes Kepler University Linz
c 
c Version 4.0.4 unknown
c Apple clang version 17.0.0 (clang-1700.3.19.1) -W -Wall -O3 -DNDEBUG
c Thu Oct 16 20:09:41 UTC 2025 Darwin Tahoe-arm64.local 25.0.0 arm64
c
c ---- [ parsing ] -----------------------------------------------------------
c
c opened and reading DIMACS file:
c
c   cnfs_n32/sr61_n32_bit10_m3304caa0_fill80000000_enf0.cnf
c
c parsed 'p cnf 11211 46873' header
c closing input after reading 846515 bytes (827 KB)
c finished parsing after 0.00 seconds
c
c ---- [ options ] -----------------------------------------------------------
c
c --seed=23                        (different from default '0')
c
c ---- [ limits ] ------------------------------------------------------------
c
c conflict limit set to 50000 conflicts
c
c ---- [ solving ] -----------------------------------------------------------
c
c seconds switched rate     size/glue tier1  binary         remaining
c        MB reductions conflicts size  tier2    irredundant
c         level restarts redundant glue  trail         variables
c
c *  0.00  8 0 0 0  0 0   0   0 0.0 0 0 0 0 0% 3684 43124 11210 100%
c (  0.00  8 0 0 0  0 0   0   0 0.0 0 0 0 0 0% 3684 43124 11210 100%
c .  0.01  8 0 0 0  0 0   0   0 0.0 0 0 0 0 0% 3684 43124 11210 100%
c c  0.01 13 0 0 0  0 0   0   0 0.0 0 0 0 0 0% 4702 41297 10475 93%
c d  0.02 13 0 0 0  0 0   0   0 0.0 0 0 0 0 0% 3232 41297 10475 93%
c =  0.03 13 0 0 0  0 0   0   0 0.0 0 0 0 0 0% 3190 41297 10469 93%
c d  0.03 13 0 0 0  0 0   0   0 0.0 0 0 0 0 0% 3178 41297 10469 93%
c f  0.04 13 0 0 0  0 0   0   0 0.0 0 0 0 0 0% 3307 41035 10535 94%
c )  0.04 13 0 0 0  0 0   0   0 0.0 0 0 0 0 0% 3307 41035 10535 94%
c {  0.04 13 0 0 0  0 0   0   0 0.0 0 0 2 6 0% 3307 41035 10535 94%
c -  0.05 13 162 0 1 250 49 1000 722 1.6 6 4 3 6 9% 3389 41035 10535 94%
c }  0.05 13 162 1 1 250 49 1000 722 1.6 6 4 3 6 9% 3389 41035 10535 94%
c [  0.05 13 0 1 1 250 0 1000 722 0.0 0 0 2 6 0% 3389 41035 10535 94%
c B  0.05 13 274 1 1 250 72 1001 723 1.5 3 2 2 6 17% 3389 41035 10535 94%
c -  0.07 13 300 1 2 250 6 2001 1534 2.6 32 12 5 22 36% 3418 41035 10535 94%
c W  0.07 13 300 1 2 250 6 2002 1535 2.6 32 12 5 22 36% 3418 41035 10535 94%
c ]  0.08 13 287 2 2 251 7 2226 1722 2.6 28 11 5 22 33% 3422 41035 10535 94%
c {  0.08 13 162 2 2 251 49 2226 1722 1.6 6 4 3 6 9% 3422 41035 10535 94%
c c  0.09 14 152 2 2 326 46 2557 1996 1.6 6 4 3 7 9% 3461 40980 10519 94%
c d  0.09 14 152 2 2 326 46 2557 1985 1.6 6 4 3 7 9% 3424 40980 10516 94%
c
c seconds   switched   rate       size/glue tier1  binary         remaining
c        MB  reductions conflicts      size  tier2    irredundant
c          level restarts    redundant   glue  trail         variables
c
c u  0.09 14 152 2 2 326 46 2557 1587 1.6 6 4 3 7 9% 3417 40980 10516 94%
c v  0.09 14 152 2 2 326 46 2557 1460 1.6 6 4 3 7 9% 3419 40980 10516 94%
c w  0.10 14 152 2 2 326 46 2557 1371 1.6 6 4 3 7 9% 3419 40980 10516 94%
c x  0.10 14 152 2 2 326 46 2557 1371 1.6 6 4 3 7 9% 3419 40887 10516 94%
c =  0.12 14 152 2 2 326 46 2557 1371 1.6 6 4 3 7 9% 3599 40887 10426 93%
c d  0.12 14 152 2 2 326 46 2557 1364 1.6 6 4 3 7 9% 3417 40887 10425 93%
c t  0.12 14 152 2 2 326 46 2557 1364 1.6 6 4 3 7 9% 3414 40887 10425 93%
c c  0.13 14 152 2 2 326 46 2557 1364 1.6 6 4 3 7 9% 3416 40883 10424 93%
c d  0.13 14 152 2 2 326 46 2557 1364 1.6 6 4 3 7 9% 3414 40883 10424 93%
c u  0.13 14 152 2 2 326 46 2557 1307 1.6 6 4 3 7 9% 3415 40883 10424 93%
c v  0.13 14 152 2 2 326 46 2557 1277 1.6 6 4 3 7 9% 3415 40883 10424 93%
c w  0.14 14 152 2 2 326 46 2557 1219 1.6 6 4 3 7 9% 3415 40883 10424 93%
c =  0.15 14 152 2 2 326 46 2557 1219 1.6 6 4 3 7 9% 3425 40883 10419 93%
c d  0.15 14 152 2 2 326 46 2557 1217 1.6 6 4 3 7 9% 3411 40883 10419 93%
c }  0.17 14 158 3 2 461 45 3226 1793 1.6 7 4 3 7 10% 3438 40883 10419 93%
c [  0.17 14 287 3 2 461 7 3226 1793 2.6 28 11 5 22 33% 3438 40883 10419 93%
c -  0.17 14 273 3 3 461 6 3415 1877 2.5 25 10 3 18 30% 3441 40883 10419 93%
c ]  0.18 14 249 4 3 461 5 4199 2587 2.6 32 12 3 18 28% 3445 40883 10419 93%
c {  0.18 14 158 4 3 461 45 4199 2587 1.6 7 4 3 7 10% 3445 40883 10419 93%
c -  0.21 14 144 4 4 777 43 5147 3088 1.8 12 6 2 6 11% 3492 40883 10419 93%
c
c seconds   switched    rate       size/glue tier1    binary         remaining
c        MB  reductions  conflicts       size  tier2     irredundant
c          level  restarts    redundant    glue   trail         variables
c
c }  0.25 14 144 5 4 1090 41 6551 4338 1.9 14 7 2 6 13% 3572 40883 10419 93%
c [  0.25 14 249 5 4 1090 5 6551 4338 2.6 32 12 3 18 28% 3572 40883 10419 93%
c I  0.25 14 249 5 4 1090 5 6551 4338 2.6 32 12 3 18 28% 3572 40883 10419 93%
c -  0.32 14 223 5 5 1090 4 7147 3991 2.9 61 21 1 9 32% 3577 40883 10419 93%
c ]  0.34 14 220 6 5 1090 4 7259 4097 3.0 68 23 1 9 33% 3578 40883 10419 93%
c {  0.34 14 144 6 5 1090 41 7259 4097 1.9 14 7 2 6 13% 3578 40883 10419 93%
c d  0.35 16 141 6 5 1154 38 7876 4662 1.9 15 8 2 6 13% 3606 40883 10418 93%
c u  0.36 16 141 6 5 1154 38 7876 3965 1.9 15 8 2 6 13% 3612 40883 10418 93%
c v  0.36 16 141 6 5 1154 38 7876 3528 1.9 15 8 2 6 13% 3612 40883 10418 93%
c w  0.37 17 141 6 5 1154 38 7876 3527 1.9 15 8 2 6 13% 3612 40883 10418 93%
c x  0.37 17 141 6 5 1154 38 7876 3527 1.9 15 8 2 6 13% 3612 40391 10418 93%
c =  0.40 17 141 6 5 1154 38 7876 3527 1.9 15 8 2 6 13% 3718 40391 10365 92%
c d  0.40 17 141 6 5 1154 38 7876 3453 1.9 15 8 2 6 13% 3607 40391 10365 92%
c t  0.41 17 141 6 5 1154 38 7876 3453 1.9 15 8 2 6 13% 3576 40391 10365 92%
c f  0.41 17 141 6 5 1154 38 7876 3453 1.9 15 8 2 6 13% 3580 40383 10368 92%
c u  0.42 17 141 6 5 1154 38 7876 3356 1.9 15 8 2 6 13% 3580 40383 10368 92%
c v  0.42 17 141 6 5 1154 38 7876 3253 1.9 15 8 2 6 13% 3580 40383 10368 92%
c w  0.43 17 141 6 5 1154 38 7876 3029 1.9 15 8 2 6 13% 3580 40383 10368 92%
c x  0.44 17 141 6 5 1154 38 7876 3029 1.9 15 8 2 6 13% 3580 40163 10368 92%
c -  0.50 17 139 6 6 1283 33 9385 3673 2.0 15 8 2 5 13% 3651 40163 10368 92%
c
c seconds   switched    rate        size/glue tier1    binary         remaining
c        MB  reductions   conflicts       size  tier2     irredundant
c          level  restarts     redundant    glue   trail         variables
c
c o  0.51 17 138 6 6 1372 32 10046 4291 2.0 15 8 2 5 14% 3674 40163 10368 92%
c }  0.55 17 136 7 6 1589 30 11328 5474 2.0 16 8 2 5 14% 3704 40163 10368 92%
c [  0.55 17 220 7 6 1589 4 11328 5474 3.0 68 23 1 9 33% 3704 40163 10368 92%
c B  0.55 17 220 7 6 1589 4 11328 5474 3.0 68 23 1 9 33% 3704 40163 10368 92%
c -  0.62 19 211 7 7 1589 4 11834 4694 2.9 91 31 1 5 36% 3706 40163 10368 92%
c ]  0.67 19 210 8 7 1589 4 12058 4917 2.9 101 35 1 5 38% 3706 40163 10368 92%
c {  0.67 19 136 8 7 1589 30 12058 4917 2.0 16 8 2 5 14% 3706 40163 10368 92%
c s  0.70 19 136 8 7 1777 31 12780 5598 2.0 18 9 2 5 14% 3715 39974 10368 92%
c e  0.72 20 136 8 7 1777 31 12780 5598 2.0 18 9 2 5 14% 1957 39277 6754 60%
c s  0.73 20 136 8 7 1777 31 12780 5598 2.0 18 9 2 5 14% 1963 39124 6754 60%
c e  0.73 20 136 8 7 1777 31 12780 5598 2.0 18 9 2 5 14% 1909 38217 6583 59%
c ^  0.73 20 136 8 7 1777 31 12780 5598 2.0 18 9 2 5 14% 1909 38217 6583 59%
c -  0.80 20 134 8 8 2119 31 14479 3461 2.1 20 10 1 4 15% 1935 38217 6583 59%
c u  0.84 20 134 8 8 2377 30 16140 4753 2.1 21 10 1 4 16% 1946 38217 6583 59%
c v  0.85 20 134 8 8 2377 30 16140 4064 2.1 21 10 1 4 16% 1947 38217 6583 59%
c w  0.87 20 134 8 8 2377 30 16140 4004 2.1 21 10 1 4 16% 1947 38217 6583 59%
c x  0.88 20 134 8 8 2377 30 16140 4001 2.1 21 10 1 4 16% 1948 38113 6583 59%
c t  0.88 20 134 8 8 2377 30 16140 4001 2.1 21 10 1 4 16% 1945 38113 6583 59%
c f  0.89 20 134 8 8 2377 30 16140 4001 2.1 21 10 1 4 16% 1973 38053 6597 59%
c b  0.89 20 134 8 8 2377 30 16140 4001 2.1 21 10 1 4 16% 1973 38053 6596 59%
c
c seconds   switched    rate        size/glue  tier1    binary        remaining
c        MB  reductions   conflicts       size   tier2     irredundant
c          level  restarts     redundant     glue   trail        variables
c
c u  0.89 20 134 8 8 2377 30 16140 3946 2.1 21 10 1 4 16% 1973 38053 6596 59%
c v  0.90 20 134 8 8 2377 30 16140 3824 2.1 21 10 1 4 16% 1973 38053 6596 59%
c w  0.91 20 134 8 8 2377 30 16140 3547 2.1 21 10 1 4 16% 1973 38053 6596 59%
c =  0.96 20 134 8 8 2377 30 16140 3547 2.1 21 10 1 4 16% 2015 38053 6575 59%
c d  0.96 20 134 8 8 2377 30 16140 3547 2.1 21 10 1 4 16% 1973 38053 6575 59%
c t  0.96 20 134 8 8 2377 30 16140 3547 2.1 21 10 1 4 16% 1968 38053 6575 59%
c -  1.00 20 135 8 9 2539 30 17308 3682 2.1 21 10 1 5 16% 1981 38053 6575 59%
c }  1.03 20 136 9 9 2716 30 18218 4549 2.1 22 11 1 5 16% 1992 38053 6575 59%
c [  1.03 20 210 9 9 2716 4 18218 4549 2.9 101 35 1 5 38% 1992 38053 6575 59%
c W  1.03 20 210 9 9 2716 4 18218 4549 2.9 101 35 1 5 38% 1992 38053 6575 59%
c -  1.13 20 182 9 10 2718 3 20308 5041 2.4 99 41 1 7 33% 1996 38053 6575 59%
c ]  1.27 20 177 10 10 2718 3 21282 5989 2.5 121 49 1 7 37% 1996 38053 6575 59%
c {  1.27 20 136 10 10 2718 30 21282 5989 2.1 22 11 1 5 16% 1996 38053 6575 59%
c o  1.27 20 136 10 10 2719 30 21285 5992 2.1 22 11 1 5 16% 1996 38053 6575 59%
c -  1.35 21 135 10 11 3145 30 23471 6093 2.1 24 11 1 4 16% 2009 38053 6575 59%
c s  1.44 21 135 10 11 3540 29 25634 8114 2.1 25 12 1 4 17% 2025 37921 6575 59%
c e  1.45 21 135 10 11 3540 29 25634 8114 2.1 25 12 1 4 17% 1721 38375 6394 57%
c 2  1.45 21 135 10 11 3540 29 25634 8114 2.1 25 12 1 4 17% 1720 38375 6394 57%
c s  1.45 21 135 10 11 3540 29 25634 8114 2.1 25 12 1 4 17% 1731 38318 6394 57%
c e  1.45 21 135 10 11 3540 29 25634 8114 2.1 25 12 1 4 17% 1731 38319 6393 57%
c
c seconds    switched     rate        size/glue  tier1    binary        remaining
c        MB    reductions   conflicts       size   tier2     irredundant
c          level    restarts     redundant     glue   trail        variables
c
c ^  1.45 21 135 10 11 3540 29 25634 8114 2.1 25 12 1 4 17% 1731 38319 6393 57%
c -  1.50 21 136 10 12 3729 29 26788 6743 2.1 26 13 1 4 17% 1738 38319 6393 57%
c u  1.54 21 135 10 12 3875 29 27583 7028 2.1 26 13 1 4 17% 1747 38319 6393 57%
c v  1.55 21 135 10 12 3875 29 27583 6106 2.1 26 13 1 4 17% 1747 38319 6393 57%
c w  1.57 21 135 10 12 3875 29 27583 5558 2.1 26 13 1 4 17% 1747 38319 6393 57%
c x  1.58 21 135 10 12 3875 29 27583 5556 2.1 26 13 1 4 17% 1754 38218 6393 57%
c =  1.65 21 135 10 12 3875 29 27583 5556 2.1 26 13 1 4 17% 2394 38202 6073 54%
c d  1.65 21 135 10 12 3875 29 27583 5495 2.1 26 13 1 4 17% 1747 38202 6073 54%
c t  1.65 21 135 10 12 3875 29 27583 5495 2.1 26 13 1 4 17% 1737 38202 6073 54%
c f  1.66 21 135 10 12 3875 29 27583 5495 2.1 26 13 1 4 17% 1803 38024 6110 55%
c u  1.66 21 135 10 12 3875 29 27583 5308 2.1 26 13 1 4 17% 1803 38024 6110 55%
c v  1.66 21 135 10 12 3875 29 27583 5080 2.1 26 13 1 4 17% 1803 38024 6110 55%
c w  1.68 21 135 10 12 3875 29 27583 4911 2.1 26 13 1 4 17% 1803 38024 6110 55%
c =  1.75 21 135 10 12 3875 29 27583 4911 2.1 26 13 1 4 17% 1809 38024 6107 54%
c d  1.75 21 135 10 12 3875 29 27583 4911 2.1 26 13 1 4 17% 1803 38024 6107 54%
c }  1.81 21 135 11 12 4060 28 29909 7035 2.1 26 13 1 4 18% 1819 38024 6107 54%
c [  1.81 21 177 11 12 4060 3 29909 7035 2.5 121 49 1 7 37% 1819 38024 6107 54%
c O  1.81 21 177 11 12 4060 3 29909 7035 2.5 121 49 1 7 37% 1819 38024 6107 54%
c -  1.84 21 176 11 13 4060 3 30253 5845 2.5 122 49 1 6 37% 1820 38024 6107 54%
c ]  2.15 22 168 12 13 4062 2 32899 8393 2.6 145 56 1 6 43% 1821 38024 6107 54%
c
c seconds    switched     rate        size/glue  tier1    binary        remaining
c        MB    reductions   conflicts       size   tier2     irredundant
c          level    restarts     redundant     glue   trail        variables
c
c {  2.15 22 135 12 13 4062 28 32899 8393 2.1 26 13 1 4 18% 1821 38024 6107 54%
c -  2.18 22 136 12 14 4205 28 33858 6891 2.1 27 13 1 4 18% 1823 38024 6107 54%
c -  2.24 22 138 12 15 4496 26 37599 7665 2.1 27 13 1 5 18% 1845 38024 6107 54%
c o  2.36 22 138 12 15 4983 25 41290 11145 2.1 27 13 1 5 18% 1856 38024 6107 54%
c -  2.36 22 138 12 16 4988 25 41471 9028 2.1 27 13 1 5 18% 1858 38024 6107 54%
c d  2.37 22 140 12 16 4998 25 42322 9615 2.1 27 13 1 5 18% 1865 38023 6098 54%
c u  2.37 22 140 12 16 4998 25 42322 8964 2.1 27 13 1 5 18% 1872 38023 6098 54%
c v  2.39 22 140 12 16 4998 25 42322 7253 2.1 27 13 1 5 18% 1875 38023 6098 54%
c w  2.39 22 140 12 16 4998 25 42322 7078 2.1 27 13 1 5 18% 1875 38023 6098 54%
c =  2.47 22 140 12 16 4998 25 42322 7078 2.1 27 13 1 5 18% 2983 38023 5544 49%
c d  2.47 22 140 12 16 4998 25 42322 6337 2.1 27 13 1 5 18% 1863 38023 5544 49%
c t  2.47 22 140 12 16 4998 25 42322 6337 2.1 27 13 1 5 18% 1801 38023 5544 49%
c u  2.49 22 140 12 16 4998 25 42322 6076 2.1 27 13 1 5 18% 1802 38023 5544 49%
c v  2.50 22 140 12 16 4998 25 42322 5633 2.1 27 13 1 5 18% 1802 38023 5544 49%
c w  2.50 22 140 12 16 4998 25 42322 5585 2.1 27 13 1 5 18% 1802 38023 5544 49%
c x  2.53 22 140 12 16 4998 25 42322 5584 2.1 27 13 1 5 18% 1805 31725 5544 49%
c =  2.54 22 140 12 16 4998 25 42322 5584 2.1 27 13 1 5 18% 1843 31725 5525 49%
c d  2.54 22 140 12 16 4998 25 42322 5584 2.1 27 13 1 5 18% 1805 31725 5525 49%
c t  2.55 22 140 12 16 4998 25 42322 5584 2.1 27 13 1 5 18% 1801 31725 5525 49%
c }  2.57 22 140 13 16 5020 23 44379 7463 2.1 26 13 1 5 18% 1808 31725 5525 49%
c
c seconds    switched    rate        size/glue   tier1    binary        remaining
c        MB    reductions  conflicts       size    tier2     irredundant
c          level    restarts    redundant      glue   trail        variables
c
c [  2.57 22 168 13 16 5020 2 44379 7463 2.6 145 56 1 6 43% 1808 31725 5525 49%
c B  2.57 22 168 13 16 5020 2 44379 7463 2.6 145 56 1 6 43% 1808 31725 5525 49%
c -  2.59 22 167 13 17 5021 2 45471 6642 2.5 135 53 1 6 41% 1813 31725 5525 49%
c -  2.63 22 151 13 18 5023 2 49595 7811 2.5 103 41 1 6 35% 1827 31725 5525 49%
c ]  2.63 22 151 13 18 5024 2 50001 8198 2.5 101 40 1 6 35% 1830 31725 5525 49%
c ?  2.63 22 140 13 18 5024 23 50001 8198 2.1 26 13 1 5 18% 1830 31725 5525 49%
c
c ---- [ result ] ------------------------------------------------------------
c
s UNKNOWN
c
c ---- [ profiling ] ---------------------------------------------------------
c
c           1.82   69.07 %  search
c           0.94   35.52 %  focused
c           0.88   33.55 %  stable
c           0.77   29.34 %  simplify
c           0.75   28.53 %  probe
c           0.38   14.32 %  sweep
c           0.24    9.23 %  vivify
c           0.05    1.91 %  eliminate
c           0.05    1.83 %  factor
c           0.04    1.54 %  congruence
c           0.04    1.40 %  preprocess
c           0.03    1.24 %  substitute
c           0.02    0.58 %  reduce
c           0.01    0.38 %  subsume
c           0.01    0.26 %  walking
c           0.01    0.24 %  transitive
c           0.00    0.14 %  parse
c           0.00    0.13 %  backbone
c           0.00    0.05 %  lucky
c =============================================
c           2.63  100.00 %  total
c
c ---- [ statistics ] --------------------------------------------------------
c
c chronological:                          514                1 %  conflicts
c conflicts:                            50001            18979.01 per second
c congruent:                              752                7 %  variables
c decisions:                           838048               16.76 per conflict
c eliminated:                            3967               35 %  variables
c factored:                               120                1 %  variables
c propagations:                      26785771         10167145    per second
c reductions:                              18             2778    interval
c reordered:                                3            16667    interval
c rephased:                                 7             7143    interval
c restarts:                              5024               10    interval
c strengthened:                           309                0 %  checks
c substituted:                           1837               16 %  variables
c subsumed:                               513                0 %  checks
c switched:                                13             3846    interval
c vivified:                             21281               13 %  checks
c walks:                                    2            25000    interval
c
c ---- [ glue usage ] --------------------------------------------------------
c
c focused glue 1 used 76505 clauses 59.75% accumulated 59.75% tier1
c focused glue 2 used 24260 clauses 18.95% accumulated 78.70%
c focused glue 3 used  7972 clauses  6.23% accumulated 84.93%
c focused glue 4 used  4501 clauses  3.52% accumulated 88.44%
c focused glue 5 used  2834 clauses  2.21% accumulated 90.66% tier2
c
c stable glue 1   used 108362 clauses 64.69% accumulated 64.69% tier1
c stable glue 2   used  21933 clauses 13.09% accumulated 77.78%
c stable glue 3-4 used  14063 clauses  8.40% accumulated 86.18%
c stable glue 5   used   3828 clauses  2.29% accumulated 88.47%
c stable glue 6   used   2669 clauses  1.59% accumulated 90.06% tier2
c
c ---- [ resources ] ---------------------------------------------------------
c
c maximum-resident-set-size:      24142413824 bytes      23024 MB
c process-time:                             3s               2.63 seconds
c
c ---- [ shutting down ] -----------------------------------------------------
c
c exit 0
