c ---- [ banner ] ------------------------------------------------------------
c
c Kissat SAT Solver
c 
c Copyright (c) 2021-2024 Armin Biere University of Freiburg
c Copyright (c) 2019-2021 Armin Biere Johannes Kepler University Linz
c 
c Version 4.0.4 unknown
c Apple clang version 17.0.0 (clang-1700.3.19.1) -W -Wall -O3 -DNDEBUG
c Thu Oct 16 20:09:41 UTC 2025 Darwin Tahoe-arm64.local 25.0.0 arm64
c
c ---- [ parsing ] -----------------------------------------------------------
c
c opened and reading DIMACS file:
c
c   cnfs_n32/sr61_n32_bit19_m51ca0b34_fill55555555_enf0.cnf
c
c parsed 'p cnf 11237 46978' header
c closing input after reading 848854 bytes (829 KB)
c finished parsing after 0.00 seconds
c
c ---- [ options ] -----------------------------------------------------------
c
c --seed=41                        (different from default '0')
c
c ---- [ limits ] ------------------------------------------------------------
c
c conflict limit set to 50000 conflicts
c
c ---- [ solving ] -----------------------------------------------------------
c
c seconds switched rate     size/glue tier1  binary         remaining
c        MB reductions conflicts size  tier2    irredundant
c         level restarts redundant glue  trail         variables
c
c *  0.00  8 0 0 0  0 0   0   0 0.0 0 0 0 0 0% 3698 43215 11236 100%
c (  0.00  8 0 0 0  0 0   0   0 0.0 0 0 0 0 0% 3698 43215 11236 100%
c .  0.01  8 0 0 0  0 0   0   0 0.0 0 0 0 0 0% 3698 43215 11236 100%
c c  0.02 13 0 0 0  0 0   0   0 0.0 0 0 0 0 0% 4742 41351 10488 93%
c d  0.02 13 0 0 0  0 0   0   0 0.0 0 0 0 0 0% 3246 41351 10488 93%
c =  0.03 13 0 0 0  0 0   0   0 0.0 0 0 0 0 0% 3204 41351 10477 93%
c d  0.03 13 0 0 0  0 0   0   0 0.0 0 0 0 0 0% 3182 41351 10477 93%
c f  0.04 13 0 0 0  0 0   0   0 0.0 0 0 0 0 0% 3309 41089 10543 94%
c )  0.04 13 0 0 0  0 0   0   0 0.0 0 0 0 0 0% 3309 41089 10543 94%
c {  0.04 13 0 0 0  0 0   0   0 0.0 0 0 2 6 0% 3309 41089 10543 94%
c -  0.05 13 152 0 1 200 37 1000 683 1.5 5 3 2 6 7% 3438 41089 10543 94%
c }  0.05 13 152 1 1 200 37 1000 683 1.5 5 3 2 6 7% 3438 41089 10543 94%
c [  0.05 13 0 1 1 200 0 1000 683 0.0 0 0 2 6 0% 3438 41089 10543 94%
c B  0.05 13 35 1 1 200 7 1001 684 1.5 3 2 2 6 2% 3438 41089 10543 94%
c ]  0.06 13 357 2 1 200 4 1966 1571 2.9 40 14 7 22 29% 3448 41089 10543 94%
c {  0.06 13 152 2 1 200 37 1966 1571 1.5 5 3 2 6 7% 3448 41089 10543 94%
c -  0.06 13 159 2 2 204 37 2000 1499 1.6 5 3 2 6 8% 3456 41089 10543 94%
c c  0.08 14 162 2 2 374 42 2556 1963 1.5 5 4 2 6 8% 3507 40975 10515 94%
c d  0.08 14 162 2 2 374 42 2556 1925 1.5 5 4 2 6 8% 3446 40975 10512 94%
c u  0.08 14 162 2 2 374 42 2556 1567 1.5 5 4 2 6 8% 3445 40975 10512 94%
c
c seconds   switched   rate       size/glue tier1  binary         remaining
c        MB  reductions conflicts      size  tier2    irredundant
c          level restarts    redundant   glue  trail         variables
c
c v  0.08 14 162 2 2 374 42 2556 1411 1.5 5 4 2 6 8% 3447 40975 10512 94%
c w  0.09 14 162 2 2 374 42 2556 1293 1.5 5 4 2 6 8% 3447 40975 10512 94%
c x  0.09 14 162 2 2 374 42 2556 1293 1.5 5 4 2 6 8% 3447 40860 10512 94%
c =  0.11 14 162 2 2 374 42 2556 1293 1.5 5 4 2 6 8% 3627 40860 10422 93%
c d  0.11 14 162 2 2 374 42 2556 1271 1.5 5 4 2 6 8% 3447 40860 10422 93%
c t  0.11 14 162 2 2 374 42 2556 1271 1.5 5 4 2 6 8% 3439 40860 10422 93%
c f  0.11 14 162 2 2 374 42 2556 1271 1.5 5 4 2 6 8% 3440 40858 10423 93%
c u  0.12 14 162 2 2 374 42 2556 1225 1.5 5 4 2 6 8% 3442 40858 10423 93%
c v  0.12 14 162 2 2 374 42 2556 1189 1.5 5 4 2 6 8% 3442 40858 10423 93%
c w  0.12 14 162 2 2 374 42 2556 1138 1.5 5 4 2 6 8% 3442 40858 10423 93%
c x  0.13 14 162 2 2 374 42 2556 1138 1.5 5 4 2 6 8% 3442 40429 10423 93%
c }  0.15 14 160 3 2 537 46 2966 1510 1.5 6 4 2 6 9% 3456 40429 10423 93%
c [  0.15 14 357 3 2 537 4 2966 1510 2.9 40 14 7 22 29% 3456 40429 10423 93%
c W  0.16 14 357 3 2 537 4 2966 1510 2.9 40 14 7 22 29% 3456 40429 10423 93%
c -  0.16 14 313 3 3 537 4 3415 1742 2.6 40 15 2 19 28% 3456 40429 10423 93%
c ]  0.18 14 275 4 3 538 4 4399 2660 2.3 43 19 2 19 26% 3459 40429 10423 93%
c {  0.18 14 160 4 3 538 46 4399 2660 1.5 6 4 2 6 9% 3459 40429 10423 93%
c -  0.18 14 155 4 4 627 39 5150 2769 1.6 6 4 2 5 8% 3495 40429 10423 93%
c }  0.19 14 137 5 4 857 34 6751 3963 1.6 6 4 2 5 7% 3571 40429 10423 93%
c [  0.19 14 275 5 4 857 4 6751 3963 2.3 43 19 2 19 26% 3571 40429 10423 93%
c
c seconds   switched  rate       size/glue  tier1     binary         remaining
c        MB  reductions conflicts      size   tier2      irredundant
c          level restarts   redundant     glue    trail         variables
c
c I  0.19 14 275 5 4 857 4 6751 3963 2.3 43 19 2 19 26% 3571 40429 10423 93%
c -  0.20 14 284 5 5 857 4 7151 3804 2.3 45 20 3 23 30% 3581 40429 10423 93%
c ]  0.21 14 288 6 5 857 3 7377 4020 2.3 48 21 3 23 31% 3583 40429 10423 93%
c {  0.21 14 137 6 5 857 34 7377 4020 1.6 6 4 2 5 7% 3583 40429 10423 93%
c d  0.22 14 146 6 5 996 37 7876 4184 1.5 6 4 2 5 8% 3548 40429 10394 92%
c u  0.22 14 146 6 5 996 37 7876 3518 1.5 6 4 2 5 8% 3568 40429 10394 92%
c v  0.22 14 146 6 5 996 37 7876 3113 1.5 6 4 2 5 8% 3578 40429 10394 92%
c w  0.23 14 146 6 5 996 37 7876 3111 1.5 6 4 2 5 8% 3578 40429 10394 92%
c x  0.23 14 146 6 5 996 37 7876 3111 1.5 6 4 2 5 8% 3578 40351 10394 92%
c d  0.23 14 146 6 5 996 37 7876 3063 1.5 6 4 2 5 8% 3550 40351 10380 92%
c t  0.23 14 146 6 5 996 37 7876 3063 1.5 6 4 2 5 8% 3530 40351 10380 92%
c f  0.23 14 146 6 5 996 37 7876 3063 1.5 6 4 2 5 8% 3566 40274 10403 93%
c c  0.24 14 146 6 5 996 37 7876 2977 1.5 6 4 2 5 8% 3629 40087 10364 92%
c d  0.24 14 146 6 5 996 37 7876 2977 1.5 6 4 2 5 8% 3551 40087 10364 92%
c u  0.25 14 146 6 5 996 37 7876 2871 1.5 6 4 2 5 8% 3547 40087 10364 92%
c v  0.25 14 146 6 5 996 37 7876 2800 1.5 6 4 2 5 8% 3548 40087 10364 92%
c w  0.25 14 146 6 5 996 37 7876 2684 1.5 6 4 2 5 8% 3549 40087 10364 92%
c x  0.26 14 146 6 5 996 37 7876 2684 1.5 6 4 2 5 8% 3549 40035 10364 92%
c =  0.27 14 146 6 5 996 37 7876 2684 1.5 6 4 2 5 8% 3561 40035 10358 92%
c d  0.27 14 146 6 5 996 37 7876 2682 1.5 6 4 2 5 8% 3544 40035 10356 92%
c
c seconds   switched   rate       size/glue tier1  binary         remaining
c        MB  reductions conflicts      size  tier2    irredundant
c          level restarts    redundant   glue  trail         variables
c
c t  0.27 14 146 6 5 996 37 7876 2682 1.5 6 4 2 5 8% 3537 40035 10356 92%
c f  0.27 14 146 6 5 996 37 7876 2682 1.5 6 4 2 5 8% 3541 40027 10358 92%
c -  0.30 14 144 6 6 1276 35 9390 3514 1.6 7 4 2 5 10% 3643 40027 10358 92%
c o  0.31 15 140 6 6 1434 35 10000 4055 1.6 8 5 2 5 10% 3682 40027 10358 92%
c }  0.35 15 132 7 6 1845 34 11446 5360 1.7 9 5 2 5 10% 3735 40027 10358 92%
c [  0.35 15 288 7 6 1845 3 11446 5360 2.3 48 21 3 23 31% 3735 40027 10358 92%
c B  0.35 15 288 7 6 1845 3 11446 5360 2.3 48 21 3 23 31% 3735 40027 10358 92%
c -  0.36 17 273 7 7 1845 3 11839 5153 2.3 53 23 3 28 32% 3737 40027 10358 92%
c s  0.42 19 248 7 7 1846 3 12780 6035 2.3 66 29 3 28 32% 3753 39930 10358 92%
c e  0.44 20 248 7 7 1846 3 12780 6035 2.3 66 29 3 28 32% 2022 38155 6564 58%
c 2  0.44 20 248 7 7 1846 3 12780 6035 2.3 66 29 3 28 32% 2017 38155 6564 58%
c s  0.44 20 248 7 7 1846 3 12780 6035 2.3 66 29 3 28 32% 2024 37876 6564 58%
c e  0.44 20 248 7 7 1846 3 12780 6035 2.3 66 29 3 28 32% 2021 37875 6547 58%
c ^  0.44 20 248 7 7 1846 3 12780 6035 2.3 66 29 3 28 32% 2021 37875 6547 58%
c ]  0.50 20 233 8 7 1847 3 13629 3361 2.2 77 35 3 28 33% 2025 37875 6547 58%
c {  0.50 20 132 8 7 1847 34 13629 3361 1.7 9 5 2 5 10% 2025 37875 6547 58%
c -  0.52 20 131 8 8 2070 35 14484 3619 1.7 9 6 2 5 10% 2057 37875 6547 58%
c c  0.56 20 129 8 8 2449 35 16142 5096 1.8 11 6 2 5 11% 2140 37806 6534 58%
c d  0.56 20 129 8 8 2449 35 16142 5071 1.8 11 6 2 5 11% 2114 37806 6534 58%
c u  0.57 20 129 8 8 2449 35 16142 4495 1.8 11 6 2 5 11% 2112 37806 6534 58%
c
c seconds   switched    rate        size/glue tier1    binary        remaining
c        MB  reductions   conflicts       size  tier2     irredundant
c          level  restarts     redundant    glue   trail        variables
c
c v  0.57 20 129 8 8 2449 35 16142 4115 1.8 11 6 2 5 11% 2114 37806 6534 58%
c w  0.59 20 129 8 8 2449 35 16142 3785 1.8 11 6 2 5 11% 2115 37806 6534 58%
c =  0.63 20 129 8 8 2449 35 16142 3785 1.8 11 6 2 5 11% 2163 37786 6510 58%
c d  0.63 20 129 8 8 2449 35 16142 3765 1.8 11 6 2 5 11% 2102 37785 6509 58%
c t  0.63 20 129 8 8 2449 35 16142 3765 1.8 11 6 2 5 11% 2089 37785 6509 58%
c f  0.64 20 129 8 8 2449 35 16142 3765 1.8 11 6 2 5 11% 2117 37724 6523 58%
c u  0.65 21 129 8 8 2449 35 16142 3641 1.8 11 6 2 5 11% 2118 37724 6523 58%
c v  0.65 21 129 8 8 2449 35 16142 3557 1.8 11 6 2 5 11% 2118 37724 6523 58%
c w  0.67 21 129 8 8 2449 35 16142 3425 1.8 11 6 2 5 11% 2118 37724 6523 58%
c x  0.67 21 129 8 8 2449 35 16142 3425 1.8 11 6 2 5 11% 2120 37504 6523 58%
c =  0.71 21 129 8 8 2449 35 16142 3425 1.8 11 6 2 5 11% 2146 37504 6510 58%
c d  0.71 21 129 8 8 2449 35 16142 3405 1.8 11 6 2 5 11% 2116 37504 6510 58%
c f  0.72 21 129 8 8 2449 35 16142 3405 1.8 11 6 2 5 11% 2118 37500 6511 58%
c -  0.75 21 128 8 9 2740 35 17312 4205 1.9 13 7 2 5 12% 2150 37500 6511 58%
c }  0.84 21 127 9 9 3370 35 19788 6510 1.9 16 8 2 5 13% 2192 37500 6511 58%
c [  0.84 21 233 9 9 3370 3 19788 6510 2.2 77 35 3 28 33% 2192 37500 6511 58%
c W  0.84 21 233 9 9 3370 3 19788 6510 2.2 77 35 3 28 33% 2192 37500 6511 58%
c -  0.92 21 227 9 10 3370 3 20312 5922 2.3 91 39 1 12 36% 2192 37500 6511 58%
c o  1.01 21 221 9 10 3371 3 20821 6418 2.5 106 43 1 12 38% 2192 37500 6511 58%
c -  1.05 21 206 9 11 3372 3 23476 6956 2.4 88 37 1 11 35% 2203 37500 6511 58%
c
c seconds    switched    rate        size/glue  tier1     binary        remaining
c        MB    reductions  conflicts       size   tier2      irredundant
c          level    restarts    redundant     glue    trail        variables
c
c ]  1.07 21 204 10 11 3373 3 24240 7702 2.4 86 36 1 11 34% 2204 37500 6511 58%
c {  1.07 21 127 10 11 3373 35 24240 7702 1.9 16 8 2 5 13% 2204 37500 6511 58%
c s  1.11 21 128 10 11 3632 34 25639 8966 1.9 16 8 2 5 13% 2238 37328 6511 58%
c e  1.13 21 128 10 11 3632 34 25639 8966 1.9 16 8 2 5 13% 1945 37698 6356 57%
c s  1.13 21 128 10 11 3632 34 25639 8966 1.9 16 8 2 5 13% 1958 37634 6356 57%
c e  1.13 21 128 10 11 3632 34 25639 8966 1.9 16 8 2 5 13% 1958 37634 6355 57%
c ^  1.13 21 128 10 11 3632 34 25639 8966 1.9 16 8 2 5 13% 1958 37634 6355 57%
c -  1.18 21 128 10 12 3928 35 26793 7192 2.0 18 9 1 4 14% 1964 37634 6355 57%
c u  1.21 21 128 10 12 4089 34 27592 7431 2.0 18 9 1 4 14% 1977 37634 6355 57%
c v  1.21 21 128 10 12 4089 34 27592 6527 2.0 18 9 1 4 14% 1980 37634 6355 57%
c w  1.23 21 128 10 12 4089 34 27592 5900 2.0 18 9 1 4 14% 1980 37634 6355 57%
c x  1.25 21 128 10 12 4089 34 27592 5898 2.0 18 9 1 4 14% 1984 37371 6355 57%
c =  1.30 21 128 10 12 4089 34 27592 5898 2.0 18 9 1 4 14% 2146 37364 6274 56%
c d  1.31 21 128 10 12 4089 34 27592 5813 2.0 18 9 1 4 14% 1968 37364 6273 56%
c t  1.31 21 128 10 12 4089 34 27592 5813 2.0 18 9 1 4 14% 1953 37364 6273 56%
c f  1.31 21 128 10 12 4089 34 27592 5813 2.0 18 9 1 4 14% 1994 37239 6300 56%
c c  1.32 21 128 10 12 4089 34 27592 5813 2.0 18 9 1 4 14% 1996 37238 6299 56%
c d  1.32 21 128 10 12 4089 34 27592 5813 2.0 18 9 1 4 14% 1994 37238 6299 56%
c u  1.32 21 128 10 12 4089 34 27592 5705 2.0 18 9 1 4 14% 1995 37238 6299 56%
c v  1.33 21 128 10 12 4089 34 27592 5492 2.0 18 9 1 4 14% 1996 37238 6299 56%
c
c seconds    switched     rate        size/glue tier1    binary        remaining
c        MB    reductions   conflicts       size  tier2     irredundant
c          level    restarts     redundant    glue   trail        variables
c
c w  1.34 21 128 10 12 4089 34 27592 5311 2.0 18 9 1 4 14% 1996 37238 6299 56%
c x  1.36 21 128 10 12 4089 34 27592 5311 2.0 18 9 1 4 14% 2004 36636 6299 56%
c =  1.42 21 128 10 12 4089 34 27592 5311 2.0 18 9 1 4 14% 2464 36534 6069 54%
c d  1.42 21 128 10 12 4089 34 27592 5266 2.0 18 9 1 4 14% 1990 36534 6069 54%
c t  1.42 21 128 10 12 4089 34 27592 5266 2.0 18 9 1 4 14% 1988 36534 6069 54%
c -  1.48 21 130 10 13 4464 33 30257 6527 2.0 19 9 1 4 15% 2029 36534 6069 54%
c }  1.54 21 131 11 13 4851 32 32867 8986 2.0 19 10 1 4 16% 2063 36533 6069 54%
c [  1.54 21 204 11 13 4851 3 32867 8986 2.4 86 36 1 11 34% 2063 36533 6069 54%
c O  1.54 21 204 11 13 4851 3 32867 8986 2.4 86 36 1 11 34% 2063 36533 6069 54%
c -  1.65 21 196 11 14 4851 3 33862 8010 2.5 98 39 1 9 36% 2064 36533 6069 54%
c ]  1.81 21 190 12 14 4853 2 35076 9193 2.7 115 43 1 9 39% 2064 36533 6069 54%
c {  1.81 21 131 12 14 4853 32 35076 9193 2.0 19 10 1 4 16% 2064 36533 6069 54%
c -  1.87 21 131 12 15 5242 31 37603 9024 2.0 20 10 1 4 16% 2082 36533 6069 54%
c o  1.97 21 130 12 15 5773 30 40857 12103 2.0 21 10 1 4 17% 2101 36533 6069 54%
c -  1.98 21 131 12 16 5853 30 41475 10367 2.0 21 10 1 4 17% 2104 36533 6069 54%
c d  2.01 21 131 12 16 5983 30 42361 11203 2.0 21 11 1 4 17% 2106 36533 6068 54%
c u  2.01 21 131 12 16 5983 30 42361 10417 2.0 21 11 1 4 17% 2109 36533 6068 54%
c v  2.02 21 131 12 16 5983 30 42361 8922 2.0 21 11 1 4 17% 2109 36533 6068 54%
c w  2.04 21 131 12 16 5983 30 42361 8200 2.0 21 11 1 4 17% 2109 36533 6068 54%
c x  2.06 21 131 12 16 5983 30 42361 8200 2.0 21 11 1 4 17% 2110 34955 6068 54%
c
c seconds    switched     rate        size/glue  tier1    binary        remaining
c        MB    reductions   conflicts       size   tier2     irredundant
c          level    restarts     redundant     glue   trail        variables
c
c =  2.13 22 131 12 16 5983 30 42361 8200 2.0 21 11 1 4 17% 2116 34955 6065 54%
c d  2.13 22 131 12 16 5983 30 42361 8200 2.0 21 11 1 4 17% 2108 34955 6065 54%
c t  2.13 22 131 12 16 5983 30 42361 8200 2.0 21 11 1 4 17% 2106 34955 6065 54%
c u  2.14 22 131 12 16 5983 30 42361 8053 2.0 21 11 1 4 17% 2106 34955 6065 54%
c v  2.15 22 131 12 16 5983 30 42361 7742 2.0 21 11 1 4 17% 2106 34955 6065 54%
c w  2.16 22 131 12 16 5983 30 42361 7517 2.0 21 11 1 4 17% 2106 34955 6065 54%
c x  2.18 22 131 12 16 5983 30 42361 7517 2.0 21 11 1 4 17% 2106 34908 6065 54%
c =  2.25 22 131 12 16 5983 30 42361 7517 2.0 21 11 1 4 17% 3308 34908 5464 49%
c d  2.25 22 131 12 16 5983 30 42361 7049 2.0 21 11 1 4 17% 2093 34908 5464 49%
c t  2.25 22 131 12 16 5983 30 42361 7049 2.0 21 11 1 4 17% 2015 34908 5464 49%
c f  2.26 22 131 12 16 5983 30 42361 7049 2.0 21 11 1 4 17% 2019 34895 5467 49%
c -  2.29 22 128 12 17 6027 27 45476 8223 2.0 21 10 1 5 18% 2034 34895 5467 49%
c }  2.30 22 128 13 17 6045 26 46555 9223 2.0 21 10 1 5 19% 2039 34895 5467 49%
c [  2.30 22 190 13 17 6045 2 46555 9223 2.7 115 43 1 9 39% 2039 34895 5467 49%
c B  2.30 22 190 13 17 6045 2 46555 9223 2.7 115 43 1 9 39% 2039 34895 5467 49%
c -  2.36 22 174 13 18 6047 2 49601 9323 2.6 103 39 1 8 38% 2039 34895 5467 49%
c ]  2.37 22 172 13 18 6047 2 50001 9700 2.6 102 39 1 8 38% 2039 34895 5467 49%
c ?  2.37 22 128 13 18 6047 26 50001 9700 2.0 21 10 1 5 19% 2039 34895 5467 49%
c
c ---- [ result ] ------------------------------------------------------------
c
s UNKNOWN
c
c ---- [ profiling ] ---------------------------------------------------------
c
c           1.50   63.60 %  search
c           0.82   34.60 %  simplify
c           0.80   33.70 %  probe
c           0.77   32.55 %  focused
c           0.73   31.05 %  stable
c           0.40   16.80 %  sweep
c           0.26   10.86 %  vivify
c           0.05    2.31 %  congruence
c           0.05    2.13 %  eliminate
c           0.05    2.04 %  factor
c           0.04    1.58 %  preprocess
c           0.03    1.30 %  substitute
c           0.02    0.65 %  reduce
c           0.01    0.38 %  subsume
c           0.01    0.30 %  walking
c           0.01    0.24 %  transitive
c           0.00    0.16 %  parse
c           0.00    0.14 %  backbone
c           0.00    0.05 %  lucky
c =============================================
c           2.37  100.00 %  total
c
c ---- [ statistics ] --------------------------------------------------------
c
c chronological:                          564                1 %  conflicts
c conflicts:                            50001            21123.00 per second
c congruent:                              829                7 %  variables
c decisions:                           931584               18.63 per conflict
c eliminated:                            3967               35 %  variables
c factored:                               137                1 %  variables
c propagations:                      23702843         10013304    per second
c reductions:                              18             2778    interval
c reordered:                                3            16667    interval
c rephased:                                 7             7143    interval
c restarts:                              6047                8    interval
c strengthened:                           352                0 %  checks
c substituted:                           1939               17 %  variables
c subsumed:                               591                0 %  checks
c switched:                                13             3846    interval
c vivified:                             18227                8 %  checks
c walks:                                    2            25000    interval
c
c ---- [ glue usage ] --------------------------------------------------------
c
c focused glue 1 used 65704 clauses 60.31% accumulated 60.31% tier1
c focused glue 2 used 21642 clauses 19.87% accumulated 80.18%
c focused glue 3 used  6482 clauses  5.95% accumulated 86.13%
c focused glue 4 used  3410 clauses  3.13% accumulated 89.26%
c focused glue 5 used  2186 clauses  2.01% accumulated 91.26% tier2
c
c stable glue 1   used 120878 clauses 65.98% accumulated 65.98% tier1
c stable glue 2   used  23784 clauses 12.98% accumulated 78.96%
c stable glue 3-6 used  18043 clauses  9.85% accumulated 88.81%
c stable glue 7   used   1909 clauses  1.04% accumulated 89.85%
c stable glue 8   used   1465 clauses  0.80% accumulated 90.65% tier2
c
c ---- [ resources ] ---------------------------------------------------------
c
c maximum-resident-set-size:      23135780864 bytes      22064 MB
c process-time:                             2s               2.37 seconds
c
c ---- [ shutting down ] -----------------------------------------------------
c
c exit 0
