c ---- [ banner ] ------------------------------------------------------------
c
c Kissat SAT Solver
c 
c Copyright (c) 2021-2024 Armin Biere University of Freiburg
c Copyright (c) 2019-2021 Armin Biere Johannes Kepler University Linz
c 
c Version 4.0.4 unknown
c Apple clang version 17.0.0 (clang-1700.3.19.1) -W -Wall -O3 -DNDEBUG
c Thu Oct 16 20:09:41 UTC 2025 Darwin Tahoe-arm64.local 25.0.0 arm64
c
c ---- [ parsing ] -----------------------------------------------------------
c
c opened and reading DIMACS file:
c
c   cnfs_n32/sr61_n32_bit10_m3304caa0_fill80000000_enf0.cnf
c
c parsed 'p cnf 11211 46873' header
c closing input after reading 846515 bytes (827 KB)
c finished parsing after 0.00 seconds
c
c ---- [ options ] -----------------------------------------------------------
c
c --seed=7                         (different from default '0')
c
c ---- [ limits ] ------------------------------------------------------------
c
c conflict limit set to 50000 conflicts
c
c ---- [ solving ] -----------------------------------------------------------
c
c seconds switched rate     size/glue tier1  binary         remaining
c        MB reductions conflicts size  tier2    irredundant
c         level restarts redundant glue  trail         variables
c
c *  0.00  8 0 0 0  0 0   0   0 0.0 0 0 0 0 0% 3684 43124 11210 100%
c (  0.00  8 0 0 0  0 0   0   0 0.0 0 0 0 0 0% 3684 43124 11210 100%
c .  0.01  8 0 0 0  0 0   0   0 0.0 0 0 0 0 0% 3684 43124 11210 100%
c c  0.01 13 0 0 0  0 0   0   0 0.0 0 0 0 0 0% 4702 41297 10475 93%
c d  0.01 13 0 0 0  0 0   0   0 0.0 0 0 0 0 0% 3232 41297 10475 93%
c =  0.03 13 0 0 0  0 0   0   0 0.0 0 0 0 0 0% 3190 41297 10469 93%
c d  0.03 13 0 0 0  0 0   0   0 0.0 0 0 0 0 0% 3178 41297 10469 93%
c f  0.04 13 0 0 0  0 0   0   0 0.0 0 0 0 0 0% 3307 41035 10535 94%
c )  0.04 13 0 0 0  0 0   0   0 0.0 0 0 0 0 0% 3307 41035 10535 94%
c {  0.04 13 0 0 0  0 0   0   0 0.0 0 0 2 6 0% 3307 41035 10535 94%
c -  0.05 13 181 0 1 268 53 1000 739 1.6 6 4 3 7 10% 3385 41035 10535 94%
c }  0.05 13 181 1 1 268 53 1000 739 1.6 6 4 3 7 10% 3385 41035 10535 94%
c [  0.05 13 0 1 1 268 0 1000 739 0.0 0 0 2 6 0% 3385 41035 10535 94%
c B  0.05 13 211 1 1 268 21 1001 740 1.5 3 2 2 6 11% 3385 41035 10535 94%
c -  0.06 14 314 1 2 268 4 2000 1550 2.2 30 14 2 17 23% 3411 41035 10535 94%
c W  0.06 14 314 1 2 268 4 2003 1553 2.2 30 14 2 17 23% 3411 41035 10535 94%
c c  0.08 14 273 1 2 269 4 2558 1985 2.0 25 12 2 17 20% 3421 41003 10527 94%
c d  0.08 14 273 1 2 269 4 2558 1985 2.0 25 12 2 17 20% 3400 41003 10524 94%
c u  0.08 14 273 1 2 269 4 2558 1608 2.0 25 12 2 17 20% 3405 41003 10524 94%
c v  0.08 14 273 1 2 269 4 2558 1481 2.0 25 12 2 17 20% 3406 41003 10524 94%
c
c seconds   switched  rate       size/glue  tier1     binary         remaining
c        MB  reductions conflicts      size   tier2      irredundant
c          level restarts   redundant     glue    trail         variables
c
c w  0.08 14 273 1 2 269 4 2558 1343 2.0 25 12 2 17 20% 3406 41003 10524 94%
c x  0.09 14 273 1 2 269 4 2558 1343 2.0 25 12 2 17 20% 3406 40908 10524 94%
c =  0.10 14 273 1 2 269 4 2558 1343 2.0 25 12 2 17 20% 3670 40908 10392 93%
c d  0.10 14 273 1 2 269 4 2558 1295 2.0 25 12 2 17 20% 3402 40908 10392 93%
c t  0.10 14 273 1 2 269 4 2558 1295 2.0 25 12 2 17 20% 3373 40908 10392 93%
c f  0.10 14 273 1 2 269 4 2558 1295 2.0 25 12 2 17 20% 3376 40902 10394 93%
c u  0.11 14 273 1 2 269 4 2558 1261 2.0 25 12 2 17 20% 3376 40902 10394 93%
c v  0.11 14 273 1 2 269 4 2558 1222 2.0 25 12 2 17 20% 3376 40902 10394 93%
c w  0.11 14 273 1 2 269 4 2558 1153 2.0 25 12 2 17 20% 3376 40902 10394 93%
c ]  0.13 14 270 2 2 269 4 2672 1243 2.1 28 13 2 17 22% 3380 40902 10394 93%
c {  0.13 14 181 2 2 269 53 2672 1243 1.6 6 4 3 7 10% 3380 40902 10394 93%
c -  0.13 14 185 2 3 339 42 3415 1717 1.6 7 4 3 7 10% 3414 40902 10394 93%
c }  0.14 14 181 3 3 437 45 3672 1950 1.6 7 4 3 7 10% 3420 40902 10394 93%
c [  0.14 14 270 3 3 437 4 3672 1950 2.1 28 13 2 17 22% 3420 40902 10394 93%
c I  0.14 14 267 3 3 437 5 4263 2491 2.0 24 12 2 17 21% 3432 40902 10394 93%
c ]  0.15 14 257 4 3 437 5 4596 2802 2.0 27 13 2 16 21% 3438 40902 10394 93%
c {  0.15 14 181 4 3 437 45 4596 2802 1.6 7 4 3 7 10% 3438 40902 10394 93%
c -  0.17 14 166 4 4 639 45 5147 2959 1.8 10 5 2 6 11% 3484 40902 10394 93%
c }  0.23 16 150 5 4 1119 41 6949 4607 2.0 18 9 2 6 14% 3548 40902 10394 93%
c [  0.23 16 257 5 4 1119 5 6949 4607 2.0 27 13 2 16 21% 3548 40902 10394 93%
c
c seconds   switched   rate       size/glue  tier1     binary         remaining
c        MB  reductions conflicts       size   tier2      irredundant
c          level  restarts   redundant     glue    trail         variables
c
c -  0.26 16 248 5 5 1119 5 7148 4063 2.1 37 17 2 10 23% 3549 40902 10394 93%
c ]  0.34 16 231 6 5 1119 4 7631 4535 2.4 63 26 2 10 28% 3549 40902 10394 93%
c {  0.34 16 150 6 5 1119 41 7631 4535 2.0 18 9 2 6 14% 3549 40902 10394 93%
c c  0.35 17 149 6 5 1141 40 7876 4753 2.0 18 9 2 6 14% 3565 40894 10390 93%
c d  0.35 17 149 6 5 1141 40 7876 4749 2.0 18 9 2 6 14% 3557 40894 10390 93%
c u  0.35 17 149 6 5 1141 40 7876 4063 2.0 18 9 2 6 14% 3561 40894 10390 93%
c v  0.36 17 149 6 5 1141 40 7876 3655 2.0 18 9 2 6 14% 3561 40894 10390 93%
c w  0.36 17 149 6 5 1141 40 7876 3631 2.0 18 9 2 6 14% 3561 40894 10390 93%
c x  0.37 17 149 6 5 1141 40 7876 3631 2.0 18 9 2 6 14% 3561 40330 10390 93%
c d  0.37 17 149 6 5 1141 40 7876 3631 2.0 18 9 2 6 14% 3559 40330 10389 93%
c t  0.37 17 149 6 5 1141 40 7876 3631 2.0 18 9 2 6 14% 3551 40330 10389 93%
c f  0.37 17 149 6 5 1141 40 7876 3631 2.0 18 9 2 6 14% 3555 40324 10391 93%
c u  0.38 17 149 6 5 1141 40 7876 3548 2.0 18 9 2 6 14% 3555 40324 10391 93%
c v  0.38 17 149 6 5 1141 40 7876 3467 2.0 18 9 2 6 14% 3555 40324 10391 93%
c w  0.39 17 149 6 5 1141 40 7876 3446 2.0 18 9 2 6 14% 3555 40324 10391 93%
c x  0.39 17 149 6 5 1141 40 7876 3446 2.0 18 9 2 6 14% 3555 40115 10391 93%
c t  0.43 17 149 6 5 1141 40 7876 3446 2.0 18 9 2 6 14% 3553 40115 10391 93%
c -  0.45 19 144 6 6 1239 34 9384 3944 2.0 18 9 1 5 14% 3617 40115 10391 93%
c o  0.47 19 142 6 6 1277 32 10012 4505 2.0 18 9 1 5 14% 3646 40115 10391 93%
c }  0.51 19 143 7 6 1428 29 11700 5994 2.1 19 9 1 5 15% 3684 40115 10391 93%
c
c seconds   switched   rate        size/glue  tier1     binary         remaining
c        MB  reductions  conflicts       size   tier2      irredundant
c          level  restarts    redundant     glue    trail         variables
c
c [  0.51 19 231 7 6 1428 4 11700 5994 2.4 63 26 2 10 28% 3684 40115 10391 93%
c B  0.51 19 231 7 6 1428 4 11700 5994 2.4 63 26 2 10 28% 3684 40115 10391 93%
c -  0.51 19 227 7 7 1428 4 11833 4693 2.4 63 26 1 5 28% 3685 40115 10391 93%
c s  0.60 19 207 7 7 1429 4 12780 5607 2.4 75 31 1 5 30% 3686 40091 10391 93%
c e  0.62 20 207 7 7 1429 4 12780 5607 2.4 75 31 1 5 30% 1945 38492 6625 59%
c s  0.63 20 207 7 7 1429 4 12780 5607 2.4 75 31 1 5 30% 1950 38304 6625 59%
c e  0.63 20 207 7 7 1429 4 12780 5607 2.4 75 31 1 5 30% 1946 38306 6609 59%
c ^  0.63 20 207 7 7 1429 4 12780 5607 2.4 75 31 1 5 30% 1946 38306 6609 59%
c ]  0.66 20 195 8 7 1430 3 13849 3824 2.2 78 36 1 5 28% 1947 38306 6609 59%
c {  0.66 20 143 8 7 1430 29 13849 3824 2.1 19 9 1 5 15% 1947 38306 6609 59%
c -  0.68 20 142 8 8 1559 29 14479 3350 2.1 20 9 1 5 16% 1957 38306 6609 59%
c u  0.73 20 141 8 8 1842 29 16140 4668 2.1 21 10 1 5 16% 1985 38306 6609 59%
c v  0.73 20 141 8 8 1842 29 16140 3990 2.1 21 10 1 5 16% 1986 38306 6609 59%
c w  0.75 20 141 8 8 1842 29 16140 3966 2.1 21 10 1 5 16% 1986 38306 6609 59%
c x  0.75 20 141 8 8 1842 29 16140 3966 2.1 21 10 1 5 16% 1987 38233 6609 59%
c t  0.76 20 141 8 8 1842 29 16140 3966 2.1 21 10 1 5 16% 1985 38233 6609 59%
c f  0.76 20 141 8 8 1842 29 16140 3966 2.1 21 10 1 5 16% 2003 38197 6618 59%
c c  0.77 20 141 8 8 1842 29 16140 3955 2.1 21 10 1 5 16% 2008 38181 6615 59%
c d  0.77 20 141 8 8 1842 29 16140 3955 2.1 21 10 1 5 16% 2002 38181 6615 59%
c u  0.78 20 141 8 8 1842 29 16140 3918 2.1 21 10 1 5 16% 2003 38181 6615 59%
c
c seconds   switched    rate        size/glue  tier1    binary        remaining
c        MB  reductions   conflicts       size   tier2     irredundant
c          level  restarts     redundant     glue   trail        variables
c
c v  0.78 20 141 8 8 1842 29 16140 3813 2.1 21 10 1 5 16% 2005 38181 6615 59%
c w  0.80 20 141 8 8 1842 29 16140 3636 2.1 21 10 1 5 16% 2005 38181 6615 59%
c f  0.81 20 141 8 8 1842 29 16140 3636 2.1 21 10 1 5 16% 2015 38161 6620 59%
c -  0.84 20 139 8 9 2049 28 17308 3595 2.1 22 11 1 5 16% 2028 38161 6620 59%
c }  0.93 20 137 9 9 2541 28 20008 6141 2.1 24 11 1 5 17% 2063 38161 6620 59%
c [  0.93 20 195 9 9 2541 3 20008 6141 2.2 78 36 1 5 28% 2063 38161 6620 59%
c W  0.93 20 195 9 9 2541 3 20008 6141 2.2 78 36 1 5 28% 2063 38161 6620 59%
c -  0.98 20 192 9 10 2541 3 20309 5291 2.2 83 38 1 7 29% 2063 38161 6620 59%
c ]  1.17 20 181 10 10 2542 3 21616 6545 2.3 110 47 1 7 35% 2065 38161 6620 59%
c {  1.17 20 137 10 10 2542 28 21616 6545 2.1 24 11 1 5 17% 2065 38161 6620 59%
c o  1.17 20 138 10 10 2547 28 21636 6561 2.1 24 11 1 5 17% 2067 38161 6620 59%
c -  1.24 20 137 10 11 2874 28 23471 6459 2.1 25 12 1 4 17% 2080 38161 6620 59%
c e  1.35 20 135 10 11 3355 29 25631 8518 2.1 27 13 1 4 18% 1920 38408 6514 58%
c s  1.35 20 135 10 11 3355 29 25631 8518 2.1 27 13 1 4 18% 1936 38332 6514 58%
c e  1.35 20 135 10 11 3355 29 25631 8518 2.1 27 13 1 4 18% 1934 38335 6513 58%
c ^  1.35 20 135 10 11 3355 29 25631 8518 2.1 27 13 1 4 18% 1934 38335 6513 58%
c -  1.39 20 135 10 12 3554 29 26788 7069 2.1 28 13 1 4 18% 1947 38335 6513 58%
c u  1.43 20 134 10 12 3705 29 27580 7318 2.1 28 13 1 4 18% 1954 38335 6513 58%
c v  1.43 20 134 10 12 3705 29 27580 6355 2.1 28 13 1 4 18% 1955 38335 6513 58%
c w  1.46 20 134 10 12 3705 29 27580 5823 2.1 28 13 1 4 18% 1955 38335 6513 58%
c
c seconds    switched     rate        size/glue  tier1    binary        remaining
c        MB    reductions   conflicts       size   tier2     irredundant
c          level    restarts     redundant     glue   trail        variables
c
c x  1.47 20 134 10 12 3705 29 27580 5821 2.1 28 13 1 4 18% 1957 38093 6513 58%
c =  1.56 20 134 10 12 3705 29 27580 5821 2.1 28 13 1 4 18% 1979 38093 6502 58%
c d  1.56 20 134 10 12 3705 29 27580 5807 2.1 28 13 1 4 18% 1955 38093 6502 58%
c t  1.56 20 134 10 12 3705 29 27580 5807 2.1 28 13 1 4 18% 1946 38093 6502 58%
c f  1.56 20 134 10 12 3705 29 27580 5807 2.1 28 13 1 4 18% 1970 38018 6519 58%
c u  1.57 20 134 10 12 3705 29 27580 5696 2.1 28 13 1 4 18% 1970 38018 6519 58%
c v  1.57 20 134 10 12 3705 29 27580 5487 2.1 28 13 1 4 18% 1970 38018 6519 58%
c w  1.59 20 134 10 12 3705 29 27580 5336 2.1 28 13 1 4 18% 1970 38018 6519 58%
c }  1.68 20 135 11 12 4066 28 30243 7873 2.1 29 14 1 4 18% 1985 38018 6519 58%
c [  1.68 20 181 11 12 4066 3 30243 7873 2.3 110 47 1 7 35% 1985 38018 6519 58%
c O  1.68 20 181 11 12 4066 3 30243 7873 2.3 110 47 1 7 35% 1985 38018 6519 58%
c -  1.68 20 181 11 13 4066 3 30253 6060 2.3 110 47 1 5 35% 1985 38018 6519 58%
c ]  2.07 21 164 12 13 4068 2 33823 9494 2.4 131 54 1 5 39% 1989 38018 6519 58%
c {  2.07 21 135 12 13 4068 28 33823 9494 2.1 29 14 1 4 18% 1989 38018 6519 58%
c -  2.07 21 135 12 14 4076 28 33858 6769 2.1 29 14 1 4 18% 1989 38018 6519 58%
c -  2.25 21 134 12 15 4778 28 37600 7698 2.1 32 15 1 4 19% 2006 38018 6519 58%
c -  2.44 21 134 12 16 5450 28 41474 8929 2.1 34 16 1 4 20% 2023 38018 6519 58%
c o  2.45 21 134 12 16 5467 28 41639 9092 2.1 34 16 1 4 20% 2024 38018 6519 58%
c u  2.46 21 136 12 16 5482 27 42314 8965 2.1 34 16 1 4 20% 2029 38018 6519 58%
c v  2.47 21 136 12 16 5482 27 42314 7783 2.1 34 16 1 4 20% 2029 38018 6519 58%
c
c seconds    switched     rate        size/glue  tier1    binary        remaining
c        MB    reductions   conflicts       size   tier2     irredundant
c          level    restarts     redundant     glue   trail        variables
c
c w  2.48 21 136 12 16 5482 27 42314 7291 2.1 34 16 1 4 20% 2029 38018 6519 58%
c =  2.58 22 136 12 16 5482 27 42314 7291 2.1 34 16 1 4 20% 2705 37904 6181 55%
c d  2.59 22 136 12 16 5482 27 42314 7015 2.1 34 16 1 4 20% 2020 37904 6181 55%
c t  2.59 22 136 12 16 5482 27 42314 7015 2.1 34 16 1 4 20% 2014 37904 6181 55%
c u  2.60 22 136 12 16 5482 27 42314 6853 2.1 34 16 1 4 20% 2014 37904 6181 55%
c v  2.61 22 136 12 16 5482 27 42314 6620 2.1 34 16 1 4 20% 2014 37904 6181 55%
c w  2.62 22 136 12 16 5482 27 42314 6468 2.1 34 16 1 4 20% 2015 37904 6181 55%
c x  2.63 22 136 12 16 5482 27 42314 6466 2.1 34 16 1 4 20% 2023 35688 6181 55%
c =  2.74 22 136 12 16 5482 27 42314 6466 2.1 34 16 1 4 20% 3075 35688 5655 50%
c d  2.74 22 136 12 16 5482 27 42314 6188 2.1 34 16 1 4 20% 2022 35688 5655 50%
c t  2.74 22 136 12 16 5482 27 42314 6188 2.1 34 16 1 4 20% 1959 35688 5655 50%
c }  2.77 22 136 13 16 5490 25 45302 8963 2.1 33 16 1 4 21% 1980 35688 5655 50%
c [  2.77 22 164 13 16 5490 2 45302 8963 2.4 131 54 1 5 39% 1980 35688 5655 50%
c B  2.77 22 164 13 16 5490 2 45302 8963 2.4 131 54 1 5 39% 1980 35688 5655 50%
c -  2.78 22 164 13 17 5490 2 45474 6947 2.4 129 53 1 5 39% 1980 35688 5655 50%
c -  2.84 22 148 13 18 5493 2 49597 7681 2.4 104 43 1 7 35% 1990 35687 5655 50%
c ]  2.84 22 146 13 18 5493 2 50000 8054 2.4 102 42 1 7 35% 1992 35687 5655 50%
c ?  2.84 22 136 13 18 5493 25 50000 8054 2.1 33 16 1 4 21% 1992 35687 5655 50%
c
c ---- [ result ] ------------------------------------------------------------
c
s UNKNOWN
c
c ---- [ profiling ] ---------------------------------------------------------
c
c           2.07   72.64 %  search
c           1.12   39.42 %  focused
c           0.94   33.22 %  stable
c           0.74   26.03 %  simplify
c           0.71   25.12 %  probe
c           0.36   12.70 %  sweep
c           0.24    8.29 %  vivify
c           0.05    1.81 %  eliminate
c           0.04    1.42 %  factor
c           0.04    1.36 %  congruence
c           0.03    1.17 %  preprocess
c           0.03    1.02 %  substitute
c           0.01    0.52 %  reduce
c           0.01    0.33 %  subsume
c           0.01    0.24 %  walking
c           0.01    0.21 %  transitive
c           0.00    0.12 %  parse
c           0.00    0.12 %  backbone
c           0.00    0.04 %  lucky
c =============================================
c           2.84  100.00 %  total
c
c ---- [ statistics ] --------------------------------------------------------
c
c chronological:                          462                1 %  conflicts
c conflicts:                            50000            17573.64 per second
c congruent:                              750                7 %  variables
c decisions:                           885697               17.71 per conflict
c eliminated:                            3889               35 %  variables
c factored:                               101                1 %  variables
c propagations:                      30492913         10717431    per second
c reductions:                              18             2778    interval
c reordered:                                3            16667    interval
c rephased:                                 7             7143    interval
c restarts:                              5493                9    interval
c strengthened:                           218                0 %  checks
c substituted:                           1767               16 %  variables
c subsumed:                               267                0 %  checks
c switched:                                13             3846    interval
c vivified:                             16139                9 %  checks
c walks:                                    2            25000    interval
c
c ---- [ glue usage ] --------------------------------------------------------
c
c focused glue 1 used 110377 clauses 66.48% accumulated 66.48% tier1
c focused glue 2 used  26742 clauses 16.11% accumulated 82.58%
c focused glue 3 used   8790 clauses  5.29% accumulated 87.88%
c focused glue 4 used   4325 clauses  2.60% accumulated 90.48% tier2
c
c stable glue 1   used 126478 clauses 65.69% accumulated 65.69% tier1
c stable glue 2   used  25747 clauses 13.37% accumulated 79.06%
c stable glue 3-5 used  18175 clauses  9.44% accumulated 88.50%
c stable glue 6   used   2172 clauses  1.13% accumulated 89.63%
c stable glue 7   used   1640 clauses  0.85% accumulated 90.48% tier2
c
c ---- [ resources ] ---------------------------------------------------------
c
c maximum-resident-set-size:      23169335296 bytes      22096 MB
c process-time:                             3s               2.84 seconds
c
c ---- [ shutting down ] -----------------------------------------------------
c
c exit 0
