c ---- [ banner ] ------------------------------------------------------------
c
c Kissat SAT Solver
c 
c Copyright (c) 2021-2024 Armin Biere University of Freiburg
c Copyright (c) 2019-2021 Armin Biere Johannes Kepler University Linz
c 
c Version 4.0.4 unknown
c Apple clang version 17.0.0 (clang-1700.3.19.1) -W -Wall -O3 -DNDEBUG
c Thu Oct 16 20:09:41 UTC 2025 Darwin Tahoe-arm64.local 25.0.0 arm64
c
c ---- [ parsing ] -----------------------------------------------------------
c
c opened and reading DIMACS file:
c
c   headline_hunt/bets/cascade_aux_encoding/cnfs/aux_force_sr61_n32_bit19_m51ca0b34_fill55555555.cnf
c
c parsed 'p cnf 12850 53838' header
c closing input after reading 979266 bytes (956 KB)
c finished parsing after 0.00 seconds
c
c ---- [ options ] -----------------------------------------------------------
c
c --seed=13                        (different from default '0')
c
c ---- [ limits ] ------------------------------------------------------------
c
c conflict limit set to 50000 conflicts
c
c ---- [ solving ] -----------------------------------------------------------
c
c seconds switched rate     size/glue tier1  binary         remaining
c        MB reductions conflicts size  tier2    irredundant
c         level restarts redundant glue  trail         variables
c
c *  0.00  9 0 0 0  0 0   0   0 0.0 0 0 0 0 0% 3138 50187 12369 96%
c (  0.00  9 0 0 0  0 0   0   0 0.0 0 0 0 0 0% 3138 50187 12369 96%
c .  0.01  9 0 0 0  0 0   0   0 0.0 0 0 0 0 0% 4034 48267 12369 96%
c c  0.02 14 0 0 0  0 0   0   0 0.0 0 0 0 0 0% 5856 42319 10540 82%
c d  0.02 14 0 0 0  0 0   0   0 0.0 0 0 0 0 0% 3138 42319 10540 82%
c =  0.03 14 0 0 0  0 0   0   0 0.0 0 0 0 0 0% 3078 42313 10490 82%
c d  0.03 14 0 0 0  0 0   0   0 0.0 0 0 0 0 0% 2978 42313 10490 82%
c f  0.04 14 0 0 0  0 0   0   0 0.0 0 0 0 0 0% 3311 41728 10670 83%
c )  0.04 14 0 0 0  0 0   0   0 0.0 0 0 0 0 0% 3311 41728 10670 83%
c {  0.04 14 0 0 0  0 0   0   0 0.0 0 0 2 6 0% 3311 41728 10670 83%
c -  0.05 14 252 0 1 223 56 1002 808 1.5 4 3 2 4 10% 3379 41728 10670 83%
c }  0.05 14 252 1 1 223 56 1002 808 1.5 4 3 2 4 10% 3379 41728 10670 83%
c [  0.05 14 0 1 1 223 0 1002 808 0.0 0 0 2 6 0% 3379 41728 10670 83%
c B  0.05 14 0 1 1 223 0 1002 808 0.0 0 0 2 6 0% 3379 41728 10670 83%
c -  0.06 14 487 1 2 223 4 2005 1549 1.6 12 7 2 10 11% 3401 41728 10670 83%
c W  0.06 14 487 1 2 223 4 2005 1549 1.6 12 7 2 10 11% 3401 41728 10670 83%
c c  0.07 14 380 1 2 224 6 2554 2013 1.7 10 6 2 9 10% 3411 41722 10667 83%
c d  0.07 14 380 1 2 224 6 2554 2013 1.7 10 6 2 9 10% 3390 41722 10658 83%
c u  0.08 14 380 1 2 224 6 2554 1629 1.7 10 6 2 9 10% 3393 41722 10658 83%
c v  0.08 14 380 1 2 224 6 2554 1505 1.7 10 6 2 9 10% 3393 41722 10658 83%
c
c seconds   switched  rate       size/glue tier1    binary         remaining
c        MB  reductions conflicts      size  tier2     irredundant
c          level restarts   redundant    glue   trail         variables
c
c w  0.08 14 380 1 2 224 6 2554 1403 1.7 10 6 2 9 10% 3393 41722 10658 83%
c x  0.08 14 380 1 2 224 6 2554 1403 1.7 10 6 2 9 10% 3393 41587 10658 83%
c u  0.10 14 380 1 2 224 6 2554 1339 1.7 10 6 2 9 10% 3394 41587 10658 83%
c v  0.11 14 380 1 2 224 6 2554 1308 1.7 10 6 2 9 10% 3394 41587 10658 83%
c w  0.11 14 380 1 2 224 6 2554 1238 1.7 10 6 2 9 10% 3394 41587 10658 83%
c d  0.11 14 380 1 2 224 6 2554 1238 1.7 10 6 2 9 10% 3392 41587 10657 83%
c ]  0.12 14 321 2 2 224 7 3179 1767 1.7 10 6 2 9 13% 3410 41587 10657 83%
c {  0.12 14 252 2 2 224 56 3179 1767 1.5 4 3 2 4 10% 3410 41587 10657 83%
c -  0.12 14 222 2 3 267 51 3420 1783 1.6 4 3 2 4 10% 3439 41587 10657 83%
c }  0.13 14 161 3 3 488 40 4179 2398 1.6 5 3 2 4 8% 3488 41585 10657 83%
c [  0.13 14 321 3 3 488 7 4179 2398 1.7 10 6 2 9 13% 3488 41585 10657 83%
c I  0.13 14 313 3 3 488 7 4264 2468 1.7 10 6 2 9 13% 3494 41583 10657 83%
c -  0.13 15 258 3 4 488 6 5152 2924 1.9 13 7 2 10 16% 3517 41580 10657 83%
c ]  0.14 15 247 4 4 489 6 5456 3190 1.9 14 7 2 10 17% 3523 41580 10657 83%
c {  0.14 15 161 4 4 489 40 5456 3190 1.6 5 3 2 4 8% 3523 41580 10657 83%
c -  0.16 15 115 4 5 1028 32 7152 4071 1.7 6 4 2 4 8% 3681 41557 10657 83%
c }  0.17 15 110 5 5 1193 31 7808 4623 1.7 7 4 2 4 8% 3727 41552 10657 83%
c [  0.17 15 247 5 5 1193 6 7808 4623 1.9 14 7 2 10 17% 3727 41552 10657 83%
c c  0.18 15 244 5 5 1193 6 7868 4679 1.9 14 7 2 10 17% 3738 41514 10642 83%
c d  0.18 15 244 5 5 1193 6 7868 4641 1.9 14 7 2 10 17% 3693 41514 10633 83%
c
c seconds   switched   rate       size/glue tier1     binary         remaining
c        MB  reductions conflicts       size  tier2      irredundant
c          level  restarts   redundant    glue    trail         variables
c
c u  0.19 15 244 5 5 1193 6 7868 3853 1.9 14 7 2 10 17% 3719 41514 10633 83%
c v  0.19 15 244 5 5 1193 6 7868 3552 1.9 14 7 2 10 17% 3723 41514 10633 83%
c w  0.19 15 244 5 5 1193 6 7868 3501 1.9 14 7 2 10 17% 3723 41514 10633 83%
c x  0.20 15 244 5 5 1193 6 7868 3501 1.9 14 7 2 10 17% 3752 41441 10633 83%
c =  0.21 15 244 5 5 1193 6 7868 3501 1.9 14 7 2 10 17% 3854 41441 10582 82%
c d  0.21 15 244 5 5 1193 6 7868 3389 1.9 14 7 2 10 17% 3735 41441 10579 82%
c t  0.21 15 244 5 5 1193 6 7868 3389 1.9 14 7 2 10 17% 3712 41441 10579 82%
c f  0.22 15 244 5 5 1193 6 7868 3389 1.9 14 7 2 10 17% 3732 41407 10589 82%
c c  0.22 15 244 5 5 1193 6 7868 3365 1.9 14 7 2 10 17% 3754 41341 10572 82%
c d  0.23 15 244 5 5 1193 6 7868 3364 1.9 14 7 2 10 17% 3725 41341 10572 82%
c u  0.23 15 244 5 5 1193 6 7868 3206 1.9 14 7 2 10 17% 3727 41341 10572 82%
c v  0.23 15 244 5 5 1193 6 7868 3121 1.9 14 7 2 10 17% 3727 41341 10572 82%
c w  0.23 15 244 5 5 1193 6 7868 2981 1.9 14 7 2 10 17% 3727 41341 10572 82%
c x  0.24 15 244 5 5 1193 6 7868 2981 1.9 14 7 2 10 17% 3803 41069 10572 82%
c =  0.25 15 244 5 5 1193 6 7868 2981 1.9 14 7 2 10 17% 3895 41069 10526 82%
c d  0.25 15 244 5 5 1193 6 7868 2936 1.9 14 7 2 10 17% 3794 41069 10523 82%
c t  0.25 15 244 5 5 1193 6 7868 2936 1.9 14 7 2 10 17% 3777 41069 10523 82%
c f  0.26 15 244 5 5 1193 6 7868 2936 1.9 14 7 2 10 17% 3781 41063 10525 82%
c B  0.26 15 238 5 5 1193 6 8035 3081 1.9 14 7 2 10 17% 3781 41063 10525 82%
c ]  0.29 15 221 6 5 1193 5 8785 3820 2.1 22 10 2 10 18% 3782 41063 10525 82%
c
c seconds   switched    rate       size/glue tier1  binary         remaining
c        MB  reductions  conflicts      size  tier2    irredundant
c          level  restarts    redundant   glue  trail         variables
c
c {  0.29 15 110 6 5 1193 31 8785 3820 1.7 7 4 2 4 8% 3782 41063 10525 82%
c -  0.30 15 102 6 6 1291 29 9388 3568 1.7 7 4 2 4 8% 3815 41059 10525 82%
c o  0.31 15 97 6 6 1430 27 10002 4115 1.7 7 4 2 4 8% 3837 41059 10525 82%
c -  0.34 15 86 6 7 1735 24 11837 5025 1.8 7 4 2 4 8% 3895 41054 10525 82%
c s  0.35 15 85 6 7 1860 22 12769 5837 1.8 7 4 2 4 8% 3952 40478 10525 82%
c e  0.37 18 85 6 7 1860 22 12769 5837 1.8 7 4 2 4 8% 2521 35172 6413 50%
c s  0.38 18 85 6 7 1860 22 12769 5837 1.8 7 4 2 4 8% 2537 34848 6413 50%
c e  0.38 18 85 6 7 1860 22 12769 5837 1.8 7 4 2 4 8% 2319 33543 6105 48%
c ^  0.38 18 85 6 7 1860 22 12769 5837 1.8 7 4 2 4 8% 2319 33543 6105 48%
c }  0.38 18 84 7 7 1879 22 12855 3502 1.8 7 4 2 4 8% 2321 33543 6105 48%
c [  0.38 18 221 7 7 1879 5 12855 3502 2.1 22 10 2 10 18% 2321 33543 6105 48%
c W  0.39 18 203 7 7 1879 5 13565 4145 2.2 24 11 2 10 21% 2329 33543 6105 48%
c -  0.41 18 193 7 8 1880 4 14482 4404 2.0 28 14 2 11 22% 2336 33542 6105 48%
c c  0.44 18 173 7 8 1881 4 16120 5946 2.1 32 16 2 11 23% 2346 33501 6097 47%
c d  0.44 18 173 7 8 1881 4 16120 5930 2.1 32 16 2 11 23% 2330 33501 6097 47%
c u  0.44 18 173 7 8 1881 4 16120 5293 2.1 32 16 2 11 23% 2334 33501 6097 47%
c v  0.45 18 173 7 8 1881 4 16120 5032 2.1 32 16 2 11 23% 2334 33501 6097 47%
c w  0.45 18 173 7 8 1881 4 16120 5015 2.1 32 16 2 11 23% 2334 33501 6097 47%
c x  0.46 18 173 7 8 1881 4 16120 5013 2.1 32 16 2 11 23% 2353 33329 6097 47%
c =  0.48 18 173 7 8 1881 4 16120 5013 2.1 32 16 2 11 23% 2357 33329 6095 47%
c
c seconds   switched   rate        size/glue  tier1     binary        remaining
c        MB  reductions  conflicts       size   tier2      irredundant
c          level  restarts    redundant     glue    trail        variables
c
c d  0.48 18 173 7 8 1881 4 16120 5008 2.1 32 16 2 11 23% 2353 33329 6095 47%
c t  0.48 18 173 7 8 1881 4 16120 5008 2.1 32 16 2 11 23% 2334 33329 6095 47%
c f  0.49 18 173 7 8 1881 4 16120 5008 2.1 32 16 2 11 23% 2352 33289 6105 48%
c -  0.51 18 162 7 9 1882 4 17312 4937 2.1 35 17 2 12 25% 2355 33289 6105 48%
c ]  0.53 18 153 8 9 1883 3 19210 6608 2.1 34 17 2 12 24% 2360 33289 6105 48%
c {  0.53 18 84 8 9 1883 22 19210 6608 1.8 7 4 2 4 8% 2360 33289 6105 48%
c o  0.55 18 83 8 9 2083 22 20002 7316 1.8 8 4 2 4 9% 2382 33289 6105 48%
c -  0.55 18 82 8 10 2118 22 20312 6072 1.8 8 4 1 4 9% 2401 33289 6105 48%
c -  0.61 18 77 8 11 2918 22 23474 7531 1.8 9 5 1 4 9% 2462 33289 6105 48%
c }  0.65 20 76 9 11 3402 22 25370 9258 1.8 10 5 1 4 10% 2493 33289 6105 48%
c [  0.65 20 153 9 11 3402 3 25370 9258 2.1 34 17 2 12 24% 2493 33289 6105 48%
c O  0.65 20 153 9 11 3402 3 25370 9258 2.1 34 17 2 12 24% 2493 33289 6105 48%
c s  0.66 20 151 9 11 3402 3 25715 9577 2.1 34 16 2 12 24% 2497 33243 6105 48%
c e  0.67 20 151 9 11 3402 3 25715 9577 2.1 34 16 2 12 24% 1958 33948 5744 45%
c s  0.67 20 151 9 11 3402 3 25715 9577 2.1 34 16 2 12 24% 2038 33532 5744 45%
c e  0.67 20 151 9 11 3402 3 25715 9577 2.1 34 16 2 12 24% 2021 33556 5737 45%
c ^  0.67 20 151 9 11 3402 3 25715 9577 2.1 34 16 2 12 24% 2021 33556 5737 45%
c -  0.69 20 146 9 12 3403 3 26790 6335 2.1 34 16 2 12 25% 2022 33556 5737 45%
c c  0.71 20 144 9 12 3404 3 27650 7145 2.1 35 16 2 12 24% 2032 33497 5731 45%
c d  0.71 20 144 9 12 3404 3 27650 7136 2.1 35 16 2 12 24% 2020 33497 5731 45%
c
c seconds   switched    rate        size/glue  tier1     binary        remaining
c        MB   reductions  conflicts       size   tier2      irredundant
c          level   restarts    redundant     glue    trail        variables
c
c u  0.71 20 144 9 12 3404 3 27650 6550 2.1 35 16 2 12 24% 2034 33497 5731 45%
c v  0.72 20 144 9 12 3404 3 27650 5739 2.1 35 16 2 12 24% 2039 33497 5731 45%
c w  0.72 20 144 9 12 3404 3 27650 5737 2.1 35 16 2 12 24% 2039 33497 5731 45%
c x  0.73 20 144 9 12 3404 3 27650 5731 2.1 35 16 2 12 24% 2046 33312 5731 45%
c =  0.76 20 144 9 12 3404 3 27650 5731 2.1 35 16 2 12 24% 2062 33309 5723 45%
c d  0.76 20 144 9 12 3404 3 27650 5707 2.1 35 16 2 12 24% 2025 33309 5716 44%
c t  0.76 20 144 9 12 3404 3 27650 5707 2.1 35 16 2 12 24% 2014 33309 5716 44%
c f  0.77 20 144 9 12 3404 3 27650 5707 2.1 35 16 2 12 24% 2084 33109 5754 45%
c c  0.77 20 144 9 12 3404 3 27650 5702 2.1 35 16 2 12 24% 2086 33099 5753 45%
c d  0.77 20 144 9 12 3404 3 27650 5702 2.1 35 16 2 12 24% 2084 33099 5753 45%
c u  0.78 20 144 9 12 3404 3 27650 5579 2.1 35 16 2 12 24% 2087 33099 5753 45%
c v  0.78 20 144 9 12 3404 3 27650 5349 2.1 35 16 2 12 24% 2088 33099 5753 45%
c w  0.79 20 144 9 12 3404 3 27650 5341 2.1 35 16 2 12 24% 2088 33099 5753 45%
c x  0.79 20 144 9 12 3404 3 27650 5338 2.1 35 16 2 12 24% 2094 32930 5753 45%
c =  0.82 20 144 9 12 3404 3 27650 5338 2.1 35 16 2 12 24% 2236 32930 5682 44%
c d  0.82 20 144 9 12 3404 3 27650 5276 2.1 35 16 2 12 24% 2070 32930 5682 44%
c t  0.82 20 144 9 12 3404 3 27650 5276 2.1 35 16 2 12 24% 2062 32930 5682 44%
c -  0.87 20 138 9 13 3405 3 30254 5928 2.1 38 18 2 12 25% 2070 32930 5682 44%
c -  0.93 20 131 9 14 3408 3 33861 6835 2.2 39 18 2 11 24% 2078 32930 5682 44%
c B  0.94 20 129 9 14 3408 3 35131 7974 2.2 39 17 2 11 24% 2085 32930 5682 44%
c
c seconds    switched    rate        size/glue  tier1     binary        remaining
c        MB    reductions  conflicts       size   tier2      irredundant
c          level    restarts    redundant     glue    trail        variables
c
c ]  0.95 20 128 10 14 3408 3 35645 8458 2.2 38 17 2 11 24% 2089 32930 5682 44%
c {  0.95 20 76 10 14 3408 22 35645 8458 1.8 10 5 1 4 10% 2089 32930 5682 44%
c -  0.98 21 76 10 15 3768 21 37603 8235 1.8 10 5 1 3 10% 2111 32930 5682 44%
c o  1.02 21 75 10 15 4251 21 40019 10435 1.8 10 6 1 3 10% 2128 32930 5682 44%
c -  1.05 21 75 10 16 4608 21 41475 10002 1.8 10 6 1 3 10% 2134 32930 5682 44%
c u  1.07 21 74 10 16 4828 20 42511 10246 1.8 11 6 1 3 10% 2140 32930 5682 44%
c v  1.08 21 74 10 16 4828 20 42511 9672 1.8 11 6 1 3 10% 2140 32930 5682 44%
c w  1.08 21 74 10 16 4828 20 42511 9637 1.8 11 6 1 3 10% 2140 32930 5682 44%
c x  1.09 21 74 10 16 4828 20 42511 9636 1.8 11 6 1 3 10% 2175 32533 5682 44%
c =  1.12 21 74 10 16 4828 20 42511 9636 1.8 11 6 1 3 10% 2379 32533 5580 43%
c d  1.13 21 74 10 16 4828 20 42511 9636 1.8 11 6 1 3 10% 2175 32533 5580 43%
c t  1.13 21 74 10 16 4828 20 42511 9636 1.8 11 6 1 3 10% 2169 32533 5580 43%
c f  1.13 21 74 10 16 4828 20 42511 9636 1.8 11 6 1 3 10% 2173 32515 5582 43%
c u  1.14 21 74 10 16 4828 20 42511 9500 1.8 11 6 1 3 10% 2174 32515 5582 43%
c v  1.15 21 74 10 16 4828 20 42511 9027 1.8 11 6 1 3 10% 2176 32515 5582 43%
c w  1.15 21 74 10 16 4828 20 42511 8997 1.8 11 6 1 3 10% 2176 32515 5582 43%
c x  1.16 21 74 10 16 4828 20 42511 8997 1.8 11 6 1 3 10% 2181 32161 5582 43%
c =  1.19 21 74 10 16 4828 20 42511 8997 1.8 11 6 1 3 10% 2687 32161 5329 41%
c d  1.19 21 74 10 16 4828 20 42511 8992 1.8 11 6 1 3 10% 2174 32161 5329 41%
c t  1.19 21 74 10 16 4828 20 42511 8992 1.8 11 6 1 3 10% 2170 32161 5329 41%
c
c seconds   switched     rate         size/glue tier1    binary        remaining
c        MB   reductions   conflicts        size  tier2     irredundant
c         level    restarts      redundant    glue   trail        variables
c
c }  1.23 21 74 11 16 5136 20 44272 10642 1.8 11 6 1 3 11% 2184 32161 5329 41%
c [  1.23 21 128 11 16 5136 3 44272 10642 2.2 38 17 2 11 24% 2184 32161 5329 41%
c -  1.25 21 126 11 17 5137 3 45476 9742 2.2 39 17 2 11 25% 2186 32161 5329 41%
c W  1.28 21 124 11 17 5138 3 47355 11557 2.3 40 18 2 11 25% 2188 32161 5329 41%
c -  1.32 21 122 11 18 5140 2 49599 10434 2.2 42 19 2 11 25% 2190 32161 5329 41%
c ]  1.33 21 122 11 18 5140 2 50000 10826 2.2 42 19 2 11 25% 2191 32161 5329 41%
c ?  1.33 21 74 11 18 5140 20 50000 10826 1.8 11 6 1 3 11% 2191 32161 5329 41%
c
c ---- [ result ] ------------------------------------------------------------
c
s UNKNOWN
c
c ---- [ profiling ] ---------------------------------------------------------
c
c           0.78   58.75 %  search
c           0.50   37.96 %  simplify
c           0.48   36.28 %  probe
c           0.40   30.33 %  stable
c           0.38   28.42 %  focused
c           0.21   15.47 %  sweep
c           0.14   10.20 %  vivify
c           0.06    4.80 %  congruence
c           0.05    3.71 %  eliminate
c           0.04    3.03 %  factor
c           0.04    2.88 %  preprocess
c           0.03    2.10 %  substitute
c           0.02    1.20 %  reduce
c           0.01    0.77 %  walking
c           0.01    0.73 %  subsume
c           0.01    0.41 %  transitive
c           0.00    0.31 %  parse
c           0.00    0.25 %  backbone
c           0.00    0.08 %  lucky
c =============================================
c           1.33  100.00 %  total
c
c ---- [ statistics ] --------------------------------------------------------
c
c chronological:                          410                1 %  conflicts
c conflicts:                            50000            37660.13 per second
c congruent:                             1646               13 %  variables
c decisions:                           515815               10.32 per conflict
c eliminated:                            4788               37 %  variables
c factored:                               242                2 %  variables
c propagations:                      11911151          8971510    per second
c reductions:                              18             2778    interval
c reordered:                                3            16667    interval
c rephased:                                 8             6250    interval
c restarts:                              5140               10    interval
c strengthened:                           615                0 %  checks
c substituted:                           2021               16 %  variables
c subsumed:                              1264                0 %  checks
c switched:                                11             4545    interval
c vivified:                             12950               12 %  checks
c walks:                                    3            16667    interval
c
c ---- [ glue usage ] --------------------------------------------------------
c
c focused glue 1 used 43568 clauses 62.48% accumulated 62.48% tier1
c focused glue 2 used 14651 clauses 21.01% accumulated 83.49%
c focused glue 3 used  4615 clauses  6.62% accumulated 90.11% tier2
c
c stable glue 2   used 32628 clauses 18.88% accumulated 66.61% tier1
c stable glue 3   used 14355 clauses  8.31% accumulated 74.92%
c stable glue 4-9 used 23078 clauses 13.35% accumulated 88.27%
c stable glue 10  used  1665 clauses  0.96% accumulated 89.23%
c stable glue 11  used  1459 clauses  0.84% accumulated 90.08% tier2
c
c ---- [ resources ] ---------------------------------------------------------
c
c maximum-resident-set-size:      22515023872 bytes      21472 MB
c process-time:                             1s               1.33 seconds
c
c ---- [ shutting down ] -----------------------------------------------------
c
c exit 0
