c ---- [ banner ] ------------------------------------------------------------
c
c Kissat SAT Solver
c 
c Copyright (c) 2021-2024 Armin Biere University of Freiburg
c Copyright (c) 2019-2021 Armin Biere Johannes Kepler University Linz
c 
c Version 4.0.4 unknown
c Apple clang version 17.0.0 (clang-1700.3.19.1) -W -Wall -O3 -DNDEBUG
c Thu Oct 16 20:09:41 UTC 2025 Darwin Tahoe-arm64.local 25.0.0 arm64
c
c ---- [ parsing ] -----------------------------------------------------------
c
c opened and reading DIMACS file:
c
c   cnfs_n32/sr61_n32_bit19_m51ca0b34_fill55555555_enf0.cnf
c
c parsed 'p cnf 11237 46978' header
c closing input after reading 848854 bytes (829 KB)
c finished parsing after 0.00 seconds
c
c ---- [ options ] -----------------------------------------------------------
c
c --seed=23                        (different from default '0')
c
c ---- [ limits ] ------------------------------------------------------------
c
c conflict limit set to 50000 conflicts
c
c ---- [ solving ] -----------------------------------------------------------
c
c seconds switched rate     size/glue tier1  binary         remaining
c        MB reductions conflicts size  tier2    irredundant
c         level restarts redundant glue  trail         variables
c
c *  0.00  8 0 0 0  0 0   0   0 0.0 0 0 0 0 0% 3698 43215 11236 100%
c (  0.00  8 0 0 0  0 0   0   0 0.0 0 0 0 0 0% 3698 43215 11236 100%
c .  0.01  8 0 0 0  0 0   0   0 0.0 0 0 0 0 0% 3698 43215 11236 100%
c c  0.02 13 0 0 0  0 0   0   0 0.0 0 0 0 0 0% 4742 41351 10488 93%
c d  0.02 13 0 0 0  0 0   0   0 0.0 0 0 0 0 0% 3246 41351 10488 93%
c =  0.04 13 0 0 0  0 0   0   0 0.0 0 0 0 0 0% 3204 41351 10477 93%
c d  0.04 13 0 0 0  0 0   0   0 0.0 0 0 0 0 0% 3182 41351 10477 93%
c f  0.05 13 0 0 0  0 0   0   0 0.0 0 0 0 0 0% 3309 41089 10543 94%
c )  0.05 13 0 0 0  0 0   0   0 0.0 0 0 0 0 0% 3309 41089 10543 94%
c {  0.05 13 0 0 0  0 0   0   0 0.0 0 0 2 6 0% 3309 41089 10543 94%
c -  0.05 13 163 0 1 230 43 1001 689 1.5 5 3 2 6 8% 3440 41089 10543 94%
c }  0.05 13 163 1 1 230 43 1001 689 1.5 5 3 2 6 8% 3440 41089 10543 94%
c [  0.05 13 0 1 1 230 0 1001 689 0.0 0 0 2 6 0% 3440 41089 10543 94%
c B  0.05 13 0 1 1 230 0 1001 689 0.0 0 0 2 6 0% 3440 41089 10543 94%
c ]  0.07 14 332 2 1 230 4 1824 1457 2.3 48 21 2 22 27% 3458 41089 10543 94%
c {  0.07 14 163 2 1 230 43 1824 1457 1.5 5 3 2 6 8% 3458 41089 10543 94%
c -  0.07 14 164 2 2 285 43 2001 1488 1.6 5 3 2 5 9% 3470 41089 10543 94%
c c  0.09 14 164 2 2 458 47 2556 1954 1.5 5 3 2 6 9% 3544 40938 10503 93%
c d  0.09 14 164 2 2 458 47 2556 1919 1.5 5 3 2 6 9% 3459 40938 10500 93%
c u  0.09 14 164 2 2 458 47 2556 1492 1.5 5 3 2 6 9% 3452 40938 10500 93%
c
c seconds   switched   rate       size/glue tier1  binary         remaining
c        MB  reductions conflicts      size  tier2    irredundant
c          level restarts    redundant   glue  trail         variables
c
c v  0.09 14 164 2 2 458 47 2556 1332 1.5 5 3 2 6 9% 3453 40938 10500 93%
c w  0.10 14 164 2 2 458 47 2556 1261 1.5 5 3 2 6 9% 3453 40938 10500 93%
c x  0.10 14 164 2 2 458 47 2556 1261 1.5 5 3 2 6 9% 3453 40808 10500 93%
c =  0.12 14 164 2 2 458 47 2556 1261 1.5 5 3 2 6 9% 3633 40808 10410 93%
c d  0.12 14 164 2 2 458 47 2556 1251 1.5 5 3 2 6 9% 3447 40808 10407 93%
c t  0.12 14 164 2 2 458 47 2556 1251 1.5 5 3 2 6 9% 3443 40808 10407 93%
c c  0.13 14 164 2 2 458 47 2556 1251 1.5 5 3 2 6 9% 3447 40800 10405 93%
c d  0.13 14 164 2 2 458 47 2556 1251 1.5 5 3 2 6 9% 3443 40800 10405 93%
c u  0.13 14 164 2 2 458 47 2556 1211 1.5 5 3 2 6 9% 3443 40800 10405 93%
c v  0.13 14 164 2 2 458 47 2556 1168 1.5 5 3 2 6 9% 3443 40800 10405 93%
c w  0.14 14 164 2 2 458 47 2556 1129 1.5 5 3 2 6 9% 3443 40800 10405 93%
c x  0.14 14 164 2 2 458 47 2556 1129 1.5 5 3 2 6 9% 3443 40368 10405 93%
c =  0.16 14 164 2 2 458 47 2556 1129 1.5 5 3 2 6 9% 3453 40368 10400 93%
c d  0.16 14 164 2 2 458 47 2556 1125 1.5 5 3 2 6 9% 3442 40368 10400 93%
c }  0.17 14 163 3 2 530 48 2824 1340 1.5 6 4 2 6 9% 3450 40368 10400 93%
c [  0.17 14 332 3 2 530 4 2824 1340 2.3 48 21 2 22 27% 3450 40368 10400 93%
c W  0.17 14 332 3 2 530 4 2824 1340 2.3 48 21 2 22 27% 3450 40368 10400 93%
c ]  0.19 14 291 4 2 530 4 3407 1894 2.6 54 21 2 22 34% 3453 40368 10400 93%
c {  0.19 14 163 4 2 530 48 3407 1894 1.5 6 4 2 6 9% 3453 40368 10400 93%
c -  0.19 14 165 4 3 532 48 3415 1693 1.6 6 4 2 6 9% 3454 40368 10400 93%
c
c seconds   switched    rate       size/glue tier1    binary         remaining
c        MB  reductions  conflicts       size  tier2     irredundant
c          level  restarts    redundant    glue   trail         variables
c
c -  0.24 14 145 4 4 1124 47 5147 2947 1.9 11 6 2 6 11% 3568 40368 10400 93%
c }  0.26 14 142 5 4 1272 45 5760 3506 2.0 14 7 2 6 12% 3590 40368 10400 93%
c [  0.26 14 291 5 4 1272 4 5760 3506 2.6 54 21 2 22 34% 3590 40368 10400 93%
c I  0.26 14 291 5 4 1272 4 5760 3506 2.6 54 21 2 22 34% 3590 40368 10400 93%
c ]  0.35 17 218 6 4 1273 3 7087 4760 2.7 87 32 2 22 35% 3598 40368 10400 93%
c {  0.35 17 142 6 4 1273 45 7087 4760 2.0 14 7 2 6 12% 3598 40368 10400 93%
c -  0.35 17 142 6 5 1287 45 7147 4069 2.0 14 7 2 5 12% 3604 40368 10400 93%
c d  0.37 17 143 6 5 1371 41 7877 4715 2.0 14 7 2 5 12% 3641 40368 10398 93%
c u  0.38 17 143 6 5 1371 41 7877 4073 2.0 14 7 2 5 12% 3646 40368 10398 93%
c v  0.38 17 143 6 5 1371 41 7877 3763 2.0 14 7 2 5 12% 3648 40368 10398 93%
c w  0.39 17 143 6 5 1371 41 7877 3681 2.0 14 7 2 5 12% 3648 40368 10398 93%
c x  0.39 19 143 6 5 1371 41 7877 3681 2.0 14 7 2 5 12% 3648 40145 10398 93%
c =  0.42 19 143 6 5 1371 41 7877 3681 2.0 14 7 2 5 12% 3766 40145 10339 92%
c d  0.42 19 143 6 5 1371 41 7877 3647 2.0 14 7 2 5 12% 3639 40145 10338 92%
c t  0.43 19 143 6 5 1371 41 7877 3647 2.0 14 7 2 5 12% 3602 40145 10338 92%
c f  0.43 19 143 6 5 1371 41 7877 3647 2.0 14 7 2 5 12% 3609 40131 10342 92%
c c  0.44 19 143 6 5 1371 41 7877 3639 2.0 14 7 2 5 12% 3614 40119 10339 92%
c d  0.44 19 143 6 5 1371 41 7877 3639 2.0 14 7 2 5 12% 3608 40119 10339 92%
c u  0.44 19 143 6 5 1371 41 7877 3561 2.0 14 7 2 5 12% 3608 40119 10339 92%
c v  0.44 19 143 6 5 1371 41 7877 3496 2.0 14 7 2 5 12% 3608 40119 10339 92%
c
c seconds   switched    rate       size/glue tier1    binary         remaining
c        MB  reductions  conflicts       size  tier2     irredundant
c          level  restarts    redundant    glue   trail         variables
c
c w  0.45 19 143 6 5 1371 41 7877 3195 2.0 14 7 2 5 12% 3608 40119 10339 92%
c x  0.46 19 143 6 5 1371 41 7877 3195 2.0 14 7 2 5 12% 3608 39951 10339 92%
c =  0.49 19 143 6 5 1371 41 7877 3195 2.0 14 7 2 5 12% 3652 39951 10317 92%
c d  0.49 19 143 6 5 1371 41 7877 3174 2.0 14 7 2 5 12% 3606 39951 10317 92%
c f  0.49 19 143 6 5 1371 41 7877 3174 2.0 14 7 2 5 12% 3610 39945 10319 92%
c -  0.52 19 138 6 6 1515 36 9384 3997 2.0 14 7 2 5 13% 3675 39945 10319 92%
c o  0.54 19 136 6 6 1608 35 10007 4570 2.0 15 7 2 5 13% 3705 39945 10319 92%
c }  0.57 19 135 7 6 1746 33 11158 5628 2.0 15 7 2 5 13% 3743 39945 10319 92%
c [  0.57 19 218 7 6 1746 3 11158 5628 2.7 87 32 2 22 35% 3743 39945 10319 92%
c B  0.57 19 218 7 6 1746 3 11158 5628 2.7 87 32 2 22 35% 3743 39945 10319 92%
c -  0.64 19 202 7 7 1746 3 11833 5152 2.9 107 37 1 10 37% 3744 39945 10319 92%
c ]  0.68 19 196 8 7 1746 3 12183 5499 3.0 115 38 1 10 39% 3744 39945 10319 92%
c {  0.68 19 135 8 7 1746 33 12183 5499 2.0 15 7 2 5 13% 3744 39945 10319 92%
c s  0.70 19 134 8 7 1891 33 12779 6051 2.0 16 8 2 5 13% 3759 39775 10319 92%
c e  0.73 20 134 8 7 1891 33 12779 6051 2.0 16 8 2 5 13% 1943 38098 6542 58%
c s  0.73 20 134 8 7 1891 33 12779 6051 2.0 16 8 2 5 13% 1948 37877 6542 58%
c e  0.73 20 134 8 7 1891 33 12779 6051 2.0 16 8 2 5 13% 1935 37882 6522 58%
c ^  0.73 20 134 8 7 1891 33 12779 6051 2.0 16 8 2 5 13% 1935 37882 6522 58%
c -  0.80 20 133 8 8 2311 33 14478 3660 2.0 18 9 1 5 14% 1958 37882 6522 58%
c u  0.84 20 132 8 8 2634 33 16143 4966 2.0 19 9 1 5 14% 1979 37881 6522 58%
c
c seconds   switched    rate        size/glue tier1    binary        remaining
c        MB  reductions   conflicts       size  tier2     irredundant
c          level  restarts     redundant    glue   trail        variables
c
c v  0.85 20 132 8 8 2634 33 16143 4140 2.0 19 9 1 5 14% 1981 37881 6522 58%
c w  0.86 20 132 8 8 2634 33 16143 4089 2.0 19 9 1 5 14% 1981 37881 6522 58%
c x  0.87 20 132 8 8 2634 33 16143 4089 2.0 19 9 1 5 14% 1982 37736 6522 58%
c =  0.91 20 132 8 8 2634 33 16143 4089 2.0 19 9 1 5 14% 2108 37736 6459 57%
c d  0.92 20 132 8 8 2634 33 16143 4056 2.0 19 9 1 5 14% 1981 37736 6459 57%
c t  0.92 20 132 8 8 2634 33 16143 4056 2.0 19 9 1 5 14% 1965 37736 6459 57%
c f  0.93 20 132 8 8 2634 33 16143 4056 2.0 19 9 1 5 14% 2012 37638 6482 58%
c u  0.93 20 132 8 8 2634 33 16143 3998 2.0 19 9 1 5 14% 2012 37638 6482 58%
c v  0.93 20 132 8 8 2634 33 16143 3851 2.0 19 9 1 5 14% 2012 37638 6482 58%
c w  0.95 20 132 8 8 2634 33 16143 3564 2.0 19 9 1 5 14% 2012 37638 6482 58%
c =  1.00 20 132 8 8 2634 33 16143 3564 2.0 19 9 1 5 14% 2544 37560 6216 55%
c d  1.00 20 132 8 8 2634 33 16143 3469 2.0 19 9 1 5 14% 1989 37560 6216 55%
c t  1.00 20 132 8 8 2634 33 16143 3469 2.0 19 9 1 5 14% 1984 37560 6216 55%
c f  1.01 20 132 8 8 2634 33 16143 3469 2.0 19 9 1 5 14% 1987 37552 6218 55%
c -  1.05 20 133 8 9 2890 33 17307 3907 2.0 20 10 1 5 15% 2003 37552 6218 55%
c }  1.07 20 134 9 9 3021 32 18344 4885 2.0 20 10 1 5 15% 2014 37552 6218 55%
c [  1.07 20 196 9 9 3021 3 18344 4885 3.0 115 38 1 10 39% 2014 37552 6218 55%
c W  1.07 20 196 9 9 3021 3 18344 4885 3.0 115 38 1 10 39% 2014 37552 6218 55%
c -  1.25 20 177 9 10 3022 2 20307 5179 2.6 127 48 1 9 41% 2014 37552 6218 55%
c ]  1.29 20 172 10 10 3023 2 21032 5877 2.6 123 48 1 9 39% 2014 37552 6218 55%
c
c seconds    switched     rate        size/glue  tier1    binary        remaining
c        MB    reductions   conflicts       size   tier2     irredundant
c          level    restarts     redundant     glue   trail        variables
c
c {  1.29 20 134 10 10 3023 32 21032 5877 2.0 20 10 1 5 15% 2014 37552 6218 55%
c o  1.29 20 134 10 10 3027 32 21047 5890 2.0 20 10 1 5 15% 2014 37552 6218 55%
c -  1.34 20 135 10 11 3352 30 23469 6291 2.0 20 10 1 5 16% 2050 37552 6218 55%
c s  1.41 20 135 10 11 3721 30 25638 8358 2.1 21 10 1 5 16% 2069 35545 6218 55%
c e  1.42 20 135 10 11 3721 30 25638 8358 2.1 21 10 1 5 16% 1768 34404 5808 52%
c 2  1.42 20 135 10 11 3721 30 25638 8358 2.1 21 10 1 5 16% 1767 34404 5808 52%
c s  1.42 20 135 10 11 3721 30 25638 8358 2.1 21 10 1 5 16% 1782 34248 5808 52%
c e  1.42 20 135 10 11 3721 30 25638 8358 2.1 21 10 1 5 16% 1706 34342 5782 51%
c ^  1.42 20 135 10 11 3721 30 25638 8358 2.1 21 10 1 5 16% 1706 34342 5782 51%
c -  1.46 20 137 10 12 3925 30 26785 7136 2.1 22 11 1 5 17% 1711 34342 5782 51%
c c  1.50 20 137 10 12 4072 30 27594 7906 2.1 22 11 1 5 17% 1723 34316 5779 51%
c d  1.50 20 137 10 12 4072 30 27594 7895 2.1 22 11 1 5 17% 1717 34316 5779 51%
c u  1.50 20 137 10 12 4072 30 27594 7394 2.1 22 11 1 5 17% 1717 34316 5779 51%
c v  1.51 20 137 10 12 4072 30 27594 6167 2.1 22 11 1 5 17% 1717 34316 5779 51%
c w  1.53 20 137 10 12 4072 30 27594 5728 2.1 22 11 1 5 17% 1717 34316 5779 51%
c x  1.54 20 137 10 12 4072 30 27594 5728 2.1 22 11 1 5 17% 1719 34116 5779 51%
c =  1.60 20 137 10 12 4072 30 27594 5728 2.1 22 11 1 5 17% 2107 34104 5585 50%
c d  1.60 20 137 10 12 4072 30 27594 5682 2.1 22 11 1 5 17% 1718 34104 5585 50%
c t  1.60 20 137 10 12 4072 30 27594 5682 2.1 22 11 1 5 17% 1685 34104 5585 50%
c f  1.61 20 137 10 12 4072 30 27594 5682 2.1 22 11 1 5 17% 1735 33966 5614 50%
c
c seconds    switched     rate        size/glue  tier1    binary        remaining
c        MB    reductions   conflicts       size   tier2     irredundant
c          level    restarts     redundant     glue   trail        variables
c
c u  1.61 20 137 10 12 4072 30 27594 5541 2.1 22 11 1 5 17% 1735 33966 5614 50%
c v  1.62 20 137 10 12 4072 30 27594 5246 2.1 22 11 1 5 17% 1735 33966 5614 50%
c w  1.63 20 137 10 12 4072 30 27594 5067 2.1 22 11 1 5 17% 1735 33966 5614 50%
c =  1.69 20 137 10 12 4072 30 27594 5067 2.1 22 11 1 5 17% 2609 33966 5177 46%
c d  1.69 20 137 10 12 4072 30 27594 5063 2.1 22 11 1 5 17% 1735 33966 5177 46%
c t  1.69 20 137 10 12 4072 30 27594 5063 2.1 22 11 1 5 17% 1691 33966 5177 46%
c f  1.70 20 137 10 12 4072 30 27594 5063 2.1 22 11 1 5 17% 1695 33951 5180 46%
c }  1.72 20 135 11 12 4103 27 29659 6929 2.1 22 11 1 5 18% 1710 33951 5180 46%
c [  1.72 20 172 11 12 4103 2 29659 6929 2.6 123 48 1 9 39% 1710 33951 5180 46%
c O  1.72 20 172 11 12 4103 2 29659 6929 2.6 123 48 1 9 39% 1710 33951 5180 46%
c -  1.74 20 169 11 13 4103 2 30249 6165 2.5 116 46 1 10 38% 1714 33951 5180 46%
c -  1.77 20 148 11 14 4105 2 33857 7394 2.5 87 35 1 11 36% 1722 33951 5180 46%
c -  1.82 20 143 11 15 4108 2 37598 8184 2.4 71 29 2 12 34% 1745 33951 5180 46%
c B  1.83 20 140 11 15 4109 2 39420 9851 2.4 66 27 2 12 34% 1747 33951 5180 46%
c -  1.85 20 138 11 16 4109 2 41470 9022 2.4 63 26 2 12 32% 1748 33951 5180 46%
c u  1.86 21 137 11 16 4109 2 42439 9366 2.4 61 26 2 12 32% 1749 33951 5180 46%
c v  1.87 21 137 11 16 4109 2 42439 8705 2.4 61 26 2 12 32% 1751 33951 5180 46%
c w  1.87 21 137 11 16 4109 2 42439 8688 2.4 61 26 2 12 32% 1751 33951 5180 46%
c t  1.89 21 137 11 16 4109 2 42439 8688 2.4 61 26 2 12 32% 1746 33951 5180 46%
c o  1.90 21 137 11 16 4109 2 42439 8688 2.4 61 26 2 12 32% 1746 33951 5180 46%
c
c seconds    switched    rate        size/glue  tier1     binary        remaining
c        MB    reductions  conflicts       size   tier2      irredundant
c          level    restarts    redundant     glue    trail        variables
c
c -  1.93 21 136 11 17 4112 2 45471 8633 2.3 56 24 2 12 32% 1752 33951 5180 46%
c -  1.97 21 135 11 18 4115 2 49594 9083 2.3 53 23 2 13 33% 1757 33951 5180 46%
c ]  1.97 21 136 11 18 4115 2 50001 9385 2.3 53 23 2 13 33% 1757 33951 5180 46%
c ?  1.97 21 135 11 18 4115 27 50001 9385 2.1 22 11 1 5 18% 1757 33951 5180 46%
c
c ---- [ result ] ------------------------------------------------------------
c
s UNKNOWN
c
c ---- [ profiling ] ---------------------------------------------------------
c
c           1.25   63.42 %  search
c           0.68   34.24 %  simplify
c           0.67   33.87 %  stable
c           0.66   33.29 %  probe
c           0.58   29.55 %  focused
c           0.34   17.12 %  sweep
c           0.19    9.64 %  vivify
c           0.05    2.62 %  eliminate
c           0.05    2.37 %  factor
c           0.04    2.24 %  congruence
c           0.04    2.07 %  preprocess
c           0.03    1.48 %  substitute
c           0.02    0.87 %  reduce
c           0.01    0.51 %  subsume
c           0.01    0.35 %  walking
c           0.01    0.28 %  transitive
c           0.00    0.19 %  parse
c           0.00    0.16 %  backbone
c           0.00    0.06 %  lucky
c =============================================
c           1.97  100.00 %  total
c
c ---- [ statistics ] --------------------------------------------------------
c
c chronological:                          445                1 %  conflicts
c conflicts:                            50001            25298.99 per second
c congruent:                              796                7 %  variables
c decisions:                           676935               13.54 per conflict
c eliminated:                            4233               38 %  variables
c factored:                               129                1 %  variables
c propagations:                      19231468          9730540    per second
c reductions:                              18             2778    interval
c reordered:                                3            16667    interval
c rephased:                                 7             7143    interval
c restarts:                              4115               12    interval
c strengthened:                           297                0 %  checks
c substituted:                           1952               17 %  variables
c subsumed:                              2534                0 %  checks
c switched:                                11             4546    interval
c vivified:                             13335               10 %  checks
c walks:                                    2            25000    interval
c
c ---- [ glue usage ] --------------------------------------------------------
c
c focused glue 1   used 32291 clauses 53.71% accumulated 53.71% tier1
c focused glue 2   used 14325 clauses 23.83% accumulated 77.54%
c focused glue 3-4 used  6036 clauses 10.04% accumulated 87.58%
c focused glue 5   used  1344 clauses  2.24% accumulated 89.81%
c focused glue 6   used   981 clauses  1.63% accumulated 91.45% tier2
c
c stable glue 2    used 30497 clauses 18.28% accumulated 62.91% tier1
c stable glue 3    used 11388 clauses  6.83% accumulated 69.74%
c stable glue 4-11 used 31932 clauses 19.14% accumulated 88.88%
c stable glue 12   used  1702 clauses  1.02% accumulated 89.90%
c stable glue 13   used  1376 clauses  0.82% accumulated 90.72% tier2
c
c ---- [ resources ] ---------------------------------------------------------
c
c maximum-resident-set-size:      22364028928 bytes      21328 MB
c process-time:                             2s               1.97 seconds
c
c ---- [ shutting down ] -----------------------------------------------------
c
c exit 0
