c ---- [ banner ] ------------------------------------------------------------
c
c Kissat SAT Solver
c 
c Copyright (c) 2021-2024 Armin Biere University of Freiburg
c Copyright (c) 2019-2021 Armin Biere Johannes Kepler University Linz
c 
c Version 4.0.4 unknown
c Apple clang version 17.0.0 (clang-1700.3.19.1) -W -Wall -O3 -DNDEBUG
c Thu Oct 16 20:09:41 UTC 2025 Darwin Tahoe-arm64.local 25.0.0 arm64
c
c ---- [ parsing ] -----------------------------------------------------------
c
c opened and reading DIMACS file:
c
c   headline_hunt/bets/cascade_aux_encoding/cnfs/aux_force_sr61_n32_bit13_m4d9f691c_fill55555555.cnf
c
c parsed 'p cnf 12872 53915' header
c closing input after reading 980899 bytes (958 KB)
c finished parsing after 0.00 seconds
c
c ---- [ options ] -----------------------------------------------------------
c
c --seed=13                        (different from default '0')
c
c ---- [ limits ] ------------------------------------------------------------
c
c conflict limit set to 50000 conflicts
c
c ---- [ solving ] -----------------------------------------------------------
c
c seconds switched rate     size/glue tier1  binary         remaining
c        MB reductions conflicts size  tier2    irredundant
c         level restarts redundant glue  trail         variables
c
c *  0.00  9 0 0 0  0 0   0   0 0.0 0 0 0 0 0% 3160 50242 12391 96%
c (  0.00  9 0 0 0  0 0   0   0 0.0 0 0 0 0 0% 3160 50242 12391 96%
c .  0.01  9 0 0 0  0 0   0   0 0.0 0 0 0 0 0% 4056 48322 12391 96%
c c  0.02 14 0 0 0  0 0   0   0 0.0 0 0 0 0 0% 5850 42457 10588 82%
c d  0.02 14 0 0 0  0 0   0   0 0.0 0 0 0 0 0% 3160 42457 10588 82%
c =  0.03 14 0 0 0  0 0   0   0 0.0 0 0 0 0 0% 3022 42457 10584 82%
c d  0.04 14 0 0 0  0 0   0   0 0.0 0 0 0 0 0% 3014 42457 10584 82%
c f  0.05 14 0 0 0  0 0   0   0 0.0 0 0 0 0 0% 3345 41886 10762 84%
c )  0.05 14 0 0 0  0 0   0   0 0.0 0 0 0 0 0% 3345 41886 10762 84%
c {  0.05 14 0 0 0  0 0   0   0 0.0 0 0 2 6 0% 3345 41886 10762 84%
c -  0.06 14 258 0 1 206 61 1003 769 1.6 4 3 2 4 10% 3423 41884 10762 84%
c }  0.06 14 258 1 1 206 61 1003 769 1.6 4 3 2 4 10% 3423 41884 10762 84%
c [  0.06 14 0 1 1 206 0 1003 769 0.0 0 0 2 6 0% 3423 41884 10762 84%
c B  0.06 14 0 1 1 206 0 1003 769 0.0 0 0 2 6 0% 3423 41884 10762 84%
c -  0.06 14 442 1 2 206 2 2004 1405 1.3 15 12 5 14 6% 3440 41884 10762 84%
c W  0.07 14 442 1 2 206 2 2004 1405 1.3 15 12 5 14 6% 3440 41884 10762 84%
c c  0.08 14 467 1 2 207 4 2554 1877 1.4 14 10 4 14 10% 3462 41806 10740 83%
c d  0.08 14 467 1 2 207 4 2554 1781 1.4 14 10 4 14 10% 3403 41806 10732 83%
c u  0.08 14 467 1 2 207 4 2554 1508 1.4 14 10 4 14 10% 3405 41806 10732 83%
c v  0.08 14 467 1 2 207 4 2554 1428 1.4 14 10 4 14 10% 3405 41806 10732 83%
c
c seconds   switched  rate       size/glue  tier1     binary         remaining
c        MB  reductions conflicts      size   tier2      irredundant
c          level restarts   redundant     glue    trail         variables
c
c w  0.08 14 467 1 2 207 4 2554 1193 1.4 14 10 4 14 10% 3405 41806 10732 83%
c x  0.09 14 467 1 2 207 4 2554 1193 1.4 14 10 4 14 10% 3405 41738 10732 83%
c =  0.10 14 467 1 2 207 4 2554 1193 1.4 14 10 4 14 10% 3415 41738 10727 83%
c d  0.10 14 467 1 2 207 4 2554 1191 1.4 14 10 4 14 10% 3403 41738 10726 83%
c c  0.11 14 467 1 2 207 4 2554 1191 1.4 14 10 4 14 10% 3412 41718 10721 83%
c d  0.12 14 467 1 2 207 4 2554 1188 1.4 14 10 4 14 10% 3402 41718 10721 83%
c u  0.12 14 467 1 2 207 4 2554 1162 1.4 14 10 4 14 10% 3402 41718 10721 83%
c v  0.12 14 467 1 2 207 4 2554 1144 1.4 14 10 4 14 10% 3402 41718 10721 83%
c w  0.12 14 467 1 2 207 4 2554 998 1.4 14 10 4 14 10% 3402 41718 10721 83%
c =  0.13 14 467 1 2 207 4 2554 998 1.4 14 10 4 14 10% 3484 41718 10680 83%
c d  0.13 14 467 1 2 207 4 2554 954 1.4 14 10 4 14 10% 3396 41718 10680 83%
c -  0.14 14 414 1 3 208 4 3420 1533 1.4 13 9 3 13 14% 3404 41718 10680 83%
c ]  0.15 14 375 2 3 208 4 3891 1916 1.5 13 9 3 13 15% 3445 41718 10680 83%
c {  0.15 14 258 2 3 208 61 3891 1916 1.6 4 3 2 4 10% 3445 41718 10680 83%
c }  0.16 15 177 3 3 505 47 4892 2702 1.6 5 3 2 4 9% 3562 41704 10680 83%
c [  0.16 15 375 3 3 505 4 4892 2702 1.5 13 9 3 13 15% 3562 41704 10680 83%
c I  0.16 15 375 3 3 505 4 4892 2702 1.5 13 9 3 13 15% 3562 41704 10680 83%
c -  0.16 15 356 3 4 505 5 5154 2742 1.5 12 8 2 12 14% 3569 41704 10680 83%
c ]  0.17 15 327 4 4 505 4 5584 3115 1.8 16 9 2 12 15% 3576 41704 10680 83%
c {  0.17 15 177 4 4 505 47 5584 3115 1.6 5 3 2 4 9% 3576 41704 10680 83%
c
c seconds   switched    rate       size/glue tier1  binary         remaining
c        MB  reductions  conflicts      size  tier2    irredundant
c          level  restarts    redundant   glue  trail         variables
c
c -  0.20 15 128 4 5 1041 38 7154 3795 1.7 6 4 2 5 9% 3753 41674 10680 83%
c d  0.21 15 119 4 5 1156 35 7870 4183 1.7 6 4 2 5 9% 3741 41670 10645 83%
c u  0.21 15 119 4 5 1156 35 7870 3494 1.7 6 4 2 5 9% 3768 41670 10645 83%
c v  0.21 15 119 4 5 1156 35 7870 3082 1.7 6 4 2 5 9% 3774 41670 10645 83%
c w  0.22 15 119 4 5 1156 35 7870 3016 1.7 6 4 2 5 9% 3775 41670 10645 83%
c x  0.22 15 119 4 5 1156 35 7870 3016 1.7 6 4 2 5 9% 3831 41544 10645 83%
c =  0.23 15 119 4 5 1156 35 7870 3016 1.7 6 4 2 5 9% 3981 41544 10570 82%
c d  0.23 15 119 4 5 1156 35 7870 2901 1.7 6 4 2 5 9% 3815 41544 10570 82%
c t  0.23 15 119 4 5 1156 35 7870 2901 1.7 6 4 2 5 9% 3783 41544 10570 82%
c f  0.24 15 119 4 5 1156 35 7870 2901 1.7 6 4 2 5 9% 3785 41541 10571 82%
c c  0.25 15 119 4 5 1156 35 7870 2884 1.7 6 4 2 5 9% 3817 41456 10553 82%
c d  0.25 15 119 4 5 1156 35 7870 2884 1.7 6 4 2 5 9% 3783 41456 10553 82%
c u  0.25 15 119 4 5 1156 35 7870 2762 1.7 6 4 2 5 9% 3785 41456 10553 82%
c v  0.25 15 119 4 5 1156 35 7870 2641 1.7 6 4 2 5 9% 3788 41456 10553 82%
c w  0.26 15 119 4 5 1156 35 7870 2529 1.7 6 4 2 5 9% 3790 41456 10553 82%
c x  0.26 15 119 4 5 1156 35 7870 2529 1.7 6 4 2 5 9% 3871 40871 10553 82%
c =  0.27 15 119 4 5 1156 35 7870 2529 1.7 6 4 2 5 9% 3873 40871 10552 82%
c d  0.27 15 119 4 5 1156 35 7870 2529 1.7 6 4 2 5 9% 3871 40871 10552 82%
c t  0.28 15 119 4 5 1156 35 7870 2529 1.7 6 4 2 5 9% 3845 40871 10552 82%
c }  0.28 15 120 5 5 1167 35 7936 2583 1.7 6 4 2 5 9% 3850 40871 10552 82%
c
c seconds   switched   rate       size/glue tier1     binary         remaining
c        MB  reductions conflicts       size  tier2      irredundant
c          level  restarts   redundant    glue    trail         variables
c
c [  0.28 15 327 5 5 1167 4 7936 2583 1.8 16 9 2 12 15% 3850 40871 10552 82%
c B  0.29 15 289 5 5 1167 4 8665 3241 1.9 18 9 2 12 17% 3873 40870 10552 82%
c -  0.30 15 261 5 6 1168 4 9390 3323 2.0 19 10 2 13 17% 3882 40869 10552 82%
c o  0.31 15 244 5 6 1169 4 10083 3983 2.1 22 10 2 13 19% 3887 40869 10552 82%
c ]  0.33 15 231 6 6 1169 4 10592 4467 2.2 26 12 2 13 20% 3892 40869 10552 82%
c {  0.33 15 120 6 6 1169 35 10592 4467 1.7 6 4 2 5 9% 3892 40869 10552 82%
c -  0.34 15 106 6 7 1299 30 11841 4801 1.7 7 4 2 4 9% 3967 40865 10552 82%
c s  0.36 15 99 6 7 1466 27 12767 5604 1.7 7 4 2 4 9% 4015 40442 10552 82%
c e  0.38 20 99 6 7 1466 27 12767 5604 1.7 7 4 2 4 9% 2511 34734 6323 49%
c s  0.39 20 99 6 7 1466 27 12767 5604 1.7 7 4 2 4 9% 2521 34498 6323 49%
c e  0.39 20 99 6 7 1466 27 12767 5604 1.7 7 4 2 4 9% 2416 34073 6208 48%
c ^  0.39 20 99 6 7 1466 27 12767 5604 1.7 7 4 2 4 9% 2416 34073 6208 48%
c -  0.42 20 90 6 8 1894 25 14486 4000 1.7 7 4 2 4 9% 2479 34071 6208 48%
c }  0.42 20 89 7 8 1942 25 14662 4162 1.7 7 4 2 4 9% 2488 34071 6208 48%
c [  0.42 20 231 7 8 1942 4 14662 4162 2.2 26 12 2 13 20% 2488 34071 6208 48%
c W  0.43 20 231 7 8 1942 4 14662 4162 2.2 26 12 2 13 20% 2488 34071 6208 48%
c c  0.45 20 205 7 8 1943 4 16123 5504 2.2 26 12 2 13 21% 2498 34063 6207 48%
c d  0.45 20 205 7 8 1943 4 16123 5504 2.2 26 12 2 13 21% 2496 34063 6207 48%
c u  0.45 20 205 7 8 1943 4 16123 4758 2.2 26 12 2 13 21% 2503 34063 6207 48%
c v  0.45 20 205 7 8 1943 4 16123 4442 2.2 26 12 2 13 21% 2504 34063 6207 48%
c
c seconds   switched   rate        size/glue  tier1     binary        remaining
c        MB  reductions  conflicts       size   tier2      irredundant
c          level  restarts    redundant     glue    trail        variables
c
c w  0.46 20 205 7 8 1943 4 16123 4419 2.2 26 12 2 13 21% 2504 34063 6207 48%
c x  0.46 20 205 7 8 1943 4 16123 4419 2.2 26 12 2 13 21% 2517 33906 6207 48%
c =  0.48 20 205 7 8 1943 4 16123 4419 2.2 26 12 2 13 21% 2519 33906 6206 48%
c d  0.48 20 205 7 8 1943 4 16123 4419 2.2 26 12 2 13 21% 2517 33906 6206 48%
c t  0.48 20 205 7 8 1943 4 16123 4419 2.2 26 12 2 13 21% 2500 33906 6206 48%
c f  0.49 20 205 7 8 1943 4 16123 4419 2.2 26 12 2 13 21% 2518 33856 6217 48%
c u  0.49 20 205 7 8 1943 4 16123 4294 2.2 26 12 2 13 21% 2520 33856 6217 48%
c v  0.49 20 205 7 8 1943 4 16123 4204 2.2 26 12 2 13 21% 2520 33856 6217 48%
c w  0.50 20 205 7 8 1943 4 16123 4128 2.2 26 12 2 13 21% 2520 33856 6217 48%
c x  0.50 20 205 7 8 1943 4 16123 4128 2.2 26 12 2 13 21% 2521 33786 6217 48%
c =  0.52 20 205 7 8 1943 4 16123 4128 2.2 26 12 2 13 21% 2565 33786 6195 48%
c d  0.52 20 205 7 8 1943 4 16123 4087 2.2 26 12 2 13 21% 2511 33786 6195 48%
c t  0.53 20 205 7 8 1943 4 16123 4087 2.2 26 12 2 13 21% 2510 33786 6195 48%
c f  0.53 20 205 7 8 1943 4 16123 4087 2.2 26 12 2 13 21% 2525 33754 6203 48%
c -  0.54 20 191 7 9 1944 4 17314 4518 2.2 25 11 2 12 20% 2532 33754 6203 48%
c o  0.59 20 172 7 9 1946 3 20160 7198 2.3 33 14 2 12 23% 2543 33753 6203 48%
c -  0.60 20 171 7 10 1946 3 20314 5986 2.3 34 15 2 13 23% 2543 33753 6203 48%
c ]  0.60 20 169 8 10 1946 3 20596 6254 2.3 34 15 2 13 24% 2543 33753 6203 48%
c {  0.60 20 89 8 10 1946 25 20596 6254 1.7 7 4 2 4 9% 2543 33753 6203 48%
c -  0.66 20 83 8 11 2686 24 23476 7217 1.7 9 5 1 4 10% 2621 33752 6203 48%
c
c seconds  switched     rate        size/glue tier1   binary        remaining
c        MB  reductions   conflicts      size  tier2     irredundant
c         level   restarts     redundant   glue   trail        variables
c
c s  0.70 20 81 8 11 3210 24 25698 9217 1.8 9 5 1 4 10% 2664 33608 6203 48%
c e  0.71 20 81 8 11 3210 24 25698 9217 1.8 9 5 1 4 10% 2167 34298 5876 46%
c 2  0.71 20 81 8 11 3210 24 25698 9217 1.8 9 5 1 4 10% 2166 34298 5876 46%
c s  0.71 20 81 8 11 3210 24 25698 9217 1.8 9 5 1 4 10% 2221 34018 5876 46%
c e  0.72 20 81 8 11 3210 24 25698 9217 1.8 9 5 1 4 10% 2198 33678 5812 45%
c ^  0.72 20 81 8 11 3210 24 25698 9217 1.8 9 5 1 4 10% 2198 33678 5812 45%
c }  0.74 20 80 9 11 3488 24 26758 7358 1.8 9 5 1 4 11% 2207 33677 5812 45%
c [  0.74 20 169 9 11 3488 3 26758 7358 2.3 34 15 2 13 24% 2207 33677 5812 45%
c O  0.74 20 169 9 11 3488 3 26758 7358 2.3 34 15 2 13 24% 2207 33677 5812 45%
c -  0.74 20 168 9 12 3488 3 26793 6485 2.3 34 15 2 13 24% 2207 33677 5812 45%
c c  0.76 20 164 9 12 3488 3 27637 7241 2.3 34 15 2 13 24% 2220 33599 5804 45%
c d  0.76 20 164 9 12 3488 3 27637 7220 2.3 34 15 2 13 24% 2199 33599 5801 45%
c u  0.76 20 164 9 12 3488 3 27637 6674 2.3 34 15 2 13 24% 2207 33599 5801 45%
c v  0.77 20 164 9 12 3488 3 27637 5783 2.3 34 15 2 13 24% 2209 33599 5801 45%
c w  0.77 20 164 9 12 3488 3 27637 5776 2.3 34 15 2 13 24% 2209 33599 5801 45%
c x  0.78 20 164 9 12 3488 3 27637 5768 2.3 34 15 2 13 24% 2228 33415 5801 45%
c =  0.81 21 164 9 12 3488 3 27637 5768 2.3 34 15 2 13 24% 2670 33399 5580 43%
c d  0.81 21 164 9 12 3488 3 27637 5642 2.3 34 15 2 13 24% 2217 33399 5580 43%
c t  0.81 21 164 9 12 3488 3 27637 5642 2.3 34 15 2 13 24% 2200 33399 5580 43%
c f  0.82 21 164 9 12 3488 3 27637 5642 2.3 34 15 2 13 24% 2272 33193 5619 44%
c
c seconds   switched    rate        size/glue  tier1     binary        remaining
c        MB   reductions  conflicts       size   tier2      irredundant
c          level   restarts    redundant     glue    trail        variables
c
c u  0.83 21 164 9 12 3488 3 27637 5566 2.3 34 15 2 13 24% 2273 33193 5619 44%
c v  0.83 21 164 9 12 3488 3 27637 5360 2.3 34 15 2 13 24% 2273 33193 5619 44%
c w  0.84 21 164 9 12 3488 3 27637 5327 2.3 34 15 2 13 24% 2273 33193 5619 44%
c x  0.84 21 164 9 12 3488 3 27637 5323 2.3 34 15 2 13 24% 2313 32103 5619 44%
c =  0.87 21 164 9 12 3488 3 27637 5323 2.3 34 15 2 13 24% 2501 32103 5525 43%
c d  0.87 21 164 9 12 3488 3 27637 5322 2.3 34 15 2 13 24% 2313 32103 5525 43%
c t  0.88 21 164 9 12 3488 3 27637 5322 2.3 34 15 2 13 24% 2298 32103 5525 43%
c -  0.91 21 152 9 13 3490 3 30257 6364 2.3 35 15 2 13 24% 2308 32103 5525 43%
c -  0.98 21 142 9 14 3493 3 33863 7225 2.2 42 19 2 14 25% 2314 32103 5525 43%
c B  1.03 21 138 9 14 3494 3 36519 9807 2.2 46 21 2 14 26% 2315 32103 5525 43%
c ]  1.04 21 138 10 14 3494 3 36889 10171 2.2 47 21 2 14 26% 2315 32103 5525 43%
c {  1.04 21 80 10 14 3494 24 36889 10171 1.8 9 5 1 4 11% 2315 32103 5525 43%
c -  1.05 21 79 10 15 3677 23 37604 8027 1.8 10 5 1 4 11% 2317 32103 5525 43%
c o  1.10 21 78 10 15 4286 23 40161 10443 1.8 10 6 1 4 11% 2323 32103 5525 43%
c -  1.13 21 77 10 16 4641 23 41479 9913 1.8 10 6 1 4 11% 2330 32103 5525 43%
c u  1.16 21 77 10 16 4859 23 42516 10272 1.8 10 6 1 4 11% 2336 32103 5525 43%
c v  1.17 21 77 10 16 4859 23 42516 9593 1.8 10 6 1 4 11% 2338 32103 5525 43%
c w  1.17 21 77 10 16 4859 23 42516 9554 1.8 10 6 1 4 11% 2338 32103 5525 43%
c x  1.18 21 77 10 16 4859 23 42516 9546 1.8 10 6 1 4 11% 2358 31656 5525 43%
c =  1.21 21 77 10 16 4859 23 42516 9546 1.8 10 6 1 4 11% 2478 31656 5465 42%
c
c seconds   switched     rate        size/glue tier1    binary        remaining
c        MB   reductions   conflicts       size  tier2     irredundant
c         level    restarts     redundant    glue   trail        variables
c
c d  1.21 21 77 10 16 4859 23 42516 9544 1.8 10 6 1 4 11% 2351 31656 5465 42%
c t  1.21 21 77 10 16 4859 23 42516 9544 1.8 10 6 1 4 11% 2333 31656 5465 42%
c u  1.23 21 77 10 16 4859 23 42516 9458 1.8 10 6 1 4 11% 2334 31656 5465 42%
c v  1.23 21 77 10 16 4859 23 42516 8954 1.8 10 6 1 4 11% 2335 31656 5465 42%
c w  1.24 21 77 10 16 4859 23 42516 8921 1.8 10 6 1 4 11% 2335 31656 5465 42%
c x  1.24 21 77 10 16 4859 23 42516 8914 1.8 10 6 1 4 11% 2339 31156 5465 42%
c =  1.28 21 77 10 16 4859 23 42516 8914 1.8 10 6 1 4 11% 2341 31156 5464 42%
c d  1.28 21 77 10 16 4859 23 42516 8914 1.8 10 6 1 4 11% 2339 31156 5464 42%
c t  1.28 21 77 10 16 4859 23 42516 8914 1.8 10 6 1 4 11% 2334 31156 5464 42%
c -  1.34 21 76 10 17 5420 22 45481 9942 1.8 11 6 1 4 11% 2346 31156 5464 42%
c }  1.34 21 76 11 17 5431 22 45516 9977 1.8 11 6 1 4 11% 2346 31156 5464 42%
c [  1.34 21 138 11 17 5431 3 45516 9977 2.2 47 21 2 14 26% 2346 31156 5464 42%
c W  1.39 21 133 11 17 5433 2 48741 13102 2.3 47 21 2 14 26% 2354 31156 5464 42%
c -  1.41 21 131 11 18 5433 2 49605 11096 2.3 48 21 2 14 26% 2355 31156 5464 42%
c ]  1.41 21 131 11 18 5434 2 50001 11475 2.3 48 21 2 14 26% 2356 31156 5464 42%
c ?  1.41 21 76 11 18 5434 22 50001 11475 1.8 11 6 1 4 11% 2356 31156 5464 42%
c
c ---- [ result ] ------------------------------------------------------------
c
s UNKNOWN
c
c ---- [ profiling ] ---------------------------------------------------------
c
c           0.81   57.24 %  search
c           0.56   39.40 %  simplify
c           0.53   37.54 %  probe
c           0.41   28.74 %  focused
c           0.40   28.49 %  stable
c           0.24   16.88 %  sweep
c           0.15   10.41 %  vivify
c           0.06    4.45 %  congruence
c           0.06    3.94 %  eliminate
c           0.04    3.01 %  factor
c           0.04    2.97 %  preprocess
c           0.03    2.11 %  substitute
c           0.02    1.11 %  reduce
c           0.01    0.80 %  walking
c           0.01    0.68 %  subsume
c           0.01    0.43 %  transitive
c           0.00    0.28 %  parse
c           0.00    0.26 %  backbone
c           0.00    0.09 %  lucky
c =============================================
c           1.41  100.00 %  total
c
c ---- [ statistics ] --------------------------------------------------------
c
c chronological:                          413                1 %  conflicts
c conflicts:                            50001            35323.19 per second
c congruent:                             1628               13 %  variables
c decisions:                           552076               11.04 per conflict
c eliminated:                            4735               37 %  variables
c factored:                               237                2 %  variables
c propagations:                      12479572          8816190    per second
c reductions:                              18             2778    interval
c reordered:                                3            16667    interval
c rephased:                                 8             6250    interval
c restarts:                              5434                9    interval
c strengthened:                           428                0 %  checks
c substituted:                           1969               15 %  variables
c subsumed:                              1012                0 %  checks
c switched:                                11             4546    interval
c vivified:                             15695               13 %  checks
c walks:                                    3            16667    interval
c
c ---- [ glue usage ] --------------------------------------------------------
c
c focused glue 1 used 41855 clauses 62.39% accumulated 62.39% tier1
c focused glue 2 used 13943 clauses 20.78% accumulated 83.17%
c focused glue 3 used  4542 clauses  6.77% accumulated 89.94%
c focused glue 4 used  1998 clauses  2.98% accumulated 92.92% tier2
c
c stable glue 2    used 31743 clauses 20.14% accumulated 58.94% tier1
c stable glue 3    used 12554 clauses  7.96% accumulated 66.90%
c stable glue 4-12 used 34027 clauses 21.59% accumulated 88.49%
c stable glue 13   used  1546 clauses  0.98% accumulated 89.47%
c stable glue 14   used  1277 clauses  0.81% accumulated 90.28% tier2
c
c ---- [ resources ] ---------------------------------------------------------
c
c maximum-resident-set-size:      22565355520 bytes      21520 MB
c process-time:                             1s               1.41 seconds
c
c ---- [ shutting down ] -----------------------------------------------------
c
c exit 0
