c ---- [ banner ] ------------------------------------------------------------
c
c Kissat SAT Solver
c 
c Copyright (c) 2021-2024 Armin Biere University of Freiburg
c Copyright (c) 2019-2021 Armin Biere Johannes Kepler University Linz
c 
c Version 4.0.4 unknown
c Apple clang version 17.0.0 (clang-1700.3.19.1) -W -Wall -O3 -DNDEBUG
c Thu Oct 16 20:09:41 UTC 2025 Darwin Tahoe-arm64.local 25.0.0 arm64
c
c ---- [ parsing ] -----------------------------------------------------------
c
c opened and reading DIMACS file:
c
c   headline_hunt/bets/cascade_aux_encoding/cnfs/aux_force_sr61_n32_bit10_m3304caa0_fill80000000.cnf
c
c parsed 'p cnf 12816 53698' header
c closing input after reading 976018 bytes (953 KB)
c finished parsing after 0.00 seconds
c
c ---- [ options ] -----------------------------------------------------------
c
c --seed=1                         (different from default '0')
c
c ---- [ limits ] ------------------------------------------------------------
c
c conflict limit set to 50000 conflicts
c
c ---- [ solving ] -----------------------------------------------------------
c
c seconds switched rate     size/glue tier1  binary         remaining
c        MB reductions conflicts size  tier2    irredundant
c         level restarts redundant glue  trail         variables
c
c *  0.00  9 0 0 0  0 0   0   0 0.0 0 0 0 0 0% 3122 50063 12335 96%
c (  0.01  9 0 0 0  0 0   0   0 0.0 0 0 0 0 0% 3122 50063 12335 96%
c .  0.01  9 0 0 0  0 0   0   0 0.0 0 0 0 0 0% 4018 48143 12335 96%
c c  0.02 14 0 0 0  0 0   0   0 0.0 0 0 0 0 0% 5804 42265 10531 82%
c d  0.02 14 0 0 0  0 0   0   0 0.0 0 0 0 0 0% 3122 42265 10531 82%
c =  0.03 14 0 0 0  0 0   0   0 0.0 0 0 0 0 0% 2986 42265 10529 82%
c d  0.03 14 0 0 0  0 0   0   0 0.0 0 0 0 0 0% 2982 42265 10529 82%
c f  0.04 14 0 0 0  0 0   0   0 0.0 0 0 0 0 0% 3318 41688 10709 84%
c )  0.04 14 0 0 0  0 0   0   0 0.0 0 0 0 0 0% 3318 41688 10709 84%
c {  0.04 14 0 0 0  0 0   0   0 0.0 0 0 2 6 0% 3318 41688 10709 84%
c -  0.05 14 270 0 1 174 53 1002 769 1.6 4 3 2 4 12% 3399 41687 10709 84%
c }  0.05 14 270 1 1 174 53 1002 769 1.6 4 3 2 4 12% 3399 41687 10709 84%
c [  0.05 14 0 1 1 174 0 1002 769 0.0 0 0 2 6 0% 3399 41687 10709 84%
c B  0.05 14 0 1 1 174 0 1002 769 0.0 0 0 2 6 0% 3399 41687 10709 84%
c -  0.06 14 359 1 2 174 3 2002 1401 1.6 11 7 2 10 7% 3417 41687 10709 84%
c W  0.06 14 359 1 2 174 3 2003 1402 1.6 11 7 2 10 7% 3417 41687 10709 84%
c c  0.07 14 372 1 2 175 7 2556 1843 1.6 10 6 2 9 10% 3462 41565 10680 83%
c d  0.07 14 372 1 2 175 7 2556 1798 1.6 10 6 2 9 10% 3394 41565 10674 83%
c u  0.08 14 372 1 2 175 7 2556 1439 1.6 10 6 2 9 10% 3401 41565 10674 83%
c v  0.08 14 372 1 2 175 7 2556 1319 1.6 10 6 2 9 10% 3406 41565 10674 83%
c
c seconds   switched  rate       size/glue tier1    binary         remaining
c        MB  reductions conflicts      size  tier2     irredundant
c          level restarts   redundant    glue   trail         variables
c
c w  0.08 14 372 1 2 175 7 2556 1179 1.6 10 6 2 9 10% 3406 41565 10674 83%
c x  0.08 14 372 1 2 175 7 2556 1178 1.6 10 6 2 9 10% 3406 41477 10674 83%
c =  0.10 14 372 1 2 175 7 2556 1178 1.6 10 6 2 9 10% 3408 41477 10673 83%
c d  0.10 14 372 1 2 175 7 2556 1164 1.6 10 6 2 9 10% 3393 41477 10667 83%
c t  0.10 14 372 1 2 175 7 2556 1164 1.6 10 6 2 9 10% 3392 41477 10667 83%
c c  0.11 14 372 1 2 175 7 2556 1161 1.6 10 6 2 9 10% 3412 41428 10656 83%
c d  0.11 14 372 1 2 175 7 2556 1152 1.6 10 6 2 9 10% 3390 41428 10656 83%
c u  0.11 14 372 1 2 175 7 2556 1092 1.6 10 6 2 9 10% 3393 41428 10656 83%
c v  0.11 14 372 1 2 175 7 2556 1050 1.6 10 6 2 9 10% 3393 41428 10656 83%
c w  0.11 14 372 1 2 175 7 2556 988 1.6 10 6 2 9 10% 3394 41428 10656 83%
c =  0.13 15 372 1 2 175 7 2556 988 1.6 10 6 2 9 10% 3464 41428 10621 83%
c d  0.13 15 372 1 2 175 7 2556 947 1.6 10 6 2 9 10% 3387 41428 10621 83%
c ]  0.14 15 341 2 2 175 7 3076 1393 1.7 12 7 2 9 14% 3405 41428 10621 83%
c {  0.14 15 270 2 2 175 53 3076 1393 1.6 4 3 2 4 12% 3405 41428 10621 83%
c -  0.14 15 225 2 3 273 47 3419 1498 1.6 4 3 2 5 11% 3435 41428 10621 83%
c }  0.16 15 188 3 3 530 48 4076 2051 1.5 5 3 2 5 11% 3481 41426 10621 83%
c [  0.16 15 341 3 3 530 7 4076 2051 1.7 12 7 2 9 14% 3481 41426 10621 83%
c I  0.16 15 326 3 3 530 7 4262 2213 1.8 12 7 2 9 16% 3484 41426 10621 83%
c -  0.16 15 274 3 4 530 6 5152 2680 1.8 13 7 2 11 16% 3496 41426 10621 83%
c ]  0.18 15 236 4 4 531 5 6190 3574 2.0 19 9 2 11 19% 3512 41423 10621 83%
c
c seconds   switched   rate       size/glue tier1   binary         remaining
c        MB  reductions conflicts      size  tier2     irredundant
c          level restarts    redundant   glue   trail         variables
c
c {  0.18 15 188 4 4 531 48 6190 3574 1.5 5 3 2 5 11% 3512 41423 10621 83%
c -  0.20 15 150 4 5 831 41 7152 3666 1.6 6 4 2 5 10% 3605 41410 10621 83%
c c  0.22 15 135 4 5 1024 38 7870 4246 1.7 7 4 2 5 10% 3692 41290 10588 83%
c d  0.22 15 135 4 5 1024 38 7870 4159 1.7 7 4 2 5 10% 3611 41290 10579 83%
c u  0.22 15 135 4 5 1024 38 7870 3485 1.7 7 4 2 5 10% 3629 41290 10579 83%
c v  0.22 15 135 4 5 1024 38 7870 3119 1.7 7 4 2 5 10% 3631 41290 10579 83%
c w  0.23 15 135 4 5 1024 38 7870 3021 1.7 7 4 2 5 10% 3631 41290 10579 83%
c x  0.23 15 135 4 5 1024 38 7870 3021 1.7 7 4 2 5 10% 3679 41167 10579 83%
c =  0.24 15 135 4 5 1024 38 7870 3021 1.7 7 4 2 5 10% 3757 41167 10540 82%
c d  0.24 15 135 4 5 1024 38 7870 3001 1.7 7 4 2 5 10% 3660 41167 10535 82%
c t  0.24 15 135 4 5 1024 38 7870 3001 1.7 7 4 2 5 10% 3646 41167 10535 82%
c f  0.25 15 135 4 5 1024 38 7870 3001 1.7 7 4 2 5 10% 3658 41141 10541 82%
c c  0.25 15 135 4 5 1024 38 7870 2976 1.7 7 4 2 5 10% 3678 41093 10531 82%
c d  0.26 15 135 4 5 1024 38 7870 2976 1.7 7 4 2 5 10% 3658 41093 10531 82%
c u  0.26 15 135 4 5 1024 38 7870 2883 1.7 7 4 2 5 10% 3659 41093 10531 82%
c v  0.26 15 135 4 5 1024 38 7870 2752 1.7 7 4 2 5 10% 3661 41093 10531 82%
c w  0.26 15 135 4 5 1024 38 7870 2590 1.7 7 4 2 5 10% 3661 41093 10531 82%
c x  0.27 15 135 4 5 1024 38 7870 2590 1.7 7 4 2 5 10% 3737 40778 10531 82%
c =  0.28 15 135 4 5 1024 38 7870 2590 1.7 7 4 2 5 10% 3893 40778 10453 82%
c d  0.28 15 135 4 5 1024 38 7870 2587 1.7 7 4 2 5 10% 3733 40778 10451 82%
c
c seconds   switched    rate       size/glue tier1   binary         remaining
c        MB  reductions  conflicts      size  tier2     irredundant
c          level  restarts    redundant   glue   trail         variables
c
c t  0.28 15 135 4 5 1024 38 7870 2587 1.7 7 4 2 5 10% 3724 40778 10451 82%
c }  0.29 15 126 5 5 1138 35 8543 3163 1.7 7 4 2 5 10% 3769 40778 10451 82%
c [  0.29 15 236 5 5 1138 5 8543 3163 2.0 19 9 2 11 19% 3769 40778 10451 82%
c B  0.29 15 236 5 5 1138 5 8543 3163 2.0 19 9 2 11 19% 3769 40778 10451 82%
c -  0.31 15 216 5 6 1138 5 9389 3402 2.2 25 11 2 13 21% 3788 40778 10451 82%
c ]  0.33 15 195 6 6 1139 4 10563 4518 2.3 31 13 2 13 22% 3792 40778 10451 82%
c {  0.33 15 126 6 6 1139 35 10563 4518 1.7 7 4 2 5 10% 3792 40778 10451 82%
c o  0.33 15 127 6 6 1143 35 10578 4527 1.7 7 4 2 5 10% 3797 40777 10451 82%
c -  0.35 15 115 6 7 1268 30 11840 4787 1.7 7 4 2 5 10% 3879 40774 10451 82%
c s  0.37 15 108 6 7 1444 28 12772 5597 1.7 7 4 2 5 10% 3935 40074 10451 82%
c e  0.38 18 108 6 7 1444 28 12772 5597 1.7 7 4 2 5 10% 2452 34090 6214 48%
c s  0.39 18 108 6 7 1444 28 12772 5597 1.7 7 4 2 5 10% 2459 33791 6214 48%
c e  0.39 18 108 6 7 1444 28 12772 5597 1.7 7 4 2 5 10% 2243 33273 6009 47%
c ^  0.39 18 108 6 7 1444 28 12772 5597 1.7 7 4 2 5 10% 2243 33273 6009 47%
c -  0.41 18 99 6 8 1749 25 14485 3870 1.7 7 4 2 4 10% 2310 33269 6009 47%
c }  0.42 18 98 7 8 1785 25 14632 4000 1.7 7 4 2 4 10% 2316 33269 6009 47%
c [  0.42 18 195 7 8 1785 4 14632 4000 2.3 31 13 2 13 22% 2316 33269 6009 47%
c W  0.42 18 195 7 8 1785 4 14632 4000 2.3 31 13 2 13 22% 2316 33269 6009 47%
c d  0.44 18 176 7 8 1786 4 16126 5388 2.3 33 14 2 13 23% 2323 33268 6007 47%
c u  0.45 18 176 7 8 1786 4 16126 4684 2.3 33 14 2 13 23% 2339 33268 6007 47%
c
c seconds   switched   rate        size/glue  tier1     binary        remaining
c        MB  reductions  conflicts       size   tier2      irredundant
c          level  restarts    redundant     glue    trail        variables
c
c v  0.45 18 176 7 8 1786 4 16126 4391 2.3 33 14 2 13 23% 2341 33268 6007 47%
c w  0.45 18 176 7 8 1786 4 16126 4391 2.3 33 14 2 13 23% 2341 33268 6007 47%
c x  0.46 18 176 7 8 1786 4 16126 4391 2.3 33 14 2 13 23% 2350 33089 6007 47%
c =  0.48 18 176 7 8 1786 4 16126 4391 2.3 33 14 2 13 23% 2614 32668 5875 46%
c d  0.48 18 176 7 8 1786 4 16126 4387 2.3 33 14 2 13 23% 2336 32668 5872 46%
c t  0.48 18 176 7 8 1786 4 16126 4387 2.3 33 14 2 13 23% 2325 32668 5872 46%
c f  0.48 18 176 7 8 1786 4 16126 4387 2.3 33 14 2 13 23% 2334 32649 5877 46%
c c  0.49 18 176 7 8 1786 4 16126 4380 2.3 33 14 2 13 23% 2339 32641 5875 46%
c d  0.49 18 176 7 8 1786 4 16126 4380 2.3 33 14 2 13 23% 2335 32641 5875 46%
c u  0.50 18 176 7 8 1786 4 16126 4268 2.3 33 14 2 13 23% 2337 32641 5875 46%
c v  0.50 18 176 7 8 1786 4 16126 4201 2.3 33 14 2 13 23% 2337 32641 5875 46%
c w  0.50 18 176 7 8 1786 4 16126 4201 2.3 33 14 2 13 23% 2337 32641 5875 46%
c x  0.51 18 176 7 8 1786 4 16126 4201 2.3 33 14 2 13 23% 2339 32500 5875 46%
c d  0.53 18 176 7 8 1786 4 16126 4201 2.3 33 14 2 13 23% 2337 32500 5874 46%
c t  0.53 18 176 7 8 1786 4 16126 4201 2.3 33 14 2 13 23% 2335 32500 5874 46%
c f  0.54 18 176 7 8 1786 4 16126 4201 2.3 33 14 2 13 23% 2339 32492 5876 46%
c -  0.55 18 169 7 9 1787 4 17316 4537 2.2 34 15 2 13 24% 2349 32491 5876 46%
c ]  0.59 18 156 8 9 1788 3 19606 6703 2.3 42 18 2 13 27% 2351 32491 5876 46%
c {  0.59 18 98 8 9 1788 25 19606 6703 1.7 7 4 2 4 10% 2351 32491 5876 46%
c -  0.60 18 96 8 10 1970 25 20317 5899 1.7 8 5 2 4 10% 2370 32491 5876 46%
c
c seconds  switched     rate        size/glue tier1   binary        remaining
c        MB  reductions   conflicts      size  tier2     irredundant
c         level   restarts     redundant   glue   trail        variables
c
c o  0.61 18 95 8 10 2034 25 20578 6131 1.7 8 5 2 4 10% 2379 32491 5876 46%
c -  0.66 20 88 8 11 2769 24 23479 7178 1.7 9 5 1 4 11% 2438 32490 5876 46%
c s  0.70 20 86 8 11 3315 24 25726 9224 1.7 9 5 1 4 11% 2477 31717 5876 46%
c e  0.71 20 86 8 11 3315 24 25726 9224 1.7 9 5 1 4 11% 1894 31359 5330 42%
c 2  0.71 20 86 8 11 3315 24 25726 9224 1.7 9 5 1 4 11% 1892 31359 5330 42%
c s  0.72 20 86 8 11 3315 24 25726 9224 1.7 9 5 1 4 11% 1959 31066 5330 42%
c e  0.72 20 86 8 11 3315 24 25726 9224 1.7 9 5 1 4 11% 1955 31073 5322 42%
c ^  0.72 20 86 8 11 3315 24 25726 9224 1.7 9 5 1 4 11% 1955 31073 5322 42%
c }  0.72 20 86 9 11 3317 24 25765 6359 1.7 9 5 1 4 11% 1955 31073 5322 42%
c [  0.72 20 156 9 11 3317 3 25765 6359 2.3 42 18 2 13 27% 1955 31073 5322 42%
c O  0.72 20 156 9 11 3317 3 25765 6359 2.3 42 18 2 13 27% 1955 31073 5322 42%
c -  0.74 20 151 9 12 3317 3 26795 6237 2.3 42 18 2 15 27% 1957 31073 5322 42%
c d  0.75 20 148 9 12 3318 3 27673 7067 2.3 41 18 2 15 27% 1960 31071 5321 42%
c u  0.75 20 148 9 12 3318 3 27673 6527 2.3 41 18 2 15 27% 1973 31071 5321 42%
c v  0.76 20 148 9 12 3318 3 27673 5638 2.3 41 18 2 15 27% 1979 31071 5321 42%
c w  0.76 20 148 9 12 3318 3 27673 5593 2.3 41 18 2 15 27% 1979 31071 5321 42%
c x  0.77 20 148 9 12 3318 3 27673 5591 2.3 41 18 2 15 27% 1987 30840 5321 42%
c d  0.77 20 148 9 12 3318 3 27673 5582 2.3 41 18 2 15 27% 1971 30840 5313 41%
c t  0.77 20 148 9 12 3318 3 27673 5582 2.3 41 18 2 15 27% 1954 30840 5313 41%
c f  0.78 20 148 9 12 3318 3 27673 5582 2.3 41 18 2 15 27% 2051 30556 5362 42%
c
c seconds   switched    rate        size/glue  tier1     binary        remaining
c        MB   reductions  conflicts       size   tier2      irredundant
c          level   restarts    redundant     glue    trail        variables
c
c b  0.78 20 148 9 12 3318 3 27673 5582 2.3 41 18 2 15 27% 2051 30556 5357 42%
c u  0.78 20 148 9 12 3318 3 27673 5492 2.3 41 18 2 15 27% 2055 30556 5357 42%
c v  0.78 20 148 9 12 3318 3 27673 5260 2.3 41 18 2 15 27% 2058 30556 5357 42%
c w  0.79 20 148 9 12 3318 3 27673 5174 2.3 41 18 2 15 27% 2058 30556 5357 42%
c x  0.80 20 148 9 12 3318 3 27673 5174 2.3 41 18 2 15 27% 2094 30386 5357 42%
c =  0.82 20 148 9 12 3318 3 27673 5174 2.3 41 18 2 15 27% 2388 29943 5210 41%
c d  0.82 20 148 9 12 3318 3 27673 5095 2.3 41 18 2 15 27% 2069 29943 5210 41%
c t  0.83 20 148 9 12 3318 3 27673 5095 2.3 41 18 2 15 27% 2060 29943 5210 41%
c -  0.87 20 138 9 13 3320 3 30260 6122 2.4 43 18 2 14 27% 2060 29943 5210 41%
c -  0.93 20 129 9 14 3322 3 33865 7234 2.4 48 20 2 14 27% 2063 29943 5210 41%
c ]  0.96 20 127 10 14 3323 3 34986 8324 2.4 50 20 2 14 27% 2065 29943 5210 41%
c {  0.96 20 86 10 14 3323 24 34986 8324 1.7 9 5 1 4 11% 2065 29943 5210 41%
c -  0.99 21 82 10 15 3718 22 37607 8627 1.8 10 6 1 4 11% 2081 29942 5210 41%
c o  1.03 21 79 10 15 4216 21 40578 11354 1.8 10 6 1 4 12% 2102 29942 5210 41%
c -  1.05 21 79 10 16 4366 21 41479 10457 1.8 10 6 1 4 12% 2109 29942 5210 41%
c u  1.08 21 78 10 16 4609 21 42629 10681 1.8 10 6 1 4 12% 2121 29942 5210 41%
c v  1.09 21 78 10 16 4609 21 42629 10232 1.8 10 6 1 4 12% 2121 29942 5210 41%
c w  1.09 21 78 10 16 4609 21 42629 10217 1.8 10 6 1 4 12% 2121 29942 5210 41%
c x  1.09 21 78 10 16 4609 21 42629 10215 1.8 10 6 1 4 12% 2121 29677 5210 41%
c =  1.13 21 78 10 16 4609 21 42629 10215 1.8 10 6 1 4 12% 2241 29677 5150 40%
c
c seconds   switched     rate         size/glue tier1    binary        remaining
c        MB   reductions   conflicts        size  tier2     irredundant
c         level    restarts      redundant    glue   trail        variables
c
c d  1.13 21 78 10 16 4609 21 42629 10215 1.8 10 6 1 4 12% 2121 29677 5150 40%
c t  1.13 21 78 10 16 4609 21 42629 10215 1.8 10 6 1 4 12% 2120 29677 5150 40%
c u  1.14 21 78 10 16 4609 21 42629 10118 1.8 10 6 1 4 12% 2121 29677 5150 40%
c v  1.14 21 78 10 16 4609 21 42629 9728 1.8 10 6 1 4 12% 2121 29677 5150 40%
c w  1.15 21 78 10 16 4609 21 42629 9712 1.8 10 6 1 4 12% 2121 29677 5150 40%
c x  1.15 21 78 10 16 4609 21 42629 9712 1.8 10 6 1 4 12% 2121 29469 5150 40%
c }  1.20 21 78 11 16 4805 20 43615 10649 1.8 11 6 1 4 12% 2127 29469 5150 40%
c [  1.20 21 127 11 16 4805 3 43615 10649 2.4 50 20 2 14 27% 2127 29469 5150 40%
c B  1.20 21 127 11 16 4805 3 43615 10649 2.4 50 20 2 14 27% 2127 29469 5150 40%
c -  1.23 21 124 11 17 4806 3 45479 10096 2.4 50 21 2 15 27% 2129 29469 5150 40%
c -  1.29 21 120 11 18 4809 2 49604 10612 2.4 51 21 2 14 26% 2138 29469 5150 40%
c ]  1.30 21 120 11 18 4810 2 50000 10989 2.4 50 21 2 14 26% 2140 29469 5150 40%
c ?  1.30 21 78 11 18 4810 20 50000 10989 1.8 11 6 1 4 12% 2140 29469 5150 40%
c
c ---- [ result ] ------------------------------------------------------------
c
s UNKNOWN
c
c ---- [ profiling ] ---------------------------------------------------------
c
c           0.76   58.82 %  search
c           0.49   37.85 %  simplify
c           0.47   36.55 %  probe
c           0.41   31.44 %  stable
c           0.36   27.38 %  focused
c           0.20   15.67 %  sweep
c           0.14   10.78 %  vivify
c           0.06    4.32 %  congruence
c           0.05    3.68 %  eliminate
c           0.04    2.96 %  factor
c           0.04    2.90 %  preprocess
c           0.03    2.14 %  substitute
c           0.02    1.22 %  reduce
c           0.01    0.73 %  subsume
c           0.01    0.44 %  walking
c           0.01    0.42 %  transitive
c           0.00    0.32 %  parse
c           0.00    0.26 %  backbone
c           0.00    0.09 %  lucky
c =============================================
c           1.30  100.00 %  total
c
c ---- [ statistics ] --------------------------------------------------------
c
c chronological:                          412                1 %  conflicts
c conflicts:                            50000            38487.27 per second
c congruent:                             1660               13 %  variables
c decisions:                           523996               10.48 per conflict
c eliminated:                            4996               39 %  variables
c factored:                               242                2 %  variables
c propagations:                      12225837          9410781    per second
c reductions:                              18             2778    interval
c reordered:                                3            16667    interval
c rephased:                                 7             7143    interval
c restarts:                              4810               10    interval
c strengthened:                           752                0 %  checks
c substituted:                           1962               15 %  variables
c subsumed:                              1985                0 %  checks
c switched:                                11             4545    interval
c vivified:                             13225               12 %  checks
c walks:                                    2            25000    interval
c
c ---- [ glue usage ] --------------------------------------------------------
c
c focused glue 1 used 38919 clauses 60.87% accumulated 60.87% tier1
c focused glue 2 used 13826 clauses 21.62% accumulated 82.49%
c focused glue 3 used  4269 clauses  6.68% accumulated 89.17%
c focused glue 4 used  2024 clauses  3.17% accumulated 92.33% tier2
c
c stable glue 2    used 34509 clauses 19.53% accumulated 60.91% tier1
c stable glue 3    used 14595 clauses  8.26% accumulated 69.17%
c stable glue 4-12 used 34736 clauses 19.66% accumulated 88.83%
c stable glue 13   used  1423 clauses  0.81% accumulated 89.63%
c stable glue 14   used  1264 clauses  0.72% accumulated 90.35% tier2
c
c ---- [ resources ] ---------------------------------------------------------
c
c maximum-resident-set-size:      22397583360 bytes      21360 MB
c process-time:                             1s               1.30 seconds
c
c ---- [ shutting down ] -----------------------------------------------------
c
c exit 0
