c ---- [ banner ] ------------------------------------------------------------
c
c Kissat SAT Solver
c 
c Copyright (c) 2021-2024 Armin Biere University of Freiburg
c Copyright (c) 2019-2021 Armin Biere Johannes Kepler University Linz
c 
c Version 4.0.4 unknown
c Apple clang version 17.0.0 (clang-1700.3.19.1) -W -Wall -O3 -DNDEBUG
c Thu Oct 16 20:09:41 UTC 2025 Darwin Tahoe-arm64.local 25.0.0 arm64
c
c ---- [ parsing ] -----------------------------------------------------------
c
c opened and reading DIMACS file:
c
c   headline_hunt/bets/cascade_aux_encoding/cnfs/aux_expose_sr61_n32_bit13_m4d9f691c_fill55555555.cnf
c
c parsed 'p cnf 12872 53915' header
c closing input after reading 982622 bytes (960 KB)
c finished parsing after 0.00 seconds
c
c ---- [ options ] -----------------------------------------------------------
c
c --seed=1                         (different from default '0')
c
c ---- [ limits ] ------------------------------------------------------------
c
c conflict limit set to 50000 conflicts
c
c ---- [ solving ] -----------------------------------------------------------
c
c seconds switched rate     size/glue tier1  binary         remaining
c        MB reductions conflicts size  tier2    irredundant
c         level restarts redundant glue  trail         variables
c
c *  0.00  9 0 0 0  0 0   0   0 0.0 0 0 0 0 0% 3608 50242 12871 100%
c (  0.01  9 0 0 0  0 0   0   0 0.0 0 0 0 0 0% 3608 50242 12871 100%
c .  0.01  9 0 0 0  0 0   0   0 0.0 0 0 0 0 0% 3608 50242 12871 100%
c c  0.02 14 0 0 0  0 0   0   0 0.0 0 0 0 0 0% 5834 43457 10894 85%
c d  0.02 14 0 0 0  0 0   0   0 0.0 0 0 0 0 0% 3160 43457 10894 85%
c =  0.04 14 0 0 0  0 0   0   0 0.0 0 0 0 0 0% 3102 43457 10890 85%
c d  0.04 14 0 0 0  0 0   0   0 0.0 0 0 0 0 0% 3094 43457 10890 85%
c f  0.05 15 0 0 0  0 0   0   0 0.0 0 0 0 0 0% 3224 43195 10956 85%
c )  0.05 15 0 0 0  0 0   0   0 0.0 0 0 0 0 0% 3224 43195 10956 85%
c {  0.05 15 0 0 0  0 0   0   0 0.0 0 0 2 6 0% 3224 43195 10956 85%
c -  0.06 15 205 0 1 160 41 1000 736 1.6 4 3 2 5 7% 3322 43194 10956 85%
c }  0.06 15 205 1 1 160 41 1000 736 1.6 4 3 2 5 7% 3322 43194 10956 85%
c [  0.06 15 0 1 1 160 0 1000 736 0.0 0 0 2 6 0% 3322 43194 10956 85%
c B  0.06 15 532 1 1 160 514 1001 737 1.5 3 2 2 6 7% 3322 43194 10956 85%
c -  0.06 15 389 1 2 160 3 2000 1290 1.8 8 5 2 5 4% 3345 43194 10956 85%
c W  0.06 15 389 1 2 160 3 2004 1293 1.8 8 5 2 5 4% 3345 43194 10956 85%
c c  0.07 15 450 1 2 161 5 2550 1756 1.7 8 5 2 5 7% 3387 43009 10909 85%
c d  0.08 15 450 1 2 161 5 2550 1711 1.7 8 5 2 5 7% 3297 43009 10909 85%
c u  0.08 15 450 1 2 161 5 2550 1276 1.7 8 5 2 5 7% 3288 43009 10909 85%
c v  0.08 15 450 1 2 161 5 2550 1032 1.7 8 5 2 5 7% 3289 43009 10909 85%
c
c seconds   switched  rate      size/glue tier1  binary         remaining
c        MB  reductions conflicts    size  tier2    irredundant
c          level restarts   redundant  glue  trail         variables
c
c w  0.08 15 450 1 2 161 5 2550 961 1.7 8 5 2 5 7% 3289 43009 10909 85%
c x  0.08 15 450 1 2 161 5 2550 961 1.7 8 5 2 5 7% 3289 42946 10909 85%
c u  0.11 15 450 1 2 161 5 2550 892 1.7 8 5 2 5 7% 3290 42946 10909 85%
c v  0.11 15 450 1 2 161 5 2550 799 1.7 8 5 2 5 7% 3290 42946 10909 85%
c w  0.11 15 450 1 2 161 5 2550 782 1.7 8 5 2 5 7% 3290 42946 10909 85%
c -  0.12 15 381 1 3 161 4 3414 1219 1.7 8 5 2 6 7% 3318 42946 10909 85%
c ]  0.12 15 318 2 3 162 4 4154 1803 1.7 10 6 2 6 7% 3335 42946 10909 85%
c {  0.12 15 205 2 3 162 41 4154 1803 1.6 4 3 2 5 7% 3335 42946 10909 85%
c i  0.12 15 200 2 3 170 38 4336 1914 1.6 4 3 2 5 7% 3363 42944 10908 85%
c -  0.13 15 183 2 4 274 33 5146 2224 1.6 4 3 2 4 8% 3437 42942 10908 85%
c }  0.13 15 183 3 4 277 34 5154 2230 1.6 4 3 2 4 8% 3437 42942 10908 85%
c [  0.13 15 318 3 4 277 4 5154 2230 1.7 10 6 2 6 7% 3437 42942 10908 85%
c I  0.13 15 318 3 4 277 4 5154 2230 1.7 10 6 2 6 7% 3437 42942 10908 85%
c ]  0.13 15 412 4 4 278 4 6397 3271 1.6 15 10 2 6 12% 3454 42942 10908 85%
c {  0.13 15 183 4 4 278 34 6397 3271 1.6 4 3 2 4 8% 3454 42942 10908 85%
c i  0.14 15 176 4 4 439 38 6955 3657 1.6 5 3 2 4 9% 3512 42938 10907 85%
c -  0.14 15 174 4 5 511 40 7147 3120 1.6 5 3 2 4 9% 3526 42938 10907 85%
c d  0.15 15 173 4 5 668 39 7856 3580 1.6 5 3 2 4 10% 3549 42920 10878 85%
c u  0.16 15 173 4 5 668 39 7856 2761 1.6 5 3 2 4 10% 3577 42920 10878 85%
c v  0.16 15 173 4 5 668 39 7856 2401 1.6 5 3 2 4 10% 3582 42920 10878 85%
c
c seconds   switched   rate       size/glue tier1   binary         remaining
c        MB  reductions conflicts      size  tier2     irredundant
c          level restarts    redundant   glue   trail         variables
c
c w  0.16 15 173 4 5 668 39 7856 2167 1.6 5 3 2 4 10% 3582 42920 10878 85%
c x  0.16 15 173 4 5 668 39 7856 2167 1.6 5 3 2 4 10% 3710 42549 10878 85%
c =  0.18 15 173 4 5 668 39 7856 2167 1.6 5 3 2 4 10% 3944 42505 10755 84%
c d  0.18 15 173 4 5 668 39 7856 1941 1.6 5 3 2 4 10% 3683 42505 10752 84%
c t  0.18 15 173 4 5 668 39 7856 1941 1.6 5 3 2 4 10% 3649 42505 10752 84%
c f  0.18 15 173 4 5 668 39 7856 1941 1.6 5 3 2 4 10% 3664 42477 10761 84%
c c  0.19 15 173 4 5 668 39 7856 1891 1.6 5 3 2 4 10% 3696 42383 10737 83%
c d  0.19 15 173 4 5 668 39 7856 1891 1.6 5 3 2 4 10% 3654 42383 10737 83%
c u  0.19 15 173 4 5 668 39 7856 1745 1.6 5 3 2 4 10% 3656 42383 10737 83%
c v  0.19 15 173 4 5 668 39 7856 1677 1.6 5 3 2 4 10% 3659 42383 10737 83%
c w  0.20 15 173 4 5 668 39 7856 1640 1.6 5 3 2 4 10% 3659 42383 10737 83%
c x  0.20 15 173 4 5 668 39 7856 1640 1.6 5 3 2 4 10% 3794 41503 10737 83%
c =  0.21 15 173 4 5 668 39 7856 1640 1.6 5 3 2 4 10% 4302 41411 10469 81%
c d  0.21 15 173 4 5 668 39 7856 1592 1.6 5 3 2 4 10% 3797 41411 10468 81%
c t  0.22 15 173 4 5 668 39 7856 1592 1.6 5 3 2 4 10% 3768 41411 10468 81%
c b  0.22 15 173 4 5 668 39 7856 1592 1.6 5 3 2 4 10% 3768 41411 10467 81%
c f  0.22 15 173 4 5 668 39 7856 1592 1.6 5 3 2 4 10% 3811 41328 10495 82%
c }  0.24 16 157 5 5 987 39 8749 2332 1.7 7 4 2 4 10% 3888 41327 10495 82%
c [  0.24 16 412 5 5 987 4 8749 2332 1.6 15 10 2 6 12% 3888 41327 10495 82%
c B  0.24 16 401 5 5 987 4 8925 2501 1.6 17 10 2 6 13% 3889 41327 10495 82%
c
c seconds   switched  rate       size/glue  tier1     binary         remaining
c        MB  reductions conflicts      size   tier2      irredundant
c          level restarts   redundant     glue    trail         variables
c
c -  0.27 16 372 5 6 987 4 9383 2499 2.0 24 12 2 10 14% 3875 41327 10495 82%
c ]  0.29 16 363 6 6 987 4 9523 2635 2.2 29 13 2 10 15% 3876 41327 10495 82%
c {  0.29 16 157 6 6 987 39 9523 2635 1.7 7 4 2 4 10% 3876 41327 10495 82%
c o  0.30 16 148 6 6 1078 37 10004 3042 1.8 7 4 2 4 10% 3914 41327 10495 82%
c -  0.32 16 129 6 7 1384 32 11833 4112 1.8 8 4 2 4 10% 4079 41325 10495 82%
c s  0.34 18 122 6 7 1552 31 12749 4909 1.9 8 4 2 4 10% 4139 40086 10495 82%
c e  0.36 18 122 6 7 1552 31 12749 4909 1.9 8 4 2 4 10% 2694 38332 6854 53%
c 2  0.36 18 122 6 7 1552 31 12749 4909 1.9 8 4 2 4 10% 2693 38332 6854 53%
c s  0.37 18 122 6 7 1552 31 12749 4909 1.9 8 4 2 4 10% 2700 38036 6854 53%
c e  0.37 18 122 6 7 1552 31 12749 4909 1.9 8 4 2 4 10% 2456 38278 6782 53%
c ^  0.37 18 122 6 7 1552 31 12749 4909 1.9 8 4 2 4 10% 2456 38278 6782 53%
c }  0.39 19 117 7 7 1751 30 13592 3371 1.9 8 4 2 4 10% 2488 38278 6782 53%
c [  0.39 19 363 7 7 1751 4 13592 3371 2.2 29 13 2 10 15% 2488 38278 6782 53%
c W  0.42 19 329 7 7 1751 4 14455 4196 2.4 41 17 2 10 17% 2492 38278 6782 53%
c -  0.42 19 328 7 8 1751 4 14478 3684 2.4 41 17 2 11 17% 2493 38278 6782 53%
c ]  0.48 19 307 8 8 1752 4 15024 4198 2.4 47 20 2 11 19% 2498 38278 6782 53%
c {  0.48 19 117 8 8 1752 30 15024 4198 1.9 8 4 2 4 10% 2498 38278 6782 53%
c d  0.51 19 114 8 8 1989 30 16105 5171 1.9 10 5 2 4 10% 2533 38278 6779 53%
c u  0.51 19 114 8 8 1989 30 16105 4508 1.9 10 5 2 4 10% 2537 38278 6779 53%
c v  0.52 19 114 8 8 1989 30 16105 4209 1.9 10 5 2 4 10% 2537 38278 6779 53%
c
c seconds   switched    rate        size/glue tier1    binary        remaining
c        MB  reductions   conflicts       size  tier2     irredundant
c          level  restarts     redundant    glue   trail        variables
c
c w  0.53 21 114 8 8 1989 30 16105 4173 1.9 10 5 2 4 10% 2537 38278 6779 53%
c x  0.54 21 114 8 8 1989 30 16105 4173 1.9 10 5 2 4 10% 2553 38027 6779 53%
c =  0.57 21 114 8 8 1989 30 16105 4173 1.9 10 5 2 4 10% 2591 38024 6760 53%
c d  0.58 21 114 8 8 1989 30 16105 4162 1.9 10 5 2 4 10% 2544 38024 6760 53%
c t  0.58 21 114 8 8 1989 30 16105 4162 1.9 10 5 2 4 10% 2527 38024 6760 53%
c f  0.59 21 114 8 8 1989 30 16105 4162 1.9 10 5 2 4 10% 2537 38004 6765 53%
c b  0.59 21 114 8 8 1989 30 16105 4162 1.9 10 5 2 4 10% 2537 38004 6764 53%
c u  0.59 21 114 8 8 1989 30 16105 4042 1.9 10 5 2 4 10% 2539 38004 6764 53%
c v  0.59 21 114 8 8 1989 30 16105 3974 1.9 10 5 2 4 10% 2539 38004 6764 53%
c w  0.61 21 114 8 8 1989 30 16105 3759 1.9 10 5 2 4 10% 2539 38004 6764 53%
c x  0.61 21 114 8 8 1989 30 16105 3756 1.9 10 5 2 4 10% 2583 37588 6764 53%
c =  0.65 21 114 8 8 1989 30 16105 3756 1.9 10 5 2 4 10% 2591 37588 6760 53%
c d  0.65 21 114 8 8 1989 30 16105 3756 1.9 10 5 2 4 10% 2579 37588 6760 53%
c t  0.65 21 114 8 8 1989 30 16105 3756 1.9 10 5 2 4 10% 2573 37588 6760 53%
c -  0.69 21 112 8 9 2299 30 17306 4171 2.0 11 6 1 4 10% 2603 37586 6760 53%
c o  0.81 21 108 8 9 3033 30 20006 6681 2.0 15 8 1 4 12% 2647 37585 6760 53%
c -  0.82 21 108 8 10 3093 30 20307 5952 2.0 16 8 1 3 12% 2652 37585 6760 53%
c }  0.85 21 108 9 10 3307 29 21183 6779 2.0 17 8 1 3 12% 2662 37584 6760 53%
c [  0.85 21 307 9 10 3307 4 21183 6779 2.4 47 20 2 11 19% 2662 37584 6760 53%
c O  0.97 21 281 9 10 3307 4 21985 7556 2.6 59 23 2 11 23% 2662 37584 6760 53%
c
c seconds    switched    rate        size/glue  tier1     binary        remaining
c        MB    reductions  conflicts       size   tier2      irredundant
c          level    restarts    redundant     glue    trail        variables
c
c ]  1.10 22 256 10 10 3308 3 23077 8594 2.6 68 27 2 11 26% 2666 37584 6760 53%
c {  1.10 22 108 10 10 3308 29 23077 8594 2.0 17 8 1 3 12% 2666 37584 6760 53%
c -  1.12 22 108 10 11 3387 29 23470 7256 2.0 17 8 1 3 13% 2675 37582 6760 53%
c s  1.22 22 106 10 11 3933 29 25592 9254 2.0 19 9 1 3 13% 2703 37508 6760 53%
c e  1.23 22 106 10 11 3933 29 25592 9254 2.0 19 9 1 3 13% 2211 38221 6457 50%
c s  1.23 22 106 10 11 3933 29 25592 9254 2.0 19 9 1 3 13% 2261 38031 6457 50%
c e  1.23 22 106 10 11 3933 29 25592 9254 2.0 19 9 1 3 13% 2249 38047 6453 50%
c ^  1.23 22 106 10 11 3933 29 25592 9254 2.0 19 9 1 3 13% 2249 38047 6453 50%
c -  1.28 22 106 10 12 4195 29 26786 7416 2.1 20 10 1 3 14% 2261 38046 6453 50%
c c  1.33 22 105 10 12 4396 29 27545 8128 2.1 21 10 1 3 14% 2269 38038 6452 50%
c d  1.33 22 105 10 12 4396 29 27545 8126 2.1 21 10 1 3 14% 2262 38038 6449 50%
c u  1.34 22 105 10 12 4396 29 27545 7510 2.1 21 10 1 3 14% 2266 38038 6449 50%
c v  1.34 22 105 10 12 4396 29 27545 6743 2.1 21 10 1 3 14% 2267 38038 6449 50%
c w  1.37 22 105 10 12 4396 29 27545 6151 2.1 21 10 1 3 14% 2267 38038 6449 50%
c x  1.39 22 105 10 12 4396 29 27545 6145 2.1 21 10 1 3 14% 2281 37458 6449 50%
c =  1.47 22 105 10 12 4396 29 27545 6145 2.1 21 10 1 3 14% 2975 37352 6102 47%
c d  1.47 22 105 10 12 4396 29 27545 6066 2.1 21 10 1 3 14% 2272 37352 6102 47%
c t  1.47 22 105 10 12 4396 29 27545 6066 2.1 21 10 1 3 14% 2237 37352 6102 47%
c f  1.48 22 105 10 12 4396 29 27545 6066 2.1 21 10 1 3 14% 2284 37215 6129 48%
c u  1.49 22 105 10 12 4396 29 27545 5935 2.1 21 10 1 3 14% 2285 37215 6129 48%
c
c seconds    switched     rate        size/glue  tier1    binary        remaining
c        MB    reductions   conflicts       size   tier2     irredundant
c          level    restarts     redundant     glue   trail        variables
c
c v  1.49 22 105 10 12 4396 29 27545 5757 2.1 21 10 1 3 14% 2285 37215 6129 48%
c w  1.51 22 105 10 12 4396 29 27545 5459 2.1 21 10 1 3 14% 2285 37215 6129 48%
c x  1.53 22 105 10 12 4396 29 27545 5459 2.1 21 10 1 3 14% 2286 34938 6129 48%
c =  1.61 22 105 10 12 4396 29 27545 5459 2.1 21 10 1 3 14% 3008 34938 5768 45%
c d  1.61 22 105 10 12 4396 29 27545 5457 2.1 21 10 1 3 14% 2282 34938 5768 45%
c t  1.61 22 105 10 12 4396 29 27545 5457 2.1 21 10 1 3 14% 2251 34938 5768 45%
c -  1.64 22 104 10 13 4437 26 30253 6990 2.1 21 10 1 3 15% 2269 34938 5768 45%
c }  1.66 22 105 11 13 4467 25 31705 8315 2.1 20 10 1 3 15% 2283 34938 5768 45%
c [  1.66 22 256 11 13 4467 3 31705 8315 2.6 68 27 2 11 26% 2283 34938 5768 45%
c B  1.66 22 255 11 13 4467 3 31747 8348 2.6 68 27 2 11 26% 2283 34938 5768 45%
c -  1.71 22 222 11 14 4469 3 33858 7874 2.5 67 26 1 6 26% 2286 34938 5768 45%
c -  1.75 22 187 11 15 4471 3 37599 8565 2.6 60 23 1 7 25% 2296 34938 5768 45%
c o  1.80 22 175 11 15 4473 3 40103 10974 2.5 61 24 1 7 25% 2299 34938 5768 45%
c -  1.81 22 167 11 16 4473 3 41471 9094 2.5 60 23 1 9 25% 2304 34938 5768 45%
c u  1.83 22 162 11 16 4473 2 42348 9350 2.6 59 23 1 9 25% 2305 34938 5768 45%
c v  1.83 22 162 11 16 4473 2 42348 8886 2.6 59 23 1 9 25% 2305 34938 5768 45%
c w  1.84 22 162 11 16 4473 2 42348 8885 2.6 59 23 1 9 25% 2305 34938 5768 45%
c x  1.84 22 162 11 16 4473 2 42348 8885 2.6 59 23 1 9 25% 2305 34037 5768 45%
c t  1.87 22 162 11 16 4473 2 42348 8885 2.6 59 23 1 9 25% 2302 34037 5768 45%
c W  1.90 22 156 11 16 4473 2 43969 10451 2.6 59 23 1 9 25% 2303 34037 5768 45%
c
c seconds    switched    rate        size/glue  tier1    binary        remaining
c        MB    reductions  conflicts       size   tier2     irredundant
c          level    restarts    redundant     glue   trail        variables
c
c -  1.92 22 151 11 17 4475 2 45471 8959 2.6 56 22 1 9 24% 2303 34037 5768 45%
c -  1.98 22 141 11 18 4478 2 49594 10016 2.6 54 21 1 9 24% 2308 34037 5768 45%
c ]  1.99 22 141 11 18 4478 2 50001 10402 2.6 54 21 1 9 24% 2308 34037 5768 45%
c ?  1.99 22 105 11 18 4478 25 50001 10402 2.1 20 10 1 3 15% 2308 34037 5768 45%
c
c ---- [ result ] ------------------------------------------------------------
c
s UNKNOWN
c
c ---- [ profiling ] ---------------------------------------------------------
c
c           1.27   63.99 %  search
c           0.69   34.65 %  stable
c           0.67   33.52 %  simplify
c           0.65   32.62 %  probe
c           0.58   29.34 %  focused
c           0.32   16.24 %  sweep
c           0.20    9.82 %  vivify
c           0.05    2.47 %  congruence
c           0.05    2.40 %  eliminate
c           0.05    2.33 %  factor
c           0.04    2.08 %  preprocess
c           0.03    1.34 %  substitute
c           0.01    0.75 %  reduce
c           0.01    0.52 %  walking
c           0.01    0.49 %  subsume
c           0.01    0.26 %  transitive
c           0.00    0.21 %  parse
c           0.00    0.19 %  lucky
c           0.00    0.16 %  backbone
c =============================================
c           1.99  100.00 %  total
c
c ---- [ statistics ] --------------------------------------------------------
c
c chronological:                          531                1 %  conflicts
c conflicts:                            50001            25126.55 per second
c congruent:                             1788               14 %  variables
c decisions:                           618857               12.38 per conflict
c eliminated:                            4020               31 %  variables
c factored:                               135                1 %  variables
c iterations:                               2                0 %  variables
c propagations:                      19909148         10004763    per second
c reductions:                              18             2778    interval
c reordered:                                3            16667    interval
c rephased:                                 8             6250    interval
c restarts:                              4478               11    interval
c strengthened:                           646                0 %  checks
c substituted:                           2536               20 %  variables
c subsumed:                              1741                0 %  checks
c switched:                                11             4546    interval
c vivified:                             18134                9 %  checks
c walks:                                    3            16667    interval
c
c ---- [ glue usage ] --------------------------------------------------------
c
c focused glue 1 used 55330 clauses 62.52% accumulated 62.52% tier1
c focused glue 2 used 18885 clauses 21.34% accumulated 83.85%
c focused glue 3 used  5510 clauses  6.23% accumulated 90.08% tier2
c
c stable glue 1   used 117881 clauses 53.02% accumulated 53.02% tier1
c stable glue 2   used  38471 clauses 17.30% accumulated 70.32%
c stable glue 3-7 used  40146 clauses 18.06% accumulated 88.37%
c stable glue 8   used   2824 clauses  1.27% accumulated 89.64%
c stable glue 9   used   2062 clauses  0.93% accumulated 90.57% tier2
c
c ---- [ resources ] ---------------------------------------------------------
c
c maximum-resident-set-size:      23991418880 bytes      22880 MB
c process-time:                             2s               1.99 seconds
c
c ---- [ shutting down ] -----------------------------------------------------
c
c exit 0
