c ---- [ banner ] ------------------------------------------------------------
c
c Kissat SAT Solver
c 
c Copyright (c) 2021-2024 Armin Biere University of Freiburg
c Copyright (c) 2019-2021 Armin Biere Johannes Kepler University Linz
c 
c Version 4.0.4 unknown
c Apple clang version 17.0.0 (clang-1700.3.19.1) -W -Wall -O3 -DNDEBUG
c Thu Oct 16 20:09:41 UTC 2025 Darwin Tahoe-arm64.local 25.0.0 arm64
c
c ---- [ parsing ] -----------------------------------------------------------
c
c opened and reading DIMACS file:
c
c   headline_hunt/bets/cascade_aux_encoding/cnfs/aux_force_sr61_n32_bit13_m4d9f691c_fill55555555.cnf
c
c parsed 'p cnf 12872 53915' header
c closing input after reading 980899 bytes (958 KB)
c finished parsing after 0.00 seconds
c
c ---- [ options ] -----------------------------------------------------------
c
c --seed=7                         (different from default '0')
c
c ---- [ limits ] ------------------------------------------------------------
c
c conflict limit set to 50000 conflicts
c
c ---- [ solving ] -----------------------------------------------------------
c
c seconds switched rate     size/glue tier1  binary         remaining
c        MB reductions conflicts size  tier2    irredundant
c         level restarts redundant glue  trail         variables
c
c *  0.00  9 0 0 0  0 0   0   0 0.0 0 0 0 0 0% 3160 50242 12391 96%
c (  0.00  9 0 0 0  0 0   0   0 0.0 0 0 0 0 0% 3160 50242 12391 96%
c .  0.01  9 0 0 0  0 0   0   0 0.0 0 0 0 0 0% 4056 48322 12391 96%
c c  0.02 14 0 0 0  0 0   0   0 0.0 0 0 0 0 0% 5850 42457 10588 82%
c d  0.02 14 0 0 0  0 0   0   0 0.0 0 0 0 0 0% 3160 42457 10588 82%
c =  0.03 14 0 0 0  0 0   0   0 0.0 0 0 0 0 0% 3022 42457 10584 82%
c d  0.03 14 0 0 0  0 0   0   0 0.0 0 0 0 0 0% 3014 42457 10584 82%
c f  0.04 14 0 0 0  0 0   0   0 0.0 0 0 0 0 0% 3345 41886 10762 84%
c )  0.04 14 0 0 0  0 0   0   0 0.0 0 0 0 0 0% 3345 41886 10762 84%
c {  0.04 14 0 0 0  0 0   0   0 0.0 0 0 2 6 0% 3345 41886 10762 84%
c -  0.05 14 254 0 1 230 63 1001 775 1.5 4 3 2 4 11% 3423 41884 10762 84%
c }  0.05 14 254 1 1 230 63 1001 775 1.5 4 3 2 4 11% 3423 41884 10762 84%
c [  0.05 14 0 1 1 230 0 1001 775 0.0 0 0 2 6 0% 3423 41884 10762 84%
c B  0.05 14 0 1 1 230 0 1001 775 0.0 0 0 2 6 0% 3423 41884 10762 84%
c -  0.06 14 407 1 2 230 3 2002 1442 1.4 13 9 3 13 5% 3432 41884 10762 84%
c W  0.06 15 407 1 2 230 3 2002 1442 1.4 13 9 3 13 5% 3432 41884 10762 84%
c c  0.08 15 421 1 2 231 5 2555 1874 1.4 11 8 3 12 9% 3468 41808 10741 83%
c d  0.08 15 421 1 2 231 5 2555 1851 1.4 11 8 3 12 9% 3411 41808 10733 83%
c u  0.08 15 421 1 2 231 5 2555 1473 1.4 11 8 3 12 9% 3417 41808 10733 83%
c v  0.08 15 421 1 2 231 5 2555 1360 1.4 11 8 3 12 9% 3417 41808 10733 83%
c
c seconds   switched  rate       size/glue tier1    binary         remaining
c        MB  reductions conflicts      size  tier2     irredundant
c          level restarts   redundant    glue   trail         variables
c
c w  0.08 15 421 1 2 231 5 2555 1166 1.4 11 8 3 12 9% 3417 41808 10733 83%
c x  0.09 15 421 1 2 231 5 2555 1166 1.4 11 8 3 12 9% 3417 41728 10733 83%
c =  0.10 15 421 1 2 231 5 2555 1166 1.4 11 8 3 12 9% 3427 41728 10728 83%
c d  0.10 15 421 1 2 231 5 2555 1166 1.4 11 8 3 12 9% 3417 41728 10728 83%
c c  0.11 15 421 1 2 231 5 2555 1166 1.4 11 8 3 12 9% 3420 41720 10726 83%
c d  0.11 15 421 1 2 231 5 2555 1166 1.4 11 8 3 12 9% 3416 41720 10726 83%
c u  0.11 15 421 1 2 231 5 2555 1114 1.4 11 8 3 12 9% 3418 41720 10726 83%
c v  0.12 15 421 1 2 231 5 2555 1097 1.4 11 8 3 12 9% 3418 41720 10726 83%
c w  0.12 15 421 1 2 231 5 2555 1005 1.4 11 8 3 12 9% 3418 41720 10726 83%
c =  0.13 15 421 1 2 231 5 2555 1005 1.4 11 8 3 12 9% 3524 41720 10673 83%
c d  0.13 15 421 1 2 231 5 2555 924 1.4 11 8 3 12 9% 3409 41720 10673 83%
c -  0.14 15 333 1 3 231 5 3416 1454 1.4 11 7 2 11 10% 3431 41720 10673 83%
c ]  0.15 15 315 2 3 232 6 3933 1868 1.6 12 7 2 11 14% 3451 41720 10673 83%
c {  0.15 15 254 2 3 232 63 3933 1868 1.5 4 3 2 4 11% 3451 41720 10673 83%
c }  0.16 15 154 3 3 533 42 4933 2576 1.6 5 3 2 5 9% 3622 41693 10673 83%
c [  0.16 15 315 3 3 533 6 4933 2576 1.6 12 7 2 11 14% 3622 41693 10673 83%
c I  0.16 15 315 3 3 533 6 4933 2576 1.6 12 7 2 11 14% 3622 41693 10673 83%
c -  0.16 15 303 3 4 533 6 5148 2522 1.7 13 8 2 11 15% 3627 41693 10673 83%
c ]  0.17 15 261 4 4 534 5 6190 3459 2.0 17 8 2 11 19% 3645 41688 10673 83%
c {  0.17 15 154 4 4 534 42 6190 3459 1.6 5 3 2 5 9% 3645 41688 10673 83%
c
c seconds   switched   rate       size/glue tier1  binary         remaining
c        MB  reductions conflicts      size  tier2    irredundant
c          level restarts    redundant   glue  trail         variables
c
c -  0.19 15 132 4 5 737 35 7150 3621 1.6 6 4 2 4 9% 3711 41683 10673 83%
c d  0.20 15 121 4 5 942 33 7867 4113 1.7 6 4 2 4 9% 3725 41681 10649 83%
c u  0.20 15 121 4 5 942 33 7867 3425 1.7 6 4 2 4 9% 3757 41681 10649 83%
c v  0.20 15 121 4 5 942 33 7867 3138 1.7 6 4 2 4 9% 3761 41681 10649 83%
c w  0.21 15 121 4 5 942 33 7867 3046 1.7 6 4 2 4 9% 3761 41681 10649 83%
c x  0.21 15 121 4 5 942 33 7867 3046 1.7 6 4 2 4 9% 3821 41560 10649 83%
c =  0.22 15 121 4 5 942 33 7867 3046 1.7 6 4 2 4 9% 3917 41560 10601 82%
c d  0.23 15 121 4 5 942 33 7867 3005 1.7 6 4 2 4 9% 3789 41560 10593 82%
c t  0.23 15 121 4 5 942 33 7867 3005 1.7 6 4 2 4 9% 3768 41560 10593 82%
c f  0.23 15 121 4 5 942 33 7867 3005 1.7 6 4 2 4 9% 3792 41504 10605 82%
c c  0.24 15 121 4 5 942 33 7867 2979 1.7 6 4 2 4 9% 3818 41448 10591 82%
c d  0.24 15 121 4 5 942 33 7867 2979 1.7 6 4 2 4 9% 3790 41448 10591 82%
c u  0.24 15 121 4 5 942 33 7867 2863 1.7 6 4 2 4 9% 3796 41448 10591 82%
c v  0.24 15 121 4 5 942 33 7867 2777 1.7 6 4 2 4 9% 3797 41448 10591 82%
c w  0.25 15 121 4 5 942 33 7867 2623 1.7 6 4 2 4 9% 3797 41448 10591 82%
c x  0.25 15 121 4 5 942 33 7867 2623 1.7 6 4 2 4 9% 3901 40904 10591 82%
c =  0.27 15 121 4 5 942 33 7867 2623 1.7 6 4 2 4 9% 3903 40904 10590 82%
c d  0.27 15 121 4 5 942 33 7867 2623 1.7 6 4 2 4 9% 3901 40904 10590 82%
c t  0.27 15 121 4 5 942 33 7867 2623 1.7 6 4 2 4 9% 3876 40904 10590 82%
c }  0.28 15 112 5 5 1122 31 8542 3231 1.7 7 4 2 4 10% 3897 40903 10590 82%
c
c seconds   switched   rate       size/glue tier1     binary         remaining
c        MB  reductions conflicts       size  tier2      irredundant
c          level  restarts   redundant    glue    trail         variables
c
c [  0.28 15 261 5 5 1122 5 8542 3231 2.0 17 8 2 11 19% 3897 40903 10590 82%
c B  0.28 15 254 5 5 1122 5 8704 3377 2.0 17 8 3 12 20% 3897 40903 10590 82%
c -  0.30 16 235 5 6 1122 5 9391 3468 2.1 21 10 2 12 20% 3900 40903 10590 82%
c o  0.32 16 208 5 6 1124 5 10708 4633 2.2 21 10 2 12 21% 3953 40901 10590 82%
c ]  0.32 16 206 6 6 1124 5 10819 4741 2.3 23 10 2 12 21% 3954 40901 10590 82%
c {  0.32 16 112 6 6 1124 31 10819 4741 1.7 7 4 2 4 10% 3954 40901 10590 82%
c -  0.34 16 103 6 7 1269 27 11840 4912 1.7 7 4 2 4 10% 4024 40896 10590 82%
c s  0.36 16 101 6 7 1409 25 12767 5714 1.7 7 4 2 4 9% 4077 40472 10590 82%
c e  0.38 20 101 6 7 1409 25 12767 5714 1.7 7 4 2 4 9% 2442 34297 6220 48%
c s  0.38 20 101 6 7 1409 25 12767 5714 1.7 7 4 2 4 9% 2451 34051 6220 48%
c e  0.39 20 101 6 7 1409 25 12767 5714 1.7 7 4 2 4 9% 2373 33796 6140 48%
c ^  0.39 20 101 6 7 1409 25 12767 5714 1.7 7 4 2 4 9% 2373 33796 6140 48%
c -  0.41 21 92 6 8 1747 23 14485 4072 1.7 8 5 2 4 10% 2420 33795 6140 48%
c }  0.42 21 91 7 8 1835 23 14889 4436 1.7 8 5 2 4 10% 2434 33795 6140 48%
c [  0.42 21 206 7 8 1835 5 14889 4436 2.3 23 10 2 12 21% 2434 33795 6140 48%
c W  0.42 21 206 7 8 1835 5 14889 4436 2.3 23 10 2 12 21% 2434 33795 6140 48%
c c  0.47 21 187 7 8 1836 4 16121 5618 2.4 35 15 2 12 23% 2440 33793 6138 48%
c d  0.47 21 187 7 8 1836 4 16121 5616 2.4 35 15 2 12 23% 2436 33793 6138 48%
c u  0.48 21 187 7 8 1836 4 16121 4854 2.4 35 15 2 12 23% 2449 33793 6138 48%
c v  0.48 21 187 7 8 1836 4 16121 4589 2.4 35 15 2 12 23% 2450 33793 6138 48%
c
c seconds   switched   rate        size/glue  tier1     binary        remaining
c        MB  reductions  conflicts       size   tier2      irredundant
c          level  restarts    redundant     glue    trail        variables
c
c w  0.49 21 187 7 8 1836 4 16121 4575 2.4 35 15 2 12 23% 2450 33793 6138 48%
c x  0.49 21 187 7 8 1836 4 16121 4573 2.4 35 15 2 12 23% 2478 33558 6138 48%
c =  0.52 21 187 7 8 1836 4 16121 4573 2.4 35 15 2 12 23% 2480 33558 6137 48%
c d  0.52 21 187 7 8 1836 4 16121 4571 2.4 35 15 2 12 23% 2476 33558 6136 48%
c t  0.52 21 187 7 8 1836 4 16121 4571 2.4 35 15 2 12 23% 2444 33558 6136 48%
c f  0.53 21 187 7 8 1836 4 16121 4571 2.4 35 15 2 12 23% 2457 33528 6143 48%
c b  0.53 21 187 7 8 1836 4 16121 4571 2.4 35 15 2 12 23% 2457 33528 6142 48%
c u  0.53 21 187 7 8 1836 4 16121 4403 2.4 35 15 2 12 23% 2466 33528 6142 48%
c v  0.53 21 187 7 8 1836 4 16121 4316 2.4 35 15 2 12 23% 2466 33528 6142 48%
c w  0.54 21 187 7 8 1836 4 16121 4316 2.4 35 15 2 12 23% 2466 33528 6142 48%
c x  0.55 21 187 7 8 1836 4 16121 4315 2.4 35 15 2 12 23% 2473 33443 6142 48%
c =  0.57 21 187 7 8 1836 4 16121 4315 2.4 35 15 2 12 23% 2591 33442 6083 47%
c d  0.57 21 187 7 8 1836 4 16121 4174 2.4 35 15 2 12 23% 2457 33442 6083 47%
c t  0.57 21 187 7 8 1836 4 16121 4174 2.4 35 15 2 12 23% 2453 33442 6083 47%
c f  0.58 21 187 7 8 1836 4 16121 4174 2.4 35 15 2 12 23% 2461 33426 6087 47%
c -  0.60 21 176 7 9 1837 4 17313 4243 2.3 37 16 2 10 23% 2470 33426 6087 47%
c ]  0.61 21 168 8 9 1837 4 18223 5108 2.3 36 16 2 10 23% 2475 33426 6087 47%
c {  0.61 21 91 8 9 1837 23 18223 5108 1.7 8 5 2 4 10% 2475 33426 6087 47%
c -  0.65 21 85 8 10 2365 22 20313 5656 1.7 9 5 1 4 10% 2506 33425 6087 47%
c o  0.65 21 84 8 10 2467 22 20711 6007 1.7 9 5 1 4 10% 2518 33424 6087 47%
c
c seconds  switched     rate        size/glue tier1   binary        remaining
c        MB  reductions   conflicts      size  tier2     irredundant
c         level   restarts     redundant   glue   trail        variables
c
c -  0.70 21 81 8 11 3108 22 23476 7163 1.7 9 5 1 4 11% 2563 33424 6087 47%
c }  0.72 21 81 9 11 3225 21 24382 7975 1.8 10 5 1 4 11% 2579 33424 6087 47%
c [  0.72 21 168 9 11 3225 4 24382 7975 2.3 36 16 2 10 23% 2579 33424 6087 47%
c O  0.72 21 168 9 11 3225 4 24382 7975 2.3 36 16 2 10 23% 2579 33424 6087 47%
c s  0.73 21 158 9 11 3226 4 25706 9235 2.3 36 16 2 10 23% 2589 33002 6087 47%
c e  0.75 21 158 9 11 3226 4 25706 9235 2.3 36 16 2 10 23% 2045 33712 5744 45%
c s  0.75 21 158 9 11 3226 4 25706 9235 2.3 36 16 2 10 23% 2100 33438 5744 45%
c e  0.75 21 158 9 11 3226 4 25706 9235 2.3 36 16 2 10 23% 2074 33472 5733 45%
c ^  0.75 21 158 9 11 3226 4 25706 9235 2.3 36 16 2 10 23% 2074 33472 5733 45%
c -  0.77 21 154 9 12 3227 3 26794 6284 2.3 39 17 2 10 23% 2075 33472 5733 45%
c u  0.79 21 150 9 12 3227 3 27643 6592 2.3 42 18 2 10 24% 2081 33472 5733 45%
c v  0.79 21 150 9 12 3227 3 27643 5865 2.3 42 18 2 10 24% 2081 33472 5733 45%
c w  0.80 21 150 9 12 3227 3 27643 5854 2.3 42 18 2 10 24% 2081 33472 5733 45%
c x  0.80 21 150 9 12 3227 3 27643 5852 2.3 42 18 2 10 24% 2092 33321 5733 45%
c =  0.83 21 150 9 12 3227 3 27643 5852 2.3 42 18 2 10 24% 2106 33321 5726 44%
c d  0.83 21 150 9 12 3227 3 27643 5852 2.3 42 18 2 10 24% 2090 33321 5726 44%
c t  0.83 21 150 9 12 3227 3 27643 5852 2.3 42 18 2 10 24% 2071 33321 5726 44%
c f  0.84 21 150 9 12 3227 3 27643 5852 2.3 42 18 2 10 24% 2140 33129 5761 45%
c u  0.84 21 150 9 12 3227 3 27643 5751 2.3 42 18 2 10 24% 2140 33129 5761 45%
c v  0.85 21 150 9 12 3227 3 27643 5402 2.3 42 18 2 10 24% 2141 33129 5761 45%
c
c seconds   switched    rate        size/glue  tier1     binary        remaining
c        MB   reductions  conflicts       size   tier2      irredundant
c          level   restarts    redundant     glue    trail        variables
c
c w  0.85 21 150 9 12 3227 3 27643 5376 2.3 42 18 2 10 24% 2141 33129 5761 45%
c x  0.85 21 150 9 12 3227 3 27643 5376 2.3 42 18 2 10 24% 2182 33005 5761 45%
c =  0.88 21 150 9 12 3227 3 27643 5376 2.3 42 18 2 10 24% 2762 32997 5471 43%
c d  0.88 21 150 9 12 3227 3 27643 5375 2.3 42 18 2 10 24% 2181 32997 5471 43%
c t  0.88 21 150 9 12 3227 3 27643 5375 2.3 42 18 2 10 24% 2177 32997 5471 43%
c -  0.93 21 142 9 13 3229 3 30258 5750 2.3 46 20 2 13 24% 2178 32997 5471 43%
c -  0.97 21 132 9 14 3231 3 33863 7015 2.3 45 20 2 14 24% 2195 32997 5471 43%
c B  0.97 21 132 9 14 3231 3 34143 7290 2.3 46 20 2 14 24% 2196 32997 5471 43%
c ]  0.98 21 131 10 14 3231 3 34647 7779 2.3 46 20 2 14 24% 2196 32997 5471 43%
c {  0.98 21 81 10 14 3231 21 34647 7779 1.8 10 5 1 4 11% 2196 32997 5471 43%
c -  1.03 21 79 10 15 3825 20 37604 8786 1.8 10 6 1 4 11% 2209 32997 5471 43%
c o  1.08 22 77 10 15 4307 20 40721 11684 1.8 10 6 1 4 11% 2237 32997 5471 43%
c -  1.10 22 77 10 16 4486 20 41476 10670 1.8 10 6 1 4 11% 2239 32997 5471 43%
c u  1.13 22 76 10 16 4749 20 42500 10906 1.8 11 6 1 4 12% 2248 32996 5471 43%
c v  1.13 22 76 10 16 4749 20 42500 10469 1.8 11 6 1 4 12% 2248 32996 5471 43%
c w  1.13 22 76 10 16 4749 20 42500 10451 1.8 11 6 1 4 12% 2248 32996 5471 43%
c x  1.14 22 76 10 16 4749 20 42500 10448 1.8 11 6 1 4 12% 2254 32362 5471 43%
c =  1.18 22 76 10 16 4749 20 42500 10448 1.8 11 6 1 4 12% 2372 32362 5412 42%
c d  1.18 22 76 10 16 4749 20 42500 10433 1.8 11 6 1 4 12% 2242 32362 5412 42%
c t  1.18 22 76 10 16 4749 20 42500 10433 1.8 11 6 1 4 12% 2234 32362 5412 42%
c
c seconds   switched     rate         size/glue tier1    binary        remaining
c        MB   reductions   conflicts        size  tier2     irredundant
c         level    restarts      redundant    glue   trail        variables
c
c u  1.19 22 76 10 16 4749 20 42500 10326 1.8 11 6 1 4 12% 2235 32362 5412 42%
c v  1.20 22 76 10 16 4749 20 42500 9920 1.8 11 6 1 4 12% 2235 32362 5412 42%
c w  1.20 22 76 10 16 4749 20 42500 9904 1.8 11 6 1 4 12% 2235 32362 5412 42%
c x  1.21 22 76 10 16 4749 20 42500 9898 1.8 11 6 1 4 12% 2237 31965 5412 42%
c =  1.24 22 76 10 16 4749 20 42500 9898 1.8 11 6 1 4 12% 2239 31965 5411 42%
c d  1.24 22 76 10 16 4749 20 42500 9898 1.8 11 6 1 4 12% 2237 31965 5411 42%
c t  1.24 22 76 10 16 4749 20 42500 9898 1.8 11 6 1 4 12% 2236 31965 5411 42%
c }  1.26 22 76 11 16 4930 20 43276 10641 1.8 11 6 1 4 12% 2238 31965 5411 42%
c [  1.26 22 131 11 16 4930 3 43276 10641 2.3 46 20 2 14 24% 2238 31965 5411 42%
c -  1.29 22 128 11 17 4932 3 45476 10303 2.3 46 20 2 14 25% 2240 31965 5411 42%
c W  1.31 22 126 11 17 4932 3 46366 11172 2.3 46 20 2 14 25% 2240 31965 5411 42%
c -  1.36 22 123 11 18 4935 3 49599 10843 2.3 46 20 2 13 25% 2242 31965 5411 42%
c ]  1.37 22 123 11 18 4935 3 50001 11237 2.3 46 20 2 13 25% 2242 31965 5411 42%
c ?  1.37 22 76 11 18 4935 20 50001 11237 1.8 11 6 1 4 12% 2242 31965 5411 42%
c
c ---- [ result ] ------------------------------------------------------------
c
s UNKNOWN
c
c ---- [ profiling ] ---------------------------------------------------------
c
c           0.78   56.66 %  search
c           0.55   40.13 %  simplify
c           0.52   38.22 %  probe
c           0.40   29.47 %  stable
c           0.37   27.19 %  focused
c           0.24   17.39 %  sweep
c           0.15   10.93 %  vivify
c           0.06    4.02 %  congruence
c           0.05    3.89 %  eliminate
c           0.04    3.03 %  factor
c           0.04    2.84 %  preprocess
c           0.03    2.15 %  substitute
c           0.02    1.14 %  reduce
c           0.01    0.78 %  walking
c           0.01    0.69 %  subsume
c           0.01    0.42 %  transitive
c           0.00    0.27 %  parse
c           0.00    0.26 %  backbone
c           0.00    0.09 %  lucky
c =============================================
c           1.37  100.00 %  total
c
c ---- [ statistics ] --------------------------------------------------------
c
c chronological:                          389                1 %  conflicts
c conflicts:                            50001            36474.34 per second
c congruent:                             1614               13 %  variables
c decisions:                           512930               10.26 per conflict
c eliminated:                            4804               37 %  variables
c factored:                               236                2 %  variables
c propagations:                      12224191          8917209    per second
c reductions:                              18             2778    interval
c reordered:                                3            16667    interval
c rephased:                                 8             6250    interval
c restarts:                              4935               10    interval
c strengthened:                           456                0 %  checks
c substituted:                           1952               15 %  variables
c subsumed:                              1298                0 %  checks
c switched:                                11             4546    interval
c vivified:                             13498               12 %  checks
c walks:                                    3            16667    interval
c
c ---- [ glue usage ] --------------------------------------------------------
c
c focused glue 1 used 40643 clauses 60.93% accumulated 60.93% tier1
c focused glue 2 used 14165 clauses 21.24% accumulated 82.17%
c focused glue 3 used  4540 clauses  6.81% accumulated 88.98%
c focused glue 4 used  2182 clauses  3.27% accumulated 92.25% tier2
c
c stable glue 2    used 36898 clauses 21.63% accumulated 63.76% tier1
c stable glue 3    used 14373 clauses  8.43% accumulated 72.19%
c stable glue 4-11 used 27943 clauses 16.38% accumulated 88.57%
c stable glue 12   used  1538 clauses  0.90% accumulated 89.47%
c stable glue 13   used  1271 clauses  0.75% accumulated 90.21% tier2
c
c ---- [ resources ] ---------------------------------------------------------
c
c maximum-resident-set-size:      23337107456 bytes      22256 MB
c process-time:                             1s               1.37 seconds
c
c ---- [ shutting down ] -----------------------------------------------------
c
c exit 0
