c ---- [ banner ] ------------------------------------------------------------
c
c Kissat SAT Solver
c 
c Copyright (c) 2021-2024 Armin Biere University of Freiburg
c Copyright (c) 2019-2021 Armin Biere Johannes Kepler University Linz
c 
c Version 4.0.4 unknown
c Apple clang version 17.0.0 (clang-1700.3.19.1) -W -Wall -O3 -DNDEBUG
c Thu Oct 16 20:09:41 UTC 2025 Darwin Tahoe-arm64.local 25.0.0 arm64
c
c ---- [ parsing ] -----------------------------------------------------------
c
c opened and reading DIMACS file:
c
c   headline_hunt/bets/cascade_aux_encoding/cnfs/aux_expose_sr61_n32_bit10_m3304caa0_fill80000000.cnf
c
c parsed 'p cnf 12816 53698' header
c closing input after reading 977741 bytes (955 KB)
c finished parsing after 0.00 seconds
c
c ---- [ options ] -----------------------------------------------------------
c
c --seed=1                         (different from default '0')
c
c ---- [ limits ] ------------------------------------------------------------
c
c conflict limit set to 50000 conflicts
c
c ---- [ solving ] -----------------------------------------------------------
c
c seconds switched rate     size/glue tier1  binary         remaining
c        MB reductions conflicts size  tier2    irredundant
c         level restarts redundant glue  trail         variables
c
c *  0.00  9 0 0 0  0 0   0   0 0.0 0 0 0 0 0% 3570 50063 12815 100%
c (  0.01  9 0 0 0  0 0   0   0 0.0 0 0 0 0 0% 3570 50063 12815 100%
c .  0.01  9 0 0 0  0 0   0   0 0.0 0 0 0 0 0% 3570 50063 12815 100%
c c  0.02 14 0 0 0  0 0   0   0 0.0 0 0 0 0 0% 5778 43296 10847 85%
c d  0.02 14 0 0 0  0 0   0   0 0.0 0 0 0 0 0% 3122 43296 10847 85%
c =  0.03 14 0 0 0  0 0   0   0 0.0 0 0 0 0 0% 3078 43296 10842 85%
c d  0.03 14 0 0 0  0 0   0   0 0.0 0 0 0 0 0% 3068 43296 10842 85%
c f  0.04 15 0 0 0  0 0   0   0 0.0 0 0 0 0 0% 3198 43034 10908 85%
c )  0.05 15 0 0 0  0 0   0   0 0.0 0 0 0 0 0% 3198 43034 10908 85%
c {  0.05 15 0 0 0  0 0   0   0 0.0 0 0 2 6 0% 3198 43034 10908 85%
c -  0.05 15 204 0 1 218 43 1000 677 1.5 4 3 2 5 7% 3333 43034 10908 85%
c }  0.05 15 204 1 1 218 43 1000 677 1.5 4 3 2 5 7% 3333 43034 10908 85%
c [  0.05 15 0 1 1 218 0 1000 677 0.0 0 0 2 6 0% 3333 43034 10908 85%
c B  0.05 15 365 1 1 218 264 1001 678 4.0 4 1 2 6 9% 3333 43034 10908 85%
c i  0.05 15 484 1 1 218 9 1190 807 1.5 7 5 2 6 6% 3335 43034 10907 85%
c -  0.06 15 340 1 2 218 4 2002 1196 1.8 7 4 2 4 4% 3361 43034 10907 85%
c W  0.06 15 340 1 2 218 4 2002 1196 1.8 7 4 2 4 4% 3359 43032 10907 85%
c i  0.06 15 276 1 2 218 4 2250 1301 1.8 6 3 2 4 3% 3384 43032 10906 85%
c c  0.07 15 329 1 2 219 8 2553 1510 1.7 6 4 2 4 6% 3452 42729 10831 85%
c d  0.07 15 329 1 2 219 8 2553 1225 1.7 6 4 2 4 6% 3310 42727 10831 85%
c
c seconds   switched  rate      size/glue tier1  binary         remaining
c        MB  reductions conflicts    size  tier2    irredundant
c          level restarts   redundant  glue  trail         variables
c
c u  0.07 15 329 1 2 219 8 2553 753 1.7 6 4 2 4 6% 3314 42727 10831 85%
c v  0.07 15 329 1 2 219 8 2553 538 1.7 6 4 2 4 6% 3315 42727 10831 85%
c w  0.08 15 329 1 2 219 8 2553 521 1.7 6 4 2 4 6% 3315 42727 10831 85%
c x  0.08 15 329 1 2 219 8 2553 521 1.7 6 4 2 4 6% 3349 42529 10831 85%
c =  0.09 15 329 1 2 219 8 2553 521 1.7 6 4 2 4 6% 3355 42529 10828 84%
c d  0.09 15 329 1 2 219 8 2553 514 1.7 6 4 2 4 6% 3337 42529 10823 84%
c t  0.10 15 329 1 2 219 8 2553 514 1.7 6 4 2 4 6% 3333 42529 10823 84%
c c  0.10 15 329 1 2 219 8 2553 514 1.7 6 4 2 4 6% 3348 42478 10812 84%
c d  0.11 15 329 1 2 219 8 2553 513 1.7 6 4 2 4 6% 3332 42478 10812 84%
c u  0.11 15 329 1 2 219 8 2553 455 1.7 6 4 2 4 6% 3334 42478 10812 84%
c v  0.11 15 329 1 2 219 8 2553 437 1.7 6 4 2 4 6% 3334 42478 10812 84%
c w  0.11 15 329 1 2 219 8 2553 432 1.7 6 4 2 4 6% 3334 42478 10812 84%
c d  0.12 15 329 1 2 219 8 2553 431 1.7 6 4 2 4 6% 3332 42478 10811 84%
c -  0.13 15 246 1 3 219 8 3418 955 1.7 7 4 2 5 5% 3363 42478 10811 84%
c ]  0.13 15 272 2 3 220 8 3934 1368 1.7 8 4 2 5 8% 3368 42478 10811 84%
c {  0.13 15 204 2 3 220 43 3934 1368 1.5 4 3 2 5 7% 3368 42478 10811 84%
c }  0.14 15 194 3 3 447 45 4934 2184 1.5 5 3 2 5 9% 3440 42476 10811 84%
c [  0.14 15 272 3 3 447 8 4934 2184 1.7 8 4 2 5 8% 3440 42476 10811 84%
c I  0.14 15 272 3 3 447 8 4934 2184 1.7 8 4 2 5 8% 3440 42476 10811 84%
c -  0.14 15 271 3 4 447 8 5150 2173 1.7 11 6 2 6 9% 3440 42476 10811 84%
c
c seconds   switched  rate       size/glue tier1    binary         remaining
c        MB  reductions conflicts      size  tier2     irredundant
c          level restarts   redundant    glue   trail         variables
c
c -  0.15 15 225 3 5 448 6 7150 3362 1.7 13 8 2 9 10% 3450 42475 10811 84%
c d  0.16 15 220 3 5 449 6 7861 3931 1.7 13 8 2 9 10% 3422 42468 10794 84%
c b  0.16 15 220 3 5 449 6 7861 3931 1.7 13 8 2 9 10% 3422 42468 10792 84%
c u  0.16 15 220 3 5 449 6 7861 3263 1.7 13 8 2 9 10% 3427 42468 10792 84%
c v  0.16 15 220 3 5 449 6 7861 2923 1.7 13 8 2 9 10% 3427 42468 10792 84%
c w  0.17 15 220 3 5 449 6 7861 2695 1.7 13 8 2 9 10% 3427 42468 10792 84%
c x  0.17 15 220 3 5 449 6 7861 2695 1.7 13 8 2 9 10% 3484 42327 10792 84%
c d  0.17 15 220 3 5 449 6 7861 2693 1.7 13 8 2 9 10% 3480 42327 10790 84%
c t  0.17 15 220 3 5 449 6 7861 2693 1.7 13 8 2 9 10% 3475 42327 10790 84%
c f  0.17 15 220 3 5 449 6 7861 2693 1.7 13 8 2 9 10% 3481 42313 10794 84%
c c  0.18 15 220 3 5 449 6 7861 2677 1.7 13 8 2 9 10% 3514 42219 10770 84%
c d  0.18 15 220 3 5 449 6 7861 2677 1.7 13 8 2 9 10% 3468 42219 10770 84%
c u  0.18 15 220 3 5 449 6 7861 2553 1.7 13 8 2 9 10% 3461 42219 10769 84%
c v  0.19 15 220 3 5 449 6 7861 2433 1.7 13 8 2 9 10% 3461 42219 10769 84%
c w  0.19 15 220 3 5 449 6 7861 2294 1.7 13 8 2 9 10% 3461 42219 10769 84%
c x  0.19 15 220 3 5 449 6 7861 2294 1.7 13 8 2 9 10% 3598 41879 10769 84%
c =  0.21 15 220 3 5 449 6 7861 2294 1.7 13 8 2 9 10% 3668 41871 10732 84%
c d  0.21 15 220 3 5 449 6 7861 2253 1.7 13 8 2 9 10% 3588 41871 10732 84%
c t  0.21 15 220 3 5 449 6 7861 2253 1.7 13 8 2 9 10% 3587 41871 10732 84%
c f  0.21 15 220 3 5 449 6 7861 2253 1.7 13 8 2 9 10% 3591 41863 10734 84%
c
c seconds   switched  rate       size/glue tier1    binary         remaining
c        MB  reductions conflicts      size  tier2     irredundant
c          level restarts   redundant    glue   trail         variables
c
c i  0.21 15 220 3 5 449 6 7861 2253 1.7 13 8 2 9 10% 3591 41863 10734 84%
c ]  0.21 15 217 4 5 449 6 8262 2603 1.7 13 8 2 9 10% 3591 41863 10734 84%
c {  0.21 15 194 4 5 449 45 8262 2603 1.5 5 3 2 5 9% 3591 41863 10734 84%
c -  0.22 15 165 4 6 780 41 9386 3086 1.5 5 3 2 5 8% 3651 41863 10734 84%
c o  0.23 15 158 4 6 914 39 10037 3573 1.5 5 3 2 5 8% 3690 41863 10734 84%
c }  0.24 15 151 5 6 1073 38 10615 4043 1.7 7 4 2 5 8% 3741 41863 10734 84%
c [  0.24 15 217 5 6 1073 6 10615 4043 1.7 13 8 2 9 10% 3741 41863 10734 84%
c B  0.24 15 217 5 6 1073 6 10615 4043 1.7 13 8 2 9 10% 3741 41863 10734 84%
c -  0.24 15 189 5 7 1073 5 11837 4302 1.7 12 7 2 8 9% 3782 41863 10734 84%
c s  0.26 17 187 5 7 1074 5 12754 5100 1.8 15 8 2 8 10% 3798 41652 10734 84%
c e  0.27 18 187 5 7 1074 5 12754 5100 1.8 15 8 2 8 10% 2499 39697 7015 55%
c 2  0.27 18 187 5 7 1074 5 12754 5100 1.8 15 8 2 8 10% 2497 39697 7015 55%
c s  0.28 18 187 5 7 1074 5 12754 5100 1.8 15 8 2 8 10% 2503 39324 7015 55%
c e  0.28 18 187 5 7 1074 5 12754 5100 1.8 15 8 2 8 10% 2267 39553 6934 54%
c ^  0.28 18 187 5 7 1074 5 12754 5100 1.8 15 8 2 8 10% 2267 39553 6934 54%
c -  0.29 18 180 5 8 1075 4 14485 3062 1.8 15 9 2 10 10% 2285 39551 6934 54%
c c  0.30 18 177 5 8 1076 4 16108 4354 1.8 16 9 2 10 10% 2319 39373 6908 54%
c d  0.30 18 177 5 8 1076 4 16108 4192 1.8 16 9 2 10 10% 2267 39373 6908 54%
c u  0.31 18 177 5 8 1076 4 16108 3659 1.8 16 9 2 10 10% 2277 39373 6908 54%
c v  0.31 18 177 5 8 1076 4 16108 3282 1.8 16 9 2 10 10% 2283 39373 6908 54%
c
c seconds   switched   rate        size/glue tier1     binary        remaining
c        MB  reductions  conflicts       size  tier2      irredundant
c          level  restarts    redundant    glue    trail        variables
c
c w  0.31 18 177 5 8 1076 4 16108 3092 1.8 16 9 2 10 10% 2283 39373 6908 54%
c x  0.32 18 177 5 8 1076 4 16108 3092 1.8 16 9 2 10 10% 2316 39168 6908 54%
c d  0.33 18 177 5 8 1076 4 16108 3059 1.8 16 9 2 10 10% 2298 39168 6899 54%
c t  0.33 18 177 5 8 1076 4 16108 3059 1.8 16 9 2 10 10% 2292 39168 6899 54%
c f  0.34 18 177 5 8 1076 4 16108 3059 1.8 16 9 2 10 10% 2311 39124 6910 54%
c c  0.34 18 177 5 8 1076 4 16108 3046 1.8 16 9 2 10 10% 2315 39105 6908 54%
c d  0.34 18 177 5 8 1076 4 16108 3046 1.8 16 9 2 10 10% 2311 39105 6908 54%
c u  0.35 18 177 5 8 1076 4 16108 2902 1.8 16 9 2 10 10% 2320 39105 6908 54%
c v  0.35 18 177 5 8 1076 4 16108 2796 1.8 16 9 2 10 10% 2320 39105 6908 54%
c w  0.35 18 177 5 8 1076 4 16108 2548 1.8 16 9 2 10 10% 2321 39105 6908 54%
c x  0.36 18 177 5 8 1076 4 16108 2548 1.8 16 9 2 10 10% 2321 39054 6908 54%
c d  0.36 18 177 5 8 1076 4 16108 2543 1.8 16 9 2 10 10% 2313 39054 6904 54%
c t  0.36 18 177 5 8 1076 4 16108 2543 1.8 16 9 2 10 10% 2310 39054 6904 54%
c f  0.36 18 177 5 8 1076 4 16108 2543 1.8 16 9 2 10 10% 2323 39017 6910 54%
c W  0.37 18 177 5 8 1076 4 16145 2572 1.8 16 9 2 10 10% 2325 39017 6910 54%
c -  0.37 18 172 5 9 1077 4 17314 3081 1.8 15 9 2 10 10% 2336 39017 6910 54%
c -  0.38 18 162 5 10 1078 4 20315 4504 1.7 17 10 2 12 9% 2338 39017 6910 54%
c o  0.38 18 161 5 10 1079 4 20528 4663 1.7 17 10 2 12 9% 2338 39017 6910 54%
c ]  0.39 18 161 6 10 1079 4 20758 4878 1.8 17 10 2 12 10% 2339 39017 6910 54%
c {  0.39 18 151 6 10 1079 38 20758 4878 1.7 7 4 2 5 8% 2339 39017 6910 54%
c
c seconds   switched     rate        size/glue tier1  binary        remaining
c        MB   reductions   conflicts      size  tier2    irredundant
c          level   restarts     redundant   glue  trail        variables
c
c -  0.42 21 122 6 11 1567 31 23478 6099 1.8 9 5 2 4 8% 2543 39013 6910 54%
c }  0.47 21 114 7 11 1914 30 24827 7331 1.9 10 5 2 4 9% 2597 39013 6910 54%
c [  0.47 21 161 7 11 1914 4 24827 7331 1.8 17 10 2 12 10% 2597 39013 6910 54%
c O  0.47 21 161 7 11 1914 4 24827 7331 1.8 17 10 2 12 10% 2597 39013 6910 54%
c ]  0.56 21 159 8 11 1914 4 25325 7802 2.1 25 12 2 12 11% 2599 39013 6910 54%
c {  0.56 21 114 8 11 1914 30 25325 7802 1.9 10 5 2 4 9% 2599 39013 6910 54%
c s  0.57 21 116 8 11 1955 30 25576 8023 1.9 10 5 2 4 9% 2610 38991 6910 54%
c e  0.58 21 116 8 11 1955 30 25576 8023 1.9 10 5 2 4 9% 2272 39496 6662 52%
c s  0.58 21 116 8 11 1955 30 25576 8023 1.9 10 5 2 4 9% 2354 39270 6662 52%
c ^  0.59 21 116 8 11 1955 30 25576 8023 1.9 10 5 2 4 9% 2354 39270 6662 52%
c -  0.62 21 113 8 12 2250 30 26794 6830 2.0 12 6 1 3 10% 2395 39268 6662 52%
c d  0.65 21 112 8 12 2439 30 27529 7491 2.0 13 7 1 3 10% 2410 39266 6661 52%
c u  0.65 21 112 8 12 2439 30 27529 6902 2.0 13 7 1 3 10% 2417 39266 6661 52%
c v  0.66 21 112 8 12 2439 30 27529 6175 2.0 13 7 1 3 10% 2421 39266 6661 52%
c w  0.67 21 112 8 12 2439 30 27529 5614 2.0 13 7 1 3 10% 2421 39266 6661 52%
c =  0.71 21 112 8 12 2439 30 27529 5614 2.0 13 7 1 3 10% 2507 39266 6618 52%
c d  0.71 21 112 8 12 2439 30 27529 5547 2.0 13 7 1 3 10% 2391 39266 6618 52%
c t  0.71 21 112 8 12 2439 30 27529 5547 2.0 13 7 1 3 10% 2383 39266 6618 52%
c f  0.72 21 112 8 12 2439 30 27529 5547 2.0 13 7 1 3 10% 2460 39035 6658 52%
c u  0.73 21 112 8 12 2439 30 27529 5386 2.0 13 7 1 3 10% 2463 39035 6658 52%
c
c seconds   switched     rate        size/glue tier1    binary        remaining
c        MB   reductions   conflicts       size  tier2     irredundant
c          level   restarts     redundant    glue   trail        variables
c
c v  0.74 21 112 8 12 2439 30 27529 5158 2.0 13 7 1 3 10% 2467 39035 6658 52%
c w  0.75 21 112 8 12 2439 30 27529 4915 2.0 13 7 1 3 10% 2467 39035 6658 52%
c x  0.75 21 112 8 12 2439 30 27529 4914 2.0 13 7 1 3 10% 2470 38848 6658 52%
c =  0.79 21 112 8 12 2439 30 27529 4914 2.0 13 7 1 3 10% 2584 38848 6601 52%
c d  0.79 21 112 8 12 2439 30 27529 4872 2.0 13 7 1 3 10% 2459 38848 6600 51%
c t  0.79 21 112 8 12 2439 30 27529 4872 2.0 13 7 1 3 10% 2453 38848 6600 51%
c -  0.86 21 109 8 13 2939 28 30258 6383 2.0 15 8 1 3 11% 2509 38847 6600 51%
c }  0.91 21 109 9 13 3227 28 31484 7527 2.0 16 8 1 3 11% 2523 38847 6600 51%
c [  0.91 21 159 9 13 3227 4 31484 7527 2.1 25 12 2 12 11% 2523 38847 6600 51%
c ]  1.11 21 154 10 13 3228 3 32785 8794 2.5 38 15 2 12 15% 2525 38847 6600 51%
c {  1.11 21 109 10 13 3228 28 32785 8794 2.0 16 8 1 3 11% 2525 38847 6600 51%
c -  1.15 21 108 10 14 3416 28 33863 8095 2.0 17 8 1 3 12% 2539 38847 6600 51%
c -  1.31 21 108 10 15 4284 28 37605 9882 2.0 21 10 1 3 13% 2590 38847 6600 51%
c o  1.45 22 108 10 15 4937 28 40528 12643 2.0 23 11 1 3 14% 2624 38847 6600 51%
c }  1.49 22 107 11 15 5155 28 41414 13488 2.1 24 11 1 3 14% 2628 38846 6600 51%
c [  1.49 22 154 11 15 5155 3 41414 13488 2.5 38 15 2 12 15% 2628 38846 6600 51%
c B  1.49 22 154 11 15 5155 3 41414 13488 2.5 38 15 2 12 15% 2628 38846 6600 51%
c -  1.50 22 154 11 16 5155 3 41478 11119 2.5 38 15 1 7 15% 2628 38846 6600 51%
c d  1.66 22 151 11 16 5155 3 42236 11858 2.6 46 18 1 7 17% 2624 38846 6598 51%
c u  1.67 22 151 11 16 5155 3 42236 10898 2.6 46 18 1 7 17% 2632 38846 6598 51%
c
c seconds    switched    rate        size/glue  tier1    binary        remaining
c        MB    reductions  conflicts       size   tier2     irredundant
c          level    restarts    redundant     glue   trail        variables
c
c v  1.67 22 151 11 16 5155 3 42236 9801 2.6 46 18 1 7 17% 2636 38846 6598 51%
c w  1.72 22 151 11 16 5155 3 42236 9290 2.6 46 18 1 7 17% 2636 38846 6598 51%
c x  1.74 22 151 11 16 5155 3 42236 9280 2.6 46 18 1 7 17% 2649 37560 6598 51%
c =  1.85 22 151 11 16 5155 3 42236 9280 2.6 46 18 1 7 17% 3343 37512 6251 49%
c d  1.85 22 151 11 16 5155 3 42236 8435 2.6 46 18 1 7 17% 2614 37512 6251 49%
c t  1.85 22 151 11 16 5155 3 42236 8435 2.6 46 18 1 7 17% 2567 37512 6251 49%
c u  1.87 22 151 11 16 5155 3 42236 8037 2.6 46 18 1 7 17% 2569 37512 6251 49%
c v  1.87 22 151 11 16 5155 3 42236 7737 2.6 46 18 1 7 17% 2569 37512 6251 49%
c w  1.90 22 151 11 16 5155 3 42236 7208 2.6 46 18 1 7 17% 2569 37512 6251 49%
c x  1.92 22 151 11 16 5155 3 42236 7207 2.6 46 18 1 7 17% 2572 35177 6251 49%
c =  2.04 22 151 11 16 5155 3 42236 7207 2.6 46 18 1 7 17% 3372 35177 5851 46%
c d  2.04 22 151 11 16 5155 3 42236 7164 2.6 46 18 1 7 17% 2572 35177 5851 46%
c t  2.04 22 151 11 16 5155 3 42236 7164 2.6 46 18 1 7 17% 2536 35177 5851 46%
c -  2.10 23 145 11 17 5157 3 45478 7593 2.4 46 19 1 6 19% 2543 35177 5851 46%
c -  2.16 23 136 11 18 5160 3 49601 8312 2.4 44 18 1 7 20% 2550 35177 5851 46%
c ]  2.16 23 135 11 18 5161 3 50003 8703 2.4 44 18 1 7 20% 2551 35177 5851 46%
c ?  2.16 23 107 11 18 5161 28 50003 8703 2.1 24 11 1 3 14% 2551 35177 5851 46%
c
c ---- [ result ] ------------------------------------------------------------
c
s UNKNOWN
c
c ---- [ profiling ] ---------------------------------------------------------
c
c           1.35   62.23 %  search
c           0.77   35.61 %  simplify
c           0.76   34.95 %  probe
c           0.69   31.92 %  focused
c           0.66   30.30 %  stable
c           0.37   17.18 %  sweep
c           0.24   11.11 %  vivify
c           0.06    2.61 %  congruence
c           0.05    2.15 %  eliminate
c           0.05    2.13 %  factor
c           0.04    1.81 %  preprocess
c           0.03    1.50 %  substitute
c           0.01    0.67 %  reduce
c           0.01    0.43 %  subsume
c           0.01    0.26 %  walking
c           0.01    0.26 %  transitive
c           0.00    0.19 %  parse
c           0.00    0.16 %  backbone
c           0.00    0.16 %  lucky
c =============================================
c           2.16  100.00 %  total
c
c ---- [ statistics ] --------------------------------------------------------
c
c chronological:                          606                1 %  conflicts
c conflicts:                            50003            23105.54 per second
c congruent:                             1844               14 %  variables
c decisions:                           689156               13.78 per conflict
c eliminated:                            4048               32 %  variables
c factored:                               129                1 %  variables
c iterations:                               2                0 %  variables
c propagations:                      20615984          9526297    per second
c reductions:                              18             2778    interval
c reordered:                                3            16668    interval
c rephased:                                 7             7143    interval
c restarts:                              5161               10    interval
c strengthened:                           542                0 %  checks
c substituted:                           2392               19 %  variables
c subsumed:                               732                0 %  checks
c switched:                                11             4546    interval
c vivified:                             22963               12 %  checks
c walks:                                    2            25002    interval
c
c ---- [ glue usage ] --------------------------------------------------------
c
c focused glue 1 used 101296 clauses 72.28% accumulated 72.28% tier1
c focused glue 2 used  24002 clauses 17.13% accumulated 89.40%
c focused glue 3 used   6254 clauses  4.46% accumulated 93.86% tier2
c
c stable glue 1   used 158238 clauses 64.50% accumulated 64.50% tier1
c stable glue 2   used  33254 clauses 13.56% accumulated 78.06%
c stable glue 3-5 used  24894 clauses 10.15% accumulated 88.20%
c stable glue 6   used   3700 clauses  1.51% accumulated 89.71%
c stable glue 7   used   3027 clauses  1.23% accumulated 90.95% tier2
c
c ---- [ resources ] ---------------------------------------------------------
c
c maximum-resident-set-size:      24276631552 bytes      23152 MB
c process-time:                             2s               2.16 seconds
c
c ---- [ shutting down ] -----------------------------------------------------
c
c exit 0
