c ---- [ banner ] ------------------------------------------------------------
c
c Kissat SAT Solver
c 
c Copyright (c) 2021-2024 Armin Biere University of Freiburg
c Copyright (c) 2019-2021 Armin Biere Johannes Kepler University Linz
c 
c Version 4.0.4 unknown
c Apple clang version 17.0.0 (clang-1700.3.19.1) -W -Wall -O3 -DNDEBUG
c Thu Oct 16 20:09:41 UTC 2025 Darwin Tahoe-arm64.local 25.0.0 arm64
c
c ---- [ parsing ] -----------------------------------------------------------
c
c opened and reading DIMACS file:
c
c   headline_hunt/bets/cascade_aux_encoding/cnfs/aux_force_sr61_n32_bit10_m3304caa0_fill80000000.cnf
c
c parsed 'p cnf 12816 53698' header
c closing input after reading 976018 bytes (953 KB)
c finished parsing after 0.00 seconds
c
c ---- [ options ] -----------------------------------------------------------
c
c --seed=23                        (different from default '0')
c
c ---- [ limits ] ------------------------------------------------------------
c
c conflict limit set to 50000 conflicts
c
c ---- [ solving ] -----------------------------------------------------------
c
c seconds switched rate     size/glue tier1  binary         remaining
c        MB reductions conflicts size  tier2    irredundant
c         level restarts redundant glue  trail         variables
c
c *  0.00  9 0 0 0  0 0   0   0 0.0 0 0 0 0 0% 3122 50063 12335 96%
c (  0.00  9 0 0 0  0 0   0   0 0.0 0 0 0 0 0% 3122 50063 12335 96%
c .  0.01  9 0 0 0  0 0   0   0 0.0 0 0 0 0 0% 4018 48143 12335 96%
c c  0.02 14 0 0 0  0 0   0   0 0.0 0 0 0 0 0% 5804 42265 10531 82%
c d  0.02 14 0 0 0  0 0   0   0 0.0 0 0 0 0 0% 3122 42265 10531 82%
c =  0.03 14 0 0 0  0 0   0   0 0.0 0 0 0 0 0% 2986 42265 10529 82%
c d  0.03 14 0 0 0  0 0   0   0 0.0 0 0 0 0 0% 2982 42265 10529 82%
c f  0.04 14 0 0 0  0 0   0   0 0.0 0 0 0 0 0% 3318 41688 10709 84%
c )  0.04 14 0 0 0  0 0   0   0 0.0 0 0 0 0 0% 3318 41688 10709 84%
c {  0.04 14 0 0 0  0 0   0   0 0.0 0 0 2 6 0% 3318 41688 10709 84%
c -  0.05 14 247 0 1 232 56 1000 764 1.6 4 3 2 4 10% 3392 41686 10709 84%
c }  0.05 14 247 1 1 232 56 1000 764 1.6 4 3 2 4 10% 3392 41686 10709 84%
c [  0.05 14 0 1 1 232 0 1000 764 0.0 0 0 2 6 0% 3392 41686 10709 84%
c B  0.05 14 412 1 1 232 393 1001 765 1.5 3 2 2 6 5% 3392 41686 10709 84%
c -  0.06 14 499 1 2 232 5 2001 1468 1.5 12 8 2 10 11% 3414 41686 10709 84%
c W  0.06 14 499 1 2 232 5 2003 1468 1.5 12 8 2 10 11% 3414 41686 10709 84%
c c  0.07 14 406 1 2 233 5 2555 1908 1.5 11 7 2 9 11% 3435 41614 10691 83%
c d  0.07 14 406 1 2 233 5 2555 1874 1.5 11 7 2 9 11% 3394 41614 10689 83%
c u  0.08 14 406 1 2 233 5 2555 1512 1.5 11 7 2 9 11% 3405 41614 10689 83%
c v  0.08 14 406 1 2 233 5 2555 1410 1.5 11 7 2 9 11% 3406 41614 10689 83%
c
c seconds   switched  rate       size/glue tier1    binary         remaining
c        MB  reductions conflicts      size  tier2     irredundant
c          level restarts   redundant    glue   trail         variables
c
c w  0.08 14 406 1 2 233 5 2555 1198 1.5 11 7 2 9 11% 3406 41614 10689 83%
c x  0.08 14 406 1 2 233 5 2555 1198 1.5 11 7 2 9 11% 3406 41536 10689 83%
c =  0.10 14 406 1 2 233 5 2555 1198 1.5 11 7 2 9 11% 3532 41536 10626 83%
c d  0.10 14 406 1 2 233 5 2555 1191 1.5 11 7 2 9 11% 3390 41536 10622 83%
c c  0.11 14 406 1 2 233 5 2555 1191 1.5 11 7 2 9 11% 3404 41502 10614 83%
c d  0.11 14 406 1 2 233 5 2555 1187 1.5 11 7 2 9 11% 3388 41502 10614 83%
c u  0.11 14 406 1 2 233 5 2555 1112 1.5 11 7 2 9 11% 3395 41502 10614 83%
c v  0.11 14 406 1 2 233 5 2555 1092 1.5 11 7 2 9 11% 3395 41502 10614 83%
c w  0.11 14 406 1 2 233 5 2555 1021 1.5 11 7 2 9 11% 3396 41502 10614 83%
c d  0.13 14 406 1 2 233 5 2555 1019 1.5 11 7 2 9 11% 3392 41502 10612 83%
c -  0.14 14 311 1 3 233 6 3416 1534 1.5 10 7 2 9 11% 3437 41502 10612 83%
c ]  0.14 14 292 2 3 234 6 3636 1648 1.5 9 6 2 9 10% 3461 41502 10612 83%
c {  0.14 14 247 2 3 234 56 3636 1648 1.6 4 3 2 4 10% 3461 41502 10612 83%
c }  0.14 14 165 3 3 425 39 4636 2411 1.6 5 3 2 4 8% 3514 41502 10612 83%
c [  0.14 14 292 3 3 425 6 4636 2411 1.5 9 6 2 9 10% 3514 41502 10612 83%
c I  0.14 14 292 3 3 425 6 4636 2411 1.5 9 6 2 9 10% 3514 41502 10612 83%
c -  0.15 15 306 3 4 425 6 5150 2610 1.7 13 7 2 9 16% 3530 41502 10612 83%
c ]  0.15 15 307 4 4 425 5 5343 2787 1.8 14 8 2 9 17% 3531 41502 10612 83%
c {  0.15 15 165 4 4 425 39 5343 2787 1.6 5 3 2 4 8% 3531 41502 10612 83%
c -  0.17 15 129 4 5 814 33 7154 3684 1.6 5 3 2 4 7% 3649 41500 10612 83%
c
c seconds   switched   rate       size/glue tier1  binary         remaining
c        MB  reductions conflicts      size  tier2    irredundant
c          level restarts    redundant   glue  trail         variables
c
c }  0.17 15 127 5 5 904 32 7695 4084 1.6 5 3 2 4 7% 3683 41500 10612 83%
c [  0.17 15 307 5 5 904 5 7695 4084 1.8 14 8 2 9 17% 3683 41500 10612 83%
c d  0.18 15 300 5 5 904 6 7870 4084 1.8 14 8 2 9 17% 3569 41500 10551 82%
c u  0.18 15 300 5 5 904 6 7870 3196 1.8 14 8 2 9 17% 3606 41500 10551 82%
c v  0.18 15 300 5 5 904 6 7870 2852 1.8 14 8 2 9 17% 3614 41500 10551 82%
c w  0.18 15 300 5 5 904 6 7870 2748 1.8 14 8 2 9 17% 3616 41500 10551 82%
c x  0.19 15 300 5 5 904 6 7870 2748 1.8 14 8 2 9 17% 3677 41394 10551 82%
c d  0.19 15 300 5 5 904 6 7870 2721 1.8 14 8 2 9 17% 3647 41394 10536 82%
c t  0.19 15 300 5 5 904 6 7870 2721 1.8 14 8 2 9 17% 3623 41394 10536 82%
c f  0.19 15 300 5 5 904 6 7870 2721 1.8 14 8 2 9 17% 3648 41348 10549 82%
c c  0.20 16 300 5 5 904 6 7870 2675 1.8 14 8 2 9 17% 3778 40935 10480 82%
c d  0.21 16 300 5 5 904 6 7870 2675 1.8 14 8 2 9 17% 3640 40935 10480 82%
c u  0.21 16 300 5 5 904 6 7870 2495 1.8 14 8 2 9 17% 3644 40935 10480 82%
c v  0.21 16 300 5 5 904 6 7870 2395 1.8 14 8 2 9 17% 3645 40935 10480 82%
c w  0.22 16 300 5 5 904 6 7870 2308 1.8 14 8 2 9 17% 3645 40935 10480 82%
c x  0.22 16 300 5 5 904 6 7870 2308 1.8 14 8 2 9 17% 3758 40228 10480 82%
c =  0.24 16 300 5 5 904 6 7870 2308 1.8 14 8 2 9 17% 3832 40228 10443 81%
c d  0.24 16 300 5 5 904 6 7870 2241 1.8 14 8 2 9 17% 3754 40228 10443 81%
c t  0.24 16 300 5 5 904 6 7870 2241 1.8 14 8 2 9 17% 3739 40228 10443 81%
c B  0.25 16 287 5 5 904 6 8408 2690 1.8 15 8 2 9 18% 3745 40228 10443 81%
c
c seconds   switched  rate       size/glue tier1    binary         remaining
c        MB  reductions conflicts      size  tier2     irredundant
c          level restarts   redundant    glue   trail         variables
c
c -  0.25 16 257 5 6 905 5 9394 3143 1.8 14 8 2 9 16% 3759 40228 10443 81%
c -  0.26 17 223 5 7 906 4 11844 4587 1.9 14 7 2 9 16% 3766 40228 10443 81%
c o  0.27 17 224 5 7 907 4 12324 5041 1.9 14 7 2 9 16% 3773 40228 10443 81%
c ]  0.27 17 223 6 7 907 4 12345 5061 1.9 14 7 2 9 16% 3773 40228 10443 81%
c {  0.27 17 127 6 7 907 32 12345 5061 1.6 5 3 2 4 7% 3773 40228 10443 81%
c s  0.28 17 121 6 7 994 31 12771 5414 1.6 6 3 2 4 7% 3810 39999 10443 81%
c e  0.30 20 121 6 7 994 31 12771 5414 1.6 6 3 2 4 7% 2241 34996 6318 49%
c s  0.31 20 121 6 7 994 31 12771 5414 1.6 6 3 2 4 7% 2243 34761 6318 49%
c e  0.31 20 121 6 7 994 31 12771 5414 1.6 6 3 2 4 7% 2223 34628 6286 49%
c ^  0.31 20 121 6 7 994 31 12771 5414 1.6 6 3 2 4 7% 2223 34628 6286 49%
c -  0.33 20 106 6 8 1417 28 14489 3848 1.6 6 4 1 3 7% 2288 34628 6286 49%
c c  0.35 20 96 6 8 1843 26 16132 5258 1.6 7 4 1 3 7% 2349 34620 6285 49%
c d  0.35 20 96 6 8 1843 26 16132 5258 1.6 7 4 1 3 7% 2347 34620 6285 49%
c u  0.35 20 96 6 8 1843 26 16132 4829 1.6 7 4 1 3 7% 2352 34620 6285 49%
c v  0.36 20 96 6 8 1843 26 16132 4421 1.6 7 4 1 3 7% 2353 34620 6285 49%
c w  0.36 20 96 6 8 1843 26 16132 4386 1.6 7 4 1 3 7% 2353 34620 6285 49%
c x  0.36 20 96 6 8 1843 26 16132 4386 1.6 7 4 1 3 7% 2354 34564 6285 49%
c =  0.38 20 96 6 8 1843 26 16132 4386 1.6 7 4 1 3 7% 2378 34564 6273 49%
c d  0.38 20 96 6 8 1843 26 16132 4374 1.6 7 4 1 3 7% 2347 34564 6273 49%
c t  0.38 20 96 6 8 1843 26 16132 4374 1.6 7 4 1 3 7% 2339 34564 6273 49%
c
c seconds  switched    rate        size/glue tier1  binary        remaining
c        MB reductions   conflicts      size  tier2    irredundant
c         level  restarts     redundant   glue  trail        variables
c
c f  0.38 20 96 6 8 1843 26 16132 4374 1.6 7 4 1 3 7% 2351 34538 6280 49%
c u  0.39 20 96 6 8 1843 26 16132 4320 1.6 7 4 1 3 7% 2353 34538 6280 49%
c v  0.39 20 96 6 8 1843 26 16132 4060 1.6 7 4 1 3 7% 2357 34538 6280 49%
c w  0.39 20 96 6 8 1843 26 16132 4014 1.6 7 4 1 3 7% 2357 34538 6280 49%
c x  0.40 20 96 6 8 1843 26 16132 4014 1.6 7 4 1 3 7% 2358 34512 6280 49%
c d  0.41 20 96 6 8 1843 26 16132 4014 1.6 7 4 1 3 7% 2356 34512 6279 49%
c t  0.41 20 96 6 8 1843 26 16132 4014 1.6 7 4 1 3 7% 2355 34512 6279 49%
c f  0.42 20 96 6 8 1843 26 16132 4014 1.6 7 4 1 3 7% 2369 34477 6287 49%
c }  0.42 20 97 7 8 1875 26 16414 4249 1.6 7 4 1 3 7% 2379 34477 6287 49%
c [  0.42 20 223 7 8 1875 4 16414 4249 1.9 14 7 2 9 16% 2379 34477 6287 49%
c W  0.42 20 223 7 8 1875 4 16414 4249 1.9 14 7 2 9 16% 2379 34477 6287 49%
c -  0.45 20 209 7 9 1875 4 17318 4177 2.2 21 10 2 9 18% 2382 34477 6287 49%
c ]  0.46 20 196 8 9 1877 3 18544 5316 2.3 26 11 2 9 20% 2389 34477 6287 49%
c {  0.46 20 97 8 9 1877 26 18544 5316 1.6 7 4 1 3 7% 2389 34477 6287 49%
c -  0.48 20 93 8 10 2196 25 20321 5567 1.6 7 4 1 4 7% 2469 34475 6287 49%
c o  0.51 20 89 8 10 2612 24 22325 7320 1.7 7 4 1 4 8% 2539 34473 6287 49%
c -  0.53 20 87 8 11 2855 23 23483 6660 1.7 8 5 1 4 8% 2572 34471 6287 49%
c }  0.55 20 86 9 11 3155 23 24703 7769 1.7 8 5 1 4 9% 2598 34471 6287 49%
c [  0.55 20 196 9 11 3155 3 24703 7769 2.3 26 11 2 9 20% 2598 34471 6287 49%
c O  0.55 20 196 9 11 3155 3 24703 7769 2.3 26 11 2 9 20% 2598 34471 6287 49%
c
c seconds   switched    rate        size/glue  tier1    binary        remaining
c        MB   reductions  conflicts       size   tier2     irredundant
c          level   restarts    redundant     glue   trail        variables
c
c s  0.56 20 185 9 11 3155 3 25694 8678 2.4 27 11 2 9 20% 2603 34388 6287 49%
c e  0.57 20 185 9 11 3155 3 25694 8678 2.4 27 11 2 9 20% 2153 34539 5930 46%
c s  0.57 20 185 9 11 3155 3 25694 8678 2.4 27 11 2 9 20% 2211 34286 5930 46%
c e  0.57 20 185 9 11 3155 3 25694 8678 2.4 27 11 2 9 20% 2205 34245 5918 46%
c ^  0.57 20 185 9 11 3155 3 25694 8678 2.4 27 11 2 9 20% 2205 34245 5918 46%
c -  0.59 20 177 9 12 3156 3 26799 6348 2.4 28 12 2 11 20% 2212 34245 5918 46%
c d  0.60 20 172 9 12 3157 3 27634 7109 2.4 28 12 2 11 20% 2214 34245 5915 46%
c u  0.60 20 172 9 12 3157 3 27634 6531 2.4 28 12 2 11 20% 2217 34245 5915 46%
c v  0.61 20 172 9 12 3157 3 27634 5649 2.4 28 12 2 11 20% 2221 34245 5915 46%
c w  0.62 20 172 9 12 3157 3 27634 5573 2.4 28 12 2 11 20% 2221 34245 5915 46%
c d  0.62 20 172 9 12 3157 3 27634 5571 2.4 28 12 2 11 20% 2219 34245 5914 46%
c t  0.62 20 172 9 12 3157 3 27634 5571 2.4 28 12 2 11 20% 2198 34245 5914 46%
c f  0.62 20 172 9 12 3157 3 27634 5571 2.4 28 12 2 11 20% 2260 34067 5945 46%
c u  0.63 20 172 9 12 3157 3 27634 5476 2.4 28 12 2 11 20% 2264 34067 5945 46%
c v  0.63 20 172 9 12 3157 3 27634 5277 2.4 28 12 2 11 20% 2266 34067 5945 46%
c w  0.64 20 172 9 12 3157 3 27634 5081 2.4 28 12 2 11 20% 2266 34067 5945 46%
c x  0.64 20 172 9 12 3157 3 27634 5081 2.4 28 12 2 11 20% 2267 33904 5945 46%
c =  0.66 20 172 9 12 3157 3 27634 5081 2.4 28 12 2 11 20% 2869 33903 5644 44%
c d  0.67 20 172 9 12 3157 3 27634 5073 2.4 28 12 2 11 20% 2267 33903 5644 44%
c t  0.67 20 172 9 12 3157 3 27634 5073 2.4 28 12 2 11 20% 2266 33903 5644 44%
c
c seconds   switched    rate        size/glue  tier1     binary        remaining
c        MB   reductions  conflicts       size   tier2      irredundant
c          level   restarts    redundant     glue    trail        variables
c
c -  0.71 20 160 9 13 3159 3 30264 5952 2.4 30 12 2 11 21% 2275 33903 5644 44%
c ]  0.76 22 150 10 13 3161 3 33429 9010 2.4 35 15 2 12 22% 2284 33903 5644 44%
c {  0.76 22 86 10 13 3161 23 33429 9010 1.7 8 5 1 4 9% 2284 33903 5644 44%
c -  0.76 22 85 10 14 3272 23 33872 7278 1.7 8 5 1 4 9% 2287 33903 5644 44%
c -  0.83 23 81 10 15 4118 22 37613 9062 1.7 9 5 1 4 9% 2318 33903 5644 44%
c -  0.91 23 78 10 16 5100 22 41486 10878 1.7 10 6 1 4 10% 2344 33903 5644 44%
c }  0.92 23 78 11 16 5244 22 42057 11419 1.7 10 6 1 4 10% 2346 33903 5644 44%
c [  0.92 23 150 11 16 5244 3 42057 11419 2.4 35 15 2 12 22% 2346 33903 5644 44%
c B  0.92 23 150 11 16 5244 3 42057 11419 2.4 35 15 2 12 22% 2346 33903 5644 44%
c d  0.93 23 148 11 16 5244 3 42462 11815 2.4 35 15 2 12 22% 2345 33903 5643 44%
c u  0.94 23 148 11 16 5244 3 42462 10948 2.4 35 15 2 12 22% 2348 33903 5643 44%
c v  0.95 23 148 11 16 5244 3 42462 10325 2.4 35 15 2 12 22% 2348 33903 5643 44%
c w  0.95 23 148 11 16 5244 3 42462 10323 2.4 35 15 2 12 22% 2348 33903 5643 44%
c x  0.96 23 148 11 16 5244 3 42462 10321 2.4 35 15 2 12 22% 2360 32031 5643 44%
c =  1.00 23 148 11 16 5244 3 42462 10321 2.4 35 15 2 12 22% 2386 32031 5630 44%
c d  1.00 23 148 11 16 5244 3 42462 10306 2.4 35 15 2 12 22% 2356 32031 5630 44%
c t  1.00 23 148 11 16 5244 3 42462 10306 2.4 35 15 2 12 22% 2346 32031 5630 44%
c f  1.00 23 148 11 16 5244 3 42462 10306 2.4 35 15 2 12 22% 2348 32026 5631 44%
c u  1.01 23 148 11 16 5244 3 42462 10169 2.4 35 15 2 12 22% 2349 32026 5631 44%
c v  1.02 23 148 11 16 5244 3 42462 9628 2.4 35 15 2 12 22% 2349 32026 5631 44%
c
c seconds    switched    rate        size/glue  tier1     binary        remaining
c        MB    reductions  conflicts       size   tier2      irredundant
c          level    restarts    redundant     glue    trail        variables
c
c w  1.02 23 148 11 16 5244 3 42462 9613 2.4 35 15 2 12 22% 2349 32026 5631 44%
c x  1.03 23 148 11 16 5244 3 42462 9613 2.4 35 15 2 12 22% 2365 31540 5631 44%
c =  1.07 23 148 11 16 5244 3 42462 9613 2.4 35 15 2 12 22% 2419 31540 5604 44%
c d  1.07 23 148 11 16 5244 3 42462 9610 2.4 35 15 2 12 22% 2358 31540 5604 44%
c t  1.07 23 148 11 16 5244 3 42462 9610 2.4 35 15 2 12 22% 2357 31540 5604 44%
c o  1.07 23 148 11 16 5244 3 42462 9610 2.4 35 15 2 12 22% 2357 31540 5604 44%
c -  1.12 23 140 11 17 5246 3 45486 9835 2.4 36 15 2 11 23% 2360 31540 5604 44%
c -  1.19 23 132 11 18 5249 2 49610 10304 2.5 39 16 2 11 23% 2365 31540 5604 44%
c ]  1.20 23 132 11 18 5249 2 50000 10694 2.5 40 16 2 11 24% 2365 31540 5604 44%
c ?  1.20 23 78 11 18 5249 22 50000 10694 1.7 10 6 1 4 10% 2365 31540 5604 44%
c
c ---- [ result ] ------------------------------------------------------------
c
s UNKNOWN
c
c ---- [ profiling ] ---------------------------------------------------------
c
c           0.66   55.34 %  search
c           0.49   41.04 %  simplify
c           0.47   38.93 %  probe
c           0.34   28.51 %  stable
c           0.32   26.83 %  focused
c           0.19   15.57 %  sweep
c           0.14   11.80 %  vivify
c           0.06    4.91 %  congruence
c           0.06    4.70 %  eliminate
c           0.04    3.34 %  factor
c           0.04    3.16 %  preprocess
c           0.03    2.51 %  substitute
c           0.02    1.28 %  reduce
c           0.01    0.78 %  subsume
c           0.01    0.49 %  transitive
c           0.01    0.48 %  walking
c           0.00    0.34 %  parse
c           0.00    0.30 %  backbone
c           0.00    0.10 %  lucky
c =============================================
c           1.20  100.00 %  total
c
c ---- [ statistics ] --------------------------------------------------------
c
c chronological:                          541                1 %  conflicts
c conflicts:                            50000            41774.37 per second
c congruent:                             1671               13 %  variables
c decisions:                           551347               11.03 per conflict
c eliminated:                            4526               35 %  variables
c factored:                               240                2 %  variables
c propagations:                      10067945          8411642    per second
c reductions:                              18             2778    interval
c reordered:                                3            16667    interval
c rephased:                                 7             7143    interval
c restarts:                              5249               10    interval
c strengthened:                           328                0 %  checks
c substituted:                           1981               15 %  variables
c subsumed:                               740                0 %  checks
c switched:                                11             4545    interval
c vivified:                             16388               15 %  checks
c walks:                                    2            25000    interval
c
c ---- [ glue usage ] --------------------------------------------------------
c
c focused glue 1 used 36261 clauses 57.90% accumulated 57.90% tier1
c focused glue 2 used 15182 clauses 24.24% accumulated 82.15%
c focused glue 3 used  4682 clauses  7.48% accumulated 89.62%
c focused glue 4 used  1969 clauses  3.14% accumulated 92.77% tier2
c
c stable glue 2   used 29002 clauses 19.55% accumulated 62.81% tier1
c stable glue 3   used 12240 clauses  8.25% accumulated 71.07%
c stable glue 4-9 used 25005 clauses 16.85% accumulated 87.92%
c stable glue 10  used  1853 clauses  1.25% accumulated 89.17%
c stable glue 11  used  1553 clauses  1.05% accumulated 90.22% tier2
c
c ---- [ resources ] ---------------------------------------------------------
c
c maximum-resident-set-size:      24847056896 bytes      23696 MB
c process-time:                             1s               1.20 seconds
c
c ---- [ shutting down ] -----------------------------------------------------
c
c exit 0
