c ---- [ banner ] ------------------------------------------------------------
c
c Kissat SAT Solver
c 
c Copyright (c) 2021-2024 Armin Biere University of Freiburg
c Copyright (c) 2019-2021 Armin Biere Johannes Kepler University Linz
c 
c Version 4.0.4 unknown
c Apple clang version 17.0.0 (clang-1700.3.19.1) -W -Wall -O3 -DNDEBUG
c Thu Oct 16 20:09:41 UTC 2025 Darwin Tahoe-arm64.local 25.0.0 arm64
c
c ---- [ parsing ] -----------------------------------------------------------
c
c opened and reading DIMACS file:
c
c   headline_hunt/bets/cascade_aux_encoding/cnfs/aux_force_sr61_n32_bit13_m4d9f691c_fill55555555.cnf
c
c parsed 'p cnf 12872 53915' header
c closing input after reading 980899 bytes (958 KB)
c finished parsing after 0.00 seconds
c
c ---- [ options ] -----------------------------------------------------------
c
c --seed=1                         (different from default '0')
c
c ---- [ limits ] ------------------------------------------------------------
c
c conflict limit set to 50000 conflicts
c
c ---- [ solving ] -----------------------------------------------------------
c
c seconds switched rate     size/glue tier1  binary         remaining
c        MB reductions conflicts size  tier2    irredundant
c         level restarts redundant glue  trail         variables
c
c *  0.00  9 0 0 0  0 0   0   0 0.0 0 0 0 0 0% 3160 50242 12391 96%
c (  0.01  9 0 0 0  0 0   0   0 0.0 0 0 0 0 0% 3160 50242 12391 96%
c .  0.01  9 0 0 0  0 0   0   0 0.0 0 0 0 0 0% 4056 48322 12391 96%
c c  0.02 14 0 0 0  0 0   0   0 0.0 0 0 0 0 0% 5850 42457 10588 82%
c d  0.02 14 0 0 0  0 0   0   0 0.0 0 0 0 0 0% 3160 42457 10588 82%
c =  0.03 14 0 0 0  0 0   0   0 0.0 0 0 0 0 0% 3022 42457 10584 82%
c d  0.03 14 0 0 0  0 0   0   0 0.0 0 0 0 0 0% 3014 42457 10584 82%
c f  0.04 14 0 0 0  0 0   0   0 0.0 0 0 0 0 0% 3345 41886 10762 84%
c )  0.04 14 0 0 0  0 0   0   0 0.0 0 0 0 0 0% 3345 41886 10762 84%
c {  0.04 14 0 0 0  0 0   0   0 0.0 0 0 2 6 0% 3345 41886 10762 84%
c -  0.05 14 283 0 1 181 61 1000 744 1.5 4 3 2 4 11% 3436 41879 10762 84%
c }  0.05 14 283 1 1 181 61 1000 744 1.5 4 3 2 4 11% 3436 41879 10762 84%
c [  0.05 14 0 1 1 181 0 1000 744 0.0 0 0 2 6 0% 3436 41879 10762 84%
c B  0.05 14 352 1 1 181 308 1001 745 3.0 3 1 2 6 6% 3436 41879 10762 84%
c -  0.06 14 408 1 2 181 4 2001 1333 1.4 11 8 3 12 6% 3465 41879 10762 84%
c W  0.06 14 408 1 2 181 4 2003 1334 1.4 11 8 3 12 6% 3465 41879 10762 84%
c c  0.07 14 432 1 2 182 6 2556 1771 1.4 10 7 2 12 10% 3511 41733 10727 83%
c d  0.07 14 432 1 2 182 6 2556 1726 1.4 10 7 2 12 10% 3426 41733 10720 83%
c u  0.07 14 432 1 2 182 6 2556 1391 1.4 10 7 2 12 10% 3431 41733 10720 83%
c v  0.08 14 432 1 2 182 6 2556 1304 1.4 10 7 2 12 10% 3433 41733 10720 83%
c
c seconds   switched  rate       size/glue tier1     binary         remaining
c        MB  reductions conflicts      size  tier2      irredundant
c          level restarts   redundant    glue    trail         variables
c
c w  0.08 14 432 1 2 182 6 2556 1109 1.4 10 7 2 12 10% 3435 41733 10720 83%
c x  0.08 14 432 1 2 182 6 2556 1109 1.4 10 7 2 12 10% 3435 41655 10720 83%
c =  0.10 14 432 1 2 182 6 2556 1109 1.4 10 7 2 12 10% 3445 41655 10715 83%
c d  0.10 14 432 1 2 182 6 2556 1099 1.4 10 7 2 12 10% 3427 41655 10711 83%
c t  0.10 14 432 1 2 182 6 2556 1099 1.4 10 7 2 12 10% 3424 41655 10711 83%
c c  0.11 14 432 1 2 182 6 2556 1099 1.4 10 7 2 12 10% 3439 41622 10703 83%
c d  0.11 14 432 1 2 182 6 2556 1090 1.4 10 7 2 12 10% 3423 41622 10703 83%
c u  0.11 14 432 1 2 182 6 2556 1040 1.4 10 7 2 12 10% 3425 41622 10703 83%
c v  0.11 14 432 1 2 182 6 2556 1022 1.4 10 7 2 12 10% 3426 41622 10703 83%
c w  0.11 14 432 1 2 182 6 2556 948 1.4 10 7 2 12 10% 3426 41622 10703 83%
c =  0.12 14 432 1 2 182 6 2556 948 1.4 10 7 2 12 10% 3482 41622 10675 83%
c d  0.13 14 432 1 2 182 6 2556 915 1.4 10 7 2 12 10% 3417 41622 10675 83%
c -  0.13 14 403 1 3 182 6 3415 1391 1.5 10 7 2 11 13% 3446 41622 10675 83%
c I  0.14 14 341 1 3 183 5 4262 2054 1.5 12 7 2 11 12% 3464 41622 10675 83%
c ]  0.14 14 340 2 3 183 6 4344 2124 1.5 11 7 2 11 13% 3470 41622 10675 83%
c {  0.14 14 283 2 3 183 61 4344 2124 1.5 4 3 2 4 11% 3470 41622 10675 83%
c -  0.15 15 210 2 4 486 57 5147 2521 1.5 5 3 2 4 11% 3533 41618 10675 83%
c }  0.15 15 204 3 4 517 53 5344 2683 1.6 5 3 2 4 11% 3544 41618 10675 83%
c [  0.15 15 340 3 4 517 6 5344 2683 1.5 11 7 2 11 13% 3544 41618 10675 83%
c ]  0.17 15 309 4 4 517 6 6125 3432 1.9 19 10 2 11 17% 3559 41618 10675 83%
c
c seconds   switched   rate       size/glue tier1   binary         remaining
c        MB  reductions conflicts      size  tier2     irredundant
c          level restarts    redundant   glue   trail         variables
c
c {  0.17 15 204 4 4 517 53 6125 3432 1.6 5 3 2 4 11% 3559 41618 10675 83%
c -  0.19 15 160 4 5 884 45 7148 3687 1.6 6 3 2 4 11% 3667 41600 10675 83%
c d  0.20 15 144 4 5 1111 41 7869 4235 1.7 6 4 2 4 10% 3672 41591 10644 83%
c u  0.21 15 144 4 5 1111 41 7869 3556 1.7 6 4 2 4 10% 3684 41591 10644 83%
c v  0.21 15 144 4 5 1111 41 7869 3297 1.7 6 4 2 4 10% 3686 41591 10644 83%
c w  0.21 15 144 4 5 1111 41 7869 3159 1.7 6 4 2 4 10% 3686 41591 10644 83%
c x  0.22 15 144 4 5 1111 41 7869 3159 1.7 6 4 2 4 10% 3748 41361 10644 83%
c =  0.23 15 144 4 5 1111 41 7869 3159 1.7 6 4 2 4 10% 3808 41361 10614 82%
c d  0.24 15 144 4 5 1111 41 7869 3136 1.7 6 4 2 4 10% 3736 41361 10609 82%
c t  0.24 15 144 4 5 1111 41 7869 3136 1.7 6 4 2 4 10% 3713 41361 10609 82%
c f  0.24 15 144 4 5 1111 41 7869 3136 1.7 6 4 2 4 10% 3727 41331 10617 82%
c c  0.25 16 144 4 5 1111 41 7869 3097 1.7 6 4 2 4 10% 3766 41237 10596 82%
c d  0.25 16 144 4 5 1111 41 7869 3097 1.7 6 4 2 4 10% 3728 41237 10596 82%
c u  0.25 17 144 4 5 1111 41 7869 2997 1.7 6 4 2 4 10% 3733 41237 10596 82%
c v  0.26 17 144 4 5 1111 41 7869 2928 1.7 6 4 2 4 10% 3734 41237 10596 82%
c w  0.26 17 144 4 5 1111 41 7869 2717 1.7 6 4 2 4 10% 3735 41237 10596 82%
c x  0.26 17 144 4 5 1111 41 7869 2717 1.7 6 4 2 4 10% 3835 40931 10596 82%
c =  0.28 17 144 4 5 1111 41 7869 2717 1.7 6 4 2 4 10% 3837 40931 10595 82%
c d  0.28 17 144 4 5 1111 41 7869 2715 1.7 6 4 2 4 10% 3829 40931 10592 82%
c t  0.28 17 144 4 5 1111 41 7869 2715 1.7 6 4 2 4 10% 3817 40931 10592 82%
c
c seconds   switched    rate       size/glue tier1   binary         remaining
c        MB  reductions  conflicts      size  tier2     irredundant
c          level  restarts    redundant   glue   trail         variables
c
c f  0.28 17 144 4 5 1111 41 7869 2715 1.7 6 4 2 4 10% 3821 40925 10594 82%
c }  0.29 17 134 5 5 1231 39 8477 3206 1.7 7 4 2 4 10% 3864 40923 10594 82%
c [  0.29 17 309 5 5 1231 6 8477 3206 1.9 19 10 2 11 17% 3864 40923 10594 82%
c B  0.29 17 309 5 5 1231 6 8477 3206 1.9 19 10 2 11 17% 3864 40923 10594 82%
c -  0.31 17 270 5 6 1231 5 9385 3442 2.0 26 13 3 14 19% 3879 40923 10594 82%
c o  0.33 17 238 5 6 1233 4 10634 4610 2.0 31 15 3 14 19% 3882 40923 10594 82%
c ]  0.34 17 233 6 6 1233 4 10817 4781 2.1 34 16 3 14 20% 3882 40923 10594 82%
c {  0.34 17 134 6 6 1233 39 10817 4781 1.7 7 4 2 4 10% 3882 40923 10594 82%
c -  0.36 17 120 6 7 1402 34 11834 4736 1.7 7 4 2 4 10% 3947 40915 10594 82%
c s  0.38 18 110 6 7 1549 31 12766 5529 1.7 7 4 2 4 10% 3987 40584 10594 82%
c e  0.40 20 110 6 7 1549 31 12766 5529 1.7 7 4 2 4 10% 2424 35324 6412 50%
c 2  0.40 20 110 6 7 1549 31 12766 5529 1.7 7 4 2 4 10% 2423 35324 6412 50%
c s  0.40 20 110 6 7 1549 31 12766 5529 1.7 7 4 2 4 10% 2441 35082 6412 50%
c e  0.40 20 110 6 7 1549 31 12766 5529 1.7 7 4 2 4 10% 2361 34906 6345 49%
c ^  0.40 20 110 6 7 1549 31 12766 5529 1.7 7 4 2 4 10% 2361 34906 6345 49%
c -  0.43 20 99 6 8 1946 28 14480 3900 1.7 7 4 2 4 10% 2448 34904 6345 49%
c }  0.44 20 98 7 8 2051 28 14888 4259 1.7 8 4 2 4 10% 2465 34903 6345 49%
c [  0.44 20 233 7 8 2051 4 14888 4259 2.1 34 16 3 14 20% 2465 34903 6345 49%
c W  0.44 20 233 7 8 2051 4 14888 4259 2.1 34 16 3 14 20% 2465 34903 6345 49%
c c  0.48 20 211 7 8 2052 4 16125 5421 2.3 41 18 3 14 22% 2467 34899 6342 49%
c
c seconds   switched   rate        size/glue  tier1     binary        remaining
c        MB  reductions  conflicts       size   tier2      irredundant
c          level  restarts    redundant     glue    trail        variables
c
c d  0.48 20 211 7 8 2052 4 16125 5420 2.3 41 18 3 14 22% 2461 34899 6342 49%
c u  0.48 20 211 7 8 2052 4 16125 4744 2.3 41 18 3 14 22% 2472 34899 6342 49%
c v  0.49 20 211 7 8 2052 4 16125 4462 2.3 41 18 3 14 22% 2473 34899 6342 49%
c w  0.49 20 211 7 8 2052 4 16125 4457 2.3 41 18 3 14 22% 2473 34899 6342 49%
c x  0.50 22 211 7 8 2052 4 16125 4456 2.3 41 18 3 14 22% 2493 34708 6342 49%
c =  0.52 22 211 7 8 2052 4 16125 4456 2.3 41 18 3 14 22% 2495 34708 6341 49%
c d  0.52 22 211 7 8 2052 4 16125 4455 2.3 41 18 3 14 22% 2490 34708 6340 49%
c t  0.52 22 211 7 8 2052 4 16125 4455 2.3 41 18 3 14 22% 2475 34708 6340 49%
c f  0.53 22 211 7 8 2052 4 16125 4455 2.3 41 18 3 14 22% 2484 34685 6344 49%
c u  0.53 22 211 7 8 2052 4 16125 4335 2.3 41 18 3 14 22% 2487 34685 6344 49%
c v  0.54 22 211 7 8 2052 4 16125 4239 2.3 41 18 3 14 22% 2487 34685 6344 49%
c w  0.54 22 211 7 8 2052 4 16125 4235 2.3 41 18 3 14 22% 2487 34685 6344 49%
c x  0.55 22 211 7 8 2052 4 16125 4234 2.3 41 18 3 14 22% 2492 34641 6344 49%
c =  0.57 22 211 7 8 2052 4 16125 4234 2.3 41 18 3 14 22% 2960 34641 6110 47%
c d  0.57 22 211 7 8 2052 4 16125 4109 2.3 41 18 3 14 22% 2462 34641 6110 47%
c t  0.57 22 211 7 8 2052 4 16125 4109 2.3 41 18 3 14 22% 2459 34641 6110 47%
c -  0.60 23 195 7 9 2053 4 17310 4389 2.2 41 19 2 14 22% 2461 34641 6110 47%
c ]  0.64 23 183 8 9 2053 3 18592 5644 2.3 44 20 2 14 22% 2463 34640 6110 47%
c {  0.64 23 98 8 9 2053 28 18592 5644 1.7 8 4 2 4 10% 2463 34640 6110 47%
c -  0.67 23 93 8 10 2473 27 20311 5890 1.7 8 5 2 4 10% 2506 34640 6110 47%
c
c seconds  switched     rate        size/glue tier1   binary        remaining
c        MB  reductions   conflicts      size  tier2     irredundant
c         level   restarts     redundant   glue   trail        variables
c
c o  0.67 23 91 8 10 2568 26 20639 6189 1.7 8 5 2 4 10% 2513 34640 6110 47%
c -  0.72 23 86 8 11 3211 25 23473 7317 1.7 9 5 1 4 11% 2561 34638 6110 47%
c }  0.74 23 85 9 11 3517 25 24752 8491 1.7 9 5 1 4 11% 2577 34638 6110 47%
c [  0.74 23 183 9 11 3517 3 24752 8491 2.3 44 20 2 14 22% 2577 34638 6110 47%
c O  0.74 23 183 9 11 3517 3 24752 8491 2.3 44 20 2 14 22% 2577 34638 6110 47%
c s  0.76 23 175 9 11 3517 3 25680 9369 2.3 44 19 2 14 24% 2580 33090 6110 47%
c e  0.77 23 175 9 11 3517 3 25680 9369 2.3 44 19 2 14 24% 2024 33421 5700 44%
c s  0.77 23 175 9 11 3517 3 25680 9369 2.3 44 19 2 14 24% 2070 33179 5700 44%
c e  0.77 23 175 9 11 3517 3 25680 9369 2.3 44 19 2 14 24% 2045 32852 5634 44%
c ^  0.77 23 175 9 11 3517 3 25680 9369 2.3 44 19 2 14 24% 2045 32852 5634 44%
c -  0.78 23 166 9 12 3518 3 26790 6561 2.3 42 19 2 14 23% 2050 32852 5634 44%
c d  0.80 23 162 9 12 3519 3 27622 7330 2.3 41 18 2 14 23% 2046 32852 5631 44%
c u  0.80 23 162 9 12 3519 3 27622 6770 2.3 41 18 2 14 23% 2051 32852 5631 44%
c v  0.81 23 162 9 12 3519 3 27622 5883 2.3 41 18 2 14 23% 2055 32852 5631 44%
c w  0.82 23 162 9 12 3519 3 27622 5747 2.3 41 18 2 14 23% 2055 32852 5631 44%
c =  0.85 23 162 9 12 3519 3 27622 5747 2.3 41 18 2 14 23% 2403 32850 5457 42%
c d  0.85 23 162 9 12 3519 3 27622 5738 2.3 41 18 2 14 23% 2053 32850 5457 42%
c t  0.85 23 162 9 12 3519 3 27622 5738 2.3 41 18 2 14 23% 2039 32850 5457 42%
c f  0.85 23 162 9 12 3519 3 27622 5738 2.3 41 18 2 14 23% 2104 32665 5490 43%
c u  0.86 23 162 9 12 3519 3 27622 5649 2.3 41 18 2 14 23% 2105 32665 5490 43%
c
c seconds   switched    rate        size/glue  tier1     binary        remaining
c        MB   reductions  conflicts       size   tier2      irredundant
c          level   restarts    redundant     glue    trail        variables
c
c v  0.86 23 162 9 12 3519 3 27622 5404 2.3 41 18 2 14 23% 2105 32665 5490 43%
c w  0.87 23 162 9 12 3519 3 27622 5323 2.3 41 18 2 14 23% 2105 32665 5490 43%
c x  0.88 23 162 9 12 3519 3 27622 5323 2.3 41 18 2 14 23% 2113 32046 5490 43%
c =  0.90 23 162 9 12 3519 3 27622 5323 2.3 41 18 2 14 23% 2229 32046 5432 42%
c d  0.90 23 162 9 12 3519 3 27622 5308 2.3 41 18 2 14 23% 2113 32046 5432 42%
c t  0.91 23 162 9 12 3519 3 27622 5308 2.3 41 18 2 14 23% 2109 32046 5432 42%
c -  0.94 23 151 9 13 3521 3 30255 6116 2.3 41 18 2 14 24% 2120 32046 5432 42%
c -  1.00 23 142 9 14 3523 3 33860 7394 2.4 45 19 2 14 24% 2125 32046 5432 42%
c B  1.01 23 140 9 14 3523 3 34513 8021 2.4 46 19 2 14 25% 2127 32046 5432 42%
c ]  1.02 23 139 10 14 3523 3 35391 8860 2.4 46 19 2 14 25% 2129 32046 5432 42%
c {  1.02 23 85 10 14 3523 25 35391 8860 1.7 9 5 1 4 11% 2129 32046 5432 42%
c -  1.06 23 82 10 15 4013 24 37601 8833 1.7 10 6 1 4 11% 2145 32046 5432 42%
c o  1.11 23 80 10 15 4664 23 40640 11660 1.8 10 6 1 4 11% 2161 32046 5432 42%
c -  1.13 23 80 10 16 4829 23 41473 10591 1.8 10 6 1 4 11% 2167 32046 5432 42%
c u  1.16 23 79 10 16 5082 22 42509 10814 1.8 10 6 1 4 12% 2172 32046 5432 42%
c v  1.16 23 79 10 16 5082 22 42509 10321 1.8 10 6 1 4 12% 2172 32046 5432 42%
c w  1.17 23 79 10 16 5082 22 42509 10309 1.8 10 6 1 4 12% 2172 32046 5432 42%
c x  1.17 23 79 10 16 5082 22 42509 10308 1.8 10 6 1 4 12% 2219 31256 5432 42%
c =  1.21 23 79 10 16 5082 22 42509 10308 1.8 10 6 1 4 12% 2221 31252 5431 42%
c d  1.21 23 79 10 16 5082 22 42509 10308 1.8 10 6 1 4 12% 2219 31252 5431 42%
c
c seconds   switched     rate         size/glue tier1    binary        remaining
c        MB   reductions   conflicts        size  tier2     irredundant
c         level    restarts      redundant    glue   trail        variables
c
c t  1.21 23 79 10 16 5082 22 42509 10308 1.8 10 6 1 4 12% 2206 31252 5431 42%
c u  1.22 23 79 10 16 5082 22 42509 10198 1.8 10 6 1 4 12% 2208 31252 5431 42%
c v  1.23 23 79 10 16 5082 22 42509 9735 1.8 10 6 1 4 12% 2208 31252 5431 42%
c w  1.23 23 79 10 16 5082 22 42509 9722 1.8 10 6 1 4 12% 2208 31252 5431 42%
c x  1.24 23 79 10 16 5082 22 42509 9719 1.8 10 6 1 4 12% 2208 30805 5431 42%
c }  1.30 23 78 11 16 5347 22 44018 11115 1.8 11 6 1 4 12% 2217 30805 5431 42%
c [  1.30 23 139 11 16 5347 3 44018 11115 2.4 46 19 2 14 25% 2217 30805 5431 42%
c -  1.32 23 135 11 17 5348 3 45473 10209 2.4 45 19 2 13 25% 2220 30805 5431 42%
c W  1.37 23 133 11 17 5349 2 46737 11456 2.4 47 19 2 13 25% 2222 30805 5431 42%
c -  1.42 24 128 11 18 5351 2 49596 10787 2.5 48 19 2 12 26% 2225 30805 5431 42%
c ]  1.42 24 128 11 18 5351 2 50002 11178 2.5 48 19 2 12 26% 2225 30805 5431 42%
c ?  1.42 24 78 11 18 5351 22 50002 11178 1.8 11 6 1 4 12% 2225 30805 5431 42%
c
c ---- [ result ] ------------------------------------------------------------
c
s UNKNOWN
c
c ---- [ profiling ] ---------------------------------------------------------
c
c           0.82   57.82 %  search
c           0.56   39.10 %  simplify
c           0.53   37.44 %  probe
c           0.43   30.60 %  stable
c           0.39   27.22 %  focused
c           0.24   17.20 %  sweep
c           0.15   10.60 %  vivify
c           0.05    3.85 %  congruence
c           0.05    3.54 %  eliminate
c           0.04    2.88 %  factor
c           0.04    2.68 %  preprocess
c           0.03    2.22 %  substitute
c           0.02    1.11 %  reduce
c           0.01    0.72 %  walking
c           0.01    0.70 %  subsume
c           0.01    0.41 %  transitive
c           0.00    0.29 %  parse
c           0.00    0.27 %  backbone
c           0.00    0.10 %  lucky
c =============================================
c           1.42  100.00 %  total
c
c ---- [ statistics ] --------------------------------------------------------
c
c chronological:                          439                1 %  conflicts
c conflicts:                            50002            35149.36 per second
c congruent:                             1640               13 %  variables
c decisions:                           558055               11.16 per conflict
c eliminated:                            4725               37 %  variables
c factored:                               225                2 %  variables
c propagations:                      13137337          9235010    per second
c reductions:                              18             2778    interval
c reordered:                                3            16667    interval
c rephased:                                 8             6250    interval
c restarts:                              5351                9    interval
c strengthened:                           393                0 %  checks
c substituted:                           1999               16 %  variables
c subsumed:                              2297                0 %  checks
c switched:                                11             4546    interval
c vivified:                             14263               13 %  checks
c walks:                                    3            16667    interval
c
c ---- [ glue usage ] --------------------------------------------------------
c
c focused glue 1 used 40260 clauses 61.30% accumulated 61.30% tier1
c focused glue 2 used 13994 clauses 21.31% accumulated 82.61%
c focused glue 3 used  4486 clauses  6.83% accumulated 89.44%
c focused glue 4 used  2153 clauses  3.28% accumulated 92.72% tier2
c
c stable glue 2    used 35528 clauses 19.55% accumulated 66.51% tier1
c stable glue 3    used 13420 clauses  7.38% accumulated 73.89%
c stable glue 4-10 used 27365 clauses 15.06% accumulated 88.95%
c stable glue 11   used  1562 clauses  0.86% accumulated 89.81%
c stable glue 12   used  1520 clauses  0.84% accumulated 90.64% tier2
c
c ---- [ resources ] ---------------------------------------------------------
c
c maximum-resident-set-size:      25249710080 bytes      24080 MB
c process-time:                             1s               1.42 seconds
c
c ---- [ shutting down ] -----------------------------------------------------
c
c exit 0
