c ---- [ banner ] ------------------------------------------------------------
c
c Kissat SAT Solver
c 
c Copyright (c) 2021-2024 Armin Biere University of Freiburg
c Copyright (c) 2019-2021 Armin Biere Johannes Kepler University Linz
c 
c Version 4.0.4 unknown
c Apple clang version 17.0.0 (clang-1700.3.19.1) -W -Wall -O3 -DNDEBUG
c Thu Oct 16 20:09:41 UTC 2025 Darwin Tahoe-arm64.local 25.0.0 arm64
c
c ---- [ parsing ] -----------------------------------------------------------
c
c opened and reading DIMACS file:
c
c   cnfs_n32/sr61_n32_bit10_m3304caa0_fill80000000_enf0.cnf
c
c parsed 'p cnf 11211 46873' header
c closing input after reading 846515 bytes (827 KB)
c finished parsing after 0.00 seconds
c
c ---- [ options ] -----------------------------------------------------------
c
c --seed=13                        (different from default '0')
c
c ---- [ limits ] ------------------------------------------------------------
c
c conflict limit set to 50000 conflicts
c
c ---- [ solving ] -----------------------------------------------------------
c
c seconds switched rate     size/glue tier1  binary         remaining
c        MB reductions conflicts size  tier2    irredundant
c         level restarts redundant glue  trail         variables
c
c *  0.00  8 0 0 0  0 0   0   0 0.0 0 0 0 0 0% 3684 43124 11210 100%
c (  0.00  8 0 0 0  0 0   0   0 0.0 0 0 0 0 0% 3684 43124 11210 100%
c .  0.01  8 0 0 0  0 0   0   0 0.0 0 0 0 0 0% 3684 43124 11210 100%
c c  0.01 13 0 0 0  0 0   0   0 0.0 0 0 0 0 0% 4702 41297 10475 93%
c d  0.01 13 0 0 0  0 0   0   0 0.0 0 0 0 0 0% 3232 41297 10475 93%
c =  0.03 13 0 0 0  0 0   0   0 0.0 0 0 0 0 0% 3190 41297 10469 93%
c d  0.03 13 0 0 0  0 0   0   0 0.0 0 0 0 0 0% 3178 41297 10469 93%
c f  0.04 13 0 0 0  0 0   0   0 0.0 0 0 0 0 0% 3307 41035 10535 94%
c )  0.04 13 0 0 0  0 0   0   0 0.0 0 0 0 0 0% 3307 41035 10535 94%
c {  0.04 13 0 0 0  0 0   0   0 0.0 0 0 2 6 0% 3307 41035 10535 94%
c -  0.05 13 171 0 1 261 50 1000 731 1.5 6 4 3 8 10% 3398 41035 10535 94%
c }  0.05 13 171 1 1 261 50 1000 731 1.5 6 4 3 8 10% 3398 41035 10535 94%
c [  0.05 13 0 1 1 261 0 1000 731 0.0 0 0 2 6 0% 3398 41035 10535 94%
c B  0.05 13 116 1 1 261 17 1001 732 1.5 3 2 2 6 5% 3398 41035 10535 94%
c -  0.06 14 340 1 2 261 5 2000 1548 1.9 31 16 2 22 23% 3431 41035 10535 94%
c W  0.07 14 340 1 2 261 5 2002 1550 1.9 31 16 2 22 23% 3431 41035 10535 94%
c ]  0.07 14 308 2 2 262 6 2471 1988 1.9 24 13 2 22 21% 3434 41035 10535 94%
c {  0.07 14 171 2 2 262 50 2471 1988 1.5 6 4 3 8 10% 3434 41035 10535 94%
c c  0.08 14 173 2 2 280 50 2557 2060 1.5 6 4 3 7 10% 3467 40952 10512 94%
c d  0.08 14 173 2 2 280 50 2557 2054 1.5 6 4 3 7 10% 3416 40952 10509 94%
c
c seconds   switched   rate       size/glue tier1   binary         remaining
c        MB  reductions conflicts      size  tier2     irredundant
c          level restarts    redundant   glue   trail         variables
c
c u  0.08 14 173 2 2 280 50 2557 1595 1.5 6 4 3 7 10% 3407 40952 10509 94%
c v  0.09 14 173 2 2 280 50 2557 1464 1.5 6 4 3 7 10% 3407 40952 10509 94%
c w  0.09 14 173 2 2 280 50 2557 1334 1.5 6 4 3 7 10% 3407 40952 10509 94%
c x  0.09 14 173 2 2 280 50 2557 1334 1.5 6 4 3 7 10% 3407 40867 10509 94%
c =  0.11 14 173 2 2 280 50 2557 1334 1.5 6 4 3 7 10% 3587 40867 10419 93%
c d  0.11 14 173 2 2 280 50 2557 1328 1.5 6 4 3 7 10% 3406 40867 10419 93%
c t  0.11 14 173 2 2 280 50 2557 1328 1.5 6 4 3 7 10% 3401 40867 10419 93%
c u  0.12 14 173 2 2 280 50 2557 1281 1.5 6 4 3 7 10% 3402 40867 10419 93%
c v  0.12 14 173 2 2 280 50 2557 1253 1.5 6 4 3 7 10% 3402 40867 10419 93%
c w  0.12 14 173 2 2 280 50 2557 1209 1.5 6 4 3 7 10% 3402 40867 10419 93%
c -  0.15 14 164 2 3 450 46 3415 1784 1.6 7 4 2 7 10% 3442 40867 10419 93%
c }  0.15 14 165 3 3 471 47 3472 1836 1.5 7 4 2 7 10% 3444 40867 10419 93%
c [  0.15 14 308 3 3 471 6 3472 1836 1.9 24 13 2 22 21% 3444 40867 10419 93%
c I  0.16 14 274 3 3 471 5 4262 2576 1.9 23 13 2 22 19% 3450 40867 10419 93%
c ]  0.17 14 268 4 3 472 6 4777 3034 1.9 24 13 2 19 20% 3472 40867 10419 93%
c {  0.17 14 165 4 3 472 47 4777 3034 1.5 7 4 2 7 10% 3472 40867 10419 93%
c -  0.17 14 155 4 4 485 42 5148 2999 1.6 7 4 2 6 9% 3481 40867 10419 93%
c }  0.18 14 119 5 4 640 30 7132 4332 1.7 7 4 2 6 7% 3562 40867 10419 93%
c [  0.18 14 268 5 4 640 6 7132 4332 1.9 24 13 2 19 20% 3562 40867 10419 93%
c -  0.18 14 267 5 5 640 6 7149 3946 1.9 24 13 2 19 20% 3562 40867 10419 93%
c
c seconds   switched  rate       size/glue  tier1     binary         remaining
c        MB  reductions conflicts      size   tier2      irredundant
c          level restarts   redundant     glue    trail         variables
c
c ]  0.19 14 253 6 5 640 5 7488 4262 2.2 32 15 2 19 22% 3573 40867 10419 93%
c {  0.19 14 119 6 5 640 30 7488 4262 1.7 7 4 2 6 7% 3573 40867 10419 93%
c d  0.20 14 123 6 5 760 33 7876 4018 1.7 7 4 2 6 8% 3555 40867 10392 93%
c u  0.20 15 123 6 5 760 33 7876 3235 1.7 7 4 2 6 8% 3572 40867 10392 93%
c v  0.21 15 123 6 5 760 33 7876 2786 1.7 7 4 2 6 8% 3578 40867 10392 93%
c w  0.21 17 123 6 5 760 33 7876 2786 1.7 7 4 2 6 8% 3578 40867 10392 93%
c x  0.21 17 123 6 5 760 33 7876 2786 1.7 7 4 2 6 8% 3578 40534 10392 93%
c d  0.22 17 123 6 5 760 33 7876 2738 1.7 7 4 2 6 8% 3546 40534 10376 93%
c t  0.22 17 123 6 5 760 33 7876 2738 1.7 7 4 2 6 8% 3535 40534 10376 93%
c f  0.22 17 123 6 5 760 33 7876 2738 1.7 7 4 2 6 8% 3563 40471 10393 93%
c c  0.23 17 123 6 5 760 33 7876 2659 1.7 7 4 2 6 8% 3623 40292 10359 92%
c d  0.23 17 123 6 5 760 33 7876 2659 1.7 7 4 2 6 8% 3555 40292 10359 92%
c u  0.23 17 123 6 5 760 33 7876 2548 1.7 7 4 2 6 8% 3547 40292 10359 92%
c v  0.23 17 123 6 5 760 33 7876 2474 1.7 7 4 2 6 8% 3547 40292 10359 92%
c w  0.24 17 123 6 5 760 33 7876 2470 1.7 7 4 2 6 8% 3547 40292 10359 92%
c x  0.24 17 123 6 5 760 33 7876 2470 1.7 7 4 2 6 8% 3547 40162 10359 92%
c =  0.26 17 123 6 5 760 33 7876 2470 1.7 7 4 2 6 8% 3551 40162 10357 92%
c d  0.26 17 123 6 5 760 33 7876 2470 1.7 7 4 2 6 8% 3547 40162 10357 92%
c t  0.26 17 123 6 5 760 33 7876 2470 1.7 7 4 2 6 8% 3541 40162 10357 92%
c f  0.26 17 123 6 5 760 33 7876 2470 1.7 7 4 2 6 8% 3549 40148 10361 92%
c
c seconds   switched    rate       size/glue tier1  binary         remaining
c        MB  reductions  conflicts      size  tier2    irredundant
c          level  restarts    redundant   glue  trail         variables
c
c -  0.29 17 117 6 6 1171 32 9387 3295 1.7 8 4 2 5 8% 3669 40148 10361 92%
c o  0.31 17 115 6 6 1346 32 10001 3858 1.8 9 5 2 5 9% 3691 40148 10361 92%
c }  0.35 17 114 7 6 1722 32 11559 5245 1.8 10 5 2 5 10% 3771 40148 10361 92%
c [  0.35 17 253 7 6 1722 5 11559 5245 2.2 32 15 2 19 22% 3771 40148 10361 92%
c B  0.35 17 253 7 6 1722 5 11559 5245 2.2 32 15 2 19 22% 3771 40148 10361 92%
c -  0.36 17 247 7 7 1722 5 11836 5077 2.2 34 15 2 20 22% 3773 40148 10361 92%
c s  0.40 17 227 7 7 1723 4 12780 5999 2.4 44 18 2 20 23% 3777 40002 10361 92%
c e  0.42 18 227 7 7 1723 4 12780 5999 2.4 44 18 2 20 23% 2066 39253 6750 60%
c s  0.43 18 227 7 7 1723 4 12780 5999 2.4 44 18 2 20 23% 2073 39024 6750 60%
c e  0.43 18 227 7 7 1723 4 12780 5999 2.4 44 18 2 20 23% 2072 39025 6740 60%
c ^  0.43 18 227 7 7 1723 4 12780 5999 2.4 44 18 2 20 23% 2072 39025 6740 60%
c ]  0.54 18 211 8 7 1724 4 14006 3673 2.4 65 27 2 20 27% 2076 39025 6740 60%
c {  0.54 18 114 8 7 1724 32 14006 3673 1.8 10 5 2 5 10% 2076 39025 6740 60%
c -  0.56 20 114 8 8 1859 33 14483 3503 1.9 11 6 2 4 10% 2086 39025 6740 60%
c u  0.63 20 115 8 8 2302 34 16140 4433 1.9 14 7 2 4 11% 2133 39023 6740 60%
c v  0.63 20 115 8 8 2302 34 16140 4186 1.9 14 7 2 4 11% 2133 39023 6740 60%
c w  0.65 20 115 8 8 2302 34 16140 4127 1.9 14 7 2 4 11% 2133 39023 6740 60%
c x  0.66 21 115 8 8 2302 34 16140 4127 1.9 14 7 2 4 11% 2133 38841 6740 60%
c =  0.71 21 115 8 8 2302 34 16140 4127 1.9 14 7 2 4 11% 2177 38841 6718 60%
c d  0.71 21 115 8 8 2302 34 16140 4114 1.9 14 7 2 4 11% 2128 38841 6718 60%
c
c seconds   switched    rate        size/glue tier1    binary        remaining
c        MB  reductions   conflicts       size  tier2     irredundant
c          level  restarts     redundant    glue   trail        variables
c
c t  0.71 21 115 8 8 2302 34 16140 4114 1.9 14 7 2 4 11% 2107 38841 6718 60%
c f  0.72 21 115 8 8 2302 34 16140 4114 1.9 14 7 2 4 11% 2131 38779 6732 60%
c u  0.72 21 115 8 8 2302 34 16140 4023 1.9 14 7 2 4 11% 2133 38779 6732 60%
c v  0.72 21 115 8 8 2302 34 16140 3986 1.9 14 7 2 4 11% 2133 38779 6732 60%
c w  0.74 21 115 8 8 2302 34 16140 3901 1.9 14 7 2 4 11% 2133 38779 6732 60%
c x  0.75 21 115 8 8 2302 34 16140 3901 1.9 14 7 2 4 11% 2133 38684 6732 60%
c =  0.79 21 115 8 8 2302 34 16140 3901 1.9 14 7 2 4 11% 2149 38676 6724 60%
c d  0.79 21 115 8 8 2302 34 16140 3896 1.9 14 7 2 4 11% 2127 38676 6723 60%
c f  0.80 21 115 8 8 2302 34 16140 3896 1.9 14 7 2 4 11% 2129 38672 6724 60%
c -  0.85 21 116 8 9 2606 34 17311 4366 2.0 17 9 1 4 12% 2149 38672 6724 60%
c o  0.94 21 116 8 9 3195 33 20006 6864 2.0 19 10 1 4 13% 2195 38672 6724 60%
c }  0.94 21 117 9 9 3200 33 20165 6971 2.0 19 10 1 4 13% 2200 38672 6724 60%
c [  0.94 21 211 9 9 3200 4 20165 6971 2.4 65 27 2 20 27% 2200 38672 6724 60%
c W  0.94 21 211 9 9 3200 4 20165 6971 2.4 65 27 2 20 27% 2200 38672 6724 60%
c -  0.95 21 208 9 10 3200 4 20311 6046 2.4 64 27 1 13 27% 2200 38672 6724 60%
c ]  1.21 21 192 10 10 3201 3 21880 7580 2.5 91 36 1 13 32% 2202 38672 6724 60%
c {  1.21 21 117 10 10 3201 33 21880 7580 2.0 19 10 1 4 13% 2202 38672 6724 60%
c -  1.26 21 119 10 11 3488 33 23473 7257 2.0 20 10 1 4 14% 2219 38672 6724 60%
c s  1.37 21 120 10 11 4000 33 25615 9278 2.0 23 11 1 4 15% 2240 38621 6724 60%
c e  1.38 21 120 10 11 4000 33 25615 9278 2.0 23 11 1 4 15% 1961 38945 6584 59%
c
c seconds    switched     rate        size/glue  tier1    binary        remaining
c        MB    reductions   conflicts       size   tier2     irredundant
c          level    restarts     redundant     glue   trail        variables
c
c 2  1.38 21 120 10 11 4000 33 25615 9278 2.0 23 11 1 4 15% 1960 38945 6584 59%
c s  1.38 21 120 10 11 4000 33 25615 9278 2.0 23 11 1 4 15% 1980 38822 6584 59%
c e  1.39 21 120 10 11 4000 33 25615 9278 2.0 23 11 1 4 15% 1974 38828 6583 59%
c ^  1.39 21 120 10 11 4000 33 25615 9278 2.0 23 11 1 4 15% 1974 38828 6583 59%
c -  1.43 21 122 10 12 4200 32 26789 7540 2.0 24 12 1 4 15% 1984 38827 6583 59%
c c  1.48 22 122 10 12 4372 32 27569 8292 2.0 25 12 1 4 15% 1992 38798 6580 59%
c d  1.48 22 122 10 12 4372 32 27569 8287 2.0 25 12 1 4 15% 1986 38798 6580 59%
c u  1.48 22 122 10 12 4372 32 27569 7790 2.0 25 12 1 4 15% 1985 38798 6580 59%
c v  1.49 22 122 10 12 4372 32 27569 6783 2.0 25 12 1 4 15% 1985 38798 6580 59%
c w  1.52 22 122 10 12 4372 32 27569 6034 2.0 25 12 1 4 15% 1985 38798 6580 59%
c =  1.60 22 122 10 12 4372 32 27569 6034 2.0 25 12 1 4 15% 2499 38634 6323 56%
c d  1.60 22 122 10 12 4372 32 27569 5980 2.0 25 12 1 4 15% 1971 38634 6323 56%
c t  1.60 22 122 10 12 4372 32 27569 5980 2.0 25 12 1 4 15% 1961 38634 6323 56%
c f  1.61 22 122 10 12 4372 32 27569 5980 2.0 25 12 1 4 15% 1996 38542 6342 57%
c u  1.61 22 122 10 12 4372 32 27569 5845 2.0 25 12 1 4 15% 1997 38542 6342 57%
c v  1.62 22 122 10 12 4372 32 27569 5623 2.0 25 12 1 4 15% 1998 38542 6342 57%
c w  1.64 22 122 10 12 4372 32 27569 5346 2.0 25 12 1 4 15% 1998 38542 6342 57%
c x  1.65 22 122 10 12 4372 32 27569 5345 2.0 25 12 1 4 15% 2018 36746 6342 57%
c =  1.73 22 122 10 12 4372 32 27569 5345 2.0 25 12 1 4 15% 2022 36746 6340 57%
c d  1.73 22 122 10 12 4372 32 27569 5345 2.0 25 12 1 4 15% 2018 36746 6340 57%
c
c seconds    switched     rate        size/glue  tier1    binary        remaining
c        MB    reductions   conflicts       size   tier2     irredundant
c          level    restarts     redundant     glue   trail        variables
c
c t  1.73 22 122 10 12 4372 32 27569 5345 2.0 25 12 1 4 15% 2011 36746 6340 57%
c f  1.73 22 122 10 12 4372 32 27569 5345 2.0 25 12 1 4 15% 2012 36742 6341 57%
c -  1.80 22 125 10 13 4651 30 30253 6729 2.1 25 12 1 4 17% 2026 36742 6341 57%
c }  1.80 22 125 11 13 4651 30 30513 6949 2.0 25 12 1 4 17% 2028 36742 6341 57%
c [  1.80 22 192 11 13 4651 3 30513 6949 2.5 91 36 1 13 32% 2028 36742 6341 57%
c O  1.80 22 192 11 13 4651 3 30513 6949 2.5 91 36 1 13 32% 2028 36742 6341 57%
c -  1.98 23 174 11 14 4653 3 33858 7390 2.4 99 41 1 8 33% 2029 36742 6341 57%
c ]  2.14 23 166 12 14 4655 3 36310 9776 2.5 106 43 1 8 34% 2029 36742 6341 57%
c {  2.14 23 125 12 14 4655 30 36310 9776 2.0 25 12 1 4 17% 2029 36742 6341 57%
c -  2.18 23 125 12 15 4849 29 37599 7653 2.0 26 12 1 4 18% 2035 36742 6341 57%
c o  2.20 23 127 12 15 4896 27 40022 9577 2.0 25 12 1 4 18% 2046 36742 6341 57%
c -  2.22 23 131 12 16 4912 26 41471 8797 2.1 24 12 1 5 19% 2070 36742 6341 57%
c u  2.23 23 131 12 16 4916 25 42332 9065 2.1 24 12 1 5 19% 2075 36742 6341 57%
c v  2.24 23 131 12 16 4916 25 42332 7742 2.1 24 12 1 5 19% 2075 36742 6341 57%
c w  2.24 23 131 12 16 4916 25 42332 7347 2.1 24 12 1 5 19% 2075 36742 6341 57%
c x  2.26 23 131 12 16 4916 25 42332 7344 2.1 24 12 1 5 19% 2075 36651 6341 57%
c =  2.32 23 131 12 16 4916 25 42332 7344 2.1 24 12 1 5 19% 2707 36651 6025 54%
c d  2.32 23 131 12 16 4916 25 42332 5968 2.1 24 12 1 5 19% 2070 36651 6025 54%
c t  2.32 23 131 12 16 4916 25 42332 5968 2.1 24 12 1 5 19% 2029 36651 6025 54%
c c  2.34 23 131 12 16 4916 25 42332 5968 2.1 24 12 1 5 19% 2036 36648 6022 54%
c
c seconds    switched     rate        size/glue  tier1    binary        remaining
c        MB    reductions   conflicts       size   tier2     irredundant
c          level    restarts     redundant     glue   trail        variables
c
c d  2.34 23 131 12 16 4916 25 42332 5968 2.1 24 12 1 5 19% 2030 36648 6022 54%
c u  2.34 23 131 12 16 4916 25 42332 5768 2.1 24 12 1 5 19% 2024 36648 6022 54%
c v  2.35 23 131 12 16 4916 25 42332 5488 2.1 24 12 1 5 19% 2024 36648 6022 54%
c w  2.35 23 131 12 16 4916 25 42332 5365 2.1 24 12 1 5 19% 2024 36648 6022 54%
c =  2.39 23 131 12 16 4916 25 42332 5365 2.1 24 12 1 5 19% 2636 36648 5716 51%
c d  2.39 23 131 12 16 4916 25 42332 5349 2.1 24 12 1 5 19% 2024 36648 5716 51%
c t  2.39 23 131 12 16 4916 25 42332 5349 2.1 24 12 1 5 19% 2008 36648 5716 51%
c -  2.42 23 132 12 17 4942 23 45471 6525 2.1 24 11 1 6 19% 2029 36648 5716 51%
c }  2.45 23 131 13 17 4969 22 47791 8650 2.1 23 11 1 6 20% 2050 36648 5716 51%
c [  2.45 23 166 13 17 4969 3 47791 8650 2.5 106 43 1 8 34% 2050 36648 5716 51%
c B  2.45 23 166 13 17 4969 3 47791 8650 2.5 106 43 1 8 34% 2050 36648 5716 51%
c -  2.46 23 161 13 18 4970 2 49596 8309 2.5 96 39 1 8 34% 2054 36648 5716 51%
c ]  2.47 23 161 13 18 4971 2 50000 8696 2.5 95 39 1 8 34% 2055 36648 5716 51%
c ?  2.47 23 131 13 18 4971 22 50000 8696 2.1 23 11 1 6 20% 2055 36648 5716 51%
c
c ---- [ result ] ------------------------------------------------------------
c
s UNKNOWN
c
c ---- [ profiling ] ---------------------------------------------------------
c
c           1.62   65.72 %  search
c           0.83   33.58 %  stable
c           0.81   32.72 %  simplify
c           0.79   32.14 %  focused
c           0.78   31.58 %  probe
c           0.40   16.23 %  sweep
c           0.24    9.57 %  vivify
c           0.05    2.21 %  congruence
c           0.05    2.17 %  eliminate
c           0.05    1.91 %  factor
c           0.03    1.37 %  preprocess
c           0.03    1.27 %  substitute
c           0.02    0.64 %  reduce
c           0.01    0.41 %  subsume
c           0.01    0.31 %  walking
c           0.01    0.25 %  transitive
c           0.00    0.14 %  backbone
c           0.00    0.14 %  parse
c           0.00    0.05 %  lucky
c =============================================
c           2.47  100.00 %  total
c
c ---- [ statistics ] --------------------------------------------------------
c
c chronological:                          517                1 %  conflicts
c conflicts:                            50000            20241.64 per second
c congruent:                              798                7 %  variables
c decisions:                           787590               15.75 per conflict
c eliminated:                            3762               34 %  variables
c factored:                               122                1 %  variables
c propagations:                      23456683          9496033    per second
c reductions:                              18             2778    interval
c reordered:                                3            16667    interval
c rephased:                                 7             7143    interval
c restarts:                              4971               10    interval
c strengthened:                           197                0 %  checks
c substituted:                           1854               17 %  variables
c subsumed:                               522                0 %  checks
c switched:                                13             3846    interval
c vivified:                             16508                9 %  checks
c walks:                                    2            25000    interval
c
c ---- [ glue usage ] --------------------------------------------------------
c
c focused glue 1   used 65987 clauses 55.92% accumulated 55.92% tier1
c focused glue 2   used 23295 clauses 19.74% accumulated 75.67%
c focused glue 3-4 used 13151 clauses 11.15% accumulated 86.81%
c focused glue 5   used  3135 clauses  2.66% accumulated 89.47%
c focused glue 6   used  2229 clauses  1.89% accumulated 91.36% tier2
c
c stable glue 1   used 108098 clauses 61.52% accumulated 61.52% tier1
c stable glue 2   used  22320 clauses 12.70% accumulated 74.22%
c stable glue 3-6 used  22976 clauses 13.08% accumulated 87.30%
c stable glue 7   used   2693 clauses  1.53% accumulated 88.83%
c stable glue 8   used   2131 clauses  1.21% accumulated 90.04% tier2
c
c ---- [ resources ] ---------------------------------------------------------
c
c maximum-resident-set-size:      24763170816 bytes      23616 MB
c process-time:                             2s               2.47 seconds
c
c ---- [ shutting down ] -----------------------------------------------------
c
c exit 0
