c ---- [ banner ] ------------------------------------------------------------
c
c Kissat SAT Solver
c 
c Copyright (c) 2021-2024 Armin Biere University of Freiburg
c Copyright (c) 2019-2021 Armin Biere Johannes Kepler University Linz
c 
c Version 4.0.4 unknown
c Apple clang version 17.0.0 (clang-1700.3.19.1) -W -Wall -O3 -DNDEBUG
c Thu Oct 16 20:09:41 UTC 2025 Darwin Tahoe-arm64.local 25.0.0 arm64
c
c ---- [ parsing ] -----------------------------------------------------------
c
c opened and reading DIMACS file:
c
c   headline_hunt/bets/cascade_aux_encoding/cnfs/aux_force_sr61_n32_bit19_m51ca0b34_fill55555555.cnf
c
c parsed 'p cnf 12850 53838' header
c closing input after reading 979266 bytes (956 KB)
c finished parsing after 0.00 seconds
c
c ---- [ options ] -----------------------------------------------------------
c
c --seed=1                         (different from default '0')
c
c ---- [ limits ] ------------------------------------------------------------
c
c conflict limit set to 50000 conflicts
c
c ---- [ solving ] -----------------------------------------------------------
c
c seconds switched rate     size/glue tier1  binary         remaining
c        MB reductions conflicts size  tier2    irredundant
c         level restarts redundant glue  trail         variables
c
c *  0.00  9 0 0 0  0 0   0   0 0.0 0 0 0 0 0% 3138 50187 12369 96%
c (  0.00  9 0 0 0  0 0   0   0 0.0 0 0 0 0 0% 3138 50187 12369 96%
c .  0.01  9 0 0 0  0 0   0   0 0.0 0 0 0 0 0% 4034 48267 12369 96%
c c  0.02 14 0 0 0  0 0   0   0 0.0 0 0 0 0 0% 5856 42319 10540 82%
c d  0.02 14 0 0 0  0 0   0   0 0.0 0 0 0 0 0% 3138 42319 10540 82%
c =  0.03 14 0 0 0  0 0   0   0 0.0 0 0 0 0 0% 3078 42313 10490 82%
c d  0.03 14 0 0 0  0 0   0   0 0.0 0 0 0 0 0% 2978 42313 10490 82%
c f  0.04 14 0 0 0  0 0   0   0 0.0 0 0 0 0 0% 3311 41728 10670 83%
c )  0.04 14 0 0 0  0 0   0   0 0.0 0 0 0 0 0% 3311 41728 10670 83%
c {  0.04 14 0 0 0  0 0   0   0 0.0 0 0 2 6 0% 3311 41728 10670 83%
c -  0.05 14 249 0 1 208 54 1000 785 1.6 4 3 2 4 9% 3378 41727 10670 83%
c }  0.05 14 249 1 1 208 54 1000 785 1.6 4 3 2 4 9% 3378 41727 10670 83%
c [  0.05 14 0 1 1 208 0 1000 785 0.0 0 0 2 6 0% 3378 41727 10670 83%
c B  0.05 14 691 1 1 208 324 1002 787 1.3 4 3 2 6 24% 3378 41727 10670 83%
c i  0.05 14 442 1 1 208 5 1806 1366 1.4 9 7 2 11 9% 3400 41727 10669 83%
c -  0.06 14 414 1 2 208 7 2001 1406 1.4 9 6 2 9 10% 3408 41727 10669 83%
c W  0.06 14 415 1 2 208 7 2003 1408 1.4 9 6 2 9 10% 3407 41725 10669 83%
c c  0.07 14 329 1 2 209 7 2554 1880 1.6 10 6 2 9 12% 3467 41591 10628 83%
c d  0.07 14 329 1 2 209 7 2554 1793 1.6 10 6 2 9 12% 3364 41591 10616 83%
c u  0.08 14 329 1 2 209 7 2554 1422 1.6 10 6 2 9 12% 3358 41591 10616 83%
c
c seconds   switched  rate       size/glue tier1    binary         remaining
c        MB  reductions conflicts      size  tier2     irredundant
c          level restarts   redundant    glue   trail         variables
c
c v  0.08 14 329 1 2 209 7 2554 1319 1.6 10 6 2 9 12% 3358 41591 10616 83%
c w  0.08 14 329 1 2 209 7 2554 1063 1.6 10 6 2 9 12% 3358 41591 10616 83%
c x  0.08 14 329 1 2 209 7 2554 1063 1.6 10 6 2 9 12% 3358 41437 10616 83%
c =  0.10 14 329 1 2 209 7 2554 1063 1.6 10 6 2 9 12% 3362 41437 10614 83%
c d  0.10 14 329 1 2 209 7 2554 1063 1.6 10 6 2 9 12% 3356 41437 10613 83%
c t  0.10 14 329 1 2 209 7 2554 1063 1.6 10 6 2 9 12% 3355 41437 10613 83%
c c  0.11 14 329 1 2 209 7 2554 1063 1.6 10 6 2 9 12% 3361 41425 10610 83%
c d  0.11 14 329 1 2 209 7 2554 1063 1.6 10 6 2 9 12% 3355 41425 10610 83%
c u  0.11 14 329 1 2 209 7 2554 997 1.6 10 6 2 9 12% 3358 41425 10610 83%
c v  0.11 14 329 1 2 209 7 2554 970 1.6 10 6 2 9 12% 3358 41425 10610 83%
c w  0.11 14 329 1 2 209 7 2554 942 1.6 10 6 2 9 12% 3358 41425 10610 83%
c =  0.13 14 329 1 2 209 7 2554 942 1.6 10 6 2 9 12% 3534 41425 10522 82%
c d  0.13 14 329 1 2 209 7 2554 939 1.6 10 6 2 9 12% 3358 41425 10522 82%
c ]  0.13 14 314 2 2 209 7 2911 1265 1.5 10 7 2 9 13% 3365 41425 10522 82%
c {  0.13 14 249 2 2 209 54 2911 1265 1.6 4 3 2 4 9% 3365 41425 10522 82%
c -  0.14 15 221 2 3 334 51 3417 1532 1.5 4 3 2 4 10% 3405 41424 10522 82%
c }  0.14 15 190 3 3 461 46 3911 1925 1.5 4 3 2 4 10% 3453 41416 10522 82%
c [  0.14 15 314 3 3 461 7 3911 1925 1.5 10 7 2 9 13% 3453 41416 10522 82%
c I  0.15 15 281 3 3 461 6 4262 2254 1.6 11 7 2 9 12% 3454 41416 10522 82%
c -  0.16 15 246 3 4 462 6 5149 2722 2.0 16 8 2 9 14% 3481 41416 10522 82%
c
c seconds   switched  rate       size/glue tier1    binary         remaining
c        MB  reductions conflicts      size  tier2     irredundant
c          level restarts   redundant    glue   trail         variables
c
c ]  0.16 15 236 4 4 462 6 5506 3029 2.0 16 8 2 9 15% 3487 41416 10522 82%
c {  0.16 15 190 4 4 462 46 5506 3029 1.5 4 3 2 4 10% 3487 41416 10522 82%
c -  0.19 15 135 4 5 1043 37 7151 3846 1.7 6 4 2 4 9% 3678 41378 10522 82%
c }  0.20 15 123 5 5 1199 35 7858 4438 1.7 7 4 2 4 9% 3711 41375 10522 82%
c [  0.20 15 236 5 5 1199 6 7858 4438 2.0 16 8 2 9 15% 3711 41375 10522 82%
c d  0.20 15 236 5 5 1199 6 7868 4429 2.0 16 8 2 9 15% 3672 41375 10501 82%
c u  0.20 15 236 5 5 1199 6 7868 3649 2.0 16 8 2 9 15% 3691 41375 10501 82%
c v  0.21 15 236 5 5 1199 6 7868 3381 2.0 16 8 2 9 15% 3692 41375 10501 82%
c w  0.21 15 236 5 5 1199 6 7868 3277 2.0 16 8 2 9 15% 3692 41375 10501 82%
c x  0.21 15 236 5 5 1199 6 7868 3277 2.0 16 8 2 9 15% 3739 41225 10501 82%
c =  0.23 15 236 5 5 1199 6 7868 3277 2.0 16 8 2 9 15% 3903 41225 10419 81%
c d  0.23 15 236 5 5 1199 6 7868 3140 2.0 16 8 2 9 15% 3718 41225 10419 81%
c t  0.23 15 236 5 5 1199 6 7868 3140 2.0 16 8 2 9 15% 3692 41225 10419 81%
c f  0.23 15 236 5 5 1199 6 7868 3140 2.0 16 8 2 9 15% 3693 41223 10420 81%
c c  0.24 15 236 5 5 1199 6 7868 3140 2.0 16 8 2 9 15% 3703 41193 10414 81%
c d  0.24 15 236 5 5 1199 6 7868 3140 2.0 16 8 2 9 15% 3691 41193 10414 81%
c u  0.24 15 236 5 5 1199 6 7868 2980 2.0 16 8 2 9 15% 3693 41193 10414 81%
c v  0.24 15 236 5 5 1199 6 7868 2889 2.0 16 8 2 9 15% 3693 41193 10414 81%
c w  0.25 15 236 5 5 1199 6 7868 2738 2.0 16 8 2 9 15% 3693 41193 10414 81%
c x  0.25 15 236 5 5 1199 6 7868 2738 2.0 16 8 2 9 15% 3767 40823 10414 81%
c
c seconds   switched   rate       size/glue tier1    binary         remaining
c        MB  reductions conflicts       size  tier2     irredundant
c          level  restarts   redundant    glue   trail         variables
c
c =  0.27 15 236 5 5 1199 6 7868 2738 2.0 16 8 2 9 15% 3817 40815 10387 81%
c d  0.27 15 236 5 5 1199 6 7868 2719 2.0 16 8 2 9 15% 3764 40815 10387 81%
c t  0.27 15 236 5 5 1199 6 7868 2719 2.0 16 8 2 9 15% 3753 40815 10387 81%
c B  0.27 15 228 5 5 1199 6 8034 2860 2.0 16 8 2 9 14% 3758 40815 10387 81%
c ]  0.31 15 212 6 5 1199 5 8832 3635 2.5 30 12 2 9 18% 3763 40815 10387 81%
c {  0.31 15 123 6 5 1199 35 8832 3635 1.7 7 4 2 4 9% 3763 40815 10387 81%
c -  0.32 15 116 6 6 1273 32 9387 3381 1.7 7 4 2 4 9% 3806 40812 10387 81%
c o  0.33 15 109 6 6 1391 30 10000 3921 1.8 7 4 2 4 9% 3832 40811 10387 81%
c -  0.35 15 101 6 7 1695 26 11837 4937 1.8 7 4 2 4 9% 3904 40810 10387 81%
c s  0.37 15 97 6 7 1842 24 12769 5759 1.8 8 4 2 4 9% 3940 39873 10387 81%
c e  0.39 18 97 6 7 1842 24 12769 5759 1.8 8 4 2 4 9% 2546 34850 6391 50%
c s  0.39 18 97 6 7 1842 24 12769 5759 1.8 8 4 2 4 9% 2553 34578 6391 50%
c e  0.40 18 97 6 7 1842 24 12769 5759 1.8 8 4 2 4 9% 2394 34728 6334 49%
c ^  0.40 18 97 6 7 1842 24 12769 5759 1.8 8 4 2 4 9% 2394 34728 6334 49%
c }  0.40 18 96 7 7 1878 24 12901 3525 1.8 8 4 2 4 9% 2395 34728 6334 49%
c [  0.40 18 212 7 7 1878 5 12901 3525 2.5 30 12 2 9 18% 2395 34728 6334 49%
c W  0.41 18 195 7 7 1878 5 13566 4123 2.5 30 12 2 9 19% 2397 34727 6334 49%
c -  0.42 18 179 7 8 1879 4 14482 4321 2.4 29 12 2 10 18% 2401 34727 6334 49%
c d  0.45 18 164 7 8 1880 4 16122 5863 2.5 34 14 2 10 21% 2404 34726 6331 49%
c u  0.45 18 164 7 8 1880 4 16122 5160 2.5 34 14 2 10 21% 2419 34726 6331 49%
c
c seconds   switched   rate        size/glue  tier1     binary        remaining
c        MB  reductions  conflicts       size   tier2      irredundant
c          level  restarts    redundant     glue    trail        variables
c
c v  0.46 18 164 7 8 1880 4 16122 4854 2.5 34 14 2 10 21% 2419 34726 6331 49%
c w  0.46 18 164 7 8 1880 4 16122 4850 2.5 34 14 2 10 21% 2419 34726 6331 49%
c x  0.47 18 164 7 8 1880 4 16122 4850 2.5 34 14 2 10 21% 2432 34550 6331 49%
c d  0.49 18 164 7 8 1880 4 16122 4846 2.5 34 14 2 10 21% 2424 34550 6327 49%
c t  0.49 18 164 7 8 1880 4 16122 4846 2.5 34 14 2 10 21% 2406 34550 6327 49%
c f  0.50 18 164 7 8 1880 4 16122 4846 2.5 34 14 2 10 21% 2429 34491 6342 49%
c u  0.50 18 164 7 8 1880 4 16122 4696 2.5 34 14 2 10 21% 2429 34491 6342 49%
c v  0.50 18 164 7 8 1880 4 16122 4611 2.5 34 14 2 10 21% 2429 34491 6342 49%
c w  0.51 18 164 7 8 1880 4 16122 4601 2.5 34 14 2 10 21% 2429 34491 6342 49%
c x  0.51 18 164 7 8 1880 4 16122 4601 2.5 34 14 2 10 21% 2430 34450 6342 49%
c f  0.52 18 164 7 8 1880 4 16122 4601 2.5 34 14 2 10 21% 2434 34442 6344 49%
c -  0.54 18 156 7 9 1881 4 17311 4614 2.4 37 15 2 12 22% 2436 34442 6344 49%
c ]  0.56 18 152 8 9 1882 4 18491 5742 2.4 38 16 2 12 23% 2440 34442 6344 49%
c {  0.56 18 96 8 9 1882 24 18491 5742 1.8 8 4 2 4 9% 2440 34442 6344 49%
c o  0.59 18 90 8 9 2254 23 20002 7129 1.8 8 5 2 4 9% 2477 34442 6344 49%
c -  0.59 18 89 8 10 2309 23 20314 5966 1.8 8 5 1 4 9% 2487 34441 6344 49%
c -  0.65 20 84 8 11 3095 22 23476 7400 1.8 9 5 1 3 10% 2571 34441 6344 49%
c }  0.67 20 83 9 11 3394 22 24650 8453 1.8 9 5 1 3 10% 2599 34441 6344 49%
c [  0.67 20 152 9 11 3394 4 24650 8453 2.4 38 16 2 12 23% 2599 34441 6344 49%
c O  0.67 20 152 9 11 3394 4 24650 8453 2.4 38 16 2 12 23% 2599 34441 6344 49%
c
c seconds   switched    rate        size/glue  tier1     binary        remaining
c        MB   reductions  conflicts       size   tier2      irredundant
c          level   restarts    redundant     glue    trail        variables
c
c s  0.68 20 145 9 11 3394 3 25685 9435 2.4 39 16 2 12 24% 2603 34412 6344 49%
c e  0.70 20 145 9 11 3394 3 25685 9435 2.4 39 16 2 12 24% 2040 35113 5971 46%
c s  0.70 20 145 9 11 3394 3 25685 9435 2.4 39 16 2 12 24% 2095 34759 5971 46%
c e  0.70 20 145 9 11 3394 3 25685 9435 2.4 39 16 2 12 24% 2074 34439 5907 46%
c ^  0.70 20 145 9 11 3394 3 25685 9435 2.4 39 16 2 12 24% 2074 34439 5907 46%
c -  0.73 20 143 9 12 3396 3 26792 6045 2.3 40 17 2 11 24% 2075 34439 5907 46%
c c  0.75 20 141 9 12 3396 3 27623 6805 2.3 41 18 2 11 24% 2100 34320 5892 46%
c d  0.75 20 141 9 12 3396 3 27623 6779 2.3 41 18 2 11 24% 2070 34320 5892 46%
c u  0.75 20 141 9 12 3396 3 27623 6231 2.3 41 18 2 11 24% 2077 34320 5892 46%
c v  0.76 20 141 9 12 3396 3 27623 5646 2.3 41 18 2 11 24% 2084 34320 5892 46%
c w  0.77 20 141 9 12 3396 3 27623 5535 2.3 41 18 2 11 24% 2084 34320 5892 46%
c =  0.80 20 141 9 12 3396 3 27623 5535 2.3 41 18 2 11 24% 2206 34312 5831 45%
c d  0.80 20 141 9 12 3396 3 27623 5462 2.3 41 18 2 11 24% 2061 34312 5831 45%
c t  0.80 20 141 9 12 3396 3 27623 5462 2.3 41 18 2 11 24% 2047 34312 5831 45%
c f  0.81 20 141 9 12 3396 3 27623 5462 2.3 41 18 2 11 24% 2152 34023 5884 46%
c u  0.81 20 141 9 12 3396 3 27623 5339 2.3 41 18 2 11 24% 2152 34023 5884 46%
c v  0.82 20 141 9 12 3396 3 27623 5198 2.3 41 18 2 11 24% 2152 34023 5884 46%
c w  0.83 20 141 9 12 3396 3 27623 5160 2.3 41 18 2 11 24% 2152 34023 5884 46%
c x  0.83 20 141 9 12 3396 3 27623 5157 2.3 41 18 2 11 24% 2155 33719 5884 46%
c =  0.86 20 141 9 12 3396 3 27623 5157 2.3 41 18 2 11 24% 2159 33719 5882 46%
c
c seconds   switched    rate        size/glue  tier1     binary        remaining
c        MB   reductions  conflicts       size   tier2      irredundant
c          level   restarts    redundant     glue    trail        variables
c
c d  0.86 20 141 9 12 3396 3 27623 5157 2.3 41 18 2 11 24% 2153 33719 5882 46%
c t  0.86 20 141 9 12 3396 3 27623 5157 2.3 41 18 2 11 24% 2149 33719 5882 46%
c -  0.90 20 135 9 13 3398 3 30257 5706 2.3 42 18 2 12 25% 2157 33719 5882 46%
c -  0.93 20 127 9 14 3400 3 33862 6926 2.3 40 18 2 13 26% 2166 33719 5882 46%
c B  0.94 20 125 9 14 3400 3 34415 7467 2.3 40 17 2 13 26% 2166 33719 5882 46%
c ]  0.96 20 124 10 14 3400 3 35847 8839 2.3 41 18 2 13 26% 2167 33719 5882 46%
c {  0.96 20 83 10 14 3400 22 35847 8839 1.8 9 5 1 3 10% 2167 33719 5882 46%
c -  0.99 21 81 10 15 3750 22 37604 8372 1.8 10 5 1 3 10% 2179 33719 5882 46%
c o  1.02 21 79 10 15 4212 21 40007 10591 1.8 10 6 1 3 10% 2200 33719 5882 46%
c -  1.05 21 78 10 16 4522 21 41476 10102 1.8 10 6 1 3 11% 2203 33719 5882 46%
c u  1.09 21 78 10 16 4738 21 42461 10396 1.8 10 6 1 3 11% 2209 33719 5882 46%
c v  1.09 21 78 10 16 4738 21 42461 9922 1.8 10 6 1 3 11% 2209 33719 5882 46%
c w  1.09 21 78 10 16 4738 21 42461 9842 1.8 10 6 1 3 11% 2209 33719 5882 46%
c x  1.10 21 78 10 16 4738 21 42461 9842 1.8 10 6 1 3 11% 2244 33533 5882 46%
c =  1.13 21 78 10 16 4738 21 42461 9842 1.8 10 6 1 3 11% 2920 33527 5544 43%
c d  1.13 21 78 10 16 4738 21 42461 9822 1.8 10 6 1 3 11% 2240 33527 5544 43%
c t  1.13 21 78 10 16 4738 21 42461 9822 1.8 10 6 1 3 11% 2228 33527 5544 43%
c f  1.13 21 78 10 16 4738 21 42461 9822 1.8 10 6 1 3 11% 2230 33521 5545 43%
c u  1.14 21 78 10 16 4738 21 42461 9697 1.8 10 6 1 3 11% 2232 33521 5545 43%
c v  1.15 21 78 10 16 4738 21 42461 9307 1.8 10 6 1 3 11% 2232 33521 5545 43%
c
c seconds   switched     rate        size/glue tier1    binary        remaining
c        MB   reductions   conflicts       size  tier2     irredundant
c         level    restarts     redundant    glue   trail        variables
c
c w  1.15 21 78 10 16 4738 21 42461 9269 1.8 10 6 1 3 11% 2232 33521 5545 43%
c x  1.15 21 78 10 16 4738 21 42461 9265 1.8 10 6 1 3 11% 2233 32823 5545 43%
c =  1.18 21 78 10 16 4738 21 42461 9265 1.8 10 6 1 3 11% 2315 32823 5504 43%
c d  1.18 21 78 10 16 4738 21 42461 9260 1.8 10 6 1 3 11% 2227 32823 5504 43%
c t  1.19 21 78 10 16 4738 21 42461 9260 1.8 10 6 1 3 11% 2226 32823 5504 43%
c }  1.22 21 76 11 16 5210 21 44474 11158 1.8 11 6 1 3 11% 2235 32823 5504 43%
c [  1.22 21 124 11 16 5210 3 44474 11158 2.3 41 18 2 13 26% 2235 32823 5504 43%
c -  1.24 21 123 11 17 5210 2 45476 9978 2.3 40 18 2 13 26% 2237 32823 5504 43%
c W  1.26 21 121 11 17 5212 2 46638 11120 2.3 40 18 2 13 26% 2238 32823 5504 43%
c -  1.30 21 118 11 18 5213 2 49599 10622 2.2 40 18 2 12 25% 2242 32823 5504 43%
c ]  1.30 21 117 11 18 5214 2 50001 11010 2.2 40 18 2 12 25% 2244 32823 5504 43%
c ?  1.30 21 76 11 18 5214 21 50001 11010 1.8 11 6 1 3 11% 2244 32823 5504 43%
c
c ---- [ result ] ------------------------------------------------------------
c
s UNKNOWN
c
c ---- [ profiling ] ---------------------------------------------------------
c
c           0.75   57.91 %  search
c           0.50   38.77 %  simplify
c           0.48   37.14 %  probe
c           0.38   29.10 %  stable
c           0.38   28.82 %  focused
c           0.21   16.18 %  sweep
c           0.15   11.15 %  vivify
c           0.05    3.72 %  congruence
c           0.05    3.66 %  eliminate
c           0.04    3.15 %  factor
c           0.04    2.92 %  preprocess
c           0.03    2.22 %  substitute
c           0.02    1.25 %  reduce
c           0.01    0.81 %  walking
c           0.01    0.73 %  subsume
c           0.01    0.44 %  transitive
c           0.00    0.30 %  parse
c           0.00    0.27 %  backbone
c           0.00    0.09 %  lucky
c =============================================
c           1.30  100.00 %  total
c
c ---- [ statistics ] --------------------------------------------------------
c
c chronological:                          462                1 %  conflicts
c conflicts:                            50001            38354.21 per second
c congruent:                             1661               13 %  variables
c decisions:                           528230               10.56 per conflict
c eliminated:                            4490               35 %  variables
c factored:                               252                2 %  variables
c iterations:                               1                0 %  variables
c propagations:                      12303420          9437570    per second
c reductions:                              18             2778    interval
c reordered:                                3            16667    interval
c rephased:                                 8             6250    interval
c restarts:                              5214               10    interval
c strengthened:                           588                0 %  checks
c substituted:                           2151               17 %  variables
c subsumed:                              1530                0 %  checks
c switched:                                11             4546    interval
c vivified:                             13379               12 %  checks
c walks:                                    3            16667    interval
c
c ---- [ glue usage ] --------------------------------------------------------
c
c focused glue 1 used 43845 clauses 63.62% accumulated 63.62% tier1
c focused glue 2 used 13956 clauses 20.25% accumulated 83.87%
c focused glue 3 used  4448 clauses  6.45% accumulated 90.32% tier2
c
c stable glue 2    used 31860 clauses 18.83% accumulated 66.06% tier1
c stable glue 3    used 12749 clauses  7.53% accumulated 73.59%
c stable glue 4-10 used 24847 clauses 14.68% accumulated 88.27%
c stable glue 11   used  1611 clauses  0.95% accumulated 89.23%
c stable glue 12   used  1422 clauses  0.84% accumulated 90.07% tier2
c
c ---- [ resources ] ---------------------------------------------------------
c
c maximum-resident-set-size:      22313697280 bytes      21280 MB
c process-time:                             1s               1.30 seconds
c
c ---- [ shutting down ] -----------------------------------------------------
c
c exit 0
