c ---- [ banner ] ------------------------------------------------------------
c
c Kissat SAT Solver
c 
c Copyright (c) 2021-2024 Armin Biere University of Freiburg
c Copyright (c) 2019-2021 Armin Biere Johannes Kepler University Linz
c 
c Version 4.0.4 unknown
c Apple clang version 17.0.0 (clang-1700.3.19.1) -W -Wall -O3 -DNDEBUG
c Thu Oct 16 20:09:41 UTC 2025 Darwin Tahoe-arm64.local 25.0.0 arm64
c
c ---- [ parsing ] -----------------------------------------------------------
c
c opened and reading DIMACS file:
c
c   cnfs_n32/sr61_n32_bit13_m4d9f691c_fill55555555_enf0.cnf
c
c parsed 'p cnf 11269 47090' header
c closing input after reading 851342 bytes (831 KB)
c finished parsing after 0.00 seconds
c
c ---- [ options ] -----------------------------------------------------------
c
c --seed=13                        (different from default '0')
c
c ---- [ limits ] ------------------------------------------------------------
c
c conflict limit set to 50000 conflicts
c
c ---- [ solving ] -----------------------------------------------------------
c
c seconds switched rate     size/glue tier1  binary         remaining
c        MB reductions conflicts size  tier2    irredundant
c         level restarts redundant glue  trail         variables
c
c *  0.00  8 0 0 0  0 0   0   0 0.0 0 0 0 0 0% 3730 43295 11268 100%
c (  0.00  8 0 0 0  0 0   0   0 0.0 0 0 0 0 0% 3730 43295 11268 100%
c .  0.01  8 0 0 0  0 0   0   0 0.0 0 0 0 0 0% 3730 43295 11268 100%
c c  0.01 13 0 0 0  0 0   0   0 0.0 0 0 0 0 0% 4774 41434 10520 93%
c d  0.02 13 0 0 0  0 0   0   0 0.0 0 0 0 0 0% 3278 41434 10520 93%
c =  0.03 13 0 0 0  0 0   0   0 0.0 0 0 0 0 0% 3228 41434 10512 93%
c d  0.03 13 0 0 0  0 0   0   0 0.0 0 0 0 0 0% 3212 41434 10512 93%
c f  0.04 13 0 0 0  0 0   0   0 0.0 0 0 0 0 0% 3340 41172 10578 94%
c )  0.04 13 0 0 0  0 0   0   0 0.0 0 0 0 0 0% 3340 41172 10578 94%
c {  0.04 13 0 0 0  0 0   0   0 0.0 0 0 2 6 0% 3340 41172 10578 94%
c -  0.05 13 153 0 1 192 35 1001 707 1.6 5 3 2 5 7% 3446 41172 10578 94%
c }  0.05 13 153 1 1 192 35 1001 707 1.6 5 3 2 5 7% 3446 41172 10578 94%
c [  0.05 13 0 1 1 192 0 1001 707 0.0 0 0 2 6 0% 3446 41172 10578 94%
c B  0.05 13 0 1 1 192 0 1001 707 0.0 0 0 2 6 0% 3446 41172 10578 94%
c -  0.06 13 308 1 2 192 3 2001 1455 2.6 28 11 2 12 24% 3465 41172 10578 94%
c W  0.06 13 309 1 2 192 3 2004 1458 2.6 28 11 2 12 24% 3465 41172 10578 94%
c ]  0.06 13 293 2 2 193 3 2150 1586 2.6 26 10 2 12 24% 3465 41172 10578 94%
c {  0.06 13 153 2 2 193 35 2150 1586 1.6 5 3 2 5 7% 3465 41172 10578 94%
c c  0.08 14 162 2 2 304 40 2557 1915 1.5 5 3 2 6 8% 3515 41083 10554 94%
c d  0.08 14 162 2 2 304 40 2557 1856 1.5 5 3 2 6 8% 3467 41083 10554 94%
c
c seconds   switched   rate       size/glue tier1  binary         remaining
c        MB  reductions conflicts      size  tier2    irredundant
c          level restarts    redundant   glue  trail         variables
c
c u  0.08 14 162 2 2 304 40 2557 1511 1.5 5 3 2 6 8% 3460 41083 10554 94%
c v  0.08 14 162 2 2 304 40 2557 1369 1.5 5 3 2 6 8% 3462 41083 10554 94%
c w  0.08 14 162 2 2 304 40 2557 1282 1.5 5 3 2 6 8% 3462 41083 10554 94%
c x  0.09 14 162 2 2 304 40 2557 1282 1.5 5 3 2 6 8% 3462 40976 10554 94%
c d  0.10 14 162 2 2 304 40 2557 1280 1.5 5 3 2 6 8% 3458 40976 10552 94%
c t  0.10 14 162 2 2 304 40 2557 1280 1.5 5 3 2 6 8% 3454 40976 10552 94%
c f  0.10 14 162 2 2 304 40 2557 1280 1.5 5 3 2 6 8% 3455 40973 10553 94%
c c  0.11 14 162 2 2 304 40 2557 1272 1.5 5 3 2 6 8% 3463 40957 10549 94%
c d  0.11 14 162 2 2 304 40 2557 1272 1.5 5 3 2 6 8% 3455 40957 10549 94%
c u  0.12 14 162 2 2 304 40 2557 1214 1.5 5 3 2 6 8% 3457 40957 10549 94%
c v  0.12 14 162 2 2 304 40 2557 1166 1.5 5 3 2 6 8% 3458 40957 10549 94%
c w  0.12 14 162 2 2 304 40 2557 1126 1.5 5 3 2 6 8% 3458 40957 10549 94%
c f  0.12 14 162 2 2 304 40 2557 1126 1.5 5 3 2 6 8% 3462 40951 10551 94%
c }  0.13 14 171 3 2 423 41 3151 1599 1.6 6 4 2 6 9% 3496 40951 10551 94%
c [  0.13 14 293 3 2 423 3 3151 1599 2.6 26 10 2 12 24% 3496 40951 10551 94%
c -  0.13 14 261 3 3 423 3 3415 1641 2.5 23 9 2 9 21% 3501 40951 10551 94%
c I  0.14 14 239 3 3 423 3 4263 2370 2.1 25 12 2 9 20% 3503 40951 10551 94%
c -  0.14 14 242 3 4 424 4 5149 2718 2.0 21 11 2 14 19% 3505 40951 10551 94%
c ]  0.15 14 240 4 4 425 4 5467 2995 2.0 21 10 2 14 19% 3505 40951 10551 94%
c {  0.15 14 171 4 4 425 41 5467 2995 1.6 6 4 2 6 9% 3505 40951 10551 94%
c
c seconds   switched   rate       size/glue tier1  binary         remaining
c        MB  reductions conflicts      size  tier2    irredundant
c          level restarts    redundant   glue  trail         variables
c
c -  0.16 14 129 4 5 603 31 7150 3654 1.6 6 4 2 5 7% 3624 40951 10551 94%
c }  0.16 14 129 5 5 750 31 7819 4129 1.6 6 4 2 5 7% 3676 40951 10551 94%
c [  0.16 14 240 5 5 750 4 7819 4129 2.0 21 10 2 14 19% 3676 40951 10551 94%
c d  0.16 14 238 5 5 750 4 7875 3702 2.0 21 10 2 14 19% 3562 40951 10494 93%
c u  0.17 14 238 5 5 750 4 7875 2998 2.0 21 10 2 14 19% 3580 40951 10494 93%
c v  0.17 14 238 5 5 750 4 7875 2672 2.0 21 10 2 14 19% 3585 40951 10494 93%
c w  0.17 14 238 5 5 750 4 7875 2500 2.0 21 10 2 14 19% 3586 40951 10494 93%
c x  0.18 14 238 5 5 750 4 7875 2500 2.0 21 10 2 14 19% 3586 40939 10494 93%
c =  0.19 14 238 5 5 750 4 7875 2500 2.0 21 10 2 14 19% 3788 40939 10393 92%
c d  0.19 14 238 5 5 750 4 7875 2309 2.0 21 10 2 14 19% 3541 40939 10391 92%
c t  0.19 14 238 5 5 750 4 7875 2309 2.0 21 10 2 14 19% 3521 40939 10391 92%
c f  0.19 14 238 5 5 750 4 7875 2309 2.0 21 10 2 14 19% 3540 40905 10402 92%
c u  0.20 14 238 5 5 750 4 7875 2152 2.0 21 10 2 14 19% 3541 40905 10402 92%
c v  0.21 14 238 5 5 750 4 7875 2068 2.0 21 10 2 14 19% 3542 40905 10402 92%
c w  0.21 14 238 5 5 750 4 7875 1977 2.0 21 10 2 14 19% 3542 40905 10402 92%
c d  0.22 14 238 5 5 750 4 7875 1976 2.0 21 10 2 14 19% 3540 40905 10401 92%
c t  0.23 14 238 5 5 750 4 7875 1976 2.0 21 10 2 14 19% 3535 40905 10401 92%
c B  0.23 14 238 5 5 750 4 8034 2122 2.0 21 11 2 14 19% 3537 40905 10401 92%
c ]  0.24 14 243 6 5 750 4 8240 2320 2.1 26 12 2 14 21% 3538 40905 10401 92%
c {  0.24 14 129 6 5 750 31 8240 2320 1.6 6 4 2 5 7% 3538 40905 10401 92%
c
c seconds   switched    rate       size/glue tier1  binary         remaining
c        MB  reductions  conflicts      size  tier2    irredundant
c          level  restarts    redundant   glue  trail         variables
c
c -  0.26 14 131 6 6 1069 33 9387 2863 1.6 6 4 2 5 8% 3607 40905 10401 92%
c o  0.27 14 130 6 6 1193 33 10001 3387 1.6 7 4 2 5 9% 3647 40905 10401 92%
c -  0.31 15 123 6 7 1618 32 11836 4564 1.7 8 5 2 5 9% 3762 40905 10401 92%
c }  0.32 15 123 7 7 1698 32 12309 4985 1.7 8 5 2 5 9% 3783 40905 10401 92%
c [  0.32 15 243 7 7 1698 4 12309 4985 2.1 26 12 2 14 21% 3783 40905 10401 92%
c s  0.36 15 229 7 7 1698 4 12777 5438 2.4 35 14 2 14 22% 3785 40199 10401 92%
c e  0.38 18 229 7 7 1698 4 12777 5438 2.4 35 14 2 14 22% 1990 38374 6583 58%
c s  0.38 18 229 7 7 1698 4 12777 5438 2.4 35 14 2 14 22% 2004 38077 6583 58%
c e  0.39 18 229 7 7 1698 4 12777 5438 2.4 35 14 2 14 22% 1994 38081 6564 58%
c ^  0.39 18 229 7 7 1698 4 12777 5438 2.4 35 14 2 14 22% 1994 38081 6564 58%
c ]  0.47 18 214 8 7 1699 4 13511 3319 2.6 54 21 2 14 25% 2002 38081 6564 58%
c {  0.47 18 123 8 7 1699 32 13511 3319 1.7 8 5 2 5 9% 2002 38081 6564 58%
c -  0.50 20 122 8 8 1969 33 14481 3720 1.8 9 5 2 5 10% 2036 38081 6564 58%
c d  0.55 20 121 8 8 2405 33 16132 5216 1.9 12 6 2 5 11% 2065 38081 6562 58%
c u  0.55 20 121 8 8 2405 33 16132 4571 1.9 12 6 2 5 11% 2077 38081 6562 58%
c v  0.55 20 121 8 8 2405 33 16132 4188 1.9 12 6 2 5 11% 2080 38081 6562 58%
c w  0.58 20 121 8 8 2405 33 16132 3964 1.9 12 6 2 5 11% 2080 38081 6562 58%
c d  0.58 20 121 8 8 2405 33 16132 3951 1.9 12 6 2 5 11% 2064 38073 6554 58%
c t  0.58 20 121 8 8 2405 33 16132 3951 1.9 12 6 2 5 11% 2058 38073 6554 58%
c f  0.59 20 121 8 8 2405 33 16132 3951 1.9 12 6 2 5 11% 2091 37993 6574 58%
c
c seconds   switched    rate        size/glue tier1    binary        remaining
c        MB  reductions   conflicts       size  tier2     irredundant
c          level  restarts     redundant    glue   trail        variables
c
c u  0.59 20 121 8 8 2405 33 16132 3823 1.9 12 6 2 5 11% 2095 37993 6574 58%
c v  0.59 20 121 8 8 2405 33 16132 3736 1.9 12 6 2 5 11% 2095 37993 6574 58%
c w  0.61 20 121 8 8 2405 33 16132 3600 1.9 12 6 2 5 11% 2095 37993 6574 58%
c x  0.62 20 121 8 8 2405 33 16132 3600 1.9 12 6 2 5 11% 2095 37833 6574 58%
c =  0.66 20 121 8 8 2405 33 16132 3600 1.9 12 6 2 5 11% 2151 37833 6546 58%
c d  0.66 20 121 8 8 2405 33 16132 3589 1.9 12 6 2 5 11% 2076 37833 6544 58%
c t  0.66 20 121 8 8 2405 33 16132 3589 1.9 12 6 2 5 11% 2068 37833 6544 58%
c f  0.67 20 121 8 8 2405 33 16132 3589 1.9 12 6 2 5 11% 2074 37821 6547 58%
c -  0.71 20 122 8 9 2711 34 17310 4179 1.9 15 7 2 4 12% 2099 37821 6547 58%
c }  0.78 20 121 9 9 3210 33 19670 6350 2.0 17 8 2 4 13% 2146 37821 6547 58%
c [  0.78 20 214 9 9 3210 4 19670 6350 2.6 54 21 2 14 25% 2146 37821 6547 58%
c W  0.78 20 214 9 9 3210 4 19670 6350 2.6 54 21 2 14 25% 2146 37821 6547 58%
c -  0.90 20 206 9 10 3210 4 20310 5309 2.7 72 27 1 5 29% 2148 37821 6547 58%
c ]  1.01 20 192 10 10 3211 3 21710 6622 2.5 84 33 1 5 30% 2151 37821 6547 58%
c {  1.01 20 121 10 10 3211 33 21710 6622 2.0 17 8 2 4 13% 2151 37821 6547 58%
c o  1.01 20 122 10 10 3216 34 21727 6639 2.0 17 8 2 4 13% 2151 37821 6547 58%
c -  1.07 20 123 10 11 3595 34 23472 6159 2.0 18 9 1 4 14% 2175 37821 6547 58%
c s  1.16 20 125 10 11 4146 34 25631 8196 2.1 20 10 1 4 14% 2197 37667 6547 58%
c e  1.17 20 125 10 11 4146 34 25631 8196 2.1 20 10 1 4 14% 1924 37990 6412 57%
c s  1.17 20 125 10 11 4146 34 25631 8196 2.1 20 10 1 4 14% 1938 37894 6412 57%
c
c seconds    switched     rate        size/glue  tier1    binary        remaining
c        MB    reductions   conflicts       size   tier2     irredundant
c          level    restarts     redundant     glue   trail        variables
c
c e  1.17 20 125 10 11 4146 34 25631 8196 2.1 20 10 1 4 14% 1927 37910 6407 57%
c ^  1.17 20 125 10 11 4146 34 25631 8196 2.1 20 10 1 4 14% 1927 37910 6407 57%
c -  1.21 20 125 10 12 4376 33 26788 6624 2.1 21 10 1 4 15% 1952 37910 6407 57%
c c  1.25 21 125 10 12 4565 33 27576 7370 2.1 22 11 1 4 15% 1990 37756 6382 57%
c d  1.25 21 125 10 12 4565 33 27576 7322 2.1 22 11 1 4 15% 1935 37756 6379 57%
c u  1.26 21 125 10 12 4565 33 27576 6760 2.1 22 11 1 4 15% 1930 37756 6379 57%
c v  1.26 21 125 10 12 4565 33 27576 5774 2.1 22 11 1 4 15% 1931 37756 6379 57%
c w  1.28 21 125 10 12 4565 33 27576 5344 2.1 22 11 1 4 15% 1932 37756 6379 57%
c =  1.36 21 125 10 12 4565 33 27576 5344 2.1 22 11 1 4 15% 2106 37724 6292 56%
c d  1.36 21 125 10 12 4565 33 27576 5246 2.1 22 11 1 4 15% 1926 37724 6292 56%
c t  1.36 21 125 10 12 4565 33 27576 5246 2.1 22 11 1 4 15% 1924 37724 6292 56%
c f  1.36 21 125 10 12 4565 33 27576 5246 2.1 22 11 1 4 15% 1965 37614 6314 56%
c u  1.37 21 125 10 12 4565 33 27576 5070 2.1 22 11 1 4 15% 1966 37614 6314 56%
c v  1.37 21 125 10 12 4565 33 27576 4853 2.1 22 11 1 4 15% 1966 37614 6314 56%
c w  1.39 21 125 10 12 4565 33 27576 4727 2.1 22 11 1 4 15% 1966 37614 6314 56%
c x  1.41 21 125 10 12 4565 33 27576 4724 2.1 22 11 1 4 15% 1977 36589 6314 56%
c =  1.48 21 125 10 12 4565 33 27576 4724 2.1 22 11 1 4 15% 3265 36539 5670 50%
c d  1.48 21 125 10 12 4565 33 27576 4509 2.1 22 11 1 4 15% 1972 36539 5669 50%
c t  1.49 21 125 10 12 4565 33 27576 4509 2.1 22 11 1 4 15% 1910 36539 5669 50%
c -  1.52 21 123 10 13 4619 30 30252 5498 2.1 21 10 1 4 17% 1934 36539 5669 50%
c
c seconds    switched     rate        size/glue  tier1    binary        remaining
c        MB    reductions   conflicts       size   tier2     irredundant
c          level    restarts     redundant     glue   trail        variables
c
c }  1.52 21 123 11 13 4620 30 30337 5577 2.1 21 10 1 4 17% 1934 36539 5669 50%
c [  1.52 21 192 11 13 4620 3 30337 5577 2.5 84 33 1 5 30% 1934 36539 5669 50%
c O  1.52 21 192 11 13 4620 3 30337 5577 2.5 84 33 1 5 30% 1934 36539 5669 50%
c -  1.57 21 173 11 14 4622 3 33858 6707 2.5 71 28 1 7 32% 1944 36539 5669 50%
c -  1.62 21 169 11 15 4625 3 37599 7532 2.5 63 25 1 9 33% 1958 36539 5669 50%
c B  1.65 21 166 11 15 4626 3 40099 9916 2.4 60 25 1 9 33% 1966 36539 5669 50%
c -  1.67 21 162 11 16 4626 3 41471 8498 2.4 58 24 1 10 34% 1969 36539 5669 50%
c c  1.68 21 160 11 16 4626 2 42346 9321 2.4 57 23 1 10 34% 1982 36498 5663 50%
c d  1.69 21 160 11 16 4626 2 42346 9310 2.4 57 23 1 10 34% 1970 36498 5663 50%
c u  1.69 21 160 11 16 4626 2 42346 8644 2.4 57 23 1 10 34% 1970 36498 5663 50%
c v  1.70 21 160 11 16 4626 2 42346 8096 2.4 57 23 1 10 34% 1970 36498 5663 50%
c w  1.70 21 160 11 16 4626 2 42346 8091 2.4 57 23 1 10 34% 1970 36498 5663 50%
c x  1.70 21 160 11 16 4626 2 42346 8091 2.4 57 23 1 10 34% 1970 35330 5663 50%
c =  1.73 21 160 11 16 4626 2 42346 8091 2.4 57 23 1 10 34% 1980 35330 5658 50%
c d  1.73 21 160 11 16 4626 2 42346 8089 2.4 57 23 1 10 34% 1970 35330 5658 50%
c u  1.74 21 160 11 16 4626 2 42346 8023 2.4 57 23 1 10 34% 1970 35330 5658 50%
c v  1.74 21 160 11 16 4626 2 42346 7501 2.4 57 23 1 10 34% 1971 35330 5658 50%
c w  1.75 21 160 11 16 4626 2 42346 7482 2.4 57 23 1 10 34% 1971 35330 5658 50%
c x  1.75 21 160 11 16 4626 2 42346 7482 2.4 57 23 1 10 34% 1971 34219 5658 50%
c o  1.78 21 160 11 16 4626 2 42346 7482 2.4 57 23 1 10 34% 1971 34219 5658 50%
c
c seconds    switched    rate        size/glue  tier1     binary        remaining
c        MB    reductions  conflicts       size   tier2      irredundant
c          level    restarts    redundant     glue    trail        variables
c
c -  1.82 21 157 11 17 4629 2 45471 7575 2.4 55 23 1 10 34% 1975 34219 5658 50%
c -  1.87 21 156 11 18 4632 2 49594 8373 2.4 53 22 1 11 34% 1979 34219 5658 50%
c ]  1.88 21 157 11 18 4632 2 50001 8760 2.4 53 23 1 11 34% 1979 34219 5658 50%
c ?  1.88 21 123 11 18 4632 30 50001 8760 2.1 21 10 1 4 17% 1979 34219 5658 50%
c
c ---- [ result ] ------------------------------------------------------------
c
s UNKNOWN
c
c ---- [ profiling ] ---------------------------------------------------------
c
c           1.19   63.57 %  search
c           0.65   34.74 %  stable
c           0.64   34.29 %  simplify
c           0.62   32.99 %  probe
c           0.54   28.83 %  focused
c           0.30   15.76 %  sweep
c           0.19   10.04 %  vivify
c           0.05    2.81 %  congruence
c           0.05    2.73 %  eliminate
c           0.04    2.30 %  factor
c           0.04    1.87 %  preprocess
c           0.03    1.60 %  substitute
c           0.01    0.78 %  reduce
c           0.01    0.50 %  subsume
c           0.01    0.39 %  walking
c           0.01    0.30 %  transitive
c           0.00    0.20 %  parse
c           0.00    0.18 %  backbone
c           0.00    0.06 %  lucky
c =============================================
c           1.88  100.00 %  total
c
c ---- [ statistics ] --------------------------------------------------------
c
c chronological:                          526                1 %  conflicts
c conflicts:                            50001            26602.02 per second
c congruent:                              807                7 %  variables
c decisions:                           728851               14.58 per conflict
c eliminated:                            3977               35 %  variables
c factored:                               125                1 %  variables
c propagations:                      18292640          9732229    per second
c reductions:                              18             2778    interval
c reordered:                                3            16667    interval
c rephased:                                 7             7143    interval
c restarts:                              4632               11    interval
c strengthened:                           292                0 %  checks
c substituted:                           1758               16 %  variables
c subsumed:                              1224                0 %  checks
c switched:                                11             4546    interval
c vivified:                             15845               12 %  checks
c walks:                                    2            25000    interval
c
c ---- [ glue usage ] --------------------------------------------------------
c
c focused glue 1 used 41492 clauses 58.83% accumulated 58.83% tier1
c focused glue 2 used 15460 clauses 21.92% accumulated 80.74%
c focused glue 3 used  4414 clauses  6.26% accumulated 87.00%
c focused glue 4 used  2185 clauses  3.10% accumulated 90.10% tier2
c
c stable glue 1   used 94704 clauses 50.96% accumulated 50.96% tier1
c stable glue 2   used 30613 clauses 16.47% accumulated 67.43%
c stable glue 3-9 used 38729 clauses 20.84% accumulated 88.27%
c stable glue 10  used  2051 clauses  1.10% accumulated 89.37%
c stable glue 11  used  1623 clauses  0.87% accumulated 90.24% tier2
c
c ---- [ resources ] ---------------------------------------------------------
c
c maximum-resident-set-size:      22632464384 bytes      21584 MB
c process-time:                             2s               1.88 seconds
c
c ---- [ shutting down ] -----------------------------------------------------
c
c exit 0
