c ---- [ banner ] ------------------------------------------------------------
c
c Kissat SAT Solver
c 
c Copyright (c) 2021-2024 Armin Biere University of Freiburg
c Copyright (c) 2019-2021 Armin Biere Johannes Kepler University Linz
c 
c Version 4.0.4 unknown
c Apple clang version 17.0.0 (clang-1700.3.19.1) -W -Wall -O3 -DNDEBUG
c Thu Oct 16 20:09:41 UTC 2025 Darwin Tahoe-arm64.local 25.0.0 arm64
c
c ---- [ parsing ] -----------------------------------------------------------
c
c opened and reading DIMACS file:
c
c   cnfs_n32/sr61_n32_bit10_m3304caa0_fill80000000_enf0.cnf
c
c parsed 'p cnf 11211 46873' header
c closing input after reading 846515 bytes (827 KB)
c finished parsing after 0.00 seconds
c
c ---- [ options ] -----------------------------------------------------------
c
c --seed=41                        (different from default '0')
c
c ---- [ limits ] ------------------------------------------------------------
c
c conflict limit set to 50000 conflicts
c
c ---- [ solving ] -----------------------------------------------------------
c
c seconds switched rate     size/glue tier1  binary         remaining
c        MB reductions conflicts size  tier2    irredundant
c         level restarts redundant glue  trail         variables
c
c *  0.00  8 0 0 0  0 0   0   0 0.0 0 0 0 0 0% 3684 43124 11210 100%
c (  0.00  8 0 0 0  0 0   0   0 0.0 0 0 0 0 0% 3684 43124 11210 100%
c .  0.01  8 0 0 0  0 0   0   0 0.0 0 0 0 0 0% 3684 43124 11210 100%
c c  0.01 13 0 0 0  0 0   0   0 0.0 0 0 0 0 0% 4702 41297 10475 93%
c d  0.01 13 0 0 0  0 0   0   0 0.0 0 0 0 0 0% 3232 41297 10475 93%
c =  0.03 13 0 0 0  0 0   0   0 0.0 0 0 0 0 0% 3190 41297 10469 93%
c d  0.03 13 0 0 0  0 0   0   0 0.0 0 0 0 0 0% 3178 41297 10469 93%
c f  0.04 13 0 0 0  0 0   0   0 0.0 0 0 0 0 0% 3307 41035 10535 94%
c )  0.04 13 0 0 0  0 0   0   0 0.0 0 0 0 0 0% 3307 41035 10535 94%
c {  0.04 13 0 0 0  0 0   0   0 0.0 0 0 2 6 0% 3307 41035 10535 94%
c -  0.05 13 165 0 1 257 51 1000 715 1.6 6 4 2 6 9% 3389 41035 10535 94%
c }  0.05 13 165 1 1 257 51 1000 715 1.6 6 4 2 6 9% 3389 41035 10535 94%
c [  0.05 13 0 1 1 257 0 1000 715 0.0 0 0 2 6 0% 3389 41035 10535 94%
c B  0.05 13 190 1 1 257 39 1001 716 1.5 3 2 2 6 6% 3389 41035 10535 94%
c -  0.07 14 328 1 2 257 4 2001 1484 2.5 37 14 2 17 26% 3408 41035 10535 94%
c W  0.07 14 328 1 2 257 4 2003 1486 2.5 37 14 2 17 26% 3408 41035 10535 94%
c ]  0.07 14 309 2 2 258 5 2202 1667 2.5 35 14 2 17 25% 3415 41035 10535 94%
c {  0.07 14 165 2 2 258 51 2202 1667 1.6 6 4 2 6 9% 3415 41035 10535 94%
c c  0.08 14 167 2 2 289 43 2557 1969 1.6 6 4 2 6 9% 3441 40983 10521 94%
c d  0.08 14 167 2 2 289 43 2557 1962 1.6 6 4 2 6 9% 3413 40983 10521 94%
c
c seconds   switched   rate       size/glue tier1  binary         remaining
c        MB  reductions conflicts      size  tier2    irredundant
c          level restarts    redundant   glue  trail         variables
c
c u  0.09 14 167 2 2 289 43 2557 1590 1.6 6 4 2 6 9% 3415 40983 10521 94%
c v  0.09 14 167 2 2 289 43 2557 1431 1.6 6 4 2 6 9% 3415 40983 10521 94%
c w  0.09 14 167 2 2 289 43 2557 1294 1.6 6 4 2 6 9% 3415 40983 10521 94%
c x  0.10 14 167 2 2 289 43 2557 1294 1.6 6 4 2 6 9% 3415 40906 10521 94%
c =  0.11 14 167 2 2 289 43 2557 1294 1.6 6 4 2 6 9% 3481 40906 10488 94%
c d  0.11 14 167 2 2 289 43 2557 1284 1.6 6 4 2 6 9% 3409 40906 10487 94%
c t  0.11 14 167 2 2 289 43 2557 1284 1.6 6 4 2 6 9% 3379 40906 10487 94%
c f  0.11 14 167 2 2 289 43 2557 1284 1.6 6 4 2 6 9% 3383 40898 10490 94%
c c  0.12 14 167 2 2 289 43 2557 1276 1.6 6 4 2 6 9% 3389 40886 10487 94%
c d  0.12 14 167 2 2 289 43 2557 1276 1.6 6 4 2 6 9% 3383 40886 10487 94%
c u  0.12 14 167 2 2 289 43 2557 1230 1.6 6 4 2 6 9% 3384 40886 10487 94%
c v  0.13 14 167 2 2 289 43 2557 1197 1.6 6 4 2 6 9% 3384 40886 10487 94%
c w  0.13 14 167 2 2 289 43 2557 1164 1.6 6 4 2 6 9% 3384 40886 10487 94%
c =  0.14 14 167 2 2 289 43 2557 1164 1.6 6 4 2 6 9% 3392 40886 10483 94%
c d  0.14 14 167 2 2 289 43 2557 1163 1.6 6 4 2 6 9% 3384 40886 10483 94%
c }  0.15 14 171 3 2 375 39 3202 1719 1.6 6 4 2 6 10% 3426 40886 10483 94%
c [  0.15 14 309 3 2 375 5 3202 1719 2.5 35 14 2 17 25% 3426 40886 10483 94%
c -  0.16 14 287 3 3 375 5 3417 1741 2.6 41 16 2 18 27% 3431 40886 10483 94%
c ]  0.17 14 275 4 3 375 4 3557 1867 2.6 42 16 2 18 27% 3435 40886 10483 94%
c {  0.17 14 171 4 3 375 39 3557 1867 1.6 6 4 2 6 10% 3435 40886 10483 94%
c
c seconds   switched   rate       size/glue tier1    binary         remaining
c        MB  reductions conflicts       size  tier2     irredundant
c          level restarts    redundant    glue   trail         variables
c
c -  0.21 14 149 4 4 925 42 5149 3017 1.8 12 7 2 5 12% 3512 40886 10483 94%
c }  0.24 14 144 5 4 1117 41 5909 3712 2.0 14 7 2 5 13% 3549 40886 10483 94%
c [  0.24 14 275 5 4 1117 4 5909 3712 2.6 42 16 2 18 27% 3549 40886 10483 94%
c I  0.24 14 275 5 4 1117 4 5909 3712 2.6 42 16 2 18 27% 3549 40886 10483 94%
c -  0.30 14 214 5 5 1118 3 7150 4075 2.9 63 22 2 13 26% 3559 40886 10483 94%
c ]  0.33 14 209 6 5 1118 3 7350 4264 3.1 77 25 2 13 29% 3560 40886 10483 94%
c {  0.33 14 144 6 5 1118 41 7350 4264 2.0 14 7 2 5 13% 3560 40886 10483 94%
c u  0.35 16 141 6 5 1204 39 7875 4094 2.0 15 7 2 5 13% 3592 40886 10483 94%
c v  0.35 16 141 6 5 1204 39 7875 3746 2.0 15 7 2 5 13% 3592 40886 10483 94%
c w  0.37 17 141 6 5 1204 39 7875 3739 2.0 15 7 2 5 13% 3592 40886 10483 94%
c x  0.37 17 141 6 5 1204 39 7875 3739 2.0 15 7 2 5 13% 3592 40780 10483 94%
c =  0.40 17 141 6 5 1204 39 7875 3739 2.0 15 7 2 5 13% 3596 40780 10481 93%
c d  0.40 17 141 6 5 1204 39 7875 3739 2.0 15 7 2 5 13% 3586 40780 10478 93%
c t  0.40 17 141 6 5 1204 39 7875 3739 2.0 15 7 2 5 13% 3577 40780 10478 93%
c c  0.41 17 141 6 5 1204 39 7875 3739 2.0 15 7 2 5 13% 3581 40772 10476 93%
c d  0.41 17 141 6 5 1204 39 7875 3737 2.0 15 7 2 5 13% 3577 40772 10476 93%
c u  0.42 17 141 6 5 1204 39 7875 3661 2.0 15 7 2 5 13% 3580 40772 10476 93%
c v  0.42 17 141 6 5 1204 39 7875 3606 2.0 15 7 2 5 13% 3580 40772 10476 93%
c w  0.44 17 141 6 5 1204 39 7875 3508 2.0 15 7 2 5 13% 3580 40772 10476 93%
c -  0.47 17 141 6 6 1276 33 9386 4004 2.0 14 7 1 5 14% 3645 40772 10476 93%
c
c seconds   switched    rate        size/glue tier1    binary         remaining
c        MB  reductions   conflicts       size  tier2     irredundant
c          level  restarts     redundant    glue   trail         variables
c
c o  0.48 17 140 6 6 1372 32 10002 4564 2.0 15 7 1 5 14% 3669 40772 10476 93%
c }  0.53 17 136 7 6 1649 31 11421 5880 2.0 16 8 1 5 14% 3713 40772 10476 93%
c [  0.53 17 209 7 6 1649 3 11421 5880 3.1 77 25 2 13 29% 3713 40772 10476 93%
c B  0.53 17 209 7 6 1649 3 11421 5880 3.1 77 25 2 13 29% 3713 40772 10476 93%
c -  0.57 17 199 7 7 1649 3 11835 5051 2.9 83 28 1 8 30% 3715 40772 10476 93%
c ]  0.66 19 187 8 7 1650 3 12510 5705 2.8 103 37 1 8 34% 3715 40772 10476 93%
c {  0.66 19 136 8 7 1650 31 12510 5705 2.0 16 8 1 5 14% 3715 40772 10476 93%
c s  0.67 19 136 8 7 1718 32 12780 5958 2.1 16 8 1 5 14% 3724 40646 10476 93%
c e  0.69 20 136 8 7 1718 32 12780 5958 2.1 16 8 1 5 14% 1973 39139 6699 60%
c s  0.69 20 136 8 7 1718 32 12780 5958 2.1 16 8 1 5 14% 1978 38872 6699 60%
c e  0.70 20 136 8 7 1718 32 12780 5958 2.1 16 8 1 5 14% 1967 38801 6666 59%
c ^  0.70 20 136 8 7 1718 32 12780 5958 2.1 16 8 1 5 14% 1967 38801 6666 59%
c -  0.76 20 135 8 8 2101 32 14480 3733 2.1 19 9 1 4 15% 1994 38801 6666 59%
c u  0.81 20 135 8 8 2410 32 16133 4965 2.1 20 9 1 4 15% 2027 38801 6666 59%
c v  0.81 20 135 8 8 2410 32 16133 4310 2.1 20 9 1 4 15% 2029 38801 6666 59%
c w  0.84 20 135 8 8 2410 32 16133 3926 2.1 20 9 1 4 15% 2029 38801 6666 59%
c =  0.88 20 135 8 8 2410 32 16133 3926 2.1 20 9 1 4 15% 2167 38767 6597 59%
c d  0.88 20 135 8 8 2410 32 16133 3900 2.1 20 9 1 4 15% 2020 38767 6597 59%
c t  0.88 20 135 8 8 2410 32 16133 3900 2.1 20 9 1 4 15% 2016 38767 6597 59%
c f  0.89 20 135 8 8 2410 32 16133 3900 2.1 20 9 1 4 15% 2024 38751 6601 59%
c
c seconds   switched    rate        size/glue tier1    binary        remaining
c        MB  reductions   conflicts       size  tier2     irredundant
c          level  restarts     redundant    glue   trail        variables
c
c u  0.90 20 135 8 8 2410 32 16133 3821 2.1 20 9 1 4 15% 2024 38751 6601 59%
c v  0.90 20 135 8 8 2410 32 16133 3689 2.1 20 9 1 4 15% 2025 38751 6601 59%
c w  0.92 20 135 8 8 2410 32 16133 3628 2.1 20 9 1 4 15% 2025 38751 6601 59%
c x  0.93 20 135 8 8 2410 32 16133 3628 2.1 20 9 1 4 15% 2025 38383 6601 59%
c =  0.97 20 135 8 8 2410 32 16133 3628 2.1 20 9 1 4 15% 2097 38383 6565 59%
c d  0.97 20 135 8 8 2410 32 16133 3614 2.1 20 9 1 4 15% 2025 38383 6565 59%
c t  0.97 20 135 8 8 2410 32 16133 3614 2.1 20 9 1 4 15% 2021 38383 6565 59%
c f  0.98 20 135 8 8 2410 32 16133 3614 2.1 20 9 1 4 15% 2033 38359 6571 59%
c -  1.02 20 133 8 9 2696 32 17309 3974 2.1 21 10 1 4 15% 2046 38359 6571 59%
c }  1.07 20 133 9 9 2955 31 18669 5274 2.1 22 11 1 4 16% 2059 38359 6571 59%
c [  1.07 20 187 9 9 2955 3 18669 5274 2.8 103 37 1 8 34% 2059 38359 6571 59%
c W  1.07 20 187 9 9 2955 3 18669 5274 2.8 103 37 1 8 34% 2059 38359 6571 59%
c -  1.29 20 173 9 10 2956 3 20310 5097 2.5 129 51 1 6 41% 2059 38359 6571 59%
c ]  1.31 20 172 10 10 2956 2 20461 5236 2.5 131 52 1 6 41% 2059 38359 6571 59%
c {  1.31 20 133 10 10 2956 31 20461 5236 2.1 22 11 1 4 16% 2059 38359 6571 59%
c o  1.31 20 133 10 10 2961 31 20478 5253 2.1 22 11 1 4 16% 2059 38359 6571 59%
c -  1.42 20 134 10 11 3510 31 23475 6191 2.0 24 12 1 4 17% 2087 38359 6571 59%
c s  1.49 20 136 10 11 3843 30 25621 8152 2.0 25 12 1 4 17% 2101 37887 6571 59%
c e  1.51 20 136 10 11 3843 30 25621 8152 2.0 25 12 1 4 17% 1822 38263 6417 57%
c s  1.51 20 136 10 11 3843 30 25621 8152 2.0 25 12 1 4 17% 1828 38224 6417 57%
c
c seconds    switched     rate        size/glue  tier1    binary        remaining
c        MB    reductions   conflicts       size   tier2     irredundant
c          level    restarts     redundant     glue   trail        variables
c
c ^  1.51 20 136 10 11 3843 30 25621 8152 2.0 25 12 1 4 17% 1828 38224 6417 57%
c -  1.55 20 136 10 12 4007 29 26791 6811 2.0 26 13 1 4 17% 1832 38224 6417 57%
c u  1.60 20 136 10 12 4173 30 27569 7058 2.0 26 13 1 4 17% 1843 38224 6417 57%
c v  1.60 20 136 10 12 4173 30 27569 6114 2.0 26 13 1 4 17% 1844 38224 6417 57%
c w  1.63 20 136 10 12 4173 30 27569 5623 2.0 26 13 1 4 17% 1844 38224 6417 57%
c =  1.71 20 136 10 12 4173 30 27569 5623 2.0 26 13 1 4 17% 2452 38192 6113 55%
c d  1.71 20 136 10 12 4173 30 27569 5563 2.0 26 13 1 4 17% 1833 38192 6113 55%
c t  1.71 20 136 10 12 4173 30 27569 5563 2.0 26 13 1 4 17% 1825 38192 6113 55%
c f  1.72 20 136 10 12 4173 30 27569 5563 2.0 26 13 1 4 17% 1885 38034 6145 55%
c u  1.73 20 136 10 12 4173 30 27569 5424 2.0 26 13 1 4 17% 1885 38034 6145 55%
c v  1.73 20 136 10 12 4173 30 27569 5148 2.0 26 13 1 4 17% 1885 38034 6145 55%
c w  1.75 20 136 10 12 4173 30 27569 4987 2.0 26 13 1 4 17% 1885 38034 6145 55%
c x  1.77 20 136 10 12 4173 30 27569 4986 2.0 26 13 1 4 17% 1893 35735 6145 55%
c =  1.84 20 136 10 12 4173 30 27569 4986 2.0 26 13 1 4 17% 1895 35735 6144 55%
c d  1.84 20 136 10 12 4173 30 27569 4986 2.0 26 13 1 4 17% 1893 35735 6144 55%
c t  1.85 20 136 10 12 4173 30 27569 4986 2.0 26 13 1 4 17% 1891 35735 6144 55%
c }  1.90 20 135 11 12 4427 29 29091 6446 2.1 27 13 1 4 18% 1901 35735 6144 55%
c [  1.90 20 172 11 12 4427 2 29091 6446 2.5 131 52 1 6 41% 1901 35735 6144 55%
c O  1.90 20 172 11 12 4427 2 29091 6446 2.5 131 52 1 6 41% 1901 35735 6144 55%
c -  2.04 20 166 11 13 4428 2 30257 5811 2.7 147 54 1 6 44% 1902 35735 6144 55%
c
c seconds    switched    rate        size/glue   tier1    binary        remaining
c        MB    reductions  conflicts       size    tier2     irredundant
c          level    restarts    redundant      glue   trail        variables
c
c ]  2.24 20 161 12 13 4429 2 32069 7562 2.7 160 59 1 6 47% 1903 35735 6144 55%
c {  2.24 20 135 12 13 4429 29 32069 7562 2.1 27 13 1 4 18% 1903 35735 6144 55%
c -  2.29 21 136 12 14 4650 29 33863 6841 2.1 27 13 1 4 18% 1920 35735 6144 55%
c -  2.42 21 136 12 15 5180 28 37605 8100 2.1 29 14 1 4 18% 1941 35735 6144 55%
c o  2.47 21 136 12 15 5353 26 40480 10599 2.1 28 14 1 4 18% 1956 35735 6144 55%
c -  2.48 21 136 12 16 5369 26 41477 9184 2.1 28 13 1 4 18% 1965 35735 6144 55%
c d  2.51 21 136 12 16 5494 25 42361 9849 2.1 28 14 1 4 18% 1941 35735 6131 55%
c u  2.51 21 136 12 16 5494 25 42361 9163 2.1 28 14 1 4 18% 1944 35735 6131 55%
c v  2.52 21 136 12 16 5494 25 42361 7883 2.1 28 14 1 4 18% 1946 35735 6131 55%
c w  2.54 21 136 12 16 5494 25 42361 7371 2.1 28 14 1 4 18% 1946 35735 6131 55%
c x  2.55 21 136 12 16 5494 25 42361 7371 2.1 28 14 1 4 18% 1946 35551 6131 55%
c =  2.59 21 136 12 16 5494 25 42361 7371 2.1 28 14 1 4 18% 2214 35551 5997 53%
c d  2.59 21 136 12 16 5494 25 42361 7262 2.1 28 14 1 4 18% 1937 35551 5996 53%
c t  2.59 21 136 12 16 5494 25 42361 7262 2.1 28 14 1 4 18% 1932 35551 5996 53%
c f  2.59 21 136 12 16 5494 25 42361 7262 2.1 28 14 1 4 18% 1933 35547 5997 53%
c u  2.60 21 136 12 16 5494 25 42361 7108 2.1 28 14 1 4 18% 1933 35547 5997 53%
c v  2.61 21 136 12 16 5494 25 42361 6815 2.1 28 14 1 4 18% 1933 35547 5997 53%
c w  2.62 21 136 12 16 5494 25 42361 6687 2.1 28 14 1 4 18% 1933 35547 5997 53%
c =  2.70 21 136 12 16 5494 25 42361 6687 2.1 28 14 1 4 18% 1937 35547 5995 53%
c d  2.70 21 136 12 16 5494 25 42361 6687 2.1 28 14 1 4 18% 1933 35547 5995 53%
c
c seconds    switched     rate        size/glue  tier1    binary        remaining
c        MB    reductions   conflicts       size   tier2     irredundant
c          level    restarts     redundant     glue   trail        variables
c
c }  2.72 21 136 13 16 5563 25 43548 7746 2.1 28 13 1 4 18% 1961 35547 5995 53%
c [  2.72 21 161 13 16 5563 2 43548 7746 2.7 160 59 1 6 47% 1961 35547 5995 53%
c B  2.72 21 161 13 16 5563 2 43548 7746 2.7 160 59 1 6 47% 1961 35547 5995 53%
c -  2.89 21 157 13 17 5564 2 45477 7005 2.7 159 60 1 5 47% 1962 35547 5995 53%
c ]  3.04 21 154 14 17 5565 2 47055 8540 2.6 161 61 1 5 48% 1963 35547 5995 53%
c {  3.04 21 136 14 17 5565 25 47055 8540 2.1 28 13 1 4 18% 1963 35547 5995 53%
c -  3.10 21 137 14 18 5797 24 49600 8029 2.1 28 14 1 4 19% 1985 35547 5995 53%
c }  3.10 21 138 14 18 5803 24 50001 8413 2.1 28 13 1 4 19% 1988 35547 5995 53%
c ?  3.10 21 138 14 18 5803 24 50001 8413 2.1 28 13 1 4 19% 1988 35547 5995 53%
c
c ---- [ result ] ------------------------------------------------------------
c
s UNKNOWN
c
c ---- [ profiling ] ---------------------------------------------------------
c
c           2.21   71.21 %  search
c           1.15   37.04 %  stable
c           1.06   34.17 %  focused
c           0.85   27.50 %  simplify
c           0.83   26.80 %  probe
c           0.44   14.12 %  sweep
c           0.27    8.69 %  vivify
c           0.05    1.59 %  eliminate
c           0.04    1.37 %  factor
c           0.04    1.30 %  congruence
c           0.04    1.14 %  preprocess
c           0.03    1.02 %  substitute
c           0.02    0.48 %  reduce
c           0.01    0.31 %  subsume
c           0.01    0.22 %  walking
c           0.01    0.20 %  transitive
c           0.00    0.11 %  parse
c           0.00    0.11 %  backbone
c           0.00    0.04 %  lucky
c =============================================
c           3.10  100.00 %  total
c
c ---- [ statistics ] --------------------------------------------------------
c
c chronological:                          505                1 %  conflicts
c conflicts:                            50001            16116.92 per second
c congruent:                              754                7 %  variables
c decisions:                           927843               18.56 per conflict
c eliminated:                            3964               35 %  variables
c factored:                               112                1 %  variables
c propagations:                      32883063         10599265    per second
c reductions:                              18             2778    interval
c reordered:                                3            16667    interval
c rephased:                                 7             7143    interval
c restarts:                              5803                9    interval
c strengthened:                           343                0 %  checks
c substituted:                           1363               12 %  variables
c subsumed:                               893                0 %  checks
c switched:                                14             3572    interval
c vivified:                             16692               10 %  checks
c walks:                                    2            25000    interval
c
c ---- [ glue usage ] --------------------------------------------------------
c
c focused glue 1 used 92518 clauses 62.98% accumulated 62.98% tier1
c focused glue 2 used 26547 clauses 18.07% accumulated 81.05%
c focused glue 3 used  8599 clauses  5.85% accumulated 86.90%
c focused glue 4 used  4631 clauses  3.15% accumulated 90.05% tier2
c
c stable glue 1 used 146589 clauses 68.42% accumulated 68.42% tier1
c stable glue 2 used  27071 clauses 12.64% accumulated 81.06%
c stable glue 3 used   9460 clauses  4.42% accumulated 85.47%
c stable glue 4 used   6483 clauses  3.03% accumulated 88.50%
c stable glue 5 used   4066 clauses  1.90% accumulated 90.40% tier2
c
c ---- [ resources ] ---------------------------------------------------------
c
c maximum-resident-set-size:      22666018816 bytes      21616 MB
c process-time:                             3s               3.10 seconds
c
c ---- [ shutting down ] -----------------------------------------------------
c
c exit 0
