c ---- [ banner ] ------------------------------------------------------------
c
c Kissat SAT Solver
c 
c Copyright (c) 2021-2024 Armin Biere University of Freiburg
c Copyright (c) 2019-2021 Armin Biere Johannes Kepler University Linz
c 
c Version 4.0.4 unknown
c Apple clang version 17.0.0 (clang-1700.3.19.1) -W -Wall -O3 -DNDEBUG
c Thu Oct 16 20:09:41 UTC 2025 Darwin Tahoe-arm64.local 25.0.0 arm64
c
c ---- [ parsing ] -----------------------------------------------------------
c
c opened and reading DIMACS file:
c
c   headline_hunt/bets/cascade_aux_encoding/cnfs/aux_expose_sr61_n32_bit10_m3304caa0_fill80000000.cnf
c
c parsed 'p cnf 12816 53698' header
c closing input after reading 977741 bytes (955 KB)
c finished parsing after 0.00 seconds
c
c ---- [ options ] -----------------------------------------------------------
c
c --seed=23                        (different from default '0')
c
c ---- [ limits ] ------------------------------------------------------------
c
c conflict limit set to 50000 conflicts
c
c ---- [ solving ] -----------------------------------------------------------
c
c seconds switched rate     size/glue tier1  binary         remaining
c        MB reductions conflicts size  tier2    irredundant
c         level restarts redundant glue  trail         variables
c
c *  0.00  9 0 0 0  0 0   0   0 0.0 0 0 0 0 0% 3570 50063 12815 100%
c (  0.01  9 0 0 0  0 0   0   0 0.0 0 0 0 0 0% 3570 50063 12815 100%
c .  0.01  9 0 0 0  0 0   0   0 0.0 0 0 0 0 0% 3570 50063 12815 100%
c c  0.02 14 0 0 0  0 0   0   0 0.0 0 0 0 0 0% 5778 43296 10847 85%
c d  0.02 14 0 0 0  0 0   0   0 0.0 0 0 0 0 0% 3122 43296 10847 85%
c =  0.04 14 0 0 0  0 0   0   0 0.0 0 0 0 0 0% 3078 43296 10842 85%
c d  0.04 14 0 0 0  0 0   0   0 0.0 0 0 0 0 0% 3068 43296 10842 85%
c f  0.05 15 0 0 0  0 0   0   0 0.0 0 0 0 0 0% 3198 43034 10908 85%
c )  0.05 15 0 0 0  0 0   0   0 0.0 0 0 0 0 0% 3198 43034 10908 85%
c {  0.05 15 0 0 0  0 0   0   0 0.0 0 0 2 6 0% 3198 43034 10908 85%
c -  0.06 15 194 0 1 223 41 1000 689 1.6 4 3 2 4 7% 3316 43033 10908 85%
c }  0.06 15 194 1 1 223 41 1000 689 1.6 4 3 2 4 7% 3316 43033 10908 85%
c [  0.06 15 0 1 1 223 0 1000 689 0.0 0 0 2 6 0% 3316 43033 10908 85%
c B  0.06 15 520 1 1 223 213 1002 691 1.2 6 5 2 6 10% 3316 43033 10908 85%
c -  0.06 15 449 1 2 223 5 2003 1342 1.6 11 7 3 9 7% 3333 43033 10908 85%
c W  0.07 15 449 1 2 223 5 2003 1342 1.6 11 7 3 9 7% 3333 43033 10908 85%
c c  0.08 15 345 1 2 224 6 2552 1715 1.7 9 6 3 8 6% 3420 42783 10845 85%
c d  0.08 15 345 1 2 224 6 2552 1647 1.7 9 6 3 8 6% 3299 42781 10845 85%
c b  0.08 15 345 1 2 224 6 2552 1647 1.7 9 6 3 8 6% 3299 42781 10844 85%
c u  0.08 15 345 1 2 224 6 2552 1235 1.7 9 6 3 8 6% 3299 42781 10844 85%
c
c seconds   switched  rate       size/glue tier1  binary         remaining
c        MB  reductions conflicts     size  tier2    irredundant
c          level restarts   redundant   glue  trail         variables
c
c v  0.08 15 345 1 2 224 6 2552 1055 1.7 9 6 3 8 6% 3300 42781 10844 85%
c w  0.09 15 345 1 2 224 6 2552 841 1.7 9 6 3 8 6% 3301 42781 10844 85%
c x  0.09 15 345 1 2 224 6 2552 841 1.7 9 6 3 8 6% 3301 42643 10844 85%
c d  0.11 15 345 1 2 224 6 2552 822 1.7 9 6 3 8 6% 3287 42643 10837 85%
c t  0.11 15 345 1 2 224 6 2552 822 1.7 9 6 3 8 6% 3284 42643 10837 85%
c c  0.12 15 345 1 2 224 6 2552 822 1.7 9 6 3 8 6% 3297 42610 10829 84%
c d  0.12 15 345 1 2 224 6 2552 822 1.7 9 6 3 8 6% 3281 42610 10829 84%
c u  0.12 15 345 1 2 224 6 2552 743 1.7 9 6 3 8 6% 3285 42610 10829 84%
c v  0.12 15 345 1 2 224 6 2552 687 1.7 9 6 3 8 6% 3285 42610 10829 84%
c w  0.12 15 345 1 2 224 6 2552 646 1.7 9 6 3 8 6% 3285 42610 10829 84%
c d  0.12 15 345 1 2 224 6 2552 646 1.7 9 6 3 8 6% 3279 42610 10826 84%
c ]  0.13 15 385 2 2 224 8 3183 1155 1.7 11 6 3 8 11% 3290 42610 10826 84%
c {  0.13 15 194 2 2 224 41 3183 1155 1.6 4 3 2 4 7% 3290 42610 10826 84%
c -  0.14 15 187 2 3 312 45 3418 1233 1.6 5 3 2 5 7% 3298 42610 10826 84%
c }  0.15 15 171 3 3 560 48 4183 1843 1.6 5 3 2 5 8% 3344 42609 10826 84%
c [  0.15 15 385 3 3 560 8 4183 1843 1.7 11 6 3 8 11% 3344 42609 10826 84%
c I  0.15 15 377 3 3 560 8 4264 1905 1.7 11 6 3 8 10% 3347 42609 10826 84%
c -  0.15 15 336 3 4 560 6 5152 2372 1.7 21 13 3 21 13% 3355 42609 10826 84%
c ]  0.17 15 302 4 4 562 6 6971 3838 1.6 21 13 3 21 14% 3393 42609 10826 84%
c {  0.17 15 171 4 4 562 48 6971 3838 1.6 5 3 2 5 8% 3393 42609 10826 84%
c
c seconds   switched   rate       size/glue tier1  binary         remaining
c        MB  reductions conflicts      size  tier2    irredundant
c          level restarts    redundant   glue  trail         variables
c
c -  0.17 15 166 4 5 629 48 7152 3508 1.6 5 3 2 5 8% 3408 42609 10826 84%
c d  0.17 15 144 4 5 657 39 7864 3819 1.6 5 3 2 5 7% 3407 42596 10793 84%
c b  0.17 15 144 4 5 657 39 7864 3819 1.6 5 3 2 5 7% 3407 42596 10790 84%
c u  0.18 15 144 4 5 657 39 7864 3105 1.6 5 3 2 5 7% 3421 42596 10790 84%
c v  0.18 15 144 4 5 657 39 7864 2694 1.6 5 3 2 5 7% 3426 42596 10790 84%
c w  0.18 15 144 4 5 657 39 7864 2428 1.6 5 3 2 5 7% 3428 42596 10790 84%
c x  0.19 15 144 4 5 657 39 7864 2428 1.6 5 3 2 5 7% 3522 42397 10790 84%
c =  0.20 15 144 4 5 657 39 7864 2428 1.6 5 3 2 5 7% 3836 42361 10626 83%
c d  0.20 15 144 4 5 657 39 7864 2233 1.6 5 3 2 5 7% 3498 42357 10624 83%
c t  0.20 15 144 4 5 657 39 7864 2233 1.6 5 3 2 5 7% 3487 42357 10624 83%
c b  0.20 15 144 4 5 657 39 7864 2233 1.6 5 3 2 5 7% 3487 42357 10623 83%
c f  0.21 15 144 4 5 657 39 7864 2233 1.6 5 3 2 5 7% 3501 42330 10633 83%
c c  0.22 15 144 4 5 657 39 7864 2230 1.6 5 3 2 5 7% 3503 42298 10626 83%
c d  0.22 15 144 4 5 657 39 7864 2230 1.6 5 3 2 5 7% 3489 42298 10626 83%
c u  0.22 15 144 4 5 657 39 7864 2088 1.6 5 3 2 5 7% 3494 42298 10626 83%
c v  0.22 15 144 4 5 657 39 7864 1998 1.6 5 3 2 5 7% 3494 42298 10626 83%
c w  0.22 15 144 4 5 657 39 7864 1909 1.6 5 3 2 5 7% 3494 42298 10626 83%
c x  0.23 15 144 4 5 657 39 7864 1909 1.6 5 3 2 5 7% 3627 41848 10626 83%
c =  0.24 15 144 4 5 657 39 7864 1909 1.6 5 3 2 5 7% 3735 41839 10569 82%
c d  0.24 15 144 4 5 657 39 7864 1845 1.6 5 3 2 5 7% 3595 41839 10568 82%
c
c seconds   switched   rate       size/glue tier1  binary         remaining
c        MB  reductions conflicts      size  tier2    irredundant
c          level restarts    redundant   glue  trail         variables
c
c t  0.24 15 144 4 5 657 39 7864 1845 1.6 5 3 2 5 7% 3589 41839 10568 82%
c b  0.24 15 144 4 5 657 39 7864 1845 1.6 5 3 2 5 7% 3589 41839 10567 82%
c f  0.25 15 144 4 5 657 39 7864 1845 1.6 5 3 2 5 7% 3593 41829 10570 82%
c }  0.25 15 127 5 5 833 32 9324 2823 1.6 6 3 2 5 6% 3674 41829 10570 82%
c [  0.25 15 302 5 5 833 6 9324 2823 1.6 21 13 3 21 14% 3674 41829 10570 82%
c B  0.25 15 302 5 5 833 6 9324 2823 1.6 21 13 3 21 14% 3674 41829 10570 82%
c -  0.26 15 301 5 6 833 6 9388 2607 1.6 21 13 3 22 14% 3671 41829 10570 82%
c ]  0.27 15 296 6 6 833 6 10069 3238 1.7 22 13 3 22 16% 3687 41829 10570 82%
c {  0.27 15 127 6 6 833 32 10069 3238 1.6 6 3 2 5 6% 3687 41829 10570 82%
c o  0.27 15 129 6 6 836 32 10103 3263 1.6 6 3 2 5 6% 3693 41829 10570 82%
c -  0.32 17 111 6 7 1331 30 11837 4257 1.8 8 5 1 4 7% 3815 41827 10570 82%
c s  0.35 18 106 6 7 1538 29 12752 5027 1.9 9 5 1 4 8% 3911 40882 10570 82%
c e  0.37 18 106 6 7 1538 29 12752 5027 1.9 9 5 1 4 8% 2524 39041 6922 54%
c 2  0.37 18 106 6 7 1538 29 12752 5027 1.9 9 5 1 4 8% 2522 39041 6922 54%
c s  0.37 18 106 6 7 1538 29 12752 5027 1.9 9 5 1 4 8% 2530 38674 6922 54%
c e  0.38 18 106 6 7 1538 29 12752 5027 1.9 9 5 1 4 8% 2323 38874 6853 53%
c ^  0.38 18 106 6 7 1538 29 12752 5027 1.9 9 5 1 4 8% 2323 38874 6853 53%
c }  0.41 18 101 7 7 1816 27 14138 3752 1.9 10 5 1 4 8% 2393 38872 6853 53%
c [  0.41 18 296 7 7 1816 6 14138 3752 1.7 22 13 3 22 16% 2393 38872 6853 53%
c -  0.46 18 284 7 8 1816 6 14483 3710 2.1 30 14 2 15 18% 2396 38872 6853 53%
c
c seconds   switched   rate        size/glue  tier1     binary        remaining
c        MB  reductions  conflicts       size   tier2      irredundant
c          level  restarts    redundant     glue    trail        variables
c
c W  0.53 20 272 7 8 1816 6 14855 4072 2.3 39 17 2 15 20% 2397 38872 6853 53%
c ]  0.55 20 269 8 8 1816 6 14958 4173 2.3 41 18 2 15 21% 2397 38872 6853 53%
c {  0.55 20 101 8 8 1816 27 14958 4173 1.9 10 5 1 4 8% 2397 38872 6853 53%
c d  0.58 20 100 8 8 2080 27 16110 5201 1.9 11 6 1 4 9% 2427 38868 6851 53%
c u  0.58 20 100 8 8 2080 27 16110 4803 1.9 11 6 1 4 9% 2436 38868 6851 53%
c v  0.59 20 100 8 8 2080 27 16110 4186 1.9 11 6 1 4 9% 2444 38868 6851 53%
c w  0.60 21 100 8 8 2080 27 16110 4120 1.9 11 6 1 4 9% 2444 38868 6851 53%
c x  0.61 21 100 8 8 2080 27 16110 4119 1.9 11 6 1 4 9% 2452 38521 6851 53%
c =  0.65 21 100 8 8 2080 27 16110 4119 1.9 11 6 1 4 9% 2562 38521 6796 53%
c d  0.65 21 100 8 8 2080 27 16110 4041 1.9 11 6 1 4 9% 2438 38521 6795 53%
c t  0.65 21 100 8 8 2080 27 16110 4041 1.9 11 6 1 4 9% 2408 38521 6795 53%
c f  0.66 21 100 8 8 2080 27 16110 4041 1.9 11 6 1 4 9% 2433 38460 6808 53%
c b  0.67 21 100 8 8 2080 27 16110 4041 1.9 11 6 1 4 9% 2433 38460 6807 53%
c u  0.67 21 100 8 8 2080 27 16110 3984 1.9 11 6 1 4 9% 2436 38460 6807 53%
c v  0.67 21 100 8 8 2080 27 16110 3854 1.9 11 6 1 4 9% 2436 38460 6807 53%
c w  0.69 21 100 8 8 2080 27 16110 3813 1.9 11 6 1 4 9% 2436 38460 6807 53%
c x  0.69 21 100 8 8 2080 27 16110 3813 1.9 11 6 1 4 9% 2461 38096 6807 53%
c d  0.74 21 100 8 8 2080 27 16110 3812 1.9 11 6 1 4 9% 2459 38096 6806 53%
c t  0.74 21 100 8 8 2080 27 16110 3812 1.9 11 6 1 4 9% 2450 38096 6806 53%
c f  0.74 21 100 8 8 2080 27 16110 3812 1.9 11 6 1 4 9% 2452 38092 6807 53%
c
c seconds   switched    rate        size/glue tier1    binary        remaining
c        MB  reductions   conflicts       size  tier2     irredundant
c          level  restarts     redundant    glue   trail        variables
c
c -  0.79 21 100 8 9 2351 27 17311 4366 1.9 13 7 1 3 10% 2470 38091 6807 53%
c o  0.92 21 102 8 9 3055 27 20104 6972 1.9 17 9 1 3 12% 2512 38091 6807 53%
c -  0.93 21 102 8 10 3078 27 20311 6317 1.9 17 9 1 3 12% 2514 38091 6807 53%
c }  0.96 21 102 9 10 3250 27 21118 7071 2.0 18 9 1 3 12% 2522 38091 6807 53%
c [  0.96 21 269 9 10 3250 6 21118 7071 2.3 41 18 2 15 21% 2522 38091 6807 53%
c ]  1.24 21 240 10 10 3251 5 22222 8131 2.7 64 23 2 15 28% 2522 38091 6807 53%
c {  1.24 21 102 10 10 3251 27 22222 8131 2.0 18 9 1 3 12% 2522 38091 6807 53%
c -  1.32 22 101 10 11 3577 27 23475 7775 1.9 20 10 1 3 13% 2543 38091 6807 53%
c s  1.45 22 102 10 11 4087 27 25585 9777 2.0 23 12 1 3 14% 2557 37901 6807 53%
c e  1.46 22 102 10 11 4087 27 25585 9777 2.0 23 12 1 3 14% 2124 38534 6528 51%
c s  1.46 22 102 10 11 4087 27 25585 9777 2.0 23 12 1 3 14% 2206 38304 6528 51%
c e  1.46 22 102 10 11 4087 27 25585 9777 2.0 23 12 1 3 14% 2193 38320 6524 51%
c ^  1.46 22 102 10 11 4087 27 25585 9777 2.0 23 12 1 3 14% 2193 38320 6524 51%
c -  1.53 22 102 10 12 4370 27 26791 7259 1.9 24 12 1 3 14% 2197 38320 6524 51%
c c  1.57 22 102 10 12 4515 27 27543 7977 2.0 24 13 1 3 15% 2202 38312 6523 51%
c d  1.57 22 102 10 12 4515 27 27543 7976 2.0 24 13 1 3 15% 2200 38312 6523 51%
c u  1.58 22 102 10 12 4515 27 27543 7347 2.0 24 13 1 3 15% 2205 38312 6523 51%
c v  1.58 22 102 10 12 4515 27 27543 6633 2.0 24 13 1 3 15% 2212 38312 6523 51%
c w  1.61 22 102 10 12 4515 27 27543 5982 2.0 24 13 1 3 15% 2212 38312 6523 51%
c x  1.63 22 102 10 12 4515 27 27543 5978 2.0 24 13 1 3 15% 2224 37971 6523 51%
c
c seconds    switched     rate        size/glue  tier1    binary        remaining
c        MB    reductions   conflicts       size   tier2     irredundant
c          level    restarts     redundant     glue   trail        variables
c
c t  1.63 22 102 10 12 4515 27 27543 5978 2.0 24 13 1 3 15% 2209 37971 6523 51%
c f  1.63 22 102 10 12 4515 27 27543 5978 2.0 24 13 1 3 15% 2252 37854 6546 51%
c u  1.64 22 102 10 12 4515 27 27543 5833 2.0 24 13 1 3 15% 2252 37854 6546 51%
c v  1.64 22 102 10 12 4515 27 27543 5651 2.0 24 13 1 3 15% 2252 37854 6546 51%
c w  1.66 22 102 10 12 4515 27 27543 5350 2.0 24 13 1 3 15% 2252 37854 6546 51%
c =  1.77 22 102 10 12 4515 27 27543 5350 2.0 24 13 1 3 15% 3162 37789 6091 48%
c d  1.77 22 102 10 12 4515 27 27543 5159 2.0 24 13 1 3 15% 2232 37789 6091 48%
c t  1.77 22 102 10 12 4515 27 27543 5159 2.0 24 13 1 3 15% 2196 37789 6091 48%
c -  1.87 22 107 10 13 4880 26 30255 6889 2.0 25 13 1 3 15% 2215 37789 6091 48%
c }  1.90 22 106 11 13 4992 26 30850 7457 2.0 26 13 1 3 15% 2217 37789 6091 48%
c [  1.90 22 240 11 13 4992 5 30850 7457 2.7 64 23 2 15 28% 2217 37789 6091 48%
c O  1.90 22 240 11 13 4992 5 30850 7457 2.7 64 23 2 15 28% 2217 37789 6091 48%
c ]  2.38 23 200 12 13 4994 4 33748 10242 2.5 92 36 1 3 36% 2218 37789 6091 48%
c {  2.38 23 106 12 13 4994 26 33748 10242 2.0 26 13 1 3 15% 2218 37789 6091 48%
c -  2.39 23 107 12 14 4999 26 33860 6978 2.0 26 13 1 3 15% 2220 37789 6091 48%
c -  2.46 23 112 12 15 5208 24 37604 7437 2.0 26 13 1 3 17% 2261 37789 6091 48%
c o  2.50 23 113 12 15 5345 22 40143 9504 2.0 25 13 1 3 17% 2286 37789 6091 48%
c -  2.56 23 113 12 16 5586 22 41476 8334 2.0 26 13 1 3 17% 2289 37789 6091 48%
c d  2.59 23 112 12 16 5721 22 42277 9019 2.0 26 13 1 3 17% 2286 37789 6087 47%
c u  2.60 23 112 12 16 5721 22 42277 8245 2.0 26 13 1 3 17% 2295 37789 6087 47%
c
c seconds    switched     rate        size/glue  tier1    binary        remaining
c        MB    reductions   conflicts       size   tier2     irredundant
c          level    restarts     redundant     glue   trail        variables
c
c v  2.61 23 112 12 16 5721 22 42277 7180 2.0 26 13 1 3 17% 2302 37789 6087 47%
c w  2.62 23 112 12 16 5721 22 42277 6814 2.0 26 13 1 3 17% 2302 37789 6087 47%
c x  2.64 23 112 12 16 5721 22 42277 6814 2.0 26 13 1 3 17% 2302 34647 6087 47%
c =  2.75 23 112 12 16 5721 22 42277 6814 2.0 26 13 1 3 17% 2860 34647 5808 45%
c d  2.75 23 112 12 16 5721 22 42277 6547 2.0 26 13 1 3 17% 2285 34647 5808 45%
c t  2.75 23 112 12 16 5721 22 42277 6547 2.0 26 13 1 3 17% 2257 34647 5808 45%
c u  2.76 23 112 12 16 5721 22 42277 6308 2.0 26 13 1 3 17% 2260 34647 5808 45%
c v  2.76 23 112 12 16 5721 22 42277 6032 2.0 26 13 1 3 17% 2260 34647 5808 45%
c w  2.78 23 112 12 16 5721 22 42277 5900 2.0 26 13 1 3 17% 2260 34647 5808 45%
c x  2.80 23 112 12 16 5721 22 42277 5900 2.0 26 13 1 3 17% 2260 32731 5808 45%
c }  2.86 23 111 13 16 5740 21 45227 8612 2.0 26 13 1 3 17% 2291 32731 5808 45%
c [  2.86 23 200 13 16 5740 4 45227 8612 2.5 92 36 1 3 36% 2291 32731 5808 45%
c B  2.86 23 200 13 16 5740 4 45227 8612 2.5 92 36 1 3 36% 2291 32731 5808 45%
c -  2.87 23 197 13 17 5740 4 45476 6830 2.5 91 36 1 3 36% 2291 32731 5808 45%
c -  2.93 23 168 13 18 5743 3 49599 7975 2.5 80 31 1 4 33% 2306 32731 5808 45%
c ]  2.94 23 166 13 18 5743 3 50001 8365 2.5 78 31 1 4 33% 2306 32731 5808 45%
c ?  2.94 23 111 13 18 5743 21 50001 8365 2.0 26 13 1 3 17% 2306 32731 5808 45%
c
c ---- [ result ] ------------------------------------------------------------
c
s UNKNOWN
c
c ---- [ profiling ] ---------------------------------------------------------
c
c           2.09   71.13 %  search
c           1.06   36.02 %  focused
c           1.03   35.11 %  stable
c           0.80   27.09 %  simplify
c           0.78   26.63 %  probe
c           0.38   12.97 %  sweep
c           0.26    8.90 %  vivify
c           0.05    1.71 %  factor
c           0.05    1.69 %  eliminate
c           0.05    1.66 %  congruence
c           0.04    1.50 %  preprocess
c           0.03    1.06 %  substitute
c           0.02    0.53 %  reduce
c           0.01    0.35 %  subsume
c           0.01    0.23 %  walking
c           0.01    0.20 %  transitive
c           0.00    0.15 %  parse
c           0.00    0.13 %  lucky
c           0.00    0.12 %  backbone
c =============================================
c           2.94  100.00 %  total
c
c ---- [ statistics ] --------------------------------------------------------
c
c chronological:                          626                1 %  conflicts
c conflicts:                            50001            17004.32 per second
c congruent:                             1790               14 %  variables
c decisions:                           751675               15.03 per conflict
c eliminated:                            4000               31 %  variables
c factored:                               116                1 %  variables
c propagations:                      28895316          9826708    per second
c reductions:                              18             2778    interval
c reordered:                                3            16667    interval
c rephased:                                 7             7143    interval
c restarts:                              5743                9    interval
c strengthened:                           575                0 %  checks
c substituted:                           2463               19 %  variables
c subsumed:                              1634                0 %  checks
c switched:                                13             3846    interval
c vivified:                             22176               10 %  checks
c walks:                                    2            25000    interval
c
c ---- [ glue usage ] --------------------------------------------------------
c
c focused glue 1 used 125384 clauses 67.20% accumulated 67.20% tier1
c focused glue 2 used  32440 clauses 17.39% accumulated 84.58%
c focused glue 3 used  10801 clauses  5.79% accumulated 90.37% tier2
c
c stable glue 1 used 149152 clauses 66.92% accumulated 66.92% tier1
c stable glue 2 used  33556 clauses 15.06% accumulated 81.98%
c stable glue 3 used  12597 clauses  5.65% accumulated 87.63%
c stable glue 4 used   6050 clauses  2.71% accumulated 90.34% tier2
c
c ---- [ resources ] ---------------------------------------------------------
c
c maximum-resident-set-size:      24377294848 bytes      23248 MB
c process-time:                             3s               2.94 seconds
c
c ---- [ shutting down ] -----------------------------------------------------
c
c exit 0
