c ---- [ banner ] ------------------------------------------------------------
c
c Kissat SAT Solver
c 
c Copyright (c) 2021-2024 Armin Biere University of Freiburg
c Copyright (c) 2019-2021 Armin Biere Johannes Kepler University Linz
c 
c Version 4.0.4 unknown
c Apple clang version 17.0.0 (clang-1700.3.19.1) -W -Wall -O3 -DNDEBUG
c Thu Oct 16 20:09:41 UTC 2025 Darwin Tahoe-arm64.local 25.0.0 arm64
c
c ---- [ parsing ] -----------------------------------------------------------
c
c opened and reading DIMACS file:
c
c   headline_hunt/bets/cascade_aux_encoding/cnfs/aux_force_sr60_n32_bit31_m17149975_fillffffffff.cnf
c
c parsed 'p cnf 12620 52783' header
c closing input after reading 959344 bytes (937 KB)
c finished parsing after 0.00 seconds
c
c ---- [ options ] -----------------------------------------------------------
c
c --seed=5                         (different from default '0')
c
c ---- [ limits ] ------------------------------------------------------------
c
c conflict limit set to 1000000 conflicts
c
c ---- [ solving ] -----------------------------------------------------------
c
c seconds switched rate     size/glue tier1  binary         remaining
c        MB reductions conflicts size  tier2    irredundant
c         level restarts redundant glue  trail         variables
c
c *  0.00  9 0 0 0  0 0   0   0 0.0 0 0 0 0 0% 2928 49342 12139 96%
c (  0.00  9 0 0 0  0 0   0   0 0.0 0 0 0 0 0% 2928 49342 12139 96%
c .  0.01  9 0 0 0  0 0   0   0 0.0 0 0 0 0 0% 3824 47422 12139 96%
c c  0.02 14 0 0 0  0 0   0   0 0.0 0 0 0 0 0% 5598 41582 10343 82%
c d  0.02 14 0 0 0  0 0   0   0 0.0 0 0 0 0 0% 2928 41582 10343 82%
c =  0.03 14 0 0 0  0 0   0   0 0.0 0 0 0 0 0% 2790 41576 10340 82%
c d  0.03 14 0 0 0  0 0   0   0 0.0 0 0 0 0 0% 2784 41576 10340 82%
c f  0.04 14 0 0 0  0 0   0   0 0.0 0 0 0 0 0% 3110 41013 10516 83%
c )  0.04 14 0 0 0  0 0   0   0 0.0 0 0 0 0 0% 3110 41013 10516 83%
c {  0.04 14 0 0 0  0 0   0   0 0.0 0 0 2 6 0% 3110 41013 10516 83%
c -  0.05 14 237 0 1 149 50 1000 732 1.6 4 2 2 3 9% 3193 41013 10516 83%
c }  0.05 14 237 1 1 149 50 1000 732 1.6 4 2 2 3 9% 3193 41013 10516 83%
c [  0.05 14 0 1 1 149 0 1000 732 0.0 0 0 2 6 0% 3193 41013 10516 83%
c B  0.05 14 470 1 1 149 422 1001 733 1.5 3 2 2 6 8% 3193 41013 10516 83%
c -  0.05 14 533 1 2 149 5 2000 1469 1.4 13 9 2 12 12% 3199 41013 10516 83%
c W  0.06 14 533 1 2 149 5 2002 1471 1.4 13 9 2 12 12% 3199 41013 10516 83%
c c  0.07 14 401 1 2 150 7 2558 1874 1.5 11 7 2 11 11% 3276 40825 10468 83%
c d  0.07 14 401 1 2 150 7 2558 1785 1.5 11 7 2 11 11% 3175 40825 10465 83%
c u  0.07 14 401 1 2 150 7 2558 1383 1.5 11 7 2 11 11% 3176 40825 10465 83%
c v  0.07 14 401 1 2 150 7 2558 1318 1.5 11 7 2 11 11% 3176 40825 10465 83%
c
c seconds   switched  rate       size/glue tier1     binary         remaining
c        MB  reductions conflicts      size  tier2      irredundant
c          level restarts   redundant    glue    trail         variables
c
c w  0.07 14 401 1 2 150 7 2558 1177 1.5 11 7 2 11 11% 3176 40825 10465 83%
c x  0.08 14 401 1 2 150 7 2558 1177 1.5 11 7 2 11 11% 3176 40728 10465 83%
c c  0.10 14 401 1 2 150 7 2558 1177 1.5 11 7 2 11 11% 3179 40720 10463 83%
c d  0.10 14 401 1 2 150 7 2558 1176 1.5 11 7 2 11 11% 3175 40720 10463 83%
c u  0.10 14 401 1 2 150 7 2558 1123 1.5 11 7 2 11 11% 3177 40720 10463 83%
c v  0.10 14 401 1 2 150 7 2558 1108 1.5 11 7 2 11 11% 3177 40720 10463 83%
c w  0.10 14 401 1 2 150 7 2558 1034 1.5 11 7 2 11 11% 3177 40720 10463 83%
c ]  0.11 14 367 2 2 150 7 3051 1345 1.5 10 7 2 11 12% 3202 40720 10463 83%
c {  0.11 14 237 2 2 150 50 3051 1345 1.6 4 2 2 3 9% 3202 40720 10463 83%
c -  0.11 14 222 2 3 259 49 3414 1561 1.6 4 3 2 3 9% 3228 40718 10463 83%
c }  0.12 14 178 3 3 464 44 4051 2076 1.6 5 3 2 3 9% 3293 40711 10463 83%
c [  0.12 14 367 3 3 464 7 4051 2076 1.5 10 7 2 11 12% 3293 40711 10463 83%
c I  0.12 14 349 3 3 464 7 4264 2256 1.5 10 7 2 11 12% 3294 40711 10463 83%
c -  0.13 14 318 3 4 464 6 5147 2709 1.8 13 7 2 9 17% 3310 40711 10463 83%
c ]  0.14 14 297 4 4 465 6 5881 3366 1.8 16 9 2 9 19% 3326 40711 10463 83%
c {  0.14 14 178 4 4 465 44 5881 3366 1.6 5 3 2 3 9% 3326 40711 10463 83%
c -  0.16 14 143 4 5 885 40 7147 3839 1.6 6 4 2 4 10% 3419 40702 10463 83%
c d  0.17 15 130 4 5 1066 37 7878 4415 1.6 6 4 2 4 10% 3432 40698 10444 83%
c u  0.17 15 130 4 5 1066 37 7878 3719 1.6 6 4 2 4 10% 3450 40698 10444 83%
c v  0.17 15 130 4 5 1066 37 7878 3391 1.6 6 4 2 4 10% 3451 40698 10444 83%
c
c seconds   switched    rate       size/glue tier1   binary         remaining
c        MB  reductions  conflicts      size  tier2     irredundant
c          level  restarts    redundant   glue   trail         variables
c
c w  0.18 15 130 4 5 1066 37 7878 3219 1.6 6 4 2 4 10% 3451 40698 10444 83%
c x  0.18 15 130 4 5 1066 37 7878 3219 1.6 6 4 2 4 10% 3513 40600 10444 83%
c =  0.19 15 130 4 5 1066 37 7878 3219 1.6 6 4 2 4 10% 3741 40588 10328 82%
c d  0.19 15 130 4 5 1066 37 7878 3183 1.6 6 4 2 4 10% 3498 40588 10325 82%
c t  0.19 15 130 4 5 1066 37 7878 3183 1.6 6 4 2 4 10% 3490 40588 10325 82%
c f  0.20 15 130 4 5 1066 37 7878 3183 1.6 6 4 2 4 10% 3502 40566 10331 82%
c c  0.20 15 130 4 5 1066 37 7878 3174 1.6 6 4 2 4 10% 3512 40523 10324 82%
c d  0.21 15 130 4 5 1066 37 7878 3174 1.6 6 4 2 4 10% 3498 40523 10324 82%
c u  0.21 15 130 4 5 1066 37 7878 3014 1.6 6 4 2 4 10% 3502 40523 10324 82%
c v  0.21 15 130 4 5 1066 37 7878 2932 1.6 6 4 2 4 10% 3502 40523 10324 82%
c w  0.21 15 130 4 5 1066 37 7878 2777 1.6 6 4 2 4 10% 3502 40523 10324 82%
c x  0.22 15 130 4 5 1066 37 7878 2777 1.6 6 4 2 4 10% 3580 40187 10324 82%
c =  0.23 15 130 4 5 1066 37 7878 2777 1.6 6 4 2 4 10% 3656 40183 10286 82%
c d  0.23 15 130 4 5 1066 37 7878 2749 1.6 6 4 2 4 10% 3573 40183 10286 82%
c t  0.23 15 130 4 5 1066 37 7878 2749 1.6 6 4 2 4 10% 3555 40183 10286 82%
c }  0.24 15 126 5 5 1159 36 8235 3075 1.6 7 4 2 4 10% 3565 40183 10286 82%
c [  0.24 15 297 5 5 1159 6 8235 3075 1.8 16 9 2 9 19% 3565 40183 10286 82%
c B  0.24 15 297 5 5 1159 6 8235 3075 1.8 16 9 2 9 19% 3565 40183 10286 82%
c -  0.25 15 285 5 6 1160 5 9384 3525 1.9 18 10 2 11 21% 3569 40183 10286 82%
c -  0.28 15 235 5 7 1161 4 11833 4824 2.0 24 12 2 12 25% 3591 40183 10286 82%
c
c seconds   switched   rate        size/glue  tier1     binary         remaining
c        MB  reductions  conflicts       size   tier2      irredundant
c          level  restarts    redundant     glue    trail         variables
c
c o  0.29 15 227 5 7 1162 4 12535 5487 2.1 26 13 2 12 27% 3592 40183 10286 82%
c ]  0.29 15 226 6 7 1162 4 12621 5568 2.1 26 13 2 12 28% 3593 40183 10286 82%
c {  0.29 15 126 6 7 1162 36 12621 5568 1.6 7 4 2 4 10% 3593 40183 10286 82%
c s  0.30 15 125 6 7 1183 36 12783 5701 1.6 7 4 2 4 11% 3605 39453 10286 82%
c e  0.32 18 125 6 7 1183 36 12783 5701 1.6 7 4 2 4 11% 2073 31839 5845 46%
c s  0.32 18 125 6 7 1183 36 12783 5701 1.6 7 4 2 4 11% 2082 31673 5845 46%
c e  0.33 18 125 6 7 1183 36 12783 5701 1.6 7 4 2 4 11% 2000 31673 5805 46%
c ^  0.33 18 125 6 7 1183 36 12783 5701 1.6 7 4 2 4 11% 2000 31673 5805 46%
c -  0.35 18 110 6 8 1486 31 14479 3782 1.6 7 4 2 5 10% 2066 31673 5805 46%
c d  0.37 18 102 6 8 1881 29 16143 5197 1.6 7 5 2 5 10% 2096 31673 5799 46%
c u  0.37 18 102 6 8 1881 29 16143 4594 1.6 7 5 2 5 10% 2101 31673 5799 46%
c v  0.37 18 102 6 8 1881 29 16143 4096 1.6 7 5 2 5 10% 2102 31673 5799 46%
c w  0.38 18 102 6 8 1881 29 16143 4079 1.6 7 5 2 5 10% 2102 31673 5799 46%
c x  0.38 18 102 6 8 1881 29 16143 4079 1.6 7 5 2 5 10% 2102 31571 5799 46%
c d  0.40 18 102 6 8 1881 29 16143 4076 1.6 7 5 2 5 10% 2098 31571 5797 46%
c f  0.40 18 102 6 8 1881 29 16143 4076 1.6 7 5 2 5 10% 2118 31528 5807 46%
c u  0.41 18 102 6 8 1881 29 16143 3977 1.6 7 5 2 5 10% 2120 31528 5807 46%
c v  0.41 18 102 6 8 1881 29 16143 3835 1.6 7 5 2 5 10% 2120 31528 5807 46%
c w  0.41 18 102 6 8 1881 29 16143 3740 1.6 7 5 2 5 10% 2120 31528 5807 46%
c x  0.41 18 102 6 8 1881 29 16143 3740 1.6 7 5 2 5 10% 2120 31485 5807 46%
c
c seconds   switched    rate        size/glue tier1   binary        remaining
c        MB  reductions   conflicts      size  tier2     irredundant
c          level  restarts     redundant   glue   trail        variables
c
c f  0.42 18 102 6 8 1881 29 16143 3740 1.6 7 5 2 5 10% 2130 31463 5813 46%
c }  0.43 18 100 7 8 1976 28 16692 4223 1.6 7 5 2 5 10% 2142 31463 5813 46%
c [  0.43 18 226 7 8 1976 4 16692 4223 2.1 26 13 2 12 28% 2142 31463 5813 46%
c W  0.43 18 226 7 8 1976 4 16692 4223 2.1 26 13 2 12 28% 2142 31463 5813 46%
c -  0.43 18 220 7 9 1976 4 17307 4318 2.0 26 13 2 13 27% 2170 31463 5813 46%
c -  0.46 18 196 7 10 1978 3 20308 6100 2.1 28 13 2 13 28% 2199 31463 5813 46%
c ]  0.50 18 186 8 10 1980 3 23142 8728 2.1 32 15 2 13 28% 2216 31463 5813 46%
c {  0.50 18 100 8 10 1980 28 23142 8728 1.6 7 5 2 5 10% 2216 31463 5813 46%
c o  0.50 18 100 8 10 1984 28 23156 8742 1.6 7 5 2 5 10% 2216 31463 5813 46%
c -  0.50 18 99 8 11 2035 28 23470 7440 1.6 8 5 2 5 10% 2225 31463 5813 46%
c s  0.54 18 97 8 11 2582 27 25785 9403 1.7 8 5 2 5 11% 2305 31444 5813 46%
c e  0.55 18 97 8 11 2582 27 25785 9403 1.7 8 5 2 5 11% 1858 31982 5496 44%
c s  0.55 18 97 8 11 2582 27 25785 9403 1.7 8 5 2 5 11% 1929 31602 5496 44%
c e  0.55 18 97 8 11 2582 27 25785 9403 1.7 8 5 2 5 11% 1919 31181 5425 43%
c ^  0.55 18 97 8 11 2582 27 25785 9403 1.7 8 5 2 5 11% 1919 31181 5425 43%
c -  0.57 18 95 8 12 2841 27 26787 6767 1.7 9 5 2 4 11% 1941 31181 5425 43%
c c  0.59 18 94 8 12 3022 27 27718 7604 1.7 9 5 2 4 11% 1970 31061 5412 43%
c d  0.59 18 94 8 12 3022 27 27718 7577 1.7 9 5 2 4 11% 1939 31061 5410 43%
c u  0.60 18 94 8 12 3022 27 27718 6591 1.7 9 5 2 4 11% 1950 31061 5410 43%
c v  0.60 18 94 8 12 3022 27 27718 6032 1.7 9 5 2 4 11% 1952 31061 5410 43%
c
c seconds  switched     rate        size/glue tier1   binary        remaining
c        MB  reductions   conflicts      size  tier2     irredundant
c         level   restarts     redundant   glue   trail        variables
c
c w  0.60 18 94 8 12 3022 27 27718 5945 1.7 9 5 2 4 11% 1952 31061 5410 43%
c d  0.63 18 94 8 12 3022 27 27718 5932 1.7 9 5 2 4 11% 1944 31061 5406 43%
c t  0.63 18 94 8 12 3022 27 27718 5932 1.7 9 5 2 4 11% 1935 31061 5406 43%
c f  0.63 18 94 8 12 3022 27 27718 5932 1.7 9 5 2 4 11% 1983 30914 5431 43%
c u  0.64 18 94 8 12 3022 27 27718 5757 1.7 9 5 2 4 11% 1990 30914 5431 43%
c v  0.64 18 94 8 12 3022 27 27718 5620 1.7 9 5 2 4 11% 1990 30914 5431 43%
c w  0.64 18 94 8 12 3022 27 27718 5578 1.7 9 5 2 4 11% 1990 30914 5431 43%
c x  0.65 18 94 8 12 3022 27 27718 5577 1.7 9 5 2 4 11% 1998 30778 5431 43%
c t  0.65 18 94 8 12 3022 27 27718 5577 1.7 9 5 2 4 11% 1988 30778 5431 43%
c }  0.67 18 93 9 12 3285 26 29302 7025 1.7 9 5 2 4 12% 2000 30778 5431 43%
c [  0.67 18 186 9 12 3285 3 29302 7025 2.1 32 15 2 13 28% 2000 30778 5431 43%
c O  0.67 18 186 9 12 3285 3 29302 7025 2.1 32 15 2 13 28% 2000 30778 5431 43%
c -  0.68 18 180 9 13 3285 3 30251 6983 2.2 32 15 2 12 28% 2001 30778 5431 43%
c -  0.72 18 172 9 14 3288 3 33856 8384 2.0 36 18 2 13 27% 2004 30778 5431 43%
c -  0.76 20 169 9 15 3290 3 37598 9240 1.9 37 19 2 14 27% 2015 30778 5431 43%
c B  0.78 20 166 9 15 3291 3 39063 10612 2.0 37 19 2 14 27% 2017 30778 5431 43%
c ]  0.80 20 166 10 15 3291 3 40954 12381 1.9 38 20 2 14 27% 2026 30778 5431 43%
c {  0.80 20 93 10 15 3291 26 40954 12381 1.7 9 5 2 4 12% 2026 30778 5431 43%
c -  0.81 20 93 10 16 3399 26 41470 9733 1.7 9 5 1 4 12% 2031 30778 5431 43%
c c  0.83 20 93 10 16 3654 25 42649 10807 1.7 9 6 1 4 12% 2049 30692 5414 43%
c
c seconds   switched     rate         size/glue tier1   binary        remaining
c        MB   reductions   conflicts       size  tier2     irredundant
c         level    restarts      redundant   glue   trail        variables
c
c d  0.83 20 93 10 16 3654 25 42649 10735 1.7 9 6 1 4 12% 2012 30692 5412 43%
c u  0.84 20 93 10 16 3654 25 42649 10148 1.7 9 6 1 4 12% 2015 30692 5412 43%
c v  0.84 20 93 10 16 3654 25 42649 9847 1.7 9 6 1 4 12% 2015 30692 5412 43%
c w  0.84 20 93 10 16 3654 25 42649 9828 1.7 9 6 1 4 12% 2015 30692 5412 43%
c x  0.85 20 93 10 16 3654 25 42649 9828 1.7 9 6 1 4 12% 2024 30527 5412 43%
c d  0.85 20 93 10 16 3654 25 42649 9828 1.7 9 6 1 4 12% 2022 30527 5411 43%
c t  0.85 20 93 10 16 3654 25 42649 9828 1.7 9 6 1 4 12% 2012 30527 5411 43%
c u  0.86 20 93 10 16 3654 25 42649 9749 1.7 9 6 1 4 12% 2013 30527 5411 43%
c v  0.87 20 93 10 16 3654 25 42649 9496 1.7 9 6 1 4 12% 2013 30527 5411 43%
c w  0.87 20 93 10 16 3654 25 42649 9454 1.7 9 6 1 4 12% 2013 30527 5411 43%
c x  0.87 20 93 10 16 3654 25 42649 9454 1.7 9 6 1 4 12% 2015 30443 5411 43%
c =  0.90 20 93 10 16 3654 25 42649 9454 1.7 9 6 1 4 12% 2345 30442 5246 42%
c d  0.90 20 93 10 16 3654 25 42649 9361 1.7 9 6 1 4 12% 1998 30442 5246 42%
c t  0.90 20 93 10 16 3654 25 42649 9361 1.7 9 6 1 4 12% 1997 30442 5246 42%
c o  0.91 20 92 10 16 3751 25 43196 9867 1.7 9 6 1 4 12% 1998 30442 5246 42%
c -  0.95 20 90 10 17 4176 24 45471 10087 1.7 10 6 1 4 12% 2010 30442 5246 42%
c }  1.02 20 88 11 17 4932 23 49581 13900 1.7 10 6 1 4 12% 2022 30442 5246 42%
c [  1.02 20 166 11 17 4932 3 49581 13900 1.9 38 20 2 14 27% 2022 30442 5246 42%
c -  1.02 20 166 11 18 4932 3 49594 11804 1.9 38 20 2 15 27% 2022 30442 5246 42%
c W  1.04 21 162 11 18 4933 3 51285 13347 1.9 37 20 2 15 27% 2023 30442 5246 42%
c
c seconds    switched    rate         size/glue  tier1     binary        remaining
c        MB    reductions  conflicts        size   tier2      irredundant
c          level    restarts     redundant     glue    trail        variables
c
c -  1.07 21 159 11 19 4935 2 53837 12713 1.9 38 20 2 14 27% 2028 30442 5246 42%
c s  1.07 21 159 11 19 4935 2 54010 12867 1.9 38 20 2 14 27% 2028 29210 5246 42%
c e  1.08 21 159 11 19 4935 2 54010 12867 1.9 38 20 2 14 27% 1581 29320 4883 39%
c 2  1.08 21 159 11 19 4935 2 54010 12867 1.9 38 20 2 14 27% 1580 29320 4883 39%
c s  1.09 21 159 11 19 4935 2 54010 12867 1.9 38 20 2 14 27% 1585 29209 4883 39%
c e  1.09 21 159 11 19 4935 2 54010 12867 1.9 38 20 2 14 27% 1576 28886 4842 38%
c ^  1.09 21 159 11 19 4935 2 54010 12867 1.9 38 20 2 14 27% 1576 28886 4842 38%
c -  1.13 21 155 11 20 4938 2 58196 10006 1.9 39 20 2 15 27% 1579 28886 4842 38%
c u  1.17 21 153 11 20 4938 2 61034 11980 1.9 39 21 2 15 26% 1584 28886 4842 38%
c v  1.17 21 153 11 20 4938 2 61034 11416 1.9 39 21 2 15 26% 1584 28886 4842 38%
c w  1.18 21 153 11 20 4938 2 61034 11415 1.9 39 21 2 15 26% 1584 28886 4842 38%
c x  1.19 21 153 11 20 4938 2 61034 11399 1.9 39 21 2 15 26% 1587 28736 4842 38%
c d  1.19 21 153 11 20 4938 2 61034 11397 1.9 39 21 2 15 26% 1585 28736 4841 38%
c t  1.19 21 153 11 20 4938 2 61034 11397 1.9 39 21 2 15 26% 1580 28736 4841 38%
c f  1.19 21 153 11 20 4938 2 61034 11397 1.9 39 21 2 15 26% 1587 28714 4844 38%
c u  1.20 21 153 11 20 4938 2 61034 11242 1.9 39 21 2 15 26% 1587 28714 4844 38%
c v  1.21 21 153 11 20 4938 2 61034 10792 1.9 39 21 2 15 26% 1587 28714 4844 38%
c w  1.21 21 153 11 20 4938 2 61034 10790 1.9 39 21 2 15 26% 1587 28714 4844 38%
c x  1.22 21 153 11 20 4938 2 61034 10789 1.9 39 21 2 15 26% 1587 28684 4844 38%
c =  1.25 21 153 11 20 4938 2 61034 10789 1.9 39 21 2 15 26% 1785 28682 4745 38%
c
c seconds    switched    rate         size/glue  tier1     binary        remaining
c        MB    reductions  conflicts        size   tier2      irredundant
c          level    restarts     redundant     glue    trail        variables
c
c d  1.25 21 153 11 20 4938 2 61034 10766 1.9 39 21 2 15 26% 1579 28682 4745 38%
c f  1.25 21 153 11 20 4938 2 61034 10766 1.9 39 21 2 15 26% 1587 28654 4749 38%
c -  1.27 21 152 11 21 4939 2 62668 9001 1.8 39 21 2 15 27% 1587 28654 4749 38%
c I  1.30 21 150 11 21 4941 2 66191 12238 1.9 39 21 2 15 27% 1588 28654 4749 38%
c -  1.31 21 149 11 22 4942 2 67250 10207 1.8 38 21 2 15 27% 1590 28654 4749 38%
c ]  1.33 21 146 12 22 4944 2 69470 12272 1.9 38 20 2 15 27% 1590 28654 4749 38%
c {  1.33 21 88 12 22 4944 23 69470 12272 1.7 10 6 1 4 12% 1590 28654 4749 38%
c -  1.37 21 87 12 23 5409 23 71940 12311 1.7 10 6 1 4 13% 1596 28653 4749 38%
c o  1.39 21 87 12 23 5601 23 73197 13480 1.7 11 6 1 4 13% 1605 28653 4749 38%
c -  1.44 21 86 12 24 6168 22 76735 14164 1.7 11 6 1 4 13% 1609 28652 4749 38%
c }  1.51 21 83 13 24 6732 21 80950 18036 1.7 11 6 1 4 13% 1622 28652 4749 38%
c [  1.51 21 146 13 24 6732 2 80950 18036 1.9 38 20 2 15 27% 1622 28652 4749 38%
c -  1.51 21 145 13 25 6732 2 81633 15605 1.9 37 20 2 14 26% 1622 28652 4749 38%
c d  1.53 21 145 13 25 6734 2 83107 16970 1.9 37 20 2 14 27% 1620 28652 4748 38%
c u  1.54 21 145 13 25 6734 2 83107 15873 1.9 37 20 2 14 27% 1620 28652 4748 38%
c v  1.55 21 145 13 25 6734 2 83107 15120 1.9 37 20 2 14 27% 1621 28652 4748 38%
c w  1.55 21 145 13 25 6734 2 83107 15010 1.9 37 20 2 14 27% 1621 28652 4748 38%
c =  1.59 21 145 13 25 6734 2 83107 15010 1.9 37 20 2 14 27% 1767 28650 4675 37%
c d  1.59 21 145 13 25 6734 2 83107 15009 1.9 37 20 2 14 27% 1607 28650 4675 37%
c t  1.59 21 145 13 25 6734 2 83107 15009 1.9 37 20 2 14 27% 1606 28650 4675 37%
c
c seconds    switched    rate         size/glue  tier1     binary        remaining
c        MB    reductions  conflicts        size   tier2      irredundant
c          level    restarts     redundant     glue    trail        variables
c
c u  1.60 21 145 13 25 6734 2 83107 14860 1.9 37 20 2 14 27% 1607 28650 4675 37%
c v  1.61 21 145 13 25 6734 2 83107 14624 1.9 37 20 2 14 27% 1607 28650 4675 37%
c w  1.61 21 145 13 25 6734 2 83107 14616 1.9 37 20 2 14 27% 1607 28650 4675 37%
c x  1.62 21 145 13 25 6734 2 83107 14605 1.9 37 20 2 14 27% 1610 27928 4675 37%
c t  1.66 21 145 13 25 6734 2 83107 14605 1.9 37 20 2 14 27% 1607 27928 4675 37%
c B  1.67 21 145 13 25 6734 2 83993 15453 1.9 37 20 2 14 26% 1607 27928 4675 37%
c -  1.70 21 144 13 26 6736 2 86633 14011 1.9 37 20 2 14 26% 1610 27928 4675 37%
c -  1.75 21 144 13 27 6738 2 91732 13666 1.8 37 20 2 14 27% 1615 27928 4675 37%
c -  1.80 21 144 13 28 6741 2 96929 13876 1.8 38 20 2 14 27% 1617 27928 4675 37%
c s  1.82 21 142 13 28 6743 2 99754 16489 1.8 37 20 2 14 26% 1622 27271 4675 37%
c e  1.84 21 142 13 28 6743 2 99754 16489 1.8 37 20 2 14 26% 771 29243 4182 33%
c s  1.84 21 142 13 28 6743 2 99754 16489 1.8 37 20 2 14 26% 779 28945 4182 33%
c e  1.84 21 142 13 28 6743 2 99754 16489 1.8 37 20 2 14 26% 768 28747 4145 33%
c ^  1.84 21 142 13 28 6743 2 99754 16489 1.8 37 20 2 14 26% 768 28747 4145 33%
c -  1.86 21 142 13 29 6745 2 102221 9655 1.9 37 20 2 14 26% 770 28747 4145 33%
c W  1.90 21 141 13 29 6745 2 104907 12262 1.8 39 21 2 14 26% 771 28747 4145 33%
c ]  1.92 21 141 14 29 6745 2 105632 12967 1.8 39 21 2 14 26% 771 28747 4145 33%
c {  1.92 21 83 14 29 6745 21 105632 12967 1.7 11 6 1 4 13% 771 28747 4145 33%
c -  1.94 21 83 14 30 6997 20 107606 11811 1.7 11 6 1 4 13% 773 28747 4145 33%
c u  1.97 21 83 14 30 7140 20 108949 12483 1.7 11 6 1 4 13% 788 28747 4145 33%
c
c seconds   switched     rate          size/glue tier1   binary        remaining
c        MB   reductions   conflicts         size  tier2    irredundant
c         level    restarts       redundant    glue   trail       variables
c
c v  1.97 21 83 14 30 7140 20 108949 12033 1.7 11 6 1 4 13% 788 28747 4145 33%
c w  1.97 21 83 14 30 7140 20 108949 12001 1.7 11 6 1 4 13% 788 28747 4145 33%
c x  1.98 21 83 14 30 7140 20 108949 11997 1.7 11 6 1 4 13% 790 28654 4145 33%
c t  1.98 21 83 14 30 7140 20 108949 11997 1.7 11 6 1 4 13% 787 28654 4145 33%
c f  1.99 21 83 14 30 7140 20 108949 11997 1.7 11 6 1 4 13% 790 28642 4146 33%
c u  2.00 21 83 14 30 7140 20 108949 11813 1.7 11 6 1 4 13% 790 28642 4146 33%
c v  2.00 21 83 14 30 7140 20 108949 11570 1.7 11 6 1 4 13% 790 28642 4146 33%
c w  2.01 21 83 14 30 7140 20 108949 11538 1.7 11 6 1 4 13% 790 28642 4146 33%
c x  2.01 21 83 14 30 7140 20 108949 11532 1.7 11 6 1 4 13% 790 28601 4146 33%
c -  2.09 21 83 14 31 7500 19 113083 12838 1.7 11 6 1 4 13% 795 28601 4146 33%
c o  2.09 21 83 14 31 7518 19 113208 12958 1.7 11 6 1 4 13% 795 28601 4146 33%
c -  2.18 21 83 14 32 8352 18 118650 15585 1.8 11 6 1 4 13% 799 28601 4146 33%
c }  2.20 21 82 15 32 8631 18 120347 17137 1.8 11 7 1 4 13% 800 28601 4146 33%
c [  2.20 21 141 15 32 8631 2 120347 17137 1.8 39 21 2 14 26% 800 28601 4146 33%
c -  2.23 21 139 15 33 8633 2 124306 17461 1.8 38 21 2 14 26% 802 28601 4146 33%
c O  2.28 21 138 15 33 8637 2 129132 21959 1.8 38 21 2 14 27% 804 28601 4146 33%
c -  2.29 21 137 15 34 8637 2 130050 17487 1.8 38 20 2 13 27% 804 28601 4146 33%
c -  2.37 22 135 15 35 8640 2 135881 16627 1.9 39 21 2 13 28% 806 28601 4146 33%
c u  2.41 22 135 15 35 8642 2 138610 17977 1.9 39 21 2 13 27% 811 28601 4146 33%
c v  2.42 22 135 15 35 8642 2 138610 17025 1.9 39 21 2 13 27% 811 28601 4146 33%
c
c seconds    switched    rate          size/glue  tier1    binary        remaining
c        MB    reductions  conflicts         size   tier2     irredundant
c          level    restarts      redundant     glue    trail       variables
c
c w  2.42 22 135 15 35 8642 2 138610 16980 1.9 39 21 2 13 27% 811 28601 4146 33%
c d  2.42 22 135 15 35 8642 2 138610 16979 1.9 39 21 2 13 27% 809 28601 4145 33%
c t  2.43 22 135 15 35 8642 2 138610 16979 1.9 39 21 2 13 27% 807 28601 4145 33%
c u  2.44 22 135 15 35 8642 2 138610 16810 1.9 39 21 2 13 27% 807 28601 4145 33%
c v  2.44 22 135 15 35 8642 2 138610 16508 1.9 39 21 2 13 27% 807 28601 4145 33%
c w  2.45 22 135 15 35 8642 2 138610 16445 1.9 39 21 2 13 27% 807 28601 4145 33%
c x  2.46 22 135 15 35 8642 2 138610 16424 1.9 39 21 2 13 27% 810 28504 4145 33%
c t  2.46 22 135 15 35 8642 2 138610 16424 1.9 39 21 2 13 27% 808 28504 4145 33%
c -  2.49 22 134 15 36 8644 2 141799 13725 1.8 39 21 2 13 27% 808 28504 4145 33%
c ]  2.54 22 134 16 36 8644 2 145775 17526 1.8 39 21 2 13 27% 808 28504 4145 33%
c {  2.54 22 82 16 36 8644 18 145775 17526 1.8 11 7 1 4 13% 808 28504 4145 33%
c -  2.56 22 82 16 37 8787 18 147799 15005 1.8 11 6 1 4 13% 809 28504 4145 33%
c -  2.64 22 83 16 38 9550 17 153883 17476 1.8 12 7 1 4 14% 815 28503 4145 33%
c -  2.73 22 82 16 39 10293 17 160048 19661 1.8 12 7 1 4 14% 819 28503 4145 33%
c o  2.79 22 82 16 39 10732 17 163245 22663 1.8 12 7 1 4 14% 819 28503 4145 33%
c }  2.81 22 82 17 39 10884 17 164112 23474 1.8 12 7 1 4 14% 819 28503 4145 33%
c [  2.81 22 134 17 39 10884 2 164112 23474 1.8 39 21 2 13 27% 819 28503 4145 33%
c B  2.81 22 134 17 39 10884 2 164112 23474 1.8 39 21 2 13 27% 819 28503 4145 33%
c s  2.82 22 134 17 39 10884 2 164913 24236 1.8 39 21 2 13 27% 822 28484 4145 33%
c e  2.84 22 134 17 39 10884 2 164913 24236 1.8 39 21 2 13 27% 464 27541 3327 26%
c
c seconds    switched     rate          size/glue  tier1    binary        remaining
c        MB    reductions   conflicts         size   tier2     irredundant
c          level    restarts       redundant     glue    trail       variables
c
c s  2.84 22 134 17 39 10884 2 164913 24236 1.8 39 21 2 13 27% 472 27022 3327 26%
c e  2.85 22 134 17 39 10884 2 164913 24236 1.8 39 21 2 13 27% 451 27096 3319 26%
c ^  2.85 22 134 17 39 10884 2 164913 24236 1.8 39 21 2 13 27% 451 27096 3319 26%
c -  2.86 22 134 17 40 10886 2 166292 13855 1.8 39 21 2 13 27% 451 27096 3319 26%
c u  2.93 22 132 17 40 10889 2 172194 18436 1.8 39 22 2 13 27% 452 27096 3319 26%
c v  2.94 22 132 17 40 10889 2 172194 17570 1.8 39 22 2 13 27% 452 27096 3319 26%
c w  2.95 22 132 17 40 10889 2 172194 17565 1.8 39 22 2 13 27% 452 27096 3319 26%
c x  2.96 22 132 17 40 10889 2 172194 17535 1.8 39 22 2 13 27% 460 26931 3319 26%
c t  2.97 22 132 17 40 10889 2 172194 17535 1.8 39 22 2 13 27% 457 26931 3319 26%
c -  2.99 22 132 17 41 10890 2 172619 13853 1.8 39 22 2 13 27% 457 26931 3319 26%
c -  3.04 22 131 17 42 10893 2 179023 14754 1.8 39 21 2 13 27% 458 26931 3319 26%
c -  3.10 22 131 17 43 10897 2 185503 15343 1.8 39 22 2 13 28% 459 26931 3319 26%
c -  3.18 22 130 17 44 10898 2 192061 15463 1.8 40 22 2 14 28% 459 26931 3319 26%
c W  3.22 22 129 17 44 10898 2 195563 18858 1.8 40 23 2 14 28% 459 26931 3319 26%
c -  3.25 22 129 17 45 10899 2 198694 15688 1.8 40 23 2 14 28% 459 26931 3319 26%
c ]  3.30 22 129 18 45 10901 2 201988 18769 1.8 41 23 2 14 29% 459 26931 3319 26%
c {  3.30 22 82 18 45 10901 17 201988 18769 1.8 12 7 1 4 14% 459 26931 3319 26%
c -  3.32 22 81 18 46 11001 16 205404 17292 1.8 12 7 1 4 14% 464 26930 3319 26%
c u  3.37 22 81 18 46 11221 15 210005 20916 1.8 12 7 1 4 14% 472 26928 3319 26%
c v  3.38 22 81 18 46 11221 15 210005 20448 1.8 12 7 1 4 14% 472 26928 3319 26%
c
c seconds   switched      rate          size/glue tier1   binary        remaining
c        MB   reductions    conflicts         size  tier2    irredundant
c         level    restarts        redundant    glue   trail       variables
c
c w  3.39 22 81 18 46 11221 15 210005 20419 1.8 12 7 1 4 14% 472 26928 3319 26%
c x  3.39 22 81 18 46 11221 15 210005 20401 1.8 12 7 1 4 14% 473 26845 3319 26%
c t  3.40 22 81 18 46 11221 15 210005 20401 1.8 12 7 1 4 14% 471 26845 3319 26%
c -  3.43 22 81 18 47 11361 15 212188 19194 1.8 12 7 1 4 14% 472 26845 3319 26%
c -  3.53 22 80 18 48 11904 14 219043 21618 1.8 12 7 1 4 14% 475 26845 3319 26%
c o  3.60 22 79 18 48 12294 14 223263 25515 1.8 12 7 1 4 14% 477 26845 3319 26%
c }  3.62 22 78 19 48 12378 14 224334 26483 1.8 12 7 1 4 14% 478 26845 3319 26%
c [  3.62 22 129 19 48 12378 2 224334 26483 1.8 41 23 2 14 29% 478 26845 3319 26%
c -  3.64 22 129 19 49 12379 2 225972 23566 1.8 41 23 2 14 29% 478 26844 3319 26%
c I  3.72 23 131 19 49 12383 2 230914 28268 1.8 43 24 2 14 30% 479 26844 3319 26%
c -  3.74 23 130 19 50 12384 2 232972 22946 1.8 43 24 2 14 30% 479 26844 3319 26%
c -  3.82 23 129 19 51 12387 2 240043 20921 1.8 42 23 2 14 30% 479 26844 3319 26%
c -  3.89 23 127 19 52 12391 2 247185 20731 1.8 42 23 2 14 30% 479 26844 3319 26%
c s  3.94 23 127 19 52 12392 2 251644 24992 1.8 42 23 2 14 30% 479 26832 3319 26%
c e  3.96 23 127 19 52 12392 2 251644 24992 1.8 42 23 2 14 30% 249 31467 2979 24%
c s  3.97 23 127 19 52 12392 2 251644 24992 1.8 42 23 2 14 30% 251 30162 2979 24%
c e  3.97 23 127 19 52 12392 2 251644 24992 1.8 42 23 2 14 30% 240 30246 2973 24%
c !  3.97 23 127 19 52 12392 2 251644 24992 1.8 42 23 2 14 30% 240 30246 2973 24%
c u  3.99 23 127 19 52 12392 2 251922 12563 1.8 42 23 2 14 30% 241 30246 2973 24%
c v  4.00 23 127 19 52 12392 2 251922 11225 1.8 42 23 2 14 30% 241 30246 2973 24%
c
c seconds    switched     rate          size/glue  tier1    binary        remaining
c        MB    reductions   conflicts         size   tier2     irredundant
c          level    restarts       redundant     glue    trail       variables
c
c w  4.01 23 127 19 52 12392 2 251922 11128 1.8 42 23 2 14 30% 241 30246 2973 24%
c x  4.02 23 127 19 52 12392 2 251922 11095 1.8 42 23 2 14 30% 245 29809 2973 24%
c t  4.02 23 127 19 52 12392 2 251922 11095 1.8 42 23 2 14 30% 243 29809 2973 24%
c f  4.03 23 127 19 52 12392 2 251922 11095 1.8 42 23 2 14 30% 256 29717 2977 24%
c u  4.04 23 127 19 52 12392 2 251922 10902 1.8 42 23 2 14 30% 257 29717 2977 24%
c v  4.05 23 127 19 52 12392 2 251922 10660 1.8 42 23 2 14 30% 257 29717 2977 24%
c w  4.06 23 127 19 52 12392 2 251922 10305 1.8 42 23 2 14 30% 257 29717 2977 24%
c x  4.08 23 127 19 52 12392 2 251922 10269 1.8 42 23 2 14 30% 259 29508 2977 24%
c t  4.08 23 127 19 52 12392 2 251922 10269 1.8 42 23 2 14 30% 258 29508 2977 24%
c -  4.10 23 126 19 53 12392 2 254397 9542 1.8 42 23 2 14 30% 258 29508 2977 24%
c -  4.16 23 124 19 54 12395 2 261679 12691 1.8 41 22 2 14 29% 258 29508 2977 24%
c ]  4.17 23 124 20 54 12396 2 263406 14336 1.8 41 22 2 14 29% 258 29508 2977 24%
c {  4.17 23 78 20 54 12396 14 263406 14336 1.8 12 7 1 4 14% 258 29508 2977 24%
c -  4.22 23 79 20 55 12767 13 269029 16760 1.8 12 7 1 5 14% 259 29508 2977 24%
c -  4.31 23 79 20 56 13497 13 276445 19871 1.8 12 7 1 5 14% 262 29508 2977 24%
c -  4.44 23 79 20 57 14429 13 283929 22219 1.8 12 7 1 5 14% 263 29508 2977 24%
c }  4.55 23 78 21 57 15229 13 290145 27912 1.8 12 7 1 5 14% 264 29508 2977 24%
c [  4.55 23 124 21 57 15229 2 290145 27912 1.8 41 22 2 14 29% 264 29508 2977 24%
c B  4.55 23 124 21 57 15229 2 290145 27912 1.8 41 22 2 14 29% 264 29508 2977 24%
c -  4.57 23 124 21 58 15230 2 291479 24049 1.8 41 22 2 14 29% 264 29508 2977 24%
c
c seconds    switched     rate          size/glue  tier1    binary        remaining
c        MB    reductions   conflicts         size   tier2     irredundant
c          level    restarts       redundant     glue    trail       variables
c
c o  4.60 23 123 21 58 15232 2 294382 26789 1.8 41 22 2 14 29% 264 29508 2977 24%
c u  4.66 23 124 21 58 15234 2 297722 29164 1.8 41 22 2 14 29% 264 29508 2977 24%
c v  4.67 23 124 21 58 15234 2 297722 28610 1.8 41 22 2 14 29% 264 29508 2977 24%
c w  4.68 24 124 21 58 15234 2 297722 28604 1.8 41 22 2 14 29% 264 29508 2977 24%
c x  4.70 26 124 21 58 15234 2 297722 28563 1.8 41 22 2 14 29% 273 29310 2977 24%
c t  4.78 27 124 21 58 15234 2 297722 28563 1.8 41 22 2 14 29% 269 29310 2977 24%
c -  4.80 27 124 21 59 15235 2 299094 22584 1.8 41 22 2 14 29% 269 29310 2977 24%
c -  4.88 28 123 21 60 15238 2 306777 20582 1.8 41 22 2 13 29% 269 29310 2977 24%
c -  4.98 28 121 21 61 15242 2 314523 20502 1.8 41 23 2 13 29% 271 29310 2977 24%
c -  5.05 28 121 21 62 15243 2 322333 20089 1.8 41 23 2 14 29% 271 29310 2977 24%
c -  5.15 28 121 21 63 15249 2 330207 19948 1.8 42 23 2 14 30% 271 29310 2977 24%
c W  5.19 28 120 21 63 15250 2 333857 23461 1.8 42 23 2 14 30% 271 29310 2977 24%
c ]  5.21 28 121 22 63 15250 2 334968 24546 1.8 42 23 2 14 30% 271 29310 2977 24%
c {  5.21 28 78 22 63 15250 13 334968 24546 1.8 12 7 1 5 14% 271 29310 2977 24%
c -  5.25 28 78 22 64 15451 13 338144 21714 1.8 12 7 1 5 14% 273 29310 2977 24%
c -  5.37 28 78 22 65 16048 13 346144 24584 1.8 12 7 1 5 14% 275 29310 2977 24%
c u  5.41 28 77 22 65 16215 13 347772 25184 1.8 12 7 1 5 14% 276 29310 2977 24%
c v  5.42 28 77 22 65 16215 13 347772 24452 1.8 12 7 1 5 14% 276 29310 2977 24%
c w  5.43 28 77 22 65 16215 13 347772 24401 1.8 12 7 1 5 14% 276 29310 2977 24%
c x  5.44 28 77 22 65 16215 13 347772 24396 1.8 12 7 1 5 14% 276 29287 2977 24%
c
c seconds   switched      rate          size/glue tier1   binary        remaining
c        MB   reductions    conflicts         size  tier2    irredundant
c         level    restarts        redundant    glue   trail       variables
c
c -  5.55 28 77 22 66 16679 12 354206 25779 1.8 12 7 1 5 14% 280 29287 2977 24%
c s  5.69 28 76 22 66 17468 12 360335 31461 1.8 12 7 1 5 14% 285 29269 2977 24%
c e  5.70 28 76 22 66 17468 12 360335 31461 1.8 12 7 1 5 14% 256 29909 2930 23%
c s  5.70 28 76 22 66 17468 12 360335 31461 1.8 12 7 1 5 14% 257 29845 2930 23%
c -  5.76 28 76 22 67 17718 12 362330 27843 1.8 12 7 1 5 14% 258 29845 2930 23%
c }  5.86 28 75 23 67 18223 12 366484 31703 1.8 12 7 1 5 14% 260 29845 2930 23%
c [  5.86 28 121 23 67 18223 2 366484 31703 1.8 42 23 2 14 30% 260 29845 2930 23%
c -  5.90 28 121 23 68 18225 2 370516 29213 1.8 42 23 2 14 30% 260 29845 2930 23%
c -  6.00 28 120 23 69 18229 2 378764 27362 1.8 42 23 2 13 30% 260 29845 2930 23%
c o  6.01 28 120 23 69 18231 2 380115 28636 1.8 42 23 2 13 30% 260 29845 2930 23%
c O  6.04 28 120 23 69 18232 2 382018 30480 1.8 43 23 2 13 30% 260 29845 2930 23%
c -  6.09 28 120 23 70 18235 2 387071 24757 1.8 42 23 2 13 30% 260 29845 2930 23%
c -  6.19 28 120 23 71 18237 2 395437 24242 1.8 42 23 2 13 30% 261 29845 2930 23%
c u  6.31 28 119 23 71 18240 2 402133 28326 1.8 43 24 2 13 30% 261 29845 2930 23%
c v  6.33 28 119 23 71 18240 2 402133 26095 1.8 43 24 2 13 30% 261 29845 2930 23%
c w  6.35 29 119 23 71 18240 2 402133 26074 1.8 43 24 2 13 30% 261 29845 2930 23%
c f  6.36 29 119 23 71 18240 2 402133 26074 1.8 43 24 2 13 30% 268 29804 2932 23%
c u  6.38 32 119 23 71 18240 2 402133 25660 1.8 43 24 2 13 30% 268 29804 2932 23%
c v  6.39 32 119 23 71 18240 2 402133 24405 1.8 43 24 2 13 30% 268 29804 2932 23%
c w  6.41 34 119 23 71 18240 2 402133 24402 1.8 43 24 2 13 30% 268 29804 2932 23%
c
c seconds    switched     rate          size/glue  tier1    binary        remaining
c        MB    reductions   conflicts         size   tier2     irredundant
c          level    restarts       redundant     glue    trail       variables
c
c x  6.43 34 119 23 71 18240 2 402133 24392 1.8 43 24 2 13 30% 268 29730 2932 23%
c -  6.45 36 119 23 72 18240 2 403865 18281 1.8 43 24 2 13 29% 268 29730 2932 23%
c -  6.57 37 119 23 73 18244 2 412351 18641 1.8 45 24 2 14 30% 268 29730 2932 23%
c -  6.66 37 120 23 74 18250 2 420895 19282 1.9 45 24 2 14 31% 268 29730 2932 23%
c -  6.79 37 120 23 75 18252 2 429497 19854 1.9 47 25 2 14 32% 268 29730 2932 23%
c ]  6.89 37 121 24 75 18252 2 432595 22845 1.9 50 26 2 14 33% 268 29730 2932 23%
c {  6.89 37 75 24 75 18252 12 432595 22845 1.8 12 7 1 5 14% 268 29730 2932 23%
c -  6.96 38 75 24 76 18852 12 438158 22270 1.8 12 7 1 5 14% 268 29730 2932 23%
c -  7.08 38 75 24 77 19647 12 446875 25984 1.8 13 7 1 5 14% 268 29730 2932 23%
c -  7.23 38 76 24 78 20550 12 455649 29121 1.8 13 7 1 5 14% 270 29729 2932 23%
c u  7.36 38 75 24 78 21231 12 460783 32340 1.8 13 7 1 5 14% 271 29729 2932 23%
c v  7.38 38 75 24 78 21231 12 460783 31226 1.8 13 7 1 5 14% 271 29729 2932 23%
c w  7.40 38 75 24 78 21231 12 460783 31165 1.8 13 7 1 5 14% 271 29729 2932 23%
c -  7.47 38 75 24 79 21604 12 464480 28878 1.8 13 7 1 5 14% 271 29729 2932 23%
c }  7.56 38 75 25 79 22217 12 469273 33310 1.8 13 7 1 5 14% 272 29729 2932 23%
c [  7.56 38 121 25 79 22217 2 469273 33310 1.9 50 26 2 14 33% 272 29729 2932 23%
c B  7.56 38 121 25 79 22217 2 469273 33310 1.9 50 26 2 14 33% 272 29729 2932 23%
c o  7.58 38 121 25 79 22218 2 470312 34320 1.9 50 26 2 14 33% 272 29729 2932 23%
c -  7.64 38 121 25 80 22219 2 473371 29754 1.9 50 26 2 14 33% 272 29729 2932 23%
c -  7.78 38 122 25 81 22224 2 482315 27566 2.0 51 26 2 14 34% 273 29728 2932 23%
c
c seconds    switched     rate          size/glue  tier1    binary        remaining
c        MB    reductions   conflicts         size   tier2     irredundant
c          level    restarts       redundant     glue    trail       variables
c
c -  7.95 39 123 25 82 22230 2 491317 23960 2.0 54 27 2 14 35% 274 29728 2932 23%
c s  7.98 39 123 25 82 22230 2 493390 25962 2.0 54 27 2 14 35% 274 29712 2932 23%
c e  7.98 39 123 25 82 22230 2 493390 25962 2.0 54 27 2 14 35% 255 29851 2922 23%
c s  7.98 39 123 25 82 22230 2 493390 25962 2.0 54 27 2 14 35% 255 29805 2922 23%
c e  7.98 39 123 25 82 22230 2 493390 25962 2.0 54 27 2 14 35% 255 29821 2921 23%
c -  8.14 39 125 25 83 22231 2 500372 21130 1.9 56 29 2 15 34% 255 29821 2921 23%
c -  8.31 39 125 25 84 22237 2 509482 21001 1.9 58 30 2 15 35% 255 29821 2921 23%
c ]  8.46 39 125 26 84 22240 2 517228 28442 1.9 60 31 2 15 35% 255 29821 2921 23%
c {  8.46 39 75 26 84 22240 12 517228 28442 1.8 13 7 1 5 14% 255 29821 2921 23%
c -  8.48 39 75 26 85 22363 12 518647 23122 1.8 13 7 1 5 14% 255 29821 2921 23%
c u  8.57 39 75 26 85 22868 12 523868 26238 1.8 13 7 1 5 14% 255 29821 2921 23%
c v  8.60 39 75 26 85 22868 12 523868 23417 1.8 13 7 1 5 14% 255 29821 2921 23%
c w  8.62 39 75 26 85 22868 12 523868 23295 1.8 13 7 1 5 14% 255 29821 2921 23%
c -  8.81 39 75 26 86 23120 12 527867 23710 1.8 13 7 1 5 14% 255 29821 2921 23%
c -  8.95 39 75 26 87 24006 12 537141 27583 1.8 13 7 1 5 14% 256 29821 2921 23%
c -  9.13 39 75 26 88 24999 12 546468 30715 1.8 13 7 1 5 14% 256 29821 2921 23%
c -  9.36 39 75 26 89 26292 12 555848 33250 1.8 13 8 1 5 14% 257 29821 2921 23%
c }  9.44 39 75 27 89 26708 12 559446 36582 1.8 13 8 1 5 14% 258 29821 2921 23%
c [  9.44 39 125 27 89 26708 2 559446 36582 1.9 60 31 2 15 35% 258 29821 2921 23%
c W  9.45 39 125 27 89 26708 2 559446 36582 1.9 60 31 2 15 35% 258 29821 2921 23%
c
c seconds    switched     rate          size/glue  tier1    binary        remaining
c        MB    reductions   conflicts         size   tier2     irredundant
c          level    restarts       redundant     glue    trail       variables
c
c -  9.57 40 125 27 90 26712 2 565282 33131 1.9 61 31 2 15 36% 258 29821 2921 23%
c o  9.69 40 125 27 90 26716 2 572996 40527 1.9 61 32 2 15 36% 258 29821 2921 23%
c -  9.73 40 125 27 91 26717 2 574769 29681 1.9 62 32 2 15 36% 258 29821 2921 23%
c -  9.91 40 125 27 92 26721 2 584309 27121 2.0 63 32 2 15 37% 258 29821 2921 23%
c u 10.05 40 125 27 92 26722 2 591423 32284 1.9 63 32 2 15 36% 258 29821 2921 23%
c v 10.08 40 125 27 92 26722 2 591423 30613 1.9 63 32 2 15 36% 259 29821 2921 23%
c w 10.10 39 125 27 92 26722 2 591423 30605 1.9 63 32 2 15 36% 259 29821 2921 23%
c x 10.13 40 125 27 92 26722 2 591423 30583 1.9 63 32 2 15 36% 259 29721 2921 23%
c t 10.13 40 125 27 92 26722 2 591423 30583 1.9 63 32 2 15 36% 258 29721 2921 23%
c - 10.17 40 125 27 93 26724 2 593900 23933 1.9 62 32 2 15 36% 258 29721 2921 23%
c - 10.33 40 124 27 94 26729 2 603544 24126 1.9 63 33 2 15 37% 258 29721 2921 23%
c - 10.52 40 124 27 95 26735 2 613239 24976 1.9 64 33 2 15 37% 258 29721 2921 23%
c I 10.66 40 123 27 95 26737 2 621998 33401 2.0 63 32 2 15 37% 258 29721 2921 23%
c - 10.68 40 122 27 96 26737 2 622986 26662 2.0 63 32 2 15 37% 258 29721 2921 23%
c ] 10.70 40 122 28 96 26737 2 625548 29112 2.0 62 32 2 15 37% 258 29721 2921 23%
c { 10.70 40 75 28 96 26737 12 625548 29112 1.8 13 8 1 5 14% 258 29721 2921 23%
c - 10.83 40 75 28 97 27487 12 632783 29864 1.8 13 8 1 5 15% 258 29721 2921 23%
c - 11.05 40 75 28 98 28687 12 642631 32393 1.7 14 8 1 5 15% 258 29721 2921 23%
c s 11.26 40 75 28 98 29831 12 652205 41177 1.7 14 8 1 5 15% 258 29713 2921 23%
c e 11.26 40 75 28 98 29831 12 652205 41177 1.7 14 8 1 5 15% 256 29770 2917 23%
c
c seconds   switched      rate          size/glue tier1   binary        remaining
c        MB   reductions    conflicts         size  tier2    irredundant
c         level    restarts        redundant    glue   trail       variables
c
c s 11.26 40 75 28 98 29831 12 652205 41177 1.7 14 8 1 5 15% 256 29764 2917 23%
c - 11.27 40 75 28 99 29863 12 652530 34918 1.7 14 8 1 5 15% 256 29764 2917 23%
c - 11.52 40 75 28 100 31068 12 662479 37414 1.7 14 8 1 5 15% 256 29764 2917 23%
c u 11.58 40 75 28 100 31158 12 663533 35897 1.7 14 8 1 5 15% 256 29764 2917 23%
c v 11.62 40 75 28 100 31158 12 663533 33990 1.7 14 8 1 5 15% 256 29764 2917 23%
c w 11.64 40 75 28 100 31158 12 663533 33870 1.7 14 8 1 5 15% 256 29764 2917 23%
c - 11.84 40 75 28 101 32188 12 672479 35456 1.7 14 8 1 5 15% 256 29764 2917 23%
c } 11.86 40 75 29 101 32288 12 673686 36578 1.7 14 8 1 5 15% 256 29764 2917 23%
c [ 11.86 40 122 29 101 32288 2 673686 36578 2.0 62 32 2 15 37% 256 29764 2917 23%
c - 11.97 40 121 29 102 32294 2 682528 35606 2.0 60 31 2 15 37% 256 29764 2917 23%
c o 12.02 40 121 29 102 32295 2 686195 39152 2.0 60 31 2 15 36% 256 29764 2917 23%
c B 12.07 40 121 29 102 32297 2 689680 42551 2.0 60 31 2 15 36% 256 29764 2917 23%
c - 12.14 40 121 29 103 32300 2 692628 32345 2.0 60 30 2 15 36% 256 29764 2917 23%
c - 12.29 40 121 29 104 32302 2 702776 30127 2.0 60 30 2 15 37% 256 29764 2917 23%
c - 12.50 41 121 29 105 32307 2 712974 28190 2.0 62 30 2 15 38% 256 29764 2917 23%
c - 12.72 41 120 29 106 32312 2 723221 27634 2.0 63 31 2 15 38% 256 29764 2917 23%
c - 12.95 41 119 29 107 32317 2 733519 27610 2.0 64 32 2 15 38% 256 29764 2917 23%
c u 13.11 41 119 29 107 32317 1 740228 32145 2.0 64 32 2 15 37% 256 29764 2917 23%
c v 13.14 41 119 29 107 32317 1 740228 29425 2.0 64 32 2 15 37% 256 29764 2917 23%
c w 13.18 42 119 29 107 32317 1 740228 29418 2.0 64 32 2 15 37% 256 29764 2917 23%
c
c seconds    switched      rate          size/glue  tier1    binary        remaining
c        MB    reductions    conflicts         size   tier2     irredundant
c          level     restarts       redundant     glue    trail       variables
c
c - 13.28 42 119 29 108 32318 1 743864 23678 2.0 65 33 2 15 38% 256 29764 2917 23%
c ] 13.38 42 118 30 108 32318 1 750295 29798 2.0 65 32 2 15 38% 256 29764 2917 23%
c { 13.38 42 75 30 108 32318 12 750295 29798 1.7 14 8 1 5 15% 256 29764 2917 23%
c - 13.44 42 75 30 109 32564 12 754257 26308 1.7 14 8 1 5 15% 256 29764 2917 23%
c - 13.58 42 76 30 110 33289 12 764698 31714 1.8 14 8 1 5 15% 256 29764 2917 23%
c - 13.77 42 76 30 111 34322 12 775186 35187 1.8 14 8 1 5 16% 257 29764 2917 23%
c - 14.00 42 76 30 112 35516 12 785723 37742 1.8 14 8 1 5 16% 257 29764 2917 23%
c - 14.28 42 76 30 113 36884 12 796308 39664 1.8 15 8 1 5 16% 257 29764 2917 23%
c } 14.49 42 76 31 113 37879 12 804737 47476 1.8 15 8 1 5 16% 257 29764 2917 23%
c [ 14.49 42 118 31 113 37879 1 804737 47476 2.0 65 32 2 15 38% 257 29764 2917 23%
c W 14.51 42 118 31 113 37879 1 804737 47476 2.0 65 32 2 15 38% 257 29764 2917 23%
c o 14.55 42 119 31 113 37881 1 806823 49473 2.0 66 32 2 15 38% 257 29764 2917 23%
c - 14.56 42 119 31 114 37881 1 806939 40928 2.0 66 32 2 15 38% 257 29764 2917 23%
c - 14.80 43 118 31 115 37886 1 817616 37770 2.0 67 33 2 15 39% 257 29764 2917 23%
c u 14.92 43 119 31 115 37889 1 821562 39012 2.0 67 33 2 15 39% 258 29764 2917 23%
c v 14.97 43 119 31 115 37889 1 821562 35292 2.0 67 33 2 15 39% 258 29764 2917 23%
c w 15.00 43 119 31 115 37889 1 821562 35189 2.0 67 33 2 15 39% 258 29764 2917 23%
c - 15.14 43 119 31 116 37892 1 828340 27888 2.0 68 33 2 15 39% 258 29764 2917 23%
c - 15.29 43 117 31 117 37895 1 839111 28359 2.0 66 32 2 15 39% 258 29764 2917 23%
c - 15.47 43 117 31 118 37900 1 849928 29072 2.0 66 32 2 15 39% 258 29764 2917 23%
c
c seconds    switched      rate          size/glue  tier1    binary        remaining
c        MB    reductions    conflicts         size   tier2     irredundant
c          level     restarts       redundant     glue    trail       variables
c
c - 15.64 43 116 31 119 37907 1 860790 29415 2.0 65 32 2 15 38% 258 29764 2917 23%
c - 15.95 43 116 31 120 37909 1 871698 28929 2.1 69 33 2 15 41% 258 29764 2917 23%
c - 16.15 43 117 31 121 37909 1 882652 27723 2.1 69 33 2 15 41% 258 29764 2917 23%
c O 16.15 43 117 31 121 37909 1 883165 28218 2.1 68 33 2 15 41% 258 29764 2917 23%
c ] 16.20 43 116 32 121 37909 1 887252 32132 2.1 67 33 2 15 40% 258 29764 2917 23%
c { 16.20 43 76 32 121 37909 12 887252 32132 1.8 15 8 1 5 16% 258 29764 2917 23%
c - 16.30 43 76 32 122 38425 12 893652 31339 1.8 15 8 1 5 16% 258 29764 2917 23%
c - 16.52 43 77 32 123 39507 12 904697 35442 1.8 15 8 1 5 16% 258 29764 2917 23%
c u 16.61 43 77 32 123 39848 12 907595 37127 1.8 15 8 1 5 16% 258 29764 2917 23%
c v 16.64 43 77 32 123 39848 12 907595 35837 1.8 15 8 1 5 16% 258 29764 2917 23%
c w 16.65 43 77 32 123 39848 12 907595 35683 1.8 15 8 1 5 16% 258 29764 2917 23%
c x 16.68 43 77 32 123 39848 12 907595 35662 1.8 15 8 1 5 16% 258 29706 2917 23%
c - 16.86 43 77 32 124 40619 12 915787 36932 1.8 15 8 1 5 16% 259 29706 2917 23%
c - 17.17 43 77 32 125 42040 12 926922 40185 1.8 15 9 1 5 16% 259 29706 2917 23%
c o 17.44 43 77 32 125 43272 12 936824 49491 1.8 15 9 1 5 16% 259 29706 2917 23%
c - 17.49 43 77 32 126 43457 12 938103 42801 1.8 15 9 1 5 16% 259 29706 2917 23%
c } 17.82 43 77 33 126 44915 12 948356 52481 1.8 15 9 1 5 16% 259 29706 2917 23%
c [ 17.82 43 116 33 126 44915 1 948356 52481 2.1 67 33 2 15 40% 259 29706 2917 23%
c - 17.83 43 116 33 127 44915 1 949328 44756 2.1 67 33 2 15 40% 259 29706 2917 23%
c - 18.06 43 116 33 128 44921 2 960598 42420 2.1 67 32 2 15 41% 259 29706 2917 23%
c
c seconds    switched      rate          size/glue  tier1    binary        remaining
c        MB    reductions    conflicts         size   tier2     irredundant
c          level     restarts       redundant     glue    trail       variables
c
c B 18.17 43 117 33 128 44926 2 967202 48758 2.1 67 32 2 15 41% 259 29706 2917 23%
c - 18.25 43 117 33 129 44928 2 971912 36382 2.1 67 33 2 15 40% 259 29706 2917 23%
c - 18.44 43 117 33 130 44931 2 983269 35076 2.1 66 32 2 15 40% 259 29706 2917 23%
c - 18.61 43 117 33 131 44937 2 994670 34051 2.1 65 32 2 15 40% 259 29706 2917 23%
c u 18.72 43 117 33 131 44939 2 998387 34344 2.1 65 31 2 15 41% 259 29706 2917 23%
c v 18.75 43 117 33 131 44939 2 998387 31284 2.1 65 31 2 15 41% 259 29706 2917 23%
c w 18.84 43 117 33 131 44939 2 998387 30961 2.1 65 31 2 15 41% 259 29706 2917 23%
c = 19.11 43 117 33 131 44939 2 998387 30961 2.1 65 31 2 15 41% 261 29706 2916 23%
c d 19.12 43 117 33 131 44939 2 998387 30954 2.1 65 31 2 15 41% 258 29706 2916 23%
c u 19.15 43 117 33 131 44939 2 998387 30328 2.1 65 31 2 15 41% 258 29706 2916 23%
c v 19.18 43 117 33 131 44939 2 998387 29651 2.1 65 31 2 15 41% 258 29706 2916 23%
c w 19.28 43 117 33 131 44939 2 998387 28538 2.1 65 31 2 15 41% 258 29706 2916 23%
c ] 19.31 43 117 33 131 44941 2 1000001 30097 2.1 66 31 2 15 41% 258 29706 2916 23%
c ? 19.31 43 77 33 131 44941 12 1000001 30097 1.8 15 9 1 5 16% 258 29706 2916 23%
c
c ---- [ result ] ------------------------------------------------------------
c
s UNKNOWN
c
c ---- [ profiling ] ---------------------------------------------------------
c
c          16.42   85.01 %  search
c           9.10   47.14 %  stable
c           7.31   37.87 %  focused
c           2.85   14.78 %  simplify
c           2.67   13.85 %  probe
c           1.62    8.37 %  vivify
c           0.76    3.94 %  sweep
c           0.23    1.20 %  reduce
c           0.17    0.88 %  eliminate
c           0.11    0.57 %  factor
c           0.10    0.52 %  substitute
c           0.07    0.35 %  congruence
c           0.05    0.24 %  walking
c           0.04    0.18 %  preprocess
c           0.03    0.13 %  subsume
c           0.01    0.07 %  transitive
c           0.01    0.03 %  backbone
c           0.00    0.02 %  parse
c           0.00    0.01 %  lucky
c =============================================
c          19.31  100.00 %  total
c
c ---- [ statistics ] --------------------------------------------------------
c
c chronological:                         1430                0 %  conflicts
c conflicts:                          1000001            51775.24 per second
c congruent:                             1655               13 %  variables
c decisions:                          5728654                5.73 per conflict
c eliminated:                            7037               56 %  variables
c factored:                               237                2 %  variables
c propagations:                     108545890          5619984    per second
c reductions:                             131             7634    interval
c reordered:                               14            71429    interval
c rephased:                                25            40000    interval
c restarts:                             44941               22    interval
c strengthened:                          3060                0 %  checks
c substituted:                           1957               16 %  variables
c subsumed:                              5497                0 %  checks
c switched:                                33            30303    interval
c vivified:                            126170               20 %  checks
c walks:                                    8           125000    interval
c
c ---- [ glue usage ] --------------------------------------------------------
c
c focused glue 1 used 1047122 clauses 57.13% accumulated 57.13% tier1
c focused glue 2 used  357223 clauses 19.49% accumulated 76.62%
c focused glue 3 used  139364 clauses  7.60% accumulated 84.23%
c focused glue 4 used   89858 clauses  4.90% accumulated 89.13%
c focused glue 5 used   58334 clauses  3.18% accumulated 92.31% tier2
c
c stable glue 2    used 1087430 clauses 19.00% accumulated 59.53% tier1
c stable glue 3    used  456330 clauses  7.97% accumulated 67.50%
c stable glue 4-12 used 1188048 clauses 20.76% accumulated 88.26%
c stable glue 13   used   52978 clauses  0.93% accumulated 89.19%
c stable glue 14   used   46698 clauses  0.82% accumulated 90.00% tier2
c
c ---- [ resources ] ---------------------------------------------------------
c
c maximum-resident-set-size:      46506442752 bytes      44352 MB
c process-time:                            19s              19.31 seconds
c
c ---- [ shutting down ] -----------------------------------------------------
c
c exit 0
