Loaded varmap v3: 56 (reg,round) entries, total_vars=13494
  actual_p1: 56 entries; actual_p2: 56 entries
  aux_modular_diff: 4 entries (Rule 4 firing targets)
Conflict limit: 500000
Cascade-zero targets: 448 SAT vars observed, 0 bits already const-false
Rule 5  (dc_63 = dg_63): 32 bit-pairs registered
Rule 4@r=61 (dA[61] = dE[61]): 32 bit-pairs registered
Rule 4 r=62/63 substrate: 768 actual-register SAT vars registered (a,b,c at r=59..62)
Rule 4 firing targets: 128 modular-diff aux SAT vars across 4 (reg,round) entries
Propagator connected: 448 cascade-zero vars + 128 Rule-5 vars + 384 actual-register vars observed
Loaded 56002 clauses from /tmp/v3_kernel_sweep_bit25.cnf
Solving with cascade propagator...

Result: 0 (10=SAT, 20=UNSAT, 0=UNKNOWN)
Propagator stats:
  notify_assignment events: 3904602
  cb_propagate fires:       761
    of which Rule 5 fires:  32
    of which Rule 4@r=61:   32
    of which Rule 4@r=62 forcings: 249
  actual-reg bit assigns:   6434771
  dT2_62 computable (sample, full): 0 (out of ~1570 samples)
  dT2_62 partial-bit firing samples: 57 (max bits forced in any sample: 21)
  decisions:                2501498
  backtracks:               572807
s UNKNOWN
real 23.24
user 23.13
sys 0.06
