=== block2 lowhw set: m0=0x8c752c40 fill=0x00000000 bit=17 max_hw=60 ===
samples: 1000000000  elapsed: 23.02s
min HW seen: 49

HW=49: 1 total, 1 distinct vectors
  [0] W = 0x560b2b3a 0x5ee2230c 0x4af667ed 0x477b19e8
      d = 0x13308280 0x2013e0ea 0x0010100c 0x00000000 0x8d0c8203 0x601b1463 0x00101004 0x00000000 
HW=50: 1 total, 1 distinct vectors
  [0] W = 0x029636fd 0x4d776ff9 0xb18be81d 0x5d8de579
      d = 0x15419439 0x07a7cc94 0x00000002 0x00000000 0x01230742 0x8051cc8e 0x00000002 0x00000000 
HW=52: 2 total, 2 distinct vectors
  [0] W = 0xeadffcf2 0xbd777c12 0x0c57b868 0x90027d65
      d = 0x24350010 0x80cdb860 0x00308402 0x00000000 0x8bd02262 0x22c0801a 0x00f08c02 0x00000000 
  [1] W = 0x74d5e98d 0xf561829f 0x637200c6 0x4e30ff13
      d = 0x1ad271a0 0x62001540 0x02502120 0x00000000 0x4845c198 0xa7004220 0x02502160 0x00000000 
HW=53: 7 total, 7 distinct vectors
  [0] W = 0x909307e4 0xfd9005b3 0x59e57f20 0x36218020
      d = 0xca080009 0x52801024 0x20ea0024 0x00000000 0x801400ba 0xaf830c8a 0x21b60024 0x00000000 
  [1] W = 0xae2d5aab 0xaa7f3af7 0xe91e7087 0xc6dee300
      d = 0x008b6348 0x85c050c4 0x0c000008 0x00000000 0x3e0a48b8 0x9a8010ce 0x34000038 0x00000000 
  [2] W = 0x362d2397 0xd9aeddb8 0x41224a34 0x04fd0ec6
      d = 0xc880aa38 0x245a8305 0x018002c2 0x00000000 0x33014012 0x46a38211 0x008005c2 0x00000000 
  [3] W = 0x5b241de8 0xcbb74524 0x4169410d 0x40526089
      d = 0x0804454e 0x10100103 0x021805dc 0x00000000 0x94047301 0xa64b2188 0x02080ac4 0x00000000 
  [4] W = 0x8f07b03d 0x5905bb1d 0x22abe9ee 0xad56c285
      d = 0x5ce5dc84 0x422c450a 0x00010800 0x00000000 0x4c15058c 0x060b0b36 0x00010800 0x00000000 
  ... and 2 more distinct vectors
HW=54: 16 total, 16 distinct vectors
  [0] W = 0x8884e618 0x9cba6b5b 0xebfd15d3 0x61ad7f70
      d = 0x0a1e091e 0x2a422284 0x0404e0a8 0x00000000 0x6e09010f 0x00040a43 0x04046068 0x00000000 
  [1] W = 0x284736e7 0x1ded84ea 0x0362d812 0x54763062
      d = 0x0cc4485c 0x25232229 0x06300000 0x00000000 0x51041758 0x24975081 0x3a300000 0x00000000 
  [2] W = 0xa6178454 0x8538cc5a 0x0acb8263 0x2a7c3b20
      d = 0x65c84e82 0x810a2102 0x50020049 0x00000000 0x24712891 0x51410c84 0x50060047 0x00000000 
  [3] W = 0x7d4c8d56 0x70215f85 0x21eb9fcd 0x1050ce44
      d = 0xa045df90 0x07569d36 0x03800070 0x00000000 0x72100442 0x04315100 0x02800010 0x00000000 
  [4] W = 0x092d471d 0x981848ba 0xb0e7479d 0x5a8db977
      d = 0x01022024 0xd00a0021 0x000084a7 0x00000000 0x0c096099 0xd91447bd 0x0000836b 0x00000000 
  ... and 11 more distinct vectors
HW=55: 26 total, 26 distinct vectors
  [0] W = 0xa77cacef 0x6ecbe67f 0x5285e0dd 0x3d58c5d2
      d = 0xc1050573 0x40065006 0x15a00142 0x00000000 0xab188002 0x5205b400 0x15a0014e 0x00000000 
  [1] W = 0x8200eef7 0x64166218 0xa2f3f072 0x43461f8c
      d = 0x822b2d00 0xcb560041 0x42104503 0x00000000 0xa8d36045 0x00600114 0xc2104301 0x00000000 
  [2] W = 0xb8da209d 0x65f621d9 0x986776df 0xa1291da1
      d = 0x20ce0da7 0x26302c2c 0x00021010 0x00000000 0xe582b7a9 0xa2130010 0x00021010 0x00000000 
  [3] W = 0x8105fef5 0xe5b37298 0xf7e6da68 0xb9d24b9d
      d = 0x3120a045 0x03d58161 0x00120900 0x00000000 0x75e43b2d 0x00d00291 0x00120700 0x00000000 
  [4] W = 0xfd4e792e 0x7f1fa37b 0xe5605ea3 0x383d76d9
      d = 0x2a540042 0xb0cc212a 0x0020120a 0x00000000 0x087a0d80 0x20747368 0x0060160a 0x00000000 
  ... and 21 more distinct vectors
HW=56: 41 total, 41 distinct vectors
  [0] W = 0x37fe421e 0x080245c0 0x57f6d63d 0x2b172405
      d = 0x44a1a440 0x20211117 0x03202180 0x00000000 0x9974c710 0xe4094384 0x04e06080 0x00000000 
  [1] W = 0x8a2ab55b 0x4cb6d87b 0x60878747 0x9d8ac170
      d = 0x0908129a 0x0802582e 0x0c04128a 0x00000000 0x41064f4d 0x05031518 0x040c128a 0x00000000 
  [2] W = 0x2f12f3cf 0x5c0e443a 0x05a081be 0xa77e25d5
      d = 0x51148629 0x05a640b0 0x03018340 0x00000000 0x41b88631 0x07299820 0x05028140 0x00000000 
  [3] W = 0x343e0874 0x532eaf6c 0x5eaeedad 0xe07a8820
      d = 0x1048267c 0x89834802 0x00aeca02 0x00000000 0x0099a410 0xb0108652 0x00e24a02 0x00000000 
  [4] W = 0x38c94810 0x28a35e55 0x2e5223c1 0x2f6cec54
      d = 0x0a841959 0xd53d311d 0x0409c100 0x00000000 0x04005c0d 0x010c400b 0x0408c700 0x00000000 
  ... and 36 more distinct vectors
HW=57: 99 total, 99 distinct vectors
  [0] W = 0x6d13f08c 0x734d58ad 0xd34a04a1 0xe813c48e
      d = 0xc89895a2 0x44470918 0x81900201 0x00000000 0x00360143 0x8c37030f 0x81900201 0x00000000 
  [1] W = 0x2c411832 0xe7acadb1 0x314c233c 0x1054cc89
      d = 0x66098093 0xcc20ad43 0x00000850 0x00000000 0x41455868 0x9a871b25 0x000008d0 0x00000000 
  [2] W = 0x4c400868 0xe4e8f70e 0xbb200b4a 0xf36bdbae
      d = 0x610824f7 0xd275500c 0x00a58007 0x00000000 0x851240a4 0x01806914 0x00658001 0x00000000 
  [3] W = 0x555e54b1 0x66cf51f5 0x12c7462d 0xba51feac
      d = 0x0a40c640 0x80d20b83 0x47440840 0x00000000 0x1495c891 0x4320005c 0xc34c08c0 0x00000000 
  [4] W = 0xd1b92841 0x629f3139 0x13b23fc5 0xdd1c09e0
      d = 0xcb9b0155 0x01479b08 0xc0800022 0x00000000 0x33e34c00 0x123b2410 0x40800022 0x00000000 
  ... and 94 more distinct vectors
HW=58: 169 total, 169 distinct vectors
  [0] W = 0x2e44035a 0x6bcd9ded 0xd67a6b75 0xf984591f
      d = 0x6c32b182 0xd413358b 0x0031000a 0x00000000 0x0888446b 0x104a0c01 0x00130076 0x00000000 
  [1] W = 0xb797ccc6 0x8fea53e1 0x7754346a 0xcaf89c46
      d = 0x71938148 0x89645143 0xe11a4810 0x00000000 0x80a0804a 0x068c2021 0x27064810 0x00000000 
  [2] W = 0x6843e831 0xbdfd90f3 0xf39d1742 0x7fda80f8
      d = 0x210108c0 0x12168a90 0x2e002a21 0x00000000 0x5d1199a8 0x04090486 0xd6002e61 0x00000000 
  [3] W = 0x16c40c27 0x7f545767 0x42a17adb 0xd2bfa8e6
      d = 0x2c243db0 0x4580ac10 0x4683a000 0x00000000 0x854880e5 0x84245111 0xc3826000 0x00000000 
  [4] W = 0x16e007f1 0xd5dbb33e 0xd4387ee0 0xa7667152
      d = 0x992c41c1 0x8701840a 0x02e0001f 0x00000000 0x00c8514c 0x40a1db6a 0x03200005 0x00000000 
  ... and 164 more distinct vectors
HW=59: 367 total, 367 distinct vectors
  [0] W = 0xd08ba53c 0x21a2926a 0x0e12983d 0xffb7c057
      d = 0xc7028189 0x24135795 0x06201880 0x00000000 0x4632488a 0xa0050c8f 0x0a202880 0x00000000 
  [1] W = 0x895a3b55 0x082f75ed 0x34c67224 0xaad363c5
      d = 0x20328420 0x62408033 0x120e801c 0x00000000 0x08826271 0x562441cc 0x760e8034 0x00000000 
  [2] W = 0x650ef419 0xca3cb23f 0xd314fc42 0xdf0fdb8c
      d = 0x50050041 0x1169f2a5 0x0060830a 0x00000000 0x612d2185 0x089d9866 0x00a0810a 0x00000000 
  [3] W = 0x218c53db 0xd51ba220 0x8aa1a36f 0x674f9d29
      d = 0x16203581 0x89a082e4 0x980ab580 0x00000000 0x0320ca08 0x68910509 0x980a8c80 0x00000000 
  [4] W = 0x305c877a 0xb6c17343 0x8d82bdf7 0x9dba2dc9
      d = 0x460d0c60 0xd718c309 0x40801250 0x00000000 0x04066720 0x10178cc3 0xc0803250 0x00000000 
  ... and 362 more distinct vectors
HW=60: 652 total, 652 distinct vectors
  [0] W = 0xca780265 0x8cac289f 0x3e464440 0x2f09dbc7
      d = 0x811c0407 0x22225b6a 0x08b80001 0x00000000 0x587a2565 0x887189c4 0x09880001 0x00000000 
  [1] W = 0xc4cbbeba 0xd08841b4 0xcf6b108b 0x023ee0f6
      d = 0x84f81c29 0x04e25012 0x6a080103 0x00000000 0x28a3435c 0x30118d8a 0x2a080101 0x00000000 
  [2] W = 0x6b16f638 0x0fe436d0 0xaef03baf 0x993462cd
      d = 0x031889c4 0xa0584c40 0x0d944082 0x00000000 0x0d16a529 0xd082d096 0x028c4082 0x00000000 
  [3] W = 0xb5834d12 0x580d0342 0xf4c2d170 0x737c46c6
      d = 0x09591028 0x20b05261 0x078810c1 0x00000000 0x736a6011 0x019aa71d 0x00881041 0x00000000 
  [4] W = 0xf43c4a44 0xd3ea6b3e 0x4f316b78 0x299510b7
      d = 0x66880269 0x136044e3 0x20684010 0x00000000 0x50bf0853 0x4461706c 0x20284010 0x00000000 
  ... and 647 more distinct vectors
