=== block2 lowhw set: m0=0x24451221 fill=0x55555555 bit=10 max_hw=60 ===
samples: 1000000000  elapsed: 22.83s
min HW seen: 48

HW=48: 1 total, 1 distinct vectors
  [0] W = 0x81b6757d 0xac27acd1 0x6e09a1ef 0x1cb9f255
      d = 0x07870078 0x0e280842 0x40000d02 0x00000000 0x90043902 0x725a0a80 0x40001302 0x00000000 
HW=49: 1 total, 1 distinct vectors
  [0] W = 0x48e7dd29 0xdb163588 0xa940503b 0xcbab5298
      d = 0x14444a9a 0x09609208 0x40000420 0x00000000 0x457481b1 0x179e1200 0x40000420 0x00000000 
HW=50: 3 total, 3 distinct vectors
  [0] W = 0x3dfc26ab 0x9c0a5ddf 0x218b16e7 0x29ad3ecc
      d = 0x10408044 0x83501ad7 0x30002420 0x00000000 0xda032029 0x40c11128 0x70002460 0x00000000 
  [1] W = 0x3a9ad08a 0x71ffb92f 0x5d995202 0x8cfc142e
      d = 0x8a8294ac 0x34201080 0x10084220 0x00000000 0x80d054a4 0x182ae12a 0x10084220 0x00000000 
  [2] W = 0x04fbb759 0x30056471 0x0dea4cb4 0xcbe13fca
      d = 0x00140100 0x492884c1 0x82208039 0x00000000 0x100b5008 0x19d452cb 0x8220800b 0x00000000 
HW=52: 5 total, 5 distinct vectors
  [0] W = 0x55cc1f90 0x11f0e56f 0xa6fd7be1 0x39aabb01
      d = 0xa8c01526 0x81412b40 0x1000620c 0x00000000 0x021a386e 0x86586004 0x10002604 0x00000000 
  [1] W = 0xfffd8484 0xa2c94572 0xc68f4861 0xdfec8ba0
      d = 0x180f7831 0x43b945a4 0x03000840 0x00000000 0x2152910c 0x01562020 0x03000840 0x00000000 
  [2] W = 0x441f78d5 0xcbb427b7 0xa71ee2d6 0x13c7f1f4
      d = 0x863b0528 0x6c04420a 0x88011e02 0x00000000 0x00428410 0x4a16c066 0x88010206 0x00000000 
  [3] W = 0xc1b5a720 0xdf622c88 0xc49f5fd1 0xc3c86403
      d = 0xc6022168 0x8c071085 0xc7000000 0x00000000 0x582f800d 0x41cb06b1 0x41000000 0x00000000 
  [4] W = 0x96d73555 0x7fc8000b 0x86e2a20f 0x86c6409e
      d = 0x2cc8d135 0x00b86e22 0xc0000000 0x00000000 0xb4170172 0x108ea126 0x40000000 0x00000000 
HW=53: 7 total, 7 distinct vectors
  [0] W = 0xe81fb20d 0xd59db962 0x3488cf7a 0x8194a0e9
      d = 0x65591aa4 0x00086d49 0x40680000 0x00000000 0x90024a8d 0x31886d88 0x40680000 0x00000000 
  [1] W = 0x4a747a50 0x62fd012f 0x99c88823 0x915924e5
      d = 0x800258c0 0xba08f304 0x0e220010 0x00000000 0x10e08c22 0x3b038078 0x06620010 0x00000000 
  [2] W = 0x9240ada1 0x796d053b 0xe08b321e 0x5fde9e3a
      d = 0x04002059 0x83703329 0x04021024 0x00000000 0x8401c490 0x031050c6 0x0c3e302c 0x00000000 
  [3] W = 0x68a97fe5 0xadea75af 0x88a36400 0x6041d431
      d = 0x04180640 0x612292e1 0x000fc900 0x00000000 0x480820c8 0x6e40a475 0x000cc900 0x00000000 
  [4] W = 0xd94fbba8 0xe96f3a15 0xcb9e3d63 0x8a79343a
      d = 0x00b8f891 0x12492444 0x41002022 0x00000000 0x06456084 0x41889549 0xc1006022 0x00000000 
  ... and 2 more distinct vectors
HW=54: 9 total, 9 distinct vectors
  [0] W = 0x979f13bb 0xc8e160af 0x7a6aa875 0xc3e7e727
      d = 0x38880632 0x64a0d8a8 0x2c00302c 0x00000000 0x2130cc84 0x23008d02 0x24005024 0x00000000 
  [1] W = 0x89f483c0 0x281d6fc6 0x39584bb4 0x35f4a7c3
      d = 0xc2660120 0xce08c470 0x0094c004 0x00000000 0xeb5d8122 0x01022115 0x008c4004 0x00000000 
  [2] W = 0x037a4183 0x220a80e6 0x30d9444d 0x124de4c5
      d = 0xc010468c 0x128f0812 0x00100002 0x00000000 0x7838c0f0 0x6db710b2 0x00700002 0x00000000 
  [3] W = 0xe06cf079 0xb21e0648 0x2830db43 0x584cff0f
      d = 0x31011938 0x07450300 0x7000a010 0x00000000 0xe40e8053 0x11407551 0x50006070 0x00000000 
  [4] W = 0x0006a9ce 0x72df6971 0x61d1d7a9 0x3fbf9d5b
      d = 0x480210fd 0x35144c12 0xc0020002 0x00000000 0x81e01a05 0x6706ed20 0xc0020002 0x00000000 
  ... and 4 more distinct vectors
HW=55: 22 total, 22 distinct vectors
  [0] W = 0x0a7d5bcc 0x8195e28e 0x8543b1ec 0x9cb74233
      d = 0xc9125822 0x05c7cc71 0x04008008 0x00000000 0x2489a8f0 0x1e012c05 0x04008018 0x00000000 
  [1] W = 0x6685d256 0x4520fa11 0x163c1320 0x1f53788c
      d = 0xcc98a2c0 0xa4ab1420 0x02029400 0x00000000 0x29a48002 0x142c9d3c 0x02029400 0x00000000 
  [2] W = 0xd7039e3f 0x3c41a7fd 0x1f7e77e2 0xe1c9bb43
      d = 0x518f128e 0x000a060a 0x2000a409 0x00000000 0x08d20641 0x36257490 0x2000640b 0x00000000 
  [3] W = 0x1d335b4d 0xbd02cc60 0x75597ac7 0x1a374f27
      d = 0x2aa819b0 0xb54c30a0 0x00000021 0x00000000 0xd3d43225 0x3444b458 0x00000021 0x00000000 
  [4] W = 0x92a9198d 0x8284c961 0x6eb47215 0xfe22efae
      d = 0x8984088b 0xc8080845 0x40802c00 0x00000000 0x22074981 0xd88a2a7a 0xc3801400 0x00000000 
  ... and 17 more distinct vectors
HW=56: 59 total, 59 distinct vectors
  [0] W = 0xec3b55ca 0x56c887eb 0x808d5ad1 0x513a887a
      d = 0x60b18111 0x88031296 0x00e18208 0x00000000 0x2e929002 0x12917527 0x00a08208 0x00000000 
  [1] W = 0xeb027194 0x0324c28c 0xf5d4e9f6 0x75a9ade3
      d = 0xa0832166 0xacc80018 0x1c010080 0x00000000 0x24c96ea9 0xb146e010 0x1c010080 0x00000000 
  [2] W = 0x2d28f18a 0x502ca8c6 0x63b541dc 0xba5a277b
      d = 0x15a24402 0x1c538e81 0xe0200180 0x00000000 0x413a4240 0x601a8a2f 0xa0600280 0x00000000 
  [3] W = 0x0d368e10 0x4268ed2a 0xa67ddb4c 0xbf9eed06
      d = 0xa972a186 0xa3121041 0x00800400 0x00000000 0xb54e2c92 0x470236c3 0x01800400 0x00000000 
  [4] W = 0x37f83801 0x2ff80fdd 0xee74a35c 0x39fcd433
      d = 0x0a721309 0x0f294558 0x48008020 0x00000000 0x80a0880f 0x5019a5c4 0x78008060 0x00000000 
  ... and 54 more distinct vectors
HW=57: 106 total, 106 distinct vectors
  [0] W = 0x89c40872 0x1183cef7 0x63fe41f9 0xd3e7b739
      d = 0x44a29d91 0x68252078 0x0080006a 0x00000000 0x830b6484 0x299e84c0 0x0080006a 0x00000000 
  [1] W = 0x114e2a7b 0x54252f1b 0xc900c8f8 0xd3ebbe17
      d = 0x8d220841 0xc4cc0008 0x040c0004 0x00000000 0xbc7b35a4 0x8926d059 0x041c0004 0x00000000 
  [2] W = 0x2e9ec1a1 0x23f9c474 0x759e702f 0xc8e271a2
      d = 0x482461bf 0x04106011 0x06422060 0x00000000 0xb83ac205 0x1201b601 0x0a4e2020 0x00000000 
  [3] W = 0xb17edce9 0x369afa98 0x50f001fc 0x493a9afb
      d = 0x4c2df072 0x01a318c8 0x08200512 0x00000000 0x1180b008 0x2260f1a2 0x0820050e 0x00000000 
  [4] W = 0x9b5baa38 0x2d877bf6 0x9dc28bca 0x5bce1f77
      d = 0x5400e694 0x2944150c 0x00308089 0x00000000 0x813882cd 0x6881919a 0x00308089 0x00000000 
  ... and 101 more distinct vectors
HW=58: 196 total, 196 distinct vectors
  [0] W = 0xbaa71c71 0x7c0b0c45 0xadf7f204 0x255c203f
      d = 0x4289ee23 0x0d8cdc00 0x08c20800 0x00000000 0x90104335 0x470c0073 0x08c23800 0x00000000 
  [1] W = 0x7d83bfb4 0x44d26b4e 0x3ece5df3 0x5b78ae2b
      d = 0xfa844089 0x401b0059 0x008e1004 0x00000000 0x814e5585 0x0833906e 0x00961004 0x00000000 
  [2] W = 0xee9398f7 0x2c2bf011 0x1716d9a5 0x4861e934
      d = 0x6064a170 0x7a55023c 0xc0240500 0x00000000 0x998e0036 0x96420084 0xc02c0500 0x00000000 
  [3] W = 0x0e594479 0xfc189552 0x38e6e36b 0x75f5d4ee
      d = 0x55482583 0x39005441 0x20410802 0x00000000 0x00b0c494 0x8d668c38 0x20c33802 0x00000000 
  [4] W = 0x45d2af3a 0x16890320 0xeb4e1296 0x0a840518
      d = 0xa1110088 0x06000837 0x8c30138c 0x00000000 0x231910ab 0x05025680 0x9c103594 0x00000000 
  ... and 191 more distinct vectors
HW=59: 363 total, 363 distinct vectors
  [0] W = 0x9872db4c 0xa07c62e1 0xa82acad1 0xdf62df49
      d = 0x288440e3 0x06615405 0x52445010 0x00000000 0x0d182680 0x857e4500 0x564c5010 0x00000000 
  [1] W = 0xf8d8860e 0xeb3f7242 0xab912fd9 0x4323556c
      d = 0x5341106c 0x0c660338 0x40015028 0x00000000 0x1e1000a7 0x81e8a820 0xc006f058 0x00000000 
  [2] W = 0x33c48a5c 0xf364387b 0xf9072b8e 0x92aa5315
      d = 0x480a0226 0x8a58486a 0x40d29816 0x00000000 0xc8a22031 0x9041808c 0xc0d28812 0x00000000 
  [3] W = 0x1a2da9ef 0x4d13d287 0xdf260de6 0xcdc297cb
      d = 0x80cb1394 0x98710219 0x0a802016 0x00000000 0x84c40d20 0x26e103cd 0x05802012 0x00000000 
  [4] W = 0x71dd53d5 0xaf545ec6 0xb51d1c80 0xc72fef06
      d = 0x8a248024 0x242a1117 0x29f208c1 0x00000000 0xa1d00890 0x10212e59 0x2a120841 0x00000000 
  ... and 358 more distinct vectors
HW=60: 673 total, 673 distinct vectors
  [0] W = 0x9e46db9a 0xe3829900 0xa4faeb71 0xcb0240db
      d = 0xe868c122 0x1c0b81e0 0x28a80010 0x00000000 0x42a4401a 0x58d1bd2a 0x28680010 0x00000000 
  [1] W = 0xd51b28db 0xb0020bbb 0xdfd77321 0x07da34f8
      d = 0x4004c000 0x0c03b30b 0x1f811744 0x00000000 0x0004f295 0xc99006a6 0x34811144 0x00000000 
  [2] W = 0x5daa3604 0x763dcd91 0x3e7ec096 0x2be207a0
      d = 0x13048408 0x30d20924 0x490ea031 0x00000000 0xb0300913 0x41111c01 0xd91aa053 0x00000000 
  [3] W = 0x8b2f9996 0x7bb1d698 0x6d3c3309 0x80f1b247
      d = 0x53b809d9 0xf0580071 0x40004060 0x00000000 0xc32059c1 0xa24651e9 0xc0004020 0x00000000 
  [4] W = 0xbe28b657 0xb4a246e6 0x73a1e3f9 0xb40266d6
      d = 0x0d04ec92 0x22315067 0x87020982 0x00000000 0x1ec20652 0x00056007 0x83060882 0x00000000 
  ... and 668 more distinct vectors
