=== block2 lowhw set: m0=0xa896ee41 fill=0xffffffff bit=2 max_hw=60 ===
samples: 1000000000  elapsed: 22.92s
min HW seen: 45

HW=45: 1 total, 1 distinct vectors
  [0] W = 0x91e0726f 0x6a166a99 0x4fe63e5b 0x8d8e53ed
      d = 0xa1262506 0xb0124c02 0x02000004 0x00000000 0x68c1c048 0x5091d405 0x02000004 0x00000000 
HW=50: 1 total, 1 distinct vectors
  [0] W = 0xa160d012 0xd73b79c3 0xb86bfd82 0x3ca0138f
      d = 0x91b4c1c4 0x118ac002 0x00208008 0x00000000 0x21c14c52 0x91b24704 0x00208008 0x00000000 
HW=51: 1 total, 1 distinct vectors
  [0] W = 0x4dcf63e6 0x97cd94df 0x8f9aa8f4 0x8a0cf376
      d = 0x53620150 0x29580143 0x00020220 0x00000000 0x080e433a 0xc0700065 0x003e0620 0x00000000 
HW=52: 1 total, 1 distinct vectors
  [0] W = 0x703b4479 0x0e396c43 0x5592aefb 0x09f4157d
      d = 0xf9982a9f 0x28088120 0xc0420000 0x00000000 0xc0834639 0xa0040211 0x41c60000 0x00000000 
HW=53: 4 total, 4 distinct vectors
  [0] W = 0xb75c3edc 0x2073757f 0x954af031 0xa2da0777
      d = 0x00856a24 0x12010949 0x01400711 0x00000000 0x04e618a1 0x090b5539 0x00c00111 0x00000000 
  [1] W = 0xa13affb3 0x2750fa75 0x3bd6893a 0xb4c63402
      d = 0x8c6002aa 0x04700141 0x0120d004 0x00000000 0x04e0de7b 0x004825c4 0x01605004 0x00000000 
  [2] W = 0x1fdac143 0xb9a2d5fa 0x80a16af4 0x12083d6b
      d = 0x1a224156 0x236a09d0 0x02100080 0x00000000 0xe1d58645 0xe0000a78 0x02100080 0x00000000 
  [3] W = 0x1c953bdc 0xc632234b 0xc93b4ea6 0xbd1404f1
      d = 0x0422aa12 0x02c003cc 0x02043e40 0x00000000 0x03089056 0x2d14004d 0x060c06c0 0x00000000 
HW=54: 17 total, 17 distinct vectors
  [0] W = 0xbc75d623 0xd0871a1b 0x4b481cd9 0x52b00eb0
      d = 0x44020234 0x13e02a28 0x260e0003 0x00000000 0x09120078 0x2190db00 0x2e32000d 0x00000000 
  [1] W = 0xfb0c4cff 0x20e12376 0x9573c711 0x5fa3aaf9
      d = 0xf240f44b 0x31c00d00 0x47000000 0x00000000 0xc6ca69ca 0x22060404 0x5d000000 0x00000000 
  [2] W = 0x58ed5ffd 0x914248f4 0xd3c83f9a 0x5359a567
      d = 0xc8049e0b 0x4016d43e 0x00140800 0x00000000 0xb2628580 0x5014c98a 0x00340800 0x00000000 
  [3] W = 0x2a44662e 0x76bf58ae 0x28f0191b 0x51bef2b2
      d = 0x0c954b04 0x01c4e280 0x40040822 0x00000000 0x0a454d02 0x0093e868 0x401c0862 0x00000000 
  [4] W = 0x6cfc257b 0xe2351b12 0x6bb80c99 0x2f48280c
      d = 0x108e0a00 0x2019826a 0x400020fc 0x00000000 0x6da2c504 0x28a89830 0x4000608c 0x00000000 
  ... and 12 more distinct vectors
HW=55: 25 total, 25 distinct vectors
  [0] W = 0x3211f822 0xafa26ba8 0xb83442a3 0x3c6768f3
      d = 0x41416cd0 0x5820c8c0 0x10034028 0x00000000 0x96455642 0xd0250810 0x70034018 0x00000000 
  [1] W = 0x9f01c504 0x5383cc54 0x6b227350 0x8c445f74
      d = 0x094404c5 0xf0041493 0x380ba000 0x00000000 0x11198710 0x088c2b5c 0x18046000 0x00000000 
  [2] W = 0xad44eb6a 0x351fdcbe 0x1f8704ba 0x1d175d72
      d = 0x626143e5 0x4717ac19 0x8020000c 0x00000000 0x0a014a01 0x1d205510 0x80e00004 0x00000000 
  [3] W = 0x71c9c831 0x51364696 0xa57d86e4 0xa1808ab4
      d = 0x52643801 0x098d402e 0x0000d379 0x00000000 0x81700502 0x4109f082 0x00003309 0x00000000 
  [4] W = 0x9ab6a693 0x82f8d581 0x915f8d05 0x7f1cb23a
      d = 0x22cdba00 0x6453241a 0x20201009 0x00000000 0x141c0810 0xc4de4c90 0x20201009 0x00000000 
  ... and 20 more distinct vectors
HW=56: 62 total, 62 distinct vectors
  [0] W = 0x52159c0c 0xd319f406 0x5eb11b8a 0xc5ccc82a
      d = 0x90b4c268 0x0980c235 0xa0008070 0x00000000 0xc69395a0 0x50046043 0xa0018090 0x00000000 
  [1] W = 0x054b72f2 0x09b5e878 0x23ecf685 0x1abd0b7b
      d = 0x002010c0 0x202a0282 0x26025f30 0x00000000 0x140932d2 0x81115aac 0x26026530 0x00000000 
  [2] W = 0x653e9bc8 0x7ebfdd8b 0x24d11e8c 0xe7133c8c
      d = 0x089fe3a0 0x168c4014 0x000809f5 0x00000000 0x10113687 0x00020a41 0x00081995 0x00000000 
  [3] W = 0x662554c2 0x5b13211c 0xd9276e04 0xa8197a97
      d = 0x30518289 0x926614c0 0xb0081060 0x00000000 0x1a65e200 0x649c1628 0x90081020 0x00000000 
  [4] W = 0xe43fc0d1 0x989836a3 0x57cf2925 0xef91da50
      d = 0x04c2b5c0 0x14e46303 0xc04100a0 0x00000000 0x0b086911 0x1c69a224 0x404100a0 0x00000000 
  ... and 57 more distinct vectors
HW=57: 88 total, 88 distinct vectors
  [0] W = 0x01d550f6 0xd2b36773 0x75f653fd 0x4ebc2b19
      d = 0x84c808c3 0x5008b100 0x449c0287 0x00000000 0x48088008 0x3d12a650 0x4cb40681 0x00000000 
  [1] W = 0xaee64c67 0x8a396592 0x77e5ac37 0x8e068dc6
      d = 0x0280e02f 0x708005f3 0x80700601 0x00000000 0x8ca47192 0x01780213 0x80100a03 0x00000000 
  [2] W = 0xbf2df339 0x2810a01c 0xbe74fcb5 0x1dabc4c4
      d = 0x0044c2c1 0x05420161 0x001c0054 0x00000000 0x429b10db 0xb34471b4 0x0034002c 0x00000000 
  [3] W = 0xc8b08c9a 0xfd57a16b 0x26227f16 0x51d1f536
      d = 0x2c060a48 0xb439f0d1 0x1001b444 0x00000000 0x50406041 0x27080403 0x1001b44c 0x00000000 
  [4] W = 0xbaeff68c 0xc3f4c6f3 0x3e7be7a6 0x136fdac1
      d = 0x01549200 0x08402810 0xcc0087a2 0x00000000 0x05848754 0x94c92e0c 0x440381e2 0x00000000 
  ... and 83 more distinct vectors
HW=58: 178 total, 178 distinct vectors
  [0] W = 0x4e5c62e0 0x82007fe0 0x327b1ade 0x753ebb8e
      d = 0x6c010241 0x130511a4 0x01204129 0x00000000 0xca8056c0 0xc4067500 0x02e041eb 0x00000000 
  [1] W = 0x5dc8e75d 0x654f9e4c 0x464cf4ef 0xc2fe6867
      d = 0xa90f061a 0x10a07e94 0x0520060e 0x00000000 0x2d201c94 0x2080a501 0x05200606 0x00000000 
  [2] W = 0xe29d51cf 0x5c36263d 0x86c882e5 0x44195c4f
      d = 0x010247c8 0x427a604b 0xe8007780 0x00000000 0x69c84400 0x1015c938 0x38001080 0x00000000 
  [3] W = 0x060d7c06 0x9830f0c0 0x433ec954 0xd8948f9e
      d = 0x29629d02 0x7b004800 0x108c1180 0x00000000 0x85c0051c 0xd22bca42 0x108c1180 0x00000000 
  [4] W = 0x73e52057 0x2a1adfa0 0x4c320db7 0xbd1985d5
      d = 0x5d245a61 0xc6281408 0x04041046 0x00000000 0x505042b9 0x50a80015 0x0c0470ca 0x00000000 
  ... and 173 more distinct vectors
HW=59: 346 total, 346 distinct vectors
  [0] W = 0x215a567e 0x1921d534 0x536fda17 0xad80ae21
      d = 0xb0c6c413 0xaa6e13f0 0x212c0000 0x00000000 0xad002008 0x22ac1a1c 0x27240000 0x00000000 
  [1] W = 0x3ecbd729 0xc1f472fe 0xbad9304b 0x06d3da43
      d = 0x48104f89 0x04805934 0xc8f80080 0x00000000 0x24ada070 0x37020a0b 0x39280080 0x00000000 
  [2] W = 0x8105ff42 0xe359a6b4 0x2666e313 0xba9b3c31
      d = 0x05d5b063 0x20058220 0x600c04a0 0x00000000 0x60d91545 0x43190368 0x200c0da0 0x00000000 
  [3] W = 0xbf1d3e26 0x03e7bb0a 0x6456a869 0x9a21c844
      d = 0x8281a523 0x550b4590 0x01060083 0x00000000 0x5431e029 0x68ce380b 0x01020081 0x00000000 
  [4] W = 0x28760499 0xf44f4d8b 0xa23a4df4 0x9b13bef6
      d = 0x34c22d3a 0x9430c0a8 0x010601b0 0x00000000 0xac355186 0x814988c0 0x01020290 0x00000000 
  ... and 341 more distinct vectors
HW=60: 665 total, 665 distinct vectors
  [0] W = 0x75fc4f9a 0x7de1423d 0xe17fd52e 0x609900a3
      d = 0x23106220 0xc18aa0a2 0x1081c224 0x00000000 0xc351874d 0xc300042b 0x1081c624 0x00000000 
  [1] W = 0x4e8b17b9 0xa3f81167 0x9b40902d 0xa1ebe56f
      d = 0x00b32a81 0x834565ce 0x2c00250a 0x00000000 0x10011348 0x40802247 0xec006706 0x00000000 
  [2] W = 0xe66c4be2 0x8d17b12a 0x1d6b5ad3 0xb01138ab
      d = 0x11707548 0x77a06c0f 0x61700000 0x00000000 0x22720495 0x02a15608 0x63300000 0x00000000 
  [3] W = 0x58d7e75e 0x23b2dd40 0x7b46c8ed 0xe93c01c0
      d = 0x40d1e036 0x005a1a80 0x0480ca09 0x00000000 0xb4a08ac0 0x127a0c31 0x04805e09 0x00000000 
  [4] W = 0x7c30f559 0x31e76694 0x7b8489ce 0xbd1aae90
      d = 0x28e80801 0x71312bc8 0xa00008fe 0x00000000 0x3006218e 0xc1004905 0xa00038ae 0x00000000 
  ... and 660 more distinct vectors
