=== block2 lowhw set: m0=0x45b0a5f6 fill=0x00000000 bit=11 max_hw=60 ===
samples: 1000000000  elapsed: 23.03s
min HW seen: 50

HW=50: 2 total, 2 distinct vectors
  [0] W = 0xbcdaa577 0xe6f218ed 0x1812a95a 0xea003706
      d = 0x1451ac43 0x0a269160 0x00018034 0x00000000 0x071430c1 0x324a2121 0x00008014 0x00000000 
  [1] W = 0xcc6e7a5a 0x678242c8 0xd4b1f185 0xbaa5bc65
      d = 0x27105461 0x204808c8 0x0e08401a 0x00000000 0x27a00c06 0xc2020004 0x0a08407a 0x00000000 
HW=51: 2 total, 2 distinct vectors
  [0] W = 0x417d471c 0xda48c9b3 0xaca7c98c 0xe75a0ba7
      d = 0x22105601 0x35006ae1 0x400060f0 0x00000000 0x005e9204 0x2d00903c 0xc0002050 0x00000000 
  [1] W = 0x8137ed85 0xec690b06 0x6c3c1dc2 0x1f016a00
      d = 0x308314d2 0x1d48819e 0x000a0c00 0x00000000 0x20328604 0x44970472 0x000a0400 0x00000000 
HW=52: 1 total, 1 distinct vectors
  [0] W = 0x5a297f8e 0xcec82922 0xb66d9654 0x904594e7
      d = 0xe98c9394 0x40982430 0x10006001 0x00000000 0x07301df2 0x84302014 0x1000a001 0x00000000 
HW=53: 9 total, 9 distinct vectors
  [0] W = 0x535e1ebb 0x81afe91f 0xed0adc79 0x6631405b
      d = 0x8138aad6 0x50028085 0x00589801 0x00000000 0x4930180b 0x1260a048 0x00c89801 0x00000000 
  [1] W = 0x47606cae 0x1444b354 0xc7e03a23 0xd4237451
      d = 0x76740009 0xb00431a0 0x40330e81 0x00000000 0x68024502 0x08c01458 0xc0110181 0x00000000 
  [2] W = 0x44cb3d17 0x4e5058c3 0xec4b5687 0x55e54c8a
      d = 0x16146e55 0x2241018a 0x81004000 0x00000000 0xb027005e 0x80852ab0 0x8700c000 0x00000000 
  [3] W = 0x1d2fe7d7 0xdb7b909d 0x8464e109 0x10fc684b
      d = 0x1205c421 0x0d01068a 0xe0080218 0x00000000 0xa5035e0b 0x4c44e020 0x20080228 0x00000000 
  [4] W = 0x1d34c6ad 0x39c5affd 0x0b7375e0 0xdc27a7e7
      d = 0x31668006 0x10023225 0x10180094 0x00000000 0x2a043a56 0x50896382 0x3008008c 0x00000000 
  ... and 4 more distinct vectors
HW=54: 9 total, 9 distinct vectors
  [0] W = 0x7cbcf425 0xa53c8219 0x9a88ac66 0x6f815764
      d = 0x00883f83 0x24c45400 0x0023a130 0x00000000 0xa4821102 0xa0618a07 0x0022a350 0x00000000 
  [1] W = 0x6bb910d6 0x7ddd74e7 0xbb7e55a7 0x489b2502
      d = 0xb0180626 0xa1c90a40 0x9032004c 0x00000000 0x0202c015 0x41906a03 0x903200d4 0x00000000 
  [2] W = 0x67596912 0x051a89cf 0xd04b381e 0x5e5cd4fa
      d = 0xb45120a2 0x01f063e0 0x00c04902 0x00000000 0x02841024 0xf9740023 0x00404906 0x00000000 
  [3] W = 0xd8cfa45f 0xa4ce1ddd 0x89c44287 0x3300ebed
      d = 0x62903194 0x57524206 0x59000026 0x00000000 0xaa000590 0x13001107 0x4b00003a 0x00000000 
  [4] W = 0xcafa90e8 0x841c4ffb 0xb186084a 0x616171ad
      d = 0x09108788 0x1232820b 0x800d100a 0x00000000 0x11608044 0x8a047013 0x8035303a 0x00000000 
  ... and 4 more distinct vectors
HW=55: 29 total, 29 distinct vectors
  [0] W = 0xd80ae7ed 0x1a17b756 0x735d2428 0x2cd1b744
      d = 0xc71c5b04 0xe1921f81 0x20100203 0x00000000 0x4592b030 0x08890802 0x20300201 0x00000000 
  [1] W = 0xce19b5e2 0xec14bfb0 0x07b2ca61 0x812666de
      d = 0x29005001 0x25a8a26d 0x10081151 0x00000000 0x24862250 0x09d85289 0x10081131 0x00000000 
  [2] W = 0xbee92be4 0xe92923ee 0x67c42dc4 0xade743ba
      d = 0xd0041b15 0x01305c69 0x08400210 0x00000000 0xd8c009a1 0x1e48da04 0x09c00210 0x00000000 
  [3] W = 0x216a1d62 0x3a0bec21 0xb6721326 0x76c38c8d
      d = 0x56508a83 0x64300504 0x00105018 0x00000000 0x41771e26 0xa6a40188 0x00305008 0x00000000 
  [4] W = 0x1e5ddf9a 0x107764ed 0x61bde998 0x4d5e7c3f
      d = 0x0093061c 0x59e0ca50 0x00801030 0x00000000 0xc94111d9 0x56401af2 0x00801010 0x00000000 
  ... and 24 more distinct vectors
HW=56: 62 total, 62 distinct vectors
  [0] W = 0x233cee5a 0x6009d501 0x0f92d2f5 0xec475a73
      d = 0x4261c120 0x2950210f 0x20802002 0x00000000 0xbfbf4300 0x9221248c 0x21802002 0x00000000 
  [1] W = 0xfec9e9f8 0xbd278863 0xc95200b6 0xa1d40694
      d = 0xa529da40 0x0a48b200 0x142060b4 0x00000000 0x0e408800 0x850688ca 0x1420605c 0x00000000 
  [2] W = 0xf8f8d3ef 0xb22d170d 0x095b520b 0x005a7346
      d = 0x9e5220a1 0x93564e40 0x40400008 0x00000000 0x02a4690c 0x4528674f 0x40400008 0x00000000 
  [3] W = 0x1541c4ea 0x964ed284 0xcfd0e5eb 0xbed067fd
      d = 0xa1854415 0x34214922 0x0c006440 0x00000000 0xb0a819e3 0x58908c01 0x0401a440 0x00000000 
  [4] W = 0x7098db92 0x16bf6287 0xa71001f0 0x42e41e87
      d = 0xce408188 0xd4260a10 0x0521c235 0x00000000 0x20861a05 0x841810a0 0x0522420b 0x00000000 
  ... and 57 more distinct vectors
HW=57: 101 total, 101 distinct vectors
  [0] W = 0xf07c3309 0xb5b828e7 0xa4368615 0xea77918f
      d = 0xc2c1a0a9 0xf2e0c0a2 0x200d8208 0x00000000 0x6200324a 0x84620004 0x20338238 0x00000000 
  [1] W = 0xc858abf3 0x79f20960 0x231cb4ef 0x05a0cbcf
      d = 0x0b7088c5 0x2ac2136b 0x03000402 0x00000000 0x91b7c802 0xb48600a1 0x01000c02 0x00000000 
  [2] W = 0x29623c32 0xb26d2340 0xd6a02002 0x86a12312
      d = 0xc3a04c41 0x51c65200 0x051002b0 0x00000000 0x9c0f0914 0x8184e948 0x05100290 0x00000000 
  [3] W = 0x28491bc4 0x6d0255dc 0xd0810600 0xf86eba20
      d = 0xa4039f1e 0x12390648 0xc0001804 0x00000000 0x054b95c0 0x62230549 0xc0000804 0x00000000 
  [4] W = 0xa3379583 0x617c7540 0x155457ea 0x6a825ffe
      d = 0x05b08310 0x77502802 0x82103181 0x00000000 0x702822d1 0x152a4028 0x86103281 0x00000000 
  ... and 96 more distinct vectors
HW=58: 184 total, 184 distinct vectors
  [0] W = 0x8af0db6a 0xa227a724 0x8ea284e5 0x19f734ba
      d = 0xe0194424 0x49961248 0x00148e00 0x00000000 0x51632b20 0x24e50f14 0x000c9600 0x00000000 
  [1] W = 0xda1def9f 0x9a29b168 0x2c980a2a 0x9676c444
      d = 0x59040b0b 0x60418220 0x40a40228 0x00000000 0xbe802a00 0x10bd2380 0x3f640218 0x00000000 
  [2] W = 0x3179bf91 0xd7f80654 0x316f546d 0xa7b1aa1c
      d = 0x0e00e152 0xc1230e00 0x20003848 0x00000000 0x44f04062 0x8a85c4a7 0x6001d848 0x00000000 
  [3] W = 0x90ba4c19 0xfe191025 0x5fa61b4b 0x052990ac
      d = 0x14e1d001 0x42592304 0x44400220 0x00000000 0xaa81ee60 0x4610814d 0xc5c00620 0x00000000 
  [4] W = 0x272facb0 0x8581786c 0xfb19086a 0x98908960
      d = 0x4c041003 0x815c5110 0x8002d548 0x00000000 0x8a8a4862 0x023300bc 0x80013b78 0x00000000 
  ... and 179 more distinct vectors
HW=59: 334 total, 334 distinct vectors
  [0] W = 0x15250088 0x13bf1852 0xe6112108 0x84384210
      d = 0x090b0e51 0x8013513a 0xd20a4c00 0x00000000 0x1485c003 0x8a5b3500 0x52064400 0x00000000 
  [1] W = 0xd6cfab19 0x563fc32f 0x6514f442 0x8805f80c
      d = 0x3a801211 0x1161a6b4 0x03501e80 0x00000000 0xf0620000 0x8589a6e1 0x05301280 0x00000000 
  [2] W = 0x8e1fd084 0xf5e23ae3 0xe57e743c 0x54c5d9c0
      d = 0x1c00f731 0x8899a038 0x48808408 0x00000000 0x21548840 0xb10d680c 0x49808438 0x00000000 
  [3] W = 0xf672bc3f 0x9f549465 0xb6de63a9 0x2fc4a17c
      d = 0x830a7107 0x2c2a0324 0x00912040 0x00000000 0x0ea882e4 0x52c46701 0x009f2040 0x00000000 
  [4] W = 0xb003d9d0 0xac0e35cc 0x3c479277 0x0f2bbb13
      d = 0xc420b278 0x501288c3 0xa8400000 0x00000000 0xac4503ac 0xf2c13aa2 0xb8400000 0x00000000 
  ... and 329 more distinct vectors
HW=60: 623 total, 623 distinct vectors
  [0] W = 0x7a9228dc 0xcebf5418 0xa3b486c6 0x5ee7b170
      d = 0xe4a2846f 0x08823692 0x000207d8 0x00000000 0xc30800e6 0x0b2c1630 0x00020a38 0x00000000 
  [1] W = 0x8be1d7a2 0x93ac2a28 0xcbcd0adc 0x38414d77
      d = 0xe9c22d90 0x0286224d 0x07189003 0x00000000 0x209004c2 0x27074d0c 0x0109b001 0x00000000 
  [2] W = 0x045ed85c 0x35f3c936 0xd670c4dc 0x138f5689
      d = 0x58029a00 0x19c9c00f 0xc2404030 0x00000000 0x4307c8ae 0x28448304 0x43c041d0 0x00000000 
  [3] W = 0x288ef326 0x2ba34233 0x3f457be1 0x971b6c5d
      d = 0x908a8dc1 0xc19940b8 0x02005ca0 0x00000000 0x00542823 0xe5341606 0x02007c60 0x00000000 
  [4] W = 0x1e8934cb 0x3a1950a3 0x11aa2c05 0xd17e6410
      d = 0xf2ab3005 0x69f904d0 0x802001c2 0x00000000 0x77744804 0x496008a0 0x80200142 0x00000000 
  ... and 618 more distinct vectors
