=== block2 lowhw set: m0=0xa22dc6c7 fill=0xffffffff bit=31 max_hw=60 ===
samples: 1000000000  elapsed: 22.93s
min HW seen: 48

HW=48: 1 total, 1 distinct vectors
  [0] W = 0xf40af50f 0xffc34b1a 0x42a8490a 0x3aacb50e
      d = 0x8006a121 0x20118008 0x81100002 0x00000000 0xaed0211b 0xc0d28782 0x83100002 0x00000000 
HW=51: 1 total, 1 distinct vectors
  [0] W = 0x1d94d0da 0x7675b0bd 0xcc2c610c 0x41b5e04a
      d = 0x2027080c 0x300a9281 0x43082009 0x00000000 0x80200818 0x42364a37 0x4308200b 0x00000000 
HW=52: 4 total, 4 distinct vectors
  [0] W = 0xe07657ce 0x7b7fd3a9 0xa05cd6ac 0x6ba036e8
      d = 0x1fb605d8 0x80001912 0x8c030020 0x00000000 0x3207200c 0x62046916 0x84010020 0x00000000 
  [1] W = 0xd3aca273 0xbbbed1c2 0x51528121 0x2fa292da
      d = 0x0027c5d0 0x4408211c 0x4c018808 0x00000000 0x43020452 0x131ab446 0x44008808 0x00000000 
  [2] W = 0xc78b8ddc 0x703a8e44 0x1fb1c91d 0xf4dd30d4
      d = 0x649251b0 0x70524818 0x00411000 0x00000000 0xb1106273 0x34219e01 0x00411000 0x00000000 
  [3] W = 0x42b99139 0x634fa7b6 0x609ca12a 0x638af5b6
      d = 0x097062a1 0x12f00030 0x80100930 0x00000000 0x4cd43608 0x680d4024 0x80100b10 0x00000000 
HW=53: 4 total, 4 distinct vectors
  [0] W = 0x24e2513e 0xb6716ddc 0xe29ea719 0xf9ce18c7
      d = 0x0a094083 0x088d05a2 0x04000921 0x00000000 0x81284ee1 0x0088a25b 0x1c000961 0x00000000 
  [1] W = 0xc54f1b36 0xe310cc62 0xa902d4ac 0x81728187
      d = 0x40024a20 0x100c1e83 0x0c000c20 0x00000000 0xc01548a2 0x8ac49ebb 0x04000c60 0x00000000 
  [2] W = 0x72f72d42 0x7cbbfb4d 0x79990e24 0x53e9e34a
      d = 0x0a1e188b 0x02228803 0x00815076 0x00000000 0x1384188f 0x01b00022 0x0081501a 0x00000000 
  [3] W = 0x7ea9871d 0x870a0738 0x3a41fd0e 0xb9e7c03e
      d = 0x843a4114 0x023482d9 0x0000c040 0x00000000 0x08911367 0x00d553a1 0x000043c0 0x00000000 
HW=54: 11 total, 11 distinct vectors
  [0] W = 0x23c7a629 0x375f58a8 0x550ce72d 0xf4cd58f9
      d = 0x02124812 0xc025b109 0x00007140 0x00000000 0x616c80da 0x49e135a6 0x00001140 0x00000000 
  [1] W = 0x160bc23b 0xa7de36bd 0x403d6119 0x6fd8d5d6
      d = 0x95349228 0xe28d5430 0x84200080 0x00000000 0x2114c1cc 0x00b348c0 0x84600080 0x00000000 
  [2] W = 0x9b275f03 0x6827eb60 0x3c3f9965 0x2d78836c
      d = 0x0e984067 0x0284800d 0x40032020 0x00000000 0x58a460e0 0x140e3b36 0x40016020 0x00000000 
  [3] W = 0x552c4988 0x5fb9d746 0xcf75982e 0xf27ca4d6
      d = 0x33c68800 0x0a05d048 0x4403c040 0x00000000 0x94414cd4 0x4e004116 0xc4034040 0x00000000 
  [4] W = 0xc297df69 0x16269954 0x64830192 0x92993a8a
      d = 0x6438cc69 0x0a1c0610 0xc00001c0 0x00000000 0x6223a0af 0xb02d00c0 0x400001c0 0x00000000 
  ... and 6 more distinct vectors
HW=55: 28 total, 28 distinct vectors
  [0] W = 0xa5c0f00b 0xc3f8708b 0x70c7b99f 0x797756c5
      d = 0x213c1790 0x10438218 0xc0000805 0x00000000 0xe6c3b0e0 0x20409f15 0x40000805 0x00000000 
  [1] W = 0xf5ee1ea3 0xf176d27e 0x4c19fba2 0x1eddc094
      d = 0x1c84a030 0x16d06900 0x103c0700 0x00000000 0x063010b8 0x36032420 0x30c43b00 0x00000000 
  [2] W = 0x67717ed5 0x5dd4aa80 0xd81d1682 0x23601764
      d = 0x00026073 0x00278128 0x17044209 0x00000000 0x8ca36004 0x51641854 0x130c4209 0x00000000 
  [3] W = 0x60997b05 0xb0c663d9 0xeb12cd67 0xe570f338
      d = 0x40b18c20 0x05717dc0 0xc2002000 0x00000000 0xf808f042 0x2d115a49 0x42002000 0x00000000 
  [4] W = 0x72aae54d 0xee691bcc 0x6f0f55c4 0x334574ff
      d = 0xd0170a6d 0x0084a500 0x04803100 0x00000000 0xc2440982 0x8da0aa71 0x04803700 0x00000000 
  ... and 23 more distinct vectors
HW=56: 52 total, 52 distinct vectors
  [0] W = 0xb6e52a0b 0x672c38f9 0xe65e74e0 0x308e70a1
      d = 0x48c01134 0x84784802 0x21022070 0x00000000 0x2b603349 0x818808ef 0x21022050 0x00000000 
  [1] W = 0x69a9f2ca 0xa9e3bf72 0x1fbf9ef4 0x604c7044
      d = 0x00314502 0x72448623 0x0224838c 0x00000000 0x8180c801 0x78688062 0x022d828c 0x00000000 
  [2] W = 0x02ac6c15 0x6afffbc2 0x2579d121 0xf4e22f6f
      d = 0x0b813c30 0x0c9ca895 0x24100606 0x00000000 0x91260846 0x59908400 0x24300a02 0x00000000 
  [3] W = 0xfc19f70d 0x9dfef851 0x1c6bdc4b 0x9bb378fa
      d = 0xd2939284 0x89520410 0x40000084 0x00000000 0x25600a03 0x4cbe1695 0xc0000784 0x00000000 
  [4] W = 0x1f822bf9 0x0559f667 0x49347e0d 0x18421397
      d = 0xa60926a5 0x820d6838 0x00290400 0x00000000 0x2863c6f2 0x0602ac80 0x00290c00 0x00000000 
  ... and 47 more distinct vectors
HW=57: 92 total, 92 distinct vectors
  [0] W = 0xc368cb3e 0x9be3a119 0x17de29d9 0x8e4975cb
      d = 0x18041005 0xc4b44706 0xc008d1b0 0x00000000 0x348c448a 0x020a7810 0xc00851b0 0x00000000 
  [1] W = 0x43645f0c 0xd832d28e 0xce09245f 0xbad492de
      d = 0x886003e1 0xa4040608 0x006a4110 0x00000000 0xa1a2000f 0x42aed101 0x0066c730 0x00000000 
  [2] W = 0xb61b4c37 0x2c25bcd9 0xec64f1c6 0x39dd15e8
      d = 0x16123902 0x02a08c81 0x9c7c0041 0x00000000 0x093c01a4 0x0b896800 0x94340043 0x00000000 
  [3] W = 0x77429b24 0xa0e72fd7 0xe6a04679 0x238d388e
      d = 0x73604016 0x51915505 0x108000c6 0x00000000 0xc3862096 0x42833168 0x11800042 0x00000000 
  [4] W = 0x7e836c37 0x73b53315 0x6f28c63e 0x8a0884e9
      d = 0x217b3026 0xaec088db 0x020000a4 0x00000000 0x00015fd4 0x4ca10804 0x020003a4 0x00000000 
  ... and 87 more distinct vectors
HW=58: 184 total, 184 distinct vectors
  [0] W = 0xe24e17b4 0x37a87ae8 0x2659b4d2 0x08bc6ad3
      d = 0x40e04070 0x116862b7 0x09922088 0x00000000 0xe0600103 0xc1128122 0x0bf22088 0x00000000 
  [1] W = 0xda2457ae 0x4ae64706 0xc2de06a5 0x435e53a0
      d = 0xa10806c8 0x882aa802 0x0d087b03 0x00000000 0x3060a0c3 0x82a860aa 0x05080b01 0x00000000 
  [2] W = 0x01fcb8a0 0x4bf68954 0xc154c37a 0x7e4e5307
      d = 0xa2a10062 0xc32c2021 0x0420c9c4 0x00000000 0xa30811c4 0x8309e246 0x0c203844 0x00000000 
  [3] W = 0xd2f004f5 0x9fb77582 0x51e6ad21 0x0c1b2f00
      d = 0x43920290 0x519f41f8 0x81440001 0x00000000 0x2204ae35 0x002a5403 0x8f440001 0x00000000 
  [4] W = 0xef585f6f 0x720c6b95 0x10a8316a 0xc62a3f28
      d = 0x0a1a10d8 0xf4020521 0x52004031 0x00000000 0x90239321 0x20188593 0xd600c031 0x00000000 
  ... and 179 more distinct vectors
HW=59: 373 total, 373 distinct vectors
  [0] W = 0x4914ef70 0x4baa24ad 0xe8cfe572 0x98544702
      d = 0x0ea4270f 0x48402000 0xc041a140 0x00000000 0xa4163127 0x0431e79c 0x4040a140 0x00000000 
  [1] W = 0x6392202c 0xd561cf07 0x7caa71a7 0x614f95e8
      d = 0x03508189 0x548e07a4 0x80d90004 0x00000000 0x0d802a5e 0x184170f2 0x804b0004 0x00000000 
  [2] W = 0xfd832717 0xb550ff47 0xfdb1097b 0x4f5ee1b4
      d = 0x40b94187 0x27c80100 0x019d92e0 0x00000000 0x00e0004a 0x80246476 0x009496e0 0x00000000 
  [3] W = 0xcb0fe0f7 0xd532749f 0xef9af0af 0x80664568
      d = 0x0c067180 0xb4290421 0x0811be1a 0x00000000 0xe4044038 0x902ea900 0x18318206 0x00000000 
  [4] W = 0x1d509f6b 0xd902fe95 0x5cd3a25d 0x3b9ad431
      d = 0xe100c2cc 0x43e50939 0xa3000904 0x00000000 0x5a0c3805 0x00260838 0x63000b0c 0x00000000 
  ... and 368 more distinct vectors
HW=60: 593 total, 593 distinct vectors
  [0] W = 0xa5e99413 0x7a1c4b66 0x9d6ea91e 0x41e4ea38
      d = 0xc850d602 0xc2800701 0x8000a0f9 0x00000000 0xb48224c8 0xa0c1cae5 0x8000a119 0x00000000 
  [1] W = 0xbd383dbb 0xeb6f1f7c 0x1893fcbc 0x878da8fe
      d = 0x04185416 0xf20ec078 0x202400d3 0x00000000 0x700a4f68 0x29800783 0x20240051 0x00000000 
  [2] W = 0x0250bc86 0xadcebaa6 0x29d2ba8b 0xaeff5c8a
      d = 0x4a06c374 0x8c461046 0xf0101006 0x00000000 0x2d538124 0x00a88719 0x7010100a 0x00000000 
  [3] W = 0x1a4766ab 0x24ddc1a2 0x01d03516 0xe92c234f
      d = 0x110f5033 0x4054340d 0x9002010f 0x00000000 0x2084ad94 0x1cb21a04 0x9006010b 0x00000000 
  [4] W = 0x2aec0930 0xd281c675 0xa3ad7912 0x9d68d5f5
      d = 0x98311240 0xb03195f0 0x6d000830 0x00000000 0x02604850 0xb1317168 0x6f000810 0x00000000 
  ... and 588 more distinct vectors
