=== block2 lowhw set: m0=0x8299b36f fill=0x80000000 bit=0 max_hw=60 ===
samples: 1000000000  elapsed: 22.77s
min HW seen: 48

HW=48: 1 total, 1 distinct vectors
  [0] W = 0xc90661eb 0xa25b6db6 0x32548240 0xe186ba8e
      d = 0x1890ca0d 0x40422382 0x80c0480c 0x00000000 0x95044421 0x210a4480 0x80c04804 0x00000000 
HW=49: 1 total, 1 distinct vectors
  [0] W = 0xb873e463 0x5b03259c 0xc9a7f2c4 0xc8124e5b
      d = 0xa40784b1 0x838dc144 0xc0040000 0x00000000 0x10c40a00 0x209ac5e4 0xc0040000 0x00000000 
HW=51: 3 total, 3 distinct vectors
  [0] W = 0x67a36c34 0x4e98cde6 0xb3a0e8f4 0x7979cacb
      d = 0x14fc2818 0x40824850 0x01081400 0x00000000 0x04885164 0xc08c3f14 0x01086c00 0x00000000 
  [1] W = 0xbd83b19c 0xbdbadcc4 0x2267d575 0xc1ea3b31
      d = 0x12b488a2 0xa08501c0 0x31000940 0x00000000 0x1118c388 0x90238834 0x510008c0 0x00000000 
  [2] W = 0xe25d55cc 0x547ac67e 0x9a1504a4 0x6ab2a564
      d = 0x06890221 0x10d0a02a 0x27210300 0x00000000 0x402c0141 0xe2111942 0x21630300 0x00000000 
HW=52: 1 total, 1 distinct vectors
  [0] W = 0xce63977f 0x2d090e19 0x958f27fc 0x5f6377c4
      d = 0x31a04700 0x45310c05 0x2a5c0100 0x00000000 0x82117086 0xa6054204 0x16440100 0x00000000 
HW=53: 3 total, 3 distinct vectors
  [0] W = 0xfe445fb9 0xc3dbe960 0x6001757b 0x9b6877ac
      d = 0x38610e40 0x100839d8 0xc00200c0 0x00000000 0x96849489 0x460cc678 0x40020040 0x00000000 
  [1] W = 0xa57077d4 0xdadee031 0xddc0a8fd 0xd332fed2
      d = 0xd7070a08 0x0a323764 0x61800038 0x00000000 0x22904c20 0x4210088c 0xa3800008 0x00000000 
  [2] W = 0x46378808 0x51eca1f3 0x7f86c05a 0x5637a01c
      d = 0xa9206c26 0x50b0e5a6 0x82000e20 0x00000000 0x00083250 0x81044406 0x860009e0 0x00000000 
HW=54: 17 total, 17 distinct vectors
  [0] W = 0xa186e198 0xcb0e3702 0xb0204f55 0x809cc5b0
      d = 0x910e1c02 0x2102c84a 0x400d00c2 0x00000000 0x510f26d8 0x030d1040 0xc00b0042 0x00000000 
  [1] W = 0x65a8ddfe 0xbcf37c55 0xbc4f08c9 0xf796ca22
      d = 0x02544a81 0x0218449d 0x02000518 0x00000000 0x0149611c 0x74743c59 0x02000508 0x00000000 
  [2] W = 0x92bfe371 0xb4ef7739 0x1b073d9d 0x6a289b27
      d = 0x9c90040c 0xad586920 0x003a0800 0x00000000 0x61410b22 0x05533290 0x00463800 0x00000000 
  [3] W = 0x82b2d0e9 0xcd5c0b7e 0xca4e4187 0x4daab7b8
      d = 0x683d0683 0x02413507 0x8350a005 0x00000000 0x04802440 0x61189280 0x8150a005 0x00000000 
  [4] W = 0xd09d526b 0x20d1ef63 0xba8dbe5d 0xa585073e
      d = 0x0a094a02 0x84de6cb0 0x07060040 0x00000000 0x04040c0e 0x862ab5c4 0x01060040 0x00000000 
  ... and 12 more distinct vectors
HW=55: 27 total, 27 distinct vectors
  [0] W = 0xee22d661 0x293b2ed6 0xd0d8dc66 0xa1db404c
      d = 0x315589a0 0x2a106046 0x18988080 0x00000000 0xb240a834 0x01458540 0x08a98180 0x00000000 
  [1] W = 0x6fce9d91 0x33e0964f 0x0405bdbb 0xc5e20822
      d = 0xc00f082a 0xc30c4b00 0x840006dd 0x00000000 0x94400000 0x92050e9c 0x84000aa7 0x00000000 
  [2] W = 0x4ded06f1 0x4b595d68 0x7e79cf52 0xb5e63ffb
      d = 0xc84201e2 0x2c04ab04 0x0c040010 0x00000000 0x0dc24592 0x1286c8e8 0x140c0070 0x00000000 
  [3] W = 0xb9c1ca83 0x92acb3ab 0x9fe3e927 0xba2870c4
      d = 0x02feb259 0x86fc0280 0x440401c0 0x00000000 0x006c772c 0x80302000 0x440c0040 0x00000000 
  [4] W = 0x76420994 0xd962d7ac 0xf175da87 0x0e86ed35
      d = 0x000461bd 0xa2321002 0x0204a00f 0x00000000 0xa0705051 0x10348c72 0x0205a015 0x00000000 
  ... and 22 more distinct vectors
HW=56: 46 total, 46 distinct vectors
  [0] W = 0x03f8dd93 0x111c8776 0xbfb2f66f 0xce93bcd0
      d = 0x2018bf82 0xe0086089 0x02041200 0x00000000 0xb136d820 0x2142c5e3 0x02043200 0x00000000 
  [1] W = 0xd005ab32 0xc918e9e3 0x50b89dd1 0x23511650
      d = 0x0d6ba10a 0x24010354 0x0a041201 0x00000000 0x084046f5 0x274050c4 0x0a0c3201 0x00000000 
  [2] W = 0x7eb7fbe8 0xb89ddaad 0x7ac71269 0x89c5bbac
      d = 0xce27a2cd 0x9c209440 0x00206901 0x00000000 0x550800a0 0x1b848484 0x0020d901 0x00000000 
  [3] W = 0x46cc0a54 0x375bdb77 0xca96b0cd 0x8d6ccfca
      d = 0x2c4e8056 0x11d742a3 0x40003800 0x00000000 0x889029c2 0x011ae962 0xc0001800 0x00000000 
  [4] W = 0xbaab05c4 0x986ef16d 0x8e2d3bcc 0x03c143a6
      d = 0x53194315 0x40412cd3 0x00c24000 0x00000000 0x24b103d3 0x481c4262 0x03424000 0x00000000 
  ... and 41 more distinct vectors
HW=57: 89 total, 89 distinct vectors
  [0] W = 0x65a24e46 0xa1399613 0xec8c422e 0xfdffb90a
      d = 0x14109581 0x02954b02 0x40188622 0x00000000 0xb0018441 0xc27030cc 0xc0098266 0x00000000 
  [1] W = 0xccb42446 0x4fa4cb58 0x0f3ba7df 0x03cf3ddf
      d = 0x9c890488 0x8ba2812a 0xce001000 0x00000000 0xc80d7d02 0x30a046b2 0x4e001000 0x00000000 
  [2] W = 0xaaac735f 0xbc37a6bc 0x54e05b4c 0xaeb76588
      d = 0x5010b585 0x10160461 0xc80300a4 0x00000000 0x0b28d012 0x23f41154 0x58010064 0x00000000 
  [3] W = 0x55942f92 0xdca6f381 0x580c8faa 0xf6ccc196
      d = 0x0c809c09 0x08a65406 0x0602e00a 0x00000000 0xbaad5420 0x91d31401 0x0202200a 0x00000000 
  [4] W = 0xcc820b7f 0x30581ca9 0x4a698caf 0x04767b71
      d = 0x10036296 0x71f96103 0x0800d264 0x00000000 0x1140080a 0x89508728 0x0800d224 0x00000000 
  ... and 84 more distinct vectors
HW=58: 176 total, 176 distinct vectors
  [0] W = 0xc4d74ba8 0x99e9f259 0x53f2b088 0xb995fd59
      d = 0x2e0a4485 0x693a0870 0x40600400 0x00000000 0xa1943e25 0x0b100b73 0x40600c00 0x00000000 
  [1] W = 0x7ab8f23b 0xfb0ba8c4 0x4c7e966d 0x48dc5fb4
      d = 0x11cc6418 0x82526023 0x000080c3 0x00000000 0x6903cb9c 0x4bc49451 0x000080c1 0x00000000 
  [2] W = 0x3839273f 0x8707e350 0x16d60226 0x04c7848f
      d = 0x43052770 0x27c232b0 0x84408003 0x00000000 0x2a98906c 0xca024286 0x84408001 0x00000000 
  [3] W = 0xead9b4b7 0x55a86890 0x4ff2dd6d 0x9fb19f02
      d = 0x8a960921 0x0caa8548 0x83124400 0x00000000 0x80858e03 0x4c58c0d6 0x81124400 0x00000000 
  [4] W = 0x31a7d5b4 0xa93737bc 0xb7d29bdc 0x71845888
      d = 0x8c0244cc 0x385094a1 0x80220884 0x00000000 0x1f6d018a 0xa4481e0c 0x80220884 0x00000000 
  ... and 171 more distinct vectors
HW=59: 364 total, 364 distinct vectors
  [0] W = 0x23c14226 0x7b357b64 0x5f6bb848 0x24372359
      d = 0x05497240 0x6e21ba1c 0x9800068e 0x00000000 0x56786000 0x08018e49 0x88000292 0x00000000 
  [1] W = 0x63bec57a 0xd92ac6b2 0xbe640fcc 0xcc2f9042
      d = 0xd150b020 0x31cd95cc 0x0a308100 0x00000000 0x35cc8844 0x516c2420 0x0a108100 0x00000000 
  [2] W = 0xe0f5b124 0x8cf253cc 0x17fda1a9 0xdad2d9ed
      d = 0x0bc88649 0x11388020 0x000d780a 0x00000000 0x600504d7 0xa480724b 0x000f080e 0x00000000 
  [3] W = 0xaaa176ce 0x0b666ab2 0x00397cea 0xdb214c38
      d = 0x11248138 0x0d134864 0x01ee0040 0x00000000 0x030ca093 0x71c0c98b 0x01d200c0 0x00000000 
  [4] W = 0xfea05ce8 0x5299e8b6 0x9e6cf151 0x089cff32
      d = 0x623ddd20 0xd04a58a6 0x00880408 0x00000000 0xc68c6210 0x5045c262 0x00880418 0x00000000 
  ... and 359 more distinct vectors
HW=60: 646 total, 646 distinct vectors
  [0] W = 0x37d7bed1 0xc1b22437 0x23a4530d 0x91715a0f
      d = 0x08cd2446 0x41364242 0x1801910c 0x00000000 0x0b180524 0x61715293 0x1801910c 0x00000000 
  [1] W = 0x07b905ff 0xc7d839fc 0xdc1ce86f 0x63343407
      d = 0x311f0160 0x1b0e2591 0xa00c08c0 0x00000000 0x481039d6 0x01656401 0x600c18c0 0x00000000 
  [2] W = 0x0bf7333c 0x5f887b74 0x4c3cb3e7 0x9247e627
      d = 0x7cd283aa 0x24d02862 0x0070f200 0x00000000 0xba118250 0x08178b24 0x00101600 0x00000000 
  [3] W = 0x3fcbb7f1 0x6f83de0b 0x9c14316a 0x5d16f2b6
      d = 0x500ae23f 0x00c40e58 0x91040e00 0x00000000 0xe3038934 0x44b09684 0x91041200 0x00000000 
  [4] W = 0x53d96477 0x95a0c05c 0x38cbd7a9 0x05e40076
      d = 0xc0b01210 0x82d98093 0x0050b406 0x00000000 0xc0e99100 0xa0d71c28 0x01d08c06 0x00000000 
  ... and 641 more distinct vectors
