=== block2 lowhw set: m0=0x347b0144 fill=0x00000000 bit=18 max_hw=60 ===
samples: 1000000000  elapsed: 22.94s
min HW seen: 50

HW=50: 2 total, 2 distinct vectors
  [0] W = 0xa0c2f3ee 0x2956da91 0xb294f1f3 0xb9fa7366
      d = 0x34142263 0x64006901 0x00418018 0x00000000 0x88988210 0xe2513710 0x00408038 0x00000000 
  [1] W = 0xb3c775aa 0xf3317973 0x5ff198fc 0xf12bffeb
      d = 0x8142515d 0x03448a2a 0x01c00025 0x00000000 0x40aac20c 0x40871005 0x00400025 0x00000000 
HW=51: 2 total, 2 distinct vectors
  [0] W = 0x7d971327 0x6184271e 0x4995200d 0x5f0a2e27
      d = 0xc0c64827 0x01306805 0x03021601 0x00000000 0x020c0690 0x08a2f088 0x07021201 0x00000000 
  [1] W = 0xd72e9f51 0x9c531b53 0x18199d2f 0x5c3176d1
      d = 0x09110625 0x1c60280d 0x00000256 0x00000000 0x69009d62 0x93494090 0x00000272 0x00000000 
HW=52: 2 total, 2 distinct vectors
  [0] W = 0xff13489f 0x561c907f 0x46715cb6 0xd112e2e5
      d = 0x58181004 0x60a0c596 0x00044000 0x00000000 0xd018c9a5 0xd0af9c70 0x00044000 0x00000000 
  [1] W = 0xebc5d471 0x78304654 0x6fa53b09 0xd04b920b
      d = 0x5088638a 0x3698a602 0x00081002 0x00000000 0x0205a13b 0x2941a640 0x0008100e 0x00000000 
HW=53: 12 total, 12 distinct vectors
  [0] W = 0xb9a13b34 0x46397eb7 0x541ae240 0x020e2b49
      d = 0x2ca090c8 0x8494fda8 0x00310800 0x00000000 0x22424231 0x0798a920 0x00310800 0x00000000 
  [1] W = 0x99cfaa99 0xff0b2637 0xe27cf1f1 0xf41f15d0
      d = 0x1498e321 0xac022063 0x01984004 0x00000000 0x90aa8142 0xc2502522 0x00684004 0x00000000 
  [2] W = 0x99b1d9ad 0xf201350f 0x40b754bf 0xee3cd44f
      d = 0x118a1008 0x04804911 0x8404004e 0x00000000 0x1c8a4235 0x10ccf13a 0x84040046 0x00000000 
  [3] W = 0x1c30fd11 0x71c947d8 0x7f7f0361 0x7d7ef1e8
      d = 0x500a1430 0xa9405420 0x0e402837 0x00000000 0x47084498 0x21482006 0x0e401811 0x00000000 
  [4] W = 0x776035dd 0x4aae0b30 0xf2c19454 0xc925fa51
      d = 0x8e8838c1 0x89c00080 0x00550140 0x00000000 0x55960cc2 0x64104219 0x005501c0 0x00000000 
  ... and 7 more distinct vectors
HW=54: 19 total, 19 distinct vectors
  [0] W = 0x8e20b3be 0x92b0cd35 0xe9d33f7e 0x49abb460
      d = 0x595b4081 0x8142a220 0xd0490418 0x00000000 0x41548211 0xc04c0221 0xd0490408 0x00000000 
  [1] W = 0x6b516f1a 0x90f38423 0xee851718 0xc0a0144b
      d = 0x855c6805 0x0986f128 0x0e000104 0x00000000 0x0e856858 0x00221261 0x0a00011c 0x00000000 
  [2] W = 0xb3b5db91 0x103801b2 0x11c77f15 0x3a91a0e7
      d = 0x92129177 0x2af18d10 0x00200500 0x00000000 0x2269822a 0x81c28550 0x00200300 0x00000000 
  [3] W = 0x01487fe7 0xd8278f1d 0x1143441f 0x41d3871f
      d = 0x58060894 0x48581852 0x00c02090 0x00000000 0x20e3057f 0xc46e1180 0x00402090 0x00000000 
  [4] W = 0xd3d099ec 0xdd424ada 0x17315a16 0xb20301cf
      d = 0x23512be2 0xc04121c8 0x00802013 0x00000000 0x6b600456 0x00b88055 0x00802031 0x00000000 
  ... and 14 more distinct vectors
HW=55: 24 total, 24 distinct vectors
  [0] W = 0xe93aea98 0x395fa52c 0x72b239f1 0x840c65d7
      d = 0x200002c0 0x3428157d 0x16410045 0x00000000 0x4a923c08 0x0000b6c0 0x11c3005d 0x00000000 
  [1] W = 0xf7c31e0a 0x1440956b 0xdb5335bd 0x017da2af
      d = 0x02822a00 0x824a2848 0x0422710e 0x00000000 0x435bb830 0x01494408 0x04e2110a 0x00000000 
  [2] W = 0x6621bbf7 0x7ab11858 0x6efca425 0xb5775a39
      d = 0xd50e022a 0x0a8faad4 0x004100e4 0x00000000 0x00331000 0x0a889940 0x00c10364 0x00000000 
  [3] W = 0x36bd91d1 0x147981d2 0xac39ad93 0xa8fbab96
      d = 0x08ce2f14 0x08d446a0 0x30050409 0x00000000 0x824e6005 0xb0006111 0x30030409 0x00000000 
  [4] W = 0x6c454bf6 0x6246c40b 0xe238d468 0xee00ae72
      d = 0xe6006a12 0xa23201e9 0xc0120360 0x00000000 0xa04c1e14 0x01610201 0x403201a0 0x00000000 
  ... and 19 more distinct vectors
HW=56: 44 total, 44 distinct vectors
  [0] W = 0x7acf7267 0x04f8dce6 0xf3e679d4 0xa74010fa
      d = 0x88102401 0x4702004f 0x083081c0 0x00000000 0x626de0a6 0x15272609 0x181080c0 0x00000000 
  [1] W = 0x268d872b 0x5b7d2fff 0x2ed4a77e 0xfd5c7603
      d = 0x057006c1 0xa59f3007 0x00000411 0x00000000 0x31440449 0x0f4dd10d 0x00000c11 0x00000000 
  [2] W = 0x27804a4e 0xf7fa386a 0xae132231 0x80f9847b
      d = 0x0408016a 0xa198403a 0x804100ae 0x00000000 0x1ca61c34 0x022b0848 0x80c100ae 0x00000000 
  [3] W = 0x9ca26c22 0xf5eed291 0xd8204caf 0xe70d4ad5
      d = 0x003a416e 0x30850540 0x08061048 0x00000000 0xd2708a08 0xf186a142 0x080610c8 0x00000000 
  [4] W = 0x6f2111c3 0xee33beaf 0xa52459dc 0xede614b3
      d = 0x59aea220 0x20522690 0x30101000 0x00000000 0x9c830814 0xfc095250 0xd0701000 0x00000000 
  ... and 39 more distinct vectors
HW=57: 89 total, 89 distinct vectors
  [0] W = 0x07da025e 0xb5add356 0xf7258215 0xab873566
      d = 0x4c4e4641 0x003c0648 0x0020301b 0x00000000 0x0e04443a 0x400c255f 0x0020701b 0x00000000 
  [1] W = 0x8073d653 0xad80aaef 0xa37fc6a1 0x2ed2a5f4
      d = 0x1a4848c3 0x084c0802 0x61054601 0x00000000 0x24261201 0xac8e3860 0xa10b4203 0x00000000 
  [2] W = 0xa2cf93b4 0x479e46e8 0x67232869 0x47ef26be
      d = 0x0485608f 0x10101080 0xd41b0021 0x00000000 0x9052b312 0xd8005403 0xf4070023 0x00000000 
  [3] W = 0xf48046bd 0x76a48a56 0x1a290d81 0x48bf39ed
      d = 0xa0434c19 0xa1d82204 0xa0c00124 0x00000000 0x88e84800 0x0119b9ca 0x60400364 0x00000000 
  [4] W = 0x1f9634ce 0xf8fc9169 0x30e10421 0x1cc0ae73
      d = 0x36891110 0xe0e026c9 0x40387d00 0x00000000 0x04b50840 0x78e0024a 0x40180300 0x00000000 
  ... and 84 more distinct vectors
HW=58: 199 total, 199 distinct vectors
  [0] W = 0x09810034 0x19750a17 0xbec1778c 0x96274d14
      d = 0xc0a29804 0x40085636 0x79620040 0x00000000 0x08f113a9 0x44821551 0x09660040 0x00000000 
  [1] W = 0x600d857e 0xc4e788cf 0x8a303430 0x1a783f0b
      d = 0x5b6210a0 0x64b03042 0x0003211c 0x00000000 0x9243a0f1 0x2034385c 0x0003210c 0x00000000 
  [2] W = 0x6a39351c 0xdfc8f971 0xdc319942 0x0c2c770e
      d = 0x985460a4 0xb3478000 0x12007030 0x00000000 0x4c288815 0x2b86a453 0x16001050 0x00000000 
  [3] W = 0x55c2e794 0x2f3c028c 0x42d7727a 0x3f94e2f6
      d = 0x6ad11420 0x82886580 0x51680012 0x00000000 0x01410419 0x821f7881 0x71380016 0x00000000 
  [4] W = 0xd490c78f 0x4049765f 0xbed682de 0xbf23c698
      d = 0x1050d02c 0xf0101886 0x40603830 0x00000000 0x08000279 0xe08fd496 0x40a02870 0x00000000 
  ... and 194 more distinct vectors
HW=59: 340 total, 340 distinct vectors
  [0] W = 0x92d6c9fc 0x36c4ed08 0xc7d2affa 0xd7997b6c
      d = 0xb4510260 0x0f470a6c 0x18400800 0x00000000 0x98ca0502 0x55343a55 0x68c00800 0x00000000 
  [1] W = 0x60151da9 0xb7abd359 0x75d22299 0x01a25179
      d = 0x9944010c 0x000d0354 0x940d00a0 0x00000000 0x123a1587 0xe40527c4 0x940b0060 0x00000000 
  [2] W = 0x2b1ad45c 0x43bcfe14 0x53bc154b 0xf3b6a5e1
      d = 0x9315440a 0x92125802 0x024a0108 0x00000000 0x663b8044 0xd500ce19 0x024e0308 0x00000000 
  [3] W = 0x65daa3a3 0x0475b5f4 0xeba6feb1 0xba6855a9
      d = 0xf8715ada 0x0256a030 0x0f07000e 0x00000000 0x40604716 0xb0402041 0x0105000a 0x00000000 
  [4] W = 0x7d8fa7dc 0xa7f80fa6 0x679f08a0 0x57e23745
      d = 0x14a963d9 0x4f8220fd 0xe0540008 0x00000000 0xed200239 0x18800220 0x20340008 0x00000000 
  ... and 335 more distinct vectors
HW=60: 730 total, 730 distinct vectors
  [0] W = 0xef3781d5 0xfea8e433 0xa7f051a4 0x15546f86
      d = 0x88924081 0xf470de13 0x07408020 0x00000000 0x75e86453 0x4c017000 0x07408020 0x00000000 
  [1] W = 0x7f6630bf 0x97400ce7 0x4d4856a9 0xb437f987
      d = 0x647c64b1 0x8246aa0c 0x10018298 0x00000000 0x82515870 0x90016822 0x10018788 0x00000000 
  [2] W = 0x04a3090a 0xd5cd02ab 0xc6935487 0x2c7fb246
      d = 0xc8524060 0x0d1800a2 0x40170c71 0x00000000 0x2206e304 0xd0c10629 0x40f50413 0x00000000 
  [3] W = 0x7d9ed62d 0x4c3f9580 0x6f769227 0x1b77bb7e
      d = 0x81444004 0x6d58c4c4 0xa4099306 0x00000000 0x20198080 0x26022661 0xe406970a 0x00000000 
  [4] W = 0xa4cbde87 0x3c71704a 0x5d7f17b6 0x4eb88632
      d = 0x015e3426 0x190d9056 0x340281a0 0x00000000 0x60c02067 0x05311382 0x140286a0 0x00000000 
  ... and 725 more distinct vectors
