=== block2 lowhw set: m0=0xafaaaf9e fill=0x00000000 bit=18 max_hw=60 ===
samples: 1000000000  elapsed: 22.85s
min HW seen: 48

HW=48: 1 total, 1 distinct vectors
  [0] W = 0x85ae960d 0xba8caafa 0xd5ac5f73 0x96001a12
      d = 0x410510c0 0x7cc53808 0x0015e000 0x00000000 0x8c0b8000 0x00d1a059 0x000ba000 0x00000000 
HW=49: 1 total, 1 distinct vectors
  [0] W = 0xe322c1b3 0xd98b7b19 0x6be80dcd 0x20628445
      d = 0x02942300 0x03984644 0x11610810 0x00000000 0x620d0045 0x40014d05 0x12a30810 0x00000000 
HW=51: 3 total, 3 distinct vectors
  [0] W = 0x71541fbc 0xa6df3b4d 0x7761c956 0x872ee013
      d = 0x84828800 0x40892fd2 0x00008802 0x00000000 0x030082eb 0x875915f4 0x00008802 0x00000000 
  [1] W = 0xe9c9c5f3 0xff8e6448 0x53e8c4ab 0x24cda3b5
      d = 0x6882a064 0x32765420 0x88000000 0x00000000 0x09c22ef5 0x1c8e1a00 0x88000000 0x00000000 
  [2] W = 0x5da07ce9 0x1593cb17 0xf2d2b08f 0x3ca35f2e
      d = 0x246ac382 0x1d084160 0x300d0080 0x00000000 0x2258b890 0x3b000298 0x10050080 0x00000000 
HW=52: 1 total, 1 distinct vectors
  [0] W = 0x300fef25 0x708e13d0 0xec7d1fea 0xbf8f7d6a
      d = 0xec440755 0x8023021a 0x004c1803 0x00000000 0xa0bcd218 0xb0000208 0x00340801 0x00000000 
HW=53: 10 total, 10 distinct vectors
  [0] W = 0xe2c48e4d 0x12afeeab 0x0025dbd6 0xd0b78959
      d = 0x60c70084 0x05295a20 0x01000810 0x00000000 0xd09b0756 0xc70b0c50 0x03000810 0x00000000 
  [1] W = 0x4af75105 0xba238cae 0xbd7307d5 0x6cb0eb31
      d = 0x443209a4 0x28490846 0x61080280 0x00000000 0x21340564 0x940000be 0xa3080e80 0x00000000 
  [2] W = 0x86828683 0x1c0338ea 0x18d6e9c5 0x782b4d72
      d = 0x0870e080 0xc02324da 0x0420c000 0x00000000 0x16486225 0x4629f750 0x04204000 0x00000000 
  [3] W = 0x6f51607a 0x289e3b75 0x11ed7d2d 0x7758c329
      d = 0x1d0e0c81 0xec0a30e9 0x00000006 0x00000000 0x4187c005 0xdc2e087c 0x00000002 0x00000000 
  [4] W = 0xf8f32fcc 0x3c56c869 0x4e28c244 0x9a6d47f4
      d = 0x60060349 0xd87c0021 0x188f0001 0x00000000 0x62c04040 0x623d0069 0x0b810001 0x00000000 
  ... and 5 more distinct vectors
HW=54: 9 total, 9 distinct vectors
  [0] W = 0x81065391 0x25fe934b 0x05669880 0x18a884db
      d = 0x3c5a7608 0x03980202 0x54007204 0x00000000 0x01440042 0xb41222b0 0xdc005204 0x00000000 
  [1] W = 0xe3ccb7a3 0xd2254adf 0x14ac7b60 0xe3c6e680
      d = 0x08a00458 0xc1007968 0x01813014 0x00000000 0x92027f11 0xc4000ac2 0x01811074 0x00000000 
  [2] W = 0xa7b6895e 0xa5333010 0xa51b6088 0xe84a85ad
      d = 0x466c3548 0x38298210 0x00040d80 0x00000000 0x239c87b0 0x24078250 0x00040c80 0x00000000 
  [3] W = 0x3cb67be8 0x8aab43ad 0xb90cca82 0x2bcfcf2c
      d = 0x00809432 0x70280046 0x00b18f00 0x00000000 0xf6820ec7 0x1258a00c 0x01908100 0x00000000 
  [4] W = 0xec7bd403 0x498410be 0xb9e51b97 0x48692d5c
      d = 0x01629070 0xa21008de 0x86d0100a 0x00000000 0xa900a003 0x41a000c7 0x8230100e 0x00000000 
  ... and 4 more distinct vectors
HW=55: 35 total, 35 distinct vectors
  [0] W = 0x722b6b44 0xf73f7845 0x1ecd5f9e 0x12e66521
      d = 0x81c08143 0x29002a40 0x87922014 0x00000000 0xc0182792 0x5040045a 0x80f62014 0x00000000 
  [1] W = 0x181a7343 0x9835373a 0xe49f6233 0x13f9cdbf
      d = 0xa21fa666 0x90923220 0x01000260 0x00000000 0x35280a05 0x827b8824 0x010001a0 0x00000000 
  [2] W = 0xebf1b670 0x7ac4c50f 0xaecfd39d 0xc33761a3
      d = 0x4f861006 0xd2871464 0x00140005 0x00000000 0x0c404292 0x416cf886 0x00340005 0x00000000 
  [3] W = 0xe29e1cea 0x016ac10b 0x703a386e 0xd1cb9d55
      d = 0x002d2614 0x946280e6 0xa0f83002 0x00000000 0x88103122 0x444e9020 0x60885002 0x00000000 
  [4] W = 0xe69892d0 0x6c9ffe91 0xfaff71d7 0x8c76ed15
      d = 0x14fe9307 0x1307145d 0x80002044 0x00000000 0x6100722b 0x10b80201 0x80002044 0x00000000 
  ... and 30 more distinct vectors
HW=56: 37 total, 37 distinct vectors
  [0] W = 0x0161eaec 0xbbb2eab2 0x3a7fe1c0 0x0eb7de83
      d = 0xd46129d0 0xdc30d262 0x01120803 0x00000000 0x10a03116 0x044e2030 0x01120803 0x00000000 
  [1] W = 0xb4b5cc13 0xabc2fb88 0x62c3bbf1 0xa20fb4cf
      d = 0x16c48a24 0x17402148 0xaa020101 0x00000000 0x90122c12 0xc9489860 0xea020301 0x00000000 
  [2] W = 0xc830f23b 0x1888d900 0x76b3c254 0xd1d1e028
      d = 0xd3100964 0x6127d001 0x10200c03 0x00000000 0x85332091 0x0d25c643 0x10200401 0x00000000 
  [3] W = 0xe01eaac1 0x9d949c22 0xcc0bbe6a 0xc312d2a9
      d = 0xe8312800 0x781c83c4 0xb0601000 0x00000000 0x0a027cd1 0x94791083 0x90201000 0x00000000 
  [4] W = 0xa82877c2 0x7cdcf1ea 0xbed9d3da 0x10f8e0eb
      d = 0xcd0d8680 0x4113c604 0x00210000 0x00000000 0x7bab30ab 0x451f0b04 0x00210000 0x00000000 
  ... and 32 more distinct vectors
HW=57: 110 total, 110 distinct vectors
  [0] W = 0x3a9c78f6 0x05dea4d7 0xf9c1a2d5 0x7ef7e718
      d = 0xc60a0c2b 0x44109075 0x38004068 0x00000000 0x6a410415 0xd0502103 0x180047a8 0x00000000 
  [1] W = 0x0d071a9b 0x24d5bb91 0xe75d9a02 0xd7a3f18c
      d = 0x0454d222 0x30e160e7 0x00320100 0x00000000 0x2171b610 0x30892353 0x00160300 0x00000000 
  [2] W = 0x637c62b6 0x0a707143 0x8f5a7e8f 0xd1f4278a
      d = 0x82003fa9 0x4a08a318 0x014000a1 0x00000000 0xe20405e4 0x04826e57 0x00c001a1 0x00000000 
  [3] W = 0x87b0dd1f 0x1e7d11d6 0x34b67155 0xa9092f7b
      d = 0x009e9ec5 0xe1228241 0x848000c0 0x00000000 0x2043cac4 0x82826c61 0x858000c0 0x00000000 
  [4] W = 0xf36bbac0 0x024ce3f9 0x584210e0 0x519da42f
      d = 0x00489d1f 0x84021c6c 0x08c40000 0x00000000 0x42006862 0x9a73d2a9 0x18cc0000 0x00000000 
  ... and 105 more distinct vectors
HW=58: 196 total, 196 distinct vectors
  [0] W = 0xf63b34c2 0x84c4aef3 0x324209be 0x1dcbf084
      d = 0x6b58009c 0x48061010 0x70060640 0x00000000 0x1c17ac50 0x020b3bd0 0x10060e40 0x00000000 
  [1] W = 0x631ddda7 0xcd836f93 0xae5aaacb 0x9b755e0a
      d = 0x57068203 0x15345461 0x80203660 0x00000000 0xb02a2831 0x81006096 0x80e012a0 0x00000000 
  [2] W = 0x057c281d 0x8f86cc62 0x975e4b87 0x9bfe1690
      d = 0xe860c036 0xa0606434 0x33200800 0x00000000 0x51144b1d 0xad094c80 0x15600800 0x00000000 
  [3] W = 0x71a84db5 0x7bc4e6fa 0x04617b97 0x49624dde
      d = 0x36109400 0x020fa180 0x62403880 0x00000000 0x98a8eb93 0xe0b08c18 0x22401880 0x00000000 
  [4] W = 0x56381017 0xd3619b4a 0xe11dc28e 0x70c9eb28
      d = 0x82204060 0x8c2cacae 0x63403c18 0x00000000 0x1551c800 0x01078154 0x61401428 0x00000000 
  ... and 191 more distinct vectors
HW=59: 321 total, 321 distinct vectors
  [0] W = 0x980b0374 0xf4da1786 0x737b1ef3 0x040ba281
      d = 0x1f158906 0x045c9008 0xb0043000 0x00000000 0x14c049a9 0xd0780f69 0x90047000 0x00000000 
  [1] W = 0x875a2f22 0x957fc1dd 0xc5ceb89f 0x49776fd1
      d = 0x49568ec8 0xe4500260 0x890000fb 0x00000000 0xeb002091 0x8340a804 0x890000a7 0x00000000 
  [2] W = 0x57bf393e 0xa38c8f32 0x7f3016e7 0xc075ca31
      d = 0xf4250282 0x00a04921 0x03f20832 0x00000000 0x70e890c7 0x180a04c0 0x0412083e 0x00000000 
  [3] W = 0x3150aca3 0xbc5f06e1 0xcce21ca0 0x61bd387b
      d = 0x9081e400 0xa0c10027 0x20214061 0x00000000 0xc28a9cc3 0x0e20b5ad 0x60214021 0x00000000 
  [4] W = 0x508dbde1 0x010c2159 0x21cf3a8a 0x155d2165
      d = 0x509228ba 0x84e6ad41 0xb0800004 0x00000000 0x506ae9d1 0x00626c02 0xb0800004 0x00000000 
  ... and 316 more distinct vectors
HW=60: 649 total, 649 distinct vectors
  [0] W = 0x25ed154d 0x6fda2b0f 0x7dc01412 0x970f1dd3
      d = 0x8415a050 0x28bc8853 0x00001017 0x00000000 0x03987135 0xa9e4504c 0x000010f3 0x00000000 
  [1] W = 0xa7d7bffb 0x55360a0f 0x1a83a6b4 0xa4f7225e
      d = 0xe1e22062 0x86880a13 0x10004664 0x00000000 0xd1901c4b 0xd1414328 0x1000462c 0x00000000 
  [2] W = 0x688a5948 0x57ca5bb9 0x8b13c907 0xb45953de
      d = 0xaa1431c4 0x8ecc2202 0x9081e216 0x00000000 0x10200502 0x74480950 0xb080a21e 0x00000000 
  [3] W = 0x37e1a283 0x7589a83b 0x5153e7fc 0x9822546a
      d = 0x064e2400 0x29814166 0x13410311 0x00000000 0x8684e00c 0x54344ba0 0x13410513 0x00000000 
  [4] W = 0x20cadabf 0x083de951 0x17e5e89a 0xf42941c1
      d = 0x261826e1 0x20e800c8 0x012c0cc0 0x00000000 0x484dc02a 0x959419a4 0x036404c0 0x00000000 
  ... and 644 more distinct vectors
