=== block2 lowhw set: m0=0x72f21093 fill=0xaaaaaaaa bit=13 max_hw=60 ===
samples: 1000000000  elapsed: 22.97s
min HW seen: 47

HW=47: 1 total, 1 distinct vectors
  [0] W = 0x3940818f 0x075fd3d7 0x598ce5e5 0x6334c8dd
      d = 0x2a480215 0x00c08014 0x04209008 0x00000000 0x2dc83011 0x04c81f22 0x04609008 0x00000000 
HW=49: 1 total, 1 distinct vectors
  [0] W = 0x9d88a169 0xbd1d72db 0x7b857478 0x7449c15d
      d = 0x2f60003c 0x25361f10 0x00010c00 0x00000000 0xe5002a2c 0x00e64608 0x00010400 0x00000000 
HW=51: 2 total, 2 distinct vectors
  [0] W = 0xc98d3549 0x8ba079bb 0x167c25f0 0xca8ffeb1
      d = 0x6180511e 0x00a0f22c 0x000000f4 0x00000000 0x11015d24 0x01c52247 0x000000b4 0x00000000 
  [1] W = 0xfacdb875 0xf5a4ec14 0x6ced58e7 0x39cab8ff
      d = 0xb1758010 0x95040030 0x008a6007 0x00000000 0x04c29a0a 0x0a088022 0x019ba001 0x00000000 
HW=52: 2 total, 2 distinct vectors
  [0] W = 0xf5759fc8 0x971b2d4e 0xa4e016f7 0x61ea18e8
      d = 0xfc081ae4 0x0501d02b 0x10000014 0x00000000 0x0bc05e37 0x01e08020 0x1000001c 0x00000000 
  [1] W = 0x04d11a46 0xd4a0f8ca 0xbc827fd6 0x9c600b2a
      d = 0x40040386 0x56a06e00 0x60000425 0x00000000 0x40135c44 0x94888667 0x20000425 0x00000000 
HW=53: 3 total, 3 distinct vectors
  [0] W = 0xac42f3e8 0xb5ced417 0x86cc7591 0x07b4646e
      d = 0xc6b0230b 0x00c41300 0x20024020 0x00000000 0x428b25c8 0x00c340fe 0x60024060 0x00000000 
  [1] W = 0x199cfda5 0x432bc891 0x7d07442d 0x25d7736c
      d = 0x9b7808dc 0xb0897444 0x00080210 0x00000000 0xac4d0030 0xa011ac80 0x00080230 0x00000000 
  [2] W = 0x38ab5049 0x06e97a18 0x1ce7b76d 0xab462f68
      d = 0x20061056 0x483a4030 0xb00208d0 0x00000000 0x42922138 0xeaa8001c 0x90020870 0x00000000 
HW=54: 4 total, 4 distinct vectors
  [0] W = 0x5b2d0c78 0xaeec5409 0xa9c1a1df 0x22bbeb62
      d = 0x34028718 0x41199420 0x1008005c 0x00000000 0x5419a10c 0x96c96461 0x10080044 0x00000000 
  [1] W = 0xeb99822e 0xa059d7c0 0xce92c890 0x6790e950
      d = 0x27005503 0x0284955b 0x8d01c000 0x00000000 0xd0a09825 0x204f0091 0x87004000 0x00000000 
  [2] W = 0x7cc10c6c 0xf4d8fb8a 0x9e90059e 0x5a52db6f
      d = 0xdf00c388 0x343981d0 0x581402c0 0x00000000 0xc08440c0 0x04404080 0xe82c0340 0x00000000 
  [3] W = 0xceac7a33 0x7cad6206 0xcd548470 0xe68ff93d
      d = 0x0a19160e 0x206496b1 0x80000012 0x00000000 0x0f54821a 0x43302447 0x80000036 0x00000000 
HW=55: 26 total, 26 distinct vectors
  [0] W = 0x1a020d7b 0x2e05550d 0x10325cbf 0x2f17bccd
      d = 0x1c251041 0x20360cdb 0x4002018b 0x00000000 0x02799108 0x1460a845 0x40020099 0x00000000 
  [1] W = 0x2c621c2e 0x931a907d 0xe3bf4e17 0x45c8ce09
      d = 0x00246406 0x61868860 0x06685009 0x00000000 0x816a142d 0x00f048a0 0x0a983009 0x00000000 
  [2] W = 0x5996d84f 0xd1705900 0x9056b128 0x8801d031
      d = 0xf2b05506 0xc26cc524 0x011c0000 0x00000000 0x0088a408 0xf119c598 0x010c0000 0x00000000 
  [3] W = 0x8d719864 0x71d5ac1a 0x4e874811 0x572241b3
      d = 0x4c170f88 0x11460121 0x41602006 0x00000000 0x0846b460 0x21542524 0xc1602002 0x00000000 
  [4] W = 0xf93678e3 0xf36a7d36 0x25508950 0xbb28fecd
      d = 0xa7014a01 0x08244407 0x0008c740 0x00000000 0xc242310a 0x01109d3b 0x0039c140 0x00000000 
  ... and 21 more distinct vectors
HW=56: 59 total, 59 distinct vectors
  [0] W = 0x3e90c252 0xfd88b6df 0x81374db6 0x78b68736
      d = 0x4600c802 0x42bac934 0x08010412 0x00000000 0x9c10c153 0xa50a10e0 0x1801041e 0x00000000 
  [1] W = 0x666a3a46 0x057fb037 0x9c5c18eb 0xf76f9e2b
      d = 0x0901508f 0x20dd5b07 0x40040406 0x00000000 0x0c202606 0x40225558 0x400c041e 0x00000000 
  [2] W = 0x9d6b6add 0xf626ea65 0x4621a5d0 0x21e80f3d
      d = 0xb7c74c43 0x41c288ea 0x4000d220 0x00000000 0x8c804084 0x0d844140 0x4000b220 0x00000000 
  [3] W = 0xc6565f16 0xbb27a04c 0xaaeefcbb 0xda4d66e7
      d = 0x920cad3a 0x44c2c06c 0x08014802 0x00000000 0x804406e0 0x83518252 0x08035802 0x00000000 
  [4] W = 0xd38bcd58 0xee339148 0x1f4137e5 0x0e0cec5b
      d = 0x40590ce5 0x28980422 0x80400701 0x00000000 0x7aa7c404 0x10a808a4 0x80c00d03 0x00000000 
  ... and 54 more distinct vectors
HW=57: 117 total, 117 distinct vectors
  [0] W = 0xe86a5508 0xfbab89cd 0xd8dffc04 0xccb29acb
      d = 0x6011b831 0x29311153 0x00302401 0x00000000 0x44450898 0x889d41d1 0x00702403 0x00000000 
  [1] W = 0x460387fa 0xe9674c04 0x1c1e4297 0x5dd5de91
      d = 0x05404f15 0xf0e00e02 0x800a4840 0x00000000 0x410ac848 0xcb009e80 0x801ac8c0 0x00000000 
  [2] W = 0x97c2f870 0xd15f1ed6 0x623d3514 0x57653c3b
      d = 0x18189c88 0xa20b5551 0x90184801 0x00000000 0x43460003 0x35140251 0x90684803 0x00000000 
  [3] W = 0x10e824cd 0x9a405055 0x991db670 0xd5a792b9
      d = 0x0fc29a54 0x0550040e 0x16041020 0x00000000 0x36c69534 0x91930012 0x12041020 0x00000000 
  [4] W = 0x55c0f0b6 0x3114befd 0x7fa2fe98 0x2e4c3aa0
      d = 0x02201820 0x20b1452c 0x02441f83 0x00000000 0xa468a017 0x149e1022 0x064c0881 0x00000000 
  ... and 112 more distinct vectors
HW=58: 206 total, 206 distinct vectors
  [0] W = 0x06f8db2f 0xae3b89c1 0x3f7b0e40 0x88d70239
      d = 0xe2514568 0x9101959c 0x00808a00 0x00000000 0x39cc5079 0x2118990a 0x00808a00 0x00000000 
  [1] W = 0x6dfe66af 0x8451117a 0x69be4ae5 0xbcb5e814
      d = 0x85101060 0x00943c12 0x00a81514 0x00000000 0xb4c8c109 0x0935e809 0x01580d2c 0x00000000 
  [2] W = 0xd6fda55e 0x289cdad5 0xcb0245f6 0xf4244128
      d = 0x4cd04295 0x4101501a 0x08080512 0x00000000 0xa0024685 0x44bb7a50 0x08180332 0x00000000 
  [3] W = 0x6b2e4d7d 0xf2b63b9d 0x8d75ae9f 0x2c6c0b4c
      d = 0x38868117 0x21a18183 0xf8580080 0x00000000 0x396424b0 0x5798c000 0x08580080 0x00000000 
  [4] W = 0x6ed77df5 0xac5a3561 0xb43a635a 0xf27ab132
      d = 0x0d408906 0xa8510761 0x28460018 0x00000000 0x58803b1a 0x8923e040 0x38c60008 0x00000000 
  ... and 201 more distinct vectors
HW=59: 380 total, 380 distinct vectors
  [0] W = 0x702ea88b 0x02ccd894 0xa21c9b1b 0x1e839724
      d = 0x0924e0e9 0x6c321814 0x0064090c 0x00000000 0x0e542010 0x34072a4a 0x0064191c 0x00000000 
  [1] W = 0x04a98422 0xb19618b4 0x22949f74 0x9e32bee9
      d = 0x1289060d 0x014c2628 0x102532b4 0x00000000 0xf4489255 0x0c280080 0x1025158c 0x00000000 
  [2] W = 0x9c0b0eff 0x474692b5 0x371f7f9d 0xc57ace8b
      d = 0x84aa282f 0xe5888284 0x20464010 0x00000000 0x889a00a6 0xca18f029 0x20464010 0x00000000 
  [3] W = 0x093b7604 0x98837ad9 0x0cdc0795 0x09f2d1c2
      d = 0x62c10262 0x908887ae 0x40024203 0x00000000 0xb8110a14 0x088e1325 0x40025e03 0x00000000 
  [4] W = 0x00a815b4 0x41cc03db 0xf7576300 0x7ddabdfb
      d = 0x9a45305c 0x62ce203a 0x08886000 0x00000000 0x12a340d2 0x013c2c0b 0x0898a000 0x00000000 
  ... and 375 more distinct vectors
HW=60: 678 total, 678 distinct vectors
  [0] W = 0x0c5bb251 0x38244479 0xa5ccb9ac 0x6ddd3ad0
      d = 0x09882e11 0xdd1c8834 0x40861080 0x00000000 0x3d442354 0x20c206ba 0x40861080 0x00000000 
  [1] W = 0x4bdd8a95 0xab65ad92 0xc42bbdd9 0xc1884631
      d = 0x45628300 0x83c40b08 0x0e031109 0x00000000 0x2022c312 0x43578a12 0x02031719 0x00000000 
  [2] W = 0x9bb10b81 0xe2efaac1 0xe147a25a 0xb491f35c
      d = 0x2202c1a8 0x20d30694 0x0101f438 0x00000000 0x52026082 0x430219bb 0x0300ac68 0x00000000 
  [3] W = 0x7bfc51cc 0xc9708cee 0xc5493398 0x847202a5
      d = 0xc16128ac 0xa05a2022 0x20182400 0x00000000 0x86a633c6 0x09d10321 0x6018ec00 0x00000000 
  [4] W = 0xd75d8e53 0xb46c7e18 0x4e431a2f 0x8ddb792c
      d = 0x601e4e88 0xa4a003de 0x33002066 0x00000000 0x20808945 0x21d05442 0x53002026 0x00000000 
  ... and 673 more distinct vectors
