=== block2 lowhw set: m0=0xa8fc79d1 fill=0x00000000 bit=6 max_hw=60 ===
samples: 1000000000  elapsed: 22.87s
min HW seen: 49

HW=49: 2 total, 2 distinct vectors
  [0] W = 0x83cb258b 0x083cf0f6 0x526d0707 0xa33e5661
      d = 0x03492084 0x2961ab00 0x8a300082 0x00000000 0x520182a4 0x124e0088 0x86100082 0x00000000 
  [1] W = 0x1e16b5ec 0xddc16699 0xd355fc10 0xf62e851b
      d = 0x000d5000 0xb00246e6 0x02044030 0x00000000 0xb2291d21 0x6002069c 0x02044050 0x00000000 
HW=52: 2 total, 2 distinct vectors
  [0] W = 0xcaefb287 0xab56d7d8 0x44100ece 0xfcf4696a
      d = 0x070b2010 0x100b0180 0x08006059 0x00000000 0x331d8078 0xd3500386 0x08006049 0x00000000 
  [1] W = 0x2d865b8e 0x380af655 0xbeccc395 0xf170698a
      d = 0x0280011d 0x00944812 0x3602c008 0x00000000 0x91141341 0x30a95852 0x32054018 0x00000000 
HW=53: 4 total, 4 distinct vectors
  [0] W = 0xda11b704 0x72d96efc 0xbfdeee9f 0x23aaccb9
      d = 0x33c005dc 0x24048c46 0xd0001800 0x00000000 0xc6410003 0x98a20706 0x70007800 0x00000000 
  [1] W = 0xa1443050 0xce8a5d17 0x20370fe3 0xf8aaefc6
      d = 0x200be42a 0x428000c8 0x18180180 0x00000000 0x5b475762 0x80884188 0x18080380 0x00000000 
  [2] W = 0x67548e10 0x24485e3b 0xde6a167c 0x081eddee
      d = 0x10604400 0xa55ca082 0x0d0000a2 0x00000000 0x8865adf0 0x216a400e 0x03000062 0x00000000 
  [3] W = 0x14f3fb5f 0x189dfcf3 0x477a2132 0x68d0731c
      d = 0x3432020d 0x06284384 0x00124818 0x00000000 0xceaa8704 0x05345108 0x00124808 0x00000000 
HW=54: 9 total, 9 distinct vectors
  [0] W = 0x6bb295aa 0x19feec09 0x4b8a68f6 0xd401dc3c
      d = 0xb2c60e09 0x24307380 0x1c040040 0x00000000 0x4a6bc924 0x09111380 0x14040040 0x00000000 
  [1] W = 0x80336169 0x6fd8dba6 0xe1281ff0 0xb81bbdfb
      d = 0x404e09a8 0xc610b441 0x08004039 0x00000000 0xb7096144 0x1068082d 0x18004009 0x00000000 
  [2] W = 0x75a6d20d 0x53039a3e 0x28cd099c 0xb6276103
      d = 0xa790a00f 0x02898953 0x81a00020 0x00000000 0x48506a00 0x23043c1d 0x81600020 0x00000000 
  [3] W = 0x3e3d40da 0x52ef32e9 0x22fb5eb0 0x6c823ee6
      d = 0x5e17080c 0x06c32148 0x42040040 0x00000000 0x3b61c274 0x0344f010 0x42040040 0x00000000 
  [4] W = 0x15aa39f0 0x001607fa 0xddcdd64e 0x87809c4c
      d = 0x8c51c025 0x81c00104 0x03009190 0x00000000 0x55a1249f 0x09420210 0x0100f690 0x00000000 
  ... and 4 more distinct vectors
HW=55: 26 total, 26 distinct vectors
  [0] W = 0xf8636cd4 0x2acd6328 0x53ac2ffc 0x1c2b5e75
      d = 0x00683941 0x22c92cc0 0x8000031c 0x00000000 0xea101841 0x8a215335 0x80000724 0x00000000 
  [1] W = 0x58df3bb6 0x4a9d2822 0x1cbae22e 0x5f1f4871
      d = 0xc8178390 0xe3828de8 0xc48c4000 0x00000000 0xc1804688 0x201e0408 0x44844000 0x00000000 
  [2] W = 0x4ad75a2a 0x93db1683 0xd06acec6 0xbffb09ff
      d = 0x03334c59 0x20182844 0xc1c00000 0x00000000 0x088bee83 0xf002634b 0x40c00000 0x00000000 
  [3] W = 0x4ae7b2a0 0x2ace73d9 0x721111e3 0x55866755
      d = 0xb3c30806 0x308930d4 0x1e000030 0x00000000 0x609c6114 0x1b8b00c0 0xe2000010 0x00000000 
  [4] W = 0x9e996450 0xf0749679 0x35cb63a4 0x6e46201b
      d = 0x1a338033 0x48048183 0x02001f10 0x00000000 0x02496047 0x8210c6cf 0x02000710 0x00000000 
  ... and 21 more distinct vectors
HW=56: 52 total, 52 distinct vectors
  [0] W = 0x45530a4d 0xa74db040 0x39f2a4a2 0xc1bc9031
      d = 0x8837804c 0xc4508260 0x28520081 0x00000000 0x18230130 0x9e584030 0xd8d20081 0x00000000 
  [1] W = 0xcb3d744f 0xd3207435 0x6971e626 0xe314937c
      d = 0x01408944 0x0eb348d0 0x4f100020 0x00000000 0xc4a8a260 0x2411c2a4 0x52f00020 0x00000000 
  [2] W = 0xcc169bcd 0xf289bb3a 0x783da06d 0x4a3ca8d5
      d = 0x0102632a 0x52454694 0x02880640 0x00000000 0x20e09698 0x4626ba12 0x02880240 0x00000000 
  [3] W = 0xc07c249e 0xd9171bc9 0x77aaf93e 0x39288278
      d = 0xb0b5805b 0xea42707c 0x0100c002 0x00000000 0x9aa06494 0x2c120024 0x0100c002 0x00000000 
  [4] W = 0x26204695 0xf0accc6c 0x4d0e677c 0xbdd5560c
      d = 0xa51d5204 0x00604b25 0x01404008 0x00000000 0x052794a1 0x00701b2a 0x1f40c008 0x00000000 
  ... and 47 more distinct vectors
HW=57: 89 total, 89 distinct vectors
  [0] W = 0xccea759d 0xc96b0291 0x8e17b7ad 0x64a7505c
      d = 0x387905a2 0xf4d0532c 0x49960000 0x00000000 0x42c04420 0x061300c2 0x48b60000 0x00000000 
  [1] W = 0x766d801c 0x0ba2064b 0x26033c3e 0x711f437c
      d = 0x88800068 0x90141c71 0x00b80d00 0x00000000 0xb89cc577 0x18122111 0x00d80d00 0x00000000 
  [2] W = 0x998b6547 0x515c0516 0xee2b10c9 0x0a7cacd0
      d = 0x05e39090 0x01028008 0x49802038 0x00000000 0x09eca99e 0x30203d09 0x38802058 0x00000000 
  [3] W = 0x069e925d 0x4e7e5ed7 0x313b7ca5 0x8b518db2
      d = 0xc9cd618d 0x095d0922 0x050c0320 0x00000000 0x000a2008 0x1207b392 0x07040120 0x00000000 
  [4] W = 0xfaa3aa77 0x724cbda1 0x5ae504fd 0xb521e1c0
      d = 0x48689448 0x08cc1c14 0x00b00090 0x00000000 0x01c0898e 0xbcc5d726 0x00900090 0x00000000 
  ... and 84 more distinct vectors
HW=58: 193 total, 193 distinct vectors
  [0] W = 0x08abec5b 0xd1366fab 0x84a3388a 0x95f32333
      d = 0x10d1aa7c 0x80f0c04e 0x0301c02c 0x00000000 0x8c1a21a0 0x829008a1 0x05014054 0x00000000 
  [1] W = 0x199b53b9 0x0e6503af 0x6c062047 0xa9dc1c40
      d = 0x54209830 0x70a88790 0x03c40440 0x00000000 0xc4c60142 0x00b9a0ef 0x044c0440 0x00000000 
  [2] W = 0x03b057ca 0x206b7eae 0xb86db751 0xde759252
      d = 0x29a88502 0x28bac197 0xb0000016 0x00000000 0x95c29493 0x0d006820 0x9000001e 0x00000000 
  [3] W = 0xb304e2ed 0xc473fd61 0xc02f914e 0x72cf41ed
      d = 0x0a49f010 0xb42c416a 0x10d2a000 0x00000000 0x6f330442 0x23100024 0x10eea000 0x00000000 
  [4] W = 0xd45891f8 0x0a99abab 0xc2765ffd 0x38b69c19
      d = 0x19883022 0x30a1a781 0x60401178 0x00000000 0x8b704758 0x410e4008 0x60c01088 0x00000000 
  ... and 188 more distinct vectors
HW=59: 373 total, 373 distinct vectors
  [0] W = 0xdc525d6b 0x6811a414 0xcef241fd 0x5f79f1fb
      d = 0xe0449881 0xb3ec48b0 0xd0006240 0x00000000 0x09803580 0x117521c3 0x500022c0 0x00000000 
  [1] W = 0x6039dd2f 0x281e0cc1 0xd94d5842 0x3ae10d60
      d = 0x81a3c520 0x7081e063 0x80051018 0x00000000 0x2b99ee02 0x7d000213 0x80031008 0x00000000 
  [2] W = 0xfeee02c2 0xe87deeb9 0xe0f669ec 0x94b41e29
      d = 0x1c102110 0x484ac884 0x9b4f0011 0x00000000 0x88040271 0x0201fb94 0x8ac70011 0x00000000 
  [3] W = 0xd4a68d64 0xa44bf3c1 0x9c4465d8 0x0f12d947
      d = 0x33701254 0x10370ea0 0x18410e06 0x00000000 0x807050e4 0x56188816 0x08410206 0x00000000 
  [4] W = 0xb826315f 0xbfb02579 0xd8f44636 0x56676bcf
      d = 0x00c118bc 0x0239c04a 0x8204dc10 0x00000000 0xa4097908 0x5b006740 0x8203c410 0x00000000 
  ... and 368 more distinct vectors
HW=60: 613 total, 613 distinct vectors
  [0] W = 0x0a14784e 0x26a2a2c0 0x2da9ec1d 0x1562c508
      d = 0x00b9f7ee 0x020241b2 0x04084800 0x00000000 0x99a23010 0x3a642e00 0xfc084800 0x00000000 
  [1] W = 0xbab53189 0x8c07e6ab 0x6a856682 0x0cfdf0a8
      d = 0xe5c15029 0x8383393c 0x04200064 0x00000000 0xc0e248eb 0x03488611 0x0c200024 0x00000000 
  [2] W = 0xbeb55b95 0xad39dfb6 0x4f25cef1 0x2989240c
      d = 0x56283004 0x522444e6 0xc008d00c 0x00000000 0xda909f3b 0x0108003d 0x4008500c 0x00000000 
  [3] W = 0x814c8dd7 0x0e3ad02c 0xd3d03c53 0x5f1cf9be
      d = 0x43288867 0x71a60004 0x11020dc0 0x00000000 0xe3516530 0x10350858 0x310205c0 0x00000000 
  [4] W = 0xde0d6715 0x2f103222 0x03d8b788 0xb01e1e9c
      d = 0xe5424318 0xa8095100 0x0024070b 0x00000000 0x2a00c58c 0x11d096a5 0x002c0b0b 0x00000000 
  ... and 608 more distinct vectors
