=== block2 lowhw set: m0=0xa2f498b1 fill=0xffffffff bit=25 max_hw=60 ===
samples: 1000000000  elapsed: 22.83s
min HW seen: 51

HW=51: 1 total, 1 distinct vectors
  [0] W = 0xf3e0a4c7 0x087ed81b 0xbcc7e505 0x4c8bc3f6
      d = 0xa2e81f00 0x68e12008 0x40042200 0x00000000 0x03001158 0x282c4a9b 0xc0042600 0x00000000 
HW=52: 3 total, 3 distinct vectors
  [0] W = 0x011ffac4 0x36a7b907 0xf1600144 0xd857c5e0
      d = 0x18415500 0x460100a8 0xb008880d 0x00000000 0x4c028d41 0x24410414 0xd009980d 0x00000000 
  [1] W = 0xc56d01fd 0xcf00f9d4 0xd77828e9 0x9ec95abb
      d = 0x84720c58 0x03438c44 0x22980002 0x00000000 0xd0140146 0x58e78800 0x21880002 0x00000000 
  [2] W = 0x0980c0b6 0x235707dd 0xb634076b 0xedf6fce7
      d = 0x5802ab48 0x64024435 0x00012100 0x00000000 0x0cd95240 0x2189632c 0x00012700 0x00000000 
HW=53: 7 total, 7 distinct vectors
  [0] W = 0xb057b158 0x89eedea6 0x157cc0db 0x219b2b68
      d = 0x490c90e3 0x17626e14 0x00000202 0x00000000 0x25112890 0xf91a248a 0x00000202 0x00000000 
  [1] W = 0x24beadbd 0xd027d219 0x66f8024b 0xb09b7373
      d = 0x944044aa 0xc0122008 0xb00800a1 0x00000000 0x7d80400b 0x891525c0 0x500800e3 0x00000000 
  [2] W = 0xffc4eb46 0x372f5810 0x598bf6c6 0xcd37888f
      d = 0x3c40be22 0x00523258 0x100205c0 0x00000000 0x621d2420 0x124d10b8 0x10020440 0x00000000 
  [3] W = 0xbf732cf0 0x87457146 0x04d91bf0 0xd3460c43
      d = 0xc1986847 0x10d20003 0x40c26008 0x00000000 0x85940286 0x0901210d 0x41466008 0x00000000 
  [4] W = 0xa7fe51e2 0xd586c763 0xa03e9b16 0x18d035b8
      d = 0x6bae111c 0x948c6684 0x00010100 0x00000000 0x45879908 0x80907c44 0x00010100 0x00000000 
  ... and 2 more distinct vectors
HW=54: 10 total, 10 distinct vectors
  [0] W = 0xd92364b0 0x0312f32a 0xf3842fb1 0xb834a588
      d = 0x4e009420 0x3bd00112 0xe0040200 0x00000000 0x0ca1020d 0xbfee0232 0x60040200 0x00000000 
  [1] W = 0x81bd4ed9 0x24a927aa 0x0bd09704 0x3f33681c
      d = 0xfa003993 0x6c044090 0x0000012e 0x00000000 0x5c801853 0x13910827 0x0000013a 0x00000000 
  [2] W = 0xefb85b03 0x7fd1648f 0x3b5508cf 0xd3d818c9
      d = 0xc1a99dab 0x01a8c22c 0x80047006 0x00000000 0x54755004 0x10006004 0x80045002 0x00000000 
  [3] W = 0xbeeb33ac 0xcb452383 0x899bf739 0x18e93c67
      d = 0xf1fc5070 0xa39c0158 0x0e100000 0x00000000 0x04050a18 0xe2383320 0x06100000 0x00000000 
  [4] W = 0x9a945db1 0x356cd120 0x46585604 0xdf86f948
      d = 0xb8e20d05 0x88c4004d 0x14031000 0x00000000 0x40697aa7 0x05040c05 0x1c011000 0x00000000 
  ... and 5 more distinct vectors
HW=55: 27 total, 27 distinct vectors
  [0] W = 0xa069e9dd 0x3712e9f4 0x2fa7c0a2 0x21ce841b
      d = 0x63a27e41 0x009000a8 0x02482600 0x00000000 0xa2055821 0x10861a60 0x0258fa00 0x00000000 
  [1] W = 0xe6fc9250 0xe263a96b 0x7e9edb4c 0x1b163f57
      d = 0x79478464 0x00895507 0x01001021 0x00000000 0xd4061220 0x4380c326 0x010030e1 0x00000000 
  [2] W = 0x3cdde126 0x9fd54a1a 0xe4543b71 0x047f776c
      d = 0x788a1109 0x808c1ac9 0xa00013a1 0x00000000 0x0a021760 0x14416880 0xa00012a3 0x00000000 
  [3] W = 0x83b73ef9 0xe96db56d 0xa7c76b2d 0x1eff21fc
      d = 0x29444314 0xe8814002 0x92600000 0x00000000 0xcc905c86 0x444ad0d9 0x93a00000 0x00000000 
  [4] W = 0x911e009b 0x70a44bbd 0xc3a17dd4 0x6f6af0f9
      d = 0x5172820c 0xd56b3a40 0x24080280 0x00000000 0x2ba50080 0x02522490 0x64080380 0x00000000 
  ... and 22 more distinct vectors
HW=56: 54 total, 54 distinct vectors
  [0] W = 0x8b336b7b 0x2dd372f5 0x32339553 0x53a376ff
      d = 0x0a09cc68 0x2605806e 0x04120028 0x00000000 0x6605242f 0xe24880d8 0x04120028 0x00000000 
  [1] W = 0x2f2a6d4b 0x32e4bd4a 0x0cf8526c 0xd00ff7f6
      d = 0x00608265 0x284d8200 0x09001d30 0x00000000 0x4d3291a2 0x14373908 0x09000d30 0x00000000 
  [2] W = 0xf1726ccd 0x2199c5b8 0x3cf7eccf 0xeca3e378
      d = 0xa2038000 0xc31ec8c5 0x10e19070 0x00000000 0x20003d30 0x4231148c 0x10a19010 0x00000000 
  [3] W = 0x37200ea5 0xe8620e3f 0x9d12e74d 0xfe9fd1b0
      d = 0xa1182083 0x32426201 0xe1888800 0x00000000 0x20876856 0x14314041 0xa0bb8800 0x00000000 
  [4] W = 0x3545dc30 0x56b0f171 0x5b4052fe 0x72e8f451
      d = 0x58d052c4 0x50038007 0x50010001 0x00000000 0x06583c62 0x8076cac6 0xf0010001 0x00000000 
  ... and 49 more distinct vectors
HW=57: 96 total, 96 distinct vectors
  [0] W = 0x0ea653ff 0x5fe3e3f3 0x502fd59d 0xf9183ab3
      d = 0xe53824c4 0x04d65d04 0x80019280 0x00000000 0xb9888820 0x2e082128 0x80039180 0x00000000 
  [1] W = 0x374b69da 0x147098a2 0xebffb910 0x876b58be
      d = 0x094426b2 0x9a14404f 0x64080044 0x00000000 0x4820078c 0x974c1200 0x7c180044 0x00000000 
  [2] W = 0xb22f3715 0xcd7a1313 0x6c1ea77f 0xa6d27be7
      d = 0xb001d115 0x96d40601 0x00001024 0x00000000 0xcde3b065 0x0a9b8262 0x00001024 0x00000000 
  [3] W = 0x9e451303 0xb888cf31 0x8cb94f46 0x0f6a602e
      d = 0x4467c682 0x93000df2 0xa0101088 0x00000000 0x69053988 0x01033310 0xa0101088 0x00000000 
  [4] W = 0x9e4a48fe 0x3de989d4 0x96b2f81d 0xff96a465
      d = 0x20889061 0x94407d44 0x0820003a 0x00000000 0x2a480028 0x6e29ccb2 0x18e0001a 0x00000000 
  ... and 91 more distinct vectors
HW=58: 205 total, 205 distinct vectors
  [0] W = 0xdf804864 0x0718c762 0xe1659b98 0x10c0e0f3
      d = 0x60bd8b04 0x68018a60 0x90200e90 0x00000000 0x2176b010 0x28b840b4 0x90200190 0x00000000 
  [1] W = 0xf7dba167 0xfd17131c 0xf1e70866 0x0d93c273
      d = 0x226211a8 0x4a222440 0xd1008c80 0x00000000 0x07246a01 0xcc5698a0 0xf1008580 0x00000000 
  [2] W = 0x137681a9 0xab3bc108 0xb04fb825 0xae2c4b80
      d = 0x513970a6 0x8280abb4 0x38028086 0x00000000 0x3000483c 0x035082a1 0x18018182 0x00000000 
  [3] W = 0x34a20acb 0xca9156f6 0xe9b33cf1 0x4b862707
      d = 0xa4816600 0xd42f3014 0x90061300 0x00000000 0x2102142c 0xa04e054c 0xb0023f00 0x00000000 
  [4] W = 0xe2af1f6b 0x290d868a 0xa24dc6e4 0x48b83e2c
      d = 0xd020304c 0x92503040 0x5c220040 0x00000000 0xdda18c6c 0x068d50b0 0x4c2200c0 0x00000000 
  ... and 200 more distinct vectors
HW=59: 337 total, 337 distinct vectors
  [0] W = 0x89856d19 0xa0edbe4a 0xf3ba4ed8 0xf6436ee8
      d = 0xd8020341 0xcb0c4bc5 0x8b00b013 0x00000000 0x824908e0 0x12601042 0x89019013 0x00000000 
  [1] W = 0x7482ff63 0x46bfd054 0x2a14cfce 0xce479138
      d = 0x4a90c7f7 0x12762036 0x40108098 0x00000000 0x20228790 0x8072a020 0x401080b8 0x00000000 
  [2] W = 0xe3c17cbe 0x468d8835 0x06e12df0 0x48b8b7bf
      d = 0x98225297 0xb9922a00 0x81206401 0x00000000 0x0b2a92aa 0x980b8004 0x81202c01 0x00000000 
  [3] W = 0x5dd9c6f0 0xc5f97a13 0xbdd6868e 0xcde971ad
      d = 0x08532c33 0x3122c9cd 0x00041008 0x00000000 0x81791b90 0x6121aa37 0x00041008 0x00000000 
  [4] W = 0x72ee4a62 0xcfe8a1d3 0xa1872b7a 0xd9e168ce
      d = 0xb20a0a18 0x00531030 0x80803031 0x00000000 0xd9280c42 0x60a34a61 0xff801011 0x00000000 
  ... and 332 more distinct vectors
HW=60: 662 total, 662 distinct vectors
  [0] W = 0x13d61ac5 0xc15482c2 0x7091a2c4 0xdde914a0
      d = 0x07a09082 0x0a2d0852 0x1c21c242 0x00000000 0x461b1c60 0x281491c6 0x0c604242 0x00000000 
  [1] W = 0x742943e6 0xd6e0144c 0x59563178 0x7056a644
      d = 0x908b182a 0xa0ca8365 0x00218315 0x00000000 0x0988a90c 0x26028c38 0x00208715 0x00000000 
  [2] W = 0x32a0e578 0xeff1bd9f 0xd004067e 0x49b62d7b
      d = 0x71021845 0x09230084 0xf628843a 0x00000000 0x10ad9040 0x2090060c 0x52298476 0x00000000 
  [3] W = 0x68efdfb1 0xf02f719d 0xdd870cf3 0xbf372d1f
      d = 0x2060e38c 0x046cc648 0x01001929 0x00000000 0xab435021 0x841831a5 0x01000b2b 0x00000000 
  [4] W = 0xefff75f3 0x2963bf33 0x8e3bfe51 0xcfc57389
      d = 0x468c4501 0x7025d2aa 0x000c1870 0x00000000 0xb88488cd 0x62078826 0x000c0850 0x00000000 
  ... and 657 more distinct vectors
