=== block2 lowhw set: m0=0x5f59b67c fill=0x80000000 bit=10 max_hw=60 ===
samples: 1000000000  elapsed: 22.89s
min HW seen: 49

HW=49: 1 total, 1 distinct vectors
  [0] W = 0xfa04f022 0xe410c662 0x6743f98c 0x163cc315
      d = 0xa3088056 0x00809888 0xa00022a6 0x00000000 0x090b0490 0x22112692 0xa00021a2 0x00000000 
HW=52: 4 total, 4 distinct vectors
  [0] W = 0x6e711a8e 0xe93f7fde 0xde532b3c 0xddaa2266
      d = 0xd459c832 0x5030211c 0x00405840 0x00000000 0x00240044 0x112126ff 0x00405840 0x00000000 
  [1] W = 0x6693826c 0xcd1f2963 0x2e58f23a 0x33eaec95
      d = 0xa9021808 0x401a0241 0x00500030 0x00000000 0x4106b558 0x03b7c5de 0x00300010 0x00000000 
  [2] W = 0xfe63cf47 0x76e6fcc2 0x86a3e7dd 0xb15f64d1
      d = 0xa0e5e224 0x03588045 0x10020008 0x00000000 0x87080f6c 0x0138a093 0x10020018 0x00000000 
  [3] W = 0x1ccf9679 0x2e18ee59 0x49a921b0 0xde7df89f
      d = 0x304442b2 0x0a433e88 0x08008040 0x00000000 0x18e0d468 0x08438e44 0x18018040 0x00000000 
HW=53: 12 total, 12 distinct vectors
  [0] W = 0x04ed01ce 0x3e46e724 0xb6e0d8d5 0x12bfeb28
      d = 0x0daa192d 0x000a68c1 0x81480020 0x00000000 0x20b0284a 0x8243a172 0x80c80020 0x00000000 
  [1] W = 0x26beea86 0x8624b951 0x30dcab16 0x127900e9
      d = 0x0c781094 0x0988821a 0x00e07c00 0x00000000 0x52926280 0xaa20a20e 0x00601c00 0x00000000 
  [2] W = 0xc027cc88 0x0f6cda33 0x1174f4e6 0x72e61152
      d = 0x09462fa4 0x911104a1 0x16c20102 0x00000000 0x0a2e0080 0x01ad0198 0x0a420102 0x00000000 
  [3] W = 0x0acd62ca 0x741a4180 0xb961ad35 0x142e2196
      d = 0x01856210 0x21203403 0x08b82640 0x00000000 0x019ca090 0x300b6c10 0x08a86640 0x00000000 
  [4] W = 0x6574c667 0x4ab34fdb 0x4a4ff19f 0x3bf53f81
      d = 0x82442121 0x00010186 0x11c04140 0x00000000 0x388a2a54 0x1b8d8851 0x11c0c140 0x00000000 
  ... and 7 more distinct vectors
HW=54: 12 total, 12 distinct vectors
  [0] W = 0x9de85e92 0x5170e46f 0xf25970b1 0x55a8ec56
      d = 0xa0b88744 0x0082c18b 0x880004a0 0x00000000 0x12fa4c92 0x00940081 0x88003da0 0x00000000 
  [1] W = 0x7edbc8c7 0xffa64fe6 0xfd080dab 0x6b1f6d55
      d = 0x00803744 0xc0743310 0xcc009090 0x00000000 0x084be608 0xb2900000 0x4c00b1b0 0x00000000 
  [2] W = 0x54ebfee5 0x4dde24be 0xa07da35a 0x96cbc371
      d = 0x1c467407 0x50308246 0x30000182 0x00000000 0x80271d3c 0x40380622 0x1000018e 0x00000000 
  [3] W = 0xbd1f809a 0xec90259c 0xec59e02d 0xdbd92863
      d = 0x02e09a02 0x24566050 0x1022c00c 0x00000000 0xc4414044 0xc90aa187 0x1021c00c 0x00000000 
  [4] W = 0x65b3eb78 0x034005d6 0x7ca2414b 0xa5ec5ace
      d = 0x30866505 0x002f1a00 0x60040006 0x00000000 0xd4a52105 0xc8250261 0xe01c000a 0x00000000 
  ... and 7 more distinct vectors
HW=55: 21 total, 21 distinct vectors
  [0] W = 0x9985dcc5 0x61b0d4ab 0x1f94ae19 0xc0aead72
      d = 0x28640680 0x343021b0 0x88458100 0x00000000 0x118d3595 0x20038033 0xb8428100 0x00000000 
  [1] W = 0x5ef158d5 0xc8938620 0xb2ac9b6b 0x19fc9aeb
      d = 0xaa006807 0x51879812 0x25801820 0x00000000 0x62710325 0x08021294 0x62800860 0x00000000 
  [2] W = 0x5fcc36f1 0xfb5d3578 0xe3b16ba1 0x1660b4a3
      d = 0x82023500 0x44131885 0x08200140 0x00000000 0xece360a9 0x5c306993 0x082000c0 0x00000000 
  [3] W = 0x2bd6179a 0xcd814208 0x5dc62de8 0x97175b75
      d = 0x444480a3 0x041b0280 0x88340091 0x00000000 0x80d16348 0x5ea40224 0x88140073 0x00000000 
  [4] W = 0xbe98eb4f 0xddda0c57 0x1644ed9f 0xf51e44e4
      d = 0x80300960 0x18c46141 0x13618207 0x00000000 0x4be40031 0x26620000 0x1160860d 0x00000000 
  ... and 16 more distinct vectors
HW=56: 48 total, 48 distinct vectors
  [0] W = 0xa5a56cf6 0x0f4eb58b 0xe60897f4 0x6a3bdc6f
      d = 0x401c6032 0x08332103 0xa1800800 0x00000000 0xc06ba147 0x5096229b 0xa6800800 0x00000000 
  [1] W = 0x5254be40 0x76074d4e 0x6a7691b9 0xb07c5eb9
      d = 0x80887272 0x8b02400a 0x90282004 0x00000000 0xd526340a 0x93c8090a 0x90682004 0x00000000 
  [2] W = 0x7cc29564 0xe3ae4833 0x7faf9187 0x3e79de48
      d = 0x60b04329 0x0891051a 0xa4100430 0x00000000 0x86775201 0x40012226 0x641004f0 0x00000000 
  [3] W = 0x5276132f 0x9264dfe6 0x3a9b7e6a 0xff948ce1
      d = 0x82008687 0x32820614 0xaa0441e0 0x00000000 0x80340942 0x651e4042 0xbe044020 0x00000000 
  [4] W = 0x120d00ba 0xf1592f57 0x42c704ce 0xe98c29c1
      d = 0x1ab741d4 0x18122907 0xc800003e 0x00000000 0x451d3d01 0x0b048000 0x4800000e 0x00000000 
  ... and 43 more distinct vectors
HW=57: 97 total, 97 distinct vectors
  [0] W = 0xc6654556 0xb739f411 0xbec9894c 0x73e9993c
      d = 0x80121068 0x95860c05 0x8143a204 0x00000000 0x81844708 0x91e20a92 0x81456204 0x00000000 
  [1] W = 0xdc38ad24 0xfa1574aa 0xc483c3aa 0x222d67f1
      d = 0x03568130 0x0d220da0 0x00701c80 0x00000000 0x225870c4 0xe1a430c1 0x01d02480 0x00000000 
  [2] W = 0xf13f12aa 0x7e2138ff 0x7ee07860 0x4c645256
      d = 0x5094c02b 0x7478875e 0x00800462 0x00000000 0x7884d8a3 0x51280800 0x00800422 0x00000000 
  [3] W = 0xc48cb03a 0x03f0f69f 0xb94019ce 0xf5491ab2
      d = 0x4812a111 0x1b470468 0x00980800 0x00000000 0x4293ca10 0x5bc103ea 0x01a81800 0x00000000 
  [4] W = 0x8ec8ac24 0xf2c051c2 0xe7f5da7e 0xcbfcb043
      d = 0x6018810d 0xd4a67101 0x02100020 0x00000000 0x0628340e 0xb9d560e1 0x06300060 0x00000000 
  ... and 92 more distinct vectors
HW=58: 178 total, 178 distinct vectors
  [0] W = 0xf85ea0aa 0xa535276f 0x3ac037e3 0xbbb5765d
      d = 0x4a870658 0xc6e01702 0x9a22c000 0x00000000 0x008f9001 0x15023238 0xaa264000 0x00000000 
  [1] W = 0x681d0841 0xebbcd5ab 0x503828cf 0xf11da9bf
      d = 0x0cca4093 0x5a1c481e 0x82012805 0x00000000 0xc0f01318 0x90000c17 0x82016803 0x00000000 
  [2] W = 0x527b0bb6 0x52b79430 0xa6094128 0x4bacc1fe
      d = 0x0ca621a3 0x48130940 0x22031100 0x00000000 0xe0998c49 0x16a64710 0x62031100 0x00000000 
  [3] W = 0xa96415a7 0x51cce9af 0x53d495b3 0xed303542
      d = 0xe08d205a 0xa44d0554 0x00004c4f 0x00000000 0x90e404d2 0x01b46401 0x00003c41 0x00000000 
  [4] W = 0x296182e8 0x3ead40b6 0x41c2b68b 0xf5687d42
      d = 0x04905564 0x4d0a3901 0x00052210 0x00000000 0x30160240 0xcff616a6 0x00052610 0x00000000 
  ... and 173 more distinct vectors
HW=59: 333 total, 333 distinct vectors
  [0] W = 0x7b97d3d2 0xbc57b7a4 0x1ec14c55 0xde3509f0
      d = 0x40001096 0x4c540208 0x80230c60 0x00000000 0x12c0a965 0x0f693e48 0x802d3c20 0x00000000 
  [1] W = 0xea568b0f 0x5dd9a414 0x42390799 0x3b88c97c
      d = 0x080a030a 0x2b002280 0x0fc11d04 0x00000000 0x74844e89 0x641d072a 0x01412304 0x00000000 
  [2] W = 0xdd8c8123 0xf8b03917 0x0dc67d1e 0x8ede59ac
      d = 0x25812a81 0xaba9450c 0x28480006 0x00000000 0xe111022c 0x088c8d92 0x6848001a 0x00000000 
  [3] W = 0xf2daa3f2 0x7232a4a0 0xf2704993 0x9308d272
      d = 0x3828004d 0x1c996a6e 0x18238002 0x00000000 0x68600499 0x0c81828a 0x1822800e 0x00000000 
  [4] W = 0xf0193bc8 0x3b6a5f78 0x6029807a 0x54fbe549
      d = 0x8690239e 0x06d21114 0x498100c0 0x00000000 0x08315040 0x2d9205be 0xc8810140 0x00000000 
  ... and 328 more distinct vectors
HW=60: 658 total, 658 distinct vectors
  [0] W = 0xb5d9e822 0x936065cc 0x64ecee20 0xdc3ac434
      d = 0x5a253180 0x06450290 0x03064122 0x00000000 0xcd3ae0a1 0x9038000c 0x050dc322 0x00000000 
  [1] W = 0xd9407400 0x2fc3e3e0 0x24468ddf 0x4a5ff301
      d = 0x14d28300 0x49a64640 0xc1691880 0x00000000 0x8ab88a04 0x08108423 0xc1277880 0x00000000 
  [2] W = 0xd2c175a0 0x72d478da 0x4427819d 0x369b0977
      d = 0x56891403 0xe2b80248 0x08600500 0x00000000 0xba591e21 0x888443eb 0x18200300 0x00000000 
  [3] W = 0x024bbfed 0xc37283f6 0xf28d4470 0x1a6e4751
      d = 0xc18bb912 0x94980064 0x01810233 0x00000000 0x0409c65f 0xd8488021 0x01830211 0x00000000 
  [4] W = 0x013bc677 0x47564b2d 0x48462ab4 0x2f0d6bbc
      d = 0xe8824124 0x0e00c348 0x8003e160 0x00000000 0x08490228 0xae80953f 0x8001aea0 0x00000000 
  ... and 653 more distinct vectors
