=== block2 lowhw set: m0=0xc45e4115 fill=0x80000000 bit=10 max_hw=60 ===
samples: 1000000000  elapsed: 22.88s
min HW seen: 49

HW=49: 1 total, 1 distinct vectors
  [0] W = 0x93df54f5 0x5178c2f5 0x6dee8aa6 0x2bf88b9b
      d = 0x93b6a4a1 0x0e4414a1 0x02001100 0x00000000 0x03402132 0x86800827 0x02003100 0x00000000 
HW=51: 3 total, 3 distinct vectors
  [0] W = 0x7a3bab68 0xe58334a3 0xe1f5b028 0xa9e3e1d0
      d = 0x20408828 0xbc08061a 0x8e406002 0x00000000 0xe2115d30 0x480c0206 0x86402002 0x00000000 
  [1] W = 0xa4142c9b 0x116cd758 0xfb75c1fb 0x2a1a8b9e
      d = 0x085bea40 0x502c8e20 0x00040008 0x00000000 0x113c49a4 0xc068d616 0x00040008 0x00000000 
  [2] W = 0x3f0954f0 0xa77c995b 0xbeab8d70 0x2fb8b4b2
      d = 0x74556261 0x59442a06 0x01800000 0x00000000 0x1a36805c 0x483c3204 0x01800000 0x00000000 
HW=52: 5 total, 5 distinct vectors
  [0] W = 0xf81d181b 0x38d4e714 0x22f094ef 0x3dc0f7f9
      d = 0x06028400 0x62a0d491 0xa00005c4 0x00000000 0x771020d8 0x835128e0 0xa0000444 0x00000000 
  [1] W = 0xca13d76d 0xaf3bcd52 0x04ad255a 0xa0c09e79
      d = 0x60824e08 0xc400015b 0x14186190 0x00000000 0x28469022 0x0c301840 0x0c18e090 0x00000000 
  [2] W = 0xecedce29 0xf030531d 0xb02248b4 0xdfa231ee
      d = 0x11213401 0xb3808c29 0x1a082003 0x00000000 0x218c04c4 0x68a2a041 0x0a082003 0x00000000 
  [3] W = 0x07a8ea24 0x47608d12 0x8e9e2813 0x3811d67d
      d = 0xcd2218a3 0x00204489 0x0de09000 0x00000000 0xe4542803 0x00f80194 0x06209000 0x00000000 
  [4] W = 0x7e229bee 0x86b6e561 0x1947e5ec 0x5ab8f531
      d = 0x02418949 0x81e00031 0x30013008 0x00000000 0xe0c91e08 0x09206c60 0x10077008 0x00000000 
HW=53: 5 total, 5 distinct vectors
  [0] W = 0x4e3f665a 0xfc7a9320 0x6dc641cf 0x1a019530
      d = 0x38418014 0x81721808 0xa1c30086 0x00000000 0x00a82487 0xa0105498 0xa0430086 0x00000000 
  [1] W = 0xc774ec8f 0x06411e5d 0x94df3f98 0x16acc7ce
      d = 0xa5812a18 0xb402a100 0x100b0100 0x00000000 0x8d088085 0x8c12a248 0xf00f0300 0x00000000 
  [2] W = 0x7c0c118f 0x398c5cb1 0xf15e923c 0x403975b0
      d = 0x76048302 0x94850c82 0xc2408000 0x00000000 0x1f049024 0x800ff585 0x42408000 0x00000000 
  [3] W = 0x98d81771 0xdcf9372a 0xb99d4ea4 0x19711680
      d = 0x022ca12d 0x01341042 0x44382000 0x00000000 0x50009743 0x72683895 0x44282000 0x00000000 
  [4] W = 0x18b03711 0xd4111f38 0x093afca3 0x83784974
      d = 0x5f550070 0x6bc84160 0x38040020 0x00000000 0x890941a5 0x01cc8108 0x48040020 0x00000000 
HW=54: 10 total, 10 distinct vectors
  [0] W = 0x73f00e0e 0x340f15d6 0x00026f0c 0xf19af65d
      d = 0x40192686 0x06165739 0x00207090 0x00000000 0xe12c980d 0x07000498 0x00201090 0x00000000 
  [1] W = 0x9e994b63 0x495b63b9 0x80a674cf 0x89c9c9d0
      d = 0xc2080a98 0x088ea278 0x20081102 0x00000000 0x959600a1 0xc860a318 0x60081102 0x00000000 
  [2] W = 0xf7a11ce9 0x53b68817 0xd43100ed 0x71b7859b
      d = 0x18a69c28 0x00d4ac03 0x00000980 0x00000000 0x4ba14150 0x4f32a963 0x00000880 0x00000000 
  [3] W = 0x1c89ab55 0x1580eb24 0x14698596 0xbfb1a89b
      d = 0x39244593 0x8da190ac 0x26080094 0x00000000 0x00a30020 0xb0809063 0x22080094 0x00000000 
  [4] W = 0xd0cb5893 0xc0f5ca9f 0x4d64dfcc 0x053ba4c2
      d = 0xe8801055 0x2a19b501 0x48402000 0x00000000 0x85259291 0x243c2423 0x48c02000 0x00000000 
  ... and 5 more distinct vectors
HW=55: 32 total, 32 distinct vectors
  [0] W = 0x477406aa 0x33858a3a 0xda93e03b 0x740ebd51
      d = 0xd0e6e80c 0xf1045b90 0xc0020020 0x00000000 0xb0029052 0x18383c88 0xc0020020 0x00000000 
  [1] W = 0x48e1e625 0xf08afad7 0x55d9eadf 0x78c5ed5e
      d = 0xc36acac8 0x80108418 0x004b1010 0x00000000 0x82b104de 0x2c00122d 0x00591010 0x00000000 
  [2] W = 0x8093defe 0x92c00858 0xeaa3761d 0x0872118d
      d = 0x44e00852 0x00394012 0x01605644 0x00000000 0x68d22010 0x17a89438 0x01204e44 0x00000000 
  [3] W = 0x941f92ae 0xaf0650eb 0xc67b4ea6 0x5a54f751
      d = 0x06008a04 0x408c1125 0x03e20181 0x00000000 0xa023000a 0x866eeb33 0x0c220081 0x00000000 
  [4] W = 0x56248851 0x22f7b306 0x467430ed 0xcd57ebf9
      d = 0x01eb184a 0x02000981 0x5fc20020 0x00000000 0xd1050701 0x4cb020c6 0x38460020 0x00000000 
  ... and 27 more distinct vectors
HW=56: 51 total, 51 distinct vectors
  [0] W = 0x9ce3332a 0xaa47c349 0x17f7819e 0x1f427dfc
      d = 0x0018c18b 0x30061151 0x94000c22 0x00000000 0x0a2c85b4 0x10e21439 0xb4000c22 0x00000000 
  [1] W = 0x86ed8181 0xed6ae70f 0x80e0a68a 0x12043ed2
      d = 0x4ea60222 0x242de330 0x00888005 0x00000000 0x18038f00 0xca629090 0x03888003 0x00000000 
  [2] W = 0x28f1d447 0x5d5e921b 0x6cab0735 0x85f98373
      d = 0x82120913 0x819084cc 0x82004100 0x00000000 0x4271716c 0x28104ff2 0x8201c100 0x00000000 
  [3] W = 0xba7c19e7 0x115c4da7 0x85f4dbb3 0xced42ab2
      d = 0x0c02b3f6 0x26e23800 0xc6808300 0x00000000 0x90922808 0xc0886446 0x42808300 0x00000000 
  [4] W = 0xe65a6d20 0xd439233f 0xfb89d910 0xd5dc91e5
      d = 0x62292160 0x821208c0 0xb0d00010 0x00000000 0x114ad008 0x6135cc91 0xf0d00030 0x00000000 
  ... and 46 more distinct vectors
HW=57: 112 total, 112 distinct vectors
  [0] W = 0x52225639 0x044a332b 0x07c135bc 0x0fa205e7
      d = 0x88088caa 0xa1112900 0x07e00080 0x00000000 0x4934c379 0x21d54027 0x0c600080 0x00000000 
  [1] W = 0xff307e04 0xeee049fc 0x1c28f873 0x67f5a5e0
      d = 0x39001024 0x942c940d 0x244100a0 0x00000000 0x9204ca4c 0x83c6ca44 0x23c100a0 0x00000000 
  [2] W = 0x63067e1e 0x3478e7fc 0x3869045f 0x04bfedee
      d = 0x0cd110a3 0x14718028 0x1e02003a 0x00000000 0x4a0412d6 0x94810890 0x0e02006e 0x00000000 
  [3] W = 0x214fad77 0x48c5c7e7 0xf712a09b 0xc333b27b
      d = 0x0100a840 0x64186128 0x0f42c000 0x00000000 0x369a0273 0x1009b513 0x1f41c000 0x00000000 
  [4] W = 0x145818da 0xff293c1b 0xcdec398e 0x116640e0
      d = 0xf06d00a0 0xd8618208 0x84063801 0x00000000 0x60479088 0x2384361b 0x84020801 0x00000000 
  ... and 107 more distinct vectors
HW=58: 184 total, 184 distinct vectors
  [0] W = 0x9a94741c 0x96e83cf7 0xbfa41dcc 0xbfadfb82
      d = 0x54b70088 0x470296e2 0x00002008 0x00000000 0x16ca6292 0x41c6ab9d 0x00002018 0x00000000 
  [1] W = 0x67d61011 0x1f583d9b 0x05816c2e 0x2893bdac
      d = 0x09036801 0x0411e4e4 0x9c0b8020 0x00000000 0x97f00f87 0x0818a200 0xac088020 0x00000000 
  [2] W = 0x31b28e54 0x6f7ff368 0xb345c7c1 0x7c01a1ff
      d = 0x986180c1 0x21300286 0x83308041 0x00000000 0x1a821325 0x409710de 0x83308041 0x00000000 
  [3] W = 0x94bb2c60 0xd7ddcb9b 0xbb7d054c 0x61459c66
      d = 0x34d40c28 0xf0541808 0x48000c94 0x00000000 0x88869421 0x02c43989 0xd8000394 0x00000000 
  [4] W = 0x885f8214 0x7bbafd5a 0xa6244512 0xfe445871
      d = 0xbc138940 0x1286ca68 0x36061040 0x00000000 0x88680d86 0xa241cc80 0x12021040 0x00000000 
  ... and 179 more distinct vectors
HW=59: 347 total, 347 distinct vectors
  [0] W = 0x070e4dfd 0x1880de05 0x6b4f8b05 0xdfc3a452
      d = 0x05ac73d8 0x390c8821 0x00305900 0x00000000 0xeaed0420 0x12048323 0x00306900 0x00000000 
  [1] W = 0x6fe86aa2 0x353f647c 0xefa19c24 0x588b34f6
      d = 0x6fd2c4a4 0x4c140c3b 0x00098000 0x00000000 0x02455e08 0xea032cab 0x00098000 0x00000000 
  [2] W = 0x59e71e31 0xfe0d0701 0x834c0697 0x70420c58
      d = 0x9a1245a6 0x3a300e12 0x8063e002 0x00000000 0x201a210c 0x2aa7450c 0x80222002 0x00000000 
  [3] W = 0x54d03261 0x011b5ecf 0x3293fe6e 0xe69d00e1
      d = 0x5084001c 0x02984c2c 0xc056021c 0x00000000 0x3d180319 0x2a0194aa 0x40ce0224 0x00000000 
  [4] W = 0x296a574f 0x13f3574e 0x5a4fd3a3 0xa747947e
      d = 0xa88a01e0 0xe7088e30 0xd9020010 0x00000000 0x0788e4ec 0x204282a0 0xcf020010 0x00000000 
  ... and 342 more distinct vectors
HW=60: 682 total, 682 distinct vectors
  [0] W = 0xcf992316 0x94894b8b 0x02f6db97 0xe90ebdf5
      d = 0xac24e041 0xda16a607 0x00080780 0x00000000 0x8010a21d 0x41e168bf 0x00080680 0x00000000 
  [1] W = 0xf8610ce4 0xe641e35a 0x9f7307af 0x0f5595ec
      d = 0x7284049c 0x1699c68a 0x20178100 0x00000000 0x28603888 0xe0a2e862 0x20288300 0x00000000 
  [2] W = 0xfe47da74 0xa42246f0 0x737a214e 0xdd2ca607
      d = 0x20318100 0xb040212c 0x008b8332 0x00000000 0x4419098f 0xa5c4c8e2 0x008a8332 0x00000000 
  [3] W = 0xe98921f3 0x7b53c228 0x61ceb7c3 0x51e70758
      d = 0x8a084b28 0x0a41077c 0x1a078060 0x00000000 0x42a8a40e 0x234653c0 0x0a088060 0x00000000 
  [4] W = 0x7a59bdc2 0xf1dabd72 0x68e16748 0xc500eccc
      d = 0x00313021 0x0b22e401 0xd0228011 0x00000000 0x9881d469 0x88614e50 0x502281f1 0x00000000 
  ... and 677 more distinct vectors
