=== block2 lowhw set: m0=0x6fbc8d8e fill=0xffffffff bit=1 max_hw=60 ===
samples: 1000000000  elapsed: 22.88s
min HW seen: 51

HW=51: 2 total, 2 distinct vectors
  [0] W = 0x640e813b 0x311edecf 0xb22e3e2c 0xc89b1ff9
      d = 0x02200419 0x22d2000a 0x14084000 0x00000000 0x1c70e5f6 0xd1ab1014 0x14084000 0x00000000 
  [1] W = 0xffa1642f 0xb7b95a1d 0x03ac3860 0x10af3c30
      d = 0x1128e548 0x13166a10 0x04043000 0x00000000 0x04840315 0x80a90e61 0x041c3000 0x00000000 
HW=52: 4 total, 4 distinct vectors
  [0] W = 0xabbc89c3 0x6a1a64a1 0xf744ab26 0x262b1cf6
      d = 0x50881261 0x1a25c0c1 0x40070009 0x00000000 0x4a021214 0x6a242da2 0x40010019 0x00000000 
  [1] W = 0xeca3b5d7 0xd93a03bb 0xb0e8ccbd 0x86983842
      d = 0x37040c02 0x405834a0 0x90810605 0x00000000 0x248a8909 0x10170020 0x7181020d 0x00000000 
  [2] W = 0xaafb4c7f 0xaded7565 0x6b7b4c65 0x5c0a4ede
      d = 0x256480d4 0x0f1ca43c 0x20800188 0x00000000 0x1012a4fa 0x0004c004 0x20800198 0x00000000 
  [3] W = 0x9ceac07c 0x584163ce 0xf32ba392 0x6c6da7fe
      d = 0x44c28d19 0x8ca3501c 0x41300040 0x00000000 0x38193004 0x22445940 0x41500040 0x00000000 
HW=53: 3 total, 3 distinct vectors
  [0] W = 0x4ab8aa41 0xa1e41299 0x55534b02 0xba51b67b
      d = 0xb3140878 0x62800188 0x00406300 0x00000000 0xca4fee00 0x340406ca 0x00c02100 0x00000000 
  [1] W = 0x8b8659b8 0x569e45e0 0x5a6354d1 0x2fd4f90d
      d = 0x89421c48 0x2050630a 0x04020220 0x00000000 0x78090b86 0x38564086 0x1c020620 0x00000000 
  [2] W = 0x7658e258 0x28693d71 0xf72448d2 0xb9f8ce6d
      d = 0xc2c07074 0xb16090ca 0x21000020 0x00000000 0x3d12c449 0x8821181a 0x61000020 0x00000000 
HW=54: 18 total, 18 distinct vectors
  [0] W = 0x2e5a8793 0xabb3c027 0xa55e767c 0x19a9b534
      d = 0x400b7180 0x0eeb00e1 0x00003002 0x00000000 0x28618289 0x0e4f0c60 0x0001d00e 0x00000000 
  [1] W = 0x5f274ea8 0x68b0aff1 0xd4989b96 0x3aad3403
      d = 0x30b01880 0x0c097467 0x0008a083 0x00000000 0x3158c825 0x23813001 0x0018a085 0x00000000 
  [2] W = 0xed4f2562 0x358f53f3 0x21dadd6b 0x34878a50
      d = 0xb6b09017 0x403a6820 0x94000cc0 0x00000000 0x862d2308 0x03340140 0x9c000440 0x00000000 
  [3] W = 0x87c71040 0xdc2b7647 0xee9a29f6 0xdf3338a4
      d = 0x20040018 0x800d1a93 0x801e0704 0x00000000 0x20e40a43 0x6034bba2 0x80120304 0x00000000 
  [4] W = 0x2560c6c7 0x8abf3b7b 0xd7dddff3 0xe852b5a2
      d = 0x20615100 0x04cd000e 0x00c13000 0x00000000 0x9122a7d4 0x81c3d61c 0x00c13000 0x00000000 
  ... and 13 more distinct vectors
HW=55: 30 total, 30 distinct vectors
  [0] W = 0x4c2f12f5 0x604d5c6d 0xb3d3a82d 0x1c1b0386
      d = 0x59615113 0x00027c2a 0x0141e0e0 0x00000000 0x50001818 0x00908fc4 0x01436060 0x00000000 
  [1] W = 0x84ab5036 0x3b110b60 0x55ddcd9e 0x61a10e89
      d = 0x6d864881 0x2584be10 0x00004884 0x00000000 0xc10e08a4 0x2a86d0d1 0x00004884 0x00000000 
  [2] W = 0xdbadf1bb 0xd6cecdb6 0xe0794b4a 0xeb1d9782
      d = 0xe0098013 0xc5d24c81 0x0000c0f0 0x00000000 0x41021e48 0xc1d14c99 0x00014030 0x00000000 
  [3] W = 0x4254d9ca 0xf4d35afc 0x6e1e327a 0xa275ec12
      d = 0x6e042222 0x12679010 0x0a0800e8 0x00000000 0x8024eb11 0x1824c00a 0x1a0801d8 0x00000000 
  [4] W = 0x54d69c63 0x6c0d460e 0x5d506968 0x5fd56b96
      d = 0x9084d904 0x0f982404 0x00019c00 0x00000000 0xd9eb288a 0xe0686900 0x0000e400 0x00000000 
  ... and 25 more distinct vectors
HW=56: 44 total, 44 distinct vectors
  [0] W = 0x792e30e6 0x5967409f 0x9febfc85 0xef1ebbb8
      d = 0x26941c80 0x09a895d1 0x40b20006 0x00000000 0xc9205207 0x001b0ac2 0xc0520002 0x00000000 
  [1] W = 0x89c6d6ef 0x3078f322 0xed8821ac 0xde077b32
      d = 0x03480553 0x39080840 0x0004850b 0x00000000 0x47a64008 0x1cc894e4 0x0003851b 0x00000000 
  [2] W = 0x8d51c16a 0x1ae7a154 0x37679072 0x685fea06
      d = 0x2493c44c 0x15500030 0x3002a460 0x00000000 0xe84060d5 0x00c148a3 0xd0016420 0x00000000 
  [3] W = 0x98572b96 0xd99f7584 0xd2d22c73 0x7cdcfc7d
      d = 0xd14244a0 0xb700129c 0x03102008 0x00000000 0x44181743 0xd00422f7 0x01106008 0x00000000 
  [4] W = 0x54c9f177 0x3603a484 0x10f3bc6d 0x88bbd592
      d = 0x5a630241 0x048d5a14 0x00009b00 0x00000000 0x624219c4 0x2e5bc450 0x00009500 0x00000000 
  ... and 39 more distinct vectors
HW=57: 103 total, 103 distinct vectors
  [0] W = 0x2e2c7f0d 0x987c728b 0xd38e2a3d 0xcff9aa79
      d = 0x30594301 0xc2b014ce 0x80400500 0x00000000 0xcfd02394 0xdb900881 0x80400300 0x00000000 
  [1] W = 0x16843018 0x8068733b 0x4fe5d3bc 0x47d707d5
      d = 0x60828090 0x2d3128a5 0x00402b86 0x00000000 0x86601339 0x08210f44 0x00403586 0x00000000 
  [2] W = 0xcd75a68d 0x4d2371bf 0x41848695 0xfb9f89fe
      d = 0x1c90f02a 0x54180c3a 0x2d071028 0x00000000 0x44604142 0x42c90060 0x15013028 0x00000000 
  [3] W = 0xa7769304 0xd7d3186f 0x2f0ae200 0x1a11af05
      d = 0x30818110 0x0010b015 0x01818c49 0x00000000 0x93066349 0x3c8841b5 0x02818449 0x00000000 
  [4] W = 0x23d0b5dd 0x980ae268 0x4cb7892b 0x0fc44ba2
      d = 0xd61a3284 0x85348008 0x70d04102 0x00000000 0x2304492a 0x30843909 0x1050c102 0x00000000 
  ... and 98 more distinct vectors
HW=58: 154 total, 154 distinct vectors
  [0] W = 0x910d84e8 0x13821020 0x61412483 0xfffdab0b
      d = 0x261a2015 0x301a020c 0x09444070 0x00000000 0x2755112e 0x000a9869 0x19c44050 0x00000000 
  [1] W = 0x3a0a3166 0xf8ff21d5 0x84747957 0x608d03f8
      d = 0x8315560c 0x14ab8312 0x201c0c00 0x00000000 0x96982a44 0x04538436 0xe0040400 0x00000000 
  [2] W = 0x468cff90 0xf6acf6cf 0x66d17c55 0x6224e7f8
      d = 0x2d000a27 0xb1324229 0x8a0a000c 0x00000000 0x91f0641a 0xd020a062 0x8a0e0004 0x00000000 
  [3] W = 0x81e34f9c 0xea07c914 0x778d5046 0x6d3a2e04
      d = 0x140cb0d2 0x8ab22409 0x0005930c 0x00000000 0x2430cb50 0x1c751070 0x00049104 0x00000000 
  [4] W = 0xb6dc7086 0x215930e0 0xefe35b02 0x14e87123
      d = 0x1818e150 0xa0439028 0x030680e0 0x00000000 0x0c2965c5 0xa50018f8 0x010a80e0 0x00000000 
  ... and 149 more distinct vectors
HW=59: 378 total, 378 distinct vectors
  [0] W = 0x2740a793 0x45e9170a 0x8604f54e 0x0d0a1a18
      d = 0x00c0e29e 0x23a0184b 0x82903180 0x00000000 0xa400dd69 0x04427160 0x82905080 0x00000000 
  [1] W = 0x9f96498c 0x825bb93f 0x5af853a1 0x41072707
      d = 0x23005040 0x50ae0382 0xa4600044 0x00000000 0x74aca30c 0x187a1506 0x6ca0004c 0x00000000 
  [2] W = 0x2a5779a1 0x69045910 0xa6e32863 0xbe0a1b14
      d = 0x4298408c 0x8c08520c 0x00d4c060 0x00000000 0x50821e5d 0x4c180ce1 0x005bc060 0x00000000 
  [3] W = 0xfa9b4596 0xd7105cc2 0x4d862246 0xb01a7281
      d = 0x22425aa2 0x9e060081 0x30804040 0x00000000 0x41465249 0x9126d733 0x318040c0 0x00000000 
  [4] W = 0xd64309e8 0x58b418b7 0xaff039a6 0xb0511544
      d = 0x154660cb 0x9401c440 0x06043084 0x00000000 0x2d2eb599 0x01608854 0x06041084 0x00000000 
  ... and 373 more distinct vectors
HW=60: 664 total, 664 distinct vectors
  [0] W = 0xa5c7d2cc 0xac51dd63 0x6843253d 0x9074eaaf
      d = 0x1a8c14a4 0x48e1a20d 0x1d401780 0x00000000 0x716a1082 0x09223402 0x02c06a80 0x00000000 
  [1] W = 0xe3b61ba9 0x38a652c8 0xad1a5d57 0x30a90fef
      d = 0xa4000b54 0x01285bda 0x06650586 0x00000000 0x80904a0e 0x28140662 0x029b0482 0x00000000 
  [2] W = 0xbd285915 0x775ee010 0xc0ca027e 0x9035c5bc
      d = 0x308062e6 0xc0981061 0x200a1803 0x00000000 0x61503a0b 0x00377712 0x201a1805 0x00000000 
  [3] W = 0x5ae3c519 0x6a5e7319 0x239d21e7 0x7391c4d7
      d = 0x42d25b01 0x31820b60 0x00094680 0x00000000 0x972481e5 0x229e0c46 0x0008c580 0x00000000 
  [4] W = 0xdc18fb7b 0xad88a2c0 0x83cf3b28 0xf1eb26dd
      d = 0x8864cec0 0x2bd32019 0x20800e85 0x00000000 0x80da2c3c 0x04803888 0x21800283 0x00000000 
  ... and 659 more distinct vectors
