=== block2 lowhw set: m0=0x40fde4d2 fill=0xffffffff bit=14 max_hw=60 ===
samples: 1000000000  elapsed: 23.57s
min HW seen: 47

HW=47: 1 total, 1 distinct vectors
  [0] W = 0x16e4753d 0x9030ba9c 0x6b0c5c8d 0xf32c14a3
      d = 0x00a24200 0x82017050 0x00188210 0x00000000 0x6eb0a801 0x75891610 0x00098210 0x00000000 
HW=51: 1 total, 1 distinct vectors
  [0] W = 0x00a36b55 0xd4f64b91 0xad08cf33 0x29305dc4
      d = 0x142a40bc 0x0a442846 0x0c040000 0x00000000 0x126da0a9 0x0347082a 0x0c1c0000 0x00000000 
HW=52: 4 total, 4 distinct vectors
  [0] W = 0xcbf9e08f 0x0ae7141b 0xe4e40509 0xece7f24b
      d = 0x21342809 0x81593106 0x0000c800 0x00000000 0x3cd43484 0x45c9810c 0x0000f800 0x00000000 
  [1] W = 0x9fb465be 0x73762bdf 0x77bf8bf9 0x5eddfbb9
      d = 0x3c208268 0xcb761156 0xc7100010 0x00000000 0x92000020 0x0444c86a 0x43100010 0x00000000 
  [2] W = 0x5f65ebd8 0xa1cdc037 0x20aeb692 0x39ed382c
      d = 0x0a509006 0x20448493 0xbc520000 0x00000000 0xa11b7494 0x11002454 0xc4320000 0x00000000 
  [3] W = 0x8001d5c8 0xeda99a14 0x0385d941 0xad1907f7
      d = 0x90254b64 0x83313102 0x01000802 0x00000000 0x73200a21 0xc4a13702 0x03001802 0x00000000 
HW=53: 12 total, 12 distinct vectors
  [0] W = 0xcf482c44 0x92d9eda4 0x42ca7852 0xb5c7e8f2
      d = 0x244c6c20 0xf2081291 0x80800e04 0x00000000 0x36082574 0x025c000a 0x80801e04 0x00000000 
  [1] W = 0xff63088d 0x502e1134 0xd313de30 0xb264c11a
      d = 0x8a4e02a3 0xccc04cc0 0x60081a20 0x00000000 0x01709020 0xa4a04d08 0x20080660 0x00000000 
  [2] W = 0x22b21a59 0x5ed85e05 0xf60245a9 0x685064b2
      d = 0xa0b6c2b3 0x08005b24 0x00008200 0x00000000 0x0e38c256 0x1609c8e8 0x00008600 0x00000000 
  [3] W = 0x290ef403 0x06531744 0xf3cf0639 0x720dd81d
      d = 0x0ca3c5e5 0x882c0104 0x000c0080 0x00000000 0x0e4a389a 0x642500c4 0x003c0180 0x00000000 
  [4] W = 0x55aad080 0xf8e03cfd 0x10838b02 0x5d9c8593
      d = 0x8e1266c0 0x008e0228 0x00640004 0x00000000 0xa7a083c8 0x91a51304 0x00ec0004 0x00000000 
  ... and 7 more distinct vectors
HW=54: 9 total, 9 distinct vectors
  [0] W = 0x2bfa2ab6 0xbb3761e0 0xb66206c5 0x21e16e98
      d = 0x056a0404 0x80082701 0x213803c3 0x00000000 0x0a1c0144 0x8e50200d 0x611801c5 0x00000000 
  [1] W = 0xa0baa48c 0x71408db9 0x7e042582 0xac3703d8
      d = 0xc50a6023 0x92129284 0x09814440 0x00000000 0x04225878 0xc0009d10 0x1680c440 0x00000000 
  [2] W = 0x14488af0 0xa7c7871b 0xb3bd5da9 0x1906440d
      d = 0x81409117 0xc7899b88 0x0010104a 0x00000000 0x0a002081 0x01f4445e 0x0030104a 0x00000000 
  [3] W = 0x425fea76 0x5d3fca3e 0x2b735842 0x4f1c379f
      d = 0x6064281b 0x030e1212 0x48400041 0x00000000 0x483b0be0 0x52c93100 0x58400041 0x00000000 
  [4] W = 0x13326f9c 0x86f9df7c 0x1fd63f17 0xdea2d2ad
      d = 0xb3e0a006 0x40808880 0x810407a3 0x00000000 0x78600275 0x044700cc 0x810400a1 0x00000000 
  ... and 4 more distinct vectors
HW=55: 27 total, 27 distinct vectors
  [0] W = 0x1c14e897 0xa1cf4a94 0x5b20359a 0xeff83133
      d = 0x0626ac16 0x0549c8c3 0xc0085000 0x00000000 0x298400c0 0xb40a6c03 0xc0383000 0x00000000 
  [1] W = 0x9e89eee6 0xc9fa96cc 0xff4830fd 0xd3aa6696
      d = 0x180b0158 0x788c0628 0x6000c260 0x00000000 0x51812108 0x8091d2b2 0x2001c3a0 0x00000000 
  [2] W = 0xd3cb7d5c 0x3074ceec 0x9c8a5d38 0x328be36e
      d = 0xc0422452 0x381c058a 0x009e0e00 0x00000000 0x82004ff0 0x00849958 0x01ae0200 0x00000000 
  [3] W = 0x3d4e451c 0x485a42aa 0x01ef570d 0x8aded3ca
      d = 0x6aa54011 0xca6818d3 0x30060003 0x00000000 0x2b4061c1 0xe2a00b00 0x10020003 0x00000000 
  [4] W = 0x0f1f0173 0x0913cb8b 0x7c30e4fa 0x755d010d
      d = 0x60168144 0x4450c444 0x012a0402 0x00000000 0x51993b80 0x5c71c090 0x012a0402 0x00000000 
  ... and 22 more distinct vectors
HW=56: 46 total, 46 distinct vectors
  [0] W = 0x83acda22 0x05fa5c96 0x837fcfe2 0x2af5e6c3
      d = 0x3e44f231 0x50413013 0x08068505 0x00000000 0x7a840042 0x400240c0 0x080e850d 0x00000000 
  [1] W = 0x3040b138 0xea93e36b 0x4927ca94 0xbed7476e
      d = 0x5987c448 0x016f80c4 0x1a064100 0x00000000 0x85032250 0x20d000ca 0x1605c100 0x00000000 
  [2] W = 0x7aaa55ea 0x32f6b1c1 0x7d129766 0xd03653b9
      d = 0xa4515c60 0x0545100d 0x00d080b1 0x00000000 0x12910242 0x0ca39300 0x00308077 0x00000000 
  [3] W = 0xfea49bd7 0xd617ea38 0x414f0d90 0xbf56e02e
      d = 0xaa793030 0x821a956a 0x00404002 0x00000000 0x09064088 0x01265f27 0x0040401e 0x00000000 
  [4] W = 0xddc73120 0x4786b6f1 0xba4315fd 0xc767e9e3
      d = 0x90e43412 0x2019f124 0xc007a082 0x00000000 0x91605044 0x068d1059 0x40006082 0x00000000 
  ... and 41 more distinct vectors
HW=57: 93 total, 93 distinct vectors
  [0] W = 0xe70c938d 0xdadc2f53 0xb9fa79c8 0x2ea35789
      d = 0x34c83264 0x00052004 0x288f48e0 0x00000000 0x18a8aa2c 0x98018504 0x1889c820 0x00000000 
  [1] W = 0x1a3a67d2 0x8ec19af2 0x0e6f039d 0x2d8646f3
      d = 0x22532e20 0x605b2860 0x70006888 0x00000000 0x88982980 0x19642041 0x5001e888 0x00000000 
  [2] W = 0x706917dd 0x00c14c14 0x0138ce15 0x07b62f68
      d = 0x4a820429 0x40460c41 0x310e0403 0x00000000 0x805ebc19 0x9c040174 0x310a0401 0x00000000 
  [3] W = 0xb4c7f9da 0x346f18a4 0x38059039 0xca5c5238
      d = 0xd44c001a 0x14a82952 0x0500500f 0x00000000 0x23231024 0x29b03938 0x0300b001 0x00000000 
  [4] W = 0x25b61067 0x10eaf4fa 0x80c7ebc0 0xca4576ff
      d = 0x9215c048 0x86b94181 0xe4002002 0x00000000 0x38a2020b 0x14562270 0x5c006006 0x00000000 
  ... and 88 more distinct vectors
HW=58: 171 total, 171 distinct vectors
  [0] W = 0x44c9cdb3 0xd28df28c 0xf754d8a2 0xe4557ec2
      d = 0x22204095 0x2247189d 0xc0401dc0 0x00000000 0x36288d00 0x306011f2 0x40402cc0 0x00000000 
  [1] W = 0xb26fe04b 0x82b24878 0xbc189966 0x49b5d17c
      d = 0x0fd5042a 0x88e18c88 0xe00c8021 0x00000000 0x06129a1c 0x80af2104 0x20048021 0x00000000 
  [2] W = 0x5ae9c25f 0x36e072ce 0x2f8c7cd2 0xa2dbf7f9
      d = 0x108c0724 0x200f0f94 0x0118b040 0x00000000 0x681c3c09 0x40f8080d 0x011990c0 0x00000000 
  [3] W = 0x8e9a6e33 0xa8d19c3d 0xf1984356 0xc7ad0a4f
      d = 0x04388802 0x20005b71 0x01ca0999 0x00000000 0x8e807604 0x04047050 0x0046179b 0x00000000 
  [4] W = 0x2a719b37 0x3bf9803c 0x743ebda3 0xd2db00a6
      d = 0xce2214a1 0x30d48814 0x44800827 0x00000000 0xe1a21052 0x6021c908 0x44800827 0x00000000 
  ... and 166 more distinct vectors
HW=59: 329 total, 329 distinct vectors
  [0] W = 0x81f1cf17 0xba7d10de 0x14bd414d 0x2e035fe7
      d = 0xc05000b3 0xe4aa3873 0xa0100808 0x00000000 0xde726402 0xc42b0015 0x60100808 0x00000000 
  [1] W = 0x3fcbee28 0x03d72acf 0x37598888 0xcf59fe2c
      d = 0xb01c09a0 0x8149e7e8 0x10200847 0x00000000 0x59746212 0x88c8600a 0x10200841 0x00000000 
  [2] W = 0x277e932f 0x567a3de2 0x2908d521 0x46317217
      d = 0x470f8640 0x004b6148 0x65020990 0x00000000 0xa0092440 0x36274108 0xe70208b0 0x00000000 
  [3] W = 0xfa517592 0x4888a383 0xc3e5521f 0x5d765f4c
      d = 0xd8612a86 0x029313b1 0x05442000 0x00000000 0x68c0307c 0x149c4a45 0x05442000 0x00000000 
  [4] W = 0x40c577d6 0x29c7d9e9 0x8da88214 0x20a3d0c1
      d = 0xa4052a14 0x848a00c2 0x11880c72 0x00000000 0x0e1c8048 0xd8c95128 0x12881452 0x00000000 
  ... and 324 more distinct vectors
HW=60: 677 total, 677 distinct vectors
  [0] W = 0xb34db7fa 0xb3ec5143 0x01419981 0x7c45b799
      d = 0x0757a78e 0x08b40054 0x00841028 0x00000000 0xd1419835 0xb68cd004 0x00841018 0x00000000 
  [1] W = 0x53b6cadb 0xd7501a0d 0x562bd0a5 0xabd3b1fa
      d = 0x2e905025 0x00214485 0x084e224e 0x00000000 0x0424261c 0xa804110e 0x184a25d6 0x00000000 
  [2] W = 0xd53f7b83 0x73afd224 0xb489ccf1 0x2fe2e53a
      d = 0x300b023e 0x6d848080 0xaa250004 0x00000000 0x2b445870 0x2b1c8403 0xaa23000c 0x00000000 
  [3] W = 0x92193aa5 0x1cf5c063 0x3bc7b1ff 0x72fed763
      d = 0xa8306701 0x52143140 0x780900e1 0x00000000 0xb2560449 0x05020c11 0x780b0321 0x00000000 
  [4] W = 0x4095978e 0xbee1f93c 0xb901023f 0xb1937d1c
      d = 0xb262420a 0x0a986a28 0x8022007b 0x00000000 0x40940188 0x634d8519 0x802200d5 0x00000000 
  ... and 672 more distinct vectors
