=== block2 lowhw set: m0=0x67dd2607 fill=0xffffffff bit=2 max_hw=60 ===
samples: 1000000000  elapsed: 22.87s
min HW seen: 48

HW=48: 1 total, 1 distinct vectors
  [0] W = 0xa12752b4 0x254f168c 0x34405d23 0xc36078f1
      d = 0x52d41c00 0x95d30680 0x40403000 0x00000000 0x90d70161 0x44c10080 0x40403000 0x00000000 
HW=49: 1 total, 1 distinct vectors
  [0] W = 0x9d2c0578 0xade27c99 0xac549981 0xd3f06053
      d = 0x9700d919 0x6680c740 0x20012000 0x00000000 0x506220a5 0x0d00014b 0x60012000 0x00000000 
HW=51: 1 total, 1 distinct vectors
  [0] W = 0x29d4a748 0x1a82c316 0x1ee46ea6 0xf52c00fe
      d = 0x13450008 0x19880a98 0x60600005 0x00000000 0x4d64a598 0x10590004 0xa0a0001d 0x00000000 
HW=52: 3 total, 3 distinct vectors
  [0] W = 0xd8533465 0x6526aa4a 0xbd99fddd 0xc661854c
      d = 0x20000880 0x000720e0 0x108570ce 0x00000000 0x25014167 0x0108811a 0x318690ca 0x00000000 
  [1] W = 0x624b50fb 0x02d2aef1 0xb6980b97 0x4abcbc22
      d = 0x120480f0 0x10c81846 0x20802101 0x00000000 0x81e1002e 0x5035118c 0xe3802101 0x00000000 
  [2] W = 0x40fd8ce7 0xdd439eb7 0x7c30165d 0xa18aad20
      d = 0x740a0132 0x08c10446 0x010ea8d4 0x00000000 0x80103080 0x84800a42 0x011ae84c 0x00000000 
HW=53: 5 total, 5 distinct vectors
  [0] W = 0x75fb7589 0x72015dac 0x6f2adfb6 0xaf5cbed8
      d = 0x51a0491e 0x4000100c 0x00066120 0x00000000 0xde801427 0x30874925 0x0002a160 0x00000000 
  [1] W = 0x10755116 0xf0ae4b9d 0x02631913 0x49687fd3
      d = 0x94ed5842 0x183c8748 0x01100800 0x00000000 0xa60b025c 0x08089154 0x03100800 0x00000000 
  [2] W = 0x7babce04 0x4f02a911 0x5e300421 0x8835641b
      d = 0x4d201003 0xa8500228 0x0180a84c 0x00000000 0x163a127a 0x9890c000 0x0080b854 0x00000000 
  [3] W = 0x0aa4051a 0xcae70339 0x7a86f959 0x101cfa6f
      d = 0x80a01815 0x011b2e01 0x13000058 0x00000000 0xa0010ae8 0x2deb0227 0x15000048 0x00000000 
  [4] W = 0x17a03d45 0x111a3d61 0x8070f17a 0x55a034f5
      d = 0x8b091108 0xc014c888 0x60014086 0x00000000 0xa0442800 0x3f064167 0x2002c086 0x00000000 
HW=54: 20 total, 20 distinct vectors
  [0] W = 0xc587f58b 0x5de78a10 0x381e5402 0xa153c4ed
      d = 0x0021f000 0x628a1418 0xe05c010b 0x00000000 0xb0103244 0x01ba0a04 0xa04c010b 0x00000000 
  [1] W = 0x1c81fb47 0x5ec85cd3 0xff10d93a 0x62ca8f01
      d = 0x1600536a 0x426a04ce 0x040c8080 0x00000000 0x084851c0 0x13330476 0x04148080 0x00000000 
  [2] W = 0x4bf532e6 0x58990272 0x6238bd39 0xc66b5936
      d = 0x17839018 0x880c2901 0x303a2000 0x00000000 0x5842141a 0xbc896210 0x101e2000 0x00000000 
  [3] W = 0x99f77144 0x8c269fcb 0xa425d4a4 0xc89a247c
      d = 0x58980468 0x0302ee00 0x22421400 0x00000000 0xa010e1d5 0x8005688b 0x21c21400 0x00000000 
  [4] W = 0x1c32a092 0x4c3854c2 0x92a6c5d2 0x0988bb5c
      d = 0x9417224c 0x802598a1 0x0c205048 0x00000000 0x2a900128 0x8004c581 0x14e03048 0x00000000 
  ... and 15 more distinct vectors
HW=55: 25 total, 25 distinct vectors
  [0] W = 0x74451ddb 0x283cd2a4 0xff697990 0xdb39261d
      d = 0x14262c00 0x40979220 0x040008d0 0x00000000 0x9cd3072e 0x0035d004 0x1c000b50 0x00000000 
  [1] W = 0xaddf9698 0xbe9b9ade 0x75c7bbfe 0xd5bf6ee2
      d = 0x03202cb1 0x2c79702c 0x00a01004 0x00000000 0x46943802 0x2c06b127 0x00a01004 0x00000000 
  [2] W = 0xbc02679c 0xeec26364 0xf778f453 0xd7aef5ea
      d = 0x2412434a 0x2c2047c3 0x00480020 0x00000000 0x5421f90c 0x3d164258 0x00c80020 0x00000000 
  [3] W = 0x4e889aea 0xe76b7400 0xb48d2e55 0x39b75836
      d = 0x7728c026 0x41098080 0x22018012 0x00000000 0x8e1a6814 0xc1092f00 0x62008072 0x00000000 
  [4] W = 0xe125d3d0 0x30a0319f 0xe4ea9016 0x6be96722
      d = 0xaae11002 0x81911bc0 0x80200310 0x00000000 0xd4f83030 0x99d14804 0x80200130 0x00000000 
  ... and 20 more distinct vectors
HW=56: 42 total, 42 distinct vectors
  [0] W = 0x2e92fe6e 0x5abfdee1 0x8d166450 0x7214d75e
      d = 0x28e4c098 0x7901c548 0xf60400c0 0x00000000 0x011084e8 0x8087b040 0x960400c0 0x00000000 
  [1] W = 0xc5677966 0x633e2423 0x50f8e83e 0xf21ed6e1
      d = 0xd0726306 0x84354904 0x00000804 0x00000000 0x1008d375 0xc4357107 0x0000380c 0x00000000 
  [2] W = 0x7f72f176 0x0ad81ad8 0x39e0dd39 0x6aba6f5a
      d = 0x00404242 0x008682cf 0x01819304 0x00000000 0x541ec880 0x828a4cb2 0x0780b104 0x00000000 
  [3] W = 0xb46f60bf 0x576d3ce3 0xeed5b7fb 0x5d75862e
      d = 0x07289515 0xe0302426 0x80c04803 0x00000000 0x60932420 0x01b41228 0x80c0c807 0x00000000 
  [4] W = 0x0f2a12b0 0xe2fab5ce 0x3c26d20f 0x2a8f66bc
      d = 0x0327baf5 0xe2805328 0x01803000 0x00000000 0x80080491 0x62a1b31b 0x02801000 0x00000000 
  ... and 37 more distinct vectors
HW=57: 103 total, 103 distinct vectors
  [0] W = 0x633d8d02 0x81292dcc 0x368f0f04 0x3a9372d3
      d = 0x4889a087 0x0520016a 0x01860712 0x00000000 0x41e56041 0xa207d808 0x00820b12 0x00000000 
  [1] W = 0x9ee4c4d4 0xc9b6ba8b 0xc21d6af8 0x8709f679
      d = 0x2802080a 0xeb851ee4 0x05801011 0x00000000 0x1d95806a 0x10748602 0x05801011 0x00000000 
  [2] W = 0x46a9e0a8 0x2d276336 0xe979b156 0x3530c11f
      d = 0xb130c848 0x05148803 0x0e619000 0x00000000 0x590ab128 0x051c011e 0x76209000 0x00000000 
  [3] W = 0x79354169 0xf2193545 0x428e1cbd 0xa2267a11
      d = 0x24008a49 0x1ab05e07 0x30304048 0x00000000 0x0586c810 0x77142c81 0x10504048 0x00000000 
  [4] W = 0x285be1af 0xd9ab5898 0xe5b83944 0xb089c98c
      d = 0x95a02a82 0x8108e150 0x0020080e 0x00000000 0x07941bb9 0x43318a69 0x00200806 0x00000000 
  ... and 98 more distinct vectors
HW=58: 194 total, 194 distinct vectors
  [0] W = 0xaa1ea48e 0xaf6422e9 0x4c1bf9d5 0x570948e5
      d = 0x0a026775 0xe1095300 0x10081a04 0x00000000 0x9204a80b 0x9dc26081 0x10082e04 0x00000000 
  [1] W = 0xdde25bc4 0x45c881a9 0xea4ce1b7 0xb93d6bca
      d = 0x05888608 0x3420cc19 0x40f22091 0x00000000 0xe87c00e0 0x90642204 0x40122391 0x00000000 
  [2] W = 0xc20a05dd 0xd48d7425 0x3b34cd01 0xf003352b
      d = 0x01901a4c 0x36846000 0x33900203 0x00000000 0x0c1118b6 0x9e18504d 0x30900e01 0x00000000 
  [3] W = 0xcf5a31d1 0xa56af941 0xb2162860 0x94586e4d
      d = 0xf627ac40 0x008602e8 0x24018090 0x00000000 0xc1563010 0xfc0c0310 0x1c038090 0x00000000 
  [4] W = 0x79e13ac1 0x899f863d 0x525b48b1 0x52e3d7f7
      d = 0x59323800 0x16425903 0x46090002 0x00000000 0x78534718 0xa34a0051 0x4a090006 0x00000000 
  ... and 189 more distinct vectors
HW=59: 366 total, 366 distinct vectors
  [0] W = 0xf7e7ede9 0x4103d044 0x5a62f5e1 0x9f04264e
      d = 0x61841850 0x40380058 0x2c0cd002 0x00000000 0x084d4942 0x380327fa 0x1404d00e 0x00000000 
  [1] W = 0x75065688 0x45362503 0xb356bcc8 0xfd3e5b4f
      d = 0xd0548112 0x008d5e5c 0x10000211 0x00000000 0x6004b354 0xc403ecbf 0x10000211 0x00000000 
  [2] W = 0xa3fe1d79 0x6a70a771 0xad49bffe 0xcc706605
      d = 0xdc450457 0x78224394 0x00050005 0x00000000 0xb10e0145 0x3c089e91 0x0005000b 0x00000000 
  [3] W = 0xafbc9ba0 0xa5d83d44 0xec6d63fc 0x424abd55
      d = 0xdc442344 0xa102e504 0x95300000 0x00000000 0xcc9c8512 0x54290678 0x6d100000 0x00000000 
  [4] W = 0xe95e98b9 0x737d163d 0xe6e102e0 0x1111567e
      d = 0x21402362 0x0640b482 0x4091014a 0x00000000 0x400da2e8 0x00c1b8be 0x4091013a 0x00000000 
  ... and 361 more distinct vectors
HW=60: 679 total, 679 distinct vectors
  [0] W = 0x9371ca66 0xed96b078 0x48ac1b34 0xb29524f1
      d = 0x9a7068cd 0x16d4703c 0x030e000e 0x00000000 0x6904a580 0x8100104b 0x010e000a 0x00000000 
  [1] W = 0xd2727de5 0x241cf342 0xf4e92178 0xc80f6a7b
      d = 0x8940038a 0x280a0d47 0x11252920 0x00000000 0x06cc4219 0x802330a8 0x112d1720 0x00000000 
  [2] W = 0xf4cd78e4 0x21eb748c 0xa020b511 0x66db0450
      d = 0x70358120 0x30a24108 0x03005e10 0x00000000 0x0b72acba 0x438a858e 0x05004210 0x00000000 
  [3] W = 0xad8d8fcd 0x92f01f17 0xb344445e 0x423cae99
      d = 0xc8091690 0x4c118042 0x38090204 0x00000000 0x631608ca 0x0a057ed9 0x5809020c 0x00000000 
  [4] W = 0x047881da 0x9c3ab49b 0x9f9f882f 0xbdd1b322
      d = 0x80820c44 0xb04d2e0a 0x0744c008 0x00000000 0x48d044d0 0xc672442b 0x0545c008 0x00000000 
  ... and 674 more distinct vectors
