=== block2 lowhw set: m0=0x4e560940 fill=0xaaaaaaaa bit=13 max_hw=60 ===
samples: 1000000000  elapsed: 22.98s
min HW seen: 47

HW=47: 1 total, 1 distinct vectors
  [0] W = 0xaffb9373 0x6f262a99 0xe4deabc3 0x057cb110
      d = 0x524211d0 0x42438404 0x00820042 0x00000000 0x8460b026 0xc954081a 0x00820042 0x00000000 
HW=51: 1 total, 1 distinct vectors
  [0] W = 0xeef6d58b 0xbcb25aa8 0x0b030a3b 0x22cfbc39
      d = 0x89910116 0x11f60a14 0x04388800 0x00000000 0x0a284048 0x4cb80140 0x04079800 0x00000000 
HW=52: 3 total, 3 distinct vectors
  [0] W = 0xaa0c75b7 0xb3ea7aaa 0x6b57da55 0x93bb793b
      d = 0x06802520 0x40358a80 0x0a000c82 0x00000000 0x8e931064 0xa1e84308 0x0a003482 0x00000000 
  [1] W = 0x26c96ea3 0x68bc6e8d 0x48da3b5b 0xf99acce3
      d = 0x840b0f81 0x300a8383 0x80420600 0x00000000 0xa64a0a92 0xc8020512 0x80c60200 0x00000000 
  [2] W = 0xb8b6c066 0x77fc375b 0xd3f2d5d0 0xa05abff4
      d = 0x410e2c2c 0x0080c034 0xa12008c0 0x00000000 0x2189b8c3 0x813d3000 0xa1200840 0x00000000 
HW=53: 4 total, 4 distinct vectors
  [0] W = 0xfdcdecca 0x4ac510e0 0xf3f5f50c 0xe7de2766
      d = 0x82af0023 0x50568401 0x0120d000 0x00000000 0x14823e34 0xd1a88103 0x01215000 0x00000000 
  [1] W = 0x44a81afa 0xb9185921 0xf5b827df 0xd93450be
      d = 0x30301011 0xd867d09d 0x00030380 0x00000000 0xb4646220 0x48323013 0x00030080 0x00000000 
  [2] W = 0x880c622b 0x8d6901ef 0x07c25fe5 0xcbe5e6ba
      d = 0x2880025a 0x48040284 0x00380904 0x00000000 0xada4ba03 0x60223705 0x00181b04 0x00000000 
  [3] W = 0x4c115608 0xbcdcc960 0x9beba898 0x31e32364
      d = 0x184b9048 0x500c4433 0x44130004 0x00000000 0x88401804 0x870e368a 0xc4130004 0x00000000 
HW=54: 9 total, 9 distinct vectors
  [0] W = 0x8723b007 0xd5463a56 0x53929950 0x17abb88c
      d = 0x90b82504 0x0c400a50 0x20611004 0x00000000 0x06504479 0x0fb86348 0x20611004 0x00000000 
  [1] W = 0xf6a48641 0xabfe3b97 0xfd1157f1 0x2a0c9cc6
      d = 0x02904e01 0x2b88d17e 0x14800200 0x00000000 0x01a1e688 0x42d19240 0x1c800200 0x00000000 
  [2] W = 0xfe1060a1 0xb2830dc3 0xb45b8f9e 0x70ad840a
      d = 0xb84e463d 0x0c100428 0x49850200 0x00000000 0x4e000803 0xa10400a2 0xce9d0200 0x00000000 
  [3] W = 0x0ab6ac69 0x38479d74 0xb6c66880 0x011cf80b
      d = 0x235248a6 0x92a881b8 0x54068002 0x00000000 0x228100e8 0x0099084c 0x5c028002 0x00000000 
  [4] W = 0xa7e468b9 0x7498e5c0 0x6c3aebd0 0x195e9d70
      d = 0x04014646 0xa229c4a9 0x31000a00 0x00000000 0x86399827 0x0a00407d 0x11000e00 0x00000000 
  ... and 4 more distinct vectors
HW=55: 29 total, 29 distinct vectors
  [0] W = 0xe378b8c8 0x78599df8 0x3731b96b 0x0387f5c5
      d = 0x00048443 0x519528bc 0x85101000 0x00000000 0x0405910d 0xd4853660 0xbb101000 0x00000000 
  [1] W = 0x8d76a998 0x50f532fa 0x23eb3c4f 0xc83d31be
      d = 0x810e4418 0x12a5a406 0x0001d00e 0x00000000 0x43164422 0x328f9005 0x0001500e 0x00000000 
  [2] W = 0x49469cce 0xc13d2581 0xd42bdfa7 0x54326148
      d = 0x10200112 0x03a7b230 0x30000da0 0x00000000 0x300c027b 0x40bd9548 0x50000ca0 0x00000000 
  [3] W = 0xc84be8fe 0x1fda38d4 0x40d20234 0x1204cdbe
      d = 0x020a26c8 0x418142fe 0x08110985 0x00000000 0x59808403 0x10b4a050 0x08110885 0x00000000 
  [4] W = 0x93597144 0x1344507c 0xb03807f9 0xa8288cda
      d = 0x86040b32 0x20094701 0x200707c0 0x00000000 0xb1083008 0x0e28898f 0x20070940 0x00000000 
  ... and 24 more distinct vectors
HW=56: 39 total, 39 distinct vectors
  [0] W = 0x9a1c3b2f 0xb24367f3 0x09107d0d 0xd08a14f5
      d = 0x96b6bca0 0x15b24040 0x00200190 0x00000000 0xdc10b914 0x8070832c 0x00600090 0x00000000 
  [1] W = 0xf383ede0 0x49caf51f 0xfa4acbcb 0xc54cb012
      d = 0x01e30211 0x12005053 0x4206b840 0x00000000 0x4821b604 0x4421215a 0xc60ac840 0x00000000 
  [2] W = 0x0e03a306 0x360898d7 0x875f219e 0x0ef6d528
      d = 0x9080b445 0x0a890682 0x08654013 0x00000000 0x004c2e08 0xc1654281 0x08a4c00d 0x00000000 
  [3] W = 0xe9269108 0x5bf61deb 0x912d080e 0x35b6d318
      d = 0x1e8402d4 0x8d4c0618 0x506c0028 0x00000000 0x800102ab 0xa2452019 0x70240068 0x00000000 
  [4] W = 0x22fb6269 0x987ac372 0xc2888c78 0xb3fb5a9b
      d = 0x62110e71 0x6c849133 0x060003e0 0x00000000 0x46b080b4 0x40140691 0x0e000120 0x00000000 
  ... and 34 more distinct vectors
HW=57: 102 total, 102 distinct vectors
  [0] W = 0xaa10f216 0x3e1f6fdf 0xaf78238d 0xca331729
      d = 0xb122db46 0x08b20802 0xa20c0100 0x00000000 0x40fc0554 0x1a101baa 0xa2040100 0x00000000 
  [1] W = 0xf1daa8c5 0x3c890e24 0xb4fd90c2 0xda5fa5b0
      d = 0x5b8e0b9c 0xb0008094 0x81900420 0x00000000 0x552099a1 0x50800766 0x80900c20 0x00000000 
  [2] W = 0x066d4769 0x7e863509 0xbcce6a5a 0x41274198
      d = 0x600fa0a0 0xb1476898 0xe0090000 0x00000000 0x02629280 0xf545dcc0 0x60090000 0x00000000 
  [3] W = 0x067f36be 0xf5b85baa 0x2761fd4c 0x01c65428
      d = 0x6ac91824 0x41cd8110 0x1a080030 0x00000000 0x0c0e1909 0x234692e4 0x2a080050 0x00000000 
  [4] W = 0x95ec245e 0x3d9a714d 0x05cefa14 0x8b0efd12
      d = 0xa2666040 0xd8639203 0x00c06040 0x00000000 0x42898822 0x6917a031 0x004063c0 0x00000000 
  ... and 97 more distinct vectors
HW=58: 183 total, 183 distinct vectors
  [0] W = 0xb9ffcc1a 0x4fe928a4 0x354e269a 0xc23ed4d4
      d = 0x53e41052 0xb0184840 0x00801c38 0x00000000 0x4406906c 0x500feb5c 0x00802418 0x00000000 
  [1] W = 0x0ab4cb86 0xeb4c0ee4 0x3887ce2c 0xe907ff2d
      d = 0x048a14e0 0x58960140 0x003ce08c 0x00000000 0x88c2102a 0x4ae78938 0x0005a084 0x00000000 
  [2] W = 0xf84a5fd8 0xc591c600 0x5766ada8 0xd8ae74e1
      d = 0x22861946 0xa2595701 0x64060900 0x00000000 0x8c040a46 0x09126021 0xac1e0900 0x00000000 
  [3] W = 0x74e3def4 0xe896742a 0xe477c343 0x9fea04cc
      d = 0x4e044270 0x84950000 0xc4102446 0x00000000 0x1b680144 0x65501540 0xc413e44a 0x00000000 
  [4] W = 0x432980c6 0x151e529e 0x36f25a38 0xcb19f8a2
      d = 0x8da44145 0x89123c88 0xe0400002 0x00000000 0x282c204c 0x51e9ea07 0x60400006 0x00000000 
  ... and 178 more distinct vectors
HW=59: 358 total, 358 distinct vectors
  [0] W = 0x4c5419e9 0x224295fd 0x6f5cbde3 0xe4f493f3
      d = 0x5802d610 0xe5096808 0x1d048140 0x00000000 0xe4a85d85 0x05d02008 0x0d0c8140 0x00000000 
  [1] W = 0x2b5e28e5 0x261d0744 0x584d43fe 0xf66d8707
      d = 0x365b5c15 0x00041448 0x0a013102 0x00000000 0x21f459c3 0x00d0109b 0x06031102 0x00000000 
  [2] W = 0x0600740f 0x18b399af 0x1b4fc1ec 0x8d343af5
      d = 0x68a01a88 0x94260638 0x80842000 0x00000000 0x38334426 0xcc0735cb 0x818c2000 0x00000000 
  [3] W = 0xd373b2ec 0x00e26f1b 0xed241afb 0xa112f506
      d = 0x6c928453 0x08283403 0x12620012 0x00000000 0x2ab3a806 0x04606158 0x13a60012 0x00000000 
  [4] W = 0x7f00cced 0xb536abc3 0x69918764 0x76d8509a
      d = 0xa834b2ac 0x43398cc0 0x08000840 0x00000000 0xe28325ec 0x01185a70 0x38000840 0x00000000 
  ... and 353 more distinct vectors
HW=60: 653 total, 653 distinct vectors
  [0] W = 0xaef9977e 0x1ed537d5 0xbdd6b382 0x1f7e0c71
      d = 0x8e1a5082 0x6411b04c 0x01801e09 0x00000000 0x89a80a41 0x1c42d4f0 0x01801a09 0x00000000 
  [1] W = 0xe02cfc6f 0x8b85545f 0x00da3fd8 0xa3029548
      d = 0x447a4504 0x4dca8e25 0x40020000 0x00000000 0x89601aab 0x323e0735 0xc0060000 0x00000000 
  [2] W = 0x1f5e38d9 0xd0ebeb9b 0x1e8377b7 0x7ec05e2d
      d = 0x441eb041 0x2a9020c8 0x40ca80b4 0x00000000 0x21a00568 0x1189312e 0x4049806c 0x00000000 
  [3] W = 0xeb1c3f67 0xf2edcaff 0x3df3ebe6 0x516e7f81
      d = 0xb192228e 0x59488358 0x0141b200 0x00000000 0x4f740a0d 0x3ac04040 0x03409200 0x00000000 
  [4] W = 0xf134d0bf 0x0f43a0ee 0x1095f561 0x6909cddd
      d = 0xa5c0003e 0x41014210 0xc80c6300 0x00000000 0xa10d78f0 0x6a841c97 0x48042300 0x00000000 
  ... and 648 more distinct vectors
