=== block2 lowhw set: m0=0x09990bd2 fill=0x80000000 bit=25 max_hw=60 ===
samples: 1000000000  elapsed: 22.84s
min HW seen: 51

HW=51: 1 total, 1 distinct vectors
  [0] W = 0x20e9e301 0x8db065e5 0xa09c2903 0x9237207d
      d = 0x2220d00e 0x0de23230 0x18022084 0x00000000 0x03f1c104 0x120006a0 0x38022084 0x00000000 
HW=52: 3 total, 3 distinct vectors
  [0] W = 0xe7338048 0x7063b175 0xcfef5833 0xb9cc62a7
      d = 0x812a0e12 0x2c21aa8c 0x00108000 0x00000000 0x2c0ed390 0x9ae50a18 0x00108000 0x00000000 
  [1] W = 0x7f735acb 0x916c2b1e 0x95f3c239 0x5b260883
      d = 0x30402434 0xb54cb108 0xa000c182 0x00000000 0x60f28004 0x44401920 0xe000c182 0x00000000 
  [2] W = 0x98653b6c 0xde1c39e8 0x7d03ba78 0x43db549e
      d = 0x5204033f 0x3171807b 0x02000040 0x00000000 0x3b980063 0x721090a1 0x02000040 0x00000000 
HW=53: 10 total, 10 distinct vectors
  [0] W = 0x5ea045fe 0x95ea70d1 0xa5f79809 0x8824fd32
      d = 0x59601c06 0x6de10a96 0x4002c200 0x00000000 0x86403882 0x28686900 0x40024200 0x00000000 
  [1] W = 0xf531da7f 0x01b5f540 0x5ca8f30e 0x1beb5f2a
      d = 0x74894055 0x314ac28c 0x00141025 0x00000000 0x61900401 0xc0221e21 0x000c1023 0x00000000 
  [2] W = 0x5c9f6f99 0x9ceef2cf 0x14514114 0xb2083a8d
      d = 0x000d56a2 0x8f814396 0x01800042 0x00000000 0xc840220b 0x05724e80 0x018000c2 0x00000000 
  [3] W = 0x22057154 0x09d95f23 0x6598e99d 0x6dc5ccc8
      d = 0x78800894 0x0506f780 0x3800816c 0x00000000 0x270a4001 0x1aa08119 0x08008114 0x00000000 
  [4] W = 0xb28cc6c0 0x60ceaeaa 0x166d30c7 0xbec4975d
      d = 0x11070250 0x03204186 0x64800040 0x00000000 0x4c2d34a7 0x7802230c 0xa48001c0 0x00000000 
  ... and 5 more distinct vectors
HW=54: 19 total, 19 distinct vectors
  [0] W = 0x4cd3d7ee 0xf3ef93d9 0x3302d173 0x4cbc3945
      d = 0xb02bc000 0x4020803b 0x86aa0840 0x00000000 0x41a20443 0x01433483 0x825a08c0 0x00000000 
  [1] W = 0x28a3c35f 0x49c96c5b 0xec05f13a 0x16719d4b
      d = 0x412f00a8 0x54098a01 0xe0920240 0x00000000 0x7208401c 0x16610a41 0xe0920240 0x00000000 
  [2] W = 0x8c838a53 0x44fb0257 0xb28ff1ef 0xdaf4c176
      d = 0x0406a041 0x12c94441 0x08450048 0x00000000 0x49286cd0 0x023b266a 0x08450048 0x00000000 
  [3] W = 0x3ea2c4f9 0xa1872b07 0xd81ac7f4 0x9c64f746
      d = 0x08416010 0x90972806 0x432400a0 0x00000000 0x0100cc28 0xdff68022 0x43240060 0x00000000 
  [4] W = 0x071b1cbc 0xf51971ba 0xbee5d98d 0xbf5b1787
      d = 0x354f6ac6 0x03b20601 0x03000001 0x00000000 0x85b0acf0 0x45060605 0x01000001 0x00000000 
  ... and 14 more distinct vectors
HW=55: 33 total, 33 distinct vectors
  [0] W = 0xeecd07df 0x88eed844 0x2f284757 0xdf942276
      d = 0x01509025 0x401004c6 0x03c38810 0x00000000 0xf37b8590 0x80c01059 0x03408810 0x00000000 
  [1] W = 0xf4a3f4c1 0xcd49aa5c 0xf8489dfd 0x951e48c6
      d = 0x3a88b0c0 0x00ad8901 0x5e820026 0x00000000 0x0713040b 0x82462200 0x4286002a 0x00000000 
  [2] W = 0x67278d38 0x46980978 0xb1527ec3 0x2fc65146
      d = 0x51858ad0 0x42020182 0x00d8c000 0x00000000 0x0996014a 0x22d1df47 0x00584000 0x00000000 
  [3] W = 0x974ac06f 0x27afbe4c 0xdcac999f 0xbc749450
      d = 0x42f18764 0x40030860 0x0190d04a 0x00000000 0x80438042 0x814029d6 0x01905046 0x00000000 
  [4] W = 0x48e98936 0x4021cff1 0x4225b0de 0x73ff52e1
      d = 0x1099120d 0xc171d908 0x80218010 0x00000000 0x18126346 0x61c22a10 0x80618010 0x00000000 
  ... and 28 more distinct vectors
HW=56: 53 total, 53 distinct vectors
  [0] W = 0x1d6ea8bf 0xc75cbce3 0x48de64e3 0x0c0a9e82
      d = 0x0322801a 0xd3d40f14 0x84082104 0x00000000 0x9ec54100 0x72162800 0x84086104 0x00000000 
  [1] W = 0x8863632c 0x64d4b4cf 0xbbe890c9 0x97cd6211
      d = 0x228a08b0 0xf0640021 0xc4001a6e 0x00000000 0x10a41930 0x12c88a88 0x44000a3a 0x00000000 
  [2] W = 0x182fe164 0x64617fc5 0x38a6bb29 0x17be75c8
      d = 0x00485009 0x4dc0a14a 0x17001c1d 0x00000000 0x82110c19 0x62b82000 0x11000c3f 0x00000000 
  [3] W = 0x0c54bab5 0xfb48b1b4 0x42b6a66b 0x590a2796
      d = 0x680e0875 0x816c054f 0x02000f00 0x00000000 0xac482b8d 0xcaa01209 0x02000100 0x00000000 
  [4] W = 0x17bf300c 0xc667d2b3 0xba0439cb 0x9a95adf5
      d = 0x1448a416 0x84971089 0x001c0500 0x00000000 0x6880d587 0x25961127 0x00140500 0x00000000 
  ... and 48 more distinct vectors
HW=57: 88 total, 88 distinct vectors
  [0] W = 0xf65d56fd 0xccd9cf3c 0x52f881c3 0x1ad8d4c3
      d = 0x2454196c 0x74449040 0x062f01a0 0x00000000 0x10446741 0x44632068 0x022102a0 0x00000000 
  [1] W = 0xb32e8e7b 0x3eda3e6b 0x5bfb3ee0 0xb8c33e93
      d = 0x4650cf41 0x8342d548 0xf0020024 0x00000000 0x74100804 0xf2224823 0x90020064 0x00000000 
  [2] W = 0x7b109f81 0x74f1f5d1 0x0335ee74 0x619d1029
      d = 0x4208819e 0x10410e01 0x80f22c00 0x00000000 0x12487074 0x283f9091 0x800e5400 0x00000000 
  [3] W = 0xfcd7c5d6 0x89cdfbe0 0xe08df7b8 0x9121c825
      d = 0xc8c4924e 0x0010c258 0x04251200 0x00000000 0x79b81622 0x014e1830 0x1c231200 0x00000000 
  [4] W = 0xfc7f37d9 0x4a0749fb 0xc4377487 0x7e57bb54
      d = 0x000584cf 0x2130cc4f 0x200048c0 0x00000000 0x0938060a 0xac560711 0x2001c940 0x00000000 
  ... and 83 more distinct vectors
HW=58: 204 total, 204 distinct vectors
  [0] W = 0x7ee95754 0xd47c57f5 0x8ed9ce34 0x54fda2db
      d = 0x5622783f 0x31a41e42 0xc0001482 0x00000000 0x80221a47 0x05e80820 0x40001c82 0x00000000 
  [1] W = 0x006e1e28 0xb6c4805d 0xff29547a 0x6169ab89
      d = 0xe3886108 0x42502b88 0x78840444 0x00000000 0x1a142022 0x42417049 0x7884044c 0x00000000 
  [2] W = 0xd01ed0f9 0x4a3f4ad9 0xcfe3560b 0x016ef7da
      d = 0x8a02151e 0x43414521 0x084483e5 0x00000000 0x030101c8 0x1427c808 0x0844801f 0x00000000 
  [3] W = 0x1187b4cc 0x04d6af23 0xf76650fa 0x9258c686
      d = 0x36003908 0xa41810b8 0x0000fc01 0x00000000 0x9d80807a 0x389019b3 0x0003d401 0x00000000 
  [4] W = 0x9bcce708 0xe291775e 0x4320fd03 0xcc96db23
      d = 0x2be14006 0x55842b99 0x81800084 0x00000000 0x14260c04 0xb14603f0 0x8080038c 0x00000000 
  ... and 199 more distinct vectors
HW=59: 359 total, 359 distinct vectors
  [0] W = 0x624cab1b 0x12d9a10c 0xf9fe7c70 0xf87c8e48
      d = 0xaa4500c0 0x213189c5 0xc0320000 0x00000000 0x3555f112 0x690a0e4b 0x40d20000 0x00000000 
  [1] W = 0xc4d14ccb 0x4443178f 0xf0ee7e16 0xdab89180
      d = 0x2c1633e0 0x834a006a 0x5000001b 0x00000000 0x34a10724 0xd820f6a2 0x3000000b 0x00000000 
  [2] W = 0x80df47b1 0x6d032705 0x3593fd74 0x0d96552a
      d = 0x6d841910 0x4d33e412 0x040002c3 0x00000000 0x016a401e 0x1a204872 0x04000e47 0x00000000 
  [3] W = 0x24653edc 0xf4611f63 0x262f8005 0x13c62952
      d = 0x14181201 0x391929c4 0x00c0a258 0x00000000 0x10406205 0x0ec6bccc 0x0141a248 0x00000000 
  [4] W = 0xaf4df261 0x313a86c1 0x5db05030 0xa179068b
      d = 0xbc6c8b0e 0x64065a80 0x7d040010 0x00000000 0x400d3610 0xa5406250 0x130c0010 0x00000000 
  ... and 354 more distinct vectors
HW=60: 656 total, 656 distinct vectors
  [0] W = 0xf468010f 0x7d7afe4b 0x74c26d52 0x146e0d26
      d = 0x21331431 0x98481588 0x8a200800 0x00000000 0xf3d800c8 0xd08ca460 0xb9e01800 0x00000000 
  [1] W = 0xc9735b82 0xe26a1ae3 0x87f36578 0x80de0a16
      d = 0x24254058 0x23a2ce90 0x502c0000 0x00000000 0x25d39054 0x00c35990 0xd7e40000 0x00000000 
  [2] W = 0x43fbba83 0xa1d3da16 0x88bf9c9e 0x1ea04008
      d = 0x9754bc03 0xc0595aa6 0x02100040 0x00000000 0x10dc1847 0x00d3c9c2 0x02300040 0x00000000 
  [3] W = 0x34bb4ff1 0xf5ed6b33 0x49efc9b6 0xabf36a9a
      d = 0x21768141 0x00c338b8 0x02110080 0x00000000 0x654f46a5 0x42487938 0x06310080 0x00000000 
  [4] W = 0xbd489a6d 0x6ea8c08f 0xa19a61b3 0x58229bc5
      d = 0xa10dc4fb 0x8ec09a06 0x00a00848 0x00000000 0x12010017 0x442993b6 0x00a008c8 0x00000000 
  ... and 651 more distinct vectors
