=== block2 lowhw set: m0=0x667c64cd fill=0x7fffffff bit=6 max_hw=60 ===
samples: 1000000000  elapsed: 22.78s
min HW seen: 48

HW=48: 1 total, 1 distinct vectors
  [0] W = 0xd93c0da5 0x4998bdc1 0x9a36e8f1 0xa23587c5
      d = 0xe5d00832 0x1b080182 0x00003e06 0x00000000 0x06046a28 0xc4500300 0x0000260a 0x00000000 
HW=49: 2 total, 2 distinct vectors
  [0] W = 0x1b1d3990 0x39c39767 0x2ec50cf0 0x643220fd
      d = 0x81a1a8a0 0x54542109 0x00230046 0x00000000 0xf2443003 0xc9810800 0x00210046 0x00000000 
  [1] W = 0xcf36ae12 0x44688e68 0xe11133fa 0x2aac19ed
      d = 0x0194031b 0x4400b488 0x000110e8 0x00000000 0x8a042296 0x41034822 0x000130d8 0x00000000 
HW=50: 1 total, 1 distinct vectors
  [0] W = 0x4f006a00 0x0a492f20 0xda0a2636 0x47598350
      d = 0x12240012 0x03ec4103 0x104a3000 0x00000000 0x68010702 0x7a88c711 0x10461000 0x00000000 
HW=51: 4 total, 4 distinct vectors
  [0] W = 0xdba7e36c 0xde8461a9 0x049c76d1 0xc2846db2
      d = 0x24885004 0x1601858c 0x08040c05 0x00000000 0x05a4520f 0x01fa5280 0x08040405 0x00000000 
  [1] W = 0x98b49393 0x521828f0 0xb7c66d13 0x36e23401
      d = 0x90051a58 0xa0446511 0x10024c0c 0x00000000 0x10c0800e 0xcb140220 0x101e4404 0x00000000 
  [2] W = 0x929c8eee 0x6b68a68e 0x88927312 0x18fa5d2a
      d = 0x1000a8f3 0x8c0ba840 0x10000062 0x00000000 0x42a600b4 0x0d18f048 0x300000e2 0x00000000 
  [3] W = 0xd327c6be 0x55f27b86 0x4ad46e27 0x250d584f
      d = 0x04028203 0x12cc0212 0x0015b480 0x00000000 0x885b15a0 0x9c040913 0x000a9480 0x00000000 
HW=52: 1 total, 1 distinct vectors
  [0] W = 0x3746cdb9 0x30c2c2e1 0x7b44036e 0x9e1e61ba
      d = 0x4c84529c 0x86c8481f 0x08090016 0x00000000 0x54e20424 0x20422020 0x080b000a 0x00000000 
HW=53: 5 total, 5 distinct vectors
  [0] W = 0xdb2e66f1 0xe9f9ec29 0x5be864f7 0xb9a346cc
      d = 0x4c8e2880 0x81010972 0x00202151 0x00000000 0x204c40e0 0x57065c10 0x002020cf 0x00000000 
  [1] W = 0xfcc65a31 0xc78c5fd1 0xc2bd64aa 0xab2a647e
      d = 0x292b2949 0xa00c40c4 0x20301814 0x00000000 0x32001900 0x98136c43 0x20300814 0x00000000 
  [2] W = 0xb21dbbc5 0xa9c63797 0x89a8e1ad 0x263c6703
      d = 0x93e00895 0xc5b56a9a 0x200004e4 0x00000000 0x01811008 0x14404183 0x20000524 0x00000000 
  [3] W = 0xe175ac35 0xca97efcc 0xdaa0fb1b 0x7dbcc6ba
      d = 0x22898803 0x42106081 0x40800506 0x00000000 0x1502c1ae 0x8a760c42 0xc0800506 0x00000000 
  [4] W = 0x1601e802 0x4b360dc2 0xdb4f1825 0x313f2400
      d = 0x20ad5641 0xa0304480 0x01084088 0x00000000 0x5a803927 0x840807dc 0x01084088 0x00000000 
HW=54: 12 total, 12 distinct vectors
  [0] W = 0xe854dcf2 0x0a9e07f7 0x8670da27 0x3bbae31d
      d = 0xe4122340 0x0470c31a 0x05014000 0x00000000 0x40c21a6b 0x0171790c 0x0b014000 0x00000000 
  [1] W = 0x023ffeda 0x417cc528 0xe2ec9144 0x68410de6
      d = 0x0428e522 0x40cccf94 0x090000c2 0x00000000 0xe05584a0 0x4c1812c0 0x19000042 0x00000000 
  [2] W = 0x56d27fba 0x3d835628 0xbf89cceb 0x448913c1
      d = 0xba028050 0x0a2be0fc 0x29814000 0x00000000 0x4d804804 0x040d2400 0xea874000 0x00000000 
  [3] W = 0x4051dc6b 0x004cb125 0x5b631831 0x34c1a463
      d = 0x3a804359 0xc50ec6b4 0x00028980 0x00000000 0x0a0c940c 0x016a3880 0x00028880 0x00000000 
  [4] W = 0x3f53962d 0xff540c26 0xa4ce9a8e 0x84734961
      d = 0x86162450 0x526a3c81 0xc2908000 0x00000000 0x8c006708 0x051c5401 0xc3908000 0x00000000 
  ... and 7 more distinct vectors
HW=55: 24 total, 24 distinct vectors
  [0] W = 0x5c5f8a6f 0x0f55a026 0xd1768c4e 0x1f16ca11
      d = 0x0d4cba09 0x5a889c80 0x0e8000e1 0x00000000 0x1026086c 0x08d34402 0x06800021 0x00000000 
  [1] W = 0xfc46477b 0xa18e98cf 0x207f7104 0x05ad534b
      d = 0x00006008 0x20140e7b 0x90280204 0x00000000 0xc8070b54 0x3422e51a 0x90280e0c 0x00000000 
  [2] W = 0xd507ee21 0x30b89240 0x7ce0e438 0x6c9d556b
      d = 0x698856a2 0x002205b2 0x04204a08 0x00000000 0x0602d608 0xb01e3822 0x04204618 0x00000000 
  [3] W = 0xb7fb2e3b 0x95b8c385 0x34cc8941 0x197b8dd3
      d = 0x3230a088 0x301605c1 0x020124c0 0x00000000 0x0a1aee99 0x1225b010 0x02032440 0x00000000 
  [4] W = 0x5936366b 0x60982b56 0xdba9ec4f 0x222f94bf
      d = 0x3b095ae2 0x845a6580 0x00040400 0x00000000 0x84863500 0xb44bbe60 0x00040400 0x00000000 
  ... and 19 more distinct vectors
HW=56: 40 total, 40 distinct vectors
  [0] W = 0xdb1bbfde 0x30e51c6e 0xfe7a2e9a 0xce8f5a8e
      d = 0x37a84a53 0x90105465 0x01020102 0x00000000 0x51a30250 0x10253cb9 0x01020102 0x00000000 
  [1] W = 0x507e42bc 0x9d185ba8 0x5bcf035e 0xcf374f0c
      d = 0x52308457 0xc04156c8 0x03e12003 0x00000000 0x50436016 0x0200385c 0x00a12003 0x00000000 
  [2] W = 0x9c279f58 0x9659bf7e 0x9773db05 0x6e72ac8c
      d = 0x91e24822 0x9241a050 0x41098048 0x00000000 0xa3a80026 0x8140ea66 0x41088038 0x00000000 
  [3] W = 0x87cbceec 0x3cd00d07 0x936e845f 0x3f4df00d
      d = 0x07060387 0x08651266 0x21802881 0x00000000 0x8006658e 0x24226806 0x60802881 0x00000000 
  [4] W = 0x84e65083 0x9034e8f8 0xa85623cd 0xe9d90e9a
      d = 0x2dd44542 0x2588d164 0x00418422 0x00000000 0x80c63019 0x85598801 0x00408422 0x00000000 
  ... and 35 more distinct vectors
HW=57: 108 total, 108 distinct vectors
  [0] W = 0xaba01d49 0xa92440ed 0x0607fe51 0xc079f457
      d = 0x26ba6800 0x6ad1052b 0x86c04400 0x00000000 0x9321029c 0xd4152002 0x82404400 0x00000000 
  [1] W = 0x67be2f10 0xe9d3b9fe 0x436ae788 0xece6e0e5
      d = 0x09e90a00 0x60a30b48 0x07160600 0x00000000 0x0118a7c0 0x48c864b4 0x016a0600 0x00000000 
  [2] W = 0x7987765c 0x7edb02ba 0xcf05f27c 0x580311f9
      d = 0x04c86ae3 0x520081a1 0x01540250 0x00000000 0x52c03660 0x30307800 0x012c1e50 0x00000000 
  [3] W = 0x0d7dd8eb 0x7a7c98bb 0xc41a0dce 0x31d26cff
      d = 0x14845201 0xd66c3297 0x80008002 0x00000000 0xb8300c8c 0x4cc89877 0x80008002 0x00000000 
  [4] W = 0x80f8b088 0x4bd6847c 0xf07073d0 0x3f4b9675
      d = 0x0c4926e5 0x902078e4 0x80021007 0x00000000 0xbb000505 0x581d124c 0x80021005 0x00000000 
  ... and 103 more distinct vectors
HW=58: 195 total, 195 distinct vectors
  [0] W = 0x9f215a1f 0x383ee5ee 0x74e9a24f 0x54ac21ff
      d = 0xbe632414 0x48600973 0x20728028 0x00000000 0x08802b08 0x88899a00 0x60168038 0x00000000 
  [1] W = 0xc2675d84 0x132ee48f 0x38530950 0x765d986c
      d = 0xe702026b 0x83e0cd16 0x00240010 0x00000000 0xa0e2130d 0x10ac047a 0x006c0010 0x00000000 
  [2] W = 0x3861fb75 0xe6e446b2 0xa87404cb 0x3543671d
      d = 0x2730f0d8 0xcc680600 0x8100a100 0x00000000 0x01733909 0x1aa805c1 0x8100e300 0x00000000 
  [3] W = 0x3ed9417a 0xc8374a21 0x0f1c2998 0xcfc2fd6f
      d = 0xe0400040 0x04088120 0x1a8d43a4 0x00000000 0x86c200e0 0x410a9d0d 0x25b4c2e4 0x00000000 
  [4] W = 0xc9817b63 0x3b406ab5 0xf4cce67e 0x68615d9f
      d = 0x010246a2 0x2670e84c 0x0180023c 0x00000000 0x884e2a51 0x0d490477 0x01800224 0x00000000 
  ... and 190 more distinct vectors
HW=59: 330 total, 330 distinct vectors
  [0] W = 0xef78fd8e 0xe9e1f8aa 0x086ea9d0 0x77cc283a
      d = 0x4100525a 0x04442959 0x0b0641d8 0x00000000 0x50220b0c 0x31c45063 0x09024348 0x00000000 
  [1] W = 0x64e6f7cc 0xf9fa72a3 0x426767f4 0x7dafa7b8
      d = 0x07660998 0x001a2869 0x87620540 0x00000000 0x2515004d 0x0611a106 0x80e20740 0x00000000 
  [2] W = 0xba0bed09 0x32ff755c 0x56c7f5b6 0xa65d504e
      d = 0x02676d10 0xf8120016 0x22030090 0x00000000 0xc1a70cc1 0x481a9122 0x22030170 0x00000000 
  [3] W = 0x1ad31c21 0x53b711ca 0x804f28ad 0xce0dfa00
      d = 0x42588e22 0x5d22d502 0x01800210 0x00000000 0x2f2ba5c0 0xb48a1090 0x06800610 0x00000000 
  [4] W = 0x3ab04a64 0x4c66a0da 0x97c83064 0xa95be846
      d = 0xe20fc413 0x9024164a 0x41a83804 0x00000000 0x9ca50305 0x400c0030 0x46a82804 0x00000000 
  ... and 325 more distinct vectors
HW=60: 674 total, 674 distinct vectors
  [0] W = 0x7086a91e 0x1102424c 0x703633c9 0x7fa6552e
      d = 0x121729b2 0x001a2902 0x02303001 0x00000000 0xb5a6e206 0x00ce31b8 0x02703001 0x00000000 
  [1] W = 0xf716f2ec 0x0027af69 0x4c94440c 0x46a166c6
      d = 0x1925e412 0x8e740806 0x80030012 0x00000000 0x37a342ea 0x26a08606 0x80050016 0x00000000 
  [2] W = 0x379f5cba 0x5d06257e 0xac9c9cea 0xdf39ae2a
      d = 0x71049188 0x15060544 0x0c0021d9 0x00000000 0x10c6ab20 0xc07900d2 0x140023d9 0x00000000 
  [3] W = 0x81fd715d 0xd50e1076 0xf71ba536 0xf419b9e8
      d = 0x410121a1 0x8f9460d8 0x1113f200 0x00000000 0x36212038 0x25081413 0x3310b200 0x00000000 
  [4] W = 0x11b7186e 0xa5ee8753 0xd59f67f1 0x154a3361
      d = 0x102d86d8 0x4d03159a 0x0951c280 0x00000000 0x0d000002 0x9ad280a1 0x0b514580 0x00000000 
  ... and 669 more distinct vectors
