=== block2 lowhw set: m0=0x1a49a56a fill=0xffffffff bit=15 max_hw=60 ===
samples: 1000000000  elapsed: 22.80s
min HW seen: 50

HW=50: 1 total, 1 distinct vectors
  [0] W = 0x8b600394 0xe94a05bd 0x9643d923 0x419e3d90
      d = 0x70f00c19 0x66a0224a 0x20004840 0x00000000 0x41a20068 0xf18010c8 0x20003840 0x00000000 
HW=51: 1 total, 1 distinct vectors
  [0] W = 0x187e2e8a 0x684f0bfd 0xaf2d03c5 0xe5e1298f
      d = 0xa54aaa05 0x228cb830 0x04800600 0x00000000 0x9805a420 0x2d446242 0x04800200 0x00000000 
HW=52: 4 total, 4 distinct vectors
  [0] W = 0xeed1e2f2 0x8376bd15 0xce52d89f 0x3d6f35df
      d = 0x8214a092 0x7b03c15a 0x02008010 0x00000000 0x4106a300 0x690172d6 0x02008010 0x00000000 
  [1] W = 0x49174985 0xa4d08b56 0x02f820eb 0xda4d30b9
      d = 0x83f8f400 0x0148d910 0x7c080100 0x00000000 0x76658801 0x04427400 0x14080100 0x00000000 
  [2] W = 0x924024d8 0x4db69915 0x4c1abdbf 0x6e075d49
      d = 0x808e0530 0x861cc803 0x20008401 0x00000000 0x5e0511b4 0x08142187 0x60018401 0x00000000 
  [3] W = 0x327b0b9c 0x321ce118 0x69c976e7 0xa5a318cd
      d = 0x2e01409d 0x9fa35441 0x00100040 0x00000000 0x23654540 0x40765411 0x00100040 0x00000000 
HW=53: 3 total, 3 distinct vectors
  [0] W = 0x8225f367 0xb568a523 0x985e2d65 0xe3a6d01c
      d = 0x0802b08e 0x194d28c1 0x04800048 0x00000000 0x2c214c9b 0x1c2c1403 0x04800058 0x00000000 
  [1] W = 0x7d6de0bd 0xee3e2000 0x6df896ff 0x9bce64ec
      d = 0x9048e339 0x06008e02 0x008000ac 0x00000000 0x8013658d 0x0dc10605 0x038000a4 0x00000000 
  [2] W = 0x576cdc2f 0x51c2113b 0x6f4a61e9 0x4d9d5a12
      d = 0x30201a40 0x02801026 0xa42004c0 0x00000000 0x28318a85 0x3882568a 0xac601c40 0x00000000 
HW=54: 11 total, 11 distinct vectors
  [0] W = 0x39eb4305 0x60f2b3c0 0xe7dfb825 0x0bb91948
      d = 0x1c5e3b82 0x00628488 0x00006004 0x00000000 0x9614a5bb 0x0282a58a 0x0000a004 0x00000000 
  [1] W = 0x2c50c267 0xb79b3549 0xf77dc7d0 0xbf7be273
      d = 0x8092a290 0x07820903 0x80580093 0x00000000 0x802009eb 0x040e422b 0x80780091 0x00000000 
  [2] W = 0xc5ebab72 0xa033d530 0x8822b73a 0x06769358
      d = 0x04733128 0x40016869 0x00062b00 0x00000000 0xfa984940 0x007c0928 0x00062700 0x00000000 
  [3] W = 0x6666fbe5 0x9a5aea68 0x25e6b583 0x99832928
      d = 0x3ba4b285 0x028c8920 0x10200103 0x00000000 0x80e4b883 0x5a802c20 0x10200103 0x00000000 
  [4] W = 0xf1f7f807 0xd014f0fc 0x8f61a8d9 0xf5206964
      d = 0xf002d488 0x141456aa 0x031d0c00 0x00000000 0x2201612a 0x00b5040e 0x01031400 0x00000000 
  ... and 6 more distinct vectors
HW=55: 31 total, 31 distinct vectors
  [0] W = 0x8e2ce570 0x42df6a11 0x5c3ea63f 0x97d94a23
      d = 0x40e15168 0x1cd14d81 0x83508020 0x00000000 0x10150222 0x28023700 0x81738020 0x00000000 
  [1] W = 0xbd96af4a 0x6784b5d5 0xd6f3c40a 0x6028b553
      d = 0x08180a92 0x201c7216 0x0040051c 0x00000000 0x2122ce0a 0xc9a042d4 0x0040053c 0x00000000 
  [2] W = 0xf2df3ed4 0xb5b33e96 0x9e536366 0xb5c49559
      d = 0x13932005 0x90902480 0xa8200550 0x00000000 0x54168e94 0x10282444 0x98e00350 0x00000000 
  [3] W = 0xf8971ea5 0x7335d384 0xe1e3d3e6 0xe8749b09
      d = 0x0507ada3 0x8a424500 0x04800048 0x00000000 0x005a3cf2 0x8b23c340 0x04800048 0x00000000 
  [4] W = 0x845750a8 0xa60e96a9 0xefaa1444 0x097a9875
      d = 0x0a099188 0xa119d0a5 0xa0800005 0x00000000 0xd410670c 0x0882c362 0xa1800005 0x00000000 
  ... and 26 more distinct vectors
HW=56: 54 total, 54 distinct vectors
  [0] W = 0xbdf700aa 0xe1afa53b 0xb411385f 0xf048ab92
      d = 0xa414c03a 0x81d18099 0xc000003c 0x00000000 0x0226487e 0x120a8eb2 0xc0000024 0x00000000 
  [1] W = 0x4674d3df 0x5de4e6d8 0xe6cf4ea7 0xec6e8c6a
      d = 0xbc0d88a2 0x5d026980 0x24030020 0x00000000 0xcea293c5 0x0f009800 0x24010020 0x00000000 
  [2] W = 0x9a58b88d 0x24629b09 0x97739188 0x4d1e8609
      d = 0x191af0f4 0x50053029 0x08c05808 0x00000000 0x4018a869 0x1134200c 0x09405808 0x00000000 
  [3] W = 0x1c545991 0x7ba07662 0xd8ed9654 0x2ec34ba7
      d = 0x247c1851 0x0082a961 0x80181000 0x00000000 0x5e5af121 0x404c9561 0x80181000 0x00000000 
  [4] W = 0xb8decb11 0x5627a22f 0xee2070de 0xe743d8a3
      d = 0x1929050d 0x894b4156 0x804f0120 0x00000000 0x89040225 0x0c040167 0x80470120 0x00000000 
  ... and 49 more distinct vectors
HW=57: 75 total, 75 distinct vectors
  [0] W = 0x20bc9ae7 0xcfe441f7 0xbc8ac15a 0x709f924a
      d = 0xf8620b1e 0x4e4d4081 0x054a0001 0x00000000 0x12442048 0xa05021c4 0x0b760001 0x00000000 
  [1] W = 0xdf0f573c 0x88f174c8 0x6b6cd87c 0xfc0729ed
      d = 0x88022411 0x0c584a9a 0x02442a00 0x00000000 0xc45e0244 0x5206c042 0x065bea00 0x00000000 
  [2] W = 0x50bc6189 0x4d28d62f 0xaa4ea6f9 0xaca68f91
      d = 0x200201a1 0x85128808 0xe9314801 0x00000000 0x9620a121 0xe2d0a41a 0x1950c801 0x00000000 
  [3] W = 0x6090cc04 0x5b1e610c 0x70caf8f3 0xd5456c39
      d = 0x98e0a003 0x124728e4 0x800c6018 0x00000000 0xf32a18d0 0xe1002501 0x80342008 0x00000000 
  [4] W = 0xf46ae321 0xa9dc73e6 0xd3b4a6f6 0xaa22ed23
      d = 0x44280a28 0xa2207d06 0x48803800 0x00000000 0x8c511624 0x5161c863 0xd8804800 0x00000000 
  ... and 70 more distinct vectors
HW=58: 198 total, 198 distinct vectors
  [0] W = 0x59c62bfa 0x0b9d9166 0x8f90ba7e 0x8339f431
      d = 0x408abc8a 0xb3248c07 0xe2000020 0x00000000 0x4266ec00 0xa9a3008d 0x62000060 0x00000000 
  [1] W = 0xd0c3c26b 0xb95033ac 0x5b986bfe 0x8a17912d
      d = 0x0d8e1478 0xb6f4a2b2 0xc002000b 0x00000000 0xd0a42053 0x40d10880 0x40020005 0x00000000 
  [2] W = 0x0e97691b 0x953b60e1 0xddc0b232 0xbb5469d1
      d = 0x59158841 0x952a5103 0x03b02000 0x00000000 0x2590ac00 0xf4d21c8a 0x03902000 0x00000000 
  [3] W = 0xca29916d 0xf88de08f 0xd7187ae1 0xd0c2eea3
      d = 0xb87926e0 0x81514a0e 0x28028505 0x00000000 0x86810060 0x89424480 0x28038503 0x00000000 
  [4] W = 0x361b1bb5 0xf8dfb163 0xd089155a 0xb667a52b
      d = 0x32010ca0 0x06164002 0x31829d00 0x00000000 0xe18b4808 0xd83a00b0 0x1385ad00 0x00000000 
  ... and 193 more distinct vectors
HW=59: 352 total, 352 distinct vectors
  [0] W = 0x0b4850d2 0x2b101f1b 0x369e0722 0x393dbfff
      d = 0x10a73c16 0x11178720 0x1024002e 0x00000000 0x118c0404 0x4a74c299 0x10240036 0x00000000 
  [1] W = 0xa6c317c5 0x43416ed8 0xbdd16b35 0x8647eeae
      d = 0x19134286 0x00043a40 0x2e2030e8 0x00000000 0xb1475119 0x00058187 0x22203138 0x00000000 
  [2] W = 0x5e784170 0x9c9b213b 0xef3b91c5 0x3d6c97c4
      d = 0x818020e0 0x4f321115 0xa1112000 0x00000000 0x90824844 0xd992d4e0 0x6f116000 0x00000000 
  [3] W = 0x5fbbea96 0x7fce47a2 0x5071dbdf 0x0a4bc51a
      d = 0x7dd12813 0xcb024490 0x0016c002 0x00000000 0xe2016225 0x1c3a1520 0x00364002 0x00000000 
  [4] W = 0x9d2951c6 0x5528838e 0xee754562 0x9dfde7ce
      d = 0x088121c1 0x86482426 0x410bc0e8 0x00000000 0x298a8228 0x22558466 0xc1064018 0x00000000 
  ... and 347 more distinct vectors
HW=60: 654 total, 654 distinct vectors
  [0] W = 0x038a11a0 0x76781e9f 0xc0d34d0a 0x87396fd3
      d = 0x0362e110 0x30918012 0x02060c41 0x00000000 0xc680cfde 0x0e10111a 0x02061c43 0x00000000 
  [1] W = 0x6696ba85 0x890e0ea6 0x5387b3ab 0x1ba2ab12
      d = 0x0c107a12 0x8082d148 0x05540401 0x00000000 0x2a1548d0 0xb3410707 0x054c3c01 0x00000000 
  [2] W = 0xd91c0cfd 0x48f3973c 0x78954cf6 0xf0776a13
      d = 0x983b9180 0x4a7b2bc0 0x28001900 0x00000000 0x1e121c80 0x01a29c20 0x7800e900 0x00000000 
  [3] W = 0xca4e0508 0x570f0f9f 0x696a28c1 0xa231c1f8
      d = 0x419c882d 0x28650888 0x31019225 0x00000000 0x81323903 0x86041258 0x51009223 0x00000000 
  [4] W = 0x00c1bae1 0xc42da4cf 0x663bee35 0x64553aab
      d = 0xc9686020 0x4625b8e0 0x04002304 0x00000000 0x3946099d 0xc2c39070 0x04002704 0x00000000 
  ... and 649 more distinct vectors
