=== block2 lowhw set: m0=0xb36375a2 fill=0x00000000 bit=17 max_hw=60 ===
samples: 1000000000  elapsed: 23.12s
min HW seen: 48

HW=48: 1 total, 1 distinct vectors
  [0] W = 0x542449aa 0x7f3d8362 0x25653d8a 0xd853a0e0
      d = 0x4040cc06 0xb4e83a00 0x00200040 0x00000000 0x0884e548 0x7aa30b30 0x00200040 0x00000000 
HW=49: 1 total, 1 distinct vectors
  [0] W = 0x04df3585 0xaf9372f2 0xf8671094 0x54c6286e
      d = 0x90612489 0x84910107 0x8402bc00 0x00000000 0x4086d154 0x441a0000 0x8c028400 0x00000000 
HW=51: 3 total, 3 distinct vectors
  [0] W = 0xcc4e8209 0x9dfa2dce 0xd033bc0f 0x51f3f516
      d = 0xe154a918 0xf2123800 0x0f008300 0x00000000 0x102023c1 0x134a8218 0x01008100 0x00000000 
  [1] W = 0x8e97bb6e 0x46b2b5f3 0x11976355 0x424a08cb
      d = 0xa2c66730 0x10a00889 0x02002110 0x00000000 0x3c80c561 0x182c202c 0x06002110 0x00000000 
  [2] W = 0xe5a74e15 0x80d8ecc7 0x35480e87 0xa7866dab
      d = 0x14978042 0xacd0052a 0x11020003 0x00000000 0x074041c8 0xc1980944 0x11020003 0x00000000 
HW=52: 5 total, 5 distinct vectors
  [0] W = 0x2fefc96e 0x0e8e23ef 0x94877456 0x3bbca350
      d = 0x50051c20 0x508e0417 0x03480800 0x00000000 0x2c8848d1 0x31887444 0x03580800 0x00000000 
  [1] W = 0x6c438115 0x9044cb85 0x2fb98cff 0xdaea1e6c
      d = 0x2a80da12 0x0557b240 0x50040048 0x00000000 0x10080442 0x04775112 0xd00c0048 0x00000000 
  [2] W = 0x3338cd32 0x794d97dd 0xbd7c12c6 0xdbbd67d4
      d = 0x9400411a 0x12068112 0x04018432 0x00000000 0x0011d4e0 0xf98a0816 0x04009c12 0x00000000 
  [3] W = 0x0750a86f 0x59f56961 0x6fff52ad 0x30fcbf78
      d = 0x79839e2c 0x80000768 0x00090000 0x00000000 0x73f21496 0xa4024870 0x00090000 0x00000000 
  [4] W = 0xc366373e 0xb5bf4a3e 0xc3ec2c02 0x8be5a9b4
      d = 0x894bd006 0x13501414 0x002f8040 0x00000000 0x12100402 0x45015338 0x007680c0 0x00000000 
HW=53: 7 total, 7 distinct vectors
  [0] W = 0x826bb493 0x6bcc730f 0x5011daf9 0x0297249e
      d = 0x00201c29 0x1a82001e 0x01104840 0x00000000 0x9542202e 0x09ab3eb0 0x03104840 0x00000000 
  [1] W = 0x7b6d07c9 0xa91d0a63 0x027ca72b 0x45a80087
      d = 0x9d3a2812 0x42841842 0x03007100 0x00000000 0x2060680a 0xba78140b 0x03001100 0x00000000 
  [2] W = 0x92683070 0x18a93223 0xe344e7f5 0x88f57d28
      d = 0x40a06883 0x12625ac9 0x4b008300 0x00000000 0x4008a212 0x015c4251 0x59018100 0x00000000 
  [3] W = 0x6784ba39 0xe8bfa958 0xaf0055d2 0x12f2a6ef
      d = 0xa802304c 0x03889200 0x40634020 0x00000000 0xa9206856 0x864ca011 0x40e34020 0x00000000 
  [4] W = 0x420bc732 0x675ed2c4 0x1dc784a7 0x473153ce
      d = 0x43aa501c 0x00cacfd4 0xc1001000 0x00000000 0x12093a14 0x33c02150 0x41001000 0x00000000 
  ... and 2 more distinct vectors
HW=54: 14 total, 14 distinct vectors
  [0] W = 0x316075b8 0xc53a2033 0xa6bc150d 0xa7a94763
      d = 0x8a5d8604 0x00150a02 0x0c00fe20 0x00000000 0x1a480a44 0x1441c281 0x14012660 0x00000000 
  [1] W = 0x793ee7c0 0x1d101143 0xf837a53f 0x9e982d97
      d = 0x00c33889 0x00c22444 0x02268308 0x00000000 0x28803abc 0x8001b482 0x06228138 0x00000000 
  [2] W = 0x05762b09 0xc2fa0b42 0xf1d35beb 0xcf60a13c
      d = 0xed762304 0x084c0d04 0x06039805 0x00000000 0x51150101 0x90124101 0x02029805 0x00000000 
  [3] W = 0xc2f68756 0x51958558 0xc6e04d27 0x27dd9a25
      d = 0x45561b99 0x08815422 0x0007e000 0x00000000 0x209cc869 0x22026c05 0x000b2000 0x00000000 
  [4] W = 0x9ce04efd 0x32cb2822 0xae273b65 0x603c47c0
      d = 0x615840c2 0x200a4020 0x204507c2 0x00000000 0x209812ba 0x82021605 0x20cf0442 0x00000000 
  ... and 9 more distinct vectors
HW=55: 27 total, 27 distinct vectors
  [0] W = 0x1041e499 0xb6888cf0 0x45cd301b 0x9a0a1e7c
      d = 0x5c50c171 0x5aac8004 0x84068300 0x00000000 0xc246aa00 0x3e650020 0x84018100 0x00000000 
  [1] W = 0xe2ca4542 0xe6285e13 0x50a35426 0x7ed6af95
      d = 0x02498c09 0xec040420 0x080013c2 0x00000000 0x68d81713 0xb031c950 0x080010c2 0x00000000 
  [2] W = 0x03c0ea62 0xcf1801a4 0x2ab02072 0xf970928d
      d = 0x01739760 0x4c077248 0x02020980 0x00000000 0x8800620b 0x05be00c0 0x0e021880 0x00000000 
  [3] W = 0x8bc50d2f 0x667ffbff 0xb90ab89f 0x2d3cddf3
      d = 0x12502097 0x45b7c809 0x01000494 0x00000000 0x117d0228 0xa021109a 0x03000494 0x00000000 
  [4] W = 0x6c9c0c17 0x4ecdc998 0x0828fe87 0xe8faba1b
      d = 0x2c009082 0x402026a2 0x20c0145b 0x00000000 0x7000f01a 0x19582608 0x60403c49 0x00000000 
  ... and 22 more distinct vectors
HW=56: 54 total, 54 distinct vectors
  [0] W = 0x903a648e 0x49d291bb 0x675a7569 0x171f73d2
      d = 0x8345e15c 0x58b08404 0x62004806 0x00000000 0x015900c3 0x51208883 0xa600480a 0x00000000 
  [1] W = 0x79c090fc 0x103b8773 0x7a6f3439 0x01e313ed
      d = 0x34080061 0x8818ce56 0x00033108 0x00000000 0x478181c4 0x058ae603 0x0005d108 0x00000000 
  [2] W = 0xfc76854a 0xb725b785 0x3b77fa8f 0x40e96b1c
      d = 0x88012c06 0x46539d14 0x80001050 0x00000000 0x8380a2fa 0x273041d8 0x80003050 0x00000000 
  [3] W = 0xd04eb481 0xdd0c6a2e 0x5979c34a 0x4306cb82
      d = 0x83129328 0x82324113 0x2000110c 0x00000000 0xc00f410d 0x22cec632 0x20003104 0x00000000 
  [4] W = 0xb6f2bd61 0xca83540e 0xa05a45ef 0xf41de21c
      d = 0x04fc3634 0xd62516b1 0x00120404 0x00000000 0x00041070 0xc27a8362 0x00120404 0x00000000 
  ... and 49 more distinct vectors
HW=57: 92 total, 92 distinct vectors
  [0] W = 0x8bca5547 0xed386b36 0xeb85b839 0xccd47978
      d = 0xa0406cc1 0xc3b3c541 0x02116000 0x00000000 0x3c1815c0 0x0ac10ac2 0x02316000 0x00000000 
  [1] W = 0xf19441f1 0x4ce1f9a4 0x097d498e 0xa9d7eca8
      d = 0x69225854 0x49040840 0xa9802004 0x00000000 0x1b842128 0x25c2c962 0xb980200c 0x00000000 
  [2] W = 0x31fea305 0x5650488a 0xb765c26a 0xea383a3e
      d = 0x40c312aa 0xab31515e 0x2014c800 0x00000000 0x21405613 0x54180910 0x200cc800 0x00000000 
  [3] W = 0xd0109d2f 0xb5168255 0xcede0f9b 0xea8069ad
      d = 0x87a420ac 0x0352d83e 0x00208406 0x00000000 0x80086032 0x25fa900d 0x00208406 0x00000000 
  [4] W = 0xb70b5ea0 0x4739292f 0x2183fc01 0x9e7d9300
      d = 0x618d0c5a 0x225442c1 0xc1180201 0x00000000 0x60140d35 0xa104500a 0xc1080603 0x00000000 
  ... and 87 more distinct vectors
HW=58: 186 total, 186 distinct vectors
  [0] W = 0x7ca07b21 0x0b483aa3 0x8f97c90d 0xa07c1896
      d = 0x2e686aa7 0xd2c10a0b 0x00500142 0x00000000 0x01a210a1 0x880e0d08 0x00f002c2 0x00000000 
  [1] W = 0xea01f7f1 0x4b080c4e 0x1abcc8ce 0xf70c6a9c
      d = 0x89c1a214 0x164482fb 0x20001702 0x00000000 0x361a0ab2 0x0a038105 0x60000b02 0x00000000 
  [2] W = 0x9d4069d2 0x9f365c0f 0xc2455cd4 0x5222ef5b
      d = 0x90811ac4 0x04982929 0x6000410d 0x00000000 0x24c8ab06 0x76a140e1 0x2000410d 0x00000000 
  [3] W = 0x0573f734 0x093c153e 0xf8e98e93 0xee4acbce
      d = 0x05086565 0x2eae64d0 0xec001000 0x00000000 0x1109e9a8 0x13e54080 0x94001000 0x00000000 
  [4] W = 0x8ab014cd 0x8d17ebf9 0x7d768a6d 0x2b54f270
      d = 0x6364485d 0x93150108 0x02001ac0 0x00000000 0x0a22196d 0x251c1440 0x0e002b40 0x00000000 
  ... and 181 more distinct vectors
HW=59: 371 total, 371 distinct vectors
  [0] W = 0xb03544ae 0x0cb1973e 0xf49f4ab5 0xa4f56e71
      d = 0xd506c640 0x0186d841 0x2302030c 0x00000000 0xc48400a0 0x2a38c186 0xe5020704 0x00000000 
  [1] W = 0xbd798f79 0x1e4bcf72 0x931228a0 0x16ce37c3
      d = 0x0b6c0047 0xea003e92 0xc082b000 0x00000000 0x0313209c 0xb0261487 0x41829000 0x00000000 
  [2] W = 0x1278ad25 0xfc5dd7ab 0x93ba0b1f 0x89e9cc13
      d = 0x2dc31505 0x215c39cd 0x07818610 0x00000000 0x01403012 0x68848869 0x00808610 0x00000000 
  [3] W = 0xe9a1f1f4 0x247c5d5b 0x553a3cb0 0x472a8926
      d = 0x23041015 0xd6aa9046 0x848849c6 0x00000000 0x303110c0 0x0800447b 0x848848c2 0x00000000 
  [4] W = 0x53ffc068 0xd5a027b1 0xfb9b8c5a 0xc801a312
      d = 0x08822819 0x1533ab98 0x105a0062 0x00000000 0xb8ec0a70 0x400010a1 0x103a00e2 0x00000000 
  ... and 366 more distinct vectors
HW=60: 645 total, 645 distinct vectors
  [0] W = 0x8a252eeb 0xd0f37bf7 0x4e354211 0x2895346a
      d = 0x09141025 0x45450053 0x0a4c780b 0x00000000 0x3202dd05 0x38268001 0x0a44c807 0x00000000 
  [1] W = 0x0787fd11 0xfc918163 0x5b0d609d 0x14c9d952
      d = 0x3400fc1a 0x05021203 0xa83c8490 0x00000000 0x0c293881 0x088d4c11 0xd8248490 0x00000000 
  [2] W = 0x4a1c702d 0x472ff601 0x841ed436 0x8d9f543a
      d = 0x10fa812d 0x5b46f077 0x20004010 0x00000000 0xd0b1f6b0 0x50430003 0x20004010 0x00000000 
  [3] W = 0x0b96b172 0x6aab6a6e 0xfb339a3d 0x86fbbee7
      d = 0x8c402488 0xa1619253 0x001e0104 0x00000000 0x1711ca84 0xd384e2c4 0x001a030c 0x00000000 
  [4] W = 0x758173c3 0x24def9df 0x8749e18d 0xd47b9a11
      d = 0x084525c1 0x842e0520 0x29890048 0x00000000 0x50960c53 0x89302a14 0x3b990048 0x00000000 
  ... and 640 more distinct vectors
