=== block2 lowhw set: m0=0xd41b678d fill=0xffffffff bit=4 max_hw=60 ===
samples: 1000000000  elapsed: 22.98s
min HW seen: 49

HW=49: 1 total, 1 distinct vectors
  [0] W = 0x0816c9ef 0xf4436e3a 0xa9083df8 0x785a3ec3
      d = 0x8d554101 0xa448b90c 0x00048000 0x00000000 0xf9844688 0x924c0920 0x00048000 0x00000000 
HW=50: 2 total, 2 distinct vectors
  [0] W = 0xae7e656c 0x38a954a5 0x55824adb 0x87fdb257
      d = 0xc0402c82 0x03086541 0x20046040 0x00000000 0x1d8ad091 0x03856512 0x20042040 0x00000000 
  [1] W = 0xdadc438a 0x0708715c 0x2d5d4c6d 0x1ec56ea5
      d = 0x2254e81f 0x68326480 0xc0000280 0x00000000 0x4e412100 0x0c07a1a0 0x40000680 0x00000000 
HW=52: 1 total, 1 distinct vectors
  [0] W = 0xb8d0c877 0x9a116b98 0x5b243509 0x6d2a02ab
      d = 0x44407284 0xd59a0009 0x80428008 0x00000000 0x0a28b800 0xa338002c 0x80cf8008 0x00000000 
HW=53: 9 total, 9 distinct vectors
  [0] W = 0x535167af 0x8b33b7dd 0x44c54e19 0x4dc50bda
      d = 0x000208bb 0x84037508 0x44001300 0x00000000 0x0491af80 0x034b6e28 0xc4001300 0x00000000 
  [1] W = 0xe12f75b4 0xfca7bd78 0x6a1fa77c 0x40fd6884
      d = 0x02849e03 0x18201709 0x0c200013 0x00000000 0xa8814060 0x62b05c2c 0x0c20001d 0x00000000 
  [2] W = 0x97b7022e 0x89adc337 0x08ac4192 0x93567a7d
      d = 0x84166832 0x89510a30 0x0c400800 0x00000000 0x1a127475 0x4a00a6c1 0x04401800 0x00000000 
  [3] W = 0x8298194d 0xb78ecb35 0xb3e3d461 0xe49d8a16
      d = 0x10422815 0x69112434 0xb4070400 0x00000000 0x2c120805 0xd606069c 0x8c010400 0x00000000 
  [4] W = 0xf4187200 0xb159eaac 0x0d89b9ea 0x6c2872b0
      d = 0x061500e6 0xf404086a 0x00074150 0x00000000 0x2054004c 0xc7809824 0x0008c350 0x00000000 
  ... and 4 more distinct vectors
HW=54: 17 total, 17 distinct vectors
  [0] W = 0xd011a319 0x6a2cd520 0xe19d01e4 0x759587b4
      d = 0x12a603c9 0x38402091 0x0000f642 0x00000000 0xc038ca03 0x0918c000 0x000077c2 0x00000000 
  [1] W = 0xb759175e 0x23e12d67 0xcff40661 0xa8383e5d
      d = 0x83c24100 0x51230c56 0x000058c0 0x00000000 0x1c841c39 0x0ac00a5c 0x0000cbc0 0x00000000 
  [2] W = 0x705edf48 0xdd46d8f3 0xcd4fc03f 0x9c4f69fb
      d = 0x40cae466 0x09440221 0x46980000 0x00000000 0x02819009 0xb6106c3f 0x42980000 0x00000000 
  [3] W = 0xfc214f85 0x6fe128cd 0x15ed1b91 0x65737b1e
      d = 0x003985c8 0x02005052 0x5808001f 0x00000000 0xc4db5815 0x09993500 0x48080001 0x00000000 
  [4] W = 0xac899954 0x6bc98625 0x3aac7fc3 0x1fdce849
      d = 0x61301888 0xa934219c 0x94000018 0x00000000 0xe3020802 0x12d1a336 0xb4000008 0x00000000 
  ... and 12 more distinct vectors
HW=55: 27 total, 27 distinct vectors
  [0] W = 0x32e2a4b9 0xa8c347e3 0xc7d7b87c 0x2bdc2210
      d = 0xe1cac282 0x4591016a 0x700d8000 0x00000000 0x30e58600 0x108c6302 0x10158000 0x00000000 
  [1] W = 0x6e53df2d 0xa378cb36 0xf9d49119 0x150718a2
      d = 0xd5183141 0x330209c6 0x8000105c 0x00000000 0xc8441022 0x92a10b61 0x8000105c 0x00000000 
  [2] W = 0x290a2288 0xc6399085 0x710018b1 0x30d636fa
      d = 0x022baa82 0x4e0950c0 0x20280100 0x00000000 0xadd18940 0x2263d240 0x20280700 0x00000000 
  [3] W = 0x5f463220 0xb94daa81 0x8fac1d6f 0x8c3e968f
      d = 0x031192a9 0xfad0111f 0x80300005 0x00000000 0x06540484 0xbaa0088c 0x80100003 0x00000000 
  [4] W = 0x9213e8c5 0x0e6cd740 0x04173d42 0x945e9f3d
      d = 0x418c5600 0x48e26018 0x01040400 0x00000000 0xb560f802 0x2ab2e914 0x070c0400 0x00000000 
  ... and 22 more distinct vectors
HW=56: 54 total, 54 distinct vectors
  [0] W = 0xf4401b85 0x1128c3bd 0x22b38552 0x1124679e
      d = 0x030f8a90 0x188a6315 0x000020f1 0x00000000 0xc00e2631 0x558200c2 0x000020f3 0x00000000 
  [1] W = 0xc4ecdde4 0xb55e3bcc 0x36d7d93f 0x73fba727
      d = 0x21dae3ec 0xfcf01580 0x80400300 0x00000000 0x0804010b 0xe4381641 0x80400100 0x00000000 
  [2] W = 0x7b07d909 0x84f19a5a 0x40eab167 0xce0d1a84
      d = 0xcd030441 0x20814402 0x7c600491 0x00000000 0xa3435958 0x20002046 0xe4a00491 0x00000000 
  [3] W = 0x5d7db187 0x82e9a001 0x6bd2b5d5 0x90696741
      d = 0x00709aba 0x0d48428e 0x02180010 0x00000000 0x94c00b5c 0x2532116a 0x02380010 0x00000000 
  [4] W = 0x364b741c 0x41d3d778 0x5ca59626 0x224503d6
      d = 0x910922e6 0xd12c820a 0x00018778 0x00000000 0x611020e0 0x5e910100 0x00018178 0x00000000 
  ... and 49 more distinct vectors
HW=57: 95 total, 95 distinct vectors
  [0] W = 0x2eb5684b 0xf4357b35 0x312d251c 0x245314bb
      d = 0x390f8582 0x2eaa4018 0x00122840 0x00000000 0x82082034 0x1714ce49 0x000e28c0 0x00000000 
  [1] W = 0xc2bfcb10 0x4067093e 0x8953aa5e 0x7f1a9e12
      d = 0x2499c807 0x09121270 0x60392000 0x00000000 0x2204d419 0x93904a89 0xe00b2000 0x00000000 
  [2] W = 0x7691b3f1 0x5d19c346 0xcb570e3e 0x788bb5b6
      d = 0xf2059012 0xa809a49c 0x12006c43 0x00000000 0x2e280a41 0x01110904 0x120027c1 0x00000000 
  [3] W = 0x61ed340c 0x2af620fa 0x33cbe64e 0xaf42382f
      d = 0x47902110 0xbf604c12 0x002f0421 0x00000000 0xdc4001c6 0x3e100022 0x00270421 0x00000000 
  [4] W = 0xadfa22bf 0xdc1b7b49 0xdd325cf0 0x432ee366
      d = 0xbad16ac4 0xa082a086 0xd0801480 0x00000000 0x6420142e 0x00ce2218 0x50800c80 0x00000000 
  ... and 90 more distinct vectors
HW=58: 174 total, 174 distinct vectors
  [0] W = 0x20ad22af 0x1be89ab3 0x1f61236c 0x5a9b63aa
      d = 0xb2958276 0x01651c42 0x00b091a0 0x00000000 0x0428c661 0xc040026c 0x005091a0 0x00000000 
  [1] W = 0xa149a5f6 0x2b12cead 0x2a2dae0e 0x62681ef8
      d = 0x91132a1a 0x80c68540 0x01101016 0x00000000 0x01e1b1c7 0x40274641 0x01107012 0x00000000 
  [2] W = 0x0e398c66 0xc91f243c 0x9e8eecf0 0x21096278
      d = 0x501015a5 0x29155861 0x16f10810 0x00000000 0x800ab014 0x960ad460 0x12110810 0x00000000 
  [3] W = 0x12c0c293 0x58c65c9a 0xf9fff330 0xf4a7ef7c
      d = 0x9c040452 0xa6617908 0xce046000 0x00000000 0x2861211e 0x702402e3 0x5204a000 0x00000000 
  [4] W = 0x1d75f524 0xd9f5bd4c 0xa5dd4622 0xae39156e
      d = 0x90100c09 0x164617d7 0x01a01150 0x00000000 0x43241624 0x0225c953 0x00a010b0 0x00000000 
  ... and 169 more distinct vectors
HW=59: 348 total, 348 distinct vectors
  [0] W = 0xafa5e03c 0x67ef544d 0x21b0ed3e 0xbef15595
      d = 0x96210222 0x2a7c0965 0xb0400048 0x00000000 0x421fcc12 0x2380a862 0xf0400048 0x00000000 
  [1] W = 0xff174516 0xe104574c 0x1651b5fa 0x3d32542d
      d = 0xa101a085 0xb207c25a 0x04014044 0x00000000 0x0c397521 0xc8e126c1 0x04014044 0x00000000 
  [2] W = 0x7bdbed36 0xc9d8ef08 0x53092794 0x88881149
      d = 0x042c264a 0x00e4e58f 0x20198002 0x00000000 0x0612c00a 0xa35a4a4f 0x60088002 0x00000000 
  [3] W = 0x04b98e67 0x9bdbef7d 0x20b3b087 0x82cc0116
      d = 0x620a17a6 0x0e881b02 0x4e700800 0x00000000 0x86e04124 0x400e419d 0xc6101800 0x00000000 
  [4] W = 0xe695ffb7 0x750553c6 0x30c27378 0xab04c9ee
      d = 0x7e509d04 0x418ad231 0x18120104 0x00000000 0x7c825004 0x33698260 0x08120104 0x00000000 
  ... and 343 more distinct vectors
HW=60: 686 total, 686 distinct vectors
  [0] W = 0xb87a1cc4 0x87bec795 0xb6c54e53 0xfeeb1b54
      d = 0x49866514 0x64440004 0x0018183c 0x00000000 0x4bf001b0 0x0633c217 0x0029e844 0x00000000 
  [1] W = 0xe9dc6e59 0xe6f8f612 0xff638bef 0x4ddbb0e0
      d = 0x84131a52 0xd2047469 0x20014829 0x00000000 0x1c0087a0 0x0a64ca30 0x20014837 0x00000000 
  [2] W = 0xb4f3b246 0x95d9707b 0xc11fff90 0xe351fc26
      d = 0x103a1289 0x16dad413 0x00832700 0x00000000 0x0220d702 0xc49213bc 0x00812300 0x00000000 
  [3] W = 0xf9000ecc 0xe3e7a6a0 0xf1460a19 0x30a3717b
      d = 0xc7a95850 0x1ab18621 0x01c40019 0x00000000 0x0a44880d 0x4b29f041 0x01440009 0x00000000 
  [4] W = 0xd175907d 0x0c3a39c0 0x2b419461 0x207aa867
      d = 0x30190110 0xc413a46a 0x028a8012 0x00000000 0x224d217b 0x2d651840 0x028e8012 0x00000000 
  ... and 681 more distinct vectors
