=== block2 lowhw set: m0=0x916a56aa fill=0xffffffff bit=13 max_hw=60 ===
samples: 1000000000  elapsed: 23.09s
min HW seen: 49

HW=49: 2 total, 2 distinct vectors
  [0] W = 0x5916f401 0x75446e8a 0xea3f0ac0 0x6786e113
      d = 0x474090bc 0x20a44011 0x9c000068 0x00000000 0x05c00000 0x43398261 0x9c000058 0x00000000 
  [1] W = 0xa94451e0 0x4c704bdc 0xe476c279 0xbb0670c5
      d = 0x011a31c0 0xdf2b0201 0x00000400 0x00000000 0x482e2a23 0x0b7d0303 0x00000400 0x00000000 
HW=50: 2 total, 2 distinct vectors
  [0] W = 0xd6ff01fc 0xeed3c91c 0x69f05e64 0x25a1003a
      d = 0x03f88c30 0x09d221ce 0x00000038 0x00000000 0xc08d164d 0x08928220 0x00000048 0x00000000 
  [1] W = 0x19ce9fb7 0x8d3b4fcb 0x7c89e8ea 0x73058c20
      d = 0x00a7a711 0x90177c01 0x02000a0c 0x00000000 0xc8246254 0x40a88080 0x02000a04 0x00000000 
HW=52: 2 total, 2 distinct vectors
  [0] W = 0x309b01a0 0x454a1717 0xf2b66ca3 0xdb607572
      d = 0x0701a298 0x9a31a864 0x80001112 0x00000000 0xc0090a2c 0x0500e2e0 0x8000110e 0x00000000 
  [1] W = 0xd86a851a 0x91f9aebe 0x21e9a989 0x8fc8ff45
      d = 0x2c981080 0x1840c111 0x0020241a 0x00000000 0x902566db 0x0828a11c 0x0020240e 0x00000000 
HW=53: 3 total, 3 distinct vectors
  [0] W = 0x124c2601 0x4705e5a7 0x8d9e779f 0x2edb7309
      d = 0x00810008 0x0c880d20 0x82840072 0x00000000 0xd99463c0 0x00085eaa 0x818c006e 0x00000000 
  [1] W = 0xd16934d6 0x09826acf 0xdfaebce2 0x0e6de79b
      d = 0x1a924464 0x410a0124 0x00014846 0x00000000 0x064841bd 0x001970ed 0x0000c842 0x00000000 
  [2] W = 0x10088eb2 0x3a0705fd 0x8da1dc81 0x700554b9
      d = 0xc01906e4 0xe61300c0 0x80000042 0x00000000 0x57987d1a 0x042a1a50 0x80000042 0x00000000 
HW=54: 14 total, 14 distinct vectors
  [0] W = 0x3cfa36e1 0x3ee355b2 0xdef2cc98 0x6b506a28
      d = 0x0241132b 0x4d00c864 0x34014000 0x00000000 0x54806046 0x7b000f06 0x540f4000 0x00000000 
  [1] W = 0x32a22877 0x82328781 0x8a9b12e0 0xf02bb6e3
      d = 0x00440845 0x71e54926 0x0016831c 0x00000000 0x80100249 0x1488886d 0x00318504 0x00000000 
  [2] W = 0x650f8474 0x25a89834 0xe36e6f03 0xff4d10c4
      d = 0x2f40b005 0x4a40a400 0x11841103 0x00000000 0x3b022920 0x01e1601a 0x11841301 0x00000000 
  [3] W = 0x18ab9c46 0x0f4e5337 0x6032e5c3 0xadd9eb46
      d = 0x0a08a024 0xc8d01056 0xc2180004 0x00000000 0x20d19b00 0xaed0108b 0xc218000c 0x00000000 
  [4] W = 0x618f4f37 0x85548b63 0x9324ce9f 0x54125764
      d = 0x40a421a9 0x00500821 0xe0960008 0x00000000 0x60166340 0xe06e6159 0x608a0008 0x00000000 
  ... and 9 more distinct vectors
HW=55: 30 total, 30 distinct vectors
  [0] W = 0x19b3f150 0x94a1911c 0x76ca09fd 0xc943f2e7
      d = 0x92204505 0xf82d0910 0x062a0000 0x00000000 0x58a80449 0x0e996a28 0x0a5a0000 0x00000000 
  [1] W = 0x6463c777 0x8d280f11 0x158747f4 0x524e9048
      d = 0x0b047000 0x20410b50 0x251c183e 0x00000000 0x2a204121 0x28901311 0x2b046806 0x00000000 
  [2] W = 0x027fa5a7 0x2face682 0xdce318bc 0x416c2f86
      d = 0xa3a18002 0x008c9060 0x04012524 0x00000000 0x5805b40c 0x6818aeb0 0x04016524 0x00000000 
  [3] W = 0x5afa3925 0xa60c6e8a 0x507a57e4 0x4a5d8e47
      d = 0xb2040295 0x1340192d 0x06102808 0x00000000 0x5408368c 0x30542240 0x06107818 0x00000000 
  [4] W = 0x4194b489 0x37ba1e6b 0xfa9fce50 0x69ec30ba
      d = 0xd84c2030 0x92040060 0x4300403a 0x00000000 0x94c5d230 0xc6122106 0xc3004016 0x00000000 
  ... and 25 more distinct vectors
HW=56: 53 total, 53 distinct vectors
  [0] W = 0xc14b20ed 0x0f8c9a86 0x075e89e8 0x1a1fb9f9
      d = 0x40306300 0x181ade2c 0x00400230 0x00000000 0x342dea11 0x0bb2054f 0x00400210 0x00000000 
  [1] W = 0x1d2300fa 0xdab3b2e4 0x3103f6f3 0xb46b92bd
      d = 0xe1c636fa 0x900701d8 0x80060000 0x00000000 0x258250a4 0xd80f8198 0x80020000 0x00000000 
  [2] W = 0x66eb1cab 0xaab1bc94 0x394d32a5 0x7c227809
      d = 0x4208c1de 0x94803211 0x002f0054 0x00000000 0x21180a1a 0x621ac0ec 0x0021004c 0x00000000 
  [3] W = 0x5cb8d8cc 0xb38e189c 0x6329ba92 0xdb01c54f
      d = 0xd50ae218 0x3450b080 0xc044c1e0 0x00000000 0x09e410c4 0x20838221 0x4044c020 0x00000000 
  [4] W = 0x823c7fe5 0xb5dbf9a5 0x9708a692 0xf88e489f
      d = 0x446811f6 0xf073604a 0x08820019 0x00000000 0x08102012 0x82340183 0x388e0009 0x00000000 
  ... and 48 more distinct vectors
HW=57: 78 total, 78 distinct vectors
  [0] W = 0xf901d21b 0xab18a4fa 0x4f70dc19 0xca891a60
      d = 0x0302e042 0x20924860 0x1f1c2200 0x00000000 0x610215ea 0x84606805 0x1b642600 0x00000000 
  [1] W = 0xcaf5d2f4 0x65c63e81 0xe0dfbeca 0xf7d85c69
      d = 0x4c587530 0x51c01887 0x0500108d 0x00000000 0x14406055 0x102a3013 0x03003087 0x00000000 
  [2] W = 0x3fa4d6ec 0x0a598e50 0x49e1e0b9 0xcb29b202
      d = 0x1010509c 0x10820414 0xf80407e7 0x00000000 0x14820281 0x29afc828 0x88040063 0x00000000 
  [3] W = 0x4a79549c 0x7db679c9 0xe36f114e 0x299cec4d
      d = 0x00030829 0x01051684 0x22324822 0x00000000 0x81275c56 0x20a44050 0xe211d862 0x00000000 
  [4] W = 0x33e86661 0xdbaf6793 0xdcfe9b9d 0xfe2ab73b
      d = 0x210c65f1 0x9a05c025 0xc0014004 0x00000000 0x11ad909c 0x0139812c 0x4001c004 0x00000000 
  ... and 73 more distinct vectors
HW=58: 201 total, 201 distinct vectors
  [0] W = 0x61c6d76a 0xde52951f 0x12d75f87 0xdddfa194
      d = 0x7020cb26 0xd34a0862 0x5c000100 0x00000000 0xe844221b 0x88542bf2 0x24000100 0x00000000 
  [1] W = 0x6f55eb0f 0x94b820b5 0x8577d4a2 0x8396c133
      d = 0x8a400351 0x10415a30 0x8381c640 0x00000000 0x59e81964 0xa13005a0 0x80864240 0x00000000 
  [2] W = 0xdf980cfc 0x1efb9c1f 0xc2711ec3 0xd488ccf7
      d = 0x1aa82a0b 0x111d99ac 0x81600820 0x00000000 0x260c4540 0x91191071 0x82a00820 0x00000000 
  [3] W = 0x8b278dd5 0x293f03fb 0xe140ec3b 0x6439b958
      d = 0x330ab002 0x8f02b857 0x009dc000 0x00000000 0x25118039 0x5469140b 0x0084c000 0x00000000 
  [4] W = 0x2c1903e7 0x80d95f75 0xcdc2f72e 0xf7c8a91d
      d = 0x106e4184 0x11818d54 0xb103b020 0x00000000 0x48a82285 0x03061b03 0x91009060 0x00000000 
  ... and 196 more distinct vectors
HW=59: 315 total, 315 distinct vectors
  [0] W = 0xf1fc0f93 0x71c4a514 0x49aca347 0x65419905
      d = 0xa4690a15 0x9e010e18 0x0402c080 0x00000000 0x06fd6a41 0x8c0302d2 0x0c024180 0x00000000 
  [1] W = 0x8e1ddb35 0x9a175088 0x70cb79eb 0xe134d410
      d = 0xdb063149 0xa00a0641 0x084c5200 0x00000000 0x313780c9 0x04914182 0x1854d200 0x00000000 
  [2] W = 0xee136e00 0xf9b6d2c9 0x5e1384fe 0xff0624b8
      d = 0x00809230 0xb851a000 0x30807850 0x00000000 0xa11106a4 0x92916af5 0x518048b0 0x00000000 
  [3] W = 0xaf8f6d77 0x06142087 0xc294b125 0xc2b754dd
      d = 0x24168b04 0x52105052 0x10931280 0x00000000 0xbf444c24 0x22708184 0x10913580 0x00000000 
  [4] W = 0x5ca013c2 0x85d7e96e 0x67b8b773 0x5b8b14d8
      d = 0x853666c0 0x181289c0 0x0f000db0 0x00000000 0x83444764 0x41644480 0x15000390 0x00000000 
  ... and 310 more distinct vectors
HW=60: 653 total, 653 distinct vectors
  [0] W = 0x6cdad715 0xf135ed29 0xde8d8741 0xa2d79e13
      d = 0x0102dac2 0x4ce454fc 0xc0011820 0x00000000 0xe809400c 0x3307b31c 0x40010820 0x00000000 
  [1] W = 0xeff4d48e 0xd9c0e9bc 0x5a167327 0x1a29fade
      d = 0x04c96489 0x200041c8 0x3dd08640 0x00000000 0x781809a9 0x208c80e9 0x2c508a40 0x00000000 
  [2] W = 0x8ba911ed 0x9b0841c7 0xf52de3bf 0x621ec552
      d = 0x048811ce 0x21cf5206 0x2d900870 0x00000000 0xec3001e8 0x20090418 0x1a9008b0 0x00000000 
  [3] W = 0x8457046b 0xff9096c6 0x444c2c22 0xf8c99406
      d = 0x83612204 0x54e62081 0x8c4c2041 0x00000000 0x8028248a 0x1d40ac46 0x947c2041 0x00000000 
  [4] W = 0xac52bbdb 0x9e1d6faf 0x4efa5d3b 0xaefacd35
      d = 0x88841ca8 0x41da6a75 0x8108201f 0x00000000 0xb201688c 0x026c000c 0x81182009 0x00000000 
  ... and 648 more distinct vectors
