=== block2 lowhw set: m0=0x6781a62a fill=0xaaaaaaaa bit=6 max_hw=60 ===
samples: 1000000000  elapsed: 22.75s
min HW seen: 49

HW=49: 1 total, 1 distinct vectors
  [0] W = 0x3e59e75f 0x54f2c6c6 0x896a1ab3 0x8dbfea0d
      d = 0xd40812e4 0x00e30141 0x01104002 0x00000000 0x92261060 0xc3611141 0x0110400e 0x00000000 
HW=50: 2 total, 2 distinct vectors
  [0] W = 0x7c9f1ba3 0x628dbe96 0x7ebd9319 0x57047bb6
      d = 0x239cb408 0x10610e01 0x00500401 0x00000000 0x8094b043 0x30633682 0x00500401 0x00000000 
  [1] W = 0x00ef15a0 0xa937f52d 0xa5dda264 0x23b47f2c
      d = 0xa260066d 0x530088c6 0x04200202 0x00000000 0x804e500a 0xc0319254 0x04200202 0x00000000 
HW=51: 2 total, 2 distinct vectors
  [0] W = 0x0226f5bc 0x4eb26574 0x41806b3a 0xd006a469
      d = 0x2a230809 0x3f090074 0x21140000 0x00000000 0x44072140 0xcc631990 0x211c0000 0x00000000 
  [1] W = 0x7c30d002 0xa024c05a 0x3ddc15ed 0x535ca1fd
      d = 0xc0811201 0x840850c8 0x81800139 0x00000000 0xc29c401b 0xa6202900 0x80800359 0x00000000 
HW=52: 4 total, 4 distinct vectors
  [0] W = 0xa999f0eb 0x671fbe09 0x8b041aa6 0x024b0f4e
      d = 0xed52c243 0x068a22a8 0x48000000 0x00000000 0x50aca2be 0x0483a048 0x48000000 0x00000000 
  [1] W = 0xfad14857 0xa8a3f6fa 0x19e76544 0x5cbc6383
      d = 0x4010e304 0x0851b081 0x02000640 0x00000000 0xc021363b 0xc7484139 0x020006c0 0x00000000 
  [2] W = 0x3f87a6b1 0xa16d8039 0x3c3fb90c 0xa8d5cce3
      d = 0x2c03b4a6 0x70a10810 0x1c006840 0x00000000 0x1c824a98 0x06c08211 0x04005840 0x00000000 
  [3] W = 0x2f5cb087 0x90cd8801 0x187aa407 0xd3b62d3a
      d = 0x82814805 0x4460660b 0x81600208 0x00000000 0x2608abe5 0x0c4c0884 0x81200208 0x00000000 
HW=53: 7 total, 7 distinct vectors
  [0] W = 0xbd581c5f 0x64a7c5f6 0x1f3034ba 0x2d487549
      d = 0x0700c141 0x7b5102d1 0x40400400 0x00000000 0x242a0421 0x28f30cb6 0x40401c00 0x00000000 
  [1] W = 0xcdc25e24 0x46d539c7 0xdc588f11 0x7ae3f04c
      d = 0x6008d070 0x1a0032c8 0xec050001 0x00000000 0x8400ac5b 0x850608c1 0x34070001 0x00000000 
  [2] W = 0x6900740d 0x97bd1e6d 0xba642ef5 0xc8e8b428
      d = 0x120112a4 0x22d06882 0x1901c030 0x00000000 0x840f81c4 0x10331724 0x09004050 0x00000000 
  [3] W = 0xba1bd3cd 0xcc206c7c 0xf45e19cb 0xdb8b2d78
      d = 0x91241a79 0x010da4e2 0x18080400 0x00000000 0x11608e4a 0x195aa002 0x08080c00 0x00000000 
  [4] W = 0x7f525d2b 0xaa13cd50 0xa48d350c 0x47ba375a
      d = 0x88063224 0x33c81128 0x00008a40 0x00000000 0x2a3f088b 0x2221199c 0x00008a40 0x00000000 
  ... and 2 more distinct vectors
HW=54: 9 total, 9 distinct vectors
  [0] W = 0x5c760742 0x0f5f28ad 0xa3154c88 0x5a0d708a
      d = 0x126428e1 0x99d3a060 0x80001001 0x00000000 0xd0c422a2 0x878c7220 0x80001003 0x00000000 
  [1] W = 0x3862a419 0xf0d7ff49 0xe8e5c216 0x444262e5
      d = 0x1415924d 0xc5814424 0x02401708 0x00000000 0x00612a00 0x0c03421f 0x06c03108 0x00000000 
  [2] W = 0x7698bb30 0x5e2ff22f 0xad22015a 0x4c2fcc1e
      d = 0x15388888 0x120e93b8 0x00800a25 0x00000000 0xa80d4651 0x01152022 0x00800a25 0x00000000 
  [3] W = 0x94cc1109 0xcb4a759f 0x3ac33b03 0xe9cdcf92
      d = 0x8002d54a 0xe8385248 0x80004008 0x00000000 0x3126252e 0xdfc42040 0x8000c008 0x00000000 
  [4] W = 0x76adaeac 0xac71ad10 0xa3afded9 0x56ee8e83
      d = 0x84017214 0x55c32a38 0x08028110 0x00000000 0x488a4204 0x36480d98 0x18018110 0x00000000 
  ... and 4 more distinct vectors
HW=55: 29 total, 29 distinct vectors
  [0] W = 0x78816b0d 0xe9fcde5d 0x34dfaf86 0xe4ceed31
      d = 0x0388938c 0xa87014b0 0x6b0044c0 0x00000000 0x860400c1 0x46a06816 0x15004440 0x00000000 
  [1] W = 0xc2235698 0xb6f05ee0 0x18ac0eb6 0xb62ac36b
      d = 0x91788835 0x820606a5 0x18300381 0x00000000 0x66009f02 0x00094c26 0x08300081 0x00000000 
  [2] W = 0x11edc1d4 0x9335b2df 0x88a64d68 0x6066d04d
      d = 0x34881855 0x10802441 0xa0444100 0x00000000 0x25247147 0x21749426 0xa044c100 0x00000000 
  [3] W = 0x0e8ec95c 0x2301734e 0xa07e0aba 0x44063fee
      d = 0x68e9a138 0xa8208170 0x04004602 0x00000000 0x6c21c0c0 0x0468b442 0x0400421e 0x00000000 
  [4] W = 0x4b9fded9 0xb8d0799b 0x4b8b0f2a 0x67a519bd
      d = 0x1ef00981 0x10220a46 0x81080400 0x00000000 0xa8432ec2 0xb3bc0282 0x81180400 0x00000000 
  ... and 24 more distinct vectors
HW=56: 53 total, 53 distinct vectors
  [0] W = 0x183bdebc 0x1e61860a 0xfabafa1a 0x1ac4f426
      d = 0x038005e1 0xc2d86485 0x00210054 0x00000000 0x7203120c 0x44c117d4 0x0023002c 0x00000000 
  [1] W = 0x25840376 0x18b8a1e3 0x9c1c3381 0x57efc857
      d = 0x7978b841 0x04026110 0x108c8004 0x00000000 0x0a104094 0xd6014b31 0x309c800c 0x00000000 
  [2] W = 0x843a35be 0x933f0bf8 0x3a4669d8 0x18df5ea6
      d = 0x30361143 0x40000d84 0x21460020 0x00000000 0x04b818a2 0x10f66d27 0x22c60020 0x00000000 
  [3] W = 0xd87be586 0x3da58b83 0x166010c9 0x9b5e6455
      d = 0x19c14145 0x10222c0a 0x80006104 0x00000000 0x474b241c 0x09c59b44 0x8000e104 0x00000000 
  [4] W = 0x8835e69e 0xa821a14d 0x1d01a669 0x105ec36f
      d = 0x4913c18f 0x5011000e 0xa0940080 0x00000000 0x48800ac2 0xc41f068c 0xa0f40080 0x00000000 
  ... and 48 more distinct vectors
HW=57: 100 total, 100 distinct vectors
  [0] W = 0xbb2d1a69 0x1466fd79 0xb2feab3d 0x94be26d1
      d = 0x83402820 0xaad0400c 0xb0608e08 0x00000000 0x0f00a04a 0x53764041 0xb0208e08 0x00000000 
  [1] W = 0xfeda4abf 0x4633de59 0x82e4f405 0x90ef1cd7
      d = 0xa7a0c8ad 0x02a8f04a 0x0000a036 0x00000000 0x0e1a3a42 0x80a801a4 0x0000601a 0x00000000 
  [2] W = 0x2b9ff101 0x6248c01e 0x332c9a5b 0xac92e768
      d = 0x430280a4 0x4002956f 0x00301304 0x00000000 0x90d46840 0x39857224 0x0011f104 0x00000000 
  [3] W = 0xaec0b3c2 0xafad5c5e 0x80f557ed 0x6b14bfc9
      d = 0x8d4345a2 0x9a053c46 0x68001308 0x00000000 0xd105c43c 0x2400402c 0x18001108 0x00000000 
  [4] W = 0xb5e84ea3 0x3bb2671d 0x9d6e6a15 0x55b0a263
      d = 0x74414081 0x3219e6e0 0x03241000 0x00000000 0x806c0786 0x4283ba04 0x01dc1000 0x00000000 
  ... and 95 more distinct vectors
HW=58: 201 total, 201 distinct vectors
  [0] W = 0x18ef22ce 0x6a650e35 0xbfdab764 0xcffe3c1f
      d = 0xa8565801 0x06968615 0x05809300 0x00000000 0x842522e9 0x90b20041 0x03808f00 0x00000000 
  [1] W = 0xb48e4339 0xe1c2f4ed 0x54be6302 0x831382cd
      d = 0xb742b2a8 0x38a08432 0x21d82000 0x00000000 0xa0824454 0xe1b88218 0x20682000 0x00000000 
  [2] W = 0x318a136d 0x0f16d95e 0x53931b40 0x2f9b649d
      d = 0x50633be2 0xa70e4330 0x38e08000 0x00000000 0x09128500 0x3309e011 0x29208000 0x00000000 
  [3] W = 0x83a5c36d 0x42c7afa9 0x51685230 0x3ee18b47
      d = 0x6044cc10 0x86224084 0xc040f185 0x00000000 0x8cf14942 0x010a08a1 0xc041128b 0x00000000 
  [4] W = 0xa74f5396 0xea8b1408 0x894051ad 0xedc3b2f7
      d = 0x4e8282ea 0x225020a6 0x20520009 0x00000000 0x862e02a2 0x46bc42c8 0x20320009 0x00000000 
  ... and 196 more distinct vectors
HW=59: 350 total, 350 distinct vectors
  [0] W = 0x591f517a 0xd53954a2 0x0a0005f4 0x5d6e95cb
      d = 0x6b474301 0x09b90281 0x011008a1 0x00000000 0x24da4044 0x3e42880b 0x033008a1 0x00000000 
  [1] W = 0xbcbb78ea 0xa76c7619 0x1c471b0e 0x1bf2373d
      d = 0x85e1af41 0xd0980247 0x0185281e 0x00000000 0x090410a0 0x048a1823 0x02852812 0x00000000 
  [2] W = 0x19482521 0xa06d7137 0xc7395452 0x5bdf33eb
      d = 0x25084055 0x1420015a 0xe300002f 0x00000000 0x4a0b9b0c 0x928661b1 0xa1000025 0x00000000 
  [3] W = 0x42ed425f 0xbe7c368c 0x2d18f19a 0x565ea9ef
      d = 0x9084a06c 0xe46cc05a 0x40a03000 0x00000000 0x0a0ca8c5 0x1c8a2859 0xc0e05000 0x00000000 
  [4] W = 0x4745b321 0xd51c9d91 0x937d4606 0x4c0ee0d8
      d = 0x00099208 0xa1582e00 0x012e3a14 0x00000000 0x48349048 0x9684a204 0x012e3a6c 0x00000000 
  ... and 345 more distinct vectors
HW=60: 667 total, 667 distinct vectors
  [0] W = 0x3adec907 0x9c3547f8 0xad81ee3d 0x9886c5de
      d = 0x202241a3 0x00ce414b 0x02084264 0x00000000 0xb15189a8 0x35985082 0x0238421c 0x00000000 
  [1] W = 0x450f2500 0x9441cf37 0x19484564 0x2d7d7f56
      d = 0x40409508 0x18201158 0x422e8000 0x00000000 0x47f6ca06 0x4f43e3e4 0x42228000 0x00000000 
  [2] W = 0xac5b8027 0x57becf08 0x45ae8cc7 0x12f2fd5c
      d = 0x35099a2a 0xa1e621c6 0x4000c300 0x00000000 0xc14046e7 0x69289208 0x40014300 0x00000000 
  [3] W = 0x592fa4e5 0x1bd915bc 0x14bfa86b 0xd7e5aef2
      d = 0x0142e007 0x9904e02a 0xc0c000c0 0x00000000 0x22344ae0 0x27d2646f 0xc04001c0 0x00000000 
  [4] W = 0x75e89fea 0xa4a870e0 0xfc3092fa 0x239b1c6d
      d = 0xe40f050c 0xc60041e1 0x00090583 0x00000000 0x06bba024 0x8e1ab019 0x00190481 0x00000000 
  ... and 662 more distinct vectors
