=== block2 lowhw set: m0=0x427c281d fill=0x80000000 bit=17 max_hw=60 ===
samples: 1000000000  elapsed: 23.01s
min HW seen: 50

HW=50: 2 total, 2 distinct vectors
  [0] W = 0x6577e5bf 0xa1c962bf 0x3e464a70 0x160e0f74
      d = 0x42b00008 0x6a4a8824 0x69000000 0x00000000 0x9187604c 0x0c3ac748 0x69000000 0x00000000 
  [1] W = 0x2f0e81e9 0x19481070 0x7385a7b3 0x2907254a
      d = 0x0d1021a8 0x43650105 0x01802001 0x00000000 0x1164b30f 0x01072109 0x01802003 0x00000000 
HW=51: 1 total, 1 distinct vectors
  [0] W = 0xf3250f82 0x0879bbe8 0xdf90292a 0x8c158a70
      d = 0xc03801b0 0xab005a80 0x0c140000 0x00000000 0x23311a92 0x4c31ca10 0x0c1c0000 0x00000000 
HW=52: 2 total, 2 distinct vectors
  [0] W = 0x634e7a48 0x2ce2a52b 0x70b8d808 0x1c845754
      d = 0x2e600a34 0x3d204860 0x008400a0 0x00000000 0xa2699006 0x5801445a 0x008c00e0 0x00000000 
  [1] W = 0xb35910d2 0xb9201613 0xc7a757a2 0x8733206b
      d = 0x335810a2 0xc2457864 0x0d000001 0x00000000 0x1046ac84 0x8604340b 0x03000003 0x00000000 
HW=53: 4 total, 4 distinct vectors
  [0] W = 0x62dfb6a3 0x15780866 0x9aec89dc 0x71368ad7
      d = 0x38e35024 0x1a08c387 0x40401208 0x00000000 0x982803a4 0x9a017800 0x40401208 0x00000000 
  [1] W = 0x05443276 0xe25ccd93 0x063c9ce4 0x21aa90b4
      d = 0x2d5509c2 0x08918420 0x88000190 0x00000000 0x8020954c 0x5e16852c 0x88000190 0x00000000 
  [2] W = 0x90493be5 0x518dcf9f 0xe7b52fa0 0x0a60de80
      d = 0xc86f2508 0x280c8010 0x0200bc00 0x00000000 0xb514a0c8 0xca040f27 0x02008400 0x00000000 
  [3] W = 0x2582a4f1 0x528b339f 0xabe1f583 0x3f6a3a4b
      d = 0x26890e88 0x8023187d 0x00809008 0x00000000 0x0201c8c0 0x028d08c7 0x0081b038 0x00000000 
HW=54: 8 total, 8 distinct vectors
  [0] W = 0x49ad55fa 0x815eea13 0xdf8827bd 0xb482aa42
      d = 0x82885004 0xcff7840e 0x00c00e00 0x00000000 0x01180db0 0xc000b675 0x01400200 0x00000000 
  [1] W = 0x2742f6ff 0x4a386c11 0xb0f7964c 0x05f8dd33
      d = 0x000d4d80 0x1a12d044 0xd8858008 0x00000000 0x10ac602b 0x01115108 0x388c8018 0x00000000 
  [2] W = 0x56850de4 0x10073978 0x12201f6c 0x287f66ca
      d = 0x01e5284d 0x88c10792 0x541e0480 0x00000000 0x30401082 0x40462192 0x4c220480 0x00000000 
  [3] W = 0xa8cc215a 0xb0099209 0xcb56968d 0x2960738e
      d = 0x44600021 0x8d528800 0xd20600c0 0x00000000 0xa0014d06 0xd7529d08 0x720200c0 0x00000000 
  [4] W = 0xcfd5fe18 0x72ce0473 0xfa479733 0x1c9f9f03
      d = 0x04a40004 0x84044002 0x4200e090 0x00000000 0x12af260a 0xa385bbe9 0x4200a090 0x00000000 
  ... and 3 more distinct vectors
HW=55: 28 total, 28 distinct vectors
  [0] W = 0x8ae05590 0x8a10a299 0x563a7ab8 0x34c3b7ce
      d = 0x40401107 0x30498d04 0x101168a1 0x00000000 0x06498056 0x048e0544 0x3011a8a1 0x00000000 
  [1] W = 0xee642fcc 0x182eda42 0xafb985d1 0x7f7ea050
      d = 0x4802254b 0x1c165821 0x40101200 0x00000000 0x0c9d00b0 0x5c54cb23 0xc0101200 0x00000000 
  [2] W = 0x3208624c 0xf67e50ec 0xb01a157d 0xa40c48c7
      d = 0x13569916 0x018d5c0c 0x06014040 0x00000000 0x4438c86b 0x000c2c02 0x06034040 0x00000000 
  [3] W = 0xe7dd746c 0x634ac844 0x7208f9c5 0xcb3d84fd
      d = 0x03408503 0x39049480 0x22c10010 0x00000000 0x851013e3 0x3295a513 0x61410010 0x00000000 
  [4] W = 0xf75f7dc7 0x0415a734 0xae9c96ed 0xb464316d
      d = 0x01208544 0x43d02008 0x01a00538 0x00000000 0xb0be30c0 0x572b1040 0x01e00518 0x00000000 
  ... and 23 more distinct vectors
HW=56: 59 total, 59 distinct vectors
  [0] W = 0x6cd86f94 0x44713f21 0x1130f38b 0xe773114b
      d = 0x11acf045 0x8219100e 0x2005c080 0x00000000 0xd0218904 0x650ea088 0x201c4380 0x00000000 
  [1] W = 0x330d840b 0xf2181c6d 0xc32d5047 0x4d951e75
      d = 0x8c1b4090 0x9d8a3919 0x02802a82 0x00000000 0x11b12420 0x420c0000 0x1e803a82 0x00000000 
  [2] W = 0xc6c58f73 0x92514826 0xd1ef640c 0x90b1addb
      d = 0x83502084 0x9eaf0e88 0x08090e40 0x00000000 0x9828346c 0x41881880 0x08090640 0x00000000 
  [3] W = 0xb379f78f 0x3c82782b 0x03631ce8 0x7f3bbe77
      d = 0x46410d04 0x800b8d39 0x800c1202 0x00000000 0x62c60e0c 0x00288759 0x8004120e 0x00000000 
  [4] W = 0x0b959325 0x87dc947d 0xbf34e454 0x5470c4eb
      d = 0x4c2a0349 0x204540af 0xc3803221 0x00000000 0x21c18110 0x006e8908 0x40805221 0x00000000 
  ... and 54 more distinct vectors
HW=57: 95 total, 95 distinct vectors
  [0] W = 0x6fbfe769 0xf90356c0 0xe8b8fa8d 0x0acd0e59
      d = 0x43066b58 0xa203dc78 0x07000412 0x00000000 0x0412a0c6 0x004066e0 0x03001c12 0x00000000 
  [1] W = 0x25e37020 0x370defb3 0xd582930e 0x7b810f1f
      d = 0xc187c914 0x27180e6c 0x082a008d 0x00000000 0x240050d3 0x090004cc 0x081a0085 0x00000000 
  [2] W = 0x0381ac7c 0xf7c8d81b 0x75b201be 0x853eb4fc
      d = 0x48610041 0x21151f04 0x80380b06 0x00000000 0x0407aa68 0x2921240f 0x8048090e 0x00000000 
  [3] W = 0xec1f2b97 0x24d42b01 0x973f20bb 0x16275ccf
      d = 0x9c108172 0x8908b098 0x24222004 0x00000000 0x88aa2235 0x0b832804 0x241e6004 0x00000000 
  [4] W = 0x19b33bbb 0xa648fff9 0x8f47e762 0x06d84857
      d = 0x34bf052d 0x60055544 0x8be06000 0x00000000 0x904a1804 0x0342d030 0x8820a000 0x00000000 
  ... and 90 more distinct vectors
HW=58: 181 total, 181 distinct vectors
  [0] W = 0x1b56f861 0x4f0df3cc 0xdff565b6 0x1b301ef7
      d = 0x6b3e71a9 0xb1040074 0x08120000 0x00000000 0x8070c716 0xaf024044 0x18720000 0x00000000 
  [1] W = 0x945fc602 0xff69b9ed 0xc2dbc527 0xf5907b18
      d = 0x04279008 0x55b80342 0x02703102 0x00000000 0x1063058a 0x7c003184 0x0210df02 0x00000000 
  [2] W = 0x71f23d28 0xfcb3e663 0x8f870ddc 0xa9abe282
      d = 0x28240078 0x810b2539 0x01244e41 0x00000000 0x4402c206 0x2385803a 0x01244dc1 0x00000000 
  [3] W = 0x072281ef 0xb4f60660 0xf37db3dd 0xe5c01a9e
      d = 0x8088008c 0xaeda04ad 0x8904042c 0x00000000 0x4504c250 0xac324c30 0x89040424 0x00000000 
  [4] W = 0x43f76e3e 0x682fdde6 0xe1f9d1cf 0xa3cbd9cf
      d = 0x0c040093 0xc5217820 0x71accc00 0x00000000 0x0b0604ae 0x15506180 0x50a54400 0x00000000 
  ... and 176 more distinct vectors
HW=59: 335 total, 335 distinct vectors
  [0] W = 0x839bfd98 0x7938f20c 0x885177b0 0x7243b883
      d = 0x08bc31f4 0x229554ea 0x30001052 0x00000000 0xa018c0c6 0x19650010 0x300010b2 0x00000000 
  [1] W = 0x37735e82 0xc8c52ab3 0xdffcf33a 0x72e9ed17
      d = 0xa048f45a 0x3274bb08 0x80808604 0x00000000 0x60ec0808 0xe001858b 0x8080820c 0x00000000 
  [2] W = 0xd0a20770 0x99c5a596 0x8399168d 0x88542309
      d = 0x110ab12c 0x61142c40 0x05700010 0x00000000 0xc6c9912f 0x20384a51 0x0d900030 0x00000000 
  [3] W = 0x3ba8fd47 0xa401e7a7 0x865c307d 0x0a219ad4
      d = 0x921400ec 0xa8335520 0xd0020850 0x00000000 0x2c280782 0x1d881a5c 0xd0020830 0x00000000 
  [4] W = 0x3a601ec3 0x0eb421ff 0xdbfb13fa 0x8905e838
      d = 0x4ce68540 0x441bae30 0x08001408 0x00000000 0x9208a7af 0x221b2912 0x08000c08 0x00000000 
  ... and 330 more distinct vectors
HW=60: 625 total, 625 distinct vectors
  [0] W = 0x92f04fba 0xfbef0519 0x72c93f5f 0xf17c4c0e
      d = 0x610844a7 0x050c4940 0xac88010a 0x00000000 0x22559301 0xa0c53808 0xac880136 0x00000000 
  [1] W = 0x2b197908 0x83371994 0x60b09b56 0x089635db
      d = 0x130204c2 0x0ee00a88 0xc6815200 0x00000000 0x0ad04d49 0xe384a908 0xc281d200 0x00000000 
  [2] W = 0x170f66ac 0x8089f361 0x62540e73 0x90d9e87e
      d = 0x650803c0 0xc4410557 0xe89b2848 0x00000000 0x640bc000 0x00806828 0x68653848 0x00000000 
  [3] W = 0x64d40ec2 0x448bb4c4 0x7076946d 0xfd97c710
      d = 0x03d01f28 0xa9035010 0x2800030f 0x00000000 0x16559880 0x533a6604 0x2800010f 0x00000000 
  [4] W = 0x9be7c8bf 0x3cf32127 0x422a44cc 0x5ccbf335
      d = 0x225001e8 0x03026df3 0x09007050 0x00000000 0x844bb21c 0x8600c9c0 0x0b00d050 0x00000000 
  ... and 620 more distinct vectors
