=== block2 lowhw set: m0=0xf3a909cc fill=0xaaaaaaaa bit=0 max_hw=60 ===
samples: 1000000000  elapsed: 22.78s
min HW seen: 51

HW=51: 1 total, 1 distinct vectors
  [0] W = 0x083b7e1d 0x98e551c1 0x69707d4f 0xbdec6a43
      d = 0x1f1a64a6 0x86069c98 0x40000000 0x00000000 0x14417408 0xf2049c88 0xc0000000 0x00000000 
HW=52: 3 total, 3 distinct vectors
  [0] W = 0xa3f9d283 0xac9634b7 0x2a1cd757 0xae3b8aac
      d = 0x4122d6a5 0x81a0f828 0x20040b30 0x00000000 0x81e18488 0x200c4004 0x20040b10 0x00000000 
  [1] W = 0x6644b6db 0xe36a7c14 0x31fde660 0x2b05bff8
      d = 0x9025a089 0xccf00062 0x10ca0120 0x00000000 0x00898c32 0xa8c08109 0x10460120 0x00000000 
  [2] W = 0xf9b58a6c 0x57fdec10 0xa58cbccf 0x70bdfd65
      d = 0x952e8424 0x224610a1 0x0c030120 0x00000000 0x1c018056 0x204e30c1 0x04030320 0x00000000 
HW=53: 4 total, 4 distinct vectors
  [0] W = 0xf3b68294 0x5f667fa6 0x82cc0a0f 0x723092e9
      d = 0x83f24002 0x09a36046 0x0e008008 0x00000000 0xf80b0c90 0x34627040 0x0e008008 0x00000000 
  [1] W = 0x57ec3111 0xe8014736 0xdc1b0fe5 0x0119d3d6
      d = 0x8c0c8c33 0x07906670 0x40038230 0x00000000 0x84607112 0x3008c010 0x40028230 0x00000000 
  [2] W = 0x7e4412ca 0x7fb8b444 0x4f301b5c 0xc72c1351
      d = 0x865d3cd1 0x0b0104c4 0x7c000000 0x00000000 0x81b2032e 0xc800221c 0xcc000000 0x00000000 
  [3] W = 0xb29fd727 0x4719705a 0x4b529eb3 0x081aacd1
      d = 0x138008cc 0x05045094 0x10344000 0x00000000 0x8f3f844b 0x20124072 0x3014c000 0x00000000 
HW=54: 4 total, 4 distinct vectors
  [0] W = 0x650877f2 0x15364329 0x7732bd80 0x30d715e1
      d = 0xa8004551 0xa1324080 0x21c80000 0x00000000 0x2a76a401 0x48c6c643 0xe2580000 0x00000000 
  [1] W = 0x031b13ee 0x4dba88fd 0x8801f34f 0x7b61471b
      d = 0x0100b801 0x2e0163e1 0xc0820014 0x00000000 0xea8c0c28 0x9a04b294 0x4082000c 0x00000000 
  [2] W = 0x7d026c4d 0x21f15508 0x615a44a0 0x100458a7
      d = 0xcab02022 0xc5bcc34a 0x01200218 0x00000000 0x20005072 0x4c4d1940 0x01200218 0x00000000 
  [3] W = 0xe05ef121 0xf1230d9c 0x82887f54 0x21358545
      d = 0x62824009 0x1fc80364 0x00050190 0x00000000 0x408921dd 0x16ca0250 0x00050270 0x00000000 
HW=55: 31 total, 31 distinct vectors
  [0] W = 0xa277f46e 0xc3b95873 0xfe5ec928 0xc8008835
      d = 0x2ec16715 0x06600038 0x00040000 0x00000000 0xd3a7ba50 0x761d0058 0x001c0000 0x00000000 
  [1] W = 0xdad01c68 0xf2f36806 0x618f181f 0xd31b9279
      d = 0x10822801 0x3e024020 0x012f4102 0x00000000 0x73055841 0x00c31038 0x00e5413e 0x00000000 
  [2] W = 0x7fac1607 0x50fd9e91 0x86d62fc6 0x26f70471
      d = 0xad593724 0x810e204d 0x00000008 0x00000000 0x1efec2c1 0x87524041 0x00000008 0x00000000 
  [3] W = 0xb3b5f1ee 0xbc8ed26a 0xbeb7806b 0x99e221f6
      d = 0x0710083c 0x0e693140 0x04006540 0x00000000 0x141cc70c 0x30664441 0x04005d40 0x00000000 
  [4] W = 0x4c62a660 0x0d7becd7 0x6cc7a047 0x812e8820
      d = 0x28814823 0x51102601 0xf0a20098 0x00000000 0x44d0c001 0x205283cd 0x106201a8 0x00000000 
  ... and 26 more distinct vectors
HW=56: 60 total, 60 distinct vectors
  [0] W = 0xd36f04ad 0x4cad1750 0x26ab6e13 0x264c5f47
      d = 0x1c2a3202 0xc2a9b00a 0x602004c8 0x00000000 0x80833049 0xb5405110 0x602004b8 0x00000000 
  [1] W = 0x0a088c45 0x6b841125 0xddb87b55 0x8884f5bc
      d = 0x820f0822 0x68320830 0x9c000480 0x00000000 0xb5d40aaa 0x61475b00 0x64000480 0x00000000 
  [2] W = 0x865e4d22 0xb0bf713f 0x8d8f7013 0x12291b75
      d = 0x201b1a1e 0xfc10204c 0x08060000 0x00000000 0x26171d54 0xa21360cc 0x18060000 0x00000000 
  [3] W = 0x1d532cb5 0x6073aa37 0xb39d550d 0x3ea3cbf3
      d = 0xe2c8d42a 0x881d0292 0x2c204280 0x00000000 0x2473e880 0x72221000 0x14204180 0x00000000 
  [4] W = 0xde8bead7 0xd9fa3cdf 0x5253ee0f 0xddd12106
      d = 0x1446d148 0x88f888b7 0x24002000 0x00000000 0x715dc003 0x832a500e 0x24002000 0x00000000 
  ... and 55 more distinct vectors
HW=57: 86 total, 86 distinct vectors
  [0] W = 0xfda2938c 0x55bbc8c5 0xb8ccac14 0x84896cd3
      d = 0x80050140 0x1203cd40 0x00027091 0x00000000 0x315a5557 0xa5ca9700 0x00021071 0x00000000 
  [1] W = 0x877650ed 0xe0111d58 0xb4f5ec25 0x27585b3d
      d = 0x2806d8a1 0x88828024 0x044a40c2 0x00000000 0xc5040e60 0x0fc00a93 0x044e40c2 0x00000000 
  [2] W = 0x40419eb7 0x017fa8fc 0x786a0b4c 0x19716e6d
      d = 0x84a0ceb2 0xa6508e34 0x8604000a 0x00000000 0x9028b012 0x5083b430 0x8204000a 0x00000000 
  [3] W = 0x1d5cbda4 0xd7e762d0 0x4c129ece 0xe6a1744b
      d = 0x7156d010 0x2022cb9a 0x0a006040 0x00000000 0x288a9ca2 0x21202785 0x060021c0 0x00000000 
  [4] W = 0x88a679c2 0xb45d5bad 0xfa367319 0xbefc6f53
      d = 0xc6115129 0x886a0002 0x002a0880 0x00000000 0x2c0d8fc4 0xd45485d2 0x002a0880 0x00000000 
  ... and 81 more distinct vectors
HW=58: 186 total, 186 distinct vectors
  [0] W = 0x57621001 0xb9256cb0 0x82dfbbc9 0xc172825a
      d = 0x228fa486 0x516c89bd 0x04018950 0x00000000 0x82020028 0xe84080d5 0x040088d0 0x00000000 
  [1] W = 0x560b0c43 0xc7ed87c2 0x95aa7548 0xbb6001e9
      d = 0x20433301 0x44546054 0x0c018d00 0x00000000 0x26a91420 0x21d93de8 0x04028b00 0x00000000 
  [2] W = 0xdb78f76c 0x7737a166 0xe07f3d8b 0xfe0593ec
      d = 0xe0281409 0xe21e00ce 0x24080020 0x00000000 0x882ea30c 0x16ea6012 0x6c0800e0 0x00000000 
  [3] W = 0xe136de17 0x64704ecd 0xd892db39 0xfd42e2a3
      d = 0xa2629788 0x06318a21 0x4020004e 0x00000000 0x1e132062 0x09ad8248 0xc020005a 0x00000000 
  [4] W = 0x8d7d4ade 0xa0f5816d 0x0bdd0921 0xf5d6f7fd
      d = 0xaa015121 0x9a818379 0x09e80038 0x00000000 0x24260280 0x2461da40 0x09380028 0x00000000 
  ... and 181 more distinct vectors
HW=59: 370 total, 370 distinct vectors
  [0] W = 0x50c9e294 0xfff1cff9 0x07df133e 0x52ac9da2
      d = 0x70000483 0xc331c602 0x7800d9c0 0x00000000 0x6842d601 0x920d425c 0x88004940 0x00000000 
  [1] W = 0x5156ca0f 0x8afaae84 0x3a626331 0xb68b7e53
      d = 0x47830240 0x00901846 0x9ab10001 0x00000000 0x30140d14 0x22f05d3f 0x95910001 0x00000000 
  [2] W = 0xef2b6c28 0xd76b829f 0x403e1163 0xc0543d2a
      d = 0x201da801 0x1b2484c6 0x0c171882 0x00000000 0x00130004 0x1a0822e4 0x140d18fe 0x00000000 
  [3] W = 0x138e8f11 0x8ff50ac7 0xfb124fb1 0xee62eea3
      d = 0x0013a488 0x4904d4a8 0x0019a00f 0x00000000 0xa448248b 0xeb11e059 0x0008e001 0x00000000 
  [4] W = 0xd38c629f 0xa42a0370 0x6cca5b12 0xd2a91006
      d = 0xb9b05048 0xb5846071 0xcc400418 0x00000000 0x41008d80 0xa2da20a8 0xcc400408 0x00000000 
  ... and 365 more distinct vectors
HW=60: 675 total, 675 distinct vectors
  [0] W = 0xfb431cad 0x8208e806 0x7e0497c2 0x7368963c
      d = 0xd336678e 0x828418a2 0x0c084012 0x00000000 0x01090622 0x2c12e1ec 0x04184012 0x00000000 
  [1] W = 0xeff97696 0xe4511663 0x153fb08d 0x86e2425a
      d = 0x9029886a 0x21d96744 0xc0019a00 0x00000000 0x4958080f 0x826541b0 0x40009e00 0x00000000 
  [2] W = 0xb454b1ba 0x6e1ff1eb 0x9479e6ba 0xbd70af4d
      d = 0xd016084c 0x26902448 0xb8671004 0x00000000 0x158a211d 0x90c10190 0xc8671004 0x00000000 
  [3] W = 0x61538f9d 0x04a4de6d 0x724f0af9 0xf11c0d51
      d = 0x520a1282 0xc0094113 0x261c2040 0x00000000 0x214b1c3c 0xd705c928 0x2a0c2040 0x00000000 
  [4] W = 0xc8f5dd07 0x19f5910d 0xd158f807 0x05579a4b
      d = 0x88891140 0x324a0860 0x02115fc2 0x00000000 0x10eb4803 0x059e4112 0x021341c2 0x00000000 
  ... and 670 more distinct vectors
