=== block2 lowhw set: m0=0x33ec77ca fill=0xffffffff bit=3 max_hw=60 ===
samples: 1000000000  elapsed: 22.85s
min HW seen: 46

HW=46: 1 total, 1 distinct vectors
  [0] W = 0xcaf62f78 0xec3c3674 0x34a2e2ad 0x7619ac16
      d = 0x29185a84 0x0206a220 0x18288001 0x00000000 0x28248333 0x92000504 0x08288001 0x00000000 
HW=49: 1 total, 1 distinct vectors
  [0] W = 0x57fa806e 0xf91f3135 0xf80a4b89 0x9e1d55b4
      d = 0x52ded20c 0x241ac840 0x00001600 0x00000000 0x0a1a2472 0x94456040 0x00001200 0x00000000 
HW=52: 4 total, 4 distinct vectors
  [0] W = 0x7e19589b 0xf44851de 0x300e3207 0x3f9b8d20
      d = 0x20504005 0x11400168 0x38001040 0x00000000 0x30e4b97a 0xd700ed48 0x080010c0 0x00000000 
  [1] W = 0x0791b038 0x0343b693 0xc7ac673b 0x222f715e
      d = 0x0c017740 0x201f1345 0x00406418 0x00000000 0x8a082182 0x03238631 0x00402428 0x00000000 
  [2] W = 0x018c0494 0xa2c6477b 0x2f0b5f8f 0xdba923b2
      d = 0x008f00fc 0xc1014a34 0xb6200011 0x00000000 0x00c08141 0x82013830 0xf2200031 0x00000000 
  [3] W = 0x4cbb2849 0x1ff18e90 0xea50a9a1 0x13fa3473
      d = 0x9dc62013 0x8a81e190 0x0e030000 0x00000000 0x54218150 0xb9019250 0x06010000 0x00000000 
HW=53: 7 total, 7 distinct vectors
  [0] W = 0x59b56de9 0x750eca4d 0x24a0b1ae 0x60387464
      d = 0x054b1e43 0x81052c10 0x000c0038 0x00000000 0x3020077c 0x5043541a 0x000c0068 0x00000000 
  [1] W = 0xe7c1fc89 0xd246a481 0xdc067aaa 0x79355363
      d = 0x02902c08 0x940463a1 0x2a0e0000 0x00000000 0x40114381 0x9c817649 0x3a1a0000 0x00000000 
  [2] W = 0x724bf9b3 0xa2ce7ead 0xce66ec20 0x6fbe5ff1
      d = 0x82a8a588 0x09e80202 0xa0004420 0x00000000 0x09152589 0x024cb184 0xe00044e0 0x00000000 
  [3] W = 0x700921a7 0xd3809c99 0xc2684e90 0xbcff42ed
      d = 0xb005614e 0x0210c3e0 0x80010047 0x00000000 0x6b890031 0xa805a040 0x800100cb 0x00000000 
  [4] W = 0xe23c9a8d 0x5ccd455b 0x78adb268 0x12fa7618
      d = 0x52410618 0x52432bc0 0x52004c02 0x00000000 0x020ea4c8 0x02206108 0x6e004c02 0x00000000 
  ... and 2 more distinct vectors
HW=54: 11 total, 11 distinct vectors
  [0] W = 0x667abc1c 0x0eddb8e0 0x81fd6400 0x82d3257e
      d = 0x640a3040 0x31428042 0x500c3904 0x00000000 0x281c2849 0x8a0848a6 0x500c3904 0x00000000 
  [1] W = 0xe2f6da45 0x0e72b5da 0x41f2ee7e 0x9b992c60
      d = 0x81d831a4 0x0c159b80 0x03c19900 0x00000000 0x0a128e20 0x40016541 0x00409900 0x00000000 
  [2] W = 0xa453be06 0xa1f1ee2f 0x1abc4695 0xdfbb5be2
      d = 0x086501c7 0x52404603 0x12020209 0x00000000 0x2cd2850e 0x40008a73 0x12020209 0x00000000 
  [3] W = 0xc9347648 0xb857e376 0xc3192c2a 0x351ff3e4
      d = 0x0a13c532 0x10442813 0x10018088 0x00000000 0xaa4c0292 0x2a1a2845 0x100280b8 0x00000000 
  [4] W = 0xd8da4834 0xaa4c9b9a 0x1ec727a5 0xbc4cad3c
      d = 0x0858e014 0x23a12c32 0x000098a0 0x00000000 0x54311597 0x61c08232 0x00008860 0x00000000 
  ... and 6 more distinct vectors
HW=55: 33 total, 33 distinct vectors
  [0] W = 0x55a3e3b7 0x1377fcfd 0x71ed7ba9 0x0d9ea845
      d = 0x02885600 0x362804fb 0xc2080080 0x00000000 0x59281312 0x8aba14b1 0x42080080 0x00000000 
  [1] W = 0xeeb97d4f 0xe30f4527 0x7edfbeb2 0xa83efcf6
      d = 0x50b41b83 0x18f44101 0x28840101 0x00000000 0x4080a502 0x95858044 0x398c0101 0x00000000 
  [2] W = 0x7135e092 0x69df0621 0xaa77372c 0xdec0bdc5
      d = 0xe0c67413 0x099c5163 0x100000d8 0x00000000 0x18700041 0x18ad1083 0x100000e8 0x00000000 
  [3] W = 0x8010315f 0x4149da02 0x3b3d47c6 0xeb7c0aa4
      d = 0x03498100 0x275b740c 0x0049000d 0x00000000 0x20109a43 0x008ce252 0x003b000d 0x00000000 
  [4] W = 0x27466069 0x822d8c4c 0x4726a65e 0xee48daa8
      d = 0x71808202 0x00a0802c 0x18110072 0x00000000 0x62ca0911 0xd60dc8a8 0x18110072 0x00000000 
  ... and 28 more distinct vectors
HW=56: 40 total, 40 distinct vectors
  [0] W = 0x9e14acc2 0x7a11c984 0x270c6a94 0xe18948db
      d = 0x132e2404 0xa5888198 0x019a0940 0x00000000 0x888a4a08 0x8647180e 0x008608c0 0x00000000 
  [1] W = 0x16a4ca2b 0x73dc56bb 0xd8620dfe 0xa26da310
      d = 0x230366b2 0x12300604 0x20108120 0x00000000 0x0a616043 0x31375e20 0xe0108120 0x00000000 
  [2] W = 0x30bd8d88 0xa0956cce 0xac99e348 0x8ee5cd30
      d = 0x00a8e001 0xe80d6880 0x2016621a 0x00000000 0x41444068 0x18944815 0x2036a20a 0x00000000 
  [3] W = 0xb0170f77 0x6ec136eb 0x4b922e45 0xc50ba468
      d = 0x10050101 0x8c000198 0xad100060 0x00000000 0xeb6d033d 0x79409454 0x63100020 0x00000000 
  [4] W = 0xd09e7e76 0xf5468a1e 0xa4ae5b9c 0x94606232
      d = 0x20089770 0x4a028be9 0x03b07002 0x00000000 0x254000d4 0x18092170 0x02709002 0x00000000 
  ... and 35 more distinct vectors
HW=57: 88 total, 88 distinct vectors
  [0] W = 0x8dad3113 0x5a67de54 0x940cdec2 0xf547bc28
      d = 0x214083f5 0x25f6840c 0xe0088010 0x00000000 0x30280aa1 0x046a2364 0xa0188010 0x00000000 
  [1] W = 0x7dfbf440 0x6d0d4ad9 0x4e9716b2 0x246112d2
      d = 0x53f08030 0x60be5540 0x08180e80 0x00000000 0xc330a0d0 0xad869200 0x08080280 0x00000000 
  [2] W = 0x4d98877e 0xf39a5165 0x8f631a7e 0x69b92168
      d = 0xa14603a0 0x45181d65 0x01801a81 0x00000000 0x39e85825 0x30aa0040 0x00801981 0x00000000 
  [3] W = 0x4a053a2c 0x45595d0c 0xb1e5a470 0xa81f7e65
      d = 0x6a65814d 0x48e03e09 0x00004c16 0x00000000 0x4093803a 0x28606700 0x00004472 0x00000000 
  [4] W = 0x51941d66 0x952e3b3a 0x1b6311de 0x52454332
      d = 0x90083c04 0x4604210f 0xf8150283 0x00000000 0x80800200 0xe401a61f 0x080f0583 0x00000000 
  ... and 83 more distinct vectors
HW=58: 189 total, 189 distinct vectors
  [0] W = 0xd92bc962 0xa0fcf541 0xf4cd870b 0xc1b466bd
      d = 0x130d0a9c 0x2184084a 0x20b93008 0x00000000 0x28063882 0xa26e011b 0x20891018 0x00000000 
  [1] W = 0xb3ad2999 0xc55e5816 0xc5cf7838 0x73c5c6dc
      d = 0x56020c52 0x00929c10 0x45c3105c 0x00000000 0x200426ac 0x9840f500 0x444310c4 0x00000000 
  [2] W = 0xe463d5b6 0x447e015c 0x0eedadb6 0xd03d337b
      d = 0x802294c9 0x89078cb2 0x20ac0180 0x00000000 0xf1106005 0x5bd08630 0x20a40080 0x00000000 
  [3] W = 0x80a581aa 0x228be5a2 0x99cedd1d 0x0fc6d94b
      d = 0x3219805f 0x101bba87 0x8800a011 0x00000000 0x08a11286 0x70211449 0x8800a011 0x00000000 
  [4] W = 0x866eb673 0x44bf3a43 0xdd167cb8 0x42afcaf8
      d = 0xb0208090 0x24199839 0x00012960 0x00000000 0xf240e557 0xa0dd3208 0x000128a0 0x00000000 
  ... and 184 more distinct vectors
HW=59: 339 total, 339 distinct vectors
  [0] W = 0x004dcc44 0x81670466 0x5c9566f3 0xf924a416
      d = 0x68d29319 0x2a974272 0x80008018 0x00000000 0x336e06d1 0x0acb0044 0x80008008 0x00000000 
  [1] W = 0x7631a4bb 0x167a58e8 0xf189bd3b 0x03f97bac
      d = 0x09293244 0x0a0a1866 0x00c10608 0x00000000 0x93e38441 0xc26154e5 0x00410618 0x00000000 
  [2] W = 0x3dab64a9 0x76f3eaf6 0x7e08cb20 0x8af3ea56
      d = 0x091a200f 0x6408ae44 0x00448101 0x00000000 0x4653e104 0xca026fe8 0x00c48101 0x00000000 
  [3] W = 0xc522bcee 0xc5598391 0x5050f984 0xa36b98b4
      d = 0x40c0645b 0x4d584111 0x4062a833 0x00000000 0x6080f101 0x0c080318 0xc022980d 0x00000000 
  [4] W = 0xfb82af98 0x604eeca0 0x068cfbed 0xa7d3f5b5
      d = 0xad142061 0x1c8021a0 0x0010e805 0x00000000 0x90dd6b01 0xa004d466 0x0011b805 0x00000000 
  ... and 334 more distinct vectors
HW=60: 620 total, 620 distinct vectors
  [0] W = 0x8e52d055 0x5f5b5559 0x8bfd9b81 0x29395f27
      d = 0x07000412 0x50a28021 0x629205c0 0x00000000 0xa2752404 0x891315cb 0xe3920c40 0x00000000 
  [1] W = 0x5cc4c5e3 0x4b603c3f 0xd018b3cc 0x0a4b4f7c
      d = 0xd8001c84 0x30261a58 0x67040063 0x00000000 0x008110a0 0x12645703 0xe50c01e3 0x00000000 
  [2] W = 0x67fe1c74 0x2a6907cc 0x5880d204 0x1ace1fe4
      d = 0xa0322890 0xc844d21c 0x20ba800e 0x00000000 0x293d2200 0x06124b33 0x208a8006 0x00000000 
  [3] W = 0xe6b65f39 0x877c5bb1 0x8d45cb34 0xb0497585
      d = 0xc19e96de 0x80c06217 0x84400023 0x00000000 0x30269681 0xa0048212 0x85c00023 0x00000000 
  [4] W = 0x1ae0d5ed 0x0bf3cda3 0x3ab50480 0xde8c7bd2
      d = 0x0eaa176d 0x212c2401 0x0e010cae 0x00000000 0x2c044001 0x0425f880 0x1a010ca2 0x00000000 
  ... and 615 more distinct vectors
