=== block2 lowhw set: m0=0x3f239926 fill=0xaaaaaaaa bit=31 max_hw=60 ===
samples: 1000000000  elapsed: 22.89s
min HW seen: 49

HW=49: 1 total, 1 distinct vectors
  [0] W = 0x9eeeda4b 0xf1548b98 0x64d0caeb 0xcc3f118d
      d = 0x682c380c 0x20cd0880 0x00280101 0x00000000 0x204f42cd 0x0bc50280 0x00180101 0x00000000 
HW=50: 1 total, 1 distinct vectors
  [0] W = 0x5824fd03 0x371b26e1 0x2b22cf42 0x2b9c72c7
      d = 0x87204a0a 0x11343253 0x06500008 0x00000000 0x70138110 0x50102466 0x02500018 0x00000000 
HW=51: 3 total, 3 distinct vectors
  [0] W = 0xb407d601 0x963dfd22 0x1aac942e 0x8d0b177a
      d = 0x84505075 0xce220981 0x147a0800 0x00000000 0x80880c03 0x228a2900 0x142a0800 0x00000000 
  [1] W = 0xb2feb501 0xef8a42ee 0x5d2df1a5 0x803d2509
      d = 0xdacc6808 0x48009893 0x0100400c 0x00000000 0x115c3918 0x4820a094 0x0100c00c 0x00000000 
  [2] W = 0x27a9d958 0x8cd83439 0xc1b573d6 0x963f0211
      d = 0x492a6c01 0x322b0000 0x28280080 0x00000000 0xc0919c31 0x981043c0 0x38680080 0x00000000 
HW=52: 2 total, 2 distinct vectors
  [0] W = 0x6114c74f 0xc6562d91 0x7f658003 0x23d57191
      d = 0x024a0258 0x59090d00 0x42032220 0x00000000 0x30c38424 0x440046b9 0xc2052220 0x00000000 
  [1] W = 0x0d66183c 0x025e1e8c 0xf070372b 0x2430a041
      d = 0x00108861 0x93054802 0x40048401 0x00000000 0x84555444 0x370a6425 0xc01c8401 0x00000000 
HW=53: 7 total, 7 distinct vectors
  [0] W = 0x57470805 0x7eb997e6 0xc4eb4944 0x15b06b05
      d = 0xa69b0a27 0xa010897c 0x00108440 0x00000000 0x802b2e44 0x40245810 0x00118440 0x00000000 
  [1] W = 0x27e62263 0x96ec4576 0xd613c0b7 0x6eab8115
      d = 0x8c480951 0x840af8d5 0x007d0000 0x00000000 0x0c15f804 0x300c088e 0x00250000 0x00000000 
  [2] W = 0xc013b9cb 0x527ac99e 0x62688b7a 0x13f9add9
      d = 0x451e9000 0x34c34002 0x042031e0 0x00000000 0x4960221b 0x22086519 0x04203060 0x00000000 
  [3] W = 0x7d382cf0 0x6c6404c3 0x737e451d 0xc06aa693
      d = 0x72541337 0x00618684 0x12000000 0x00000000 0xa61760d7 0x05a01234 0x32000000 0x00000000 
  [4] W = 0x59beb89d 0x5b06a6ab 0x75a3a902 0x10fec123
      d = 0x91542082 0x60363e23 0x60001108 0x00000000 0x80120542 0x1012e9e1 0x20003118 0x00000000 
  ... and 2 more distinct vectors
HW=54: 15 total, 15 distinct vectors
  [0] W = 0xe98c4152 0x556001a1 0xffd56a6b 0x019c47c7
      d = 0x140292a2 0x3022a093 0x10062030 0x00000000 0x2616d1a4 0x2326081c 0x10066010 0x00000000 
  [1] W = 0xcfa2b784 0xb31d1e8d 0x095a6b8b 0xc14e1a5e
      d = 0x29740042 0x3b231141 0x088c8025 0x00000000 0xc2101a85 0x1412010c 0x18848025 0x00000000 
  [2] W = 0x13195aa2 0x31edd604 0xee8f61d2 0x54113188
      d = 0x88a1b499 0x10595040 0x000f0600 0x00000000 0xc409fc22 0x3c251118 0x00090200 0x00000000 
  [3] W = 0xf07b7ea1 0x6a4d3fb6 0x7ac8b40b 0xe575a7cf
      d = 0x98008aae 0x08a2921d 0x8003e8c0 0x00000000 0x108a0110 0x210243e8 0x800328c0 0x00000000 
  [4] W = 0xf7372231 0x7d507aa9 0x32a916cb 0x1e7fa093
      d = 0x0095bc10 0x04c2c261 0x08880010 0x00000000 0x25c0a3ab 0x3220de81 0x08880010 0x00000000 
  ... and 10 more distinct vectors
HW=55: 24 total, 24 distinct vectors
  [0] W = 0x677778ea 0x8525e73f 0x0181601e 0x9dd46d3f
      d = 0x600b2808 0x44007306 0x04a04418 0x00000000 0xa84d1030 0xe988e500 0x07604418 0x00000000 
  [1] W = 0xfb5d5d20 0x4fd7dedc 0x358c9f9a 0x698e1805
      d = 0x08111191 0x60f90b00 0x02001434 0x00000000 0x8595aa52 0x026b4001 0x02003c2c 0x00000000 
  [2] W = 0x81e56561 0x84632b65 0xc0f087a2 0xd0915ba0
      d = 0xd0d8104e 0x030b6c01 0x80804c0c 0x00000000 0x650c0888 0x4031c902 0x80804c1c 0x00000000 
  [3] W = 0x1d955555 0x50ca778a 0xd95c2a77 0xde4e6bbe
      d = 0x40f8042a 0x441e8471 0x00e00060 0x00000000 0x884a5432 0x4a141a7a 0x01a00020 0x00000000 
  [4] W = 0xff127956 0xb724c80a 0xea967c18 0x87b8bcd2
      d = 0x2f17635a 0xd00d357a 0x00124000 0x00000000 0x20010905 0x89018d04 0x000ec000 0x00000000 
  ... and 19 more distinct vectors
HW=56: 50 total, 50 distinct vectors
  [0] W = 0x0e6b20f5 0x24c30c2f 0xed9f1f0c 0xc1ad9e53
      d = 0x507c005b 0x01206054 0x0050b007 0x00000000 0x32552089 0x0e1c425c 0x00509005 0x00000000 
  [1] W = 0xf7d89ce6 0x6cc1f644 0x1322b740 0xfc982105
      d = 0xb0348c25 0x04812eb8 0x10c00524 0x00000000 0x00063554 0x10050046 0x334005e4 0x00000000 
  [2] W = 0xe60006cf 0x3deb21c3 0x63bec86a 0xecc97353
      d = 0x01094511 0x1d79ae81 0x048003e0 0x00000000 0x4903305a 0x510412ab 0x04800020 0x00000000 
  [3] W = 0xc9b1e728 0x5fc72dc2 0xf5992f5d 0xde2e0be4
      d = 0x80204bf1 0x82a2c180 0x0001c198 0x00000000 0x624a32c5 0x98635120 0x0000c098 0x00000000 
  [4] W = 0xc438c102 0x5f050ece 0x254a85a0 0xca2954bf
      d = 0x56400c82 0x00381562 0x000100b7 0x00000000 0x89249bb9 0x41909111 0x00030159 0x00000000 
  ... and 45 more distinct vectors
HW=57: 98 total, 98 distinct vectors
  [0] W = 0x58ef0321 0xa9e493e4 0x4899cb28 0x4e628916
      d = 0x01184034 0x30310c93 0x50161808 0x00000000 0x13803e5d 0x44060521 0x50721808 0x00000000 
  [1] W = 0x8da2b31d 0xa3eea15d 0x8f626d5f 0x9bf46b5b
      d = 0xd406a162 0xd726c099 0x20030000 0x00000000 0xcb03cc16 0x51260031 0x60030000 0x00000000 
  [2] W = 0x9b3e5289 0x7c841dfe 0x184fee03 0x54706444
      d = 0x04ac0302 0x51840b73 0x05028858 0x00000000 0x861840e7 0x08242511 0x0b028848 0x00000000 
  [3] W = 0x4823477c 0x3956345a 0x047c7d34 0xf08da3f9
      d = 0x80ac4043 0x5809e827 0x812a1c00 0x00000000 0xd006d506 0x01412451 0x81360400 0x00000000 
  [4] W = 0xba5b15b3 0xc54e2165 0x2d32bb54 0x3158c978
      d = 0x1b28a232 0x34801025 0x93600220 0x00000000 0x06a19299 0xc8342802 0x95600220 0x00000000 
  ... and 93 more distinct vectors
HW=58: 150 total, 150 distinct vectors
  [0] W = 0xe77d0919 0x8d9f4cf6 0xe4366036 0x2e2631ee
      d = 0xa0a086f3 0xa6450d80 0x0000f600 0x00000000 0x37414440 0x348d9003 0x00079600 0x00000000 
  [1] W = 0xa9e88a8b 0xaf8f6c37 0x033c0b53 0xc8936578
      d = 0x0a048038 0x443b4130 0x8da06406 0x00000000 0x2caa9088 0x43a2c100 0x94a06402 0x00000000 
  [2] W = 0x75ebc477 0xa1c17a65 0x5f3e3943 0x9ad4bc48
      d = 0xe7b0161e 0x81008200 0x448808c0 0x00000000 0x54ac1412 0x320899a2 0xc48809c0 0x00000000 
  [3] W = 0x8e075566 0xf1df4153 0x27509889 0xbc75f789
      d = 0x5516040f 0x12408f18 0x80075000 0x00000000 0x4d471d84 0xa7050306 0x8000f000 0x00000000 
  [4] W = 0x1eeabf2e 0x68e42e89 0x4b9a7a73 0x9e571b39
      d = 0x442215e9 0x090a00ef 0x01880100 0x00000000 0x1ad96531 0x1028143f 0x06880100 0x00000000 
  ... and 145 more distinct vectors
HW=59: 352 total, 352 distinct vectors
  [0] W = 0x93eea62a 0xa253725f 0x4f067e33 0x98cb9433
      d = 0x61e42258 0x6c200101 0x00780048 0x00000000 0x7e0942c8 0x51d51c72 0x00980038 0x00000000 
  [1] W = 0x9bfa261e 0x3808b9c2 0xc92d251a 0xdc44287d
      d = 0x60e30043 0x83f3ca90 0x02152301 0x00000000 0x1b022841 0x83630011 0x06152101 0x00000000 
  [2] W = 0x046a0df4 0xff414cde 0x0d8611d3 0x383ed7ad
      d = 0x001a80cc 0xc701c448 0x0592800c 0x00000000 0xbaac21c0 0x098d4849 0x02918034 0x00000000 
  [3] W = 0x95a97edf 0xf42abf26 0xda0bf6e1 0x3e2715ca
      d = 0x32215574 0xa2b84080 0x0c620220 0x00000000 0x04639034 0x17196029 0x0c2201e0 0x00000000 
  [4] W = 0xc041a99e 0x5b3077c7 0xecdf1943 0xf118a9b8
      d = 0xa8a44c3c 0x1829a461 0x0006ac50 0x00000000 0x24375038 0x401e2080 0x00019c70 0x00000000 
  ... and 347 more distinct vectors
HW=60: 671 total, 671 distinct vectors
  [0] W = 0x21c37ba1 0x9858e3ba 0x01d3d40d 0x111b7d24
      d = 0x841f138c 0x719802ca 0x0002212c 0x00000000 0x20989140 0x929c1c5c 0x0002232c 0x00000000 
  [1] W = 0x97d0c3f5 0x7a6aa062 0xe2b81d71 0xc3dff2ba
      d = 0x8b033e5e 0x1e114123 0x50d88c80 0x00000000 0x022d0110 0x24002084 0xf0688580 0x00000000 
  [2] W = 0xa06aa7a0 0x6745600f 0xa3d8500d 0x92ed38c1
      d = 0x808fc182 0x0fca4a74 0x5c000100 0x00000000 0x17e3a306 0x0c44da04 0xc4000100 0x00000000 
  [3] W = 0xedcd4b7a 0xd0e70c4b 0x1ca0eb7c 0x382218fb
      d = 0x081a19a4 0x085c605b 0x48200b00 0x00000000 0x60b0025a 0xb28aa25f 0x48201900 0x00000000 
  [4] W = 0x805461ce 0x81d958f8 0xf207befb 0xbec35ef7
      d = 0x00316d43 0xdf122688 0x006090b0 0x00000000 0x05763928 0x4204c407 0x0020b050 0x00000000 
  ... and 666 more distinct vectors
