=== block2 lowhw set: m0=0xdc27e18c fill=0xffffffff bit=24 max_hw=60 ===
samples: 1000000000  elapsed: 22.85s
min HW seen: 49

HW=49: 1 total, 1 distinct vectors
  [0] W = 0x171726ef 0x8a9d5e4a 0x0bd5d2e0 0x80b8cea4
      d = 0x23020127 0x84c00280 0x20009011 0x00000000 0x50086442 0x47761200 0x2000b077 0x00000000 
HW=50: 1 total, 1 distinct vectors
  [0] W = 0x1a7f9dc4 0xd12a4dc7 0x8aced04e 0x48203d8d
      d = 0x9f021294 0x26d02723 0x00806002 0x00000000 0x10a1a1a0 0xa0400d60 0x0080a002 0x00000000 
HW=51: 1 total, 1 distinct vectors
  [0] W = 0xc779d028 0x52e97c56 0xd113de07 0xf0be06ae
      d = 0x10483015 0x57500016 0x00029844 0x00000000 0x0c00e205 0x9111c635 0x00029844 0x00000000 
HW=52: 6 total, 6 distinct vectors
  [0] W = 0x9ab87826 0x2222adf8 0x842f50f6 0xa8055a2e
      d = 0x8aba4b8a 0x52011328 0x02441000 0x00000000 0x3031600c 0x21503d01 0x02c41000 0x00000000 
  [1] W = 0xd77ccd95 0x970714b2 0xc7bca13a 0x20e2d617
      d = 0xc0088470 0x66279844 0x8042a010 0x00000000 0x0680ca01 0xd0142054 0x80c26030 0x00000000 
  [2] W = 0xcc5b6028 0xab9830e7 0x1d144285 0x3dd1acc7
      d = 0xf0181082 0x62081820 0x20239010 0x00000000 0x99332842 0x04b16c48 0x20229010 0x00000000 
  [3] W = 0x2d125ffa 0xbb48bd0c 0x31c40478 0x9820c77d
      d = 0xaf2d43c0 0x80542081 0x0a608030 0x00000000 0xc40641b0 0x01048c80 0x0e608010 0x00000000 
  [4] W = 0xff32ec28 0xf4401313 0x32630842 0x3e075f17
      d = 0x018b8162 0xc24c0726 0x000b0002 0x00000000 0x59240840 0x1653c34a 0x00090006 0x00000000 
  ... and 1 more distinct vectors
HW=53: 6 total, 6 distinct vectors
  [0] W = 0x6a0348d7 0x602c823b 0xfd18dbce 0x2a4c773e
      d = 0x71b02805 0x2696a258 0x4c000300 0x00000000 0x10c003bc 0x38800178 0xc4000300 0x00000000 
  [1] W = 0x1ea6bb98 0xf36e3132 0x9c451956 0xd2971ac1
      d = 0x40c6e685 0x03be3080 0x00088c10 0x00000000 0x1c046162 0x42581170 0x00088410 0x00000000 
  [2] W = 0xb5e389be 0x5e515154 0xfb068649 0x5239c66e
      d = 0xd114881c 0x21301404 0x51000093 0x00000000 0x5a108804 0xa0c8c963 0x31000095 0x00000000 
  [3] W = 0x0fb9ed19 0x71405694 0x09cf80fd 0xc3dbdeb5
      d = 0x597e740a 0x43e0f024 0x00002006 0x00000000 0x58492201 0x4251802e 0x00002006 0x00000000 
  [4] W = 0x55e289ba 0x9e6cb1d0 0x02800a9b 0x79be0532
      d = 0x0194e009 0x15d82cc4 0x820200e0 0x00000000 0x113a2800 0x41292224 0x86060160 0x00000000 
  ... and 1 more distinct vectors
HW=54: 13 total, 13 distinct vectors
  [0] W = 0x136f16fb 0xc7b1ca43 0x21c372df 0xbc8e1773
      d = 0x19c40304 0x881a96cc 0x01001304 0x00000000 0x974c5119 0x2002a509 0x03001104 0x00000000 
  [1] W = 0xa5f28005 0x4bb9057c 0x09c0ae17 0x9c4a42d6
      d = 0x07800020 0x001497c9 0x11d1c001 0x00000000 0xe411860b 0x04684381 0x1251c001 0x00000000 
  [2] W = 0xd4b802d7 0x48b39c66 0x5cd77ed9 0xd28cecbf
      d = 0x81094040 0x438550c4 0x820e0020 0x00000000 0x9d04a933 0x4a0ac354 0x86020020 0x00000000 
  [3] W = 0xbd90301b 0xc9f2b792 0x7f17ba52 0x83ea71fc
      d = 0xecc05cd3 0x001603b6 0x800000c4 0x00000000 0x70110a34 0x2e090e05 0x80000044 0x00000000 
  [4] W = 0xc6afb2da 0x2e69bea0 0x2e0bfdbe 0x663eb960
      d = 0x111320c0 0x66208047 0x98531008 0x00000000 0x8d028401 0x90609464 0xa8551008 0x00000000 
  ... and 8 more distinct vectors
HW=55: 30 total, 30 distinct vectors
  [0] W = 0xa727fcd1 0x4f03e16f 0x56ed07f8 0x345de2d1
      d = 0x19278820 0x2558ca03 0x00051a18 0x00000000 0x21d58620 0x22500069 0x00052618 0x00000000 
  [1] W = 0x7fd8804c 0x95f7c324 0xdffdc84d 0xb87f3dd7
      d = 0x040ac429 0x00c714e7 0x880400a8 0x00000000 0x1794816c 0x40005607 0x880400a8 0x00000000 
  [2] W = 0xd9b70848 0x2f7c96f7 0x09e72ce6 0x6308c1bb
      d = 0x6665246c 0x06e01a38 0x18004008 0x00000000 0x32d448d1 0x02216a48 0x18004008 0x00000000 
  [3] W = 0x954f854b 0xd93c20b8 0xf84acb8d 0x865c5910
      d = 0xa1980206 0x207c368a 0x21640004 0x00000000 0x0334c540 0x587c0212 0x21640004 0x00000000 
  [4] W = 0xe736334d 0x0aafffa2 0x5e2364ef 0x656d2bb0
      d = 0xa1270823 0x34fc2a40 0x00002800 0x00000000 0x24256583 0x34dc2841 0x0000f800 0x00000000 
  ... and 25 more distinct vectors
HW=56: 52 total, 52 distinct vectors
  [0] W = 0x50b1ac90 0xc1505e21 0x9817760b 0xac138160
      d = 0x02140023 0xee02a548 0x60080085 0x00000000 0x12c9484a 0x66327828 0xe0080085 0x00000000 
  [1] W = 0xc2b4bb28 0xefe3a9c0 0xc1a7710d 0xdf5e1f0e
      d = 0x494c0028 0x6bc45182 0x00807c81 0x00000000 0x80601180 0x0b863165 0x00801387 0x00000000 
  [2] W = 0x930d1ec9 0x2a50f2c3 0xb5199027 0x64bb4689
      d = 0xfc492926 0xa5005190 0x85000110 0x00000000 0x00c9bb64 0x0c401950 0x87000110 0x00000000 
  [3] W = 0xe3b83f7a 0x6eb6a771 0xf14391fd 0xecf27823
      d = 0x20821414 0x96040131 0xe0202bc0 0x00000000 0x169ae720 0x106427a0 0x20201a40 0x00000000 
  [4] W = 0x2f58e3db 0x5750d30a 0xeb0707d2 0x745507ac
      d = 0x04d608bf 0x410ad048 0x00012302 0x00000000 0x0c0d24c1 0x4a817285 0x00011d02 0x00000000 
  ... and 47 more distinct vectors
HW=57: 93 total, 93 distinct vectors
  [0] W = 0x10fcc382 0x99143f44 0xc16ab77a 0x67322bb8
      d = 0xe51c004a 0x037aa24c 0x04000086 0x00000000 0x242b60c9 0x83c8b529 0x04000082 0x00000000 
  [1] W = 0x2d147bf7 0xef339282 0x31101a53 0x79160cbe
      d = 0x50205853 0x29043201 0x30809900 0x00000000 0xe52081d0 0x3dca088b 0x13808900 0x00000000 
  [2] W = 0x8b11b8d2 0x3d7f7c37 0x8dc75c2b 0xae03ee4a
      d = 0x11ca0101 0x10412049 0x060ec500 0x00000000 0x22426fcc 0x0452a1a5 0x020a5b00 0x00000000 
  [3] W = 0x854ca2b8 0x326eec95 0x107b560b 0x2dfb6196
      d = 0x200e2ce0 0x4c501247 0x60044801 0x00000000 0xd94a9245 0x152a0264 0x20043801 0x00000000 
  [4] W = 0xe84208a6 0x83851dad 0x26251b15 0x2db8cf76
      d = 0x42248053 0x0266cbc8 0xc2400408 0x00000000 0x46df048e 0x12a08031 0xc2400408 0x00000000 
  ... and 88 more distinct vectors
HW=58: 184 total, 184 distinct vectors
  [0] W = 0x0a295072 0x24c70c41 0x6ca69226 0x62a3a7b7
      d = 0x50710a00 0x87596680 0xa0082002 0x00000000 0x8301ba12 0xd9b21c41 0x6008200e 0x00000000 
  [1] W = 0xf439f75c 0x90905495 0xda558b14 0x0dd0ef6f
      d = 0x12440e04 0xc24a130b 0x6003831c 0x00000000 0x90848680 0x98596460 0x200281e4 0x00000000 
  [2] W = 0xd6fed589 0x85b1866e 0x1aff86d0 0xae9b8b82
      d = 0x49099524 0xb2001160 0x0e208008 0x00000000 0x334a869c 0xc4c8e206 0x0e218008 0x00000000 
  [3] W = 0xd481471d 0x7031bcac 0xb327f0be 0xeb32d2e6
      d = 0x903ab021 0xad64a144 0x48e02082 0x00000000 0xc414a0a0 0x82042348 0x4820218e 0x00000000 
  [4] W = 0xdc446826 0x79509046 0x0054d8aa 0xf37b744a
      d = 0x3344a083 0x74070b92 0x30020302 0x00000000 0x130b4a85 0x70140fa0 0x30020102 0x00000000 
  ... and 179 more distinct vectors
HW=59: 373 total, 373 distinct vectors
  [0] W = 0x9d413483 0xc1f0240b 0x6b55f0d3 0x7cb0b4f4
      d = 0xe7a91038 0x58155134 0x20061920 0x00000000 0xc28014d9 0x4111421c 0x20022920 0x00000000 
  [1] W = 0x97ec673c 0x7a76bd99 0x157ca41b 0xbe0f1864
      d = 0x03298e01 0x78e42e72 0x0110091a 0x00000000 0x0214e0e9 0x8004ca80 0x0130190a 0x00000000 
  [2] W = 0x8914f0ba 0xf774dc5b 0xf30ecea4 0x719122e9
      d = 0x22c00230 0x55a62bd6 0x00487030 0x00000000 0xcb386190 0x34901554 0x00481010 0x00000000 
  [3] W = 0x51afa8c3 0x3244c998 0xc5841843 0x97073ba5
      d = 0x0014700b 0x064126b6 0x20000186 0x00000000 0xb5000d20 0xdaddf0f1 0x2000018a 0x00000000 
  [4] W = 0x272035b1 0x1356aa3a 0x0420af72 0x28121535
      d = 0xb0010688 0xc84f4fa6 0x46001420 0x00000000 0x00000ac8 0x56844bb2 0xca007420 0x00000000 
  ... and 368 more distinct vectors
HW=60: 659 total, 659 distinct vectors
  [0] W = 0x039b45bb 0x0eae158d 0x4fe5a3c2 0x882e5f8c
      d = 0x29a09042 0xc4406150 0xe6096800 0x00000000 0x13f4c100 0xe6e31101 0x9a089800 0x00000000 
  [1] W = 0x1ee5a4ac 0xe47e4314 0xaf86765a 0x48edd97c
      d = 0x27798700 0x12d57669 0x02480000 0x00000000 0x8990f3c6 0x139580a0 0x02480000 0x00000000 
  [2] W = 0xe069781d 0x223d4aa8 0xe669ec9c 0xa4ba2d41
      d = 0x1a8b0085 0x42228314 0x08527100 0x00000000 0x9f9a1648 0x010129e2 0x084db100 0x00000000 
  [3] W = 0xdba49b0d 0x5066f28f 0x48dde714 0x73dcbc6b
      d = 0x0e49061d 0x538088a1 0x020007a1 0x00000000 0x2137669b 0x06327222 0x020000a1 0x00000000 
  [4] W = 0x0ab250e9 0x5545477e 0x48f5cccb 0xdcf65bdd
      d = 0x02072e8e 0x01c13a15 0xc4502020 0x00000000 0x10d00122 0x9fc06297 0x4c502020 0x00000000 
  ... and 654 more distinct vectors
