=== block2 lowhw set: m0=0x28c09a5a fill=0xffffffff bit=15 max_hw=60 ===
samples: 1000000000  elapsed: 22.83s
min HW seen: 50

HW=50: 2 total, 2 distinct vectors
  [0] W = 0x998685ea 0x6e47cf97 0x6119eded 0xc828145f
      d = 0x21401644 0x508304d0 0x8031060a 0x00000000 0x0b0020c8 0x644226a0 0x80510a0a 0x00000000 
  [1] W = 0x05fa5eb0 0x8ba34d66 0xa3f07041 0x12f8d11d
      d = 0x0a345e30 0x46840700 0x80009000 0x00000000 0xa4d38166 0x2048d304 0x8000b000 0x00000000 
HW=51: 2 total, 2 distinct vectors
  [0] W = 0xc3d80f08 0x8514ac94 0x0042be37 0xa70acb55
      d = 0x00b2d000 0x60c10440 0x00404002 0x00000000 0xbe54fe43 0xa003064b 0x0040c006 0x00000000 
  [1] W = 0xf07845a6 0xe153c1c0 0xb41a23d5 0xfc7f8745
      d = 0x00202e34 0x0320078c 0x00200a08 0x00000000 0x8a56456f 0xf5402402 0x00200a08 0x00000000 
HW=52: 3 total, 3 distinct vectors
  [0] W = 0x72892084 0x85a8f2c8 0xe5c65930 0xf2e98640
      d = 0x60428488 0x54d010a4 0x0003c018 0x00000000 0xd01137c2 0x4313208c 0x00054018 0x00000000 
  [1] W = 0x91a5de3a 0x6633ea6b 0x74ae7d54 0xdb90ba16
      d = 0xc421a346 0x4020aac4 0x002002b0 0x00000000 0x0081a246 0x7c8119a0 0x00200e90 0x00000000 
  [2] W = 0x9a083eaa 0x267b38c4 0x6d1096d5 0x868b2f30
      d = 0x0c200031 0x6c059601 0x48020203 0x00000000 0x4150802a 0x1e10c673 0x58020205 0x00000000 
HW=53: 6 total, 6 distinct vectors
  [0] W = 0x2b0d7cdb 0x165d8c90 0x5e343197 0xd8d10f14
      d = 0xaf44d192 0x0c005c6a 0x0c820000 0x00000000 0x456668b4 0x01602004 0x05860000 0x00000000 
  [1] W = 0x6725ba06 0xdcc754b4 0xfc683c1c 0x8693fcc9
      d = 0x02608d00 0x06ba900a 0x24140008 0x00000000 0x700b0cc2 0x2c1bb030 0xe4140008 0x00000000 
  [2] W = 0x1e5e910d 0x4395b172 0x42cafe4f 0xbd61090e
      d = 0x9556c1d4 0x000d1840 0x40c40104 0x00000000 0x01c3ab8c 0x083a0022 0xc0440104 0x00000000 
  [3] W = 0x9cfbb237 0xbd19ca49 0x0e45a441 0xe376fdc7
      d = 0x29ba4042 0x0f8ac528 0x22008881 0x00000000 0x68101220 0x0031620c 0x62018881 0x00000000 
  [4] W = 0xec6aaf3f 0x882f6cd9 0xd33bbe63 0x3a060f18
      d = 0x2a11069b 0x44052582 0x40b02004 0x00000000 0x0dca2242 0x9506c100 0x4050200c 0x00000000 
  ... and 1 more distinct vectors
HW=54: 10 total, 10 distinct vectors
  [0] W = 0x0bd51c62 0xa378018e 0xca7b956a 0xa207a921
      d = 0x0de012f8 0xe25e4013 0x10cc0810 0x00000000 0x09100248 0xab040412 0x104c0810 0x00000000 
  [1] W = 0x40e4b636 0x1261b9c7 0x8e70260b 0xdc916933
      d = 0x76813859 0xc8038c09 0x20000808 0x00000000 0xc368a4a8 0x0021af85 0x20000808 0x00000000 
  [2] W = 0xb33a5279 0xd7d4d6a3 0xed129443 0x4ccfda4e
      d = 0x462891ac 0x88804021 0x940001c0 0x00000000 0xe5b3a62c 0xd082a101 0x8c000040 0x00000000 
  [3] W = 0x8d2ad60f 0x2a80e2ba 0xec2083f1 0x7785661e
      d = 0x44801811 0xcc9e1c2b 0x0a030045 0x00000000 0xf4828021 0x0108a018 0x0a01003d 0x00000000 
  [4] W = 0xf879d789 0x939a4f6d 0x9487c896 0xdf32f5dc
      d = 0x805084af 0x8469a426 0x00418001 0x00000000 0xa6032818 0x4261025f 0x00408007 0x00000000 
  ... and 5 more distinct vectors
HW=55: 19 total, 19 distinct vectors
  [0] W = 0x8056ce84 0x694a2aa7 0xafc549a8 0xd8f910d0
      d = 0xc4685102 0x4829367c 0x21c05a00 0x00000000 0x41300d00 0x0e822c19 0x20404a00 0x00000000 
  [1] W = 0xda9d88e6 0x1baed9e6 0xd2dd4c4f 0x11c6ad45
      d = 0x01046120 0xc2aacdf2 0x81800c88 0x00000000 0x3008d020 0x81292692 0x80800598 0x00000000 
  [2] W = 0x4eb0ddb7 0xf5c4f1b4 0x15bacded 0xccee362e
      d = 0x60434712 0x5a831880 0x46300600 0x00000000 0x623462a0 0x20290c88 0xc6300600 0x00000000 
  [3] W = 0x4ddc7b3b 0x95d436a6 0x731f1be6 0x9c11e937
      d = 0x84e3c9dd 0x120019a9 0x3c0000a0 0x00000000 0x4b485302 0x0000a781 0x2c000060 0x00000000 
  [4] W = 0x91b85f9e 0xd33185db 0x92d817de 0x9450662f
      d = 0x9a802201 0x5e0000f0 0x008a101d 0x00000000 0xe900a542 0x030b3c53 0x00861005 0x00000000 
  ... and 14 more distinct vectors
HW=56: 56 total, 56 distinct vectors
  [0] W = 0x6f4792ac 0x3f59d885 0x8d662e81 0x5e73719a
      d = 0x111a8881 0xc8c01830 0x46112350 0x00000000 0x00890464 0x88472125 0x46112330 0x00000000 
  [1] W = 0x661a1be6 0x89bfe3f5 0xcdee5bb5 0xd587e7d9
      d = 0x6248c808 0x54022221 0x1a5100c8 0x00000000 0xa2444481 0x008d710c 0x0ad101b8 0x00000000 
  [2] W = 0xf811f3b4 0x0a850067 0xfbbf1143 0x2b78cc88
      d = 0x2445f334 0x8a1612c1 0x33c00402 0x00000000 0x01026506 0xcd608006 0x10400406 0x00000000 
  [3] W = 0xff190349 0x3179d2d1 0x6f5d1f40 0x5a1a5a5a
      d = 0x80220934 0x913042c3 0x20790000 0x00000000 0x337c6128 0xb7098a88 0x20490000 0x00000000 
  [4] W = 0x7d529b89 0xea563f98 0x9900000a 0xb9209dca
      d = 0x0421181a 0x010d813a 0x80802014 0x00000000 0xd9158b4e 0x61881950 0x8180600c 0x00000000 
  ... and 51 more distinct vectors
HW=57: 108 total, 108 distinct vectors
  [0] W = 0xb94d04e2 0x23f8494a 0x70f29862 0x5c27fa3d
      d = 0x95c02409 0x4a006020 0x718803d0 0x00000000 0x6142c24a 0x25522286 0x108802f0 0x00000000 
  [1] W = 0x7ea1ae23 0x27d899b1 0xa93adb06 0xb916274b
      d = 0x52834179 0x20855099 0x02400b00 0x00000000 0xad28f412 0x880143c6 0x02401500 0x00000000 
  [2] W = 0xe8117229 0x0cd21163 0x9134959c 0x73659fbf
      d = 0xcb583781 0xe1a54044 0x50281050 0x00000000 0x06100128 0x48863408 0xb01810d0 0x00000000 
  [3] W = 0xbec1b8e2 0xb26a3d8c 0x4ea32b41 0x52a8ca24
      d = 0x1e404849 0x86094a64 0x00049040 0x00000000 0x3f38a150 0x1dcd2a30 0x00049040 0x00000000 
  [4] W = 0x12176d08 0x097448b3 0x8c2f78c2 0x05d62279
      d = 0x10460420 0xcd3c5046 0x00811210 0x00000000 0xd06a13a1 0x411c70c8 0x0082f210 0x00000000 
  ... and 103 more distinct vectors
HW=58: 192 total, 192 distinct vectors
  [0] W = 0x59eefdb4 0x4d5fed98 0xad7a082e 0x63887c31
      d = 0x83c44082 0x94210d44 0x401790c0 0x00000000 0x8408a08d 0xc455ef48 0x40109040 0x00000000 
  [1] W = 0x65ef1535 0x6e7724b1 0xd6c979e1 0xc751867b
      d = 0xa1644565 0x2d002c08 0x63b0001e 0x00000000 0x1a058a20 0x78a10021 0xe290000a 0x00000000 
  [2] W = 0x062e6b38 0xa268dd1c 0x80ab3ed9 0x097dc141
      d = 0x0090a6a8 0x404ea921 0x60641240 0x00000000 0x01010c0c 0x3aaabd50 0x206c1240 0x00000000 
  [3] W = 0x9870ab3b 0x2fe63bb0 0xfa99b0f8 0x5c5c01db
      d = 0xc804010d 0x01253830 0x08053034 0x00000000 0xeb06401e 0x900a2c40 0x080f7074 0x00000000 
  [4] W = 0x7db77504 0xf1e02d6f 0x7dfb5e69 0xd0f8db32
      d = 0x11405979 0x40180306 0x52046186 0x00000000 0x49240664 0x4500b488 0x321c2182 0x00000000 
  ... and 187 more distinct vectors
HW=59: 347 total, 347 distinct vectors
  [0] W = 0xa02c2d04 0x941b4782 0x61844717 0xc5bca724
      d = 0x13c40b04 0xe08e5430 0x3a000000 0x00000000 0x150a3450 0xd633ace8 0xee000000 0x00000000 
  [1] W = 0x388418f1 0xc8d6c2bc 0x00a8157c 0x42f51b9f
      d = 0x10992389 0x9f806912 0x04005700 0x00000000 0x8a28c490 0x0d45f540 0x04003700 0x00000000 
  [2] W = 0xc705d30e 0xd1e19a3c 0xb66b068f 0x01eb3792
      d = 0x8c060200 0x34481281 0x48065280 0x00000000 0xef0b9c50 0x21023d8d 0x4802d180 0x00000000 
  [3] W = 0x40fcd714 0x99d9797b 0x683e0200 0xa7b491df
      d = 0x26140000 0x117a80a9 0x1ca13228 0x00000000 0xb4820981 0x001b8a10 0xe5a11628 0x00000000 
  [4] W = 0x4771ea4b 0x3d2e5db7 0x2580199b 0xf0de3282
      d = 0x69a10281 0x210a6110 0x28260215 0x00000000 0x9227962a 0x81931006 0x28260215 0x00000000 
  ... and 342 more distinct vectors
HW=60: 683 total, 683 distinct vectors
  [0] W = 0x1f11ac53 0x79e0fade 0xb1da39e3 0x2a227090
      d = 0x0130c080 0xa43d2793 0x3013c037 0x00000000 0x42108101 0x2a400a22 0x3070c0d3 0x00000000 
  [1] W = 0xf41608f8 0x942b5dfc 0x0d00e4f6 0x225bab19
      d = 0x00d0c024 0x48447180 0x3a200841 0x00000000 0xa9476102 0x39445f08 0xda2009c1 0x00000000 
  [2] W = 0x1d6a74b1 0x2c73d4af 0x8a25e45c 0xe3619e6b
      d = 0x256f45a1 0x0b4c1061 0x0832801f 0x00000000 0x92030208 0x00c0fb90 0x08128019 0x00000000 
  [3] W = 0x10b728d9 0x402233ef 0xcda5c8c0 0xe303a15e
      d = 0x2c031d30 0x024b0001 0x2038bc08 0x00000000 0x4a5ccd4b 0x3c408a40 0x6008e408 0x00000000 
  [4] W = 0x6e499838 0xf498657f 0xfec8d5e4 0x6af0dc1e
      d = 0x0bdb6040 0xb0c01b46 0x44804202 0x00000000 0x34015316 0x90064270 0x4c80421e 0x00000000 
  ... and 678 more distinct vectors
