=== block2 lowhw set: m0=0xa23ae799 fill=0x80000000 bit=13 max_hw=60 ===
samples: 1000000000  elapsed: 22.83s
min HW seen: 49

HW=49: 1 total, 1 distinct vectors
  [0] W = 0x03587d55 0x92a9beac 0x0af1ee52 0xd04d0c2f
      d = 0x411b250d 0xd42a006c 0x00101382 0x00000000 0x489050a0 0x801004b4 0x00101282 0x00000000 
HW=50: 1 total, 1 distinct vectors
  [0] W = 0x7d5f1c6a 0x44907363 0x157af5bd 0x32637b3b
      d = 0x3c608846 0x41eb1000 0x60082b04 0x00000000 0x2328050f 0x80303000 0x20081904 0x00000000 
HW=51: 2 total, 2 distinct vectors
  [0] W = 0x09378c5c 0xef327042 0x86767b3f 0x6b264957
      d = 0x84382420 0xd1743107 0x80001404 0x00000000 0xa3536189 0x50a01402 0x80000c04 0x00000000 
  [1] W = 0x9890dd4e 0xe412c692 0x24dbc6b2 0xddb8be34
      d = 0x81699035 0x845008c9 0x0001a068 0x00000000 0x22401501 0x8196d08e 0x0000a028 0x00000000 
HW=52: 4 total, 4 distinct vectors
  [0] W = 0xd90c449e 0x626a2671 0xf226b143 0xa5d6abc4
      d = 0xa3e28850 0x80868020 0x8c002200 0x00000000 0x30806ce6 0x29075951 0x84002200 0x00000000 
  [1] W = 0xa2e0ef2c 0x5fa3256e 0x5ad1e5c9 0xab76295d
      d = 0x75049ea4 0xb01a0251 0x00500f00 0x00000000 0x2a8dc220 0x88120190 0x00500300 0x00000000 
  [2] W = 0xd00f085f 0x119aeb7d 0xd258cde7 0xb76d4ab5
      d = 0x0d1e415f 0x04606000 0x08040408 0x00000000 0x825a1825 0x520d0702 0x081c0c08 0x00000000 
  [3] W = 0xec3c58b1 0x82632fa4 0x156c518f 0x74e23a01
      d = 0x0cc1805b 0x4cd50560 0x97202064 0x00000000 0x12c40018 0x00100240 0x93602024 0x00000000 
HW=53: 4 total, 4 distinct vectors
  [0] W = 0xf4d0271f 0xf6445fc6 0xca288218 0x97160a8d
      d = 0x00020441 0x8482104c 0x3f00b42c 0x00000000 0x40008a04 0x0891fad2 0x29005454 0x00000000 
  [1] W = 0xd356f11f 0xa3d7e305 0xa95af71e 0x0090d482
      d = 0x949eb107 0x10866803 0x2005a020 0x00000000 0x31042154 0x5019a080 0x2004e020 0x00000000 
  [2] W = 0xb061c180 0x826130a8 0x2af830d2 0xb0aeb2c3
      d = 0x84e20008 0xea3008c0 0x01200018 0x00000000 0x049e5000 0xd6c87152 0x3f200028 0x00000000 
  [3] W = 0x2cad2a1d 0xb43713aa 0x9e0d69eb 0x55321e13
      d = 0x281b280c 0x46406548 0x00240208 0x00000000 0x0db25044 0x46e3c422 0x00640208 0x00000000 
HW=54: 16 total, 16 distinct vectors
  [0] W = 0x89b5e03a 0x83e5e683 0xd986ba39 0xd6f23679
      d = 0x4e1c0008 0x001060c9 0x0e1b0047 0x00000000 0x4844940a 0xe2850c04 0x0a650043 0x00000000 
  [1] W = 0x86c4315c 0x1d19944b 0xdd8c93e3 0xb1ea577b
      d = 0x54642294 0x4b29cb0f 0x00000001 0x00000000 0x5978e235 0x0b223900 0x00000001 0x00000000 
  [2] W = 0xbbcedc81 0x6b87596e 0x95f1fe5b 0xed63a386
      d = 0x1841d924 0x4c443604 0x80029000 0x00000000 0xcf2a92b3 0x22020c70 0x80019000 0x00000000 
  [3] W = 0xd9f6c95e 0x1b7c2f30 0x4dd66fdd 0x859c76ab
      d = 0x0224cc76 0x8448c0c4 0xd9180180 0x00000000 0x0d215500 0x47010400 0xdb180080 0x00000000 
  [4] W = 0xd5c22402 0xb907b8c3 0x8de0064c 0x2811dbd8
      d = 0x86285a86 0x542280d1 0x411080c6 0x00000000 0x32981a10 0x00845140 0x411180c2 0x00000000 
  ... and 11 more distinct vectors
HW=55: 16 total, 16 distinct vectors
  [0] W = 0xb10b08f5 0xd2addf1f 0x408f7cb8 0x4c1d4db4
      d = 0x801ec3c2 0x84a23844 0x800608a8 0x00000000 0x23209c18 0x8249200a 0x800218d8 0x00000000 
  [1] W = 0xbe17cb37 0xa950196f 0xe5c82671 0xc1c8a8b2
      d = 0x51020804 0x2d018141 0xd0030010 0x00000000 0x353415a5 0x74878233 0x50030030 0x00000000 
  [2] W = 0x4fa55cfa 0x6377b207 0x33d40b1c 0xe44d9aa7
      d = 0x081a4340 0x08842484 0x22011488 0x00000000 0x12120be2 0xc02c0422 0x3e031f88 0x00000000 
  [3] W = 0x446172e4 0x2d8538ba 0xd8d58393 0x7c5d2fc0
      d = 0x0e06ed74 0x79ac490a 0x01a10800 0x00000000 0x110c8e02 0x13a68000 0x00a10800 0x00000000 
  [4] W = 0xd2b97704 0x7768ac28 0x3f5e369e 0xc83cc158
      d = 0x14089090 0x8ca4c0e0 0x001b8204 0x00000000 0x004b1aa8 0x0e2630cb 0x002c8604 0x00000000 
  ... and 11 more distinct vectors
HW=56: 45 total, 45 distinct vectors
  [0] W = 0xa8aac598 0xf32e0f14 0x6b5e5832 0xab514bde
      d = 0x3c430300 0xd5ce989c 0x18800580 0x00000000 0x0290213c 0xe2844306 0x08800480 0x00000000 
  [1] W = 0x665eb799 0xa514362f 0x59e93f27 0xbfb1e401
      d = 0x412250d9 0x20c849b0 0x86800002 0x00000000 0x446e7d44 0x024c8568 0x82800006 0x00000000 
  [2] W = 0xc6eea13a 0x4bf4e39e 0x276e43fd 0x0d231ad5
      d = 0x103c7600 0x24483028 0x28001290 0x00000000 0xac183456 0x8a830cc4 0xe8001290 0x00000000 
  [3] W = 0xf6d3ce68 0x6ccfb507 0xd78c1e30 0xdd0cb6b5
      d = 0x91104b8e 0x1050e0c4 0x000b608a 0x00000000 0x4081a209 0x88005125 0x001d219e 0x00000000 
  [4] W = 0xc237cc97 0x4f0319e5 0xabca50ba 0xda716ad4
      d = 0x188340ba 0x108c40d0 0x04608011 0x00000000 0x612a0c0f 0x70038d70 0x04218031 0x00000000 
  ... and 40 more distinct vectors
HW=57: 96 total, 96 distinct vectors
  [0] W = 0x1bf06cc6 0xdb7c59b2 0x590c0377 0xf5337706
      d = 0xd018704a 0xf4dc4458 0x00301001 0x00000000 0x1628002e 0x5400cf49 0x00d03001 0x00000000 
  [1] W = 0x47fa67c0 0x6b4e2a61 0x6e49f160 0x5cdef312
      d = 0x20098066 0xd8a28a4c 0x00384100 0x00000000 0x0244fc3b 0x00a8be42 0x0038c100 0x00000000 
  [2] W = 0x524b8524 0x7f0d9e33 0x55b89296 0xbaa45d03
      d = 0x04251018 0x48053c84 0x810a0f40 0x00000000 0xa52014ac 0x47544400 0x810af940 0x00000000 
  [3] W = 0xebc2a260 0x4e514947 0x884ac59b 0xcfc07107
      d = 0x6c081389 0x81628962 0x000c2100 0x00000000 0xbc3053f0 0x5b74a201 0x00042100 0x00000000 
  [4] W = 0xed270867 0x89562032 0xe75895da 0x49964a4b
      d = 0x03b82402 0x12721201 0x82288d0c 0x00000000 0x06a40448 0x4f901500 0x81d88b04 0x00000000 
  ... and 91 more distinct vectors
HW=58: 192 total, 192 distinct vectors
  [0] W = 0x5876960f 0xdc5159d4 0x1a1fee41 0x1d2008ea
      d = 0xb1809c88 0x39e281b2 0x40031850 0x00000000 0xe8d0f085 0x008210c2 0x40030830 0x00000000 
  [1] W = 0x04cc5209 0x5f2b9caf 0xbb7334f0 0x60461ac6
      d = 0xe2042091 0x9b003a05 0x928008c0 0x00000000 0x16801b85 0x06067185 0xb28018c0 0x00000000 
  [2] W = 0x22051d6e 0xb4bb2afa 0xed644308 0xc5ab40ca
      d = 0x001b739a 0x8d2aaa03 0x06034801 0x00000000 0x04d29009 0x89310402 0x0e015801 0x00000000 
  [3] W = 0x2e1e749b 0xf121ff7d 0x17093b5a 0x3c2e0e0b
      d = 0x50068f85 0x60b02947 0x008ea080 0x00000000 0x022800f4 0x066c8f08 0x0181e080 0x00000000 
  [4] W = 0x7bae48af 0xe5c5cfb2 0xda4794cb 0x3302f424
      d = 0x22170956 0x6020e870 0xc8228c02 0x00000000 0x461a1211 0x40520344 0xc8238402 0x00000000 
  ... and 187 more distinct vectors
HW=59: 365 total, 365 distinct vectors
  [0] W = 0x2b3c04ec 0xdf9bf6bc 0x88c8e55a 0x181e020b
      d = 0x634e00f1 0xa8426969 0x802011c0 0x00000000 0x60e47180 0x0205152b 0x802012c0 0x00000000 
  [1] W = 0x831c2c2e 0xd5a40322 0xedcd5182 0xb85b7dfc
      d = 0x466a8f15 0xa45c0062 0xd48c4002 0x00000000 0x80a20cd0 0xa4484310 0x2c844002 0x00000000 
  [2] W = 0x1de7f049 0x9e3a967e 0x52533084 0xbc36fe05
      d = 0xdc35102b 0xa00142c1 0x8201400c 0x00000000 0x62d94e81 0x056233c2 0x8200c004 0x00000000 
  [3] W = 0x06262f82 0xb917c349 0x6ea6bd36 0x99041776
      d = 0x1148e46a 0x41014083 0x87030a20 0x00000000 0x8110eb28 0xa8a34139 0x81030a20 0x00000000 
  [4] W = 0xf2960e19 0x59f3c1d3 0x18ff97d7 0xaaa55875
      d = 0x7c153806 0x401c0340 0x3221c030 0x00000000 0x00c9c762 0x180d6106 0x2e20c010 0x00000000 
  ... and 360 more distinct vectors
HW=60: 674 total, 674 distinct vectors
  [0] W = 0x661a2d22 0x5471e35d 0x6b549d50 0xe722c4cf
      d = 0x0a0102ff 0x088a3013 0x001207c2 0x00000000 0xd886801a 0x3282592d 0x001604c2 0x00000000 
  [1] W = 0x2fd007b5 0xcbf0b4e6 0x70ef5050 0xc646b962
      d = 0x5848c135 0xd8029c01 0x55118144 0x00000000 0x16621d04 0x00104688 0xd71080c4 0x00000000 
  [2] W = 0x5ff0e86c 0x1d546b52 0x97f20aed 0x0357f6fa
      d = 0x43025290 0x31590918 0x2312000d 0x00000000 0x92cdce38 0x3180b500 0x21160005 0x00000000 
  [3] W = 0xff5b8eb6 0x5f2c37f0 0xe3993839 0x575134b6
      d = 0x3fc940e9 0x82c0205e 0x02101d0e 0x00000000 0x010414aa 0xaa40c301 0x02300306 0x00000000 
  [4] W = 0x6ee344ae 0xc8a67535 0xc61a1095 0x0516a0b1
      d = 0x94289c61 0x69444a60 0x00065042 0x00000000 0x442d2322 0x9013b144 0x000633c2 0x00000000 
  ... and 669 more distinct vectors
