=== block2 lowhw set: m0=0xe01ff7c0 fill=0xaaaaaaaa bit=13 max_hw=60 ===
samples: 1000000000  elapsed: 22.95s
min HW seen: 51

HW=51: 5 total, 5 distinct vectors
  [0] W = 0xeb474e22 0x52e2e303 0xded20c02 0x751276cb
      d = 0x91692604 0x2800a620 0x36000000 0x00000000 0x4ca37539 0x0d80ba28 0x12000000 0x00000000 
  [1] W = 0x5208d918 0x6c544c2d 0x5fe24665 0xf2f353b2
      d = 0x141e78c0 0x86532100 0x08001100 0x00000000 0x27730000 0x18e92420 0x08007f00 0x00000000 
  [2] W = 0xd1a6967c 0x6e4beec8 0x61ce0721 0x84648134
      d = 0x08877183 0x61011b21 0x00e00000 0x00000000 0x85640f61 0xa1492222 0x01600000 0x00000000 
  [3] W = 0xadc571d0 0x7c1175cf 0x07bf2ffb 0xaa47e5bb
      d = 0x40068044 0xcd848031 0x80460010 0x00000000 0x20250b56 0x7c17403a 0x80420010 0x00000000 
  [4] W = 0x60fb5aab 0x7e69d0fc 0xcab82a27 0x306916f9
      d = 0x20008608 0x4009d00b 0x99508000 0x00000000 0x6020d5c3 0x64189968 0x88b08000 0x00000000 
HW=52: 3 total, 3 distinct vectors
  [0] W = 0x7064ebbf 0x4f7cdbf6 0x544c4f17 0x6876f9c0
      d = 0x9a608223 0x60504425 0x400c0201 0x00000000 0x0eb00c4c 0x9032c844 0x40040e01 0x00000000 
  [1] W = 0x59d80863 0x425cc529 0x85c882f5 0x275b6ffe
      d = 0xcd1a6820 0x1050d702 0x60000800 0x00000000 0x96c0d42d 0x58903082 0x20003800 0x00000000 
  [2] W = 0x88d75269 0x31d227a4 0xd1f53bd7 0xa773f290
      d = 0x281a44e5 0x4c0402e6 0x80190000 0x00000000 0xd0778f0a 0x0812c022 0x80090000 0x00000000 
HW=53: 9 total, 9 distinct vectors
  [0] W = 0x338830b1 0x865f45be 0xb3feeb8a 0xbf7c056d
      d = 0x802822c4 0x86202510 0x00108ed0 0x00000000 0x06804cc1 0xad674400 0x001095b0 0x00000000 
  [1] W = 0xb2ef8f1d 0x228dddfb 0xbf6cdd22 0xbdd96786
      d = 0x05366020 0x88a0cb8d 0x2124a080 0x00000000 0x40802a20 0x190a6482 0x21646080 0x00000000 
  [2] W = 0x973487fd 0xfeafa718 0x43d8e5fe 0xb38643ed
      d = 0x41240fa1 0x22040208 0x12808220 0x00000000 0x09142041 0x0574505a 0x37808e60 0x00000000 
  [3] W = 0x6e08c5a0 0xa123213e 0x6594f43c 0x99723f15
      d = 0x8d010a20 0x230050c3 0x02020094 0x00000000 0x43ab4a5a 0x16e01040 0x0202017c 0x00000000 
  [4] W = 0x03729f1d 0x42b3fdf5 0x9ca52d13 0x19ed6390
      d = 0x82921842 0xe0ea0814 0x00822029 0x00000000 0xb0802185 0x9910402b 0x0082203b 0x00000000 
  ... and 4 more distinct vectors
HW=54: 12 total, 12 distinct vectors
  [0] W = 0xd951d242 0x80259a0e 0x5fec343c 0xf410c9a9
      d = 0x06820320 0x4560a407 0x40080e0c 0x00000000 0xf2502612 0x07104a58 0x4008160c 0x00000000 
  [1] W = 0xdf04ff13 0x5c315360 0xbdf0618e 0x89fed4ae
      d = 0x93f02348 0x3212a090 0x00200122 0x00000000 0x43d29c01 0x2d022898 0x002001e2 0x00000000 
  [2] W = 0x934a9d5d 0xdccaf88d 0xf8b83560 0x3c9d072a
      d = 0x801d2501 0x6270170e 0xc0180c00 0x00000000 0x02c04275 0x96301352 0x40280400 0x00000000 
  [3] W = 0xfdf70554 0xb6ecf4ba 0x270fb067 0xf1642426
      d = 0x0a26e6dd 0x5c070b20 0x8005c010 0x00000000 0x48090447 0x018002c6 0x80044030 0x00000000 
  [4] W = 0x92afa9f1 0x95a6fd19 0x0abafb7b 0xef6383b1
      d = 0x21a94126 0x94524c88 0x00024037 0x00000000 0x2648c004 0x443a008d 0x000240f1 0x00000000 
  ... and 7 more distinct vectors
HW=55: 26 total, 26 distinct vectors
  [0] W = 0x91fb138c 0x82d7a369 0xa1edbeb4 0xd15d8089
      d = 0x0571848c 0x0a31b870 0x02013000 0x00000000 0x100f8917 0x8c103c53 0x02031000 0x00000000 
  [1] W = 0x03ce59fa 0xd6decdc2 0xe3b7c451 0x7c80d02f
      d = 0x60326683 0xc200cc02 0x0206a0c0 0x00000000 0x549e450d 0xc800b401 0x0202e040 0x00000000 
  [2] W = 0xc66128b6 0x8d84b8ad 0x48b3a945 0x8ef9e688
      d = 0x12802b1e 0x04a3d186 0x20a00009 0x00000000 0x9570600d 0x4541300a 0x20600019 0x00000000 
  [3] W = 0xb7ea2924 0xab14d823 0x3204a54b 0x731f55bd
      d = 0x40038712 0x7a002014 0x000b2490 0x00000000 0xa8e4224a 0x0e308311 0x00372490 0x00000000 
  [4] W = 0xc8fbbcaa 0x52bac0bd 0x5f01d88b 0xe601dae3
      d = 0x22824044 0x0309e009 0xe0400260 0x00000000 0x8645e24c 0x89d1a140 0xa0c00e20 0x00000000 
  ... and 21 more distinct vectors
HW=56: 48 total, 48 distinct vectors
  [0] W = 0x1b04289b 0x5cf7f590 0xeaf132f2 0x594d8005
      d = 0xca490080 0x71d22a01 0x602820b0 0x00000000 0x00c00139 0x0b4b0d12 0x602820f0 0x00000000 
  [1] W = 0xf2ef1c6a 0x3d28cfbb 0xbf280754 0x4799ce15
      d = 0x001b08d8 0xe1b08ba4 0x40098080 0x00000000 0x29240d15 0x11c57a88 0x40088080 0x00000000 
  [2] W = 0x0cc2f087 0x0895042e 0xaa0294e6 0xeb5b3d89
      d = 0x9144a561 0x00011a25 0x04112200 0x00000000 0x2003fe62 0xf2944032 0x0411e200 0x00000000 
  [3] W = 0x757147ef 0xec1dac09 0x6a08b827 0xdc80b281
      d = 0x0811594d 0xa8103158 0x001c1eb0 0x00000000 0xa01704c0 0x140a860c 0x001c0390 0x00000000 
  [4] W = 0x4fed32da 0xdf76c621 0xf1ee5af8 0x6c99b3a0
      d = 0x50480052 0x3280b406 0xf0147398 0x00000000 0x32060016 0x00800385 0x503412b8 0x00000000 
  ... and 43 more distinct vectors
HW=57: 109 total, 109 distinct vectors
  [0] W = 0x4d166153 0xa6b4786d 0x1e805a91 0xaf9c7f78
      d = 0x88601740 0x28281400 0xb004d058 0x00000000 0x121ce650 0x0a610628 0xb00330b8 0x00000000 
  [1] W = 0x10ad4eee 0x976a9896 0x4b7f6fea 0x76cde9cb
      d = 0x3b321896 0x8e019023 0x39080010 0x00000000 0x80316149 0x84441845 0xdb080010 0x00000000 
  [2] W = 0x99b02c01 0x1a380139 0x59faaaf6 0x9829f824
      d = 0x79a108c8 0x81000ec0 0x08d80045 0x00000000 0x6b100190 0xa13d3012 0x192800c5 0x00000000 
  [3] W = 0x4276784f 0x228400f0 0xf1d0661d 0x5f64aa14
      d = 0x41875813 0x4328aa9c 0x60008161 0x00000000 0x8800681f 0x300a82c0 0xe0008121 0x00000000 
  [4] W = 0x97f84a79 0x48538162 0x378476fd 0x922ac050
      d = 0x88ad0888 0x000d0487 0x200879c0 0x00000000 0xd9885b44 0x82295094 0x200809c0 0x00000000 
  ... and 104 more distinct vectors
HW=58: 190 total, 190 distinct vectors
  [0] W = 0xb3e6663d 0x9b1ecc0d 0x1176e502 0x770ebec9
      d = 0x3a118119 0x18002000 0x102d5120 0x00000000 0x01f0883a 0x703a9cc6 0x30253120 0x00000000 
  [1] W = 0xe6d85852 0x579fb9db 0xb435b8a9 0x6733be19
      d = 0x01a804a8 0x5488c06a 0x730a001c 0x00000000 0x88ad8082 0x30a45a0b 0x1106001c 0x00000000 
  [2] W = 0xaea2eab3 0x8d6a9a69 0x1add7a3a 0x06d67e17
      d = 0xf131625f 0x502048a1 0x20400b00 0x00000000 0xc1111f84 0x80a3c920 0x20c00b00 0x00000000 
  [3] W = 0x9160d19e 0xe139d2d7 0xb708b3a6 0x8ef84018
      d = 0x6876e921 0x638803a6 0x00402802 0x00000000 0x046f0ac8 0x60280260 0x0040780e 0x00000000 
  [4] W = 0x5e0e69e3 0xf57a4f3a 0x2f377ff4 0xd9fa6d90
      d = 0x60030a35 0xa4308850 0x80410030 0x00000000 0x1f2c53bf 0x01850847 0x80430030 0x00000000 
  ... and 185 more distinct vectors
HW=59: 375 total, 375 distinct vectors
  [0] W = 0x36af4d89 0x3cde42c6 0x6459e825 0x72f1f5eb
      d = 0x2ca049b1 0x29981084 0x81400321 0x00000000 0x5a4d508d 0x8268a4d0 0x81400121 0x00000000 
  [1] W = 0x6414cf8f 0x414f7edd 0x7c05bb77 0xa60ce682
      d = 0x2a082606 0x43114180 0x220e0430 0x00000000 0xc651a350 0x902d30f4 0x221a0450 0x00000000 
  [2] W = 0xb78e8718 0x8adb216e 0x302454b5 0xece7946c
      d = 0x454d6440 0xc812141a 0x908ad000 0x00000000 0x82440b10 0x43752a12 0xb1893000 0x00000000 
  [3] W = 0x550ba29b 0x0a4294d7 0x43d34fdb 0x6f2f632f
      d = 0x119a6cc5 0x30302440 0x080f3004 0x00000000 0x54200458 0xa5895014 0x7831300c 0x00000000 
  [4] W = 0xcd010512 0x59c54ba3 0xe69b2c9b 0xe209aeff
      d = 0x28d02005 0x76d04501 0x005ec000 0x00000000 0xa5b90302 0x076d7058 0x004ec000 0x00000000 
  ... and 370 more distinct vectors
HW=60: 667 total, 667 distinct vectors
  [0] W = 0xb66d348b 0x0f77c255 0x109e20ab 0x45ee772e
      d = 0x40132301 0x1604b51c 0x004c2610 0x00000000 0x107f1df1 0x16460198 0x00442a10 0x00000000 
  [1] W = 0xad57d0cb 0xbe9df6ec 0x084eaf4c 0x694f727f
      d = 0xc052d521 0x8c4c2e22 0x00280a08 0x00000000 0xa5913919 0x24be18a0 0x00280a08 0x00000000 
  [2] W = 0x7b83eeed 0xcd97f582 0x57d22e31 0x5094e05b
      d = 0x09174a09 0xaa4d00e1 0x900e2358 0x00000000 0x40993010 0x74012880 0xb002e128 0x00000000 
  [3] W = 0xa3a24c3d 0xae96bccf 0x58e36948 0x8c84060d
      d = 0x403090c2 0x00625d1a 0xc542b001 0x00000000 0x63838104 0x8230243a 0x4cc27003 0x00000000 
  [4] W = 0xd91081ce 0xec0d8e1a 0xe412ff5d 0xc4d95681
      d = 0x5062031a 0x39d34b91 0x00c0052c 0x00000000 0x020da280 0x0013233d 0x01400b34 0x00000000 
  ... and 662 more distinct vectors
