=== block2 lowhw set: m0=0x27e646e1 fill=0x55555555 bit=10 max_hw=60 ===
samples: 1000000000  elapsed: 22.90s
min HW seen: 51

HW=51: 2 total, 2 distinct vectors
  [0] W = 0xae671ee9 0xfaf91eb4 0xfcd1b643 0x892fdaaf
      d = 0x48b00a94 0x050cd715 0x82026000 0x00000000 0x00ca0a01 0xd4017310 0x82062000 0x00000000 
  [1] W = 0x7c014e92 0xefb7ab1b 0x404c0851 0xe98f56b2
      d = 0xc9000409 0x3480f445 0x0c202081 0x00000000 0xc8582903 0x0f030054 0x04202181 0x00000000 
HW=52: 1 total, 1 distinct vectors
  [0] W = 0x3cdfbb7b 0xbda76ac3 0x4f1b753c 0x162059a2
      d = 0x4018307c 0x105200d0 0x00048848 0x00000000 0x8ab35129 0xc0f60242 0x00048848 0x00000000 
HW=53: 5 total, 5 distinct vectors
  [0] W = 0x674bcc5e 0xc6c064fe 0x81a7fbf1 0xa5e5773d
      d = 0x352c644a 0x805908c5 0x10002000 0x00000000 0x2f1a1a0f 0x84286f02 0x10002000 0x00000000 
  [1] W = 0x1fb94e9d 0xfb3440a8 0x170e5e38 0x45ef3bdc
      d = 0x4d508c08 0x0f840180 0x00000b04 0x00000000 0xdf900c8e 0x4f9012c1 0x00000d04 0x00000000 
  [2] W = 0x5d1b7997 0x771990e3 0xe5bf9e41 0xd8811a3a
      d = 0x08168c11 0x1a084494 0x2000000c 0x00000000 0x117e413a 0x0ed90f61 0x20000014 0x00000000 
  [3] W = 0x8dac7d2d 0x43325909 0x0a7cdd00 0xaa4e282e
      d = 0xe2a86e09 0x07003435 0x00038000 0x00000000 0x4a612318 0x1d014c73 0x00028000 0x00000000 
  [4] W = 0x934c0bdf 0x54cbba44 0x53e65b25 0x88d45be4
      d = 0xc70b0091 0x1a785050 0x038500c0 0x00000000 0x0818823e 0x011a8406 0x028d0040 0x00000000 
HW=54: 10 total, 10 distinct vectors
  [0] W = 0x54dfd631 0x6d2d869d 0x62374422 0xdcdb6e1b
      d = 0x54050e05 0x01230b23 0x430c0008 0x00000000 0xa834cd30 0x21e01009 0xc10c0018 0x00000000 
  [1] W = 0x6d5ceffd 0xe4c5c22c 0xcc8de1ec 0x66bb6f34
      d = 0x9ad0a1d4 0x0182bba2 0x20002020 0x00000000 0x4a48087b 0x0901400b 0x2001e020 0x00000000 
  [2] W = 0x8eff6a87 0x1658d150 0x82283a49 0x294a47d9
      d = 0x7545b900 0x0b26a046 0x10180208 0x00000000 0x4c442048 0x817042c8 0x10080e18 0x00000000 
  [3] W = 0xdd5af0a9 0xeabdb0ce 0xc82f8d1c 0x080e2a9a
      d = 0x0ec25781 0x8e011445 0x00040051 0x00000000 0x56111490 0xc08ac803 0x00040077 0x00000000 
  [4] W = 0xa063c6c0 0xcfcef93d 0x0dc37869 0x3b0348ce
      d = 0x4223000b 0x8142010c 0x46041011 0x00000000 0x2049a9be 0x428b0018 0x5e043011 0x00000000 
  ... and 5 more distinct vectors
HW=55: 24 total, 24 distinct vectors
  [0] W = 0x1e1121be 0x7ef9690d 0x28c4fcc1 0x5ccc6a8f
      d = 0x061003f1 0xd4162100 0x80740883 0x00000000 0xe1a900cd 0xc0132080 0x80140981 0x00000000 
  [1] W = 0x80b2d3e6 0x8301aea1 0x6c6f6cab 0xbeb3c696
      d = 0x81c86d49 0xa8f0d510 0x00620a00 0x00000000 0xc01340a8 0x2002d881 0x00e60600 0x00000000 
  [2] W = 0x8aed825b 0x6e791e08 0xfabf2254 0xc04008ee
      d = 0xb006b120 0xe7a0690e 0x02c00400 0x00000000 0xe03b8198 0x09803a05 0x02400c00 0x00000000 
  [3] W = 0x0c84bb9d 0xe51d9aa6 0x9f6741c2 0x9cb877cd
      d = 0xc566c201 0x12441f8b 0x80804a01 0x00000000 0xa4360f02 0x01404908 0x80804601 0x00000000 
  [4] W = 0x0d59753c 0x5c227ca3 0x6574ba78 0xb543afc5
      d = 0x7129a343 0x3320c002 0x08018034 0x00000000 0x8d0200a9 0x748110db 0x0801800c 0x00000000 
  ... and 19 more distinct vectors
HW=56: 55 total, 55 distinct vectors
  [0] W = 0x638ba920 0xc35bec97 0x67e32d93 0x4878dbdb
      d = 0x8810100a 0x16a011d8 0x13a00030 0x00000000 0x9c90c126 0xe9a816aa 0x11a00010 0x00000000 
  [1] W = 0x3ad868d4 0xcf9c9595 0xf8ed7b42 0xa7270080
      d = 0xc120240a 0x8050441e 0x10006024 0x00000000 0x97605fee 0x843024d0 0x3000202c 0x00000000 
  [2] W = 0xb3c98c0e 0xcb49a86a 0x36d67e48 0xdaff5a27
      d = 0x81782c4c 0xcc22d419 0x58610100 0x00000000 0x4910113c 0x56005300 0x48210300 0x00000000 
  [3] W = 0x23b2ea93 0xa2f60983 0x1b0d5460 0x81a098a0
      d = 0x10a0112d 0x0a80b000 0x00a08429 0x00000000 0x8840cb29 0x6750d00c 0x01609c27 0x00000000 
  [4] W = 0xce1a5641 0x1e94b128 0x9e8f5b70 0xc9cd5180
      d = 0x8a1051b3 0x80eed209 0x88006708 0x00000000 0x40a205e0 0x02410c50 0x98002118 0x00000000 
  ... and 50 more distinct vectors
HW=57: 85 total, 85 distinct vectors
  [0] W = 0x955944da 0x05891d5b 0xe26fa70a 0xc75365ed
      d = 0x4e840414 0x812e9148 0x0702004a 0x00000000 0xc04f0e0c 0x048960fa 0x010200ca 0x00000000 
  [1] W = 0x21012bbe 0x8aabd925 0xc06f3da2 0xdcb6a7af
      d = 0x0a6405fa 0x050100ad 0x08a0121c 0x00000000 0x325828d2 0x20014102 0x0ba0123c 0x00000000 
  [2] W = 0xb23292f9 0xedd59b2f 0x88bada97 0xaee23f03
      d = 0x120c3868 0x08c8d649 0x8b000583 0x00000000 0x2624c148 0x34026404 0x85000c83 0x00000000 
  [3] W = 0x67800650 0x8e0c8b55 0xf3a2b826 0x306364d5
      d = 0x0a8e20d4 0x21013821 0x98000097 0x00000000 0x40164e54 0x80709249 0x680003b1 0x00000000 
  [4] W = 0x6c081577 0xba7e86a4 0x3fec4dd1 0x7c90e9ba
      d = 0x2280a0b2 0xb6201202 0x28400100 0x00000000 0x9d5553d8 0x680ad023 0x38c00300 0x00000000 
  ... and 80 more distinct vectors
HW=58: 182 total, 182 distinct vectors
  [0] W = 0x2fcf49ef 0x18ab9856 0x1f8cdd46 0x00afb5d4
      d = 0xe41606da 0x031044b4 0x08080405 0x00000000 0x00bc2404 0xc34a7733 0x08080405 0x00000000 
  [1] W = 0xee6347b1 0x5431bb9b 0x0b1fad7a 0x28a2d662
      d = 0x4ce255b4 0xc951430c 0x19000400 0x00000000 0x96d45828 0xb08080e8 0x39000400 0x00000000 
  [2] W = 0x5dbb39da 0x6a8cf7da 0x7a8e71c1 0x227778da
      d = 0x8bd494a1 0x7302ace0 0x00212806 0x00000000 0x89420e02 0x50a8012c 0x00272802 0x00000000 
  [3] W = 0x06803e7b 0x28a4855c 0xb9e4723b 0xc3c234aa
      d = 0x014b0424 0x0408b260 0x73801884 0x00000000 0xa6040239 0x41262783 0x53806884 0x00000000 
  [4] W = 0x4d6c2f2d 0xd9b48649 0x66cddc17 0x74a504b0
      d = 0x25e31886 0x21338248 0x70022020 0x00000000 0xf29c0034 0x429608b1 0x50062020 0x00000000 
  ... and 177 more distinct vectors
HW=59: 366 total, 366 distinct vectors
  [0] W = 0x970724e1 0x00fc98ac 0xeec37a58 0xb08f691c
      d = 0x9869b364 0x4d4b0443 0x01402944 0x00000000 0x28182201 0x02440cd0 0x01c02ec4 0x00000000 
  [1] W = 0x0524c216 0x31afd805 0x9f4cb712 0x3c708b65
      d = 0x916ae105 0x029dd084 0x60c86840 0x00000000 0x02740044 0x13a42214 0x204869c0 0x00000000 
  [2] W = 0x0320df69 0x017392ef 0x16e72478 0xbf63f4cc
      d = 0x02201df4 0x44a042e0 0x00339608 0x00000000 0x8500585c 0x1e8c128e 0x00168a08 0x00000000 
  [3] W = 0xd5f93138 0x88175237 0x2861e0ff 0x9bbf52c0
      d = 0x0232859c 0x0a045a08 0x81121a00 0x00000000 0x43bdd20c 0x15744804 0x810e1a00 0x00000000 
  [4] W = 0x47cb624d 0x5bd8260c 0xbc28b980 0xc8056d8c
      d = 0xbfc01340 0x18200656 0x20180804 0x00000000 0xb448a941 0x103f2c1f 0x2008080c 0x00000000 
  ... and 361 more distinct vectors
HW=60: 681 total, 681 distinct vectors
  [0] W = 0x0b6d5d05 0xb9780103 0x925f884f 0x099d6564
      d = 0x62501a88 0x24c40015 0x90400c20 0x00000000 0x951833c6 0xb3b81504 0x90407c20 0x00000000 
  [1] W = 0x355699ae 0x2a06797f 0x4014968b 0x8a7662c9
      d = 0x09210419 0x20530640 0x42063480 0x00000000 0xe3192040 0xd2a377c9 0xc2021580 0x00000000 
  [2] W = 0xf21eb8fa 0x853ca53a 0x22e65317 0xf81c2df5
      d = 0x0e064a50 0x41885c7c 0x32121040 0x00000000 0x11821011 0x80c4506c 0x323273c0 0x00000000 
  [3] W = 0xe5ff51de 0xf75651bc 0x91582e8c 0x05b57dc8
      d = 0xb18cb174 0xe12a0161 0x02680028 0x00000000 0xd8d24038 0x8418b0a2 0x01980018 0x00000000 
  [4] W = 0x805e52af 0x0b7962ea 0xc3a21e78 0x8dc6978e
      d = 0x02b515bc 0xc8c00d83 0x10006320 0x00000000 0x65cd0ad0 0x2c343502 0x10002120 0x00000000 
  ... and 676 more distinct vectors
