=== block2 lowhw set: m0=0xc765db3d fill=0x7fffffff bit=0 max_hw=60 ===
samples: 1000000000  elapsed: 22.80s
min HW seen: 49

HW=49: 1 total, 1 distinct vectors
  [0] W = 0xfffe92bc 0x98898968 0x9d3f6afa 0x7c624b8a
      d = 0x40ae4852 0x3261834c 0xc0001000 0x00000000 0x803914a4 0x42e2804c 0x40003000 0x00000000 
HW=50: 1 total, 1 distinct vectors
  [0] W = 0xde26717f 0x113ab61b 0xb8c74907 0x6d17bf74
      d = 0xf6cd1304 0x0c000804 0x00f00000 0x00000000 0x088d0ad5 0xc424fb81 0x00100000 0x00000000 
HW=52: 2 total, 2 distinct vectors
  [0] W = 0x6eb82993 0x1ac5f696 0x26fbf73d 0x5b931d53
      d = 0x0e121a6d 0x38c81083 0x81080120 0x00000000 0x802044a0 0x000aa48b 0x81081f20 0x00000000 
  [1] W = 0x62372fc1 0x7e26c8e6 0x4071341b 0xb8be8b22
      d = 0x84112800 0x8ec034e6 0x08180707 0x00000000 0x019c3921 0x08620c01 0x18080101 0x00000000 
HW=53: 7 total, 7 distinct vectors
  [0] W = 0x35bfe84d 0xde73aed6 0xde8e5b42 0xa9242791
      d = 0xc844889a 0x64aa111c 0x0080f060 0x00000000 0x80c09a2b 0x24488901 0x00805020 0x00000000 
  [1] W = 0xb7780d64 0x6c4e17ce 0x78479235 0xca2f9195
      d = 0x1a888a18 0x036512b9 0x5005c000 0x00000000 0x24c00425 0x302104e1 0x700e4000 0x00000000 
  [2] W = 0x80862b85 0xfb2386be 0xf5746bc4 0x79962f82
      d = 0x08204c2c 0x52bf7e06 0x00064910 0x00000000 0xc0470832 0x00320400 0x00024b30 0x00000000 
  [3] W = 0xa7472031 0x2b6513b1 0xab7d9038 0x36290c25
      d = 0x07d4530a 0x6394068a 0x00300025 0x00000000 0x1a30c487 0x20888604 0x00100023 0x00000000 
  [4] W = 0x63238f60 0x4b3f46e7 0xdf9d15d6 0xd9da83e5
      d = 0x6a02d022 0x060e68a0 0x06132000 0x00000000 0x63043261 0x5b054021 0x0211e000 0x00000000 
  ... and 2 more distinct vectors
HW=54: 7 total, 7 distinct vectors
  [0] W = 0x078da3ae 0xccff7012 0x7d590cec 0xc450f34e
      d = 0x38e98408 0x0271a920 0x09c80100 0x00000000 0x5920d524 0x184020c9 0x09c80300 0x00000000 
  [1] W = 0xff488f10 0x3bf5f0e5 0x38cb5031 0x0b6673b7
      d = 0x5e812341 0x0f155020 0x380002c0 0x00000000 0x7301a203 0x13121170 0x280002c0 0x00000000 
  [2] W = 0x97eefa48 0x5c5c1d7b 0x219142c2 0x30e9c2e6
      d = 0x94827008 0x88c04046 0x01e04812 0x00000000 0x02012414 0xcf3856c1 0x03204812 0x00000000 
  [3] W = 0x0b0b61fb 0x81b27e41 0x013d16fc 0xdfba26ad
      d = 0x08b08200 0xab912005 0x4e00a520 0x00000000 0x46880002 0x73841906 0x5e00a520 0x00000000 
  [4] W = 0x71b71b08 0xc81c1e03 0x3057264d 0x47436c42
      d = 0x8c891606 0x80134060 0x18603600 0x00000000 0x7258a964 0xb2101d00 0x08201a00 0x00000000 
  ... and 2 more distinct vectors
HW=55: 29 total, 29 distinct vectors
  [0] W = 0xa5daffb1 0xbfb8f647 0x8f78991f 0x173dd172
      d = 0x1da11663 0x650808a4 0x06000218 0x00000000 0x55a28106 0x90d04fc2 0x02000208 0x00000000 
  [1] W = 0xb2bf0fa8 0x3a0ee7ad 0x399daed0 0x04baf693
      d = 0x94b01ac0 0x0030cb71 0xa4000028 0x00000000 0x0018f806 0x74745611 0xa4000028 0x00000000 
  [2] W = 0xd5905988 0x0a87edd8 0x10ae5e86 0xb4a09419
      d = 0x104201a8 0x2a0c1135 0xc0001026 0x00000000 0x4be89235 0x17a28214 0xc0001022 0x00000000 
  [3] W = 0xe92230a5 0x49ee20fe 0x33c566c6 0x7ca0c048
      d = 0x4380c23c 0x00042341 0x0e062402 0x00000000 0x71054405 0x790c0c48 0x060a5c02 0x00000000 
  [4] W = 0x91458ef6 0x33f089db 0x7bb4ef7e 0x2d30d633
      d = 0xe4009206 0x51884549 0x51000a00 0x00000000 0xa086085d 0x86d5408d 0x53000600 0x00000000 
  ... and 24 more distinct vectors
HW=56: 47 total, 47 distinct vectors
  [0] W = 0x8f73599f 0x6c59bc5f 0x219c4776 0x8728aa2f
      d = 0x484d8200 0x84600091 0x66909012 0x00000000 0x0122a104 0x9f32a889 0x22909032 0x00000000 
  [1] W = 0x95aafbf1 0x90436dfb 0x427213a5 0x00d0c766
      d = 0x2d443120 0x04713200 0xb6608011 0x00000000 0x00114438 0x01640257 0x76608031 0x00000000 
  [2] W = 0xdcada3d6 0x723da01d 0x01f20342 0x72d6126f
      d = 0xed823428 0xc3995190 0x10028100 0x00000000 0xa21c1278 0x42b29084 0x10018100 0x00000000 
  [3] W = 0x16301911 0xb7544098 0xd7acb85b 0x5458f908
      d = 0xbd0e000a 0xbd198c32 0x02026000 0x00000000 0x65258700 0x4a082c43 0x02066000 0x00000000 
  [4] W = 0x74062c95 0x830e5fbf 0x57cae3a3 0x7c6e49fc
      d = 0x02884627 0x68228256 0xe0b20181 0x00000000 0x41a502c0 0xd4800124 0x20920381 0x00000000 
  ... and 42 more distinct vectors
HW=57: 99 total, 99 distinct vectors
  [0] W = 0x2029dae2 0x75c77c58 0xd3ca1ebe 0x93af40b0
      d = 0x6fd5b008 0x40233801 0x90007009 0x00000000 0x28091606 0x9bb902c0 0x90001009 0x00000000 
  [1] W = 0x1bb7ee6a 0x292177b7 0xfd251fdc 0x8508a6d3
      d = 0xf1f880a0 0xa2388704 0x0280000d 0x00000000 0x9e126123 0x21306705 0x01800003 0x00000000 
  [2] W = 0x2fdf59f9 0x58e36aa9 0x837c5e32 0x1ff9578f
      d = 0x41922016 0xbdc262d5 0x50200100 0x00000000 0x02a62068 0x02152055 0xf0600700 0x00000000 
  [3] W = 0xdd5f15d0 0xc3444e62 0x1b8d4fe6 0xfc4b0d1e
      d = 0x23580087 0x82204012 0x4118003b 0x00000000 0x02740a89 0x1e452456 0xc128000f 0x00000000 
  [4] W = 0x1284029d 0xc82a9536 0xcb0f1670 0x11e15090
      d = 0x0c889a83 0x1f5ec121 0x0086001e 0x00000000 0x06048a6a 0x88110338 0x00820062 0x00000000 
  ... and 94 more distinct vectors
HW=58: 170 total, 170 distinct vectors
  [0] W = 0x058245f6 0xeaa8ce68 0x9fd34c9a 0x3e4e80fa
      d = 0x001c4862 0x5b0a97b5 0x006a4000 0x00000000 0x2521536a 0x0c2c1984 0x0025c000 0x00000000 
  [1] W = 0xdc7cdddd 0xbf2c99fe 0xae7ab117 0xf35d8a5b
      d = 0x806430d2 0x528512a8 0x30610484 0x00000000 0x74f45102 0x6920c800 0x10230c84 0x00000000 
  [2] W = 0x2902e817 0xf40670f7 0x7909329b 0xb415dbf6
      d = 0x912930f4 0x3a070390 0x216c1034 0x00000000 0xa8000280 0x11805418 0x60e43034 0x00000000 
  [3] W = 0x922e2f8c 0xac2f0803 0xe8c69c14 0x53c43776
      d = 0x1522c485 0xa4c20800 0x403014c0 0x00000000 0xb2930546 0x8e3311b0 0x40303440 0x00000000 
  [4] W = 0x071bc594 0x8a863240 0xd50c90c7 0xa59e3aed
      d = 0xb66c12ba 0xe2c8ec1a 0x0000800c 0x00000000 0x9c63a44e 0x20284401 0x00018004 0x00000000 
  ... and 165 more distinct vectors
HW=59: 339 total, 339 distinct vectors
  [0] W = 0x47c5e628 0x9b13eea8 0x3e1524ab 0xca81348b
      d = 0x80c39446 0x0bc22046 0x5da00205 0x00000000 0x10a1c015 0x0c292911 0x23e00205 0x00000000 
  [1] W = 0x94f45168 0xc5f29e84 0x5268e735 0x9f426e32
      d = 0x4a455c00 0x8309a901 0x80d840e0 0x00000000 0x4cc15021 0x43605d68 0x81c84020 0x00000000 
  [2] W = 0xba08e136 0x63e03601 0xc124b6b1 0xa9a51448
      d = 0xfb8402a6 0x00ec7c10 0x118907e4 0x00000000 0x28800006 0x10421441 0x13891824 0x00000000 
  [3] W = 0x47ab7eb7 0x27ccdba9 0x2b8d1b55 0x94181be6
      d = 0x0f210a03 0x42822c72 0x6040cc33 0x00000000 0x96600024 0x847a409a 0x20404c11 0x00000000 
  [4] W = 0x29cab7ca 0x994ac233 0xe0949415 0x30d7aede
      d = 0x8210238c 0x3b596264 0x04414380 0x00000000 0xc0825621 0x22e4130d 0x0440c180 0x00000000 
  ... and 334 more distinct vectors
HW=60: 623 total, 623 distinct vectors
  [0] W = 0xa04d247b 0x9c8a855a 0x4815ca0a 0xdbcaa6a0
      d = 0x24c10461 0x251e4249 0x06826831 0x00000000 0x60435102 0x2410007e 0x05827831 0x00000000 
  [1] W = 0x4265a293 0x30c08888 0x1be29460 0x64b8aa37
      d = 0x0f4363b0 0x2824020d 0x0080a400 0x00000000 0x6949fcf6 0x0e14e304 0x0080a400 0x00000000 
  [2] W = 0x989814a0 0xdb876d66 0xf35d7813 0xd7b9f1bc
      d = 0x90080388 0x1c0a4f46 0x0109c209 0x00000000 0xe83f4c93 0x00090482 0x0319420b 0x00000000 
  [3] W = 0x1cc4e2ce 0x93313280 0x194c6e30 0x05ceaad5
      d = 0x1c721500 0xe613d1cf 0x0080105b 0x00000000 0x1110d803 0x20094443 0x0180106b 0x00000000 
  [4] W = 0x1e310e07 0xc1cfce1f 0x398a7139 0x8200370f
      d = 0x80044452 0xa40031b6 0x01199fa0 0x00000000 0x995021a0 0x1901c45e 0x0128a8a0 0x00000000 
  ... and 618 more distinct vectors
