=== block2 lowhw set: m0=0x30f40618 fill=0xffffffff bit=25 max_hw=60 ===
samples: 1000000000  elapsed: 22.86s
min HW seen: 46

HW=46: 1 total, 1 distinct vectors
  [0] W = 0x11664560 0xe08f1925 0x76dca6f0 0xa25829d1
      d = 0x400b45e1 0x06600830 0x10010000 0x00000000 0x00d3d202 0x0667c838 0x10030000 0x00000000 
HW=49: 1 total, 1 distinct vectors
  [0] W = 0x7c2fdf51 0x7f722ad3 0x7f22af27 0x720d12c4
      d = 0x90863002 0x8b84240e 0x08180e18 0x00000000 0x02008d00 0x99621900 0x08180a28 0x00000000 
HW=50: 1 total, 1 distinct vectors
  [0] W = 0x820c9dbd 0x26dd9960 0x2bcba098 0xa4c961f4
      d = 0xc840f919 0x9b91b00a 0x00010010 0x00000000 0x08135094 0xe012d01a 0x00010010 0x00000000 
HW=51: 3 total, 3 distinct vectors
  [0] W = 0x8dcabfa4 0x9df405db 0xb4a204fc 0x738222a2
      d = 0x45830052 0x31482430 0x01e01c01 0x00000000 0x49081e2a 0x10381451 0x00201c01 0x00000000 
  [1] W = 0x0e98317e 0x1e495185 0xbb449c99 0x3222b6b2
      d = 0x95d10a60 0x114440e4 0x890c00c0 0x00000000 0x3089c016 0x13080a50 0x89040040 0x00000000 
  [2] W = 0xe50625cf 0x16457710 0xac424323 0x60ec7730
      d = 0x40456930 0x24e37d00 0x0a000c3a 0x00000000 0x21185608 0x85041000 0x0600040e 0x00000000 
HW=52: 2 total, 2 distinct vectors
  [0] W = 0x054a7020 0x2284e567 0x7b231413 0x2d8e60a3
      d = 0x580c3664 0x10c36015 0x08000010 0x00000000 0xb9a4881e 0x09416029 0x78000010 0x00000000 
  [1] W = 0x02062d6f 0x32de79fa 0x41c9a64a 0xd51b458a
      d = 0x30241800 0x589081c2 0x020418d8 0x00000000 0x01824c50 0x32ae424c 0x060408a8 0x00000000 
HW=53: 6 total, 6 distinct vectors
  [0] W = 0x7d499c6f 0x964f3aad 0x524ee620 0x5fde8dc5
      d = 0x40310208 0x60117289 0x40e00e02 0x00000000 0x090631b8 0x8042990e 0xc0600a02 0x00000000 
  [1] W = 0xec49f323 0x9792bc95 0xc00fee35 0x84e34af1
      d = 0x2542456d 0x02b81014 0x02060402 0x00000000 0x43109920 0x981488c4 0x02063c02 0x00000000 
  [2] W = 0xadf4f21e 0x45525365 0xe8e06bba 0x577c7751
      d = 0x33083220 0x404e9028 0x14040120 0x00000000 0x282f88bb 0x68425070 0x14040120 0x00000000 
  [3] W = 0xe116f9fa 0xfb1d7b2e 0xdb6ab352 0x2d160f92
      d = 0xe07d114c 0xd90a5011 0x08000010 0x00000000 0x80012a6e 0x4c8a501f 0x08000030 0x00000000 
  [4] W = 0x1e738d61 0x942ccb4e 0xa5e4b06c 0x4ecc1a98
      d = 0x08664827 0x44ea000a 0x20b02018 0x00000000 0x01c12608 0x141c9d0d 0x20902008 0x00000000 
  ... and 1 more distinct vectors
HW=54: 17 total, 17 distinct vectors
  [0] W = 0xeb993884 0x5db206c0 0xb02b06d5 0xcec81b0d
      d = 0x250d6634 0x2fb9002e 0x00008847 0x00000000 0x5084a144 0xb880020a 0x00008841 0x00000000 
  [1] W = 0xb0905f2d 0xd5c1f077 0x9223d790 0xf2e5dcf8
      d = 0x56304030 0xe2ad4100 0x90422000 0x00000000 0x18b20870 0x16414970 0x904e6000 0x00000000 
  [2] W = 0x6b2260f0 0xc0b21eae 0xef947cbd 0x607e7b3c
      d = 0x60522443 0xe405403f 0x10000680 0x00000000 0x1059f60c 0x442541c1 0x10000680 0x00000000 
  [3] W = 0x862aa557 0x8285aef7 0xdc31fe1a 0x9dab3383
      d = 0x08658254 0xd1428ac8 0xe8000120 0x00000000 0xe0058611 0x4441da60 0x18000160 0x00000000 
  [4] W = 0x0d6277b4 0x310e19be 0xb50db4e2 0x71af506a
      d = 0xb4e54c27 0x1a00107a 0xc2280300 0x00000000 0x019180a1 0x308020a2 0x42580300 0x00000000 
  ... and 12 more distinct vectors
HW=55: 24 total, 24 distinct vectors
  [0] W = 0x45892ddf 0x666d4506 0x1771ae60 0x750a58fe
      d = 0x69e07429 0x4c2332a1 0x0a090010 0x00000000 0x0dc2e408 0xaa200105 0x06090010 0x00000000 
  [1] W = 0xfdc3177e 0x7abf85e8 0xca5addc9 0xad951238
      d = 0x160c4529 0x0bc81426 0x84001710 0x00000000 0x9d0b040d 0x61000006 0x84001d70 0x00000000 
  [2] W = 0x33d45869 0xa3fda4a5 0xfa48ed31 0x1a396606
      d = 0x1de39c4b 0xf1204002 0x02200430 0x00000000 0x21370209 0xb0189026 0x02200430 0x00000000 
  [3] W = 0xe5d32463 0xaabf9d4c 0x7bd00927 0x246e5ffd
      d = 0x8ce08851 0x49005047 0x92000210 0x00000000 0x40ca0900 0xdd0c0337 0x8e000270 0x00000000 
  [4] W = 0x84fd26e5 0x24134855 0xee2015f9 0x7f773576
      d = 0x04c0fd28 0x92e4c8e3 0x04106c00 0x00000000 0x06022040 0x9608b834 0x04106400 0x00000000 
  ... and 19 more distinct vectors
HW=56: 56 total, 56 distinct vectors
  [0] W = 0x2fad0d17 0x4ffae810 0x4de4ccec 0x5b5dfcd0
      d = 0x89df848c 0xc9843d0c 0x00012240 0x00000000 0x86469110 0x5002a02d 0x0000e240 0x00000000 
  [1] W = 0x2f506e2d 0x702e3387 0x7d8f9da8 0x49618c15
      d = 0xe09495e4 0x012a0160 0x1013c808 0x00000000 0xde285100 0x0448d02c 0x3010c808 0x00000000 
  [2] W = 0x31c2acea 0xefa40665 0x827aabf1 0x3798ee13
      d = 0xb616b2af 0x81432020 0x0c008010 0x00000000 0x98e17725 0x8440a020 0x04018030 0x00000000 
  [3] W = 0xc56212f9 0x60935d87 0x6f54bad6 0xf9cedcf1
      d = 0x8840807a 0x6651e917 0x07283063 0x00000000 0x00006c62 0x0060a031 0x01281021 0x00000000 
  [4] W = 0x92f59ac0 0x141cc8d6 0x2dcf84f5 0x777801fd
      d = 0x41712965 0xd6978069 0x00440800 0x00000000 0xe9194212 0x7b00804a 0x00440800 0x00000000 
  ... and 51 more distinct vectors
HW=57: 99 total, 99 distinct vectors
  [0] W = 0x6540f4dd 0x00b64f30 0xe3555898 0x4089ebdb
      d = 0x40016a77 0x0801395a 0x02001116 0x00000000 0x3415928a 0x0217e403 0x0200112a 0x00000000 
  [1] W = 0x5e2c1a90 0x72b0f1cf 0xfdadd6eb 0xa9623f33
      d = 0x04880052 0x0a832030 0xe7c04001 0x00000000 0xcda86c93 0x0841c9c6 0x62404001 0x00000000 
  [2] W = 0x4446bb07 0xf7e44014 0x83390307 0xc86fe7cb
      d = 0x04473456 0xc0991010 0x0040300a 0x00000000 0xaf363e08 0xc0194a0e 0x00405006 0x00000000 
  [3] W = 0x7a03e83f 0xe7857c1d 0x48d9fbde 0x83e201ef
      d = 0x84d8ee07 0x04c662b6 0x02006804 0x00000000 0x0c80ab06 0x444640b4 0x02002804 0x00000000 
  [4] W = 0x6f7896d7 0xc9eb48c6 0xbe88cf5f 0x4b0ce12e
      d = 0x0892d994 0x51d03b90 0x800e1303 0x00000000 0x00388858 0xb080a021 0x80063101 0x00000000 
  ... and 94 more distinct vectors
HW=58: 181 total, 181 distinct vectors
  [0] W = 0xc33ea19a 0xf6b0a99c 0x93e853fd 0xab6059f6
      d = 0xbac80289 0x066a3428 0x00040044 0x00000000 0x76c614c3 0x13824433 0x003c0044 0x00000000 
  [1] W = 0x62404a9d 0x09683d94 0xd58de5d9 0x4fe8d902
      d = 0xc2192548 0xcc0c593a 0x60400108 0x00000000 0x4238d1c4 0x14111f21 0x20c00108 0x00000000 
  [2] W = 0xfa463e9b 0x8f3d4a71 0xe81c5048 0x20b94902
      d = 0x70d2d914 0x850e1500 0x04e16010 0x00000000 0x0149a010 0x0b8e5c14 0x04e12010 0x00000000 
  [3] W = 0xaf05620b 0x6bc47689 0x47b1a463 0x1482425d
      d = 0x506790f8 0x18a585b6 0x04040a09 0x00000000 0xe5407d40 0x08008204 0x04041609 0x00000000 
  [4] W = 0x0e4a48a6 0xac8bca29 0x6c1e990e 0x58dfd4b1
      d = 0x8400095a 0xa7f00d8e 0x03308003 0x00000000 0x086c838a 0x970c2200 0x01518003 0x00000000 
  ... and 176 more distinct vectors
HW=59: 360 total, 360 distinct vectors
  [0] W = 0xb713c1bf 0x2bac838d 0xc072b203 0x5061ba5a
      d = 0x30b8b50e 0x38030220 0x20910282 0x00000000 0x710412c8 0x70e84944 0x20f10182 0x00000000 
  [1] W = 0xe0923e0b 0x4d32b9e2 0x5bd06845 0x8dc48609
      d = 0x04e50051 0x402420a1 0xa600030c 0x00000000 0x8e848a3c 0x70931c28 0xaa000d1c 0x00000000 
  [2] W = 0xa8c2da48 0x82ffd22d 0x6ff38070 0xe04c7e4e
      d = 0x11456075 0x11406085 0x84011490 0x00000000 0x64205226 0x8f10cc71 0x84011590 0x00000000 
  [3] W = 0xa74ab6c2 0xc3c34f6b 0xefe135fc 0xe284fb33
      d = 0x160852c2 0x644b8429 0x280f6c01 0x00000000 0x24144c21 0x41911070 0x28032403 0x00000000 
  [4] W = 0xb3ee4191 0x0057d39f 0xbead9f2d 0xa44f08a9
      d = 0x00a15451 0x5450202c 0x100260f6 0x00000000 0x06b53206 0xa20c80ec 0x100260d2 0x00000000 
  ... and 355 more distinct vectors
HW=60: 676 total, 676 distinct vectors
  [0] W = 0x00460cdb 0xfa7c8a95 0x0eedff42 0x91b91fc0
      d = 0x989c832a 0x7eb610c2 0x20408001 0x00000000 0x0424c98e 0x045db1c4 0x20408001 0x00000000 
  [1] W = 0xe78b5c34 0x0dbedc72 0x102e1a2a 0xbe0d407f
      d = 0x030353a0 0x5bf0f04d 0x80cc80c0 0x00000000 0x0d110560 0x50a00c04 0x80cc81c0 0x00000000 
  [2] W = 0xc2bf0f6b 0x491da682 0x447e94e4 0x4aa9ad35
      d = 0xe0a6c9a1 0x194a06a8 0x13001210 0x00000000 0x86531640 0xa7424c40 0x13000e10 0x00000000 
  [3] W = 0x89ae0d49 0x48e6200a 0x1003e959 0xc837066d
      d = 0x0b6a009d 0x55512006 0x8c08004f 0x00000000 0x70012c70 0xa3818264 0x940800d1 0x00000000 
  [4] W = 0xc0215226 0xa6d90594 0x4b131281 0x0127e220
      d = 0x18247810 0xed0f3394 0x48061010 0x00000000 0xb249b204 0x0841aa88 0xc8061010 0x00000000 
  ... and 671 more distinct vectors
