=== block2 lowhw set: m0=0xbcc2e089 fill=0xffffffff bit=28 max_hw=60 ===
samples: 1000000000  elapsed: 22.71s
min HW seen: 50

HW=50: 1 total, 1 distinct vectors
  [0] W = 0xc6ca189d 0x3ee6b451 0xe5f0ec87 0xf46e6657
      d = 0x311938a4 0x4383001c 0x0000401c 0x00000000 0x451a8c49 0x42a36015 0x00004004 0x00000000 
HW=51: 2 total, 2 distinct vectors
  [0] W = 0x576731da 0x9ad907f4 0xfedc8607 0xad967029
      d = 0x0236661b 0x016ac5c1 0x040b2400 0x00000000 0x42d04408 0x09000208 0x0c18e400 0x00000000 
  [1] W = 0x084bb338 0xbbbd09ee 0x4a98516e 0x560397b4
      d = 0x0a0bc440 0x00cd5624 0x8d070000 0x00000000 0x02c2501c 0x3a890820 0x95030000 0x00000000 
HW=52: 5 total, 5 distinct vectors
  [0] W = 0xf0ada7db 0xce8a5bf0 0x3b77384a 0x53bcd8d5
      d = 0x200c1240 0x0210042a 0x28c0147e 0x00000000 0xac988104 0x002085ba 0x38c01422 0x00000000 
  [1] W = 0x29fc34bd 0x4213a208 0xfc059d01 0xbb16c0b3
      d = 0x8000fcad 0x81411d8a 0x00004440 0x00000000 0xc81430c0 0x64362148 0x00005cc0 0x00000000 
  [2] W = 0x64ef8cfb 0x3b646e23 0x62aafb13 0x84d83b17
      d = 0x92883027 0x8041b586 0x00320800 0x00000000 0x180c9658 0x081a1b12 0x000e1800 0x00000000 
  [3] W = 0xcc012909 0xcd2fceb9 0xabe66c65 0xab351550
      d = 0x0408c533 0x0a02ec77 0x02002080 0x00000000 0x60b008c6 0x040034e6 0x0e006080 0x00000000 
  [4] W = 0xa769205d 0xef3afc6c 0xa653a2d7 0x932c51b3
      d = 0x42060688 0x4cc59304 0x09800800 0x00000000 0x092860ba 0x87042d5a 0x08801800 0x00000000 
HW=53: 5 total, 5 distinct vectors
  [0] W = 0xd11f46e5 0x01bcba84 0x4b624fb2 0x5015d1f8
      d = 0x1439c041 0x303e8036 0x41010082 0x00000000 0x0680e890 0x2082416e 0xc3010082 0x00000000 
  [1] W = 0x3250ac44 0xdcdfcaa8 0x94d1d5cd 0x636c7dd9
      d = 0x2017d84c 0x582040a9 0x033420d0 0x00000000 0x04406364 0x188a1022 0x01142050 0x00000000 
  [2] W = 0xb90ccc05 0x3103f423 0xbf71cfe0 0x573c1866
      d = 0x248a0188 0x6a9030b4 0x08c18010 0x00000000 0x53820806 0x22213589 0x18438010 0x00000000 
  [3] W = 0x5648bf8f 0x76969533 0x2224424b 0xe7c398dd
      d = 0x00280802 0x82044684 0x82324400 0x00000000 0x1c910603 0x42fbc00a 0x8e72c400 0x00000000 
  [4] W = 0x04a1bd5b 0x52525f1e 0x2f83eb06 0x0e834c97
      d = 0x41170294 0x80244500 0xb80088c8 0x00000000 0xa000888e 0x860215c6 0x88008bc8 0x00000000 
HW=54: 11 total, 11 distinct vectors
  [0] W = 0xc1eaa394 0x26954258 0x551ea3d7 0xade46fc5
      d = 0xa8805282 0x28394843 0x0408c180 0x00000000 0xf043225b 0x02051815 0x0c084180 0x00000000 
  [1] W = 0xbbc2de4a 0xe17627af 0x95f978ae 0xe7705ed8
      d = 0x695c4a1b 0x2002308e 0x00101008 0x00000000 0x9c4de241 0xe00af500 0x00101008 0x00000000 
  [2] W = 0xb63ff0a0 0x4d514215 0xc769c31c 0x1e4dafb9
      d = 0x8c688d4a 0x138c80d2 0x41808840 0x00000000 0x05406114 0x2c442080 0xc08099c0 0x00000000 
  [3] W = 0x6e9623bf 0xf6d34f2f 0x79eaf634 0xc2a0d1e2
      d = 0x2b9c2b80 0xb6020a16 0x42c02001 0x00000000 0x2c4580a0 0x44540131 0xc2402001 0x00000000 
  [4] W = 0x8443b21d 0xb20d08bd 0x704e8730 0xb5b23be4
      d = 0x0c127805 0x2815aa2a 0x82060800 0x00000000 0x902424e2 0xd1e41212 0x82021800 0x00000000 
  ... and 6 more distinct vectors
HW=55: 31 total, 31 distinct vectors
  [0] W = 0xef4fd833 0x9d7ff0f7 0x0f4509a7 0x60466d7f
      d = 0x001e4b20 0x036080a9 0x0180186c 0x00000000 0xcc2751b1 0xc0001182 0x0780082c 0x00000000 
  [1] W = 0xd83f43bc 0x3953a898 0xc45159b8 0x03a3ef6b
      d = 0xc68c4699 0x18012982 0x01a01101 0x00000000 0x80415200 0x405ff644 0x00a01103 0x00000000 
  [2] W = 0x05c64952 0x51618ba4 0x62b24e6e 0x448ce1f1
      d = 0xc38f1661 0x029099dd 0x40006a01 0x00000000 0x70204529 0x00118048 0x40006a01 0x00000000 
  [3] W = 0x8f086d09 0xd78887fd 0x299fcc86 0xd1e3f4a1
      d = 0x39994d18 0x12021ca3 0x00184804 0x00000000 0x30099035 0x53040e20 0x00685804 0x00000000 
  [4] W = 0x15bfcd78 0x6e07d570 0x019a7ba4 0x933546b3
      d = 0xa80b0124 0x50931c1b 0x40404000 0x00000000 0x61c27283 0x478d1108 0xc1c04000 0x00000000 
  ... and 26 more distinct vectors
HW=56: 50 total, 50 distinct vectors
  [0] W = 0x3c96bf69 0x8406b054 0x138f3312 0x484c3564
      d = 0xc0304d09 0x111141b0 0x2e800012 0x00000000 0x00d1527b 0x9480354a 0x21800032 0x00000000 
  [1] W = 0xc52dd11d 0x9ec79dda 0xc2e187e4 0xb1b2a3aa
      d = 0x1010a9a4 0xc0082619 0x2092000e 0x00000000 0xb0f2a2e5 0x60108a20 0x60920016 0x00000000 
  [2] W = 0xf290b00c 0x76b90ac4 0xabd587b4 0x7f424e85
      d = 0x06608272 0x8c480063 0x40230047 0x00000000 0x03c81684 0x6985442c 0xc0230041 0x00000000 
  [3] W = 0x02d357f6 0x6d99dfe0 0x9adb6e92 0x1623f7d6
      d = 0x161e3bc6 0x6008f016 0x44004030 0x00000000 0x910a2228 0x0cbb4320 0x44004010 0x00000000 
  [4] W = 0x49f0974b 0x38228227 0x64ac9494 0x31f39eeb
      d = 0xcda00039 0x4000a10a 0xfc60c300 0x00000000 0x86320018 0x646cd009 0x4420c300 0x00000000 
  ... and 45 more distinct vectors
HW=57: 81 total, 81 distinct vectors
  [0] W = 0x4b2a4232 0x6eec7304 0xf11ceb02 0xe3ef3abc
      d = 0x46439c26 0xd951072c 0x0a011002 0x00000000 0x23495146 0x47020104 0x0a031002 0x00000000 
  [1] W = 0x2daa4c48 0xe04cb579 0xaa966f08 0x899ccad3
      d = 0x1a84c008 0xea25200c 0x3c000b85 0x00000000 0x20664512 0x2122b109 0x44000b83 0x00000000 
  [2] W = 0x57115fb6 0xe0139965 0xf4d16fba 0xfdee2609
      d = 0xb24431a0 0x008228f0 0x140c0018 0x00000000 0xcac15d65 0x0cc238a2 0x140c0008 0x00000000 
  [3] W = 0xbe806071 0xe34d3ff6 0xd2c8684f 0x27fd124f
      d = 0x1319826a 0xca005050 0x50008000 0x00000000 0x15ca8d58 0x303df134 0xd0018000 0x00000000 
  [4] W = 0x8ac28bfb 0xac0d4285 0x8fe1f5cb 0x9a416187
      d = 0xc9a6c1b0 0x10420c9c 0x01a40028 0x00000000 0xa1bd13c2 0x800860c0 0x026c0018 0x00000000 
  ... and 76 more distinct vectors
HW=58: 182 total, 182 distinct vectors
  [0] W = 0x30bb1230 0x0d5a528e 0xa67d906b 0x9a6fb033
      d = 0x5b1a50a0 0x10460563 0x1c406440 0x00000000 0x04082867 0xf40094c7 0x14402440 0x00000000 
  [1] W = 0x9cbe4ce5 0xf17a08f4 0xbcfec806 0xda3965d9
      d = 0x48f0a165 0x0c046380 0x0810191a 0x00000000 0x466518a4 0x124c12b0 0x0810290a 0x00000000 
  [2] W = 0xc17a04c4 0xbdba4295 0x48fb9441 0x74068678
      d = 0x5e869091 0x1f9c2928 0x30019312 0x00000000 0x80020882 0x13092612 0x10009132 0x00000000 
  [3] W = 0x901af313 0x016671cf 0x24a13a60 0x7e4a4956
      d = 0xe20401c8 0x208a7a86 0x06c44207 0x00000000 0x3bc05234 0xa0092000 0x01c4c601 0x00000000 
  [4] W = 0x321e7775 0x62e588ad 0xadf86bf5 0xb055ed76
      d = 0x36248801 0x7c108005 0x14680510 0x00000000 0x0720568b 0xa581a0a8 0x14280370 0x00000000 
  ... and 177 more distinct vectors
HW=59: 397 total, 397 distinct vectors
  [0] W = 0x1f3acb4a 0x8c26a403 0x4c7be250 0x360eb348
      d = 0x9190a820 0x1c8fa008 0x0400cbd8 0x00000000 0x95230a2d 0x14e20930 0x0400c848 0x00000000 
  [1] W = 0xd3ce433a 0x6e88d32e 0xe9480258 0xc96dadf9
      d = 0x02de13d2 0x48902c99 0xd8008040 0x00000000 0x30128c16 0x46b4071d 0x48008040 0x00000000 
  [2] W = 0x6cf96d11 0x6a36da3c 0x9f515204 0x1720990c
      d = 0x973d01b0 0x4a69f051 0x00d78200 0x00000000 0x010c04d2 0x10741808 0x00cc8600 0x00000000 
  [3] W = 0x8975e6bd 0x81e9d1ec 0xc1558cc6 0x6963e0a0
      d = 0x02c74023 0xc2c5870c 0x29110c60 0x00000000 0x28189931 0x08c00e08 0x69110c20 0x00000000 
  [4] W = 0x3a0e5bb4 0xde6cc208 0x8391c2de 0xc281b85b
      d = 0x44409291 0x528c6bab 0x4a10800c 0x00000000 0x06611998 0x20612b06 0x4a108004 0x00000000 
  ... and 392 more distinct vectors
HW=60: 647 total, 647 distinct vectors
  [0] W = 0xc20c61d5 0x88ea3f0e 0x2e7889eb 0xd7fb3f69
      d = 0x5d205143 0xc8b0f500 0x22128000 0x00000000 0xd5125522 0x6dc0451c 0x22128000 0x00000000 
  [1] W = 0x3c69fd8b 0x78cb1087 0x41a440aa 0xff9dea32
      d = 0x08007888 0x00c15821 0x4e06c0a0 0x00000000 0xc2591408 0x40c40f4b 0x7a06c3a0 0x00000000 
  [2] W = 0x42fbd7c6 0x38627327 0xb6d3aca4 0xabaeede7
      d = 0x3c47449d 0x08321619 0x02136800 0x00000000 0x2036048b 0x0f01388c 0x02349800 0x00000000 
  [3] W = 0x7c4f49f8 0x3b706b40 0xf51679cc 0x7fd37fbb
      d = 0x022e3771 0x122029a5 0x01a01204 0x00000000 0x8831c813 0x03607324 0x0660120c 0x00000000 
  [4] W = 0xf931ab05 0x467cc88d 0x32cde05b 0x561e2038
      d = 0x275c0e47 0x62a0a8a0 0x04404800 0x00000000 0xa744cc22 0xa2306871 0x04c05800 0x00000000 
  ... and 642 more distinct vectors
