=== block2 lowhw set: m0=0x024723f3 fill=0x7fffffff bit=6 max_hw=60 ===
samples: 1000000000  elapsed: 22.80s
min HW seen: 51

HW=51: 2 total, 2 distinct vectors
  [0] W = 0x5e88ea8b 0x38ecc787 0xa39286a9 0x9bbc3e4a
      d = 0x0207a0a9 0x385d080e 0x23000400 0x00000000 0x803104bd 0x019c2182 0x21001c00 0x00000000 
  [1] W = 0xab51cece 0xc380b6ca 0x7e6a10a6 0xb3a71db9
      d = 0x11803513 0x0f684138 0x01600000 0x00000000 0x845ea82a 0x91107813 0x01200000 0x00000000 
HW=52: 1 total, 1 distinct vectors
  [0] W = 0xd608b3b9 0xcf818346 0x02ceaaf2 0x2580a67a
      d = 0x4116a096 0x56081305 0x6a041800 0x00000000 0x43160048 0x042a5683 0x2a040800 0x00000000 
HW=53: 8 total, 8 distinct vectors
  [0] W = 0x4654e7ac 0x8e80557c 0x01dd7a0b 0x7d15e5e5
      d = 0x5b981404 0x89024f02 0x8009c640 0x00000000 0x04082a68 0x12015624 0x8009c240 0x00000000 
  [1] W = 0x6e216ea8 0x3d7da512 0xb22b9e5d 0xfdeb8b0d
      d = 0xa53c1180 0x5c000c03 0x0381e840 0x00000000 0x0f14e412 0x1846820c 0x00801840 0x00000000 
  [2] W = 0x162987aa 0xfd464c44 0xad141243 0xc4d0d84d
      d = 0x64108130 0x18a68887 0x42044800 0x00000000 0x9460d804 0x28c4ac71 0x42044800 0x00000000 
  [3] W = 0xf1bc0959 0x62753352 0x47fd3afd 0xf4ffbf2c
      d = 0x99021a15 0x581a1068 0x0000c660 0x00000000 0x5c088189 0x281047ca 0x0000c260 0x00000000 
  [4] W = 0x17f9c543 0xc567ef8b 0x2a44ebc0 0x50aabb9e
      d = 0x24206484 0xa024108c 0x480a2800 0x00000000 0x08402305 0x4a5de925 0xd8062800 0x00000000 
  ... and 3 more distinct vectors
HW=54: 9 total, 9 distinct vectors
  [0] W = 0x256c4ec4 0x3a278b5e 0xa2c9f1f8 0x02214fe3
      d = 0x6802b140 0x154700b1 0x00075805 0x00000000 0x542c2592 0x78000188 0x0001481d 0x00000000 
  [1] W = 0x66351265 0x4b43db79 0x35b08e8f 0xa84eeb5f
      d = 0x00183310 0x59138cc8 0xc4200f20 0x00000000 0xa2dca802 0x31400600 0x442010e0 0x00000000 
  [2] W = 0xac111b09 0x617fea91 0x199d1467 0xd924940f
      d = 0x52300023 0x291f0b16 0x020c2080 0x00000000 0x8c505390 0x170a0167 0x02042080 0x00000000 
  [3] W = 0x1483e21e 0x70c2d9be 0x555484c4 0x7c40a262
      d = 0x2cd01498 0x12800aa9 0xd00022a0 0x00000000 0x21961588 0x94041590 0xd00022a0 0x00000000 
  [4] W = 0x7502ac38 0x3032333a 0xbcfc4a10 0x8274492f
      d = 0x30536160 0x42190120 0x0a111080 0x00000000 0x1aa48038 0x09ae0420 0x3a111780 0x00000000 
  ... and 4 more distinct vectors
HW=55: 31 total, 31 distinct vectors
  [0] W = 0x04fbef49 0x5b4c8bc0 0x8ca9359a 0xe95e3277
      d = 0x69419a09 0x90cce360 0x00003e00 0x00000000 0x0d0d201b 0x8094a661 0x00002600 0x00000000 
  [1] W = 0x9659df9a 0x18f3e0af 0xf820695c 0x5479e8f9
      d = 0xe3531444 0x74021440 0x2020440c 0x00000000 0xa0014904 0x875b7541 0x20204404 0x00000000 
  [2] W = 0x836141e0 0xc0ff9d8e 0x5a86c109 0xd653ab1a
      d = 0x0227d205 0xda848046 0x00a18d10 0x00000000 0x410ec206 0x4001e208 0x00608d30 0x00000000 
  [3] W = 0x65d1d40b 0xb543efc3 0xdfc6985e 0x95669938
      d = 0xc5165242 0x7006a210 0x18010a00 0x00000000 0x8311ca77 0x222228c8 0x08011a00 0x00000000 
  [4] W = 0x4605e36d 0xb76ff579 0x71dec2b9 0x98bf79dd
      d = 0x01a54605 0x082ace89 0x80040087 0x00000000 0x028d884a 0x6416a888 0x80040099 0x00000000 
  ... and 26 more distinct vectors
HW=56: 58 total, 58 distinct vectors
  [0] W = 0xce10a6fd 0x832218da 0xc71e2006 0x60c2d0a9
      d = 0x8f808708 0x300a8802 0x05a20201 0x00000000 0x401a24e2 0x49652283 0x06a60203 0x00000000 
  [1] W = 0x7f3f119f 0x3c9b5c39 0xb496a157 0x77325029
      d = 0xd28e2110 0x200a406b 0x402006a1 0x00000000 0x10c49196 0x9f224090 0xc02002a1 0x00000000 
  [2] W = 0x79c39fe2 0x4dc4855d 0x708636aa 0x7c369de3
      d = 0x1798c821 0x40211f88 0x00900828 0x00000000 0x514f2a69 0x412a6800 0x00901828 0x00000000 
  [3] W = 0xdd4e3e74 0x4a96d5b4 0x9423a924 0xc1ec6d47
      d = 0xb138db4f 0xc882ad00 0x0d080010 0x00000000 0xa1007038 0x19418520 0x07080010 0x00000000 
  [4] W = 0xf45d2d94 0x6c1f2903 0xaedebe1c 0x5abd50d2
      d = 0x27cac00b 0x02111008 0x04810c02 0x00000000 0x63ca0883 0x6d914312 0x05830402 0x00000000 
  ... and 53 more distinct vectors
HW=57: 112 total, 112 distinct vectors
  [0] W = 0xa48a7785 0xa52ef5b8 0x08a0c6f4 0x1fb797ab
      d = 0x388891a4 0x8859ac62 0xb9000000 0x00000000 0x90603190 0x94b4ad46 0xc9000000 0x00000000 
  [1] W = 0x3746d26f 0x4c63d9aa 0xdd86c221 0xbd9ef8c0
      d = 0x85ea3310 0x1a088520 0x0008b884 0x00000000 0x8b105730 0x61c80340 0x00096984 0x00000000 
  [2] W = 0x8a251380 0x22f5f2ea 0x09b76b7e 0x7fc3fb52
      d = 0x060b2e89 0x803c16f4 0x200c0082 0x00000000 0x05984544 0x14100ed4 0x2014008e 0x00000000 
  [3] W = 0x07eb0139 0x9e4e493f 0xba59d3eb 0x84ba8cd9
      d = 0x0781119c 0x20802084 0x8946102e 0x00000000 0xac004460 0x90bf0480 0x89423066 0x00000000 
  [4] W = 0xf665b9f7 0x6a34521a 0xee9b2601 0xc13326ac
      d = 0x15b48443 0xa2225d0c 0x00806405 0x00000000 0x48d63a80 0x064a2600 0x0080640d 0x00000000 
  ... and 107 more distinct vectors
HW=58: 190 total, 190 distinct vectors
  [0] W = 0x8bfb0f78 0xa89b3432 0x0dbf74bc 0x86382028
      d = 0x57ac4505 0x350e9b6e 0x02000082 0x00000000 0x44d05020 0x52b4e304 0x02000082 0x00000000 
  [1] W = 0x547e69c0 0xb1828903 0xf4f1b312 0x90e1d93b
      d = 0x4e003e40 0x4b86008c 0x40fc0806 0x00000000 0x30190987 0x2d0b0722 0xc0040802 0x00000000 
  [2] W = 0xd9dcd682 0x229a5784 0x65369591 0x47192433
      d = 0xc95304c3 0x8d14053a 0x002005c1 0x00000000 0x1e4c8018 0xa101092a 0x00601b41 0x00000000 
  [3] W = 0x468865d2 0x0c7219ab 0xa7ac9f08 0xbdfd20ee
      d = 0x2ab011a0 0x0d7a4406 0x60804604 0x00000000 0xc4051416 0x1ef08805 0x2080c604 0x00000000 
  [4] W = 0x60d1c2da 0x49df7d7f 0x686906a7 0x5f059dd9
      d = 0x4b7c41c2 0x2008c616 0x0d845d00 0x00000000 0x8a0b3103 0x07042042 0x04844d00 0x00000000 
  ... and 185 more distinct vectors
HW=59: 339 total, 339 distinct vectors
  [0] W = 0x8f0873ad 0xaecff173 0x4cd69963 0x60ac655e
      d = 0x0204234d 0x38a36104 0x641808a0 0x00000000 0x30d502c9 0x5c858044 0xe41808a0 0x00000000 
  [1] W = 0x95898503 0x001f4577 0xfe8bf4cf 0x8258cc06
      d = 0x206219c2 0x00042a19 0x30003c1d 0x00000000 0x40417d81 0x84056930 0x700024ed 0x00000000 
  [2] W = 0x9acaeb18 0x3298914c 0x36912394 0x4e96f645
      d = 0x40682583 0x8832a6d3 0x14a00000 0x00000000 0x7281604e 0x097bca23 0x0c600000 0x00000000 
  [3] W = 0xd4e2d936 0x774f8454 0x7f6db176 0xe121af37
      d = 0x1080ca72 0x47a279f1 0x00080850 0x00000000 0x79336c82 0x20093033 0x00080850 0x00000000 
  [4] W = 0x234e17e3 0xd7f2e07a 0xf4415504 0x02d6f4f4
      d = 0x0d497604 0xd7612708 0xc14240ce 0x00000000 0x12082a00 0x90058218 0x43424042 0x00000000 
  ... and 334 more distinct vectors
HW=60: 695 total, 695 distinct vectors
  [0] W = 0x78d6bd91 0x43fd8e43 0xb4877c79 0x3a064e5d
      d = 0x8d9cb20c 0xc2215124 0x15a85800 0x00000000 0x301901c9 0xa9441050 0x12683800 0x00000000 
  [1] W = 0xb034a374 0xaf1c1a79 0xa636a650 0x2d6f7aee
      d = 0x4e318825 0x148b5124 0x20005042 0x00000000 0x908b880a 0x0244fbac 0x2000d1c2 0x00000000 
  [2] W = 0x61641254 0x86f29ba3 0x6554bd60 0xade0479c
      d = 0x81720dec 0x4a3c8a3c 0x10080000 0x00000000 0x2ea888d3 0x666a3a24 0x10080000 0x00000000 
  [3] W = 0x421b77fe 0xb070900c 0xec5967b4 0xd55f7b83
      d = 0xc58ce047 0x98060e8b 0x46e00000 0x00000000 0x023e0572 0x0c24508a 0xc6e00000 0x00000000 
  [4] W = 0x168bceb9 0x84c7fbf7 0x0c9de34b 0xae6fbd11
      d = 0x844c51c9 0xc28a1049 0x91422024 0x00000000 0x14511a62 0x23128098 0xb0c2202c 0x00000000 
  ... and 690 more distinct vectors
