=== block2 lowhw set: m0=0x88fab888 fill=0x55555555 bit=6 max_hw=60 ===
samples: 1000000000  elapsed: 22.77s
min HW seen: 49

HW=49: 1 total, 1 distinct vectors
  [0] W = 0xa8f40ac8 0x1c0eddde 0x311abe84 0xbf8bb1c1
      d = 0x46401630 0x4be04284 0x50c80600 0x00000000 0x00d0e874 0x11004401 0xb0480200 0x00000000 
HW=51: 3 total, 3 distinct vectors
  [0] W = 0x96f763fd 0x2b972999 0x1a29b7ab 0xb744f965
      d = 0x80ce98a2 0x5ba040a8 0x000001c0 0x00000000 0x2059c584 0x3adf4008 0x00000040 0x00000000 
  [1] W = 0x5641fc67 0x506838a1 0xb8fa50ff 0xae5cf82d
      d = 0x156a3062 0x80283833 0x00203808 0x00000000 0x948001c8 0xc3401d4a 0x00201808 0x00000000 
  [2] W = 0xd7b93759 0xdb1f91f0 0x0d112960 0x2f9a92be
      d = 0x51369c96 0x450e0092 0xa201c010 0x00000000 0x86812522 0x08006200 0x66004010 0x00000000 
HW=52: 4 total, 4 distinct vectors
  [0] W = 0xcc13ed86 0x85cddfb7 0xf95f35ea 0xe3ad397b
      d = 0x18bd8208 0x90e01a64 0x68098d80 0x00000000 0x8381008a 0x00f00020 0x28088580 0x00000000 
  [1] W = 0xadc2db84 0x20f63b7d 0x14a4fe91 0xe5a5fe6a
      d = 0x41840481 0x0e746054 0xa42000a8 0x00000000 0x1c282e02 0x26012402 0xac6000a8 0x00000000 
  [2] W = 0x0bde272f 0x284fb6f2 0x0ca2aefa 0x76c58ac4
      d = 0xe02d2e00 0xb37d052c 0x02138000 0x00000000 0x22800e52 0x0010f380 0x02108000 0x00000000 
  [3] W = 0x2a6b0a2d 0x2eff78fa 0xfdeb594a 0x4e88174b
      d = 0x8a41c445 0x0c70d620 0x40040100 0x00000000 0x730a2c4c 0x14705300 0xc00c0100 0x00000000 
HW=53: 9 total, 9 distinct vectors
  [0] W = 0x8a8a070c 0x8717a519 0x052324a3 0x5759fb78
      d = 0x043505c9 0xcb6d5070 0x50200030 0x00000000 0x800900c0 0x600c903c 0x502000f0 0x00000000 
  [1] W = 0x81c02771 0x20e6f926 0x078a9e27 0xdd84d400
      d = 0x34168820 0x14188a12 0x43700051 0x00000000 0xc4234602 0x84902186 0x41900051 0x00000000 
  [2] W = 0xe9e4388c 0xb0447136 0xf2376ee7 0xe29ba352
      d = 0x12011225 0x404199b2 0x02100020 0x00000000 0x15a678c4 0x83cf1612 0x02100020 0x00000000 
  [3] W = 0x8eea247c 0x86dde88e 0x424a9868 0x39b589ab
      d = 0x0d88161e 0xcc88a800 0x06c01061 0x00000000 0x50046774 0x04020240 0x0b401023 0x00000000 
  [4] W = 0x9de33cf3 0xb5d9186d 0x4c4a93e7 0xd8f9e37c
      d = 0x31480944 0x1200a914 0xc0004422 0x00000000 0xc4ccc470 0x020ae12a 0x40004c62 0x00000000 
  ... and 4 more distinct vectors
HW=54: 15 total, 15 distinct vectors
  [0] W = 0x888bae2e 0x548c01a9 0x43903555 0xe26c4ec8
      d = 0x120a07b2 0x8aa10a20 0x52900008 0x00000000 0x36039008 0x6880a050 0xd6b00038 0x00000000 
  [1] W = 0x75893b90 0x0d994f4d 0xaa6f53d5 0x42afa83f
      d = 0xe4ba2903 0x180b2408 0x002a0028 0x00000000 0x5a011218 0x52c1429a 0x002a0038 0x00000000 
  [2] W = 0xa7891244 0x3dfbc424 0xea93b5fb 0x19bfe64d
      d = 0x09c6c802 0xe41a8601 0x88000080 0x00000000 0xcc40c747 0xd21dc181 0x88000080 0x00000000 
  [3] W = 0x7c5fb7e9 0xdef885b8 0x07b3b17f 0x42115f91
      d = 0x543a53ac 0xce804412 0x18402000 0x00000000 0x92001880 0x4d50d61e 0x18402000 0x00000000 
  [4] W = 0x4fb05ee5 0xc9f746b3 0x0507f243 0x92b21364
      d = 0x8041030a 0x84220ae8 0x32041540 0x00000000 0x2ca00208 0x2eae94c0 0x12043540 0x00000000 
  ... and 10 more distinct vectors
HW=55: 16 total, 16 distinct vectors
  [0] W = 0x31690908 0x194824ac 0xa668e202 0xff371dd6
      d = 0x04221b62 0xa9905c98 0x4008c400 0x00000000 0x16e92424 0x0868b02a 0x4008c400 0x00000000 
  [1] W = 0x1baacc3c 0x0780c86a 0xcf3d62ac 0x0e72b018
      d = 0xc20ab030 0xb9325440 0x0f300001 0x00000000 0x0802822a 0x100e0fdf 0x09100001 0x00000000 
  [2] W = 0xcfc955a9 0x4afce5f7 0x1e0fb416 0xf92d0a50
      d = 0x4402814e 0x1182134b 0x26100100 0x00000000 0x85e3e13c 0x0d030011 0x6e100100 0x00000000 
  [3] W = 0x969e9b3a 0xfac6c106 0x7e241ed5 0x4226c56a
      d = 0x501828b9 0x100fd053 0x05890004 0x00000000 0x16c06093 0x07481c08 0x04990004 0x00000000 
  [4] W = 0x2a16edac 0x03c1d9dd 0x27b6d1a0 0x4dd74341
      d = 0x4e1644d0 0x1009c028 0xa0840000 0x00000000 0x44ad340c 0x283cc29e 0xa09c0000 0x00000000 
  ... and 11 more distinct vectors
HW=56: 53 total, 53 distinct vectors
  [0] W = 0x0f232a6d 0x27b9541a 0xaa784267 0xe4aa9cdd
      d = 0x8820459d 0x552a30d0 0x10384080 0x00000000 0x8c2481da 0x0442a012 0x10c8c180 0x00000000 
  [1] W = 0xb221c6f0 0xd50ff26f 0x4302fe0e 0x84a53d8f
      d = 0x744d504e 0x014668e5 0x08000024 0x00000000 0x83335456 0x08a29980 0x08000064 0x00000000 
  [2] W = 0x6ce9ebf1 0x636b847a 0x6f7d7c88 0xdd6f833e
      d = 0x54a350d4 0x10989248 0x08c381a0 0x00000000 0x280cc110 0x10611007 0x085c8260 0x00000000 
  [3] W = 0x36ba5a36 0xc2683dc8 0x7ffabb20 0x3b4b428f
      d = 0x20890c0a 0x2123d802 0x08940020 0x00000000 0x283eb042 0x92358c64 0x389c0020 0x00000000 
  [4] W = 0xd4c33664 0xf3f20303 0xc1d5638a 0xd926be58
      d = 0xc3413526 0x0c258093 0x001c04cc 0x00000000 0x8872c3e0 0x4202b002 0x000404c4 0x00000000 
  ... and 48 more distinct vectors
HW=57: 87 total, 87 distinct vectors
  [0] W = 0xf7531896 0x1c73c476 0xfb5bf708 0x32ec0f75
      d = 0x02980286 0xa6898f4b 0x200500c1 0x00000000 0x08ba358a 0x01804155 0x200d0041 0x00000000 
  [1] W = 0x7f50327d 0x5aea70b2 0x8b7b634c 0x05408865
      d = 0xbb20089e 0x40208291 0x02032880 0x00000000 0xe5890706 0x8a413160 0x06013980 0x00000000 
  [2] W = 0x948d285f 0x015cc31c 0xbedeffe3 0x45774132
      d = 0x01385208 0x05c0241b 0x20e00470 0x00000000 0x834030a3 0x96d8a1a8 0x21200470 0x00000000 
  [3] W = 0x51857b6d 0x23fc2739 0x4471c234 0xfad8f9cf
      d = 0x90420600 0xc960704a 0x80180240 0x00000000 0xaa03fa1a 0x6b2110fa 0x80080640 0x00000000 
  [4] W = 0xd3c9c992 0xb584610f 0x0d16267d 0xf2e5b0b1
      d = 0x2c584839 0x00a5b854 0x07008060 0x00000000 0x1b413d6f 0x00630054 0x05008020 0x00000000 
  ... and 82 more distinct vectors
HW=58: 164 total, 164 distinct vectors
  [0] W = 0x490c608f 0x66a1a221 0x0e50c133 0xd8a3eb08
      d = 0x0624c57b 0x8c8a012a 0x00403461 0x00000000 0x048a1103 0x6a008a51 0x0040f461 0x00000000 
  [1] W = 0x4feec6b1 0x702d088d 0xf6a4c273 0xb3b835c6
      d = 0xa12cb827 0xe910aa00 0x01e01000 0x00000000 0xc8701780 0x3ba8a103 0x02e01000 0x00000000 
  [2] W = 0xe54a7928 0xe78aafff 0xfcd7ce65 0xa676f1e8
      d = 0x505c8819 0x8bb06604 0x000f9180 0x00000000 0x8d047ea9 0x02520708 0x00019080 0x00000000 
  [3] W = 0xe756e168 0x54046675 0xc19fe810 0xaf233d9e
      d = 0x926d8af0 0x48988732 0x80460109 0x00000000 0x94025010 0xc8111406 0x805a0109 0x00000000 
  [4] W = 0xec3b8a0b 0x322e3276 0x78718086 0x444df276
      d = 0x8819db60 0x47d259c6 0x40100180 0x00000000 0x9c850920 0x1822262a 0xc0300080 0x00000000 
  ... and 159 more distinct vectors
HW=59: 338 total, 338 distinct vectors
  [0] W = 0xafc260fd 0x986b9373 0xaab54851 0x7452584e
      d = 0x1c772091 0x0c26d4b1 0x004109e2 0x00000000 0x1095844b 0x45020c00 0x00c10aa2 0x00000000 
  [1] W = 0x06d4bbef 0xa48b745b 0x8a0e5a3b 0x686a497f
      d = 0x31700c60 0x250b0308 0x8800010a 0x00000000 0x928345aa 0x875b1a20 0x88000f0e 0x00000000 
  [2] W = 0x60c81c85 0x08492809 0x844bcb0d 0x5868a698
      d = 0x800a4840 0x33912022 0xe0011618 0x00000000 0x98a31497 0x3c11042c 0xe0011e28 0x00000000 
  [3] W = 0x0747780d 0xe09329ee 0x307bcc19 0x76e1d445
      d = 0x2183c0c2 0x50c10300 0x58080cb0 0x00000000 0x3e7110d9 0xc291038c 0x480804b0 0x00000000 
  [4] W = 0x08a14f55 0x083401f0 0x8942fb55 0x132e3861
      d = 0x29289100 0x41c80ce0 0x44a05003 0x00000000 0x82823cd8 0x1daa1910 0x45a03003 0x00000000 
  ... and 333 more distinct vectors
HW=60: 691 total, 691 distinct vectors
  [0] W = 0x81b9a9df 0x24c0605e 0x31bd335b 0x6d150eb0
      d = 0x174909c3 0x00648453 0x00631480 0x00000000 0xae8a2426 0x18103e84 0x01a50c80 0x00000000 
  [1] W = 0x6273b731 0x8626321b 0x4ccb3709 0x6f6a419c
      d = 0x4ca10311 0x1a45984a 0x89072007 0x00000000 0x644068c0 0x8c516250 0x99012003 0x00000000 
  [2] W = 0xfc9c960a 0xa5e1c5a4 0x37f46ace 0xef130498
      d = 0xa714005d 0x8c80cc3f 0x00220470 0x00000000 0x7c007cd6 0x0a180881 0x00220470 0x00000000 
  [3] W = 0x93740ab3 0x566e17e2 0x06d1a8cb 0x4ad2f4cf
      d = 0x3515c7b7 0x14140084 0x040380e0 0x00000000 0xe26f5840 0x30164070 0x04038060 0x00000000 
  [4] W = 0x0ed74d47 0x088401f8 0x9fd3f105 0xdf971e7c
      d = 0xa7c8cc09 0x04c30849 0x04849001 0x00000000 0xbc012c26 0xd0261430 0x0584b003 0x00000000 
  ... and 686 more distinct vectors
