=== block2 lowhw set: m0=0xeed512bc fill=0x00000000 bit=18 max_hw=60 ===
samples: 1000000000  elapsed: 22.91s
min HW seen: 50

HW=50: 1 total, 1 distinct vectors
  [0] W = 0x1064847c 0x9d83c529 0x41f460fa 0x708387ef
      d = 0x4062351c 0xee114028 0xc8218000 0x00000000 0x2b02a804 0x0e242204 0x48608000 0x00000000 
HW=51: 1 total, 1 distinct vectors
  [0] W = 0x1e63a622 0x3e5dbd51 0xb70cecea 0x78a68de2
      d = 0x01544d3b 0x000804ac 0x980d0040 0x00000000 0x35c03486 0x800a828c 0x88050040 0x00000000 
HW=52: 2 total, 2 distinct vectors
  [0] W = 0xf36835d9 0x4fbe8930 0x4d8009fc 0xdb4a5bc3
      d = 0x10802847 0x5083a305 0x80017c30 0x00000000 0x0208a6cc 0x8c161002 0x80014430 0x00000000 
  [1] W = 0x17b30891 0xa2836be1 0x301aafde 0xd9caf8ee
      d = 0x3a451060 0x8480a440 0x0c008070 0x00000000 0x97720b67 0x820064c8 0x04018010 0x00000000 
HW=53: 6 total, 6 distinct vectors
  [0] W = 0xd550ff47 0x9db7397b 0x2994e2d7 0x0c055e30
      d = 0x0cc81059 0x1a599028 0xc06600c0 0x00000000 0x818423b0 0x601510a9 0x40220040 0x00000000 
  [1] W = 0x1e3c19e3 0x3d06db03 0x2abfce30 0xbc4d560c
      d = 0x11220d0b 0x15100777 0x000002ac 0x00000000 0x82439310 0x081aa9a8 0x000001a4 0x00000000 
  [2] W = 0xb52484fd 0x92ddf220 0xbfa569ec 0x4184f4a0
      d = 0x28000086 0xe9aca22c 0x5f021a00 0x00000000 0x1b013a46 0x08089000 0x23021a00 0x00000000 
  [3] W = 0xd0364faa 0x21a36a2b 0xd023a758 0x3dd652bc
      d = 0x82c00ae7 0x3c690180 0x000c080e 0x00000000 0x31125424 0x8c0e0835 0x00041802 0x00000000 
  [4] W = 0xa2d9ff5c 0x3b740965 0xf1467d69 0xe383019c
      d = 0x41510147 0x502a6040 0x6106002a 0x00000000 0x147a0b06 0x71004310 0xa102002a 0x00000000 
  ... and 1 more distinct vectors
HW=54: 16 total, 16 distinct vectors
  [0] W = 0x4ad7d932 0x8fc9f88a 0xabc4fc26 0xbc44e6c6
      d = 0xd23c176d 0x080a6950 0x01000100 0x00000000 0xb004a748 0x11d24e1c 0x01000100 0x00000000 
  [1] W = 0x386e2896 0x52ee5328 0x89e8f2cd 0x61923bb5
      d = 0x19021e50 0x2486852d 0x00190010 0x00000000 0x94e11234 0x430b8561 0x00090030 0x00000000 
  [2] W = 0x9d977b70 0x2dd1038c 0xb9b02edc 0x3115edc9
      d = 0x98580058 0x08403200 0x1142c500 0x00000000 0x387042a8 0x1c8cd413 0x1142c500 0x00000000 
  [3] W = 0x51b499b8 0x92fce7d9 0xceffdb9a 0x841caadc
      d = 0x0a838932 0xc1511d80 0x80148010 0x00000000 0x26a34c07 0x0c201260 0x80338010 0x00000000 
  [4] W = 0x2c589a04 0xdc18b488 0x9bb3e84c 0x31f97931
      d = 0x028530d6 0xc101b087 0x98001c4e 0x00000000 0x00033004 0x930301b2 0x88000452 0x00000000 
  ... and 11 more distinct vectors
HW=55: 28 total, 28 distinct vectors
  [0] W = 0xdd53386f 0xf18e2d40 0xb0e0dd33 0xc39bfa90
      d = 0x84c6a266 0xd5300e8c 0x10020000 0x00000000 0x44d434c9 0x26d211c4 0x10020000 0x00000000 
  [1] W = 0x8fd294a7 0x75855a84 0x0463082e 0xc9b9a93d
      d = 0x14a845c4 0x41144678 0x10608101 0x00000000 0x281220c5 0x8320242d 0x10a18301 0x00000000 
  [2] W = 0x19c31070 0x02689f56 0x21c8a577 0x99ada744
      d = 0x4929a202 0x98934162 0x0ee00600 0x00000000 0xa53230a2 0x203090d5 0x01200200 0x00000000 
  [3] W = 0xe01466a8 0xf4eb49c8 0x2792e301 0x05ad21f8
      d = 0x02432820 0x15102210 0x83084114 0x00000000 0xe080d821 0x029e2801 0x83084f7c 0x00000000 
  [4] W = 0xd8d0c52e 0xced9c794 0x334caca1 0x7dc3266d
      d = 0x628142a0 0x40020060 0x21044c12 0x00000000 0xd884c03e 0x86627502 0x61045412 0x00000000 
  ... and 23 more distinct vectors
HW=56: 62 total, 62 distinct vectors
  [0] W = 0xf529aa3c 0xcda70b6b 0xb585dcce 0xcd9f63c0
      d = 0x1ac83210 0x21a1c225 0x14100500 0x00000000 0x3b500d11 0x8050e2d7 0x0c100500 0x00000000 
  [1] W = 0x1b3a7aad 0xd991e3da 0x58b0f4cf 0x830fccbb
      d = 0x14438321 0x4c948041 0x60d00681 0x00000000 0x40214460 0x514381a5 0x61d00281 0x00000000 
  [2] W = 0x36703d24 0x0b401c0e 0x10fad5ae 0x03a921a9
      d = 0x50be092a 0x079a1287 0x30008034 0x00000000 0x3b901cb2 0x00280640 0x10018014 0x00000000 
  [3] W = 0xab7d2049 0xe1f4f993 0xa61278f0 0xc88d82b6
      d = 0x16c4a881 0x40e2025a 0x20240400 0x00000000 0x158d092e 0x88d20d0a 0x20243c00 0x00000000 
  [4] W = 0x30ee564c 0xbed2c0bf 0x3e6f287d 0xb77c5c6d
      d = 0x5d8218e3 0x2ea50203 0xa1c00002 0x00000000 0x2812428e 0x021e1a80 0xa0c00006 0x00000000 
  ... and 57 more distinct vectors
HW=57: 91 total, 91 distinct vectors
  [0] W = 0x2c1aa676 0x625f199c 0xacf7fc6a 0x3c282f37
      d = 0x3380bc61 0x251c8603 0x40406000 0x00000000 0x58018c16 0x1a429d3d 0xc0402000 0x00000000 
  [1] W = 0x0049eed6 0x8ff533ff 0x18d2207a 0xc7748c94
      d = 0x01eba736 0x81035309 0x00064000 0x00000000 0x971bd346 0xa8000329 0x000a4000 0x00000000 
  [2] W = 0x5a9569f9 0x02ec77ac 0x0f2f85a0 0x0ce4b7cd
      d = 0x8037170e 0xb10186c9 0xf8000080 0x00000000 0x0f002610 0x4d1ec689 0x08000180 0x00000000 
  [3] W = 0xf8844527 0x74333bd7 0x7a739c13 0x37cee58b
      d = 0x92810934 0x10b945d8 0x020101c4 0x00000000 0x28b8e22a 0x1c008289 0x020106c4 0x00000000 
  [4] W = 0xecebfd88 0xf80c3085 0xbd895eeb 0x5cdacde1
      d = 0x2b8fe40a 0x1a040881 0x061a8030 0x00000000 0x01050663 0x90105941 0x06698030 0x00000000 
  ... and 86 more distinct vectors
HW=58: 198 total, 198 distinct vectors
  [0] W = 0x02ee03c1 0x905e13ca 0x16c821f9 0x4c1618c2
      d = 0x01c87b0f 0x085adb8d 0x61004000 0x00000000 0x0c13b096 0x2192c201 0x2100c000 0x00000000 
  [1] W = 0x3e210c7b 0xea62162c 0xbc5f8d9f 0xf0652649
      d = 0x62def98e 0x8a116c31 0x10100400 0x00000000 0x1402505b 0x66046851 0x10100400 0x00000000 
  [2] W = 0x20cfb023 0x0fbcd386 0x2c477560 0x9f8996b5
      d = 0x60558221 0x68016606 0x01504208 0x00000000 0x124c8203 0xb9b36403 0x07304208 0x00000000 
  [3] W = 0xff2554c2 0xe21afd9c 0x088d4a48 0x99474fea
      d = 0x88923202 0x20480051 0x01904023 0x00000000 0x5214e78b 0x635450c5 0x0290401d 0x00000000 
  [4] W = 0x96cb1241 0x64ea4800 0x90a18055 0xb5c57000
      d = 0xd20e134d 0x8c8fc5c8 0xc1204000 0x00000000 0x310088eb 0x8720204a 0x41204000 0x00000000 
  ... and 193 more distinct vectors
HW=59: 343 total, 343 distinct vectors
  [0] W = 0xf50aacd5 0xb29bcf3d 0xa4fd5ae3 0xfb869b53
      d = 0x0a011985 0x6a2124ac 0x47021800 0x00000000 0x0628c031 0xb38d8460 0xcd061800 0x00000000 
  [1] W = 0x1b5f979f 0xdc2c6a69 0x7d4d39f9 0x943cecc0
      d = 0x540563ac 0x86a50432 0x80011840 0x00000000 0xc1c02c86 0xe400403e 0x800317c0 0x00000000 
  [2] W = 0xa2e17b9b 0x3fd9f712 0x264d466f 0x5e9cc4cf
      d = 0x240847b2 0xe18513b6 0x4f004020 0x00000000 0xd0040921 0x084788c4 0x5f004020 0x00000000 
  [3] W = 0x2265893c 0xfb0a533d 0x9cd8daeb 0x773adc09
      d = 0x213c8651 0xc01175f1 0x60120200 0x00000000 0x0502312a 0x00189c7f 0xa0160200 0x00000000 
  [4] W = 0x7538a56a 0x532f61a0 0x5c7cfb8d 0xa2aa7b6b
      d = 0x13d36089 0x2801e3b8 0x81110112 0x00000000 0x478c4640 0x14522480 0x81310112 0x00000000 
  ... and 338 more distinct vectors
HW=60: 675 total, 675 distinct vectors
  [0] W = 0xb394b8cb 0xb5349b2d 0xec7428a5 0x45773eb5
      d = 0x2614e5a4 0x9302a820 0x48270178 0x00000000 0x000d8425 0x18d04812 0x482900f8 0x00000000 
  [1] W = 0x81f55529 0x415c70a1 0x264ed7a5 0x6bfb36f8
      d = 0xcc980428 0xa2381249 0x26010644 0x00000000 0x45660a8e 0x0461b30a 0x22010644 0x00000000 
  [2] W = 0x32c86685 0xfd03e8a9 0x82c79ce2 0x5a276daf
      d = 0x66d0e134 0x81a07a11 0x60160003 0x00000000 0x1f108055 0x069a0722 0x60160001 0x00000000 
  [3] W = 0x310604a5 0xc3c951ec 0xd76007d6 0x24cf2f7b
      d = 0x10b26d06 0x52540409 0x09701014 0x00000000 0x1d0784c0 0x9580036d 0x0b501014 0x00000000 
  [4] W = 0x6d2b67df 0x3bc061d7 0xc8a9df6a 0x9bd83fc8
      d = 0x91863d40 0x34c1404a 0x0a02a408 0x00000000 0x2a609149 0x4a110a93 0x0a026438 0x00000000 
  ... and 670 more distinct vectors
