=== block2 lowhw set: m0=0x6a25c416 fill=0xffffffff bit=15 max_hw=60 ===
samples: 1000000000  elapsed: 22.84s
min HW seen: 50

HW=50: 2 total, 2 distinct vectors
  [0] W = 0x9d720bab 0x5ce7b0a8 0xf4ae5ff1 0xd55c6b79
      d = 0x40886016 0x07cc3100 0xc180e018 0x00000000 0x82818108 0x89ba0011 0xc0812008 0x00000000 
  [1] W = 0xc406bcf3 0x608272df 0xf5e933d3 0xa1f4795a
      d = 0x97d021d1 0x602e8200 0x00008007 0x00000000 0x23b80120 0xe2598202 0x00018005 0x00000000 
HW=51: 2 total, 2 distinct vectors
  [0] W = 0x017510f0 0xce0369e5 0xc4cc973a 0x935479cf
      d = 0x28105100 0x0c01100c 0xb1800718 0x00000000 0xc9715113 0x20382204 0x51800168 0x00000000 
  [1] W = 0xda860c8a 0x79ff6121 0x2eba724c 0x7e8b8495
      d = 0x82421822 0xd4aa4c88 0x46240c00 0x00000000 0x3a004300 0x906168a0 0x42241400 0x00000000 
HW=52: 4 total, 4 distinct vectors
  [0] W = 0xdcef66a3 0x3758c97e 0xe094d6e5 0x334133e1
      d = 0x5210c863 0x4404213c 0x83018010 0x00000000 0x2a583141 0x20c13f08 0x81008010 0x00000000 
  [1] W = 0x691d8ea6 0xc1ed7a82 0xb91cb65c 0xd5331757
      d = 0x91864046 0x0ef31301 0x08500204 0x00000000 0x82860720 0x6001212d 0x0850020c 0x00000000 
  [2] W = 0xdb370c8f 0x6e78ca5c 0x915d4965 0x364f5efd
      d = 0x42007958 0x81a92480 0x02c00c00 0x00000000 0xa65c4121 0x60a7c089 0x02400c00 0x00000000 
  [3] W = 0xf3229fed 0xbb329fc2 0xf19fdf47 0x449075fc
      d = 0x10010812 0x5438890c 0x42840060 0x00000000 0x0944b605 0x1601e402 0x46bc0060 0x00000000 
HW=53: 5 total, 5 distinct vectors
  [0] W = 0xf5900d44 0x73261c58 0xa505c5ce 0xaa3d6910
      d = 0x84583002 0x890e10a1 0x10640020 0x00000000 0x28c50e6a 0x1c3b12c8 0x10240020 0x00000000 
  [1] W = 0x20cca9ea 0x0bc7d152 0xcc50dd24 0x2972ed1e
      d = 0x25204d6c 0x4c2874ae 0x08101700 0x00000000 0x0c210910 0x16203102 0x08301500 0x00000000 
  [2] W = 0xabef6b3d 0x9795e759 0x44a48e26 0x7964b656
      d = 0xf801b06b 0x14434816 0x8a000008 0x00000000 0x8b819049 0x010f0a68 0x8a000008 0x00000000 
  [3] W = 0x509bc947 0x1fd48e5e 0x4dfe2371 0xbb98b099
      d = 0x8f281216 0xc9642019 0xc0040300 0x00000000 0x90611700 0x51312079 0x40040300 0x00000000 
  [4] W = 0xc5188e2f 0x4f7d8c61 0x20cbb039 0x8f5bd0bf
      d = 0x2a1690f0 0x6a970804 0x90001901 0x00000000 0x80822484 0x012a803f 0x90000903 0x00000000 
HW=54: 13 total, 13 distinct vectors
  [0] W = 0x2e08ee23 0x4a5e6f65 0x71e31b3c 0x4216ddbe
      d = 0x00cb2da4 0x14343601 0x58010024 0x00000000 0x3282941a 0x0112030e 0xa8030024 0x00000000 
  [1] W = 0x55c6b651 0xe2962d37 0xc12b0b4f 0xa815d6ae
      d = 0x0ea00440 0x91312100 0x0a005034 0x00000000 0x3ca406c1 0x33510b11 0x1a00b014 0x00000000 
  [2] W = 0x2e62c505 0xae8992e4 0x067ecd4e 0x253b3605
      d = 0x92a30105 0x8840d29c 0x20024008 0x00000000 0x251f019d 0x8900ae14 0x20024018 0x00000000 
  [3] W = 0x8e32e960 0xb0ce9d0f 0x0e86dbb8 0x6bc79940
      d = 0x037132d8 0x88000013 0x02100042 0x00000000 0x2c0ac84c 0x489f17a5 0x06100042 0x00000000 
  [4] W = 0x93d3354d 0x5a2711f0 0xbb30f27c 0x0a9b38a3
      d = 0x6080052c 0xda435881 0x0a0a0064 0x00000000 0xb0d44012 0x096a0820 0x0a16002c 0x00000000 
  ... and 8 more distinct vectors
HW=55: 31 total, 31 distinct vectors
  [0] W = 0x2ed9b5f6 0x14884165 0x883909d7 0x89741796
      d = 0xbcb02a98 0x30d5f082 0x00080004 0x00000000 0x316e19a8 0x5107a041 0x00080004 0x00000000 
  [1] W = 0x318a9aee 0x383a1b25 0x108e57ca 0x949824d1
      d = 0x638a3319 0xa6818b00 0x18000211 0x00000000 0x410009ab 0xfc000297 0x18000211 0x00000000 
  [2] W = 0xd042dcba 0xf16ef350 0xcf987e92 0xc9018857
      d = 0xa55684d8 0x3cc02810 0x87800020 0x00000000 0x30c1084a 0x0964ba0a 0x83800020 0x00000000 
  [3] W = 0xff6b43fd 0x7581a697 0x6b3fa1fe 0x7f05e1be
      d = 0x0ca9826a 0x423c8019 0x00020040 0x00000000 0x266e2ff5 0x483e0049 0x00020040 0x00000000 
  [4] W = 0x3075e999 0x2597687a 0xdb91caf6 0xbb2009b1
      d = 0xb4328942 0x019c4e00 0x08402110 0x00000000 0x8c2ad626 0x18604424 0x38402110 0x00000000 
  ... and 26 more distinct vectors
HW=56: 49 total, 49 distinct vectors
  [0] W = 0x84798fdc 0x05c8f6bd 0x78f43d72 0x141a593f
      d = 0x4c9020cb 0x41404280 0x0440e428 0x00000000 0x0e9850a2 0x2a413a84 0x0440ac38 0x00000000 
  [1] W = 0xfccfe1eb 0x1ea2b3d2 0x53c2207e 0xee709898
      d = 0x06925350 0x02286c78 0x0b000001 0x00000000 0x4211b922 0xc520207c 0xfd000001 0x00000000 
  [2] W = 0x8727505b 0xc8acdf6d 0x3b6b8f6d 0x1a474fee
      d = 0x00047064 0x1824520d 0x00043108 0x00000000 0x4f21d065 0x80654e9e 0x00043118 0x00000000 
  [3] W = 0xc57c1e6f 0x908a7bd7 0x21ee71cf 0x152b22a4
      d = 0x2892b19a 0x34020614 0x10480203 0x00000000 0x07446244 0x78008aa9 0xf0480201 0x00000000 
  [4] W = 0x16a1fd0d 0x0909782d 0xe795ae4b 0x19c00bc5
      d = 0x40182084 0x69401c10 0x0801e00e 0x00000000 0x46b4b435 0xcb100c1a 0x0802600e 0x00000000 
  ... and 44 more distinct vectors
HW=57: 89 total, 89 distinct vectors
  [0] W = 0x9e0a19ae 0x7ac95111 0x4d8075e4 0x24a65b3a
      d = 0x12a42711 0x6a071283 0x01059680 0x00000000 0x03328001 0x481d4095 0x011c9280 0x00000000 
  [1] W = 0xcfa4bb14 0x4004f997 0x39f8b78c 0xce2d2108
      d = 0x4310284f 0xc1188d58 0x07001800 0x00000000 0x5a96065d 0x06888364 0x07000800 0x00000000 
  [2] W = 0x3cacbef3 0xc523e20a 0x953d29db 0x30cc6ad8
      d = 0xf7f3b150 0xa44084d0 0x28003000 0x00000000 0x71d38081 0x368000b1 0x28003000 0x00000000 
  [3] W = 0x680db429 0x0f9796cd 0x5487452a 0x38693c5b
      d = 0xa1b912a3 0x204c7435 0x00e05000 0x00000000 0x880408d2 0x626cc70c 0x00603000 0x00000000 
  [4] W = 0xd0efae7b 0x813b418b 0xc840f4ce 0x0df2abe2
      d = 0x8a0a4a51 0x01e8a01c 0x03203066 0x00000000 0x64e08c2a 0x84001508 0x016031a2 0x00000000 
  ... and 84 more distinct vectors
HW=58: 191 total, 191 distinct vectors
  [0] W = 0x382b8c0e 0x7ce773bb 0xc09b0493 0xa12fa677
      d = 0x8684e0dd 0x807c720b 0x0200c044 0x00000000 0x0678e486 0x8222020a 0x02034044 0x00000000 
  [1] W = 0xafae50ea 0xd3d76453 0xd4fe645d 0x16ccc487
      d = 0x5a15a845 0x540c304c 0xa8000800 0x00000000 0x96781d63 0x1a315064 0x58000800 0x00000000 
  [2] W = 0xcbac7a5e 0xd8149d8d 0x3f0613bf 0x53402de7
      d = 0x05311452 0x8814ecc0 0x806e0001 0x00000000 0x116214a5 0xf01a3a31 0x80620001 0x00000000 
  [3] W = 0x03436858 0xa743b0fc 0xfad75212 0x02365158
      d = 0x61008081 0x30290130 0xfd0e2050 0x00000000 0x63908063 0x9d302281 0x050e2070 0x00000000 
  [4] W = 0x00b01536 0x40cc539d 0x9d4d4e82 0xa73f8d4c
      d = 0x0741a534 0x48f15500 0x00207009 0x00000000 0x5209c21c 0x0a30c407 0x00207039 0x00000000 
  ... and 186 more distinct vectors
HW=59: 340 total, 340 distinct vectors
  [0] W = 0x4ad6ef16 0x71b8f50c 0x8c311280 0x6249f3b0
      d = 0x47078540 0x1a042002 0x0d918418 0x00000000 0x24204b19 0xab0888c6 0x0ab18c08 0x00000000 
  [1] W = 0xcb7828cf 0x0254501f 0x82a972b4 0x330b3dab
      d = 0xc7b86811 0x9072d2c9 0x10050c00 0x00000000 0x8320c146 0x006b0333 0x10070400 0x00000000 
  [2] W = 0x17d8d188 0xb0d338fc 0x2e56b05a 0xf3ec02f4
      d = 0x24d8654a 0x014a08a9 0x20800420 0x00000000 0xb6a6039f 0x280b864d 0x20800420 0x00000000 
  [3] W = 0x92bf61fd 0xae9f291d 0x3c2934a3 0x4d16665d
      d = 0xc4133411 0x14419549 0xea000300 0x00000000 0x19303405 0x6e5a2e13 0x1a000100 0x00000000 
  [4] W = 0x2fdfaca9 0x9316d00c 0x6bf9e467 0xb9d0d47d
      d = 0x98344258 0x034a1450 0x20005271 0x00000000 0x00c08941 0x228a1c7b 0x20003277 0x00000000 
  ... and 335 more distinct vectors
HW=60: 657 total, 657 distinct vectors
  [0] W = 0x9728bd6b 0x90363809 0xb1d141d2 0xa482e9c7
      d = 0x13404381 0x6f81392e 0x10100188 0x00000000 0x6800203b 0x21c1f974 0x10100078 0x00000000 
  [1] W = 0xa14d88c7 0x1af97d4d 0x9f483b45 0x9c3a3df5
      d = 0x04422096 0x4c0c0c8f 0x00618b10 0x00000000 0xc7609072 0xa1511640 0x00e09930 0x00000000 
  [2] W = 0x6646d326 0x386bebd7 0xe73402bf 0x8b19f0ce
      d = 0x4ac008f3 0x00602e16 0xc0802c05 0x00000000 0x05b0694f 0x100a3634 0x4080240d 0x00000000 
  [3] W = 0x78b76dee 0x34560a0b 0x57f50080 0x0b4a1532
      d = 0x410512b0 0x02180044 0x08b00030 0x00000000 0xe86a73d7 0x37ad8432 0x18d00010 0x00000000 
  [4] W = 0xb3acb1ed 0x97b16785 0xd372de85 0x9ce56054
      d = 0xa99b10f1 0xcf832200 0x804c8091 0x00000000 0x448a0320 0x221a42c1 0x804c8091 0x00000000 
  ... and 652 more distinct vectors
