=== block2 lowhw set: m0=0x39a03c2d fill=0xffffffff bit=4 max_hw=60 ===
samples: 1000000000  elapsed: 22.81s
min HW seen: 50

HW=50: 2 total, 2 distinct vectors
  [0] W = 0x6de171a0 0x397f590a 0x99907485 0x77137fa5
      d = 0x20509091 0x56818781 0x28c00006 0x00000000 0xf0831820 0x18425221 0x28c00002 0x00000000 
  [1] W = 0xc25449c4 0x26f16232 0x5c53ca49 0x8645e044
      d = 0x58d8dc86 0x8000ed30 0x01000000 0x00000000 0x06589cc9 0x80c0a514 0x07000000 0x00000000 
HW=52: 4 total, 4 distinct vectors
  [0] W = 0x47f9a76c 0x1197c226 0xd3bdaf2f 0xad57fc63
      d = 0xa0282024 0x26542b20 0x00a60008 0x00000000 0x82004ba4 0x762c8838 0x00660038 0x00000000 
  [1] W = 0x7b24687e 0x3351be0b 0x968b5423 0x7de60ea4
      d = 0xa68cc144 0xd60104c1 0x0b100074 0x00000000 0x002c5200 0x28e18484 0x1910000c 0x00000000 
  [2] W = 0xd7faeae7 0xde6fb934 0x006c9f90 0xe0441dbf
      d = 0x047c0448 0x2c03c000 0xa80a0180 0x00000000 0x606add92 0x8a000210 0xa8060780 0x00000000 
  [3] W = 0xd6b9e8b6 0x9e44f141 0x0df6ff97 0x928aa435
      d = 0x026c004a 0xc889bf10 0x20904c01 0x00000000 0x1a0c6802 0x80043610 0x20904c01 0x00000000 
HW=53: 6 total, 6 distinct vectors
  [0] W = 0xa5641633 0xd3eed9a2 0x1389242f 0xd6972a89
      d = 0x44900622 0x20aae008 0x74071006 0x00000000 0x288b0001 0x0d4b4425 0x1405100a 0x00000000 
  [1] W = 0x4a5023f9 0x8bcbb92e 0x612eec79 0x2893d709
      d = 0x23a08850 0x42c6cc8e 0x11860030 0x00000000 0x749000d0 0x915c0804 0x30820010 0x00000000 
  [2] W = 0x34cbddf6 0xa1d273cc 0x1adb0739 0x3dbf5ec7
      d = 0x832f043c 0xa4984846 0x82000010 0x00000000 0x8825118b 0x849c8a42 0x86000010 0x00000000 
  [3] W = 0xa2c5f9fc 0xa2b49721 0x3a454e29 0xe384dac9
      d = 0x42448a4d 0x6830a401 0x000305c8 0x00000000 0x3924041d 0x0a808319 0x000504c8 0x00000000 
  [4] W = 0x04e4e367 0x8981ab43 0x21db33d7 0xb39ff0e7
      d = 0x42623214 0x1301aaa1 0x99200300 0x00000000 0x23804704 0x1d429205 0x89200100 0x00000000 
  ... and 1 more distinct vectors
HW=54: 11 total, 11 distinct vectors
  [0] W = 0x77caf5ac 0x06934373 0xb15f95ad 0x3ea89f58
      d = 0x5366a820 0x8b01f9c8 0x88000422 0x00000000 0x2b002c51 0xb0060e00 0x88000422 0x00000000 
  [1] W = 0x0ebb4932 0x943a657c 0xca24aff6 0xa492437b
      d = 0x500a770c 0x50710664 0x4084001a 0x00000000 0xad23000e 0x70c02190 0x4084000a 0x00000000 
  [2] W = 0x838857da 0xa7193f03 0x9fdaf09f 0xf8e77f1b
      d = 0x026ed4c2 0x8d0da4d1 0x44020041 0x00000000 0x42600a61 0xa002c842 0x44020041 0x00000000 
  [3] W = 0x6828c907 0x500a21e3 0x92ff34f8 0xf861d7c8
      d = 0x64381c10 0x27a4c102 0x07a00030 0x00000000 0xf0786058 0xaa248400 0x06600010 0x00000000 
  [4] W = 0x82b2cc0a 0xbd4fd3f3 0xa1039d0b 0x86f01f1a
      d = 0xc9205a80 0x12944360 0x8d800608 0x00000000 0x1a44a308 0x8f180514 0x82800208 0x00000000 
  ... and 6 more distinct vectors
HW=55: 29 total, 29 distinct vectors
  [0] W = 0x5b29721b 0xd82f3d6e 0xcfdeb74f 0x3fdc2154
      d = 0xcf0d679a 0xb4341138 0x8a200000 0x00000000 0x05b56470 0x08a04000 0x8a200000 0x00000000 
  [1] W = 0xb2d7521d 0x4a0f14b7 0xbbadbf9b 0x8785ef34
      d = 0x49242108 0x305c033d 0xc0d00181 0x00000000 0x442232d6 0x9c100144 0x40700081 0x00000000 
  [2] W = 0x33c4138a 0x87146150 0x6cf2fd2f 0x59b79404
      d = 0x94a64203 0x22920230 0x38020011 0x00000000 0x2c0b1196 0x14150215 0x581e0011 0x00000000 
  [3] W = 0x1a6bb5b6 0xf77538d8 0x5dac0d0f 0x5dbde229
      d = 0xcd18142d 0x4e45a280 0x04040260 0x00000000 0x84e0a899 0x48310408 0x1c040260 0x00000000 
  [4] W = 0x8b9a5333 0xfe762a6d 0x5c4969f0 0x5f9d782b
      d = 0x05cd5944 0x99101ce0 0x80205108 0x00000000 0x8a4e3400 0x20183258 0x80203108 0x00000000 
  ... and 24 more distinct vectors
HW=56: 68 total, 68 distinct vectors
  [0] W = 0xa7be9dab 0xf573326e 0xf4e9c5d1 0x4623fcf8
      d = 0x16300a8c 0x80001049 0x83700800 0x00000000 0xed3fd5c3 0xa0a82142 0x81100800 0x00000000 
  [1] W = 0xb7e960f4 0xe5020cef 0x37686aa0 0x7db2807e
      d = 0x80bb746d 0x0a1827e0 0x18000500 0x00000000 0x64f33102 0x24242240 0x18000700 0x00000000 
  [2] W = 0x934040f3 0xf093c6dc 0x81485df8 0xd41408e3
      d = 0xf1048d6a 0x0912ba00 0x90000079 0x00000000 0x0a918946 0x3c21a01a 0x90000009 0x00000000 
  [3] W = 0x4dde72bd 0xf2bbfc59 0x2b23c2e1 0x3c86a09e
      d = 0x5f2b059d 0x81430208 0x80060c20 0x00000000 0x05e3d008 0xe89804c0 0x80060420 0x00000000 
  [4] W = 0xcac30891 0xd1fed259 0x7d0b07e3 0xa31a4a18
      d = 0x8b420333 0x1234a881 0x00886000 0x00000000 0xf00156b2 0x114b6440 0x0388e000 0x00000000 
  ... and 63 more distinct vectors
HW=57: 96 total, 96 distinct vectors
  [0] W = 0xb5b8dd41 0x6c05e369 0xdd7dc0fd 0xc9281bcc
      d = 0x5c84804d 0x08452981 0x00700019 0x00000000 0x2700842d 0x88167f71 0x0010001b 0x00000000 
  [1] W = 0x1cb69b4e 0x3438a881 0x043b9ab5 0x9acd2163
      d = 0x888bb0a9 0x0428a550 0x0d000000 0x00000000 0x14a0dc48 0x31b893a4 0xfd000000 0x00000000 
  [2] W = 0x1345ecf7 0x75b028da 0x65c1416f 0xf07c74b9
      d = 0x02068b6c 0xf018c5a8 0x00260420 0x00000000 0x80a47640 0x490e4460 0x03e20420 0x00000000 
  [3] W = 0x691d895d 0xdefeed86 0x6a8ba801 0xeefb7f44
      d = 0x88411ace 0x149ca1bc 0x01842001 0x00000000 0x02083e42 0xac0882bd 0x00842001 0x00000000 
  [4] W = 0xb50a7b32 0xb7e48684 0xc1b6b6de 0xfac2d068
      d = 0x6aa313e6 0xa20e5101 0x00406403 0x00000000 0x5220222d 0xc6920204 0x0040a403 0x00000000 
  ... and 91 more distinct vectors
HW=58: 181 total, 181 distinct vectors
  [0] W = 0xa540d9e9 0x71c97c37 0x97b9d110 0x1eeb7c7d
      d = 0x0cc41420 0x2a611070 0x48083e40 0x00000000 0x013d2947 0x36169001 0x480819c0 0x00000000 
  [1] W = 0xc3118ae8 0xbbd28a0e 0xb8f4d7a7 0x6204f247
      d = 0x35164c01 0x94422848 0xc1d10001 0x00000000 0xa221f299 0xc004a148 0xc3510001 0x00000000 
  [2] W = 0x8f98d6fe 0x3dacd7fd 0x4d37aed4 0xa54326e2
      d = 0x02cf0489 0x2482d589 0x06093080 0x00000000 0xfa09065a 0x80c44808 0x06095080 0x00000000 
  [3] W = 0x27be3329 0xdab71b44 0x022f72cb 0x62bafaf0
      d = 0x1f12088c 0x1aa6e6e4 0x12102061 0x00000000 0x5080b418 0x00986212 0x12102061 0x00000000 
  [4] W = 0xf1031a9e 0xd842e576 0x19608700 0x3990fbc0
      d = 0x9ab48c8f 0x0400d952 0x30008080 0x00000000 0x0947128b 0x12035ed2 0x30008080 0x00000000 
  ... and 176 more distinct vectors
HW=59: 346 total, 346 distinct vectors
  [0] W = 0x58db2afe 0x8d1a73bc 0xaedfd34a 0xc2619b31
      d = 0x1e105294 0x02020484 0x01fc0221 0x00000000 0x14b6aa04 0x6022971a 0x00fc0221 0x00000000 
  [1] W = 0x67dd6375 0xbdc7732c 0x27f9855d 0xfd17f074
      d = 0x00e04005 0xd094a6c1 0x31002220 0x00000000 0xc190c410 0x1bd4a59c 0x1700e220 0x00000000 
  [2] W = 0xdede120f 0x8f607440 0xbceea234 0x7daada60
      d = 0x241d4c35 0x9a702ce8 0x488b0002 0x00000000 0x24380aa5 0x98008b20 0x48890002 0x00000000 
  [3] W = 0x8fd0458f 0x6b5d21df 0x23b26bec 0xb7344deb
      d = 0x8c808020 0x23408763 0x03007028 0x00000000 0x181529ce 0xa60763a4 0x03003058 0x00000000 
  [4] W = 0x4ae22125 0xd6164e86 0xe716adc5 0x676c86d2
      d = 0x31ab9298 0x708df29c 0x000442e0 0x00000000 0x01a106b2 0x1180a086 0x00044260 0x00000000 
  ... and 341 more distinct vectors
HW=60: 636 total, 636 distinct vectors
  [0] W = 0x890bd721 0x8e1e5416 0xd70a7d58 0x8c871008
      d = 0xcc480900 0xbe00d725 0x18f80908 0x00000000 0x0aa91000 0x104a53c2 0x08580938 0x00000000 
  [1] W = 0x72eb5789 0x1b550b04 0xfc8f15de 0xd8af8244
      d = 0x12421060 0xd8103602 0xb011303e 0x00000000 0x0818cc85 0xc116685a 0xd0111022 0x00000000 
  [2] W = 0x128498d1 0xb241fbde 0x2a75d523 0x8aee542b
      d = 0x4020812a 0x003c28a0 0xc380e113 0x00000000 0x50100460 0xb462713e 0x44836113 0x00000000 
  [3] W = 0x4698f292 0x41994017 0x5ae90f9a 0x185430f7
      d = 0x78c15014 0x11500c9f 0x02041421 0x00000000 0x06300724 0x065f8564 0x02041463 0x00000000 
  [4] W = 0x30338772 0x5b61049c 0x05a595c5 0x54b0a72b
      d = 0xa1901a1d 0x40181141 0xa0784b00 0x00000000 0x4b192493 0x51014640 0xa0384f00 0x00000000 
  ... and 631 more distinct vectors
