=== block2 lowhw set: m0=0xd5508363 fill=0x80000000 bit=0 max_hw=60 ===
samples: 1000000000  elapsed: 22.76s
min HW seen: 48

HW=48: 1 total, 1 distinct vectors
  [0] W = 0x32c86841 0xc7caa381 0xe4e381dc 0x0fd13db0
      d = 0x6200a168 0x8e202083 0x40001004 0x00000000 0x050d5c14 0x4283fb80 0x40001004 0x00000000 
HW=50: 3 total, 3 distinct vectors
  [0] W = 0x3ace3df3 0x53744a2b 0x9c19a153 0xae413c0a
      d = 0x40045b19 0x10749840 0x80400602 0x00000000 0x3408417e 0x8008acc1 0x80400602 0x00000000 
  [1] W = 0xb3e947fd 0xf9c3e4b6 0x2ff9a59c 0x720f2f19
      d = 0x97008e01 0x0806d59d 0x03024200 0x00000000 0x077b8410 0x01405101 0x01024200 0x00000000 
  [2] W = 0x41102be7 0xc9f1d3f1 0x827eccf6 0x27e401c6
      d = 0xa422d820 0x01190040 0x020c080c 0x00000000 0x42bd88e0 0x93402225 0x02040834 0x00000000 
HW=52: 2 total, 2 distinct vectors
  [0] W = 0x7285a601 0x0ef94143 0xfcf7774b 0x51ddd6c4
      d = 0x04680a2a 0x0029e648 0x86080080 0x00000000 0x989880a1 0x0f6474d0 0x82080080 0x00000000 
  [1] W = 0x57016e46 0x23fbf762 0xffe4a4c9 0x04cb9f97
      d = 0xb4458c42 0x14100963 0x02414018 0x00000000 0xc204885a 0x114028a4 0x02414038 0x00000000 
HW=53: 7 total, 7 distinct vectors
  [0] W = 0xd5921728 0x799ccef3 0xe8190492 0xd9ef3a37
      d = 0x0c915f03 0x86009e40 0x40c00101 0x00000000 0x622c4090 0x4af3a102 0x40400101 0x00000000 
  [1] W = 0x87d181c4 0x4ac21c30 0x21c70ad2 0xd338791c
      d = 0xbaa81986 0x03170c80 0x00408c86 0x00000000 0x8010c006 0xed210020 0x00408786 0x00000000 
  [2] W = 0x4759e80f 0x315e9143 0x8da69ff8 0x956faa54
      d = 0x07a90b41 0x00442220 0x004e0700 0x00000000 0x0861a109 0x00bae391 0x003e0900 0x00000000 
  [3] W = 0x3a75ddab 0xb9df542b 0x3819ad46 0xbb9c185e
      d = 0x618b2498 0x20c0676a 0x61024200 0x00000000 0x5202906c 0x01828584 0x21024200 0x00000000 
  [4] W = 0x69fe4373 0x939e04db 0x33ace679 0x4311a8c8
      d = 0x0c070149 0x4c660800 0xa9630000 0x00000000 0xc4072148 0x861280a5 0xa8e30000 0x00000000 
  ... and 2 more distinct vectors
HW=54: 10 total, 10 distinct vectors
  [0] W = 0x68051b71 0xa6008644 0x6fc3f920 0x0c19db33
      d = 0x002a3a4a 0x44505908 0x2c1005e2 0x00000000 0x800c3229 0x80c64510 0x24100522 0x00000000 
  [1] W = 0xb31d4945 0x5c896fbf 0x5ea85700 0xdd47d9a4
      d = 0x0ac14162 0xa2131424 0x052004e0 0x00000000 0x32010843 0x01498538 0x05601ca0 0x00000000 
  [2] W = 0x6a62aea6 0xc9785edd 0x96d06e0c 0xf925d304
      d = 0x9322748c 0x80085410 0x18802604 0x00000000 0xd4441146 0xb680092a 0x08802604 0x00000000 
  [3] W = 0xd5b39fb8 0x6edd5fda 0x61e9d469 0x37ffe2bb
      d = 0x05c80970 0x3b00fe88 0x64030200 0x00000000 0x8580bca1 0x780e0080 0x24010200 0x00000000 
  [4] W = 0xe9d97863 0x1c7a1a29 0xb8dda376 0x9adfc0cf
      d = 0x261cb011 0x10aa41e6 0x01013400 0x00000000 0x10802844 0x942a2ad5 0x01013c00 0x00000000 
  ... and 5 more distinct vectors
HW=55: 22 total, 22 distinct vectors
  [0] W = 0xbb39c1c0 0xe3318840 0x9505cadc 0xa795c293
      d = 0x62102848 0x02810aa3 0x45304a00 0x00000000 0x1c013460 0x800ef051 0x45705a00 0x00000000 
  [1] W = 0x484b80e3 0x32a865c8 0xfc3e22c0 0x34a1e093
      d = 0xd6049814 0x0a1100aa 0x240cc0c0 0x00000000 0x99318354 0x66041120 0x24344040 0x00000000 
  [2] W = 0xaf625162 0x4c821b65 0xf2392ed2 0x2b83a143
      d = 0x80ae2f0c 0x18483db0 0xc0120404 0x00000000 0x118840c0 0x90349603 0xc0120404 0x00000000 
  [3] W = 0x24311bd7 0xee34f632 0x6ea3472b 0xce82a508
      d = 0x2252c26f 0x2ca14f0b 0x000084c0 0x00000000 0x00265000 0xf0b46629 0x00008440 0x00000000 
  [4] W = 0x7c803bd0 0x04bac38d 0xc5a2f0e8 0xec481bd7
      d = 0x10576230 0x1c910620 0x0005014e 0x00000000 0xc9d40484 0x824c1a03 0x000d0152 0x00000000 
  ... and 17 more distinct vectors
HW=56: 53 total, 53 distinct vectors
  [0] W = 0x165b6bb8 0x1ea693ee 0x57bd85e3 0x07335a03
      d = 0x04448943 0x555f0e40 0x20230250 0x00000000 0x1312a326 0x403080c4 0x20230230 0x00000000 
  [1] W = 0x8f33323c 0xc7ec1646 0xe1ba6e54 0x2267b5ec
      d = 0x0814e929 0xa0062398 0x80270200 0x00000000 0x3445a318 0xc400e6d0 0x802b0200 0x00000000 
  [2] W = 0x6989df46 0x1e47f8b6 0xcb784bde 0x827eb13f
      d = 0x4110e482 0xcea0460c 0x002001c1 0x00000000 0x404d0b1d 0x9ca14ba3 0x00200041 0x00000000 
  [3] W = 0xd1b5155c 0x10cb36b3 0xb5b0da1d 0x709681e4
      d = 0x0a42a048 0x0ad2e106 0x30000711 0x00000000 0x2a841882 0x915b2202 0xf0000531 0x00000000 
  [4] W = 0xbf17be73 0x53e6b9ff 0x1ffa69f3 0x0a4032b1
      d = 0x0d611220 0xd50db345 0x00088061 0x00000000 0x02c2908c 0x16034a56 0x000880a1 0x00000000 
  ... and 48 more distinct vectors
HW=57: 86 total, 86 distinct vectors
  [0] W = 0x93f48168 0x78e99004 0x17cf9b70 0x709ccd20
      d = 0x4875b860 0x94b0826a 0x000002a0 0x00000000 0x34648742 0x818b0c4e 0x00000ea0 0x00000000 
  [1] W = 0x781df0f7 0x066d0d36 0x5eb844b3 0x93effb24
      d = 0x18418110 0x01713100 0x60826840 0x00000000 0x9b0825ac 0x10d03681 0x2182e9c0 0x00000000 
  [2] W = 0x95ee7ac3 0x0c70c498 0x889a13c9 0x968981b8
      d = 0x4823041e 0x32020865 0x800208c0 0x00000000 0x7d9782c0 0x8038f98d 0x80020840 0x00000000 
  [3] W = 0xab526e0a 0x34f8f523 0x61cc81ad 0xced27371
      d = 0x77498650 0x78418102 0x0520a026 0x00000000 0x2804002d 0xf818d808 0x05206022 0x00000000 
  [4] W = 0x1c1f1d1c 0x0820ba82 0xf16e527a 0x5f00f2aa
      d = 0x000a29e4 0x045193da 0x008c001d 0x00000000 0xd80b8406 0x9c120707 0x00940005 0x00000000 
  ... and 81 more distinct vectors
HW=58: 211 total, 211 distinct vectors
  [0] W = 0xb32bf747 0x75ad4566 0x7d3c9726 0x14dc398a
      d = 0x6e912452 0xe171a110 0x88c00100 0x00000000 0x3121c582 0x1100ef51 0x89400100 0x00000000 
  [1] W = 0x5a473215 0x3cbc4ef7 0x193c7c86 0x43320dd0
      d = 0x0bc12186 0x26a48822 0x3109c808 0x00000000 0xa0c60026 0x02809ab2 0x3108c818 0x00000000 
  [2] W = 0x56119ae9 0xccdd81af 0xe1e3a4bb 0x3be54e21
      d = 0xac043313 0xe4722911 0x01a01680 0x00000000 0x060a4cc0 0xd80002b5 0x01601380 0x00000000 
  [3] W = 0x16a2311b 0x40ae523b 0xd7c79eaf 0xa65ff866
      d = 0x121514aa 0x518820bf 0x01000615 0x00000000 0x2382be03 0x8048ca62 0x01000215 0x00000000 
  [4] W = 0x8359a189 0x5a739d9d 0x11c506dd 0x92c13412
      d = 0x0521d010 0x22e850cc 0x30000016 0x00000000 0x0a68712c 0x57c929f3 0x10000012 0x00000000 
  ... and 206 more distinct vectors
HW=59: 368 total, 368 distinct vectors
  [0] W = 0x4a8c7dc3 0x63bb9479 0x37a32083 0x25de421a
      d = 0x0f82e649 0xe03109a7 0x04810210 0x00000000 0x0b0d02a8 0x88f82829 0x04810210 0x00000000 
  [1] W = 0x1a8edf54 0xede3c326 0x256e7545 0x9312b466
      d = 0x01224e51 0x69760ca2 0x00105800 0x00000000 0x0a5651f2 0x66121720 0x0011e800 0x00000000 
  [2] W = 0xe927b7f4 0xe4fe3b18 0x50387016 0x99697e6b
      d = 0x0444d1e4 0x0040260c 0x8000853a 0x00000000 0x4be42e5f 0x8600e056 0x80008506 0x00000000 
  [3] W = 0x3f216bfa 0x599a7875 0xc40eb4df 0x403eef35
      d = 0x7203209a 0x00035101 0x0033e920 0x00000000 0x89438021 0x8289fd32 0x002e2920 0x00000000 
  [4] W = 0x0cb2ca9d 0xe9c94dcd 0xce613355 0xe9770d50
      d = 0x00834a02 0xca02a897 0x08000047 0x00000000 0xae329b19 0x7a240c0d 0x080003c1 0x00000000 
  ... and 363 more distinct vectors
HW=60: 670 total, 670 distinct vectors
  [0] W = 0x44d59461 0x3d6026ed 0x0e0edc53 0x651e04b1
      d = 0x5be46300 0x69389e90 0x84201802 0x00000000 0x845c8544 0x3a14a980 0x84200802 0x00000000 
  [1] W = 0x83665f95 0x5a0fa03f 0x6f0af05b 0x113093bb
      d = 0x034e326d 0x010d2d07 0xbf000010 0x00000000 0xc7320d81 0x8640910b 0x89000010 0x00000000 
  [2] W = 0xcc4e315f 0x46df59cd 0x113348fe 0x7dba29e8
      d = 0xe1278212 0x0a832545 0x84200860 0x00000000 0x032f0034 0x68805a1d 0x846019a0 0x00000000 
  [3] W = 0x1509c6cb 0x97c6b443 0x68906864 0xd6078fea
      d = 0x466612a7 0x00a5bb8a 0x99920102 0x00000000 0x00240620 0x2a108c04 0x898e0306 0x00000000 
  [4] W = 0xb074946c 0x7dd9a710 0x6e4bf22d 0x11c51f6a
      d = 0x64153550 0x2083d660 0x02044008 0x00000000 0xc871345c 0x1d449378 0x02044018 0x00000000 
  ... and 665 more distinct vectors
