=== block2 lowhw set: m0=0x5fa301aa fill=0xffffffff bit=3 max_hw=60 ===
samples: 1000000000  elapsed: 22.91s
min HW seen: 51

HW=51: 2 total, 2 distinct vectors
  [0] W = 0x023e3922 0x66596e4f 0x3985db67 0xdfc63873
      d = 0x0411a620 0x043223c8 0x04014380 0x00000000 0x54242913 0x74500b42 0x04014480 0x00000000 
  [1] W = 0x69a835fd 0x8de3ecb6 0xfedfc50c 0xc9b68053
      d = 0x923d0c35 0x09015000 0x16050000 0x00000000 0x094c3825 0x1e804070 0x3a0d0000 0x00000000 
HW=52: 1 total, 1 distinct vectors
  [0] W = 0xa9759ff3 0x4bf5a476 0x101862ab 0x95ec9d2d
      d = 0x0c264480 0x6a204525 0x09701000 0x00000000 0xc8e34a83 0x64840548 0x08901000 0x00000000 
HW=53: 7 total, 7 distinct vectors
  [0] W = 0x1a2f2236 0x335a3d42 0xeabaa05b 0x68827f63
      d = 0xf0902035 0x58c40108 0x44e0000b 0x00000000 0x5a018004 0x88021b33 0x47600005 0x00000000 
  [1] W = 0xd63b8dc3 0x57f47e42 0xdfb619dc 0x8d3f64da
      d = 0x00141f08 0x85405404 0x00029805 0x00000000 0x8037aa1e 0x068ad213 0x00028805 0x00000000 
  [2] W = 0x6d6c8057 0x51a5c264 0xd4cfe490 0x23e3e77e
      d = 0xac42ba60 0x5ec921cc 0x00298000 0x00000000 0x2882406b 0xc8550000 0x00588000 0x00000000 
  [3] W = 0xff25668d 0x2d690197 0xa627007a 0x83240eae
      d = 0x81390382 0x2240081e 0x30156f00 0x00000000 0x38864212 0x20281a81 0x100c9100 0x00000000 
  [4] W = 0x90d52d3c 0x9b244725 0x6bdd3665 0x6f2fed4d
      d = 0xc002cc14 0xb04f6f01 0x00a00000 0x00000000 0x5be13112 0x30396205 0x00a00000 0x00000000 
  ... and 2 more distinct vectors
HW=54: 18 total, 18 distinct vectors
  [0] W = 0xcdb94a08 0x7bff36f4 0x391ef4e4 0x17c2e385
      d = 0x90800c6f 0x0708e880 0x00080004 0x00000000 0x5360568c 0x24f259c5 0x0018000c 0x00000000 
  [1] W = 0x37020fd5 0xa9ea0189 0xd2b1f9e4 0x5c2ceb62
      d = 0xd4374823 0x23416024 0x00081361 0x00000000 0x23490340 0x4404a093 0x000810e1 0x00000000 
  [2] W = 0x0bbfb21e 0x427d90e0 0xfc5cf2d0 0x22deb9b3
      d = 0x98848021 0xb8324804 0x038c4000 0x00000000 0x81129932 0x6a3cc460 0x0384c000 0x00000000 
  [3] W = 0x80e122ca 0x33be2256 0x0967ac2c 0x60a819fd
      d = 0x11324165 0x3248e980 0x48000208 0x00000000 0x147200c7 0x2c82762a 0x48000208 0x00000000 
  [4] W = 0xae27b25e 0x55e79368 0x56d2d50d 0x821d15b4
      d = 0x5c240476 0x1021b3a0 0x60000800 0x00000000 0xde9813d1 0x58c090e0 0xa0000800 0x00000000 
  ... and 13 more distinct vectors
HW=55: 35 total, 35 distinct vectors
  [0] W = 0x9dbba94b 0xfac51d42 0x74c34f74 0xb895fda2
      d = 0x90007752 0x39b51340 0xc01c4000 0x00000000 0xf2800370 0x084c03a6 0xc0044000 0x00000000 
  [1] W = 0xfff203b1 0x4f0bf213 0x1878dc57 0x7db5886e
      d = 0x90c500a2 0x0803a066 0x000d401e 0x00000000 0x22e5d114 0xc4089825 0x00354002 0x00000000 
  [2] W = 0xdc840a5c 0xe43b33db 0xca424d9b 0xfddce003
      d = 0xb9444808 0x58fc0489 0x00101006 0x00000000 0x02dc662c 0x18c0380a 0x0010f002 0x00000000 
  [3] W = 0x6772718c 0x013f408d 0xccfc175a 0x8cf97a71
      d = 0x4952835d 0x2306a008 0x0102a018 0x00000000 0x844f9044 0x78032013 0x0105a008 0x00000000 
  [4] W = 0xe5d79821 0xcca5da48 0x8a70d67e 0x87549a01
      d = 0x90108053 0xa87c8c32 0x1040210a 0x00000000 0xb884de02 0x14400628 0x1040610a 0x00000000 
  ... and 30 more distinct vectors
HW=56: 39 total, 39 distinct vectors
  [0] W = 0x1a4b2ee7 0x8d69d4ac 0x487de512 0x6f2430dd
      d = 0x002590c5 0x521248ab 0x3f090000 0x00000000 0xc21b194d 0x17508011 0x11090000 0x00000000 
  [1] W = 0x0efea495 0x97e15dc3 0x37751e0f 0x02223ef5
      d = 0x83870d8e 0xb0148178 0x04080062 0x00000000 0xa020c5b8 0x1204d640 0x040800e2 0x00000000 
  [2] W = 0x6d10641d 0x53ed6e54 0x3ad5b9a7 0x31c2f5b7
      d = 0x24180019 0x70610000 0x04ce2009 0x00000000 0x944acd48 0x4e22a638 0x04362009 0x00000000 
  [3] W = 0xa06d7374 0xce7d7ad5 0x45daa286 0x20c72223
      d = 0xa0504e42 0x3602080a 0x88089d00 0x00000000 0x2400fc90 0x16103822 0x880f7500 0x00000000 
  [4] W = 0x9a579359 0x6fac6fa7 0xa9472feb 0xdbf75f76
      d = 0x4c281383 0xd0080334 0x24645020 0x00000000 0x62d04320 0x53c01441 0x24645020 0x00000000 
  ... and 34 more distinct vectors
HW=57: 107 total, 107 distinct vectors
  [0] W = 0xdea08b75 0x3607ded2 0x7662ffbc 0x1b3805b6
      d = 0x60014840 0x080a444a 0x004a5c28 0x00000000 0xd14cd9f8 0x40641501 0x00ca3418 0x00000000 
  [1] W = 0x6b05c425 0xa3a0b145 0x04813ba1 0x5d54413b
      d = 0x22144a90 0x0f904108 0x100c2081 0x00000000 0x222c0be9 0x14e84c98 0x3004e081 0x00000000 
  [2] W = 0x6dafc441 0x31d27492 0x97416d72 0xe70170a5
      d = 0xa0e08a49 0x0802585c 0x0b20011e 0x00000000 0xe00010a4 0x052dc8d3 0x0b200106 0x00000000 
  [3] W = 0x504fffec 0x59f72e95 0x389fc067 0xd2fb45ee
      d = 0x9c89058f 0x5c461a40 0x30000200 0x00000000 0x0e13719a 0xe0d09a80 0xd0000200 0x00000000 
  [4] W = 0x02a8753d 0x8df5b47a 0x5427d127 0x6e6fa2e6
      d = 0x09a2a086 0x14680e63 0x1c050406 0x00000000 0x18888220 0x43128dc4 0x3405040a 0x00000000 
  ... and 102 more distinct vectors
HW=58: 173 total, 173 distinct vectors
  [0] W = 0xe3e8a438 0x1a942e6f 0x7469b9a3 0x28e2f9ad
      d = 0x25503444 0x9141a8a2 0x3054c800 0x00000000 0x900155ca 0x8003d701 0x106b4800 0x00000000 
  [1] W = 0x39c27387 0x81e7a39e 0xc71f73d4 0x05d90ba6
      d = 0x0a09c0a3 0xe8f65a04 0x30000001 0x00000000 0xe9194415 0x0c26d95c 0x10000003 0x00000000 
  [2] W = 0xb75d50d1 0xb5a8b032 0xd67a9d45 0x3f9d8a2c
      d = 0x20f08300 0xa20b430d 0x080100a4 0x00000000 0xae139051 0xad3830f2 0x080100a4 0x00000000 
  [3] W = 0xb63d92c7 0x88cb6e55 0x45362675 0xbee017a9
      d = 0xc00c8018 0x50270210 0x54108544 0x00000000 0x09888004 0x930ab69d 0xd41085cc 0x00000000 
  [4] W = 0x370e4c09 0x2f6d7a8e 0x87a3a890 0xa48be8c8
      d = 0x08194885 0xf486422b 0x83848000 0x00000000 0x14618d4a 0x8561604d 0x808c8000 0x00000000 
  ... and 168 more distinct vectors
HW=59: 331 total, 331 distinct vectors
  [0] W = 0x94ce243a 0x5960cfde 0x53feddf3 0x805fc3b3
      d = 0x2b68a309 0x02514194 0x08308d01 0x00000000 0x2c0a3523 0x32012128 0x38109501 0x00000000 
  [1] W = 0x5dfcbfb8 0x8b708d1d 0xc0bf6ef4 0x815ef0c4
      d = 0x85303210 0x44c16841 0x3000642a 0x00000000 0xb22927d1 0xb0006910 0x7000a42a 0x00000000 
  [2] W = 0x4e31580f 0xc321d877 0xfdc7c860 0x9db28aa5
      d = 0x41a0080b 0x949d0803 0x9d09044c 0x00000000 0x95102c02 0x83868914 0x93090444 0x00000000 
  [3] W = 0x3b1de887 0x47a43ba1 0xdadf02e9 0x6ac5caa8
      d = 0x3d62e128 0xd92d4236 0x008a7000 0x00000000 0x08323049 0x00841a61 0x018e3000 0x00000000 
  [4] W = 0x317cd59e 0xd2274f59 0x4242255f 0xdbd1034b
      d = 0x3ce290f5 0x9124b2cc 0x28080040 0x00000000 0x3c804007 0x98e20e84 0x68080040 0x00000000 
  ... and 326 more distinct vectors
HW=60: 671 total, 671 distinct vectors
  [0] W = 0x492d041f 0xdc7c89c8 0xe5f0422a 0x5b1beaf0
      d = 0x99af3067 0x4da2410a 0x60020090 0x00000000 0x89c6a403 0xd8210006 0xa0060070 0x00000000 
  [1] W = 0x3660c8cc 0xc052b170 0x59e3b38e 0xdddeeca7
      d = 0x81a86682 0x52c1d1a8 0xc0028405 0x00000000 0x059411c4 0x088b02f8 0x40038407 0x00000000 
  [2] W = 0xcdd5470c 0xc3aa4756 0xe3589c36 0xeb1aaf79
      d = 0x29010210 0x450a2660 0x9d160910 0x00000000 0xda381813 0x81411130 0x97160b10 0x00000000 
  [3] W = 0x46f1e599 0x321defb8 0x72bfa1ed 0x56ca172c
      d = 0x0240d92c 0x32680283 0x18680280 0x00000000 0x0f96347c 0x84d94280 0x28280380 0x00000000 
  [4] W = 0xff40702f 0xd9f8f92d 0x1d7a7223 0x34f94c3c
      d = 0x8880695e 0x84c0091b 0xd201000b 0x00000000 0x23090803 0xcc22b640 0x56070019 0x00000000 
  ... and 666 more distinct vectors
