=== block2 lowhw set: m0=0x8cbb392c fill=0xffffffff bit=12 max_hw=60 ===
samples: 1000000000  elapsed: 22.78s
min HW seen: 49

HW=49: 1 total, 1 distinct vectors
  [0] W = 0xa7083788 0x9ed589f4 0xd288de21 0xe0dfca67
      d = 0x10016064 0x607050ac 0xc0400004 0x00000000 0x0c0c4a14 0x7042e394 0x41c00004 0x00000000 
HW=50: 1 total, 1 distinct vectors
  [0] W = 0x84699d53 0x4fb770f2 0x948564e6 0x3b2ea5aa
      d = 0x00c2e060 0x4c522312 0x48998002 0x00000000 0x84010282 0x00363496 0x48888002 0x00000000 
HW=51: 2 total, 2 distinct vectors
  [0] W = 0x503a4497 0x0dbdb0a3 0xce982397 0x97be7aa2
      d = 0xb9b28168 0x27082808 0x02064000 0x00000000 0x248144c1 0x258c9836 0x02024000 0x00000000 
  [1] W = 0x4b257887 0x6288b93d 0xc04b5eaa 0xd85727c5
      d = 0x02694fc0 0x248402a8 0x8ba00008 0x00000000 0x0c84c090 0x8c481184 0x8b600008 0x00000000 
HW=52: 4 total, 4 distinct vectors
  [0] W = 0x1bc15e16 0x307344f7 0x455c98a1 0x1f52a325
      d = 0x1134f0a8 0x144a85c1 0x08004564 0x00000000 0xc0013004 0x1c01803a 0x0800c524 0x00000000 
  [1] W = 0x043a849c 0xc18cf7c8 0xb1ced632 0x0a1cd576
      d = 0xb54402d0 0x580a4900 0x4c052000 0x00000000 0x03a20862 0x14922239 0xc4072000 0x00000000 
  [2] W = 0x06f6772a 0xca793743 0x7eb5006b 0x09b9e9d7
      d = 0xb00c0345 0xab205004 0x04000844 0x00000000 0x8571852a 0x622107c1 0x040008c4 0x00000000 
  [3] W = 0x41067ade 0x45e243f0 0xbe14e2fe 0x6b2d48bb
      d = 0x84b50860 0x18d44732 0x40408079 0x00000000 0x2b0040c6 0x08050406 0x40c08009 0x00000000 
HW=53: 6 total, 6 distinct vectors
  [0] W = 0x86e2fa87 0xeffcbd9e 0x71a77699 0x71f73d43
      d = 0x040092ce 0x95871840 0x08010060 0x00000000 0x501d2500 0x8a8f9810 0x080f01a0 0x00000000 
  [1] W = 0x5f67c57e 0x5ec285da 0xc1419e26 0xa221cbe4
      d = 0x08408a75 0x55c30228 0x10114008 0x00000000 0xc42484e2 0xb4082d28 0x10114008 0x00000000 
  [2] W = 0x6d8047ce 0xca4f1b32 0x0c00bb66 0x76e2acd0
      d = 0x9ee05410 0xb64453a6 0x00001000 0x00000000 0x110a3e20 0x7a0462da 0x00001000 0x00000000 
  [3] W = 0xe058d231 0xb9cf68fe 0xcec0d056 0x4d853c53
      d = 0x8c448049 0x4478038c 0x00003408 0x00000000 0x63819731 0x2c582883 0x00002c08 0x00000000 
  [4] W = 0x5c55aeb8 0xd9d99559 0x852adce0 0x0860c4db
      d = 0x40057404 0x81490144 0x48805e90 0x00000000 0x41211090 0x1c9103c0 0x48804f90 0x00000000 
  ... and 1 more distinct vectors
HW=54: 14 total, 14 distinct vectors
  [0] W = 0x6c8c34e9 0xa83d5dc1 0x732afc63 0xb877cc30
      d = 0x5524c80e 0x03388104 0x00088180 0x00000000 0x09625181 0x3f0560e0 0x00788280 0x00000000 
  [1] W = 0x7d1e7ad2 0xfac81df0 0xd7ba482b 0x495389f4
      d = 0x52309218 0x8283c079 0x1100005a 0x00000000 0x541a3026 0x0110a0ad 0x110000ca 0x00000000 
  [2] W = 0x92756ff6 0xcefdb653 0x7ecaa348 0x7ed57539
      d = 0x30a84380 0x2140f607 0x8000006d 0x00000000 0x884819be 0x86548400 0x8000003d 0x00000000 
  [3] W = 0x0a5090b0 0x10950ef3 0x982dfc96 0xd05ac669
      d = 0x9412ed0a 0x6b222c85 0x00082800 0x00000000 0x0244b411 0x05843746 0x00086800 0x00000000 
  [4] W = 0xd2fd3449 0xfaf1e013 0x188f8e2a 0xc01deb6f
      d = 0x88a0430c 0x61e42700 0x0000028a 0x00000000 0xce22c110 0xab2a47a0 0x0000018e 0x00000000 
  ... and 9 more distinct vectors
HW=55: 27 total, 27 distinct vectors
  [0] W = 0x75332e30 0x0e51ef0a 0x45a66c92 0x8eb97988
      d = 0x200b108d 0x061606f0 0x000a9108 0x00000000 0x1060f18b 0xa018011e 0x00079118 0x00000000 
  [1] W = 0xa5907d89 0xee001bb9 0x439eed42 0x58eaa979
      d = 0x28001b32 0x4257ac2a 0x035b0401 0x00000000 0x90082086 0xca0288c8 0x01490401 0x00000000 
  [2] W = 0xd05d2e58 0xc75486f3 0xa6d36bf6 0xbe140a20
      d = 0x86683055 0x08285480 0x0208050e 0x00000000 0x890874b7 0x92060c85 0x02080502 0x00000000 
  [3] W = 0x03c91f6e 0x24bd20fc 0x94fef50d 0x01b17462
      d = 0x8801edc8 0xf0080088 0x91031c00 0x00000000 0x23c008da 0x084c486c 0x71050400 0x00000000 
  [4] W = 0xd22236b6 0x0a63254c 0xb798d709 0x024d9715
      d = 0x7e8c4c45 0x70378010 0x18018002 0x00000000 0xd9101cc3 0x48082814 0x28018002 0x00000000 
  ... and 22 more distinct vectors
HW=56: 46 total, 46 distinct vectors
  [0] W = 0x545c83ad 0x41017699 0x959e4f70 0xd27c4848
      d = 0xc0090009 0x86518000 0x0432c00c 0x00000000 0x7ae930e0 0x77206087 0x0411c014 0x00000000 
  [1] W = 0x4018d69f 0x03a864ba 0xe8db4785 0x855f5590
      d = 0x601e008e 0x82a1a000 0x05208240 0x00000000 0xc60bbc4b 0x3ae02880 0x052082c0 0x00000000 
  [2] W = 0x3bbf5e77 0xde4b1faf 0x0a6a8f70 0x2b10f4f2
      d = 0xc480a201 0xe10a0268 0x060416c0 0x00000000 0x2ab58b11 0x886002a0 0x1e041640 0x00000000 
  [3] W = 0x8fbf5916 0xf728c058 0x0b554ee9 0xf38fca0d
      d = 0x8052178c 0x141330c9 0x029c0440 0x00000000 0x10a41185 0x60e50601 0x058403c0 0x00000000 
  [4] W = 0xa40a130f 0x2b1b877a 0x2569ba80 0x550fc01c
      d = 0x40086954 0x2006ad14 0x02080c1f 0x00000000 0x96102148 0xa2b3c230 0x02080425 0x00000000 
  ... and 41 more distinct vectors
HW=57: 104 total, 104 distinct vectors
  [0] W = 0xf27f5808 0x36b4c257 0x7130d028 0x0d8953f2
      d = 0x9b408e90 0x0c0e5450 0x40180840 0x00000000 0x30060582 0x7e67bc00 0x400809c0 0x00000000 
  [1] W = 0xf149d8c1 0x806220c9 0x4b173c74 0x3fa4ad38
      d = 0xc2d92010 0x84f41030 0x3c01c008 0x00000000 0x6b019029 0x8c8c61c4 0x1c024008 0x00000000 
  [2] W = 0x594e53ad 0xf44cfc30 0x1293f375 0xf351c46b
      d = 0xc0018851 0x4afb3548 0x0070802e 0x00000000 0x0d881a0d 0x1b2404b0 0x00108012 0x00000000 
  [3] W = 0x793e510b 0xd0f27804 0x61a4485d 0xfd5c1d4a
      d = 0x8209a800 0x00c4ca8c 0x014c065c 0x00000000 0xc0c61606 0x0252492e 0x00c4025c 0x00000000 
  [4] W = 0x561b36d5 0x28f05815 0x5dafd46c 0x4362f85d
      d = 0x20055440 0x13411004 0x90a30189 0x00000000 0xe08f0080 0xb200b20d 0x90670387 0x00000000 
  ... and 99 more distinct vectors
HW=58: 173 total, 173 distinct vectors
  [0] W = 0x77efcff1 0x4c24b7d9 0x8120ac76 0x016ae201
      d = 0x098c4f10 0x19987310 0x00189701 0x00000000 0x61b6c810 0x8322411c 0x00089101 0x00000000 
  [1] W = 0x664455ba 0x729f1ba3 0xac8d5996 0xf04cd369
      d = 0x010c1044 0x024268ad 0x088ae208 0x00000000 0x0514a24a 0x31e906e4 0x088b2208 0x00000000 
  [2] W = 0x0f6dd38c 0x169d2942 0xc5132398 0x8d6e1628
      d = 0x55aec01f 0x8e01a888 0x20140020 0x00000000 0x11f01068 0x47037790 0x20140020 0x00000000 
  [3] W = 0x20a29abe 0x0d590bc4 0xa8122754 0x73e2f428
      d = 0x4344f442 0x82270069 0x89c00c08 0x00000000 0xc1c21ba0 0x402325c4 0x88400418 0x00000000 
  [4] W = 0x94d95236 0x6d666259 0x848f4b2f 0xd0b9269a
      d = 0x52d1530a 0x4970230a 0x08c20038 0x00000000 0x261b2b44 0x43000169 0x08460028 0x00000000 
  ... and 168 more distinct vectors
HW=59: 337 total, 337 distinct vectors
  [0] W = 0xcf4f0d62 0xf2881873 0xc14616b0 0x7192f878
      d = 0x34299a2e 0x441f1410 0x18108807 0x00000000 0x94212604 0x80148b91 0x0830880b 0x00000000 
  [1] W = 0xe6ebf379 0x8817785b 0x84995175 0x784363ee
      d = 0x2f1c8230 0x00421063 0x4508a200 0x00000000 0x26b32804 0x2d9a106e 0xc5086200 0x00000000 
  [2] W = 0xfa8abf49 0x011af6f8 0xa77efa5a 0x7e854e40
      d = 0x94113484 0xe10101c2 0x02014690 0x00000000 0xa4e02b48 0xf2090294 0x0600dab0 0x00000000 
  [3] W = 0x194856c1 0x619f9e29 0xd9041784 0x2563f5be
      d = 0x46a71222 0x188a901c 0xee800580 0x00000000 0x6c20814b 0x26188842 0x2b800280 0x00000000 
  [4] W = 0x62c4ab73 0x02fca466 0x5875c49e 0xfc28e94d
      d = 0xbe11a615 0x15090810 0x0a220124 0x00000000 0x83f00041 0x946d4981 0x0a620124 0x00000000 
  ... and 332 more distinct vectors
HW=60: 661 total, 661 distinct vectors
  [0] W = 0x03fbbca2 0xf9971435 0x79268e1d 0xb44a378f
      d = 0x08a43387 0xcb20018b 0xc0342900 0x00000000 0x8a108ad8 0x60ab202a 0x40146900 0x00000000 
  [1] W = 0x87c76971 0x37c6fca5 0xe217390c 0xa3e1c977
      d = 0x50a8a329 0xa34f8493 0x000d8700 0x00000000 0x23815008 0xbb20a017 0x000c8500 0x00000000 
  [2] W = 0xe90e3bf1 0xe07195e9 0x8b574d6f 0x3da91e52
      d = 0x20310194 0x83940347 0x4040104b 0x00000000 0x73d9022a 0x918d2a88 0x40c01045 0x00000000 
  [3] W = 0x0393581f 0x7a8106b7 0x10aeb81c 0x3206228a
      d = 0x3a707502 0xe60798c2 0x01200308 0x00000000 0xe4ea1404 0x221df004 0x01200508 0x00000000 
  [4] W = 0x6ed4299d 0x971871ae 0xbc925a38 0x0d711b92
      d = 0x0a014820 0x2ea1008a 0xc0c068c2 0x00000000 0xe31a82d0 0xb16201cc 0x41c0a842 0x00000000 
  ... and 656 more distinct vectors
