=== block2 lowhw set: m0=0xbee3704b fill=0x00000000 bit=13 max_hw=60 ===
samples: 1000000000  elapsed: 23.01s
min HW seen: 48

HW=48: 1 total, 1 distinct vectors
  [0] W = 0x19139596 0x1f8d6886 0xe123c8c8 0x9f6a1e75
      d = 0x41501001 0x8195068e 0x8a810400 0x00000000 0x80408f00 0x8c4118e8 0x86810400 0x00000000 
HW=49: 1 total, 1 distinct vectors
  [0] W = 0x72e6adb7 0x4d53ddff 0xeb68f7a9 0x46280187
      d = 0x1c8153c1 0x0604a060 0x00c0408c 0x00000000 0x090149c2 0x033a0202 0x00c0418c 0x00000000 
HW=51: 2 total, 2 distinct vectors
  [0] W = 0x8d1ac95f 0x52192ba7 0x9ad3f231 0x7621af1b
      d = 0x778a1528 0x38b32010 0x00330000 0x00000000 0x8932700b 0x0c9220a8 0x00110000 0x00000000 
  [1] W = 0x1bf3b501 0xc727d6a8 0x83abc271 0x87566fe3
      d = 0x83564104 0x00808480 0x10880040 0x00000000 0xb978282a 0x32e0074e 0x30980040 0x00000000 
HW=52: 4 total, 4 distinct vectors
  [0] W = 0x492f9d91 0xe921fb3f 0x1e88739c 0x0f8487c1
      d = 0x031c8680 0x84224362 0x000808f8 0x00000000 0x32029028 0xa3d8e340 0x00080828 0x00000000 
  [1] W = 0x60eef1d0 0x644179fa 0x24bd94e5 0x520e8155
      d = 0x08959041 0x10c9b163 0x80b44400 0x00000000 0x81902089 0x400c3a01 0x80d44400 0x00000000 
  [2] W = 0x05dceee0 0x9814fee0 0xfed75d84 0xb99d31d7
      d = 0x31010231 0xc720a118 0x20092800 0x00000000 0x29882990 0x87806bc1 0x20092800 0x00000000 
  [3] W = 0x74a4706b 0xaf84cadf 0xed3907b0 0x74234bb7
      d = 0xa0207b8d 0x82040348 0x01028188 0x00000000 0x86aa5981 0x80020b06 0x01068088 0x00000000 
HW=53: 3 total, 3 distinct vectors
  [0] W = 0x89dc94e6 0x734b7186 0xb20c585b 0x19e3bfd8
      d = 0xb01b460b 0x1c38c084 0x00010c00 0x00000000 0xa40a4f86 0x104b9c8c 0x00010400 0x00000000 
  [1] W = 0x11a84cfe 0x1ec79c45 0x44a616a2 0x4830a6fb
      d = 0xb0c3c484 0xa2810952 0x01001464 0x00000000 0x31b0502c 0x40d07011 0x01000c24 0x00000000 
  [2] W = 0x64d904f4 0xccb37c37 0xc58c780d 0x1b32542b
      d = 0x841c284e 0xa80f047a 0x040a8006 0x00000000 0x6024018c 0x01066485 0x0406800a 0x00000000 
HW=54: 13 total, 13 distinct vectors
  [0] W = 0x78c8b0df 0xb4bf9176 0x94bf35fe 0x3219533e
      d = 0xfda24c37 0x14b03002 0x00080020 0x00000000 0x020e9d88 0x3652b046 0x00080020 0x00000000 
  [1] W = 0x1d8148cb 0xa79e6267 0x1184464e 0xb0f497e8
      d = 0x58100602 0x1437c481 0x1002b340 0x00000000 0x42001087 0x8b68c304 0x1001b2c0 0x00000000 
  [2] W = 0x5b1db97a 0x6a636303 0xc6630042 0x6b097d97
      d = 0x9c240829 0x660162c0 0x08612001 0x00000000 0x96432148 0x21912c29 0x08612001 0x00000000 
  [3] W = 0xcf2d9cf7 0xeadb176e 0x8ee4fdd5 0x3a94fa3a
      d = 0x22c99464 0x48c0032a 0x20040180 0x00000000 0xb5231d03 0x343e006a 0x20040080 0x00000000 
  [4] W = 0xcd28a622 0xe47dd054 0x9098928f 0xdbef4e8b
      d = 0x1d246600 0xc01830a4 0x18082501 0x00000000 0xa08540a4 0x0256b942 0x18082501 0x00000000 
  ... and 8 more distinct vectors
HW=55: 29 total, 29 distinct vectors
  [0] W = 0x7663a6c6 0x55d794fb 0x4e5c4cbf 0x3eb2241a
      d = 0x04801d05 0x04349329 0x4b400000 0x00000000 0xdea8ca39 0x30c2c402 0x47400000 0x00000000 
  [1] W = 0x4482ee47 0x300a5ea2 0x001a4aed 0x61be078e
      d = 0x90298a35 0x49462a84 0x00086101 0x00000000 0x43828a22 0x62d06286 0x00086101 0x00000000 
  [2] W = 0x085413f7 0xcf7c6aa2 0x07297d76 0x38728f95
      d = 0xb70aeea0 0x41020d10 0x000cc2c0 0x00000000 0x4c86a080 0x6415838a 0x00044240 0x00000000 
  [3] W = 0x4a7c3e29 0x7a966655 0x7dcf321b 0xea0fe47d
      d = 0x0c218024 0x02a27925 0x95816000 0x00000000 0x08254130 0x4d41c938 0x74812000 0x00000000 
  [4] W = 0x62da5ec5 0x095fa2c4 0x5decd4a7 0x2872b47b
      d = 0x70045016 0x00c4c417 0x00021401 0x00000000 0x01189b1d 0x580c7127 0x0002ec01 0x00000000 
  ... and 24 more distinct vectors
HW=56: 50 total, 50 distinct vectors
  [0] W = 0xa14ffc58 0x865eb47a 0x4aea5e52 0x2523c682
      d = 0x15437902 0x128110d0 0x008031ce 0x00000000 0x922049e0 0x30f41000 0x0080527a 0x00000000 
  [1] W = 0x747cf724 0xb9984f68 0xbed7fd12 0x6fc628a8
      d = 0x22440a40 0x1e865b92 0x80830320 0x00000000 0x2a052a9a 0x942c9040 0x80810160 0x00000000 
  [2] W = 0xc8990ffa 0xc5a15269 0x126cb67f 0x10c191ee
      d = 0x6ca8c008 0x62c23d4a 0x02080201 0x00000000 0x532a3140 0x12780393 0x02180201 0x00000000 
  [3] W = 0x06f2fac6 0x6ce8d473 0xbab76740 0x9db6c18f
      d = 0x99080e4f 0x20426656 0xe0000010 0x00000000 0x483062f0 0x0945e13a 0xa0000030 0x00000000 
  [4] W = 0x2e59a0b7 0x53a6ff90 0x06c38efa 0x94825bf4
      d = 0x26138598 0x01004417 0x00293080 0x00000000 0xc4550085 0x214f1aa8 0x0029d180 0x00000000 
  ... and 45 more distinct vectors
HW=57: 93 total, 93 distinct vectors
  [0] W = 0x4ec91547 0xe059ad97 0x688fcb22 0xac93b937
      d = 0x910e2738 0x80cf2d2a 0x00086402 0x00000000 0x04001e48 0x0133e03b 0x00086402 0x00000000 
  [1] W = 0xe17909ae 0xc9d99888 0xa3d4586c 0x33e04c00
      d = 0x00ca0c76 0xa0426448 0x10c40081 0x00000000 0x001332e2 0x608b268d 0x11c40181 0x00000000 
  [2] W = 0xaa1ce874 0xd55c0c5d 0xce2740f6 0xe10beeaa
      d = 0x261386a8 0xa4813d00 0x81802020 0x00000000 0x2cc40883 0x4c249979 0x86802020 0x00000000 
  [3] W = 0xe0325c6c 0xdc4ebfd3 0x7d2f9b29 0x47157d8c
      d = 0x4e53a422 0x0b105a01 0x01040540 0x00000000 0x96066900 0x4bc8603d 0x010405c0 0x00000000 
  [4] W = 0x4076ce24 0xaff25d5d 0x6f686151 0x0b0c6ef0
      d = 0x104482d4 0x84620e28 0x22028a09 0x00000000 0x3aa80044 0x8840122d 0x2207960b 0x00000000 
  ... and 88 more distinct vectors
HW=58: 200 total, 200 distinct vectors
  [0] W = 0xc6877210 0x3069a832 0xa892ba25 0x051adc0e
      d = 0xaa5430a0 0x05f22082 0xc1d40402 0x00000000 0xe2899f80 0x04312421 0x40540402 0x00000000 
  [1] W = 0xf55362ea 0xb8c3a3cd 0x5bf6d790 0xa1967552
      d = 0xd3332228 0x084c9b31 0x08f94000 0x00000000 0x50528980 0x2109818a 0x081f4000 0x00000000 
  [2] W = 0xdab4db29 0x7beaa3e1 0xdd44116a 0xb246a51e
      d = 0x32090005 0x815cb0d4 0x21c00140 0x00000000 0x011a4b0c 0xee3087ab 0x214000c0 0x00000000 
  [3] W = 0x03d3cda6 0x36812235 0x4a36e196 0x56893814
      d = 0x50c0c400 0x4c246604 0xe1891800 0x00000000 0xab502892 0x8850a6da 0x62890800 0x00000000 
  [4] W = 0xfe3a7df8 0x8121827a 0x9cbdc36d 0xbede51a5
      d = 0x1c65484d 0x64c51887 0x10a000dc 0x00000000 0x0988b500 0xe4080c24 0x10e00024 0x00000000 
  ... and 195 more distinct vectors
HW=59: 384 total, 384 distinct vectors
  [0] W = 0x7694a211 0xb8089c3a 0xda7eb65d 0x9a1710e7
      d = 0x4d004102 0x30040028 0x196406a5 0x00000000 0x70206044 0xe58f2c04 0x2924066f 0x00000000 
  [1] W = 0x3eaf0599 0x1d951877 0x6def407a 0x39e813ca
      d = 0x066c460c 0x90b01018 0x08a80408 0x00000000 0xee54d458 0x10a59018 0x38980418 0x00000000 
  [2] W = 0x147dee99 0x9c7dd38e 0xe78c1188 0xd2194996
      d = 0x99d931d4 0x26318780 0x38004010 0x00000000 0x22c54408 0x03931c1e 0x38004010 0x00000000 
  [3] W = 0x96b5144d 0xb3a96433 0x7ac63f24 0x197ed715
      d = 0x10622dde 0x630c0238 0xb0018610 0x00000000 0x1822cb00 0x7e88a150 0x90008210 0x00000000 
  [4] W = 0x96cf7261 0x68eeaa20 0x08f46a55 0x326f99ca
      d = 0xc5900019 0xb10cc10f 0x004cb000 0x00000000 0xb4918d22 0x01559761 0x00447000 0x00000000 
  ... and 379 more distinct vectors
HW=60: 667 total, 667 distinct vectors
  [0] W = 0xfc4de6ee 0x5290d266 0x535af708 0xbac5cb75
      d = 0x3ea53428 0x046d1119 0x06814238 0x00000000 0x480c0203 0x0883548f 0x0280c218 0x00000000 
  [1] W = 0x27847062 0x9884f066 0xd78e5762 0xb12123b3
      d = 0x841440f2 0x14112423 0x11d34408 0x00000000 0x612802c0 0x3e40fac0 0x105d4408 0x00000000 
  [2] W = 0x204fb26c 0x164974cd 0x22c9dc05 0x30676481
      d = 0x27f08601 0x2ccfca21 0x8401180c 0x00000000 0xd500b84b 0x1240021c 0x84011804 0x00000000 
  [3] W = 0xdb0095d1 0xfee0f08c 0xfed11e74 0x7ee1ef9b
      d = 0x01103d80 0x94009540 0xd9200045 0x00000000 0x15c004c5 0xe89a4911 0xbb2001c3 0x00000000 
  [4] W = 0x22310811 0x65561888 0x6eae3ecb 0x87964470
      d = 0x80a8b61e 0x94bb0802 0x10130040 0x00000000 0x0f806266 0x4296498e 0x102d0040 0x00000000 
  ... and 662 more distinct vectors
