=== block2 lowhw set: m0=0xb5541a6e fill=0xffffffff bit=14 max_hw=60 ===
samples: 1000000000  elapsed: 22.81s
min HW seen: 50

HW=50: 1 total, 1 distinct vectors
  [0] W = 0x917f05b3 0x48e2f7b7 0xd4978b1d 0x9b730507
      d = 0x2a10082b 0x6100108a 0x40404621 0x00000000 0xc9431011 0x81026116 0xc0404621 0x00000000 
HW=51: 3 total, 3 distinct vectors
  [0] W = 0xfad76d30 0xf95db788 0xba3e9b9e 0x40e08838
      d = 0x6186348e 0x20a56884 0x00100031 0x00000000 0x7800d362 0x60102438 0x00100013 0x00000000 
  [1] W = 0x55f43a8e 0x8617e85c 0x1896ef92 0x69fd6920
      d = 0x82109d37 0x8930004c 0x00088082 0x00000000 0xab401510 0x25082ba8 0x00088086 0x00000000 
  [2] W = 0x76f5911e 0x5e105dd5 0xe0f03700 0x2418c508
      d = 0xcce12008 0x0c920120 0x0445c014 0x00000000 0x89810d72 0x12000d06 0x04444034 0x00000000 
HW=52: 6 total, 6 distinct vectors
  [0] W = 0xeefe5fc0 0x85cfe523 0x541c8b56 0x6bb3144d
      d = 0x048608c2 0xb63a224a 0x0058e000 0x00000000 0x52402c13 0x90905c88 0x0028a000 0x00000000 
  [1] W = 0xf0d3f49d 0x4642641d 0x52f9eedd 0x8b6d50cc
      d = 0x0908424b 0x02000285 0xc0015e60 0x00000000 0x14e50c21 0x04614c19 0x4000c660 0x00000000 
  [2] W = 0x184d0045 0xb0fa7087 0x23b711b2 0xf1a71f32
      d = 0x92208438 0x848c1216 0x02410178 0x00000000 0x1088061f 0x81026125 0x024100a8 0x00000000 
  [3] W = 0xbbd5d140 0x3e47e67e 0x9380a07a 0x767bd41d
      d = 0xf20a0148 0xa3300142 0x18501100 0x00000000 0x84826022 0x6b8140e5 0x18501100 0x00000000 
  [4] W = 0xe0485355 0xae724ec4 0x12fd1f31 0x9277903c
      d = 0x223732c0 0x242228b3 0x00000104 0x00000000 0x5e008309 0x1c5a78d0 0x0000010c 0x00000000 
  ... and 1 more distinct vectors
HW=53: 8 total, 8 distinct vectors
  [0] W = 0xb72b8413 0x32997f27 0xb2cfa2b9 0x958c9f55
      d = 0x902080b0 0x61280223 0x020c1048 0x00000000 0x042d0f4c 0xb34a1a03 0x020c1048 0x00000000 
  [1] W = 0x949c587f 0xede54176 0xfcbfd1f3 0xd6b7e4d3
      d = 0x15898419 0x850a2dc5 0x06200086 0x00000000 0x188a0106 0x84e01538 0x02200082 0x00000000 
  [2] W = 0x34a89031 0xf37acfa6 0xfb4506c1 0x283c6aef
      d = 0xe8510012 0x2c048220 0x500c0e05 0x00000000 0x604d4e06 0x10300a43 0x30041a05 0x00000000 
  [3] W = 0x41484846 0x405520a6 0x6c73c246 0x935a033b
      d = 0x00a600e2 0x3090b018 0x0d12c01a 0x00000000 0x4603a921 0x28022082 0x0512c02a 0x00000000 
  [4] W = 0x63828c6b 0x73f158ec 0x457267da 0x38ad40de
      d = 0xe85f9853 0x87409400 0x0c001800 0x00000000 0x27470896 0x44a02250 0x14000800 0x00000000 
  ... and 3 more distinct vectors
HW=54: 11 total, 11 distinct vectors
  [0] W = 0x45351afd 0x2b33f0c8 0xf07191fd 0x8b844b9a
      d = 0x103a5132 0x015201e1 0x0408cc04 0x00000000 0x17088227 0x492008b0 0x0c09c404 0x00000000 
  [1] W = 0xc535a8d4 0x75cd08a3 0x4ff95b2f 0xf70da541
      d = 0x0385183e 0xa88d2004 0x00006900 0x00000000 0x2c8aea00 0x11235ac9 0x0000e900 0x00000000 
  [2] W = 0x5e9a1a7a 0xa77fc690 0xaa10c186 0xf62b4a56
      d = 0x81f16a80 0x90003b50 0x80300610 0x00000000 0x40283535 0xa09008ac 0x80700610 0x00000000 
  [3] W = 0x6f3c5bce 0x6cf8d46c 0xb8d88596 0xa52825c3
      d = 0x1018d59e 0xb1a2201b 0x00020800 0x00000000 0xf400495a 0x1b81a20b 0x00021800 0x00000000 
  [4] W = 0xc7c3a46b 0xda9d244c 0xbc87f386 0x1c154d5d
      d = 0x74663221 0x680a3045 0x10033400 0x00000000 0x6c806542 0x80c4431c 0x10010c00 0x00000000 
  ... and 6 more distinct vectors
HW=55: 26 total, 26 distinct vectors
  [0] W = 0xb406517d 0xbb100349 0xd456a055 0x0bdc0f1b
      d = 0xca554999 0x41231b59 0x01000800 0x00000000 0x489c25d8 0x000538cd 0x01000800 0x00000000 
  [1] W = 0xe9da8af1 0xa81a20d3 0x6c06ecb3 0x838a5b1b
      d = 0x38784940 0x59a6440d 0xc03e2028 0x00000000 0x1810805e 0x00010300 0x41d22028 0x00000000 
  [2] W = 0xe62fedf1 0x69a9c719 0x7813383c 0xfd824176
      d = 0x83a5ac92 0x25004e9a 0xc9500000 0x00000000 0x40280020 0x34420b0d 0xf9d00000 0x00000000 
  [3] W = 0xde7de071 0x2c0dd848 0x7796ea8a 0xf23802c9
      d = 0x0190aa2a 0x35db7052 0x38085022 0x00000000 0x80a11c40 0x11244408 0x08085022 0x00000000 
  [4] W = 0x685b9712 0x4d82938e 0xe198d297 0x8283a132
      d = 0x42542505 0x4034748a 0x70520022 0x00000000 0x0501c408 0x5528b0c1 0x30520022 0x00000000 
  ... and 21 more distinct vectors
HW=56: 45 total, 45 distinct vectors
  [0] W = 0x7c7f281f 0xb6ec1081 0xab79751f 0x3e8029b2
      d = 0x4a08b142 0x8f272113 0x0c029494 0x00000000 0x1e460011 0x01524000 0x04028c74 0x00000000 
  [1] W = 0xf440caf2 0x4ec173dd 0x77e69380 0x174ee82b
      d = 0x848cc4ea 0x0a002f0c 0x01202024 0x00000000 0xf2b04e9c 0x88484010 0x01e02024 0x00000000 
  [2] W = 0x27dd0499 0x6e8280fe 0xed36a9b0 0x381603b0
      d = 0x06f4c0f6 0x81026862 0x10008080 0x00000000 0x1747a927 0x850a8842 0x30008080 0x00000000 
  [3] W = 0x05c1b169 0x4e7d9b7f 0x5f52bb36 0x0ebb9aac
      d = 0x08009ace 0x2530c610 0x83c10007 0x00000000 0x184771c9 0x811c0210 0x80c10005 0x00000000 
  [4] W = 0x26b7bbad 0xe98c1acc 0x30605b66 0x5a9c5ae0
      d = 0x411848c1 0x2d8e8001 0x60006280 0x00000000 0x9366e001 0x10356720 0x6001e180 0x00000000 
  ... and 40 more distinct vectors
HW=57: 108 total, 108 distinct vectors
  [0] W = 0x735765bd 0x63f1c3ed 0x2a058b4b 0xf6f8795d
      d = 0x01980684 0xe0c214e1 0x3020d810 0x00000000 0x024407b7 0x015c0161 0x10215830 0x00000000 
  [1] W = 0xf632bc78 0x96007866 0xb89268e0 0x444c56c7
      d = 0x8ae0221c 0x41269d04 0x80d00001 0x00000000 0xa6741108 0xa182949e 0x80300007 0x00000000 
  [2] W = 0x97fb4045 0x0180683c 0x9c7a219f 0xd17c1adb
      d = 0x84812208 0xce89403a 0x08407a80 0x00000000 0x1445a328 0x088136b4 0x08404b80 0x00000000 
  [3] W = 0x1983be08 0xa613ac09 0xa1ce5dc0 0x24bb779b
      d = 0x12a98402 0x8b047804 0x89043830 0x00000000 0x69602038 0x042b3c15 0x8b040810 0x00000000 
  [4] W = 0x81603f70 0x5741fad7 0x6b7ef59a 0x0c7000fc
      d = 0x64e346da 0x896045c6 0x407c0080 0x00000000 0x28601e00 0x17014281 0xc0140080 0x00000000 
  ... and 103 more distinct vectors
HW=58: 206 total, 206 distinct vectors
  [0] W = 0xbd1de8f5 0x006a5674 0x1e3a97e6 0xd4084125
      d = 0x14ab8549 0x80102903 0x7001b800 0x00000000 0x54e09604 0x2972e142 0x70028800 0x00000000 
  [1] W = 0xe4ed1fbb 0xa451daf6 0x7ee5fb51 0xf078c956
      d = 0x1011a014 0x12001197 0xa1608702 0x00000000 0x2a44614a 0x40505530 0xe3a18902 0x00000000 
  [2] W = 0x085b099e 0x4477586a 0x4033b537 0xe43c81dd
      d = 0x0a18d640 0x03d87470 0x00809410 0x00000000 0xb80c2500 0x617807e2 0x00817410 0x00000000 
  [3] W = 0x532ac2a2 0x64ae64bd 0xaf0b8481 0x2ce2a2cc
      d = 0xf231c2ac 0xb0442420 0x03101100 0x00000000 0x4037ca44 0x8ab41964 0x01103100 0x00000000 
  [4] W = 0x994604f4 0x62cdab18 0x2276d92f 0xd33bf546
      d = 0xd114210a 0x00182246 0x06750084 0x00000000 0x433b0c18 0xd0008a32 0x01d300bc 0x00000000 
  ... and 201 more distinct vectors
HW=59: 310 total, 310 distinct vectors
  [0] W = 0xb27fccac 0x36a74279 0x03e9acad 0xf9fee5f3
      d = 0x6f844353 0x3c412538 0x00007008 0x00000000 0x05489e07 0xb643a111 0x00003008 0x00000000 
  [1] W = 0xfda656fb 0xd85c85a7 0x55e07bb3 0x0850e9f8
      d = 0x62b87403 0x17284049 0x06004f04 0x00000000 0x38c120c0 0x34843530 0x06005b04 0x00000000 
  [2] W = 0x9640a229 0xc2bda64b 0xb8eb5351 0x82a25831
      d = 0x5c413e1a 0x02a82b48 0x4410000e 0x00000000 0x18081699 0xb0aa2c33 0x44300002 0x00000000 
  [3] W = 0x49274510 0x9127af92 0xfe6e62f8 0x741e07e0
      d = 0x6837c0c3 0x880f44e4 0x43400016 0x00000000 0x08000036 0xdea086a4 0xc3400012 0x00000000 
  [4] W = 0x3513b8a3 0x02f8cda0 0x72d4c0c6 0xb342c1a0
      d = 0x1bc203d6 0x58920883 0x00220901 0x00000000 0xc2004056 0x784e86d0 0x006e0901 0x00000000 
  ... and 305 more distinct vectors
HW=60: 623 total, 623 distinct vectors
  [0] W = 0xf6333388 0x980d0e89 0x025a7e87 0xfcddb002
      d = 0x34afcb22 0xa7038318 0x30302104 0x00000000 0xace50020 0xa0890808 0x3010211c 0x00000000 
  [1] W = 0x003054a6 0x5e36af74 0xf0d53998 0xab245f0b
      d = 0x82303450 0x698c9108 0x130806b4 0x00000000 0xe80804c0 0x5884284b 0x117802b4 0x00000000 
  [2] W = 0xb6d74d68 0xb0363875 0x902cdec9 0x754a9d53
      d = 0x42481884 0x1a458024 0xb00a0d98 0x00000000 0xa14bc824 0x010ca71a 0x500a05a8 0x00000000 
  [3] W = 0xaf9e8d22 0xb964b5df 0xd4370430 0xa292d368
      d = 0x80436361 0x1f7a2a51 0x0420020b 0x00000000 0x60b44780 0xd1862440 0x0c200209 0x00000000 
  [4] W = 0x3d0b1a8c 0x950c0181 0xb2b948ff 0xef7a40ac
      d = 0x5041e598 0x32161d90 0x082a3014 0x00000000 0x88a08594 0x21b18910 0x082a500c 0x00000000 
  ... and 618 more distinct vectors
