=== block2 lowhw set: m0=0x3304caa0 fill=0x80000000 bit=10 max_hw=60 ===
samples: 1000000000  elapsed: 22.79s
min HW seen: 50

HW=50: 1 total, 1 distinct vectors
  [0] W = 0x466f9848 0x19be9d9b 0x8bbe8b3d 0x01f9cc71
      d = 0x91812909 0x3012b0a0 0x50000200 0x00000000 0x8650352c 0x14391720 0x70000600 0x00000000 
HW=51: 1 total, 1 distinct vectors
  [0] W = 0xb7df3a41 0x4271734a 0xef18ad86 0xafaa0a92
      d = 0xb0c421e4 0x0b004018 0x302e0200 0x00000000 0x20c20b8c 0xa300c118 0x302e0200 0x00000000 
HW=52: 2 total, 2 distinct vectors
  [0] W = 0xc20e5645 0x1018b6e6 0xde4ac504 0x5baac851
      d = 0x3c1b0096 0x82063420 0x00021210 0x00000000 0x112c0285 0x39c18794 0x00021610 0x00000000 
  [1] W = 0xdec46a4b 0x2229522d 0x05f2357b 0x28f3ee75
      d = 0x026c4408 0x1344e218 0x10c01508 0x00000000 0x0050bd84 0xa2188007 0x11401508 0x00000000 
HW=53: 7 total, 7 distinct vectors
  [0] W = 0xbc0cc1b1 0xa364862c 0x4782e07c 0x6a20dafa
      d = 0x05209ba1 0x60c41712 0x00301404 0x00000000 0x2e634000 0x87600495 0x0050140c 0x00000000 
  [1] W = 0x62952238 0x1c9a6b71 0x6f7812eb 0xc98dcb59
      d = 0xa00b4075 0x08209462 0x12080881 0x00000000 0x52a9d048 0x08800509 0x36380881 0x00000000 
  [2] W = 0xc01c7b72 0xa13185ab 0xa1110049 0xa2147865
      d = 0xacc000a0 0x570e00e0 0x0828c008 0x00000000 0x259e0824 0xa07030d4 0x08684008 0x00000000 
  [3] W = 0x6d502f53 0x7ff51ace 0x493a2798 0xb4ed0efc
      d = 0x8002bc6a 0x1e028088 0x0802c230 0x00000000 0x92c1dc40 0x09b4b002 0x08014210 0x00000000 
  [4] W = 0x8daf249e 0x4ea6d000 0x0075d033 0xf40e4c4a
      d = 0x8c415418 0x605c502a 0x00040016 0x00000000 0xf4000503 0x508a88d7 0x0004003e 0x00000000 
  ... and 2 more distinct vectors
HW=54: 10 total, 10 distinct vectors
  [0] W = 0x88654844 0x0cd6c6b2 0x541d7af2 0x932bad33
      d = 0x2c61048c 0x10085c80 0x00005a00 0x00000000 0xbb11473a 0x61507206 0x0001ce00 0x00000000 
  [1] W = 0xcaa237d8 0x07774f74 0x3daebf38 0xa370899c
      d = 0x6cc0208b 0x8c262a18 0x20009900 0x00000000 0x6cf82100 0x5203022c 0x20006f00 0x00000000 
  [2] W = 0xbcd170c1 0xcbea2d05 0x47138e20 0xec253c2b
      d = 0x00016666 0x2948e734 0x8252000b 0x00000000 0x1080c891 0x010130b0 0x82d20009 0x00000000 
  [3] W = 0xfc294dac 0x66084b22 0x82ebae14 0x1203e580
      d = 0xa0010884 0x20475910 0x0030a040 0x00000000 0x24a52d8f 0xe07822a3 0x0010e040 0x00000000 
  [4] W = 0x1f6a3734 0x681fe5b2 0x01941326 0xfde2c91e
      d = 0x8420102b 0x64156110 0x2045f680 0x00000000 0x402383d8 0x11a40012 0x20449280 0x00000000 
  ... and 5 more distinct vectors
HW=55: 28 total, 28 distinct vectors
  [0] W = 0x00021b2f 0x2f9c891c 0x69559e23 0x88a3fe0b
      d = 0x92ac0320 0x98c2718d 0x40200a06 0x00000000 0x083004a7 0x58d48014 0xc0200602 0x00000000 
  [1] W = 0xe8bb003c 0x9f244822 0xd2206572 0x0f470c95
      d = 0xe231028b 0x51022840 0x054a0806 0x00000000 0x18520880 0x0448980e 0x074a7806 0x00000000 
  [2] W = 0xf86e0737 0x29979513 0xbd8689a9 0xfac061f0
      d = 0x43484824 0xe9bd0d02 0x0682201e 0x00000000 0x0c004100 0xe140a902 0x0186600a 0x00000000 
  [3] W = 0x8ce8f494 0xdd3d8889 0xe9bf4d7f 0x02050397
      d = 0x3866138c 0x2424a3a0 0x201d0001 0x00000000 0xc5b00898 0x0050ae89 0x200b0001 0x00000000 
  [4] W = 0xe4a61213 0xfa684d41 0x8bc28081 0xa18b6068
      d = 0x620e1130 0x11a91825 0x000445c2 0x00000000 0x00909230 0xc2fb0019 0x00044b42 0x00000000 
  ... and 23 more distinct vectors
HW=56: 55 total, 55 distinct vectors
  [0] W = 0xf0b27922 0x4d5abbc9 0x5e514dd8 0x8aa4b38d
      d = 0xc1140a41 0x48d5eea3 0x06400800 0x00000000 0x308d0004 0x8d5d0788 0x06401800 0x00000000 
  [1] W = 0x3441d454 0xd7a13511 0xd16edf90 0x5907811e
      d = 0x30c1e035 0x42001807 0x11003003 0x00000000 0x4386cf26 0x8c89805a 0x11003001 0x00000000 
  [2] W = 0x5bac3e5d 0x5099fdae 0x8aad4d38 0x4241cb1d
      d = 0x0af78488 0x282181e0 0x100861b0 0x00000000 0x912c82a4 0x00248881 0x1008e2b0 0x00000000 
  [3] W = 0xe707c649 0xe613dc6e 0x2e540681 0x7e0a49a3
      d = 0x02006d19 0x06057343 0x6198c000 0x00000000 0xd840030a 0x3261c403 0x2087c000 0x00000000 
  [4] W = 0x3ad4454c 0xfdce1232 0xce81f336 0xec0e23e5
      d = 0x526258cd 0x2e87e005 0xcc800110 0x00000000 0x002a1024 0x1222ca01 0xc5800110 0x00000000 
  ... and 50 more distinct vectors
HW=57: 105 total, 105 distinct vectors
  [0] W = 0x324d0822 0xfa693146 0x547273a6 0x5ad16a05
      d = 0x70004068 0x280031a5 0x90e10800 0x00000000 0x42d30a34 0xb8bca812 0xb3210800 0x00000000 
  [1] W = 0x35d75a4d 0x0d4c3542 0xf76226b0 0xc53b922a
      d = 0x088884d0 0x8a036150 0x500118c0 0x00000000 0x090354db 0x80a46058 0x30031bc0 0x00000000 
  [2] W = 0x86981b4f 0x3bc68f57 0xafaf5261 0xf9894290
      d = 0xc582c238 0x1a370111 0x01842300 0x00000000 0x451230fc 0x10660250 0x0e842100 0x00000000 
  [3] W = 0x75ae903a 0x5299fe2e 0xc6dd1880 0xdc6866a6
      d = 0x0491474a 0x0ca05e04 0x0108e828 0x00000000 0x06016005 0x7a00c43b 0x03083818 0x00000000 
  [4] W = 0xf127581a 0x5ea6b408 0x8cd9f37b 0xe46f8e20
      d = 0x30964a64 0x29120bbc 0x0d188000 0x00000000 0x01036b69 0x4361c014 0x03088000 0x00000000 
  ... and 100 more distinct vectors
HW=58: 206 total, 206 distinct vectors
  [0] W = 0x91008373 0xacbadb44 0x0d96350d 0xadc9e256
      d = 0x05d30478 0x248c4710 0x0c020820 0x00000000 0x6ae3806c 0xa2945d08 0x0c020820 0x00000000 
  [1] W = 0xb8bf5cb6 0x361f1162 0x5254541b 0xc23c5670
      d = 0x391c21e0 0x04102042 0x28c90500 0x00000000 0x440704a1 0x2256eaa7 0x28c90500 0x00000000 
  [2] W = 0x8b874c21 0x2268f920 0x94d01746 0x512b171a
      d = 0xcd000022 0x680e03f8 0x8a003008 0x00000000 0xe039207c 0x0819e1ad 0x9a001008 0x00000000 
  [3] W = 0x49ce66db 0x27bdce71 0x50078848 0x80d5c12f
      d = 0x13107443 0x30c88220 0x98060a00 0x00000000 0x81d71868 0x8a2b42b0 0x98021a00 0x00000000 
  [4] W = 0x8c29ac51 0x8dd9c080 0x0cfad6e4 0x92e9c317
      d = 0x631c495e 0x88600b43 0x40082205 0x00000000 0x0107e62b 0x78c00401 0x40082205 0x00000000 
  ... and 201 more distinct vectors
HW=59: 334 total, 334 distinct vectors
  [0] W = 0xb407a81d 0x61813b7f 0x9b31f908 0x2605cb00
      d = 0x3427002e 0x85a60850 0x80050100 0x00000000 0x4b13ed24 0x28a1c518 0x803d0300 0x00000000 
  [1] W = 0xf645f679 0x59d4b5bc 0x230913ad 0x2eead173
      d = 0x2006281a 0x0c842304 0x0e81a2c5 0x00000000 0x20819408 0x4c05c899 0x0780e2c5 0x00000000 
  [2] W = 0xa38f24e6 0xa56b2a8f 0xc76ff8d2 0x36c139e8
      d = 0x24023834 0x23120130 0xa4102016 0x00000000 0x84415010 0xec337150 0xa430607a 0x00000000 
  [3] W = 0x6bada6c0 0x31cce63a 0x0c75e75f 0xa355bd10
      d = 0xe45d5220 0x239d0242 0xf4004002 0x00000000 0x27aa4030 0x88750892 0xd4004002 0x00000000 
  [4] W = 0x67dc391f 0xff0a8560 0x5b7c84d3 0xb736a520
      d = 0x60c509a0 0xc8ae4e5a 0x900c0050 0x00000000 0x1010ac92 0x56290ce2 0x90040050 0x00000000 
  ... and 329 more distinct vectors
HW=60: 668 total, 668 distinct vectors
  [0] W = 0xc6b1edc3 0x9a37f8a7 0xc1466cf6 0x97cdf9da
      d = 0xc1898801 0xa6025173 0x00540095 0x00000000 0x090b6254 0x59e10906 0x0054018b 0x00000000 
  [1] W = 0xac42458c 0x7a854955 0xa65f90c2 0xdcb8a6c1
      d = 0x41a8040a 0x798aaeb4 0x68920210 0x00000000 0x18080380 0x08b62116 0xe8920610 0x00000000 
  [2] W = 0x2cdd3d3a 0xe43d2867 0x670cf71f 0xc40216e8
      d = 0xa94ad260 0x054e0c05 0x0005d846 0x00000000 0x41489082 0xca32d206 0x0004c84a 0x00000000 
  [3] W = 0xf1226fae 0x2629c965 0xffa9ba07 0xd5cef013
      d = 0x26b21804 0xc2881094 0x84047264 0x00000000 0x03181921 0xa06c46d6 0x84040e24 0x00000000 
  [4] W = 0xc2d60969 0x7c9e3a14 0xc04018ba 0xa9b01b31
      d = 0x6220b914 0x9a8ae9a8 0x2d070040 0x00000000 0x21622609 0x84515114 0x25030040 0x00000000 
  ... and 663 more distinct vectors
