=== block2 lowhw set: m0=0x56076c68 fill=0x55555555 bit=11 max_hw=60 ===
samples: 1000000000  elapsed: 22.88s
min HW seen: 49

HW=49: 1 total, 1 distinct vectors
  [0] W = 0xe0968b4f 0x0e1105b0 0xfa454e83 0x2135ee69
      d = 0x4002af88 0x80390c02 0x0020c180 0x00000000 0xa4005bc0 0x04a50d68 0x0060c080 0x00000000 
HW=51: 1 total, 1 distinct vectors
  [0] W = 0x067a2d63 0x391bfd88 0x93f1057d 0xd8816692
      d = 0x534d6144 0x42086009 0x000030a1 0x00000000 0x008f0e0d 0x095e08c0 0x000010a3 0x00000000 
HW=52: 6 total, 6 distinct vectors
  [0] W = 0x4455758b 0xb6687fd9 0x8bf36110 0x1df34df8
      d = 0x106038b0 0x36004289 0x80770000 0x00000000 0x2e527609 0x120c0016 0x80730000 0x00000000 
  [1] W = 0x25f1b401 0x7d422a99 0x3a33c4b1 0x161d7983
      d = 0x03e04491 0x00987ba0 0x87800010 0x00000000 0xaa1025e8 0x2024a1a6 0x80800010 0x00000000 
  [2] W = 0xb563f011 0xa7570181 0xab874472 0x222d9b36
      d = 0x4614a003 0x41000806 0x0c804400 0x00000000 0x0e5a6b0a 0x59906916 0x0c804c00 0x00000000 
  [3] W = 0x2ad680f3 0xa3db2f77 0x008021cd 0x9389f1b1
      d = 0x5a8080d1 0x6d502224 0x01b00800 0x00000000 0x081510c2 0x233426a6 0x01501800 0x00000000 
  [4] W = 0x4ae60703 0xcac26200 0x56c60961 0x6aa63014
      d = 0x05100c06 0x108c3a5a 0x40060378 0x00000000 0xb900a239 0x00424908 0x40060148 0x00000000 
  ... and 1 more distinct vectors
HW=53: 6 total, 6 distinct vectors
  [0] W = 0xc1b64d9b 0x08a01ab9 0x7510d702 0x91e4bfba
      d = 0x3f246947 0x00282040 0x800c0a01 0x00000000 0xe4e2983b 0x00012420 0x800c0e01 0x00000000 
  [1] W = 0x91c58ff0 0x2748624d 0x4b3b2e6d 0xf025bbd6
      d = 0x38421e20 0x928840a1 0x10076080 0x00000000 0xc750a040 0x920ce848 0x3002a080 0x00000000 
  [2] W = 0x76633fa7 0x236d3aec 0x022fe674 0x22c23984
      d = 0x10a21004 0x00c34408 0x2a089340 0x00000000 0x04420523 0x88053114 0x3a186fc0 0x00000000 
  [3] W = 0x8965948f 0x457947d5 0xddf9f394 0x92eb4871
      d = 0xaa58d216 0x81104032 0x70008000 0x00000000 0x9a282186 0xf510a1d6 0x10008000 0x00000000 
  [4] W = 0x2cbc0a5a 0x13148881 0xc299d9e3 0xcd1d6311
      d = 0x4c46b9fc 0xdd9050c1 0x02100100 0x00000000 0xb700b0e0 0x84004009 0x02100100 0x00000000 
  ... and 1 more distinct vectors
HW=54: 19 total, 19 distinct vectors
  [0] W = 0xacaa503d 0x331dee0b 0x5545e5c5 0xd65b165b
      d = 0x38285627 0x2a231080 0x82100000 0x00000000 0x0d230731 0x1fa10118 0x86f00000 0x00000000 
  [1] W = 0x5f438687 0xddfd588e 0xab78dcf8 0xac1715eb
      d = 0x0ce22162 0x7002d890 0x08070084 0x00000000 0x120ac050 0x6261a98d 0x08090084 0x00000000 
  [2] W = 0xb63dd41b 0x9b68fac4 0x0237235c 0x2dc6de32
      d = 0x79c804a8 0x01c1b218 0x0cc20070 0x00000000 0x048e040c 0x0890680d 0x17420010 0x00000000 
  [3] W = 0xe1446df2 0xf3b96a6f 0x006847b5 0x1b429cba
      d = 0xca01a281 0x98802c09 0x84110435 0x00000000 0x304a2038 0x01498980 0x84110c0d 0x00000000 
  [4] W = 0x8825b0d9 0xf9ef7706 0xf6f82ca1 0x9ee2d7f7
      d = 0xed102b98 0x480f9154 0x00100040 0x00000000 0x876a0381 0x0e02b03c 0x00300040 0x00000000 
  ... and 14 more distinct vectors
HW=55: 26 total, 26 distinct vectors
  [0] W = 0x4abd0797 0xa3bdc4b0 0x7e52ed85 0x5fa9d2f4
      d = 0xe4090089 0x8ff0b006 0x80000340 0x00000000 0x4801c340 0x61399276 0x80000d40 0x00000000 
  [1] W = 0xd6355df6 0xccffc553 0xbee25059 0x69c84f8d
      d = 0x20d20124 0x18a728db 0xcc007980 0x00000000 0x40602600 0xc2390204 0x34003880 0x00000000 
  [2] W = 0x5a0990dc 0x6a56be75 0x0e905799 0x880dc0a8
      d = 0x590828a3 0x4b004100 0x30064022 0x00000000 0x814020a5 0xaf13498c 0x1006c026 0x00000000 
  [3] W = 0xc011e310 0x72003809 0xd52573a9 0x115dae21
      d = 0x00044068 0x98310028 0x41360040 0x00000000 0x24c4a3aa 0x656e9844 0xc3320040 0x00000000 
  [4] W = 0x4b69fac0 0xf209dbd8 0xe7255341 0xe4e7e907
      d = 0x01618404 0x2c0c288e 0x608401c0 0x00000000 0x580ce614 0x1e255a30 0x60840040 0x00000000 
  ... and 21 more distinct vectors
HW=56: 59 total, 59 distinct vectors
  [0] W = 0x14ea18db 0xa9db3743 0x29552b9a 0x08e39ca9
      d = 0xf0c6918e 0x60064e01 0x8420002c 0x00000000 0x44580e81 0xc45d4120 0x84200024 0x00000000 
  [1] W = 0xcdc4c4d5 0xfe97813a 0xd8a80a22 0xe468fc54
      d = 0x0a114140 0x02805e58 0x00019050 0x00000000 0x5b792f72 0x8640ae20 0x00019050 0x00000000 
  [2] W = 0x132e95d5 0xf31ef6ff 0x95e103ff 0x06499f30
      d = 0x427251c0 0xe72160c3 0x680a8060 0x00000000 0x23801600 0x52214001 0xa8078060 0x00000000 
  [3] W = 0x45cc5c37 0x0711b952 0x3747c8af 0x041bbf46
      d = 0x44543206 0xa0105003 0x0b014006 0x00000000 0x7d831804 0x2fe14020 0x0501c01e 0x00000000 
  [4] W = 0x184ad699 0x11a32d75 0xf5bb5913 0x4db7bdbf
      d = 0x4e4cc194 0x01748408 0x60840040 0x00000000 0x0820493b 0x5d1b8166 0x208400c0 0x00000000 
  ... and 54 more distinct vectors
HW=57: 111 total, 111 distinct vectors
  [0] W = 0xb534c7be 0x95a13abf 0xec26fb44 0x5a823e83
      d = 0x1383b884 0x72304d01 0x4601000c 0x00000000 0xce605083 0x22b6020c 0x46010014 0x00000000 
  [1] W = 0x3be0a61a 0xcb5dc0eb 0x1b53b02b 0xc78a3680
      d = 0x863703a0 0x0e854254 0x8c018012 0x00000000 0x0211b067 0x182e0824 0x84038012 0x00000000 
  [2] W = 0xbca26cbc 0xd78710e6 0x86e28f4b 0x367b1d0e
      d = 0x328a6147 0x0a0016d9 0x83002188 0x00000000 0xca934120 0x51060912 0x8100e088 0x00000000 
  [3] W = 0xe456dbe2 0xda7a0a97 0xfe3c4763 0xacd39d6b
      d = 0xd102d090 0xfc594ba0 0xd0300242 0x00000000 0x24104561 0x1a1a4010 0x50100242 0x00000000 
  [4] W = 0xcfd31b2d 0x3a6b43b6 0x11a8fdb8 0xcde0ac57
      d = 0x004414d0 0x48755101 0x2eb02080 0x00000000 0x3232162a 0x81081698 0x65b02080 0x00000000 
  ... and 106 more distinct vectors
HW=58: 201 total, 201 distinct vectors
  [0] W = 0xf38b9eb5 0x8bf2adfb 0x17f9f97d 0x321fefd6
      d = 0xe6344985 0x78028e02 0x380200c0 0x00000000 0x92036629 0x0002d902 0x780e0140 0x00000000 
  [1] W = 0x645a36e4 0x72525347 0x3f6f441a 0x2a61926c
      d = 0xc58c2008 0x0271324a 0x809a2902 0x00000000 0x0c208312 0x00b24a49 0x80ba2b02 0x00000000 
  [2] W = 0x7a8b6918 0xe2a43b4c 0xdc7cbcea 0x37dafa5a
      d = 0x3c2f81b0 0x0a348420 0x000a09c0 0x00000000 0x447fdb94 0xd8010400 0x000a06c0 0x00000000 
  [3] W = 0xc20c100b 0x41a751ad 0xd9c628e4 0x878e77a9
      d = 0xc0088991 0x8a285324 0x1ab40038 0x00000000 0x4a0e0508 0x24250320 0x1ab401c8 0x00000000 
  [4] W = 0xbb4d1c65 0x00f7b0a5 0x2a8e1154 0xfc3845c6
      d = 0xd8d2a610 0x20594a2f 0x001e0200 0x00000000 0x0d8aaa16 0x48407c09 0x000e0200 0x00000000 
  ... and 196 more distinct vectors
HW=59: 353 total, 353 distinct vectors
  [0] W = 0x2c3f9b36 0x347fa7da 0xd0147498 0x8e6c20bb
      d = 0x2fd001c0 0x40b20920 0x1cacb04c 0x00000000 0x90480412 0x6b249020 0x0cac9044 0x00000000 
  [1] W = 0xd4788f4f 0x77b0bd67 0x6391c049 0x28817d25
      d = 0x95609089 0x17829028 0x61033008 0x00000000 0x2080482b 0x7a448cb9 0xe1011008 0x00000000 
  [2] W = 0x9c9452f4 0xcf91ebb1 0xae11ea82 0xfb7d8762
      d = 0x0280081d 0x145835a2 0x7a6040fe 0x00000000 0x00503005 0x22302bc0 0xc6204092 0x00000000 
  [3] W = 0xc31061f3 0x2ae2aae4 0x887cb25b 0xd8cc7540
      d = 0x1721007e 0x42740004 0x2d028005 0x00000000 0xcd80063a 0x502c43a1 0x53038005 0x00000000 
  [4] W = 0xbdb3ed09 0xc2470d00 0x5f048293 0x25862238
      d = 0x90a30606 0x48d24c8c 0xf1031700 0x00000000 0x5009b900 0x10aa00a0 0x0f053500 0x00000000 
  ... and 348 more distinct vectors
HW=60: 641 total, 641 distinct vectors
  [0] W = 0xbd43a792 0xff81ea0a 0x9ad9a62a 0x6d8a95a4
      d = 0xe211803d 0x42681a0a 0x20065a20 0x00000000 0x4651e1a4 0x02c1b814 0x20024e20 0x00000000 
  [1] W = 0x4042c2f0 0x1b85113e 0x8df3300f 0x95a61b36
      d = 0x101c9119 0x2160a872 0x08524101 0x00000000 0x30d020ac 0x2a483680 0x38d3c101 0x00000000 
  [2] W = 0x2a9eff30 0x5a68340c 0xc1dad578 0xf5c68082
      d = 0x84da3607 0x32743088 0x1e420000 0x00000000 0xaf4463c1 0x420241a1 0x0ac60000 0x00000000 
  [3] W = 0xfeefde07 0xa0c8ae90 0x164477bd 0x8ec0e764
      d = 0xa0000da5 0xa19529f1 0x6b0c36e0 0x00000000 0x10488250 0x11800222 0x190c5220 0x00000000 
  [4] W = 0xf3746731 0x8ddd67f8 0x056c9a49 0x529bda3b
      d = 0x90d12152 0x4962c801 0x0194f001 0x00000000 0x08700d26 0x29910ca0 0x00afb001 0x00000000 
  ... and 636 more distinct vectors
