=== block2 lowhw set: m0=0x11f9d4c7 fill=0xffffffff bit=26 max_hw=60 ===
samples: 1000000000  elapsed: 22.80s
min HW seen: 51

HW=51: 5 total, 5 distinct vectors
  [0] W = 0x83585a68 0x8ab6d222 0x4ea5f13b 0xe0dfc63a
      d = 0x68703d12 0x051441e6 0x14040040 0x00000000 0x0b33538b 0x00092002 0x14040040 0x00000000 
  [1] W = 0x5755ce00 0x3c22900a 0xaa5f047b 0x10d86373
      d = 0x82081300 0xc00326c3 0x08d0005a 0x00000000 0x80088669 0x18200470 0x08d000de 0x00000000 
  [2] W = 0xf15850f8 0x93a2863b 0xafd576a9 0x210a9309
      d = 0x6f300842 0x93811830 0xc17d0100 0x00000000 0x00080024 0xa880a193 0x40950100 0x00000000 
  [3] W = 0xd5b0079f 0x7d322afe 0x35d32fc8 0x556afc7d
      d = 0x1e96a900 0x40249063 0xa0420c08 0x00000000 0x4400455e 0x00021604 0xa04e0408 0x00000000 
  [4] W = 0xa2f8df40 0x9b00fac8 0x0f6ea464 0xa7ab7b35
      d = 0x808f03c2 0x50748432 0x80822400 0x00000000 0x091c3239 0x48210141 0x80822400 0x00000000 
HW=52: 3 total, 3 distinct vectors
  [0] W = 0x4bd897f8 0x7dd0d60b 0x852135e3 0xd03d818d
      d = 0xc0c3bb2a 0x0050aa60 0x02018082 0x00000000 0x530005a2 0x8060524e 0x02028082 0x00000000 
  [1] W = 0x7710e6ad 0x136b1aaf 0x77e694b0 0x0b680708
      d = 0x80087d04 0x42202c0e 0x018f8808 0x00000000 0x30ac0402 0x20a12262 0x03898808 0x00000000 
  [2] W = 0xaff5fa80 0x041ba892 0x5033d2d6 0x6749fba2
      d = 0x7233a820 0x08223ad8 0x00800028 0x00000000 0x6a531205 0x0a855250 0x01800028 0x00000000 
HW=53: 2 total, 2 distinct vectors
  [0] W = 0x0830357b 0xdd7514b4 0x8396c3e5 0x26a38c10
      d = 0xac6c0954 0xa684048a 0x43800010 0x00000000 0x5c0218ce 0x8a624180 0x44800010 0x00000000 
  [1] W = 0xd66be07c 0xe6e29c8e 0x1b13c0d7 0x022b3b33
      d = 0x28064416 0x232a5110 0x1000006b 0x00000000 0x5018c0d8 0x1832bd40 0x30000069 0x00000000 
HW=54: 10 total, 10 distinct vectors
  [0] W = 0xc3bc5796 0x6098d511 0x3d63c98c 0xce1f1f05
      d = 0x40035236 0x20904904 0x04218f80 0x00000000 0xc380a113 0x3a660900 0x04228a80 0x00000000 
  [1] W = 0x3e9f4c84 0x36fb4763 0x9cf60568 0xd73e43e5
      d = 0x17f89aa3 0x1c40e140 0x12040000 0x00000000 0x0d388081 0x10c57158 0x120c0000 0x00000000 
  [2] W = 0xe641de4c 0x6c8e2188 0xbf51cf37 0x505ae1ec
      d = 0x01364421 0x0209e488 0x009c001f 0x00000000 0x1e804005 0xb64125a5 0x00840007 0x00000000 
  [3] W = 0xadede0fc 0x2fbf68a5 0x97de97f0 0xe1361960
      d = 0x08204327 0x7414c047 0x801c0482 0x00000000 0x2c0c828e 0x18144107 0x80040582 0x00000000 
  [4] W = 0x63f81431 0x4ebe954e 0x1ef473e5 0x819bef81
      d = 0x01a2e089 0x00810658 0xc0330a00 0x00000000 0xd41b4c0d 0x23904820 0x40131a00 0x00000000 
  ... and 5 more distinct vectors
HW=55: 37 total, 37 distinct vectors
  [0] W = 0x3b87aa87 0x1432906c 0x81d95d13 0xe5166dee
      d = 0x4100821e 0xc9140114 0xa0007811 0x00000000 0x70324842 0x20734a79 0xa0002811 0x00000000 
  [1] W = 0x7a638622 0x5e5fad51 0xd54ecdcb 0x9202ddb0
      d = 0x209962f1 0x79670002 0x01801580 0x00000000 0x08456040 0x841508e0 0x0f801380 0x00000000 
  [2] W = 0xa4896949 0xbda1beb9 0xc4adabc2 0x4b6fb628
      d = 0x7b003130 0x94281288 0x001d0102 0x00000000 0x181fbee0 0x00215660 0x00150102 0x00000000 
  [3] W = 0xeed7ad89 0x77b6877a 0x4c6b0e16 0x9892c082
      d = 0xe8eae800 0xa8188110 0x003f0000 0x00000000 0x09180bd0 0xbc0a41b8 0x002f0000 0x00000000 
  [4] W = 0x3466a1d9 0xebe3cf17 0xd22da4f7 0xb0dd826e
      d = 0x90a00ad0 0x16069c00 0xb2100a10 0x00000000 0x51616224 0xa0392444 0x92101a10 0x00000000 
  ... and 32 more distinct vectors
HW=56: 47 total, 47 distinct vectors
  [0] W = 0xdf5c0720 0xa8bd377c 0xc404baf5 0x381c5858
      d = 0x04904880 0xa5193931 0xa0d01c81 0x00000000 0x4856a080 0xa1401410 0xa0d03481 0x00000000 
  [1] W = 0xd277956f 0x3b96c542 0x84e06f7d 0xa8fef4ba
      d = 0x5201042c 0xcd88408a 0x6e0e000a 0x00000000 0x19f49100 0x00cfa842 0x2202000a 0x00000000 
  [2] W = 0x70c7551a 0xd6ef5d28 0x9402322d 0x9ab89ace
      d = 0xf0a20154 0x67280924 0x4a82880b 0x00000000 0x80802740 0x4000d200 0x4682883d 0x00000000 
  [3] W = 0xe894a99c 0xc945feaf 0xa4949907 0xc138397d
      d = 0x8186b110 0x71b06a0a 0x0601006a 0x00000000 0x40a78315 0x58c00202 0x06010036 0x00000000 
  [4] W = 0xaa7a75c6 0x7c9a3347 0x64ab09fe 0xb70dadb4
      d = 0x1185050a 0x1b4da201 0x24401140 0x00000000 0x43150a4a 0x86085580 0x2c407140 0x00000000 
  ... and 42 more distinct vectors
HW=57: 90 total, 90 distinct vectors
  [0] W = 0x84ac6d16 0x28db9bb1 0x2e1f5a87 0x6cb4dc20
      d = 0x1c31970e 0x5d004020 0xc6a0000a 0x00000000 0xa93382a2 0x08124238 0xc2a00006 0x00000000 
  [1] W = 0xe6c97828 0xf04f850e 0x1d26ea59 0xcdd8e78f
      d = 0x08b70051 0x32682084 0x6041b400 0x00000000 0x6190a808 0x6cedb110 0x60409400 0x00000000 
  [2] W = 0xabc25b2b 0xf44e2478 0x28e6bf18 0x1fbdd3da
      d = 0x723870ac 0x0fa1c2c0 0x95800080 0x00000000 0x119c8c24 0xd040182a 0x94800080 0x00000000 
  [3] W = 0x504f9022 0xeb3ba1e7 0x7fe6c2e4 0x50f83619
      d = 0x4504c008 0xe05a8140 0x020d010d 0x00000000 0x75016309 0xa5282ea0 0x02050117 0x00000000 
  [4] W = 0x29d20a52 0x7b97bdde 0x09ab42c8 0x5fbc3411
      d = 0x120c19c8 0xd0822866 0x30417000 0x00000000 0x2f884308 0x9f322a10 0x10415000 0x00000000 
  ... and 85 more distinct vectors
HW=58: 188 total, 188 distinct vectors
  [0] W = 0xa1711642 0xf49be45e 0x8a1c6a96 0xee9b8f11
      d = 0x56c18808 0x4a01c898 0xc2017208 0x00000000 0xe4e19110 0x3308e011 0x42010e08 0x00000000 
  [1] W = 0xe3754409 0x357c7f93 0xeb461854 0x21dd0232
      d = 0x03fa1000 0x045d2052 0x2600a028 0x00000000 0x1093b11c 0x183c1843 0x62016038 0x00000000 
  [2] W = 0x3b3dcc72 0xd4ca684b 0xa1abd1ea 0xa9497801
      d = 0x14eb781c 0x51066411 0xcae08140 0x00000000 0x01012003 0x42513810 0x59a08140 0x00000000 
  [3] W = 0xdaae895a 0x7b3c5f98 0xe92bd81f 0xd726506b
      d = 0x51821043 0x081541a6 0x85c86210 0x00000000 0x074398c8 0x88031802 0x8a482270 0x00000000 
  [4] W = 0x958d943a 0xc652305f 0x8b6b9e13 0xed99caa7
      d = 0x33618211 0x0c078f82 0xd0401e04 0x00000000 0x1e0907a5 0x50010642 0x3040020c 0x00000000 
  ... and 183 more distinct vectors
HW=59: 348 total, 348 distinct vectors
  [0] W = 0x68c09f48 0x1e1df95c 0x87f31127 0x5f27fa4c
      d = 0x1702c307 0x045a51e5 0x1c330004 0x00000000 0xb0186d48 0xc140c340 0x04130004 0x00000000 
  [1] W = 0xe1143863 0xa515068f 0xbd5869cd 0xbc53ae5d
      d = 0x2048b121 0x9485046c 0x1ea1c2c0 0x00000000 0xc2393a58 0x080601a8 0x02a04140 0x00000000 
  [2] W = 0x8c118515 0x2adc12cc 0xb83d174e 0x404f9ea4
      d = 0xa100a794 0x800a3b01 0x02286210 0x00000000 0x76ac1874 0x549402c8 0x02282610 0x00000000 
  [3] W = 0xead5558a 0x4ce282b8 0x8a0410a2 0x0a1ac1ea
      d = 0x2c550401 0x0f94cc58 0x070a8015 0x00000000 0x02616672 0x20d00034 0x010e8015 0x00000000 
  [4] W = 0x276b3095 0x6e4fb509 0x8535f6be 0x47a742af
      d = 0x4244811a 0x0a823ad9 0x046009cc 0x00000000 0xc02918c2 0xee691201 0x04200844 0x00000000 
  ... and 343 more distinct vectors
HW=60: 623 total, 623 distinct vectors
  [0] W = 0x0dcb9ef6 0xbcb95e7c 0x79a42d27 0x7c16d7c7
      d = 0x1cb865f0 0x3c1d4820 0x01140000 0x00000000 0x2bb10d86 0x4c5dc0cc 0x010c0000 0x00000000 
  [1] W = 0xd2465516 0x0477b5e4 0xaba2dca1 0xf6e613fa
      d = 0xc4126a20 0xf5254401 0x4004240d 0x00000000 0x0fc10112 0xd31ac825 0x40046405 0x00000000 
  [2] W = 0x705ef407 0x75162e68 0xabb5b6a5 0xb1421ab5
      d = 0x0835ac51 0x1fb9640a 0xe4300002 0x00000000 0xf01a3030 0x86920668 0x24100002 0x00000000 
  [3] W = 0xbc168431 0xfe82dd59 0x001c566d 0xd0e7d3a5
      d = 0x7a435164 0x66962f02 0x00009c00 0x00000000 0xa9218b8f 0x091a2c02 0x00009c00 0x00000000 
  [4] W = 0x0415f686 0xe2681764 0xf01803e6 0xfcf3c154
      d = 0x48960049 0x80902950 0xe00a2a01 0x00000000 0x12290b4d 0x8117b223 0x200e6a01 0x00000000 
  ... and 618 more distinct vectors
