=== block2 lowhw set: m0=0x6e173e58 fill=0xffffffff bit=6 max_hw=60 ===
samples: 1000000000  elapsed: 22.81s
min HW seen: 50

HW=50: 1 total, 1 distinct vectors
  [0] W = 0x8b258f0d 0x62427f8f 0x9bc2a396 0x39b08d8e
      d = 0xd8f04300 0x0420511c 0x50008040 0x00000000 0x249b7311 0x10241648 0x70008040 0x00000000 
HW=51: 1 total, 1 distinct vectors
  [0] W = 0x36a9f018 0x1df47ded 0xdb7b0de9 0xe20861ca
      d = 0x00474025 0x6580af12 0x80088180 0x00000000 0x02088388 0x23805bd2 0x80088280 0x00000000 
HW=52: 3 total, 3 distinct vectors
  [0] W = 0xd1255c74 0x2fd7c501 0x398659fa 0xa5957466
      d = 0x0802583a 0x3509cb1f 0x08064001 0x00000000 0xc0612064 0x9011c0e0 0x08024001 0x00000000 
  [1] W = 0x58380106 0x5b054c4a 0xa302d48c 0xcbf620e5
      d = 0x51404280 0x054a1107 0xc1101401 0x00000000 0x50a64082 0x1ee40881 0xc1301401 0x00000000 
  [2] W = 0x7eb60da1 0x5f4c3620 0xe8830664 0x81b78a23
      d = 0xc14e8868 0x49a0960e 0x01007804 0x00000000 0xa0790443 0x08208400 0x0300481c 0x00000000 
HW=53: 7 total, 7 distinct vectors
  [0] W = 0x3dafac37 0xcd0c2c43 0x58096821 0xd4a32647
      d = 0x0163013d 0x23800148 0x42050824 0x00000000 0xc08e0505 0xa500c023 0xc2050864 0x00000000 
  [1] W = 0x6684550c 0x6891c0de 0x41cf3bfb 0x70b11cc3
      d = 0xc1aa1324 0x688b0151 0x00200280 0x00000000 0xccc0d022 0x64590153 0x00600280 0x00000000 
  [2] W = 0xc8db4888 0x988915cd 0xfc2df275 0x0e0d1bc4
      d = 0x94808d27 0x444959c1 0x082220c0 0x00000000 0x018c0c00 0xc01c3086 0x086220c0 0x00000000 
  [3] W = 0xacf28a18 0x4b8f6cc0 0x64f0c6ab 0xf8968f99
      d = 0x19800c14 0x56355128 0xc0215080 0x00000000 0x0262004c 0x02f8a302 0xc020d080 0x00000000 
  [4] W = 0x9da21c6e 0x1bd9dc59 0x2a0f6270 0x0e612b50
      d = 0x014d0e4c 0x101d2406 0x00200e08 0x00000000 0x70455126 0x60274390 0x00600608 0x00000000 
  ... and 2 more distinct vectors
HW=54: 12 total, 12 distinct vectors
  [0] W = 0xea567611 0xb61ccf3b 0xd08ca006 0xd5040a40
      d = 0x88520068 0x4e31c148 0x38402008 0x00000000 0x762900c4 0x5340168e 0x18402008 0x00000000 
  [1] W = 0x45c174ee 0x00cca940 0x297895f2 0x431fca31
      d = 0x06cda546 0x36090812 0x0400180f 0x00000000 0x86830a62 0x51010215 0x0400080d 0x00000000 
  [2] W = 0xc8eee244 0x806b6af7 0x4b8a71cd 0xb3c9b194
      d = 0x3b300002 0x15e61105 0x4a080410 0x00000000 0x20856520 0x00822ea9 0xde080410 0x00000000 
  [3] W = 0xa7427cbe 0xf26cd254 0x6ceaaea7 0x1ef41538
      d = 0x1c1e834e 0x63491001 0xa140c200 0x00000000 0x00854882 0x7b820802 0x6140c200 0x00000000 
  [4] W = 0x03c9adff 0xf8bc8e44 0x47f3653e 0x41c2a214
      d = 0x88423330 0x103ebd10 0x04281300 0x00000000 0x822282a1 0x0c8088e0 0x04783100 0x00000000 
  ... and 7 more distinct vectors
HW=55: 30 total, 30 distinct vectors
  [0] W = 0x6b8dd112 0xe450c165 0x73fff43b 0x22628267
      d = 0x2f18007d 0x214ae120 0xe0000040 0x00000000 0x09305201 0x7fc72090 0x600001c0 0x00000000 
  [1] W = 0x0cb236af 0x0699801c 0xe5d97171 0xb511a5ca
      d = 0x208f01c5 0x8d040414 0xc0030c32 0x00000000 0xd0581140 0x28650460 0xc0030c32 0x00000000 
  [2] W = 0x90fb23ce 0x64d1a86f 0x6a5070a1 0xecc832e3
      d = 0x02ad0121 0x21854220 0x1280b106 0x00000000 0x060016c3 0x52308216 0x1280d306 0x00000000 
  [3] W = 0x9858c0b6 0x898652b1 0x39da3879 0xa471c573
      d = 0x47896006 0x113a0508 0x90010380 0x00000000 0x04940830 0x3cc17e20 0xb0010d80 0x00000000 
  [4] W = 0xd931ffd8 0x3f9b1b1d 0xc3ea3941 0x1c893f20
      d = 0x6887e450 0x024c990d 0x86004410 0x00000000 0x8ea2a082 0x8041460d 0x82004410 0x00000000 
  ... and 25 more distinct vectors
HW=56: 52 total, 52 distinct vectors
  [0] W = 0xead40a03 0x191fa6e9 0x559cf108 0xbc0f0e16
      d = 0x92082518 0x04310872 0x1206002e 0x00000000 0xace04c84 0x8186d021 0x36060022 0x00000000 
  [1] W = 0x04611318 0xe6420339 0x628b754b 0x8860781a
      d = 0x4021e641 0x0145065a 0xc1cc0004 0x00000000 0x2a54425a 0x01c61648 0x41c40004 0x00000000 
  [2] W = 0xee9bec87 0xf263e542 0x57b7a6c7 0xce8df970
      d = 0x208d6528 0xa304ea82 0x28004080 0x00000000 0x29852361 0x8c18cb84 0x68004080 0x00000000 
  [3] W = 0xecab4964 0x3576ff47 0xb9532b08 0x5a7ae731
      d = 0x862104b2 0xcd804404 0x00b02320 0x00000000 0x801562c9 0x923141a1 0x00901f20 0x00000000 
  [4] W = 0x797d2a3d 0x5b666020 0x7b2759b1 0x92370699
      d = 0xf080d400 0x10a20a86 0xc1800220 0x00000000 0x49709a13 0x10709f00 0xc1801e20 0x00000000 
  ... and 47 more distinct vectors
HW=57: 104 total, 104 distinct vectors
  [0] W = 0x70e0291e 0xcdb9ac1f 0xff7c3042 0x57fdd3f8
      d = 0x62c54c24 0xa4340231 0x40d01f08 0x00000000 0x01435040 0x04525388 0x40300d18 0x00000000 
  [1] W = 0x3130ba13 0xe82bec6a 0x217a3199 0x8e6d659d
      d = 0x8c6d24c8 0x242000e1 0x000b0438 0x00000000 0x226549d8 0x21512023 0x00190478 0x00000000 
  [2] W = 0x014d580f 0xe3d14809 0x90d1a141 0x3bc3b49d
      d = 0x930dc009 0x181348ce 0x48c22000 0x00000000 0x0a510218 0x6a281248 0xdbc22000 0x00000000 
  [3] W = 0x03242ad6 0x49ab94c9 0x5d678350 0x0cb76f16
      d = 0x086b8912 0x142b8182 0x038141c0 0x00000000 0x25750160 0x1a121156 0x01814140 0x00000000 
  [4] W = 0x6593a640 0x3a2e734d 0x7cb284ae 0xa8cd051d
      d = 0x05209a80 0x888419ac 0x34058c40 0x00000000 0x0004b091 0xb099ca90 0x1c039440 0x00000000 
  ... and 99 more distinct vectors
HW=58: 169 total, 169 distinct vectors
  [0] W = 0x10662fde 0x662d2710 0x9b278897 0x2c9eec2d
      d = 0x0360601f 0x648e4941 0x0640003a 0x00000000 0x4f1c2d40 0x204d10e8 0x0240002a 0x00000000 
  [1] W = 0x3d07b663 0xb2bdc346 0x5075c3ac 0xe806c22c
      d = 0x74104009 0x31c3e287 0x8007f010 0x00000000 0x4d1c9b01 0x1900d044 0x80049010 0x00000000 
  [2] W = 0xeefd819b 0x8717117c 0xc22cdfe0 0x63ce9208
      d = 0x298b25d4 0x7411a622 0x08020320 0x00000000 0xee0e0081 0x8514585a 0x08020120 0x00000000 
  [3] W = 0xd2502ebf 0x27730afc 0x83b994aa 0x94bd0bbc
      d = 0x12580cc0 0x440d2c66 0x00020055 0x00000000 0x54266152 0x1e6dd828 0x0002004d 0x00000000 
  [4] W = 0xe4fb0a0b 0x32ff3216 0x430e9148 0xb5dce2bb
      d = 0x8450080b 0x023d25b0 0x90010880 0x00000000 0x3490b832 0x2a725dd8 0x90010880 0x00000000 
  ... and 164 more distinct vectors
HW=59: 344 total, 344 distinct vectors
  [0] W = 0x006dfd4e 0x4748372c 0x741f68ba 0xb804e3fe
      d = 0xc9c4213b 0x24e50a21 0x12320201 0x00000000 0xc8340015 0x51593118 0x12120201 0x00000000 
  [1] W = 0x0cbba183 0x69f44506 0xcbca402c 0xfa3fb8ab
      d = 0x0a54cb00 0x621b9e4d 0x30a0c001 0x00000000 0x0a080903 0xb53d2102 0x30a04001 0x00000000 
  [2] W = 0xb61cc295 0xe780c3f2 0x00217dad 0xdd0d8687
      d = 0x01e93044 0x282e2006 0xa82e0280 0x00000000 0x0c5001f0 0x27c06376 0x58220180 0x00000000 
  [3] W = 0x6ba22059 0xda8be62d 0x6f8cb44a 0xd9b491c8
      d = 0xa5a33807 0x5424e221 0x00016620 0x00000000 0x5f1a0312 0xe0851580 0x0000e220 0x00000000 
  [4] W = 0x4d141ad1 0x0785e336 0xc78ca627 0x3a459fe3
      d = 0x00373606 0xbc400c00 0x90582880 0x00000000 0x40c56849 0x0541b9a0 0xb0d81880 0x00000000 
  ... and 339 more distinct vectors
HW=60: 661 total, 661 distinct vectors
  [0] W = 0x3334d31c 0x83b7f157 0xce38dcb9 0x605d5bae
      d = 0xaa212c67 0x891027e0 0x00416428 0x00000000 0xa9211a44 0xab501500 0x00432428 0x00000000 
  [1] W = 0x6b095113 0x64492146 0x4c59efb6 0x444dfb41
      d = 0x4076181f 0x0e82905d 0x09817000 0x00000000 0x07164402 0x8d2e904e 0x0880d000 0x00000000 
  [2] W = 0xe1cb63b4 0x3a09082a 0x7a84f02c 0x74a14fec
      d = 0x7d531240 0x10204801 0x1e0ae220 0x00000000 0x02162182 0x0128f640 0x3e0be220 0x00000000 
  [3] W = 0x8dd495f7 0xf2253202 0xd8ce5e30 0x7202a134
      d = 0x328329e0 0x3294d034 0x00205900 0x00000000 0x1b5aa803 0xdb217052 0x00202900 0x00000000 
  [4] W = 0xa2322862 0x00fd645d 0x22a4dea6 0x977801de
      d = 0xa6404470 0x0a548325 0x20058058 0x00000000 0x8e902454 0x523a0117 0x200581d8 0x00000000 
  ... and 656 more distinct vectors
