=== block2 lowhw set: m0=0x4d9f691c fill=0x55555555 bit=13 max_hw=60 ===
samples: 1000000000  elapsed: 22.88s
min HW seen: 49

HW=49: 2 total, 2 distinct vectors
  [0] W = 0xd8b9f512 0x256305ff 0xfe442531 0x26a53040
      d = 0x093c0780 0x10200a21 0x0701e002 0x00000000 0x68046048 0x90530e70 0x03006002 0x00000000 
  [1] W = 0x920b7e16 0x44f1deb2 0x9bd38501 0x8509c7b8
      d = 0x30844821 0x5182459f 0x03830000 0x00000000 0x1590240c 0x43650183 0x00810000 0x00000000 
HW=51: 1 total, 1 distinct vectors
  [0] W = 0x67d8b0c8 0x49f08d28 0x52e18142 0x3bf7f4e6
      d = 0x22424807 0x4440de4a 0x00140448 0x00000000 0x02c8a980 0x16041e38 0x000c0448 0x00000000 
HW=52: 1 total, 1 distinct vectors
  [0] W = 0xf0a2e80a 0x19dc25bb 0x300a6ace 0xd7211887
      d = 0x06c2812c 0x042da285 0xb0018000 0x00000000 0x12364100 0x02d14437 0xd0038000 0x00000000 
HW=53: 9 total, 9 distinct vectors
  [0] W = 0x494b5a97 0x612cd8fb 0xbc4b79a2 0xbc9553bd
      d = 0xb22688e0 0x3452484c 0x32000c0d 0x00000000 0xa00d8030 0x10862208 0x36000405 0x00000000 
  [1] W = 0x71a1db6d 0x13479f6b 0xf5fb68fe 0x8478750c
      d = 0x383928f6 0x41024000 0x0811008c 0x00000000 0x602b4040 0x096b11b5 0x08130084 0x00000000 
  [2] W = 0xa29d1bb1 0x3c8c53c4 0x68659f7e 0xaacc65db
      d = 0x164a260c 0x1a41aa04 0x24028920 0x00000000 0x6804a621 0x201a6120 0x24028920 0x00000000 
  [3] W = 0x670f5ae2 0x0638c5ab 0xcf38f74d 0xebf6cb05
      d = 0xb0ca0807 0x2200e525 0x21003060 0x00000000 0x52606106 0x8a801806 0x230011e0 0x00000000 
  [4] W = 0x31758c84 0x9c4cd236 0xc7483753 0xf5e4c7c2
      d = 0xc8014940 0x04280219 0xc2c00680 0x00000000 0xf5010d06 0x41cc14f0 0x41400680 0x00000000 
  ... and 4 more distinct vectors
HW=54: 11 total, 11 distinct vectors
  [0] W = 0x79812dc2 0xdb11381e 0x7e4244f7 0xed4b4cb9
      d = 0x16c0ab90 0x28268080 0x07020001 0x00000000 0x89444545 0x27e24d94 0x09020001 0x00000000 
  [1] W = 0xa01d99ee 0x772a5fbe 0xa76dbbd0 0x12e1c8bb
      d = 0x8118014f 0x80a8f40a 0x80880100 0x00000000 0x23f26510 0x38870b08 0x80980100 0x00000000 
  [2] W = 0xc866d26d 0x57441478 0x6ca4ad3d 0xd96d463c
      d = 0x2189860a 0xccaa8130 0x25208000 0x00000000 0x0c060420 0xc6078e80 0xe7608000 0x00000000 
  [3] W = 0x939f8a16 0x39721478 0x04581946 0xe96b853e
      d = 0x09a6bd8a 0x309b4180 0x20000140 0x00000000 0x94150022 0xf58342d0 0x60000140 0x00000000 
  [4] W = 0x2ef1429b 0xd2e6188a 0x2f1d5e51 0x1e30bb7a
      d = 0xb4008028 0xe2308002 0x8c3000e0 0x00000000 0x40687a4c 0x061dec66 0x84100020 0x00000000 
  ... and 6 more distinct vectors
HW=55: 28 total, 28 distinct vectors
  [0] W = 0x2d900608 0x877304a0 0x1b099d33 0x3d52c5e4
      d = 0x602b20c1 0x4c2d4824 0x0a0f2004 0x00000000 0x01f98908 0x080320b0 0x0a13200c 0x00000000 
  [1] W = 0x42b0f98d 0xedaf9eed 0xd0340b54 0x7a8adc9b
      d = 0x082cc0d0 0x541e01a0 0x88d00280 0x00000000 0xa461a308 0xc6284021 0x89700680 0x00000000 
  [2] W = 0xd9cc5047 0x2b57ad05 0x001b2dbe 0xd0373268
      d = 0x06ab68c2 0x2190060a 0x02426000 0x00000000 0x0551fd40 0x1985c40c 0x02462000 0x00000000 
  [3] W = 0xaa95768c 0x8cda616e 0xde0fe3b5 0x6d5303a9
      d = 0x7e4acd45 0x71631a22 0x800c0808 0x00000000 0x81c80114 0x81041600 0x800c0818 0x00000000 
  [4] W = 0x6963ef51 0x85b167b5 0x81b5f1d6 0xce6aec31
      d = 0xe520040c 0xa238017c 0x80200407 0x00000000 0x80deb8c8 0x62141d40 0x80200401 0x00000000 
  ... and 23 more distinct vectors
HW=56: 41 total, 41 distinct vectors
  [0] W = 0xe9b2d0e9 0xc65a8efe 0x6725a2bc 0xbd3b2ba5
      d = 0xd4069127 0x06719176 0x00810040 0x00000000 0x7a8a3901 0x0031530c 0x00830040 0x00000000 
  [1] W = 0xb61e0cc4 0x875057e7 0x3832d711 0x38c80959
      d = 0x33946260 0x0088d187 0x0900a210 0x00000000 0x71186f00 0x08417128 0x0b00a210 0x00000000 
  [2] W = 0xb0e07869 0x424df47f 0x648f29de 0xb7218984
      d = 0x3dc86040 0x042c0a4c 0x80382191 0x00000000 0x8162198b 0x0040e070 0x800821b1 0x00000000 
  [3] W = 0x915dff7b 0xf8e38c62 0xa49e9275 0xacd12abd
      d = 0x768f08a2 0x2b080c8c 0x08102b48 0x00000000 0x0200c0a7 0x0080d845 0x08101748 0x00000000 
  [4] W = 0x776a82cd 0xc1551bd4 0x27daf2a3 0x485b62e4
      d = 0x1646946c 0x28200109 0x60108801 0x00000000 0xf0805339 0x4fc11005 0x2010b801 0x00000000 
  ... and 36 more distinct vectors
HW=57: 107 total, 107 distinct vectors
  [0] W = 0xb0209d58 0xd2f25f3d 0xbba3c557 0xa221deb3
      d = 0x200385c8 0x434a8154 0x06d18014 0x00000000 0x16c8a8d8 0x820108a2 0x02d0801c 0x00000000 
  [1] W = 0x6089b3ec 0x88770a56 0x4e8227c8 0x451f7c55
      d = 0xc80868c8 0x32721600 0x89100082 0x00000000 0x9362e193 0x1020d104 0x79100086 0x00000000 
  [2] W = 0xb663e7d1 0x99adf13d 0xd6c21df8 0x3ad7bf86
      d = 0x013e8202 0x981225b0 0x60262030 0x00000000 0x100002b5 0x491df405 0x20da2010 0x00000000 
  [3] W = 0x746dbf7f 0xb3c5e97e 0xd3afef6b 0xe611910a
      d = 0xc9044014 0x548684b1 0x7012020a 0x00000000 0x420880c0 0x2b2374e1 0x50160206 0x00000000 
  [4] W = 0x366c3e07 0x843c5cf1 0xfbed1f20 0x592f57a4
      d = 0x00404006 0x90209642 0x1023524c 0x00000000 0x0c2410b0 0x67230715 0x10635274 0x00000000 
  ... and 102 more distinct vectors
HW=58: 219 total, 219 distinct vectors
  [0] W = 0x9c3c1bbc 0xf6391739 0x4f15f796 0xcd0ea3c5
      d = 0x034380c0 0x2a0652e9 0x00500304 0x00000000 0x66713059 0x622e6265 0x00300104 0x00000000 
  [1] W = 0x83fbe6fe 0x1baf74ec 0x536340d5 0x54465049
      d = 0x8080009d 0x2ae29432 0xe8102240 0x00000000 0x84c90fa0 0x46282881 0xa83021c0 0x00000000 
  [2] W = 0x0af94110 0x79b15fdd 0x1b1009f8 0x5fcf990f
      d = 0x11c44421 0x0860814d 0x10176660 0x00000000 0xa080542b 0xa1108618 0x102ce260 0x00000000 
  [3] W = 0xd4cf3e01 0x52eff746 0x2ceb49e5 0xff2eaace
      d = 0xa98b0719 0x25482411 0x61000009 0x00000000 0x30126342 0x62c306e6 0x2300000b 0x00000000 
  [4] W = 0x4ddcb48c 0xb2e67c6a 0xd00b593f 0xdeb07189
      d = 0x94473625 0xd4052621 0x800c8241 0x00000000 0x686462ae 0x14028012 0x80048241 0x00000000 
  ... and 214 more distinct vectors
HW=59: 348 total, 348 distinct vectors
  [0] W = 0x81364e98 0x544837aa 0x05168074 0x761535f8
      d = 0xc24880b4 0x298a871a 0x080f2001 0x00000000 0xe5740d81 0x86031113 0x08092001 0x00000000 
  [1] W = 0xdcc1b7b8 0xacee96c3 0xb8eff2d8 0x902ee1c2
      d = 0xb78a0d14 0xa005010e 0x18b00030 0x00000000 0x18594d91 0x09211c54 0x18700030 0x00000000 
  [2] W = 0x0f851c07 0x2cb0eaa5 0x0d6e18b7 0x016b6eeb
      d = 0x8ba90e40 0x27040046 0x00701e04 0x00000000 0xe12be825 0x57880242 0x00501604 0x00000000 
  [3] W = 0x9d7d1eec 0xeab0b63c 0x729e48e7 0xcbdc51e6
      d = 0x5c8924e0 0x07cd0804 0x80a0000a 0x00000000 0x90078058 0x21fae71c 0x80e0000a 0x00000000 
  [4] W = 0x850a8a83 0x5f0a956e 0xb94d241d 0xa41fd5ba
      d = 0x40cb0803 0x510a1407 0x16386821 0x00000000 0x11e09039 0x14040688 0x2a286861 0x00000000 
  ... and 343 more distinct vectors
HW=60: 699 total, 699 distinct vectors
  [0] W = 0xff7142cc 0x323d8258 0xccaeaf03 0x3096b724
      d = 0x1a622ad9 0x244a0444 0x4b801600 0x00000000 0x2cc0a415 0x41c042e2 0x5b802a00 0x00000000 
  [1] W = 0x5b97d902 0xb64ee279 0x2a3f1859 0xefbfc4a3
      d = 0x305162c0 0x9294f934 0x22004a18 0x00000000 0x02ea0190 0xc2832d40 0x2600ca08 0x00000000 
  [2] W = 0x147e9101 0x0d8497ee 0x705a1212 0x711128de
      d = 0x6149d26e 0xc2f63a84 0x00208100 0x00000000 0xa5f82a55 0x48023940 0x00208100 0x00000000 
  [3] W = 0x44e3ce96 0x9b1311ce 0xdc7f063b 0xabb77487
      d = 0x06cbe6b9 0x7a08044c 0x400d0008 0x00000000 0x26304206 0x9a4626ae 0x40050008 0x00000000 
  [4] W = 0x8f8e44ad 0xa4632320 0xc0ef2743 0xa4edfd40
      d = 0x15040ba0 0xf0bc004c 0x02800e20 0x00000000 0x9b2ba48b 0x2104b126 0x07800260 0x00000000 
  ... and 694 more distinct vectors
