=== block2 lowhw set: m0=0xcbe11dc1 fill=0xffffffff bit=18 max_hw=60 ===
samples: 1000000000  elapsed: 22.86s
min HW seen: 49

HW=49: 2 total, 2 distinct vectors
  [0] W = 0x4c13d04a 0xf54be3a7 0xaed7a038 0x00c12750
      d = 0x6308c202 0x19214663 0x20044040 0x00000000 0x42608910 0x00221e5b 0x200440c0 0x00000000 
  [1] W = 0x4f93c958 0xe1a29284 0xcdbb24dd 0x8d3ad9ed
      d = 0x2fd4fc88 0x82429200 0x0200900c 0x00000000 0x130ea021 0x001e0201 0x02009004 0x00000000 
HW=50: 1 total, 1 distinct vectors
  [0] W = 0x1d709990 0xc6114891 0x0f60fd10 0x089c5b51
      d = 0x28980489 0xd842b142 0x20002302 0x00000000 0x18c98151 0x98609001 0x60002102 0x00000000 
HW=51: 2 total, 2 distinct vectors
  [0] W = 0xf2b07881 0x49a4ec71 0x517e6ae4 0x18763a55
      d = 0x12c14488 0x20344083 0x43400029 0x00000000 0xc0a34880 0x718e8080 0xc1400069 0x00000000 
  [1] W = 0xf8841fa4 0x1564e19c 0xa3b383d7 0xaae84c53
      d = 0x40064880 0x208a09d2 0x5c081428 0x00000000 0x62040920 0x41b24080 0xcc381428 0x00000000 
HW=52: 1 total, 1 distinct vectors
  [0] W = 0x0e077e8f 0xdb0b22e4 0x55a854af 0xb88efd11
      d = 0x055c8409 0x059872b1 0xe20000c0 0x00000000 0x48284e11 0x25340029 0x22000140 0x00000000 
HW=53: 8 total, 8 distinct vectors
  [0] W = 0x79cec8f9 0xbae6aab1 0x99a71049 0x0e6fbe5e
      d = 0x562361a1 0x740e0201 0xc0380780 0x00000000 0x41290241 0xc8240021 0xc0280680 0x00000000 
  [1] W = 0xc49aaa47 0xab92576e 0xce831df1 0x0a90068f
      d = 0x00ca96db 0xe500cd84 0x740b9008 0x00000000 0x12180600 0x20002102 0x34049008 0x00000000 
  [2] W = 0x6a7ef3c5 0x34c73106 0x8e1496d5 0x85092ef2
      d = 0x4904ac71 0xa088b8a1 0x03e02010 0x00000000 0x52686833 0x2000105b 0x00202010 0x00000000 
  [3] W = 0x68fa2cf0 0x81e37202 0x1bcbffb3 0xe388180d
      d = 0xc38d4140 0x06183019 0x00800034 0x00000000 0x223d089d 0x01f8243c 0x0080004c 0x00000000 
  [4] W = 0x65740795 0x555c7f96 0x8f748ae1 0xdb3c1b55
      d = 0x75806218 0x6c80098c 0x20390b00 0x00000000 0x810b8853 0x60414004 0x60090b00 0x00000000 
  ... and 3 more distinct vectors
HW=54: 10 total, 10 distinct vectors
  [0] W = 0x1abff47e 0x62388aa6 0x1ee21110 0xc4c7d170
      d = 0x48024084 0x1084d278 0x00140001 0x00000000 0xdc750003 0xe09c5f48 0x00ec0003 0x00000000 
  [1] W = 0xc7bf4c75 0xe80e96cd 0x60325f66 0x500fdba9
      d = 0x21000c4b 0x09200404 0x411ad46a 0x00000000 0x8001804a 0x8021a442 0x431ad4aa 0x00000000 
  [2] W = 0xcbdc8cca 0x12f9dce8 0x05fdc31a 0x0e456775
      d = 0x85000c6b 0x90418b27 0xd1400001 0x00000000 0x53038570 0x2c100023 0x53c00001 0x00000000 
  [3] W = 0xc403d202 0x763a6943 0x59508d8a 0x54dcd6ba
      d = 0x290d0138 0x468a4500 0x00000204 0x00000000 0xc84cac3c 0xb3b25583 0x00000604 0x00000000 
  [4] W = 0x14466cc6 0xe206c509 0x6e58f31a 0x774aebe7
      d = 0x83004c12 0x182c1620 0x40301003 0x00000000 0xb4231dad 0x880202a7 0x40107001 0x00000000 
  ... and 5 more distinct vectors
HW=55: 32 total, 32 distinct vectors
  [0] W = 0xb277072b 0x00db8222 0x6360b7cd 0xc6bc8d21
      d = 0x0920f464 0x0db9709c 0x10002006 0x00000000 0xa8851c4e 0x7a060020 0x10002006 0x00000000 
  [1] W = 0x47ae58ce 0x1a4c0c35 0xe296dbd0 0x047423e6
      d = 0xc0004104 0x18418493 0x04448280 0x00000000 0xa16451ce 0x26b3060a 0x04c48680 0x00000000 
  [2] W = 0xea3559f4 0x6074d751 0xa94fc9de 0x5ef01d64
      d = 0x5625c699 0x78999624 0x00000a00 0x00000000 0xac003d00 0x379094a4 0x00000600 0x00000000 
  [3] W = 0xe67220dc 0xef57cce8 0xcf92362d 0xa3ad8246
      d = 0x4ae52a18 0x6800f21d 0x34001201 0x00000000 0xe3002344 0x20c05216 0x14001201 0x00000000 
  [4] W = 0x39bdf707 0x6cf7c189 0x0c13d6aa 0xae1314e9
      d = 0x20840464 0x630001b2 0x88185105 0x00000000 0x13405411 0xe01e4250 0x9808d105 0x00000000 
  ... and 27 more distinct vectors
HW=56: 63 total, 63 distinct vectors
  [0] W = 0x0c4459a4 0x6963d99c 0x585a4634 0x0305013a
      d = 0xc008e2f0 0xc1ac4538 0xa2020480 0x00000000 0x192a164a 0x2018d080 0xa2020c80 0x00000000 
  [1] W = 0xc4bfe188 0x2951442f 0x3b403c65 0xa55cc263
      d = 0x01be5168 0x08006005 0x0440023b 0x00000000 0x443164f9 0x4400aba0 0x0440020f 0x00000000 
  [2] W = 0x233c90c7 0x95a122f5 0x8e049b4a 0xb0d76a7c
      d = 0x3ca08998 0xb580ba84 0x8800e000 0x00000000 0x4d0a511e 0x150401a9 0x8800a000 0x00000000 
  [3] W = 0x5c6596af 0x38b03f17 0xd50ad77e 0x734f410c
      d = 0x502dbb0b 0x03d55b0a 0x00000052 0x00000000 0x4c7130b4 0x80c400d2 0x00000032 0x00000000 
  [4] W = 0x0f05f1e5 0x96182659 0xc8baa930 0x2e00183e
      d = 0x97090008 0x29120749 0xc800084e 0x00000000 0xca686167 0x00c54220 0x4800084e 0x00000000 
  ... and 58 more distinct vectors
HW=57: 93 total, 93 distinct vectors
  [0] W = 0x02bf79f9 0x5d85c819 0x7455d11a 0x00a83201
      d = 0xf1843834 0x238856a0 0x0011c758 0x00000000 0xa04cc140 0x20208680 0x0010c1b8 0x00000000 
  [1] W = 0x60f35ad3 0x7e8edfe7 0x0b3fc69e 0x8e639268
      d = 0x4c140425 0x12a910df 0x0308000c 0x00000000 0x10d3a964 0x1501285e 0x0118000c 0x00000000 
  [2] W = 0xd752fea5 0x98454626 0x20b252a6 0x36325d75
      d = 0x4d090588 0x04202600 0xea140280 0x00000000 0xa0755089 0xaa880af8 0xaa0c0280 0x00000000 
  [3] W = 0xa1f7e5b2 0xf570e952 0xe301729f 0x670c72f6
      d = 0xd511b681 0x59850008 0x880c6000 0x00000000 0x1133225b 0xc408ca49 0x880c2000 0x00000000 
  [4] W = 0x4dc71e47 0x6ffa8140 0xc5814b89 0x72f3a3d1
      d = 0x2044198a 0x908188b8 0x2ac80604 0x00000000 0x99821406 0x81d34422 0x26c80204 0x00000000 
  ... and 88 more distinct vectors
HW=58: 189 total, 189 distinct vectors
  [0] W = 0xff63e417 0xffc9f907 0xddc65713 0xf3a3aca1
      d = 0x17503145 0x240a201f 0x28178000 0x00000000 0x3a0b449c 0x4800403d 0xe8138000 0x00000000 
  [1] W = 0xffee267e 0x5f1e862e 0x74bb39a3 0x62655ce4
      d = 0x1312b483 0x99091201 0x707c1028 0x00000000 0x42100bc0 0x64096808 0x50341038 0x00000000 
  [2] W = 0x314f8e92 0xd328755c 0x6df0e83d 0x6e197886
      d = 0x81740427 0x10c14b1e 0x40301022 0x00000000 0x28807a87 0x408d6492 0xc0101022 0x00000000 
  [3] W = 0x34b95f7d 0xf588ea16 0xf1819013 0xb3f1ab92
      d = 0x0ac412a1 0x40032400 0x4081bb20 0x00000000 0x42cd6198 0x5a318f41 0x40804520 0x00000000 
  [4] W = 0xcc3395ac 0x6e4f170f 0x19789a58 0x4c407761
      d = 0x4001d4a5 0x040220d0 0x30309a04 0x00000000 0x21660c54 0x02dba111 0x5010b60c 0x00000000 
  ... and 184 more distinct vectors
HW=59: 319 total, 319 distinct vectors
  [0] W = 0x3e4ec48e 0x3d318bc1 0x857c1145 0xedc2ef0f
      d = 0x606121f8 0x01bcd845 0x1e000800 0x00000000 0x1517440f 0xd904e585 0x02000800 0x00000000 
  [1] W = 0x20220e05 0x5db14074 0xc240afcb 0x208d26f7
      d = 0xb609bc69 0xc0507c14 0x00803027 0x00000000 0x40084e7c 0x8028a021 0x00807023 0x00000000 
  [2] W = 0xb1bc668d 0x90d6df5b 0x2c8ec265 0x6c811884
      d = 0xb1165434 0x810e0601 0x00e44122 0x00000000 0x09bc8201 0xab208a14 0x005c4126 0x00000000 
  [3] W = 0xc75bd01f 0x1655b8d3 0x88be86f4 0x54657244
      d = 0x030a892a 0x8898888a 0x310b0100 0x00000000 0x3d30c49a 0x804a5046 0x110d0f00 0x00000000 
  [4] W = 0xdde9261d 0xdc75ab88 0x49977e4a 0x6d93c1c5
      d = 0x69306530 0x2335110d 0x00806478 0x00000000 0x38d30438 0x06cf3000 0x0080a408 0x00000000 
  ... and 314 more distinct vectors
HW=60: 707 total, 707 distinct vectors
  [0] W = 0x2dfba104 0x62bab0c9 0xa0d2d998 0x87d52968
      d = 0x12539808 0x6204afb1 0xb1004641 0x00000000 0x09820008 0x2b53a189 0x91004243 0x00000000 
  [1] W = 0xb51edbe0 0xa23f76f1 0xd0cf60a1 0xa7b0874c
      d = 0x405969b5 0x3100f9c4 0x1801b0c0 0x00000000 0x81481e55 0x90400443 0x08017140 0x00000000 
  [2] W = 0x17d725d2 0x9ece90e4 0xd694e72d 0x045d20b5
      d = 0x48904100 0x8a952c08 0xa2702b18 0x00000000 0x23204081 0xc8f0594a 0xa1902b08 0x00000000 
  [3] W = 0x9a183843 0x3f12cfab 0xba1407d8 0x670c4f4f
      d = 0xdae00811 0xb11d0a48 0x11440000 0x00000000 0x8c72a055 0xad029c27 0x30cc0000 0x00000000 
  [4] W = 0x6454caf7 0x5c40da32 0xa7d18f91 0x525f7480
      d = 0x20019884 0x7c053102 0x1c265011 0x00000000 0x24501210 0xc23a1050 0x0c6e50f3 0x00000000 
  ... and 702 more distinct vectors
