=== block2 lowhw set: m0=0x51ca0b34 fill=0x55555555 bit=19 max_hw=60 ===
samples: 1000000000  elapsed: 22.96s
min HW seen: 51

HW=51: 4 total, 4 distinct vectors
  [0] W = 0x73c47c85 0x76c0f74f 0x6d0d483b 0x45430dfe
      d = 0x42a0aa01 0xc7042586 0x04800009 0x00000000 0x1bc46542 0x0024258a 0x05800009 0x00000000 
  [1] W = 0x5e6a083f 0xf2d116a9 0xd08f8bcb 0x1f299d30
      d = 0x3be1c085 0x16c84004 0xa0038200 0x00000000 0x02507085 0x4b35a000 0xa0008200 0x00000000 
  [2] W = 0x63c77c95 0x06e6cd5f 0x36e51dd9 0x3e9099b6
      d = 0x021cdd78 0x1c1402a0 0x00180501 0x00000000 0x540808f0 0x1c360060 0x00680301 0x00000000 
  [3] W = 0x832ea5df 0xa538acb5 0xa564c8a2 0xb26245da
      d = 0x30090493 0x802aa06a 0x000f0082 0x00000000 0x59240c0a 0x08261872 0x00030186 0x00000000 
HW=52: 5 total, 5 distinct vectors
  [0] W = 0xead5204f 0x95400301 0x312d5bb1 0xd13de51c
      d = 0x0314b808 0x0140b020 0x0302c402 0x00000000 0x80e36200 0xe7005166 0x03074402 0x00000000 
  [1] W = 0xfe6a9f5d 0x1dac5a3d 0x4b9d9848 0xea086442
      d = 0x4426f089 0x06c2408b 0x05c01980 0x00000000 0x8000d590 0x46d0d000 0x05400880 0x00000000 
  [2] W = 0x2a346983 0x478f1a21 0x3da660c4 0xc66d9b7b
      d = 0xac123a30 0x08e820e6 0x00000628 0x00000000 0x52423061 0xc8b04148 0x00001a28 0x00000000 
  [3] W = 0xc00f50fa 0x6810bbb2 0x93be4421 0x3c737e3c
      d = 0x90040ebc 0x002c0070 0x01004f40 0x00000000 0xe0e30200 0x6e710ca2 0x010048c0 0x00000000 
  [4] W = 0x6b945e66 0xeb45270a 0xbb2c5bd8 0x3abf3d93
      d = 0x88101a4c 0x03c0118c 0x24c0c000 0x00000000 0x020a603c 0x09334c2b 0x2441c000 0x00000000 
HW=53: 4 total, 4 distinct vectors
  [0] W = 0x096fe328 0x5459ac0d 0x5adfa0c1 0x763d23e2
      d = 0x94087528 0xf52248b0 0x06040003 0x00000000 0x1016ae23 0x40450486 0x0a040001 0x00000000 
  [1] W = 0xf7cc1881 0xef5c5f0f 0xf30c2771 0x8ba5ac80
      d = 0x4580020a 0x81104a91 0x06c05008 0x00000000 0x08be4e8b 0x03804b8a 0x02405008 0x00000000 
  [2] W = 0x34cba0b5 0x5b793bbb 0xfdc2d23c 0x57253e3e
      d = 0xca910140 0x0d90b166 0x00018044 0x00000000 0x05029966 0x09b1608b 0x00018044 0x00000000 
  [3] W = 0x2e6ce390 0xf1c9e97f 0x502b8e8c 0x1eb9d051
      d = 0xc0d3c449 0x58363210 0x50820000 0x00000000 0x4260981a 0x0c1438c6 0x30820000 0x00000000 
HW=54: 13 total, 13 distinct vectors
  [0] W = 0x96373cd3 0x4401e4a5 0x6a3a650f 0xf5e95e02
      d = 0x2a148114 0x43a30e28 0x0c001ca0 0x00000000 0x04c43350 0x2510b6a0 0x04000ca0 0x00000000 
  [1] W = 0xc9d675c6 0xeab87851 0x53f77b88 0x2c429cab
      d = 0x9e284a87 0x4a14c204 0x00400006 0x00000000 0xd1d31898 0x4bcc6802 0x00400002 0x00000000 
  [2] W = 0xbd64826c 0x880b8bf8 0xd7ea1f02 0x1548b5e7
      d = 0x88a5a2d1 0x600fc034 0x28020000 0x00000000 0x893d845e 0xb6080124 0x28020000 0x00000000 
  [3] W = 0x584a6398 0x93145904 0x1eae76de 0xdece0264
      d = 0xc700c4a2 0x00000087 0x0c24b050 0x00000000 0x830cb8f4 0x111824c4 0x04249050 0x00000000 
  [4] W = 0xa35458b6 0x20131e77 0x38662cb9 0x43df3a61
      d = 0x58440015 0x0a68b035 0x20a00c00 0x00000000 0x093a8905 0x22a0af95 0x20a00400 0x00000000 
  ... and 8 more distinct vectors
HW=55: 19 total, 19 distinct vectors
  [0] W = 0xee7a9ac3 0x19762e12 0x4a340948 0xa8b0f406
      d = 0x2a08a4a2 0x902d0468 0x06060253 0x00000000 0x81720210 0xc9100284 0x060602d3 0x00000000 
  [1] W = 0x9e6823f6 0xd8c3715d 0x6bf9cf09 0x110006a5
      d = 0xf0888840 0x10c48fc5 0x80e80480 0x00000000 0x08e6880a 0xbc408464 0x80180480 0x00000000 
  [2] W = 0xd11d9c5b 0x304f6f10 0x680d3906 0x2a9e4c90
      d = 0x8848000d 0x101a3084 0x4015f006 0x00000000 0xd000d55b 0x18581572 0x40141002 0x00000000 
  [3] W = 0x80393331 0x6db743de 0x3c54e638 0xb2e57851
      d = 0x089c4819 0x20e92642 0x03912700 0x00000000 0x04853091 0xc3004c03 0x02912900 0x00000000 
  [4] W = 0x79704465 0x4e674ffb 0x5497fad7 0xd264a911
      d = 0x192a8d20 0xc0da0460 0x410110a0 0x00000000 0x2304b4a5 0x1048c164 0xc10110a0 0x00000000 
  ... and 14 more distinct vectors
HW=56: 54 total, 54 distinct vectors
  [0] W = 0xacf94663 0x0299eb59 0xc1a840a0 0xfe38abbe
      d = 0x00054050 0x1201c2a2 0x208500c1 0x00000000 0x8a2c6999 0x279201e8 0x208f00c1 0x00000000 
  [1] W = 0x5f241d6b 0x4dab76cf 0x4d2269b6 0x02819e3c
      d = 0x035000a0 0x210028ca 0x0201403d 0x00000000 0x4042ea74 0xa53f0cda 0x0200c005 0x00000000 
  [2] W = 0x531214d8 0x20aa9f9c 0x187de030 0x2b0df3ad
      d = 0x0d9018e4 0x5a65e04e 0x00000100 0x00000000 0x59968913 0x52a0268e 0x00000700 0x00000000 
  [3] W = 0xe3b4fa72 0xe3aa05ef 0xc1e138e4 0x3944b8da
      d = 0x62588068 0x15887291 0x04020204 0x00000000 0x52695b68 0x00e32d10 0x04060204 0x00000000 
  [4] W = 0x5c215324 0xbef8e8c6 0xdfef5ff6 0xb6213a3e
      d = 0x2a14ca12 0x204003d1 0xdc0000f8 0x00000000 0x8077080d 0x05050143 0xc4000788 0x00000000 
  ... and 49 more distinct vectors
HW=57: 93 total, 93 distinct vectors
  [0] W = 0x15882a29 0x096d4baf 0xa3078fc3 0x0d07113c
      d = 0x10118a53 0x0024c493 0x3dc14200 0x00000000 0x285490c0 0x20ed4640 0x0dc0c200 0x00000000 
  [1] W = 0x802937cd 0x7cc85005 0xafd1a741 0xfc00917d
      d = 0x09189f50 0x854200c1 0x560600a6 0x00000000 0xd4430700 0x0090a880 0xaa0a00e6 0x00000000 
  [2] W = 0xa095a048 0x8709eac6 0xf07f8a2e 0x26731cd3
      d = 0x163a7481 0x0bc06ba0 0x0002820d 0x00000000 0x4360a844 0x22226a32 0x00028205 0x00000000 
  [3] W = 0xcabbd6e8 0xbcb755bb 0x9603c9db 0x082316a7
      d = 0xc04be0e0 0xc5028164 0x200068a0 0x00000000 0xb05d4099 0xb1610015 0x20006860 0x00000000 
  [4] W = 0xcf95edf3 0x375d2826 0xd96d804a 0x45fa6bf8
      d = 0x01844040 0x0213d41a 0x2810c900 0x00000000 0x22994e4a 0x27034614 0x68304f00 0x00000000 
  ... and 88 more distinct vectors
HW=58: 193 total, 193 distinct vectors
  [0] W = 0x3f0a8d0e 0xbbc4313b 0x818ab68a 0x3c2839c7
      d = 0x98112809 0x40802410 0x0b5190c0 0x00000000 0xf216dc10 0x803a1247 0x08b190c0 0x00000000 
  [1] W = 0xf8d32795 0x1818f925 0xe0b70ddb 0x2081c6fd
      d = 0x31955161 0x210d8080 0xe0800479 0x00000000 0x3a205a51 0x2411610c 0x21800c09 0x00000000 
  [2] W = 0xb3a42046 0xc2338990 0xd33bd210 0x8649532c
      d = 0x0110641a 0xa065540d 0x98500893 0x00000000 0xa4090030 0x924850a6 0xa8d00891 0x00000000 
  [3] W = 0xa9427a61 0x27cb05a6 0xa8832539 0x48a8064b
      d = 0x2fa8880a 0xa481301b 0x0509e080 0x00000000 0x520d1706 0x82c1205a 0x05082080 0x00000000 
  [4] W = 0x1f8861d8 0x65de6821 0xb39995cc 0xa52afedc
      d = 0x80242b93 0xa10200a9 0x88680408 0x00000000 0xa20d1e40 0x8348674a 0x88280438 0x00000000 
  ... and 188 more distinct vectors
HW=59: 328 total, 328 distinct vectors
  [0] W = 0xb08096b8 0xe8af35f3 0xcc3b0d9b 0x1c8f50bf
      d = 0xc0908e61 0xc3a0804e 0x01300062 0x00000000 0x50f97822 0x01bd0152 0x0110002e 0x00000000 
  [1] W = 0x333168c8 0xdb249c5c 0x5d48396b 0x16cbff79
      d = 0x0252024b 0x30317202 0x04942c80 0x00000000 0xf63af080 0x001a0b15 0x04946480 0x00000000 
  [2] W = 0xef5b522c 0x26cc84c3 0x7cc342c9 0x87d77804
      d = 0x0d4101d8 0x40503992 0x4dc8001b 0x00000000 0x1a911514 0x31902400 0x54d80019 0x00000000 
  [3] W = 0xdad0e2fc 0x176f36db 0xc731ee21 0xa443d83b
      d = 0x66a18168 0x006e08c1 0x4c040004 0x00000000 0xc03e056c 0xc30cc854 0xdc0c0004 0x00000000 
  [4] W = 0x159d1857 0x6463c09c 0x92799a24 0x86941dfa
      d = 0xd294498e 0x2d20006a 0x28480278 0x00000000 0x24a41924 0x0912a40d 0x28480218 0x00000000 
  ... and 323 more distinct vectors
HW=60: 622 total, 622 distinct vectors
  [0] W = 0x8f9d80b4 0xcee8f151 0xc8959f30 0x1507f3a9
      d = 0x0256276a 0x24493068 0x10804060 0x00000000 0xbb61a870 0x6e280dc0 0x108040a0 0x00000000 
  [1] W = 0x5f0bf647 0x19a3d266 0x1e0b51b1 0xf3943e4f
      d = 0x18580008 0x8ddad102 0xb9a87080 0x00000000 0xc01c0019 0x2407b103 0x98681180 0x00000000 
  [2] W = 0xd41a4585 0x09ffd1d0 0x8b70ae72 0x496a848d
      d = 0x1a722a80 0xb085603e 0x01e24002 0x00000000 0xc0c93000 0x5b882909 0x01e5c002 0x00000000 
  [3] W = 0x64e7bb30 0xe3bfacf0 0xd2155be0 0x54458dd4
      d = 0x094300c4 0x098925e8 0x100d8101 0x00000000 0x0b190113 0xf066c043 0x101b8303 0x00000000 
  [4] W = 0xa6e2395e 0xd8f8befa 0x2bd4b449 0x16e49607
      d = 0xb3580a90 0x30d12288 0x7a6c3000 0x00000000 0x8a5538a0 0x2c32c000 0x8a2c1000 0x00000000 
  ... and 617 more distinct vectors
