=== block2 lowhw set: m0=0x5ac592ed fill=0xffffffff bit=28 max_hw=60 ===
samples: 1000000000  elapsed: 22.92s
min HW seen: 51

HW=51: 2 total, 2 distinct vectors
  [0] W = 0x07bedff0 0x54568bd0 0x20b5e186 0x0c289744
      d = 0x448a8109 0x9989239a 0x02024000 0x00000000 0xb1029840 0xa206619c 0x02064000 0x00000000 
  [1] W = 0x409cc020 0xcb8d21ec 0x99a250b4 0xa52394ae
      d = 0x42040040 0x5a0512fa 0x01000406 0x00000000 0x5000f11a 0x89e721e5 0x01000402 0x00000000 
HW=52: 4 total, 4 distinct vectors
  [0] W = 0x1ce7bf00 0x8bfe9ae3 0x4cf800f2 0xd02ab6a1
      d = 0xf0971276 0xa241e801 0x0004000e 0x00000000 0x2990c026 0x12102022 0x001c0032 0x00000000 
  [1] W = 0xe60aac1d 0xc2a3eef9 0x50eeb9a7 0x7c99530a
      d = 0x01874703 0xd40080c8 0x0000c038 0x00000000 0x21c0e009 0x51c17750 0x00004078 0x00000000 
  [2] W = 0xf65e726c 0x3a6e22c5 0x38e9461e 0x157b4f6b
      d = 0x5002b909 0x40c08124 0x105c24d0 0x00000000 0x08401a11 0x81514250 0x104c24b0 0x00000000 
  [3] W = 0x45e837f4 0x21c4599f 0xf40a7064 0xfad30187
      d = 0x0064ef44 0x889c5450 0x00120c00 0x00000000 0x8b504a70 0x60685040 0x002e0400 0x00000000 
HW=53: 12 total, 12 distinct vectors
  [0] W = 0x5e30bd63 0x7a03cc0d 0x73cfd44c 0xa1840d0f
      d = 0xb1600f38 0x842882d6 0x08800000 0x00000000 0x290ec2c9 0x82584750 0x09800000 0x00000000 
  [1] W = 0xc7574323 0xc955a3fa 0xd871708f 0x3a7d9c5f
      d = 0x1512a888 0x18044240 0x028f2407 0x00000000 0x0000241d 0x441482ae 0x02832407 0x00000000 
  [2] W = 0x48d25354 0x55a29308 0xffb18dc9 0x0f11936d
      d = 0x9c45f108 0x7c802b0e 0x80004000 0x00000000 0xa5434504 0xaa841d0c 0x80004000 0x00000000 
  [3] W = 0xfd837eee 0xd9800fe1 0xd7f4383f 0x4e8df886
      d = 0x10880900 0x02044c10 0x58160084 0x00000000 0x1a895fa2 0x90171d01 0xc8160084 0x00000000 
  [4] W = 0xb6d5fc45 0x22f6458b 0xa2ad45a8 0x49105424
      d = 0x06849870 0x9b440a6d 0x08441020 0x00000000 0x234c8306 0x24106822 0x08441020 0x00000000 
  ... and 7 more distinct vectors
HW=54: 9 total, 9 distinct vectors
  [0] W = 0xad269c1a 0xaa198a48 0xf1483be0 0x30bc5fba
      d = 0x029a4002 0x36404208 0x102086e0 0x00000000 0x03304201 0xf0d0292c 0x11e18660 0x00000000 
  [1] W = 0x1770ec66 0x55790a18 0xf37c30a5 0xd87de831
      d = 0x64048821 0x2301121d 0x24018060 0x00000000 0xd8240223 0xdb0052bb 0x24028020 0x00000000 
  [2] W = 0x0099e900 0x8a870c5c 0x0a9b829a 0x23d7003e
      d = 0x605051a0 0x0a911808 0x0700c348 0x00000000 0xa36da348 0x00142f08 0x010040c8 0x00000000 
  [3] W = 0x05d34183 0xd181f932 0x3a5e0241 0xb8ddb60a
      d = 0x1907c885 0x1caa380f 0x00080400 0x00000000 0xb98000a4 0x34b01b4b 0x00180400 0x00000000 
  [4] W = 0xa82aa2e4 0x72bdc73f 0x81120052 0xe21c3b1e
      d = 0x42983504 0x860e6227 0x00a10064 0x00000000 0x0d480300 0x0a89d30a 0x00610064 0x00000000 
  ... and 4 more distinct vectors
HW=55: 17 total, 17 distinct vectors
  [0] W = 0x4ff8ad13 0x1106e7fe 0x72d16142 0x81d8c9fe
      d = 0x54004548 0x06830045 0xd6004080 0x00000000 0x078c655d 0x5401620b 0x7a004080 0x00000000 
  [1] W = 0x5c10d0a0 0x869a87e2 0x1ab336f1 0xf1c83027
      d = 0x1688b444 0x0402f202 0x0680040a 0x00000000 0x11212847 0xa0a20b20 0x0a8004fe 0x00000000 
  [2] W = 0x60ae200d 0x3155991a 0xcca59c01 0x9b95f1f3
      d = 0x30d19d80 0x288a8a70 0x14020000 0x00000000 0xc4ffa10a 0x6188aa10 0x0c020000 0x00000000 
  [3] W = 0x60ca3b69 0xd3461ffa 0x0793a366 0x0c1409b9
      d = 0xd0606d41 0x2001e062 0x0001c41c 0x00000000 0xd4506408 0x44f02cab 0x0000c404 0x00000000 
  [4] W = 0x24ec79f6 0xd18f6fff 0xb262a927 0x0f816a04
      d = 0x02043700 0x1c2a4105 0x00303750 0x00000000 0x600c1239 0x020d0ba0 0x00302f70 0x00000000 
  ... and 12 more distinct vectors
HW=56: 47 total, 47 distinct vectors
  [0] W = 0xb8c6e82f 0xdda4630e 0x6974f66c 0x0098bbb0
      d = 0x00866a80 0x440b2888 0x00400d01 0x00000000 0x4adea792 0x242320cf 0x00401301 0x00000000 
  [1] W = 0x945af2b4 0x8b8ee1f2 0xa1a1cf6a 0x91d4aacc
      d = 0x0a950428 0x2490d408 0x80108046 0x00000000 0x94c06302 0x0486edad 0x8010804e 0x00000000 
  [2] W = 0x90508077 0x8b9a2b58 0x10d8c820 0x3245550e
      d = 0x413eb039 0x08030290 0x80161880 0x00000000 0x7be40e45 0x04188900 0x80162880 0x00000000 
  [3] W = 0x9cfc3b5d 0x69654456 0xfc137081 0xd2602980
      d = 0x0c145eb1 0x0c413906 0x1e201010 0x00000000 0xb0106176 0x0169a406 0x02201010 0x00000000 
  [4] W = 0xed20433a 0x4da942b9 0xda345886 0x75b2b294
      d = 0x40431400 0xc043cd39 0xa0008140 0x00000000 0xb8948e19 0x4041b04b 0xa0038140 0x00000000 
  ... and 42 more distinct vectors
HW=57: 97 total, 97 distinct vectors
  [0] W = 0x54ecb958 0xbb3ccfdb 0x7a3069b8 0x97ed155b
      d = 0x004d6c50 0x0c0a2d6a 0x81a0c780 0x00000000 0x45001845 0x8068074a 0x81a04280 0x00000000 
  [1] W = 0xa76285a4 0x0d19b7af 0x46650179 0x2f0019dc
      d = 0x24534003 0x6ce40218 0xe0000880 0x00000000 0x9fbf5816 0xa8c10308 0x20000980 0x00000000 
  [2] W = 0xbfdacb95 0x33ab00e1 0x25562e7a 0xf3bad8f6
      d = 0x12a4220e 0x405d2810 0x24008408 0x00000000 0x0e860cba 0x2b2c089e 0x24009c08 0x00000000 
  [3] W = 0x9c722ca1 0xe52a6a12 0xa567bae6 0x15512c9b
      d = 0xe4029126 0x440000a5 0x13000389 0x00000000 0xd9262528 0x22856442 0x7d000089 0x00000000 
  [4] W = 0x9b88a68d 0x64716501 0x52fd4c49 0x95f62f93
      d = 0x00e02125 0xd007a210 0x808c1048 0x00000000 0x9ceaa642 0xc2217028 0x808410c8 0x00000000 
  ... and 92 more distinct vectors
HW=58: 194 total, 194 distinct vectors
  [0] W = 0x61e617ea 0xc07bca87 0x9c45b452 0x7333c795
      d = 0x682c6f87 0x301288c1 0x00004420 0x00000000 0x5b9a80c0 0x502e2459 0x00007c20 0x00000000 
  [1] W = 0xe10fb22b 0xfe11e84e 0xa0117182 0x4a0fa4d2
      d = 0x10450511 0x3075e220 0x8c0c0080 0x00000000 0xc2e02815 0xfb948070 0xb4040180 0x00000000 
  [2] W = 0x867ecb37 0xbc1893db 0x621739aa 0x21655c5b
      d = 0x54e480b1 0x089191f4 0x0240e030 0x00000000 0x0db81222 0x0801083a 0x024160f0 0x00000000 
  [3] W = 0x6c72625c 0x2707ba40 0xd9b59e87 0x26cc3d15
      d = 0xc1105aa9 0x23a29408 0x19200200 0x00000000 0x800743d1 0x803dc2f4 0x19600200 0x00000000 
  [4] W = 0xb95bd654 0xb1b7c41c 0x6fb87046 0x57a0935e
      d = 0x611e4aac 0x068c508a 0x0a030120 0x00000000 0x7854522e 0x1806200e 0x0a0100e0 0x00000000 
  ... and 189 more distinct vectors
HW=59: 377 total, 377 distinct vectors
  [0] W = 0x100683f9 0xcf41bb65 0xfd818913 0x58d26702
      d = 0x8d275040 0x48850800 0x66054000 0x00000000 0x02a351c6 0xf201f892 0x7a05c000 0x00000000 
  [1] W = 0x946fdd6e 0x97877b6f 0x65be445a 0x0b9f0ac0
      d = 0x3389005b 0x08c12595 0xa8820c40 0x00000000 0x4090c809 0x40b0a751 0xa8860440 0x00000000 
  [2] W = 0xa1e1dd7e 0xd3845b79 0x4581b68c 0x1951eba4
      d = 0x020b1e91 0x490c5111 0x1700a210 0x00000000 0x05924684 0xc3440326 0x1100ae30 0x00000000 
  [3] W = 0xeb6f7889 0x8bb50c76 0x6d40f40b 0x0bf4108b
      d = 0x13c0522c 0x216b78e0 0x30835000 0x00000000 0x03464806 0x4142c728 0x31815000 0x00000000 
  [4] W = 0x725b10f4 0x18f68216 0xde30efcc 0xbae8cb28
      d = 0x0c020089 0x1244c908 0x3c9400d3 0x00000000 0xc402016a 0x95a15120 0x0b8c00b7 0x00000000 
  ... and 372 more distinct vectors
HW=60: 627 total, 627 distinct vectors
  [0] W = 0x86dd786d 0x13c95c25 0x31f1e063 0xb24d553d
      d = 0x54028151 0xb2451144 0x18208980 0x00000000 0x0b0dccc5 0x060710b8 0x18e08980 0x00000000 
  [1] W = 0x0053aa27 0xd7f9652c 0x90cf88c2 0x5b28fd09
      d = 0x252a1101 0x9906c80a 0x008129d0 0x00000000 0xc8a5dd51 0x21053403 0x00812a50 0x00000000 
  [2] W = 0x8a4b5c1a 0xd8c5f33e 0xb2e20d8f 0x992110e6
      d = 0x56ac0a80 0xcc229235 0x4c0004c0 0x00000000 0x299802a4 0xe0d07275 0x44000c40 0x00000000 
  [3] W = 0x6da4493b 0x74e8343a 0x3f86ecad 0xa0748924
      d = 0x08144864 0x80778176 0x000702d0 0x00000000 0x0db0201e 0x9a8003ea 0x00030f50 0x00000000 
  [4] W = 0x77037a8a 0x1214e2c3 0x47d47945 0xd76b1a5b
      d = 0x0a092e10 0x56400d70 0x066000c8 0x00000000 0x14300257 0x4fb71327 0x0a200048 0x00000000 
  ... and 622 more distinct vectors
