=== block2 lowhw set: m0=0x075cb3b9 fill=0x00000000 bit=10 max_hw=60 ===
samples: 1000000000  elapsed: 22.78s
min HW seen: 48

HW=48: 1 total, 1 distinct vectors
  [0] W = 0x398eacd7 0x6e93617d 0x5524c443 0x78349035
      d = 0x002d8500 0x00c02817 0x8000e818 0x00000000 0x80023b07 0x6024486a 0x8000a818 0x00000000 
HW=49: 1 total, 1 distinct vectors
  [0] W = 0x71c276a5 0xddcfecee 0x2a15a427 0x4cb0668f
      d = 0x42048014 0x82226004 0x080bc00c 0x00000000 0x236904ea 0xe14020a1 0x080b4004 0x00000000 
HW=50: 1 total, 1 distinct vectors
  [0] W = 0x6c270f71 0x34e45b35 0x4fd63a74 0x9b873938
      d = 0x0e602402 0x640f2340 0x041c1080 0x00000000 0x01235189 0x49520410 0x040c7080 0x00000000 
HW=52: 1 total, 1 distinct vectors
  [0] W = 0x3e7d0db8 0x668209fd 0xd00afe43 0x7799ede2
      d = 0xb4298650 0x49812083 0x040000dc 0x00000000 0x41c18499 0xf0a010a0 0x0c000034 0x00000000 
HW=53: 7 total, 7 distinct vectors
  [0] W = 0x6cc9bba5 0x2c1bf91b 0x342ea067 0xe4643eb6
      d = 0x40080008 0x00c4811e 0x88108760 0x00000000 0xa24862b0 0x22612746 0x883086a0 0x00000000 
  [1] W = 0x209279c3 0x9aefecd6 0x89d6f2ec 0xa6e07c09
      d = 0x5a629620 0x8e18a9a4 0x06800220 0x00000000 0x31e53810 0x8410202a 0x02800220 0x00000000 
  [2] W = 0xa0355b8a 0x63c7db28 0x8cf07859 0xfc982d24
      d = 0x01126930 0x043100c9 0x0808003a 0x00000000 0x80882a8a 0x9f406973 0x0808001a 0x00000000 
  [3] W = 0x1431e56d 0x3b167543 0x42739c1c 0x0ff09864
      d = 0x070c44aa 0x08a10410 0x31040413 0x00000000 0x7204082c 0x84684080 0x710c0475 0x00000000 
  [4] W = 0xc908fedb 0x0cad43f2 0x3eb962fb 0x4e277a88
      d = 0xc0200672 0x4044c07b 0x02420980 0x00000000 0x01d82009 0x0c9130b4 0x064e0880 0x00000000 
  ... and 2 more distinct vectors
HW=54: 16 total, 16 distinct vectors
  [0] W = 0x51cc5b4a 0x8e0bb518 0xedb1e0cc 0xe4a90b18
      d = 0x0ac00f64 0x90829072 0x41200018 0x00000000 0x933bf110 0x2018b808 0xc1200008 0x00000000 
  [1] W = 0xd85a7ff9 0x6307914b 0xb4f9825c 0x12fa40a5
      d = 0x44983140 0xd033f034 0x81002001 0x00000000 0x50dec262 0x30421251 0x81002001 0x00000000 
  [2] W = 0x39e4ff8f 0x64bcdc25 0x18387499 0xc3c0a64c
      d = 0x40064200 0x880b9208 0xf890400e 0x00000000 0x8c68014c 0x873085a1 0x8890400a 0x00000000 
  [3] W = 0xba9b42f5 0x8a74f977 0xbe18689a 0xd26552ff
      d = 0x42045202 0x0c9f0aae 0x20220032 0x00000000 0x1530a053 0x05484530 0x60220012 0x00000000 
  [4] W = 0xf6596ae4 0xbbb56ba6 0xcef5b806 0x475ddb7c
      d = 0x28479046 0xca041907 0x100c1809 0x00000000 0x880c700a 0x42219130 0x100c0819 0x00000000 
  ... and 11 more distinct vectors
HW=55: 22 total, 22 distinct vectors
  [0] W = 0xda89110e 0xedbd061a 0xe2b27405 0x2a62c19c
      d = 0x42a94120 0x1b52b164 0x008a0428 0x00000000 0x0b08b201 0x0162f484 0x008a0428 0x00000000 
  [1] W = 0xa7511b90 0x004869a1 0xa2f5acff 0xfa22ae0a
      d = 0x45228590 0x324a5081 0x10200800 0x00000000 0x2fe98208 0x5d82c541 0x10603800 0x00000000 
  [2] W = 0x5031f56b 0xbd08e685 0x9adadb49 0xf7c0e990
      d = 0x150a1815 0x01682c10 0x4501c012 0x00000000 0x10682027 0xd0165d18 0x45004032 0x00000000 
  [3] W = 0x1ad09a06 0x3b9b870e 0x243634d3 0xb7289525
      d = 0x1408580e 0xe6e42100 0x21002000 0x00000000 0xdcc9ab8c 0x0c1d0285 0xe1002000 0x00000000 
  [4] W = 0x2d90eae5 0x294602e3 0xca58dbae 0xf4831438
      d = 0x80b46047 0xcd224144 0x00000020 0x00000000 0xb37a163c 0xc622474c 0x00000060 0x00000000 
  ... and 17 more distinct vectors
HW=56: 49 total, 49 distinct vectors
  [0] W = 0x1aa2c613 0x0e706343 0x41184baf 0x45dc7cb9
      d = 0x5c49150e 0xacc4208a 0x80013b18 0x00000000 0x80262540 0x48252849 0x80010508 0x00000000 
  [1] W = 0x2d3e54ad 0x12db6878 0x855ea5d2 0x6d7d6920
      d = 0x87109062 0x27c92004 0x20403801 0x00000000 0x83cd47ad 0x8a301084 0x20402801 0x00000000 
  [2] W = 0xc999a7b6 0x508c3921 0x22a62c55 0x02b307a3
      d = 0xa9076200 0x400d9158 0x20111648 0x00000000 0x4289a232 0x9209001a 0xe0111248 0x00000000 
  [3] W = 0xbdbd95db 0xefd8b958 0xe68b6101 0xdfcb8ed4
      d = 0xf80054c0 0x15101c40 0x001f8822 0x00000000 0x94088002 0x88cb865e 0x00318862 0x00000000 
  [4] W = 0x364781da 0x09e8fe64 0xd2aadbb6 0xb257b458
      d = 0x08122010 0x52843554 0x8b4200fc 0x00000000 0x08208832 0x182d0b02 0x8b42005c 0x00000000 
  ... and 44 more distinct vectors
HW=57: 94 total, 94 distinct vectors
  [0] W = 0x6e4b5b66 0xa1d4a755 0x92fda48a 0xebf2003c
      d = 0x39c42410 0xac8a6401 0x61000086 0x00000000 0x460169d1 0x4188b2e0 0xe3000082 0x00000000 
  [1] W = 0xf359fd26 0x53563058 0x3ef22436 0x34eff88c
      d = 0x30006f24 0x2664c14e 0x0064010c 0x00000000 0xc4a91900 0x899f1084 0x0064010c 0x00000000 
  [2] W = 0x686457e8 0xb1bdf224 0xf0d7ced8 0x2895819e
      d = 0x2303a0b7 0xc084412d 0x2e000160 0x00000000 0x03484264 0x4401924b 0xea000160 0x00000000 
  [3] W = 0xaac339fb 0x727bdfa5 0x38601722 0x6a0d0660
      d = 0xd20c020e 0x98288068 0x18788384 0x00000000 0x47804018 0x102f0e54 0x08588084 0x00000000 
  [4] W = 0x3dbe1682 0x12ab0f95 0x186b5119 0x3b414f9d
      d = 0x08005890 0x45ef423e 0x004ac504 0x00000000 0x02202080 0x468660c0 0x01ba4f04 0x00000000 
  ... and 89 more distinct vectors
HW=58: 187 total, 187 distinct vectors
  [0] W = 0x66a192c9 0xcbeb8e15 0xff071321 0xb1048f90
      d = 0x31463a91 0x99042307 0x8000a022 0x00000000 0xb10f6a50 0x29884506 0x80006022 0x00000000 
  [1] W = 0xe828a272 0x70b51461 0x9512f2dd 0xa26fd859
      d = 0x85a1a180 0x05b11921 0xc0244008 0x00000000 0x559a0942 0xde083909 0x40244018 0x00000000 
  [2] W = 0xd6f017d7 0x55592792 0x44c0b7a7 0x14bba91d
      d = 0x7480a862 0x224d02be 0x49c12000 0x00000000 0x6ae52004 0x1046018c 0x4a436000 0x00000000 
  [3] W = 0xf284acd9 0x84e85596 0x450085db 0xe2c22fc6
      d = 0x02e06bb1 0xe88e4888 0x02020201 0x00000000 0x0d165b44 0xb130cc60 0x02020201 0x00000000 
  [4] W = 0x06c20ffd 0xa08c0003 0x310278e5 0xbdc21aaa
      d = 0x1c880835 0x0d106018 0x56028903 0x00000000 0x148209d4 0x85c0090c 0xba028903 0x00000000 
  ... and 182 more distinct vectors
HW=59: 357 total, 357 distinct vectors
  [0] W = 0x26663037 0xec74a0e7 0x7567e6b3 0xbf898f0b
      d = 0xa90110f1 0x21108381 0x90389195 0x00000000 0x02c02442 0x29b58021 0x9028908b 0x00000000 
  [1] W = 0xc9594d24 0xff4a161a 0x0ca8131e 0xd7b15b1b
      d = 0x20599285 0x3a6a8c01 0x08384801 0x00000000 0x215c2240 0x230ca83f 0x08284801 0x00000000 
  [2] W = 0x9db33938 0xa81cca32 0x1a08c17f 0x46c32dec
      d = 0xa254ac43 0x038605d0 0x29046050 0x00000000 0x70024849 0x04411465 0x3b042070 0x00000000 
  [3] W = 0xb62a804c 0x224d18fd 0xab0df2d4 0xbfb8779f
      d = 0x86d78882 0x1a024ee4 0x16041000 0x00000000 0x9c41c401 0x95cc6654 0x12041000 0x00000000 
  [4] W = 0x300a3617 0xafd54313 0xf15339c8 0x5b242d5d
      d = 0x204acc4a 0x6c26c182 0x9aa00440 0x00000000 0x80dd8022 0x40e00954 0x6a6004c0 0x00000000 
  ... and 352 more distinct vectors
HW=60: 676 total, 676 distinct vectors
  [0] W = 0xfed849a2 0x0a6238d4 0xe26b5368 0x88c4fa0b
      d = 0x5b361906 0xa1641945 0x3e202100 0x00000000 0xa00b111a 0x18110054 0x72606100 0x00000000 
  [1] W = 0x702f903e 0xc72a346a 0xb541a399 0xa76aa300
      d = 0xc208dd48 0x0a680019 0x00b84407 0x00000000 0x5fd103f7 0x08020838 0x00684401 0x00000000 
  [2] W = 0x87ca2d17 0x8f7d2843 0x64def259 0xe8246d73
      d = 0x85e8184e 0x11460886 0x00104308 0x00000000 0x4688b3b0 0xca1a484a 0x0010c338 0x00000000 
  [3] W = 0x5640476c 0x8b10ef7a 0x490364a5 0x976d1bae
      d = 0x1127bd58 0x412a987c 0x78200008 0x00000000 0x0b8812b1 0x0d4318c2 0x28200008 0x00000000 
  [4] W = 0x90f70722 0x727c9a4b 0xc784d0f1 0xeec119bc
      d = 0xb1a0a1d9 0xca10118b 0x18540502 0x00000000 0x001015b9 0xb044c10a 0x08d40302 0x00000000 
  ... and 671 more distinct vectors
