=== block2 lowhw set: m0=0x67043cdd fill=0xffffffff bit=14 max_hw=60 ===
samples: 1000000000  elapsed: 22.85s
min HW seen: 50

HW=50: 2 total, 2 distinct vectors
  [0] W = 0x5d56463d 0x27a43255 0x9c3696e2 0x93b4c377
      d = 0x00940024 0x07401a81 0x040a1804 0x00000000 0xb464086e 0xda09c140 0x0c060804 0x00000000 
  [1] W = 0x49ff2359 0x1f1ee7f3 0xbffc2663 0x5d3b249b
      d = 0x0c344840 0x39514f4d 0x00048000 0x00000000 0x2200d204 0x18d462a1 0x003c8000 0x00000000 
HW=51: 1 total, 1 distinct vectors
  [0] W = 0x5eb7238a 0xe201e3c9 0x116d3255 0x53def106
      d = 0x19103040 0x11409249 0x10a14c00 0x00000000 0x32009b13 0x6049ac01 0x10614c00 0x00000000 
HW=52: 1 total, 1 distinct vectors
  [0] W = 0x9bc4e48e 0xedf1c3a4 0x652005a6 0xd70a1aec
      d = 0xad2b599c 0x0211b9e1 0x08802000 0x00000000 0x28010310 0x00374444 0x07802000 0x00000000 
HW=53: 7 total, 7 distinct vectors
  [0] W = 0xf505b23f 0x2b0c005e 0xcbf52e7d 0xa96d9560
      d = 0x0ce50810 0x892b0c00 0x3c040000 0x00000000 0x9663886c 0x90272c30 0x540c0000 0x00000000 
  [1] W = 0x7ea92b0b 0x22c4bb0f 0x01053a7d 0x6f13e258
      d = 0x48380e4b 0x0287ca84 0x00320c10 0x00000000 0x026008be 0x95201860 0x00120c10 0x00000000 
  [2] W = 0xcc1a9372 0x50e71548 0xfb87c18f 0x75722ad4
      d = 0x0c559a88 0x6b02621c 0x0c0c0040 0x00000000 0x08c23488 0x6004c65c 0x040c0040 0x00000000 
  [3] W = 0xe5d6ccad 0xb42d230c 0x19d9ce6a 0x22875260
      d = 0x80d41044 0xa8c00213 0x00403002 0x00000000 0xcebb7e14 0x99000035 0x00c05002 0x00000000 
  [4] W = 0xf8c1a6c0 0x4f21d94c 0xf5040a48 0xfdeb3dae
      d = 0x470a8164 0xec1f8560 0x80010120 0x00000000 0x852080a8 0x8111ce00 0x80030160 0x00000000 
  ... and 2 more distinct vectors
HW=54: 15 total, 15 distinct vectors
  [0] W = 0x36376171 0x993ca3dd 0xa5a7aabe 0x4ef81a06
      d = 0x635e4608 0x00484300 0xb8101582 0x00000000 0x44640207 0x92188480 0x58103482 0x00000000 
  [1] W = 0xba54eb6c 0xc01666f0 0x95c47214 0x6b590537
      d = 0x04538820 0x06529223 0x03000d84 0x00000000 0x01c29008 0x38a07246 0x03001f84 0x00000000 
  [2] W = 0xcbf6d60c 0x37dc8c77 0x6c15d49e 0x0649847d
      d = 0x02c500b0 0x11915980 0x0046a100 0x00000000 0x902d0234 0x0161f114 0x007aa300 0x00000000 
  [3] W = 0xe17da245 0xf390333f 0x4b029144 0x3c69a7f1
      d = 0x14c2d9b0 0x300124ac 0x20002000 0x00000000 0x10d2fe52 0x1880552d 0x60006000 0x00000000 
  [4] W = 0xda25a440 0xbb1ff1d6 0xe1877bc4 0xd1006bdb
      d = 0x08a86e03 0xb7007940 0x00201a0c 0x00000000 0x022866c2 0xa1000541 0x00602a1c 0x00000000 
  ... and 10 more distinct vectors
HW=55: 29 total, 29 distinct vectors
  [0] W = 0x4d0b867c 0x85470b5e 0xe1b3d048 0xece92f35
      d = 0x08048606 0x42803554 0x20010458 0x00000000 0x40ec66f8 0x4c701222 0x20030438 0x00000000 
  [1] W = 0xa629ed39 0xea5e9f3e 0x0e913fa2 0x05c80910
      d = 0x8a08d931 0x31b22810 0x20030300 0x00000000 0x1650ac30 0xc442e948 0x20030300 0x00000000 
  [2] W = 0xcca1836e 0x654b9c08 0xcf987acd 0xd8f6ef0d
      d = 0x00a6e039 0x712250c1 0xe0020024 0x00000000 0xc169580d 0x4005424a 0xe0020024 0x00000000 
  [3] W = 0x8eac1f87 0xa6c3dc09 0x7510c7a8 0xd15bda1a
      d = 0x20878428 0x04030040 0x06604024 0x00000000 0x544a2c10 0x82bed2f2 0x026040e4 0x00000000 
  [4] W = 0x71212efe 0xcb2654a1 0x37fcfb78 0xbae64911
      d = 0x10611566 0x92b03380 0x0380c601 0x00000000 0x8823c354 0x05000d08 0x00834a01 0x00000000 
  ... and 24 more distinct vectors
HW=56: 53 total, 53 distinct vectors
  [0] W = 0x4d0ec655 0x2d41ba57 0x5b61bd12 0xf4baa513
      d = 0xd33a302c 0x10017499 0xf0001b80 0x00000000 0x48104b4e 0x406800c9 0x90000880 0x00000000 
  [1] W = 0x7d141eb4 0x269edb75 0x43f0b42d 0xfbd2ec77
      d = 0x0fa6680b 0x4840c2c8 0x010a4200 0x00000000 0x006a0cb4 0x7000fa36 0x010a4200 0x00000000 
  [2] W = 0x47bb9888 0xa1fad97d 0xa07586f7 0x05c6bae2
      d = 0x90001a86 0x0e9082a1 0x6808782a 0x00000000 0x681a810b 0x10c89410 0x6808082a 0x00000000 
  [3] W = 0x665c808b 0x3ffeee0d 0xa5d8dd52 0x702a8f0b
      d = 0x80843b0b 0x80900104 0x0e720400 0x00000000 0x64c62cc8 0xa2144ee3 0x0a120400 0x00000000 
  [4] W = 0xd61e0ce7 0xe7de03e6 0xd3f8d6d7 0xed681a86
      d = 0x1011f22c 0x90f82498 0x18040408 0x00000000 0x40e681c0 0x49190046 0x681c0418 0x00000000 
  ... and 48 more distinct vectors
HW=57: 94 total, 94 distinct vectors
  [0] W = 0xbb6a64f5 0x09635eef 0x356f79b0 0x917b871c
      d = 0x8c0c9e28 0x72061cde 0x48004200 0x00000000 0x00196611 0xc514ce30 0x48004200 0x00000000 
  [1] W = 0x7997e5c1 0x20df6d96 0x60d4af20 0x532a62b8
      d = 0x0720a062 0x03482528 0x05868203 0x00000000 0x0921920d 0x4055a394 0x05828203 0x00000000 
  [2] W = 0xaa3aa742 0x24819d4b 0xf2362d3f 0xc5ab0817
      d = 0x0a48a00c 0xe4020a05 0xc0832604 0x00000000 0x07521306 0x690e4097 0x41812204 0x00000000 
  [3] W = 0xd18dfa40 0xb67c6962 0x5156ad8a 0x181250d9
      d = 0x4000c921 0x51646e11 0x09826220 0x00000000 0x444b6200 0x38740284 0x3a826220 0x00000000 
  [4] W = 0xeaadf75f 0xdc8192fc 0x3512d7f3 0x927c80a5
      d = 0xea0103d7 0x366103b8 0x38001c30 0x00000000 0x0a560288 0xd0900044 0x28001430 0x00000000 
  ... and 89 more distinct vectors
HW=58: 180 total, 180 distinct vectors
  [0] W = 0x8e00ed72 0xe6727005 0xa62203bc 0x2cebe256
      d = 0x5c6290b2 0x87830c12 0x01034040 0x00000000 0x69e7ae70 0x80c11400 0x01054040 0x00000000 
  [1] W = 0x084e79a4 0x2829d939 0x72d0e77e 0xa9dd1c41
      d = 0x04529402 0x84108267 0x51a32040 0x00000000 0xac332840 0x6ab44224 0xd0a12040 0x00000000 
  [2] W = 0x48675c53 0xde40d905 0x69636d15 0x9cf821d5
      d = 0x96c60284 0x00503431 0x24213c00 0x00000000 0x541a5178 0x44391a88 0x6c210400 0x00000000 
  [3] W = 0x656aa767 0x014dab24 0x31075730 0xa7c662c0
      d = 0x5c894211 0x21e43880 0x5520800a 0x00000000 0x108c4609 0x0505195c 0x5720800a 0x00000000 
  [4] W = 0x174a7173 0x75e385e1 0xaeab4e8e 0x28274b53
      d = 0x07419059 0x84dfa9d4 0x00410004 0x00000000 0x300e5270 0x892568b0 0x00430004 0x00000000 
  ... and 175 more distinct vectors
HW=59: 350 total, 350 distinct vectors
  [0] W = 0x47dad304 0xaaf1e6f9 0x53ff302e 0x0aaff0b3
      d = 0x8398e508 0x85258a00 0x0c70c080 0x00000000 0x60422fb0 0x4120f915 0x04304180 0x00000000 
  [1] W = 0x8b0b6542 0x13c984f3 0x49a95e58 0x2e2f8249
      d = 0x901a3a1e 0x09423197 0x0038140d 0x00000000 0x53048c6a 0x08902128 0x00081c13 0x00000000 
  [2] W = 0x1c38cd7b 0xb76259b0 0x76d0d4da 0xe53ffd1f
      d = 0x870f6f4c 0x83240602 0x09641008 0x00000000 0x007c04a0 0x92119105 0x075c1008 0x00000000 
  [3] W = 0xa75741b6 0xa35566c6 0xfe398100 0x0d25278c
      d = 0x40819429 0x5824ae25 0x03004b0a 0x00000000 0x02100ecb 0x60204c5b 0x07004906 0x00000000 
  [4] W = 0x415da518 0x4a252307 0x26f33085 0x5c95ae74
      d = 0x45906674 0xb4802220 0xc0c18414 0x00000000 0x0106ac53 0x0b821612 0x40c18414 0x00000000 
  ... and 345 more distinct vectors
HW=60: 629 total, 629 distinct vectors
  [0] W = 0x9db1917e 0x5c5ed091 0x4fdac557 0xf975f30f
      d = 0x49162302 0x20160458 0x2022005e 0x00000000 0x5ba18010 0x0126cbc5 0xe02201d6 0x00000000 
  [1] W = 0xe4a737d7 0x49e709d9 0xb353cb57 0x8d10872b
      d = 0x08e490e5 0xc1fd0182 0x7012e040 0x00000000 0x81a15428 0x0c82881b 0x10162040 0x00000000 
  [2] W = 0x6b682a3d 0xabd8186a 0xb2748c00 0x5d6722ba
      d = 0x00b16258 0x130ab230 0xc3310000 0x00000000 0x49107605 0x6201bc54 0x47370000 0x00000000 
  [3] W = 0xe1b4e3a5 0xc5cfd5e5 0xd11e21dc 0xb190c28e
      d = 0x00a86c6c 0x0ea24a91 0x901510e0 0x00000000 0x01052321 0xe8209c01 0xb03d1020 0x00000000 
  [4] W = 0xb16937f5 0x656c5bfe 0x2c6e7217 0xa7b08321
      d = 0x1c801c65 0x06ed0040 0x42415d00 0x00000000 0x820a1704 0x8c4c8883 0xcec14300 0x00000000 
  ... and 624 more distinct vectors
