c ---- [ banner ] ------------------------------------------------------------
c
c Kissat SAT Solver
c 
c Copyright (c) 2021-2024 Armin Biere University of Freiburg
c Copyright (c) 2019-2021 Armin Biere Johannes Kepler University Linz
c 
c Version 4.0.4 unknown
c Apple clang version 17.0.0 (clang-1700.3.19.1) -W -Wall -O3 -DNDEBUG
c Thu Oct 16 20:09:41 UTC 2025 Darwin Tahoe-arm64.local 25.0.0 arm64
c
c ---- [ parsing ] -----------------------------------------------------------
c
c opened and reading DIMACS file:
c
c   cnfs_n32/sr61_n32_bit19_m51ca0b34_fill55555555_enf0.cnf
c
c parsed 'p cnf 11237 46978' header
c closing input after reading 848854 bytes (829 KB)
c finished parsing after 0.00 seconds
c
c ---- [ options ] -----------------------------------------------------------
c
c --seed=5                         (different from default '0')
c
c ---- [ limits ] ------------------------------------------------------------
c
c conflict limit set to 500000 conflicts
c
c ---- [ solving ] -----------------------------------------------------------
c
c seconds switched rate     size/glue tier1  binary         remaining
c        MB reductions conflicts size  tier2    irredundant
c         level restarts redundant glue  trail         variables
c
c *  0.00  8 0 0 0  0 0   0   0 0.0 0 0 0 0 0% 3698 43215 11236 100%
c (  0.00  8 0 0 0  0 0   0   0 0.0 0 0 0 0 0% 3698 43215 11236 100%
c .  0.01  8 0 0 0  0 0   0   0 0.0 0 0 0 0 0% 3698 43215 11236 100%
c c  0.01 13 0 0 0  0 0   0   0 0.0 0 0 0 0 0% 4742 41351 10488 93%
c d  0.01 13 0 0 0  0 0   0   0 0.0 0 0 0 0 0% 3246 41351 10488 93%
c =  0.03 13 0 0 0  0 0   0   0 0.0 0 0 0 0 0% 3204 41351 10477 93%
c d  0.03 13 0 0 0  0 0   0   0 0.0 0 0 0 0 0% 3182 41351 10477 93%
c f  0.04 13 0 0 0  0 0   0   0 0.0 0 0 0 0 0% 3309 41089 10543 94%
c )  0.04 13 0 0 0  0 0   0   0 0.0 0 0 0 0 0% 3309 41089 10543 94%
c {  0.04 13 0 0 0  0 0   0   0 0.0 0 0 2 6 0% 3309 41089 10543 94%
c -  0.05 13 147 0 1 190 35 1006 648 1.6 5 3 2 5 7% 3437 41089 10543 94%
c }  0.05 13 147 1 1 190 35 1006 648 1.6 5 3 2 5 7% 3437 41089 10543 94%
c [  0.05 13 0 1 1 190 0 1006 648 0.0 0 0 2 6 0% 3437 41089 10543 94%
c B  0.05 13 0 1 1 190 0 1006 648 0.0 0 0 2 6 0% 3437 41089 10543 94%
c ]  0.06 14 307 2 1 190 5 1913 1483 2.3 34 15 5 20 27% 3450 41089 10543 94%
c {  0.06 14 147 2 1 190 35 1913 1483 1.6 5 3 2 5 7% 3450 41089 10543 94%
c -  0.06 14 150 2 2 207 35 2007 1463 1.6 5 3 2 5 8% 3458 41089 10543 94%
c c  0.07 14 159 2 2 384 42 2556 1906 1.6 5 3 2 5 8% 3532 40910 10498 93%
c d  0.07 14 159 2 2 384 42 2556 1849 1.6 5 3 2 5 8% 3442 40910 10498 93%
c u  0.08 14 159 2 2 384 42 2556 1451 1.6 5 3 2 5 8% 3436 40910 10498 93%
c
c seconds   switched   rate       size/glue tier1  binary         remaining
c        MB  reductions conflicts      size  tier2    irredundant
c          level restarts    redundant   glue  trail         variables
c
c v  0.08 14 159 2 2 384 42 2556 1326 1.6 5 3 2 5 8% 3437 40910 10498 93%
c w  0.08 14 159 2 2 384 42 2556 1202 1.6 5 3 2 5 8% 3437 40910 10498 93%
c x  0.09 14 159 2 2 384 42 2556 1202 1.6 5 3 2 5 8% 3437 40786 10498 93%
c d  0.10 14 159 2 2 384 42 2556 1200 1.6 5 3 2 5 8% 3435 40786 10497 93%
c t  0.10 14 159 2 2 384 42 2556 1200 1.6 5 3 2 5 8% 3434 40786 10497 93%
c u  0.11 14 159 2 2 384 42 2556 1155 1.6 5 3 2 5 8% 3437 40786 10497 93%
c v  0.11 14 159 2 2 384 42 2556 1136 1.6 5 3 2 5 8% 3437 40786 10497 93%
c w  0.12 14 159 2 2 384 42 2556 1096 1.6 5 3 2 5 8% 3437 40786 10497 93%
c d  0.12 14 159 2 2 384 42 2556 1093 1.6 5 3 2 5 8% 3431 40786 10494 93%
c }  0.12 14 159 3 2 519 46 2915 1413 1.5 5 4 2 5 9% 3434 40786 10494 93%
c [  0.12 14 307 3 2 519 5 2915 1413 2.3 34 15 5 20 27% 3434 40786 10494 93%
c W  0.13 14 307 3 2 519 5 2915 1413 2.3 34 15 5 20 27% 3434 40786 10494 93%
c -  0.14 14 280 3 3 519 4 3421 1760 2.0 43 21 3 28 25% 3443 40786 10494 93%
c ]  0.15 14 267 4 3 519 4 3942 2264 1.9 48 25 3 28 24% 3447 40786 10494 93%
c {  0.15 14 159 4 3 519 46 3942 2264 1.5 5 4 2 5 9% 3447 40786 10494 93%
c -  0.18 14 144 4 4 1002 48 5153 3000 1.8 9 5 2 6 10% 3521 40786 10494 93%
c }  0.21 14 138 5 4 1302 45 6294 4030 2.0 14 7 2 6 12% 3579 40786 10494 93%
c [  0.21 14 267 5 4 1302 4 6294 4030 1.9 48 25 3 28 24% 3579 40786 10494 93%
c I  0.21 14 267 5 4 1302 4 6294 4030 1.9 48 25 3 28 24% 3579 40786 10494 93%
c -  0.28 17 227 5 5 1302 4 7153 4007 2.3 72 31 1 12 27% 3588 40786 10494 93%
c
c seconds   switched   rate       size/glue  tier1     binary         remaining
c        MB  reductions conflicts       size   tier2      irredundant
c          level  restarts   redundant     glue    trail         variables
c
c ]  0.31 17 221 6 5 1303 3 7435 4286 2.3 78 33 1 12 28% 3588 40786 10494 93%
c {  0.31 17 138 6 5 1303 45 7435 4286 2.0 14 7 2 6 12% 3588 40786 10494 93%
c d  0.31 17 136 6 5 1345 43 7874 4661 2.0 14 7 2 6 12% 3616 40786 10491 93%
c u  0.32 17 136 6 5 1345 43 7874 4068 2.0 14 7 2 6 12% 3620 40786 10491 93%
c v  0.32 17 136 6 5 1345 43 7874 3653 2.0 14 7 2 6 12% 3620 40786 10491 93%
c w  0.33 19 136 6 5 1345 43 7874 3637 2.0 14 7 2 6 12% 3620 40786 10491 93%
c x  0.34 19 136 6 5 1345 43 7874 3637 2.0 14 7 2 6 12% 3620 40673 10491 93%
c =  0.36 19 136 6 5 1345 43 7874 3637 2.0 14 7 2 6 12% 3890 40673 10356 92%
c d  0.36 19 136 6 5 1345 43 7874 3574 2.0 14 7 2 6 12% 3609 40673 10356 92%
c t  0.36 19 136 6 5 1345 43 7874 3574 2.0 14 7 2 6 12% 3606 40673 10356 92%
c u  0.38 19 136 6 5 1345 43 7874 3500 2.0 14 7 2 6 12% 3606 40673 10356 92%
c v  0.38 19 136 6 5 1345 43 7874 3406 2.0 14 7 2 6 12% 3606 40673 10356 92%
c w  0.39 19 136 6 5 1345 43 7874 3135 2.0 14 7 2 6 12% 3606 40673 10356 92%
c -  0.46 19 132 6 6 1560 37 9389 3786 2.1 15 7 1 5 12% 3662 40673 10356 92%
c o  0.48 19 131 6 6 1706 36 10000 4355 2.1 15 7 1 5 12% 3681 40673 10356 92%
c }  0.51 19 136 7 6 1896 34 11504 5715 2.1 15 7 1 5 13% 3742 40673 10356 92%
c [  0.51 19 221 7 6 1896 3 11504 5715 2.3 78 33 1 12 28% 3742 40673 10356 92%
c B  0.51 19 221 7 6 1896 3 11504 5715 2.3 78 33 1 12 28% 3742 40673 10356 92%
c -  0.54 19 212 7 7 1896 3 11838 5059 2.4 83 35 1 9 29% 3744 40673 10356 92%
c ]  0.64 19 201 8 7 1897 3 12601 5806 2.5 104 41 1 9 34% 3746 40673 10356 92%
c
c seconds   switched    rate        size/glue tier1    binary         remaining
c        MB  reductions   conflicts       size  tier2     irredundant
c          level  restarts     redundant    glue   trail         variables
c
c {  0.64 19 136 8 7 1897 34 12601 5806 2.1 15 7 1 5 13% 3746 40673 10356 92%
c s  0.65 19 136 8 7 1943 34 12779 5948 2.1 16 8 1 5 13% 3751 40024 10356 92%
c e  0.67 20 136 8 7 1943 34 12779 5948 2.1 16 8 1 5 13% 1907 38376 6559 58%
c s  0.67 20 136 8 7 1943 34 12779 5948 2.1 16 8 1 5 13% 1913 38119 6559 58%
c e  0.67 20 136 8 7 1943 34 12779 5948 2.1 16 8 1 5 13% 1911 38120 6543 58%
c ^  0.67 20 136 8 7 1943 34 12779 5948 2.1 16 8 1 5 13% 1911 38120 6543 58%
c -  0.74 20 134 8 8 2344 34 14483 3716 2.1 19 9 1 4 14% 1938 38120 6543 58%
c u  0.79 20 133 8 8 2664 33 16131 5034 2.1 21 10 1 4 15% 1960 38120 6543 58%
c v  0.79 20 133 8 8 2664 33 16131 4371 2.1 21 10 1 4 15% 1961 38120 6543 58%
c w  0.82 20 133 8 8 2664 33 16131 3915 2.1 21 10 1 4 15% 1961 38120 6543 58%
c t  0.82 20 133 8 8 2664 33 16131 3915 2.1 21 10 1 4 15% 1954 38120 6543 58%
c f  0.83 20 133 8 8 2664 33 16131 3915 2.1 21 10 1 4 15% 1989 38035 6560 58%
c b  0.83 20 133 8 8 2664 33 16131 3915 2.1 21 10 1 4 15% 1989 38035 6558 58%
c u  0.84 20 133 8 8 2664 33 16131 3852 2.1 21 10 1 4 15% 1990 38035 6558 58%
c v  0.84 20 133 8 8 2664 33 16131 3716 2.1 21 10 1 4 15% 1990 38035 6558 58%
c w  0.86 20 133 8 8 2664 33 16131 3674 2.1 21 10 1 4 15% 1990 38035 6558 58%
c x  0.87 20 133 8 8 2664 33 16131 3673 2.1 21 10 1 4 15% 1993 37816 6558 58%
c =  0.91 21 133 8 8 2664 33 16131 3673 2.1 21 10 1 4 15% 2205 37816 6452 57%
c d  0.91 21 133 8 8 2664 33 16131 3618 2.1 21 10 1 4 15% 1989 37816 6452 57%
c t  0.92 21 133 8 8 2664 33 16131 3618 2.1 21 10 1 4 15% 1961 37816 6452 57%
c
c seconds   switched    rate        size/glue  tier1    binary        remaining
c        MB  reductions   conflicts       size   tier2     irredundant
c          level  restarts     redundant     glue   trail        variables
c
c f  0.92 21 133 8 8 2664 33 16131 3618 2.1 21 10 1 4 15% 1982 37773 6463 58%
c -  0.95 21 134 8 9 2855 33 17312 4016 2.1 21 10 1 4 15% 1994 37773 6463 58%
c }  0.99 21 134 9 9 3107 32 18760 5386 2.1 22 10 1 4 16% 2008 37773 6463 58%
c [  0.99 21 201 9 9 3107 3 18760 5386 2.5 104 41 1 9 34% 2008 37773 6463 58%
c W  1.00 21 201 9 9 3107 3 18760 5386 2.5 104 41 1 9 34% 2008 37773 6463 58%
c -  1.05 21 184 9 10 3108 3 20312 5333 2.3 96 41 1 8 30% 2010 37773 6463 58%
c o  1.12 21 178 9 10 3109 2 20857 5847 2.5 108 43 1 8 33% 2010 37773 6463 58%
c -  1.19 21 175 9 11 3110 2 23476 5943 2.4 99 40 1 9 34% 2011 37773 6463 58%
c ]  1.22 21 172 10 11 3112 2 25172 7576 2.4 92 39 1 9 32% 2014 37773 6463 58%
c {  1.22 21 134 10 11 3112 32 25172 7576 2.1 22 10 1 4 16% 2014 37773 6463 58%
c s  1.25 21 133 10 11 3226 32 25634 8018 2.1 22 11 1 4 16% 2019 37193 6463 58%
c e  1.26 21 133 10 11 3226 32 25634 8018 2.1 22 11 1 4 16% 1721 37603 6293 56%
c s  1.26 21 133 10 11 3226 32 25634 8018 2.1 22 11 1 4 16% 1734 37551 6293 56%
c ^  1.26 21 133 10 11 3226 32 25634 8018 2.1 22 11 1 4 16% 1734 37551 6293 56%
c -  1.30 21 135 10 12 3438 32 26792 6148 2.1 23 11 1 4 16% 1744 37551 6293 56%
c u  1.34 21 136 10 12 3575 32 27581 6449 2.1 24 11 1 4 17% 1753 37551 6293 56%
c v  1.34 21 136 10 12 3575 32 27581 5659 2.1 24 11 1 4 17% 1754 37551 6293 56%
c w  1.36 21 136 10 12 3575 32 27581 5088 2.1 24 11 1 4 17% 1754 37551 6293 56%
c =  1.41 21 136 10 12 3575 32 27581 5088 2.1 24 11 1 4 17% 2058 37477 6141 55%
c d  1.41 21 136 10 12 3575 32 27581 4854 2.1 24 11 1 4 17% 1746 37477 6141 55%
c
c seconds    switched     rate        size/glue  tier1    binary        remaining
c        MB    reductions   conflicts       size   tier2     irredundant
c          level    restarts     redundant     glue   trail        variables
c
c t  1.41 21 136 10 12 3575 32 27581 4854 2.1 24 11 1 4 17% 1735 37477 6141 55%
c f  1.42 21 136 10 12 3575 32 27581 4854 2.1 24 11 1 4 17% 1809 37277 6182 55%
c u  1.42 21 136 10 12 3575 32 27581 4760 2.1 24 11 1 4 17% 1811 37277 6182 55%
c v  1.42 21 136 10 12 3575 32 27581 4614 2.1 24 11 1 4 17% 1811 37277 6182 55%
c w  1.43 21 136 10 12 3575 32 27581 4462 2.1 24 11 1 4 17% 1811 37277 6182 55%
c x  1.45 21 136 10 12 3575 32 27581 4459 2.1 24 11 1 4 17% 1819 36276 6182 55%
c =  1.50 21 136 10 12 3575 32 27581 4459 2.1 24 11 1 4 17% 2275 36230 5954 53%
c d  1.50 21 136 10 12 3575 32 27581 4374 2.1 24 11 1 4 17% 1815 36230 5954 53%
c t  1.50 21 136 10 12 3575 32 27581 4374 2.1 24 11 1 4 17% 1800 36230 5954 53%
c -  1.55 21 134 10 13 3829 30 30256 5686 2.1 24 11 1 5 17% 1811 36230 5954 53%
c }  1.60 21 137 11 13 3947 26 33799 8927 2.1 23 11 1 6 19% 1850 36230 5954 53%
c [  1.60 21 172 11 13 3947 2 33799 8927 2.4 92 39 1 9 32% 1850 36230 5954 53%
c O  1.60 21 172 11 13 3947 2 33799 8927 2.4 92 39 1 9 32% 1850 36230 5954 53%
c -  1.61 21 171 11 14 3947 2 33861 7572 2.4 92 39 1 10 32% 1850 36230 5954 53%
c ]  1.82 21 165 12 14 3949 2 36053 9691 2.5 110 44 1 10 37% 1851 36230 5954 53%
c {  1.82 21 137 12 14 3949 26 36053 9691 2.1 23 11 1 6 19% 1851 36230 5954 53%
c -  1.85 22 136 12 15 4090 25 37602 8527 2.1 24 11 1 6 19% 1862 36230 5954 53%
c o  1.97 22 136 12 15 4685 26 40858 11638 2.1 25 12 1 6 19% 1877 36230 5954 53%
c -  1.98 22 136 12 16 4708 25 41474 9657 2.1 25 12 1 5 20% 1881 36230 5954 53%
c u  1.99 22 136 12 16 4718 25 42361 9733 2.1 25 12 1 5 20% 1888 36230 5954 53%
c
c seconds    switched     rate        size/glue  tier1    binary        remaining
c        MB    reductions   conflicts       size   tier2     irredundant
c          level    restarts     redundant     glue   trail        variables
c
c v  2.01 22 136 12 16 4718 25 42361 8172 2.1 25 12 1 5 20% 1889 36230 5954 53%
c w  2.02 22 136 12 16 4718 25 42361 7599 2.1 25 12 1 5 20% 1889 36230 5954 53%
c x  2.03 22 136 12 16 4718 25 42361 7599 2.1 25 12 1 5 20% 1893 34921 5954 53%
c =  2.09 22 136 12 16 4718 25 42361 7599 2.1 25 12 1 5 20% 1923 34921 5939 53%
c d  2.09 22 136 12 16 4718 25 42361 7549 2.1 25 12 1 5 20% 1888 34921 5939 53%
c t  2.09 22 136 12 16 4718 25 42361 7549 2.1 25 12 1 5 20% 1879 34921 5939 53%
c u  2.10 22 136 12 16 4718 25 42361 7403 2.1 25 12 1 5 20% 1882 34921 5939 53%
c v  2.11 22 136 12 16 4718 25 42361 7027 2.1 25 12 1 5 20% 1885 34921 5939 53%
c w  2.11 22 136 12 16 4718 25 42361 6855 2.1 25 12 1 5 20% 1885 34921 5939 53%
c x  2.13 22 136 12 16 4718 25 42361 6855 2.1 25 12 1 5 20% 1885 34309 5939 53%
c =  2.19 22 136 12 16 4718 25 42361 6855 2.1 25 12 1 5 20% 2855 34309 5454 49%
c d  2.19 22 136 12 16 4718 25 42361 6300 2.1 25 12 1 5 20% 1877 34309 5454 49%
c t  2.19 22 136 12 16 4718 25 42361 6300 2.1 25 12 1 5 20% 1823 34309 5454 49%
c f  2.20 22 136 12 16 4718 25 42361 6300 2.1 25 12 1 5 20% 1827 34299 5456 49%
c -  2.23 22 133 12 17 4754 22 45474 7496 2.2 25 12 1 7 22% 1852 34299 5456 49%
c }  2.25 22 134 13 17 4787 21 47532 9369 2.2 25 11 1 7 23% 1865 34299 5456 49%
c [  2.25 22 165 13 17 4787 2 47532 9369 2.5 110 44 1 10 37% 1865 34299 5456 49%
c B  2.25 22 165 13 17 4787 2 47532 9369 2.5 110 44 1 10 37% 1865 34299 5456 49%
c -  2.33 22 162 13 18 4789 2 49600 8515 2.4 109 45 1 10 36% 1867 34299 5456 49%
c s  2.39 22 154 13 18 4791 2 53537 12128 2.3 96 41 1 10 35% 1873 31060 5456 49%
c
c seconds    switched    rate         size/glue  tier1     binary        remaining
c        MB    reductions  conflicts        size   tier2      irredundant
c          level    restarts     redundant     glue    trail        variables
c
c e  2.40 22 154 13 18 4791 2 53537 12128 2.3 96 41 1 10 35% 1467 29665 4952 44%
c 2  2.40 22 154 13 18 4791 2 53537 12128 2.3 96 41 1 10 35% 1464 29665 4952 44%
c s  2.40 22 154 13 18 4791 2 53537 12128 2.3 96 41 1 10 35% 1467 29447 4952 44%
c e  2.41 22 154 13 18 4791 2 53537 12128 2.3 96 41 1 10 35% 1365 24850 4266 38%
c ^  2.41 22 154 13 18 4791 2 53537 12128 2.3 96 41 1 10 35% 1365 24850 4266 38%
c -  2.41 22 154 13 19 4791 2 53843 6577 2.3 95 41 1 10 35% 1366 24850 4266 38%
c -  2.45 22 144 13 20 4793 2 58201 8224 2.3 81 35 1 10 32% 1369 24850 4266 38%
c W  2.47 22 141 13 20 4793 2 59757 9707 2.3 78 34 1 10 33% 1369 24850 4266 38%
c u  2.48 22 141 13 20 4794 2 60607 9815 2.3 76 33 1 10 33% 1373 24850 4266 38%
c v  2.49 22 141 13 20 4794 2 60607 9323 2.3 76 33 1 10 33% 1373 24850 4266 38%
c w  2.50 22 141 13 20 4794 2 60607 9318 2.3 76 33 1 10 33% 1373 24850 4266 38%
c x  2.50 22 141 13 20 4794 2 60607 9311 2.3 76 33 1 10 33% 1374 24787 4266 38%
c t  2.51 22 141 13 20 4794 2 60607 9311 2.3 76 33 1 10 33% 1366 24787 4266 38%
c f  2.51 22 141 13 20 4794 2 60607 9311 2.3 76 33 1 10 33% 1375 24758 4270 38%
c u  2.52 22 141 13 20 4794 2 60607 9238 2.3 76 33 1 10 33% 1376 24758 4270 38%
c v  2.53 22 141 13 20 4794 2 60607 8086 2.3 76 33 1 10 33% 1376 24758 4270 38%
c w  2.53 22 141 13 20 4794 2 60607 8075 2.3 76 33 1 10 33% 1376 24758 4270 38%
c -  2.55 22 140 13 21 4796 2 62673 7687 2.3 71 31 1 10 32% 1378 24758 4270 38%
c ]  2.58 22 141 14 21 4797 2 65516 10351 2.3 68 30 1 10 33% 1380 24758 4270 38%
c {  2.58 22 134 14 21 4797 21 65516 10351 2.2 25 11 1 7 23% 1380 24758 4270 38%
c
c seconds    switched     rate        size/glue  tier1    binary        remaining
c        MB    reductions   conflicts       size   tier2     irredundant
c          level    restarts     redundant     glue   trail        variables
c
c -  2.59 22 134 14 22 4805 20 67255 8952 2.2 24 11 1 7 23% 1384 24758 4270 38%
c o  2.62 22 131 14 22 4838 18 70942 12367 2.2 24 11 1 7 24% 1393 24758 4270 38%
c -  2.63 22 130 14 23 4843 18 71946 10332 2.2 24 11 1 8 24% 1394 24758 4270 38%
c -  2.67 22 128 14 24 4881 16 76741 11661 2.2 23 11 1 8 25% 1403 24758 4270 38%
c }  2.70 22 127 15 24 4936 15 80232 14869 2.2 23 10 1 8 25% 1409 24758 4270 38%
c [  2.70 22 141 15 24 4936 2 80232 14869 2.3 68 30 1 10 33% 1409 24758 4270 38%
c I  2.70 22 141 15 24 4936 2 80232 14869 2.3 68 30 1 10 33% 1409 24758 4270 38%
c -  2.72 22 139 15 25 4937 2 81639 12756 2.3 66 29 1 11 33% 1410 24758 4270 38%
c u  2.74 22 139 15 25 4938 2 82944 13204 2.3 65 29 1 11 33% 1410 24758 4270 38%
c v  2.75 22 139 15 25 4938 2 82944 12962 2.3 65 29 1 11 33% 1410 24758 4270 38%
c w  2.75 22 139 15 25 4938 2 82944 12962 2.3 65 29 1 11 33% 1410 24758 4270 38%
c x  2.76 22 139 15 25 4938 2 82944 12960 2.3 65 29 1 11 33% 1410 24711 4270 38%
c =  2.78 22 139 15 25 4938 2 82944 12960 2.3 65 29 1 11 33% 1420 24711 4265 38%
c d  2.78 22 139 15 25 4938 2 82944 12959 2.3 65 29 1 11 33% 1409 24711 4265 38%
c t  2.79 22 139 15 25 4938 2 82944 12959 2.3 65 29 1 11 33% 1408 24711 4265 38%
c u  2.79 22 139 15 25 4938 2 82944 12678 2.3 65 29 1 11 33% 1408 24711 4265 38%
c v  2.80 22 139 15 25 4938 2 82944 12229 2.3 65 29 1 11 33% 1408 24711 4265 38%
c w  2.81 22 139 15 25 4938 2 82944 12223 2.3 65 29 1 11 33% 1408 24711 4265 38%
c =  2.83 22 139 15 25 4938 2 82944 12223 2.3 65 29 1 11 33% 1412 24711 4263 38%
c d  2.83 22 139 15 25 4938 2 82944 12223 2.3 65 29 1 11 33% 1408 24711 4263 38%
c
c seconds    switched    rate         size/glue  tier1     binary        remaining
c        MB    reductions  conflicts        size   tier2      irredundant
c          level    restarts     redundant     glue    trail        variables
c
c -  2.88 22 137 15 26 4941 2 86639 11351 2.2 62 28 1 11 32% 1412 24711 4263 38%
c -  2.92 22 132 15 27 4942 2 91739 10987 2.2 58 26 2 12 31% 1414 24711 4263 38%
c ]  2.96 22 131 16 27 4944 2 94495 13592 2.2 56 26 2 12 31% 1415 24711 4263 38%
c {  2.96 22 127 16 27 4944 15 94495 13592 2.2 23 10 1 8 25% 1415 24711 4263 38%
c -  2.98 22 125 16 28 4981 15 96936 12133 2.2 23 10 1 8 25% 1422 24711 4263 38%
c s  3.01 22 124 16 28 5079 14 99841 14857 2.2 22 10 1 8 26% 1427 24686 4263 38%
c e  3.02 22 124 16 28 5079 14 99841 14857 2.2 22 10 1 8 26% 839 26280 3958 35%
c s  3.02 22 124 16 28 5079 14 99841 14857 2.2 22 10 1 8 26% 858 25825 3958 35%
c e  3.03 22 124 16 28 5079 14 99841 14857 2.2 22 10 1 8 26% 846 25850 3952 35%
c ^  3.03 22 124 16 28 5079 14 99841 14857 2.2 22 10 1 8 26% 846 25850 3952 35%
c -  3.04 22 122 16 29 5122 14 102227 9051 2.2 22 10 1 8 25% 850 25850 3952 35%
c -  3.09 22 120 16 30 5209 13 107612 11940 2.2 22 10 1 8 26% 857 25849 3952 35%
c u  3.10 22 119 16 30 5215 12 109051 12365 2.2 21 10 1 8 26% 864 25849 3952 35%
c v  3.11 22 119 16 30 5215 12 109051 11733 2.2 21 10 1 8 26% 864 25849 3952 35%
c w  3.11 22 119 16 30 5215 12 109051 11675 2.2 21 10 1 8 26% 864 25849 3952 35%
c t  3.15 22 119 16 30 5215 12 109051 11675 2.2 21 10 1 8 26% 860 25849 3952 35%
c f  3.15 22 119 16 30 5215 12 109051 11675 2.2 21 10 1 8 26% 863 25837 3953 35%
c u  3.16 22 119 16 30 5215 12 109051 11566 2.2 21 10 1 8 26% 873 25837 3953 35%
c v  3.17 22 119 16 30 5215 12 109051 11305 2.2 21 10 1 8 26% 873 25837 3953 35%
c w  3.17 22 119 16 30 5215 12 109051 11281 2.2 21 10 1 8 26% 873 25837 3953 35%
c
c seconds    switched     rate          size/glue  tier1   binary        remaining
c        MB    reductions   conflicts         size   tier2    irredundant
c          level    restarts       redundant     glue   trail       variables
c
c x  3.18 22 119 16 30 5215 12 109051 11277 2.2 21 10 1 8 26% 877 25792 3953 35%
c t  3.18 22 119 16 30 5215 12 109051 11277 2.2 21 10 1 8 26% 874 25792 3953 35%
c o  3.20 22 118 16 30 5234 12 111108 13144 2.2 21 10 1 8 25% 877 25789 3953 35%
c }  3.22 22 117 17 30 5263 12 112832 14677 2.2 21 10 1 8 25% 880 25789 3953 35%
c [  3.22 22 131 17 30 5263 2 112832 14677 2.2 56 26 2 12 31% 880 25789 3953 35%
c B  3.22 22 131 17 30 5263 2 112832 14677 2.2 56 26 2 12 31% 880 25789 3953 35%
c -  3.22 22 131 17 31 5263 2 113089 12406 2.2 56 26 2 11 31% 880 25789 3953 35%
c -  3.27 22 127 17 32 5267 2 118656 13507 2.2 52 24 2 11 30% 881 25789 3953 35%
c -  3.32 22 127 17 33 5269 2 124312 13200 2.1 50 23 2 12 30% 882 25789 3953 35%
c ]  3.39 22 128 18 33 5272 2 129471 18104 2.1 50 24 2 12 30% 883 25789 3953 35%
c {  3.39 22 117 18 33 5272 12 129471 18104 2.2 21 10 1 8 25% 883 25789 3953 35%
c -  3.40 22 117 18 34 5281 12 130056 13119 2.2 21 10 1 7 26% 883 25789 3953 35%
c -  3.45 22 114 18 35 5357 11 135886 15061 2.1 21 10 1 7 25% 902 25789 3953 35%
c u  3.49 22 113 18 35 5399 10 138951 16845 2.1 20 10 1 7 25% 906 25789 3953 35%
c v  3.50 22 113 18 35 5399 10 138951 16120 2.1 20 10 1 7 25% 906 25789 3953 35%
c w  3.51 22 113 18 35 5399 10 138951 16081 2.1 20 10 1 7 25% 906 25789 3953 35%
c t  3.55 22 113 18 35 5399 10 138951 16081 2.1 20 10 1 7 25% 903 25789 3953 35%
c -  3.58 22 112 18 36 5452 10 141802 15390 2.1 20 9 1 7 25% 911 25787 3953 35%
c -  3.64 22 109 18 37 5524 10 147803 17123 2.1 20 9 1 7 24% 921 25786 3953 35%
c }  3.68 22 107 19 37 5611 9 151816 20763 2.1 20 9 1 7 24% 934 25786 3953 35%
c
c seconds    switched    rate          size/glue  tier1    binary        remaining
c        MB    reductions  conflicts         size   tier2     irredundant
c          level    restarts      redundant     glue    trail       variables
c
c [  3.68 22 128 19 37 5611 2 151816 20763 2.1 50 24 2 12 30% 934 25786 3953 35%
c W  3.69 22 128 19 37 5611 2 151816 20763 2.1 50 24 2 12 30% 934 25786 3953 35%
c -  3.71 22 129 19 38 5612 2 153886 18077 2.1 49 24 2 12 31% 935 25786 3953 35%
c -  3.78 22 129 19 39 5616 2 160051 17571 2.1 48 23 2 12 31% 937 25786 3953 35%
c s  3.89 22 131 19 39 5618 2 165537 22827 2.0 51 26 2 12 31% 942 25731 3953 35%
c e  3.91 23 131 19 39 5618 2 165537 22827 2.0 51 26 2 12 31% 695 28749 3577 32%
c 2  3.91 23 131 19 39 5618 2 165537 22827 2.0 51 26 2 12 31% 694 28749 3577 32%
c s  3.91 23 131 19 39 5618 2 165537 22827 2.0 51 26 2 12 31% 703 27968 3577 32%
c e  3.91 23 131 19 39 5618 2 165537 22827 2.0 51 26 2 12 31% 688 28049 3566 32%
c ^  3.91 23 131 19 39 5618 2 165537 22827 2.0 51 26 2 12 31% 688 28049 3566 32%
c o  3.92 23 131 19 39 5618 2 165537 13304 2.0 51 26 2 12 31% 688 28049 3566 32%
c -  3.93 23 131 19 40 5619 2 166295 10221 2.0 51 26 2 13 32% 689 28049 3566 32%
c ]  4.00 23 132 20 40 5622 2 169989 13741 2.0 53 27 2 13 33% 689 28049 3566 32%
c {  4.00 23 107 20 40 5622 9 169989 13741 2.1 20 9 1 7 24% 689 28049 3566 32%
c -  4.03 23 107 20 41 5728 9 172619 12311 2.1 19 9 1 7 24% 690 28049 3566 32%
c u  4.04 23 107 20 41 5733 9 172794 11361 2.1 19 9 1 7 24% 691 28049 3566 32%
c v  4.06 23 107 20 41 5733 9 172794 9539 2.1 19 9 1 7 24% 691 28049 3566 32%
c w  4.06 23 107 20 41 5733 9 172794 9381 2.1 19 9 1 7 24% 691 28049 3566 32%
c t  4.07 23 107 20 41 5733 9 172794 9381 2.1 19 9 1 7 24% 688 28049 3566 32%
c -  4.14 23 105 20 42 5917 9 179025 13426 2.1 19 9 1 7 24% 690 28049 3566 32%
c
c seconds    switched    rate          size/glue tier1   binary        remaining
c        MB    reductions  conflicts         size  tier2    irredundant
c          level    restarts      redundant    glue   trail       variables
c
c -  4.21 23 104 20 43 6181 9 185506 16711 2.1 19 9 1 7 24% 694 28048 3566 32%
c -  4.29 23 102 20 44 6510 9 192065 18773 2.1 19 9 1 7 24% 699 28048 3566 32%
c }  4.35 23 101 21 44 6727 9 196728 23122 2.1 19 9 1 7 24% 701 28048 3566 32%
c [  4.35 23 132 21 44 6727 2 196728 23122 2.0 53 27 2 13 33% 701 28048 3566 32%
c O  4.35 23 132 21 44 6727 2 196728 23122 2.0 53 27 2 13 33% 701 28048 3566 32%
c -  4.37 23 132 21 45 6728 2 198698 20012 2.0 53 26 2 13 34% 702 28048 3566 32%
c -  4.44 23 130 21 46 6733 2 205407 19824 2.0 50 25 2 13 33% 702 28048 3566 32%
c u  4.52 23 129 21 46 6734 2 210459 23533 2.0 50 25 2 13 33% 702 28048 3566 32%
c v  4.53 23 129 21 46 6734 2 210459 22842 2.0 50 25 2 13 33% 702 28048 3566 32%
c w  4.54 24 129 21 46 6734 2 210459 22818 2.0 50 25 2 13 33% 702 28048 3566 32%
c -  4.57 26 129 21 47 6736 2 212189 16401 2.0 50 25 2 13 33% 702 28048 3566 32%
c -  4.65 27 127 21 48 6740 2 219044 15976 2.0 49 25 2 13 32% 702 28048 3566 32%
c B  4.70 27 127 21 48 6741 2 224468 21025 2.0 49 25 2 13 32% 702 28048 3566 32%
c -  4.73 27 128 21 49 6741 2 225972 15678 2.0 49 25 2 13 33% 702 28048 3566 32%
c ]  4.75 27 129 22 49 6741 2 227663 17303 2.0 49 25 2 13 33% 702 28048 3566 32%
c {  4.75 27 101 22 49 6741 9 227663 17303 2.1 19 9 1 7 24% 702 28048 3566 32%
c o  4.75 27 101 22 49 6745 9 227677 17317 2.1 19 9 1 7 24% 702 28048 3566 32%
c -  4.82 27 100 22 50 6901 8 232972 17721 2.1 18 9 1 7 23% 718 28045 3566 32%
c -  4.91 27 98 22 51 7126 8 240045 20190 2.0 18 9 1 7 23% 727 28044 3566 32%
c -  5.01 27 96 22 52 7342 8 247187 22425 2.0 18 9 1 7 23% 738 28041 3566 32%
c
c seconds   switched    rate          size/glue tier1   binary        remaining
c        MB   reductions  conflicts         size  tier2    irredundant
c         level    restarts      redundant    glue   trail       variables
c
c s  5.09 27 95 22 52 7524 8 251968 26851 2.0 18 9 1 7 22% 753 27952 3566 32%
c e  5.11 27 95 22 52 7524 8 251968 26851 2.0 18 9 1 7 22% 500 33799 3145 28%
c 2  5.11 27 95 22 52 7524 8 251968 26851 2.0 18 9 1 7 22% 499 33799 3145 28%
c s  5.12 27 95 22 52 7524 8 251968 26851 2.0 18 9 1 7 22% 502 32140 3145 28%
c e  5.12 27 95 22 52 7524 8 251968 26851 2.0 18 9 1 7 22% 494 32218 3140 28%
c !  5.12 27 95 22 52 7524 8 251968 26851 2.0 18 9 1 7 22% 494 32218 3140 28%
c u  5.14 27 95 22 52 7528 8 252200 14261 2.0 18 9 1 7 22% 495 32218 3140 28%
c v  5.15 27 95 22 52 7528 8 252200 13377 2.0 18 9 1 7 22% 495 32218 3140 28%
c w  5.16 27 95 22 52 7528 8 252200 13308 2.0 18 9 1 7 22% 495 32218 3140 28%
c x  5.17 27 95 22 52 7528 8 252200 13233 2.0 18 9 1 7 22% 496 32058 3140 28%
c t  5.24 27 95 22 52 7528 8 252200 13233 2.0 18 9 1 7 22% 495 32058 3140 28%
c f  5.25 27 95 22 52 7528 8 252200 13233 2.0 18 9 1 7 22% 511 31952 3145 28%
c u  5.26 27 95 22 52 7528 8 252200 13068 2.0 18 9 1 7 22% 511 31952 3145 28%
c v  5.29 27 95 22 52 7528 8 252200 11067 2.0 18 9 1 7 22% 512 31952 3145 28%
c w  5.29 27 95 22 52 7528 8 252200 10943 2.0 18 9 1 7 22% 512 31952 3145 28%
c -  5.32 27 95 22 53 7560 8 254398 11097 2.0 18 9 1 7 23% 514 31952 3145 28%
c }  5.34 27 95 23 53 7599 7 259180 15142 2.1 18 9 1 7 24% 519 31952 3145 28%
c [  5.34 27 129 23 53 7599 2 259180 15142 2.0 49 25 2 13 33% 519 31952 3145 28%
c W  5.35 27 129 23 53 7599 2 259180 15142 2.0 49 25 2 13 33% 519 31952 3145 28%
c -  5.37 27 130 23 54 7601 2 261679 14786 2.0 49 25 2 13 33% 520 31952 3145 28%
c
c seconds    switched    rate          size/glue  tier1    binary        remaining
c        MB    reductions  conflicts         size   tier2     irredundant
c          level    restarts      redundant     glue    trail       variables
c
c -  5.45 27 132 23 55 7605 2 269029 16193 2.0 48 24 2 13 34% 523 31951 3145 28%
c -  5.55 27 133 23 56 7609 2 276446 15580 2.0 48 25 2 14 35% 525 31951 3145 28%
c -  5.63 27 134 23 57 7612 2 283931 15756 2.0 48 25 2 14 35% 525 31951 3145 28%
c -  5.78 28 135 23 58 7613 2 291481 15524 1.9 51 26 2 14 35% 525 31951 3145 28%
c I  5.84 28 136 23 58 7615 2 294531 18449 1.9 52 27 2 14 36% 525 31951 3145 28%
c ]  5.86 28 136 24 58 7616 2 296375 20200 1.9 52 27 2 14 36% 525 31951 3145 28%
c {  5.86 28 95 24 58 7616 7 296375 20200 2.1 18 9 1 7 24% 525 31951 3145 28%
c o  5.87 28 94 24 58 7656 7 297681 21345 2.1 18 9 1 7 24% 525 31951 3145 28%
c u  5.89 28 94 24 58 7656 7 297699 20578 2.1 18 9 1 7 24% 527 31951 3145 28%
c v  5.90 28 94 24 58 7656 7 297699 19701 2.1 18 9 1 7 24% 527 31951 3145 28%
c w  5.91 29 94 24 58 7656 7 297699 19701 2.1 18 9 1 7 24% 527 31951 3145 28%
c x  5.93 31 94 24 58 7656 7 297699 19668 2.1 18 9 1 7 24% 530 31753 3145 28%
c t  5.93 31 94 24 58 7656 7 297699 19668 2.1 18 9 1 7 24% 528 31753 3145 28%
c -  5.95 32 94 24 59 7706 7 299096 14779 2.1 18 9 1 7 24% 528 31753 3145 28%
c -  6.03 32 93 24 60 8060 7 306779 18444 2.1 18 9 1 7 23% 531 31753 3145 28%
c -  6.12 32 92 24 61 8454 7 314524 21097 2.0 17 8 1 7 23% 531 31753 3145 28%
c -  6.22 32 91 24 62 8887 8 322340 23205 2.0 17 8 1 7 23% 533 31752 3145 28%
c -  6.35 32 90 24 63 9489 8 330214 25051 2.0 17 8 1 7 22% 534 31752 3145 28%
c }  6.40 32 89 25 63 9714 8 333053 27659 2.0 17 8 1 7 22% 534 31752 3145 28%
c [  6.40 32 136 25 63 9714 2 333053 27659 1.9 52 27 2 14 36% 534 31752 3145 28%
c
c seconds    switched    rate          size/glue  tier1    binary        remaining
c        MB    reductions  conflicts         size   tier2     irredundant
c          level    restarts      redundant     glue    trail       variables
c
c B  6.40 32 135 25 63 9714 2 333971 28502 1.9 52 27 2 14 35% 534 31752 3145 28%
c -  6.46 32 136 25 64 9717 2 338153 25697 1.9 51 26 2 14 36% 534 31752 3145 28%
c -  6.57 32 136 25 65 9721 2 346154 24006 2.0 51 26 2 14 37% 534 31750 3145 28%
c u  6.60 32 136 25 65 9722 2 347417 24016 2.0 51 26 2 14 37% 535 31750 3145 28%
c v  6.61 32 136 25 65 9722 2 347417 22803 2.0 51 26 2 14 37% 536 31750 3145 28%
c w  6.62 33 136 25 65 9722 2 347417 22799 2.0 51 26 2 14 37% 536 31750 3145 28%
c x  6.64 33 136 25 65 9722 2 347417 22789 2.0 51 26 2 14 37% 547 31438 3145 28%
c t  6.64 33 136 25 65 9722 2 347417 22789 2.0 51 26 2 14 37% 545 31438 3145 28%
c -  6.70 33 134 25 66 9726 2 354216 20703 2.0 49 25 2 14 36% 551 31438 3145 28%
c s  6.76 33 134 25 66 9728 2 360087 26172 2.0 49 25 2 14 35% 554 31409 3145 28%
c e  6.77 33 134 25 66 9728 2 360087 26172 2.0 49 25 2 14 35% 502 31821 3114 28%
c s  6.77 33 134 25 66 9728 2 360087 26172 2.0 49 25 2 14 35% 502 31696 3114 28%
c e  6.77 33 134 25 66 9728 2 360087 26172 2.0 49 25 2 14 35% 497 31715 3113 28%
c -  6.79 33 134 25 67 9728 2 362340 19641 2.0 48 24 2 14 35% 499 31715 3113 28%
c -  6.87 33 133 25 68 9731 2 370527 19750 2.0 47 24 2 14 34% 500 31715 3113 28%
c W  6.94 33 133 25 68 9735 2 377682 26585 2.0 47 24 2 14 34% 502 31715 3113 28%
c o  6.94 33 133 25 68 9735 2 377682 26585 2.0 47 24 2 14 34% 502 31715 3113 28%
c -  6.96 33 133 25 69 9735 2 378774 20228 2.0 47 24 2 14 34% 502 31715 3113 28%
c ]  7.11 33 134 26 69 9741 2 386953 28086 2.0 49 25 2 14 35% 502 31715 3113 28%
c {  7.11 33 89 26 69 9741 8 386953 28086 2.0 17 8 1 7 22% 502 31715 3113 28%
c
c seconds   switched    rate          size/glue tier1   binary        remaining
c        MB   reductions  conflicts         size  tier2    irredundant
c         level    restarts      redundant    glue   trail       variables
c
c -  7.12 33 89 26 70 9771 8 387081 20161 2.0 17 8 1 7 22% 502 31715 3113 28%
c -  7.23 33 88 26 71 10338 8 395448 22583 2.0 17 8 1 7 22% 502 31715 3113 28%
c u  7.33 33 88 26 71 10738 8 401449 27109 2.0 17 8 1 7 22% 502 31715 3113 28%
c v  7.34 33 88 26 71 10738 8 401449 26592 2.0 17 8 1 7 22% 502 31715 3113 28%
c w  7.35 33 88 26 71 10738 8 401449 26566 2.0 17 8 1 7 22% 502 31715 3113 28%
c x  7.36 33 88 26 71 10738 8 401449 26558 2.0 17 8 1 7 22% 502 31691 3113 28%
c f  7.44 33 88 26 71 10738 8 401449 26558 2.0 17 8 1 7 22% 508 31649 3115 28%
c u  7.46 33 88 26 71 10738 8 401449 25399 2.0 17 8 1 7 22% 508 31649 3115 28%
c v  7.48 33 88 26 71 10738 8 401449 24744 2.0 17 8 1 7 22% 508 31649 3115 28%
c w  7.49 33 88 26 71 10738 8 401449 24701 2.0 17 8 1 7 22% 508 31649 3115 28%
c -  7.53 33 87 26 72 10888 8 403877 22128 2.0 17 8 1 7 22% 509 31649 3115 28%
c -  7.65 33 86 26 73 11385 8 412363 24882 2.0 17 8 1 7 21% 510 31649 3115 28%
c -  7.80 33 85 26 74 11916 8 420907 27343 2.0 17 8 1 6 21% 511 31649 3115 28%
c }  7.96 33 84 27 74 12598 8 429171 34886 2.0 17 9 1 6 21% 513 31649 3115 28%
c [  7.96 33 134 27 74 12598 2 429171 34886 2.0 49 25 2 14 35% 513 31649 3115 28%
c O  7.96 33 134 27 74 12598 2 429171 34886 2.0 49 25 2 14 35% 513 31649 3115 28%
c -  7.97 33 134 27 75 12598 2 429510 28943 2.0 49 25 2 15 35% 513 31649 3115 28%
c -  8.09 36 132 27 76 12604 2 438171 28280 2.0 48 24 2 14 35% 514 31649 3115 28%
c -  8.21 37 129 27 77 12608 2 446888 25736 2.0 48 24 2 14 34% 514 31649 3115 28%
c -  8.36 37 129 27 78 12612 2 455663 23972 1.9 49 25 2 14 34% 514 31649 3115 28%
c
c seconds    switched     rate          size/glue  tier1    binary        remaining
c        MB    reductions   conflicts         size   tier2     irredundant
c          level    restarts       redundant     glue    trail       variables
c
c u  8.45 37 129 27 78 12612 2 459795 26164 1.9 49 25 2 14 34% 514 31649 3115 28%
c v  8.47 37 129 27 78 12612 2 459795 24329 1.9 49 25 2 14 34% 514 31649 3115 28%
c w  8.48 39 129 27 78 12612 2 459795 24298 1.9 49 25 2 14 34% 514 31649 3115 28%
c x  8.50 39 129 27 78 12612 2 459795 24274 1.9 49 25 2 14 34% 516 31481 3115 28%
c t  8.51 39 129 27 78 12612 2 459795 24274 1.9 49 25 2 14 34% 515 31481 3115 28%
c -  8.58 39 129 27 79 12614 2 464494 20338 1.9 49 26 2 14 33% 515 31481 3115 28%
c o  8.62 39 129 27 79 12617 2 467722 23492 1.9 50 26 2 14 34% 515 31481 3115 28%
c -  8.72 39 129 27 80 12619 2 473383 21127 1.9 50 26 2 14 34% 515 31481 3115 28%
c B  8.86 39 129 27 80 12625 2 481959 29466 1.9 51 27 2 14 33% 515 31481 3115 28%
c -  8.87 39 129 27 81 12625 2 482328 21599 1.9 51 27 2 15 33% 515 31481 3115 28%
c ]  8.92 39 129 28 81 12626 2 484953 24126 1.9 52 28 2 15 34% 516 31481 3115 28%
c {  8.92 39 84 28 81 12626 8 484953 24126 2.0 17 9 1 6 21% 516 31481 3115 28%
c -  9.02 39 84 28 82 12991 8 491328 24579 1.9 17 9 1 6 21% 516 31481 3115 28%
c s  9.04 39 84 28 82 13078 8 492462 25579 1.9 17 9 1 6 21% 516 31472 3115 28%
c e  9.04 39 84 28 82 13078 8 492462 25579 1.9 17 9 1 6 21% 509 31548 3110 28%
c s  9.04 39 84 28 82 13078 8 492462 25579 1.9 17 9 1 6 21% 509 31516 3110 28%
c }  9.17 39 83 28 82 13741 8 500002 32572 1.9 17 9 1 6 21% 509 31516 3110 28%
c ?  9.17 39 83 28 82 13741 8 500002 32572 1.9 17 9 1 6 21% 509 31516 3110 28%
c
c ---- [ result ] ------------------------------------------------------------
c
s UNKNOWN
c
c ---- [ profiling ] ---------------------------------------------------------
c
c           7.32   79.81 %  search
c           3.95   43.10 %  stable
c           3.37   36.71 %  focused
c           1.81   19.76 %  simplify
c           1.66   18.05 %  probe
c           0.79    8.60 %  vivify
c           0.62    6.80 %  sweep
c           0.17    1.89 %  eliminate
c           0.12    1.32 %  reduce
c           0.11    1.17 %  factor
c           0.07    0.78 %  substitute
c           0.05    0.51 %  congruence
c           0.03    0.37 %  preprocess
c           0.03    0.29 %  subsume
c           0.02    0.19 %  walking
c           0.01    0.13 %  transitive
c           0.01    0.06 %  backbone
c           0.00    0.04 %  parse
c           0.00    0.01 %  lucky
c =============================================
c           9.17  100.00 %  total
c
c ---- [ statistics ] --------------------------------------------------------
c
c chronological:                         1032                0 %  conflicts
c conflicts:                           500002            54493.30 per second
c congruent:                              793                7 %  variables
c decisions:                          2538291                5.08 per conflict
c eliminated:                            6334               56 %  variables
c factored:                               149                1 %  variables
c propagations:                      64497941          7029384    per second
c reductions:                              82             6098    interval
c reordered:                               10            50000    interval
c rephased:                                19            26316    interval
c restarts:                             13741               36    interval
c strengthened:                          3390                0 %  checks
c substituted:                           1939               17 %  variables
c subsumed:                              8189                0 %  checks
c switched:                                28            17857    interval
c vivified:                             66613               17 %  checks
c walks:                                    6            83334    interval
c
c ---- [ glue usage ] --------------------------------------------------------
c
c focused glue 1   used 553331 clauses 52.92% accumulated 52.92% tier1
c focused glue 2   used 196618 clauses 18.80% accumulated 71.72%
c focused glue 3-4 used 130379 clauses 12.47% accumulated 84.19%
c focused glue 5   used  36551 clauses  3.50% accumulated 87.68%
c focused glue 6   used  27430 clauses  2.62% accumulated 90.30% tier2
c
c stable glue 2    used 367195 clauses 18.38% accumulated 59.15% tier1
c stable glue 3    used 166231 clauses  8.32% accumulated 67.47%
c stable glue 4-13 used 434133 clauses 21.73% accumulated 89.20%
c stable glue 14   used  14715 clauses  0.74% accumulated 89.93%
c stable glue 15   used  12928 clauses  0.65% accumulated 90.58% tier2
c
c ---- [ resources ] ---------------------------------------------------------
c
c maximum-resident-set-size:      41506832384 bytes      39584 MB
c process-time:                             9s               9.17 seconds
c
c ---- [ shutting down ] -----------------------------------------------------
c
c exit 0
