c ---- [ banner ] ------------------------------------------------------------
c
c Kissat SAT Solver
c 
c Copyright (c) 2021-2024 Armin Biere University of Freiburg
c Copyright (c) 2019-2021 Armin Biere Johannes Kepler University Linz
c 
c Version 4.0.4 unknown
c Apple clang version 17.0.0 (clang-1700.3.19.1) -W -Wall -O3 -DNDEBUG
c Thu Oct 16 20:09:41 UTC 2025 Darwin Tahoe-arm64.local 25.0.0 arm64
c
c ---- [ parsing ] -----------------------------------------------------------
c
c opened and reading DIMACS file:
c
c   headline_hunt/bets/cascade_aux_encoding/cnfs/aux_expose_sr61_n32_bit19_m51ca0b34_fill55555555.cnf
c
c parsed 'p cnf 12850 53838' header
c closing input after reading 980989 bytes (958 KB)
c finished parsing after 0.00 seconds
c
c ---- [ options ] -----------------------------------------------------------
c
c --seed=5                         (different from default '0')
c
c ---- [ limits ] ------------------------------------------------------------
c
c conflict limit set to 500000 conflicts
c
c ---- [ solving ] -----------------------------------------------------------
c
c seconds switched rate     size/glue tier1  binary         remaining
c        MB reductions conflicts size  tier2    irredundant
c         level restarts redundant glue  trail         variables
c
c *  0.00  9 0 0 0  0 0   0   0 0.0 0 0 0 0 0% 3586 50187 12849 100%
c (  0.01  9 0 0 0  0 0   0   0 0.0 0 0 0 0 0% 3586 50187 12849 100%
c .  0.01  9 0 0 0  0 0   0   0 0.0 0 0 0 0 0% 3586 50187 12849 100%
c c  0.02 14 0 0 0  0 0   0   0 0.0 0 0 0 0 0% 5798 43427 10879 85%
c d  0.02 14 0 0 0  0 0   0   0 0.0 0 0 0 0 0% 3138 43427 10879 85%
c =  0.03 14 0 0 0  0 0   0   0 0.0 0 0 0 0 0% 3104 43421 10864 85%
c d  0.03 14 0 0 0  0 0   0   0 0.0 0 0 0 0 0% 3074 43421 10864 85%
c f  0.05 15 0 0 0  0 0   0   0 0.0 0 0 0 0 0% 3201 43159 10930 85%
c )  0.05 15 0 0 0  0 0   0   0 0.0 0 0 0 0 0% 3201 43159 10930 85%
c {  0.05 15 0 0 0  0 0   0   0 0.0 0 0 2 6 0% 3201 43159 10930 85%
c -  0.05 15 189 0 1 206 41 1000 760 1.5 4 3 2 5 6% 3304 43158 10930 85%
c }  0.05 15 189 1 1 206 41 1000 760 1.5 4 3 2 5 6% 3304 43158 10930 85%
c [  0.05 15 0 1 1 206 0 1000 760 0.0 0 0 2 6 0% 3304 43158 10930 85%
c B  0.05 15 544 1 1 206 432 1001 761 1.5 3 2 2 6 10% 3304 43158 10930 85%
c -  0.06 15 471 1 2 206 3 2001 1440 1.5 11 8 2 9 5% 3313 43158 10930 85%
c W  0.06 15 471 1 2 206 3 2004 1442 1.5 11 8 2 9 5% 3313 43158 10930 85%
c c  0.07 15 395 1 2 207 5 2552 1830 1.5 10 7 2 9 5% 3345 43054 10904 85%
c d  0.07 15 395 1 2 207 5 2552 1821 1.5 10 7 2 9 5% 3293 43054 10904 85%
c u  0.07 15 395 1 2 207 5 2552 1472 1.5 10 7 2 9 5% 3291 43054 10904 85%
c v  0.08 15 395 1 2 207 5 2552 1299 1.5 10 7 2 9 5% 3291 43054 10904 85%
c
c seconds   switched  rate       size/glue tier1   binary         remaining
c        MB  reductions conflicts      size  tier2    irredundant
c          level restarts   redundant    glue  trail         variables
c
c w  0.08 15 395 1 2 207 5 2552 1119 1.5 10 7 2 9 5% 3291 43054 10904 85%
c x  0.08 15 395 1 2 207 5 2552 1119 1.5 10 7 2 9 5% 3291 42985 10904 85%
c t  0.10 15 395 1 2 207 5 2552 1119 1.5 10 7 2 9 5% 3290 42985 10904 85%
c u  0.11 15 395 1 2 207 5 2552 1080 1.5 10 7 2 9 5% 3290 42985 10904 85%
c v  0.11 15 395 1 2 207 5 2552 1028 1.5 10 7 2 9 5% 3290 42985 10904 85%
c w  0.11 15 395 1 2 207 5 2552 932 1.5 10 7 2 9 5% 3290 42985 10904 85%
c -  0.12 15 354 1 3 207 5 3416 1393 1.7 10 6 2 8 7% 3310 42985 10904 85%
c ]  0.12 15 394 2 3 208 6 4116 1966 1.6 10 6 2 8 10% 3322 42985 10904 85%
c {  0.12 15 189 2 3 208 41 4116 1966 1.5 4 3 2 5 6% 3322 42985 10904 85%
c i  0.13 15 165 2 3 459 43 4867 2583 1.5 5 3 2 5 7% 3377 42983 10903 85%
c }  0.13 15 163 3 3 558 45 5116 2805 1.5 5 3 2 5 7% 3383 42983 10903 85%
c [  0.13 15 394 3 3 558 6 5116 2805 1.6 10 6 2 8 10% 3383 42983 10903 85%
c I  0.13 15 394 3 3 558 6 5116 2805 1.6 10 6 2 8 10% 3383 42983 10903 85%
c -  0.13 15 392 3 4 558 6 5148 2524 1.6 10 6 2 8 10% 3384 42983 10903 85%
c ]  0.15 15 376 4 4 559 5 6672 3848 1.9 15 8 2 8 18% 3416 42978 10903 85%
c {  0.15 15 163 4 4 559 45 6672 3848 1.5 5 3 2 5 7% 3416 42978 10903 85%
c -  0.15 15 153 4 5 661 42 7148 3504 1.5 5 3 2 5 7% 3456 42976 10903 85%
c d  0.15 15 139 4 5 767 39 7857 3709 1.6 5 3 2 5 6% 3457 42954 10865 85%
c b  0.16 15 139 4 5 767 39 7857 3709 1.6 5 3 2 5 6% 3457 42954 10861 85%
c u  0.16 15 139 4 5 767 39 7857 2973 1.6 5 3 2 5 6% 3471 42954 10861 85%
c
c seconds   switched   rate       size/glue tier1  binary         remaining
c        MB  reductions conflicts      size  tier2    irredundant
c          level restarts    redundant   glue  trail         variables
c
c v  0.16 15 139 4 5 767 39 7857 2615 1.6 5 3 2 5 6% 3475 42954 10861 85%
c w  0.16 15 139 4 5 767 39 7857 2461 1.6 5 3 2 5 6% 3476 42954 10861 85%
c x  0.17 15 139 4 5 767 39 7857 2461 1.6 5 3 2 5 6% 3551 42822 10861 85%
c =  0.18 15 139 4 5 767 39 7857 2461 1.6 5 3 2 5 6% 3975 42786 10645 83%
c d  0.18 15 139 4 5 767 39 7857 2368 1.6 5 3 2 5 6% 3537 42786 10642 83%
c t  0.18 15 139 4 5 767 39 7857 2368 1.6 5 3 2 5 6% 3486 42786 10642 83%
c f  0.18 15 139 4 5 767 39 7857 2368 1.6 5 3 2 5 6% 3515 42724 10661 83%
c c  0.19 15 139 4 5 767 39 7857 2363 1.6 5 3 2 5 6% 3506 42704 10656 83%
c d  0.19 15 139 4 5 767 39 7857 2363 1.6 5 3 2 5 6% 3496 42704 10656 83%
c u  0.20 15 139 4 5 767 39 7857 2211 1.6 5 3 2 5 6% 3501 42704 10656 83%
c v  0.20 15 139 4 5 767 39 7857 2084 1.6 5 3 2 5 6% 3501 42704 10656 83%
c w  0.20 15 139 4 5 767 39 7857 2033 1.6 5 3 2 5 6% 3501 42704 10656 83%
c x  0.20 15 139 4 5 767 39 7857 2033 1.6 5 3 2 5 6% 3651 42214 10656 83%
c =  0.22 15 139 4 5 767 39 7857 2033 1.6 5 3 2 5 6% 3725 42202 10617 83%
c d  0.22 15 139 4 5 767 39 7857 1974 1.6 5 3 2 5 6% 3637 42202 10617 83%
c t  0.22 15 139 4 5 767 39 7857 1974 1.6 5 3 2 5 6% 3630 42202 10617 83%
c }  0.23 16 127 5 5 1036 35 9025 2836 1.6 5 4 2 5 7% 3699 42202 10617 83%
c [  0.23 16 376 5 5 1036 5 9025 2836 1.9 15 8 2 8 18% 3699 42202 10617 83%
c B  0.23 16 376 5 5 1036 5 9025 2836 1.9 15 8 2 8 18% 3699 42202 10617 83%
c ]  0.25 16 365 6 5 1036 5 9192 2985 2.2 19 9 2 8 19% 3705 42202 10617 83%
c
c seconds   switched    rate       size/glue tier1  binary         remaining
c        MB  reductions  conflicts      size  tier2    irredundant
c          level  restarts    redundant   glue  trail         variables
c
c {  0.25 16 127 6 5 1036 35 9192 2985 1.6 5 4 2 5 7% 3705 42202 10617 83%
c -  0.26 16 126 6 6 1057 35 9384 2746 1.6 6 4 2 5 7% 3734 42202 10617 83%
c o  0.27 16 122 6 6 1190 33 10024 3272 1.6 6 4 2 5 7% 3791 42200 10617 83%
c -  0.31 18 108 6 7 1629 30 11833 4311 1.8 8 4 2 4 7% 3926 42196 10617 83%
c s  0.34 18 103 6 7 1894 29 12752 5175 1.9 9 5 2 4 8% 3953 41048 10617 83%
c e  0.36 18 103 6 7 1894 29 12752 5175 1.9 9 5 2 4 8% 2561 39262 6959 54%
c s  0.36 18 103 6 7 1894 29 12752 5175 1.9 9 5 2 4 8% 2572 38963 6959 54%
c e  0.36 18 103 6 7 1894 29 12752 5175 1.9 9 5 2 4 8% 2361 39166 6891 54%
c ^  0.36 18 103 6 7 1894 29 12752 5175 1.9 9 5 2 4 8% 2361 39166 6891 54%
c }  0.37 18 101 7 7 2038 29 13261 3035 1.9 9 5 2 4 8% 2375 39166 6891 54%
c [  0.37 18 365 7 7 2038 5 13261 3035 2.2 19 9 2 8 19% 2375 39166 6891 54%
c ]  0.49 18 334 8 7 2038 5 13815 3573 2.6 39 15 2 8 24% 2375 39166 6891 54%
c {  0.49 18 101 8 7 2038 29 13815 3573 1.9 9 5 2 4 8% 2375 39166 6891 54%
c -  0.52 21 100 8 8 2219 29 14479 3484 1.9 10 6 1 4 8% 2401 39166 6891 54%
c d  0.59 21 101 8 8 2642 29 16099 4954 1.9 14 7 1 4 10% 2450 39162 6890 54%
c u  0.59 21 101 8 8 2642 29 16099 4618 1.9 14 7 1 4 10% 2452 39162 6890 54%
c v  0.59 21 101 8 8 2642 29 16099 3985 1.9 14 7 1 4 10% 2457 39162 6890 54%
c w  0.61 21 101 8 8 2642 29 16099 3976 1.9 14 7 1 4 10% 2457 39162 6890 54%
c x  0.62 21 101 8 8 2642 29 16099 3974 1.9 14 7 1 4 10% 2476 38766 6890 54%
c d  0.67 21 101 8 8 2642 29 16099 3972 1.9 14 7 1 4 10% 2472 38766 6888 54%
c
c seconds   switched    rate        size/glue tier1    binary        remaining
c        MB  reductions   conflicts       size  tier2     irredundant
c          level  restarts     redundant    glue   trail        variables
c
c t  0.67 21 101 8 8 2642 29 16099 3972 1.9 14 7 1 4 10% 2462 38766 6888 54%
c f  0.68 21 101 8 8 2642 29 16099 3972 1.9 14 7 1 4 10% 2495 38695 6905 54%
c u  0.69 21 101 8 8 2642 29 16099 3905 1.9 14 7 1 4 10% 2496 38695 6905 54%
c v  0.69 21 101 8 8 2642 29 16099 3785 1.9 14 7 1 4 10% 2498 38695 6905 54%
c w  0.71 21 101 8 8 2642 29 16099 3562 1.9 14 7 1 4 10% 2499 38695 6905 54%
c x  0.72 21 101 8 8 2642 29 16099 3562 1.9 14 7 1 4 10% 2518 38497 6905 54%
c d  0.72 21 101 8 8 2642 29 16099 3562 1.9 14 7 1 4 10% 2514 38497 6903 54%
c t  0.72 21 101 8 8 2642 29 16099 3562 1.9 14 7 1 4 10% 2508 38497 6903 54%
c -  0.78 21 100 8 9 2934 29 17307 3998 1.9 15 8 1 3 11% 2525 38497 6903 54%
c }  0.93 21 104 9 9 3556 29 19976 6472 1.9 20 10 1 3 13% 2569 38497 6903 54%
c [  0.93 21 334 9 9 3556 5 19976 6472 2.6 39 15 2 8 24% 2569 38497 6903 54%
c W  0.93 21 334 9 9 3556 5 19976 6472 2.6 39 15 2 8 24% 2569 38497 6903 54%
c -  0.99 21 320 9 10 3556 5 20308 5466 2.6 46 18 1 6 26% 2570 38497 6903 54%
c ]  1.27 21 274 10 10 3557 4 21652 6734 2.7 74 28 1 6 33% 2572 38497 6903 54%
c {  1.27 21 104 10 10 3557 29 21652 6734 1.9 20 10 1 3 13% 2572 38497 6903 54%
c o  1.27 21 104 10 10 3562 29 21668 6746 1.9 20 10 1 3 13% 2576 38497 6903 54%
c -  1.36 21 104 10 11 3906 28 23470 6578 1.9 21 11 1 3 13% 2587 38497 6903 54%
c s  1.49 21 104 10 11 4401 28 25579 8594 1.9 24 12 1 3 14% 2597 38483 6903 54%
c e  1.51 21 104 10 11 4401 28 25579 8594 1.9 24 12 1 3 14% 2113 39181 6611 51%
c s  1.51 21 104 10 11 4401 28 25579 8594 1.9 24 12 1 3 14% 2187 38944 6611 51%
c
c seconds    switched     rate        size/glue  tier1    binary        remaining
c        MB    reductions   conflicts       size   tier2     irredundant
c          level    restarts     redundant     glue   trail        variables
c
c e  1.51 21 104 10 11 4401 28 25579 8594 1.9 24 12 1 3 14% 2174 38962 6606 51%
c ^  1.51 21 104 10 11 4401 28 25579 8594 1.9 24 12 1 3 14% 2174 38962 6606 51%
c -  1.58 21 104 10 12 4644 28 26786 6379 1.9 25 13 1 3 15% 2180 38962 6606 51%
c u  1.62 22 104 10 12 4764 27 27525 6512 1.9 25 13 1 3 15% 2193 38962 6606 51%
c v  1.63 22 104 10 12 4764 27 27525 5821 1.9 25 13 1 3 15% 2195 38962 6606 51%
c w  1.65 22 104 10 12 4764 27 27525 5371 1.9 25 13 1 3 15% 2196 38962 6606 51%
c x  1.67 22 104 10 12 4764 27 27525 5369 1.9 25 13 1 3 15% 2207 38543 6606 51%
c =  1.78 22 104 10 12 4764 27 27525 5369 1.9 25 13 1 3 15% 2425 38527 6497 51%
c d  1.79 22 104 10 12 4764 27 27525 5303 1.9 25 13 1 3 15% 2188 38527 6497 51%
c t  1.79 22 104 10 12 4764 27 27525 5303 1.9 25 13 1 3 15% 2165 38527 6497 51%
c f  1.79 22 104 10 12 4764 27 27525 5303 1.9 25 13 1 3 15% 2212 38387 6524 51%
c u  1.80 22 104 10 12 4764 27 27525 5168 1.9 25 13 1 3 15% 2213 38387 6524 51%
c v  1.80 22 104 10 12 4764 27 27525 4992 1.9 25 13 1 3 15% 2214 38387 6524 51%
c w  1.82 22 104 10 12 4764 27 27525 4819 1.9 25 13 1 3 15% 2214 38387 6524 51%
c x  1.84 22 104 10 12 4764 27 27525 4819 1.9 25 13 1 3 15% 2214 37793 6524 51%
c =  1.95 22 104 10 12 4764 27 27525 4819 1.9 25 13 1 3 15% 3010 37721 6126 48%
c d  1.95 22 104 10 12 4764 27 27525 4662 1.9 25 13 1 3 15% 2199 37721 6126 48%
c t  1.95 22 104 10 12 4764 27 27525 4662 1.9 25 13 1 3 15% 2175 37721 6126 48%
c -  2.06 22 106 10 13 5168 26 30250 5997 1.9 27 14 1 3 16% 2202 37721 6126 48%
c }  2.07 22 106 11 13 5172 26 30279 6026 1.9 27 14 1 3 16% 2202 37721 6126 48%
c
c seconds    switched    rate        size/glue  tier1    binary        remaining
c        MB    reductions  conflicts       size   tier2     irredundant
c          level    restarts    redundant     glue   trail        variables
c
c [  2.07 22 274 11 13 5172 4 30279 6026 2.7 74 28 1 6 33% 2202 37721 6126 48%
c O  2.07 22 274 11 13 5172 4 30279 6026 2.7 74 28 1 6 33% 2202 37721 6126 48%
c ]  2.50 23 219 12 13 5174 3 33243 8889 2.7 105 39 1 6 40% 2204 37721 6126 48%
c {  2.50 23 106 12 13 5174 26 33243 8889 1.9 27 14 1 3 16% 2204 37721 6126 48%
c -  2.53 23 106 12 14 5293 26 33857 7146 1.9 27 14 1 3 16% 2204 37721 6126 48%
c -  2.71 23 108 12 15 5902 25 37600 8347 2.0 29 15 1 3 17% 2218 37721 6126 48%
c -  2.84 23 109 12 16 6265 24 41472 9723 2.0 30 15 1 3 18% 2236 37721 6126 48%
c o  2.84 23 109 12 16 6266 23 41770 10007 2.0 30 15 1 3 18% 2236 37721 6126 48%
c u  2.86 23 109 12 16 6316 23 42264 9825 2.0 30 15 1 3 18% 2237 37721 6126 48%
c v  2.87 23 109 12 16 6316 23 42264 8822 2.0 30 15 1 3 18% 2238 37721 6126 48%
c w  2.89 23 109 12 16 6316 23 42264 8043 2.0 30 15 1 3 18% 2238 37721 6126 48%
c x  2.91 23 109 12 16 6316 23 42264 8041 2.0 30 15 1 3 18% 2239 35003 6126 48%
c =  2.99 23 109 12 16 6316 23 42264 8041 2.0 30 15 1 3 18% 3021 35003 5735 45%
c d  2.99 23 109 12 16 6316 23 42264 7847 2.0 30 15 1 3 18% 2239 35003 5735 45%
c t  2.99 23 109 12 16 6316 23 42264 7847 2.0 30 15 1 3 18% 2193 35003 5735 45%
c f  3.00 23 109 12 16 6316 23 42264 7847 2.0 30 15 1 3 18% 2194 34999 5736 45%
c u  3.00 23 109 12 16 6316 23 42264 7596 2.0 30 15 1 3 18% 2194 34999 5736 45%
c v  3.01 23 109 12 16 6316 23 42264 7307 2.0 30 15 1 3 18% 2194 34999 5736 45%
c w  3.02 23 109 12 16 6316 23 42264 6966 2.0 30 15 1 3 18% 2194 34999 5736 45%
c x  3.04 23 109 12 16 6316 23 42264 6966 2.0 30 15 1 3 18% 2194 32350 5736 45%
c
c seconds    switched     rate        size/glue  tier1    binary        remaining
c        MB    reductions   conflicts       size   tier2     irredundant
c          level    restarts     redundant     glue   trail        variables
c
c }  3.19 23 109 13 16 6320 22 44722 9164 2.1 30 14 1 3 19% 2210 32350 5736 45%
c [  3.19 23 219 13 16 6320 3 44722 9164 2.7 105 39 1 6 40% 2210 32350 5736 45%
c B  3.19 23 219 13 16 6320 3 44722 9164 2.7 105 39 1 6 40% 2210 32350 5736 45%
c -  3.20 23 210 13 17 6320 3 45472 7397 2.7 100 37 1 4 39% 2210 32350 5736 45%
c -  3.26 23 179 13 18 6323 3 49595 8314 2.7 85 32 1 5 34% 2218 32350 5736 45%
c s  3.32 23 163 13 18 6326 3 53407 11943 2.6 76 29 1 5 31% 2221 32337 5736 45%
c e  3.33 23 163 13 18 6326 3 53407 11943 2.6 76 29 1 5 31% 1835 31233 5251 41%
c s  3.33 23 163 13 18 6326 3 53407 11943 2.6 76 29 1 5 31% 1840 31025 5251 41%
c e  3.34 23 163 13 18 6326 3 53407 11943 2.6 76 29 1 5 31% 1751 26151 4529 35%
c ^  3.34 23 163 13 18 6326 3 53407 11943 2.6 76 29 1 5 31% 1751 26151 4529 35%
c -  3.35 23 161 13 19 6326 3 53837 6717 2.6 76 29 1 5 31% 1751 26151 4529 35%
c W  3.40 23 151 13 19 6326 2 56944 9704 2.5 73 29 1 5 31% 1753 26151 4529 35%
c -  3.42 23 147 13 20 6327 2 58196 7776 2.5 73 29 1 7 31% 1753 26151 4529 35%
c u  3.46 23 142 13 20 6329 2 60565 9399 2.5 70 28 1 7 30% 1759 26151 4529 35%
c v  3.47 23 142 13 20 6329 2 60565 8794 2.5 70 28 1 7 30% 1759 26151 4529 35%
c w  3.47 23 142 13 20 6329 2 60565 8792 2.5 70 28 1 7 30% 1759 26151 4529 35%
c x  3.48 23 142 13 20 6329 2 60565 8781 2.5 70 28 1 7 30% 1759 26066 4529 35%
c t  3.48 23 142 13 20 6329 2 60565 8781 2.5 70 28 1 7 30% 1754 26066 4529 35%
c -  3.52 23 139 13 21 6331 2 62668 7771 2.4 69 28 1 8 30% 1756 26066 4529 35%
c -  3.61 23 134 13 22 6333 2 67250 8636 2.4 72 30 1 9 30% 1758 26066 4529 35%
c
c seconds    switched    rate         size/glue  tier1    binary        remaining
c        MB    reductions  conflicts        size   tier2     irredundant
c          level    restarts     redundant     glue   trail        variables
c
c I  3.68 23 129 13 22 6334 2 71848 13124 2.5 71 29 1 9 30% 1762 26066 4529 35%
c o  3.68 23 129 13 22 6334 2 71848 13124 2.5 71 29 1 9 30% 1762 26066 4529 35%
c -  3.69 23 129 13 23 6334 2 71940 9257 2.5 71 29 1 10 30% 1763 26066 4529 35%
c ]  3.71 23 127 14 23 6334 2 74128 11325 2.5 70 28 1 10 30% 1764 26066 4529 35%
c {  3.71 23 109 14 23 6334 22 74128 11325 2.1 30 14 1 3 19% 1764 26066 4529 35%
c -  3.74 23 108 14 24 6343 20 76737 10589 2.1 30 14 1 3 19% 1773 26066 4529 35%
c -  3.78 23 109 14 25 6376 18 81635 12130 2.1 29 14 1 4 20% 1792 26066 4529 35%
c u  3.80 23 109 14 25 6379 17 82786 12441 2.1 28 13 1 4 20% 1799 26066 4529 35%
c v  3.81 23 109 14 25 6379 17 82786 11925 2.1 28 13 1 4 20% 1800 26066 4529 35%
c w  3.81 23 109 14 25 6379 17 82786 11864 2.1 28 13 1 4 20% 1800 26066 4529 35%
c x  3.82 23 109 14 25 6379 17 82786 11855 2.1 28 13 1 4 20% 1802 25961 4529 35%
c t  3.85 23 109 14 25 6379 17 82786 11855 2.1 28 13 1 4 20% 1797 25961 4529 35%
c -  3.89 23 109 14 26 6416 16 86635 12501 2.1 28 13 1 4 21% 1807 25961 4529 35%
c }  3.91 23 109 15 26 6428 15 88844 14547 2.1 27 13 1 4 21% 1815 25961 4529 35%
c [  3.91 23 127 15 26 6428 2 88844 14547 2.5 70 28 1 10 30% 1815 25961 4529 35%
c B  3.92 23 126 15 26 6428 2 89651 15285 2.4 69 28 1 10 30% 1815 25961 4529 35%
c -  3.95 23 125 15 27 6430 2 91735 13635 2.5 68 28 1 10 30% 1816 25961 4529 35%
c -  4.04 23 121 15 28 6433 2 96933 13595 2.5 67 27 1 11 30% 1817 25961 4529 35%
c ]  4.07 23 120 16 28 6434 2 98348 14975 2.5 68 28 1 11 30% 1817 25961 4529 35%
c {  4.07 23 109 16 28 6434 15 98348 14975 2.1 27 13 1 4 21% 1817 25961 4529 35%
c
c seconds    switched     rate         size/glue  tier1    binary        remaining
c        MB    reductions   conflicts        size   tier2     irredundant
c          level    restarts      redundant     glue   trail        variables
c
c s  4.08 23 108 16 28 6449 15 99470 16018 2.1 27 13 1 4 21% 1818 25952 4529 35%
c e  4.09 23 108 16 28 6449 15 99470 16018 2.1 27 13 1 4 21% 891 28445 4018 31%
c s  4.10 23 108 16 28 6449 15 99470 16018 2.1 27 13 1 4 21% 904 27966 4018 31%
c e  4.10 23 108 16 28 6449 15 99470 16018 2.1 27 13 1 4 21% 879 28025 4007 31%
c ^  4.10 23 108 16 28 6449 15 99470 16018 2.1 27 13 1 4 21% 879 28025 4007 31%
c -  4.12 23 107 16 29 6466 14 102224 9621 2.1 27 13 1 4 21% 882 28025 4007 31%
c -  4.17 23 106 16 30 6514 13 107609 12597 2.1 26 12 1 4 21% 894 28025 4007 31%
c u  4.19 23 106 16 30 6526 13 108759 12833 2.1 26 12 1 4 21% 898 28023 4007 31%
c v  4.19 23 106 16 30 6526 13 108759 12301 2.1 26 12 1 4 21% 898 28023 4007 31%
c w  4.20 23 106 16 30 6526 13 108759 12167 2.1 26 12 1 4 21% 898 28023 4007 31%
c x  4.21 23 106 16 30 6526 13 108759 12150 2.1 26 12 1 4 21% 900 27965 4007 31%
c t  4.21 23 106 16 30 6526 13 108759 12150 2.1 26 12 1 4 21% 896 27965 4007 31%
c o  4.24 23 106 16 30 6558 12 111872 14976 2.1 25 12 1 4 21% 898 27965 4007 31%
c -  4.26 23 105 16 31 6580 12 113089 13437 2.1 25 12 1 5 21% 898 27965 4007 31%
c }  4.29 23 105 17 31 6629 11 116685 16785 2.1 25 12 1 5 21% 906 27964 4007 31%
c [  4.29 23 120 17 31 6629 2 116685 16785 2.5 68 28 1 11 30% 906 27964 4007 31%
c W  4.30 23 120 17 31 6629 2 116685 16785 2.5 68 28 1 11 30% 906 27964 4007 31%
c -  4.32 23 119 17 32 6630 2 118656 14886 2.4 66 27 1 11 30% 908 27964 4007 31%
c -  4.43 23 117 17 33 6634 2 124312 14816 2.4 67 28 1 11 30% 908 27964 4007 31%
c ]  4.50 23 114 18 33 6636 2 129397 19704 2.4 64 27 1 11 29% 910 27964 4007 31%
c
c seconds    switched     rate          size/glue  tier1   binary        remaining
c        MB    reductions   conflicts         size   tier2    irredundant
c          level    restarts       redundant     glue   trail       variables
c
c {  4.50 23 105 18 33 6636 11 129397 19704 2.1 25 12 1 5 21% 910 27964 4007 31%
c -  4.51 23 105 18 34 6639 11 130057 14479 2.1 25 12 1 5 21% 912 27964 4007 31%
c -  4.57 23 103 18 35 6680 10 135888 16241 2.1 24 11 1 5 21% 931 27959 4007 31%
c u  4.62 23 102 18 35 6698 10 138463 17298 2.1 24 11 1 5 22% 935 27959 4007 31%
c v  4.63 23 102 18 35 6698 10 138463 16515 2.1 24 11 1 5 22% 936 27959 4007 31%
c w  4.63 23 102 18 35 6698 10 138463 16498 2.1 24 11 1 5 22% 936 27959 4007 31%
c t  4.63 23 102 18 35 6698 10 138463 16498 2.1 24 11 1 5 22% 935 27959 4007 31%
c -  4.67 23 101 18 36 6733 10 141805 16057 2.1 24 11 1 5 21% 945 27958 4007 31%
c -  4.74 23 99 18 37 6786 9 147805 17685 2.1 23 11 1 5 21% 956 27958 4007 31%
c }  4.79 23 97 19 37 6839 9 151742 21347 2.1 23 11 1 5 21% 961 27958 4007 31%
c [  4.79 23 114 19 37 6839 2 151742 21347 2.4 64 27 1 11 29% 961 27958 4007 31%
c O  4.79 23 114 19 37 6839 2 151742 21347 2.4 64 27 1 11 29% 961 27958 4007 31%
c -  4.83 23 113 19 38 6841 2 153887 18787 2.4 64 27 1 11 29% 961 27958 4007 31%
c -  4.92 23 111 19 39 6844 2 160051 18203 2.4 63 27 1 11 29% 961 27958 4007 31%
c s  5.00 23 109 19 39 6846 2 164738 22767 2.3 63 27 1 11 29% 976 27901 4007 31%
c e  5.02 23 109 19 39 6846 2 164738 22767 2.3 63 27 1 11 29% 604 30716 3661 28%
c s  5.02 23 109 19 39 6846 2 164738 22767 2.3 63 27 1 11 29% 611 30049 3661 28%
c e  5.02 23 109 19 39 6846 2 164738 22767 2.3 63 27 1 11 29% 599 30127 3652 28%
c ^  5.02 23 109 19 39 6846 2 164738 22767 2.3 63 27 1 11 29% 599 30127 3652 28%
c o  5.02 23 109 19 39 6846 2 164738 13720 2.3 63 27 1 11 29% 599 30127 3652 28%
c
c seconds    switched    rate          size/glue  tier1    binary        remaining
c        MB    reductions  conflicts         size   tier2     irredundant
c          level    restarts      redundant     glue    trail       variables
c
c -  5.05 23 109 19 40 6847 2 166295 11024 2.3 63 27 2 11 30% 599 30125 3652 28%
c ]  5.12 23 109 20 40 6851 2 171231 15771 2.3 63 27 2 11 30% 599 30125 3652 28%
c {  5.12 23 97 20 40 6851 9 171231 15771 2.1 23 11 1 5 21% 599 30125 3652 28%
c u  5.14 23 97 20 40 6881 9 172085 15471 2.1 23 11 1 5 21% 599 30125 3652 28%
c v  5.15 23 97 20 40 6881 9 172085 14526 2.1 23 11 1 5 21% 599 30125 3652 28%
c w  5.16 24 97 20 40 6881 9 172085 14523 2.1 23 11 1 5 21% 599 30125 3652 28%
c x  5.17 24 97 20 40 6881 9 172085 14458 2.1 23 11 1 5 21% 602 29804 3652 28%
c t  5.23 24 97 20 40 6881 9 172085 14458 2.1 23 11 1 5 21% 595 29804 3652 28%
c -  5.25 24 97 20 41 6893 9 172619 11254 2.1 23 11 1 5 21% 596 29803 3652 28%
c -  5.32 24 96 20 42 7050 8 179022 14554 2.1 23 11 1 5 21% 598 29803 3652 28%
c -  5.39 24 95 20 43 7201 8 185502 17330 2.1 23 11 1 5 22% 601 29803 3652 28%
c -  5.48 24 94 20 44 7425 8 192061 19098 2.1 22 11 1 5 21% 604 29800 3652 28%
c }  5.54 24 93 21 44 7513 7 197971 24429 2.1 22 10 1 5 21% 605 29800 3652 28%
c [  5.54 24 109 21 44 7513 2 197971 24429 2.3 63 27 2 11 30% 605 29800 3652 28%
c B  5.54 24 109 21 44 7513 2 197971 24429 2.3 63 27 2 11 30% 605 29800 3652 28%
c -  5.55 24 108 21 45 7513 2 198695 20497 2.3 62 27 2 12 30% 605 29800 3652 28%
c -  5.65 24 107 21 46 7518 2 205403 20027 2.3 60 26 1 11 29% 605 29800 3652 28%
c u  5.75 24 105 21 46 7519 2 209584 23242 2.3 61 26 1 11 29% 605 29800 3652 28%
c v  5.76 24 105 21 46 7519 2 209584 22610 2.3 61 26 1 11 29% 605 29800 3652 28%
c w  5.77 24 105 21 46 7519 2 209584 22607 2.3 61 26 1 11 29% 605 29800 3652 28%
c
c seconds    switched    rate          size/glue  tier1    binary        remaining
c        MB    reductions  conflicts         size   tier2     irredundant
c          level    restarts      redundant     glue    trail       variables
c
c x  5.78 26 105 21 46 7519 2 209584 22515 2.3 61 26 1 11 29% 614 29443 3652 28%
c t  5.78 26 105 21 46 7519 2 209584 22515 2.3 61 26 1 11 29% 611 29443 3652 28%
c -  5.83 27 105 21 47 7521 2 212186 17040 2.3 61 26 1 12 29% 611 29443 3652 28%
c ]  5.93 28 104 22 47 7525 2 218612 23263 2.3 60 26 1 12 29% 611 29442 3652 28%
c {  5.93 28 93 22 47 7525 7 218612 23263 2.1 22 10 1 5 21% 611 29442 3652 28%
c -  5.94 28 92 22 48 7533 7 219042 17197 2.1 22 10 1 5 21% 611 29442 3652 28%
c o  6.01 28 92 22 48 7614 7 224987 22653 2.1 22 10 1 5 21% 617 29442 3652 28%
c -  6.03 28 92 22 49 7632 7 225971 19783 2.1 22 10 1 5 21% 619 29441 3652 28%
c -  6.12 28 90 22 50 7742 7 232972 22358 2.1 21 10 1 5 21% 624 29440 3652 28%
c -  6.22 28 88 22 51 7861 7 240044 24186 2.1 21 10 1 5 21% 628 29440 3652 28%
c -  6.33 28 87 22 52 8036 6 247185 25524 2.1 21 10 1 5 20% 635 29438 3652 28%
c }  6.38 28 86 23 52 8106 6 250129 28290 2.1 21 10 1 5 20% 636 29438 3652 28%
c [  6.38 28 104 23 52 8106 2 250129 28290 2.3 60 26 1 12 29% 636 29438 3652 28%
c W  6.39 28 104 23 52 8106 2 250129 28290 2.3 60 26 1 12 29% 636 29438 3652 28%
c s  6.40 28 104 23 52 8106 2 250717 28809 2.3 60 26 1 12 29% 639 29396 3652 28%
c e  6.42 28 104 23 52 8106 2 250717 28809 2.3 60 26 1 12 29% 342 35014 3222 25%
c s  6.43 28 104 23 52 8106 2 250717 28809 2.3 60 26 1 12 29% 344 33502 3222 25%
c e  6.44 28 104 23 52 8106 2 250717 28809 2.3 60 26 1 12 29% 324 33656 3210 25%
c !  6.44 28 104 23 52 8106 2 250717 28809 2.3 60 26 1 12 29% 324 33656 3210 25%
c u  6.46 28 103 23 52 8106 2 251181 14712 2.3 59 26 1 12 29% 325 33656 3210 25%
c
c seconds    switched    rate          size/glue  tier1    binary        remaining
c        MB    reductions  conflicts         size   tier2     irredundant
c          level    restarts      redundant     glue    trail       variables
c
c v  6.47 28 103 23 52 8106 2 251181 13852 2.3 59 26 1 12 29% 325 33656 3210 25%
c w  6.48 28 103 23 52 8106 2 251181 13774 2.3 59 26 1 12 29% 325 33656 3210 25%
c x  6.49 28 103 23 52 8106 2 251181 13709 2.3 59 26 1 12 29% 333 33317 3210 25%
c t  6.49 28 103 23 52 8106 2 251181 13709 2.3 59 26 1 12 29% 331 33317 3210 25%
c f  6.51 28 103 23 52 8106 2 251181 13709 2.3 59 26 1 12 29% 336 33257 3213 25%
c u  6.52 28 103 23 52 8106 2 251181 13495 2.3 59 26 1 12 29% 336 33257 3213 25%
c v  6.54 28 103 23 52 8106 2 251181 12518 2.3 59 26 1 12 29% 336 33257 3213 25%
c w  6.54 28 103 23 52 8106 2 251181 12438 2.3 59 26 1 12 29% 336 33257 3213 25%
c x  6.56 28 103 23 52 8106 2 251181 12409 2.3 59 26 1 12 29% 339 33077 3213 25%
c t  6.56 28 103 23 52 8106 2 251181 12409 2.3 59 26 1 12 29% 338 33077 3213 25%
c -  6.60 28 103 23 53 8109 2 254397 12438 2.3 59 26 1 11 28% 338 33077 3213 25%
c -  6.71 28 101 23 54 8112 2 261678 14098 2.3 58 25 1 12 28% 338 33077 3213 25%
c -  6.83 28 100 23 55 8118 2 269027 14911 2.3 57 25 2 12 28% 338 33077 3213 25%
c -  6.94 28 100 23 56 8120 2 276443 15484 2.2 58 26 2 12 28% 338 33077 3213 25%
c -  7.08 28 98 23 57 8121 2 283926 14882 2.2 58 26 2 13 28% 338 33077 3213 25%
c I  7.09 28 97 23 57 8122 2 285480 16380 2.2 58 26 2 13 27% 338 33077 3213 25%
c ]  7.14 28 97 24 57 8125 2 289424 20157 2.3 57 25 2 13 27% 338 33077 3213 25%
c {  7.14 28 86 24 57 8125 6 289424 20157 2.1 21 10 1 5 20% 338 33077 3213 25%
c -  7.17 28 86 24 58 8212 6 291475 16750 2.1 21 10 1 5 20% 339 33077 3213 25%
c o  7.21 28 85 24 58 8302 6 295008 20015 2.1 21 10 1 5 20% 342 33077 3213 25%
c
c seconds   switched    rate          size/glue  tier1   binary        remaining
c        MB   reductions  conflicts         size   tier2    irredundant
c         level    restarts      redundant     glue   trail       variables
c
c u  7.24 28 85 24 58 8355 6 296585 20754 2.1 21 10 1 5 20% 344 33076 3213 25%
c v  7.26 28 85 24 58 8355 6 296585 20184 2.1 21 10 1 5 20% 344 33076 3213 25%
c w  7.26 28 85 24 58 8355 6 296585 20133 2.1 21 10 1 5 20% 344 33076 3213 25%
c x  7.28 28 85 24 58 8355 6 296585 20079 2.1 21 10 1 5 20% 352 32669 3213 25%
c t  7.35 28 85 24 58 8355 6 296585 20079 2.1 21 10 1 5 20% 351 32669 3213 25%
c -  7.39 28 84 24 59 8403 6 299090 19018 2.1 20 10 1 5 20% 351 32668 3213 25%
c -  7.50 28 83 24 60 8735 6 306772 21933 2.1 20 10 1 5 20% 352 32668 3213 25%
c -  7.62 29 82 24 61 9082 6 314517 23668 2.1 20 9 1 5 20% 353 32667 3213 25%
c -  7.74 29 82 24 62 9467 6 322328 25305 2.1 20 9 1 5 19% 354 32665 3213 25%
c }  7.81 29 81 25 62 9763 6 326101 28771 2.1 20 9 1 5 19% 354 32665 3213 25%
c [  7.81 29 97 25 62 9763 2 326101 28771 2.3 57 25 2 13 27% 354 32665 3213 25%
c B  7.81 29 97 25 62 9763 2 326101 28771 2.3 57 25 2 13 27% 354 32665 3213 25%
c -  7.88 29 96 25 63 9765 2 330203 25752 2.3 57 25 2 13 27% 354 32665 3213 25%
c -  8.00 29 96 25 64 9769 2 338140 24086 2.3 57 25 2 13 28% 354 32665 3213 25%
c -  8.12 29 95 25 65 9775 2 346141 22002 2.2 56 25 2 13 28% 354 32665 3213 25%
c u  8.14 29 95 25 65 9775 2 346222 20951 2.2 56 25 2 13 28% 354 32665 3213 25%
c v  8.15 29 95 25 65 9775 2 346222 19915 2.2 56 25 2 13 28% 354 32665 3213 25%
c w  8.16 29 95 25 65 9775 2 346222 19849 2.2 56 25 2 13 28% 354 32665 3213 25%
c x  8.18 29 95 25 65 9775 2 346222 19839 2.2 56 25 2 13 28% 354 32611 3213 25%
c -  8.32 29 95 25 66 9777 2 354205 19319 2.2 56 25 2 13 28% 354 32611 3213 25%
c
c seconds   switched    rate          size/glue  tier1    binary        remaining
c        MB   reductions  conflicts         size   tier2     irredundant
c         level    restarts      redundant     glue    trail       variables
c
c s  8.38 29 94 25 66 9777 2 358542 23536 2.2 56 25 2 13 28% 357 32586 3213 25%
c e  8.39 29 94 25 66 9777 2 358542 23536 2.2 56 25 2 13 28% 259 33116 3176 25%
c s  8.39 29 94 25 66 9777 2 358542 23536 2.2 56 25 2 13 28% 259 32959 3176 25%
c e  8.39 29 94 25 66 9777 2 358542 23536 2.2 56 25 2 13 28% 258 32976 3175 25%
c -  8.46 29 95 25 67 9780 2 362329 18423 2.2 56 25 2 13 28% 258 32976 3175 25%
c ]  8.51 29 94 26 67 9783 2 365641 21634 2.2 56 25 2 13 28% 258 32976 3175 25%
c {  8.51 29 81 26 67 9783 6 365641 21634 2.1 20 9 1 5 19% 258 32976 3175 25%
c -  8.59 29 81 26 68 10012 6 370515 21083 2.1 20 9 1 5 19% 258 32976 3175 25%
c o  8.66 29 80 26 68 10200 6 375044 25246 2.1 20 9 1 5 19% 258 32976 3175 25%
c -  8.73 29 80 26 69 10394 6 378763 24775 2.1 20 9 1 5 19% 258 32976 3175 25%
c -  8.87 29 79 26 70 10806 6 387070 27224 2.1 19 9 1 5 19% 258 32976 3175 25%
c -  9.00 29 78 26 71 11132 6 395437 28941 2.1 19 9 1 5 19% 259 32976 3175 25%
c u  9.13 29 77 26 71 11488 6 400139 31750 2.1 19 9 1 5 18% 259 32976 3175 25%
c v  9.16 29 77 26 71 11488 6 400139 30662 2.1 19 9 1 5 18% 259 32976 3175 25%
c w  9.17 29 77 26 71 11488 6 400139 30633 2.1 19 9 1 5 18% 259 32976 3175 25%
c f  9.18 29 77 26 71 11488 6 400139 30633 2.1 19 9 1 5 18% 268 32906 3178 25%
c u  9.20 29 77 26 71 11488 6 400139 29590 2.1 19 9 1 5 18% 268 32906 3178 25%
c v  9.22 29 77 26 71 11488 6 400139 29022 2.1 19 9 1 5 18% 268 32906 3178 25%
c w  9.23 29 77 26 71 11488 6 400139 28991 2.1 19 9 1 5 18% 268 32906 3178 25%
c x  9.25 29 77 26 71 11488 6 400139 28977 2.1 19 9 1 5 18% 268 32860 3178 25%
c
c seconds   switched     rate          size/glue tier1   binary        remaining
c        MB   reductions   conflicts         size  tier2    irredundant
c         level    restarts       redundant    glue   trail       variables
c
c -  9.33 29 77 26 72 11777 6 403863 26543 2.1 19 9 1 5 18% 268 32860 3178 25%
c }  9.41 29 77 27 72 12033 7 407860 30264 2.1 19 9 1 5 18% 269 32860 3178 25%
c [  9.41 29 94 27 72 12033 2 407860 30264 2.2 56 25 2 13 28% 269 32860 3178 25%
c W  9.41 29 94 27 72 12033 2 407860 30264 2.2 56 25 2 13 28% 269 32860 3178 25%
c -  9.50 29 94 27 73 12036 2 412348 27037 2.2 55 25 2 12 28% 269 32860 3178 25%
c -  9.64 29 94 27 74 12040 2 420892 25004 2.2 55 25 2 13 28% 269 32860 3178 25%
c -  9.80 29 93 27 75 12046 2 429494 22287 2.2 56 26 2 13 28% 269 32860 3178 25%
c -  9.94 29 92 27 76 12047 1 438155 21809 2.1 55 26 2 13 28% 269 32860 3178 25%
c - 10.11 29 92 27 77 12052 1 446873 22004 2.1 56 26 2 13 28% 269 32860 3178 25%
c - 10.27 29 92 27 78 12057 1 455647 22853 2.1 56 26 2 13 28% 269 32860 3178 25%
c O 10.27 29 92 27 78 12057 1 456021 23219 2.1 56 26 2 13 28% 269 32860 3178 25%
c ] 10.29 29 92 28 78 12057 1 457032 24206 2.1 56 26 2 13 28% 269 32860 3178 25%
c { 10.29 29 77 28 78 12057 7 457032 24206 2.1 19 9 1 5 18% 269 32860 3178 25%
c u 10.34 30 77 28 78 12173 7 458356 23670 2.1 19 9 1 5 18% 269 32860 3178 25%
c v 10.37 30 77 28 78 12173 7 458356 21239 2.1 19 9 1 5 18% 269 32860 3178 25%
c w 10.38 30 77 28 78 12173 7 458356 21217 2.1 19 9 1 5 18% 269 32860 3178 25%
c - 10.49 30 76 28 79 12538 7 464478 22556 2.1 19 9 1 5 18% 269 32860 3178 25%
c o 10.50 30 76 28 79 12581 7 465044 23104 2.1 19 9 1 5 18% 269 32860 3178 25%
c - 10.64 30 75 28 80 13054 7 473367 26428 2.0 19 9 1 5 18% 269 32860 3178 25%
c - 10.83 30 75 28 81 13724 7 482312 29025 2.0 19 9 1 5 18% 270 32860 3178 25%
c
c seconds   switched     rate          size/glue tier1   binary        remaining
c        MB   reductions   conflicts         size  tier2    irredundant
c         level    restarts       redundant    glue   trail       variables
c
c s 11.03 30 74 28 81 14398 7 490615 36821 2.0 19 9 1 5 18% 270 32855 3178 25%
c e 11.03 30 74 28 81 14398 7 490615 36821 2.0 19 9 1 5 18% 267 32908 3174 25%
c s 11.03 30 74 28 81 14398 7 490615 36821 2.0 19 9 1 5 18% 267 32892 3174 25%
c - 11.05 30 74 28 82 14448 7 491312 31064 2.0 19 9 1 5 18% 267 32892 3174 25%
c } 11.26 30 74 28 82 15233 7 500000 39162 2.0 19 9 1 5 18% 267 32892 3174 25%
c ? 11.26 30 74 28 82 15233 7 500000 39162 2.0 19 9 1 5 18% 267 32892 3174 25%
c
c ---- [ result ] ------------------------------------------------------------
c
s UNKNOWN
c
c ---- [ profiling ] ---------------------------------------------------------
c
c           9.25   82.16 %  search
c           4.72   41.95 %  focused
c           4.53   40.21 %  stable
c           1.96   17.42 %  simplify
c           1.79   15.88 %  probe
c           0.84    7.45 %  vivify
c           0.70    6.20 %  sweep
c           0.18    1.64 %  eliminate
c           0.13    1.11 %  reduce
c           0.11    1.02 %  factor
c           0.06    0.57 %  substitute
c           0.05    0.49 %  congruence
c           0.04    0.35 %  preprocess
c           0.03    0.27 %  subsume
c           0.03    0.25 %  walking
c           0.01    0.09 %  transitive
c           0.01    0.05 %  backbone
c           0.00    0.03 %  parse
c           0.00    0.03 %  lucky
c =============================================
c          11.26  100.00 %  total
c
c ---- [ statistics ] --------------------------------------------------------
c
c chronological:                         1212                0 %  conflicts
c conflicts:                           500000            44411.25 per second
c congruent:                             1745               14 %  variables
c decisions:                          2371314                4.74 per conflict
c eliminated:                            6591               51 %  variables
c factored:                               136                1 %  variables
c iterations:                               1                0 %  variables
c propagations:                      73833006          6558032    per second
c reductions:                              82             6098    interval
c reordered:                               10            50000    interval
c rephased:                                18            27778    interval
c restarts:                             15233               33    interval
c strengthened:                          4099                0 %  checks
c substituted:                           2563               20 %  variables
c subsumed:                              4748                0 %  checks
c switched:                                28            17857    interval
c vivified:                             68134               14 %  checks
c walks:                                    6            83333    interval
c
c ---- [ glue usage ] --------------------------------------------------------
c
c focused glue 1 used 946151 clauses 60.41% accumulated 60.41% tier1
c focused glue 2 used 281745 clauses 17.99% accumulated 78.39%
c focused glue 3 used 104191 clauses  6.65% accumulated 85.05%
c focused glue 4 used  59617 clauses  3.81% accumulated 88.85%
c focused glue 5 used  36778 clauses  2.35% accumulated 91.20% tier2
c
c stable glue 2    used 444937 clauses 18.79% accumulated 65.70% tier1
c stable glue 3    used 195923 clauses  8.27% accumulated 73.98%
c stable glue 4-11 used 357125 clauses 15.08% accumulated 89.06%
c stable glue 12   used  18522 clauses  0.78% accumulated 89.84%
c stable glue 13   used  17045 clauses  0.72% accumulated 90.56% tier2
c
c ---- [ resources ] ---------------------------------------------------------
c
c maximum-resident-set-size:      32161923072 bytes      30672 MB
c process-time:                            11s              11.26 seconds
c
c ---- [ shutting down ] -----------------------------------------------------
c
c exit 0
