c ---- [ banner ] ------------------------------------------------------------
c
c Kissat SAT Solver
c 
c Copyright (c) 2021-2024 Armin Biere University of Freiburg
c Copyright (c) 2019-2021 Armin Biere Johannes Kepler University Linz
c 
c Version 4.0.4 unknown
c Apple clang version 17.0.0 (clang-1700.3.19.1) -W -Wall -O3 -DNDEBUG
c Thu Oct 16 20:09:41 UTC 2025 Darwin Tahoe-arm64.local 25.0.0 arm64
c
c ---- [ parsing ] -----------------------------------------------------------
c
c opened and reading DIMACS file:
c
c   headline_hunt/bets/cascade_aux_encoding/cnfs/aux_expose_sr61_n32_bit13_m4d9f691c_fill55555555.cnf
c
c parsed 'p cnf 12872 53915' header
c closing input after reading 982622 bytes (960 KB)
c finished parsing after 0.00 seconds
c
c ---- [ options ] -----------------------------------------------------------
c
c --seed=5                         (different from default '0')
c
c ---- [ limits ] ------------------------------------------------------------
c
c conflict limit set to 500000 conflicts
c
c ---- [ solving ] -----------------------------------------------------------
c
c seconds switched rate     size/glue tier1  binary         remaining
c        MB reductions conflicts size  tier2    irredundant
c         level restarts redundant glue  trail         variables
c
c *  0.00  9 0 0 0  0 0   0   0 0.0 0 0 0 0 0% 3608 50242 12871 100%
c (  0.01  9 0 0 0  0 0   0   0 0.0 0 0 0 0 0% 3608 50242 12871 100%
c .  0.01  9 0 0 0  0 0   0   0 0.0 0 0 0 0 0% 3608 50242 12871 100%
c c  0.02 14 0 0 0  0 0   0   0 0.0 0 0 0 0 0% 5834 43457 10894 85%
c d  0.02 14 0 0 0  0 0   0   0 0.0 0 0 0 0 0% 3160 43457 10894 85%
c =  0.04 14 0 0 0  0 0   0   0 0.0 0 0 0 0 0% 3102 43457 10890 85%
c d  0.04 14 0 0 0  0 0   0   0 0.0 0 0 0 0 0% 3094 43457 10890 85%
c f  0.05 15 0 0 0  0 0   0   0 0.0 0 0 0 0 0% 3224 43195 10956 85%
c )  0.05 15 0 0 0  0 0   0   0 0.0 0 0 0 0 0% 3224 43195 10956 85%
c {  0.05 15 0 0 0  0 0   0   0 0.0 0 0 2 6 0% 3224 43195 10956 85%
c -  0.06 15 224 0 1 211 43 1000 706 1.5 4 3 2 6 8% 3342 43195 10956 85%
c }  0.06 15 224 1 1 211 43 1000 706 1.5 4 3 2 6 8% 3342 43195 10956 85%
c [  0.06 15 0 1 1 211 0 1000 706 0.0 0 0 2 6 0% 3342 43195 10956 85%
c B  0.06 15 431 1 1 211 420 1001 707 1.5 3 2 2 6 4% 3342 43195 10956 85%
c -  0.06 15 383 1 2 211 4 2000 1340 1.8 7 4 2 5 4% 3353 43195 10956 85%
c W  0.07 15 383 1 2 211 4 2002 1342 1.8 7 4 2 5 4% 3353 43195 10956 85%
c c  0.08 15 386 1 2 212 6 2550 1727 1.8 7 4 2 5 7% 3387 43083 10928 85%
c d  0.08 15 386 1 2 212 6 2550 1721 1.8 7 4 2 5 7% 3331 43083 10928 85%
c u  0.08 15 386 1 2 212 6 2550 1280 1.8 7 4 2 5 7% 3322 43083 10928 85%
c v  0.08 15 386 1 2 212 6 2550 1019 1.8 7 4 2 5 7% 3322 43083 10928 85%
c
c seconds   switched  rate       size/glue tier1  binary         remaining
c        MB  reductions conflicts     size  tier2    irredundant
c          level restarts   redundant   glue  trail         variables
c
c w  0.08 15 386 1 2 212 6 2550 1000 1.8 7 4 2 5 7% 3322 43083 10928 85%
c x  0.09 15 386 1 2 212 6 2550 1000 1.8 7 4 2 5 7% 3322 42996 10928 85%
c t  0.10 15 386 1 2 212 6 2550 1000 1.8 7 4 2 5 7% 3317 42996 10928 85%
c u  0.11 15 386 1 2 212 6 2550 937 1.8 7 4 2 5 7% 3317 42996 10928 85%
c v  0.12 15 386 1 2 212 6 2550 880 1.8 7 4 2 5 7% 3317 42996 10928 85%
c w  0.12 15 386 1 2 212 6 2550 875 1.8 7 4 2 5 7% 3317 42996 10928 85%
c -  0.12 15 294 1 3 212 6 3414 1367 1.7 8 5 2 6 6% 3333 42996 10928 85%
c ]  0.12 15 320 2 3 213 6 3857 1701 1.7 10 6 2 6 8% 3338 42996 10928 85%
c {  0.12 15 224 2 3 213 43 3857 1701 1.5 4 3 2 6 8% 3338 42996 10928 85%
c }  0.13 15 198 3 3 464 44 4857 2499 1.5 5 3 2 6 9% 3416 42994 10928 85%
c [  0.13 15 320 3 3 464 6 4857 2499 1.7 10 6 2 6 8% 3416 42994 10928 85%
c I  0.13 15 320 3 3 464 6 4857 2499 1.7 10 6 2 6 8% 3416 42994 10928 85%
c -  0.14 15 307 3 4 464 6 5146 2437 1.6 10 6 2 7 9% 3421 42994 10928 85%
c ]  0.15 15 291 4 4 465 6 6761 3791 1.8 14 7 2 7 14% 3443 42994 10928 85%
c {  0.15 15 198 4 4 465 44 6761 3791 1.5 5 3 2 6 9% 3443 42994 10928 85%
c i  0.15 15 188 4 4 540 43 7129 4058 1.6 5 3 2 6 9% 3476 42993 10927 85%
c -  0.15 15 187 4 5 544 42 7148 3439 1.6 5 3 2 6 9% 3475 42993 10927 85%
c d  0.17 15 163 4 5 769 40 7855 3992 1.8 7 4 2 6 9% 3529 42969 10913 85%
c u  0.17 15 163 4 5 769 40 7855 3226 1.8 7 4 2 6 9% 3537 42969 10913 85%
c v  0.18 16 163 4 5 769 40 7855 2867 1.8 7 4 2 6 9% 3539 42969 10913 85%
c
c seconds   switched   rate       size/glue tier1  binary         remaining
c        MB  reductions conflicts      size  tier2    irredundant
c          level restarts    redundant   glue  trail         variables
c
c w  0.18 16 163 4 5 769 40 7855 2863 1.8 7 4 2 6 9% 3539 42969 10913 85%
c x  0.18 16 163 4 5 769 40 7855 2863 1.8 7 4 2 6 9% 3600 42801 10913 85%
c =  0.20 16 163 4 5 769 40 7855 2863 1.8 7 4 2 6 9% 3780 42801 10823 84%
c d  0.20 16 163 4 5 769 40 7855 2848 1.8 7 4 2 6 9% 3577 42801 10818 84%
c t  0.20 16 163 4 5 769 40 7855 2848 1.8 7 4 2 6 9% 3562 42801 10818 84%
c f  0.20 16 163 4 5 769 40 7855 2848 1.8 7 4 2 6 9% 3576 42775 10826 84%
c c  0.21 16 163 4 5 769 40 7855 2830 1.8 7 4 2 6 9% 3592 42738 10816 84%
c d  0.21 16 163 4 5 769 40 7855 2830 1.8 7 4 2 6 9% 3574 42738 10816 84%
c u  0.21 16 163 4 5 769 40 7855 2733 1.8 7 4 2 6 9% 3573 42738 10816 84%
c v  0.21 16 163 4 5 769 40 7855 2622 1.8 7 4 2 6 9% 3574 42738 10816 84%
c w  0.22 16 163 4 5 769 40 7855 2558 1.8 7 4 2 6 9% 3574 42738 10816 84%
c x  0.22 16 163 4 5 769 40 7855 2558 1.8 7 4 2 6 9% 3654 42537 10816 84%
c =  0.24 16 163 4 5 769 40 7855 2558 1.8 7 4 2 6 9% 3764 42525 10758 84%
c d  0.24 16 163 4 5 769 40 7855 2515 1.8 7 4 2 6 9% 3633 42525 10758 84%
c t  0.24 16 163 4 5 769 40 7855 2515 1.8 7 4 2 6 9% 3629 42525 10758 84%
c }  0.28 16 146 5 5 1111 37 9113 3587 1.9 11 6 1 4 10% 3725 42521 10758 84%
c [  0.28 16 291 5 5 1111 6 9113 3587 1.8 14 7 2 7 14% 3725 42521 10758 84%
c B  0.28 16 291 5 5 1111 6 9113 3587 1.8 14 7 2 7 14% 3725 42521 10758 84%
c -  0.28 16 293 5 6 1111 5 9384 3191 1.8 15 8 2 10 15% 3728 42521 10758 84%
c o  0.29 16 297 5 6 1112 5 10158 3924 2.0 20 10 2 10 17% 3732 42521 10758 84%
c
c seconds   switched   rate        size/glue  tier1     binary         remaining
c        MB  reductions  conflicts       size   tier2      irredundant
c          level  restarts    redundant     glue    trail         variables
c
c ]  0.36 18 274 6 6 1112 4 11074 4778 2.3 33 14 2 10 19% 3737 42521 10758 84%
c {  0.36 18 146 6 6 1112 37 11074 4778 1.9 11 6 1 4 10% 3737 42521 10758 84%
c -  0.37 20 140 6 7 1177 34 11834 4306 1.9 11 6 1 4 10% 3810 42514 10758 84%
c s  0.40 20 129 6 7 1364 32 12749 5087 2.0 12 6 1 4 11% 3875 41862 10758 84%
c e  0.42 21 129 6 7 1364 32 12749 5087 2.0 12 6 1 4 11% 2520 39963 7081 55%
c s  0.43 21 129 6 7 1364 32 12749 5087 2.0 12 6 1 4 11% 2532 39783 7081 55%
c e  0.43 21 129 6 7 1364 32 12749 5087 2.0 12 6 1 4 11% 2434 39877 7050 55%
c ^  0.43 21 129 6 7 1364 32 12749 5087 2.0 12 6 1 4 11% 2434 39877 7050 55%
c -  0.47 21 118 6 8 1609 29 14479 3699 2.0 13 6 1 4 11% 2535 39874 7050 55%
c }  0.49 21 114 7 8 1748 28 15143 4308 2.0 13 7 1 4 11% 2553 39874 7050 55%
c [  0.49 21 274 7 8 1748 4 15143 4308 2.3 33 14 2 10 19% 2553 39874 7050 55%
c W  0.49 21 274 7 8 1748 4 15143 4308 2.3 33 14 2 10 19% 2553 39874 7050 55%
c ]  0.61 21 255 8 8 1748 4 15884 5016 2.8 48 17 2 10 22% 2555 39874 7050 55%
c {  0.61 21 114 8 8 1748 28 15884 5016 2.0 13 7 1 4 11% 2555 39874 7050 55%
c u  0.62 21 114 8 8 1799 28 16094 4913 2.0 13 7 1 4 11% 2567 39874 7050 55%
c v  0.62 21 114 8 8 1799 28 16094 4389 2.0 13 7 1 4 11% 2571 39874 7050 55%
c w  0.63 21 114 8 8 1799 28 16094 4213 2.0 13 7 1 4 11% 2571 39874 7050 55%
c x  0.64 21 114 8 8 1799 28 16094 4211 2.0 13 7 1 4 11% 2612 39545 7050 55%
c =  0.69 21 114 8 8 1799 28 16094 4211 2.0 13 7 1 4 11% 2646 39545 7033 55%
c d  0.69 21 114 8 8 1799 28 16094 4206 2.0 13 7 1 4 11% 2610 39545 7033 55%
c
c seconds   switched    rate        size/glue tier1    binary        remaining
c        MB  reductions   conflicts       size  tier2     irredundant
c          level  restarts     redundant    glue   trail        variables
c
c t  0.69 21 114 8 8 1799 28 16094 4206 2.0 13 7 1 4 11% 2573 39545 7033 55%
c f  0.70 21 114 8 8 1799 28 16094 4206 2.0 13 7 1 4 11% 2592 39493 7044 55%
c b  0.70 21 114 8 8 1799 28 16094 4206 2.0 13 7 1 4 11% 2592 39493 7043 55%
c u  0.71 21 114 8 8 1799 28 16094 4143 2.0 13 7 1 4 11% 2596 39493 7043 55%
c v  0.71 21 114 8 8 1799 28 16094 3992 2.0 13 7 1 4 11% 2599 39493 7043 55%
c w  0.73 21 114 8 8 1799 28 16094 3733 2.0 13 7 1 4 11% 2599 39493 7043 55%
c x  0.74 21 114 8 8 1799 28 16094 3732 2.0 13 7 1 4 11% 2617 39251 7043 55%
c t  0.79 21 114 8 8 1799 28 16094 3732 2.0 13 7 1 4 11% 2611 39251 7043 55%
c -  0.87 21 113 8 9 2082 28 17307 4147 1.9 17 9 1 3 12% 2626 39251 7043 55%
c o  1.06 21 109 8 9 2728 27 20162 6764 1.8 22 12 1 3 15% 2669 39250 7043 55%
c -  1.06 21 111 8 10 2744 27 20307 5897 1.8 22 12 1 3 15% 2675 39250 7043 55%
c }  1.17 21 110 9 10 3105 27 22043 7529 1.9 24 13 1 3 15% 2694 39250 7043 55%
c [  1.17 21 255 9 10 3105 4 22043 7529 2.8 48 17 2 10 22% 2694 39250 7043 55%
c O  1.38 21 241 9 10 3105 4 22672 8152 3.0 61 21 2 10 27% 2694 39250 7043 55%
c -  1.53 22 227 9 11 3106 4 23469 6535 2.8 68 25 1 4 29% 2694 39250 7043 55%
c ]  1.59 22 224 10 11 3106 4 23724 6784 2.7 71 26 1 4 30% 2694 39250 7043 55%
c {  1.59 22 110 10 11 3106 27 23724 6784 1.9 24 13 1 3 15% 2694 39250 7043 55%
c s  1.70 22 110 10 11 3485 27 25564 8505 1.9 26 14 1 3 16% 2710 39188 7043 55%
c e  1.72 22 110 10 11 3485 27 25564 8505 1.9 26 14 1 3 16% 2152 39964 6723 52%
c 2  1.72 22 110 10 11 3485 27 25564 8505 1.9 26 14 1 3 16% 2151 39964 6723 52%
c
c seconds    switched     rate        size/glue  tier1    binary        remaining
c        MB    reductions   conflicts       size   tier2     irredundant
c          level    restarts     redundant     glue   trail        variables
c
c s  1.72 22 110 10 11 3485 27 25564 8505 1.9 26 14 1 3 16% 2215 39704 6723 52%
c ^  1.72 22 110 10 11 3485 27 25564 8505 1.9 26 14 1 3 16% 2215 39704 6723 52%
c -  1.78 22 110 10 12 3690 26 26786 5808 1.9 27 14 1 3 16% 2221 39704 6723 52%
c u  1.83 22 109 10 12 3815 26 27507 5932 1.9 28 14 1 3 17% 2229 39704 6723 52%
c v  1.84 22 109 10 12 3815 26 27507 5325 1.9 28 14 1 3 17% 2231 39704 6723 52%
c w  1.86 22 109 10 12 3815 26 27507 4993 1.9 28 14 1 3 17% 2231 39704 6723 52%
c x  1.88 22 109 10 12 3815 26 27507 4988 1.9 28 14 1 3 17% 2268 39252 6723 52%
c t  1.88 22 109 10 12 3815 26 27507 4988 1.9 28 14 1 3 17% 2260 39252 6723 52%
c f  1.88 22 109 10 12 3815 26 27507 4988 1.9 28 14 1 3 17% 2307 39120 6748 52%
c u  1.89 22 109 10 12 3815 26 27507 4842 1.9 28 14 1 3 17% 2309 39120 6748 52%
c v  1.89 22 109 10 12 3815 26 27507 4695 1.9 28 14 1 3 17% 2309 39120 6748 52%
c w  1.91 22 109 10 12 3815 26 27507 4553 1.9 28 14 1 3 17% 2309 39120 6748 52%
c x  1.93 22 109 10 12 3815 26 27507 4553 1.9 28 14 1 3 17% 2316 39049 6748 52%
c =  2.06 22 109 10 12 3815 26 27507 4553 1.9 28 14 1 3 17% 2992 38981 6410 50%
c d  2.06 22 109 10 12 3815 26 27507 4107 1.9 28 14 1 3 17% 2297 38981 6410 50%
c t  2.06 22 109 10 12 3815 26 27507 4107 1.9 28 14 1 3 17% 2289 38981 6410 50%
c -  2.16 22 110 10 13 4107 25 30250 5245 2.0 29 15 1 3 17% 2303 38981 6410 50%
c }  2.23 22 112 11 13 4326 24 32353 7203 2.0 29 15 1 3 17% 2324 38981 6410 50%
c [  2.23 22 224 11 13 4326 4 32353 7203 2.7 71 26 1 4 30% 2324 38981 6410 50%
c B  2.25 22 222 11 13 4326 4 32433 7280 2.7 72 27 1 4 31% 2324 38981 6410 50%
c
c seconds    switched    rate        size/glue  tier1    binary        remaining
c        MB    reductions  conflicts       size   tier2     irredundant
c          level    restarts    redundant     glue   trail        variables
c
c -  2.47 22 202 11 14 4327 3 33855 6258 2.7 81 30 1 3 33% 2324 38981 6410 50%
c ]  2.63 22 193 12 14 4328 3 34737 7092 2.7 88 33 1 3 36% 2324 38981 6410 50%
c {  2.63 22 112 12 14 4328 24 34737 7092 2.0 29 15 1 3 17% 2324 38981 6410 50%
c -  2.75 22 115 12 15 4716 23 37596 7143 2.0 30 15 1 3 17% 2345 38981 6410 50%
c o  2.89 22 116 12 15 5098 23 40163 9578 2.0 32 16 1 3 18% 2355 38981 6410 50%
c -  2.98 22 115 12 16 5377 23 41469 8153 2.0 32 16 1 3 18% 2357 38981 6410 50%
c u  3.00 22 117 12 16 5394 22 42213 7934 2.0 32 16 1 3 18% 2384 38978 6410 50%
c v  3.01 22 117 12 16 5394 22 42213 7100 2.0 32 16 1 3 18% 2386 38978 6410 50%
c w  3.02 22 117 12 16 5394 22 42213 6697 2.0 32 16 1 3 18% 2386 38978 6410 50%
c =  3.14 22 117 12 16 5394 22 42213 6697 2.0 32 16 1 3 18% 3528 38978 5839 45%
c d  3.14 22 117 12 16 5394 22 42213 6682 2.0 32 16 1 3 18% 2386 38978 5839 45%
c t  3.15 22 117 12 16 5394 22 42213 6682 2.0 32 16 1 3 18% 2328 38978 5839 45%
c u  3.16 22 117 12 16 5394 22 42213 6452 2.0 32 16 1 3 18% 2329 38978 5839 45%
c v  3.16 22 117 12 16 5394 22 42213 6215 2.0 32 16 1 3 18% 2329 38978 5839 45%
c w  3.17 22 117 12 16 5394 22 42213 6075 2.0 32 16 1 3 18% 2329 38978 5839 45%
c x  3.19 22 117 12 16 5394 22 42213 6073 2.0 32 16 1 3 18% 2333 32751 5839 45%
c t  3.21 22 117 12 16 5394 22 42213 6073 2.0 32 16 1 3 18% 2331 32751 5839 45%
c -  3.24 22 118 12 17 5405 20 45469 6842 2.0 31 15 1 3 19% 2354 32751 5839 45%
c }  3.25 22 118 13 17 5407 20 46216 7528 2.0 31 15 1 3 19% 2358 32751 5839 45%
c [  3.25 22 193 13 17 5407 3 46216 7528 2.7 88 33 1 3 36% 2358 32751 5839 45%
c
c seconds    switched    rate        size/glue  tier1    binary        remaining
c        MB    reductions  conflicts       size   tier2     irredundant
c          level    restarts    redundant     glue   trail        variables
c
c W  3.26 22 193 13 17 5407 3 46216 7528 2.7 88 33 1 3 36% 2358 32751 5839 45%
c -  3.31 22 170 13 18 5409 3 49592 7772 2.6 78 30 1 4 33% 2366 32751 5839 45%
c s  3.36 22 155 13 18 5412 3 53359 11412 2.5 71 29 1 4 31% 2373 32731 5839 45%
c e  3.37 22 155 13 18 5412 3 53359 11412 2.5 71 29 1 4 31% 1949 31777 5348 42%
c s  3.37 22 155 13 18 5412 3 53359 11412 2.5 71 29 1 4 31% 1954 31471 5348 42%
c e  3.38 22 155 13 18 5412 3 53359 11412 2.5 71 29 1 4 31% 1861 26509 4605 36%
c ^  3.38 22 155 13 18 5412 3 53359 11412 2.5 71 29 1 4 31% 1861 26509 4605 36%
c -  3.39 22 155 13 19 5412 3 53834 6746 2.5 71 29 1 5 31% 1861 26509 4605 36%
c -  3.46 22 146 13 20 5413 2 58193 7788 2.4 71 29 1 6 30% 1866 26509 4605 36%
c u  3.51 22 142 13 20 5415 2 60497 9330 2.4 70 29 1 6 30% 1873 26509 4605 36%
c v  3.51 22 142 13 20 5415 2 60497 8753 2.4 70 29 1 6 30% 1873 26509 4605 36%
c w  3.52 22 142 13 20 5415 2 60497 8753 2.4 70 29 1 6 30% 1873 26509 4605 36%
c x  3.52 22 142 13 20 5415 2 60497 8733 2.4 70 29 1 6 30% 1879 26422 4605 36%
c t  3.53 22 142 13 20 5415 2 60497 8733 2.4 70 29 1 6 30% 1870 26422 4605 36%
c f  3.53 22 142 13 20 5415 2 60497 8733 2.4 70 29 1 6 30% 1875 26406 4607 36%
c u  3.54 22 142 13 20 5415 2 60497 8634 2.4 70 29 1 6 30% 1876 26406 4607 36%
c v  3.54 22 142 13 20 5415 2 60497 8351 2.4 70 29 1 6 30% 1876 26406 4607 36%
c w  3.55 22 142 13 20 5415 2 60497 8351 2.4 70 29 1 6 30% 1876 26406 4607 36%
c x  3.55 22 142 13 20 5415 2 60497 8347 2.4 70 29 1 6 30% 1882 26327 4607 36%
c t  3.59 22 142 13 20 5415 2 60497 8347 2.4 70 29 1 6 30% 1879 26327 4607 36%
c
c seconds    switched    rate        size/glue  tier1    binary        remaining
c        MB    reductions  conflicts       size   tier2     irredundant
c          level    restarts    redundant     glue   trail        variables
c
c I  3.60 22 141 13 20 5416 2 61124 8964 2.4 70 29 1 6 30% 1880 26327 4607 36%
c -  3.62 22 137 13 21 5416 2 62666 7501 2.4 69 28 1 7 30% 1882 26327 4607 36%
c -  3.68 22 130 13 22 5420 2 67249 8760 2.4 64 27 1 7 29% 1889 26327 4607 36%
c o  3.74 22 128 13 22 5421 2 71316 12685 2.4 64 26 1 7 29% 1890 26327 4607 36%
c -  3.75 22 127 13 23 5421 2 71939 9317 2.4 64 26 1 8 29% 1890 26327 4607 36%
c -  3.83 22 122 13 24 5421 2 76735 9777 2.5 63 26 1 9 30% 1891 26327 4607 36%
c ]  3.86 22 120 14 24 5421 2 78422 11420 2.5 64 26 1 9 29% 1891 26327 4607 36%
c {  3.86 22 118 14 24 5421 20 78422 11420 2.0 31 15 1 3 19% 1891 26327 4607 36%
c -  3.89 22 116 14 25 5431 18 81634 11068 2.0 30 15 1 3 20% 1897 26327 4607 36%
c u  3.91 22 115 14 25 5444 18 82692 11408 2.0 30 15 1 3 20% 1904 26327 4607 36%
c v  3.92 22 115 14 25 5444 18 82692 10860 2.0 30 15 1 3 20% 1904 26327 4607 36%
c w  3.92 22 115 14 25 5444 18 82692 10808 2.0 30 15 1 3 20% 1904 26327 4607 36%
c x  3.93 22 115 14 25 5444 18 82692 10806 2.0 30 15 1 3 20% 1906 26268 4607 36%
c t  3.93 22 115 14 25 5444 18 82692 10806 2.0 30 15 1 3 20% 1904 26268 4607 36%
c -  3.97 22 113 14 26 5477 16 86634 11717 2.1 30 14 1 4 21% 1910 26268 4607 36%
c -  4.02 22 112 14 27 5506 14 91733 12994 2.1 29 14 1 4 21% 1923 26268 4607 36%
c }  4.04 22 112 15 27 5521 14 93137 14307 2.1 29 14 1 4 21% 1927 26268 4607 36%
c [  4.04 22 120 15 27 5521 2 93137 14307 2.5 64 26 1 9 29% 1927 26268 4607 36%
c B  4.04 22 120 15 27 5521 2 93137 14307 2.5 64 26 1 9 29% 1927 26268 4607 36%
c -  4.09 22 119 15 28 5523 2 96930 13529 2.5 62 25 1 9 29% 1928 26268 4607 36%
c
c seconds    switched    rate         size/glue  tier1    binary        remaining
c        MB    reductions  conflicts        size   tier2     irredundant
c          level    restarts     redundant     glue   trail        variables
c
c s  4.13 22 119 15 28 5525 2 99362 15891 2.4 63 26 1 9 30% 1930 26260 4607 36%
c e  4.15 22 119 15 28 5525 2 99362 15891 2.4 63 26 1 9 30% 978 28774 4096 32%
c s  4.15 22 119 15 28 5525 2 99362 15891 2.4 63 26 1 9 30% 988 28417 4096 32%
c e  4.15 22 119 15 28 5525 2 99362 15891 2.4 63 26 1 9 30% 978 28441 4089 32%
c ^  4.15 22 119 15 28 5525 2 99362 15891 2.4 63 26 1 9 30% 978 28441 4089 32%
c -  4.19 23 118 15 29 5527 2 102221 9114 2.4 62 26 1 9 29% 981 28441 4089 32%
c ]  4.24 23 116 16 29 5528 2 105971 12744 2.4 63 26 1 9 29% 982 28441 4089 32%
c {  4.24 23 112 16 29 5528 14 105971 12744 2.1 29 14 1 4 21% 982 28441 4089 32%
c -  4.26 23 111 16 30 5550 14 107607 10393 2.1 29 14 1 4 21% 989 28441 4089 32%
c u  4.27 23 111 16 30 5559 13 108633 10513 2.1 28 13 1 4 21% 991 28441 4089 32%
c v  4.28 23 111 16 30 5559 13 108633 9184 2.1 28 13 1 4 21% 992 28441 4089 32%
c w  4.29 23 111 16 30 5559 13 108633 9150 2.1 28 13 1 4 21% 992 28441 4089 32%
c t  4.29 23 111 16 30 5559 13 108633 9150 2.1 28 13 1 4 21% 991 28441 4089 32%
c o  4.33 23 110 16 30 5580 13 111536 11904 2.1 28 13 1 4 21% 995 28439 4089 32%
c -  4.35 23 111 16 31 5591 13 113084 10695 2.1 28 13 1 4 21% 998 28439 4089 32%
c -  4.41 23 110 16 32 5659 12 118651 13006 2.1 27 13 1 4 21% 1005 28439 4089 32%
c -  4.47 23 108 16 33 5751 11 124312 14660 2.1 27 13 1 5 22% 1010 28439 4089 32%
c }  4.47 23 108 17 33 5751 11 124312 14660 2.1 27 13 1 5 22% 1010 28439 4089 32%
c [  4.47 23 116 17 33 5751 2 124312 14660 2.4 63 26 1 9 29% 1010 28439 4089 32%
c W  4.48 23 116 17 33 5751 2 124312 14660 2.4 63 26 1 9 29% 1010 28439 4089 32%
c
c seconds    switched    rate          size/glue  tier1     binary        remaining
c        MB    reductions  conflicts         size   tier2      irredundant
c          level    restarts      redundant     glue    trail        variables
c
c -  4.57 23 114 17 34 5755 2 130056 15027 2.4 62 26 1 10 29% 1010 28439 4089 32%
c -  4.68 23 113 17 35 5757 2 135886 13956 2.5 64 26 1 10 29% 1011 28439 4089 32%
c u  4.73 23 112 17 35 5759 2 138293 15350 2.5 64 26 1 10 29% 1015 28439 4089 32%
c v  4.74 23 112 17 35 5759 2 138293 14686 2.5 64 26 1 10 29% 1015 28439 4089 32%
c w  4.75 23 112 17 35 5759 2 138293 14685 2.5 64 26 1 10 29% 1015 28439 4089 32%
c x  4.75 24 112 17 35 5759 2 138293 14652 2.5 64 26 1 10 29% 1019 28235 4089 32%
c t  4.81 24 112 17 35 5759 2 138293 14652 2.5 64 26 1 10 29% 1013 28235 4089 32%
c ]  4.82 24 112 18 35 5759 2 138350 14708 2.5 64 26 1 10 29% 1013 28235 4089 32%
c {  4.82 24 108 18 35 5759 11 138350 14708 2.1 27 13 1 5 22% 1013 28235 4089 32%
c -  4.85 24 107 18 36 5782 10 141802 13503 2.1 26 12 1 5 22% 1017 28235 4089 32%
c -  4.91 24 106 18 37 5815 9 147803 15708 2.1 25 12 1 5 22% 1026 28235 4089 32%
c -  4.99 24 103 18 38 5873 9 153885 17498 2.1 25 12 1 5 21% 1037 28234 4089 32%
c -  5.07 24 100 18 39 5934 8 160049 18961 2.1 25 11 1 5 21% 1046 28233 4089 32%
c }  5.08 24 100 19 39 5940 8 160695 19568 2.1 25 11 1 5 21% 1050 28233 4089 32%
c [  5.08 24 112 19 39 5940 2 160695 19568 2.5 64 26 1 10 29% 1050 28233 4089 32%
c O  5.08 24 112 19 39 5940 2 160695 19568 2.5 64 26 1 10 29% 1050 28233 4089 32%
c o  5.10 24 111 19 39 5941 2 161732 20583 2.5 64 26 1 10 29% 1050 28233 4089 32%
c s  5.15 24 110 19 39 5942 2 164538 23314 2.5 64 26 1 10 29% 1060 28189 4089 32%
c e  5.16 24 110 19 39 5942 2 164538 23314 2.5 64 26 1 10 29% 653 31216 3708 29%
c 2  5.16 24 110 19 39 5942 2 164538 23314 2.5 64 26 1 10 29% 651 31216 3708 29%
c
c seconds    switched    rate          size/glue  tier1    binary        remaining
c        MB    reductions  conflicts         size   tier2     irredundant
c          level    restarts      redundant     glue    trail       variables
c
c s  5.17 24 110 19 39 5942 2 164538 23314 2.5 64 26 1 10 29% 660 30484 3708 29%
c e  5.17 24 110 19 39 5942 2 164538 23314 2.5 64 26 1 10 29% 637 30591 3694 29%
c ^  5.17 24 110 19 39 5942 2 164538 23314 2.5 64 26 1 10 29% 637 30591 3694 29%
c -  5.20 24 110 19 40 5944 2 166293 11277 2.5 64 25 1 10 29% 637 30591 3694 29%
c u  5.31 24 110 19 40 5946 2 171882 15662 2.5 65 26 1 10 29% 641 30591 3694 29%
c v  5.32 24 110 19 40 5946 2 171882 14982 2.5 65 26 1 10 29% 641 30591 3694 29%
c w  5.33 24 110 19 40 5946 2 171882 14982 2.5 65 26 1 10 29% 641 30591 3694 29%
c x  5.34 24 110 19 40 5946 2 171882 14925 2.5 65 26 1 10 29% 642 30370 3694 29%
c t  5.34 24 110 19 40 5946 2 171882 14925 2.5 65 26 1 10 29% 637 30370 3694 29%
c -  5.37 24 109 19 41 5946 2 172618 10661 2.5 65 26 1 11 29% 637 30370 3694 29%
c ]  5.48 24 108 20 41 5951 2 178779 16589 2.5 66 26 1 11 29% 637 30370 3694 29%
c {  5.48 24 100 20 41 5951 8 178779 16589 2.1 25 11 1 5 21% 637 30370 3694 29%
c -  5.48 24 100 20 42 5961 8 179023 11772 2.1 25 11 1 5 21% 637 30370 3694 29%
c -  5.54 24 98 20 43 6049 8 185506 14744 2.1 24 11 1 5 21% 638 30369 3694 29%
c -  5.60 24 96 20 44 6127 7 192063 17372 2.1 23 11 1 5 21% 640 30369 3694 29%
c -  5.67 24 95 20 45 6261 7 198696 19138 2.1 23 11 1 5 21% 645 30366 3694 29%
c -  5.75 24 94 20 46 6446 7 205404 20394 2.1 23 11 1 5 21% 646 30366 3694 29%
c }  5.76 24 94 21 46 6446 7 205519 20483 2.1 23 11 1 5 20% 646 30366 3694 29%
c [  5.76 24 108 21 46 6446 2 205519 20483 2.5 66 26 1 11 29% 646 30366 3694 29%
c B  5.76 24 108 21 46 6446 2 205519 20483 2.5 66 26 1 11 29% 646 30366 3694 29%
c
c seconds    switched    rate          size/glue  tier1    binary        remaining
c        MB    reductions  conflicts         size   tier2     irredundant
c          level    restarts      redundant     glue    trail       variables
c
c u  5.83 24 108 21 46 6448 2 209323 23356 2.5 66 26 1 11 29% 648 30366 3694 29%
c v  5.84 24 108 21 46 6448 2 209323 22637 2.5 66 26 1 11 29% 650 30366 3694 29%
c w  5.85 24 108 21 46 6448 2 209323 22637 2.5 66 26 1 11 29% 650 30366 3694 29%
c x  5.86 24 108 21 46 6448 2 209323 22598 2.5 66 26 1 11 29% 653 30128 3694 29%
c t  5.87 24 108 21 46 6448 2 209323 22598 2.5 66 26 1 11 29% 651 30128 3694 29%
c -  5.93 25 108 21 47 6451 2 212187 18419 2.5 66 27 1 11 29% 651 30127 3694 29%
c -  6.07 25 106 21 48 6453 2 219043 15894 2.5 67 27 1 12 29% 652 30127 3694 29%
c ]  6.15 25 106 22 48 6456 2 223128 19885 2.5 68 28 1 12 29% 652 30127 3694 29%
c {  6.15 25 94 22 48 6456 7 223128 19885 2.1 23 11 1 5 20% 652 30127 3694 29%
c o  6.15 25 94 22 48 6457 7 223158 19915 2.1 23 11 1 5 20% 652 30127 3694 29%
c -  6.19 25 93 22 49 6496 7 225973 16308 2.1 22 11 1 5 20% 653 30125 3694 29%
c -  6.27 25 92 22 50 6599 7 232977 19316 2.1 22 10 1 5 20% 661 30123 3694 29%
c -  6.36 25 90 22 51 6722 6 240048 21800 2.1 22 10 1 5 20% 666 30123 3694 29%
c -  6.48 25 89 22 52 6913 6 247189 23615 2.1 22 10 1 5 20% 673 30123 3694 29%
c s  6.53 25 89 22 52 7002 6 250412 26619 2.1 21 10 1 5 20% 677 30063 3694 29%
c e  6.56 25 89 22 52 7002 6 250412 26619 2.1 21 10 1 5 20% 376 35733 3271 25%
c s  6.56 25 89 22 52 7002 6 250412 26619 2.1 21 10 1 5 20% 379 34332 3271 25%
c e  6.57 25 89 22 52 7002 6 250412 26619 2.1 21 10 1 5 20% 354 34510 3256 25%
c !  6.57 25 89 22 52 7002 6 250412 26619 2.1 21 10 1 5 20% 354 34510 3256 25%
c u  6.59 25 89 22 52 7022 6 250842 13712 2.1 21 10 1 5 20% 357 34510 3256 25%
c
c seconds   switched    rate          size/glue  tier1   binary        remaining
c        MB   reductions  conflicts         size   tier2    irredundant
c         level    restarts      redundant     glue   trail       variables
c
c v  6.60 25 89 22 52 7022 6 250842 12131 2.1 21 10 1 5 20% 357 34510 3256 25%
c w  6.61 25 89 22 52 7022 6 250842 12064 2.1 21 10 1 5 20% 357 34510 3256 25%
c x  6.62 25 89 22 52 7022 6 250842 12021 2.1 21 10 1 5 20% 368 34123 3256 25%
c t  6.63 25 89 22 52 7022 6 250842 12021 2.1 21 10 1 5 20% 363 34123 3256 25%
c f  6.64 25 89 22 52 7022 6 250842 12021 2.1 21 10 1 5 20% 385 33980 3263 25%
c u  6.65 25 89 22 52 7022 6 250842 11833 2.1 21 10 1 5 20% 385 33980 3263 25%
c v  6.67 25 89 22 52 7022 6 250842 10887 2.1 21 10 1 5 20% 385 33980 3263 25%
c w  6.68 25 89 22 52 7022 6 250842 10691 2.1 21 10 1 5 20% 385 33980 3263 25%
c x  6.69 25 89 22 52 7022 6 250842 10657 2.1 21 10 1 5 20% 385 33722 3263 25%
c -  6.82 25 88 22 53 7084 6 254401 11855 2.1 21 10 1 5 20% 390 33721 3263 25%
c }  6.82 25 88 23 53 7086 6 254644 12067 2.1 21 10 1 5 20% 390 33721 3263 25%
c [  6.82 25 106 23 53 7086 2 254644 12067 2.5 68 28 1 12 29% 390 33721 3263 25%
c W  6.82 25 106 23 53 7086 2 254644 12067 2.5 68 28 1 12 29% 390 33721 3263 25%
c -  6.92 25 105 23 54 7091 2 261682 14332 2.4 68 28 1 12 29% 391 33720 3263 25%
c -  7.06 25 104 23 55 7094 2 269033 13793 2.4 69 29 2 13 29% 391 33720 3263 25%
c -  7.19 29 103 23 56 7099 2 276451 13677 2.3 69 30 2 13 29% 391 33720 3263 25%
c -  7.34 29 102 23 57 7100 2 283935 14212 2.3 70 30 2 14 29% 391 33720 3263 25%
c ]  7.40 29 101 24 57 7100 2 286896 17092 2.3 71 30 2 14 29% 391 33720 3263 25%
c {  7.40 29 88 24 57 7100 6 286896 17092 2.1 21 10 1 5 20% 391 33720 3263 25%
c -  7.46 32 88 24 58 7256 6 291485 16651 2.1 21 10 1 5 20% 391 33720 3263 25%
c
c seconds   switched    rate          size/glue  tier1   binary        remaining
c        MB   reductions  conflicts         size   tier2    irredundant
c         level    restarts      redundant     glue   trail       variables
c
c o  7.48 32 88 24 58 7323 6 293316 18317 2.1 21 10 1 5 20% 392 33720 3263 25%
c u  7.53 33 88 24 58 7469 6 296181 20037 2.1 21 10 1 5 20% 392 33720 3263 25%
c v  7.54 33 88 24 58 7469 6 296181 19121 2.1 21 10 1 5 20% 392 33720 3263 25%
c w  7.55 33 88 24 58 7469 6 296181 19057 2.1 21 10 1 5 20% 392 33720 3263 25%
c x  7.56 33 88 24 58 7469 6 296181 19045 2.1 21 10 1 5 20% 399 33458 3263 25%
c t  7.56 33 88 24 58 7469 6 296181 19045 2.1 21 10 1 5 20% 390 33458 3263 25%
c -  7.60 33 87 24 59 7559 6 299101 18427 2.1 21 10 1 5 20% 392 33458 3263 25%
c -  7.70 33 87 24 60 7891 6 306783 21076 2.1 21 10 1 5 20% 395 33458 3263 25%
c -  7.82 33 86 24 61 8252 6 314529 23322 2.1 20 10 1 5 20% 396 33456 3263 25%
c -  7.92 33 84 24 62 8535 6 322339 24992 2.1 20 10 1 5 19% 396 33456 3263 25%
c }  7.94 33 84 25 62 8593 6 323574 26112 2.1 20 10 1 5 19% 396 33456 3263 25%
c [  7.94 33 101 25 62 8593 2 323574 26112 2.3 71 30 2 14 29% 396 33456 3263 25%
c I  7.94 33 101 25 62 8593 2 323574 26112 2.3 71 30 2 14 29% 396 33456 3263 25%
c -  8.03 33 101 25 63 8598 2 330214 24188 2.3 69 30 2 14 29% 396 33456 3263 25%
c -  8.22 34 100 25 64 8602 2 338151 20248 2.3 71 31 2 14 29% 396 33456 3263 25%
c u  8.37 34 100 25 64 8606 2 345731 26494 2.3 70 31 2 14 29% 396 33456 3263 25%
c v  8.38 34 100 25 64 8606 2 345731 25391 2.3 70 31 2 14 29% 396 33456 3263 25%
c w  8.40 35 100 25 64 8606 2 345731 25373 2.3 70 31 2 14 29% 396 33456 3263 25%
c x  8.42 35 100 25 64 8606 2 345731 25367 2.3 70 31 2 14 29% 396 33400 3263 25%
c -  8.44 36 100 25 65 8606 2 346151 16775 2.3 70 31 2 14 29% 396 33400 3263 25%
c
c seconds   switched    rate          size/glue  tier1    binary        remaining
c        MB   reductions  conflicts         size   tier2     irredundant
c         level    restarts      redundant     glue    trail       variables
c
c -  8.58 41 99 25 66 8607 2 354213 17255 2.2 71 32 2 14 29% 396 33400 3263 25%
c ]  8.63 43 99 26 66 8608 2 357106 20100 2.2 71 32 2 14 29% 396 33400 3263 25%
c {  8.63 43 84 26 66 8608 6 357106 20100 2.1 20 10 1 5 19% 396 33400 3263 25%
c s  8.65 43 84 26 66 8688 6 358044 20979 2.1 20 10 1 5 19% 396 33377 3263 25%
c e  8.65 44 84 26 66 8688 6 358044 20979 2.1 20 10 1 5 19% 338 33857 3225 25%
c s  8.66 44 84 26 66 8688 6 358044 20979 2.1 20 10 1 5 19% 340 33740 3225 25%
c -  8.72 44 84 26 67 8929 6 362339 19112 2.1 20 10 1 5 19% 340 33740 3225 25%
c -  8.82 44 83 26 68 9202 6 370524 23028 2.1 20 10 1 5 19% 342 33740 3225 25%
c o  8.86 44 83 26 68 9389 6 373357 25682 2.1 20 10 1 5 19% 343 33739 3225 25%
c -  8.96 44 82 26 69 9692 6 378770 25668 2.0 20 10 1 5 19% 344 33739 3225 25%
c -  9.09 44 81 26 70 10112 6 387076 27580 2.0 19 10 1 5 18% 344 33739 3225 25%
c -  9.24 44 81 26 71 10538 6 395442 29052 2.0 19 9 1 5 18% 344 33739 3225 25%
c }  9.32 44 80 27 71 10826 6 399324 32695 2.0 19 10 1 5 18% 345 33739 3225 25%
c [  9.32 44 99 27 71 10826 2 399324 32695 2.2 71 32 2 14 29% 345 33739 3225 25%
c B  9.32 44 99 27 71 10826 2 399324 32695 2.2 71 32 2 14 29% 345 33739 3225 25%
c u  9.35 44 99 27 71 10826 2 399549 30896 2.2 71 32 2 14 29% 345 33739 3225 25%
c v  9.38 44 99 27 71 10826 2 399549 29884 2.2 71 32 2 14 29% 345 33739 3225 25%
c w  9.39 44 99 27 71 10826 2 399549 29839 2.2 71 32 2 14 29% 345 33739 3225 25%
c f  9.40 44 99 27 71 10826 2 399549 29839 2.2 71 32 2 14 29% 357 33617 3231 25%
c u  9.42 44 99 27 71 10826 2 399549 29569 2.2 71 32 2 14 29% 357 33617 3231 25%
c
c seconds   switched     rate          size/glue  tier1    binary        remaining
c        MB   reductions   conflicts         size   tier2     irredundant
c         level    restarts       redundant     glue    trail       variables
c
c v  9.44 44 99 27 71 10826 2 399549 29115 2.2 71 32 2 14 29% 357 33617 3231 25%
c w  9.45 44 99 27 71 10826 2 399549 29085 2.2 71 32 2 14 29% 357 33617 3231 25%
c x  9.47 44 99 27 71 10826 2 399549 29077 2.2 71 32 2 14 29% 358 33565 3231 25%
c -  9.56 45 99 27 72 10829 2 403868 25502 2.2 70 32 2 14 29% 358 33565 3231 25%
c -  9.73 45 98 27 73 10833 2 412354 22646 2.2 70 32 2 14 29% 358 33564 3231 25%
c -  9.88 45 98 27 74 10839 2 420899 19868 2.2 70 32 2 15 29% 358 33564 3231 25%
c - 10.06 45 97 27 75 10840 2 429503 19481 2.2 71 32 2 15 29% 358 33564 3231 25%
c - 10.25 46 97 27 76 10845 1 438163 19485 2.2 72 32 2 15 30% 358 33564 3231 25%
c ] 10.35 46 97 28 76 10847 1 442996 24186 2.2 72 32 2 15 30% 358 33564 3231 25%
c { 10.35 46 80 28 76 10847 6 442996 24186 2.0 19 10 1 5 18% 358 33564 3231 25%
c - 10.42 46 80 28 77 11109 6 446880 21840 2.0 19 10 1 5 18% 358 33564 3231 25%
c - 10.54 46 80 28 78 11496 6 455658 25906 2.0 19 9 1 5 18% 358 33564 3231 25%
c u 10.60 46 80 28 78 11581 6 457666 26272 2.0 19 9 1 5 18% 358 33564 3231 25%
c v 10.63 46 80 28 78 11581 6 457666 24199 2.0 19 9 1 5 18% 358 33564 3231 25%
c w 10.64 46 80 28 78 11581 6 457666 24135 2.0 19 9 1 5 18% 358 33564 3231 25%
c o 10.85 46 79 28 78 11803 6 463362 29392 2.0 19 9 1 5 18% 358 33564 3231 25%
c - 10.88 46 79 28 79 11902 6 464489 25486 2.0 19 9 1 5 18% 358 33564 3231 25%
c - 11.05 46 79 28 80 12437 7 473377 28229 2.0 19 9 1 5 18% 360 33563 3231 25%
c - 11.23 46 78 28 81 13008 7 482321 30425 2.0 19 9 1 5 18% 360 33563 3231 25%
c s 11.39 46 77 28 81 13553 7 489881 37393 2.0 19 9 1 5 17% 362 33549 3231 25%
c
c seconds   switched     rate          size/glue tier1   binary        remaining
c        MB   reductions   conflicts         size  tier2    irredundant
c         level    restarts       redundant    glue   trail       variables
c
c e 11.39 46 77 28 81 13553 7 489881 37393 2.0 19 9 1 5 17% 349 33637 3224 25%
c s 11.39 46 77 28 81 13553 7 489881 37393 2.0 19 9 1 5 17% 349 33620 3224 25%
c } 11.42 46 77 29 81 13656 7 491135 38443 2.0 19 9 1 5 17% 349 33620 3224 25%
c [ 11.42 46 97 29 81 13656 1 491135 38443 2.2 72 32 2 15 30% 349 33620 3224 25%
c W 11.43 46 97 29 81 13656 1 491135 38443 2.2 72 32 2 15 30% 349 33620 3224 25%
c - 11.43 46 97 29 82 13656 1 491321 31975 2.2 72 32 2 15 30% 349 33620 3224 25%
c ] 11.60 46 96 29 82 13662 1 500001 40448 2.2 71 32 2 15 30% 349 33620 3224 25%
c ? 11.60 46 77 29 82 13662 7 500001 40448 2.0 19 9 1 5 17% 349 33620 3224 25%
c
c ---- [ result ] ------------------------------------------------------------
c
s UNKNOWN
c
c ---- [ profiling ] ---------------------------------------------------------
c
c           9.57   82.51 %  search
c           4.88   42.08 %  stable
c           4.69   40.43 %  focused
c           1.98   17.06 %  simplify
c           1.81   15.60 %  probe
c           0.84    7.23 %  vivify
c           0.71    6.15 %  sweep
c           0.19    1.61 %  eliminate
c           0.12    1.06 %  reduce
c           0.12    1.00 %  factor
c           0.07    0.58 %  substitute
c           0.06    0.48 %  congruence
c           0.04    0.36 %  preprocess
c           0.03    0.27 %  subsume
c           0.02    0.21 %  walking
c           0.01    0.10 %  transitive
c           0.01    0.05 %  backbone
c           0.00    0.04 %  parse
c           0.00    0.03 %  lucky
c =============================================
c          11.60  100.00 %  total
c
c ---- [ statistics ] --------------------------------------------------------
c
c chronological:                         1288                0 %  conflicts
c conflicts:                           500001            43094.01 per second
c congruent:                             1758               14 %  variables
c decisions:                          2299448                4.60 per conflict
c eliminated:                            6658               52 %  variables
c factored:                               125                1 %  variables
c iterations:                               1                0 %  variables
c propagations:                      77643895          6691961    per second
c reductions:                              82             6098    interval
c reordered:                               10            50000    interval
c rephased:                                17            29412    interval
c restarts:                             13662               37    interval
c strengthened:                          3891                0 %  checks
c substituted:                           2468               19 %  variables
c subsumed:                              4130                0 %  checks
c switched:                                29            17241    interval
c vivified:                             66047               13 %  checks
c walks:                                    6            83334    interval
c
c ---- [ glue usage ] --------------------------------------------------------
c
c focused glue 1 used 920205 clauses 59.66% accumulated 59.66% tier1
c focused glue 2 used 268121 clauses 17.38% accumulated 77.05%
c focused glue 3 used 104357 clauses  6.77% accumulated 83.81%
c focused glue 4 used  62217 clauses  4.03% accumulated 87.85%
c focused glue 5 used  40894 clauses  2.65% accumulated 90.50% tier2
c
c stable glue 2    used 461016 clauses 18.30% accumulated 62.12% tier1
c stable glue 3    used 220356 clauses  8.75% accumulated 70.87%
c stable glue 4-13 used 463793 clauses 18.41% accumulated 89.28%
c stable glue 14   used  15989 clauses  0.63% accumulated 89.91%
c stable glue 15   used  13893 clauses  0.55% accumulated 90.47% tier2
c
c ---- [ resources ] ---------------------------------------------------------
c
c maximum-resident-set-size:      48989470720 bytes      46720 MB
c process-time:                            12s              11.60 seconds
c
c ---- [ shutting down ] -----------------------------------------------------
c
c exit 0
