c ---- [ banner ] ------------------------------------------------------------
c
c Kissat SAT Solver
c 
c Copyright (c) 2021-2024 Armin Biere University of Freiburg
c Copyright (c) 2019-2021 Armin Biere Johannes Kepler University Linz
c 
c Version 4.0.4 unknown
c Apple clang version 17.0.0 (clang-1700.3.19.1) -W -Wall -O3 -DNDEBUG
c Thu Oct 16 20:09:41 UTC 2025 Darwin Tahoe-arm64.local 25.0.0 arm64
c
c ---- [ parsing ] -----------------------------------------------------------
c
c opened and reading DIMACS file:
c
c   cnfs_n32/sr61_n32_bit13_m4d9f691c_fill55555555_enf0.cnf
c
c parsed 'p cnf 11269 47090' header
c closing input after reading 851342 bytes (831 KB)
c finished parsing after 0.00 seconds
c
c ---- [ options ] -----------------------------------------------------------
c
c --seed=5                         (different from default '0')
c
c ---- [ limits ] ------------------------------------------------------------
c
c conflict limit set to 500000 conflicts
c
c ---- [ solving ] -----------------------------------------------------------
c
c seconds switched rate     size/glue tier1  binary         remaining
c        MB reductions conflicts size  tier2    irredundant
c         level restarts redundant glue  trail         variables
c
c *  0.00  8 0 0 0  0 0   0   0 0.0 0 0 0 0 0% 3730 43295 11268 100%
c (  0.00  9 0 0 0  0 0   0   0 0.0 0 0 0 0 0% 3730 43295 11268 100%
c .  0.01  9 0 0 0  0 0   0   0 0.0 0 0 0 0 0% 3730 43295 11268 100%
c c  0.01 11 0 0 0  0 0   0   0 0.0 0 0 0 0 0% 4774 41434 10520 93%
c d  0.01 11 0 0 0  0 0   0   0 0.0 0 0 0 0 0% 3278 41434 10520 93%
c =  0.03 12 0 0 0  0 0   0   0 0.0 0 0 0 0 0% 3228 41434 10512 93%
c d  0.03 12 0 0 0  0 0   0   0 0.0 0 0 0 0 0% 3212 41434 10512 93%
c f  0.04 12 0 0 0  0 0   0   0 0.0 0 0 0 0 0% 3340 41172 10578 94%
c )  0.04 12 0 0 0  0 0   0   0 0.0 0 0 0 0 0% 3340 41172 10578 94%
c {  0.04 12 0 0 0  0 0   0   0 0.0 0 0 2 6 0% 3340 41172 10578 94%
c -  0.05 12 171 0 1 214 40 1002 726 1.6 5 3 2 5 8% 3437 41172 10578 94%
c }  0.05 12 171 1 1 214 40 1002 726 1.6 5 3 2 5 8% 3437 41172 10578 94%
c [  0.05 12 0 1 1 214 0 1002 726 0.0 0 0 2 6 0% 3437 41172 10578 94%
c B  0.05 12 0 1 1 214 0 1002 726 0.0 0 0 2 6 0% 3437 41172 10578 94%
c -  0.06 12 397 1 2 214 3 2002 1447 2.8 47 17 2 12 28% 3455 41172 10578 94%
c W  0.06 12 397 1 2 214 3 2004 1449 2.8 47 17 2 12 28% 3455 41172 10578 94%
c ]  0.06 12 397 2 2 214 3 2004 1449 2.8 47 17 2 12 28% 3455 41172 10578 94%
c {  0.06 12 171 2 2 214 40 2004 1449 1.6 5 3 2 5 8% 3455 41172 10578 94%
c d  0.08 12 180 2 2 318 41 2557 1911 1.6 6 4 2 5 9% 3494 41172 10575 94%
c u  0.08 12 180 2 2 318 41 2557 1570 1.6 6 4 2 5 9% 3495 41172 10575 94%
c
c seconds   switched   rate       size/glue tier1  binary         remaining
c        MB  reductions conflicts      size  tier2    irredundant
c          level restarts    redundant   glue  trail         variables
c
c v  0.08 12 180 2 2 318 41 2557 1418 1.6 6 4 2 5 9% 3496 41172 10575 94%
c w  0.08 13 180 2 2 318 41 2557 1311 1.6 6 4 2 5 9% 3496 41172 10575 94%
c x  0.09 13 180 2 2 318 41 2557 1311 1.6 6 4 2 5 9% 3496 41055 10575 94%
c =  0.10 13 180 2 2 318 41 2557 1311 1.6 6 4 2 5 9% 3676 41055 10485 93%
c d  0.10 13 180 2 2 318 41 2557 1310 1.6 6 4 2 5 9% 3496 41055 10485 93%
c t  0.10 13 180 2 2 318 41 2557 1310 1.6 6 4 2 5 9% 3487 41055 10485 93%
c u  0.11 13 180 2 2 318 41 2557 1263 1.6 6 4 2 5 9% 3487 41055 10485 93%
c v  0.11 13 180 2 2 318 41 2557 1221 1.6 6 4 2 5 9% 3487 41055 10485 93%
c w  0.11 13 180 2 2 318 41 2557 1171 1.6 6 4 2 5 9% 3487 41055 10485 93%
c }  0.13 13 177 3 2 472 46 3005 1545 1.6 6 4 2 5 9% 3505 41055 10485 93%
c [  0.13 13 397 3 2 472 3 3005 1545 2.8 47 17 2 12 28% 3505 41055 10485 93%
c -  0.14 13 329 3 3 472 4 3416 1732 2.6 39 15 2 15 24% 3508 41055 10485 93%
c I  0.14 13 238 3 3 473 3 4266 2458 2.3 33 14 2 15 17% 3510 41055 10485 93%
c ]  0.15 13 278 4 3 473 3 4927 3073 2.3 36 16 2 20 24% 3520 41055 10485 93%
c {  0.15 13 177 4 3 473 46 4927 3073 1.6 6 4 2 5 9% 3520 41055 10485 93%
c -  0.16 13 181 4 4 561 50 5148 2897 1.6 7 4 2 6 10% 3533 41055 10485 93%
c -  0.21 16 153 4 5 1117 44 7151 4112 1.9 11 6 1 5 12% 3654 41055 10485 93%
c }  0.22 16 154 5 5 1155 44 7280 4226 1.9 12 6 1 5 12% 3663 41055 10485 93%
c [  0.22 16 278 5 5 1155 3 7280 4226 2.3 36 16 2 20 24% 3663 41055 10485 93%
c c  0.29 18 253 5 5 1155 3 7874 4798 3.3 66 20 2 20 28% 3665 41049 10483 93%
c
c seconds   switched   rate       size/glue  tier1     binary         remaining
c        MB  reductions conflicts       size   tier2      irredundant
c          level  restarts   redundant     glue    trail         variables
c
c d  0.29 18 253 5 5 1155 3 7874 4798 3.3 66 20 2 20 28% 3661 41049 10483 93%
c u  0.30 18 253 5 5 1155 3 7874 4402 3.3 66 20 2 20 28% 3667 41049 10483 93%
c v  0.30 18 253 5 5 1155 3 7874 3796 3.3 66 20 2 20 28% 3668 41049 10483 93%
c w  0.31 18 253 5 5 1155 3 7874 3794 3.3 66 20 2 20 28% 3668 41049 10483 93%
c x  0.31 18 253 5 5 1155 3 7874 3794 3.3 66 20 2 20 28% 3668 40598 10483 93%
c d  0.32 18 253 5 5 1155 3 7874 3786 3.3 66 20 2 20 28% 3666 40598 10482 93%
c t  0.32 18 253 5 5 1155 3 7874 3786 3.3 66 20 2 20 28% 3658 40598 10482 93%
c f  0.32 18 253 5 5 1155 3 7874 3786 3.3 66 20 2 20 28% 3661 40592 10485 93%
c B  0.33 18 248 5 5 1155 3 8037 3935 3.3 68 21 2 20 28% 3667 40592 10485 93%
c ]  0.34 18 242 6 5 1155 3 8251 4137 3.2 67 21 2 20 27% 3669 40592 10485 93%
c {  0.34 18 154 6 5 1155 44 8251 4137 1.9 12 6 1 5 12% 3669 40592 10485 93%
c -  0.36 19 149 6 6 1284 39 9387 4316 1.9 13 7 1 5 12% 3739 40592 10485 93%
c o  0.37 19 147 6 6 1355 37 10003 4864 1.9 13 7 1 5 13% 3775 40592 10485 93%
c -  0.43 19 140 6 7 1643 34 11836 5679 2.0 14 7 1 5 13% 3843 40592 10485 93%
c }  0.44 19 139 7 7 1738 33 12321 6123 2.0 15 7 1 5 13% 3861 40592 10485 93%
c [  0.44 19 242 7 7 1738 3 12321 6123 3.2 67 21 2 20 27% 3861 40592 10485 93%
c s  0.52 19 230 7 7 1738 3 12778 6568 3.4 83 24 2 20 30% 3863 40512 10485 93%
c e  0.54 19 230 7 7 1738 3 12778 6568 3.4 83 24 2 20 30% 2106 38841 6688 59%
c s  0.55 19 230 7 7 1738 3 12778 6568 3.4 83 24 2 20 30% 2117 38546 6688 59%
c e  0.55 19 230 7 7 1738 3 12778 6568 3.4 83 24 2 20 30% 2113 38548 6669 59%
c
c seconds   switched   rate        size/glue  tier1     binary        remaining
c        MB  reductions  conflicts       size   tier2      irredundant
c          level  restarts    redundant     glue    trail        variables
c
c ^  0.55 19 230 7 7 1738 3 12778 6568 3.4 83 24 2 20 30% 2113 38548 6669 59%
c ]  0.62 19 218 8 7 1739 3 13508 3559 3.0 94 31 2 20 32% 2116 38548 6669 59%
c {  0.62 19 139 8 7 1739 33 13508 3559 2.0 15 7 1 5 13% 2116 38548 6669 59%
c -  0.65 19 137 8 8 1968 33 14481 3907 2.1 16 8 1 4 14% 2141 38548 6669 59%
c d  0.70 19 136 8 8 2372 33 16133 5442 2.1 18 9 1 4 14% 2161 38546 6668 59%
c u  0.71 19 136 8 8 2372 33 16133 5134 2.1 18 9 1 4 14% 2169 38546 6668 59%
c v  0.71 19 136 8 8 2372 33 16133 4458 2.1 18 9 1 4 14% 2171 38546 6668 59%
c w  0.73 19 136 8 8 2372 33 16133 4414 2.1 18 9 1 4 14% 2171 38546 6668 59%
c x  0.74 19 136 8 8 2372 33 16133 4414 2.1 18 9 1 4 14% 2173 38364 6668 59%
c =  0.78 19 136 8 8 2372 33 16133 4414 2.1 18 9 1 4 14% 2201 38333 6654 59%
c d  0.79 19 136 8 8 2372 33 16133 4401 2.1 18 9 1 4 14% 2163 38333 6654 59%
c t  0.79 19 136 8 8 2372 33 16133 4401 2.1 18 9 1 4 14% 2151 38333 6654 59%
c f  0.80 20 136 8 8 2372 33 16133 4401 2.1 18 9 1 4 14% 2170 38288 6664 59%
c u  0.80 20 136 8 8 2372 33 16133 4350 2.1 18 9 1 4 14% 2170 38288 6664 59%
c v  0.80 20 136 8 8 2372 33 16133 4227 2.1 18 9 1 4 14% 2170 38288 6664 59%
c w  0.82 20 136 8 8 2372 33 16133 4199 2.1 18 9 1 4 14% 2170 38288 6664 59%
c x  0.83 20 136 8 8 2372 33 16133 4199 2.1 18 9 1 4 14% 2170 38231 6664 59%
c =  0.88 20 136 8 8 2372 33 16133 4199 2.1 18 9 1 4 14% 2208 38231 6645 59%
c d  0.88 20 136 8 8 2372 33 16133 4189 2.1 18 9 1 4 14% 2168 38231 6645 59%
c t  0.88 20 136 8 8 2372 33 16133 4189 2.1 18 9 1 4 14% 2149 38231 6645 59%
c
c seconds   switched    rate        size/glue tier1    binary        remaining
c        MB  reductions   conflicts       size  tier2     irredundant
c          level  restarts     redundant    glue   trail        variables
c
c f  0.88 20 136 8 8 2372 33 16133 4189 2.1 18 9 1 4 14% 2152 38224 6647 59%
c -  0.92 20 135 8 9 2604 33 17311 4763 2.1 20 9 1 4 15% 2168 38224 6647 59%
c }  0.96 20 145 9 9 2819 30 19667 6932 2.1 19 9 1 4 16% 2211 38224 6647 59%
c [  0.96 20 218 9 9 2819 3 19667 6932 3.0 94 31 2 20 32% 2211 38224 6647 59%
c W  0.97 20 218 9 9 2819 3 19667 6932 3.0 94 31 2 20 32% 2211 38224 6647 59%
c -  1.05 20 211 9 10 2819 3 20311 5688 3.0 107 36 1 6 35% 2211 38224 6647 59%
c o  1.13 20 208 9 10 2820 3 20698 6063 3.0 117 39 1 6 37% 2211 38224 6647 59%
c ]  1.16 20 199 10 10 2821 3 22600 7817 2.9 100 35 1 6 36% 2224 38224 6647 59%
c {  1.16 20 145 10 10 2821 30 22600 7817 2.1 19 9 1 4 16% 2224 38224 6647 59%
c -  1.19 20 145 10 11 2952 30 23474 6197 2.1 20 10 1 4 16% 2241 38224 6647 59%
c s  1.23 20 143 10 11 3252 29 25621 8130 2.0 20 10 1 4 16% 2290 38161 6647 59%
c e  1.25 20 143 10 11 3252 29 25621 8130 2.0 20 10 1 4 16% 2042 38461 6515 58%
c s  1.25 20 143 10 11 3252 29 25621 8130 2.0 20 10 1 4 16% 2058 38380 6515 58%
c e  1.25 20 143 10 11 3252 29 25621 8130 2.0 20 10 1 4 16% 2056 38383 6514 58%
c ^  1.25 20 143 10 11 3252 29 25621 8130 2.0 20 10 1 4 16% 2056 38383 6514 58%
c -  1.28 20 143 10 12 3377 28 26790 6601 2.0 20 10 1 4 16% 2079 38383 6514 58%
c c  1.31 20 142 10 12 3528 29 27569 7330 2.1 21 10 1 4 16% 2089 38359 6511 58%
c d  1.31 20 142 10 12 3528 29 27569 7291 2.1 21 10 1 4 16% 2083 38359 6511 58%
c u  1.32 20 142 10 12 3528 29 27569 6780 2.1 21 10 1 4 16% 2086 38359 6511 58%
c v  1.32 20 142 10 12 3528 29 27569 5769 2.1 21 10 1 4 16% 2088 38359 6511 58%
c
c seconds    switched     rate        size/glue  tier1    binary        remaining
c        MB    reductions   conflicts       size   tier2     irredundant
c          level    restarts     redundant     glue   trail        variables
c
c w  1.34 20 142 10 12 3528 29 27569 5469 2.1 21 10 1 4 16% 2088 38359 6511 58%
c =  1.39 20 142 10 12 3528 29 27569 5469 2.1 21 10 1 4 16% 2140 38359 6485 58%
c d  1.39 20 142 10 12 3528 29 27569 5438 2.1 21 10 1 4 16% 2087 38359 6485 58%
c t  1.39 20 142 10 12 3528 29 27569 5438 2.1 21 10 1 4 16% 2072 38359 6485 58%
c f  1.39 20 142 10 12 3528 29 27569 5438 2.1 21 10 1 4 16% 2120 38235 6508 58%
c u  1.40 20 142 10 12 3528 29 27569 5317 2.1 21 10 1 4 16% 2121 38235 6508 58%
c v  1.40 20 142 10 12 3528 29 27569 5122 2.1 21 10 1 4 16% 2121 38235 6508 58%
c w  1.41 20 142 10 12 3528 29 27569 5036 2.1 21 10 1 4 16% 2121 38235 6508 58%
c x  1.43 20 142 10 12 3528 29 27569 5036 2.1 21 10 1 4 16% 2122 37827 6508 58%
c =  1.48 20 142 10 12 3528 29 27569 5036 2.1 21 10 1 4 16% 2786 37703 6176 55%
c d  1.48 20 142 10 12 3528 29 27569 4874 2.1 21 10 1 4 16% 2105 37703 6176 55%
c t  1.48 20 142 10 12 3528 29 27569 4874 2.1 21 10 1 4 16% 2097 37703 6176 55%
c -  1.54 20 142 10 13 3788 27 30254 5879 2.0 21 10 1 5 17% 2122 37703 6176 55%
c }  1.56 20 142 11 13 3890 27 31227 6749 2.0 21 10 1 5 17% 2125 37703 6176 55%
c [  1.56 20 199 11 13 3890 3 31227 6749 2.9 100 35 1 6 36% 2125 37703 6176 55%
c O  1.56 20 199 11 13 3890 3 31227 6749 2.9 100 35 1 6 36% 2125 37703 6176 55%
c ]  1.80 20 187 12 13 3892 2 33628 9032 2.8 122 44 1 5 40% 2126 37703 6176 55%
c {  1.80 20 142 12 13 3892 27 33628 9032 2.0 21 10 1 5 17% 2126 37703 6176 55%
c -  1.81 20 142 12 14 3918 27 33861 7001 2.0 21 10 1 5 17% 2127 37703 6176 55%
c -  1.84 20 135 12 15 4076 24 37603 7733 2.0 20 10 1 5 16% 2163 37703 6176 55%
c
c seconds    switched     rate         size/glue  tier1    binary        remaining
c        MB    reductions   conflicts        size   tier2     irredundant
c          level    restarts      redundant     glue   trail        variables
c
c o  1.90 21 136 12 15 4373 23 40700 10478 2.0 21 10 1 5 17% 2176 37703 6176 55%
c -  1.92 21 136 12 16 4497 23 41475 8751 2.0 21 10 1 5 17% 2182 37703 6176 55%
c d  1.95 21 136 12 16 4652 24 42309 9494 2.0 21 10 1 5 17% 2176 37703 6170 55%
c u  1.95 21 136 12 16 4652 24 42309 8677 2.0 21 10 1 5 17% 2186 37703 6170 55%
c v  1.96 21 136 12 16 4652 24 42309 6849 2.0 21 10 1 5 17% 2194 37703 6170 55%
c w  1.97 21 136 12 16 4652 24 42309 6755 2.0 21 10 1 5 17% 2194 37703 6170 55%
c x  1.99 21 136 12 16 4652 24 42309 6752 2.0 21 10 1 5 17% 2196 35712 6170 55%
c =  2.04 21 136 12 16 4652 24 42309 6752 2.0 21 10 1 5 17% 2278 35712 6129 54%
c d  2.04 21 136 12 16 4652 24 42309 6396 2.0 21 10 1 5 17% 2171 35712 6129 54%
c t  2.04 21 136 12 16 4652 24 42309 6396 2.0 21 10 1 5 17% 2159 35712 6129 54%
c u  2.05 21 136 12 16 4652 24 42309 6239 2.0 21 10 1 5 17% 2160 35712 6129 54%
c v  2.05 21 136 12 16 4652 24 42309 5997 2.0 21 10 1 5 17% 2160 35712 6129 54%
c w  2.06 21 136 12 16 4652 24 42309 5954 2.0 21 10 1 5 17% 2160 35712 6129 54%
c x  2.08 21 136 12 16 4652 24 42309 5952 2.0 21 10 1 5 17% 2164 35185 6129 54%
c =  2.14 21 136 12 16 4652 24 42309 5952 2.0 21 10 1 5 17% 2540 35185 5941 53%
c d  2.14 21 136 12 16 4652 24 42309 5487 2.0 21 10 1 5 17% 2157 35185 5941 53%
c t  2.14 21 136 12 16 4652 24 42309 5487 2.0 21 10 1 5 17% 2127 35185 5941 53%
c }  2.17 21 135 13 16 4780 22 45108 8082 2.0 21 10 1 5 19% 2137 35185 5941 53%
c [  2.17 21 187 13 16 4780 2 45108 8082 2.8 122 44 1 5 40% 2137 35185 5941 53%
c B  2.17 21 187 13 16 4780 2 45108 8082 2.8 122 44 1 5 40% 2137 35185 5941 53%
c
c seconds    switched    rate        size/glue   tier1    binary        remaining
c        MB    reductions  conflicts       size    tier2     irredundant
c          level    restarts    redundant      glue   trail        variables
c
c -  2.20 21 185 13 17 4780 2 45476 6533 2.8 123 44 1 5 40% 2137 35185 5941 53%
c ]  2.37 21 179 14 17 4782 2 47259 8262 2.8 131 47 1 5 42% 2139 35185 5941 53%
c {  2.37 21 135 14 17 4782 22 47259 8262 2.0 21 10 1 5 19% 2139 35185 5941 53%
c -  2.40 21 133 14 18 4885 21 49600 7892 2.0 21 10 1 6 19% 2152 35185 5941 53%
c s  2.47 21 132 14 18 5220 20 53474 11436 2.0 21 10 1 6 20% 2188 33903 5941 53%
c e  2.48 21 132 14 18 5220 20 53474 11436 2.0 21 10 1 6 20% 1741 33544 5556 49%
c 2  2.48 21 132 14 18 5220 20 53474 11436 2.0 21 10 1 6 20% 1740 33544 5556 49%
c s  2.48 21 132 14 18 5220 20 53474 11436 2.0 21 10 1 6 20% 1745 33425 5556 49%
c e  2.49 21 132 14 18 5220 20 53474 11436 2.0 21 10 1 6 20% 1737 33389 5545 49%
c ^  2.49 21 132 14 18 5220 20 53474 11436 2.0 21 10 1 6 20% 1737 33389 5545 49%
c -  2.49 21 132 14 19 5233 20 53842 7977 2.0 21 10 1 6 20% 1739 33389 5545 49%
c -  2.54 21 132 14 20 5418 19 58201 9224 2.0 21 10 1 6 22% 1751 33389 5545 49%
c c  2.58 21 132 14 20 5544 18 60517 11397 2.0 21 10 1 6 22% 1774 33300 5534 49%
c d  2.58 21 132 14 20 5544 18 60517 11375 2.0 21 10 1 6 22% 1752 33300 5534 49%
c u  2.58 21 132 14 20 5544 18 60517 10597 2.0 21 10 1 6 22% 1747 33300 5534 49%
c v  2.60 21 132 14 20 5544 18 60517 8726 2.0 21 10 1 6 22% 1751 33300 5534 49%
c w  2.60 21 132 14 20 5544 18 60517 8703 2.0 21 10 1 6 22% 1751 33300 5534 49%
c x  2.61 21 132 14 20 5544 18 60517 8684 2.0 21 10 1 6 22% 1754 33155 5534 49%
c =  2.64 21 132 14 20 5544 18 60517 8684 2.0 21 10 1 6 22% 1974 33152 5424 48%
c d  2.64 21 132 14 20 5544 18 60517 8477 2.0 21 10 1 6 22% 1749 33152 5422 48%
c
c seconds    switched     rate        size/glue  tier1    binary        remaining
c        MB    reductions   conflicts       size   tier2     irredundant
c          level    restarts     redundant     glue   trail        variables
c
c t  2.64 21 132 14 20 5544 18 60517 8477 2.0 21 10 1 6 22% 1736 33152 5422 48%
c f  2.64 21 132 14 20 5544 18 60517 8477 2.0 21 10 1 6 22% 1742 33126 5426 48%
c u  2.65 21 132 14 20 5544 18 60517 8331 2.0 21 10 1 6 22% 1743 33126 5426 48%
c v  2.66 21 132 14 20 5544 18 60517 7923 2.0 21 10 1 6 22% 1746 33126 5426 48%
c w  2.67 21 132 14 20 5544 18 60517 7784 2.0 21 10 1 6 22% 1746 33126 5426 48%
c x  2.68 21 132 14 20 5544 18 60517 7784 2.0 21 10 1 6 22% 1752 32661 5426 48%
c =  2.73 21 132 14 20 5544 18 60517 7784 2.0 21 10 1 6 22% 2008 32661 5298 47%
c d  2.73 21 132 14 20 5544 18 60517 7688 2.0 21 10 1 6 22% 1744 32661 5298 47%
c t  2.73 21 132 14 20 5544 18 60517 7688 2.0 21 10 1 6 22% 1716 32661 5298 47%
c }  2.75 21 131 15 20 5574 18 61976 9008 2.0 21 10 1 6 23% 1719 32661 5298 47%
c [  2.75 21 179 15 20 5574 2 61976 9008 2.8 131 47 1 5 42% 1719 32661 5298 47%
c W  2.75 21 179 15 20 5574 2 61976 9008 2.8 131 47 1 5 42% 1719 32661 5298 47%
c -  2.76 21 176 15 21 5574 2 62673 7236 2.8 126 46 1 5 42% 1720 32661 5298 47%
c -  2.83 21 163 15 22 5577 2 67255 8305 2.7 103 39 1 6 38% 1721 32661 5298 47%
c -  2.87 21 156 15 23 5580 2 71946 9116 2.6 88 34 1 7 36% 1722 32661 5298 47%
c o  2.90 21 143 15 23 5582 2 75815 12634 2.6 78 30 1 7 32% 1723 32661 5298 47%
c -  2.91 21 142 15 24 5582 2 76741 10006 2.6 77 29 1 7 33% 1723 32661 5298 47%
c I  2.91 21 142 15 24 5583 2 76880 10144 2.6 76 29 1 7 33% 1723 32661 5298 47%
c -  2.96 21 140 15 25 5586 2 81641 10660 2.6 69 27 1 7 33% 1726 32661 5298 47%
c u  2.98 21 141 15 25 5586 2 82382 10691 2.6 69 27 1 7 33% 1728 32661 5298 47%
c
c seconds    switched    rate         size/glue  tier1    binary        remaining
c        MB    reductions  conflicts        size   tier2     irredundant
c          level    restarts     redundant     glue   trail        variables
c
c v  2.99 21 141 15 25 5586 2 82382 10464 2.6 69 27 1 7 33% 1728 32661 5298 47%
c w  3.00 21 141 15 25 5586 2 82382 10453 2.6 69 27 1 7 33% 1728 32661 5298 47%
c x  3.01 21 141 15 25 5586 2 82382 10452 2.6 69 27 1 7 33% 1728 31900 5298 47%
c t  3.04 21 141 15 25 5586 2 82382 10452 2.6 69 27 1 7 33% 1727 31900 5298 47%
c ]  3.05 21 141 16 25 5586 2 82846 10899 2.6 68 27 1 7 33% 1728 31900 5298 47%
c {  3.05 21 131 16 25 5586 18 82846 10899 2.0 21 10 1 6 23% 1728 31900 5298 47%
c -  3.09 21 130 16 26 5655 17 86642 10521 2.1 21 10 1 6 23% 1733 31900 5298 47%
c -  3.13 21 125 16 27 5716 15 91744 12020 2.1 20 10 1 6 23% 1740 31900 5298 47%
c -  3.17 21 119 16 28 5767 14 96940 13078 2.1 20 10 1 7 22% 1743 31900 5298 47%
c s  3.18 21 118 16 28 5782 14 98745 14596 2.1 20 9 1 7 22% 1747 31389 5298 47%
c e  3.20 21 118 16 28 5782 14 98745 14596 2.1 20 9 1 7 22% 967 33328 4937 44%
c s  3.20 21 118 16 28 5782 14 98745 14596 2.1 20 9 1 7 22% 993 32832 4937 44%
c e  3.21 21 118 16 28 5782 14 98745 14596 2.1 20 9 1 7 22% 981 32185 4814 43%
c ^  3.21 21 118 16 28 5782 14 98745 14596 2.1 20 9 1 7 22% 981 32185 4814 43%
c }  3.23 21 118 17 28 5837 13 101184 13412 2.1 20 9 1 7 22% 982 32185 4814 43%
c [  3.23 21 141 17 28 5837 2 101184 13412 2.6 68 27 1 7 33% 982 32185 4814 43%
c B  3.23 21 141 17 28 5837 2 101184 13412 2.6 68 27 1 7 33% 982 32185 4814 43%
c -  3.26 21 140 17 29 5838 2 102232 11497 2.5 67 26 1 8 32% 982 32185 4814 43%
c -  3.34 21 138 17 30 5842 2 107617 12507 2.5 63 25 1 8 33% 982 32185 4814 43%
c u  3.35 21 138 17 30 5842 2 107977 12060 2.5 63 25 1 8 33% 984 32185 4814 43%
c
c seconds    switched    rate          size/glue  tier1   binary        remaining
c        MB    reductions  conflicts         size   tier2    irredundant
c          level    restarts      redundant     glue   trail       variables
c
c v  3.36 21 138 17 30 5842 2 107977 11621 2.5 63 25 1 8 33% 985 32185 4814 43%
c w  3.36 21 138 17 30 5842 2 107977 11588 2.5 63 25 1 8 33% 985 32185 4814 43%
c x  3.37 21 138 17 30 5842 2 107977 11587 2.5 63 25 1 8 33% 985 32181 4814 43%
c t  3.37 21 138 17 30 5842 2 107977 11587 2.5 63 25 1 8 33% 984 32181 4814 43%
c f  3.38 21 138 17 30 5842 2 107977 11587 2.5 63 25 1 8 33% 985 32169 4815 43%
c u  3.38 21 138 17 30 5842 2 107977 11374 2.5 63 25 1 8 33% 985 32169 4815 43%
c v  3.40 21 138 17 30 5842 2 107977 10569 2.5 63 25 1 8 33% 985 32169 4815 43%
c w  3.40 21 138 17 30 5842 2 107977 10519 2.5 63 25 1 8 33% 985 32169 4815 43%
c ]  3.49 21 138 18 30 5843 2 112574 14884 2.5 60 24 1 8 33% 986 32168 4815 43%
c {  3.49 21 118 18 30 5843 13 112574 14884 2.1 20 9 1 7 22% 986 32168 4815 43%
c -  3.50 21 118 18 31 5858 13 113096 10969 2.1 20 9 1 7 22% 994 32168 4815 43%
c o  3.53 21 119 18 31 5908 13 115821 13486 2.1 20 9 1 7 23% 1009 32165 4815 43%
c -  3.56 21 118 18 32 5958 12 118663 12606 2.1 19 9 1 7 23% 1016 32165 4815 43%
c -  3.62 21 116 18 33 6049 12 124319 14277 2.1 19 9 1 7 23% 1029 32165 4815 43%
c -  3.67 21 113 18 34 6110 11 130063 15635 2.1 19 9 1 7 23% 1036 32165 4815 43%
c }  3.73 21 112 19 34 6280 10 134919 20072 2.1 19 9 1 7 23% 1046 32164 4815 43%
c [  3.73 21 138 19 34 6280 2 134919 20072 2.5 60 24 1 8 33% 1046 32164 4815 43%
c W  3.73 21 138 19 34 6280 2 134919 20072 2.5 60 24 1 8 33% 1046 32164 4815 43%
c -  3.75 21 139 19 35 6280 2 135893 16483 2.5 60 24 1 8 33% 1046 32164 4815 43%
c u  3.78 21 139 19 35 6282 2 137370 17128 2.5 58 24 1 8 33% 1059 32164 4815 43%
c
c seconds    switched    rate          size/glue  tier1    binary        remaining
c        MB    reductions  conflicts         size   tier2     irredundant
c          level    restarts      redundant     glue   trail        variables
c
c v  3.78 21 139 19 35 6282 2 137370 16582 2.5 58 24 1 8 33% 1059 32164 4815 43%
c w  3.79 21 139 19 35 6282 2 137370 16531 2.5 58 24 1 8 33% 1059 32164 4815 43%
c x  3.79 21 139 19 35 6282 2 137370 16520 2.5 58 24 1 8 33% 1061 32098 4815 43%
c t  3.80 21 139 19 35 6282 2 137370 16520 2.5 58 24 1 8 33% 1056 32098 4815 43%
c -  3.85 21 140 19 36 6285 2 141810 15236 2.4 57 23 1 9 34% 1057 32098 4815 43%
c -  3.94 21 139 19 37 6287 2 147810 14137 2.4 55 23 1 9 32% 1057 32098 4815 43%
c ]  4.03 21 141 20 37 6291 2 153791 19953 2.3 55 24 1 9 34% 1058 32098 4815 43%
c {  4.03 21 112 20 37 6291 10 153791 19953 2.1 19 9 1 7 23% 1058 32098 4815 43%
c -  4.03 21 112 20 38 6315 10 153893 14063 2.1 19 9 1 7 23% 1058 32098 4815 43%
c -  4.10 21 111 20 39 6589 10 160062 15937 2.1 19 9 1 7 23% 1060 32098 4815 43%
c s  4.15 21 111 20 39 6756 10 163333 18958 2.1 18 9 1 7 23% 1071 32021 4815 43%
c e  4.17 21 111 20 39 6756 10 163333 18958 2.1 18 9 1 7 23% 819 34777 4357 39%
c s  4.17 21 111 20 39 6756 10 163333 18958 2.1 18 9 1 7 23% 832 33913 4357 39%
c e  4.18 21 111 20 39 6756 10 163333 18958 2.1 18 9 1 7 23% 823 33991 4344 39%
c ^  4.18 21 111 20 39 6756 10 163333 18958 2.1 18 9 1 7 23% 823 33991 4344 39%
c -  4.21 21 111 20 40 6865 10 166307 14037 2.1 18 9 1 7 22% 827 33991 4344 39%
c o  4.21 21 111 20 40 6866 10 166328 14055 2.1 18 9 1 7 22% 827 33991 4344 39%
c u  4.27 21 110 20 40 7042 10 170642 16584 2.1 18 9 1 7 23% 831 33991 4344 39%
c v  4.29 21 110 20 40 7042 10 170642 15542 2.1 18 9 1 7 23% 831 33991 4344 39%
c w  4.30 21 110 20 40 7042 10 170642 15502 2.1 18 9 1 7 23% 831 33991 4344 39%
c
c seconds    switched     rate          size/glue tier1   binary        remaining
c        MB    reductions   conflicts         size  tier2    irredundant
c          level    restarts       redundant    glue   trail       variables
c
c t  4.30 21 110 20 40 7042 10 170642 15502 2.1 18 9 1 7 23% 828 33991 4344 39%
c -  4.34 21 110 20 41 7161 10 172632 14457 2.1 18 9 1 7 23% 830 33991 4344 39%
c -  4.42 21 109 20 42 7490 10 179035 16863 2.1 18 9 1 7 22% 832 33991 4344 39%
c }  4.44 21 108 21 42 7580 10 180530 18242 2.1 18 9 1 7 22% 835 33991 4344 39%
c [  4.44 21 141 21 42 7580 2 180530 18242 2.3 55 24 1 9 34% 835 33991 4344 39%
c O  4.44 21 141 21 42 7580 2 180530 18242 2.3 55 24 1 9 34% 835 33991 4344 39%
c -  4.51 21 141 21 43 7583 2 185516 17677 2.3 53 23 1 9 34% 835 33991 4344 39%
c -  4.61 21 140 21 44 7586 2 192074 16772 2.3 53 23 1 10 34% 835 33991 4344 39%
c -  4.71 21 141 21 45 7591 2 198707 15830 2.2 53 24 1 10 35% 835 33991 4344 39%
c -  4.83 21 140 21 46 7593 2 205416 15850 2.1 54 25 1 10 34% 835 33991 4344 39%
c ]  4.86 21 140 22 46 7594 2 207045 17411 2.1 54 25 1 10 34% 835 33991 4344 39%
c {  4.86 21 108 22 46 7594 10 207045 17411 2.1 18 9 1 7 22% 835 33991 4344 39%
c u  4.88 21 108 22 46 7614 10 207770 16795 2.1 18 9 1 7 22% 836 33991 4344 39%
c v  4.90 21 108 22 46 7614 10 207770 15078 2.1 18 9 1 7 22% 836 33991 4344 39%
c w  4.91 22 108 22 46 7614 10 207770 15077 2.1 18 9 1 7 22% 836 33991 4344 39%
c =  4.98 22 108 22 46 7614 10 207770 15077 2.1 18 9 1 7 22% 1036 33975 4244 38%
c d  4.98 22 108 22 46 7614 10 207770 12726 2.1 18 9 1 7 22% 836 33975 4244 38%
c u  4.99 22 108 22 46 7614 10 207770 12444 2.1 18 9 1 7 22% 837 33975 4244 38%
c v  5.01 22 108 22 46 7614 10 207770 11374 2.1 18 9 1 7 22% 838 33975 4244 38%
c w  5.01 22 108 22 46 7614 10 207770 11285 2.1 18 9 1 7 22% 838 33975 4244 38%
c
c seconds    switched     rate          size/glue tier1   binary        remaining
c        MB    reductions   conflicts         size  tier2    irredundant
c          level    restarts       redundant    glue   trail       variables
c
c x  5.02 22 108 22 46 7614 10 207770 11238 2.1 18 9 1 7 22% 845 33531 4244 38%
c t  5.02 22 108 22 46 7614 10 207770 11238 2.1 18 9 1 7 22% 842 33531 4244 38%
c -  5.06 22 107 22 47 7657 9 212198 12514 2.1 18 9 1 7 22% 856 33531 4244 38%
c -  5.15 22 105 22 48 7878 9 219053 15952 2.0 18 9 1 7 22% 877 33531 4244 38%
c -  5.24 22 103 22 49 8106 9 225983 18294 2.0 17 9 1 6 21% 892 33530 4244 38%
c o  5.24 22 102 22 49 8112 9 226358 18627 2.0 17 9 1 6 21% 892 33530 4244 38%
c -  5.34 22 100 22 50 8363 9 232983 20220 2.0 17 8 1 6 21% 899 33529 4244 38%
c }  5.43 22 99 23 50 8679 9 238561 25352 2.0 17 8 1 6 21% 906 33527 4244 38%
c [  5.43 22 140 23 50 8679 2 238561 25352 2.1 54 25 1 10 34% 906 33527 4244 38%
c B  5.43 22 140 23 50 8679 2 238561 25352 2.1 54 25 1 10 34% 906 33527 4244 38%
c -  5.45 22 138 23 51 8680 2 240054 21535 2.1 53 25 1 10 33% 906 33527 4244 38%
c -  5.55 22 137 23 52 8685 2 247195 20710 2.1 52 25 1 11 34% 906 33527 4244 38%
c s  5.56 22 135 23 52 8685 2 248535 21844 2.1 52 25 1 11 33% 913 33051 4244 38%
c e  5.58 22 135 23 52 8685 2 248535 21844 2.1 52 25 1 11 33% 605 41053 3657 32%
c s  5.59 22 135 23 52 8685 2 248535 21844 2.1 52 25 1 11 33% 607 39120 3657 32%
c e  5.60 22 135 23 52 8685 2 248535 21844 2.1 52 25 1 11 33% 600 39199 3651 32%
c !  5.60 22 135 23 52 8685 2 248535 21844 2.1 52 25 1 11 33% 600 39199 3651 32%
c u  5.62 22 135 23 52 8685 2 248955 11592 2.1 52 25 1 11 33% 606 39199 3651 32%
c v  5.64 22 135 23 52 8685 2 248955 9726 2.1 52 25 1 11 33% 607 39199 3651 32%
c w  5.65 22 135 23 52 8685 2 248955 9477 2.1 52 25 1 11 33% 607 39199 3651 32%
c
c seconds    switched    rate         size/glue  tier1    binary        remaining
c        MB    reductions  conflicts        size   tier2     irredundant
c          level    restarts     redundant     glue    trail       variables
c
c t  5.73 22 135 23 52 8685 2 248955 9477 2.1 52 25 1 11 33% 605 39199 3651 32%
c f  5.74 22 135 23 52 8685 2 248955 9477 2.1 52 25 1 11 33% 618 39080 3657 32%
c u  5.75 22 135 23 52 8685 2 248955 9342 2.1 52 25 1 11 33% 618 39080 3657 32%
c v  5.76 22 135 23 52 8685 2 248955 8880 2.1 52 25 1 11 33% 618 39080 3657 32%
c w  5.77 22 135 23 52 8685 2 248955 8714 2.1 52 25 1 11 33% 618 39080 3657 32%
c x  5.79 22 135 23 52 8685 2 248955 8694 2.1 52 25 1 11 33% 635 38843 3657 32%
c t  5.79 22 135 23 52 8685 2 248955 8694 2.1 52 25 1 11 33% 629 38843 3657 32%
c f  5.80 22 135 23 52 8685 2 248955 8694 2.1 52 25 1 11 33% 634 38815 3658 32%
c -  5.87 22 135 23 53 8688 2 254406 9414 2.1 52 25 1 11 33% 634 38815 3658 32%
c -  5.96 22 135 23 54 8692 2 261686 11411 2.1 51 25 1 11 33% 634 38815 3658 32%
c -  6.12 22 134 23 55 8693 2 269034 12009 2.0 53 26 2 12 34% 634 38815 3658 32%
c W  6.15 22 134 23 55 8693 2 270014 12977 2.0 53 26 2 12 34% 634 38815 3658 32%
c ]  6.17 22 133 24 55 8693 2 272128 14998 2.0 53 26 2 12 34% 634 38815 3658 32%
c {  6.17 22 99 24 55 8693 9 272128 14998 2.0 17 8 1 6 21% 634 38815 3658 32%
c -  6.22 22 99 24 56 8867 9 276453 13816 2.0 17 8 1 6 21% 637 38815 3658 32%
c -  6.31 22 98 24 57 9270 9 283936 17801 2.0 17 8 1 6 21% 639 38815 3658 32%
c -  6.41 22 96 24 58 9725 9 291485 20548 2.0 17 8 1 6 20% 641 38815 3658 32%
c u  6.46 23 96 24 58 9915 9 293861 21807 2.0 17 8 1 6 20% 642 38815 3658 32%
c v  6.48 23 96 24 58 9915 9 293861 21226 2.0 17 8 1 6 20% 642 38815 3658 32%
c w  6.48 23 96 24 58 9915 9 293861 21156 2.0 17 8 1 6 20% 642 38815 3658 32%
c
c seconds   switched    rate          size/glue tier1   binary        remaining
c        MB   reductions  conflicts         size  tier2    irredundant
c         level    restarts      redundant    glue   trail       variables
c
c x  6.50 23 96 24 58 9915 9 293861 21144 2.0 17 8 1 6 20% 642 38752 3658 32%
c o  6.53 23 95 24 58 10027 9 296471 23522 2.0 16 8 1 6 20% 643 38752 3658 32%
c -  6.58 23 95 24 59 10244 9 299100 21152 2.0 16 8 1 6 20% 643 38752 3658 32%
c -  6.70 23 93 24 60 10692 9 306781 22918 2.0 16 8 1 6 20% 646 38752 3658 32%
c }  6.73 23 93 25 60 10858 9 308805 24769 1.9 16 8 1 6 20% 646 38752 3658 32%
c [  6.73 23 133 25 60 10858 2 308805 24769 2.0 53 26 2 12 34% 646 38752 3658 32%
c I  6.73 23 133 25 60 10858 2 308805 24769 2.0 53 26 2 12 34% 646 38752 3658 32%
c -  6.80 23 133 25 61 10862 2 314528 22534 2.0 52 26 2 12 34% 646 38752 3658 32%
c -  6.92 23 133 25 62 10865 2 322338 19706 2.0 52 26 2 12 34% 646 38752 3658 32%
c -  7.05 23 135 25 63 10871 2 330213 17763 2.0 54 27 2 13 34% 646 38752 3658 32%
c -  7.21 23 136 25 64 10872 2 338151 17252 2.0 55 28 2 13 36% 646 38752 3658 32%
c u  7.33 23 137 25 64 10873 2 342915 20650 2.0 57 28 2 13 37% 647 38752 3658 32%
c v  7.35 23 137 25 64 10873 2 342915 17959 2.0 57 28 2 13 37% 647 38752 3658 32%
c w  7.38 29 137 25 64 10873 2 342915 17941 2.0 57 28 2 13 37% 647 38752 3658 32%
c -  7.56 29 137 25 65 10875 2 346151 14217 2.0 58 29 2 13 37% 647 38752 3658 32%
c ]  7.58 29 138 26 65 10876 2 347514 15506 2.0 58 29 2 13 37% 647 38752 3658 32%
c {  7.58 29 93 26 65 10876 9 347514 15506 1.9 16 8 1 6 20% 647 38752 3658 32%
c -  7.65 29 92 26 66 11106 8 354213 17960 1.9 16 8 1 6 19% 647 38752 3658 32%
c s  7.67 29 92 26 66 11167 8 355248 18895 1.9 16 8 1 6 19% 648 38693 3658 32%
c e  7.68 29 92 26 66 11167 8 355248 18895 1.9 16 8 1 6 19% 611 39086 3631 32%
c
c seconds   switched     rate          size/glue tier1   binary        remaining
c        MB   reductions   conflicts         size  tier2    irredundant
c         level    restarts       redundant    glue   trail       variables
c
c s  7.68 29 92 26 66 11167 8 355248 18895 1.9 16 8 1 6 19% 611 38999 3631 32%
c -  7.75 29 91 26 67 11391 8 362337 21758 1.9 16 8 1 6 20% 612 38999 3631 32%
c -  7.86 30 90 26 68 11804 8 370522 23837 1.9 16 8 1 6 19% 612 38999 3631 32%
c o  7.94 30 89 26 68 12093 8 376508 29198 1.9 16 8 1 6 19% 612 38999 3631 32%
c -  7.98 30 89 26 69 12217 8 378768 25561 1.9 16 8 1 6 19% 613 38999 3631 32%
c -  8.12 30 88 26 70 12761 8 387074 26964 1.9 16 8 1 6 19% 613 38999 3631 32%
c }  8.17 30 87 27 70 12967 8 389732 29473 1.9 16 8 1 6 19% 613 38999 3631 32%
c [  8.17 30 138 27 70 12967 2 389732 29473 2.0 58 29 2 13 37% 613 38999 3631 32%
c B  8.17 30 138 27 70 12967 2 389732 29473 2.0 58 29 2 13 37% 613 38999 3631 32%
c -  8.24 30 136 27 71 12971 2 395440 26797 2.0 57 29 2 13 36% 613 38999 3631 32%
c u  8.26 30 136 27 71 12972 2 396189 26507 2.0 56 28 2 13 36% 613 38999 3631 32%
c v  8.28 29 136 27 71 12972 2 396189 25882 2.0 56 28 2 13 36% 613 38999 3631 32%
c w  8.29 30 136 27 71 12972 2 396189 25824 2.0 56 28 2 13 36% 613 38999 3631 32%
c x  8.31 30 136 27 71 12972 2 396189 25802 2.0 56 28 2 13 36% 613 38876 3631 32%
c f  8.31 30 136 27 71 12972 2 396189 25802 2.0 56 28 2 13 36% 619 38836 3633 32%
c u  8.34 30 136 27 71 12972 2 396189 24875 2.0 56 28 2 13 36% 620 38836 3633 32%
c v  8.36 30 136 27 71 12972 2 396189 23580 2.0 56 28 2 13 36% 620 38836 3633 32%
c w  8.37 30 136 27 71 12972 2 396189 23414 2.0 56 28 2 13 36% 620 38836 3633 32%
c -  8.47 30 134 27 72 12975 2 403867 20613 2.0 56 28 2 14 36% 621 38836 3633 32%
c -  8.57 30 133 27 73 12980 2 412352 19769 1.9 54 28 2 14 35% 621 38836 3633 32%
c
c seconds    switched     rate          size/glue  tier1    binary        remaining
c        MB    reductions   conflicts         size   tier2     irredundant
c          level    restarts       redundant     glue    trail       variables
c
c -  8.69 30 131 27 74 12981 2 420897 20067 1.9 53 28 2 14 34% 621 38836 3633 32%
c -  8.82 30 130 27 75 12987 2 429499 20026 1.9 53 28 2 14 34% 621 38836 3633 32%
c W  8.89 30 130 27 75 12988 2 433445 23812 1.9 53 27 2 14 34% 621 38836 3633 32%
c -  8.96 30 130 27 76 12991 2 438159 20382 1.9 53 28 2 14 34% 621 38836 3633 32%
c ]  9.02 30 130 28 76 12994 2 442404 24457 1.9 53 28 2 14 34% 621 38836 3633 32%
c {  9.02 30 87 28 76 12994 8 442404 24457 1.9 16 8 1 6 19% 621 38836 3633 32%
c -  9.09 30 87 28 77 13208 8 446876 21877 1.9 16 8 1 6 19% 621 38836 3633 32%
c u  9.23 30 86 28 77 13707 8 453732 27005 1.9 16 8 1 6 18% 622 38836 3633 32%
c v  9.25 30 86 28 77 13707 8 453732 25567 1.9 16 8 1 6 18% 622 38836 3633 32%
c w  9.27 30 86 28 77 13707 8 453732 25524 1.9 16 8 1 6 18% 622 38836 3633 32%
c -  9.30 30 86 28 78 13819 8 455651 23244 1.9 16 8 1 6 18% 622 38836 3633 32%
c -  9.47 30 85 28 79 14423 9 464482 26231 1.9 16 8 1 6 18% 623 38836 3633 32%
c o  9.51 30 85 28 79 14595 9 466535 28144 1.9 16 8 1 6 18% 623 38836 3633 32%
c -  9.67 30 85 28 80 15215 9 473371 28496 1.9 16 8 1 6 18% 624 38836 3633 32%
c -  9.84 30 84 28 81 15797 9 482316 30451 1.9 16 8 1 6 18% 626 38836 3633 32%
c s  9.91 30 84 28 81 16068 9 485789 33656 1.9 16 8 1 6 18% 626 38828 3633 32%
c e  9.92 30 84 28 81 16068 9 485789 33656 1.9 16 8 1 6 18% 602 38975 3624 32%
c s  9.92 30 84 28 81 16068 9 485789 33656 1.9 16 8 1 6 18% 602 38933 3624 32%
c e  9.92 30 84 28 81 16068 9 485789 33656 1.9 16 8 1 6 18% 595 38956 3623 32%
c } 10.02 30 83 29 81 16438 9 490545 37924 1.9 16 8 1 6 18% 596 38956 3623 32%
c
c seconds    switched     rate          size/glue  tier1    binary        remaining
c        MB    reductions   conflicts         size   tier2     irredundant
c          level    restarts       redundant     glue    trail       variables
c
c [ 10.02 30 130 29 81 16438 2 490545 37924 1.9 53 28 2 14 34% 596 38956 3623 32%
c O 10.02 30 130 29 81 16438 2 490545 37924 1.9 53 28 2 14 34% 596 38956 3623 32%
c - 10.05 30 130 29 82 16438 2 491317 31774 1.9 53 28 2 14 34% 596 38956 3623 32%
c ] 10.17 30 130 29 82 16444 2 500001 40102 1.9 52 28 2 14 34% 597 38956 3623 32%
c ? 10.17 30 83 29 82 16444 9 500001 40102 1.9 16 8 1 6 18% 597 38956 3623 32%
c
c ---- [ result ] ------------------------------------------------------------
c
s UNKNOWN
c
c ---- [ profiling ] ---------------------------------------------------------
c
c           8.09   79.54 %  search
c           4.10   40.27 %  focused
c           3.99   39.27 %  stable
c           2.04   20.08 %  simplify
c           1.86   18.27 %  probe
c           0.87    8.53 %  vivify
c           0.73    7.13 %  sweep
c           0.19    1.89 %  eliminate
c           0.12    1.17 %  reduce
c           0.12    1.14 %  factor
c           0.08    0.74 %  substitute
c           0.06    0.56 %  congruence
c           0.03    0.33 %  preprocess
c           0.03    0.30 %  subsume
c           0.02    0.24 %  walking
c           0.01    0.12 %  transitive
c           0.01    0.05 %  backbone
c           0.00    0.04 %  parse
c           0.00    0.01 %  lucky
c =============================================
c          10.17  100.00 %  total
c
c ---- [ statistics ] --------------------------------------------------------
c
c chronological:                         1361                0 %  conflicts
c conflicts:                           500001            49143.07 per second
c congruent:                              764                7 %  variables
c decisions:                          2909311                5.82 per conflict
c eliminated:                            5930               53 %  variables
c factored:                               118                1 %  variables
c propagations:                      71386106          7016251    per second
c reductions:                              82             6098    interval
c reordered:                               10            50000    interval
c rephased:                                18            27778    interval
c restarts:                             16444               30    interval
c strengthened:                          4025                0 %  checks
c substituted:                           1833               16 %  variables
c subsumed:                              6387                0 %  checks
c switched:                                29            17241    interval
c vivified:                             72186               15 %  checks
c walks:                                    6            83334    interval
c
c ---- [ glue usage ] --------------------------------------------------------
c
c focused glue 1   used 639770 clauses 52.90% accumulated 52.90% tier1
c focused glue 2   used 225970 clauses 18.69% accumulated 71.59%
c focused glue 3-4 used 156359 clauses 12.93% accumulated 84.52%
c focused glue 5   used  43450 clauses  3.59% accumulated 88.11%
c focused glue 6   used  32403 clauses  2.68% accumulated 90.79% tier2
c
c stable glue 2    used 341037 clauses 17.36% accumulated 60.55% tier1
c stable glue 3    used 160498 clauses  8.17% accumulated 68.72%
c stable glue 4-12 used 397212 clauses 20.21% accumulated 88.93%
c stable glue 13   used  16497 clauses  0.84% accumulated 89.77%
c stable glue 14   used  13696 clauses  0.70% accumulated 90.47% tier2
c
c ---- [ resources ] ---------------------------------------------------------
c
c maximum-resident-set-size:      31725715456 bytes      30256 MB
c process-time:                            10s              10.17 seconds
c
c ---- [ shutting down ] -----------------------------------------------------
c
c exit 0
