c ---- [ banner ] ------------------------------------------------------------
c
c Kissat SAT Solver
c 
c Copyright (c) 2021-2024 Armin Biere University of Freiburg
c Copyright (c) 2019-2021 Armin Biere Johannes Kepler University Linz
c 
c Version 4.0.4 unknown
c Apple clang version 17.0.0 (clang-1700.3.19.1) -W -Wall -O3 -DNDEBUG
c Thu Oct 16 20:09:41 UTC 2025 Darwin Tahoe-arm64.local 25.0.0 arm64
c
c ---- [ parsing ] -----------------------------------------------------------
c
c opened and reading DIMACS file:
c
c   cnfs_n32/sr61_n32_bit10_m3304caa0_fill80000000_enf0.cnf
c
c parsed 'p cnf 11211 46873' header
c closing input after reading 846515 bytes (827 KB)
c finished parsing after 0.00 seconds
c
c ---- [ options ] -----------------------------------------------------------
c
c --seed=5                         (different from default '0')
c
c ---- [ limits ] ------------------------------------------------------------
c
c conflict limit set to 500000 conflicts
c
c ---- [ solving ] -----------------------------------------------------------
c
c seconds switched rate     size/glue tier1  binary         remaining
c        MB reductions conflicts size  tier2    irredundant
c         level restarts redundant glue  trail         variables
c
c *  0.00  8 0 0 0  0 0   0   0 0.0 0 0 0 0 0% 3684 43124 11210 100%
c (  0.00  8 0 0 0  0 0   0   0 0.0 0 0 0 0 0% 3684 43124 11210 100%
c .  0.01  8 0 0 0  0 0   0   0 0.0 0 0 0 0 0% 3684 43124 11210 100%
c c  0.01 13 0 0 0  0 0   0   0 0.0 0 0 0 0 0% 4702 41297 10475 93%
c d  0.01 13 0 0 0  0 0   0   0 0.0 0 0 0 0 0% 3232 41297 10475 93%
c =  0.03 13 0 0 0  0 0   0   0 0.0 0 0 0 0 0% 3190 41297 10469 93%
c d  0.03 13 0 0 0  0 0   0   0 0.0 0 0 0 0 0% 3178 41297 10469 93%
c f  0.04 13 0 0 0  0 0   0   0 0.0 0 0 0 0 0% 3307 41035 10535 94%
c )  0.04 13 0 0 0  0 0   0   0 0.0 0 0 0 0 0% 3307 41035 10535 94%
c {  0.04 13 0 0 0  0 0   0   0 0.0 0 0 2 6 0% 3307 41035 10535 94%
c -  0.05 13 175 0 1 238 49 1000 718 1.6 6 4 2 6 10% 3406 41035 10535 94%
c }  0.05 13 175 1 1 238 49 1000 718 1.6 6 4 2 6 10% 3406 41035 10535 94%
c [  0.05 13 0 1 1 238 0 1000 718 0.0 0 0 2 6 0% 3406 41035 10535 94%
c B  0.05 13 21 1 1 238 17 1001 719 1.5 3 2 2 6 0% 3406 41035 10535 94%
c -  0.06 13 305 1 2 238 5 2000 1559 1.9 24 13 2 20 25% 3428 41035 10535 94%
c W  0.06 13 305 1 2 238 5 2004 1562 1.9 24 13 2 20 25% 3428 41035 10535 94%
c ]  0.07 13 280 2 2 239 6 2547 2048 1.8 22 12 2 18 22% 3429 41035 10535 94%
c {  0.07 13 175 2 2 239 49 2547 2048 1.6 6 4 2 6 10% 3429 41035 10535 94%
c c  0.08 14 177 2 2 243 50 2557 2055 1.6 6 4 2 6 10% 3442 40967 10518 94%
c d  0.08 14 177 2 2 243 50 2557 2050 1.6 6 4 2 6 10% 3408 40967 10518 94%
c
c seconds   switched   rate       size/glue tier1   binary         remaining
c        MB  reductions conflicts      size  tier2     irredundant
c          level restarts    redundant   glue   trail         variables
c
c u  0.08 14 177 2 2 243 50 2557 1732 1.6 6 4 2 6 10% 3407 40967 10518 94%
c v  0.08 14 177 2 2 243 50 2557 1569 1.6 6 4 2 6 10% 3407 40967 10518 94%
c w  0.08 14 177 2 2 243 50 2557 1442 1.6 6 4 2 6 10% 3407 40967 10518 94%
c x  0.09 14 177 2 2 243 50 2557 1442 1.6 6 4 2 6 10% 3407 40896 10518 94%
c =  0.10 14 177 2 2 243 50 2557 1442 1.6 6 4 2 6 10% 3597 40896 10423 93%
c d  0.10 14 177 2 2 243 50 2557 1418 1.6 6 4 2 6 10% 3404 40896 10423 93%
c t  0.10 14 177 2 2 243 50 2557 1418 1.6 6 4 2 6 10% 3373 40896 10423 93%
c f  0.10 14 177 2 2 243 50 2557 1418 1.6 6 4 2 6 10% 3381 40879 10429 93%
c u  0.11 14 177 2 2 243 50 2557 1384 1.6 6 4 2 6 10% 3381 40879 10429 93%
c v  0.11 14 177 2 2 243 50 2557 1352 1.6 6 4 2 6 10% 3381 40879 10429 93%
c w  0.12 14 177 2 2 243 50 2557 1295 1.6 6 4 2 6 10% 3381 40879 10429 93%
c -  0.14 14 189 2 3 358 41 3415 1898 1.6 6 4 2 6 11% 3412 40879 10429 93%
c }  0.14 14 187 3 3 394 42 3547 1998 1.6 6 4 2 6 11% 3418 40879 10429 93%
c [  0.14 14 280 3 3 394 6 3547 1998 1.8 22 12 2 18 22% 3418 40879 10429 93%
c I  0.15 14 247 3 3 394 5 4263 2656 1.8 20 11 2 18 20% 3418 40879 10429 93%
c ]  0.16 14 263 4 3 394 5 4530 2910 1.9 25 13 2 18 24% 3421 40879 10429 93%
c {  0.16 14 187 4 3 394 42 4530 2910 1.6 6 4 2 6 11% 3421 40879 10429 93%
c -  0.17 15 174 4 4 588 43 5148 3044 1.7 10 6 1 5 12% 3474 40879 10429 93%
c }  0.23 15 156 5 4 1024 40 6882 4603 1.9 17 9 1 5 14% 3554 40879 10429 93%
c [  0.23 15 263 5 4 1024 5 6882 4603 1.9 25 13 2 18 24% 3554 40879 10429 93%
c
c seconds   switched   rate       size/glue  tier1     binary         remaining
c        MB  reductions conflicts       size   tier2      irredundant
c          level  restarts   redundant     glue    trail         variables
c
c -  0.23 15 286 5 5 1024 5 7149 4271 1.9 26 14 2 17 23% 3560 40879 10429 93%
c d  0.24 17 324 5 5 1024 4 7875 4969 1.9 30 16 2 17 21% 3560 40879 10426 93%
c u  0.25 17 324 5 5 1024 4 7875 4562 1.9 30 16 2 17 21% 3562 40879 10426 93%
c v  0.25 17 324 5 5 1024 4 7875 3892 1.9 30 16 2 17 21% 3565 40879 10426 93%
c w  0.26 17 324 5 5 1024 4 7875 3879 1.9 30 16 2 17 21% 3565 40879 10426 93%
c x  0.26 17 324 5 5 1024 4 7875 3879 1.9 30 16 2 17 21% 3565 40715 10426 93%
c t  0.26 17 324 5 5 1024 4 7875 3879 1.9 30 16 2 17 21% 3563 40715 10426 93%
c c  0.27 17 324 5 5 1024 4 7875 3879 1.9 30 16 2 17 21% 3567 40707 10424 93%
c d  0.27 17 324 5 5 1024 4 7875 3878 1.9 30 16 2 17 21% 3563 40707 10424 93%
c u  0.27 17 324 5 5 1024 4 7875 3829 1.9 30 16 2 17 21% 3563 40707 10424 93%
c v  0.28 17 324 5 5 1024 4 7875 3717 1.9 30 16 2 17 21% 3563 40707 10424 93%
c w  0.28 17 324 5 5 1024 4 7875 3705 1.9 30 16 2 17 21% 3563 40707 10424 93%
c x  0.29 17 324 5 5 1024 4 7875 3705 1.9 30 16 2 17 21% 3563 40616 10424 93%
c B  0.32 17 316 5 5 1025 4 8035 3859 2.2 35 16 2 17 22% 3566 40616 10424 93%
c ]  0.38 18 296 6 5 1025 4 8493 4302 2.4 51 21 2 17 25% 3577 40616 10424 93%
c {  0.38 18 156 6 5 1025 40 8493 4302 1.9 17 9 1 5 14% 3577 40616 10424 93%
c -  0.40 20 154 6 6 1056 35 9385 4187 1.9 16 9 1 4 14% 3630 40616 10424 93%
c o  0.41 20 158 6 6 1077 33 10008 4746 1.9 16 8 1 4 15% 3661 40616 10424 93%
c -  0.45 20 151 6 7 1245 29 11835 5479 2.0 17 8 1 4 15% 3719 40616 10424 93%
c }  0.47 20 148 7 7 1332 28 12562 6121 2.0 17 9 1 4 15% 3745 40616 10424 93%
c
c seconds   switched   rate        size/glue  tier1     binary         remaining
c        MB  reductions  conflicts       size   tier2      irredundant
c          level  restarts    redundant     glue    trail         variables
c
c [  0.47 20 296 7 7 1332 4 12562 6121 2.4 51 21 2 17 25% 3745 40616 10424 93%
c s  0.50 20 287 7 7 1332 4 12780 6333 2.5 55 22 2 17 26% 3748 40357 10424 93%
c e  0.53 20 287 7 7 1332 4 12780 6333 2.5 55 22 2 17 26% 1989 38682 6648 59%
c s  0.53 20 287 7 7 1332 4 12780 6333 2.5 55 22 2 17 26% 1992 38433 6648 59%
c e  0.53 20 287 7 7 1332 4 12780 6333 2.5 55 22 2 17 26% 1985 38436 6628 59%
c ^  0.53 20 287 7 7 1332 4 12780 6333 2.5 55 22 2 17 26% 1985 38436 6628 59%
c ]  0.62 20 270 8 7 1332 4 13354 3395 2.6 76 29 2 17 30% 1986 38436 6628 59%
c {  0.62 20 148 8 7 1332 28 13354 3395 2.0 17 9 1 4 15% 1986 38436 6628 59%
c -  0.65 20 145 8 8 1584 29 14480 3867 2.0 19 9 1 4 15% 2001 38436 6628 59%
c d  0.71 20 142 8 8 1892 29 16133 5424 2.0 21 10 1 4 16% 2015 38436 6627 59%
c u  0.71 20 142 8 8 1892 29 16133 5155 2.0 21 10 1 4 16% 2021 38436 6627 59%
c v  0.72 20 142 8 8 1892 29 16133 4499 2.0 21 10 1 4 16% 2023 38436 6627 59%
c w  0.74 20 142 8 8 1892 29 16133 4451 2.0 21 10 1 4 16% 2023 38436 6627 59%
c x  0.74 20 142 8 8 1892 29 16133 4451 2.0 21 10 1 4 16% 2024 38250 6627 59%
c t  0.75 20 142 8 8 1892 29 16133 4451 2.0 21 10 1 4 16% 2016 38250 6627 59%
c f  0.76 21 142 8 8 1892 29 16133 4451 2.0 21 10 1 4 16% 2040 38202 6639 59%
c b  0.76 21 142 8 8 1892 29 16133 4451 2.0 21 10 1 4 16% 2040 38202 6638 59%
c u  0.76 21 142 8 8 1892 29 16133 4399 2.0 21 10 1 4 16% 2040 38202 6638 59%
c v  0.76 21 142 8 8 1892 29 16133 4299 2.0 21 10 1 4 16% 2040 38202 6638 59%
c w  0.78 21 142 8 8 1892 29 16133 4266 2.0 21 10 1 4 16% 2040 38202 6638 59%
c
c seconds   switched    rate        size/glue  tier1    binary        remaining
c        MB  reductions   conflicts       size   tier2     irredundant
c          level  restarts     redundant     glue   trail        variables
c
c x  0.79 21 142 8 8 1892 29 16133 4266 2.0 21 10 1 4 16% 2041 38182 6638 59%
c -  0.82 21 143 8 9 1990 28 17308 4814 2.0 21 10 1 4 16% 2060 38182 6638 59%
c }  0.89 21 140 9 9 2388 28 19513 6883 2.0 23 11 1 4 16% 2095 38182 6638 59%
c [  0.89 21 270 9 9 2388 4 19513 6883 2.6 76 29 2 17 30% 2095 38182 6638 59%
c W  0.89 21 270 9 9 2388 4 19513 6883 2.6 76 29 2 17 30% 2095 38182 6638 59%
c -  0.96 21 253 9 10 2388 3 20309 5708 2.6 86 34 1 6 32% 2097 38182 6638 59%
c o  1.10 21 233 9 10 2390 3 21591 6920 2.6 104 40 1 6 35% 2099 38182 6638 59%
c ]  1.11 21 231 10 10 2390 3 21804 7128 2.6 103 40 1 6 35% 2099 38182 6638 59%
c {  1.11 21 140 10 10 2390 28 21804 7128 2.0 23 11 1 4 16% 2099 38182 6638 59%
c -  1.18 21 139 10 11 2734 28 23471 6506 2.1 24 12 1 4 17% 2116 38182 6638 59%
c s  1.25 21 137 10 11 3084 28 25628 8558 2.1 25 12 1 4 17% 2130 38179 6638 59%
c e  1.26 21 137 10 11 3084 28 25628 8558 2.1 25 12 1 4 17% 1896 38490 6517 58%
c s  1.26 21 137 10 11 3084 28 25628 8558 2.1 25 12 1 4 17% 1917 38434 6517 58%
c ^  1.26 21 137 10 11 3084 28 25628 8558 2.1 25 12 1 4 17% 1917 38434 6517 58%
c -  1.30 21 138 10 12 3272 28 26787 7004 2.1 26 12 1 4 17% 1924 38434 6517 58%
c u  1.34 21 138 10 12 3414 28 27572 7214 2.1 27 13 1 4 17% 1931 38434 6517 58%
c v  1.35 21 138 10 12 3414 28 27572 6227 2.1 27 13 1 4 17% 1932 38434 6517 58%
c w  1.37 21 138 10 12 3414 28 27572 5709 2.1 27 13 1 4 17% 1932 38434 6517 58%
c =  1.44 21 138 10 12 3414 28 27572 5709 2.1 27 13 1 4 17% 2058 38434 6454 58%
c d  1.44 21 138 10 12 3414 28 27572 5633 2.1 27 13 1 4 17% 1922 38434 6454 58%
c
c seconds    switched     rate        size/glue  tier1    binary        remaining
c        MB    reductions   conflicts       size   tier2     irredundant
c          level    restarts     redundant     glue   trail        variables
c
c t  1.44 21 138 10 12 3414 28 27572 5633 2.1 27 13 1 4 17% 1917 38434 6454 58%
c f  1.44 21 138 10 12 3414 28 27572 5633 2.1 27 13 1 4 17% 1966 38298 6482 58%
c u  1.45 21 138 10 12 3414 28 27572 5465 2.1 27 13 1 4 17% 1967 38298 6482 58%
c v  1.45 21 138 10 12 3414 28 27572 5208 2.1 27 13 1 4 17% 1967 38298 6482 58%
c w  1.47 21 138 10 12 3414 28 27572 5026 2.1 27 13 1 4 17% 1967 38298 6482 58%
c x  1.48 21 138 10 12 3414 28 27572 5026 2.1 27 13 1 4 17% 1981 37614 6482 58%
c d  1.48 21 138 10 12 3414 28 27572 5026 2.1 27 13 1 4 17% 1979 37614 6481 58%
c t  1.49 21 138 10 12 3414 28 27572 5026 2.1 27 13 1 4 17% 1968 37614 6481 58%
c -  1.59 21 138 10 13 3888 28 30254 6041 2.1 28 13 1 4 18% 1986 37614 6481 58%
c }  1.60 21 137 11 13 3922 28 30431 6209 2.1 28 13 1 4 18% 1988 37614 6481 58%
c [  1.60 21 231 11 13 3922 3 30431 6209 2.6 103 40 1 6 35% 1988 37614 6481 58%
c O  1.60 21 231 11 13 3922 3 30431 6209 2.6 103 40 1 6 35% 1988 37614 6481 58%
c -  1.85 22 199 11 14 3924 3 33860 6826 2.6 120 46 1 5 38% 1993 37614 6481 58%
c ]  1.96 22 189 12 14 3926 2 35855 8756 2.5 117 46 1 5 36% 1994 37614 6481 58%
c {  1.96 22 137 12 14 3926 28 35855 8756 2.1 28 13 1 4 18% 1994 37614 6481 58%
c -  2.03 22 138 12 15 4216 28 37602 7369 2.1 29 14 1 4 18% 2000 37614 6481 58%
c -  2.13 22 141 12 16 4588 26 41474 8410 2.1 30 14 1 4 19% 2025 37614 6481 58%
c o  2.13 22 141 12 16 4613 26 41592 8524 2.1 30 14 1 4 19% 2025 37614 6481 58%
c u  2.15 22 142 12 16 4637 26 42317 8570 2.1 29 14 1 4 19% 2033 37614 6481 58%
c v  2.15 22 142 12 16 4637 26 42317 7417 2.1 29 14 1 4 19% 2033 37614 6481 58%
c
c seconds    switched     rate        size/glue  tier1    binary        remaining
c        MB    reductions   conflicts       size   tier2     irredundant
c          level    restarts     redundant     glue   trail        variables
c
c w  2.17 22 142 12 16 4637 26 42317 6996 2.1 29 14 1 4 19% 2033 37614 6481 58%
c x  2.18 22 142 12 16 4637 26 42317 6996 2.1 29 14 1 4 19% 2033 37552 6481 58%
c =  2.27 22 142 12 16 4637 26 42317 6996 2.1 29 14 1 4 19% 2601 37390 6197 55%
c d  2.27 22 142 12 16 4637 26 42317 6831 2.1 29 14 1 4 19% 2028 37390 6197 55%
c t  2.27 22 142 12 16 4637 26 42317 6831 2.1 29 14 1 4 19% 2019 37390 6197 55%
c u  2.28 22 142 12 16 4637 26 42317 6694 2.1 29 14 1 4 19% 2019 37390 6197 55%
c v  2.28 22 142 12 16 4637 26 42317 6441 2.1 29 14 1 4 19% 2019 37390 6197 55%
c w  2.29 22 142 12 16 4637 26 42317 6309 2.1 29 14 1 4 19% 2019 37390 6197 55%
c =  2.38 22 142 12 16 4637 26 42317 6309 2.1 29 14 1 4 19% 2121 37390 6146 55%
c d  2.38 22 142 12 16 4637 26 42317 6306 2.1 29 14 1 4 19% 2019 37390 6146 55%
c -  2.41 22 142 12 17 4684 24 45475 6666 2.1 28 14 1 5 20% 2035 37390 6146 55%
c }  2.42 22 143 13 17 4712 23 47336 8284 2.1 28 13 1 5 21% 2044 37390 6146 55%
c [  2.42 22 189 13 17 4712 2 47336 8284 2.5 117 46 1 5 36% 2044 37390 6146 55%
c B  2.42 22 189 13 17 4712 2 47336 8284 2.5 117 46 1 5 36% 2044 37390 6146 55%
c -  2.64 22 182 13 18 4714 2 49600 7431 2.6 129 49 1 5 39% 2045 37390 6146 55%
c ]  2.65 22 181 14 18 4714 2 49694 7522 2.6 129 50 1 5 39% 2045 37390 6146 55%
c {  2.65 22 143 14 18 4714 23 49694 7522 2.1 28 13 1 5 21% 2045 37390 6146 55%
c s  2.75 22 142 14 18 5127 22 53485 11048 2.1 28 14 1 5 20% 2049 35389 6146 55%
c e  2.77 22 142 14 18 5127 22 53485 11048 2.1 28 14 1 5 20% 1642 34779 5710 51%
c s  2.77 22 142 14 18 5127 22 53485 11048 2.1 28 14 1 5 20% 1645 34578 5710 51%
c
c seconds    switched     rate         size/glue  tier1    binary        remaining
c        MB    reductions   conflicts        size   tier2     irredundant
c          level    restarts      redundant     glue   trail        variables
c
c e  2.77 22 142 14 18 5127 22 53485 11048 2.1 28 14 1 5 20% 1633 34373 5674 51%
c ^  2.77 22 142 14 18 5127 22 53485 11048 2.1 28 14 1 5 20% 1633 34373 5674 51%
c -  2.78 22 141 14 19 5191 22 53843 7750 2.1 28 14 1 6 20% 1637 34373 5674 51%
c -  2.89 22 142 14 20 5677 22 58202 9284 2.1 29 14 1 5 21% 1656 34373 5674 51%
c c  2.92 22 141 14 20 5777 21 60462 11309 2.1 28 14 1 5 21% 1665 34329 5670 51%
c d  2.92 22 141 14 20 5777 21 60462 11288 2.1 28 14 1 5 21% 1657 34329 5670 51%
c u  2.93 22 141 14 20 5777 21 60462 10454 2.1 28 14 1 5 21% 1658 34329 5670 51%
c v  2.94 22 141 14 20 5777 21 60462 8874 2.1 28 14 1 5 21% 1662 34329 5670 51%
c w  2.96 22 141 14 20 5777 21 60462 8562 2.1 28 14 1 5 21% 1662 34329 5670 51%
c x  2.97 22 141 14 20 5777 21 60462 8549 2.1 28 14 1 5 21% 1664 34205 5670 51%
c =  3.03 22 141 14 20 5777 21 60462 8549 2.1 28 14 1 5 21% 2606 34205 5199 46%
c d  3.03 22 141 14 20 5777 21 60462 6975 2.1 28 14 1 5 21% 1659 34205 5199 46%
c t  3.04 22 141 14 20 5777 21 60462 6975 2.1 28 14 1 5 21% 1595 34205 5199 46%
c f  3.04 22 141 14 20 5777 21 60462 6975 2.1 28 14 1 5 21% 1602 34184 5201 46%
c u  3.05 22 141 14 20 5777 21 60462 6667 2.1 28 14 1 5 21% 1602 34184 5201 46%
c v  3.06 22 141 14 20 5777 21 60462 6325 2.1 28 14 1 5 21% 1602 34184 5201 46%
c w  3.07 22 141 14 20 5777 21 60462 6249 2.1 28 14 1 5 21% 1602 34184 5201 46%
c t  3.08 22 141 14 20 5777 21 60462 6249 2.1 28 14 1 5 21% 1600 34184 5201 46%
c -  3.09 22 139 14 21 5791 20 62676 6495 2.1 28 13 1 6 22% 1607 34184 5201 46%
c }  3.11 22 139 15 21 5797 20 64409 8108 2.1 28 13 1 6 22% 1614 34184 5201 46%
c
c seconds    switched    rate        size/glue   tier1    binary        remaining
c        MB    reductions  conflicts       size    tier2     irredundant
c          level    restarts    redundant      glue   trail        variables
c
c [  3.11 22 181 15 21 5797 2 64409 8108 2.6 129 50 1 5 39% 1614 34184 5201 46%
c W  3.11 22 181 15 21 5797 2 64409 8108 2.6 129 50 1 5 39% 1614 34184 5201 46%
c -  3.14 22 172 15 22 5799 2 67260 7777 2.6 113 44 1 5 38% 1624 34184 5201 46%
c -  3.20 22 164 15 23 5802 2 71950 8829 2.5 95 38 1 6 35% 1635 34184 5201 46%
c o  3.21 22 162 15 23 5803 2 72991 9796 2.5 93 37 1 6 35% 1635 34184 5201 46%
c -  3.27 22 155 15 24 5803 2 76745 9349 2.5 87 34 1 7 37% 1638 34184 5201 46%
c I  3.31 22 157 15 24 5806 2 79313 11800 2.5 84 33 1 7 37% 1643 34184 5201 46%
c -  3.37 22 152 15 25 5807 2 81643 9874 2.5 82 32 1 8 37% 1646 34184 5201 46%
c u  3.38 22 152 15 25 5807 2 82269 9779 2.5 81 32 1 8 37% 1647 34184 5201 46%
c v  3.39 22 152 15 25 5807 2 82269 8428 2.5 81 32 1 8 37% 1647 34184 5201 46%
c w  3.40 22 152 15 25 5807 2 82269 8359 2.5 81 32 1 8 37% 1647 34184 5201 46%
c f  3.40 23 152 15 25 5807 2 82269 8359 2.5 81 32 1 8 37% 1646 34180 5202 46%
c u  3.41 23 152 15 25 5807 2 82269 8267 2.5 81 32 1 8 37% 1647 34180 5202 46%
c v  3.42 23 152 15 25 5807 2 82269 7966 2.5 81 32 1 8 37% 1647 34180 5202 46%
c w  3.42 23 152 15 25 5807 2 82269 7902 2.5 81 32 1 8 37% 1647 34180 5202 46%
c x  3.43 23 152 15 25 5807 2 82269 7901 2.5 81 32 1 8 37% 1651 33640 5202 46%
c =  3.46 23 152 15 25 5807 2 82269 7901 2.5 81 32 1 8 37% 1659 33640 5198 46%
c d  3.46 23 152 15 25 5807 2 82269 7899 2.5 81 32 1 8 37% 1650 33640 5198 46%
c t  3.47 23 152 15 25 5807 2 82269 7899 2.5 81 32 1 8 37% 1647 33640 5198 46%
c -  3.53 23 151 15 26 5810 2 86643 8690 2.5 76 31 1 9 37% 1648 33640 5198 46%
c
c seconds    switched    rate        size/glue  tier1    binary        remaining
c        MB    reductions  conflicts       size   tier2     irredundant
c          level    restarts    redundant     glue   trail        variables
c
c ]  3.54 23 151 16 26 5810 2 86811 8855 2.5 76 31 1 9 37% 1648 33640 5198 46%
c {  3.54 23 139 16 26 5810 20 86811 8855 2.1 28 13 1 6 22% 1648 33640 5198 46%
c -  3.59 23 138 16 27 5859 18 91742 10499 2.1 28 13 1 6 23% 1666 33640 5198 46%
c -  3.63 23 138 16 28 5898 16 96939 12281 2.1 27 13 1 7 25% 1673 33640 5198 46%
c s  3.65 23 137 16 28 5907 16 98682 13926 2.2 27 13 1 7 25% 1675 30865 5198 46%
c e  3.67 23 137 16 28 5907 16 98682 13926 2.2 27 13 1 7 25% 1030 32356 4836 43%
c s  3.67 23 137 16 28 5907 16 98682 13926 2.2 27 13 1 7 25% 1056 31880 4836 43%
c e  3.67 23 137 16 28 5907 16 98682 13926 2.2 27 13 1 7 25% 1051 31889 4832 43%
c ^  3.67 23 137 16 28 5907 16 98682 13926 2.2 27 13 1 7 25% 1051 31889 4832 43%
c -  3.70 23 135 16 29 5941 15 102231 11232 2.2 27 12 1 7 25% 1055 31889 4832 43%
c }  3.73 23 134 17 29 5986 14 105149 13983 2.2 27 12 1 7 26% 1056 31888 4832 43%
c [  3.73 23 151 17 29 5986 2 105149 13983 2.5 76 31 1 9 37% 1056 31888 4832 43%
c B  3.73 23 151 17 29 5986 2 105149 13983 2.5 76 31 1 9 37% 1056 31888 4832 43%
c -  3.76 23 149 17 30 5988 2 107616 12531 2.5 74 30 1 9 36% 1056 31888 4832 43%
c u  3.77 23 149 17 30 5988 2 107775 11866 2.5 74 30 1 9 36% 1058 31888 4832 43%
c v  3.78 23 149 17 30 5988 2 107775 10885 2.5 74 30 1 9 36% 1058 31888 4832 43%
c w  3.79 23 149 17 30 5988 2 107775 10849 2.5 74 30 1 9 36% 1058 31888 4832 43%
c t  3.82 23 149 17 30 5988 2 107775 10849 2.5 74 30 1 9 36% 1056 31888 4832 43%
c -  3.88 23 148 17 31 5991 2 113094 11434 2.4 68 28 1 10 36% 1067 31888 4832 43%
c o  3.89 23 147 17 31 5992 2 113695 12009 2.4 68 28 1 10 36% 1067 31888 4832 43%
c
c seconds    switched    rate          size/glue  tier1     binary        remaining
c        MB    reductions  conflicts         size   tier2      irredundant
c          level    restarts      redundant     glue    trail        variables
c
c ]  4.00 23 148 18 31 5993 2 118638 16802 2.5 72 29 1 10 38% 1067 31888 4832 43%
c {  4.00 23 134 18 31 5993 14 118638 16802 2.2 27 12 1 7 26% 1067 31888 4832 43%
c -  4.00 23 135 18 32 5993 14 118661 11408 2.2 27 12 1 7 26% 1068 31886 4832 43%
c -  4.05 23 132 18 33 6035 13 124317 13046 2.2 26 12 1 7 26% 1084 31886 4832 43%
c -  4.10 23 130 18 34 6077 12 130061 14996 2.2 26 12 1 7 26% 1094 31882 4832 43%
c -  4.16 23 128 18 35 6124 11 135891 16204 2.2 26 11 1 7 27% 1106 31880 4832 43%
c u  4.18 23 128 18 35 6139 11 137181 16415 2.2 26 11 1 7 27% 1120 31880 4832 43%
c v  4.19 23 128 18 35 6139 11 137181 15991 2.2 26 11 1 7 27% 1120 31880 4832 43%
c w  4.20 23 128 18 35 6139 11 137181 15966 2.2 26 11 1 7 27% 1120 31880 4832 43%
c x  4.20 23 128 18 35 6139 11 137181 15940 2.2 26 11 1 7 27% 1122 31761 4832 43%
c t  4.21 23 128 18 35 6139 11 137181 15940 2.2 26 11 1 7 27% 1118 31761 4832 43%
c }  4.24 23 128 19 35 6160 11 140983 19472 2.3 25 11 1 7 27% 1126 31761 4832 43%
c [  4.24 23 148 19 35 6160 2 140983 19472 2.5 72 29 1 10 38% 1126 31761 4832 43%
c W  4.25 23 148 19 35 6160 2 140983 19472 2.5 72 29 1 10 38% 1126 31761 4832 43%
c -  4.26 23 149 19 36 6160 2 141807 15949 2.4 71 29 1 11 38% 1126 31761 4832 43%
c -  4.35 23 148 19 37 6165 2 147810 15668 2.4 68 28 1 11 37% 1126 31761 4832 43%
c -  4.43 23 146 19 38 6167 2 153894 14676 2.4 67 28 1 12 38% 1126 31761 4832 43%
c ]  4.50 23 143 20 38 6170 2 158844 19272 2.4 65 27 1 12 37% 1128 31761 4832 43%
c {  4.50 23 128 20 38 6170 11 158844 19272 2.3 25 11 1 7 27% 1128 31761 4832 43%
c -  4.51 23 127 20 39 6191 11 160059 15611 2.3 25 11 1 7 28% 1128 31761 4832 43%
c
c seconds    switched     rate          size/glue  tier1    binary        remaining
c        MB    reductions   conflicts         size   tier2     irredundant
c          level    restarts       redundant     glue   trail        variables
c
c s  4.54 23 127 20 39 6240 10 163302 18661 2.3 25 11 1 7 28% 1135 31729 4832 43%
c e  4.56 23 127 20 39 6240 10 163302 18661 2.3 25 11 1 7 28% 786 35115 4418 39%
c s  4.56 23 127 20 39 6240 10 163302 18661 2.3 25 11 1 7 28% 799 34284 4418 39%
c e  4.57 23 127 20 39 6240 10 163302 18661 2.3 25 11 1 7 28% 785 34374 4408 39%
c ^  4.57 23 127 20 39 6240 10 163302 18661 2.3 25 11 1 7 28% 785 34374 4408 39%
c o  4.58 23 126 20 39 6245 10 164217 11204 2.3 25 11 1 7 28% 785 34374 4408 39%
c -  4.59 23 126 20 40 6274 10 166303 11342 2.3 25 11 1 7 28% 787 34374 4408 39%
c u  4.63 23 123 20 40 6331 10 170473 14120 2.3 25 11 1 7 27% 788 34374 4408 39%
c v  4.64 23 123 20 40 6331 10 170473 13421 2.3 25 11 1 7 27% 788 34374 4408 39%
c w  4.64 23 123 20 40 6331 10 170473 13343 2.3 25 11 1 7 27% 788 34374 4408 39%
c x  4.65 23 123 20 40 6331 10 170473 13340 2.3 25 11 1 7 27% 809 34257 4408 39%
c =  4.70 23 123 20 40 6331 10 170473 13340 2.3 25 11 1 7 27% 1013 34257 4306 38%
c d  4.70 23 123 20 40 6331 10 170473 10796 2.3 25 11 1 7 27% 809 34257 4306 38%
c t  4.70 23 123 20 40 6331 10 170473 10796 2.3 25 11 1 7 27% 802 34257 4306 38%
c u  4.72 23 123 20 40 6331 10 170473 10467 2.3 25 11 1 7 27% 803 34257 4306 38%
c v  4.73 23 123 20 40 6331 10 170473 9383 2.3 25 11 1 7 27% 804 34257 4306 38%
c w  4.73 23 123 20 40 6331 10 170473 9354 2.3 25 11 1 7 27% 804 34257 4306 38%
c x  4.74 23 123 20 40 6331 10 170473 9325 2.3 25 11 1 7 27% 810 33952 4306 38%
c -  4.81 23 123 20 41 6368 9 172630 9719 2.3 24 11 1 7 27% 811 33952 4306 38%
c -  4.86 23 123 20 42 6453 9 179033 13307 2.2 24 11 1 7 26% 813 33952 4306 38%
c
c seconds    switched    rate          size/glue  tier1   binary        remaining
c        MB    reductions  conflicts         size   tier2    irredundant
c          level    restarts      redundant     glue   trail       variables
c
c -  4.92 23 121 20 43 6573 9 185515 16075 2.2 23 10 1 7 26% 814 33952 4306 38%
c }  4.92 23 121 21 43 6574 9 185583 16129 2.2 23 10 1 7 26% 814 33952 4306 38%
c [  4.92 23 143 21 43 6574 2 185583 16129 2.4 65 27 1 12 37% 814 33952 4306 38%
c O  4.92 23 143 21 43 6574 2 185583 16129 2.4 65 27 1 12 37% 814 33952 4306 38%
c -  4.99 23 141 21 44 6579 2 192072 16286 2.3 62 27 1 12 36% 814 33952 4306 38%
c -  5.10 23 142 21 45 6581 2 198707 14738 2.3 62 27 1 13 37% 816 33952 4306 38%
c ]  5.17 23 143 22 45 6584 2 202552 18440 2.2 63 28 1 13 37% 816 33952 4306 38%
c {  5.17 23 121 22 45 6584 9 202552 18440 2.2 23 10 1 7 26% 816 33952 4306 38%
c -  5.20 23 120 22 46 6634 8 205415 15163 2.2 23 10 1 7 26% 825 33952 4306 38%
c u  5.24 23 119 22 46 6671 8 207605 16207 2.2 23 10 1 7 26% 830 33952 4306 38%
c v  5.24 23 119 22 46 6671 8 207605 15561 2.2 23 10 1 7 26% 830 33952 4306 38%
c w  5.25 23 119 22 46 6671 8 207605 15548 2.2 23 10 1 7 26% 830 33952 4306 38%
c x  5.26 23 119 22 46 6671 8 207605 15538 2.2 23 10 1 7 26% 831 33884 4306 38%
c t  5.26 23 119 22 46 6671 8 207605 15538 2.2 23 10 1 7 26% 829 33884 4306 38%
c -  5.31 23 118 22 47 6715 8 212198 16456 2.2 23 10 1 7 26% 840 33884 4306 38%
c -  5.40 23 116 22 48 6838 8 219054 18888 2.2 22 10 1 7 26% 860 33884 4306 38%
c o  5.45 23 114 22 48 6912 8 224250 23597 2.2 22 10 1 7 25% 872 33883 4306 38%
c -  5.48 23 114 22 49 6956 7 225982 20648 2.2 22 10 1 7 25% 876 33883 4306 38%
c -  5.57 24 112 22 50 7107 7 232982 22197 2.2 21 10 1 7 25% 884 33883 4306 38%
c }  5.58 24 112 23 50 7126 7 234068 23203 2.2 21 10 1 7 25% 885 33883 4306 38%
c
c seconds    switched    rate          size/glue  tier1    binary        remaining
c        MB    reductions  conflicts         size   tier2     irredundant
c          level    restarts      redundant     glue    trail       variables
c
c [  5.58 24 143 23 50 7126 2 234068 23203 2.2 63 28 1 13 37% 885 33883 4306 38%
c B  5.58 24 143 23 50 7126 2 234068 23203 2.2 63 28 1 13 37% 885 33883 4306 38%
c -  5.65 24 141 23 51 7130 2 240053 21629 2.2 60 28 1 13 36% 885 33883 4306 38%
c -  5.75 24 140 23 52 7133 2 247194 18611 2.1 60 28 2 13 35% 886 33883 4306 38%
c s  5.77 24 140 23 52 7134 2 248445 19788 2.1 60 28 2 13 35% 892 33308 4306 38%
c e  5.79 24 140 23 52 7134 2 248445 19788 2.1 60 28 2 13 35% 551 41013 3733 33%
c 2  5.79 24 140 23 52 7134 2 248445 19788 2.1 60 28 2 13 35% 550 41013 3733 33%
c s  5.80 24 140 23 52 7134 2 248445 19788 2.1 60 28 2 13 35% 552 39082 3733 33%
c e  5.81 24 140 23 52 7134 2 248445 19788 2.1 60 28 2 13 35% 546 39177 3726 33%
c !  5.81 24 140 23 52 7134 2 248445 19788 2.1 60 28 2 13 35% 546 39177 3726 33%
c u  5.82 24 140 23 52 7134 2 248764 10500 2.1 60 28 2 13 35% 547 39177 3726 33%
c v  5.84 24 140 23 52 7134 2 248764 8702 2.1 60 28 2 13 35% 549 39177 3726 33%
c w  5.84 24 140 23 52 7134 2 248764 8534 2.1 60 28 2 13 35% 549 39177 3726 33%
c f  5.92 24 140 23 52 7134 2 248764 8534 2.1 60 28 2 13 35% 574 39024 3733 33%
c u  5.93 24 140 23 52 7134 2 248764 8422 2.1 60 28 2 13 35% 574 39024 3733 33%
c v  5.94 24 140 23 52 7134 2 248764 8062 2.1 60 28 2 13 35% 574 39024 3733 33%
c w  5.95 24 140 23 52 7134 2 248764 7886 2.1 60 28 2 13 35% 574 39024 3733 33%
c x  5.96 24 140 23 52 7134 2 248764 7850 2.1 60 28 2 13 35% 575 38852 3733 33%
c f  5.97 24 140 23 52 7134 2 248764 7850 2.1 60 28 2 13 35% 582 38811 3735 33%
c -  6.06 24 140 23 53 7138 2 254406 8921 2.1 60 29 2 14 36% 582 38811 3735 33%
c
c seconds    switched    rate          size/glue  tier1    binary        remaining
c        MB    reductions  conflicts         size   tier2     irredundant
c          level    restarts      redundant     glue    trail       variables
c
c -  6.18 24 141 23 54 7140 2 261686 11093 2.0 61 30 2 14 36% 582 38811 3735 33%
c W  6.23 24 140 23 54 7140 2 265518 14771 2.0 60 30 2 14 36% 582 38811 3735 33%
c ]  6.26 24 140 24 54 7141 2 268769 17836 2.0 59 30 2 14 36% 583 38811 3735 33%
c {  6.26 24 112 24 54 7141 7 268769 17836 2.2 21 10 1 7 25% 583 38811 3735 33%
c -  6.27 24 112 24 55 7151 7 269034 12661 2.2 21 10 1 7 25% 583 38811 3735 33%
c -  6.34 24 110 24 56 7331 7 276450 16050 2.1 21 10 1 7 24% 586 38810 3735 33%
c -  6.41 24 107 24 57 7475 7 283935 18873 2.1 20 10 1 7 23% 588 38810 3735 33%
c -  6.49 24 105 24 58 7667 7 291487 20871 2.1 20 9 1 7 23% 589 38810 3735 33%
c u  6.54 24 105 24 58 7751 7 293676 22152 2.1 20 9 1 7 23% 594 38810 3735 33%
c v  6.55 24 105 24 58 7751 7 293676 21749 2.1 20 9 1 7 23% 594 38810 3735 33%
c w  6.56 24 105 24 58 7751 7 293676 21681 2.1 20 9 1 7 23% 594 38810 3735 33%
c x  6.57 24 105 24 58 7751 7 293676 21671 2.1 20 9 1 7 23% 597 38589 3735 33%
c t  6.57 24 105 24 58 7751 7 293676 21671 2.1 20 9 1 7 23% 596 38589 3735 33%
c o  6.57 24 104 24 58 7753 7 294392 22126 2.1 20 9 1 7 23% 596 38587 3735 33%
c -  6.63 24 104 24 59 7923 7 299102 21097 2.1 20 9 1 7 23% 597 38587 3735 33%
c }  6.70 24 102 25 59 8121 7 305446 26824 2.1 19 9 1 7 22% 598 38587 3735 33%
c [  6.70 24 140 25 59 8121 2 305446 26824 2.0 59 30 2 14 36% 598 38587 3735 33%
c I  6.70 24 140 25 59 8121 2 305446 26824 2.0 59 30 2 14 36% 598 38587 3735 33%
c -  6.72 24 140 25 60 8122 2 306783 22527 2.0 59 29 2 15 35% 598 38587 3735 33%
c -  6.83 25 139 25 61 8127 2 314528 21907 2.0 58 29 2 15 35% 598 38587 3735 33%
c
c seconds    switched    rate          size/glue  tier1    binary        remaining
c        MB    reductions  conflicts         size   tier2     irredundant
c          level    restarts      redundant     glue    trail       variables
c
c -  6.92 25 139 25 62 8131 2 322338 20038 2.0 58 29 2 15 34% 598 38587 3735 33%
c -  7.02 25 137 25 63 8134 2 330212 19778 1.9 57 29 2 15 33% 598 38587 3735 33%
c -  7.13 25 134 25 64 8135 2 338149 19045 1.9 56 29 2 15 33% 599 38587 3735 33%
c ]  7.14 25 134 26 64 8136 2 339557 20384 1.9 56 29 2 15 34% 599 38587 3735 33%
c {  7.14 25 102 26 64 8136 7 339557 20384 2.1 19 9 1 7 22% 599 38587 3735 33%
c u  7.20 25 101 26 64 8311 7 342746 22314 2.1 19 9 1 7 22% 600 38587 3735 33%
c v  7.21 25 101 26 64 8311 7 342746 21343 2.1 19 9 1 7 22% 600 38587 3735 33%
c w  7.22 25 101 26 64 8311 7 342746 21315 2.1 19 9 1 7 22% 600 38587 3735 33%
c x  7.23 28 101 26 64 8311 7 342746 21307 2.1 19 9 1 7 22% 613 38375 3735 33%
c t  7.31 28 101 26 64 8311 7 342746 21307 2.1 19 9 1 7 22% 610 38375 3735 33%
c -  7.37 29 100 26 65 8504 7 346152 19893 2.1 19 9 1 7 22% 611 38374 3735 33%
c -  7.47 29 100 26 66 8839 7 354215 23031 2.1 19 9 1 7 22% 614 38374 3735 33%
c s  7.48 29 99 26 66 8849 7 355169 23879 2.0 19 9 1 7 22% 614 38345 3735 33%
c e  7.49 29 99 26 66 8849 7 355169 23879 2.0 19 9 1 7 22% 559 38825 3703 33%
c s  7.49 29 99 26 66 8849 7 355169 23879 2.0 19 9 1 7 22% 560 38703 3703 33%
c e  7.49 29 99 26 66 8849 7 355169 23879 2.0 19 9 1 7 22% 549 38738 3701 33%
c -  7.59 29 99 26 67 9205 7 362341 24663 2.0 19 9 1 7 22% 549 38738 3701 33%
c -  7.70 29 97 26 68 9548 7 370527 26296 2.0 18 9 1 7 21% 549 38738 3701 33%
c o  7.77 33 97 26 68 9741 7 374418 29898 2.0 18 9 1 7 21% 549 38738 3701 33%
c -  7.85 33 96 26 69 10033 7 378773 27880 2.0 18 9 1 7 21% 549 38738 3701 33%
c
c seconds   switched     rate          size/glue tier1   binary        remaining
c        MB   reductions   conflicts         size  tier2    irredundant
c         level    restarts       redundant    glue   trail       variables
c
c }  7.89 37 95 27 69 10144 7 381775 30501 2.0 18 9 1 7 21% 550 38738 3701 33%
c [  7.89 37 134 27 69 10144 2 381775 30501 1.9 56 29 2 15 34% 550 38738 3701 33%
c B  7.89 37 134 27 69 10144 2 381775 30501 1.9 56 29 2 15 34% 550 38738 3701 33%
c -  7.95 37 133 27 70 10148 2 387080 27637 1.9 55 28 2 15 33% 550 38738 3701 33%
c -  8.08 38 133 27 71 10152 2 395448 24548 1.9 56 29 2 15 34% 550 38738 3701 33%
c u  8.11 38 133 27 71 10152 2 396055 23824 2.0 56 29 2 15 34% 550 38738 3701 33%
c v  8.13 38 133 27 71 10152 2 396055 22985 2.0 56 29 2 15 34% 550 38738 3701 33%
c w  8.14 38 133 27 71 10152 2 396055 22962 2.0 56 29 2 15 34% 550 38738 3701 33%
c x  8.15 38 133 27 71 10152 2 396055 22940 2.0 56 29 2 15 34% 551 38667 3701 33%
c t  8.15 38 133 27 71 10152 2 396055 22940 2.0 56 29 2 15 34% 550 38667 3701 33%
c -  8.29 38 133 27 72 10157 2 403875 19715 1.9 57 29 2 16 35% 550 38667 3701 33%
c -  8.45 38 133 27 73 10158 2 412360 19766 1.9 58 30 2 16 35% 551 38667 3701 33%
c -  8.61 38 134 27 74 10163 2 420905 20227 1.9 59 30 2 16 35% 551 38667 3701 33%
c W  8.67 38 134 27 74 10165 2 425486 24650 1.9 59 30 2 16 35% 551 38667 3701 33%
c -  8.72 38 134 27 75 10167 2 429508 21500 1.9 58 30 2 16 35% 551 38667 3701 33%
c ]  8.76 38 134 28 75 10169 2 432196 24096 1.9 58 30 2 16 35% 551 38667 3701 33%
c {  8.76 38 95 28 75 10169 7 432196 24096 2.0 18 9 1 7 21% 551 38667 3701 33%
c -  8.84 38 95 28 76 10425 7 438169 23892 2.0 18 9 1 7 21% 552 38667 3701 33%
c -  8.96 38 94 28 77 10849 7 446886 26801 2.0 18 9 1 7 21% 554 38667 3701 33%
c u  9.07 38 93 28 77 11141 7 453617 31398 2.0 18 9 1 7 21% 554 38667 3701 33%
c
c seconds   switched     rate          size/glue tier1   binary        remaining
c        MB   reductions   conflicts         size  tier2    irredundant
c         level    restarts       redundant    glue   trail       variables
c
c v  9.09 38 93 28 77 11141 7 453617 30721 2.0 18 9 1 7 21% 554 38667 3701 33%
c w  9.10 38 93 28 77 11141 7 453617 30671 2.0 18 9 1 7 21% 554 38667 3701 33%
c -  9.14 38 92 28 78 11229 7 455661 26884 2.0 18 9 1 7 21% 554 38667 3701 33%
c -  9.27 38 91 28 79 11626 7 464493 28846 2.0 18 9 1 7 20% 556 38667 3701 33%
c o  9.28 38 91 28 79 11627 7 464669 29010 2.0 18 9 1 7 20% 556 38667 3701 33%
c -  9.41 39 91 28 80 12010 7 473381 30254 2.0 18 9 1 7 21% 557 38667 3701 33%
c }  9.50 39 90 29 80 12281 7 480334 36557 2.0 17 9 1 7 20% 558 38667 3701 33%
c [  9.50 39 134 29 80 12281 2 480334 36557 1.9 58 30 2 16 35% 558 38667 3701 33%
c O  9.50 39 134 29 80 12281 2 480334 36557 1.9 58 30 2 16 35% 558 38667 3701 33%
c -  9.52 39 133 29 81 12282 2 482325 30941 1.9 57 29 2 16 34% 558 38667 3701 33%
c s  9.57 39 133 29 81 12285 2 485778 34238 1.9 56 29 2 16 34% 559 38655 3701 33%
c e  9.57 39 133 29 81 12285 2 485778 34238 1.9 56 29 2 16 34% 551 38702 3698 33%
c s  9.57 39 133 29 81 12285 2 485778 34238 1.9 56 29 2 16 34% 551 38695 3698 33%
c -  9.66 39 132 29 82 12287 2 491327 29380 1.9 56 29 2 16 34% 551 38695 3698 33%
c ]  9.77 39 130 29 82 12293 2 500003 37588 1.9 54 28 2 16 34% 552 38695 3698 33%
c ?  9.77 39 90 29 82 12293 7 500003 37588 2.0 17 9 1 7 20% 552 38695 3698 33%
c
c ---- [ result ] ------------------------------------------------------------
c
s UNKNOWN
c
c ---- [ profiling ] ---------------------------------------------------------
c
c           7.89   80.75 %  search
c           4.05   41.47 %  stable
c           3.84   39.28 %  focused
c           1.84   18.86 %  simplify
c           1.67   17.08 %  probe
c           0.75    7.66 %  vivify
c           0.67    6.90 %  sweep
c           0.18    1.86 %  eliminate
c           0.12    1.27 %  reduce
c           0.11    1.10 %  factor
c           0.07    0.70 %  substitute
c           0.05    0.54 %  congruence
c           0.03    0.34 %  preprocess
c           0.03    0.30 %  subsume
c           0.02    0.25 %  walking
c           0.01    0.12 %  transitive
c           0.01    0.06 %  backbone
c           0.00    0.04 %  parse
c           0.00    0.01 %  lucky
c =============================================
c           9.77  100.00 %  total
c
c ---- [ statistics ] --------------------------------------------------------
c
c chronological:                         1321                0 %  conflicts
c conflicts:                           500003            51149.26 per second
c congruent:                              758                7 %  variables
c decisions:                          2583415                5.17 per conflict
c eliminated:                            5796               52 %  variables
c factored:                               124                1 %  variables
c propagations:                      73715985          7540991    per second
c reductions:                              82             6098    interval
c reordered:                               10            50000    interval
c rephased:                                18            27778    interval
c restarts:                             12293               41    interval
c strengthened:                          3723                0 %  checks
c substituted:                           1839               16 %  variables
c subsumed:                              9482                0 %  checks
c switched:                                29            17241    interval
c vivified:                             59206               13 %  checks
c walks:                                    6            83334    interval
c
c ---- [ glue usage ] --------------------------------------------------------
c
c focused glue 1   used 670084 clauses 52.13% accumulated 52.13% tier1
c focused glue 2   used 240507 clauses 18.71% accumulated 70.84%
c focused glue 3-5 used 205498 clauses 15.99% accumulated 86.82%
c focused glue 6   used  34258 clauses  2.67% accumulated 89.49%
c focused glue 7   used  26216 clauses  2.04% accumulated 91.53% tier2
c
c stable glue 2    used 326219 clauses 17.22% accumulated 60.76% tier1
c stable glue 3    used 137698 clauses  7.27% accumulated 68.02%
c stable glue 4-13 used 390350 clauses 20.60% accumulated 88.63%
c stable glue 14   used  14337 clauses  0.76% accumulated 89.39%
c stable glue 15   used  13167 clauses  0.69% accumulated 90.08% tier2
c
c ---- [ resources ] ---------------------------------------------------------
c
c maximum-resident-set-size:      41372614656 bytes      39456 MB
c process-time:                            10s               9.77 seconds
c
c ---- [ shutting down ] -----------------------------------------------------
c
c exit 0
