c ---- [ banner ] ------------------------------------------------------------
c
c Kissat SAT Solver
c 
c Copyright (c) 2021-2024 Armin Biere University of Freiburg
c Copyright (c) 2019-2021 Armin Biere Johannes Kepler University Linz
c 
c Version 4.0.4 unknown
c Apple clang version 17.0.0 (clang-1700.3.19.1) -W -Wall -O3 -DNDEBUG
c Thu Oct 16 20:09:41 UTC 2025 Darwin Tahoe-arm64.local 25.0.0 arm64
c
c ---- [ parsing ] -----------------------------------------------------------
c
c opened and reading DIMACS file:
c
c   headline_hunt/bets/cascade_aux_encoding/cnfs/aux_expose_sr61_n32_bit10_m3304caa0_fill80000000.cnf
c
c parsed 'p cnf 12816 53698' header
c closing input after reading 977741 bytes (955 KB)
c finished parsing after 0.00 seconds
c
c ---- [ options ] -----------------------------------------------------------
c
c --seed=5                         (different from default '0')
c
c ---- [ limits ] ------------------------------------------------------------
c
c conflict limit set to 500000 conflicts
c
c ---- [ solving ] -----------------------------------------------------------
c
c seconds switched rate     size/glue tier1  binary         remaining
c        MB reductions conflicts size  tier2    irredundant
c         level restarts redundant glue  trail         variables
c
c *  0.00  9 0 0 0  0 0   0   0 0.0 0 0 0 0 0% 3570 50063 12815 100%
c (  0.01  9 0 0 0  0 0   0   0 0.0 0 0 0 0 0% 3570 50063 12815 100%
c .  0.01  9 0 0 0  0 0   0   0 0.0 0 0 0 0 0% 3570 50063 12815 100%
c c  0.02 14 0 0 0  0 0   0   0 0.0 0 0 0 0 0% 5778 43296 10847 85%
c d  0.02 14 0 0 0  0 0   0   0 0.0 0 0 0 0 0% 3122 43296 10847 85%
c =  0.03 14 0 0 0  0 0   0   0 0.0 0 0 0 0 0% 3078 43296 10842 85%
c d  0.03 14 0 0 0  0 0   0   0 0.0 0 0 0 0 0% 3068 43296 10842 85%
c f  0.04 15 0 0 0  0 0   0   0 0.0 0 0 0 0 0% 3198 43034 10908 85%
c )  0.04 15 0 0 0  0 0   0   0 0.0 0 0 0 0 0% 3198 43034 10908 85%
c {  0.05 15 0 0 0  0 0   0   0 0.0 0 0 2 6 0% 3198 43034 10908 85%
c -  0.06 15 216 0 1 254 47 1003 712 1.6 5 3 2 5 10% 3322 43024 10908 85%
c }  0.06 15 216 1 1 254 47 1003 712 1.6 5 3 2 5 10% 3322 43024 10908 85%
c [  0.06 15 0 1 1 254 0 1003 712 0.0 0 0 2 6 0% 3322 43024 10908 85%
c B  0.06 15 0 1 1 254 0 1003 712 0.0 0 0 2 6 0% 3322 43024 10908 85%
c -  0.06 15 430 1 2 254 2 2005 1337 1.9 9 5 2 6 5% 3325 43024 10908 85%
c W  0.06 15 430 1 2 254 2 2005 1337 1.9 9 5 2 6 5% 3325 43024 10908 85%
c c  0.07 15 401 1 2 255 5 2555 1758 1.8 8 4 2 6 6% 3369 42899 10875 85%
c d  0.07 15 401 1 2 255 5 2555 1726 1.8 8 4 2 6 6% 3307 42899 10875 85%
c u  0.08 15 401 1 2 255 5 2555 1324 1.8 8 4 2 6 6% 3304 42899 10875 85%
c v  0.08 15 401 1 2 255 5 2555 1097 1.8 8 4 2 6 6% 3304 42899 10875 85%
c
c seconds   switched  rate       size/glue tier1  binary         remaining
c        MB  reductions conflicts     size  tier2    irredundant
c          level restarts   redundant   glue  trail         variables
c
c w  0.08 15 401 1 2 255 5 2555 1010 1.8 8 4 2 6 6% 3304 42899 10875 85%
c x  0.08 15 401 1 2 255 5 2555 1010 1.8 8 4 2 6 6% 3304 42780 10875 85%
c t  0.10 15 401 1 2 255 5 2555 1010 1.8 8 4 2 6 6% 3301 42780 10875 85%
c u  0.11 15 401 1 2 255 5 2555 958 1.8 8 4 2 6 6% 3301 42780 10875 85%
c v  0.11 15 401 1 2 255 5 2555 892 1.8 8 4 2 6 6% 3301 42780 10875 85%
c w  0.11 15 401 1 2 255 5 2555 854 1.8 8 4 2 6 6% 3301 42780 10875 85%
c -  0.12 15 300 1 3 255 6 3419 1325 1.7 8 5 2 6 6% 3346 42780 10875 85%
c I  0.12 15 253 1 3 256 6 4264 1963 1.7 9 5 2 6 7% 3366 42780 10875 85%
c ]  0.12 15 314 2 3 256 6 5005 2562 1.6 12 7 2 7 10% 3375 42780 10875 85%
c {  0.12 15 216 2 3 256 47 5005 2562 1.6 5 3 2 5 10% 3375 42780 10875 85%
c -  0.13 15 209 2 4 305 48 5151 2260 1.6 5 3 2 5 10% 3399 42775 10875 85%
c }  0.13 15 162 3 4 410 36 6008 2880 1.7 5 3 2 5 9% 3526 42762 10875 85%
c [  0.13 15 314 3 4 410 6 6008 2880 1.6 12 7 2 7 10% 3526 42762 10875 85%
c ]  0.14 15 291 4 4 410 6 6546 3371 1.8 15 8 2 7 11% 3539 42761 10875 85%
c {  0.14 15 162 4 4 410 36 6546 3371 1.7 5 3 2 5 9% 3539 42761 10875 85%
c -  0.16 15 152 4 5 626 37 7153 3315 1.8 7 4 2 4 9% 3598 42754 10875 85%
c d  0.18 16 137 4 5 857 36 7861 3899 1.8 9 5 2 4 9% 3602 42750 10853 85%
c u  0.18 16 137 4 5 857 36 7861 3111 1.8 9 5 2 4 9% 3609 42750 10853 85%
c v  0.18 16 137 4 5 857 36 7861 2872 1.8 9 5 2 4 9% 3610 42750 10853 85%
c w  0.19 16 137 4 5 857 36 7861 2852 1.8 9 5 2 4 9% 3610 42750 10853 85%
c
c seconds   switched   rate       size/glue tier1  binary         remaining
c        MB  reductions conflicts      size  tier2    irredundant
c          level restarts    redundant   glue  trail         variables
c
c x  0.19 16 137 4 5 857 36 7861 2852 1.8 9 5 2 4 9% 3646 42681 10853 85%
c d  0.20 16 137 4 5 857 36 7861 2846 1.8 9 5 2 4 9% 3640 42681 10850 85%
c t  0.20 16 137 4 5 857 36 7861 2846 1.8 9 5 2 4 9% 3631 42681 10850 85%
c f  0.21 16 137 4 5 857 36 7861 2846 1.8 9 5 2 4 9% 3646 42653 10858 85%
c c  0.22 16 137 4 5 857 36 7861 2829 1.8 9 5 2 4 9% 3669 42585 10844 85%
c d  0.22 16 137 4 5 857 36 7861 2829 1.8 9 5 2 4 9% 3641 42585 10844 85%
c u  0.22 16 137 4 5 857 36 7861 2707 1.8 9 5 2 4 9% 3647 42585 10844 85%
c v  0.22 16 137 4 5 857 36 7861 2629 1.8 9 5 2 4 9% 3648 42585 10844 85%
c w  0.23 16 137 4 5 857 36 7861 2471 1.8 9 5 2 4 9% 3648 42585 10844 85%
c d  0.23 16 137 4 5 857 36 7861 2471 1.8 9 5 2 4 9% 3646 42585 10843 85%
c t  0.23 16 137 4 5 857 36 7861 2471 1.8 9 5 2 4 9% 3644 42585 10843 85%
c f  0.23 16 137 4 5 857 36 7861 2471 1.8 9 5 2 4 9% 3652 42573 10847 85%
c }  0.27 16 127 5 5 1124 35 8898 3377 1.8 12 7 1 3 11% 3709 42570 10847 85%
c [  0.27 16 291 5 5 1124 6 8898 3377 1.8 15 8 2 7 11% 3709 42570 10847 85%
c B  0.27 16 291 5 5 1124 6 8898 3377 1.8 15 8 2 7 11% 3709 42570 10847 85%
c ]  0.36 16 276 6 5 1124 6 9243 3717 2.4 31 13 2 7 15% 3709 42570 10847 85%
c {  0.36 16 127 6 5 1124 35 9243 3717 1.8 12 7 1 3 11% 3709 42570 10847 85%
c -  0.36 16 135 6 6 1127 34 9389 3152 1.8 12 7 1 3 11% 3725 42570 10847 85%
c o  0.37 16 132 6 6 1184 31 10118 3770 1.9 13 7 1 3 11% 3773 42568 10847 85%
c -  0.43 18 119 6 7 1473 28 11838 4552 2.0 14 7 1 3 11% 3849 42565 10847 85%
c
c seconds   switched    rate        size/glue tier1    binary         remaining
c        MB  reductions   conflicts       size  tier2     irredundant
c          level  restarts     redundant    glue   trail         variables
c
c s  0.47 18 114 6 7 1662 27 12752 5394 2.1 15 7 1 3 12% 3871 42368 10847 85%
c e  0.49 19 114 6 7 1662 27 12752 5394 2.1 15 7 1 3 12% 2633 40739 7194 56%
c 2  0.49 19 114 6 7 1662 27 12752 5394 2.1 15 7 1 3 12% 2632 40739 7194 56%
c s  0.49 19 114 6 7 1662 27 12752 5394 2.1 15 7 1 3 12% 2648 40490 7194 56%
c e  0.50 19 114 6 7 1662 27 12752 5394 2.1 15 7 1 3 12% 2560 40337 7128 56%
c ^  0.50 19 114 6 7 1662 27 12752 5394 2.1 15 7 1 3 12% 2560 40337 7128 56%
c }  0.52 21 112 7 7 1758 26 13312 3554 2.1 16 8 1 3 12% 2578 40337 7128 56%
c [  0.52 21 276 7 7 1758 6 13312 3554 2.4 31 13 2 7 15% 2578 40337 7128 56%
c ]  0.67 21 246 8 7 1758 5 14197 4396 2.3 50 22 2 7 22% 2578 40337 7128 56%
c {  0.67 21 112 8 7 1758 26 14197 4396 2.1 16 8 1 3 12% 2578 40337 7128 56%
c -  0.68 21 111 8 8 1828 26 14483 3921 2.1 16 8 1 3 12% 2584 40337 7128 56%
c c  0.78 21 109 8 8 2217 26 16101 5366 2.0 20 10 1 3 13% 2610 40330 7127 56%
c d  0.78 21 109 8 8 2217 26 16101 5365 2.0 20 10 1 3 13% 2603 40330 7124 56%
c u  0.79 21 109 8 8 2217 26 16101 4948 2.0 20 10 1 3 13% 2610 40330 7124 56%
c v  0.79 21 109 8 8 2217 26 16101 4501 2.0 20 10 1 3 13% 2610 40330 7124 56%
c w  0.83 21 109 8 8 2217 26 16101 4139 2.0 20 10 1 3 13% 2610 40330 7124 56%
c t  0.83 21 109 8 8 2217 26 16101 4139 2.0 20 10 1 3 13% 2603 40330 7124 56%
c f  0.84 21 109 8 8 2217 26 16101 4139 2.0 20 10 1 3 13% 2625 40274 7136 56%
c b  0.84 21 109 8 8 2217 26 16101 4139 2.0 20 10 1 3 13% 2625 40274 7134 56%
c u  0.85 21 109 8 8 2217 26 16101 4034 2.0 20 10 1 3 13% 2627 40274 7134 56%
c
c seconds   switched    rate        size/glue  tier1    binary        remaining
c        MB  reductions   conflicts       size   tier2     irredundant
c          level  restarts     redundant     glue   trail        variables
c
c v  0.85 21 109 8 8 2217 26 16101 3926 2.0 20 10 1 3 13% 2627 40274 7134 56%
c w  0.88 21 109 8 8 2217 26 16101 3768 2.0 20 10 1 3 13% 2627 40274 7134 56%
c x  0.89 21 109 8 8 2217 26 16101 3764 2.0 20 10 1 3 13% 2721 39572 7134 56%
c =  0.96 21 109 8 8 2217 26 16101 3764 2.0 20 10 1 3 13% 2747 39546 7121 56%
c d  0.96 21 109 8 8 2217 26 16101 3756 2.0 20 10 1 3 13% 2714 39546 7121 56%
c t  0.96 21 109 8 8 2217 26 16101 3756 2.0 20 10 1 3 13% 2689 39546 7121 56%
c -  1.01 21 109 8 9 2474 26 17311 4075 2.0 21 11 1 3 14% 2698 39546 7121 56%
c o  1.14 21 109 8 9 3013 26 20121 6699 2.0 24 12 1 3 15% 2726 39546 7121 56%
c -  1.15 21 109 8 10 3050 26 20312 5737 2.0 24 12 1 3 15% 2726 39546 7121 56%
c }  1.15 21 109 9 10 3050 26 20356 5778 2.0 24 12 1 3 15% 2726 39546 7121 56%
c [  1.15 21 246 9 10 3050 5 20356 5778 2.3 50 22 2 7 22% 2726 39546 7121 56%
c W  1.16 21 246 9 10 3050 5 20356 5778 2.3 50 22 2 7 22% 2726 39546 7121 56%
c ]  1.47 22 211 10 10 3051 4 21893 7229 2.4 79 32 2 7 31% 2726 39546 7121 56%
c {  1.47 22 109 10 10 3051 26 21893 7229 2.0 24 12 1 3 15% 2726 39546 7121 56%
c -  1.57 22 108 10 11 3397 26 23474 6897 2.0 26 13 1 3 15% 2741 39546 7121 56%
c s  1.73 22 107 10 11 3859 26 25557 8880 1.9 28 15 1 3 16% 2749 39442 7121 56%
c e  1.75 22 107 10 11 3859 26 25557 8880 1.9 28 15 1 3 16% 2102 40307 6769 53%
c s  1.75 22 107 10 11 3859 26 25557 8880 1.9 28 15 1 3 16% 2181 40058 6769 53%
c e  1.75 22 107 10 11 3859 26 25557 8880 1.9 28 15 1 3 16% 2171 40072 6765 53%
c ^  1.75 22 107 10 11 3859 26 25557 8880 1.9 28 15 1 3 16% 2171 40072 6765 53%
c
c seconds    switched     rate        size/glue  tier1    binary        remaining
c        MB    reductions   conflicts       size   tier2     irredundant
c          level    restarts     redundant     glue   trail        variables
c
c -  1.82 22 107 10 12 4097 26 26790 6179 1.9 29 15 1 3 16% 2173 40072 6765 53%
c c  1.86 22 109 10 12 4244 26 27507 6840 1.9 29 15 1 3 17% 2178 40070 6764 53%
c d  1.86 22 109 10 12 4244 26 27507 6839 1.9 29 15 1 3 17% 2176 40070 6764 53%
c u  1.87 22 109 10 12 4244 26 27507 6309 1.9 29 15 1 3 17% 2178 40070 6764 53%
c v  1.87 22 109 10 12 4244 26 27507 5719 1.9 29 15 1 3 17% 2178 40070 6764 53%
c w  1.89 22 109 10 12 4244 26 27507 5222 1.9 29 15 1 3 17% 2178 40070 6764 53%
c t  1.90 22 109 10 12 4244 26 27507 5222 1.9 29 15 1 3 17% 2176 40070 6764 53%
c f  1.90 22 109 10 12 4244 26 27507 5222 1.9 29 15 1 3 17% 2255 39857 6804 53%
c u  1.91 22 109 10 12 4244 26 27507 5121 1.9 29 15 1 3 17% 2255 39857 6804 53%
c v  1.91 22 109 10 12 4244 26 27507 4969 1.9 29 15 1 3 17% 2255 39857 6804 53%
c w  1.92 22 109 10 12 4244 26 27507 4757 1.9 29 15 1 3 17% 2255 39857 6804 53%
c x  1.94 22 109 10 12 4244 26 27507 4744 1.9 29 15 1 3 17% 2281 39512 6804 53%
c =  2.05 22 109 10 12 4244 26 27507 4744 1.9 29 15 1 3 17% 2963 39477 6463 50%
c d  2.05 22 109 10 12 4244 26 27507 4595 1.9 29 15 1 3 17% 2267 39477 6463 50%
c t  2.05 22 109 10 12 4244 26 27507 4595 1.9 29 15 1 3 17% 2227 39477 6463 50%
c -  2.19 22 108 10 13 4650 25 30254 5998 2.0 31 16 1 3 17% 2235 39477 6463 50%
c }  2.20 22 108 11 13 4678 25 30521 6249 2.0 31 16 1 3 17% 2236 39477 6463 50%
c [  2.20 22 211 11 13 4678 4 30521 6249 2.4 79 32 2 7 31% 2236 39477 6463 50%
c O  2.20 22 211 11 13 4678 4 30521 6249 2.4 79 32 2 7 31% 2236 39477 6463 50%
c ]  2.72 23 172 12 13 4680 3 33719 9272 2.4 99 42 2 7 38% 2237 39477 6463 50%
c
c seconds    switched     rate        size/glue  tier1    binary        remaining
c        MB    reductions   conflicts       size   tier2     irredundant
c          level    restarts     redundant     glue   trail        variables
c
c {  2.72 23 108 12 13 4680 25 33719 9272 2.0 31 16 1 3 17% 2237 39477 6463 50%
c -  2.73 23 108 12 14 4710 25 33860 7092 2.0 31 16 1 3 17% 2238 39477 6463 50%
c -  2.92 23 113 12 15 5259 24 37602 8283 2.0 33 16 1 3 18% 2249 39477 6463 50%
c o  3.06 23 113 12 15 5665 23 40177 10760 2.0 34 17 1 3 18% 2258 39477 6463 50%
c -  3.13 23 113 12 16 5882 23 41474 9768 2.0 34 17 1 3 18% 2262 39477 6463 50%
c u  3.17 23 112 12 16 5961 23 42206 9784 2.0 34 17 1 3 18% 2270 39477 6463 50%
c v  3.18 23 112 12 16 5961 23 42206 8906 2.0 34 17 1 3 18% 2271 39477 6463 50%
c w  3.21 23 112 12 16 5961 23 42206 8075 2.0 34 17 1 3 18% 2271 39477 6463 50%
c =  3.35 23 112 12 16 5961 23 42206 8075 2.0 34 17 1 3 18% 3143 39469 6027 47%
c d  3.35 23 112 12 16 5961 23 42206 7987 2.0 34 17 1 3 18% 2262 39469 6027 47%
c t  3.35 23 112 12 16 5961 23 42206 7987 2.0 34 17 1 3 18% 2228 39469 6027 47%
c c  3.36 23 112 12 16 5961 23 42206 7987 2.0 34 17 1 3 18% 2232 39467 6025 47%
c d  3.37 23 112 12 16 5961 23 42206 7987 2.0 34 17 1 3 18% 2228 39467 6025 47%
c u  3.37 23 112 12 16 5961 23 42206 7814 2.0 34 17 1 3 18% 2225 39467 6025 47%
c v  3.38 23 112 12 16 5961 23 42206 7575 2.0 34 17 1 3 18% 2226 39467 6025 47%
c w  3.40 23 112 12 16 5961 23 42206 7150 2.0 34 17 1 3 18% 2226 39467 6025 47%
c =  3.43 23 112 12 16 5961 23 42206 7150 2.0 34 17 1 3 18% 2628 39467 5824 45%
c d  3.43 23 112 12 16 5961 23 42206 7150 2.0 34 17 1 3 18% 2226 39467 5824 45%
c t  3.43 23 112 12 16 5961 23 42206 7150 2.0 34 17 1 3 18% 2218 39467 5824 45%
c }  3.47 23 115 13 16 5972 21 45198 9899 2.0 34 17 1 3 18% 2239 39467 5824 45%
c
c seconds    switched    rate        size/glue  tier1    binary        remaining
c        MB    reductions  conflicts       size   tier2     irredundant
c          level    restarts    redundant     glue   trail        variables
c
c [  3.47 23 172 13 16 5972 3 45198 9899 2.4 99 42 2 7 38% 2239 39467 5824 45%
c B  3.47 23 172 13 16 5972 3 45198 9899 2.4 99 42 2 7 38% 2239 39467 5824 45%
c -  3.48 23 171 13 17 5972 3 45475 7667 2.4 98 41 1 5 38% 2239 39467 5824 45%
c -  3.54 23 153 13 18 5975 3 49599 8413 2.4 85 36 1 6 34% 2253 39466 5824 45%
c s  3.60 23 142 13 18 5977 3 53339 12029 2.4 78 33 1 6 33% 2259 32931 5824 45%
c e  3.62 23 142 13 18 5977 3 53339 12029 2.4 78 33 1 6 33% 1879 31893 5359 42%
c 2  3.62 23 142 13 18 5977 3 53339 12029 2.4 78 33 1 6 33% 1878 31893 5359 42%
c s  3.62 23 142 13 18 5977 3 53339 12029 2.4 78 33 1 6 33% 1883 31558 5359 42%
c e  3.62 23 142 13 18 5977 3 53339 12029 2.4 78 33 1 6 33% 1845 27644 4764 37%
c ^  3.62 23 142 13 18 5977 3 53339 12029 2.4 78 33 1 6 33% 1845 27644 4764 37%
c -  3.63 23 141 13 19 5978 3 53841 6866 2.4 77 32 1 7 32% 1848 27644 4764 37%
c W  3.69 23 138 13 19 5978 2 57421 10317 2.4 75 31 1 7 32% 1850 27644 4764 37%
c -  3.71 23 137 13 20 5979 2 58199 7988 2.4 75 31 1 8 32% 1852 27644 4764 37%
c u  3.74 23 135 13 20 5981 2 60290 9430 2.4 73 30 1 8 32% 1860 27644 4764 37%
c v  3.75 23 135 13 20 5981 2 60290 8729 2.4 73 30 1 8 32% 1860 27644 4764 37%
c w  3.75 23 135 13 20 5981 2 60290 8729 2.4 73 30 1 8 32% 1860 27644 4764 37%
c x  3.76 23 135 13 20 5981 2 60290 8714 2.4 73 30 1 8 32% 1867 27519 4764 37%
c t  3.79 24 135 13 20 5981 2 60290 8714 2.4 73 30 1 8 32% 1858 27519 4764 37%
c f  3.80 24 135 13 20 5981 2 60290 8714 2.4 73 30 1 8 32% 1868 27487 4768 37%
c b  3.80 24 135 13 20 5981 2 60290 8714 2.4 73 30 1 8 32% 1868 27487 4767 37%
c
c seconds    switched    rate        size/glue  tier1    binary        remaining
c        MB    reductions  conflicts       size   tier2     irredundant
c          level    restarts    redundant     glue   trail        variables
c
c u  3.80 24 135 13 20 5981 2 60290 8634 2.4 73 30 1 8 32% 1869 27487 4767 37%
c v  3.81 24 135 13 20 5981 2 60290 8417 2.4 73 30 1 8 32% 1870 27487 4767 37%
c w  3.82 24 135 13 20 5981 2 60290 8407 2.4 73 30 1 8 32% 1870 27487 4767 37%
c -  3.85 24 132 13 21 5982 2 62671 7840 2.4 70 29 1 8 31% 1872 27487 4767 37%
c -  3.94 24 127 13 22 5985 2 67254 8770 2.4 71 30 1 9 31% 1880 27487 4767 37%
c o  4.00 24 125 13 22 5986 2 70249 11722 2.4 73 30 1 9 31% 1883 27487 4767 37%
c -  4.04 24 124 13 23 5986 2 71949 9358 2.4 73 30 2 10 31% 1885 27487 4767 37%
c I  4.05 24 123 13 23 5986 2 72327 9733 2.4 73 30 2 10 31% 1885 27487 4767 37%
c -  4.11 24 119 13 24 5986 2 76745 10286 2.5 69 28 2 10 30% 1886 27487 4767 37%
c ]  4.14 24 117 14 24 5987 2 78623 12080 2.4 69 28 2 10 29% 1886 27487 4767 37%
c {  4.14 24 115 14 24 5987 21 78623 12080 2.0 34 17 1 3 18% 1886 27487 4767 37%
c -  4.17 24 114 14 25 6002 19 81644 11305 2.0 33 16 1 4 20% 1898 27487 4767 37%
c u  4.19 24 115 14 25 6007 19 82415 11543 2.1 33 16 1 4 20% 1901 27487 4767 37%
c v  4.20 24 115 14 25 6007 19 82415 10887 2.1 33 16 1 4 20% 1901 27487 4767 37%
c w  4.20 24 115 14 25 6007 19 82415 10863 2.1 33 16 1 4 20% 1901 27487 4767 37%
c x  4.21 24 115 14 25 6007 19 82415 10860 2.1 33 16 1 4 20% 1906 27332 4767 37%
c =  4.25 24 115 14 25 6007 19 82415 10860 2.1 33 16 1 4 20% 1910 27324 4765 37%
c d  4.25 24 115 14 25 6007 19 82415 10859 2.1 33 16 1 4 20% 1905 27324 4765 37%
c t  4.25 24 115 14 25 6007 19 82415 10859 2.1 33 16 1 4 20% 1902 27324 4765 37%
c u  4.27 24 115 14 25 6007 19 82415 10767 2.1 33 16 1 4 20% 1904 27324 4765 37%
c
c seconds    switched     rate         size/glue  tier1    binary        remaining
c        MB    reductions   conflicts        size   tier2     irredundant
c          level    restarts      redundant     glue   trail        variables
c
c v  4.27 24 115 14 25 6007 19 82415 10273 2.1 33 16 1 4 20% 1906 27324 4765 37%
c w  4.28 24 115 14 25 6007 19 82415 10241 2.1 33 16 1 4 20% 1906 27324 4765 37%
c x  4.29 24 115 14 25 6007 19 82415 10241 2.1 33 16 1 4 20% 1909 27262 4765 37%
c t  4.33 24 115 14 25 6007 19 82415 10241 2.1 33 16 1 4 20% 1908 27262 4765 37%
c -  4.38 24 113 14 26 6018 17 86646 11160 2.1 32 16 1 4 21% 1914 27262 4765 37%
c -  4.43 24 112 14 27 6040 15 91746 12525 2.1 31 15 1 4 21% 1924 27262 4765 37%
c }  4.45 24 112 15 27 6046 15 93339 14013 2.1 31 15 1 4 22% 1929 27262 4765 37%
c [  4.45 24 117 15 27 6046 2 93339 14013 2.4 69 28 2 10 29% 1929 27262 4765 37%
c B  4.45 24 117 15 27 6046 2 93339 14013 2.4 69 28 2 10 29% 1929 27262 4765 37%
c -  4.52 24 117 15 28 6048 2 96943 12982 2.4 70 29 2 10 30% 1929 27262 4765 37%
c s  4.56 24 116 15 28 6050 2 99198 15169 2.4 69 28 2 10 30% 1931 27250 4765 37%
c e  4.57 24 116 15 28 6050 2 99198 15169 2.4 69 28 2 10 30% 859 29018 4058 32%
c s  4.57 24 116 15 28 6050 2 99198 15169 2.4 69 28 2 10 30% 874 28595 4058 32%
c e  4.58 24 116 15 28 6050 2 99198 15169 2.4 69 28 2 10 30% 858 28635 4050 32%
c ^  4.58 24 116 15 28 6050 2 99198 15169 2.4 69 28 2 10 30% 858 28635 4050 32%
c -  4.61 24 115 15 29 6052 2 102234 8545 2.4 67 28 2 10 29% 859 28633 4050 32%
c ]  4.65 24 113 16 29 6052 2 105381 11500 2.4 66 27 2 10 29% 860 28633 4050 32%
c {  4.65 24 112 16 29 6052 15 105381 11500 2.1 31 15 1 4 22% 860 28633 4050 32%
c -  4.68 24 114 16 30 6057 14 107620 10942 2.1 31 15 1 4 22% 863 28632 4050 32%
c u  4.69 24 114 16 30 6061 14 108283 10713 2.1 31 15 1 4 22% 865 28632 4050 32%
c
c seconds    switched     rate         size/glue  tier1   binary        remaining
c        MB    reductions   conflicts        size   tier2    irredundant
c          level    restarts      redundant     glue   trail       variables
c
c v  4.70 24 114 16 30 6061 14 108283 9556 2.1 31 15 1 4 22% 867 28632 4050 32%
c w  4.71 24 114 16 30 6061 14 108283 9491 2.1 31 15 1 4 22% 867 28632 4050 32%
c o  4.75 24 113 16 30 6065 13 110492 11549 2.1 31 15 1 4 22% 874 28631 4050 32%
c -  4.77 24 113 16 31 6071 13 113097 11463 2.1 31 14 1 5 22% 877 28631 4050 32%
c -  4.83 24 112 16 32 6113 12 118664 13219 2.1 30 14 1 5 23% 885 28630 4050 32%
c }  4.88 24 109 17 32 6134 11 123719 17985 2.2 30 14 1 5 23% 886 28630 4050 32%
c [  4.88 24 113 17 32 6134 2 123719 17985 2.4 66 27 2 10 29% 886 28630 4050 32%
c W  4.89 24 113 17 32 6134 2 123719 17985 2.4 66 27 2 10 29% 886 28630 4050 32%
c -  4.90 24 113 17 33 6134 2 124320 14507 2.4 66 27 2 10 29% 886 28630 4050 32%
c -  4.99 24 111 17 34 6139 2 130065 14799 2.4 64 26 2 10 28% 887 28630 4050 32%
c -  5.08 24 109 17 35 6140 2 135896 13995 2.5 64 26 2 10 28% 887 28630 4050 32%
c u  5.11 24 109 17 35 6142 2 137936 15021 2.4 63 26 2 10 28% 889 28630 4050 32%
c v  5.12 24 109 17 35 6142 2 137936 14536 2.4 63 26 2 10 28% 889 28630 4050 32%
c w  5.13 24 109 17 35 6142 2 137936 14520 2.4 63 26 2 10 28% 889 28630 4050 32%
c x  5.14 24 109 17 35 6142 2 137936 14494 2.4 63 26 2 10 28% 890 28519 4050 32%
c ]  5.19 24 109 18 35 6142 2 137996 14551 2.4 63 26 2 10 28% 890 28519 4050 32%
c {  5.19 24 109 18 35 6142 11 137996 14551 2.2 30 14 1 5 23% 890 28519 4050 32%
c -  5.22 24 108 18 36 6154 10 141812 13497 2.2 29 13 1 5 23% 896 28519 4050 32%
c -  5.29 24 105 18 37 6187 9 147814 15481 2.2 28 13 1 5 23% 906 28518 4050 32%
c -  5.35 24 103 18 38 6227 9 153897 17073 2.2 28 13 1 5 22% 912 28516 4050 32%
c
c seconds    switched    rate          size/glue  tier1   binary        remaining
c        MB    reductions  conflicts         size   tier2    irredundant
c          level    restarts      redundant     glue   trail       variables
c
c -  5.41 24 100 18 39 6264 8 160063 18331 2.2 27 12 1 5 22% 921 28516 4050 32%
c }  5.41 24 100 19 39 6266 8 160343 18590 2.2 27 12 1 5 22% 921 28516 4050 32%
c [  5.41 24 109 19 39 6266 2 160343 18590 2.4 63 26 2 10 28% 921 28516 4050 32%
c O  5.41 24 109 19 39 6266 2 160343 18590 2.4 63 26 2 10 28% 921 28516 4050 32%
c s  5.47 24 107 19 39 6268 2 164361 22481 2.4 62 26 2 10 28% 930 28482 4050 32%
c e  5.49 24 107 19 39 6268 2 164361 22481 2.4 62 26 2 10 28% 548 31388 3697 29%
c s  5.49 24 107 19 39 6268 2 164361 22481 2.4 62 26 2 10 28% 556 30753 3697 29%
c e  5.49 24 107 19 39 6268 2 164361 22481 2.4 62 26 2 10 28% 545 30825 3687 29%
c ^  5.49 24 107 19 39 6268 2 164361 22481 2.4 62 26 2 10 28% 545 30825 3687 29%
c o  5.50 24 107 19 39 6268 2 164361 13754 2.4 62 26 2 10 28% 545 30825 3687 29%
c -  5.52 24 107 19 40 6270 2 166309 12213 2.4 62 26 2 10 28% 545 30825 3687 29%
c u  5.60 24 106 19 40 6272 2 171512 16191 2.4 61 25 2 10 28% 547 30824 3687 29%
c v  5.60 24 106 19 40 6272 2 171512 15616 2.4 61 25 2 10 28% 548 30824 3687 29%
c w  5.61 24 106 19 40 6272 2 171512 15605 2.4 61 25 2 10 28% 548 30824 3687 29%
c x  5.62 24 106 19 40 6272 2 171512 15585 2.4 61 25 2 10 28% 558 30570 3687 29%
c t  5.62 24 106 19 40 6272 2 171512 15585 2.4 61 25 2 10 28% 552 30570 3687 29%
c -  5.66 24 106 19 41 6272 2 172633 11389 2.4 61 25 2 11 28% 552 30570 3687 29%
c -  5.75 24 105 19 42 6277 2 179036 12428 2.4 61 26 2 11 28% 552 30569 3687 29%
c ]  5.76 24 105 20 42 6278 2 179515 12886 2.4 61 26 2 11 28% 552 30569 3687 29%
c {  5.76 24 100 20 42 6278 8 179515 12886 2.2 27 12 1 5 22% 552 30569 3687 29%
c
c seconds   switched    rate          size/glue  tier1   binary        remaining
c        MB   reductions  conflicts         size   tier2    irredundant
c         level    restarts      redundant     glue   trail       variables
c
c -  5.81 24 98 20 43 6326 8 185517 14860 2.2 26 12 1 5 21% 553 30569 3687 29%
c -  5.87 24 97 20 44 6414 7 192075 17479 2.2 25 12 1 6 21% 558 30569 3687 29%
c -  5.93 24 96 20 45 6489 7 198710 19224 2.2 25 11 1 6 21% 558 30569 3687 29%
c -  6.01 24 95 20 46 6608 7 205418 20571 2.2 24 11 1 6 21% 561 30568 3687 29%
c }  6.02 24 95 21 46 6620 7 206254 21356 2.2 24 11 1 6 21% 561 30568 3687 29%
c [  6.02 24 105 21 46 6620 2 206254 21356 2.4 61 26 2 11 28% 561 30568 3687 29%
c B  6.02 24 105 21 46 6620 2 206254 21356 2.4 61 26 2 11 28% 561 30568 3687 29%
c u  6.08 24 105 21 46 6622 2 208941 23239 2.3 61 26 2 11 28% 563 30568 3687 29%
c v  6.09 24 105 21 46 6622 2 208941 22939 2.3 61 26 2 11 28% 563 30568 3687 29%
c w  6.09 24 105 21 46 6622 2 208941 22935 2.3 61 26 2 11 28% 563 30568 3687 29%
c x  6.10 24 105 21 46 6622 2 208941 22907 2.3 61 26 2 11 28% 571 30448 3687 29%
c t  6.11 24 105 21 46 6622 2 208941 22907 2.3 61 26 2 11 28% 564 30448 3687 29%
c -  6.17 24 105 21 47 6624 2 212201 19083 2.3 61 26 2 11 28% 564 30447 3687 29%
c -  6.30 29 104 21 48 6627 2 219057 16668 2.3 63 27 2 11 28% 564 30447 3687 29%
c ]  6.38 29 104 22 48 6630 2 223541 21066 2.3 64 27 2 11 28% 564 30447 3687 29%
c {  6.38 29 95 22 48 6630 7 223541 21066 2.2 24 11 1 6 21% 564 30447 3687 29%
c o  6.39 29 95 22 48 6656 7 224415 21883 2.2 24 11 1 6 21% 566 30447 3687 29%
c -  6.41 29 94 22 49 6673 7 225985 16962 2.2 24 11 1 6 21% 566 30447 3687 29%
c -  6.50 29 93 22 50 6789 6 232985 19565 2.2 24 11 1 6 21% 572 30446 3687 29%
c -  6.59 29 91 22 51 6897 6 240056 21573 2.2 23 11 1 6 20% 578 30445 3687 29%
c
c seconds   switched    rate          size/glue  tier1   binary        remaining
c        MB   reductions  conflicts         size   tier2    irredundant
c         level    restarts      redundant     glue   trail       variables
c
c -  6.69 29 89 22 52 7011 6 247197 23263 2.1 23 11 1 6 20% 584 30443 3687 29%
c s  6.73 29 88 22 52 7055 6 250206 25940 2.1 23 11 1 6 20% 590 30349 3687 29%
c e  6.75 29 88 22 52 7055 6 250206 25940 2.1 23 11 1 6 20% 280 35645 3299 26%
c s  6.76 29 88 22 52 7055 6 250206 25940 2.1 23 11 1 6 20% 280 34398 3299 26%
c e  6.77 29 88 22 52 7055 6 250206 25940 2.1 23 11 1 6 20% 266 34561 3288 26%
c !  6.77 29 88 22 52 7055 6 250206 25940 2.1 23 11 1 6 20% 266 34561 3288 26%
c u  6.78 29 88 22 52 7058 6 250436 13056 2.1 23 11 1 6 20% 269 34561 3288 26%
c v  6.80 29 88 22 52 7058 6 250436 11816 2.1 23 11 1 6 20% 269 34561 3288 26%
c w  6.80 29 88 22 52 7058 6 250436 11694 2.1 23 11 1 6 20% 269 34561 3288 26%
c x  6.82 29 88 22 52 7058 6 250436 11619 2.1 23 11 1 6 20% 269 34064 3288 26%
c t  6.90 29 88 22 52 7058 6 250436 11619 2.1 23 11 1 6 20% 268 34064 3288 26%
c f  6.91 29 88 22 52 7058 6 250436 11619 2.1 23 11 1 6 20% 281 33981 3292 26%
c u  6.92 29 88 22 52 7058 6 250436 11360 2.1 23 11 1 6 20% 281 33981 3292 26%
c v  6.94 29 88 22 52 7058 6 250436 9994 2.1 23 11 1 6 20% 282 33981 3292 26%
c w  6.94 29 88 22 52 7058 6 250436 9896 2.1 23 11 1 6 20% 282 33981 3292 26%
c x  6.96 29 88 22 52 7058 6 250436 9852 2.1 23 11 1 6 20% 300 33449 3292 26%
c t  6.96 29 88 22 52 7058 6 250436 9852 2.1 23 11 1 6 20% 295 33449 3292 26%
c -  7.00 29 88 22 53 7097 6 254408 11542 2.1 22 10 1 6 20% 299 33448 3292 26%
c }  7.01 29 88 23 53 7107 6 255057 12136 2.1 22 10 1 6 20% 300 33448 3292 26%
c [  7.01 29 104 23 53 7107 2 255057 12136 2.3 64 27 2 11 28% 300 33448 3292 26%
c
c seconds    switched    rate          size/glue  tier1    binary        remaining
c        MB    reductions  conflicts         size   tier2     irredundant
c          level    restarts      redundant     glue    trail       variables
c
c W  7.01 29 104 23 53 7107 2 255057 12136 2.3 64 27 2 11 28% 300 33448 3292 26%
c -  7.09 29 104 23 54 7112 2 261690 14468 2.4 63 27 2 12 28% 300 33445 3292 26%
c -  7.19 29 102 23 55 7115 2 269039 14475 2.3 62 27 2 12 28% 300 33445 3292 26%
c -  7.31 29 102 23 56 7120 2 276456 14621 2.3 63 27 2 12 28% 300 33445 3292 26%
c -  7.43 29 102 23 57 7121 2 283939 14747 2.3 64 28 2 13 28% 300 33445 3292 26%
c ]  7.51 29 102 24 57 7121 2 287814 18460 2.3 65 29 2 13 28% 300 33445 3292 26%
c {  7.51 29 88 24 57 7121 6 287814 18460 2.1 22 10 1 6 20% 300 33445 3292 26%
c -  7.56 29 88 24 58 7239 6 291489 16184 2.1 22 10 1 6 20% 300 33445 3292 26%
c o  7.59 29 88 24 58 7305 6 294508 18925 2.1 22 10 1 6 20% 301 33445 3292 26%
c u  7.62 29 88 24 58 7355 6 295809 19228 2.1 22 10 1 6 20% 301 33445 3292 26%
c v  7.63 29 88 24 58 7355 6 295809 18484 2.1 22 10 1 6 20% 301 33445 3292 26%
c w  7.64 29 88 24 58 7355 6 295809 18460 2.1 22 10 1 6 20% 301 33445 3292 26%
c x  7.65 29 88 24 58 7355 6 295809 18455 2.1 22 10 1 6 20% 301 33360 3292 26%
c t  7.66 29 88 24 58 7355 6 295809 18455 2.1 22 10 1 6 20% 300 33360 3292 26%
c -  7.69 30 87 24 59 7413 6 299104 17975 2.1 22 10 1 6 20% 300 33360 3292 26%
c -  7.79 30 87 24 60 7600 5 306785 20831 2.1 21 10 1 6 19% 302 33360 3292 26%
c -  7.89 32 86 24 61 7837 5 314531 22901 2.1 21 10 1 6 19% 304 33360 3292 26%
c -  8.01 32 86 24 62 8150 6 322342 24615 2.1 21 10 1 6 19% 305 33359 3292 26%
c }  8.04 32 86 25 62 8217 6 324494 26549 2.1 21 10 1 6 19% 305 33359 3292 26%
c [  8.04 32 102 25 62 8217 2 324494 26549 2.3 65 29 2 13 28% 305 33359 3292 26%
c
c seconds    switched    rate          size/glue  tier1    binary        remaining
c        MB    reductions  conflicts         size   tier2     irredundant
c          level    restarts      redundant     glue    trail       variables
c
c I  8.04 32 102 25 62 8217 2 324494 26549 2.3 65 29 2 13 28% 305 33359 3292 26%
c -  8.12 32 101 25 63 8221 2 330216 24177 2.3 65 29 2 13 28% 305 33359 3292 26%
c -  8.24 32 101 25 64 8225 2 338154 20883 2.2 64 29 2 13 28% 305 33359 3292 26%
c u  8.36 32 100 25 64 8230 2 345376 26903 2.2 64 29 2 13 28% 305 33359 3292 26%
c v  8.38 32 100 25 64 8230 2 345376 26091 2.2 64 29 2 13 28% 305 33359 3292 26%
c w  8.39 36 100 25 64 8230 2 345376 26089 2.2 64 29 2 13 28% 305 33359 3292 26%
c x  8.41 36 100 25 64 8230 2 345376 26083 2.2 64 29 2 13 28% 306 33268 3292 26%
c -  8.42 36 100 25 65 8230 2 346157 18112 2.2 63 29 2 13 28% 306 33268 3292 26%
c -  8.56 36 99 25 66 8231 2 354220 18368 2.2 63 29 2 13 28% 306 33267 3292 26%
c s  8.64 36 98 25 66 8232 2 357846 21918 2.2 64 29 2 13 28% 307 33254 3292 26%
c e  8.65 36 98 25 66 8232 2 357846 21918 2.2 64 29 2 13 28% 244 33779 3252 25%
c s  8.65 36 98 25 66 8232 2 357846 21918 2.2 64 29 2 13 28% 244 33655 3252 25%
c e  8.65 36 98 25 66 8232 2 357846 21918 2.2 64 29 2 13 28% 244 33665 3251 25%
c ]  8.67 36 98 26 66 8233 2 359171 19942 2.2 64 29 2 13 28% 244 33665 3251 25%
c {  8.67 36 86 26 66 8233 6 359171 19942 2.1 21 10 1 6 19% 244 33665 3251 25%
c -  8.71 36 85 26 67 8325 6 362345 17871 2.1 21 10 1 6 19% 244 33665 3251 25%
c -  8.80 36 84 26 68 8655 6 370530 22108 2.1 21 10 1 6 19% 244 33665 3251 25%
c o  8.86 36 84 26 68 8838 6 374657 25894 2.1 20 10 1 6 18% 244 33665 3251 25%
c -  8.93 36 83 26 69 9076 6 378776 25045 2.1 20 10 1 6 18% 244 33665 3251 25%
c -  9.08 36 82 26 70 9569 6 387082 27101 2.1 20 10 1 6 18% 245 33665 3251 25%
c
c seconds   switched    rate          size/glue  tier1   binary        remaining
c        MB   reductions  conflicts         size   tier2    irredundant
c         level    restarts      redundant     glue   trail       variables
c
c -  9.21 36 82 26 71 9981 6 395448 28737 2.1 20 10 1 6 18% 245 33665 3251 25%
c u  9.29 36 82 26 71 10194 6 399218 30505 2.1 20 10 1 6 18% 245 33665 3251 25%
c v  9.32 36 82 26 71 10194 6 399218 29793 2.1 20 10 1 6 18% 245 33665 3251 25%
c w  9.33 36 82 26 71 10194 6 399218 29695 2.1 20 10 1 6 18% 245 33665 3251 25%
c }  9.49 36 82 27 71 10286 6 401389 31706 2.1 20 10 1 6 18% 245 33665 3251 25%
c [  9.49 36 98 27 71 10286 2 401389 31706 2.2 64 29 2 13 28% 245 33665 3251 25%
c B  9.49 36 98 27 71 10286 2 401389 31706 2.2 64 29 2 13 28% 245 33665 3251 25%
c -  9.53 36 98 27 72 10288 2 403874 27347 2.2 64 29 2 14 28% 245 33665 3251 25%
c -  9.69 37 98 27 73 10292 2 412360 25199 2.2 63 29 2 13 27% 245 33665 3251 25%
c -  9.86 37 97 27 74 10298 2 420906 22151 2.2 63 29 2 13 27% 245 33665 3251 25%
c - 10.04 37 97 27 75 10300 2 429508 21525 2.2 64 30 2 13 28% 245 33665 3251 25%
c - 10.20 37 96 27 76 10303 2 438170 21171 2.2 64 30 2 13 28% 245 33665 3251 25%
c ] 10.31 37 95 28 76 10307 2 444177 27026 2.2 65 30 2 13 28% 245 33665 3251 25%
c { 10.31 37 82 28 76 10307 6 444177 27026 2.1 20 10 1 6 18% 245 33665 3251 25%
c - 10.35 37 81 28 77 10443 6 446891 22758 2.1 20 10 1 6 18% 245 33665 3251 25%
c - 10.49 37 81 28 78 10871 6 455667 26354 2.1 20 10 1 6 18% 245 33665 3251 25%
c u 10.54 37 80 28 78 10988 6 457337 26641 2.1 20 10 1 6 18% 246 33665 3251 25%
c v 10.56 37 80 28 78 10988 6 457337 25690 2.1 20 10 1 6 18% 246 33665 3251 25%
c w 10.57 37 80 28 78 10988 6 457337 25652 2.1 20 10 1 6 18% 246 33665 3251 25%
c x 10.59 37 80 28 78 10988 6 457337 25630 2.1 20 10 1 6 18% 246 33584 3251 25%
c
c seconds   switched     rate          size/glue tier1   binary        remaining
c        MB   reductions   conflicts         size  tier2    irredundant
c         level    restarts       redundant    glue   trail       variables
c
c - 10.70 37 80 28 79 11288 6 464499 27328 2.1 19 9 1 6 18% 246 33584 3251 25%
c o 10.71 37 80 28 79 11299 6 464657 27477 2.1 19 9 1 6 18% 246 33584 3251 25%
c - 10.85 37 79 28 80 11755 6 473388 29696 2.0 19 9 1 6 18% 247 33584 3251 25%
c - 11.03 37 79 28 81 12345 6 482332 31544 2.0 19 9 1 5 17% 247 33584 3251 25%
c s 11.18 37 78 28 81 12831 6 489732 38443 2.0 19 9 1 5 17% 248 33556 3251 25%
c e 11.18 37 78 28 81 12831 6 489732 38443 2.0 19 9 1 5 17% 240 33625 3246 25%
c s 11.18 37 78 28 81 12831 6 489732 38443 2.0 19 9 1 5 17% 240 33597 3246 25%
c - 11.22 37 78 28 82 12951 6 491333 32711 2.0 19 9 1 5 17% 240 33597 3246 25%
c } 11.25 37 78 29 82 13059 6 492315 33628 2.0 19 9 1 5 17% 240 33597 3246 25%
c [ 11.25 37 95 29 82 13059 2 492315 33628 2.2 65 30 2 13 28% 240 33597 3246 25%
c W 11.25 37 95 29 82 13059 2 492315 33628 2.2 65 30 2 13 28% 240 33597 3246 25%
c ] 11.38 37 95 29 82 13064 2 500000 41080 2.2 64 30 2 13 28% 240 33597 3246 25%
c ? 11.38 37 78 29 82 13064 6 500000 41080 2.0 19 9 1 5 17% 240 33597 3246 25%
c
c ---- [ result ] ------------------------------------------------------------
c
s UNKNOWN
c
c ---- [ profiling ] ---------------------------------------------------------
c
c           9.37   82.34 %  search
c           4.71   41.38 %  focused
c           4.66   40.96 %  stable
c           1.96   17.25 %  simplify
c           1.80   15.81 %  probe
c           0.79    6.95 %  vivify
c           0.74    6.52 %  sweep
c           0.18    1.61 %  eliminate
c           0.12    1.02 %  reduce
c           0.12    1.01 %  factor
c           0.07    0.59 %  substitute
c           0.07    0.58 %  congruence
c           0.04    0.34 %  preprocess
c           0.03    0.27 %  subsume
c           0.02    0.16 %  walking
c           0.01    0.10 %  transitive
c           0.01    0.05 %  backbone
c           0.00    0.03 %  parse
c           0.00    0.03 %  lucky
c =============================================
c          11.38  100.00 %  total
c
c ---- [ statistics ] --------------------------------------------------------
c
c chronological:                         1156                0 %  conflicts
c conflicts:                           500000            43942.59 per second
c congruent:                             1761               14 %  variables
c decisions:                          2231107                4.46 per conflict
c eliminated:                            6658               52 %  variables
c factored:                               138                1 %  variables
c propagations:                      79722051          7006387    per second
c reductions:                              82             6098    interval
c reordered:                               10            50000    interval
c rephased:                                17            29412    interval
c restarts:                             13064               38    interval
c strengthened:                          3961                0 %  checks
c substituted:                           2404               19 %  variables
c subsumed:                             10168                0 %  checks
c switched:                                29            17241    interval
c vivified:                             57936               15 %  checks
c walks:                                    6            83333    interval
c
c ---- [ glue usage ] --------------------------------------------------------
c
c focused glue 1 used 946206 clauses 59.22% accumulated 59.22% tier1
c focused glue 2 used 281573 clauses 17.62% accumulated 76.84%
c focused glue 3 used 105864 clauses  6.63% accumulated 83.47%
c focused glue 4 used  62643 clauses  3.92% accumulated 87.39%
c focused glue 5 used  43117 clauses  2.70% accumulated 90.08% tier2
c
c stable glue 2    used 425662 clauses 17.96% accumulated 63.23% tier1
c stable glue 3    used 201025 clauses  8.48% accumulated 71.71%
c stable glue 4-11 used 401160 clauses 16.92% accumulated 88.63%
c stable glue 12   used  19380 clauses  0.82% accumulated 89.45%
c stable glue 13   used  16504 clauses  0.70% accumulated 90.14% tier2
c
c ---- [ resources ] ---------------------------------------------------------
c
c maximum-resident-set-size:      39762001920 bytes      37920 MB
c process-time:                            11s              11.38 seconds
c
c ---- [ shutting down ] -----------------------------------------------------
c
c exit 0
