c ---- [ banner ] ------------------------------------------------------------
c
c Kissat SAT Solver
c 
c Copyright (c) 2021-2024 Armin Biere University of Freiburg
c Copyright (c) 2019-2021 Armin Biere Johannes Kepler University Linz
c 
c Version 4.0.4 unknown
c Apple clang version 17.0.0 (clang-1700.3.19.1) -W -Wall -O3 -DNDEBUG
c Thu Oct 16 20:09:41 UTC 2025 Darwin Tahoe-arm64.local 25.0.0 arm64
c
c ---- [ parsing ] -----------------------------------------------------------
c
c opened and reading DIMACS file:
c
c   headline_hunt/bets/cascade_aux_encoding/cnfs/aux_force_sr61_n32_bit10_m3304caa0_fill80000000.cnf
c
c parsed 'p cnf 12816 53698' header
c closing input after reading 976018 bytes (953 KB)
c finished parsing after 0.00 seconds
c
c ---- [ options ] -----------------------------------------------------------
c
c --seed=5                         (different from default '0')
c
c ---- [ limits ] ------------------------------------------------------------
c
c conflict limit set to 500000 conflicts
c
c ---- [ solving ] -----------------------------------------------------------
c
c seconds switched rate     size/glue tier1  binary         remaining
c        MB reductions conflicts size  tier2    irredundant
c         level restarts redundant glue  trail         variables
c
c *  0.00  9 0 0 0  0 0   0   0 0.0 0 0 0 0 0% 3122 50063 12335 96%
c (  0.00  9 0 0 0  0 0   0   0 0.0 0 0 0 0 0% 3122 50063 12335 96%
c .  0.01  9 0 0 0  0 0   0   0 0.0 0 0 0 0 0% 4018 48143 12335 96%
c c  0.02 14 0 0 0  0 0   0   0 0.0 0 0 0 0 0% 5804 42265 10531 82%
c d  0.02 14 0 0 0  0 0   0   0 0.0 0 0 0 0 0% 3122 42265 10531 82%
c =  0.03 14 0 0 0  0 0   0   0 0.0 0 0 0 0 0% 2986 42265 10529 82%
c d  0.03 14 0 0 0  0 0   0   0 0.0 0 0 0 0 0% 2982 42265 10529 82%
c f  0.04 14 0 0 0  0 0   0   0 0.0 0 0 0 0 0% 3318 41688 10709 84%
c )  0.04 14 0 0 0  0 0   0   0 0.0 0 0 0 0 0% 3318 41688 10709 84%
c {  0.04 14 0 0 0  0 0   0   0 0.0 0 0 2 6 0% 3318 41688 10709 84%
c -  0.05 14 265 0 1 231 62 1000 789 1.5 4 3 2 5 11% 3386 41688 10709 84%
c }  0.05 14 265 1 1 231 62 1000 789 1.5 4 3 2 5 11% 3386 41688 10709 84%
c [  0.05 14 0 1 1 231 0 1000 789 0.0 0 0 2 6 0% 3386 41688 10709 84%
c B  0.05 14 159 1 1 231 5 1002 791 1.2 6 5 2 6 9% 3386 41688 10709 84%
c -  0.06 14 444 1 2 231 2 2000 1406 1.4 19 14 3 16 6% 3391 41688 10709 84%
c W  0.06 14 444 1 2 231 2 2003 1407 1.4 19 14 3 16 6% 3391 41688 10709 84%
c c  0.07 14 461 1 2 232 5 2555 1848 1.4 15 11 3 15 10% 3414 41662 10701 83%
c d  0.07 14 461 1 2 232 5 2555 1844 1.4 15 11 3 15 10% 3383 41662 10693 83%
c u  0.07 14 461 1 2 232 5 2555 1518 1.4 15 11 3 15 10% 3385 41662 10693 83%
c v  0.08 14 461 1 2 232 5 2555 1420 1.4 15 11 3 15 10% 3385 41662 10693 83%
c
c seconds   switched  rate       size/glue  tier1     binary         remaining
c        MB  reductions conflicts      size   tier2      irredundant
c          level restarts   redundant     glue    trail         variables
c
c w  0.08 14 461 1 2 232 5 2555 1260 1.4 15 11 3 15 10% 3385 41662 10693 83%
c x  0.08 14 461 1 2 232 5 2555 1260 1.4 15 11 3 15 10% 3385 41585 10693 83%
c u  0.10 14 461 1 2 232 5 2555 1238 1.4 15 11 3 15 10% 3385 41585 10693 83%
c v  0.10 14 461 1 2 232 5 2555 1218 1.4 15 11 3 15 10% 3385 41585 10693 83%
c w  0.10 14 461 1 2 232 5 2555 1145 1.4 15 11 3 15 10% 3385 41585 10693 83%
c -  0.11 14 360 1 3 232 5 3414 1663 1.5 14 9 3 14 11% 3412 41585 10693 83%
c I  0.11 14 281 1 3 233 5 4263 2234 1.5 12 8 3 14 9% 3449 41585 10693 83%
c ]  0.12 14 305 2 3 233 5 4583 2503 1.5 12 8 2 12 13% 3463 41585 10693 83%
c {  0.12 14 265 2 3 233 62 4583 2503 1.5 4 3 2 5 11% 3463 41585 10693 83%
c -  0.12 14 203 2 4 334 49 5146 2704 1.5 4 3 2 4 9% 3501 41585 10693 83%
c }  0.12 14 179 3 4 369 42 5583 3062 1.6 5 3 2 4 9% 3520 41585 10693 83%
c [  0.12 14 305 3 4 369 5 5583 3062 1.5 12 8 2 12 13% 3520 41585 10693 83%
c -  0.13 14 241 3 5 370 6 7147 3948 1.5 10 7 2 11 11% 3573 41585 10693 83%
c ]  0.14 14 235 4 5 370 6 7327 4101 1.5 11 7 2 11 11% 3578 41585 10693 83%
c {  0.14 14 179 4 5 370 42 7327 4101 1.6 5 3 2 4 9% 3578 41585 10693 83%
c c  0.15 14 159 4 5 564 40 7868 4539 1.6 5 3 2 4 9% 3670 41425 10643 83%
c d  0.15 14 159 4 5 564 40 7868 4435 1.6 5 3 2 4 9% 3544 41425 10631 83%
c u  0.16 14 159 4 5 564 40 7868 3528 1.6 5 3 2 4 9% 3548 41425 10631 83%
c v  0.16 14 159 4 5 564 40 7868 3238 1.6 5 3 2 4 9% 3548 41425 10631 83%
c w  0.16 14 159 4 5 564 40 7868 3032 1.6 5 3 2 4 9% 3548 41425 10631 83%
c
c seconds   switched   rate       size/glue tier1  binary         remaining
c        MB  reductions conflicts      size  tier2    irredundant
c          level restarts    redundant   glue  trail         variables
c
c x  0.16 14 159 4 5 564 40 7868 3032 1.6 5 3 2 4 9% 3597 41346 10631 83%
c =  0.18 14 159 4 5 564 40 7868 3032 1.6 5 3 2 4 9% 3729 41346 10565 82%
c d  0.18 14 159 4 5 564 40 7868 2934 1.6 5 3 2 4 9% 3590 41346 10565 82%
c t  0.18 15 159 4 5 564 40 7868 2934 1.6 5 3 2 4 9% 3586 41346 10565 82%
c f  0.18 15 159 4 5 564 40 7868 2934 1.6 5 3 2 4 9% 3591 41337 10569 82%
c c  0.19 15 159 4 5 564 40 7868 2922 1.6 5 3 2 4 9% 3596 41325 10566 82%
c d  0.19 15 159 4 5 564 40 7868 2922 1.6 5 3 2 4 9% 3590 41325 10566 82%
c u  0.19 15 159 4 5 564 40 7868 2789 1.6 5 3 2 4 9% 3590 41325 10566 82%
c v  0.20 15 159 4 5 564 40 7868 2694 1.6 5 3 2 4 9% 3590 41325 10566 82%
c w  0.20 15 159 4 5 564 40 7868 2596 1.6 5 3 2 4 9% 3590 41325 10566 82%
c x  0.20 15 159 4 5 564 40 7868 2596 1.6 5 3 2 4 9% 3710 41010 10566 82%
c =  0.22 15 159 4 5 564 40 7868 2596 1.6 5 3 2 4 9% 3878 41010 10482 82%
c d  0.22 15 159 4 5 564 40 7868 2431 1.6 5 3 2 4 9% 3701 41010 10482 82%
c t  0.22 15 159 4 5 564 40 7868 2431 1.6 5 3 2 4 9% 3696 41010 10482 82%
c -  0.24 15 127 4 6 1021 35 9385 3358 1.7 6 4 2 4 9% 3817 41009 10482 82%
c }  0.25 15 123 5 6 1103 34 9681 3616 1.7 6 4 2 4 9% 3822 41009 10482 82%
c [  0.25 15 235 5 6 1103 6 9681 3616 1.5 11 7 2 11 11% 3822 41009 10482 82%
c B  0.25 15 235 5 6 1103 6 9681 3616 1.5 11 7 2 11 11% 3822 41009 10482 82%
c o  0.27 15 210 5 6 1104 5 10730 4598 2.3 18 8 2 11 14% 3839 41009 10482 82%
c ]  0.29 15 200 6 6 1104 5 11277 5124 2.3 26 11 2 11 15% 3840 41009 10482 82%
c
c seconds   switched    rate        size/glue tier1  binary         remaining
c        MB  reductions   conflicts      size  tier2    irredundant
c          level  restarts     redundant   glue  trail         variables
c
c {  0.29 15 123 6 6 1104 34 11277 5124 1.7 6 4 2 4 9% 3840 41009 10482 82%
c -  0.30 15 115 6 7 1240 32 11834 4753 1.7 6 4 2 4 9% 3887 41008 10482 82%
c s  0.32 15 104 6 7 1464 30 12770 5579 1.7 7 4 2 4 9% 3934 40300 10482 82%
c e  0.35 18 104 6 7 1464 30 12770 5579 1.7 7 4 2 4 9% 2392 34844 6338 49%
c s  0.35 18 104 6 7 1464 30 12770 5579 1.7 7 4 2 4 9% 2398 34622 6338 49%
c e  0.35 18 104 6 7 1464 30 12770 5579 1.7 7 4 2 4 9% 2325 34255 6242 49%
c ^  0.35 18 104 6 7 1464 30 12770 5579 1.7 7 4 2 4 9% 2325 34255 6242 49%
c -  0.37 18 95 6 8 1776 26 14479 4134 1.7 7 4 2 4 9% 2388 34255 6242 49%
c }  0.39 18 92 7 8 1970 26 15346 4915 1.7 7 4 2 4 10% 2420 34255 6242 49%
c [  0.39 18 200 7 8 1970 5 15346 4915 2.3 26 11 2 11 15% 2420 34255 6242 49%
c W  0.39 18 200 7 8 1970 5 15346 4915 2.3 26 11 2 11 15% 2420 34255 6242 49%
c d  0.40 18 188 7 8 1970 5 16121 5637 2.4 28 12 2 11 17% 2424 34253 6241 49%
c u  0.41 18 188 7 8 1970 5 16121 4816 2.4 28 12 2 11 17% 2434 34253 6241 49%
c v  0.41 18 188 7 8 1970 5 16121 4462 2.4 28 12 2 11 17% 2434 34253 6241 49%
c w  0.42 18 188 7 8 1970 5 16121 4437 2.4 28 12 2 11 17% 2434 34253 6241 49%
c x  0.42 18 188 7 8 1970 5 16121 4437 2.4 28 12 2 11 17% 2435 34067 6241 49%
c t  0.45 18 188 7 8 1970 5 16121 4437 2.4 28 12 2 11 17% 2423 34067 6241 49%
c f  0.45 18 188 7 8 1970 5 16121 4437 2.4 28 12 2 11 17% 2438 34036 6249 49%
c u  0.46 18 188 7 8 1970 5 16121 4321 2.4 28 12 2 11 17% 2440 34036 6249 49%
c v  0.46 18 188 7 8 1970 5 16121 4256 2.4 28 12 2 11 17% 2440 34036 6249 49%
c
c seconds   switched   rate        size/glue  tier1     binary        remaining
c        MB  reductions  conflicts       size   tier2      irredundant
c          level  restarts    redundant     glue    trail        variables
c
c w  0.47 18 188 7 8 1970 5 16121 4126 2.4 28 12 2 11 17% 2440 34036 6249 49%
c x  0.47 18 188 7 8 1970 5 16121 4125 2.4 28 12 2 11 17% 2441 34010 6249 49%
c t  0.47 18 188 7 8 1970 5 16121 4125 2.4 28 12 2 11 17% 2440 34010 6249 49%
c f  0.48 18 188 7 8 1970 5 16121 4125 2.4 28 12 2 11 17% 2448 33994 6253 49%
c -  0.50 18 179 7 9 1971 4 17310 4487 2.3 29 13 2 10 17% 2456 33994 6253 49%
c -  0.54 18 160 7 10 1973 4 20312 5799 2.4 36 15 2 11 22% 2464 33994 6253 49%
c ]  0.55 18 158 8 10 1974 4 20934 6395 2.4 37 16 2 11 22% 2464 33994 6253 49%
c {  0.55 18 92 8 10 1974 26 20934 6395 1.7 7 4 2 4 10% 2464 33994 6253 49%
c o  0.55 18 92 8 10 1978 26 20948 6408 1.7 8 4 2 4 10% 2464 33994 6253 49%
c -  0.59 20 86 8 11 2560 25 23474 6727 1.8 8 5 1 4 10% 2568 33993 6253 49%
c s  0.64 20 83 8 11 3122 24 25698 8705 1.8 9 5 1 4 11% 2620 33960 6253 49%
c e  0.65 20 83 8 11 3122 24 25698 8705 1.8 9 5 1 4 11% 2006 34747 5845 46%
c 2  0.65 20 83 8 11 3122 24 25698 8705 1.8 9 5 1 4 11% 2005 34747 5845 46%
c s  0.65 20 83 8 11 3122 24 25698 8705 1.8 9 5 1 4 11% 2049 34392 5845 46%
c e  0.65 20 83 8 11 3122 24 25698 8705 1.8 9 5 1 4 11% 2041 34335 5830 45%
c ^  0.65 20 83 8 11 3122 24 25698 8705 1.8 9 5 1 4 11% 2041 34335 5830 45%
c -  0.67 20 83 8 12 3334 24 26791 5913 1.8 9 5 1 4 11% 2060 34335 5830 45%
c }  0.68 20 83 9 12 3422 24 27093 6192 1.8 9 5 1 4 11% 2064 34335 5830 45%
c [  0.68 20 158 9 12 3422 4 27093 6192 2.4 37 16 2 11 22% 2064 34335 5830 45%
c O  0.68 20 158 9 12 3422 4 27093 6192 2.4 37 16 2 11 22% 2064 34335 5830 45%
c
c seconds   switched    rate        size/glue  tier1     binary        remaining
c        MB   reductions  conflicts       size   tier2      irredundant
c          level   restarts    redundant     glue    trail        variables
c
c d  0.68 20 155 9 12 3422 4 27632 6683 2.4 37 16 2 11 22% 2056 34335 5825 45%
c u  0.69 20 155 9 12 3422 4 27632 6181 2.4 37 16 2 11 22% 2058 34335 5825 45%
c v  0.69 20 155 9 12 3422 4 27632 5430 2.4 37 16 2 11 22% 2066 34335 5825 45%
c w  0.70 20 155 9 12 3422 4 27632 5293 2.4 37 16 2 11 22% 2066 34335 5825 45%
c =  0.73 20 155 9 12 3422 4 27632 5293 2.4 37 16 2 11 22% 2116 34335 5800 45%
c d  0.73 20 155 9 12 3422 4 27632 5241 2.4 37 16 2 11 22% 2047 34335 5799 45%
c t  0.73 20 155 9 12 3422 4 27632 5241 2.4 37 16 2 11 22% 2042 34335 5799 45%
c f  0.74 20 155 9 12 3422 4 27632 5241 2.4 37 16 2 11 22% 2150 34016 5855 46%
c u  0.74 20 155 9 12 3422 4 27632 5156 2.4 37 16 2 11 22% 2152 34016 5855 46%
c v  0.74 20 155 9 12 3422 4 27632 4986 2.4 37 16 2 11 22% 2152 34016 5855 46%
c w  0.75 20 155 9 12 3422 4 27632 4913 2.4 37 16 2 11 22% 2152 34016 5855 46%
c x  0.76 20 155 9 12 3422 4 27632 4912 2.4 37 16 2 11 22% 2161 33750 5855 46%
c =  0.78 20 155 9 12 3422 4 27632 4912 2.4 37 16 2 11 22% 2523 33748 5674 44%
c d  0.78 20 155 9 12 3422 4 27632 4848 2.4 37 16 2 11 22% 2152 33748 5674 44%
c t  0.79 20 155 9 12 3422 4 27632 4848 2.4 37 16 2 11 22% 2148 33748 5674 44%
c -  0.83 20 145 9 13 3424 3 30255 5788 2.3 39 17 2 12 24% 2156 33748 5674 44%
c -  0.88 20 135 9 14 3427 3 33860 6871 2.2 41 18 2 13 24% 2160 33748 5674 44%
c B  0.93 20 130 9 14 3428 3 36854 9708 2.3 44 19 2 13 24% 2160 33748 5674 44%
c ]  0.93 20 130 10 14 3428 3 37294 10137 2.3 44 19 2 13 24% 2161 33748 5674 44%
c {  0.93 20 83 10 14 3428 24 37294 10137 1.8 9 5 1 4 11% 2161 33748 5674 44%
c
c seconds   switched     rate        size/glue tier1   binary        remaining
c        MB   reductions   conflicts      size  tier2     irredundant
c         level    restarts     redundant   glue   trail        variables
c
c -  0.94 20 83 10 15 3511 24 37601 7735 1.8 9 5 1 4 11% 2163 33748 5674 44%
c o  1.00 20 79 10 15 4260 23 40948 10857 1.8 10 6 1 4 11% 2188 33747 5674 44%
c -  1.01 21 79 10 16 4360 23 41473 9543 1.8 10 6 1 3 11% 2195 33747 5674 44%
c u  1.04 21 79 10 16 4589 22 42469 9912 1.8 10 6 1 3 11% 2207 33747 5674 44%
c v  1.05 21 79 10 16 4589 22 42469 9197 1.8 10 6 1 3 11% 2207 33747 5674 44%
c w  1.05 21 79 10 16 4589 22 42469 9151 1.8 10 6 1 3 11% 2207 33747 5674 44%
c x  1.06 21 79 10 16 4589 22 42469 9151 1.8 10 6 1 3 11% 2229 33096 5674 44%
c =  1.09 21 79 10 16 4589 22 42469 9151 1.8 10 6 1 3 11% 2233 33095 5672 44%
c d  1.09 21 79 10 16 4589 22 42469 9151 1.8 10 6 1 3 11% 2227 33095 5672 44%
c t  1.09 21 79 10 16 4589 22 42469 9151 1.8 10 6 1 3 11% 2215 33095 5672 44%
c f  1.09 21 79 10 16 4589 22 42469 9151 1.8 10 6 1 3 11% 2216 33091 5673 44%
c u  1.10 21 79 10 16 4589 22 42469 9083 1.8 10 6 1 3 11% 2216 33091 5673 44%
c v  1.10 21 79 10 16 4589 22 42469 8768 1.8 10 6 1 3 11% 2219 33091 5673 44%
c w  1.11 21 79 10 16 4589 22 42469 8694 1.8 10 6 1 3 11% 2219 33091 5673 44%
c x  1.11 21 79 10 16 4589 22 42469 8687 1.8 10 6 1 3 11% 2222 32838 5673 44%
c =  1.15 21 79 10 16 4589 22 42469 8687 1.8 10 6 1 3 11% 2592 32838 5488 43%
c d  1.15 21 79 10 16 4589 22 42469 8631 1.8 10 6 1 3 11% 2218 32838 5488 43%
c t  1.15 21 79 10 16 4589 22 42469 8631 1.8 10 6 1 3 11% 2216 32838 5488 43%
c -  1.20 21 77 10 17 5176 22 45473 9613 1.8 11 6 1 4 11% 2229 32838 5488 43%
c }  1.21 21 77 11 17 5267 22 45921 10024 1.8 11 6 1 4 11% 2230 32838 5488 43%
c
c seconds    switched    rate         size/glue  tier1     binary        remaining
c        MB    reductions  conflicts        size   tier2      irredundant
c          level    restarts     redundant     glue    trail        variables
c
c [  1.21 21 130 11 17 5267 3 45921 10024 2.3 44 19 2 13 24% 2230 32838 5488 43%
c W  1.26 21 125 11 17 5269 3 49076 13034 2.3 45 19 2 13 25% 2235 32838 5488 43%
c -  1.27 21 124 11 18 5269 3 49596 10750 2.3 44 19 2 13 25% 2235 32838 5488 43%
c s  1.34 21 120 11 18 5272 2 53738 14747 2.3 45 19 2 13 25% 2243 30527 5488 43%
c e  1.35 21 120 11 18 5272 2 53738 14747 2.3 45 19 2 13 25% 1932 31023 5321 42%
c s  1.35 21 120 11 18 5272 2 53738 14747 2.3 45 19 2 13 25% 1934 30925 5321 42%
c e  1.35 21 120 11 18 5272 2 53738 14747 2.3 45 19 2 13 25% 1931 30922 5316 41%
c ^  1.35 21 120 11 18 5272 2 53738 14747 2.3 45 19 2 13 25% 1931 30922 5316 41%
c -  1.35 21 120 11 19 5272 2 53838 8536 2.3 45 19 2 13 25% 1932 30922 5316 41%
c -  1.41 21 117 11 20 5273 2 58200 9599 2.3 46 19 2 13 25% 1936 30922 5316 41%
c u  1.46 21 116 11 20 5276 2 60754 11361 2.3 46 20 2 13 25% 1937 30921 5316 41%
c v  1.47 21 116 11 20 5276 2 60754 10824 2.3 46 20 2 13 25% 1937 30921 5316 41%
c w  1.47 21 116 11 20 5276 2 60754 10816 2.3 46 20 2 13 25% 1937 30921 5316 41%
c x  1.48 21 116 11 20 5276 2 60754 10800 2.3 46 20 2 13 25% 1938 30802 5316 41%
c =  1.51 21 116 11 20 5276 2 60754 10800 2.3 46 20 2 13 25% 1942 30802 5314 41%
c d  1.51 21 116 11 20 5276 2 60754 10800 2.3 46 20 2 13 25% 1938 30802 5314 41%
c t  1.51 21 116 11 20 5276 2 60754 10800 2.3 46 20 2 13 25% 1935 30802 5314 41%
c f  1.52 21 116 11 20 5276 2 60754 10800 2.3 46 20 2 13 25% 1938 30794 5315 41%
c u  1.52 21 116 11 20 5276 2 60754 10701 2.3 46 20 2 13 25% 1939 30794 5315 41%
c v  1.53 21 116 11 20 5276 2 60754 10273 2.3 46 20 2 13 25% 1939 30794 5315 41%
c
c seconds    switched    rate         size/glue  tier1     binary        remaining
c        MB    reductions  conflicts        size   tier2      irredundant
c          level    restarts     redundant     glue    trail        variables
c
c w  1.54 21 116 11 20 5276 2 60754 10266 2.3 46 20 2 13 25% 1939 30794 5315 41%
c x  1.54 21 116 11 20 5276 2 60754 10258 2.3 46 20 2 13 25% 1942 30690 5315 41%
c t  1.57 21 116 11 20 5276 2 60754 10258 2.3 46 20 2 13 25% 1941 30690 5315 41%
c ]  1.58 21 116 12 20 5276 2 60807 10307 2.3 46 20 2 13 25% 1941 30690 5315 41%
c {  1.58 21 77 12 20 5276 22 60807 10307 1.8 11 6 1 4 11% 1941 30690 5315 41%
c -  1.60 21 77 12 21 5565 21 62672 9652 1.8 11 6 1 4 12% 1948 30690 5315 41%
c -  1.67 21 75 12 22 6351 20 67254 12046 1.8 11 6 1 4 12% 1965 30689 5315 41%
c o  1.75 21 74 12 22 7226 20 70949 15548 1.8 12 6 1 4 12% 1968 30689 5315 41%
c -  1.78 21 74 12 23 7420 20 71944 14029 1.8 12 6 1 4 12% 1973 30689 5315 41%
c }  1.78 21 74 13 23 7492 20 72286 14348 1.8 12 6 1 4 12% 1974 30689 5315 41%
c [  1.78 21 116 13 23 7492 2 72286 14348 2.3 46 20 2 13 25% 1974 30689 5315 41%
c I  1.78 21 116 13 23 7492 2 72286 14348 2.3 46 20 2 13 25% 1974 30689 5315 41%
c -  1.85 21 112 13 24 7495 2 76740 14881 2.4 46 20 2 12 25% 1976 30689 5315 41%
c -  1.94 22 110 13 25 7498 2 81639 14032 2.3 49 21 2 12 25% 1976 30689 5315 41%
c u  1.97 22 109 13 25 7498 2 82700 13903 2.3 50 21 2 12 25% 1980 30689 5315 41%
c v  1.98 22 109 13 25 7498 2 82700 13129 2.3 50 21 2 12 25% 1980 30689 5315 41%
c w  1.99 22 109 13 25 7498 2 82700 13127 2.3 50 21 2 12 25% 1980 30689 5315 41%
c x  2.00 22 109 13 25 7498 2 82700 13124 2.3 50 21 2 12 25% 1995 30587 5315 41%
c t  2.00 22 109 13 25 7498 2 82700 13124 2.3 50 21 2 12 25% 1984 30587 5315 41%
c -  2.08 22 108 13 26 7500 2 86640 11821 2.3 52 23 2 13 26% 1986 30587 5315 41%
c
c seconds    switched    rate         size/glue  tier1     binary        remaining
c        MB    reductions  conflicts        size   tier2      irredundant
c          level    restarts     redundant     glue    trail        variables
c
c ]  2.12 22 108 14 26 7501 2 88453 13581 2.3 53 23 2 13 26% 1987 30587 5315 41%
c {  2.12 22 74 14 26 7501 20 88453 13581 1.8 12 6 1 4 12% 1987 30587 5315 41%
c -  2.19 22 73 14 27 8224 20 91739 13384 1.8 12 7 1 4 12% 1996 30587 5315 41%
c -  2.29 22 74 14 28 9182 19 96936 15951 1.8 12 7 1 3 12% 2010 30587 5315 41%
c s  2.35 22 74 14 28 9646 19 99223 18111 1.8 13 7 1 3 12% 2014 30569 5315 41%
c e  2.37 22 74 14 28 9646 19 99223 18111 1.8 13 7 1 3 12% 987 28993 4142 32%
c s  2.37 22 74 14 28 9646 19 99223 18111 1.8 13 7 1 3 12% 1003 28542 4142 32%
c e  2.37 22 74 14 28 9646 19 99223 18111 1.8 13 7 1 3 12% 979 28595 4133 32%
c ^  2.37 22 74 14 28 9646 19 99223 18111 1.8 13 7 1 3 12% 979 28595 4133 32%
c -  2.42 22 73 14 29 10017 19 102227 13317 1.8 13 7 1 3 13% 986 28595 4133 32%
c }  2.43 22 73 15 29 10137 18 103169 14190 1.8 13 7 1 3 13% 989 28595 4133 32%
c [  2.43 22 108 15 29 10137 2 103169 14190 2.3 53 23 2 13 26% 989 28595 4133 32%
c B  2.43 22 108 15 29 10137 2 103169 14190 2.3 53 23 2 13 26% 989 28595 4133 32%
c -  2.51 22 107 15 30 10140 2 107612 14931 2.3 54 24 2 13 26% 989 28595 4133 32%
c u  2.53 22 107 15 30 10140 2 108351 14327 2.3 54 24 2 13 26% 993 28595 4133 32%
c v  2.54 22 107 15 30 10140 2 108351 12951 2.3 54 24 2 13 26% 996 28595 4133 32%
c w  2.56 22 107 15 30 10140 2 108351 12807 2.3 54 24 2 13 26% 996 28595 4133 32%
c t  2.60 22 107 15 30 10140 2 108351 12807 2.3 54 24 2 13 26% 993 28595 4133 32%
c -  2.70 22 106 15 31 10143 2 113092 11990 2.2 56 25 2 13 26% 993 28595 4133 32%
c o  2.75 22 105 15 31 10145 2 116681 15494 2.2 57 25 2 13 27% 994 28594 4133 32%
c
c seconds    switched     rate          size/glue  tier1    binary        remaining
c        MB    reductions   conflicts         size   tier2     irredundant
c          level    restarts       redundant     glue    trail       variables
c
c -  2.79 22 104 15 32 10146 2 118659 12161 2.2 57 26 2 13 27% 995 28594 4133 32%
c W  2.87 22 104 15 32 10150 2 124083 17403 2.2 57 26 2 13 26% 996 28594 4133 32%
c -  2.88 22 104 15 33 10150 2 124316 13250 2.2 57 26 2 13 26% 996 28594 4133 32%
c ]  2.91 22 103 16 33 10150 2 126808 15675 2.2 56 25 2 13 26% 996 28594 4133 32%
c {  2.91 22 73 16 33 10150 18 126808 15675 1.8 13 7 1 3 13% 996 28594 4133 32%
c -  2.97 22 73 16 34 10519 18 130060 14949 1.8 13 7 1 4 13% 999 28594 4133 32%
c -  3.08 22 73 16 35 11292 17 135891 17226 1.8 13 7 1 4 13% 1006 28594 4133 32%
c u  3.14 22 73 16 35 11651 17 137999 18284 1.8 13 7 1 4 13% 1011 28594 4133 32%
c v  3.16 22 73 16 35 11651 17 137999 17625 1.8 13 7 1 4 13% 1011 28594 4133 32%
c w  3.16 22 73 16 35 11651 17 137999 17593 1.8 13 7 1 4 13% 1011 28594 4133 32%
c x  3.17 22 73 16 35 11651 17 137999 17535 1.8 13 7 1 4 13% 1017 28361 4133 32%
c t  3.17 22 73 16 35 11651 17 137999 17535 1.8 13 7 1 4 13% 1016 28361 4133 32%
c -  3.25 22 73 16 36 12053 17 141807 17744 1.8 13 7 1 4 13% 1016 28361 4133 32%
c }  3.33 22 72 17 36 12562 17 145145 20878 1.8 14 7 1 4 14% 1017 28361 4133 32%
c [  3.33 22 103 17 36 12562 2 145145 20878 2.2 56 25 2 13 26% 1017 28361 4133 32%
c -  3.38 22 102 17 37 12564 2 147808 19037 2.2 56 25 2 13 27% 1017 28361 4133 32%
c O  3.38 22 102 17 37 12564 2 148308 19520 2.2 56 25 2 13 27% 1017 28361 4133 32%
c -  3.49 22 102 17 38 12568 2 153891 18497 2.2 56 25 2 13 27% 1017 28361 4133 32%
c -  3.63 23 100 17 39 12571 2 160056 16238 2.3 59 26 2 13 27% 1017 28361 4133 32%
c s  3.74 23 99 17 39 12574 2 164371 20476 2.3 62 27 2 13 27% 1036 28313 4133 32%
c
c seconds   switched     rate          size/glue  tier1    binary        remaining
c        MB   reductions   conflicts         size   tier2     irredundant
c         level    restarts       redundant     glue    trail       variables
c
c e  3.75 23 99 17 39 12574 2 164371 20476 2.3 62 27 2 13 27% 654 31252 3764 29%
c s  3.76 23 99 17 39 12574 2 164371 20476 2.3 62 27 2 13 27% 660 30569 3764 29%
c e  3.76 23 99 17 39 12574 2 164371 20476 2.3 62 27 2 13 27% 651 30682 3749 29%
c ^  3.76 23 99 17 39 12574 2 164371 20476 2.3 62 27 2 13 27% 651 30682 3749 29%
c -  3.79 23 99 17 40 12575 2 166301 9524 2.3 62 27 2 13 27% 651 30682 3749 29%
c ]  3.85 23 99 18 40 12575 2 169732 12834 2.3 62 27 2 13 28% 651 30682 3749 29%
c {  3.85 23 72 18 40 12575 17 169732 12834 1.8 14 7 1 4 14% 651 30682 3749 29%
c o  3.86 23 73 18 40 12580 17 169756 12856 1.8 14 7 1 4 14% 652 30680 3749 29%
c u  3.88 23 72 18 40 12636 16 171576 13362 1.8 14 7 1 4 14% 657 30680 3749 29%
c v  3.89 23 72 18 40 12636 16 171576 12326 1.8 14 7 1 4 14% 657 30680 3749 29%
c w  3.91 23 72 18 40 12636 16 171576 12298 1.8 14 7 1 4 14% 657 30680 3749 29%
c x  3.92 23 72 18 40 12636 16 171576 12257 1.8 14 7 1 4 14% 686 30352 3749 29%
c t  3.92 23 72 18 40 12636 16 171576 12257 1.8 14 7 1 4 14% 679 30352 3749 29%
c -  3.95 23 72 18 41 12680 16 172626 10591 1.8 14 7 1 4 14% 682 30352 3749 29%
c -  4.02 23 72 18 42 12964 15 179031 14709 1.9 14 7 1 4 14% 697 30348 3749 29%
c -  4.12 23 71 18 43 13381 14 185512 17810 1.9 14 7 1 4 14% 705 30347 3749 29%
c -  4.25 23 71 18 44 13958 14 192069 20129 1.9 14 7 1 4 14% 714 30345 3749 29%
c }  4.25 23 71 19 44 13958 14 192078 20138 1.9 14 7 1 4 14% 714 30345 3749 29%
c [  4.25 23 99 19 44 13958 2 192078 20138 2.3 62 27 2 13 28% 714 30345 3749 29%
c B  4.25 23 99 19 44 13958 2 192078 20138 2.3 62 27 2 13 28% 714 30345 3749 29%
c
c seconds   switched     rate          size/glue  tier1    binary        remaining
c        MB   reductions   conflicts         size   tier2     irredundant
c         level    restarts       redundant     glue    trail       variables
c
c -  4.34 23 98 19 45 13963 2 198702 20312 2.3 61 27 2 13 27% 714 30345 3749 29%
c -  4.45 23 97 19 46 13965 2 205410 18240 2.3 61 27 2 13 27% 714 30345 3749 29%
c u  4.52 23 97 19 46 13968 2 209014 20461 2.3 61 27 2 13 27% 714 30345 3749 29%
c v  4.53 23 97 19 46 13968 2 209014 19470 2.3 61 27 2 13 27% 714 30345 3749 29%
c w  4.55 23 97 19 46 13968 2 209014 19467 2.3 61 27 2 13 27% 714 30345 3749 29%
c x  4.56 23 97 19 46 13968 2 209014 19426 2.3 61 27 2 13 27% 714 30140 3749 29%
c t  4.64 24 97 19 46 13968 2 209014 19426 2.3 61 27 2 13 27% 713 30140 3749 29%
c -  4.70 24 97 19 47 13970 2 212193 15694 2.3 61 27 2 13 28% 713 30140 3749 29%
c -  4.82 24 97 19 48 13972 2 219048 15914 2.3 61 27 2 13 27% 714 30140 3749 29%
c ]  4.86 24 96 20 48 13972 2 221533 18352 2.3 61 27 2 13 27% 714 30140 3749 29%
c {  4.86 24 71 20 48 13972 14 221533 18352 1.9 14 7 1 4 14% 714 30140 3749 29%
c -  4.94 24 71 20 49 14418 13 225976 18007 1.9 14 7 1 4 14% 715 30140 3749 29%
c o  4.99 24 71 20 49 14803 13 229794 21505 1.9 14 7 1 4 14% 715 30139 3749 29%
c -  5.05 24 71 20 50 15095 13 232976 21036 1.9 14 7 1 4 14% 715 30139 3749 29%
c -  5.23 24 71 20 51 16223 13 240047 23242 1.9 14 8 1 4 14% 717 30139 3749 29%
c -  5.40 24 70 20 52 17183 13 247191 24932 1.9 14 8 1 4 14% 718 30139 3749 29%
c }  5.43 24 70 21 52 17395 13 248272 25980 1.9 14 8 1 4 14% 718 30139 3749 29%
c [  5.43 24 96 21 52 17395 2 248272 25980 2.3 61 27 2 13 27% 718 30139 3749 29%
c W  5.45 24 96 21 52 17395 2 248272 25980 2.3 61 27 2 13 27% 718 30139 3749 29%
c s  5.48 24 96 21 52 17396 2 250222 27879 2.3 61 27 2 13 28% 726 30040 3749 29%
c
c seconds   switched     rate          size/glue  tier1    binary        remaining
c        MB   reductions   conflicts         size   tier2     irredundant
c         level    restarts       redundant     glue    trail       variables
c
c e  5.51 24 96 21 52 17396 2 250222 27879 2.3 61 27 2 13 28% 349 36077 3302 26%
c s  5.51 24 96 21 52 17396 2 250222 27879 2.3 61 27 2 13 28% 352 34559 3302 26%
c e  5.52 24 96 21 52 17396 2 250222 27879 2.3 61 27 2 13 28% 324 34775 3286 26%
c !  5.52 24 96 21 52 17396 2 250222 27879 2.3 61 27 2 13 28% 324 34775 3286 26%
c u  5.54 24 97 21 52 17397 2 250526 13440 2.3 61 27 2 13 28% 327 34774 3286 26%
c v  5.56 24 97 21 52 17397 2 250526 11657 2.3 61 27 2 13 28% 328 34774 3286 26%
c w  5.58 24 97 21 52 17397 2 250526 11325 2.3 61 27 2 13 28% 328 34774 3286 26%
c x  5.60 24 97 21 52 17397 2 250526 11239 2.3 61 27 2 13 28% 340 34156 3286 26%
c t  5.60 24 97 21 52 17397 2 250526 11239 2.3 61 27 2 13 28% 335 34156 3286 26%
c f  5.62 24 97 21 52 17397 2 250526 11239 2.3 61 27 2 13 28% 350 34038 3292 26%
c u  5.63 24 97 21 52 17397 2 250526 11005 2.3 61 27 2 13 28% 350 34038 3292 26%
c v  5.64 24 97 21 52 17397 2 250526 10698 2.3 61 27 2 13 28% 350 34038 3292 26%
c w  5.66 24 97 21 52 17397 2 250526 10026 2.3 61 27 2 13 28% 350 34038 3292 26%
c x  5.68 24 97 21 52 17397 2 250526 9995 2.3 61 27 2 13 28% 358 33538 3292 26%
c t  5.69 24 97 21 52 17397 2 250526 9995 2.3 61 27 2 13 28% 355 33538 3292 26%
c -  5.74 24 97 21 53 17399 2 254402 10550 2.2 61 28 2 13 28% 356 33538 3292 26%
c -  5.84 24 96 21 54 17402 2 261684 12465 2.2 60 27 2 13 27% 357 33538 3292 26%
c -  5.95 24 95 21 55 17407 2 269032 14136 2.2 60 28 2 13 27% 359 33538 3292 26%
c -  6.08 24 95 21 56 17409 2 276448 14964 2.2 60 28 2 13 27% 359 33538 3292 26%
c I  6.20 24 94 21 56 17411 2 283624 21926 2.2 60 28 2 13 27% 359 33537 3292 26%
c
c seconds   switched     rate          size/glue  tier1    binary        remaining
c        MB   reductions   conflicts         size   tier2     irredundant
c         level    restarts       redundant     glue    trail       variables
c
c -  6.20 24 94 21 57 17412 2 283933 15877 2.2 60 28 2 13 27% 359 33537 3292 26%
c -  6.31 24 94 21 58 17416 2 291485 16904 2.2 60 28 2 14 27% 360 33537 3292 26%
c u  6.41 24 94 21 58 17418 2 295884 20389 2.2 61 28 2 14 27% 360 33536 3292 26%
c v  6.42 24 94 21 58 17418 2 295884 19537 2.2 61 28 2 14 27% 360 33536 3292 26%
c w  6.44 25 94 21 58 17418 2 295884 19527 2.2 61 28 2 14 27% 360 33536 3292 26%
c x  6.45 27 94 21 58 17418 2 295884 19522 2.2 61 28 2 14 27% 366 33430 3292 26%
c ]  6.51 28 94 22 58 17420 2 299098 22653 2.2 61 28 2 14 27% 366 33430 3292 26%
c {  6.51 28 70 22 58 17420 13 299098 22653 1.9 14 8 1 4 14% 366 33430 3292 26%
c -  6.51 28 70 22 59 17420 13 299100 15047 1.9 14 8 1 4 14% 366 33430 3292 26%
c o  6.52 28 70 22 59 17436 13 299863 15732 1.9 14 8 1 4 14% 366 33430 3292 26%
c -  6.60 28 70 22 60 17733 12 306781 18419 1.9 14 8 1 4 14% 372 33429 3292 26%
c -  6.73 28 70 22 61 18246 12 314528 21650 1.9 14 8 1 4 14% 384 33428 3292 26%
c -  6.89 29 69 22 62 18928 12 322338 24243 1.9 14 8 1 4 14% 388 33428 3292 26%
c -  7.10 29 68 22 63 19835 12 330212 26506 1.9 15 8 1 4 14% 394 33427 3292 26%
c }  7.11 29 68 23 63 19868 12 330614 26887 1.9 15 8 1 4 14% 394 33427 3292 26%
c [  7.11 29 94 23 63 19868 2 330614 26887 2.2 61 28 2 14 27% 394 33427 3292 26%
c B  7.11 29 94 23 63 19868 2 330614 26887 2.2 61 28 2 14 27% 394 33427 3292 26%
c -  7.25 29 94 23 64 19873 2 338149 25597 2.2 61 28 2 14 27% 394 33427 3292 26%
c u  7.41 29 93 23 64 19877 2 345439 31365 2.2 60 28 2 14 27% 395 33427 3292 26%
c v  7.43 29 93 23 64 19877 2 345439 30147 2.2 60 28 2 14 27% 395 33427 3292 26%
c
c seconds   switched     rate          size/glue  tier1    binary        remaining
c        MB   reductions   conflicts         size   tier2     irredundant
c         level    restarts       redundant     glue    trail       variables
c
c w  7.46 30 93 23 64 19877 2 345439 30140 2.2 60 28 2 14 27% 395 33427 3292 26%
c x  7.48 30 93 23 64 19877 2 345439 30128 2.2 60 28 2 14 27% 395 33357 3292 26%
c t  7.61 30 93 23 64 19877 2 345439 30128 2.2 60 28 2 14 27% 394 33357 3292 26%
c -  7.63 30 93 23 65 19877 2 346151 19768 2.2 61 28 2 14 27% 394 33357 3292 26%
c -  7.77 30 93 23 66 19881 2 354214 19397 2.1 61 28 2 14 27% 394 33357 3292 26%
c s  7.83 30 93 23 66 19882 2 357805 22900 2.1 61 28 2 14 27% 394 33328 3292 26%
c e  7.84 30 93 23 66 19882 2 357805 22900 2.1 61 28 2 14 27% 334 33882 3250 25%
c s  7.84 30 93 23 66 19882 2 357805 22900 2.1 61 28 2 14 27% 334 33740 3250 25%
c -  7.93 30 93 23 67 19882 2 362338 17294 2.1 62 29 2 14 28% 334 33740 3250 25%
c -  8.09 35 93 23 68 19888 2 370524 17953 2.1 62 29 2 14 28% 334 33740 3250 25%
c W  8.15 38 93 23 68 19889 2 374328 21623 2.2 62 29 2 14 28% 334 33740 3250 25%
c -  8.24 39 93 23 69 19892 2 378770 19080 2.1 63 29 2 14 28% 334 33740 3250 25%
c ]  8.26 39 93 24 69 19892 2 379783 20078 2.1 63 29 2 14 28% 334 33740 3250 25%
c {  8.26 39 68 24 69 19892 12 379783 20078 1.9 15 8 1 4 14% 334 33740 3250 25%
c o  8.26 39 68 24 69 19910 12 379866 20159 1.9 15 8 1 4 14% 334 33740 3250 25%
c -  8.39 39 69 24 70 20592 11 387079 22524 1.9 15 8 1 4 14% 335 33740 3250 25%
c -  8.55 39 69 24 71 21556 11 395445 25947 1.9 15 8 1 4 14% 336 33739 3250 25%
c u  8.64 39 69 24 71 21933 11 399261 27696 1.9 15 8 1 4 14% 337 33739 3250 25%
c v  8.67 39 69 24 71 21933 11 399261 25712 1.9 15 8 1 4 14% 337 33739 3250 25%
c w  8.68 39 69 24 71 21933 11 399261 25669 1.9 15 8 1 4 14% 337 33739 3250 25%
c
c seconds   switched      rate          size/glue tier1   binary        remaining
c        MB   reductions    conflicts         size  tier2    irredundant
c         level    restarts        redundant    glue   trail       variables
c
c f  8.69 39 69 24 71 21933 11 399261 25669 1.9 15 8 1 4 14% 353 33621 3256 25%
c u  8.71 39 69 24 71 21933 11 399261 25412 1.9 15 8 1 4 14% 353 33621 3256 25%
c v  8.73 39 69 24 71 21933 11 399261 24002 1.9 15 8 1 4 14% 353 33621 3256 25%
c w  8.74 39 69 24 71 21933 11 399261 23966 1.9 15 8 1 4 14% 353 33621 3256 25%
c x  8.75 39 69 24 71 21933 11 399261 23949 1.9 15 8 1 4 14% 353 33555 3256 25%
c -  8.85 39 69 24 72 22428 11 403872 23183 1.9 15 8 1 4 14% 353 33555 3256 25%
c -  9.01 39 69 24 73 23215 11 412359 25674 1.9 15 8 1 4 14% 354 33555 3256 25%
c }  9.10 39 69 25 73 23751 11 416460 29517 1.9 15 8 1 4 14% 354 33555 3256 25%
c [  9.10 39 93 25 73 23751 2 416460 29517 2.1 63 29 2 14 28% 354 33555 3256 25%
c -  9.18 39 93 25 74 23754 2 420903 26940 2.1 62 29 2 14 28% 354 33555 3256 25%
c O  9.20 39 93 25 74 23755 2 422490 28493 2.1 62 29 2 14 28% 354 33555 3256 25%
c -  9.31 39 93 25 75 23758 1 429505 25297 2.1 61 29 2 14 28% 354 33554 3256 25%
c -  9.46 39 93 25 76 23764 1 438165 22298 2.1 61 29 2 14 28% 354 33554 3256 25%
c -  9.60 39 93 25 77 23765 1 446882 20687 2.1 61 29 2 14 28% 354 33554 3256 25%
c -  9.80 40 93 25 78 23770 1 455656 19792 2.1 63 30 2 14 28% 354 33554 3256 25%
c u  9.86 40 93 25 78 23771 1 457380 19843 2.1 63 30 2 14 28% 354 33554 3256 25%
c v  9.89 40 93 25 78 23771 1 457380 18057 2.1 63 30 2 14 28% 354 33554 3256 25%
c w  9.93 40 93 25 78 23771 1 457380 17945 2.1 63 30 2 14 28% 354 33554 3256 25%
c - 10.07 40 93 25 79 23775 1 464488 17426 2.1 64 30 2 14 28% 354 33554 3256 25%
c ] 10.19 43 93 26 79 23779 1 471421 24180 2.1 64 30 2 14 28% 354 33554 3256 25%
c
c seconds   switched      rate          size/glue tier1   binary        remaining
c        MB   reductions    conflicts         size  tier2    irredundant
c         level    restarts        redundant    glue   trail       variables
c
c { 10.19 43 69 26 79 23779 11 471421 24180 1.9 15 8 1 4 14% 354 33554 3256 25%
c o 10.19 43 69 26 79 23783 11 471443 24202 1.9 15 8 1 4 14% 354 33554 3256 25%
c - 10.23 44 69 26 80 23988 11 473379 19748 1.9 15 8 1 4 14% 354 33554 3256 25%
c - 10.41 44 69 26 81 24874 11 482323 24262 1.9 15 8 1 4 14% 354 33554 3256 25%
c s 10.56 44 69 26 81 25702 11 489645 31128 1.9 15 8 1 4 14% 354 33549 3256 25%
c - 10.61 44 69 26 82 25925 11 491324 27816 1.9 15 8 1 4 14% 355 33549 3256 25%
c } 10.82 44 70 26 82 26853 11 500001 35851 1.9 15 8 1 4 14% 357 33549 3256 25%
c ? 10.82 44 70 26 82 26853 11 500001 35851 1.9 15 8 1 4 14% 357 33549 3256 25%
c
c ---- [ result ] ------------------------------------------------------------
c
s UNKNOWN
c
c ---- [ profiling ] ---------------------------------------------------------
c
c           8.97   82.87 %  search
c           4.88   45.10 %  stable
c           4.09   37.78 %  focused
c           1.81   16.73 %  simplify
c           1.63   15.07 %  probe
c           0.87    8.00 %  vivify
c           0.51    4.72 %  sweep
c           0.19    1.73 %  eliminate
c           0.12    1.10 %  reduce
c           0.11    1.00 %  factor
c           0.07    0.63 %  substitute
c           0.06    0.56 %  congruence
c           0.04    0.34 %  preprocess
c           0.03    0.27 %  subsume
c           0.03    0.27 %  walking
c           0.01    0.10 %  transitive
c           0.01    0.05 %  backbone
c           0.00    0.04 %  parse
c           0.00    0.01 %  lucky
c =============================================
c          10.82  100.00 %  total
c
c ---- [ statistics ] --------------------------------------------------------
c
c chronological:                         1081                0 %  conflicts
c conflicts:                           500001            46193.97 per second
c congruent:                             1636               13 %  variables
c decisions:                          2987130                5.97 per conflict
c eliminated:                            6906               54 %  variables
c factored:                               266                2 %  variables
c propagations:                      66445281          6138730    per second
c reductions:                              82             6098    interval
c reordered:                               10            50000    interval
c rephased:                                18            27778    interval
c restarts:                             26853               19    interval
c strengthened:                          3811                0 %  checks
c substituted:                           1975               15 %  variables
c subsumed:                              6615                0 %  checks
c switched:                                26            19231    interval
c vivified:                             65041               15 %  checks
c walks:                                    6            83334    interval
c
c ---- [ glue usage ] --------------------------------------------------------
c
c focused glue 1 used 638160 clauses 62.97% accumulated 62.97% tier1
c focused glue 2 used 178333 clauses 17.60% accumulated 80.57%
c focused glue 3 used  65278 clauses  6.44% accumulated 87.01%
c focused glue 4 used  37884 clauses  3.74% accumulated 90.75% tier2
c
c stable glue 2    used 552615 clauses 18.12% accumulated 62.02% tier1
c stable glue 3    used 254445 clauses  8.34% accumulated 70.37%
c stable glue 4-12 used 559362 clauses 18.34% accumulated 88.71%
c stable glue 13   used  25008 clauses  0.82% accumulated 89.53%
c stable glue 14   used  19822 clauses  0.65% accumulated 90.18% tier2
c
c ---- [ resources ] ---------------------------------------------------------
c
c maximum-resident-set-size:      46707769344 bytes      44544 MB
c process-time:                            11s              10.82 seconds
c
c ---- [ shutting down ] -----------------------------------------------------
c
c exit 0
