c --- [ banner ] -------------------------------------------------------------
c 
c CaDiCaL SAT Solver
c Copyright (c) 2016-2025
c A. Biere, M. Fleury, N. Froleyks, K. Fazekas, F. Pollitt, T. Faller
c JKU Linz, University of Freiburg, TU Wien
c 
c Version 3.0.0
c Apple clang version 17.0.0 (clang-1700.6.3.2) -Wall -Wextra -O3 -DNDEBUG -DNCLOSEFROM
c Tue Dec 23 21:53:38 UTC 2025 Darwin Tahoe-arm64.local 25.2.0 arm64
c 
c --- [ limit ] --------------------------------------------------------------
c 
c setting conflict limit to 1000000 conflicts (due to '1000000')
c 
c --- [ parsing input ] ------------------------------------------------------
c 
c reading DIMACS file from 'headline_hunt/bets/cascade_aux_encoding/cnfs/aux_expose_sr60_n32_bit10_m3304caa0_fill80000000.cnf'
c opening file to read 'headline_hunt/bets/cascade_aux_encoding/cnfs/aux_expose_sr60_n32_bit10_m3304caa0_fill80000000.cnf'
c found 'p cnf 12540 52454' header
c parsed 52454 clauses in 0.01 seconds process time
c 
c --- [ options ] ------------------------------------------------------------
c 
c   --seed=5                       (different from default '0')
c 
c --- [ solving ] ------------------------------------------------------------
c 
c time measured in process time since initialization
c 
c  seconds  reduction conflicts       size tier2       variables
c         MB    restarts   redundant    glue  trail         remaining
c          level     rate       size/glu tier1  irredundant
c 
c *  0.01  0  0 0   0  0    0    0 0.0 0 0 2 6  0% 52389 12539 100%
c (  0.02  0  0 0   0  0    0    0 0.0 0 0 2 6  0% 52389 12539 100%
c .  0.02  0  0 0   0  0    0    0 0.0 0 0 2 6  0% 52389 12539 100%
c c  0.04  0  0 0   0  0    0    0 0.0 0 0 2 6  0% 49880 11899 95%
c d  0.04  0  0 0   0  0    0    0 0.0 0 0 2 6  0% 45178 10572 84%
c 2  0.04  0  0 0   0  0    0    0 0.0 0 0 2 6  0% 45124 10572 84%
c f  0.06  0  0 0   0  0    0    0 0.0 0 0 2 6  0% 45058 10638 85%
c e  0.07  0  0 0   0  0    0    0 0.0 0 0 2 6  0% 39393 6912 55%
c s  0.07  0  0 0   0  0    0    0 0.0 0 0 2 6  0% 39393 6912 55%
c s  0.08  0  0 0   0  0    0    0 0.0 0 0 2 6  0% 39393 6912 55%
c P  0.08  0  0 0   0  0    0    0 0.0 0 0 2 6  0% 39393 6912 55%
c )  0.08  0  0 0   0  0    0    0 0.0 0 0 2 6  0% 39393 6912 55%
c {  0.08  0  0 0   0  0    0    0 0.0 0 0 2 6  0% 39393 6912 55%
c -  0.09  0 966 1  36 63  301  223 1.4 5 3 2 6 17% 39393 6912 55%
c -  0.09  0 464 2  77 37  736  539 1.5 6 4 2 6 13% 39393 6912 55%
c }  0.09  0 385 2  92 31 1001  767 1.5 6 4 2 6 13% 39393 6912 55%
c [  0.09  0  0 2  92  0 1001  767 0.0 0 0 2 6  0% 39393 6912 55%
c O  0.09  0 957 2  92 958 1002  768 2.3 189 83 2 6 40% 39393 6912 55%
c ]  0.10  0 949 2  92 14 1073  837 2.0 157 80 2 6 37% 39393 6912 55%
c {  0.10  0 385 2  92 31 1073  837 1.5 6 4 2 6 13% 39393 6912 55%
c 
c  seconds   reduction conflicts       size tier2      variables
c         MB     restarts   redundant    glue  trail        remaining
c           level     rate       size/glu tier1  irredundant
c 
c -  0.11  0 324 3 126 28 1415  986 1.5 6 4 2 6 13% 39393 6912 55%
c 2  0.12  0 241 3 187 21 2230 1632 1.6 6 4 2 6 10% 39331 6912 55%
c d  0.12  0 241 3 187 21 2230 1524 1.6 6 4 2 6 10% 39219 6825 54%
c c  0.13  0 241 3 187 21 2230 1523 1.6 6 4 2 6 10% 39166 6825 54%
c d  0.13  0 241 3 187 21 2230 1457 1.6 6 4 2 6 10% 39142 6813 54%
c 2  0.13  0 241 3 187 21 2230 1456 1.6 6 4 2 6 10% 39136 6813 54%
c t  0.13  0 241 3 187 21 2230 1456 1.6 6 4 2 6 10% 39135 6813 54%
c -  0.14  0 233 4 193 21 2356 1351 1.6 6 4 2 6  8% 39135 6813 54%
c O  0.14  0 196 4 262 19 3004 1804 1.6 6 4 2 6  6% 39135 6813 54%
c -  0.15  0 189 5 359 20 3570 1984 1.6 6 4 2 6  8% 39135 6813 54%
c s  0.16  0 178 5 462 21 4126 2418 1.6 6 4 2 6  9% 39132 6813 54%
c t  0.16  0 178 5 462 21 4126 2418 1.6 6 4 2 6  9% 39129 6813 54%
c e  0.18  0 178 5 462 21 4126 2337 1.6 6 4 2 6  9% 39081 6428 51%
c s  0.18  0 178 5 462 21 4126 2210 1.6 6 4 2 6  9% 39045 6428 51%
c e  0.18  0 178 5 462 21 4126 2088 1.6 6 4 2 6  9% 38978 6418 51%
c }  0.19  0 172 5 475 20 4372 2255 1.6 6 4 2 6  8% 38977 6418 51%
c [  0.19  0 949 5 475 14 4372 2255 2.0 157 80 2 6 67% 38977 6418 51%
c d  0.20  0 286 5 475  4 4730 2456 2.4 73 31 2 6 30% 38891 6384 51%
c c  0.21  0 286 5 475  4 4730 2456 2.4 73 31 2 6 30% 38784 6384 51%
c d  0.21  0 286 5 475  4 4730 2371 2.4 73 31 2 6 30% 38746 6365 51%
c 
c  seconds   reduction conflicts       size   tier2      variables
c         MB     restarts   redundant     glue   trail        remaining
c           level     rate       size/glue  tier1  irredundant
c 
c 2  0.21  0 286 5 475  4 4730 2370 2.4 73 31 2 6 30% 38740 6365 51%
c =  0.22  0 286 5 475  4 4730 2368 2.4 73 31 2 6 30% 38711 6342 51%
c ]  0.25  0 259 5 475  4 4921 2545 2.6 112 43 2 6 34% 38711 6342 51%
c {  0.25  0 172 5 475 20 4921 2545 1.6 6 4 2 6  8% 38711 6342 51%
c -  0.25  0 170 6 497 20 5064 1888 1.6 6 4 2 3  8% 38709 6342 51%
c #  0.26  0 154 6 564 18 6006 2591 1.6 6 4 2 3  8% 38705 6342 51%
c -  0.26  0 139 7 595 17 6844 2624 1.6 6 4 2 3  7% 38705 6342 51%
c c  0.28  0 134 7 640 16 7338 2564 1.6 6 4 2 3  7% 38453 6279 50%
c d  0.28  0 134 7 640 16 7338 2445 1.6 6 4 2 3  7% 38405 6255 50%
c -  0.29  0 125 8 848 16 8913 2809 1.6 6 4 2 3  7% 38405 6255 50%
c B  0.29  0 116 8 923 15 10008 3543 1.6 6 4 2 3  6% 38405 6255 50%
c d  0.30  0 117 8 927 15 10037 2980 1.6 6 4 2 3  6% 38405 6174 49%
c c  0.31  0 117 8 927 15 10037 2978 1.6 6 4 2 3  6% 38062 6174 49%
c d  0.31  0 117 8 927 15 10037 2837 1.6 6 4 2 3  6% 37980 6133 49%
c 2  0.31  0 117 8 927 15 10037 2837 1.6 6 4 2 3  6% 37962 6133 49%
c f  0.32  0 117 8 927 15 10037 2837 1.6 6 4 2 3  6% 37714 6379 51%
c }  0.35  0 116 8 1123 16 10782 3490 1.9 10 5 2 3 18% 37714 6379 51%
c [  0.35  0 259 8 1123  4 10782 3490 2.6 112 43 2 6 37% 37714 6379 51%
c -  0.36  0 229 9 1124  3 11273 2893 2.4 74 31 2 6 30% 37714 6379 51%
c c  0.40  0 185 9 1125  3 12821 4211 2.4 56 24 2 6 32% 37692 6375 51%
c 
c  seconds   reductions   conflicts       size   tier2      variables
c         MB      restarts     redundant     glue   trail        remaining
c           level       rate        size/glue  tier1  irredundant
c 
c -  0.41  0 166 10 1125  2 13928 3589 2.3 46 20 2 6 28% 37688 6373 51%
c ]  0.44  0 163 10 1125  2 14224 3874 2.6 56 22 2 6 29% 37688 6373 51%
c {  0.44  0 116 10 1125 16 14224 3874 1.9 10 5 2 3 18% 37688 6373 51%
c s  0.46  0 115 10 1209 16 14536 3812 2.0 11 6 2 3 18% 36832 6373 51%
c t  0.46  0 115 10 1209 16 14536 3810 2.0 11 6 2 3 18% 36832 6373 51%
c e  0.47  0 115 10 1209 16 14536 3376 2.0 11 6 2 3 18% 36706 6122 49%
c s  0.47  0 115 10 1209 16 14536 3295 2.0 11 6 2 3 18% 36472 6122 49%
c W  0.51  0 114 10 1330 17 15009 3727 2.1 14 6 2 3 19% 36466 6122 49%
c 2  0.54  0 113 10 1495 17 15688 4329 2.2 16 7 2 3 18% 36466 6122 49%
c p  0.54  0 113 10 1495 17 15688 4393 2.2 16 7 2 3 18% 36466 6121 49%
c c  0.55  0 113 10 1495 17 15688 4393 2.2 16 7 2 3 18% 36460 6121 49%
c u  0.57  0 113 10 1495 17 15688 3516 2.2 16 7 2 3 18% 36458 6120 49%
c v  0.57  0 113 10 1495 17 15688 3283 2.2 16 7 2 3 18% 36458 6120 49%
c w  0.57  0 113 10 1495 17 15688 3283 2.2 16 7 2 3 18% 36458 6120 49%
c x  0.57  0 113 10 1495 17 15688 3283 2.2 16 7 2 3 18% 36453 6120 49%
c f  0.58  0 113 10 1495 17 15688 3277 2.2 16 7 2 3 18% 36408 6166 49%
c }  0.62  0 113 10 1605 18 16167 3722 2.3 19 8 2 3 19% 36408 6166 49%
c [  0.62  0 163 10 1605  2 16167 3722 2.6 56 22 2 6 29% 36408 6166 49%
c -  0.73  0 159 11 1606  2 16878 2963 2.7 76 29 2 6 32% 36408 6166 49%
c ]  0.76  0 157 11 1606  2 17152 3210 2.6 80 31 2 6 32% 36408 6166 49%
c 
c  seconds   reductions   conflicts       size  tier2      variables
c         MB      restarts     redundant     glue  trail        remaining
c           level       rate        size/glue tier1  irredundant
c 
c {  0.76  0 113 11 1606 18 17152 3210 2.3 19 8 2 3 19% 36408 6166 49%
c d  0.83  0 112 11 1939 18 18628 4516 2.4 24 10 2 3 20% 36408 6157 49%
c p  0.84  0 112 11 1939 18 18628 4881 2.4 24 10 2 3 20% 36408 6157 49%
c c  0.85  0 112 11 1939 18 18628 4881 2.4 24 10 2 3 20% 36350 6157 49%
c d  0.85  0 112 11 1939 18 18628 4866 2.4 24 10 2 3 20% 36334 6149 49%
c 2  0.85  0 112 11 1939 18 18628 4865 2.4 24 10 2 3 20% 36327 6149 49%
c t  0.85  0 112 11 1939 18 18628 4865 2.4 24 10 2 3 20% 36326 6149 49%
c f  0.86  0 112 11 1939 18 18628 4847 2.4 24 10 2 3 20% 36263 6222 50%
c -  0.94  0 112 12 2266 19 20127 4224 2.5 28 11 2 3 21% 36263 6222 50%
c }  0.94  0 112 12 2287 19 20206 4300 2.5 28 11 2 3 21% 36263 6222 50%
c [  0.94  0 157 12 2287  2 20206 4300 2.6 80 31 2 6 32% 36263 6222 50%
c I  1.09  0 155 12 2288  2 21010 5035 2.7 101 37 2 6 36% 36263 6222 50%
c d  1.13  0 154 12 2289  2 21639 5628 2.7 102 38 1 2 35% 36263 6221 50%
c p  1.13  0 154 12 2289  2 21639 5984 2.7 102 38 1 2 35% 36263 6221 50%
c c  1.14  0 154 12 2289  2 21639 5984 2.7 102 38 1 2 35% 36255 6221 50%
c u  1.15  0 154 12 2289  2 21639 5409 2.7 102 38 1 2 35% 36253 6220 50%
c v  1.16  0 154 12 2289  2 21639 5080 2.7 102 38 1 2 35% 36253 6220 50%
c w  1.17  0 154 12 2289  2 21639 5067 2.7 102 38 1 2 35% 36253 6220 50%
c f  1.17  0 154 12 2289  2 21639 4957 2.7 102 38 1 2 35% 36256 6324 50%
c ]  1.20  0 154 12 2289  2 21848 5141 2.7 104 39 1 2 35% 36256 6324 50%
c 
c  seconds   reductions   conflicts       size   tier2      variables
c         MB      restarts     redundant     glue   trail        remaining
c           level       rate        size/glue  tier1  irredundant
c 
c {  1.20  0 112 12 2289 19 21848 5141 2.5 28 11 2 3 21% 36256 6324 50%
c -  1.31  0 112 13 2730 20 23673 4481 2.6 34 13 2 3 21% 36256 6324 50%
c d  1.36  0 113 13 2882 20 24715 5459 2.6 35 14 2 3 22% 36256 6321 50%
c p  1.36  0 113 13 2882 20 24715 5738 2.6 35 14 2 3 22% 36256 6321 50%
c c  1.37  0 113 13 2882 20 24715 5738 2.6 35 14 2 3 22% 36246 6321 50%
c d  1.37  0 113 13 2882 20 24715 5734 2.6 35 14 2 3 22% 36242 6319 50%
c 2  1.38  0 113 13 2882 20 24715 5733 2.6 35 14 2 3 22% 36238 6319 50%
c =  1.39  0 113 13 2882 20 24715 5733 2.6 35 14 2 3 22% 36235 6314 50%
c t  1.39  0 113 13 2882 20 24715 5733 2.6 35 14 2 3 22% 36234 6314 50%
c f  1.40  0 113 13 2882 20 24715 5728 2.6 35 14 2 3 22% 36236 6316 50%
c }  1.46  0 113 13 3096 20 25987 6909 2.6 37 14 2 3 22% 36236 6316 50%
c [  1.46  0 154 13 3096  2 25987 6909 2.7 104 39 1 2 35% 36236 6316 50%
c ]  1.78  0 152 13 3096  2 26829 7736 2.8 131 46 1 2 41% 36236 6316 50%
c {  1.78  0 113 13 3096 20 26829 7736 2.6 37 14 2 3 22% 36236 6316 50%
c -  1.84  0 113 14 3247 20 27519 5462 2.6 40 15 2 3 23% 36236 6316 50%
c d  1.87  0 113 14 3324 20 27853 5770 2.6 41 16 2 3 23% 36232 6313 50%
c p  1.87  0 113 14 3324 20 27853 6295 2.6 41 16 2 3 23% 36232 6313 50%
c u  1.89  0 113 14 3324 20 27853 5673 2.6 41 16 2 3 23% 36232 6313 50%
c v  1.89  0 113 14 3324 20 27853 5260 2.6 41 16 2 3 23% 36232 6313 50%
c w  1.90  0 113 14 3324 20 27853 5259 2.6 41 16 2 3 23% 36232 6313 50%
c 
c  seconds   reductions   conflicts       size   tier2      variables
c         MB      restarts     redundant     glue   trail        remaining
c           level       rate        size/glue  tier1  irredundant
c 
c x  1.90  0 113 14 3324 20 27853 5259 2.6 41 16 2 3 23% 36223 6313 50%
c f  1.91  0 113 14 3324 20 27853 5199 2.6 41 16 2 3 23% 36251 6345 51%
c F  1.91  0 113 14 3356 20 28012 5348 2.6 41 16 2 3 23% 36251 6345 51%
c s  2.04  0 114 14 3613 20 29984 7068 2.7 45 17 2 3 24% 36200 6345 51%
c e  2.04  0 114 14 3613 20 29984 6614 2.7 45 17 2 3 24% 36184 6290 50%
c s  2.04  0 114 14 3613 20 29984 6598 2.7 45 17 2 3 24% 36156 6290 50%
c e  2.05  0 114 14 3613 20 29984 6581 2.7 45 17 2 3 24% 36150 6287 50%
c -  2.12  0 113 15 3740 19 31667 5366 2.7 46 17 2 3 24% 36150 6287 50%
c 2  2.12  0 113 15 3740 19 31667 5348 2.7 46 17 2 3 24% 36150 6287 50%
c d  2.12  0 113 15 3740 19 31667 5326 2.7 46 17 2 3 24% 36132 6266 50%
c p  2.12  0 113 15 3740 19 31667 5328 2.7 46 17 2 3 24% 36132 6266 50%
c 2  2.12  0 113 15 3740 19 31667 5328 2.7 46 17 2 3 24% 36131 6266 50%
c =  2.14  0 113 15 3740 19 31667 5304 2.7 46 17 2 3 24% 36130 6253 50%
c t  2.14  0 113 15 3740 19 31667 5304 2.7 46 17 2 3 24% 36129 6253 50%
c 2  2.14  0 113 15 3740 19 31667 5304 2.7 46 17 2 3 24% 36128 6253 50%
c f  2.14  0 113 15 3740 19 31667 5304 2.7 46 17 2 3 24% 36097 6270 50%
c }  2.19  0 113 15 3874 19 32643 6205 2.7 47 17 2 3 23% 36097 6270 50%
c [  2.19  0 152 15 3874  2 32643 6205 2.8 131 46 1 2 41% 36097 6270 50%
c ]  2.62  0 149 15 3875  2 34898 8320 2.7 151 55 1 2 45% 36097 6270 50%
c {  2.62  0 113 15 3875 19 34898 8320 2.7 47 17 2 3 23% 36097 6270 50%
c 
c  seconds   reductions   conflicts       size   tier2      variables
c         MB      restarts     redundant     glue   trail        remaining
c           level       rate        size/glue  tier1  irredundant
c 
c B  2.74  0 114 15 4143 19 36014 9368 2.7 50 19 2 3 24% 36097 6270 50%
c -  2.75  0 114 16 4164 19 36116 6250 2.7 51 19 2 3 24% 36097 6270 50%
c d  2.75  0 114 16 4164 19 36116 6232 2.7 51 19 2 3 24% 36097 6268 50%
c p  2.75  0 114 16 4164 19 36116 6689 2.7 51 19 2 3 24% 36097 6268 50%
c c  2.76  0 114 16 4164 19 36116 6689 2.7 51 19 2 3 24% 36084 6268 50%
c d  2.76  0 114 16 4164 19 36116 6682 2.7 51 19 2 3 24% 36078 6265 50%
c 2  2.76  0 114 16 4164 19 36116 6682 2.7 51 19 2 3 24% 36074 6265 50%
c =  2.80  0 114 16 4164 19 36116 6676 2.7 51 19 2 3 24% 36069 6255 50%
c u  2.81  0 114 16 4164 19 36116 6021 2.7 51 19 2 3 24% 36069 6255 50%
c v  2.81  0 114 16 4164 19 36116 5560 2.7 51 19 2 3 24% 36069 6255 50%
c w  2.81  0 114 16 4164 19 36116 5559 2.7 51 19 2 3 24% 36069 6255 50%
c 2  2.81  0 114 16 4164 19 36116 5558 2.7 51 19 2 3 24% 36069 6255 50%
c f  2.82  0 114 16 4164 19 36116 5496 2.7 51 19 2 3 24% 36100 6286 50%
c }  3.10  0 115 16 4824 19 40553 9649 2.7 56 21 1 2 25% 36100 6286 50%
c [  3.10  0 149 16 4824  2 40553 9649 2.7 151 55 1 2 44% 36100 6286 50%
c -  3.15  0 147 17 4824  2 40869 5859 2.8 151 55 1 2 44% 36100 6286 50%
c d  3.15  0 147 17 4824  2 40869 5857 2.8 151 55 1 2 44% 36100 6285 50%
c p  3.15  0 147 17 4824  2 40869 6185 2.8 151 55 1 2 44% 36100 6285 50%
c =  3.19  0 147 17 4824  2 40869 6179 2.8 151 55 1 2 44% 36098 6277 50%
c u  3.20  0 147 17 4824  2 40869 5731 2.8 151 55 1 2 44% 36098 6277 50%
c 
c  seconds   reductions   conflicts        size   tier2      variables
c         MB      restarts     redundant      glue   trail        remaining
c           level       rate        size/glue   tier1  irredundant
c 
c v  3.20  0 147 17 4824  2 40869 5488 2.8 151 55 1 2 44% 36098 6277 50%
c w  3.20  0 147 17 4824  2 40869 5487 2.8 151 55 1 2 44% 36098 6277 50%
c t  3.20  0 147 17 4824  2 40869 5487 2.8 151 55 1 2 44% 36096 6277 50%
c 2  3.20  0 147 17 4824  2 40869 5487 2.8 151 55 1 2 44% 36095 6277 50%
c f  3.20  0 147 17 4824  2 40869 5487 2.8 151 55 1 2 44% 36092 6279 50%
c ]  3.73  0 146 17 4824  2 43179 7714 2.9 175 60 1 2 48% 36092 6279 50%
c {  3.73  0 115 17 4824 19 43179 7714 2.7 56 21 1 2 25% 36092 6279 50%
c W  3.90  0 115 17 5102 19 45015 9435 2.7 58 22 1 2 25% 36092 6279 50%
c -  3.96  0 115 18 5243 19 45923 6022 2.7 58 22 1 2 25% 36092 6279 50%
c p  3.97  0 115 18 5243 19 45923 6330 2.7 58 22 1 2 25% 36092 6279 50%
c =  4.01  0 115 18 5243 19 45923 6243 2.7 58 22 1 2 25% 36041 6167 49%
c u  4.01  0 115 18 5243 19 45923 5780 2.7 58 22 1 2 25% 36002 6167 49%
c v  4.02  0 115 18 5243 19 45923 5547 2.7 58 22 1 2 25% 36002 6167 49%
c w  4.02  0 115 18 5243 19 45923 5546 2.7 58 22 1 2 25% 36002 6167 49%
c x  4.02  0 115 18 5243 19 45923 5546 2.7 58 22 1 2 25% 35778 6167 49%
c 2  4.02  0 115 18 5243 19 45923 5543 2.7 58 22 1 2 25% 35764 6167 49%
c f  4.02  0 115 18 5243 19 45923 5543 2.7 58 22 1 2 25% 35750 6176 49%
c s  4.27  0 115 18 5675 18 50174 9546 2.6 61 23 1 2 25% 35262 6176 49%
c t  4.27  0 115 18 5675 18 50174 9546 2.6 61 23 1 2 25% 35261 6176 49%
c e  4.27  0 115 18 5675 18 50174 8898 2.6 61 23 1 2 25% 35212 6112 49%
c 
c  seconds   reductions   conflicts       size   tier2      variables
c         MB      restarts     redundant     glue   trail        remaining
c           level       rate        size/glue  tier1  irredundant
c 
c s  4.28  0 115 18 5675 18 50174 8888 2.6 61 23 1 2 25% 35200 6112 49%
c -  4.32  0 116 19 5741 18 51283 6020 2.6 61 23 1 2 25% 35200 6112 49%
c 2  4.32  0 116 19 5741 18 51283 6019 2.6 61 23 1 2 25% 35200 6112 49%
c p  4.32  0 116 19 5741 18 51283 6313 2.6 61 23 1 2 25% 35200 6112 49%
c =  4.35  0 116 19 5741 18 51283 6256 2.6 61 23 1 2 25% 35131 5952 47%
c u  4.36  0 116 19 5741 18 51283 5855 2.6 61 23 1 2 25% 35098 5952 47%
c v  4.36  0 116 19 5741 18 51283 5658 2.6 61 23 1 2 25% 35098 5952 47%
c 2  4.36  0 116 19 5741 18 51283 5657 2.6 61 23 1 2 25% 35092 5952 47%
c f  4.37  0 116 19 5741 18 51283 5654 2.6 61 23 1 2 25% 35058 5982 48%
c }  4.44  0 117 19 5859 17 53160 7439 2.6 61 23 1 2 28% 35058 5982 48%
c [  4.44  0 146 19 5859  2 53160 7439 2.9 175 60 1 2 54% 35058 5982 48%
c B  4.60  0 147 19 5861  2 55017 9222 2.9 171 60 1 2 52% 35058 5982 48%
c -  4.88  0 146 20 5862  2 56945 6354 2.8 177 62 1 2 53% 35058 5982 48%
c p  4.88  0 146 20 5862  2 56945 6682 2.8 177 62 1 2 53% 35058 5982 48%
c =  4.91  0 146 20 5862  2 56945 6682 2.8 177 62 1 2 53% 35057 5981 48%
c u  4.92  0 146 20 5862  2 56945 6271 2.8 177 62 1 2 53% 35057 5981 48%
c v  4.93  0 146 20 5862  2 56945 5977 2.8 177 62 1 2 53% 35057 5981 48%
c w  4.93  0 146 20 5862  2 56945 5973 2.8 177 62 1 2 53% 35057 5981 48%
c f  4.93  0 146 20 5862  2 56945 5939 2.8 177 62 1 2 53% 35078 5994 48%
c ]  5.16  0 145 20 5864  1 59125 7997 2.8 174 63 1 2 52% 35078 5994 48%
c 
c  seconds   reductions   conflicts       size   tier2      variables
c         MB      restarts     redundant     glue   trail        remaining
c           level       rate        size/glue  tier1  irredundant
c 
c {  5.16  0 117 20 5864 17 59125 7997 2.6 61 23 1 2 28% 35078 5994 48%
c -  5.25  0 120 21 5994 16 62910 6832 2.6 59 23 1 2 26% 35078 5994 48%
c p  5.26  0 120 21 5994 16 62910 6878 2.6 59 23 1 2 26% 35078 5994 48%
c u  5.28  0 120 21 5994 16 62910 6705 2.6 59 23 1 2 26% 35078 5994 48%
c v  5.28  0 120 21 5994 16 62910 6568 2.6 59 23 1 2 26% 35078 5994 48%
c w  5.28  0 120 21 5994 16 62910 6568 2.6 59 23 1 2 26% 35078 5994 48%
c #  5.35  0 125 21 6121 15 66025 9165 2.6 57 22 1 2 25% 35078 5994 48%
c -  5.45  0 124 22 6294 15 69182 7757 2.5 57 22 1 2 24% 35078 5994 48%
c d  5.45  0 124 22 6294 15 69182 7754 2.5 57 22 1 2 24% 35078 5993 48%
c p  5.45  0 124 22 6294 15 69182 7873 2.5 57 22 1 2 24% 35078 5993 48%
c f  5.47  0 124 22 6294 15 69182 7867 2.5 57 22 1 2 24% 35080 5995 48%
c s  5.71  0 124 22 6743 14 75434 13564 2.5 57 23 1 2 24% 33972 5995 48%
c e  5.72  0 124 22 6743 14 75434 13243 2.5 57 23 1 2 24% 32453 5714 46%
c s  5.72  0 124 22 6743 14 75434 13203 2.5 57 23 1 2 24% 32394 5714 46%
c e  5.72  0 124 22 6743 14 75434 13197 2.5 57 23 1 2 24% 32370 5711 46%
c -  5.74  0 124 23 6760 14 75758 8661 2.5 57 23 1 2 24% 32370 5711 46%
c p  5.74  0 124 23 6760 14 75758 8694 2.5 57 23 1 2 24% 32370 5711 46%
c u  5.77  0 124 23 6760 14 75758 8285 2.5 57 23 1 2 24% 32370 5711 46%
c v  5.77  0 124 23 6760 14 75758 8101 2.5 57 23 1 2 24% 32370 5711 46%
c w  5.77  0 124 23 6760 14 75758 8101 2.5 57 23 1 2 24% 32370 5711 46%
c 
c  seconds   reductions   conflicts       size   tier2      variables
c         MB      restarts     redundant     glue   trail        remaining
c           level       rate        size/glue  tier1  irredundant
c 
c x  5.78  0 124 23 6760 14 75758 8101 2.5 57 23 1 2 24% 32293 5711 46%
c t  5.78  0 124 23 6760 14 75758 8101 2.5 57 23 1 2 24% 32287 5711 46%
c f  5.78  0 124 23 6760 14 75758 8097 2.5 57 23 1 2 24% 32258 5744 46%
c B  5.88  0 124 23 6956 14 78026 10188 2.5 57 23 1 2 24% 32258 5744 46%
c }  5.93  0 124 23 7064 14 78955 11056 2.5 57 23 1 2 25% 32258 5744 46%
c [  5.93  0 145 23 7064  1 78955 11056 2.8 174 63 1 2 52% 32258 5744 46%
c -  6.53  0 144 24 7066  1 82639 9210 2.7 177 66 1 2 53% 32258 5744 46%
c p  6.53  0 144 24 7066  1 82639 9351 2.7 177 66 1 2 53% 32258 5743 46%
c u  6.54  0 144 24 7066  1 82639 9034 2.7 177 66 1 2 53% 32258 5743 46%
c v  6.54  0 144 24 7066  1 82639 8752 2.7 177 66 1 2 53% 32258 5743 46%
c w  6.54  0 144 24 7066  1 82639 8751 2.7 177 66 1 2 53% 32258 5743 46%
c f  6.55  0 144 24 7066  1 82639 8750 2.7 177 66 1 2 53% 32254 5746 46%
c ]  6.75  0 143 24 7066  1 83859 9863 2.6 178 68 1 2 53% 32254 5746 46%
c {  6.75  0 124 24 7066 14 83859 9863 2.5 57 23 1 2 25% 32254 5746 46%
c -  6.99  0 125 25 7551 14 89825 10129 2.5 57 23 1 2 25% 32254 5746 46%
c d  7.00  0 125 25 7551 14 89825 10095 2.5 57 23 1 2 25% 32254 5740 46%
c p  7.00  0 125 25 7551 14 89825 10199 2.5 57 23 1 2 25% 32254 5740 46%
c 2  7.00  0 125 25 7551 14 89825 10199 2.5 57 23 1 2 25% 32250 5740 46%
c u  7.00  0 125 25 7551 14 89825 10090 2.5 57 23 1 2 25% 32250 5740 46%
c v  7.01  0 125 25 7551 14 89825 9886 2.5 57 23 1 2 25% 32250 5740 46%
c 
c  seconds   reductions   conflicts       size   tier2      variables
c         MB      restarts     redundant     glue   trail        remaining
c           level       rate        size/glue  tier1  irredundant
c 
c x  7.01  0 125 25 7551 14 89825 9886 2.5 57 23 1 2 25% 32238 5740 46%
c f  7.01  0 125 25 7551 14 89825 9886 2.5 57 23 1 2 25% 32232 5744 46%
c W  7.08  0 124 25 7551 13 91027 10996 2.5 57 23 1 2 26% 32232 5744 46%
c -  7.16  0 125 26 7588 12 97317 10708 2.5 54 22 1 2 29% 32232 5744 46%
c F  7.29  0 125 26 7672 11 105030 17851 2.5 52 21 1 2 29% 32232 5744 46%
c -  7.29  0 125 27 7672 11 105116 10968 2.5 52 21 1 2 29% 32232 5744 46%
c s  7.31  0 125 27 7675 11 105469 11195 2.5 52 21 1 2 29% 32183 5744 46%
c e  7.31  0 125 27 7675 11 105469 10976 2.5 52 21 1 2 29% 32159 5682 45%
c s  7.31  0 125 27 7675 11 105469 10915 2.5 52 21 1 2 29% 32153 5682 45%
c e  7.32  0 125 27 7675 11 105469 10909 2.5 52 21 1 2 29% 32153 5679 45%
c -  7.42  0 126 28 7712 10 113223 11307 2.5 51 20 1 2 31% 32153 5679 45%
c p  7.42  0 126 28 7712 10 113223 11315 2.5 51 20 1 2 31% 32153 5679 45%
c u  7.43  0 126 28 7712 10 113223 10566 2.5 51 20 1 2 31% 32153 5679 45%
c v  7.43  0 126 28 7712 10 113223 10301 2.5 51 20 1 2 31% 32153 5679 45%
c w  7.43  0 126 28 7712 10 113223 10299 2.5 51 20 1 2 31% 32153 5679 45%
c f  7.44  0 126 28 7712 10 113223 10294 2.5 51 20 1 2 30% 32092 5733 46%
c B  7.58  0 126 28 7929  9 120031 16620 2.5 50 20 1 2 31% 32092 5733 46%
c -  7.66  0 126 29 8167  9 121637 11644 2.5 50 20 1 2 31% 32092 5733 46%
c p  7.66  0 126 29 8167  9 121637 11730 2.5 50 20 1 2 31% 32092 5733 46%
c }  7.70  0 126 29 8253  9 122116 12172 2.5 50 20 1 2 31% 32092 5733 46%
c 
c  seconds   reductions   conflicts          size   tier2      variables
c         MB      restarts       redundant      glue   trail        remaining
c           level       rate          size/glue   tier1  irredundant
c 
c [  7.70  0 143 29 8253  1 122116 12172 2.6 178 68 1 2 52% 32092 5733 46%
c -  8.59  0 138 30 8254  1 130357 12618 2.7 174 65 1 2 52% 32092 5733 46%
c p  8.59  0 138 30 8254  1 130357 12767 2.7 174 65 1 2 52% 32092 5732 46%
c =  8.65  0 138 30 8254  1 130357 12767 2.7 174 65 1 2 52% 32080 5723 46%
c u  8.66  0 138 30 8254  1 130357 12000 2.7 174 65 1 2 52% 32080 5723 46%
c v  8.67  0 138 30 8254  1 130357 11517 2.7 174 65 1 2 52% 32080 5723 46%
c w  8.67  0 138 30 8254  1 130357 11517 2.7 174 65 1 2 52% 32080 5723 46%
c f  8.67  0 138 30 8254  1 130357 11508 2.7 174 65 1 2 51% 32085 5727 46%
c ]  8.74  0 138 30 8254  1 131446 12526 2.7 171 64 1 2 51% 32085 5727 46%
c {  8.74  0 126 30 8254  9 131446 12526 2.5 50 20 1 2 31% 32085 5727 46%
c W  9.01  0 126 30 8885 10 136032 16792 2.5 51 21 1 2 30% 32085 5727 46%
c -  9.22  0 125 31 9337 10 139384 12814 2.5 52 21 1 2 30% 32085 5727 46%
c p  9.22  0 125 31 9337 10 139384 12921 2.5 52 21 1 2 30% 32064 5720 46%
c c  9.23  0 125 31 9337 10 139384 12921 2.5 52 21 1 2 30% 32042 5720 46%
c d  9.23  0 125 31 9337 10 139384 12912 2.5 52 21 1 2 30% 32036 5717 46%
c u  9.24  0 125 31 9337 10 139384 12733 2.5 52 21 1 2 30% 32036 5717 46%
c v  9.24  0 125 31 9337 10 139384 12504 2.5 52 21 1 2 30% 32036 5717 46%
c w  9.24  0 125 31 9337 10 139384 12503 2.5 52 21 1 2 30% 32036 5717 46%
c x  9.24  0 125 31 9337 10 139384 12502 2.5 52 21 1 2 30% 32005 5717 46%
c t  9.24  0 125 31 9337 10 139384 12502 2.5 52 21 1 2 30% 32004 5717 46%
c 
c  seconds   reductions   conflicts         size   tier2      variables
c         MB      restarts       redundant     glue   trail        remaining
c           level       rate          size/glue  tier1  irredundant
c 
c f  9.25  0 125 31 9337 10 139384 12492 2.5 52 21 1 2 30% 32004 5727 46%
c s  9.29  0 125 31 9438 10 140488 13435 2.5 52 21 1 2 30% 31997 5727 46%
c t  9.30  0 125 31 9438 10 140488 13435 2.5 52 21 1 2 30% 31996 5727 46%
c e  9.30  0 125 31 9438 10 140488 13384 2.5 52 21 1 2 30% 31984 5693 45%
c s  9.30  0 125 31 9438 10 140488 13356 2.5 52 21 1 2 30% 31959 5693 45%
c e  9.30  0 125 31 9438 10 140488 13350 2.5 52 21 1 2 30% 31955 5692 45%
c -  9.73  0 125 32 10346 11 148717 13826 2.5 54 22 1 2 29% 31955 5692 45%
c 2  9.73  0 125 32 10346 11 148717 13822 2.5 54 22 1 2 29% 31955 5692 45%
c p  9.73  0 125 32 10346 11 148717 13901 2.5 54 22 1 2 29% 31947 5686 45%
c =  9.75  0 125 32 10346 11 148717 13850 2.5 54 22 1 2 29% 31946 5678 45%
c u  9.76  0 125 32 10346 11 148717 12918 2.5 54 22 1 2 29% 31946 5678 45%
c v  9.76  0 125 32 10346 11 148717 12615 2.5 54 22 1 2 29% 31946 5678 45%
c 2  9.76  0 125 32 10346 11 148717 12614 2.5 54 22 1 2 29% 31944 5678 45%
c f  9.77  0 125 32 10346 11 148717 12614 2.5 54 22 1 2 29% 31922 5696 45%
c }  9.77  0 125 32 10348 11 148727 12624 2.5 54 22 1 2 29% 31922 5696 45%
c [  9.77  0 138 32 10348  1 148727 12624 2.7 171 64 1 2 51% 31922 5696 45%
c W 10.24  0 138 32 10351  1 153034 16813 2.7 170 64 1 2 50% 31922 5696 45%
c - 10.74  0 138 33 10355  1 158357 13586 2.6 166 64 1 2 48% 31922 5696 45%
c p 10.74  0 138 33 10355  1 158357 13680 2.6 166 64 1 2 48% 31922 5696 45%
c = 10.79  0 138 33 10355  1 158357 13544 2.6 166 64 1 2 48% 31886 5605 45%
c 
c  seconds   reductions    conflicts          size   tier2      variables
c         MB       restarts       redundant      glue   trail        remaining
c           level        rate          size/glue   tier1  irredundant
c 
c u 10.80  0 138 33 10355  1 158357 12284 2.6 166 64 1 2 48% 31847 5605 45%
c v 10.81  0 138 33 10355  1 158357 11827 2.6 166 64 1 2 48% 31847 5605 45%
c w 10.81  0 138 33 10355  1 158357 11827 2.6 166 64 1 2 48% 31847 5605 45%
c t 10.81  0 138 33 10355  1 158357 11826 2.6 166 64 1 2 48% 31847 5605 45%
c 2 10.81  0 138 33 10355  1 158357 11824 2.6 166 64 1 2 48% 31837 5605 45%
c f 10.82  0 138 33 10355  1 158357 11824 2.6 166 64 1 2 48% 31817 5619 45%
c ] 11.02  0 139 33 10355  1 160963 14329 2.6 164 63 1 2 48% 31817 5619 45%
c { 11.02  0 125 33 10355 11 160963 14329 2.5 54 22 1 2 29% 31817 5619 45%
c - 11.16  0 123 34 10529 10 168305 12789 2.4 53 22 1 2 28% 31817 5619 45%
c d 11.16  0 123 34 10529 10 168305 12777 2.4 53 22 1 2 28% 31813 5613 45%
c p 11.16  0 123 34 10529 10 168305 12869 2.4 53 22 1 2 28% 31813 5613 45%
c c 11.17  0 123 34 10529 10 168305 12868 2.4 53 22 1 2 28% 31787 5613 45%
c d 11.17  0 123 34 10529 10 168305 12863 2.4 53 22 1 2 28% 31777 5608 45%
c 2 11.17  0 123 34 10529 10 168305 12861 2.4 53 22 1 2 28% 31775 5608 45%
c = 11.19  0 123 34 10529 10 168305 12423 2.4 53 22 1 2 28% 31766 5481 44%
c u 11.20  0 123 34 10529 10 168305 12250 2.4 53 22 1 2 28% 31766 5481 44%
c v 11.20  0 123 34 10529 10 168305 12098 2.4 53 22 1 2 28% 31766 5481 44%
c w 11.20  0 123 34 10529 10 168305 12097 2.4 53 22 1 2 28% 31766 5481 44%
c 2 11.20  0 123 34 10529 10 168305 12092 2.4 53 22 1 2 28% 31750 5481 44%
c f 11.21  0 123 34 10529 10 168305 12086 2.4 53 22 1 2 28% 31738 5497 44%
c 
c  seconds   reductions    conflicts         size   tier2      variables
c         MB       restarts       redundant     glue   trail        remaining
c           level        rate          size/glue  tier1  irredundant
c 
c # 11.25  0 122 34 10537 10 171036 14613 2.5 52 21 1 2 45% 31738 5497 44%
c - 11.36  0 119 35 10549  9 178562 13287 2.5 51 20 1 2 39% 31738 5497 44%
c d 11.36  0 119 35 10549  9 178562 13273 2.5 51 20 1 2 39% 31732 5489 44%
c = 11.37  0 119 35 10549  9 178562 13220 2.5 51 20 1 2 39% 31730 5474 44%
c f 11.37  0 119 35 10549  9 178562 13220 2.5 51 20 1 2 39% 31719 5483 44%
c s 11.40  0 119 35 10561  9 180315 14605 2.5 50 20 1 2 37% 30211 5483 44%
c t 11.40  0 119 35 10561  9 180315 14605 2.5 50 20 1 2 37% 30210 5483 44%
c e 11.41  0 119 35 10561  9 180315 14399 2.5 50 20 1 2 37% 28884 5247 42%
c s 11.41  0 119 35 10561  9 180315 14364 2.5 50 20 1 2 37% 28828 5247 42%
c e 11.41  0 119 35 10561  9 180315 14316 2.5 50 20 1 2 37% 28788 5241 42%
c - 11.54  0 118 36 10569  8 189126 13552 2.5 49 20 1 2 35% 28788 5241 42%
c d 11.54  0 118 36 10569  8 189126 13550 2.5 49 20 1 2 35% 28788 5240 42%
c p 11.54  0 118 36 10569  8 189126 13598 2.5 49 20 1 2 35% 28788 5240 42%
c c 11.55  0 118 36 10569  8 189126 13598 2.5 49 20 1 2 35% 28780 5240 42%
c = 11.57  0 118 36 10569  8 189126 13464 2.5 49 20 1 2 35% 28773 5199 41%
c u 11.57  0 118 36 10569  8 189126 13311 2.5 49 20 1 2 35% 28773 5199 41%
c v 11.57  0 118 36 10569  8 189126 13208 2.5 49 20 1 2 35% 28773 5199 41%
c w 11.57  0 118 36 10569  8 189126 13208 2.5 49 20 1 2 35% 28773 5199 41%
c x 11.57  0 118 36 10569  8 189126 13208 2.5 49 20 1 2 35% 28768 5199 41%
c f 11.58  0 118 36 10569  8 189126 13191 2.5 49 20 1 2 35% 28771 5209 42%
c 
c  seconds   reductions    conflicts         size   tier2      variables
c         MB       restarts       redundant     glue   trail        remaining
c           level        rate          size/glue  tier1  irredundant
c 
c B 11.59  0 118 36 10577  8 190037 14039 2.5 49 19 1 2 35% 28771 5209 42%
c - 11.74  0 117 37 10601  7 199999 14246 2.5 47 19 1 2 34% 28771 5209 42%
c p 11.74  0 117 37 10601  7 199999 14256 2.5 47 19 1 2 34% 28771 5209 42%
c f 11.76  0 117 37 10601  7 199999 14253 2.5 47 19 1 2 34% 28772 5211 42%
c W 11.89  0 115 37 10628  7 210038 23121 2.5 44 18 1 2 31% 28772 5211 42%
c - 11.91  0 115 38 10640  7 211179 15460 2.5 44 18 1 2 31% 28772 5211 42%
c p 11.92  0 115 38 10640  7 211179 15427 2.5 44 18 1 2 31% 28768 5203 41%
c u 11.92  0 115 38 10640  7 211179 15046 2.5 44 18 1 2 31% 28768 5203 41%
c v 11.92  0 115 38 10640  7 211179 14831 2.5 44 18 1 2 31% 28768 5203 41%
c w 11.92  0 115 38 10640  7 211179 14828 2.5 44 18 1 2 31% 28768 5203 41%
c f 11.93  0 115 38 10640  7 211179 14825 2.5 44 18 1 2 31% 28748 5212 42%
c - 12.08  0 115 39 10697  6 222667 16186 2.5 42 17 1 2 31% 28748 5212 42%
c d 12.08  0 115 39 10697  6 222667 16111 2.5 42 17 1 2 31% 28748 5205 42%
c p 12.08  0 115 39 10697  6 222667 16117 2.5 42 17 1 2 31% 28748 5205 42%
c c 12.09  0 115 39 10697  6 222667 16117 2.5 42 17 1 2 31% 28714 5205 42%
c d 12.09  0 115 39 10697  6 222667 16106 2.5 42 17 1 2 31% 28704 5200 41%
c 2 12.09  0 115 39 10697  6 222667 16106 2.5 42 17 1 2 31% 28700 5200 41%
c = 12.11  0 115 39 10697  6 222667 16087 2.5 42 17 1 2 31% 28680 5173 41%
c t 12.11  0 115 39 10697  6 222667 16086 2.5 42 17 1 2 31% 28680 5173 41%
c 2 12.11  0 115 39 10697  6 222667 16084 2.5 42 17 1 2 31% 28676 5173 41%
c 
c  seconds   reductions    conflicts         size   tier2      variables
c         MB       restarts       redundant     glue   trail        remaining
c           level        rate          size/glue  tier1  irredundant
c 
c f 12.11  0 115 39 10697  6 222667 16084 2.5 42 17 1 2 31% 28674 5175 41%
c s 12.14  0 115 39 10708  6 224552 17539 2.5 42 17 1 2 31% 28260 5175 41%
c e 12.14  0 115 39 10708  6 224552 16849 2.5 42 17 1 2 31% 26345 4885 39%
c s 12.15  0 115 39 10708  6 224552 16765 2.5 42 17 1 2 31% 26322 4885 39%
c e 12.15  0 115 39 10708  6 224552 16004 2.5 42 17 1 2 31% 25821 4778 38%
c F 12.22  0 114 39 10735  6 231041 21934 2.5 41 17 1 2 28% 25817 4778 38%
c - 12.27  0 113 40 10763  5 234464 15832 2.4 40 16 1 2 30% 25814 4778 38%
c d 12.27  0 113 40 10763  5 234464 15802 2.4 40 16 1 2 30% 25778 4770 38%
c c 12.27  0 113 40 10763  5 234464 15802 2.4 40 16 1 2 30% 25765 4770 38%
c d 12.28  0 113 40 10763  5 234464 15794 2.4 40 16 1 2 30% 25759 4767 38%
c 2 12.28  0 113 40 10763  5 234464 15794 2.4 40 16 1 2 30% 25757 4767 38%
c u 12.29  0 113 40 10763  5 234464 15306 2.4 40 16 1 2 30% 25757 4767 38%
c v 12.29  0 113 40 10763  5 234464 15143 2.4 40 16 1 2 30% 25757 4767 38%
c w 12.29  0 113 40 10763  5 234464 15143 2.4 40 16 1 2 30% 25757 4767 38%
c f 12.30  0 113 40 10763  5 234464 15143 2.4 40 16 1 2 30% 25633 4780 38%
c - 12.43  0 112 41 10826  5 246569 16286 2.4 38 16 1 2 32% 25633 4780 38%
c d 12.43  0 112 41 10826  5 246569 16248 2.4 38 16 1 2 32% 25617 4777 38%
c p 12.43  0 112 41 10826  5 246569 16294 2.4 38 16 1 2 32% 25617 4777 38%
c c 12.44  0 112 41 10826  5 246569 16294 2.4 38 16 1 2 32% 25611 4777 38%
c d 12.44  0 112 41 10826  5 246569 16283 2.4 38 16 1 2 32% 25607 4775 38%
c 
c  seconds   reductions    conflicts         size   tier2      variables
c         MB       restarts       redundant     glue   trail        remaining
c           level        rate          size/glue  tier1  irredundant
c 
c 2 12.44  0 112 41 10826  5 246569 16283 2.4 38 16 1 2 32% 25605 4775 38%
c f 12.44  0 112 41 10826  5 246569 16281 2.4 38 16 1 2 32% 25600 4780 38%
c } 12.48  0 112 41 10848  5 249710 19184 2.4 38 16 1 2 32% 25600 4780 38%
c [ 12.48  0 139 41 10848  1 249710 19184 2.6 164 63 1 2 61% 25600 4780 38%
c O 12.52  0 137 41 10850  1 253042 22256 2.6 153 59 1 2 59% 25600 4780 38%
c - 12.61  0 135 42 10854  1 258982 16977 2.6 137 53 1 2 56% 25600 4780 38%
c d 12.62  0 135 42 10854  1 258982 16921 2.6 137 53 1 2 56% 25582 4777 38%
c p 12.62  0 135 42 10854  1 258982 16937 2.6 137 53 1 2 56% 25582 4777 38%
c c 12.62  0 135 42 10854  1 258982 16937 2.6 137 53 1 2 56% 25563 4777 38%
c d 12.62  0 135 42 10854  1 258982 16916 2.6 137 53 1 2 56% 25557 4774 38%
c 2 12.63  0 135 42 10854  1 258982 16916 2.6 137 53 1 2 56% 25553 4774 38%
c u 12.64  0 135 42 10854  1 258982 16526 2.6 137 53 1 2 56% 25553 4774 38%
c v 12.64  0 135 42 10854  1 258982 16370 2.6 137 53 1 2 56% 25553 4774 38%
c w 12.64  0 135 42 10854  1 258982 16369 2.6 137 53 1 2 56% 25553 4774 38%
c f 12.65  0 135 42 10854  1 258982 16369 2.6 137 53 1 2 56% 25551 4776 38%
c - 12.87  0 132 43 10856  1 271704 16814 2.6 116 45 1 2 51% 25550 4776 38%
c d 12.87  0 132 43 10856  1 271704 16747 2.6 116 45 1 2 51% 25524 4771 38%
c p 12.87  0 132 43 10856  1 271704 16804 2.6 116 45 1 2 51% 25524 4771 38%
c c 12.88  0 132 43 10856  1 271704 16802 2.6 116 45 1 2 51% 25484 4771 38%
c d 12.88  0 132 43 10856  1 271704 16743 2.6 116 45 1 2 51% 25472 4765 38%
c 
c  seconds   reductions    conflicts          size   tier2      variables
c         MB       restarts       redundant      glue   trail        remaining
c           level        rate          size/glue   tier1  irredundant
c 
c f 12.88  0 132 43 10856  1 271704 16740 2.6 116 45 1 2 51% 25470 4770 38%
c s 12.92  0 133 43 10857  1 273234 17907 2.5 114 45 1 2 50% 25419 4770 38%
c t 12.92  0 133 43 10857  1 273234 17907 2.5 114 45 1 2 50% 25415 4770 38%
c e 12.92  0 133 43 10857  1 273234 17821 2.5 114 45 1 2 50% 25383 4748 38%
c s 12.93  0 133 43 10857  1 273234 17749 2.5 114 45 1 2 50% 25370 4748 38%
c B 12.99  0 133 43 10857  1 276045 20459 2.5 111 44 1 2 50% 25370 4748 38%
c - 13.20  0 128 44 10857  1 284735 16697 2.6 104 40 1 2 48% 25370 4748 38%
c p 13.20  0 128 44 10857  1 284735 16730 2.6 104 40 1 2 48% 25370 4748 38%
c u 13.22  0 128 44 10857  1 284735 16304 2.6 104 40 1 2 48% 25370 4748 38%
c v 13.22  0 128 44 10857  1 284735 15993 2.6 104 40 1 2 48% 25370 4748 38%
c w 13.22  0 128 44 10857  1 284735 15993 2.6 104 40 1 2 48% 25370 4748 38%
c t 13.22  0 128 44 10857  1 284735 15992 2.6 104 40 1 2 48% 25370 4748 38%
c f 13.22  0 128 44 10857  1 284735 15988 2.6 104 40 1 2 47% 25372 4750 38%
c - 13.52  0 127 45 10864  1 298077 16701 2.6 95 37 1 2 46% 25372 4750 38%
c d 13.52  0 127 45 10864  1 298077 16692 2.6 95 37 1 2 46% 25363 4747 38%
c p 13.52  0 127 45 10864  1 298077 16765 2.6 95 37 1 2 46% 25363 4747 38%
c = 13.54  0 127 45 10864  1 298077 16614 2.6 95 37 1 2 46% 25294 4727 38%
c u 13.55  0 127 45 10864  1 298077 16494 2.6 95 37 1 2 46% 25294 4727 38%
c v 13.55  0 127 45 10864  1 298077 16426 2.6 95 37 1 2 46% 25294 4727 38%
c w 13.55  0 127 45 10864  1 298077 16426 2.6 95 37 1 2 46% 25294 4727 38%
c 
c  seconds   reductions    conflicts         size   tier2      variables
c         MB       restarts       redundant     glue   trail        remaining
c           level        rate          size/glue  tier1  irredundant
c 
c f 13.56  0 127 45 10864  1 298077 16421 2.6 95 37 1 2 46% 25296 4730 38%
c W 13.64  0 129 45 10864  1 300047 18279 2.6 95 37 1 2 46% 25296 4730 38%
c ] 13.98  0 131 45 10871  1 311701 29298 2.5 92 37 1 2 45% 25296 4730 38%
c { 13.98  0 112 45 10871  5 311701 29298 2.4 38 16 1 2 32% 25296 4730 38%
c - 13.99  0 112 46 10875  5 311726 16803 2.4 38 16 1 2 32% 25296 4730 38%
c p 13.99  0 112 46 10875  5 311726 16871 2.4 38 16 1 2 32% 25296 4730 38%
c u 14.00  0 112 46 10875  5 311726 16758 2.4 38 16 1 2 32% 25296 4730 38%
c v 14.00  0 112 46 10875  5 311726 16596 2.4 38 16 1 2 32% 25296 4730 38%
c w 14.00  0 112 46 10875  5 311726 16595 2.4 38 16 1 2 32% 25296 4730 38%
c t 14.00  0 112 46 10875  5 311726 16595 2.4 38 16 1 2 32% 25294 4730 38%
c f 14.01  0 112 46 10875  5 311726 16588 2.4 38 16 1 2 32% 25298 4731 38%
c B 14.14  0 107 46 10941  4 325048 28766 2.4 35 15 1 2 29% 25298 4731 38%
c - 14.15  0 107 47 10947  4 325684 18302 2.4 35 15 1 2 29% 25298 4731 38%
c p 14.15  0 107 47 10947  4 325684 18327 2.4 35 15 1 2 29% 25298 4731 38%
c = 14.16  0 107 47 10947  4 325684 18327 2.4 35 15 1 2 29% 25297 4730 38%
c s 14.18  0 107 47 10947  4 326425 18897 2.4 35 15 1 2 29% 25233 4730 38%
c e 14.19  0 107 47 10947  4 326425 18286 2.4 35 15 1 2 29% 24260 4567 36%
c s 14.19  0 107 47 10947  4 326425 18261 2.4 35 15 1 2 29% 24260 4567 36%
c ^ 14.19  0 107 47 10947  4 326425 18261 2.4 35 15 1 2 29% 24260 4567 36%
c - 14.33  0 103 48 11030  4 339955 19603 2.4 33 14 1 2 27% 24260 4567 36%
c 
c  seconds   reductions    conflicts         size   tier2      variables
c         MB       restarts       redundant     glue   trail        remaining
c           level        rate          size/glue  tier1  irredundant
c 
c u 14.35  0 103 48 11030  4 339955 19476 2.4 33 14 1 2 27% 24260 4567 36%
c v 14.35  0 103 48 11030  4 339955 19374 2.4 33 14 1 2 27% 24260 4567 36%
c w 14.35  0 103 48 11030  4 339955 19373 2.4 33 14 1 2 27% 24260 4567 36%
c t 14.35  0 103 48 11030  4 339955 19368 2.4 33 14 1 2 27% 24259 4567 36%
c W 14.49  0 100 48 11107  4 351050 29527 2.3 32 14 1 2 26% 24259 4567 36%
c - 14.54  0 100 49 11142  4 354531 20714 2.3 32 14 1 2 26% 24259 4567 36%
c p 14.54  0 100 49 11142  4 354531 20759 2.3 32 14 1 2 26% 24259 4567 36%
c - 14.73  0 98 50 11275  4 369419 21951 2.3 30 13 1 2 25% 24259 4567 36%
c p 14.73  0 98 50 11275  4 369419 21990 2.3 30 13 1 2 25% 24259 4567 36%
c u 14.76  0 98 50 11275  4 369419 21775 2.3 30 13 1 2 25% 24259 4567 36%
c v 14.76  0 98 50 11275  4 369419 21609 2.3 30 13 1 2 25% 24259 4567 36%
c w 14.76  0 98 50 11275  4 369419 21609 2.3 30 13 1 2 25% 24259 4567 36%
c # 14.86  0 97 50 11379  3 378052 29614 2.3 29 13 1 2 25% 24259 4567 36%
c s 14.94  0 95 50 11424  3 384250 34884 2.3 29 13 1 2 24% 24259 4567 36%
c e 14.95  0 95 50 11424  3 384250 29455 2.3 29 13 1 2 24% 24595 4224 34%
c s 14.96  0 95 50 11424  3 384250 29371 2.3 29 13 1 2 24% 24520 4224 34%
c e 14.97  0 95 50 11424  3 384250 29355 2.3 29 13 1 2 24% 24501 4222 34%
c - 14.98  0 95 51 11424  3 384613 19930 2.3 29 13 1 2 15% 24501 4222 34%
c 2 14.98  0 95 51 11424  3 384613 19860 2.3 29 13 1 2 15% 24501 4222 34%
c p 14.98  0 95 51 11424  3 384613 19861 2.3 29 13 1 2 15% 24501 4222 34%
c 
c  seconds  reductions    conflicts         size   tier2      variables
c         MB      restarts       redundant     glue   trail        remaining
c          level        rate          size/glue  tier1  irredundant
c 
c t 14.98  0 95 51 11424  3 384613 19861 2.3 29 13 1 2 15% 24499 4222 34%
c f 14.99  0 95 51 11424  3 384613 19852 2.3 29 13 1 2 15% 24470 4241 34%
c - 15.17  0 93 52 11580  3 400118 21849 2.2 27 12 1 2 21% 24470 4241 34%
c p 15.17  0 93 52 11580  3 400118 21927 2.2 27 12 1 2 21% 24470 4241 34%
c u 15.18  0 93 52 11580  3 400118 21758 2.2 27 12 1 2 21% 24470 4241 34%
c v 15.18  0 93 52 11580  3 400118 21637 2.2 27 12 1 2 21% 24470 4241 34%
c t 15.18  0 93 52 11580  3 400118 21637 2.2 27 12 1 2 21% 24468 4241 34%
c f 15.18  0 93 52 11580  3 400118 21630 2.2 27 12 1 2 21% 24471 4243 34%
c B 15.25  0 92 52 11668  3 406054 27089 2.2 27 12 1 2 22% 24471 4243 34%
c - 15.39  0 91 53 11842  3 415931 23135 2.2 26 12 1 2 23% 24471 4243 34%
c p 15.39  0 91 53 11842  3 415931 23151 2.2 26 12 1 2 23% 24471 4243 34%
c } 15.47  0 91 53 11931  3 420471 27400 2.2 26 12 1 2 23% 24471 4243 34%
c [ 15.47  0 131 53 11931  1 420471 27400 2.5 92 37 1 2 51% 24471 4243 34%
c - 15.70  0 130 54 11933  1 432055 24004 2.4 85 36 1 2 48% 24471 4243 34%
c p 15.71  0 130 54 11933  1 432055 24087 2.4 85 36 1 2 48% 24471 4243 34%
c u 15.71  0 130 54 11933  1 432055 23795 2.4 85 36 1 2 48% 24471 4243 34%
c v 15.72  0 130 54 11933  1 432055 23570 2.4 85 36 1 2 48% 24471 4243 34%
c w 15.72  0 130 54 11933  1 432055 23570 2.4 85 36 1 2 48% 24471 4243 34%
c f 15.72  0 130 54 11933  1 432055 23564 2.4 85 36 1 2 48% 24475 4244 34%
c I 15.77  0 130 54 11935  1 435057 26442 2.4 84 35 1 2 47% 24475 4244 34%
c 
c  seconds   reductions    conflicts         size   tier2      variables
c         MB       restarts       redundant     glue   trail        remaining
c           level        rate          size/glue  tier1  irredundant
c 
c - 16.02  0 129 55 11943  1 448487 23633 2.3 78 34 1 2 44% 24475 4244 34%
c p 16.02  0 129 55 11943  1 448487 23650 2.3 78 34 1 2 44% 24475 4244 34%
c s 16.06  0 128 55 11944  1 450208 25018 2.3 77 33 1 2 44% 24473 4244 34%
c e 16.07  0 128 55 11944  1 450208 24979 2.3 77 33 1 2 44% 24480 4237 34%
c s 16.07  0 128 55 11944  1 450208 24929 2.3 77 33 1 2 44% 24479 4237 34%
c B 16.40  0 125 55 11948  1 465058 39149 2.3 74 32 1 2 42% 24478 4237 34%
c - 16.40  0 124 56 11948  1 465232 23367 2.3 74 32 1 2 42% 24478 4237 34%
c p 16.41  0 124 56 11948  1 465232 23456 2.3 74 32 1 2 42% 24478 4237 34%
c u 16.41  0 124 56 11948  1 465232 23270 2.3 74 32 1 2 42% 24478 4237 34%
c v 16.41  0 124 56 11948  1 465232 23199 2.3 74 32 1 2 42% 24478 4237 34%
c w 16.41  0 124 56 11948  1 465232 23199 2.3 74 32 1 2 42% 24478 4237 34%
c f 16.42  0 124 56 11948  1 465232 23198 2.3 74 32 1 2 42% 24475 4239 34%
c - 16.98  0 123 57 11949  1 482284 22943 2.3 76 32 1 2 41% 24475 4239 34%
c p 16.98  0 123 57 11949  1 482284 23043 2.3 76 32 1 2 41% 24475 4239 34%
c = 17.01  0 123 57 11949  1 482284 23043 2.3 76 32 1 2 41% 24474 4238 34%
c u 17.02  0 123 57 11949  1 482284 22854 2.3 76 32 1 2 41% 24474 4238 34%
c v 17.02  0 123 57 11949  1 482284 22843 2.3 76 32 1 2 41% 24474 4238 34%
c w 17.02  0 123 57 11949  1 482284 22843 2.3 76 32 1 2 41% 24474 4238 34%
c ] 17.10  0 123 57 11949  1 486819 27153 2.3 74 32 1 2 41% 24474 4238 34%
c { 17.10  0 91 57 11949  3 486819 27153 2.2 26 12 1 2 23% 24474 4238 34%
c 
c  seconds  reductions    conflicts         size   tier2      variables
c         MB      restarts       redundant     glue   trail        remaining
c          level        rate          size/glue  tier1  irredundant
c 
c W 17.24  0 89 57 12031  3 496060 35558 2.2 25 12 1 2 22% 24474 4238 34%
c - 17.29  0 88 58 12082  3 499645 24157 2.2 25 11 1 2 21% 24474 4238 34%
c p 17.29  0 88 58 12082  3 499645 24165 2.2 25 11 1 2 21% 24474 4238 34%
c - 17.53  0 86 59 12404  3 517316 26462 2.2 24 11 1 2 22% 24474 4238 34%
c p 17.53  0 86 59 12404  3 517316 26552 2.2 24 11 1 2 22% 24474 4238 34%
c u 17.56  0 86 59 12404  3 517316 26325 2.2 24 11 1 2 22% 24474 4238 34%
c v 17.56  0 86 59 12404  3 517316 26206 2.2 24 11 1 2 22% 24474 4238 34%
c w 17.56  0 86 59 12404  3 517316 26206 2.2 24 11 1 2 22% 24474 4238 34%
c s 17.64  0 85 59 12526  3 521059 29443 2.2 24 11 1 2 22% 24474 4238 34%
c s 17.65  0 85 59 12526  3 521059 29378 2.2 24 11 1 2 22% 24474 4238 34%
c ^ 17.65  0 85 59 12526  3 521059 29378 2.2 24 11 1 2 22% 24474 4238 34%
c F 17.75  0 84 59 12670  3 528061 35811 2.1 24 11 1 2 22% 24474 4238 34%
c - 17.86  0 84 60 12850  3 535297 27771 2.1 23 11 1 2 21% 24474 4238 34%
c p 17.86  0 84 60 12850  3 535297 27772 2.1 23 11 1 2 21% 24474 4238 34%
c u 17.86  0 84 60 12850  3 535297 27659 2.1 23 11 1 2 21% 24474 4238 34%
c v 17.86  0 84 60 12850  3 535297 27569 2.1 23 11 1 2 21% 24474 4238 34%
c w 17.86  0 84 60 12850  3 535297 27569 2.1 23 11 1 2 21% 24474 4238 34%
c - 18.14  0 82 61 13342  3 553589 28993 2.1 22 11 1 2 21% 24474 4238 34%
c p 18.15  0 82 61 13342  3 553589 29094 2.1 22 11 1 2 21% 24474 4238 34%
c u 18.15  0 82 61 13342  3 553589 28869 2.1 22 11 1 2 21% 24474 4238 34%
c 
c  seconds  reductions    conflicts         size   tier2      variables
c         MB      restarts       redundant     glue   trail        remaining
c          level        rate          size/glue  tier1  irredundant
c 
c v 18.15  0 82 61 13342  3 553589 28728 2.1 22 11 1 2 21% 24474 4238 34%
c w 18.15  0 82 61 13342  3 553589 28728 2.1 22 11 1 2 21% 24474 4238 34%
c B 18.27  0 81 61 13526  3 561062 35636 2.1 22 11 1 2 21% 24474 4238 34%
c - 18.46  0 80 62 13876  3 572189 30229 2.1 22 10 1 2 21% 24474 4238 34%
c p 18.47  0 80 62 13876  3 572189 30248 2.1 22 10 1 2 21% 24474 4238 34%
c u 18.50  0 80 62 13876  3 572189 30104 2.1 22 10 1 2 21% 24474 4238 34%
c v 18.50  0 80 62 13876  3 572189 30011 2.1 22 10 1 2 21% 24474 4238 34%
c w 18.50  0 80 62 13876  3 572189 30011 2.1 22 10 1 2 21% 24474 4238 34%
c } 18.58  0 80 62 14050  3 577380 34865 2.1 22 10 1 2 21% 24474 4238 34%
c [ 18.58  0 123 62 14050  1 577380 34865 2.3 74 32 1 2 41% 24474 4238 34%
c - 18.94  0 116 63 14050  1 591100 30558 2.4 73 30 1 2 40% 24474 4238 34%
c p 18.94  0 116 63 14050  1 591100 30655 2.4 73 30 1 2 40% 24474 4238 34%
c u 18.95  0 116 63 14050  1 591100 30533 2.4 73 30 1 2 40% 24474 4238 34%
c v 18.95  0 116 63 14050  1 591100 30384 2.4 73 30 1 2 40% 24474 4238 34%
c w 18.95  0 116 63 14050  1 591100 30384 2.4 73 30 1 2 40% 24474 4238 34%
c W 19.09  0 116 63 14050  1 595064 34257 2.4 72 30 1 2 40% 24474 4238 34%
c s 19.14  0 116 63 14050  1 596953 35701 2.4 72 30 1 2 40% 24474 4238 34%
c e 19.15  0 116 63 14050  1 596953 30265 2.4 72 30 1 2 40% 24750 4084 33%
c s 19.16  0 116 63 14050  1 596953 30174 2.4 72 30 1 2 40% 24731 4084 33%
c - 19.52  0 118 64 14054  1 610320 26434 2.3 70 31 1 2 38% 24727 4084 33%
c 
c  seconds   reductions    conflicts         size   tier2      variables
c         MB       restarts       redundant     glue   trail        remaining
c           level        rate          size/glue  tier1  irredundant
c 
c 2 19.52  0 118 64 14054  1 610320 26429 2.3 70 31 1 2 38% 24727 4084 33%
c p 19.52  0 118 64 14054  1 610320 26522 2.3 70 31 1 2 38% 24727 4084 33%
c u 19.54  0 118 64 14054  1 610320 26380 2.3 70 31 1 2 38% 24727 4084 33%
c v 19.54  0 118 64 14054  1 610320 26373 2.3 70 31 1 2 38% 24727 4084 33%
c w 19.54  0 118 64 14054  1 610320 26371 2.3 70 31 1 2 38% 24727 4084 33%
c f 19.55  0 118 64 14054  1 610320 26364 2.3 70 31 1 2 38% 24707 4093 33%
c - 19.97  0 122 65 14064  1 629850 26427 2.2 69 31 1 2 38% 24707 4093 33%
c p 19.97  0 122 65 14064  1 629850 26521 2.2 69 31 1 2 38% 24707 4093 33%
c u 19.98  0 122 65 14064  1 629850 26351 2.2 69 31 1 2 38% 24707 4093 33%
c v 19.98  0 122 65 14064  1 629850 26339 2.2 69 31 1 2 38% 24707 4093 33%
c w 19.98  0 122 65 14064  1 629850 26337 2.2 69 31 1 2 38% 24707 4093 33%
c O 19.99  0 122 65 14064  1 630065 26544 2.2 69 31 1 2 38% 24707 4093 33%
c ] 20.41  0 121 65 14072  1 649063 44686 2.2 66 30 1 2 37% 24707 4093 33%
c { 20.41  0 80 65 14072  3 649063 44686 2.1 22 10 1 2 21% 24707 4093 33%
c - 20.43  0 80 66 14100  3 649691 27024 2.1 22 10 1 2 21% 24707 4093 33%
c p 20.43  0 80 66 14100  3 649691 27115 2.1 22 10 1 2 21% 24707 4093 33%
c u 20.46  0 80 66 14100  3 649691 26939 2.1 22 10 1 2 21% 24707 4093 33%
c v 20.46  0 80 66 14100  3 649691 26781 2.1 22 10 1 2 21% 24707 4093 33%
c w 20.46  0 80 66 14100  3 649691 26780 2.1 22 10 1 2 21% 24707 4093 33%
c W 20.73  0 78 66 14564  3 666066 41777 2.1 21 10 1 2 20% 24707 4093 33%
c 
c  seconds  reductions    conflicts         size   tier2      variables
c         MB      restarts       redundant     glue   trail        remaining
c          level        rate          size/glue  tier1  irredundant
c 
c - 20.80  0 78 67 14664  3 669843 28965 2.1 21 10 1 2 20% 24707 4093 33%
c p 20.80  0 78 67 14664  3 669843 29006 2.1 21 10 1 2 20% 24707 4093 33%
c u 20.81  0 78 67 14664  3 669843 28796 2.1 21 10 1 2 20% 24707 4093 33%
c v 20.81  0 78 67 14664  3 669843 28713 2.1 21 10 1 2 20% 24707 4093 33%
c w 20.81  0 78 67 14664  3 669843 28713 2.1 21 10 1 2 20% 24707 4093 33%
c s 20.99  0 77 67 15005  3 680091 37874 2.0 21 10 1 2 20% 24703 4093 33%
c e 20.99  0 77 67 15005  3 680091 37867 2.0 21 10 1 2 20% 24702 4090 33%
c s 21.01  0 77 67 15005  3 680091 37784 2.0 21 10 1 2 20% 24700 4090 33%
c - 21.19  0 76 68 15372  3 690303 30788 2.0 20 10 1 2 20% 24700 4090 33%
c 2 21.19  0 76 68 15372  3 690303 30787 2.0 20 10 1 2 20% 24700 4090 33%
c p 21.19  0 76 68 15372  3 690303 30877 2.0 20 10 1 2 20% 24700 4090 33%
c u 21.20  0 76 68 15372  3 690303 30721 2.0 20 10 1 2 20% 24700 4090 33%
c v 21.20  0 76 68 15372  3 690303 30607 2.0 20 10 1 2 20% 24700 4090 33%
c w 21.20  0 76 68 15372  3 690303 30607 2.0 20 10 1 2 20% 24700 4090 33%
c # 21.40  0 75 68 15840  4 703068 42362 2.0 20 10 1 2 20% 24700 4090 33%
c - 21.57  0 75 69 16152  4 711075 32250 2.0 20 10 1 2 19% 24700 4090 33%
c p 21.57  0 75 69 16152  4 711075 32343 2.0 20 10 1 2 19% 24700 4090 33%
c u 21.58  0 75 69 16152  4 711075 32146 2.0 20 10 1 2 19% 24700 4090 33%
c v 21.58  0 75 69 16152  4 711075 31990 2.0 20 10 1 2 19% 24700 4090 33%
c w 21.58  0 75 69 16152  4 711075 31990 2.0 20 10 1 2 19% 24700 4090 33%
c 
c  seconds  reductions    conflicts         size   tier2      variables
c         MB      restarts       redundant     glue   trail        remaining
c          level        rate          size/glue  tier1  irredundant
c 
c - 21.96  0 73 70 17009  4 732156 33292 2.0 19 10 1 2 19% 24700 4090 33%
c p 21.96  0 73 70 17009  4 732156 33387 2.0 19 10 1 2 19% 24700 4090 33%
c u 21.97  0 73 70 17009  4 732156 33177 2.0 19 10 1 2 19% 24700 4090 33%
c v 21.97  0 73 70 17009  4 732156 32991 2.0 19 10 1 2 19% 24700 4090 33%
c w 21.97  0 73 70 17009  4 732156 32991 2.0 19 10 1 2 19% 24700 4090 33%
c } 21.98  0 73 70 17009  4 732157 32992 2.0 19 10 1 2 19% 24700 4090 33%
c [ 21.98  0 121 70 17009  1 732157 32992 2.2 66 30 1 2 37% 24700 4090 33%
c B 22.14  0 120 70 17015  1 741070 41410 2.2 64 29 1 2 37% 24700 4090 33%
c - 22.41  0 121 71 17017  1 753548 33599 2.2 63 28 1 2 37% 24700 4090 33%
c p 22.41  0 121 71 17017  1 753548 33681 2.2 63 28 1 2 37% 24700 4090 33%
c u 22.45  0 121 71 17017  1 753548 33596 2.2 63 28 1 2 37% 24700 4090 33%
c v 22.45  0 121 71 17017  1 753548 33461 2.2 63 28 1 2 37% 24700 4090 33%
c w 22.46  0 121 71 17017  1 753548 33461 2.2 63 28 1 2 37% 24700 4090 33%
c s 22.87  0 122 71 17018  1 768299 47210 2.2 63 29 1 2 36% 24700 4090 33%
c s 22.90  0 122 71 17018  1 768299 47117 2.2 63 29 1 2 36% 24700 4090 33%
c ^ 22.90  0 122 71 17018  1 768299 47117 2.2 63 29 1 2 36% 24700 4090 33%
c - 23.12  0 122 72 17021  1 775251 32140 2.2 64 29 1 2 36% 24700 4090 33%
c p 23.12  0 122 72 17021  1 775251 32220 2.2 64 29 1 2 36% 24700 4090 33%
c u 23.13  0 122 72 17021  1 775251 32084 2.2 64 29 1 2 36% 24700 4090 33%
c v 23.13  0 122 72 17021  1 775251 32073 2.2 64 29 1 2 36% 24700 4090 33%
c 
c  seconds   reductions    conflicts         size   tier2      variables
c         MB       restarts       redundant     glue   trail        remaining
c           level        rate          size/glue  tier1  irredundant
c 
c w 23.13  0 122 72 17021  1 775251 32072 2.2 64 29 1 2 36% 24700 4090 33%
c W 23.30  0 123 72 17024  1 780072 36653 2.2 64 30 1 2 36% 24700 4090 33%
c - 23.79  0 125 73 17032  1 797264 32027 2.1 65 31 1 2 37% 24700 4090 33%
c p 23.79  0 125 73 17032  1 797264 32101 2.1 65 31 1 2 37% 24700 4090 33%
c u 23.80  0 125 73 17032  1 797264 31931 2.1 65 31 1 2 37% 24700 4090 33%
c v 23.80  0 125 73 17032  1 797264 31918 2.1 65 31 1 2 37% 24700 4090 33%
c w 23.80  0 125 73 17032  1 797264 31915 2.1 65 31 1 2 37% 24700 4090 33%
c ] 24.04  0 127 73 17033  1 805632 40038 2.1 65 31 1 2 36% 24700 4090 33%
c { 24.04  0 73 73 17033  4 805632 40038 2.0 19 10 1 2 19% 24700 4090 33%
c - 24.31  0 72 74 17684  4 819586 33863 2.0 19 10 1 2 19% 24700 4090 33%
c p 24.31  0 72 74 17684  4 819586 33937 2.0 19 10 1 2 19% 24700 4090 33%
c u 24.32  0 72 74 17684  4 819586 33769 2.0 19 10 1 2 19% 24700 4090 33%
c v 24.32  0 72 74 17684  4 819586 33658 2.0 19 10 1 2 19% 24700 4090 33%
c w 24.32  0 72 74 17684  4 819586 33658 2.0 19 10 1 2 19% 24700 4090 33%
c B 24.33  0 72 74 17695  4 820074 34094 2.0 19 10 1 2 19% 24700 4090 33%
c - 24.78  0 71 75 18851  4 842221 35796 2.0 19 10 1 2 19% 24700 4090 33%
c p 24.79  0 71 75 18851  4 842221 35870 2.0 19 10 1 2 19% 24700 4090 33%
c u 24.80  0 71 75 18851  4 842221 35726 2.0 19 10 1 2 19% 24700 4090 33%
c v 24.80  0 71 75 18851  4 842221 35531 2.0 19 10 1 2 19% 24700 4090 33%
c W 25.24  0 71 75 19983  4 861075 53106 2.0 19 10 1 2 19% 24700 4090 33%
c 
c  seconds  reductions    conflicts         size   tier2      variables
c         MB      restarts       redundant     glue   trail        remaining
c          level        rate          size/glue  tier1  irredundant
c 
c s 25.28  0 71 75 20040  5 861697 53168 2.0 19 10 1 2 19% 24700 4090 33%
c e 25.29  0 71 75 20040  5 861697 39171 2.0 19 10 1 2 19% 25795 3714 30%
c s 25.31  0 71 75 20040  5 861697 39024 2.0 19 10 1 2 19% 25725 3714 30%
c e 25.31  0 71 75 20040  5 861697 35781 2.0 19 10 1 2 19% 25856 3664 29%
c - 25.39  0 71 76 20213  5 865164 27788 2.0 19 10 1 2 21% 25856 3664 29%
c 2 25.39  0 71 76 20213  5 865164 27779 2.0 19 10 1 2 21% 25856 3664 29%
c p 25.39  0 71 76 20213  5 865164 27830 2.0 19 10 1 2 21% 25856 3664 29%
c u 25.40  0 71 76 20213  5 865164 27551 2.0 19 10 1 2 21% 25856 3664 29%
c v 25.40  0 71 76 20213  5 865164 27280 2.0 19 10 1 2 21% 25856 3664 29%
c w 25.40  0 71 76 20213  5 865164 27280 2.0 19 10 1 2 21% 25856 3664 29%
c t 25.40  0 71 76 20213  5 865164 27280 2.0 19 10 1 2 21% 25855 3664 29%
c f 25.41  0 71 76 20213  5 865164 27278 2.0 19 10 1 2 21% 25782 3679 29%
c } 25.71  0 71 76 21052  5 883309 44131 1.9 18 9 1 2 20% 25782 3679 29%
c [ 25.71  0 127 76 21052  1 883309 44131 2.1 65 31 1 2 41% 25782 3679 29%
c - 25.81  0 126 77 21056  1 888417 31025 2.1 64 30 1 2 41% 25782 3679 29%
c p 25.81  0 126 77 21056  1 888417 31073 2.1 64 30 1 2 41% 25782 3679 29%
c u 25.85  0 126 77 21056  1 888417 30863 2.1 64 30 1 2 41% 25782 3679 29%
c v 25.85  0 126 77 21056  1 888417 30752 2.1 64 30 1 2 41% 25782 3679 29%
c w 25.86  0 126 77 21056  1 888417 30751 2.1 64 30 1 2 41% 25782 3679 29%
c I 26.11  0 124 77 21065  1 903078 44803 2.1 61 29 1 2 40% 25782 3679 29%
c 
c  seconds   reductions    conflicts         size   tier2      variables
c         MB       restarts       redundant     glue   trail        remaining
c           level        rate          size/glue  tier1  irredundant
c 
c - 26.27  0 122 78 21067  1 911980 31645 2.1 59 29 1 2 39% 25782 3679 29%
c p 26.27  0 122 78 21067  1 911980 31692 2.1 59 29 1 2 39% 25782 3679 29%
c u 26.28  0 122 78 21067  1 911980 31518 2.1 59 29 1 2 39% 25782 3679 29%
c v 26.28  0 122 78 21067  1 911980 31454 2.1 59 29 1 2 39% 25782 3679 29%
c w 26.28  0 122 78 21067  1 911980 31454 2.1 59 29 1 2 39% 25782 3679 29%
c - 26.87  0 122 79 21069  1 935855 30571 2.2 62 28 1 2 41% 25782 3679 29%
c p 26.87  0 122 79 21069  1 935855 30604 2.2 62 28 1 2 41% 25782 3679 29%
c u 26.89  0 122 79 21069  1 935855 30283 2.2 62 28 1 2 41% 25782 3679 29%
c v 26.89  0 122 79 21069  1 935855 30071 2.2 62 28 1 2 41% 25782 3679 29%
c w 26.89  0 122 79 21069  1 935855 30070 2.2 62 28 1 2 41% 25782 3679 29%
c B 27.18  0 122 79 21069  1 946079 39784 2.2 63 29 1 2 41% 25782 3679 29%
c - 27.45  0 120 80 21069  1 960039 29958 2.2 61 28 1 2 40% 25782 3679 29%
c p 27.46  0 120 80 21069  1 960039 29990 2.2 61 28 1 2 40% 25782 3679 29%
c u 27.46  0 120 80 21069  1 960039 29770 2.2 61 28 1 2 40% 25782 3679 29%
c v 27.46  0 120 80 21069  1 960039 29708 2.2 61 28 1 2 40% 25782 3679 29%
c w 27.47  0 120 80 21069  1 960039 29707 2.2 61 28 1 2 40% 25782 3679 29%
c s 27.65  0 121 80 21070  1 968820 37752 2.2 60 28 1 2 40% 25771 3679 29%
c e 27.65  0 121 80 21070  1 968820 37747 2.2 60 28 1 2 40% 25777 3677 29%
c s 27.67  0 121 80 21070  1 968820 37699 2.2 60 28 1 2 40% 25774 3677 29%
c ] 28.09  0 120 80 21070  1 984304 52449 2.2 62 28 1 2 41% 25774 3677 29%
c 
c  seconds  reductions    conflicts         size  tier2      variables
c         MB      restarts       redundant     glue  trail        remaining
c          level        rate          size/glue tier1  irredundant
c 
c { 28.09  0 71 80 21070  5 984304 52449 1.9 18 9 1 2 20% 25774 3677 29%
c - 28.10  0 71 81 21084  5 984535 30142 1.9 18 9 1 2 20% 25774 3677 29%
c p 28.10  0 71 81 21084  5 984535 30172 1.9 18 9 1 2 20% 25774 3677 29%
c u 28.11  0 71 81 21084  5 984535 30085 1.9 18 9 1 2 20% 25774 3677 29%
c v 28.11  0 71 81 21084  5 984535 29932 1.9 18 9 1 2 20% 25774 3677 29%
c w 28.11  0 71 81 21084  5 984535 29932 1.9 18 9 1 2 20% 25774 3677 29%
c F 28.20  0 71 81 21328  5 990080 35116 1.9 18 9 1 2 20% 25774 3677 29%
c } 28.36  0 70 81 21738  5 1000002 44341 1.9 18 9 1 2 20% 25774 3677 29%
c ? 28.36  0 70 81 21738  5 1000002 44341 1.9 18 9 1 2 20% 25774 3677 29%
c 
c --- [ result ] -------------------------------------------------------------
c 
c UNKNOWN
c 
c --- [ run-time profiling ] -------------------------------------------------
c 
c process time taken by individual solving procedures
c (percentage relative to process time for solving)
c 
c        25.68   90.61% search
c        14.06   49.60% stable
c        11.14   39.28% unstable
c         2.66    9.39% simplify
c         0.72    2.55% sweep
c         0.57    2.00% vivify
c         0.48    1.70% walk
c         0.32    1.14% factor
c         0.32    1.13% subsume
c         0.27    0.94% congruence
c         0.14    0.51% elim
c         0.06    0.23% preprocess
c         0.06    0.22% probe
c         0.05    0.16% ternary
c         0.02    0.08% backbone
c         0.02    0.06% fastelim
c         0.01    0.04% parse
c         0.00    0.02% lucky
c   =================================
c        28.35   99.96% solve
c 
c last line shows process time for solving
c (percentage relative to total process time)
c 
c --- [ statistics ] ---------------------------------------------------------
c 
c chronological:            250853        25.09 %  of conflicts
c conflicts:               1000002     35277.07    per second
c backbone:                1474117     10935.59 %  of vars
c decisions:               3384170    119383.38    per second
c eliminated:                 6639        49.25 %  of all variables
c factored:                    940        25.54 %  of variables
c fixed:                       641         4.76 %  of all variables
c learned:                  964489        96.45 %  per conflict
c learned_lits:           54589252       100.00 %  learned literals
c minimized:                     0         0.00 %  learned literals
c shrunken:                2947690         5.40 %  learned literals
c minishrunken:            7417650        13.59 %  learned literals
c otfs:                      18507         1.85 %  of conflict
c propagations:          182141949         6.43 M  per second
c reduced:                  821171        82.12 %  per conflict
c rephased:                     44     22727.32    interval
c restarts:                  21738        46.00    interval
c stabilizing:                  17        41.58 %  of conflicts
c substituted:                2523        18.72 %  of all variables
c sweep equivs:                671        10.16 %  of swept variables
c subsumed:                  50563         4.64 %  of all clauses
c strengthened:              49640         4.55 %  of all clauses
c ticks:                1824003439        10.23    propagation
c vivified:                  10853         1.00 %  of all clauses
c walked:                       13     76923.23    interval
c weakened:                  44809         2.91    average size
c congruence:                   33     30303.09    interval
c 
c seconds are measured in process time for solving
c 
c --- [ glue usage ] ---------------------------------------------------------
c 
c focused glue 1 used 2888166 clauses 65.39% accumulated 65.39% tier1
c focused glue 2 used 628971 clauses 14.24% accumulated 79.63% tier2
c 
c stable glue 1 used 3313387 clauses 60.96% accumulated 60.96% tier1
c stable glue 2 used 690161 clauses 12.69% accumulated 73.66% tier2
c 
c 
c --- [ resources ] ----------------------------------------------------------
c 
c total process time since initialization:        28.36    seconds
c total real time since initialization:           28.49    seconds
c maximum resident set size of process:        80544.00    MB
c 
c --- [ shutting down ] ------------------------------------------------------
c 
c exit 0
