c --- [ banner ] -------------------------------------------------------------
c 
c CaDiCaL SAT Solver
c Copyright (c) 2016-2025
c A. Biere, M. Fleury, N. Froleyks, K. Fazekas, F. Pollitt, T. Faller
c JKU Linz, University of Freiburg, TU Wien
c 
c Version 3.0.0
c Apple clang version 17.0.0 (clang-1700.6.3.2) -Wall -Wextra -O3 -DNDEBUG -DNCLOSEFROM
c Tue Dec 23 21:53:38 UTC 2025 Darwin Tahoe-arm64.local 25.2.0 arm64
c 
c --- [ limit ] --------------------------------------------------------------
c 
c setting conflict limit to 1000000 conflicts (due to '1000000')
c 
c --- [ parsing input ] ------------------------------------------------------
c 
c reading DIMACS file from 'headline_hunt/bets/cascade_aux_encoding/cnfs/aux_expose_sr60_n32_bit13_m4d9f691c_fill55555555.cnf'
c opening file to read 'headline_hunt/bets/cascade_aux_encoding/cnfs/aux_expose_sr60_n32_bit13_m4d9f691c_fill55555555.cnf'
c found 'p cnf 12592 52657' header
c parsed 52657 clauses in 0.01 seconds process time
c 
c --- [ options ] ------------------------------------------------------------
c 
c   --seed=5                       (different from default '0')
c 
c --- [ solving ] ------------------------------------------------------------
c 
c time measured in process time since initialization
c 
c  seconds  reduction conflicts       size tier2       variables
c         MB    restarts   redundant    glue  trail         remaining
c          level     rate       size/glu tier1  irredundant
c 
c *  0.01  0  0 0   0  0    0    0 0.0 0 0 2 6  0% 52592 12591 100%
c (  0.01  0  0 0   0  0    0    0 0.0 0 0 2 6  0% 52592 12591 100%
c .  0.01  0  0 0   0  0    0    0 0.0 0 0 2 6  0% 52592 12591 100%
c c  0.03  0  0 0   0  0    0    0 0.0 0 0 2 6  0% 50081 11951 95%
c d  0.03  0  0 0   0  0    0    0 0.0 0 0 2 6  0% 45359 10614 84%
c 2  0.03  0  0 0   0  0    0    0 0.0 0 0 2 6  0% 45293 10614 84%
c f  0.05  0  0 0   0  0    0    0 0.0 0 0 2 6  0% 45227 10680 85%
c e  0.06  0  0 0   0  0    0    0 0.0 0 0 2 6  0% 39431 6921 55%
c s  0.06  0  0 0   0  0    0    0 0.0 0 0 2 6  0% 39431 6921 55%
c P  0.07  0  0 0   0  0    0    0 0.0 0 0 2 6  0% 39431 6921 55%
c )  0.07  0  0 0   0  0    0    0 0.0 0 0 2 6  0% 39431 6921 55%
c {  0.07  0  0 0   0  0    0    0 0.0 0 0 2 6  0% 39431 6921 55%
c -  0.07  0 941 1  41 60  300  210 1.4 5 4 2 6 17% 39431 6921 55%
c -  0.08  0 432 2  90 35  733  546 1.5 5 4 2 6 12% 39431 6921 55%
c }  0.08  0 338 2 103 28 1003  756 1.5 6 4 2 6 11% 39431 6921 55%
c [  0.08  0  0 2 103  0 1003  756 0.0 0 0 2 6  0% 39431 6921 55%
c O  0.08  0 1001 2 103 1002 1004  757 2.3 270 115 2 6 44% 39431 6921 55%
c ]  0.09  0 992 2 103 26 1043  796 2.0 211 106 2 6 43% 39431 6921 55%
c {  0.09  0 338 2 103 28 1043  796 1.5 6 4 2 6 11% 39431 6921 55%
c -  0.09  0 276 3 131 24 1409  962 1.6 6 4 2 6 11% 39431 6921 55%
c 
c  seconds   reduction conflicts       size tier2      variables
c         MB     restarts   redundant    glue  trail        remaining
c           level     rate       size/glu tier1  irredundant
c 
c 2  0.09  0 197 3 176 18 2232 1518 1.6 6 4 2 6 10% 39368 6921 55%
c d  0.09  0 197 3 176 18 2232 1267 1.6 6 4 2 6 10% 39261 6822 54%
c c  0.11  0 197 3 176 18 2232 1266 1.6 6 4 2 6 10% 39142 6822 54%
c d  0.11  0 197 3 176 18 2232 1202 1.6 6 4 2 6 10% 39101 6802 54%
c 2  0.11  0 197 3 176 18 2232 1201 1.6 6 4 2 6 10% 39093 6802 54%
c t  0.11  0 197 3 176 18 2232 1201 1.6 6 4 2 6 10% 39092 6802 54%
c -  0.12  0 194 4 188 18 2348 1020 1.6 6 4 2 6 10% 39092 6802 54%
c O  0.12  0 172 4 289 18 3006 1526 1.6 6 4 2 6  8% 39092 6802 54%
c -  0.13  0 167 5 356 18 3560 1740 1.6 6 4 2 6  9% 39092 6802 54%
c s  0.14  0 163 5 422 18 4125 2188 1.6 6 4 2 6 10% 39087 6802 54%
c t  0.14  0 163 5 422 18 4125 2187 1.6 6 4 2 6 10% 39082 6802 54%
c e  0.15  0 163 5 422 18 4125 2068 1.6 6 4 2 6 10% 38993 6413 51%
c ^  0.16  0 163 5 422 18 4125 2068 1.6 6 4 2 6 10% 38993 6413 51%
c d  0.16  0 147 5 471 17 4734 2203 1.6 6 4 2 6  8% 38905 6357 50%
c c  0.17  0 147 5 471 17 4734 2202 1.6 6 4 2 6  8% 38781 6357 50%
c d  0.17  0 147 5 471 17 4734 2114 1.6 6 4 2 6  8% 38745 6339 50%
c 2  0.17  0 147 5 471 17 4734 2113 1.6 6 4 2 6  8% 38739 6339 50%
c =  0.18  0 147 5 471 17 4734 2112 1.6 6 4 2 6  8% 38726 6326 50%
c -  0.18  0 141 6 490 16 5053 1717 1.6 6 4 2 3  8% 38726 6326 50%
c }  0.18  0 137 6 538 16 5430 1990 1.6 6 4 2 3  7% 38721 6326 50%
c 
c  seconds   reduction conflicts        size    tier2      variables
c         MB     restarts   redundant       glue   trail        remaining
c           level     rate       size/glue    tier1  irredundant
c 
c [  0.18  0 992 6 538 26 5430 1990 2.0 211 106 2 6 80% 38721 6326 50%
c I  0.19  0 254 6 538  5 6010 2526 2.0 45 23 11 123 25% 38721 6326 50%
c -  0.20  0 204 7 539  3 6832 2271 1.9 35 19 5 27 21% 38721 6326 50%
c d  0.22  0 198 7 539  3 7337 2623 2.0 40 21 3 13 21% 38699 6312 50%
c c  0.23  0 198 7 539  3 7337 2623 2.0 40 21 3 13 21% 38630 6312 50%
c ]  0.23  0 200 7 540  3 7598 2851 2.0 44 22 3 13 22% 38618 6306 50%
c {  0.23  0 137 7 540 16 7598 2851 1.6 6 4 2 3  7% 38618 6306 50%
c -  0.24  0 122 8 641 15 8903 2684 1.6 6 4 2 3  6% 38616 6306 50%
c #  0.25  0 120 8 745 15 10014 3495 1.6 6 4 2 3  7% 38616 6306 50%
c d  0.25  0 120 8 748 15 10034 3110 1.6 6 4 2 3  7% 38572 6243 50%
c c  0.26  0 120 8 748 15 10034 3110 1.6 6 4 2 3  7% 38360 6243 50%
c d  0.26  0 120 8 748 15 10034 2949 1.6 6 4 2 3  7% 38310 6218 49%
c -  0.28  0 114 9 849 14 11263 2988 1.6 6 4 2 3  7% 38308 6218 49%
c d  0.28  0 107 9 962 13 12818 3590 1.6 6 4 2 3  7% 38303 6152 49%
c c  0.29  0 107 9 962 13 12818 3590 1.6 6 4 2 3  7% 38033 6152 49%
c d  0.30  0 107 9 962 13 12818 3379 1.6 6 4 2 3  7% 37963 6117 49%
c 2  0.30  0 107 9 962 13 12818 3379 1.6 6 4 2 3  7% 37955 6117 49%
c f  0.30  0 107 9 962 13 12818 3379 1.6 6 4 2 3  7% 37951 6119 49%
c -  0.31  0 101 10 1095 13 13921 3280 1.6 6 4 2 3  4% 37951 6119 49%
c s  0.32  0 100 10 1187 13 14542 3223 1.6 7 4 2 3  6% 37038 6119 49%
c 
c  seconds   reductions   conflicts       size tier2      variables
c         MB      restarts     redundant    glue  trail        remaining
c           level       rate        size/glu tier1  irredundant
c 
c t  0.32  0 100 10 1187 13 14542 3223 1.6 7 4 2 3  6% 37037 6119 49%
c e  0.34  0 100 10 1187 13 14542 3035 1.6 7 4 2 3  6% 36981 5944 47%
c s  0.34  0 100 10 1187 13 14542 2912 1.6 7 4 2 3  6% 36890 5944 47%
c e  0.34  0 100 10 1187 13 14542 2912 1.6 7 4 2 3  6% 36837 5935 47%
c B  0.35  0 100 10 1290 13 15019 3334 1.7 7 4 2 3  8% 36837 5935 47%
c }  0.36  0 99 10 1356 14 15343 3611 1.7 7 4 2 3  8% 36837 5935 47%
c [  0.36  0 200 10 1356  3 15343 3611 2.0 44 22 3 13 25% 36837 5935 47%
c 2  0.42  0 189 10 1356  3 15683 3916 2.8 73 26 3 13 30% 36837 5935 47%
c d  0.42  0 189 10 1356  3 15683 3815 2.8 73 26 3 13 30% 36825 5888 47%
c c  0.43  0 189 10 1356  3 15683 3815 2.8 73 26 3 13 30% 36547 5888 47%
c d  0.43  0 189 10 1356  3 15683 3717 2.8 73 26 3 13 30% 36475 5852 46%
c 2  0.43  0 189 10 1356  3 15683 3717 2.8 73 26 3 13 30% 36467 5852 46%
c ]  0.46  0 186 10 1356  3 16068 4054 2.5 75 30 3 13 29% 36467 5852 46%
c {  0.46  0 99 10 1356 14 16068 4054 1.7 7 4 2 3  8% 36467 5852 46%
c -  0.50  0 99 11 1571 14 16871 3536 2.0 11 6 2 3 11% 36467 5852 46%
c }  0.56  0 100 11 1757 15 17577 4195 2.2 16 7 2 3 14% 36467 5852 46%
c [  0.56  0 186 11 1757  3 17577 4195 2.5 75 30 3 13 29% 36467 5852 46%
c ]  0.68  0 178 11 1757  2 18154 4747 2.8 103 37 3 13 35% 36467 5852 46%
c {  0.68  0 100 11 1757 15 18154 4747 2.2 16 7 2 3 14% 36467 5852 46%
c p  0.79  0 101 11 1875 15 18624 5709 2.5 27 11 2 3 21% 36467 5852 46%
c 
c  seconds   reductions   conflicts       size   tier2      variables
c         MB      restarts     redundant     glue   trail        remaining
c           level       rate        size/glue  tier1  irredundant
c 
c u  0.81  0 101 11 1875 15 18624 4667 2.5 27 11 2 3 21% 36467 5852 46%
c v  0.81  0 101 11 1875 15 18624 4457 2.5 27 11 2 3 21% 36467 5852 46%
c w  0.82  0 101 11 1875 15 18624 4455 2.5 27 11 2 3 21% 36467 5852 46%
c x  0.82  0 101 11 1875 15 18624 4455 2.5 27 11 2 3 21% 36372 5852 46%
c t  0.82  0 101 11 1875 15 18624 4451 2.5 27 11 2 3 21% 36372 5852 46%
c f  0.84  0 101 11 1875 15 18624 4435 2.5 27 11 2 3 21% 36296 5896 47%
c }  0.88  0 101 11 2004 15 19280 5057 2.6 30 12 2 3 22% 36296 5896 47%
c [  0.88  0 178 11 2004  2 19280 5057 2.8 103 37 3 13 34% 36296 5896 47%
c -  1.04  0 169 12 2005  2 20118 3340 3.0 129 42 3 13 39% 36296 5896 47%
c B  1.05  0 164 12 2005  2 21020 4207 2.9 114 40 3 13 34% 36296 5896 47%
c ]  1.09  0 163 12 2006  2 21339 4501 2.8 117 42 3 13 35% 36296 5896 47%
c {  1.09  0 101 12 2006 15 21339 4501 2.6 30 12 2 3 22% 36296 5896 47%
c d  1.10  0 101 12 2023 15 21636 4734 2.6 30 12 1 2 22% 36290 5889 47%
c p  1.10  0 101 12 2023 15 21636 4831 2.6 30 12 1 2 22% 36290 5889 47%
c 2  1.10  0 101 12 2023 15 21636 4831 2.6 30 12 1 2 22% 36288 5889 47%
c f  1.11  0 101 12 2023 15 21636 4829 2.6 30 12 1 2 21% 36224 5914 47%
c -  1.19  0 103 13 2324 15 23664 3953 2.5 32 13 1 2 22% 36224 5914 47%
c d  1.25  0 104 13 2529 16 24713 4902 2.6 34 13 1 2 22% 36224 5913 47%
c p  1.25  0 104 13 2529 16 24713 5155 2.6 34 13 1 2 22% 36224 5913 47%
c c  1.26  0 104 13 2529 16 24713 5155 2.6 34 13 1 2 22% 36223 5913 47%
c 
c  seconds   reductions   conflicts       size   tier2      variables
c         MB      restarts     redundant     glue   trail        remaining
c           level       rate        size/glue  tier1  irredundant
c 
c d  1.26  0 104 13 2529 16 24713 5154 2.6 34 13 1 2 22% 36221 5912 47%
c 2  1.27  0 104 13 2529 16 24713 5154 2.6 34 13 1 2 22% 36219 5912 47%
c u  1.28  0 104 13 2529 16 24713 4507 2.6 34 13 1 2 22% 36219 5912 47%
c v  1.29  0 104 13 2529 16 24713 4231 2.6 34 13 1 2 22% 36219 5912 47%
c w  1.29  0 104 13 2529 16 24713 4231 2.6 34 13 1 2 22% 36219 5912 47%
c f  1.30  0 104 13 2529 16 24713 4229 2.6 34 13 1 2 22% 36217 5914 47%
c }  1.38  0 105 13 2688 16 25503 4978 2.6 39 15 1 2 24% 36217 5914 47%
c [  1.38  0 163 13 2688  2 25503 4978 2.8 117 42 3 13 35% 36217 5914 47%
c ]  1.67  0 161 13 2689  2 26831 6259 2.9 150 52 3 13 42% 36217 5914 47%
c {  1.67  0 105 13 2689 16 26831 6259 2.6 39 15 1 2 24% 36217 5914 47%
c -  1.73  0 105 14 2856 16 27509 4033 2.6 42 16 1 2 24% 36217 5914 47%
c d  1.76  0 105 14 2940 16 27851 4351 2.6 43 16 1 2 24% 36217 5912 47%
c p  1.76  0 105 14 2940 16 27851 4827 2.6 43 16 1 2 24% 36217 5912 47%
c c  1.77  0 105 14 2940 16 27851 4827 2.6 43 16 1 2 24% 36205 5912 47%
c d  1.77  0 105 14 2940 16 27851 4823 2.6 43 16 1 2 24% 36199 5909 47%
c 2  1.77  0 105 14 2940 16 27851 4823 2.6 43 16 1 2 24% 36195 5909 47%
c u  1.77  0 105 14 2940 16 27851 4455 2.6 43 16 1 2 24% 36195 5909 47%
c v  1.78  0 105 14 2940 16 27851 4274 2.6 43 16 1 2 24% 36195 5909 47%
c w  1.78  0 105 14 2940 16 27851 4272 2.6 43 16 1 2 24% 36195 5909 47%
c x  1.78  0 105 14 2940 16 27851 4272 2.6 43 16 1 2 24% 36145 5909 47%
c 
c  seconds   reductions   conflicts       size   tier2      variables
c         MB      restarts     redundant     glue   trail        remaining
c           level       rate        size/glue  tier1  irredundant
c 
c f  1.79  0 105 14 2940 16 27851 4206 2.6 43 16 1 2 24% 36171 5929 47%
c W  1.83  0 105 14 2967 16 28021 4360 2.6 43 16 1 2 24% 36171 5929 47%
c s  1.92  0 107 14 3233 16 30347 6497 2.6 45 17 1 2 24% 35951 5929 47%
c t  1.92  0 107 14 3233 16 30347 6497 2.6 45 17 1 2 24% 35945 5929 47%
c e  1.93  0 107 14 3233 16 30347 6093 2.6 45 17 1 2 24% 35944 5877 47%
c s  1.93  0 107 14 3233 16 30347 6073 2.6 45 17 1 2 24% 35899 5877 47%
c e  1.93  0 107 14 3233 16 30347 6073 2.6 45 17 1 2 24% 35896 5876 47%
c -  1.99  0 106 15 3386 16 31655 4439 2.6 46 17 1 2 24% 35896 5876 47%
c 2  1.99  0 106 15 3386 16 31655 4431 2.6 46 17 1 2 24% 35896 5876 47%
c d  1.99  0 106 15 3386 16 31655 4418 2.6 46 17 1 2 24% 35885 5866 47%
c c  2.00  0 106 15 3386 16 31655 4418 2.6 46 17 1 2 24% 35865 5866 47%
c d  2.00  0 106 15 3386 16 31655 4411 2.6 46 17 1 2 24% 35859 5863 47%
c t  2.00  0 106 15 3386 16 31655 4411 2.6 46 17 1 2 24% 35858 5863 47%
c f  2.00  0 106 15 3386 16 31655 4409 2.6 46 17 1 2 23% 35815 5883 47%
c }  2.07  0 108 15 3543 16 33737 6205 2.6 46 18 1 2 23% 35815 5883 47%
c [  2.07  0 161 15 3543  2 33737 6205 2.9 150 52 3 13 41% 35815 5883 47%
c W  2.48  0 151 15 3544  2 36024 8444 3.2 173 53 3 13 45% 35815 5883 47%
c -  2.49  0 150 16 3544  2 36103 5190 3.2 171 53 3 13 44% 35815 5883 47%
c p  2.49  0 150 16 3544  2 36103 5520 3.2 171 53 3 13 44% 35815 5877 47%
c c  2.50  0 150 16 3544  2 36103 5520 3.2 171 53 3 13 44% 35763 5877 47%
c 
c  seconds   reductions   conflicts        size   tier2       variables
c         MB      restarts     redundant      glue    trail        remaining
c           level       rate        size/glue   tier1   irredundant
c 
c u  2.51  0 150 16 3544  2 36103 4855 3.2 171 53 3 13 44% 35748 5870 47%
c v  2.51  0 150 16 3544  2 36103 4571 3.2 171 53 3 13 44% 35748 5870 47%
c w  2.51  0 150 16 3544  2 36103 4571 3.2 171 53 3 13 44% 35748 5870 47%
c t  2.51  0 150 16 3544  2 36103 4571 3.2 171 53 3 13 44% 35747 5870 47%
c f  2.52  0 150 16 3544  2 36103 4567 3.2 171 53 3 13 44% 35745 5873 47%
c ]  2.53  0 149 16 3544  2 36238 4697 3.2 171 53 3 13 44% 35745 5873 47%
c {  2.53  0 108 16 3544 16 36238 4697 2.6 46 18 1 2 23% 35745 5873 47%
c -  2.78  0 107 17 4118 15 40853 5284 2.6 51 19 1 2 24% 35745 5873 47%
c d  2.78  0 107 17 4118 15 40853 5272 2.6 51 19 1 2 24% 35745 5869 47%
c p  2.78  0 107 17 4118 15 40853 5468 2.6 51 19 1 2 24% 35745 5869 47%
c c  2.79  0 107 17 4118 15 40853 5468 2.6 51 19 1 2 24% 35722 5869 47%
c d  2.79  0 107 17 4118 15 40853 5457 2.6 51 19 1 2 24% 35716 5866 47%
c 2  2.80  0 107 17 4118 15 40853 5456 2.6 51 19 1 2 24% 35714 5866 47%
c =  2.82  0 107 17 4118 15 40853 5456 2.6 51 19 1 2 24% 35714 5865 47%
c u  2.82  0 107 17 4118 15 40853 5081 2.6 51 19 1 2 24% 35714 5865 47%
c v  2.82  0 107 17 4118 15 40853 4857 2.6 51 19 1 2 24% 35714 5865 47%
c w  2.82  0 107 17 4118 15 40853 4856 2.6 51 19 1 2 24% 35714 5865 47%
c f  2.83  0 107 17 4118 15 40853 4852 2.6 51 19 1 2 24% 35714 5867 47%
c }  3.00  0 108 17 4513 15 43907 7663 2.6 53 20 1 2 24% 35714 5867 47%
c [  3.00  0 149 17 4513  2 43907 7663 3.2 171 53 3 13 44% 35714 5867 47%
c 
c  seconds   reductions   conflicts        size   tier2       variables
c         MB      restarts     redundant      glue    trail        remaining
c           level       rate        size/glue   tier1   irredundant
c 
c O  3.35  0 147 17 4513  2 45026 8758 3.4 183 54 3 13 47% 35714 5867 47%
c -  3.50  0 145 18 4513  2 45906 5733 3.3 185 56 3 13 48% 35714 5867 47%
c d  3.50  0 145 18 4513  2 45906 5718 3.3 185 56 3 13 48% 35713 5861 47%
c p  3.50  0 145 18 4513  2 45906 6052 3.3 185 56 3 13 48% 35713 5861 47%
c c  3.51  0 145 18 4513  2 45906 6052 3.3 185 56 3 13 48% 35674 5861 47%
c d  3.51  0 145 18 4513  2 45906 6036 3.3 185 56 3 13 48% 35660 5854 46%
c 2  3.51  0 145 18 4513  2 45906 6036 3.3 185 56 3 13 48% 35658 5854 46%
c u  3.52  0 145 18 4513  2 45906 5566 3.3 185 56 3 13 48% 35658 5854 46%
c v  3.52  0 145 18 4513  2 45906 5295 3.3 185 56 3 13 48% 35658 5854 46%
c w  3.52  0 145 18 4513  2 45906 5292 3.3 185 56 3 13 48% 35658 5854 46%
c x  3.53  0 145 18 4513  2 45906 5291 3.3 185 56 3 13 48% 35586 5854 46%
c t  3.53  0 145 18 4513  2 45906 5290 3.3 185 56 3 13 48% 35567 5854 46%
c f  3.53  0 145 18 4513  2 45906 5278 3.3 185 56 3 13 48% 35565 5861 47%
c ]  3.57  0 146 18 4514  2 47139 6451 3.2 174 55 3 13 45% 35565 5861 47%
c {  3.57  0 108 18 4514 15 47139 6451 2.6 53 20 1 2 24% 35565 5861 47%
c s  3.84  0 109 18 5148 16 51239 10095 2.6 56 21 1 2 24% 35467 5861 47%
c e  3.85  0 109 18 5148 16 51239 9721 2.6 56 21 1 2 24% 35463 5828 46%
c s  3.85  0 109 18 5148 16 51239 9688 2.6 56 21 1 2 24% 35448 5828 46%
c -  3.86  0 109 19 5148 16 51265 5946 2.6 56 21 1 2 24% 35447 5828 46%
c 2  3.86  0 109 19 5148 16 51265 5945 2.6 56 21 1 2 24% 35447 5828 46%
c 
c  seconds   reductions   conflicts       size   tier2      variables
c         MB      restarts     redundant     glue   trail        remaining
c           level       rate        size/glue  tier1  irredundant
c 
c d  3.86  0 109 19 5148 16 51265 5938 2.6 56 21 1 2 24% 35446 5824 46%
c p  3.86  0 109 19 5148 16 51265 6245 2.6 56 21 1 2 24% 35446 5824 46%
c c  3.87  0 109 19 5148 16 51265 6245 2.6 56 21 1 2 24% 35426 5824 46%
c d  3.87  0 109 19 5148 16 51265 6243 2.6 56 21 1 2 24% 35420 5821 46%
c 2  3.87  0 109 19 5148 16 51265 6243 2.6 56 21 1 2 24% 35418 5821 46%
c =  3.89  0 109 19 5148 16 51265 6235 2.6 56 21 1 2 24% 35416 5813 46%
c u  3.90  0 109 19 5148 16 51265 5823 2.6 56 21 1 2 24% 35415 5813 46%
c v  3.90  0 109 19 5148 16 51265 5622 2.6 56 21 1 2 24% 35415 5813 46%
c t  3.90  0 109 19 5148 16 51265 5621 2.6 56 21 1 2 24% 35415 5813 46%
c 2  3.90  0 109 19 5148 16 51265 5618 2.6 56 21 1 2 24% 35415 5813 46%
c f  3.91  0 109 19 5148 16 51265 5614 2.6 56 21 1 2 24% 35409 5818 46%
c }  4.15  0 111 19 5658 16 54805 8901 2.6 60 23 1 2 25% 35409 5818 46%
c [  4.15  0 146 19 5658  2 54805 8901 3.2 174 55 3 13 45% 35409 5818 46%
c B  4.21  0 146 19 5658  2 55028 9122 3.2 176 55 3 13 45% 35409 5818 46%
c -  4.42  0 146 20 5660  2 56928 6493 3.1 175 57 3 13 45% 35409 5818 46%
c p  4.43  0 146 20 5660  2 56928 6784 3.1 175 57 3 13 45% 35409 5817 46%
c c  4.44  0 146 20 5660  2 56928 6784 3.1 175 57 3 13 45% 35403 5817 46%
c =  4.47  0 146 20 5660  2 56928 6779 3.1 175 57 3 13 45% 35401 5815 46%
c u  4.48  0 146 20 5660  2 56928 6287 3.1 175 57 3 13 45% 35401 5815 46%
c v  4.48  0 146 20 5660  2 56928 6038 3.1 175 57 3 13 45% 35401 5815 46%
c 
c  seconds   reductions   conflicts        size   tier2       variables
c         MB      restarts     redundant      glue    trail        remaining
c           level       rate        size/glue   tier1   irredundant
c 
c w  4.48  0 146 20 5660  2 56928 6036 3.1 175 57 3 13 45% 35401 5815 46%
c x  4.48  0 146 20 5660  2 56928 6036 3.1 175 57 3 13 45% 35327 5815 46%
c 2  4.49  0 146 20 5660  2 56928 6035 3.1 175 57 3 13 45% 35327 5815 46%
c f  4.49  0 146 20 5660  2 56928 6033 3.1 175 57 3 13 45% 35327 5816 46%
c ]  4.89  0 144 20 5661  1 59131 8097 3.0 181 61 3 13 46% 35327 5816 46%
c {  4.89  0 111 20 5661 16 59131 8097 2.6 60 23 1 2 25% 35327 5816 46%
c -  5.10  0 112 21 6114 16 62892 6782 2.6 61 24 1 2 25% 35327 5816 46%
c p  5.11  0 112 21 6114 16 62892 7055 2.6 61 24 1 2 25% 35327 5811 46%
c c  5.12  0 112 21 6114 16 62892 7055 2.6 61 24 1 2 25% 35285 5811 46%
c d  5.12  0 112 21 6114 16 62892 7039 2.6 61 24 1 2 25% 35273 5805 46%
c 2  5.12  0 112 21 6114 16 62892 7038 2.6 61 24 1 2 25% 35271 5805 46%
c =  5.16  0 112 21 6114 16 62892 6807 2.6 61 24 1 2 25% 35269 5664 45%
c u  5.17  0 112 21 6114 16 62892 6227 2.6 61 24 1 2 25% 35239 5664 45%
c v  5.17  0 112 21 6114 16 62892 5999 2.6 61 24 1 2 25% 35239 5664 45%
c w  5.17  0 112 21 6114 16 62892 5999 2.6 61 24 1 2 25% 35239 5664 45%
c x  5.17  0 112 21 6114 16 62892 5999 2.6 61 24 1 2 25% 35121 5664 45%
c 2  5.17  0 112 21 6114 16 62892 5996 2.6 61 24 1 2 25% 35104 5664 45%
c f  5.18  0 112 21 6114 16 62892 5996 2.6 61 24 1 2 25% 35096 5668 45%
c F  5.36  0 114 21 6454 16 66036 8943 2.6 62 24 1 2 26% 35096 5668 45%
c -  5.51  0 114 22 6774 15 69161 7018 2.6 63 24 1 2 26% 35096 5668 45%
c 
c  seconds   reductions   conflicts       size   tier2      variables
c         MB      restarts     redundant     glue   trail        remaining
c           level       rate        size/glue  tier1  irredundant
c 
c d  5.51  0 114 22 6774 15 69161 7009 2.6 63 24 1 2 26% 35092 5664 45%
c p  5.51  0 114 22 6774 15 69161 7289 2.6 63 24 1 2 26% 35092 5664 45%
c c  5.52  0 114 22 6774 15 69161 7289 2.6 63 24 1 2 26% 35081 5664 45%
c d  5.52  0 114 22 6774 15 69161 7286 2.6 63 24 1 2 26% 35075 5661 45%
c 2  5.53  0 114 22 6774 15 69161 7285 2.6 63 24 1 2 26% 35073 5661 45%
c =  5.55  0 114 22 6774 15 69161 7190 2.6 63 24 1 2 26% 35071 5478 44%
c u  5.56  0 114 22 6774 15 69161 6596 2.6 63 24 1 2 26% 34914 5478 44%
c v  5.56  0 114 22 6774 15 69161 6351 2.6 63 24 1 2 26% 34914 5478 44%
c w  5.56  0 114 22 6774 15 69161 6351 2.6 63 24 1 2 26% 34914 5478 44%
c t  5.56  0 114 22 6774 15 69161 6351 2.6 63 24 1 2 26% 34913 5478 44%
c 2  5.56  0 114 22 6774 15 69161 6343 2.6 63 24 1 2 26% 34903 5478 44%
c f  5.57  0 114 22 6774 15 69161 6343 2.6 63 24 1 2 25% 34885 5487 44%
c -  5.68  0 116 23 6799 14 75735 7139 2.6 60 23 1 2 36% 34885 5487 44%
c d  5.68  0 116 23 6799 14 75735 7135 2.6 60 23 1 2 36% 34885 5485 44%
c c  5.69  0 116 23 6799 14 75735 7134 2.6 60 23 1 2 36% 34837 5485 44%
c d  5.69  0 116 23 6799 14 75735 7131 2.6 60 23 1 2 36% 34821 5477 43%
c 2  5.69  0 116 23 6799 14 75735 7130 2.6 60 23 1 2 36% 34819 5477 43%
c =  5.70  0 116 23 6799 14 75735 7108 2.6 60 23 1 2 36% 34729 5435 43%
c }  5.71  0 116 23 6799 13 75884 7241 2.6 60 23 1 2 35% 34729 5435 43%
c [  5.71  0 144 23 6799  1 75884 7241 3.0 181 61 3 13 53% 34729 5435 43%
c 
c  seconds   reductions   conflicts        size   tier2       variables
c         MB      restarts     redundant      glue    trail        remaining
c           level       rate        size/glue   tier1   irredundant
c 
c s  5.73  0 143 23 6800  2 77285 8523 2.9 169 57 3 13 51% 32414 5435 43%
c e  5.74  0 143 23 6800  2 77285 7758 2.9 169 57 3 13 51% 29666 4949 39%
c s  5.74  0 143 23 6800  2 77285 7717 2.9 169 57 3 13 51% 29627 4949 39%
c W  5.82  0 141 23 6801  2 78038 8432 2.9 163 56 3 13 50% 29626 4949 39%
c -  5.90  0 137 24 6802  1 82614 7165 2.9 138 47 3 13 44% 29626 4949 39%
c 2  5.90  0 137 24 6802  1 82614 7164 2.9 138 47 3 13 44% 29626 4949 39%
c p  5.90  0 137 24 6802  1 82614 7172 2.9 138 47 3 13 44% 29626 4949 39%
c t  5.92  0 137 24 6802  1 82614 7172 2.9 138 47 3 13 44% 29620 4949 39%
c f  5.92  0 137 24 6802  1 82614 7172 2.9 138 47 3 13 44% 29618 4950 39%
c -  6.04  0 136 25 6803  1 89800 7443 2.8 113 40 3 13 39% 29618 4950 39%
c p  6.04  0 136 25 6803  1 89800 7464 2.8 113 40 3 13 39% 29618 4950 39%
c u  6.04  0 136 25 6803  1 89800 7074 2.8 113 40 3 13 39% 29618 4950 39%
c v  6.05  0 136 25 6803  1 89800 6953 2.8 113 40 3 13 39% 29618 4950 39%
c w  6.05  0 136 25 6803  1 89800 6951 2.8 113 40 3 13 39% 29618 4950 39%
c x  6.05  0 136 25 6803  1 89800 6951 2.8 113 40 3 13 39% 29575 4950 39%
c f  6.05  0 136 25 6803  1 89800 6945 2.8 113 40 3 13 39% 29579 4951 39%
c I  6.07  0 136 25 6803  1 91039 8061 2.8 109 39 3 13 39% 29579 4951 39%
c -  6.16  0 132 26 6807  1 97295 7485 2.7 96 35 3 13 36% 29579 4951 39%
c p  6.16  0 132 26 6807  1 97295 7502 2.7 96 35 3 13 36% 29579 4951 39%
c =  6.18  0 132 26 6807  1 97295 7501 2.7 96 35 3 13 36% 29579 4949 39%
c 
c  seconds   reductions   conflicts         size   tier2       variables
c         MB      restarts       redundant     glue    trail        remaining
c           level       rate          size/glue  tier1   irredundant
c 
c B  6.30  0 129 26 6810  1 105042 14692 2.6 86 33 3 13 34% 29579 4949 39%
c -  6.30  0 129 27 6810  1 105093 7942 2.6 86 33 3 13 34% 29579 4949 39%
c p  6.30  0 129 27 6810  1 105093 7975 2.6 86 33 3 13 34% 29579 4949 39%
c =  6.31  0 129 27 6810  1 105093 7931 2.6 86 33 3 13 34% 29579 4935 39%
c t  6.31  0 129 27 6810  1 105093 7930 2.6 86 33 3 13 34% 29575 4935 39%
c 2  6.31  0 129 27 6810  1 105093 7929 2.6 86 33 3 13 34% 29575 4935 39%
c s  6.40  0 128 27 6813  1 108265 10856 2.6 84 32 3 13 35% 29465 4935 39%
c e  6.41  0 128 27 6813  1 108265 10819 2.6 84 32 3 13 35% 29387 4913 39%
c s  6.41  0 128 27 6813  1 108265 10800 2.6 84 32 3 13 35% 29379 4913 39%
c -  6.50  0 127 28 6816  1 113197 8598 2.6 79 31 3 13 34% 29379 4913 39%
c 2  6.50  0 127 28 6816  1 113197 8597 2.6 79 31 3 13 34% 29379 4913 39%
c p  6.50  0 127 28 6816  1 113197 8676 2.6 79 31 3 13 34% 29379 4913 39%
c =  6.51  0 127 28 6816  1 113197 8626 2.6 79 31 3 13 34% 29369 4815 38%
c u  6.51  0 127 28 6816  1 113197 8151 2.6 79 31 3 13 34% 29358 4815 38%
c v  6.52  0 127 28 6816  1 113197 7921 2.6 79 31 3 13 34% 29358 4815 38%
c w  6.52  0 127 28 6816  1 113197 7918 2.6 79 31 3 13 34% 29358 4815 38%
c 2  6.52  0 127 28 6816  1 113197 7912 2.6 79 31 3 13 34% 29344 4815 38%
c f  6.52  0 127 28 6816  1 113197 7909 2.6 79 31 3 13 34% 29335 4821 38%
c W  6.64  0 128 28 6818  1 120044 14292 2.5 73 29 3 13 32% 29335 4821 38%
c -  6.66  0 128 29 6818  1 121608 8677 2.5 72 28 3 13 31% 29335 4821 38%
c 
c  seconds   reductions   conflicts        size   tier2       variables
c         MB      restarts      redundant     glue    trail        remaining
c           level       rate         size/glue  tier1   irredundant
c 
c p  6.67  0 128 29 6818  1 121608 8706 2.5 72 28 3 13 31% 29335 4821 38%
c =  6.68  0 128 29 6818  1 121608 8701 2.5 72 28 3 13 31% 29331 4793 38%
c 2  6.69  0 128 29 6818  1 121608 8700 2.5 72 28 3 13 31% 29329 4793 38%
c f  6.69  0 128 29 6818  1 121608 8698 2.5 72 28 3 13 31% 29326 4795 38%
c ]  6.75  0 127 29 6818  1 126071 12815 2.5 69 27 3 13 34% 29326 4795 38%
c {  6.75  0 116 29 6818 13 126071 12815 2.6 60 23 1 2 39% 29326 4795 38%
c -  6.80  0 117 30 6826 12 130327 9131 2.6 57 22 1 2 36% 29326 4795 38%
c B  6.88  0 114 30 6828 11 136045 14464 2.5 54 21 1 2 30% 29326 4795 38%
c -  6.91  0 114 31 6833 11 139352 9622 2.5 52 21 1 2 29% 29326 4795 38%
c p  6.91  0 114 31 6833 11 139352 9622 2.5 52 21 1 2 29% 29326 4795 38%
c u  6.92  0 114 31 6833 11 139352 9221 2.5 52 21 1 2 29% 29319 4795 38%
c v  6.92  0 114 31 6833 11 139352 8982 2.5 52 21 1 2 29% 29319 4795 38%
c s  6.97  0 112 31 6835 10 144387 13454 2.5 50 20 1 2 27% 28478 4795 38%
c e  6.98  0 112 31 6835 10 144387 13116 2.5 50 20 1 2 27% 26622 4516 36%
c s  6.98  0 112 31 6835 10 144387 13099 2.5 50 20 1 2 27% 26578 4516 36%
c e  6.98  0 112 31 6835 10 144387 12660 2.5 50 20 1 2 27% 24800 4246 34%
c -  7.04  0 110 32 6839  9 148684 9503 2.5 48 19 1 2 30% 24800 4246 34%
c f  7.05  0 110 32 6839  9 148684 9503 2.5 48 19 1 2 30% 24796 4248 34%
c W  7.10  0 110 32 6864  9 153046 13448 2.5 47 19 1 2 31% 24796 4248 34%
c -  7.15  0 107 33 6869  8 158324 10591 2.5 45 18 1 2 27% 24796 4248 34%
c 
c  seconds   reductions   conflicts         size   tier2      variables
c         MB      restarts       redundant     glue   trail        remaining
c           level       rate          size/glue  tier1  irredundant
c 
c -  7.25  0 104 34 6907  7 168272 11715 2.4 41 17 1 2 26% 24796 4248 34%
c u  7.26  0 104 34 6907  7 168272 11485 2.4 41 17 1 2 26% 24796 4248 34%
c v  7.26  0 104 34 6907  7 168272 11378 2.4 41 17 1 2 26% 24796 4248 34%
c w  7.26  0 104 34 6907  7 168272 11378 2.4 41 17 1 2 26% 24796 4248 34%
c x  7.26  0 104 34 6907  7 168272 11378 2.4 41 17 1 2 26% 24768 4248 34%
c #  7.29  0 104 34 6913  7 171047 13881 2.4 40 17 1 2 25% 24768 4248 34%
c -  7.35  0 101 35 6937  6 178528 12549 2.4 38 16 1 2 24% 24768 4248 34%
c p  7.36  0 101 35 6937  6 178528 12570 2.4 38 16 1 2 24% 24768 4248 34%
c f  7.37  0 101 35 6937  6 178528 12563 2.4 38 16 1 2 24% 24773 4249 34%
c s  7.44  0 101 35 6987  6 185126 18483 2.4 37 15 1 2 25% 24772 4249 34%
c t  7.44  0 101 35 6987  6 185126 18481 2.4 37 15 1 2 25% 24772 4249 34%
c e  7.44  0 101 35 6987  6 185126 18208 2.4 37 15 1 2 25% 24775 4246 34%
c s  7.44  0 101 35 6987  6 185126 18137 2.4 37 15 1 2 25% 24772 4246 34%
c -  7.49  0 99 36 6998  6 189091 13529 2.4 36 15 1 2 25% 24771 4246 34%
c 2  7.49  0 99 36 6998  6 189091 13526 2.4 36 15 1 2 25% 24771 4246 34%
c p  7.49  0 99 36 6998  6 189091 13574 2.4 36 15 1 2 25% 24771 4246 34%
c f  7.49  0 99 36 6998  6 189091 13554 2.4 36 15 1 2 25% 24779 4251 34%
c B  7.50  0 99 36 7005  6 190050 14411 2.4 36 15 1 2 25% 24779 4251 34%
c -  7.60  0 98 37 7077  5 199963 14639 2.4 34 15 1 2 25% 24779 4251 34%
c p  7.60  0 98 37 7077  5 199963 14695 2.4 34 15 1 2 25% 24779 4251 34%
c 
c  seconds  reductions   conflicts         size   tier2      variables
c         MB     restarts       redundant     glue   trail        remaining
c          level       rate          size/glue  tier1  irredundant
c 
c u  7.61  0 98 37 7077  5 199963 14246 2.4 34 15 1 2 25% 24779 4251 34%
c v  7.61  0 98 37 7077  5 199963 14059 2.4 34 15 1 2 25% 24779 4251 34%
c w  7.61  0 98 37 7077  5 199963 14059 2.4 34 15 1 2 25% 24779 4251 34%
c t  7.61  0 98 37 7077  5 199963 14058 2.4 34 15 1 2 25% 24779 4251 34%
c f  7.62  0 98 37 7077  5 199963 14051 2.4 34 15 1 2 25% 24782 4253 34%
c W  7.72  0 96 37 7144  5 210052 23131 2.3 33 14 1 2 25% 24782 4253 34%
c }  7.72  0 96 37 7145  5 210789 23795 2.3 32 14 1 2 24% 24782 4253 34%
c [  7.72  0 127 37 7145  1 210789 23795 2.5 69 27 3 13 40% 24782 4253 34%
c -  7.73  0 127 38 7145  1 211142 15230 2.5 69 27 3 13 39% 24782 4253 34%
c p  7.73  0 127 38 7145  1 211142 15232 2.5 69 27 3 13 39% 24782 4253 34%
c t  7.74  0 127 38 7145  1 211142 15232 2.5 69 27 3 13 39% 24781 4253 34%
c -  8.23  0 122 39 7146  1 222630 15225 2.6 74 28 3 13 40% 24781 4253 34%
c p  8.23  0 122 39 7146  1 222630 15376 2.6 74 28 3 13 40% 24781 4253 34%
c =  8.27  0 122 39 7146  1 222630 15376 2.6 74 28 3 13 40% 24779 4251 34%
c u  8.27  0 122 39 7146  1 222630 14628 2.6 74 28 3 13 40% 24779 4251 34%
c v  8.28  0 122 39 7146  1 222630 14277 2.6 74 28 3 13 40% 24779 4251 34%
c w  8.28  0 122 39 7146  1 222630 14275 2.6 74 28 3 13 40% 24779 4251 34%
c 2  8.28  0 122 39 7146  1 222630 14273 2.6 74 28 3 13 40% 24779 4251 34%
c f  8.28  0 122 39 7146  1 222630 14270 2.6 74 28 3 13 40% 24780 4252 34%
c s  8.45  0 122 39 7149  1 230929 21927 2.6 72 28 3 13 39% 24779 4252 34%
c 
c  seconds   reductions   conflicts         size   tier2       variables
c         MB      restarts       redundant     glue    trail        remaining
c           level       rate          size/glue  tier1   irredundant
c 
c e  8.45  0 122 39 7149  1 230929 21468 2.6 72 28 3 13 39% 24778 4245 34%
c s  8.46  0 122 39 7149  1 230929 21426 2.6 72 28 3 13 39% 24776 4245 34%
c O  8.46  0 122 39 7149  1 231055 21539 2.6 71 28 3 13 39% 24775 4245 34%
c -  8.51  0 121 40 7151  1 234429 13819 2.6 70 27 3 13 38% 24775 4245 34%
c 2  8.51  0 121 40 7151  1 234429 13818 2.6 70 27 3 13 38% 24775 4245 34%
c p  8.51  0 121 40 7151  1 234429 13831 2.6 70 27 3 13 38% 24775 4245 34%
c ]  8.73  0 123 40 7156  1 244927 23818 2.4 67 28 3 13 36% 24775 4245 34%
c {  8.73  0 96 40 7156  5 244927 23818 2.3 32 14 1 2 24% 24775 4245 34%
c -  8.75  0 96 41 7180  5 246533 14929 2.3 32 14 1 2 24% 24775 4245 34%
c p  8.75  0 96 41 7180  5 246533 15046 2.3 32 14 1 2 24% 24775 4245 34%
c u  8.77  0 96 41 7180  5 246533 14690 2.3 32 14 1 2 24% 24775 4245 34%
c v  8.77  0 96 41 7180  5 246533 14483 2.3 32 14 1 2 24% 24775 4245 34%
c w  8.77  0 96 41 7180  5 246533 14483 2.3 32 14 1 2 24% 24775 4245 34%
c F  8.83  0 94 41 7203  4 253057 20341 2.3 31 13 1 2 24% 24775 4245 34%
c -  8.90  0 93 42 7237  4 258946 15944 2.3 31 13 1 2 24% 24775 4245 34%
c p  8.90  0 93 42 7237  4 258946 15946 2.3 31 13 1 2 24% 24775 4245 34%
c t  8.90  0 93 42 7237  4 258946 15940 2.3 31 13 1 2 24% 24774 4245 34%
c -  9.06  0 91 43 7398  4 271668 17429 2.3 29 13 1 2 24% 24774 4245 34%
c p  9.06  0 91 43 7398  4 271668 17436 2.3 29 13 1 2 24% 24774 4245 34%
c u  9.06  0 91 43 7398  4 271668 17295 2.3 29 13 1 2 24% 24774 4245 34%
c 
c  seconds  reductions   conflicts         size   tier2      variables
c         MB     restarts       redundant     glue   trail        remaining
c          level       rate          size/glue  tier1  irredundant
c 
c v  9.06  0 91 43 7398  4 271668 17200 2.3 29 13 1 2 24% 24774 4245 34%
c w  9.06  0 91 43 7398  4 271668 17200 2.3 29 13 1 2 24% 24774 4245 34%
c x  9.07  0 91 43 7398  4 271668 17200 2.3 29 13 1 2 24% 24767 4245 34%
c t  9.07  0 91 43 7398  4 271668 17200 2.3 29 13 1 2 24% 24757 4245 34%
c B  9.12  0 91 43 7432  4 276060 21178 2.3 29 13 1 2 24% 24757 4245 34%
c s  9.18  0 89 43 7473  4 281830 26160 2.3 28 12 1 2 23% 24757 4245 34%
c s  9.19  0 89 43 7473  4 281830 26088 2.3 28 12 1 2 23% 24757 4245 34%
c ^  9.19  0 89 43 7473  4 281830 26088 2.3 28 12 1 2 23% 24757 4245 34%
c -  9.23  0 89 44 7507  4 284698 18459 2.3 28 12 1 2 23% 24757 4245 34%
c p  9.23  0 89 44 7507  4 284698 18496 2.3 28 12 1 2 23% 24757 4245 34%
c -  9.41  0 88 45 7700  4 298037 19738 2.2 27 12 1 2 23% 24757 4245 34%
c p  9.41  0 88 45 7700  4 298037 19807 2.2 27 12 1 2 23% 24757 4245 34%
c u  9.41  0 88 45 7700  4 298037 19489 2.2 27 12 1 2 23% 24757 4245 34%
c v  9.42  0 88 45 7700  4 298037 19332 2.2 27 12 1 2 23% 24757 4245 34%
c w  9.42  0 88 45 7700  4 298037 19332 2.2 27 12 1 2 23% 24757 4245 34%
c W  9.48  0 88 45 7723  4 300062 21216 2.2 26 12 1 2 23% 24757 4245 34%
c -  9.59  0 86 46 7851  3 311685 20259 2.2 25 11 1 2 23% 24757 4245 34%
c p  9.60  0 86 46 7851  3 311685 20268 2.2 25 11 1 2 23% 24757 4245 34%
c t  9.60  0 86 46 7851  3 311685 20267 2.2 25 11 1 2 23% 24757 4245 34%
c #  9.77  0 85 46 8143  3 325067 32654 2.2 25 11 1 2 23% 24757 4245 34%
c 
c  seconds  reductions   conflicts         size   tier2      variables
c         MB     restarts       redundant     glue   trail        remaining
c          level       rate          size/glue  tier1  irredundant
c 
c }  9.77  0 85 46 8148  3 325347 32924 2.2 25 11 1 2 23% 24757 4245 34%
c [  9.77  0 123 46 8148  1 325347 32924 2.4 67 28 3 13 36% 24757 4245 34%
c -  9.78  0 123 47 8149  1 325643 21432 2.4 67 27 3 13 36% 24757 4245 34%
c p  9.78  0 123 47 8149  1 325643 21533 2.4 67 27 3 13 36% 24757 4245 34%
c u  9.79  0 123 47 8149  1 325643 21159 2.4 67 27 3 13 36% 24757 4245 34%
c v  9.79  0 123 47 8149  1 325643 20964 2.4 67 27 3 13 36% 24757 4245 34%
c w  9.79  0 123 47 8149  1 325643 20964 2.4 67 27 3 13 36% 24757 4245 34%
c s 10.01  0 119 47 8153  1 337800 32065 2.4 63 26 1 2 35% 24757 4245 34%
c t 10.01  0 119 47 8153  1 337800 32064 2.4 63 26 1 2 35% 24757 4245 34%
c e 10.02  0 119 47 8153  1 337800 28796 2.4 63 26 1 2 35% 24900 4146 33%
c s 10.03  0 119 47 8153  1 337800 28691 2.4 63 26 1 2 35% 24857 4146 33%
c - 10.09  0 119 48 8153  1 339911 19929 2.4 63 26 1 2 35% 24854 4146 33%
c 2 10.09  0 119 48 8153  1 339911 19926 2.4 63 26 1 2 35% 24854 4146 33%
c p 10.09  0 119 48 8153  1 339911 19926 2.4 63 26 1 2 35% 24854 4146 33%
c t 10.10  0 119 48 8153  1 339911 19926 2.4 63 26 1 2 35% 24853 4146 33%
c f 10.10  0 119 48 8153  1 339911 19926 2.4 63 26 1 2 35% 24842 4149 33%
c B 10.31  0 120 48 8160  1 351068 30465 2.3 62 27 1 2 34% 24842 4149 33%
c - 10.37  0 121 49 8160  1 354486 19972 2.3 61 27 1 2 33% 24842 4149 33%
c p 10.37  0 121 49 8160  1 354486 20068 2.3 61 27 1 2 33% 24842 4149 33%
c u 10.38  0 121 49 8160  1 354486 19699 2.3 61 27 1 2 33% 24842 4149 33%
c 
c  seconds   reductions   conflicts         size   tier2      variables
c         MB      restarts       redundant     glue   trail        remaining
c           level       rate          size/glue  tier1  irredundant
c 
c v 10.38  0 121 49 8160  1 354486 19636 2.3 61 27 1 2 33% 24842 4149 33%
c w 10.38  0 121 49 8160  1 354486 19636 2.3 61 27 1 2 33% 24842 4149 33%
c - 10.66  0 122 50 8168  1 369370 19847 2.3 59 26 1 2 33% 24842 4149 33%
c p 10.66  0 122 50 8168  1 369370 19859 2.3 59 26 1 2 33% 24842 4149 33%
c W 10.94  0 123 50 8169  1 378070 28260 2.2 61 28 1 2 34% 24842 4149 33%
c ] 11.01  0 124 50 8169  1 380226 30344 2.2 61 28 1 2 33% 24842 4149 33%
c { 11.01  0 85 50 8169  3 380226 30344 2.2 25 11 1 2 23% 24842 4149 33%
c - 11.07  0 85 51 8240  3 384563 20554 2.2 24 11 1 2 23% 24842 4149 33%
c p 11.07  0 85 51 8240  3 384563 20632 2.2 24 11 1 2 23% 24842 4149 33%
c u 11.09  0 85 51 8240  3 384563 20252 2.2 24 11 1 2 23% 24842 4149 33%
c v 11.09  0 85 51 8240  3 384563 20130 2.2 24 11 1 2 23% 24842 4149 33%
c w 11.09  0 85 51 8240  3 384563 20130 2.2 24 11 1 2 23% 24842 4149 33%
c s 11.30  0 83 51 8611  3 399811 33888 2.1 23 11 1 2 22% 24834 4149 33%
c s 11.31  0 83 51 8611  3 399811 33830 2.1 23 11 1 2 22% 24834 4149 33%
c ^ 11.31  0 83 51 8611  3 399811 33830 2.1 23 11 1 2 22% 24834 4149 33%
c - 11.32  0 83 52 8617  3 400067 21744 2.1 23 11 1 2 22% 24834 4149 33%
c p 11.32  0 83 52 8617  3 400067 21757 2.1 23 11 1 2 22% 24834 4149 33%
c B 11.39  0 83 52 8745  3 406072 27268 2.1 23 11 1 2 22% 24834 4149 33%
c - 11.50  0 80 53 8885  3 415879 23391 2.1 22 11 1 2 21% 24834 4149 33%
c p 11.50  0 80 53 8885  3 415879 23505 2.1 22 11 1 2 21% 24834 4149 33%
c 
c  seconds  reductions   conflicts         size   tier2      variables
c         MB     restarts       redundant     glue   trail        remaining
c          level       rate          size/glue  tier1  irredundant
c 
c u 11.52  0 80 53 8885  3 415879 23305 2.1 22 11 1 2 21% 24834 4149 33%
c v 11.53  0 80 53 8885  3 415879 23211 2.1 22 11 1 2 21% 24834 4149 33%
c w 11.53  0 80 53 8885  3 415879 23211 2.1 22 11 1 2 21% 24834 4149 33%
c t 11.53  0 80 53 8885  3 415879 23209 2.1 22 11 1 2 21% 24834 4149 33%
c - 11.74  0 79 54 9271  3 432001 24399 2.1 22 10 1 2 21% 24834 4149 33%
c p 11.74  0 79 54 9271  3 432001 24400 2.1 22 10 1 2 21% 24834 4149 33%
c W 11.80  0 78 54 9301  3 435074 27217 2.1 22 10 1 2 21% 24834 4149 33%
c - 11.99  0 78 55 9657  3 448434 25549 2.1 21 10 1 2 21% 24834 4149 33%
c p 11.99  0 78 55 9657  3 448434 25696 2.1 21 10 1 2 21% 24834 4149 33%
c u 12.00  0 78 55 9657  3 448434 25298 2.1 21 10 1 2 21% 24834 4149 33%
c v 12.00  0 78 55 9657  3 448434 25022 2.1 21 10 1 2 21% 24834 4149 33%
c w 12.00  0 78 55 9657  3 448434 25022 2.1 21 10 1 2 21% 24834 4149 33%
c } 12.09  0 77 55 9811  3 454533 30627 2.1 21 10 1 2 20% 24834 4149 33%
c [ 12.09  0 124 55 9811  1 454533 30627 2.2 61 28 1 2 33% 24834 4149 33%
c I 12.33  0 122 55 9811  1 465075 40604 2.3 61 27 1 2 36% 24834 4149 33%
c - 12.34  0 122 56 9811  1 465176 25674 2.3 61 27 1 2 36% 24834 4149 33%
c p 12.34  0 122 56 9811  1 465176 25675 2.3 61 27 1 2 36% 24834 4149 33%
c s 12.38  0 122 56 9811  1 466932 26958 2.3 60 26 1 2 35% 24833 4149 33%
c e 12.40  0 122 56 9811  1 466932 19258 2.3 60 26 1 2 35% 26006 3729 30%
c s 12.41  0 122 56 9811  1 466932 19107 2.3 60 26 1 2 35% 25709 3729 30%
c 
c  seconds   reductions   conflicts         size   tier2      variables
c         MB      restarts       redundant     glue   trail        remaining
c           level       rate          size/glue  tier1  irredundant
c 
c e 12.41  0 122 56 9811  1 466932 17863 2.3 60 26 1 2 35% 25884 3652 29%
c - 12.89  0 123 57 9812  1 482228 18644 2.2 64 28 1 2 38% 25884 3652 29%
c 2 12.89  0 123 57 9812  1 482228 18620 2.2 64 28 1 2 38% 25884 3652 29%
c p 12.89  0 123 57 9812  1 482228 18705 2.2 64 28 1 2 38% 25884 3652 29%
c u 12.91  0 123 57 9812  1 482228 18188 2.2 64 28 1 2 38% 25884 3652 29%
c v 12.91  0 123 57 9812  1 482228 17824 2.2 64 28 1 2 38% 25884 3652 29%
c w 12.91  0 123 57 9812  1 482228 17824 2.2 64 28 1 2 38% 25884 3652 29%
c t 12.91  0 123 57 9812  1 482228 17824 2.2 64 28 1 2 38% 25882 3652 29%
c f 12.92  0 123 57 9812  1 482228 17823 2.2 64 28 1 2 38% 25855 3657 29%
c B 13.18  0 122 57 9812  1 496077 30937 2.1 61 29 1 2 36% 25855 3657 29%
c - 13.29  0 124 58 9812  1 499590 18254 2.2 63 29 1 2 39% 25855 3657 29%
c p 13.29  0 124 58 9812  1 499590 18330 2.2 63 29 1 2 39% 25855 3657 29%
c u 13.30  0 124 58 9812  1 499590 17969 2.2 63 29 1 2 39% 25855 3657 29%
c v 13.30  0 124 58 9812  1 499590 17876 2.2 63 29 1 2 39% 25855 3657 29%
c w 13.30  0 124 58 9812  1 499590 17873 2.2 63 29 1 2 39% 25855 3657 29%
c t 13.30  0 124 58 9812  1 499590 17872 2.2 63 29 1 2 39% 25855 3657 29%
c ] 13.56  0 127 58 9819  1 511382 28921 2.2 63 29 1 2 40% 25855 3657 29%
c { 13.56  0 77 58 9819  3 511382 28921 2.1 21 10 1 2 24% 25855 3657 29%
c - 13.62  0 77 59 9966  3 517261 19715 2.1 21 10 1 2 23% 25855 3657 29%
c p 13.63  0 77 59 9966  3 517261 19760 2.1 21 10 1 2 23% 25855 3657 29%
c 
c  seconds  reductions   conflicts         size   tier2      variables
c         MB     restarts       redundant     glue   trail        remaining
c          level       rate          size/glue  tier1  irredundant
c 
c u 13.66  0 77 59 9966  3 517261 19560 2.1 21 10 1 2 23% 25856 3657 29%
c v 13.66  0 77 59 9966  3 517261 19441 2.1 21 10 1 2 23% 25856 3657 29%
c w 13.66  0 77 59 9966  3 517261 19440 2.1 21 10 1 2 23% 25856 3657 29%
c t 13.66  0 77 59 9966  3 517261 19439 2.1 21 10 1 2 23% 25855 3657 29%
c F 13.77  0 76 59 10218  3 528080 29211 2.1 20 10 1 2 23% 25855 3657 29%
c - 13.87  0 75 60 10454  3 535243 21986 2.1 20 10 1 2 22% 25855 3657 29%
c p 13.87  0 75 60 10454  3 535243 21987 2.1 20 10 1 2 22% 25855 3657 29%
c t 13.87  0 75 60 10454  3 535243 21987 2.1 20 10 1 2 22% 25854 3657 29%
c s 14.01  0 74 60 10820  3 546044 31427 2.1 20 10 1 2 22% 25762 3657 29%
c t 14.02  0 74 60 10820  3 546044 31427 2.1 20 10 1 2 22% 25760 3657 29%
c e 14.02  0 74 60 10820  3 546044 31154 2.1 20 10 1 2 22% 25784 3647 29%
c s 14.03  0 74 60 10820  3 546044 31038 2.1 20 10 1 2 22% 25763 3647 29%
c - 14.12  0 73 61 10867  3 553536 23179 2.1 19 9 1 2 21% 25762 3647 29%
c 2 14.12  0 73 61 10867  3 553536 23176 2.1 19 9 1 2 21% 25762 3647 29%
c p 14.12  0 73 61 10867  3 553536 23216 2.1 19 9 1 2 21% 25762 3647 29%
c u 14.13  0 73 61 10867  3 553536 22950 2.1 19 9 1 2 21% 25762 3647 29%
c v 14.14  0 73 61 10867  3 553536 22733 2.1 19 9 1 2 21% 25762 3647 29%
c B 14.24  0 72 61 11150  3 561081 29650 2.0 19 9 1 2 21% 25762 3647 29%
c - 14.40  0 72 62 11551  3 572137 24713 2.0 19 9 1 2 21% 25762 3647 29%
c p 14.40  0 72 62 11551  3 572137 24753 2.0 19 9 1 2 21% 25762 3647 29%
c 
c  seconds  reductions    conflicts         size  tier2      variables
c         MB      restarts       redundant     glue  trail        remaining
c          level        rate          size/glue tier1  irredundant
c 
c u 14.41  0 72 62 11551  3 572137 24613 2.0 19 9 1 2 21% 25762 3647 29%
c v 14.41  0 72 62 11551  3 572137 24534 2.0 19 9 1 2 21% 25762 3647 29%
c t 14.41  0 72 62 11551  3 572137 24534 2.0 19 9 1 2 21% 25761 3647 29%
c f 14.41  0 72 62 11551  3 572137 24529 2.0 19 9 1 2 21% 25761 3648 29%
c - 14.72  0 71 63 12408  4 591048 26156 2.0 18 9 1 2 20% 25761 3648 29%
c p 14.72  0 71 63 12408  4 591048 26197 2.0 18 9 1 2 20% 25761 3648 29%
c u 14.73  0 71 63 12408  4 591048 25852 2.0 18 9 1 2 20% 25761 3648 29%
c v 14.73  0 71 63 12408  4 591048 25667 2.0 18 9 1 2 20% 25761 3648 29%
c w 14.73  0 71 63 12408  4 591048 25667 2.0 18 9 1 2 20% 25761 3648 29%
c } 14.77  0 71 63 12540  4 593811 28233 2.0 18 9 1 2 20% 25761 3648 29%
c [ 14.77  0 127 63 12540  1 593811 28233 2.2 63 29 1 2 40% 25761 3648 29%
c W 14.84  0 126 63 12540  1 595083 29433 2.2 62 28 1 2 40% 25761 3648 29%
c - 15.17  0 128 64 12548  1 610267 26682 2.2 61 28 1 2 40% 25761 3648 29%
c p 15.17  0 128 64 12548  1 610267 26719 2.2 61 28 1 2 40% 25761 3648 29%
c u 15.18  0 128 64 12548  1 610267 26460 2.2 61 28 1 2 40% 25761 3648 29%
c v 15.18  0 128 64 12548  1 610267 26364 2.2 61 28 1 2 40% 25761 3648 29%
c w 15.18  0 128 64 12548  1 610267 26364 2.2 61 28 1 2 40% 25761 3648 29%
c - 15.58  0 126 65 12556  1 629797 25859 2.2 60 27 1 2 40% 25761 3648 29%
c p 15.58  0 126 65 12556  1 629797 25894 2.2 60 27 1 2 40% 25761 3648 29%
c u 15.58  0 126 65 12556  1 629797 25785 2.2 60 27 1 2 40% 25761 3648 29%
c 
c  seconds   reductions    conflicts         size   tier2      variables
c         MB       restarts       redundant     glue   trail        remaining
c           level        rate          size/glue  tier1  irredundant
c 
c v 15.59  0 126 65 12556  1 629797 25641 2.2 60 27 1 2 40% 25761 3648 29%
c w 15.59  0 126 65 12556  1 629797 25640 2.2 60 27 1 2 40% 25761 3648 29%
c O 15.60  0 126 65 12556  1 630084 25913 2.2 60 27 1 2 40% 25761 3648 29%
c s 15.62  0 126 65 12557  1 630658 26093 2.2 60 27 1 2 39% 25749 3648 29%
c s 15.63  0 126 65 12557  1 630658 26003 2.2 60 27 1 2 39% 25747 3648 29%
c - 16.05  0 126 66 12563  1 649636 25627 2.2 60 27 1 2 40% 25747 3648 29%
c p 16.05  0 126 66 12563  1 649636 25657 2.2 60 27 1 2 40% 25747 3648 29%
c u 16.09  0 126 66 12563  1 649636 25459 2.2 60 27 1 2 40% 25747 3648 29%
c v 16.09  0 126 66 12563  1 649636 25435 2.2 60 27 1 2 40% 25747 3648 29%
c w 16.09  0 126 66 12563  1 649636 25432 2.2 60 27 1 2 40% 25747 3648 29%
c t 16.09  0 126 66 12563  1 649636 25432 2.2 60 27 1 2 40% 25746 3648 29%
c ] 16.39  0 126 66 12564  1 660365 35848 2.2 61 28 1 2 39% 25746 3648 29%
c { 16.39  0 71 66 12564  4 660365 35848 2.0 18 9 1 2 20% 25746 3648 29%
c W 16.52  0 71 66 12878  4 666085 41085 2.0 18 9 1 2 20% 25746 3648 29%
c - 16.59  0 71 67 13076  4 669786 26740 2.0 18 9 1 2 20% 25746 3648 29%
c p 16.60  0 71 67 13076  4 669786 26773 2.0 18 9 1 2 20% 25746 3648 29%
c u 16.60  0 71 67 13076  4 669786 26492 2.0 18 9 1 2 20% 25746 3648 29%
c v 16.61  0 71 67 13076  4 669786 26359 2.0 18 9 1 2 20% 25746 3648 29%
c - 16.93  0 70 68 14031  4 690246 28386 2.0 18 9 1 2 20% 25746 3648 29%
c p 16.93  0 70 68 14031  4 690246 28415 2.0 18 9 1 2 20% 25746 3648 29%
c 
c  seconds  reductions    conflicts         size  tier2      variables
c         MB      restarts       redundant     glue  trail        remaining
c          level        rate          size/glue tier1  irredundant
c 
c u 16.94  0 70 68 14031  4 690246 28302 2.0 18 9 1 2 20% 25746 3648 29%
c v 16.94  0 70 68 14031  4 690246 28141 2.0 18 9 1 2 20% 25746 3648 29%
c w 16.94  0 70 68 14031  4 690246 28141 2.0 18 9 1 2 20% 25746 3648 29%
c # 17.16  0 69 68 14827  4 703086 39916 2.0 18 9 1 2 19% 25746 3648 29%
c - 17.31  0 69 69 15268  4 711018 30178 1.9 18 9 1 2 19% 25746 3648 29%
c p 17.32  0 69 69 15268  4 711018 30206 1.9 18 9 1 2 19% 25746 3648 29%
c u 17.32  0 69 69 15268  4 711018 30026 1.9 18 9 1 2 19% 25746 3648 29%
c v 17.33  0 69 69 15268  4 711018 29906 1.9 18 9 1 2 19% 25746 3648 29%
c x 17.33  0 69 69 15268  4 711018 29906 1.9 18 9 1 2 19% 25744 3648 29%
c s 17.52  0 68 69 15955  5 720875 38445 1.9 17 9 1 2 19% 25744 3648 29%
c s 17.54  0 68 69 15955  5 720875 38313 1.9 17 9 1 2 19% 25744 3648 29%
c ^ 17.54  0 68 69 15955  5 720875 38313 1.9 17 9 1 2 19% 25744 3648 29%
c } 17.64  0 68 69 16321  5 725825 42880 1.9 17 9 1 2 19% 25744 3648 29%
c [ 17.64  0 126 69 16321  1 725825 42880 2.2 61 28 1 2 39% 25744 3648 29%
c - 17.75  0 125 70 16321  1 732100 30994 2.2 60 27 1 2 39% 25744 3648 29%
c p 17.76  0 125 70 16321  1 732100 31022 2.2 60 27 1 2 39% 25744 3648 29%
c u 17.76  0 125 70 16321  1 732100 30722 2.2 60 27 1 2 39% 25744 3648 29%
c v 17.77  0 125 70 16321  1 732100 30565 2.2 60 27 1 2 39% 25744 3648 29%
c w 17.77  0 125 70 16321  1 732100 30565 2.2 60 27 1 2 39% 25744 3648 29%
c B 17.93  0 124 70 16328  1 741088 39075 2.2 59 27 1 2 39% 25744 3648 29%
c 
c  seconds   reductions    conflicts         size   tier2      variables
c         MB       restarts       redundant     glue   trail        remaining
c           level        rate          size/glue  tier1  irredundant
c 
c - 18.28  0 125 71 16335  1 753491 31284 2.2 60 27 1 2 39% 25744 3648 29%
c p 18.28  0 125 71 16335  1 753491 31311 2.2 60 27 1 2 39% 25744 3648 29%
c u 18.29  0 125 71 16335  1 753491 31189 2.2 60 27 1 2 39% 25744 3648 29%
c v 18.29  0 125 71 16335  1 753491 31056 2.2 60 27 1 2 39% 25744 3648 29%
c w 18.29  0 125 71 16335  1 753491 31054 2.2 60 27 1 2 39% 25744 3648 29%
c - 18.97  0 127 72 16343  1 775192 29605 2.3 64 28 1 2 42% 25744 3648 29%
c p 18.98  0 127 72 16343  1 775192 29633 2.3 64 28 1 2 42% 25744 3648 29%
c u 18.98  0 127 72 16343  1 775192 29384 2.3 64 28 1 2 42% 25744 3648 29%
c v 18.99  0 127 72 16343  1 775192 29373 2.3 64 28 1 2 42% 25744 3648 29%
c w 18.99  0 127 72 16343  1 775192 29372 2.3 64 28 1 2 42% 25744 3648 29%
c W 19.18  0 127 72 16345  1 780089 34018 2.3 65 28 1 2 43% 25744 3648 29%
c ] 19.49  0 127 72 16351  1 791734 45171 2.3 66 28 1 2 43% 25744 3648 29%
c { 19.49  0 68 72 16351  5 791734 45171 1.9 17 9 1 2 19% 25744 3648 29%
c - 19.59  0 68 73 16615  5 797203 30030 1.9 17 9 1 2 19% 25744 3648 29%
c p 19.59  0 68 73 16615  5 797203 30058 1.9 17 9 1 2 19% 25744 3648 29%
c u 19.60  0 68 73 16615  5 797203 29884 1.9 17 9 1 2 19% 25744 3648 29%
c v 19.60  0 68 73 16615  5 797203 29870 1.9 17 9 1 2 19% 25744 3648 29%
c w 19.60  0 68 73 16615  5 797203 29870 1.9 17 9 1 2 19% 25744 3648 29%
c s 19.94  0 67 73 17722  5 816723 47577 1.9 17 9 1 2 19% 25743 3648 29%
c e 19.96  0 67 73 17722  5 816723 28352 1.9 17 9 1 2 19% 27902 3342 27%
c 
c  seconds  reductions    conflicts         size  tier2      variables
c         MB      restarts       redundant     glue  trail        remaining
c          level        rate          size/glue tier1  irredundant
c 
c s 19.97  0 67 73 17722  5 816723 28235 1.9 17 9 1 2 19% 27717 3342 27%
c e 19.98  0 67 73 17722  5 816723 28159 1.9 17 9 1 2 19% 27732 3337 27%
c - 20.02  0 67 74 17808  5 819526 22160 1.9 17 9 1 2 19% 27732 3337 27%
c 2 20.02  0 67 74 17808  5 819526 22158 1.9 17 9 1 2 19% 27732 3337 27%
c p 20.02  0 67 74 17808  5 819526 22193 1.9 17 9 1 2 19% 27732 3337 27%
c u 20.07  0 67 74 17808  5 819526 22033 1.9 17 9 1 2 19% 27732 3337 27%
c v 20.07  0 67 74 17808  5 819526 22031 1.9 17 9 1 2 19% 27732 3337 27%
c w 20.07  0 67 74 17808  5 819526 22031 1.9 17 9 1 2 19% 27732 3337 27%
c f 20.08  0 67 74 17808  5 819526 22031 1.9 17 9 1 2 19% 27237 3392 27%
c B 20.09  0 67 74 17823  5 820091 22543 1.9 17 9 1 2 19% 27237 3392 27%
c - 20.40  0 66 75 18707  5 842158 26691 1.9 17 9 1 2 18% 27237 3392 27%
c p 20.40  0 66 75 18707  5 842158 26794 1.9 17 9 1 2 18% 27237 3392 27%
c u 20.41  0 66 75 18707  5 842158 26624 1.9 17 9 1 2 18% 27237 3392 27%
c v 20.41  0 66 75 18707  5 842158 26537 1.9 17 9 1 2 18% 27237 3392 27%
c w 20.41  0 66 75 18707  5 842158 26536 1.9 17 9 1 2 18% 27237 3392 27%
c f 20.42  0 66 75 18707  5 842158 26536 1.9 17 9 1 2 18% 27228 3393 27%
c W 20.77  0 66 75 19901  5 861092 43949 1.9 17 9 1 2 18% 27228 3393 27%
c - 20.87  0 65 76 20249  5 865100 29341 1.9 17 9 1 2 17% 27228 3393 27%
c p 20.87  0 65 76 20249  5 865100 29405 1.9 17 9 1 2 17% 27228 3393 27%
c u 20.88  0 65 76 20249  5 865100 29166 1.9 17 9 1 2 17% 27228 3393 27%
c 
c  seconds  reductions    conflicts         size  tier2      variables
c         MB      restarts       redundant     glue  trail        remaining
c          level        rate          size/glue tier1  irredundant
c 
c v 20.88  0 65 76 20249  5 865100 29046 1.9 17 9 1 2 17% 27228 3393 27%
c w 20.88  0 65 76 20249  5 865100 29046 1.9 17 9 1 2 17% 27228 3393 27%
c } 21.00  0 65 76 20582  5 873285 36477 1.9 17 9 1 2 17% 27228 3393 27%
c [ 21.00  0 127 76 20582  1 873285 36477 2.3 66 28 1 2 43% 27228 3393 27%
c - 21.34  0 123 77 20583  1 888353 30271 2.3 64 28 1 2 41% 27228 3393 27%
c p 21.34  0 123 77 20583  1 888353 30328 2.3 64 28 1 2 41% 27228 3393 27%
c u 21.35  0 123 77 20583  1 888353 30163 2.3 64 28 1 2 41% 27228 3393 27%
c v 21.35  0 123 77 20583  1 888353 30057 2.3 64 28 1 2 41% 27228 3393 27%
c w 21.35  0 123 77 20583  1 888353 30056 2.3 64 28 1 2 41% 27228 3393 27%
c x 21.36  0 123 77 20583  1 888353 30056 2.3 64 28 1 2 41% 27222 3393 27%
c I 21.88  0 123 77 20584  1 903093 44237 2.4 67 28 1 2 41% 27222 3393 27%
c - 22.03  0 121 78 20584  1 911916 29671 2.4 66 28 1 2 40% 27222 3393 27%
c p 22.03  0 121 78 20584  1 911916 29719 2.4 66 28 1 2 40% 27222 3393 27%
c u 22.04  0 121 78 20584  1 911916 29307 2.4 66 28 1 2 40% 27222 3393 27%
c v 22.05  0 121 78 20584  1 911916 29083 2.4 66 28 1 2 40% 27222 3393 27%
c w 22.05  0 121 78 20584  1 911916 29083 2.4 66 28 1 2 40% 27222 3393 27%
c s 22.33  0 117 78 20584  1 926702 42273 2.4 62 26 1 2 38% 27103 3393 27%
c e 22.33  0 117 78 20584  1 926702 39144 2.4 62 26 1 2 38% 27250 3369 27%
c s 22.35  0 117 78 20584  1 926702 38990 2.4 62 26 1 2 38% 27205 3369 27%
c - 22.53  0 117 79 20585  1 935790 27790 2.3 61 26 1 2 37% 27204 3369 27%
c 
c  seconds   reductions    conflicts         size   tier2      variables
c         MB       restarts       redundant     glue   trail        remaining
c           level        rate          size/glue  tier1  irredundant
c 
c 2 22.53  0 117 79 20585  1 935790 27789 2.3 61 26 1 2 37% 27204 3369 27%
c p 22.53  0 117 79 20585  1 935790 27825 2.3 61 26 1 2 37% 27204 3369 27%
c u 22.53  0 117 79 20585  1 935790 27741 2.3 61 26 1 2 37% 27204 3369 27%
c v 22.54  0 117 79 20585  1 935790 27575 2.3 61 26 1 2 37% 27204 3369 27%
c w 22.54  0 117 79 20585  1 935790 27574 2.3 61 26 1 2 37% 27204 3369 27%
c B 22.87  0 119 79 20585  1 946095 37646 2.3 64 28 1 2 36% 27204 3369 27%
c ] 23.02  0 119 79 20585  1 953001 44294 2.3 63 28 1 2 37% 27204 3369 27%
c { 23.02  0 65 79 20585  5 953001 44294 1.9 17 9 1 2 17% 27204 3369 27%
c - 23.17  0 65 80 21055  5 959974 29825 1.9 17 9 1 2 17% 27204 3369 27%
c p 23.17  0 65 80 21055  5 959974 29861 1.9 17 9 1 2 17% 27204 3369 27%
c u 23.18  0 65 80 21055  5 959974 29579 1.9 17 9 1 2 17% 27204 3369 27%
c v 23.18  0 65 80 21055  5 959974 29460 1.9 17 9 1 2 17% 27204 3369 27%
c - 23.66  0 64 81 22875  5 984470 32114 1.9 17 9 1 2 17% 27204 3369 27%
c p 23.66  0 64 81 22875  5 984470 32149 1.9 17 9 1 2 17% 27204 3369 27%
c u 23.67  0 64 81 22875  5 984470 31947 1.9 17 9 1 2 17% 27204 3369 27%
c v 23.68  0 64 81 22875  5 984470 31738 1.9 17 9 1 2 17% 27204 3369 27%
c w 23.68  0 64 81 22875  5 984470 31738 1.9 17 9 1 2 17% 27204 3369 27%
c F 23.77  0 64 81 23260  5 990098 36852 1.9 17 9 1 2 16% 27203 3369 27%
c } 23.96  0 63 81 24153  6 1000000 45974 1.9 17 9 1 2 16% 27203 3369 27%
c ? 23.96  0 63 81 24153  6 1000000 45974 1.9 17 9 1 2 16% 27203 3369 27%
c 
c --- [ result ] -------------------------------------------------------------
c 
c UNKNOWN
c 
c --- [ run-time profiling ] -------------------------------------------------
c 
c process time taken by individual solving procedures
c (percentage relative to process time for solving)
c 
c        21.76   90.82% search
c        11.74   49.02% stable
c         9.59   40.02% unstable
c         2.20    9.17% simplify
c         0.49    2.07% vivify
c         0.42    1.76% walk
c         0.42    1.75% sweep
c         0.32    1.33% factor
c         0.30    1.23% subsume
c         0.25    1.03% congruence
c         0.15    0.63% elim
c         0.05    0.23% preprocess
c         0.05    0.21% probe
c         0.04    0.17% ternary
c         0.02    0.08% backbone
c         0.01    0.06% fastelim
c         0.01    0.03% parse
c         0.00    0.02% lucky
c   =================================
c        23.96   99.97% solve
c 
c last line shows process time for solving
c (percentage relative to total process time)
c 
c --- [ statistics ] ---------------------------------------------------------
c 
c chronological:            254142        25.41 %  of conflicts
c conflicts:               1000000     41744.72    per second
c backbone:                1342462     10416.37 %  of vars
c decisions:               3322178    138683.39    per second
c eliminated:                 6426        49.86 %  of all variables
c factored:                    296         7.97 %  of variables
c fixed:                       641         4.97 %  of all variables
c learned:                  962786        96.28 %  per conflict
c learned_lits:           46933156       100.00 %  learned literals
c minimized:                     0         0.00 %  learned literals
c shrunken:                2204008         4.70 %  learned literals
c minishrunken:            5932675        12.64 %  learned literals
c otfs:                      20944         2.09 %  of conflict
c propagations:          138191351         5.77 M  per second
c reduced:                  811717        81.17 %  per conflict
c rephased:                     44     22727.27    interval
c restarts:                  24153        41.40    interval
c stabilizing:                  16        42.11 %  of conflicts
c substituted:                2452        19.03 %  of all variables
c sweep equivs:                533         9.52 %  of swept variables
c subsumed:                  55520         5.10 %  of all clauses
c strengthened:              55000         5.05 %  of all clauses
c ticks:                1555672772        11.51    propagation
c vivified:                  11403         1.05 %  of all clauses
c walked:                       13     76923.08    interval
c weakened:                  43329         2.94    average size
c congruence:                   29     34482.76    interval
c 
c seconds are measured in process time for solving
c 
c --- [ glue usage ] ---------------------------------------------------------
c 
c focused glue 1 used 2536278 clauses 63.02% accumulated 63.02% tier1
c focused glue 2 used 628872 clauses 15.62% accumulated 78.65% tier2
c 
c stable glue 1 used 2486651 clauses 53.95% accumulated 53.95% tier1
c stable glue 2 used 642763 clauses 13.94% accumulated 67.90% tier2
c 
c 
c --- [ resources ] ----------------------------------------------------------
c 
c total process time since initialization:        23.96    seconds
c total real time since initialization:           24.03    seconds
c maximum resident set size of process:        96128.00    MB
c 
c --- [ shutting down ] ------------------------------------------------------
c 
c exit 0
