c --- [ banner ] -------------------------------------------------------------
c 
c CaDiCaL SAT Solver
c Copyright (c) 2016-2025
c A. Biere, M. Fleury, N. Froleyks, K. Fazekas, F. Pollitt, T. Faller
c JKU Linz, University of Freiburg, TU Wien
c 
c Version 3.0.0
c Apple clang version 17.0.0 (clang-1700.6.3.2) -Wall -Wextra -O3 -DNDEBUG -DNCLOSEFROM
c Tue Dec 23 21:53:38 UTC 2025 Darwin Tahoe-arm64.local 25.2.0 arm64
c 
c --- [ limit ] --------------------------------------------------------------
c 
c setting conflict limit to 1000000 conflicts (due to '1000000')
c 
c --- [ parsing input ] ------------------------------------------------------
c 
c reading DIMACS file from 'headline_hunt/bets/cascade_aux_encoding/cnfs/aux_expose_sr60_n32_bit19_m51ca0b34_fill55555555.cnf'
c opening file to read 'headline_hunt/bets/cascade_aux_encoding/cnfs/aux_expose_sr60_n32_bit19_m51ca0b34_fill55555555.cnf'
c found 'p cnf 12576 52601' header
c parsed 52601 clauses in 0.01 seconds process time
c 
c --- [ options ] ------------------------------------------------------------
c 
c   --seed=5                       (different from default '0')
c 
c --- [ solving ] ------------------------------------------------------------
c 
c time measured in process time since initialization
c 
c  seconds  reduction conflicts       size tier2       variables
c         MB    restarts   redundant    glue  trail         remaining
c          level     rate       size/glu tier1  irredundant
c 
c *  0.01  0  0 0   0  0    0    0 0.0 0 0 2 6  0% 52536 12575 100%
c (  0.01  0  0 0   0  0    0    0 0.0 0 0 2 6  0% 52536 12575 100%
c .  0.01  0  0 0   0  0    0    0 0.0 0 0 2 6  0% 52536 12575 100%
c c  0.03  0  0 0   0  0    0    0 0.0 0 0 2 6  0% 50036 11935 95%
c d  0.03  0  0 0   0  0    0    0 0.0 0 0 2 6  0% 45328 10605 84%
c 2  0.03  0  0 0   0  0    0    0 0.0 0 0 2 6  0% 45264 10605 84%
c f  0.05  0  0 0   0  0    0    0 0.0 0 0 2 6  0% 45198 10671 85%
c e  0.06  0  0 0   0  0    0    0 0.0 0 0 2 6  0% 39361 6902 55%
c s  0.06  0  0 0   0  0    0    0 0.0 0 0 2 6  0% 39361 6902 55%
c s  0.06  0  0 0   0  0    0    0 0.0 0 0 2 6  0% 39361 6902 55%
c P  0.07  0  0 0   0  0    0    0 0.0 0 0 2 6  0% 39361 6902 55%
c )  0.07  0  0 0   0  0    0    0 0.0 0 0 2 6  0% 39361 6902 55%
c {  0.07  0  0 0   0  0    0    0 0.0 0 0 2 6  0% 39361 6902 55%
c -  0.07  0 931 1  13 63  300  225 1.4 4 3 2 6 16% 39361 6902 55%
c -  0.08  0 480 2  47 43  733  575 1.5 4 3 2 6 13% 39361 6902 55%
c }  0.08  0 373 2  63 33 1001  802 1.6 5 3 2 6 12% 39361 6902 55%
c [  0.08  0  0 2  63  0 1001  802 0.0 0 0 2 6  0% 39361 6902 55%
c O  0.08  0 988 2  63 989 1002  803 2.3 241 105 2 6 43% 39361 6902 55%
c ]  0.09  0 979 2  63 22 1048  848 2.2 191 86 2 6 38% 39361 6902 55%
c {  0.09  0 373 2  63 33 1048  848 1.6 5 3 2 6 12% 39361 6902 55%
c 
c  seconds   reduction conflicts       size tier2      variables
c         MB     restarts   redundant    glue  trail        remaining
c           level     rate       size/glu tier1  irredundant
c 
c -  0.09  0 368 3  83 28 1410 1044 1.6 5 3 2 6 13% 39361 6902 55%
c 2  0.10  0 260 3 167 23 2228 1691 1.6 5 3 2 6 12% 39299 6902 55%
c d  0.10  0 260 3 167 23 2228 1609 1.6 5 3 2 6 12% 39183 6808 54%
c c  0.11  0 260 3 167 23 2228 1609 1.6 5 3 2 6 12% 39122 6808 54%
c d  0.11  0 260 3 167 23 2228 1576 1.6 5 3 2 6 12% 39092 6793 54%
c 2  0.11  0 260 3 167 23 2228 1576 1.6 5 3 2 6 12% 39085 6793 54%
c -  0.12  0 253 4 183 23 2348 1507 1.6 5 3 2 6 11% 39085 6793 54%
c O  0.12  0 224 4 293 24 3003 2028 1.6 5 3 2 6 10% 39085 6793 54%
c }  0.13  0 209 4 378 25 3434 2373 1.6 5 3 2 6 10% 39085 6793 54%
c [  0.13  0 979 4 378 22 3434 2373 2.2 191 86 2 6 70% 39085 6793 54%
c -  0.13  0 410 5 378 12 3559 2234 2.1 66 31 2 6 32% 39085 6793 54%
c s  0.15  0 239 5 378  4 4126 2765 2.1 48 23 2 6 28% 39080 6793 54%
c t  0.15  0 239 5 378  4 4126 2765 2.1 48 23 2 6 28% 39077 6793 54%
c e  0.16  0 239 5 378  4 4126 2378 2.1 48 23 2 6 28% 39000 6405 51%
c s  0.16  0 239 5 378  4 4126 2336 2.1 48 23 2 6 28% 38966 6405 51%
c e  0.17  0 239 5 378  4 4126 2307 2.1 48 23 2 6 28% 38943 6402 51%
c ]  0.19  0 226 5 379  3 4535 2688 2.1 71 33 2 6 27% 38943 6402 51%
c {  0.19  0 209 5 379 25 4535 2688 1.6 5 3 2 6 10% 38943 6402 51%
c d  0.19  0 204 5 429 25 4729 2763 1.6 6 4 2 6 10% 38926 6385 51%
c c  0.20  0 204 5 429 25 4729 2763 1.6 6 4 2 6 10% 38870 6385 51%
c 
c  seconds   reduction conflicts       size tier2      variables
c         MB     restarts   redundant    glue  trail        remaining
c           level     rate       size/glu tier1  irredundant
c 
c d  0.21  0 204 5 429 25 4729 2724 1.6 6 4 2 6 10% 38844 6372 51%
c 2  0.21  0 204 5 429 25 4729 2723 1.6 6 4 2 6 10% 38838 6372 51%
c =  0.21  0 204 5 429 25 4729 2722 1.6 6 4 2 6 10% 38834 6310 50%
c -  0.22  0 194 6 518 25 5050 2199 1.7 7 4 2 3 10% 38834 6310 50%
c }  0.26  0 185 6 625 25 5469 2572 2.2 16 7 1 2 13% 38834 6310 50%
c [  0.26  0 226 6 625  3 5469 2572 2.1 71 33 2 6 27% 38834 6310 50%
c I  0.27  0 199 6 625  3 6005 3080 2.1 61 29 3 19 22% 38834 6310 50%
c ]  0.33  0 181 6 625  3 6415 3459 2.5 83 33 3 18 26% 38834 6310 50%
c {  0.33  0 185 6 625 25 6415 3459 2.2 16 7 1 2 13% 38834 6310 50%
c -  0.35  0 179 7 730 26 6828 2182 2.3 20 9 1 2 14% 38834 6310 50%
c p  0.38  0 171 7 844 25 7333 3031 2.3 23 10 1 2 14% 38834 6310 50%
c =  0.40  0 171 7 844 25 7333 2998 2.3 23 10 1 2 14% 38798 6280 50%
c f  0.41  0 171 7 844 25 7333 2978 2.3 23 10 1 2 14% 38552 6539 52%
c }  0.46  0 166 7 948 26 7753 3364 2.4 28 12 1 2 15% 38552 6539 52%
c [  0.46  0 181 7 948  3 7753 3364 2.5 83 33 3 18 25% 38552 6539 52%
c ]  0.58  0 175 7 949  2 8200 3775 2.3 108 46 3 18 31% 38552 6539 52%
c {  0.58  0 166 7 949 26 8200 3775 2.4 28 12 1 2 15% 38552 6539 52%
c -  0.60  0 162 8 1029 24 8895 2603 2.4 28 12 1 2 16% 38552 6539 52%
c #  0.66  0 154 8 1180 23 10013 3623 2.4 32 13 1 2 17% 38552 6539 52%
c p  0.66  0 154 8 1185 24 10030 3914 2.4 32 13 1 2 17% 38552 6539 52%
c 
c  seconds   reductions  conflicts       size   tier2      variables
c         MB     restarts     redundant     glue   trail        remaining
c           level      rate        size/glue  tier1  irredundant
c 
c =  0.68  0 154 8 1185 24 10030 3912 2.4 32 13 1 2 17% 38545 6521 52%
c u  0.69  0 154 8 1185 24 10030 2879 2.4 32 13 1 2 17% 38501 6521 52%
c v  0.69  0 154 8 1185 24 10030 2790 2.4 32 13 1 2 17% 38501 6521 52%
c w  0.69  0 154 8 1185 24 10030 2789 2.4 32 13 1 2 17% 38501 6521 52%
c x  0.70  0 154 8 1185 24 10030 2789 2.4 32 13 1 2 17% 38389 6521 52%
c t  0.70  0 154 8 1185 24 10030 2788 2.4 32 13 1 2 17% 38388 6521 52%
c 2  0.70  0 154 8 1185 24 10030 2785 2.4 32 13 1 2 17% 38380 6521 52%
c f  0.71  0 154 8 1185 24 10030 2781 2.4 32 13 1 2 17% 38363 6535 52%
c }  0.76  0 151 8 1330 24 10675 3361 2.5 37 15 1 2 18% 38363 6535 52%
c [  0.76  0 175 8 1330  2 10675 3361 2.3 108 46 3 18 31% 38363 6535 52%
c -  0.92  0 169 9 1330  2 11252 2256 2.6 144 55 3 18 38% 38363 6535 52%
c ]  0.94  0 169 9 1330  2 11306 2306 2.6 147 55 3 18 38% 38363 6535 52%
c {  0.94  0 151 9 1330 24 11306 2306 2.5 37 15 1 2 18% 38363 6535 52%
c d  1.06  0 142 9 1507 22 12815 3711 2.6 48 19 1 2 20% 38363 6532 52%
c p  1.06  0 142 9 1507 22 12815 4391 2.6 48 19 1 2 20% 38363 6532 52%
c c  1.07  0 142 9 1507 22 12815 4391 2.6 48 19 1 2 20% 38331 6532 52%
c =  1.09  0 142 9 1507 22 12815 4383 2.6 48 19 1 2 20% 38322 6527 52%
c u  1.10  0 142 9 1507 22 12815 4087 2.6 48 19 1 2 20% 38322 6527 52%
c v  1.10  0 142 9 1507 22 12815 3948 2.6 48 19 1 2 20% 38322 6527 52%
c w  1.11  0 142 9 1507 22 12815 3946 2.6 48 19 1 2 20% 38322 6527 52%
c 
c  seconds   reductions  conflicts       size   tier2      variables
c         MB     restarts     redundant     glue   trail        remaining
c           level      rate        size/glue  tier1  irredundant
c 
c t  1.11  0 142 9 1507 22 12815 3946 2.6 48 19 1 2 20% 38319 6527 52%
c f  1.12  0 142 9 1507 22 12815 3915 2.6 48 19 1 2 19% 38239 6637 53%
c -  1.16  0 139 10 1562 20 13905 2590 2.5 48 19 1 2 19% 38239 6637 53%
c }  1.21  0 138 10 1654 20 14386 3042 2.5 51 20 1 2 20% 38239 6637 53%
c [  1.21  0 169 10 1654  2 14386 3042 2.6 147 55 3 18 38% 38239 6637 53%
c s  1.26  0 167 10 1654  2 14547 3184 2.7 152 57 3 18 39% 37697 6637 53%
c e  1.27  0 167 10 1654  2 14547 2650 2.7 152 57 3 18 39% 37575 6369 51%
c s  1.27  0 167 10 1654  2 14547 2642 2.7 152 57 3 18 39% 37340 6369 51%
c e  1.27  0 167 10 1654  2 14547 2574 2.7 152 57 3 18 39% 37332 6366 51%
c B  1.42  0 166 10 1654  2 15014 3026 2.5 167 66 3 18 75% 37332 6366 51%
c ]  1.48  0 161 10 1655  2 15596 3582 2.5 159 63 3 18 51% 37332 6366 51%
c {  1.48  0 138 10 1655 20 15596 3582 2.5 51 20 1 2 22% 37332 6366 51%
c 2  1.50  0 138 10 1678 20 15681 3619 2.6 54 21 1 2 23% 37332 6366 51%
c p  1.50  0 138 10 1678 20 15681 3888 2.6 54 21 1 2 23% 37332 6366 51%
c u  1.54  0 138 10 1678 20 15681 3718 2.6 54 21 1 2 23% 37334 6366 51%
c v  1.54  0 138 10 1678 20 15681 3603 2.6 54 21 1 2 23% 37334 6366 51%
c w  1.55  0 138 10 1678 20 15681 3595 2.6 54 21 1 2 23% 37334 6366 51%
c t  1.55  0 138 10 1678 20 15681 3595 2.6 54 21 1 2 23% 37333 6366 51%
c f  1.56  0 138 10 1678 20 15681 3567 2.6 54 21 1 2 23% 37331 6391 51%
c -  1.64  0 137 11 1776 19 16853 2550 2.6 58 22 1 2 24% 37331 6391 51%
c 
c  seconds   reductions   conflicts       size   tier2      variables
c         MB      restarts     redundant     glue   trail        remaining
c           level       rate        size/glue  tier1  irredundant
c 
c d  1.70  0 136 11 1918 18 18621 4153 2.6 56 22 1 2 23% 37329 6390 51%
c p  1.70  0 136 11 1918 18 18621 4520 2.6 56 22 1 2 23% 37329 6390 51%
c f  1.70  0 136 11 1918 18 18621 4353 2.6 56 22 1 2 23% 37408 6475 51%
c }  1.80  0 135 11 2110 18 19830 5465 2.6 59 23 1 2 24% 37408 6475 51%
c [  1.80  0 161 11 2110  2 19830 5465 2.5 159 63 3 18 50% 37408 6475 51%
c -  1.85  0 158 12 2110  2 20098 3354 2.6 162 62 3 18 51% 37408 6475 51%
c W  2.05  0 153 12 2111  2 21018 4235 2.7 164 60 3 18 49% 37408 6475 51%
c p  2.17  0 151 12 2111  2 21631 5364 2.8 170 61 1 2 50% 37408 6475 51%
c =  2.20  0 151 12 2111  2 21631 5364 2.8 170 61 1 2 50% 37408 6473 51%
c u  2.21  0 151 12 2111  2 21631 5017 2.8 170 61 1 2 50% 37408 6473 51%
c v  2.21  0 151 12 2111  2 21631 4795 2.8 170 61 1 2 50% 37408 6473 51%
c w  2.22  0 151 12 2111  2 21631 4788 2.8 170 61 1 2 50% 37408 6473 51%
c t  2.22  0 151 12 2111  2 21631 4788 2.8 170 61 1 2 50% 37406 6473 51%
c f  2.23  0 151 12 2111  2 21631 4710 2.8 170 61 1 2 50% 37456 6501 52%
c ]  2.26  0 151 12 2112  2 21806 4877 2.8 170 62 1 2 50% 37456 6501 52%
c {  2.26  0 135 12 2112 18 21806 4877 2.6 59 23 1 2 24% 37456 6501 52%
c -  2.37  0 134 13 2288 17 23643 3549 2.6 62 24 1 2 24% 37456 6501 52%
c p  2.43  0 133 13 2392 17 24707 4543 2.6 63 24 1 2 24% 37456 6501 52%
c =  2.45  0 133 13 2392 17 24707 4543 2.6 63 24 1 2 24% 37454 6499 52%
c 2  2.45  0 133 13 2392 17 24707 4542 2.6 63 24 1 2 24% 37454 6499 52%
c 
c  seconds   reductions   conflicts       size   tier2      variables
c         MB      restarts     redundant     glue   trail        remaining
c           level       rate        size/glue  tier1  irredundant
c 
c -  2.60  0 129 14 2559 15 27489 4218 2.6 64 25 1 2 24% 37454 6499 52%
c p  2.60  0 127 14 2559 15 27845 4658 2.6 64 24 1 2 24% 37454 6499 52%
c u  2.62  0 127 14 2559 15 27845 4245 2.6 64 24 1 2 24% 37454 6499 52%
c v  2.62  0 127 14 2559 15 27845 3985 2.6 64 24 1 2 24% 37454 6499 52%
c w  2.62  0 127 14 2559 15 27845 3982 2.6 64 24 1 2 24% 37454 6499 52%
c B  2.64  0 127 14 2572 15 28020 4149 2.6 64 24 1 2 24% 37454 6499 52%
c }  2.65  0 127 14 2600 15 28286 4399 2.6 64 25 1 2 24% 37454 6499 52%
c [  2.65  0 151 14 2600  2 28286 4399 2.8 170 62 1 2 50% 37454 6499 52%
c s  2.99  0 146 14 2600  2 29859 5874 2.8 178 63 1 2 53% 37410 6499 52%
c t  2.99  0 146 14 2600  2 29859 5874 2.8 178 63 1 2 53% 37406 6499 52%
c e  3.00  0 146 14 2600  2 29859 5870 2.8 178 63 1 2 53% 37402 6489 52%
c s  3.00  0 146 14 2600  2 29859 5869 2.8 178 63 1 2 53% 37401 6489 52%
c ]  3.11  0 145 14 2601  2 30373 6360 2.8 181 64 1 2 54% 37401 6489 52%
c {  3.11  0 127 14 2601 15 30373 6360 2.6 64 25 1 2 24% 37401 6489 52%
c -  3.20  0 127 15 2757 15 31633 4336 2.6 65 25 1 2 24% 37401 6489 52%
c 2  3.21  0 127 15 2757 15 31633 4335 2.6 65 25 1 2 24% 37401 6489 52%
c d  3.21  0 127 15 2757 15 31633 4334 2.6 65 25 1 2 24% 37400 6488 52%
c p  3.21  0 127 15 2757 15 31633 4777 2.6 65 25 1 2 24% 37400 6488 52%
c u  3.22  0 127 15 2757 15 31633 4522 2.6 65 25 1 2 24% 37400 6488 52%
c v  3.23  0 127 15 2757 15 31633 4337 2.6 65 25 1 2 24% 37400 6488 52%
c 
c  seconds   reductions   conflicts       size   tier2      variables
c         MB      restarts     redundant     glue   trail        remaining
c           level       rate        size/glue  tier1  irredundant
c 
c w  3.23  0 127 15 2757 15 31633 4337 2.6 65 25 1 2 24% 37400 6488 52%
c f  3.23  0 127 15 2757 15 31633 4330 2.6 65 25 1 2 24% 37403 6491 52%
c W  3.52  0 126 15 3223 15 36024 8403 2.6 67 26 1 2 25% 37403 6491 52%
c -  3.53  0 126 16 3230 15 36080 5022 2.6 67 26 1 2 25% 37403 6491 52%
c d  3.53  0 126 16 3230 15 36080 4992 2.6 67 26 1 2 25% 37403 6485 52%
c p  3.53  0 126 16 3230 15 36080 5100 2.6 67 26 1 2 25% 37403 6485 52%
c 2  3.53  0 126 16 3230 15 36080 5100 2.6 67 26 1 2 25% 37402 6485 52%
c =  3.56  0 126 16 3230 15 36080 5092 2.6 67 26 1 2 25% 37402 6463 51%
c u  3.56  0 126 16 3230 15 36080 4715 2.6 67 26 1 2 25% 37402 6463 51%
c v  3.56  0 126 16 3230 15 36080 4513 2.6 67 26 1 2 25% 37402 6463 51%
c w  3.56  0 126 16 3230 15 36080 4511 2.6 67 26 1 2 25% 37402 6463 51%
c t  3.56  0 126 16 3230 15 36080 4511 2.6 67 26 1 2 25% 37401 6463 51%
c 2  3.56  0 126 16 3230 15 36080 4511 2.6 67 26 1 2 25% 37398 6463 51%
c f  3.57  0 126 16 3230 15 36080 4511 2.6 67 26 1 2 25% 37394 6465 51%
c }  3.64  0 126 16 3330 15 37193 5568 2.6 68 26 1 2 25% 37394 6465 51%
c [  3.64  0 145 16 3330  2 37193 5568 2.8 181 64 1 2 54% 37394 6465 51%
c ]  4.21  0 143 16 3330  2 39424 7750 3.0 202 67 1 2 58% 37394 6465 51%
c {  4.21  0 126 16 3330 15 39424 7750 2.6 68 26 1 2 25% 37394 6465 51%
c -  4.34  0 126 17 3529 15 40828 5245 2.6 70 27 1 2 25% 37394 6465 51%
c p  4.35  0 126 17 3529 15 40828 5624 2.6 70 27 1 2 25% 37394 6465 51%
c 
c  seconds   reductions   conflicts       size   tier2      variables
c         MB      restarts     redundant     glue   trail        remaining
c           level       rate        size/glue  tier1  irredundant
c 
c =  4.39  0 126 17 3529 15 40828 5542 2.6 70 27 1 2 25% 37326 6188 49%
c u  4.40  0 126 17 3529 15 40828 5139 2.6 70 27 1 2 25% 37240 6188 49%
c v  4.40  0 126 17 3529 15 40828 4882 2.6 70 27 1 2 25% 37240 6188 49%
c w  4.40  0 126 17 3529 15 40828 4882 2.6 70 27 1 2 25% 37240 6188 49%
c 2  4.40  0 126 17 3529 15 40828 4881 2.6 70 27 1 2 25% 37236 6188 49%
c f  4.41  0 126 17 3529 15 40828 4879 2.6 70 27 1 2 25% 37203 6209 49%
c F  4.58  0 125 17 3794 14 45025 8710 2.6 69 27 1 2 25% 37203 6209 49%
c -  4.58  0 125 18 3794 13 45879 5514 2.6 67 26 1 2 24% 37203 6209 49%
c d  4.58  0 125 18 3794 13 45879 5512 2.6 67 26 1 2 24% 37203 6208 49%
c p  4.58  0 125 18 3794 13 45879 5593 2.6 67 26 1 2 24% 37203 6208 49%
c 2  4.59  0 125 18 3794 13 45879 5593 2.6 67 26 1 2 24% 37201 6208 49%
c =  4.60  0 125 18 3794 13 45879 5593 2.6 67 26 1 2 24% 37200 6207 49%
c f  4.60  0 125 18 3794 13 45879 5590 2.6 67 26 1 2 24% 37201 6209 49%
c s  4.65  0 120 18 3828 12 50076 8447 2.6 62 24 1 2 23% 35279 6209 49%
c e  4.65  0 120 18 3828 12 50076 8410 2.6 62 24 1 2 23% 33729 5954 47%
c s  4.65  0 120 18 3828 12 50076 8324 2.6 62 24 1 2 23% 33721 5954 47%
c -  4.68  0 121 19 3860 12 51234 6289 2.6 61 24 1 2 22% 33721 5954 47%
c d  4.68  0 121 19 3860 12 51234 6217 2.6 61 24 1 2 22% 33721 5924 47%
c c  4.69  0 121 19 3860 12 51234 6217 2.6 61 24 1 2 22% 33539 5924 47%
c d  4.69  0 121 19 3860 12 51234 6140 2.6 61 24 1 2 22% 33501 5905 47%
c 
c  seconds   reductions   conflicts       size   tier2      variables
c         MB      restarts     redundant     glue   trail        remaining
c           level       rate        size/glue  tier1  irredundant
c 
c 2  4.69  0 121 19 3860 12 51234 6140 2.6 61 24 1 2 22% 33499 5905 47%
c t  4.70  0 121 19 3860 12 51234 6140 2.6 61 24 1 2 22% 33484 5905 47%
c B  4.81  0 121 19 4034 11 55027 9656 2.6 60 24 1 2 22% 33484 5905 47%
c }  4.87  0 121 19 4118 11 55854 10432 2.6 62 24 1 2 22% 33484 5905 47%
c [  4.87  0 143 19 4118  2 55854 10432 3.0 202 67 1 2 58% 33484 5905 47%
c -  4.96  0 142 20 4118  2 56893 7036 3.0 198 65 1 2 56% 33484 5905 47%
c p  4.96  0 142 20 4118  2 56893 7301 3.0 198 65 1 2 56% 33484 5905 47%
c u  4.97  0 142 20 4118  2 56893 6404 3.0 198 65 1 2 56% 33484 5905 47%
c v  4.97  0 142 20 4118  2 56893 6203 3.0 198 65 1 2 56% 33484 5905 47%
c w  4.97  0 142 20 4118  2 56893 6202 3.0 198 65 1 2 56% 33484 5905 47%
c f  4.97  0 142 20 4118  2 56893 6171 3.0 198 65 1 2 56% 33468 5948 47%
c ]  5.55  0 143 20 4122  1 62377 11271 2.9 182 64 1 2 49% 33468 5948 47%
c {  5.55  0 121 20 4122 11 62377 11271 2.6 62 24 1 2 22% 33468 5948 47%
c -  5.57  0 121 21 4173 11 62858 6818 2.6 62 24 1 2 22% 33468 5948 47%
c d  5.57  0 121 21 4173 11 62858 6794 2.6 62 24 1 2 22% 33468 5943 47%
c p  5.57  0 121 21 4173 11 62858 7032 2.6 62 24 1 2 22% 33468 5943 47%
c c  5.58  0 121 21 4173 11 62858 7032 2.6 62 24 1 2 22% 33452 5943 47%
c =  5.62  0 121 21 4173 11 62858 7025 2.6 62 24 1 2 22% 33441 5935 47%
c u  5.62  0 121 21 4173 11 62858 6678 2.6 62 24 1 2 22% 33441 5935 47%
c v  5.62  0 121 21 4173 11 62858 6502 2.6 62 24 1 2 22% 33441 5935 47%
c 
c  seconds   reductions   conflicts       size   tier2      variables
c         MB      restarts     redundant     glue   trail        remaining
c           level       rate        size/glue  tier1  irredundant
c 
c w  5.62  0 121 21 4173 11 62858 6502 2.6 62 24 1 2 22% 33441 5935 47%
c x  5.63  0 121 21 4173 11 62858 6501 2.6 62 24 1 2 22% 33362 5935 47%
c t  5.63  0 121 21 4173 11 62858 6501 2.6 62 24 1 2 22% 33361 5935 47%
c f  5.63  0 121 21 4173 11 62858 6483 2.6 62 24 1 2 22% 33369 5945 47%
c W  5.75  0 121 21 4291 11 66029 9467 2.6 61 24 1 2 22% 33369 5945 47%
c -  5.86  0 122 22 4456 11 69126 7464 2.6 61 24 1 2 22% 33369 5945 47%
c d  5.86  0 122 22 4456 11 69126 7460 2.6 61 24 1 2 22% 33365 5941 47%
c c  5.86  0 122 22 4456 11 69126 7460 2.6 61 24 1 2 22% 33341 5941 47%
c d  5.87  0 122 22 4456 11 69126 7451 2.6 61 24 1 2 22% 33333 5937 47%
c 2  5.87  0 122 22 4456 11 69126 7450 2.6 61 24 1 2 22% 33331 5937 47%
c =  5.88  0 122 22 4456 11 69126 7449 2.6 61 24 1 2 22% 33327 5934 47%
c f  5.88  0 122 22 4456 11 69126 7449 2.6 61 24 1 2 22% 33323 5938 47%
c s  6.05  0 122 22 4694 10 75096 12912 2.6 60 23 1 2 22% 33158 5938 47%
c e  6.06  0 122 22 4694 10 75096 11993 2.6 60 23 1 2 22% 33097 5822 46%
c s  6.06  0 122 22 4694 10 75096 11951 2.6 60 23 1 2 22% 33055 5822 46%
c -  6.10  0 122 23 4741 10 75698 8254 2.5 59 23 1 2 25% 33055 5822 46%
c p  6.10  0 122 23 4741 10 75698 8336 2.5 59 23 1 2 25% 33051 5817 46%
c c  6.11  0 122 23 4741 10 75698 8336 2.5 59 23 1 2 25% 33035 5817 46%
c =  6.13  0 122 23 4741 10 75698 8180 2.5 59 23 1 2 25% 33011 5645 45%
c u  6.13  0 122 23 4741 10 75698 7730 2.5 59 23 1 2 25% 32952 5645 45%
c 
c  seconds   reductions   conflicts       size   tier2      variables
c         MB      restarts     redundant     glue   trail        remaining
c           level       rate        size/glue  tier1  irredundant
c 
c v  6.14  0 122 23 4741 10 75698 7452 2.5 59 23 1 2 25% 32952 5645 45%
c w  6.14  0 122 23 4741 10 75698 7452 2.5 59 23 1 2 25% 32952 5645 45%
c t  6.14  0 122 23 4741 10 75698 7452 2.5 59 23 1 2 25% 32934 5645 45%
c 2  6.14  0 122 23 4741 10 75698 7447 2.5 59 23 1 2 25% 32920 5645 45%
c f  6.14  0 122 23 4741 10 75698 7433 2.5 59 23 1 2 25% 32863 5710 45%
c #  6.19  0 121 23 4801 10 78031 9528 2.5 58 23 1 2 18% 32863 5710 45%
c -  6.33  0 122 24 4995 10 82576 8801 2.5 58 23 1 2 24% 32863 5710 45%
c d  6.33  0 122 24 4995 10 82576 8800 2.5 58 23 1 2 24% 32859 5707 45%
c p  6.33  0 122 24 4995 10 82576 8890 2.5 58 23 1 2 24% 32859 5707 45%
c c  6.34  0 122 24 4995 10 82576 8890 2.5 58 23 1 2 24% 32853 5707 45%
c =  6.36  0 122 24 4995 10 82576 8888 2.5 58 23 1 2 24% 32847 5687 45%
c f  6.36  0 122 24 4995 10 82576 8888 2.5 58 23 1 2 24% 32843 5690 45%
c }  6.43  0 122 24 5015  9 86259 12338 2.5 57 22 1 2 27% 32843 5690 45%
c [  6.43  0 143 24 5015  1 86259 12338 2.9 182 64 1 2 55% 32843 5690 45%
c -  6.55  0 143 25 5017  1 89761 9494 2.8 162 58 1 2 49% 32843 5690 45%
c d  6.56  0 143 25 5017  1 89761 9468 2.8 162 58 1 2 49% 32839 5684 45%
c c  6.56  0 143 25 5017  1 89761 9468 2.8 162 58 1 2 49% 32801 5684 45%
c u  6.58  0 143 25 5017  1 89761 9208 2.8 162 58 1 2 49% 32783 5680 45%
c v  6.59  0 143 25 5017  1 89761 9018 2.8 162 58 1 2 49% 32783 5680 45%
c w  6.59  0 143 25 5017  1 89761 9017 2.8 162 58 1 2 49% 32783 5680 45%
c 
c  seconds   reductions   conflicts        size   tier2      variables
c         MB      restarts     redundant      glue   trail        remaining
c           level       rate        size/glue   tier1  irredundant
c 
c x  6.59  0 143 25 5017  1 89761 9017 2.8 162 58 1 2 49% 32554 5680 45%
c f  6.59  0 143 25 5017  1 89761 9017 2.8 162 58 1 2 49% 32552 5682 45%
c O  6.63  0 145 25 5018  1 91032 10259 2.8 156 56 1 2 49% 32552 5682 45%
c -  6.88  0 143 26 5019  1 97251 9569 2.8 139 50 1 2 46% 32552 5682 45%
c p  6.88  0 143 26 5019  1 97251 9783 2.8 139 50 1 2 46% 32552 5682 45%
c f  6.89  0 143 26 5019  1 97251 9774 2.8 139 50 1 2 46% 32558 5685 45%
c B  7.23  0 141 26 5022  1 105033 17231 2.7 126 47 1 2 43% 32558 5685 45%
c -  7.23  0 141 27 5022  1 105047 9958 2.7 126 47 1 2 43% 32558 5685 45%
c p  7.24  0 141 27 5022  1 105047 9945 2.7 126 47 1 2 43% 32558 5681 45%
c =  7.26  0 141 27 5022  1 105047 9907 2.7 126 47 1 2 43% 32554 5670 45%
c u  7.27  0 141 27 5022  1 105047 9456 2.7 126 47 1 2 43% 32416 5670 45%
c v  7.27  0 141 27 5022  1 105047 9163 2.7 126 47 1 2 43% 32416 5670 45%
c t  7.27  0 141 27 5022  1 105047 9162 2.7 126 47 1 2 43% 32415 5670 45%
c 2  7.27  0 141 27 5022  1 105047 9161 2.7 126 47 1 2 43% 32413 5670 45%
c f  7.28  0 141 27 5022  1 105047 9161 2.7 126 47 1 2 43% 32410 5673 45%
c s  7.29  0 141 27 5022  1 105160 9191 2.7 126 47 1 2 43% 31513 5673 45%
c e  7.29  0 141 27 5022  1 105160 8968 2.7 126 47 1 2 43% 30218 5387 43%
c s  7.30  0 141 27 5022  1 105160 8931 2.7 126 47 1 2 43% 30141 5387 43%
c e  7.30  0 141 27 5022  1 105160 8922 2.7 126 47 1 2 43% 30117 5384 43%
c ]  7.30  0 141 27 5022  1 105645 9358 2.7 124 46 1 2 43% 30117 5384 43%
c 
c  seconds   reductions   conflicts        size   tier2      variables
c         MB      restarts      redundant     glue   trail        remaining
c           level       rate         size/glue  tier1  irredundant
c 
c {  7.30  0 122 27 5022  9 105645 9358 2.5 57 22 1 2 27% 30117 5384 43%
c -  7.40  0 122 28 5053  8 113149 9781 2.5 54 21 1 2 31% 30115 5384 43%
c 2  7.40  0 122 28 5053  8 113149 9780 2.5 54 21 1 2 31% 30115 5384 43%
c d  7.40  0 122 28 5053  8 113149 9768 2.5 54 21 1 2 31% 30105 5380 43%
c p  7.40  0 122 28 5053  8 113149 9787 2.5 54 21 1 2 31% 30105 5380 43%
c c  7.41  0 122 28 5053  8 113149 9787 2.5 54 21 1 2 31% 30086 5380 43%
c d  7.41  0 122 28 5053  8 113149 9772 2.5 54 21 1 2 31% 30078 5376 43%
c 2  7.41  0 122 28 5053  8 113149 9771 2.5 54 21 1 2 31% 30076 5376 43%
c =  7.42  0 122 28 5053  8 113149 9751 2.5 54 21 1 2 31% 30076 5372 43%
c t  7.42  0 122 28 5053  8 113149 9751 2.5 54 21 1 2 31% 30071 5372 43%
c f  7.43  0 122 28 5053  8 113149 9746 2.5 54 21 1 2 30% 30021 5425 43%
c B  7.53  0 121 28 5086  7 120034 16014 2.5 52 20 1 2 31% 30021 5425 43%
c -  7.55  0 120 29 5102  7 121558 10473 2.5 51 20 1 2 31% 30021 5425 43%
c d  7.56  0 120 29 5102  7 121558 10423 2.5 51 20 1 2 31% 29995 5407 43%
c c  7.56  0 120 29 5102  7 121558 10423 2.5 51 20 1 2 31% 29943 5407 43%
c d  7.56  0 120 29 5102  7 121558 10400 2.5 51 20 1 2 31% 29929 5400 43%
c 2  7.56  0 120 29 5102  7 121558 10399 2.5 51 20 1 2 31% 29925 5400 43%
c =  7.57  0 120 29 5102  7 121558 10385 2.5 51 20 1 2 31% 29915 5394 43%
c t  7.57  0 120 29 5102  7 121558 10384 2.5 51 20 1 2 31% 29913 5394 43%
c 2  7.57  0 120 29 5102  7 121558 10383 2.5 51 20 1 2 31% 29909 5394 43%
c 
c  seconds   reductions   conflicts         size   tier2      variables
c         MB      restarts       redundant     glue   trail        remaining
c           level       rate          size/glue  tier1  irredundant
c 
c f  7.58  0 120 29 5102  7 121558 10383 2.5 51 20 1 2 31% 29901 5402 43%
c -  7.69  0 120 30 5134  6 130275 11033 2.5 49 19 1 2 31% 29901 5402 43%
c p  7.69  0 120 30 5134  6 130275 11029 2.5 49 19 1 2 31% 29897 5399 43%
c =  7.71  0 120 30 5134  6 130275 11028 2.5 49 19 1 2 31% 29897 5396 43%
c u  7.71  0 120 30 5134  6 130275 10718 2.5 49 19 1 2 31% 29895 5396 43%
c v  7.72  0 120 30 5134  6 130275 10437 2.5 49 19 1 2 31% 29895 5396 43%
c w  7.72  0 120 30 5134  6 130275 10435 2.5 49 19 1 2 31% 29895 5396 43%
c 2  7.72  0 120 30 5134  6 130275 10435 2.5 49 19 1 2 31% 29889 5396 43%
c f  7.72  0 120 30 5134  6 130275 10432 2.5 49 19 1 2 31% 29891 5397 43%
c W  7.82  0 119 30 5170  6 136035 15609 2.5 47 19 1 2 31% 29891 5397 43%
c -  7.87  0 118 31 5206  6 139298 11345 2.5 47 19 1 2 31% 29891 5397 43%
c p  7.87  0 118 31 5206  6 139298 11335 2.5 47 19 1 2 31% 29883 5395 43%
c =  7.88  0 118 31 5206  6 139298 11334 2.5 47 19 1 2 31% 29882 5394 43%
c f  7.88  0 118 31 5206  6 139298 11334 2.5 47 19 1 2 31% 29879 5396 43%
c s  7.89  0 118 31 5213  6 139937 11590 2.5 46 18 1 2 31% 29782 5396 43%
c e  7.90  0 118 31 5213  6 139937 11512 2.5 46 18 1 2 31% 29719 5357 43%
c s  7.90  0 118 31 5213  6 139937 11445 2.5 46 18 1 2 31% 29708 5357 43%
c -  8.02  0 117 32 5262  5 148630 12003 2.5 45 18 1 2 37% 29708 5357 43%
c d  8.03  0 117 32 5262  5 148630 11973 2.5 45 18 1 2 37% 29708 5350 43%
c p  8.03  0 117 32 5262  5 148630 12072 2.5 45 18 1 2 37% 29708 5350 43%
c 
c  seconds   reductions   conflicts         size   tier2      variables
c         MB      restarts       redundant     glue   trail        remaining
c           level       rate          size/glue  tier1  irredundant
c 
c c  8.04  0 117 32 5262  5 148630 12072 2.5 45 18 1 2 37% 29669 5350 43%
c d  8.04  0 117 32 5262  5 148630 12055 2.5 45 18 1 2 37% 29649 5340 42%
c 2  8.04  0 117 32 5262  5 148630 12052 2.5 45 18 1 2 37% 29641 5340 42%
c =  8.05  0 117 32 5262  5 148630 12032 2.5 45 18 1 2 37% 29633 5329 42%
c t  8.05  0 117 32 5262  5 148630 12031 2.5 45 18 1 2 37% 29631 5329 42%
c 2  8.05  0 117 32 5262  5 148630 12030 2.5 45 18 1 2 37% 29629 5329 42%
c f  8.05  0 117 32 5262  5 148630 12030 2.5 45 18 1 2 37% 29621 5337 42%
c F  8.11  0 117 32 5278  5 153037 16102 2.5 45 18 1 2 39% 29621 5337 42%
c -  8.20  0 117 33 5319  5 158268 12599 2.6 44 17 1 2 39% 29621 5337 42%
c p  8.20  0 117 33 5319  5 158268 12578 2.6 44 17 1 2 39% 29621 5333 42%
c c  8.21  0 117 33 5319  5 158268 12578 2.6 44 17 1 2 39% 29603 5333 42%
c u  8.22  0 117 33 5319  5 158268 11971 2.6 44 17 1 2 39% 29597 5330 42%
c v  8.22  0 117 33 5319  5 158268 11762 2.6 44 17 1 2 39% 29597 5330 42%
c w  8.22  0 117 33 5319  5 158268 11761 2.6 44 17 1 2 39% 29597 5330 42%
c x  8.22  0 117 33 5319  5 158268 11761 2.6 44 17 1 2 39% 29593 5330 42%
c f  8.23  0 117 33 5319  5 158268 11756 2.6 44 17 1 2 39% 29583 5338 42%
c -  8.37  0 117 34 5437  5 168214 12771 2.5 43 17 1 2 38% 29583 5338 42%
c d  8.37  0 117 34 5437  5 168214 12720 2.5 43 17 1 2 38% 29582 5332 42%
c p  8.37  0 117 34 5437  5 168214 12783 2.5 43 17 1 2 38% 29582 5332 42%
c c  8.38  0 117 34 5437  5 168214 12783 2.5 43 17 1 2 38% 29544 5332 42%
c 
c  seconds   reductions   conflicts         size   tier2      variables
c         MB      restarts       redundant     glue   trail        remaining
c           level       rate          size/glue  tier1  irredundant
c 
c d  8.38  0 117 34 5437  5 168214 12720 2.5 43 17 1 2 38% 29534 5327 42%
c 2  8.38  0 117 34 5437  5 168214 12719 2.5 43 17 1 2 38% 29532 5327 42%
c f  8.38  0 117 34 5437  5 168214 12714 2.5 43 17 1 2 38% 29529 5334 42%
c }  8.39  0 117 34 5438  5 168336 12830 2.5 43 17 1 2 38% 29529 5334 42%
c [  8.39  0 141 34 5438  1 168336 12830 2.7 124 46 1 2 47% 29529 5334 42%
c W  8.45  0 143 34 5440  1 171040 15379 2.7 118 44 1 2 47% 29529 5334 42%
c -  8.58  0 144 35 5443  1 178468 13275 2.6 104 41 1 2 42% 29529 5334 42%
c p  8.59  0 144 35 5443  1 178468 13347 2.6 104 41 1 2 42% 29529 5333 42%
c c  8.59  0 144 35 5443  1 178468 13347 2.6 104 41 1 2 42% 29522 5333 42%
c d  8.59  0 144 35 5443  1 178468 13346 2.6 104 41 1 2 42% 29520 5332 42%
c 2  8.60  0 144 35 5443  1 178468 13346 2.6 104 41 1 2 42% 29518 5332 42%
c =  8.61  0 144 35 5443  1 178468 13289 2.6 104 41 1 2 42% 29490 5293 42%
c u  8.61  0 144 35 5443  1 178468 12534 2.6 104 41 1 2 42% 29439 5293 42%
c v  8.62  0 144 35 5443  1 178468 12296 2.6 104 41 1 2 42% 29439 5293 42%
c w  8.62  0 144 35 5443  1 178468 12294 2.6 104 41 1 2 42% 29439 5293 42%
c 2  8.62  0 144 35 5443  1 178468 12293 2.6 104 41 1 2 42% 29434 5293 42%
c f  8.62  0 144 35 5443  1 178468 12290 2.6 104 41 1 2 42% 29426 5300 42%
c s  8.64  0 143 35 5444  1 179479 12996 2.5 103 40 1 2 42% 29314 5300 42%
c e  8.65  0 143 35 5444  1 179479 12906 2.5 103 40 1 2 42% 29290 5275 42%
c s  8.65  0 143 35 5444  1 179479 12852 2.5 103 40 1 2 42% 29284 5275 42%
c 
c  seconds   reductions   conflicts         size   tier2      variables
c         MB      restarts       redundant     glue   trail        remaining
c           level       rate          size/glue  tier1  irredundant
c 
c -  8.87  0 140 36 5449  1 189030 12507 2.5 94 38 1 2 39% 29284 5275 42%
c d  8.87  0 140 36 5449  1 189030 12505 2.5 94 38 1 2 39% 29284 5274 42%
c p  8.87  0 140 36 5449  1 189030 12581 2.5 94 38 1 2 39% 29284 5274 42%
c c  8.89  0 140 36 5449  1 189030 12580 2.5 94 38 1 2 39% 29275 5274 42%
c d  8.89  0 140 36 5449  1 189030 12575 2.5 94 38 1 2 39% 29271 5272 42%
c =  8.91  0 140 36 5449  1 189030 12378 2.5 94 38 1 2 39% 29266 5243 42%
c 2  8.91  0 140 36 5449  1 189030 12377 2.5 94 38 1 2 39% 29266 5243 42%
c f  8.92  0 140 36 5449  1 189030 12377 2.5 94 38 1 2 39% 29258 5248 42%
c I  8.93  0 140 36 5449  1 190041 13311 2.5 93 38 1 2 39% 29258 5248 42%
c -  9.23  0 137 37 5451  1 199900 12934 2.4 89 38 1 2 37% 29258 5248 42%
c p  9.23  0 137 37 5451  1 199900 13060 2.4 89 38 1 2 37% 29258 5248 42%
c =  9.26  0 137 37 5451  1 199900 13060 2.4 89 38 1 2 37% 29257 5245 42%
c u  9.27  0 137 37 5451  1 199900 12081 2.4 89 38 1 2 37% 29257 5245 42%
c v  9.27  0 137 37 5451  1 199900 11779 2.4 89 38 1 2 37% 29257 5245 42%
c w  9.27  0 137 37 5451  1 199900 11779 2.4 89 38 1 2 37% 29257 5245 42%
c t  9.27  0 137 37 5451  1 199900 11777 2.4 89 38 1 2 37% 29257 5245 42%
c f  9.28  0 137 37 5451  1 199900 11773 2.4 89 38 1 2 37% 29257 5247 42%
c B  9.47  0 131 37 5451  1 210046 21120 2.4 84 35 1 2 37% 29257 5247 42%
c -  9.50  0 132 38 5451  1 211078 12123 2.4 83 35 1 2 37% 29257 5247 42%
c p  9.50  0 132 38 5451  1 211078 12122 2.4 83 35 1 2 37% 29257 5246 42%
c 
c  seconds   reductions   conflicts         size   tier2      variables
c         MB      restarts       redundant     glue   trail        remaining
c           level       rate          size/glue  tier1  irredundant
c 
c f  9.52  0 132 38 5451  1 211078 12122 2.4 83 35 1 2 37% 29249 5252 42%
c ]  9.54  0 132 38 5451  1 211465 12493 2.4 83 35 1 2 37% 29249 5252 42%
c {  9.54  0 117 38 5451  5 211465 12493 2.5 43 17 1 2 38% 29249 5252 42%
c -  9.71  0 117 39 5563  4 222563 13064 2.5 41 16 1 2 38% 29249 5252 42%
c d  9.71  0 117 39 5563  4 222563 13060 2.5 41 16 1 2 38% 29249 5251 42%
c p  9.71  0 117 39 5563  4 222563 13123 2.5 41 16 1 2 38% 29249 5251 42%
c c  9.72  0 117 39 5563  4 222563 13123 2.5 41 16 1 2 38% 29232 5251 42%
c d  9.72  0 117 39 5563  4 222563 13111 2.5 41 16 1 2 38% 29224 5247 42%
c 2  9.72  0 117 39 5563  4 222563 13110 2.5 41 16 1 2 38% 29220 5247 42%
c u  9.73  0 117 39 5563  4 222563 12851 2.5 41 16 1 2 38% 29220 5247 42%
c v  9.73  0 117 39 5563  4 222563 12626 2.5 41 16 1 2 38% 29220 5247 42%
c w  9.73  0 117 39 5563  4 222563 12624 2.5 41 16 1 2 38% 29220 5247 42%
c f  9.73  0 117 39 5563  4 222563 12624 2.5 41 16 1 2 38% 29212 5255 42%
c s  9.76  0 117 39 5585  4 223991 13856 2.6 41 16 1 2 38% 29022 5255 42%
c e  9.77  0 117 39 5585  4 223991 13838 2.6 41 16 1 2 38% 29012 5244 42%
c s  9.77  0 117 39 5585  4 223991 13803 2.6 41 16 1 2 38% 29011 5244 42%
c B  9.87  0 115 39 5660  4 231049 20434 2.6 41 16 1 2 38% 29009 5244 42%
c -  9.93  0 115 40 5700  4 234358 13656 2.6 41 16 1 2 37% 29008 5244 42%
c d  9.93  0 115 40 5700  4 234358 13642 2.6 41 16 1 2 37% 28993 5239 42%
c p  9.93  0 115 40 5700  4 234358 13781 2.6 41 16 1 2 37% 28993 5239 42%
c 
c  seconds   reductions   conflicts         size   tier2      variables
c         MB      restarts       redundant     glue   trail        remaining
c           level       rate          size/glue  tier1  irredundant
c 
c c  9.94  0 115 40 5700  4 234358 13781 2.6 41 16 1 2 37% 28975 5239 42%
c d  9.94  0 115 40 5700  4 234358 13772 2.6 41 16 1 2 37% 28969 5236 42%
c 2  9.94  0 115 40 5700  4 234358 13771 2.6 41 16 1 2 37% 28965 5236 42%
c =  9.95  0 115 40 5700  4 234358 13743 2.6 41 16 1 2 37% 28958 5226 42%
c f  9.96  0 115 40 5700  4 234358 13743 2.6 41 16 1 2 37% 28950 5232 42%
c - 10.13  0 114 41 5793  4 246460 14470 2.6 40 15 1 2 37% 28950 5232 42%
c p 10.13  0 114 41 5793  4 246460 14473 2.6 40 15 1 2 37% 28950 5232 42%
c = 10.16  0 114 41 5793  4 246460 14333 2.6 40 15 1 2 37% 28930 5195 41%
c u 10.16  0 114 41 5793  4 246460 14102 2.6 40 15 1 2 37% 28930 5195 41%
c v 10.16  0 114 41 5793  4 246460 13976 2.6 40 15 1 2 37% 28930 5195 41%
c w 10.16  0 114 41 5793  4 246460 13974 2.6 40 15 1 2 37% 28930 5195 41%
c x 10.17  0 114 41 5793  4 246460 13974 2.6 40 15 1 2 37% 28889 5195 41%
c 2 10.17  0 114 41 5793  4 246460 13972 2.6 40 15 1 2 37% 28885 5195 41%
c f 10.17  0 114 41 5793  4 246460 13970 2.6 40 15 1 2 37% 28879 5201 41%
c W 10.30  0 113 41 5924  4 253050 20136 2.5 39 15 1 2 37% 28879 5201 41%
c - 10.40  0 112 42 6012  4 258872 15119 2.5 38 15 1 2 36% 28879 5201 41%
c d 10.41  0 112 42 6012  4 258872 15118 2.5 38 15 1 2 36% 28878 5200 41%
c p 10.41  0 112 42 6012  4 258872 15190 2.5 38 15 1 2 36% 28878 5200 41%
c = 10.43  0 112 42 6012  4 258872 15040 2.5 38 15 1 2 36% 28874 5125 41%
c 2 10.43  0 112 42 6012  4 258872 15035 2.5 38 15 1 2 36% 28864 5125 41%
c 
c  seconds   reductions   conflicts         size   tier2      variables
c         MB      restarts       redundant     glue   trail        remaining
c           level       rate          size/glue  tier1  irredundant
c 
c f 10.43  0 112 42 6012  4 258872 15017 2.5 38 15 1 2 36% 28864 5143 41%
c - 10.61  0 110 43 6173  4 271591 16094 2.5 37 15 1 2 35% 28864 5143 41%
c d 10.61  0 110 43 6173  4 271591 16000 2.5 37 15 1 2 35% 28860 5134 41%
c p 10.61  0 110 43 6173  4 271591 16131 2.5 37 15 1 2 35% 28860 5134 41%
c c 10.62  0 110 43 6173  4 271591 16131 2.5 37 15 1 2 35% 28843 5134 41%
c = 10.64  0 110 43 6173  4 271591 16037 2.5 37 15 1 2 35% 28831 5119 41%
c u 10.65  0 110 43 6173  4 271591 15746 2.5 37 15 1 2 35% 28828 5119 41%
c v 10.65  0 110 43 6173  4 271591 15519 2.5 37 15 1 2 35% 28828 5119 41%
c w 10.65  0 110 43 6173  4 271591 15516 2.5 37 15 1 2 35% 28828 5119 41%
c t 10.65  0 110 43 6173  4 271591 15515 2.5 37 15 1 2 35% 28828 5119 41%
c 2 10.65  0 110 43 6173  4 271591 15515 2.5 37 15 1 2 35% 28826 5119 41%
c f 10.65  0 110 43 6173  4 271591 15515 2.5 37 15 1 2 35% 28823 5122 41%
c s 10.68  0 110 43 6197  4 273350 16995 2.5 37 15 1 2 34% 28106 5122 41%
c t 10.68  0 110 43 6197  4 273350 16995 2.5 37 15 1 2 34% 28105 5122 41%
c e 10.69  0 110 43 6197  4 273350 16926 2.5 37 15 1 2 34% 28038 5092 40%
c s 10.69  0 110 43 6197  4 273350 16868 2.5 37 15 1 2 34% 28034 5092 40%
c } 10.71  0 110 43 6214  4 274170 17626 2.5 37 15 1 2 34% 28034 5092 40%
c [ 10.71  0 132 43 6214  1 274170 17626 2.4 83 35 1 2 37% 28034 5092 40%
c W 10.76  0 133 43 6214  1 276051 19427 2.4 82 34 1 2 36% 28034 5092 40%
c - 10.95  0 132 44 6219  1 284621 16180 2.3 79 34 1 2 36% 28034 5092 40%
c 
c  seconds   reductions   conflicts         size   tier2      variables
c         MB      restarts       redundant     glue   trail        remaining
c           level       rate          size/glue  tier1  irredundant
c 
c p 10.95  0 132 44 6219  1 284621 16248 2.3 79 34 1 2 36% 28034 5092 40%
c = 10.98  0 132 44 6219  1 284621 16027 2.3 79 34 1 2 36% 28013 5031 40%
c 2 10.98  0 132 44 6219  1 284621 16025 2.3 79 34 1 2 36% 28009 5031 40%
c f 10.98  0 132 44 6219  1 284621 16022 2.3 79 34 1 2 36% 27999 5044 40%
c - 11.24  0 133 45 6227  1 297958 16348 2.3 73 32 1 2 34% 27999 5044 40%
c = 11.26  0 133 45 6227  1 297958 16286 2.3 73 32 1 2 34% 27989 5022 40%
c u 11.27  0 133 45 6227  1 297958 15921 2.3 73 32 1 2 34% 27989 5022 40%
c v 11.28  0 133 45 6227  1 297958 15624 2.3 73 32 1 2 34% 27989 5022 40%
c w 11.28  0 133 45 6227  1 297958 15624 2.3 73 32 1 2 34% 27989 5022 40%
c 2 11.28  0 133 45 6227  1 297958 15624 2.3 73 32 1 2 34% 27987 5022 40%
c O 11.31  0 132 45 6228  1 300052 17577 2.3 72 32 1 2 33% 27987 5022 40%
c - 11.52  0 127 46 6229  1 311604 16095 2.3 68 30 1 2 33% 27987 5022 40%
c p 11.52  0 127 46 6229  1 311604 16215 2.3 68 30 1 2 33% 27987 5022 40%
c = 11.54  0 127 46 6229  1 311604 16204 2.3 68 30 1 2 33% 27982 5009 40%
c 2 11.55  0 127 46 6229  1 311604 16203 2.3 68 30 1 2 33% 27980 5009 40%
c f 11.55  0 127 46 6229  1 311604 16189 2.3 68 30 1 2 33% 27987 5013 40%
c B 11.80  0 128 46 6237  1 325053 29004 2.2 65 29 1 2 33% 27987 5013 40%
c - 11.81  0 128 47 6237  1 325559 16612 2.2 64 29 1 2 32% 27987 5013 40%
c p 11.81  0 128 47 6237  1 325559 16708 2.2 64 29 1 2 32% 27987 5013 40%
c u 11.83  0 128 47 6237  1 325559 16486 2.2 64 29 1 2 32% 27987 5013 40%
c 
c  seconds   reductions   conflicts         size   tier2      variables
c         MB      restarts       redundant     glue   trail        remaining
c           level       rate          size/glue  tier1  irredundant
c 
c v 11.84  0 128 47 6237  1 325559 16216 2.2 64 29 1 2 32% 27987 5013 40%
c w 11.84  0 128 47 6237  1 325559 16216 2.2 64 29 1 2 32% 27987 5013 40%
c s 11.88  0 128 47 6239  1 327490 17929 2.2 64 29 1 2 32% 27449 5013 40%
c t 11.88  0 128 47 6239  1 327490 17927 2.2 64 29 1 2 32% 27445 5013 40%
c e 11.89  0 128 47 6239  1 327490 17525 2.2 64 29 1 2 32% 25555 4713 37%
c s 11.89  0 128 47 6239  1 327490 17501 2.2 64 29 1 2 32% 25530 4713 37%
c e 11.89  0 128 47 6239  1 327490 16956 2.2 64 29 1 2 32% 24532 4564 36%
c ] 11.92  0 128 47 6239  1 328614 18034 2.2 64 29 1 2 31% 24532 4564 36%
c { 11.92  0 110 47 6239  4 328614 18034 2.5 37 15 1 2 41% 24532 4564 36%
c - 12.05  0 107 48 6341  3 339823 17082 2.5 35 14 1 2 38% 24532 4564 36%
c 2 12.05  0 107 48 6341  3 339823 17080 2.5 35 14 1 2 38% 24532 4564 36%
c p 12.05  0 107 48 6341  3 339823 17144 2.5 35 14 1 2 38% 24532 4564 36%
c t 12.06  0 107 48 6341  3 339823 17143 2.5 35 14 1 2 38% 24532 4564 36%
c f 12.06  0 107 48 6341  3 339823 17140 2.5 35 14 1 2 38% 24500 4574 36%
c # 12.18  0 104 48 6424  3 351054 27385 2.4 33 14 1 2 36% 24500 4574 36%
c - 12.22  0 103 49 6457  3 354396 18679 2.4 33 14 1 2 35% 24500 4574 36%
c p 12.22  0 103 49 6457  3 354396 18738 2.4 33 14 1 2 35% 24500 4574 36%
c u 12.25  0 103 49 6457  3 354396 18500 2.4 33 14 1 2 35% 24500 4574 36%
c v 12.25  0 103 49 6457  3 354396 18345 2.4 33 14 1 2 35% 24500 4574 36%
c w 12.25  0 103 49 6457  3 354396 18344 2.4 33 14 1 2 35% 24500 4574 36%
c 
c  seconds   reductions   conflicts         size   tier2      variables
c         MB      restarts       redundant     glue   trail        remaining
c           level       rate          size/glue  tier1  irredundant
c 
c f 12.25  0 103 49 6457  3 354396 18339 2.4 33 14 1 2 35% 24503 4576 36%
c - 12.44  0 99 50 6633  3 369278 19615 2.4 31 13 1 2 32% 24503 4576 36%
c p 12.44  0 99 50 6633  3 369278 19711 2.4 31 13 1 2 32% 24503 4576 36%
c B 12.55  0 96 50 6731  3 378057 27830 2.3 30 13 1 2 31% 24503 4576 36%
c - 12.63  0 94 51 6817  3 384471 21033 2.3 29 13 1 2 30% 24503 4576 36%
c p 12.64  0 94 51 6817  3 384471 21109 2.3 29 13 1 2 30% 24503 4576 36%
c u 12.64  0 94 51 6817  3 384471 20918 2.3 29 13 1 2 30% 24503 4576 36%
c v 12.64  0 94 51 6817  3 384471 20799 2.3 29 13 1 2 30% 24503 4576 36%
c s 12.68  0 94 51 6833  3 385723 21595 2.3 29 13 1 2 30% 24497 4576 36%
c e 12.68  0 94 51 6833  3 385723 21339 2.3 29 13 1 2 30% 23790 4460 35%
c s 12.69  0 94 51 6833  3 385723 21229 2.3 29 13 1 2 30% 23790 4460 35%
c ^ 12.69  0 94 51 6833  3 385723 21229 2.3 29 13 1 2 30% 23790 4460 35%
c - 12.87  0 91 52 7030  3 399972 22107 2.3 28 12 1 2 28% 23790 4460 35%
c p 12.87  0 91 52 7030  3 399972 22185 2.3 28 12 1 2 28% 23790 4460 35%
c W 12.99  0 90 52 7093  3 406059 27751 2.3 27 12 1 2 27% 23790 4460 35%
c } 13.06  0 88 52 7200  3 411206 32427 2.3 27 12 1 2 27% 23790 4460 35%
c [ 13.06  0 128 52 7200  1 411206 32427 2.2 64 29 1 2 31% 23790 4460 35%
c - 13.15  0 127 53 7203  1 415784 23550 2.2 62 28 1 2 31% 23790 4460 35%
c p 13.15  0 127 53 7203  1 415784 23629 2.2 62 28 1 2 31% 23790 4460 35%
c u 13.16  0 127 53 7203  1 415784 23222 2.2 62 28 1 2 31% 23790 4460 35%
c 
c  seconds   reductions   conflicts         size   tier2      variables
c         MB      restarts       redundant     glue   trail        remaining
c           level       rate          size/glue  tier1  irredundant
c 
c v 13.17  0 127 53 7203  1 415784 23069 2.2 62 28 1 2 31% 23790 4460 35%
c w 13.17  0 127 53 7203  1 415784 23068 2.2 62 28 1 2 31% 23790 4460 35%
c - 13.60  0 124 54 7206  1 431905 23001 2.1 63 29 1 2 32% 23790 4460 35%
c p 13.60  0 124 54 7206  1 431905 23175 2.1 63 29 1 2 32% 23790 4460 35%
c u 13.61  0 124 54 7206  1 431905 22906 2.1 63 29 1 2 32% 23790 4460 35%
c v 13.61  0 124 54 7206  1 431905 22754 2.1 63 29 1 2 32% 23790 4460 35%
c w 13.61  0 124 54 7206  1 431905 22750 2.1 63 29 1 2 32% 23790 4460 35%
c t 13.61  0 124 54 7206  1 431905 22749 2.1 63 29 1 2 32% 23790 4460 35%
c W 13.72  0 124 54 7206  1 435061 25792 2.1 64 30 1 2 32% 23790 4460 35%
c - 14.02  0 120 55 7207  1 448335 21351 2.1 62 30 1 2 30% 23790 4460 35%
c p 14.02  0 120 55 7207  1 448335 21508 2.1 62 30 1 2 30% 23790 4460 35%
c u 14.03  0 120 55 7207  1 448335 21252 2.1 62 30 1 2 30% 23790 4460 35%
c v 14.03  0 120 55 7207  1 448335 21243 2.1 62 30 1 2 30% 23790 4460 35%
c w 14.03  0 120 55 7207  1 448335 21237 2.1 62 30 1 2 30% 23790 4460 35%
c s 14.05  0 121 55 7207  1 448520 21191 2.1 62 30 1 2 30% 23790 4460 35%
c e 14.06  0 121 55 7207  1 448520 18919 2.1 62 30 1 2 30% 24112 4122 33%
c s 14.07  0 121 55 7207  1 448520 18867 2.1 62 30 1 2 30% 24044 4122 33%
c e 14.07  0 121 55 7207  1 448520 18865 2.1 62 30 1 2 30% 24019 4121 33%
c I 14.37  0 123 55 7207  1 465064 34424 2.1 61 29 1 2 31% 24019 4121 33%
c - 14.38  0 123 56 7207  1 465074 19309 2.1 61 29 1 2 31% 24019 4121 33%
c 
c  seconds   reductions   conflicts         size   tier2      variables
c         MB      restarts       redundant     glue   trail        remaining
c           level       rate          size/glue  tier1  irredundant
c 
c 2 14.38  0 123 56 7207  1 465074 19277 2.1 61 29 1 2 31% 24019 4121 33%
c p 14.38  0 123 56 7207  1 465074 19338 2.1 61 29 1 2 31% 24019 4121 33%
c = 14.40  0 123 56 7207  1 465074 19338 2.1 61 29 1 2 31% 24018 4120 33%
c t 14.40  0 123 56 7207  1 465074 19338 2.1 61 29 1 2 31% 24011 4120 33%
c f 14.41  0 123 56 7207  1 465074 19333 2.1 61 29 1 2 31% 23981 4137 33%
c ] 14.42  0 123 56 7207  1 466020 20214 2.1 60 29 1 2 31% 23981 4137 33%
c { 14.42  0 88 56 7207  3 466020 20214 2.3 27 12 1 2 27% 23981 4137 33%
c - 14.62  0 86 57 7473  3 482125 21750 2.2 26 12 1 2 25% 23981 4137 33%
c p 14.62  0 86 57 7473  3 482125 21884 2.2 26 12 1 2 25% 23981 4137 33%
c u 14.63  0 86 57 7473  3 482125 21500 2.2 26 12 1 2 25% 23981 4137 33%
c v 14.63  0 86 57 7473  3 482125 21368 2.2 26 12 1 2 25% 23981 4137 33%
c f 14.63  0 86 57 7473  3 482125 21363 2.2 26 12 1 2 25% 23979 4140 33%
c F 14.80  0 84 57 7789  3 496065 34145 2.2 25 11 1 2 24% 23979 4140 33%
c - 14.85  0 83 58 7841  3 499489 23682 2.2 24 11 1 2 24% 23979 4140 33%
c p 14.85  0 83 58 7841  3 499489 23746 2.2 24 11 1 2 24% 23979 4140 33%
c - 15.11  0 81 59 8210  3 517159 25344 2.2 24 11 1 2 23% 23979 4140 33%
c p 15.12  0 81 59 8210  3 517159 25460 2.2 24 11 1 2 23% 23979 4140 33%
c u 15.13  0 81 59 8210  3 517159 25052 2.2 24 11 1 2 23% 23979 4140 33%
c v 15.13  0 81 59 8210  3 517159 24843 2.2 24 11 1 2 23% 23979 4140 33%
c w 15.13  0 81 59 8210  3 517159 24843 2.2 24 11 1 2 23% 23979 4140 33%
c 
c  seconds  reductions   conflicts         size   tier2      variables
c         MB     restarts       redundant     glue   trail        remaining
c          level       rate          size/glue  tier1  irredundant
c 
c s 15.18  0 80 59 8309  3 519729 26732 2.2 23 11 1 2 22% 23976 4140 33%
c e 15.19  0 80 59 8309  3 519729 26626 2.2 23 11 1 2 22% 23979 4132 33%
c s 15.20  0 80 59 8309  3 519729 26478 2.2 23 11 1 2 22% 23975 4132 33%
c B 15.32  0 79 59 8545  3 528066 34211 2.2 23 11 1 2 21% 23975 4132 33%
c - 15.43  0 79 60 8782  3 535137 26096 2.1 23 11 1 2 21% 23975 4132 33%
c p 15.44  0 79 60 8782  3 535137 26157 2.1 23 11 1 2 21% 23975 4132 33%
c u 15.44  0 79 60 8782  3 535137 25937 2.1 23 11 1 2 21% 23975 4132 33%
c v 15.44  0 79 60 8782  3 535137 25868 2.1 23 11 1 2 21% 23975 4132 33%
c w 15.44  0 79 60 8782  3 535137 25868 2.1 23 11 1 2 21% 23975 4132 33%
c t 15.44  0 79 60 8782  3 535137 25867 2.1 23 11 1 2 21% 23973 4132 33%
c f 15.45  0 79 60 8782  3 535137 25867 2.1 23 11 1 2 21% 23971 4133 33%
c } 15.56  0 78 60 9047  3 543193 33421 2.1 23 11 1 2 22% 23971 4133 33%
c [ 15.56  0 123 60 9047  1 543193 33421 2.1 60 29 1 2 34% 23971 4133 33%
c - 15.73  0 119 61 9047  1 553425 26848 2.1 59 28 1 2 35% 23971 4133 33%
c p 15.73  0 119 61 9047  1 553425 26959 2.1 59 28 1 2 35% 23971 4133 33%
c B 15.89  0 119 61 9051  1 561068 34229 2.1 58 28 1 2 35% 23971 4133 33%
c - 16.12  0 117 62 9057  1 572023 26779 2.1 57 27 1 2 35% 23971 4133 33%
c p 16.12  0 117 62 9057  1 572023 26843 2.1 57 27 1 2 35% 23971 4133 33%
c u 16.13  0 117 62 9057  1 572023 26425 2.1 57 27 1 2 35% 23971 4133 33%
c v 16.13  0 117 62 9057  1 572023 26163 2.1 57 27 1 2 35% 23971 4133 33%
c 
c  seconds   reductions   conflicts         size   tier2      variables
c         MB      restarts       redundant     glue   trail        remaining
c           level       rate          size/glue  tier1  irredundant
c 
c w 16.13  0 117 62 9057  1 572023 26163 2.1 57 27 1 2 35% 23971 4133 33%
c - 16.57  0 114 63 9064  1 590931 25996 2.1 56 27 1 2 32% 23971 4133 33%
c p 16.57  0 114 63 9064  1 590931 26108 2.1 56 27 1 2 32% 23971 4133 33%
c u 16.58  0 114 63 9064  1 590931 25850 2.1 56 27 1 2 32% 23971 4133 33%
c v 16.58  0 114 63 9064  1 590931 25843 2.1 56 27 1 2 32% 23971 4133 33%
c w 16.58  0 114 63 9064  1 590931 25843 2.1 56 27 1 2 32% 23971 4133 33%
c t 16.58  0 114 63 9064  1 590931 25842 2.1 56 27 1 2 32% 23971 4133 33%
c W 16.72  0 114 63 9067  1 595070 29778 2.1 55 27 1 2 32% 23971 4133 33%
c s 16.76  0 114 63 9067  1 595828 30168 2.1 55 27 1 2 33% 23971 4133 33%
c s 16.77  0 114 63 9067  1 595828 30108 2.1 55 27 1 2 33% 23971 4133 33%
c ^ 16.77  0 114 63 9067  1 595828 30108 2.1 55 27 1 2 33% 23971 4133 33%
c ] 17.12  0 115 63 9072  1 605684 39466 2.1 59 28 1 2 35% 23971 4133 33%
c { 17.12  0 78 63 9072  3 605684 39466 2.1 23 11 1 2 22% 23971 4133 33%
c - 17.21  0 78 64 9232  3 610150 26523 2.1 22 11 1 2 22% 23971 4133 33%
c p 17.21  0 78 64 9232  3 610150 26655 2.1 22 11 1 2 22% 23971 4133 33%
c u 17.22  0 78 64 9232  3 610150 26429 2.1 22 11 1 2 22% 23971 4133 33%
c v 17.23  0 78 64 9232  3 610150 26258 2.1 22 11 1 2 22% 23971 4133 33%
c - 17.60  0 76 65 10248  4 629681 28433 2.1 22 10 1 2 22% 23971 4133 33%
c p 17.60  0 76 65 10248  4 629681 28563 2.1 22 10 1 2 22% 23971 4133 33%
c u 17.64  0 76 65 10248  4 629681 28314 2.1 22 10 1 2 22% 23971 4133 33%
c 
c  seconds  reductions    conflicts         size   tier2      variables
c         MB      restarts       redundant     glue   trail        remaining
c          level        rate          size/glue  tier1  irredundant
c 
c v 17.64  0 76 65 10248  4 629681 28230 2.1 22 10 1 2 22% 23971 4133 33%
c w 17.64  0 76 65 10248  4 629681 28230 2.1 22 10 1 2 22% 23971 4133 33%
c W 17.67  0 76 65 10258  4 630071 28588 2.1 22 10 1 2 22% 23971 4133 33%
c - 18.08  0 76 66 11488  4 649519 29720 2.1 22 10 1 2 23% 23971 4133 33%
c p 18.08  0 76 66 11488  4 649519 29855 2.1 22 10 1 2 23% 23971 4133 33%
c u 18.09  0 76 66 11488  4 649519 29562 2.1 22 10 1 2 23% 23971 4133 33%
c v 18.09  0 76 66 11488  4 649519 29360 2.1 22 10 1 2 23% 23971 4133 33%
c w 18.09  0 76 66 11488  4 649519 29360 2.1 22 10 1 2 23% 23971 4133 33%
c } 18.35  0 75 66 12239  4 661604 40699 2.1 22 10 1 2 23% 23971 4133 33%
c [ 18.35  0 115 66 12239  1 661604 40699 2.1 59 28 1 2 35% 23971 4133 33%
c O 18.44  0 116 66 12242  1 666072 44997 2.1 58 27 1 2 35% 23971 4133 33%
c - 18.51  0 115 67 12243  1 669668 30482 2.2 58 27 1 2 35% 23971 4133 33%
c p 18.51  0 115 67 12243  1 669668 30612 2.2 58 27 1 2 35% 23971 4133 33%
c u 18.52  0 115 67 12243  1 669668 30453 2.2 58 27 1 2 35% 23971 4133 33%
c v 18.52  0 115 67 12243  1 669668 30278 2.2 58 27 1 2 35% 23971 4133 33%
c w 18.52  0 115 67 12243  1 669668 30276 2.2 58 27 1 2 35% 23971 4133 33%
c s 18.71  0 116 67 12244  1 676981 36535 2.2 58 27 1 2 35% 23971 4133 33%
c e 18.72  0 116 67 12244  1 676981 32773 2.2 58 27 1 2 35% 24202 4007 32%
c s 18.73  0 116 67 12244  1 676981 32639 2.2 58 27 1 2 35% 24181 4007 32%
c e 18.73  0 116 67 12244  1 676981 32563 2.2 58 27 1 2 35% 24180 4005 32%
c 
c  seconds   reductions    conflicts         size   tier2      variables
c         MB       restarts       redundant     glue   trail        remaining
c           level        rate          size/glue  tier1  irredundant
c 
c - 19.11  0 117 68 12245  1 690126 28002 2.2 60 27 1 2 38% 24180 4005 32%
c 2 19.11  0 117 68 12245  1 690126 28001 2.2 60 27 1 2 38% 24180 4005 32%
c p 19.12  0 117 68 12245  1 690126 28094 2.2 60 27 1 2 38% 24180 4005 32%
c u 19.12  0 117 68 12245  1 690126 27899 2.2 60 27 1 2 38% 24180 4005 32%
c v 19.12  0 117 68 12245  1 690126 27747 2.2 60 27 1 2 38% 24180 4005 32%
c w 19.12  0 117 68 12245  1 690126 27744 2.2 60 27 1 2 38% 24180 4005 32%
c f 19.13  0 117 68 12245  1 690126 27737 2.2 60 27 1 2 37% 24157 4015 32%
c B 19.54  0 118 68 12251  1 703073 40234 2.2 62 28 1 2 37% 24157 4015 32%
c - 19.78  0 119 69 12255  1 710897 28189 2.2 63 29 1 2 37% 24157 4015 32%
c p 19.78  0 119 69 12255  1 710897 28269 2.2 63 29 1 2 37% 24157 4015 32%
c u 19.79  0 119 69 12255  1 710897 27978 2.2 63 29 1 2 37% 24157 4015 32%
c v 19.79  0 119 69 12255  1 710897 27831 2.2 63 29 1 2 37% 24157 4015 32%
c w 19.80  0 119 69 12255  1 710897 27829 2.2 63 29 1 2 37% 24157 4015 32%
c ] 20.04  0 118 69 12259  1 720386 36806 2.2 62 28 1 2 38% 24157 4015 32%
c { 20.04  0 75 69 12259  4 720386 36806 2.1 22 10 1 2 23% 24157 4015 32%
c - 20.26  0 75 70 12840  4 731978 29382 2.1 22 10 1 2 23% 24157 4015 32%
c p 20.26  0 75 70 12840  4 731978 29459 2.1 22 10 1 2 23% 24157 4015 32%
c u 20.30  0 75 70 12840  4 731978 29204 2.1 22 10 1 2 23% 24157 4015 32%
c v 20.30  0 75 70 12840  4 731978 29079 2.1 22 10 1 2 23% 24157 4015 32%
c w 20.30  0 75 70 12840  4 731978 29078 2.1 22 10 1 2 23% 24157 4015 32%
c 
c  seconds  reductions    conflicts         size   tier2      variables
c         MB      restarts       redundant     glue   trail        remaining
c          level        rate          size/glue  tier1  irredundant
c 
c # 20.47  0 75 70 13368  4 741074 37638 2.1 21 10 1 2 23% 24157 4015 32%
c - 20.77  0 74 71 14369  5 753366 30736 2.1 21 10 1 2 23% 24157 4015 32%
c p 20.78  0 74 71 14369  5 753366 30810 2.1 21 10 1 2 23% 24157 4015 32%
c u 20.79  0 74 71 14369  5 753366 30542 2.1 21 10 1 2 23% 24157 4015 32%
c v 20.80  0 74 71 14369  5 753366 30336 2.1 21 10 1 2 23% 24157 4015 32%
c w 20.80  0 74 71 14369  5 753366 30336 2.1 21 10 1 2 23% 24157 4015 32%
c s 21.04  0 74 71 15062  5 765176 41007 2.1 21 10 1 2 23% 24151 4015 32%
c e 21.04  0 74 71 15062  5 765176 40931 2.1 21 10 1 2 23% 24157 4008 32%
c s 21.06  0 74 71 15062  5 765176 40865 2.1 21 10 1 2 23% 24150 4008 32%
c - 21.28  0 74 72 15596  5 775066 31572 2.1 21 10 1 2 23% 24150 4008 32%
c p 21.28  0 74 72 15596  5 775066 31650 2.1 21 10 1 2 23% 24150 4008 32%
c u 21.29  0 74 72 15596  5 775066 31442 2.1 21 10 1 2 23% 24150 4008 32%
c v 21.29  0 74 72 15596  5 775066 31240 2.1 21 10 1 2 23% 24150 4008 32%
c w 21.29  0 74 72 15596  5 775066 31239 2.1 21 10 1 2 23% 24150 4008 32%
c t 21.29  0 74 72 15596  5 775066 31239 2.1 21 10 1 2 23% 24149 4008 32%
c f 21.30  0 74 72 15596  5 775066 31239 2.1 21 10 1 2 23% 24144 4009 32%
c B 21.39  0 74 72 15912  5 780075 35954 2.1 21 10 1 2 23% 24144 4009 32%
c } 21.42  0 74 72 15969  5 781640 37368 2.1 21 10 1 2 23% 24144 4009 32%
c [ 21.42  0 118 72 15969  1 781640 37368 2.2 62 28 1 2 38% 24144 4009 32%
c - 21.79  0 117 73 15975  1 797076 32560 2.2 62 28 1 2 38% 24144 4009 32%
c 
c  seconds   reductions    conflicts         size   tier2      variables
c         MB       restarts       redundant     glue   trail        remaining
c           level        rate          size/glue  tier1  irredundant
c 
c p 21.79  0 117 73 15975  1 797076 32633 2.2 62 28 1 2 38% 24144 4009 32%
c u 21.80  0 117 73 15975  1 797076 32366 2.2 62 28 1 2 38% 24144 4009 32%
c v 21.80  0 117 73 15975  1 797076 32202 2.2 62 28 1 2 38% 24144 4009 32%
c w 21.80  0 117 73 15975  1 797076 32201 2.2 62 28 1 2 38% 24144 4009 32%
c - 22.41  0 118 74 15985  1 819397 32130 2.2 63 28 1 2 39% 24144 4009 32%
c p 22.42  0 118 74 15985  1 819397 32198 2.2 63 28 1 2 39% 24144 4009 32%
c u 22.42  0 118 74 15985  1 819397 32106 2.2 63 28 1 2 39% 24144 4009 32%
c v 22.43  0 118 74 15985  1 819397 31911 2.2 63 28 1 2 39% 24144 4009 32%
c w 22.43  0 118 74 15985  1 819397 31911 2.2 63 28 1 2 39% 24144 4009 32%
c W 22.54  0 118 74 15985  1 820076 32571 2.2 63 28 1 2 39% 24144 4009 32%
c - 23.11  0 115 75 15987  1 842027 31266 2.2 63 28 1 2 39% 24144 4009 32%
c p 23.12  0 115 75 15987  1 842027 31335 2.2 63 28 1 2 39% 24144 4009 32%
c u 23.13  0 115 75 15987  1 842027 31157 2.2 63 28 1 2 39% 24144 4009 32%
c v 23.13  0 115 75 15987  1 842027 31156 2.2 63 28 1 2 39% 24144 4009 32%
c w 23.13  0 115 75 15987  1 842027 31156 2.2 63 28 1 2 39% 24144 4009 32%
c ] 23.34  0 114 75 15987  1 848469 37336 2.3 64 28 1 2 40% 24144 4009 32%
c { 23.34  0 74 75 15987  5 848469 37336 2.1 21 10 1 2 23% 24144 4009 32%
c s 23.57  0 74 75 16773  5 858455 46495 2.0 21 10 1 2 23% 24143 4009 32%
c s 23.58  0 74 75 16773  5 858455 46463 2.0 21 10 1 2 23% 24143 4009 32%
c ^ 23.58  0 74 75 16773  5 858455 46463 2.0 21 10 1 2 23% 24143 4009 32%
c 
c  seconds  reductions    conflicts         size   tier2      variables
c         MB      restarts       redundant     glue   trail        remaining
c          level        rate          size/glue  tier1  irredundant
c 
c W 23.68  0 74 75 16948  5 861077 48903 2.0 21 10 1 2 23% 24143 4009 32%
c - 23.80  0 74 76 17294  5 864968 32772 2.0 21 10 1 2 23% 24143 4009 32%
c p 23.80  0 74 76 17294  5 864968 32834 2.0 21 10 1 2 23% 24143 4009 32%
c u 23.86  0 74 76 17294  5 864968 32749 2.0 21 10 1 2 23% 24143 4009 32%
c v 23.86  0 74 76 17294  5 864968 32642 2.0 21 10 1 2 23% 24143 4009 32%
c - 24.41  0 74 77 18956  6 888220 34576 2.0 21 10 1 2 23% 24143 4009 32%
c p 24.41  0 74 77 18956  6 888220 34635 2.0 21 10 1 2 23% 24143 4009 32%
c u 24.42  0 74 77 18956  6 888220 34355 2.0 21 10 1 2 23% 24143 4009 32%
c v 24.43  0 74 77 18956  6 888220 34144 2.0 21 10 1 2 23% 24143 4009 32%
c w 24.43  0 74 77 18956  6 888220 34143 2.0 21 10 1 2 23% 24143 4009 32%
c F 24.76  0 74 77 20156  6 903079 48096 2.0 21 10 1 2 23% 24143 4009 32%
c } 24.83  0 73 77 20430  6 906125 50935 2.0 21 10 1 2 23% 24143 4009 32%
c [ 24.83  0 114 77 20430  1 906125 50935 2.3 64 28 1 2 40% 24143 4009 32%
c - 24.92  0 112 78 20430  1 911782 35368 2.3 63 27 1 2 40% 24143 4009 32%
c p 24.92  0 112 78 20430  1 911782 35429 2.3 63 27 1 2 40% 24143 4009 32%
c u 24.93  0 112 78 20430  1 911782 35285 2.3 63 27 1 2 40% 24143 4009 32%
c v 24.94  0 112 78 20430  1 911782 35058 2.3 63 27 1 2 40% 24143 4009 32%
c w 24.94  0 112 78 20430  1 911782 35057 2.3 63 27 1 2 40% 24143 4009 32%
c - 25.61  0 109 79 20431  1 935657 35514 2.2 61 27 1 2 37% 24143 4009 32%
c p 25.62  0 109 79 20431  1 935657 35573 2.2 61 27 1 2 37% 24143 4009 32%
c 
c  seconds   reductions    conflicts         size   tier2      variables
c         MB       restarts       redundant     glue   trail        remaining
c           level        rate          size/glue  tier1  irredundant
c 
c u 25.63  0 109 79 20431  1 935657 35343 2.2 61 27 1 2 37% 24143 4009 32%
c v 25.64  0 109 79 20431  1 935657 35076 2.2 61 27 1 2 37% 24143 4009 32%
c w 25.64  0 109 79 20431  1 935657 35075 2.2 61 27 1 2 37% 24143 4009 32%
c I 25.95  0 110 79 20431  1 946082 44945 2.2 60 27 1 2 37% 24143 4009 32%
c s 26.24  0 109 79 20431  1 956887 55006 2.2 59 27 1 2 36% 24143 4009 32%
c e 26.26  0 109 79 20431  1 956887 35505 2.2 59 27 1 2 36% 25253 3628 29%
c s 26.28  0 109 79 20431  1 956887 35411 2.2 59 27 1 2 36% 25182 3628 29%
c e 26.28  0 109 79 20431  1 956887 32885 2.2 59 27 1 2 36% 25300 3582 28%
c - 26.35  0 108 80 20431  1 959842 25679 2.2 58 27 1 2 25% 25300 3582 28%
c 2 26.35  0 108 80 20431  1 959842 25674 2.2 58 27 1 2 25% 25300 3582 28%
c p 26.36  0 108 80 20431  1 959842 25759 2.2 58 27 1 2 25% 25300 3582 28%
c u 26.37  0 108 80 20431  1 959842 25558 2.2 58 27 1 2 25% 25300 3582 28%
c v 26.37  0 108 80 20431  1 959842 25548 2.2 58 27 1 2 25% 25300 3582 28%
c w 26.37  0 108 80 20431  1 959842 25548 2.2 58 27 1 2 25% 25300 3582 28%
c f 26.38  0 108 80 20431  1 959842 25545 2.2 58 27 1 2 25% 25242 3594 29%
c ] 26.80  0 107 80 20431  1 975062 40223 2.2 59 27 1 2 30% 25242 3594 29%
c { 26.80  0 73 80 20431  6 975062 40223 2.0 21 10 1 2 27% 25242 3594 29%
c - 27.04  0 73 81 21121  6 984337 29694 2.0 21 10 1 2 26% 25242 3594 29%
c p 27.04  0 73 81 21121  6 984337 29761 2.0 21 10 1 2 26% 25242 3594 29%
c u 27.05  0 73 81 21121  6 984337 29341 2.0 21 10 1 2 26% 25242 3594 29%
c 
c  seconds  reductions    conflicts         size   tier2      variables
c         MB      restarts       redundant     glue   trail        remaining
c          level        rate          size/glue  tier1  irredundant
c 
c v 27.06  0 73 81 21121  6 984337 29219 2.0 21 10 1 2 26% 25242 3594 29%
c w 27.06  0 73 81 21121  6 984337 29219 2.0 21 10 1 2 26% 25242 3594 29%
c B 27.18  0 73 81 21555  6 990084 34639 2.0 21 10 1 2 26% 25242 3594 29%
c } 27.36  0 72 81 22114  6 1000000 43844 2.0 21 10 1 2 25% 25242 3594 29%
c ? 27.36  0 72 81 22114  6 1000000 43844 2.0 21 10 1 2 25% 25242 3594 29%
c 
c --- [ result ] -------------------------------------------------------------
c 
c UNKNOWN
c 
c --- [ run-time profiling ] -------------------------------------------------
c 
c process time taken by individual solving procedures
c (percentage relative to process time for solving)
c 
c        24.62   90.01% search
c        13.34   48.77% stable
c        10.83   39.58% unstable
c         2.73    9.98% simplify
c         0.78    2.86% sweep
c         0.56    2.04% vivify
c         0.45    1.64% walk
c         0.35    1.28% factor
c         0.29    1.08% congruence
c         0.27    1.00% subsume
c         0.14    0.52% elim
c         0.06    0.23% probe
c         0.06    0.21% preprocess
c         0.05    0.17% ternary
c         0.02    0.08% backbone
c         0.02    0.06% fastelim
c         0.01    0.03% parse
c         0.00    0.01% lucky
c   =================================
c        27.35   99.97% solve
c 
c last line shows process time for solving
c (percentage relative to total process time)
c 
c --- [ statistics ] ---------------------------------------------------------
c 
c chronological:            246637        24.66 %  of conflicts
c conflicts:               1000000     36563.31    per second
c backbone:                1370684     10119.48 %  of vars
c decisions:               3210324    117380.09    per second
c eliminated:                 6680        49.32 %  of all variables
c factored:                    969        26.95 %  of variables
c fixed:                       641         4.73 %  of all variables
c learned:                  964564        96.46 %  per conflict
c learned_lits:           50928719       100.00 %  learned literals
c minimized:                     0         0.00 %  learned literals
c shrunken:                2393794         4.70 %  learned literals
c minishrunken:            6215020        12.20 %  learned literals
c otfs:                      18650         1.86 %  of conflict
c propagations:          164258483         6.01 M  per second
c reduced:                  827859        82.79 %  per conflict
c rephased:                     44     22727.27    interval
c restarts:                  22114        45.22    interval
c stabilizing:                  18        44.20 %  of conflicts
c substituted:                2630        19.42 %  of all variables
c sweep equivs:                952        13.33 %  of swept variables
c subsumed:                  48464         4.45 %  of all clauses
c strengthened:              46414         4.26 %  of all clauses
c ticks:                1732014475        10.79    propagation
c vivified:                  11580         1.06 %  of all clauses
c walked:                       13     76923.08    interval
c weakened:                  45405         2.93    average size
c congruence:                   36     27777.78    interval
c 
c seconds are measured in process time for solving
c 
c --- [ glue usage ] ---------------------------------------------------------
c 
c focused glue 1 used 2658945 clauses 65.06% accumulated 65.06% tier1
c focused glue 2 used 575121 clauses 14.07% accumulated 79.13% tier2
c 
c stable glue 1 used 2919832 clauses 57.57% accumulated 57.57% tier1
c stable glue 2 used 652862 clauses 12.87% accumulated 70.44% tier2
c 
c 
c --- [ resources ] ----------------------------------------------------------
c 
c total process time since initialization:        27.36    seconds
c total real time since initialization:           27.49    seconds
c maximum resident set size of process:        96272.00    MB
c 
c --- [ shutting down ] ------------------------------------------------------
c 
c exit 0
