c --- [ banner ] -------------------------------------------------------------
c 
c CaDiCaL SAT Solver
c Copyright (c) 2016-2025
c A. Biere, M. Fleury, N. Froleyks, K. Fazekas, F. Pollitt, T. Faller
c JKU Linz, University of Freiburg, TU Wien
c 
c Version 3.0.0
c Apple clang version 17.0.0 (clang-1700.6.3.2) -Wall -Wextra -O3 -DNDEBUG -DNCLOSEFROM
c Tue Dec 23 21:53:38 UTC 2025 Darwin Tahoe-arm64.local 25.2.0 arm64
c 
c --- [ limit ] --------------------------------------------------------------
c 
c setting conflict limit to 1000000 conflicts (due to '1000000')
c 
c --- [ parsing input ] ------------------------------------------------------
c 
c reading DIMACS file from 'headline_hunt/bets/cascade_aux_encoding/cnfs/aux_expose_sr60_n32_bit25_m09990bd2_fill80000000.cnf'
c opening file to read 'headline_hunt/bets/cascade_aux_encoding/cnfs/aux_expose_sr60_n32_bit25_m09990bd2_fill80000000.cnf'
c found 'p cnf 12598 52650' header
c parsed 52650 clauses in 0.01 seconds process time
c 
c --- [ options ] ------------------------------------------------------------
c 
c   --seed=5                       (different from default '0')
c 
c --- [ solving ] ------------------------------------------------------------
c 
c time measured in process time since initialization
c 
c  seconds  reduction conflicts       size tier2       variables
c         MB    restarts   redundant    glue  trail         remaining
c          level     rate       size/glu tier1  irredundant
c 
c *  0.01  0  0 0   0  0    0    0 0.0 0 0 2 6  0% 52585 12597 100%
c (  0.01  0  0 0   0  0    0    0 0.0 0 0 2 6  0% 52585 12597 100%
c .  0.01  0  0 0   0  0    0    0 0.0 0 0 2 6  0% 52585 12597 100%
c c  0.03  0  0 0   0  0    0    0 0.0 0 0 2 6  0% 50075 11957 95%
c d  0.03  0  0 0   0  0    0    0 0.0 0 0 2 6  0% 45357 10622 84%
c 2  0.03  0  0 0   0  0    0    0 0.0 0 0 2 6  0% 45293 10622 84%
c f  0.05  0  0 0   0  0    0    0 0.0 0 0 2 6  0% 45227 10688 85%
c e  0.06  0  0 0   0  0    0    0 0.0 0 0 2 6  0% 39377 6918 55%
c s  0.06  0  0 0   0  0    0    0 0.0 0 0 2 6  0% 39377 6918 55%
c P  0.06  0  0 0   0  0    0    0 0.0 0 0 2 6  0% 39377 6918 55%
c )  0.06  0  0 0   0  0    0    0 0.0 0 0 2 6  0% 39377 6918 55%
c {  0.07  0  0 0   0  0    0    0 0.0 0 0 2 6  0% 39377 6918 55%
c -  0.07  0 851 1  29 45  300  216 1.5 4 3 2 6 15% 39377 6918 55%
c -  0.07  0 558 2  88 58  733  536 1.5 5 3 2 6 14% 39377 6918 55%
c }  0.08  0 441 2 133 50 1002  761 1.5 6 4 2 6 13% 39377 6918 55%
c [  0.08  0  0 2 133  0 1002  761 0.0 0 0 2 6  0% 39377 6918 55%
c O  0.08  0 988 2 133 989 1003  762 2.3 149 65 2 6 38% 39377 6918 55%
c ]  0.09  0 979 2 133 13 1082  838 2.1 168 81 2 6 37% 39377 6918 55%
c {  0.09  0 441 2 133 50 1082  838 1.5 6 4 2 6 13% 39377 6918 55%
c -  0.09  0 355 3 216 44 1410  930 1.7 8 5 2 6 13% 39377 6918 55%
c 
c  seconds   reduction conflicts       size  tier2      variables
c         MB     restarts   redundant     glue  trail        remaining
c           level     rate       size/glue tier1  irredundant
c 
c }  0.12  0 290 3 302 37 1834 1324 2.3 22 9 2 6 14% 39377 6918 55%
c [  0.12  0 979 3 302 13 1834 1324 2.1 168 81 2 6 37% 39377 6918 55%
c ]  0.17  0 429 3 302  5 1991 1468 2.7 219 81 2 6 40% 39377 6918 55%
c {  0.17  0 290 3 302 37 1991 1468 2.3 22 9 2 6 14% 39377 6918 55%
c 2  0.19  0 265 3 349 35 2229 1694 2.4 27 11 2 6 16% 39315 6918 55%
c d  0.19  0 265 3 349 35 2229 1667 2.4 27 11 2 6 16% 39215 6842 54%
c p  0.19  0 265 3 349 35 2229 1668 2.4 27 11 2 6 16% 39215 6842 54%
c c  0.20  0 265 3 349 35 2229 1668 2.4 27 11 2 6 16% 39196 6842 54%
c d  0.20  0 265 3 349 35 2229 1664 2.4 27 11 2 6 16% 39184 6836 54%
c 2  0.20  0 265 3 349 35 2229 1664 2.4 27 11 2 6 16% 39180 6836 54%
c =  0.21  0 265 3 349 35 2229 1663 2.4 27 11 2 6 16% 39151 6748 54%
c t  0.21  0 265 3 349 35 2229 1663 2.4 27 11 2 6 16% 39148 6748 54%
c -  0.22  0 256 4 355 33 2348 1358 2.4 26 11 2 6 15% 39148 6748 54%
c O  0.23  0 229 4 378 27 3004 1947 2.4 25 11 2 6 18% 39148 6748 54%
c -  0.24  0 211 5 408 24 3560 1971 2.4 24 10 2 6 17% 39148 6748 54%
c s  0.27  0 195 5 531 24 4125 2492 2.4 27 11 2 6 18% 38720 6748 54%
c t  0.27  0 195 5 531 24 4125 2492 2.4 27 11 2 6 18% 38716 6748 54%
c e  0.29  0 195 5 531 24 4125 2017 2.4 27 11 2 6 18% 38618 6357 50%
c s  0.29  0 195 5 531 24 4125 2013 2.4 27 11 2 6 18% 38587 6357 50%
c }  0.30  0 192 5 572 24 4357 2220 2.4 28 12 2 6 18% 38586 6357 50%
c 
c  seconds   reduction conflicts        size   tier2      variables
c         MB     restarts   redundant      glue   trail        remaining
c           level     rate       size/glue   tier1  irredundant
c 
c [  0.30  0 429 5 572  5 4357 2220 2.7 219 81 2 6 73% 38586 6357 50%
c d  0.31  0 246 5 572  3 4731 2573 2.4 105 43 2 6 35% 38582 6356 50%
c c  0.32  0 246 5 572  3 4731 2573 2.4 105 43 2 6 35% 38583 6356 50%
c d  0.32  0 246 5 572  3 4731 2573 2.4 105 43 2 6 35% 38581 6355 50%
c 2  0.32  0 246 5 572  3 4731 2573 2.4 105 43 2 6 35% 38579 6355 50%
c t  0.33  0 246 5 572  3 4731 2573 2.4 105 43 2 6 35% 38578 6355 50%
c -  0.41  0 217 6 572  3 5051 2207 3.0 151 50 1 2 43% 38578 6355 50%
c ]  0.42  0 215 6 572  3 5085 2240 3.1 157 51 1 2 44% 38578 6355 50%
c {  0.42  0 192 6 572 24 5085 2240 2.4 28 12 2 6 18% 38578 6355 50%
c #  0.47  0 178 6 725 23 6007 3077 2.4 33 14 1 2 18% 38578 6355 50%
c -  0.53  0 169 7 917 24 6827 2235 2.5 39 16 1 2 19% 38578 6355 50%
c }  0.55  0 166 7 984 24 7130 2522 2.6 42 17 1 2 20% 38578 6355 50%
c [  0.55  0 215 7 984  3 7130 2522 3.1 157 51 1 2 44% 38578 6355 50%
c p  0.58  0 202 7 985  3 7335 3340 3.0 147 49 1 2 41% 38578 6355 50%
c u  0.59  0 202 7 985  3 7335 2678 3.0 147 49 1 2 41% 38578 6355 50%
c v  0.59  0 202 7 985  3 7335 2536 3.0 147 49 1 2 41% 38578 6355 50%
c w  0.60  0 202 7 985  3 7335 2535 3.0 147 49 1 2 41% 38578 6355 50%
c x  0.60  0 202 7 985  3 7335 2535 3.0 147 49 1 2 41% 38577 6355 50%
c t  0.60  0 202 7 985  3 7335 2533 3.0 147 49 1 2 41% 38577 6355 50%
c f  0.61  0 202 7 985  3 7335 2510 3.0 147 49 1 2 40% 38332 6620 53%
c 
c  seconds   reduction conflicts        size   tier2      variables
c         MB     restarts   redundant      glue   trail        remaining
c           level     rate       size/glue   tier1  irredundant
c 
c ]  0.77  0 183 7 985  2 7787 2953 3.4 195 57 1 2 49% 38332 6620 53%
c {  0.77  0 166 7 985 24 7787 2953 2.6 42 17 1 2 19% 38332 6620 53%
c -  0.83  0 157 8 1110 22 8892 2111 2.6 45 17 1 2 19% 38332 6620 53%
c B  0.94  0 152 8 1229 20 10009 3188 2.6 53 21 1 2 21% 38332 6620 53%
c p  0.94  0 152 8 1235 20 10032 3365 2.6 53 20 1 2 21% 38332 6620 53%
c =  0.97  0 152 8 1235 20 10032 3365 2.6 53 20 1 2 21% 38330 6618 53%
c u  0.97  0 152 8 1235 20 10032 3067 2.6 53 20 1 2 21% 38330 6618 53%
c v  0.97  0 152 8 1235 20 10032 2936 2.6 53 20 1 2 21% 38330 6618 53%
c w  0.98  0 152 8 1235 20 10032 2932 2.6 53 20 1 2 21% 38330 6618 53%
c t  0.98  0 152 8 1235 20 10032 2932 2.6 53 20 1 2 21% 38329 6618 53%
c f  0.99  0 152 8 1235 20 10032 2923 2.6 53 20 1 2 21% 38240 6713 53%
c }  1.05  0 149 8 1325 19 10981 3811 2.6 55 21 1 2 21% 38240 6713 53%
c [  1.05  0 183 8 1325  2 10981 3811 3.4 195 57 1 2 48% 38240 6713 53%
c -  1.12  0 174 9 1325  2 11249 2313 3.5 204 59 1 2 50% 38240 6713 53%
c p  1.22  0 159 9 1326  2 12822 4504 3.0 154 51 1 2 39% 38240 6713 53%
c =  1.24  0 159 9 1326  2 12822 4500 3.0 154 51 1 2 39% 38208 6654 53%
c 2  1.24  0 159 9 1326  2 12822 4492 3.0 154 51 1 2 39% 38192 6654 53%
c f  1.25  0 159 9 1326  2 12822 4484 3.0 154 51 1 2 39% 38185 6665 53%
c ]  1.35  0 157 9 1326  2 13181 4836 3.0 167 55 1 2 41% 38185 6665 53%
c {  1.35  0 149 9 1326 19 13181 4836 2.6 55 21 1 2 21% 38185 6665 53%
c 
c  seconds   reductions   conflicts       size   tier2      variables
c         MB      restarts     redundant     glue   trail        remaining
c           level       rate        size/glue  tier1  irredundant
c 
c -  1.39  0 146 10 1427 19 13903 2813 2.6 56 21 1 2 22% 38185 6665 53%
c s  1.42  0 145 10 1472 18 14533 3387 2.6 56 22 1 2 21% 37886 6665 53%
c e  1.43  0 145 10 1472 18 14533 2707 2.6 56 22 1 2 21% 37861 6409 51%
c s  1.43  0 145 10 1472 18 14533 2688 2.6 56 22 1 2 21% 37633 6409 51%
c e  1.44  0 145 10 1472 18 14533 2688 2.6 56 22 1 2 21% 37626 6407 51%
c W  1.53  0 144 10 1567 18 15012 3139 2.6 60 23 1 2 44% 37626 6407 51%
c 2  1.71  0 144 10 1725 18 15687 3667 2.4 69 29 1 2 59% 37626 6407 51%
c p  1.71  0 144 10 1725 18 15687 4436 2.4 69 29 1 2 59% 37626 6407 51%
c =  1.74  0 144 10 1725 18 15687 4436 2.4 69 29 1 2 59% 37626 6400 51%
c u  1.75  0 144 10 1725 18 15687 4144 2.4 69 29 1 2 59% 37626 6400 51%
c v  1.75  0 144 10 1725 18 15687 3961 2.4 69 29 1 2 59% 37626 6400 51%
c w  1.76  0 144 10 1725 18 15687 3943 2.4 69 29 1 2 59% 37626 6400 51%
c t  1.76  0 144 10 1725 18 15687 3943 2.4 69 29 1 2 59% 37624 6400 51%
c 2  1.76  0 144 10 1725 18 15687 3939 2.4 69 29 1 2 59% 37621 6400 51%
c f  1.77  0 144 10 1725 18 15687 3726 2.4 69 29 1 2 58% 37710 6517 52%
c }  1.77  0 144 10 1727 18 15697 3736 2.4 69 29 1 2 58% 37710 6517 52%
c [  1.77  0 157 10 1727  2 15697 3736 3.0 167 55 1 2 46% 37710 6517 52%
c -  2.07  0 160 11 1728  2 16850 2411 2.9 183 62 1 2 51% 37710 6517 52%
c ]  2.17  0 161 11 1729  2 17305 2842 2.9 185 64 1 2 51% 37710 6517 52%
c {  2.17  0 144 11 1729 18 17305 2842 2.4 69 29 1 2 58% 37710 6517 52%
c 
c  seconds   reductions   conflicts       size   tier2      variables
c         MB      restarts     redundant     glue   trail        remaining
c           level       rate        size/glue  tier1  irredundant
c 
c p  2.22  0 142 11 1797 16 18627 4626 2.4 69 29 1 2 39% 37710 6517 52%
c =  2.25  0 142 11 1797 16 18627 4626 2.4 69 29 1 2 39% 37708 6515 52%
c u  2.26  0 142 11 1797 16 18627 4500 2.4 69 29 1 2 39% 37708 6515 52%
c v  2.26  0 142 11 1797 16 18627 4342 2.4 69 29 1 2 39% 37708 6515 52%
c w  2.27  0 142 11 1797 16 18627 4336 2.4 69 29 1 2 39% 37708 6515 52%
c 2  2.27  0 142 11 1797 16 18627 4334 2.4 69 29 1 2 39% 37708 6515 52%
c f  2.27  0 142 11 1797 16 18627 4274 2.4 69 29 1 2 39% 37748 6535 52%
c -  2.33  0 142 12 1884 16 20096 2830 2.4 69 29 1 2 33% 37748 6535 52%
c F  2.37  0 142 12 1951 15 21016 3711 2.4 69 29 1 2 32% 37748 6535 52%
c -  2.52  0 141 13 2080 14 23641 3461 2.4 67 28 1 2 29% 37748 6535 52%
c p  2.57  0 140 13 2146 14 24713 4494 2.4 67 28 1 2 29% 37748 6535 52%
c u  2.58  0 140 13 2146 14 24713 4145 2.4 67 28 1 2 29% 37748 6535 52%
c v  2.58  0 140 13 2146 14 24713 3847 2.4 67 28 1 2 29% 37748 6535 52%
c w  2.59  0 140 13 2146 14 24713 3847 2.4 67 28 1 2 29% 37748 6535 52%
c -  2.68  0 139 14 2190 12 27484 3501 2.4 66 27 1 2 27% 37748 6535 52%
c }  2.69  0 138 14 2207 12 27660 3671 2.4 66 28 1 2 27% 37748 6535 52%
c [  2.69  0 161 14 2207  2 27660 3671 2.9 185 64 1 2 51% 37748 6535 52%
c p  2.75  0 160 14 2207  2 27851 3950 2.9 187 65 1 2 52% 37748 6535 52%
c f  2.76  0 160 14 2207  2 27851 3944 2.9 187 65 1 2 52% 37752 6537 52%
c I  2.78  0 160 14 2207  2 28017 4100 2.9 186 65 1 2 52% 37752 6537 52%
c 
c  seconds   reductions   conflicts        size   tier2      variables
c         MB      restarts     redundant      glue   trail        remaining
c           level       rate        size/glue   tier1  irredundant
c 
c s  2.96  0 160 14 2208  2 29859 5795 2.7 173 64 1 2 48% 37701 6537 52%
c e  2.97  0 160 14 2208  2 29859 5680 2.7 173 64 1 2 48% 37696 6531 52%
c s  2.97  0 160 14 2208  2 29859 5676 2.7 173 64 1 2 48% 37696 6531 52%
c ]  3.27  0 160 14 2209  2 31074 6854 2.7 186 68 1 2 50% 37696 6531 52%
c {  3.27  0 138 14 2209 12 31074 6854 2.4 66 28 1 2 27% 37696 6531 52%
c -  3.37  0 138 15 2291 12 31628 3930 2.4 69 29 1 2 28% 37696 6531 52%
c p  3.37  0 138 15 2291 12 31628 4399 2.4 69 29 1 2 28% 37696 6531 52%
c u  3.38  0 138 15 2291 12 31628 4102 2.4 69 29 1 2 28% 37696 6531 52%
c v  3.38  0 138 15 2291 12 31628 3871 2.4 69 29 1 2 28% 37696 6531 52%
c w  3.38  0 138 15 2291 12 31628 3871 2.4 69 29 1 2 28% 37696 6531 52%
c x  3.39  0 138 15 2291 12 31628 3871 2.4 69 29 1 2 28% 37674 6531 52%
c f  3.39  0 138 15 2291 12 31628 3869 2.4 69 29 1 2 28% 37673 6534 52%
c B  3.52  0 133 15 2375 10 36019 8054 2.4 66 28 1 2 25% 37673 6534 52%
c -  3.52  0 133 16 2377 10 36074 4065 2.4 66 28 1 2 25% 37673 6534 52%
c p  3.52  0 133 16 2377 10 36074 4084 2.4 66 28 1 2 25% 37673 6534 52%
c -  3.86  0 131 17 2803 11 40822 4855 2.5 69 28 1 2 26% 37673 6534 52%
c p  3.86  0 131 17 2803 11 40822 5279 2.5 69 28 1 2 26% 37673 6534 52%
c =  3.89  0 131 17 2803 11 40822 5279 2.5 69 28 1 2 26% 37671 6532 52%
c u  3.89  0 131 17 2803 11 40822 4744 2.5 69 28 1 2 26% 37671 6532 52%
c v  3.90  0 131 17 2803 11 40822 4450 2.5 69 28 1 2 26% 37671 6532 52%
c 
c  seconds   reductions   conflicts       size   tier2      variables
c         MB      restarts     redundant     glue   trail        remaining
c           level       rate        size/glue  tier1  irredundant
c 
c w  3.90  0 131 17 2803 11 40822 4450 2.5 69 28 1 2 26% 37671 6532 52%
c 2  3.90  0 131 17 2803 11 40822 4449 2.5 69 28 1 2 26% 37671 6532 52%
c f  3.90  0 131 17 2803 11 40822 4441 2.5 69 28 1 2 26% 37677 6534 52%
c }  3.93  0 132 17 2806 10 42871 6399 2.4 67 28 1 2 24% 37677 6534 52%
c [  3.93  0 160 17 2806  2 42871 6399 2.7 186 68 1 2 50% 37677 6534 52%
c B  4.24  0 158 17 2806  1 45021 8498 2.9 183 63 1 2 49% 37677 6534 52%
c -  4.38  0 159 18 2806  1 45875 4730 2.8 183 65 1 2 49% 37677 6534 52%
c p  4.38  0 159 18 2806  1 45875 5140 2.8 183 65 1 2 49% 37677 6534 52%
c u  4.39  0 159 18 2806  1 45875 4883 2.8 183 65 1 2 49% 37677 6534 52%
c v  4.39  0 159 18 2806  1 45875 4674 2.8 183 65 1 2 49% 37677 6534 52%
c w  4.39  0 159 18 2806  1 45875 4674 2.8 183 65 1 2 49% 37677 6534 52%
c t  4.39  0 159 18 2806  1 45875 4674 2.8 183 65 1 2 49% 37676 6534 52%
c ]  4.65  0 158 18 2807  1 46749 5510 2.8 189 68 1 2 50% 37676 6534 52%
c {  4.65  0 132 18 2807 10 46749 5510 2.4 67 28 1 2 24% 37676 6534 52%
c s  4.84  0 132 18 3043 10 50092 8649 2.4 68 28 1 2 25% 37664 6534 52%
c t  4.84  0 132 18 3043 10 50092 8648 2.4 68 28 1 2 25% 37664 6534 52%
c e  4.84  0 132 18 3043 10 50092 8637 2.4 68 28 1 2 25% 37663 6521 52%
c s  4.84  0 132 18 3043 10 50092 8635 2.4 68 28 1 2 25% 37663 6521 52%
c ^  4.84  0 132 18 3043 10 50092 8635 2.4 68 28 1 2 25% 37663 6521 52%
c -  4.91  0 132 19 3125 10 51229 5216 2.4 68 28 1 2 25% 37663 6521 52%
c 
c  seconds   reductions   conflicts       size   tier2      variables
c         MB      restarts     redundant     glue   trail        remaining
c           level       rate        size/glue  tier1  irredundant
c 
c p  4.91  0 132 19 3125 10 51229 5594 2.4 68 28 1 2 25% 37663 6521 52%
c =  4.94  0 132 19 3125 10 51229 5541 2.4 68 28 1 2 25% 37643 6443 51%
c u  4.95  0 132 19 3125 10 51229 5177 2.4 68 28 1 2 25% 37643 6443 51%
c v  4.95  0 132 19 3125 10 51229 4935 2.4 68 28 1 2 25% 37643 6443 51%
c w  4.95  0 132 19 3125 10 51229 4935 2.4 68 28 1 2 25% 37643 6443 51%
c f  4.96  0 132 19 3125 10 51229 4935 2.4 68 28 1 2 25% 37639 6445 51%
c W  5.27  0 131 19 3454 10 55025 8537 2.4 69 29 1 2 25% 37639 6445 51%
c -  5.36  0 131 20 3568 10 56890 5699 2.4 69 29 1 2 25% 37639 6445 51%
c p  5.37  0 131 20 3568 10 56890 6043 2.4 69 29 1 2 25% 37639 6445 51%
c =  5.39  0 131 20 3568 10 56890 6023 2.4 69 29 1 2 25% 37627 6253 50%
c u  5.40  0 131 20 3568 10 56890 5722 2.4 69 29 1 2 25% 37557 6253 50%
c v  5.40  0 131 20 3568 10 56890 5612 2.4 69 29 1 2 25% 37557 6253 50%
c x  5.40  0 131 20 3568 10 56890 5612 2.4 69 29 1 2 25% 36930 6253 50%
c f  5.41  0 131 20 3568 10 56890 5612 2.4 69 29 1 2 25% 36916 6260 50%
c }  5.52  0 131 20 3710 10 59225 7826 2.4 69 28 1 2 25% 36916 6260 50%
c [  5.52  0 158 20 3710  1 59225 7826 2.8 189 68 1 2 50% 36916 6260 50%
c -  6.04  0 154 21 3712  1 62855 6136 2.8 188 68 1 2 50% 36916 6260 50%
c p  6.05  0 154 21 3712  1 62855 6489 2.8 188 68 1 2 50% 36916 6260 50%
c u  6.10  0 154 21 3712  1 62855 6003 2.8 188 68 1 2 50% 36906 6260 50%
c v  6.11  0 154 21 3712  1 62855 5708 2.8 188 68 1 2 50% 36906 6260 50%
c 
c  seconds   reductions   conflicts        size   tier2      variables
c         MB      restarts     redundant      glue   trail        remaining
c           level       rate        size/glue   tier1  irredundant
c 
c w  6.11  0 154 21 3712  1 62855 5705 2.8 188 68 1 2 50% 36906 6260 50%
c ]  6.44  0 151 21 3714  1 65271 7956 2.7 186 68 1 2 49% 36906 6260 50%
c {  6.44  0 131 21 3714 10 65271 7956 2.4 69 28 1 2 25% 36906 6260 50%
c #  6.45  0 131 21 3722 10 66027 8639 2.4 69 28 1 2 25% 36906 6260 50%
c -  6.54  0 132 22 3833  9 69127 6289 2.4 68 28 1 2 25% 36906 6260 50%
c d  6.55  0 132 22 3833  9 69127 6283 2.4 68 28 1 2 25% 36906 6257 50%
c p  6.55  0 132 22 3833  9 69127 6638 2.4 68 28 1 2 25% 36906 6257 50%
c 2  6.55  0 132 22 3833  9 69127 6638 2.4 68 28 1 2 25% 36900 6257 50%
c u  6.55  0 132 22 3833  9 69127 6449 2.4 68 28 1 2 25% 36900 6257 50%
c v  6.55  0 132 22 3833  9 69127 6341 2.4 68 28 1 2 25% 36900 6257 50%
c w  6.55  0 132 22 3833  9 69127 6341 2.4 68 28 1 2 25% 36900 6257 50%
c x  6.56  0 132 22 3833  9 69127 6341 2.4 68 28 1 2 25% 36867 6257 50%
c s  6.80  0 127 22 4170  9 75393 11002 2.5 66 27 1 2 24% 35601 6257 50%
c e  6.81  0 127 22 4170  9 75393 8596 2.5 66 27 1 2 24% 34301 5622 45%
c s  6.82  0 127 22 4170  9 75393 8435 2.5 66 27 1 2 24% 34157 5622 45%
c e  6.82  0 127 22 4170  9 75393 8427 2.5 66 27 1 2 24% 34124 5617 45%
c -  6.85  0 127 23 4216  9 75701 5878 2.5 67 27 1 2 36% 34124 5617 45%
c 2  6.85  0 127 23 4216  9 75701 5818 2.5 67 27 1 2 36% 34124 5617 45%
c d  6.85  0 127 23 4216  9 75701 5700 2.5 67 27 1 2 36% 34124 5599 44%
c p  6.86  0 127 23 4216  9 75701 5760 2.5 67 27 1 2 36% 34124 5599 44%
c 
c  seconds   reductions   conflicts       size   tier2      variables
c         MB      restarts     redundant     glue   trail        remaining
c           level       rate        size/glue  tier1  irredundant
c 
c 2  6.86  0 127 23 4216  9 75701 5760 2.5 67 27 1 2 36% 34120 5599 44%
c =  6.88  0 127 23 4216  9 75701 5593 2.5 67 27 1 2 36% 34104 5419 43%
c u  6.88  0 127 23 4216  9 75701 5279 2.5 67 27 1 2 36% 33959 5419 43%
c v  6.88  0 127 23 4216  9 75701 5165 2.5 67 27 1 2 36% 33959 5419 43%
c w  6.88  0 127 23 4216  9 75701 5165 2.5 67 27 1 2 36% 33959 5419 43%
c x  6.88  0 127 23 4216  9 75701 5165 2.5 67 27 1 2 36% 33650 5419 43%
c t  6.88  0 127 23 4216  9 75701 5165 2.5 67 27 1 2 36% 33601 5419 43%
c 2  6.88  0 127 23 4216  9 75701 5165 2.5 67 27 1 2 36% 33594 5419 43%
c f  6.89  0 127 23 4216  9 75701 5157 2.5 67 27 1 2 36% 33548 5445 43%
c B  7.01  0 128 23 4421  9 78028 7340 2.5 67 27 1 2 28% 33548 5445 43%
c -  7.17  0 127 24 4602  9 82582 6761 2.5 67 27 1 2 25% 33548 5445 43%
c p  7.18  0 127 24 4602  9 82582 6897 2.5 67 27 1 2 25% 33548 5444 43%
c =  7.20  0 127 24 4602  9 82582 6887 2.5 67 27 1 2 25% 33548 5335 42%
c u  7.20  0 127 24 4602  9 82582 6442 2.5 67 27 1 2 25% 33503 5335 42%
c v  7.20  0 127 24 4602  9 82582 6223 2.5 67 27 1 2 25% 33503 5335 42%
c w  7.21  0 127 24 4602  9 82582 6206 2.5 67 27 1 2 25% 33503 5335 42%
c f  7.21  0 127 24 4602  9 82582 6206 2.5 67 27 1 2 25% 33448 5358 43%
c }  7.41  0 128 24 4873  9 88430 11628 2.4 66 27 1 2 25% 33448 5358 43%
c [  7.41  0 151 24 4873  1 88430 11628 2.7 186 68 1 2 57% 33448 5358 43%
c -  7.52  0 152 25 4874  1 89766 7351 2.7 183 67 1 2 57% 33448 5358 43%
c 
c  seconds   reductions   conflicts        size   tier2      variables
c         MB      restarts     redundant      glue   trail        remaining
c           level       rate        size/glue   tier1  irredundant
c 
c d  7.52  0 152 25 4874  1 89766 7296 2.7 183 67 1 2 57% 33448 5349 42%
c p  7.52  0 152 25 4874  1 89766 7373 2.7 183 67 1 2 57% 33448 5349 42%
c 2  7.52  0 152 25 4874  1 89766 7373 2.7 183 67 1 2 57% 33446 5349 42%
c =  7.55  0 152 25 4874  1 89766 7167 2.7 183 67 1 2 57% 33434 5166 41%
c u  7.55  0 152 25 4874  1 89766 6769 2.7 183 67 1 2 57% 33388 5166 41%
c v  7.55  0 152 25 4874  1 89766 6635 2.7 183 67 1 2 57% 33388 5166 41%
c w  7.55  0 152 25 4874  1 89766 6630 2.7 183 67 1 2 57% 33388 5166 41%
c x  7.56  0 152 25 4874  1 89766 6630 2.7 183 67 1 2 57% 33225 5166 41%
c t  7.56  0 152 25 4874  1 89766 6630 2.7 183 67 1 2 57% 33224 5166 41%
c 2  7.56  0 152 25 4874  1 89766 6617 2.7 183 67 1 2 57% 33199 5166 41%
c f  7.56  0 152 25 4874  1 89766 6617 2.7 183 67 1 2 56% 33143 5194 41%
c W  7.64  0 152 25 4875  1 91029 7813 2.7 175 65 1 2 55% 33143 5194 41%
c -  7.79  0 143 26 4876  1 97258 7675 2.7 147 53 1 2 49% 33143 5194 41%
c p  7.79  0 143 26 4876  1 97258 7809 2.7 147 53 1 2 49% 33143 5194 41%
c =  7.80  0 143 26 4876  1 97258 7797 2.7 147 53 1 2 49% 33139 5180 41%
c d  7.80  0 143 26 4876  1 97258 7796 2.7 147 53 1 2 49% 33138 5179 41%
c 2  7.80  0 143 26 4876  1 97258 7784 2.7 147 53 1 2 49% 33118 5179 41%
c O  7.97  0 150 26 4878  1 105031 15012 2.6 126 48 1 2 45% 33118 5179 41%
c -  7.97  0 150 27 4878  1 105055 7837 2.6 126 48 1 2 45% 33118 5179 41%
c p  7.97  0 150 27 4878  1 105055 7851 2.6 126 48 1 2 45% 33118 5179 41%
c 
c  seconds   reductions   conflicts         size   tier2      variables
c         MB      restarts      redundant      glue   trail        remaining
c           level       rate         size/glue   tier1  irredundant
c 
c c  7.98  0 150 27 4878  1 105055 7851 2.6 126 48 1 2 45% 33109 5179 41%
c d  7.98  0 150 27 4878  1 105055 7843 2.6 126 48 1 2 45% 33099 5174 41%
c 2  7.98  0 150 27 4878  1 105055 7840 2.6 126 48 1 2 45% 33093 5174 41%
c =  7.99  0 150 27 4878  1 105055 7836 2.6 126 48 1 2 45% 33083 5166 41%
c u  8.00  0 150 27 4878  1 105055 7357 2.6 126 48 1 2 45% 32629 5166 41%
c v  8.00  0 150 27 4878  1 105055 7151 2.6 126 48 1 2 45% 32629 5166 41%
c f  8.01  0 150 27 4878  1 105055 7150 2.6 126 48 1 2 45% 32628 5167 41%
c s  8.03  0 147 27 4879  1 106632 8461 2.6 120 46 1 2 44% 30373 5167 41%
c e  8.04  0 147 27 4879  1 106632 7765 2.6 120 46 1 2 44% 26299 4506 36%
c s  8.04  0 147 27 4879  1 106632 7741 2.6 120 46 1 2 44% 26289 4506 36%
c -  8.15  0 142 28 4883  1 113158 7505 2.6 106 41 1 2 35% 26288 4506 36%
c 2  8.15  0 142 28 4883  1 113158 7504 2.6 106 41 1 2 35% 26288 4506 36%
c p  8.15  0 142 28 4883  1 113158 7555 2.6 106 41 1 2 35% 26288 4504 36%
c t  8.16  0 142 28 4883  1 113158 7555 2.6 106 41 1 2 35% 26287 4504 36%
c f  8.16  0 142 28 4883  1 113158 7555 2.6 106 41 1 2 35% 26273 4510 36%
c B  8.25  0 139 28 4886  1 120034 13585 2.6 94 36 1 2 30% 26273 4510 36%
c -  8.27  0 139 29 4887  1 121567 8551 2.6 92 36 1 2 31% 26273 4510 36%
c p  8.27  0 139 29 4887  1 121567 8521 2.6 92 36 1 2 31% 26273 4506 36%
c f  8.28  0 139 29 4887  1 121567 8521 2.6 92 36 1 2 31% 26257 4514 36%
c -  8.41  0 141 30 4891  1 130283 8964 2.5 85 33 1 2 32% 26257 4514 36%
c 
c  seconds   reductions   conflicts        size   tier2      variables
c         MB      restarts      redundant     glue   trail        remaining
c           level       rate         size/glue  tier1  irredundant
c 
c p  8.41  0 141 30 4891  1 130283 9020 2.5 85 33 1 2 32% 26257 4514 36%
c u  8.44  0 141 30 4891  1 130283 8535 2.5 85 33 1 2 32% 26257 4514 36%
c v  8.44  0 141 30 4891  1 130283 8301 2.5 85 33 1 2 32% 26257 4514 36%
c w  8.44  0 141 30 4891  1 130283 8301 2.5 85 33 1 2 32% 26257 4514 36%
c W  8.57  0 139 30 4891  1 136035 13648 2.5 81 33 1 2 30% 26257 4514 36%
c ]  8.63  0 137 30 4892  1 139067 16471 2.5 80 32 1 2 30% 26257 4514 36%
c {  8.63  0 128 30 4892  9 139067 16471 2.4 66 27 1 2 32% 26257 4514 36%
c -  8.63  0 128 31 4892  9 139306 8746 2.4 66 27 1 2 32% 26257 4514 36%
c p  8.63  0 128 31 4892  9 139306 8726 2.4 66 27 1 2 32% 26257 4513 36%
c f  8.64  0 128 31 4892  9 139306 8726 2.4 66 27 1 2 32% 26253 4515 36%
c s  8.68  0 127 31 4894  8 142255 11329 2.4 65 26 1 2 34% 26213 4515 36%
c e  8.69  0 127 31 4894  8 142255 11315 2.4 65 26 1 2 34% 26209 4513 36%
c s  8.69  0 127 31 4894  8 142255 11246 2.4 65 26 1 2 34% 26208 4513 36%
c -  8.77  0 124 32 4898  8 148636 9728 2.5 61 25 1 2 31% 26208 4513 36%
c d  8.77  0 124 32 4898  8 148636 9686 2.5 61 25 1 2 31% 26207 4507 36%
c p  8.77  0 124 32 4898  8 148636 9700 2.5 61 25 1 2 31% 26207 4507 36%
c u  8.78  0 124 32 4898  8 148636 9509 2.5 61 25 1 2 31% 26207 4507 36%
c v  8.78  0 124 32 4898  8 148636 9382 2.5 61 25 1 2 31% 26207 4507 36%
c w  8.78  0 124 32 4898  8 148636 9381 2.5 61 25 1 2 31% 26207 4507 36%
c x  8.78  0 124 32 4898  8 148636 9381 2.5 61 25 1 2 31% 26206 4507 36%
c 
c  seconds   reductions   conflicts        size   tier2      variables
c         MB      restarts      redundant     glue   trail        remaining
c           level       rate         size/glue  tier1  irredundant
c 
c f  8.78  0 124 32 4898  8 148636 9381 2.5 61 25 1 2 31% 26180 4519 36%
c W  8.83  0 123 32 4906  7 153036 13403 2.5 59 24 1 2 32% 26180 4519 36%
c -  8.91  0 119 33 4906  7 158274 10373 2.5 58 23 1 2 34% 26180 4519 36%
c p  8.91  0 119 33 4906  7 158274 10420 2.5 58 23 1 2 34% 26180 4517 36%
c f  8.92  0 119 33 4906  7 158274 10415 2.5 58 23 1 2 33% 26169 4524 36%
c -  9.04  0 118 34 4934  6 168219 11112 2.5 55 22 1 2 34% 26169 4524 36%
c p  9.04  0 118 34 4934  6 168219 11103 2.5 55 22 1 2 34% 26169 4523 36%
c c  9.05  0 118 34 4934  6 168219 11103 2.5 55 22 1 2 34% 26161 4523 36%
c f  9.05  0 118 34 4934  6 168219 11100 2.5 55 22 1 2 34% 26153 4524 36%
c F  9.09  0 118 34 4943  6 171037 13726 2.5 54 21 1 2 34% 26153 4524 36%
c -  9.17  0 116 35 4969  5 178472 11989 2.5 52 21 1 2 34% 26153 4524 36%
c d  9.17  0 116 35 4969  5 178472 11918 2.5 52 21 1 2 34% 26153 4520 36%
c p  9.17  0 116 35 4969  5 178472 11936 2.5 52 21 1 2 34% 26153 4520 36%
c 2  9.17  0 116 35 4969  5 178472 11936 2.5 52 21 1 2 34% 26151 4520 36%
c u  9.18  0 116 35 4969  5 178472 11468 2.5 52 21 1 2 34% 26151 4520 36%
c v  9.18  0 116 35 4969  5 178472 11199 2.5 52 21 1 2 34% 26151 4520 36%
c w  9.18  0 116 35 4969  5 178472 11198 2.5 52 21 1 2 34% 26151 4520 36%
c t  9.18  0 116 35 4969  5 178472 11197 2.5 52 21 1 2 34% 26151 4520 36%
c f  9.18  0 116 35 4969  5 178472 11197 2.5 52 21 1 2 34% 26141 4522 36%
c s  9.23  0 116 35 4985  5 182861 14928 2.5 51 20 1 2 34% 26099 4522 36%
c 
c  seconds   reductions   conflicts         size   tier2      variables
c         MB      restarts       redundant     glue   trail        remaining
c           level       rate          size/glue  tier1  irredundant
c 
c t  9.24  0 116 35 4985  5 182861 14926 2.5 51 20 1 2 34% 26099 4522 36%
c e  9.24  0 116 35 4985  5 182861 14657 2.5 51 20 1 2 34% 26071 4501 36%
c s  9.24  0 116 35 4985  5 182861 14582 2.5 51 20 1 2 34% 26058 4501 36%
c -  9.32  0 115 36 5024  5 189036 12095 2.5 49 19 1 2 34% 26058 4501 36%
c 2  9.32  0 115 36 5024  5 189036 12094 2.5 49 19 1 2 34% 26058 4501 36%
c d  9.32  0 115 36 5024  5 189036 12074 2.5 49 19 1 2 34% 26043 4490 36%
c p  9.32  0 115 36 5024  5 189036 12112 2.5 49 19 1 2 34% 26043 4490 36%
c c  9.33  0 115 36 5024  5 189036 12112 2.5 49 19 1 2 34% 26028 4490 36%
c d  9.33  0 115 36 5024  5 189036 12099 2.5 49 19 1 2 34% 26024 4488 36%
c f  9.34  0 115 36 5024  5 189036 12099 2.5 49 19 1 2 34% 26020 4490 36%
c B  9.35  0 115 36 5031  5 190038 13038 2.5 49 19 1 2 34% 26020 4490 36%
c -  9.45  0 112 37 5053  4 199905 13263 2.5 46 18 1 2 33% 26020 4490 36%
c f  9.47  0 112 37 5053  4 199905 13228 2.5 46 18 1 2 33% 26014 4487 36%
c W  9.62  0 110 37 5093  4 210040 22710 2.5 44 18 1 2 32% 26014 4487 36%
c -  9.64  0 110 38 5099  4 211082 14283 2.5 44 17 1 2 32% 26014 4487 36%
c u  9.64  0 110 38 5099  4 211082 13944 2.5 44 17 1 2 32% 26014 4487 36%
c v  9.65  0 110 38 5099  4 211082 13672 2.5 44 17 1 2 32% 26014 4487 36%
c w  9.65  0 110 38 5099  4 211082 13670 2.5 44 17 1 2 32% 26014 4487 36%
c t  9.65  0 110 38 5099  4 211082 13669 2.5 44 17 1 2 32% 26014 4487 36%
c -  9.79  0 109 39 5160  4 222567 14688 2.5 42 17 1 2 33% 26014 4487 36%
c 
c  seconds   reductions   conflicts         size   tier2      variables
c         MB      restarts       redundant     glue   trail        remaining
c           level       rate          size/glue  tier1  irredundant
c 
c p  9.79  0 109 39 5160  4 222567 14674 2.5 42 17 1 2 33% 26010 4482 36%
c c  9.80  0 109 39 5160  4 222567 14674 2.5 42 17 1 2 33% 26004 4482 36%
c d  9.80  0 109 39 5160  4 222567 14642 2.5 42 17 1 2 33% 26002 4481 36%
c t  9.80  0 109 39 5160  4 222567 14641 2.5 42 17 1 2 33% 26002 4481 36%
c s  9.88  0 108 39 5195  4 228463 19692 2.5 41 16 1 2 33% 25941 4481 36%
c e  9.89  0 108 39 5195  4 228463 19485 2.5 41 16 1 2 33% 25925 4464 35%
c s  9.89  0 108 39 5195  4 228463 19370 2.5 41 16 1 2 33% 25900 4464 35%
c }  9.91  0 107 39 5202  4 229932 20678 2.5 41 16 1 2 32% 25900 4464 35%
c [  9.91  0 137 39 5202  1 229932 20678 2.5 80 32 1 2 30% 25900 4464 35%
c I  9.93  0 138 39 5202  1 231041 21743 2.5 79 32 1 2 31% 25900 4464 35%
c - 10.04  0 138 40 5202  1 234361 15230 2.5 79 32 1 2 31% 25899 4464 35%
c p 10.05  0 138 40 5202  1 234361 15340 2.5 79 32 1 2 31% 25899 4462 35%
c c 10.05  0 138 40 5202  1 234361 15340 2.5 79 32 1 2 31% 25887 4462 35%
c u 10.06  0 138 40 5202  1 234361 15021 2.5 79 32 1 2 31% 25885 4461 35%
c v 10.06  0 138 40 5202  1 234361 14853 2.5 79 32 1 2 31% 25885 4461 35%
c w 10.07  0 138 40 5202  1 234361 14853 2.5 79 32 1 2 31% 25885 4461 35%
c t 10.07  0 138 40 5202  1 234361 14852 2.5 79 32 1 2 31% 25885 4461 35%
c f 10.07  0 138 40 5202  1 234361 14839 2.5 79 32 1 2 31% 25888 4465 35%
c - 10.31  0 138 41 5203  1 246463 15128 2.5 76 31 1 2 35% 25888 4465 35%
c d 10.31  0 138 41 5203  1 246463 15125 2.5 76 31 1 2 35% 25888 4464 35%
c 
c  seconds   reductions   conflicts         size   tier2      variables
c         MB      restarts       redundant     glue   trail        remaining
c           level       rate          size/glue  tier1  irredundant
c 
c p 10.31  0 138 41 5203  1 246463 15139 2.5 76 31 1 2 35% 25888 4464 35%
c B 10.42  0 136 41 5208  1 253043 21251 2.5 73 30 1 2 33% 25886 4464 35%
c - 10.56  0 138 42 5210  1 258875 14983 2.4 73 30 1 2 35% 25886 4464 35%
c d 10.56  0 138 42 5210  1 258875 14968 2.4 73 30 1 2 35% 25878 4463 35%
c p 10.56  0 138 42 5210  1 258875 15079 2.4 73 30 1 2 35% 25878 4463 35%
c = 10.57  0 138 42 5210  1 258875 15059 2.4 73 30 1 2 35% 25857 4460 35%
c u 10.58  0 138 42 5210  1 258875 14866 2.4 73 30 1 2 35% 25857 4460 35%
c v 10.58  0 138 42 5210  1 258875 14717 2.4 73 30 1 2 35% 25857 4460 35%
c w 10.58  0 138 42 5210  1 258875 14717 2.4 73 30 1 2 35% 25857 4460 35%
c t 10.59  0 138 42 5210  1 258875 14716 2.4 73 30 1 2 35% 25857 4460 35%
c f 10.59  0 138 42 5210  1 258875 14715 2.4 73 30 1 2 35% 25856 4461 35%
c - 10.91  0 139 43 5217  1 271596 15402 2.4 73 30 1 2 37% 25856 4461 35%
c p 10.92  0 139 43 5217  1 271596 15440 2.4 73 30 1 2 37% 25848 4458 35%
c c 10.92  0 139 43 5217  1 271596 15439 2.4 73 30 1 2 37% 25818 4458 35%
c d 10.92  0 139 43 5217  1 271596 15424 2.4 73 30 1 2 37% 25810 4454 35%
c 2 10.92  0 139 43 5217  1 271596 15424 2.4 73 30 1 2 37% 25808 4454 35%
c u 10.93  0 139 43 5217  1 271596 15117 2.4 73 30 1 2 37% 25808 4454 35%
c v 10.93  0 139 43 5217  1 271596 14993 2.4 73 30 1 2 37% 25808 4454 35%
c w 10.93  0 139 43 5217  1 271596 14993 2.4 73 30 1 2 37% 25808 4454 35%
c t 10.93  0 139 43 5217  1 271596 14991 2.4 73 30 1 2 37% 25808 4454 35%
c 
c  seconds   reductions   conflicts         size   tier2      variables
c         MB      restarts       redundant     glue   trail        remaining
c           level       rate          size/glue  tier1  irredundant
c 
c W 11.07  0 141 43 5217  1 276045 19285 2.4 73 30 1 2 36% 25808 4454 35%
c s 11.19  0 141 43 5218  1 279194 22074 2.4 74 31 1 2 37% 25754 4454 35%
c e 11.19  0 141 43 5218  1 279194 20992 2.4 74 31 1 2 37% 25731 4440 35%
c s 11.20  0 141 43 5218  1 279194 20947 2.4 74 31 1 2 37% 25718 4440 35%
c ] 11.28  0 141 43 5220  1 281868 23454 2.4 74 31 1 2 37% 25718 4440 35%
c { 11.28  0 107 43 5220  4 281868 23454 2.5 41 16 1 2 32% 25718 4440 35%
c - 11.31  0 107 44 5230  3 284624 15071 2.5 40 16 1 2 33% 25718 4440 35%
c p 11.32  0 107 44 5230  3 284624 15124 2.5 40 16 1 2 33% 25718 4439 35%
c c 11.32  0 107 44 5230  3 284624 15124 2.5 40 16 1 2 33% 25712 4439 35%
c u 11.33  0 107 44 5230  3 284624 14947 2.5 40 16 1 2 33% 25710 4438 35%
c v 11.33  0 107 44 5230  3 284624 14834 2.5 40 16 1 2 33% 25710 4438 35%
c w 11.33  0 107 44 5230  3 284624 14834 2.5 40 16 1 2 33% 25710 4438 35%
c - 11.48  0 104 45 5285  3 297962 16462 2.5 38 15 1 2 32% 25710 4438 35%
c d 11.49  0 104 45 5285  3 297962 16423 2.5 38 15 1 2 32% 25703 4435 35%
c p 11.49  0 104 45 5285  3 297962 16480 2.5 38 15 1 2 32% 25703 4435 35%
c c 11.49  0 104 45 5285  3 297962 16480 2.5 38 15 1 2 32% 25701 4435 35%
c # 11.53  0 103 45 5296  3 300046 18390 2.5 38 15 1 2 32% 25699 4434 35%
c - 11.67  0 101 46 5371  3 311609 17950 2.5 36 15 1 2 31% 25699 4434 35%
c d 11.67  0 101 46 5371  3 311609 17904 2.5 36 15 1 2 31% 25688 4430 35%
c p 11.67  0 101 46 5371  3 311609 17924 2.5 36 15 1 2 31% 25688 4430 35%
c 
c  seconds   reductions   conflicts         size   tier2      variables
c         MB      restarts       redundant     glue   trail        remaining
c           level       rate          size/glue  tier1  irredundant
c 
c c 11.68  0 101 46 5371  3 311609 17924 2.5 36 15 1 2 31% 25684 4430 35%
c u 11.68  0 101 46 5371  3 311609 17714 2.5 36 15 1 2 31% 25682 4429 35%
c v 11.69  0 101 46 5371  3 311609 17590 2.5 36 15 1 2 31% 25682 4429 35%
c w 11.69  0 101 46 5371  3 311609 17589 2.5 36 15 1 2 31% 25682 4429 35%
c f 11.69  0 101 46 5371  3 311609 17589 2.5 36 15 1 2 31% 25674 4433 35%
c B 11.85  0 98 46 5470  3 325048 29930 2.5 34 14 1 2 30% 25674 4433 35%
c - 11.86  0 98 47 5483  3 325565 18921 2.5 34 14 1 2 30% 25674 4433 35%
c d 11.86  0 98 47 5483  3 325565 18800 2.5 34 14 1 2 30% 25656 4428 35%
c p 11.87  0 98 47 5483  3 325565 18857 2.5 34 14 1 2 30% 25656 4428 35%
c c 11.87  0 98 47 5483  3 325565 18857 2.5 34 14 1 2 30% 25619 4428 35%
c d 11.87  0 98 47 5483  3 325565 18818 2.5 34 14 1 2 30% 25609 4423 35%
c 2 11.87  0 98 47 5483  3 325565 18818 2.5 34 14 1 2 30% 25607 4423 35%
c t 11.87  0 98 47 5483  3 325565 18817 2.5 34 14 1 2 30% 25607 4423 35%
c s 11.99  0 97 47 5551  3 334946 27065 2.4 33 14 1 2 29% 25586 4423 35%
c e 11.99  0 97 47 5551  3 334946 26758 2.4 33 14 1 2 29% 25564 4407 35%
c s 12.00  0 97 47 5551  3 334946 26675 2.4 33 14 1 2 29% 25548 4407 35%
c - 12.07  0 96 48 5584  3 339829 19570 2.4 32 13 1 2 29% 25548 4407 35%
c d 12.07  0 96 48 5584  3 339829 19562 2.4 32 13 1 2 29% 25541 4404 35%
c p 12.07  0 96 48 5584  3 339829 19595 2.4 32 13 1 2 29% 25541 4404 35%
c u 12.08  0 96 48 5584  3 339829 19267 2.4 32 13 1 2 29% 25541 4404 35%
c 
c  seconds  reductions   conflicts         size   tier2      variables
c         MB     restarts       redundant     glue   trail        remaining
c          level       rate          size/glue  tier1  irredundant
c 
c v 12.09  0 96 48 5584  3 339829 19064 2.4 32 13 1 2 29% 25541 4404 35%
c w 12.09  0 96 48 5584  3 339829 19064 2.4 32 13 1 2 29% 25541 4404 35%
c f 12.09  0 96 48 5584  3 339829 19064 2.4 32 13 1 2 29% 25527 4408 35%
c W 12.25  0 95 48 5685  3 351051 29493 2.4 31 13 1 2 28% 25526 4408 35%
c - 12.29  0 94 49 5717  3 354404 20496 2.4 31 13 1 2 28% 25526 4408 35%
c p 12.30  0 94 49 5717  3 354404 20501 2.4 31 13 1 2 28% 25519 4407 35%
c = 12.31  0 94 49 5717  3 354404 20380 2.4 31 13 1 2 28% 25465 4383 35%
c 2 12.31  0 94 49 5717  3 354404 20379 2.4 31 13 1 2 28% 25465 4383 35%
c - 12.49  0 93 50 5878  3 369286 21479 2.3 29 13 1 2 27% 25464 4383 35%
c d 12.50  0 93 50 5878  3 369286 21466 2.3 29 13 1 2 27% 25459 4382 35%
c p 12.50  0 93 50 5878  3 369286 21519 2.3 29 13 1 2 27% 25459 4382 35%
c u 12.51  0 93 50 5878  3 369286 21259 2.3 29 13 1 2 27% 25459 4382 35%
c v 12.51  0 93 50 5878  3 369286 21116 2.3 29 13 1 2 27% 25459 4382 35%
c w 12.51  0 93 50 5878  3 369286 21115 2.3 29 13 1 2 27% 25459 4382 35%
c F 12.62  0 92 50 5980  3 378053 29237 2.3 29 12 1 2 27% 25459 4382 35%
c } 12.67  0 91 50 6033  3 382149 32934 2.3 28 12 1 2 26% 25459 4382 35%
c [ 12.67  0 141 50 6033  1 382149 32934 2.4 74 31 1 2 37% 25459 4382 35%
c - 12.73  0 140 51 6034  1 384478 22494 2.4 73 31 1 2 37% 25459 4382 35%
c p 12.73  0 140 51 6034  1 384478 22549 2.4 73 31 1 2 37% 25459 4382 35%
c s 12.95  0 138 51 6040  1 395795 32880 2.3 69 30 1 2 36% 25392 4382 35%
c 
c  seconds   reductions   conflicts         size   tier2      variables
c         MB      restarts       redundant     glue   trail        remaining
c           level       rate          size/glue  tier1  irredundant
c 
c e 12.95  0 138 51 6040  1 395795 32866 2.3 69 30 1 2 36% 25367 4377 35%
c s 12.96  0 138 51 6040  1 395795 32798 2.3 69 30 1 2 36% 25365 4377 35%
c e 12.96  0 138 51 6040  1 395795 32775 2.3 69 30 1 2 36% 25366 4376 35%
c - 13.07  0 138 52 6043  1 399979 22940 2.3 68 30 1 2 35% 25366 4376 35%
c p 13.07  0 138 52 6043  1 399979 22985 2.3 68 30 1 2 35% 25366 4376 35%
c u 13.08  0 138 52 6043  1 399979 22735 2.3 68 30 1 2 35% 25366 4376 35%
c v 13.08  0 138 52 6043  1 399979 22487 2.3 68 30 1 2 35% 25366 4376 35%
c w 13.08  0 138 52 6043  1 399979 22486 2.3 68 30 1 2 35% 25366 4376 35%
c O 13.20  0 136 52 6045  1 406055 28276 2.3 67 30 1 2 35% 25366 4376 35%
c - 13.40  0 133 53 6046  1 415789 22177 2.3 66 29 1 2 35% 25366 4376 35%
c p 13.41  0 133 53 6046  1 415789 22236 2.3 66 29 1 2 35% 25366 4376 35%
c u 13.42  0 133 53 6046  1 415789 22027 2.3 66 29 1 2 35% 25366 4376 35%
c v 13.42  0 133 53 6046  1 415789 21915 2.3 66 29 1 2 35% 25366 4376 35%
c w 13.42  0 133 53 6046  1 415789 21912 2.3 66 29 1 2 35% 25366 4376 35%
c - 13.88  0 132 54 6047  1 431909 21927 2.2 64 29 1 2 33% 25365 4376 35%
c p 13.88  0 132 54 6047  1 431909 22004 2.2 64 29 1 2 33% 25365 4376 35%
c = 13.91  0 132 54 6047  1 431909 21936 2.2 64 29 1 2 33% 25349 4370 35%
c u 13.91  0 132 54 6047  1 431909 21672 2.2 64 29 1 2 33% 25349 4370 35%
c v 13.91  0 132 54 6047  1 431909 21665 2.2 64 29 1 2 33% 25349 4370 35%
c w 13.91  0 132 54 6047  1 431909 21664 2.2 64 29 1 2 33% 25349 4370 35%
c 
c  seconds   reductions   conflicts         size   tier2      variables
c         MB      restarts       redundant     glue   trail        remaining
c           level       rate          size/glue  tier1  irredundant
c 
c t 13.91  0 132 54 6047  1 431909 21660 2.2 64 29 1 2 33% 25349 4370 35%
c B 13.98  0 132 54 6047  1 435056 24645 2.2 64 29 1 2 33% 25349 4370 35%
c ] 14.12  0 133 54 6047  1 440568 29985 2.2 64 30 1 2 33% 25349 4370 35%
c { 14.12  0 91 54 6047  3 440568 29985 2.3 28 12 1 2 26% 25349 4370 35%
c - 14.21  0 90 55 6149  3 448340 22835 2.3 27 12 1 2 26% 25349 4370 35%
c p 14.22  0 90 55 6149  3 448340 22891 2.3 27 12 1 2 26% 25349 4370 35%
c s 14.40  0 89 55 6362  3 461713 35108 2.3 26 12 1 2 26% 25322 4370 35%
c e 14.41  0 89 55 6362  3 461713 34623 2.3 26 12 1 2 26% 24343 4211 33%
c s 14.42  0 89 55 6362  3 461713 34577 2.3 26 12 1 2 26% 24343 4211 33%
c ^ 14.42  0 89 55 6362  3 461713 34577 2.3 26 12 1 2 26% 24343 4211 33%
c B 14.46  0 89 55 6390  3 465057 37654 2.3 26 12 1 2 25% 24343 4211 33%
c - 14.47  0 89 56 6392  3 465079 24290 2.3 26 12 1 2 25% 24343 4211 33%
c p 14.47  0 89 56 6392  3 465079 24345 2.3 26 12 1 2 25% 24343 4211 33%
c u 14.49  0 89 56 6392  3 465079 24028 2.3 26 12 1 2 25% 24343 4211 33%
c v 14.50  0 89 56 6392  3 465079 23883 2.3 26 12 1 2 25% 24343 4211 33%
c w 14.50  0 89 56 6392  3 465079 23883 2.3 26 12 1 2 25% 24343 4211 33%
c - 14.73  0 87 57 6656  3 482128 25759 2.2 25 11 1 2 24% 24343 4211 33%
c p 14.73  0 87 57 6656  3 482128 25777 2.2 25 11 1 2 24% 24343 4211 33%
c W 14.96  0 85 57 6815  3 496059 38398 2.2 24 11 1 2 23% 24343 4211 33%
c - 15.01  0 84 58 6908  3 499486 27169 2.2 24 11 1 2 23% 24343 4211 33%
c 
c  seconds  reductions   conflicts         size   tier2      variables
c         MB     restarts       redundant     glue   trail        remaining
c          level       rate          size/glue  tier1  irredundant
c 
c p 15.02  0 84 58 6908  3 499486 27289 2.2 24 11 1 2 23% 24343 4211 33%
c u 15.03  0 84 58 6908  3 499486 26922 2.2 24 11 1 2 23% 24343 4211 33%
c v 15.03  0 84 58 6908  3 499486 26712 2.2 24 11 1 2 23% 24343 4211 33%
c w 15.03  0 84 58 6908  3 499486 26712 2.2 24 11 1 2 23% 24343 4211 33%
c - 15.26  0 82 59 7254  3 517158 28139 2.2 23 10 1 2 22% 24343 4211 33%
c p 15.26  0 82 59 7254  3 517158 28157 2.2 23 10 1 2 22% 24343 4211 33%
c # 15.43  0 81 59 7507  3 528060 38070 2.2 22 10 1 2 22% 24343 4211 33%
c s 15.50  0 79 59 7567  3 532590 41459 2.2 22 10 1 2 21% 24342 4211 33%
c t 15.50  0 79 59 7567  3 532590 41456 2.2 22 10 1 2 21% 24342 4211 33%
c e 15.51  0 79 59 7567  3 532590 33641 2.2 22 10 1 2 21% 24610 4052 32%
c s 15.53  0 79 59 7567  3 532590 33478 2.2 22 10 1 2 21% 24584 4052 32%
c e 15.53  0 79 59 7567  3 532590 33172 2.2 22 10 1 2 21% 24584 4050 32%
c } 15.58  0 79 59 7647  3 534971 35344 2.1 22 10 1 2 22% 24584 4050 32%
c [ 15.58  0 133 59 7647  1 534971 35344 2.2 64 30 1 2 37% 24584 4050 32%
c - 15.58  0 133 60 7647  1 535137 25037 2.2 64 30 1 2 37% 24584 4050 32%
c 2 15.58  0 133 60 7647  1 535137 25036 2.2 64 30 1 2 37% 24584 4050 32%
c p 15.59  0 133 60 7647  1 535137 25159 2.2 64 30 1 2 37% 24584 4050 32%
c u 15.59  0 133 60 7647  1 535137 24943 2.2 64 30 1 2 37% 24584 4050 32%
c v 15.59  0 133 60 7647  1 535137 24725 2.2 64 30 1 2 37% 24584 4050 32%
c w 15.60  0 133 60 7647  1 535137 24724 2.2 64 30 1 2 37% 24584 4050 32%
c 
c  seconds   reductions   conflicts         size   tier2      variables
c         MB      restarts       redundant     glue   trail        remaining
c           level       rate          size/glue  tier1  irredundant
c 
c x 15.60  0 133 60 7647  1 535137 24724 2.2 64 30 1 2 37% 24582 4050 32%
c f 15.61  0 133 60 7647  1 535137 24712 2.2 64 30 1 2 37% 24544 4066 32%
c - 16.02  0 134 61 7647  1 553425 26746 2.1 59 28 1 2 34% 24544 4066 32%
c p 16.02  0 134 61 7647  1 553425 26877 2.1 59 28 1 2 34% 24544 4066 32%
c u 16.03  0 134 61 7647  1 553425 26577 2.1 59 28 1 2 34% 24544 4066 32%
c v 16.03  0 134 61 7647  1 553425 26532 2.1 59 28 1 2 34% 24544 4066 32%
c w 16.03  0 134 61 7647  1 553425 26531 2.1 59 28 1 2 34% 24544 4066 32%
c W 16.18  0 133 61 7650  1 561061 33749 2.1 58 28 1 2 34% 24544 4066 32%
c - 16.38  0 132 62 7656  1 572024 26097 2.1 57 28 1 2 34% 24544 4066 32%
c p 16.39  0 132 62 7656  1 572024 26162 2.1 57 28 1 2 34% 24544 4066 32%
c t 16.39  0 132 62 7656  1 572024 26161 2.1 57 28 1 2 34% 24544 4066 32%
c - 16.86  0 133 63 7662  1 590933 26189 2.1 58 28 1 2 35% 24543 4066 32%
c p 16.87  0 133 63 7662  1 590933 26278 2.1 58 28 1 2 35% 24543 4066 32%
c u 16.90  0 133 63 7662  1 590933 25869 2.1 58 28 1 2 35% 24543 4066 32%
c v 16.90  0 133 63 7662  1 590933 25862 2.1 58 28 1 2 35% 24543 4066 32%
c w 16.90  0 133 63 7662  1 590933 25860 2.1 58 28 1 2 35% 24543 4066 32%
c I 17.02  0 134 63 7665  1 595062 29811 2.1 58 28 1 2 36% 24543 4066 32%
c ] 17.22  0 132 63 7671  1 605148 39372 2.1 57 27 1 2 36% 24543 4066 32%
c { 17.22  0 79 63 7671  3 605148 39372 2.1 22 10 1 2 21% 24543 4066 32%
c - 17.30  0 79 64 7804  3 610152 26895 2.1 22 10 1 2 20% 24543 4066 32%
c 
c  seconds  reductions   conflicts         size   tier2      variables
c         MB     restarts       redundant     glue   trail        remaining
c          level       rate          size/glue  tier1  irredundant
c 
c p 17.30  0 79 64 7804  3 610152 26994 2.1 22 10 1 2 20% 24543 4066 32%
c u 17.31  0 79 64 7804  3 610152 26796 2.1 22 10 1 2 20% 24543 4066 32%
c v 17.31  0 79 64 7804  3 610152 26648 2.1 22 10 1 2 20% 24543 4066 32%
c w 17.31  0 79 64 7804  3 610152 26648 2.1 22 10 1 2 20% 24543 4066 32%
c s 17.34  0 79 64 7829  3 610642 26895 2.1 22 10 1 2 20% 24539 4066 32%
c e 17.34  0 79 64 7829  3 610642 26847 2.1 22 10 1 2 20% 24540 4065 32%
c s 17.35  0 79 64 7829  3 610642 26798 2.1 22 10 1 2 20% 24540 4065 32%
c ^ 17.36  0 79 64 7829  3 610642 26798 2.1 22 10 1 2 20% 24540 4065 32%
c - 17.62  0 77 65 8232  3 629682 28661 2.1 21 10 1 2 19% 24540 4065 32%
c p 17.62  0 77 65 8232  3 629682 28681 2.1 21 10 1 2 19% 24540 4065 32%
c B 17.63  0 77 65 8245  3 630067 29030 2.1 21 10 1 2 19% 24540 4065 32%
c - 17.91  0 75 66 8801  3 649523 30692 2.1 20 10 1 2 19% 24540 4065 32%
c p 17.91  0 75 66 8801  3 649523 30789 2.1 20 10 1 2 19% 24540 4065 32%
c u 17.92  0 75 66 8801  3 649523 30401 2.1 20 10 1 2 19% 24540 4065 32%
c v 17.93  0 75 66 8801  3 649523 30188 2.1 20 10 1 2 19% 24540 4065 32%
c w 17.93  0 75 66 8801  3 649523 30188 2.1 20 10 1 2 19% 24540 4065 32%
c W 18.23  0 74 66 9406  3 666070 45390 2.1 20 10 1 2 18% 24540 4065 32%
c - 18.31  0 73 67 9553  3 669671 31702 2.1 20 10 1 2 18% 24540 4065 32%
c p 18.31  0 73 67 9553  3 669671 31796 2.1 20 10 1 2 18% 24540 4065 32%
c u 18.32  0 73 67 9553  3 669671 31620 2.1 20 10 1 2 18% 24540 4065 32%
c 
c  seconds  reductions   conflicts         size   tier2      variables
c         MB     restarts       redundant     glue   trail        remaining
c          level       rate          size/glue  tier1  irredundant
c 
c v 18.32  0 73 67 9553  3 669671 31410 2.1 20 10 1 2 18% 24540 4065 32%
c t 18.32  0 73 67 9553  3 669671 31409 2.1 20 10 1 2 18% 24539 4065 32%
c } 18.67  0 73 67 10335  3 690124 50169 2.0 19 9 1 2 19% 24539 4065 32%
c [ 18.67  0 132 67 10335  1 690124 50169 2.1 57 27 1 2 36% 24539 4065 32%
c - 18.68  0 132 68 10335  1 690130 32906 2.1 57 27 1 2 36% 24539 4065 32%
c p 18.68  0 132 68 10335  1 690130 33005 2.1 57 27 1 2 36% 24539 4065 32%
c u 18.72  0 132 68 10335  1 690130 32795 2.1 57 27 1 2 36% 24539 4065 32%
c v 18.72  0 132 68 10335  1 690130 32655 2.1 57 27 1 2 36% 24539 4065 32%
c w 18.72  0 132 68 10335  1 690130 32655 2.1 57 27 1 2 36% 24539 4065 32%
c s 18.83  0 132 68 10337  1 693646 35366 2.1 57 27 1 2 36% 24539 4065 32%
c e 18.84  0 132 68 10337  1 693646 27778 2.1 57 27 1 2 36% 25593 3660 29%
c s 18.86  0 132 68 10337  1 693646 27578 2.1 57 27 1 2 36% 25459 3660 29%
c e 18.86  0 132 68 10337  1 693646 26333 2.1 57 27 1 2 36% 25563 3621 29%
c B 19.08  0 131 68 10341  1 703074 35398 2.1 57 28 1 2 28% 25563 3621 29%
c - 19.35  0 132 69 10342  1 710899 27012 2.1 60 28 1 2 38% 25563 3621 29%
c 2 19.35  0 132 69 10342  1 710899 27010 2.1 60 28 1 2 38% 25563 3621 29%
c p 19.35  0 132 69 10342  1 710899 27092 2.1 60 28 1 2 38% 25563 3621 29%
c u 19.36  0 132 69 10342  1 710899 26890 2.1 60 28 1 2 38% 25563 3621 29%
c v 19.36  0 132 69 10342  1 710899 26740 2.1 60 28 1 2 38% 25563 3621 29%
c w 19.36  0 132 69 10342  1 710899 26740 2.1 60 28 1 2 38% 25563 3621 29%
c 
c  seconds   reductions    conflicts         size   tier2      variables
c         MB       restarts       redundant     glue   trail        remaining
c           level        rate          size/glue  tier1  irredundant
c 
c x 19.36  0 132 69 10342  1 710899 26740 2.1 60 28 1 2 38% 25561 3621 29%
c t 19.37  0 132 69 10342  1 710899 26740 2.1 60 28 1 2 38% 25558 3621 29%
c f 19.38  0 132 69 10342  1 710899 26736 2.1 60 28 1 2 38% 25486 3636 29%
c - 19.92  0 130 70 10347  1 731979 26727 2.2 62 28 1 2 45% 25486 3636 29%
c p 19.92  0 130 70 10347  1 731979 26800 2.2 62 28 1 2 45% 25486 3636 29%
c u 19.93  0 130 70 10347  1 731979 26547 2.2 62 28 1 2 45% 25486 3636 29%
c v 19.93  0 130 70 10347  1 731979 26397 2.2 62 28 1 2 45% 25486 3636 29%
c w 19.93  0 130 70 10347  1 731979 26396 2.2 62 28 1 2 45% 25486 3636 29%
c W 20.19  0 130 70 10351  1 741075 34888 2.2 62 28 1 2 45% 25486 3636 29%
c - 20.58  0 130 71 10357  1 753368 26251 2.2 64 29 1 2 45% 25486 3636 29%
c p 20.59  0 130 71 10357  1 753368 26316 2.2 64 29 1 2 45% 25486 3636 29%
c u 20.59  0 130 71 10357  1 753368 25876 2.2 64 29 1 2 45% 25486 3636 29%
c v 20.59  0 130 71 10357  1 753368 25870 2.2 64 29 1 2 45% 25486 3636 29%
c w 20.59  0 130 71 10357  1 753368 25870 2.2 64 29 1 2 45% 25486 3636 29%
c ] 20.78  0 129 71 10359  1 761545 33505 2.2 63 29 1 2 45% 25486 3636 29%
c { 20.78  0 73 71 10359  3 761545 33505 2.0 19 9 1 2 21% 25486 3636 29%
c - 20.94  0 72 72 10631  3 775068 27851 2.1 19 9 1 2 20% 25486 3636 29%
c p 20.94  0 72 72 10631  3 775068 27905 2.1 19 9 1 2 20% 25486 3636 29%
c u 20.95  0 72 72 10631  3 775068 27743 2.1 19 9 1 2 20% 25486 3636 29%
c v 20.95  0 72 72 10631  3 775068 27648 2.1 19 9 1 2 20% 25486 3636 29%
c 
c  seconds  reductions    conflicts         size  tier2      variables
c         MB      restarts       redundant     glue  trail        remaining
c          level        rate          size/glue tier1  irredundant
c 
c F 21.02  0 71 72 10818  3 780077 32242 2.1 19 9 1 2 20% 25486 3636 29%
c s 21.19  0 71 72 11301  4 789513 40467 2.0 19 9 1 2 20% 25480 3636 29%
c e 21.20  0 71 72 11301  4 789513 40219 2.0 19 9 1 2 20% 25488 3634 29%
c s 21.21  0 71 72 11301  4 789513 40149 2.0 19 9 1 2 20% 25486 3634 29%
c - 21.35  0 71 73 11655  4 797077 29963 2.0 19 9 1 2 20% 25486 3634 29%
c p 21.35  0 71 73 11655  4 797077 30013 2.0 19 9 1 2 20% 25486 3634 29%
c u 21.36  0 71 73 11655  4 797077 29762 2.0 19 9 1 2 20% 25486 3634 29%
c v 21.36  0 71 73 11655  4 797077 29558 2.0 19 9 1 2 20% 25486 3634 29%
c w 21.36  0 71 73 11655  4 797077 29558 2.0 19 9 1 2 20% 25486 3634 29%
c - 21.77  0 70 74 12919  4 819397 31896 2.0 18 9 1 2 20% 25486 3634 29%
c p 21.77  0 70 74 12919  4 819397 31947 2.0 18 9 1 2 20% 25486 3634 29%
c u 21.81  0 70 74 12919  4 819397 31640 2.0 18 9 1 2 20% 25486 3634 29%
c v 21.82  0 70 74 12919  4 819397 31476 2.0 18 9 1 2 20% 25486 3634 29%
c w 21.82  0 70 74 12919  4 819397 31476 2.0 18 9 1 2 20% 25486 3634 29%
c B 21.83  0 70 74 12956  4 820078 32109 2.0 18 9 1 2 20% 25486 3634 29%
c - 22.27  0 68 75 14347  4 842030 33356 2.0 18 9 1 2 19% 25486 3634 29%
c p 22.27  0 68 75 14347  4 842030 33407 2.0 18 9 1 2 19% 25486 3634 29%
c u 22.29  0 68 75 14347  4 842030 33053 2.0 18 9 1 2 19% 25486 3634 29%
c v 22.29  0 68 75 14347  4 842030 32812 2.0 18 9 1 2 19% 25486 3634 29%
c w 22.29  0 68 75 14347  4 842030 32812 2.0 18 9 1 2 19% 25486 3634 29%
c 
c  seconds  reductions    conflicts         size  tier2      variables
c         MB      restarts       redundant     glue  trail        remaining
c          level        rate          size/glue tier1  irredundant
c 
c } 22.35  0 68 75 14502  4 844808 35385 2.0 18 9 1 2 19% 25486 3634 29%
c [ 22.35  0 129 75 14502  1 844808 35385 2.2 63 29 1 2 45% 25486 3634 29%
c O 22.67  0 126 75 14511  1 861081 50814 2.2 60 27 1 2 41% 25486 3634 29%
c - 22.75  0 125 76 14514  1 864971 33983 2.2 60 27 1 2 40% 25486 3634 29%
c p 22.75  0 125 76 14514  1 864971 34033 2.2 60 27 1 2 40% 25486 3634 29%
c u 22.76  0 125 76 14514  1 864971 33858 2.2 60 27 1 2 40% 25486 3634 29%
c v 22.76  0 125 76 14514  1 864971 33699 2.2 60 27 1 2 40% 25486 3634 29%
c w 22.76  0 125 76 14514  1 864971 33699 2.2 60 27 1 2 40% 25486 3634 29%
c - 23.42  0 125 77 14516  1 888225 33578 2.2 62 28 1 2 41% 25486 3634 29%
c p 23.43  0 125 77 14516  1 888225 33621 2.2 62 28 1 2 41% 25486 3634 29%
c u 23.43  0 125 77 14516  1 888225 33452 2.2 62 28 1 2 41% 25486 3634 29%
c v 23.44  0 125 77 14516  1 888225 33260 2.2 62 28 1 2 41% 25486 3634 29%
c w 23.44  0 125 77 14516  1 888225 33255 2.2 62 28 1 2 41% 25486 3634 29%
c x 23.44  0 125 77 14516  1 888225 33255 2.2 62 28 1 2 41% 25452 3634 29%
c s 23.53  0 125 77 14516  1 890679 34986 2.2 62 28 1 2 41% 25447 3634 29%
c e 23.53  0 125 77 14516  1 890679 34464 2.2 62 28 1 2 41% 25483 3625 29%
c s 23.55  0 125 77 14516  1 890679 34323 2.2 62 28 1 2 41% 25466 3625 29%
c B 23.96  0 125 77 14517  1 903082 46218 2.3 65 28 1 2 43% 25466 3625 29%
c - 24.21  0 125 78 14517  1 911787 32078 2.2 64 29 1 2 41% 25466 3625 29%
c p 24.21  0 125 78 14517  1 911787 32121 2.2 64 29 1 2 41% 25466 3625 29%
c 
c  seconds   reductions    conflicts         size   tier2      variables
c         MB       restarts       redundant     glue   trail        remaining
c           level        rate          size/glue  tier1  irredundant
c 
c u 24.22  0 125 78 14517  1 911787 31827 2.2 64 29 1 2 41% 25466 3625 29%
c v 24.22  0 125 78 14517  1 911787 31815 2.2 64 29 1 2 41% 25466 3625 29%
c w 24.22  0 125 78 14517  1 911787 31813 2.2 64 29 1 2 41% 25466 3625 29%
c ] 24.55  0 123 78 14518  1 928904 47926 2.2 61 28 1 2 40% 25466 3625 29%
c { 24.55  0 68 78 14518  4 928904 47926 2.0 18 9 1 2 19% 25466 3625 29%
c - 24.69  0 68 79 14896  4 935660 33138 2.0 18 9 1 2 19% 25466 3625 29%
c p 24.69  0 68 79 14896  4 935660 33182 2.0 18 9 1 2 19% 25466 3625 29%
c u 24.70  0 68 79 14896  4 935660 33034 2.0 18 9 1 2 19% 25466 3625 29%
c v 24.70  0 68 79 14896  4 935660 32882 2.0 18 9 1 2 19% 25466 3625 29%
c W 25.00  0 67 79 15560  5 946085 42554 2.0 18 9 1 2 19% 25466 3625 29%
c - 25.32  0 66 80 16655  5 959843 35254 2.0 18 9 1 2 19% 25466 3625 29%
c p 25.32  0 66 80 16655  5 959843 35297 2.0 18 9 1 2 19% 25466 3625 29%
c u 25.33  0 66 80 16655  5 959843 35012 2.0 18 9 1 2 19% 25466 3625 29%
c v 25.34  0 66 80 16655  5 959843 34808 2.0 18 9 1 2 19% 25466 3625 29%
c w 25.34  0 66 80 16655  5 959843 34808 2.0 18 9 1 2 19% 25466 3625 29%
c - 25.93  0 66 81 18931  6 984335 36869 1.9 18 9 1 2 19% 25466 3625 29%
c p 25.93  0 66 81 18931  6 984335 36909 1.9 18 9 1 2 19% 25466 3625 29%
c u 25.99  0 66 81 18931  6 984335 36646 1.9 18 9 1 2 19% 25466 3625 29%
c v 26.00  0 66 81 18931  6 984335 36351 1.9 18 9 1 2 19% 25466 3625 29%
c w 26.00  0 66 81 18931  6 984335 36351 1.9 18 9 1 2 19% 25466 3625 29%
c 
c  seconds  reductions    conflicts         size  tier2      variables
c         MB      restarts       redundant     glue  trail        remaining
c          level        rate          size/glue tier1  irredundant
c 
c # 26.09  0 66 81 19215  6 990088 41658 1.9 18 9 1 2 19% 25466 3625 29%
c s 26.28  0 65 81 19845  6 997555 47962 1.9 18 9 1 2 19% 25453 3625 29%
c s 26.31  0 65 81 19845  6 997555 47844 1.9 18 9 1 2 19% 25453 3625 29%
c ^ 26.31  0 65 81 19845  6 997555 47844 1.9 18 9 1 2 19% 25453 3625 29%
c } 26.36  0 66 81 20038  6 998930 49142 1.9 18 9 1 2 19% 25453 3625 29%
c [ 26.36  0 123 81 20038  1 998930 49142 2.2 61 28 1 2 40% 25453 3625 29%
c ] 26.37  0 122 81 20038  1 1000000 50151 2.2 61 27 1 2 40% 25453 3625 29%
c ? 26.37  0 122 81 20038  1 1000000 50151 2.2 61 27 1 2 40% 25453 3625 29%
c 
c --- [ result ] -------------------------------------------------------------
c 
c UNKNOWN
c 
c --- [ run-time profiling ] -------------------------------------------------
c 
c process time taken by individual solving procedures
c (percentage relative to process time for solving)
c 
c        23.88   90.58% search
c        12.18   46.22% stable
c        11.21   42.54% unstable
c         2.48    9.41% simplify
c         0.62    2.36% sweep
c         0.54    2.05% vivify
c         0.48    1.81% walk
c         0.34    1.31% subsume
c         0.34    1.30% factor
c         0.21    0.80% congruence
c         0.14    0.52% elim
c         0.05    0.21% probe
c         0.05    0.20% preprocess
c         0.04    0.17% ternary
c         0.02    0.08% backbone
c         0.01    0.05% fastelim
c         0.01    0.03% parse
c         0.00    0.01% lucky
c   =================================
c        26.36   99.97% solve
c 
c last line shows process time for solving
c (percentage relative to total process time)
c 
c --- [ statistics ] ---------------------------------------------------------
c 
c chronological:            252076        25.21 %  of conflicts
c conflicts:               1000000     37934.77    per second
c backbone:                1368588     10249.29 %  of vars
c decisions:               2993776    113568.20    per second
c eliminated:                 6591        49.36 %  of all variables
c factored:                    755        20.76 %  of variables
c fixed:                       641         4.80 %  of all variables
c learned:                  964150        96.42 %  per conflict
c learned_lits:           49088727       100.00 %  learned literals
c minimized:                     0         0.00 %  learned literals
c shrunken:                2316136         4.72 %  learned literals
c minishrunken:            6188939        12.61 %  learned literals
c otfs:                      19098         1.91 %  of conflict
c propagations:          154528945         5.86 M  per second
c reduced:                  822954        82.30 %  per conflict
c rephased:                     44     22727.27    interval
c restarts:                  20038        49.91    interval
c stabilizing:                  16        40.21 %  of conflicts
c substituted:                2496        18.69 %  of all variables
c sweep equivs:                957        13.69 %  of swept variables
c subsumed:                  55651         5.12 %  of all clauses
c strengthened:              54895         5.05 %  of all clauses
c ticks:                1665579578        11.02    propagation
c vivified:                  12586         1.16 %  of all clauses
c walked:                       13     76923.08    interval
c weakened:                  44656         2.94    average size
c congruence:                   28     35714.29    interval
c 
c seconds are measured in process time for solving
c 
c --- [ glue usage ] ---------------------------------------------------------
c 
c focused glue 1 used 2621333 clauses 62.18% accumulated 62.18% tier1
c focused glue 2 used 643223 clauses 15.25% accumulated 77.44% tier2
c 
c stable glue 1 used 2161533 clauses 53.32% accumulated 53.32% tier1
c stable glue 2 used 564951 clauses 13.93% accumulated 67.25% tier2
c 
c 
c --- [ resources ] ----------------------------------------------------------
c 
c total process time since initialization:        26.37    seconds
c total real time since initialization:           26.46    seconds
c maximum resident set size of process:        83328.00    MB
c 
c --- [ shutting down ] ------------------------------------------------------
c 
c exit 0
