c --- [ banner ] -------------------------------------------------------------
c 
c CaDiCaL SAT Solver
c Copyright (c) 2016-2025
c A. Biere, M. Fleury, N. Froleyks, K. Fazekas, F. Pollitt, T. Faller
c JKU Linz, University of Freiburg, TU Wien
c 
c Version 3.0.0
c Apple clang version 17.0.0 (clang-1700.6.3.2) -Wall -Wextra -O3 -DNDEBUG -DNCLOSEFROM
c Tue Dec 23 21:53:38 UTC 2025 Darwin Tahoe-arm64.local 25.2.0 arm64
c 
c --- [ limit ] --------------------------------------------------------------
c 
c setting conflict limit to 1000000 conflicts (due to '1000000')
c 
c --- [ parsing input ] ------------------------------------------------------
c 
c reading DIMACS file from '/tmp/sr59_cnfs/aux_force_sr59_n32_bit10_m3304caa0_fill80000000.cnf'
c opening file to read '/tmp/sr59_cnfs/aux_force_sr59_n32_bit10_m3304caa0_fill80000000.cnf'
c found 'p cnf 12252 51168' header
c parsed 51168 clauses in 0.01 seconds process time
c 
c --- [ options ] ------------------------------------------------------------
c 
c   --seed=5                       (different from default '0')
c 
c --- [ solving ] ------------------------------------------------------------
c 
c time measured in process time since initialization
c 
c  seconds  reduction conflicts       size tier2       variables
c         MB    restarts   redundant    glue  trail         remaining
c          level     rate       size/glu tier1  irredundant
c 
c *  0.01  0  0 0   0  0    0    0 0.0 0 0 2 6  0% 50655 11771 96%
c (  0.01  0  0 0   0  0    0    0 0.0 0 0 2 6  0% 50655 11771 96%
c .  0.01  0  0 0   0  0    0    0 0.0 0 0 2 6  0% 49631 11771 96%
c c  0.03  0  0 0   0  0    0    0 0.0 0 0 2 6  0% 46927 11307 92%
c d  0.03  0  0 0   0  0    0    0 0.0 0 0 2 6  0% 42861 9968 81%
c 2  0.03  0  0 0   0  0    0    0 0.0 0 0 2 6  0% 42721 9968 81%
c f  0.04  0  0 0   0  0    0    0 0.0 0 0 2 6  0% 42453 10236 84%
c e  0.05  0  0 0   0  0    0    0 0.0 0 0 2 6  0% 28738 5282 43%
c P  0.06  0  0 0   0  0    0    0 0.0 0 0 2 6  0% 28738 5282 43%
c )  0.06  0  0 0   0  0    0    0 0.0 0 0 2 6  0% 28738 5282 43%
c {  0.06  0  0 0   0  0    0    0 0.0 0 0 2 6  0% 28738 5282 43%
c -  0.06  0 866 1   6 13  301  238 1.6 4 2 2 6 17% 28738 5282 43%
c -  0.06  0 667 2  32 51  734  594 1.6 4 3 2 6 17% 28738 5282 43%
c }  0.06  0 517 2  56 41 1001  821 1.6 4 3 2 6 16% 28738 5282 43%
c [  0.06  0  0 2  56  0 1001  821 0.0 0 0 2 6  0% 28738 5282 43%
c O  0.07  0 1886 2  56 1887 1002  822 1.6 21 13 2 6 42% 28738 5282 43%
c -  0.07  0 1853 3  56  6 1413  939 1.9 37 20 2 6 39% 28738 5282 43%
c ]  0.07  0 1851 3  56  5 1582 1081 1.9 36 19 2 6 39% 28738 5282 43%
c {  0.07  0 517 3  56 41 1582 1081 1.6 4 3 2 6 16% 28738 5282 43%
c p  0.08  0 344 3 173 32 2213 1584 1.6 4 3 2 6 12% 28730 5269 43%
c 
c  seconds   reduction conflicts       size tier2      variables
c         MB     restarts   redundant    glue  trail        remaining
c           level     rate       size/glu tier1  irredundant
c 
c c  0.09  0 344 3 173 32 2213 1584 1.6 4 3 2 6 12% 28662 5269 43%
c -  0.09  0 323 4 198 31 2352 1405 1.6 4 3 2 6 11% 28646 5261 43%
c O  0.10  0 265 4 322 29 3007 1955 1.6 5 3 2 6 16% 28646 5261 43%
c }  0.10  0 255 4 362 30 3159 2087 1.6 5 3 2 6 16% 28646 5261 43%
c [  0.10  0 1851 4 362  5 3159 2087 1.9 36 19 2 6 93% 28646 5261 43%
c -  0.11  0 1139 5 362  4 3564 2071 2.0 42 21 2 6 65% 28646 5261 43%
c s  0.12  0 749 5 363  3 4211 2657 2.0 35 17 2 6 60% 28642 5261 43%
c t  0.13  0 749 5 363  3 4211 2657 2.0 35 17 2 6 60% 28641 5261 43%
c e  0.14  0 749 5 363  3 4211 2424 2.0 35 17 2 6 60% 28555 4978 41%
c s  0.14  0 749 5 363  3 4211 2382 2.0 35 17 2 6 60% 28468 4978 41%
c d  0.15  0 621 5 363  3 4715 2793 2.0 31 16 2 6 52% 28464 4967 41%
c c  0.15  0 621 5 363  3 4715 2793 2.0 31 16 2 6 52% 28456 4967 41%
c =  0.16  0 621 5 363  3 4715 2782 2.0 31 16 2 6 52% 28372 4906 40%
c ]  0.16  0 569 5 364  3 4967 3005 1.9 30 15 2 6 49% 28372 4906 40%
c {  0.16  0 255 5 364 30 4967 3005 1.6 5 3 2 6 16% 28372 4906 40%
c -  0.17  0 248 6 389 29 5056 2081 1.6 5 3 2 3 16% 28372 4906 40%
c #  0.17  0 202 6 571 26 6009 2892 1.6 5 3 2 3 14% 28372 4906 40%
c -  0.18  0 178 7 700 24 6836 2876 1.6 6 4 2 3 13% 28372 4906 40%
c d  0.19  0 170 7 788 24 7318 3064 1.6 6 4 2 3 13% 28368 4870 40%
c c  0.20  0 170 7 788 24 7318 3064 1.6 6 4 2 3 13% 28282 4870 40%
c 
c  seconds   reduction conflicts       size tier2      variables
c         MB     restarts   redundant    glue  trail        remaining
c           level     rate       size/glu tier1  irredundant
c 
c d  0.20  0 170 7 788 24 7318 3013 1.6 6 4 2 3 13% 28256 4857 40%
c =  0.20  0 170 7 788 24 7318 3013 1.6 6 4 2 3 13% 28212 4821 39%
c 2  0.20  0 170 7 788 24 7318 3013 1.6 6 4 2 3 13% 28210 4821 39%
c f  0.21  0 170 7 788 24 7318 3013 1.6 6 4 2 3 13% 28025 4999 41%
c }  0.22  0 149 7 976 22 8593 4029 1.6 6 4 2 3 12% 28025 4999 41%
c [  0.22  0 569 7 976  3 8593 4029 1.9 30 15 2 6 47% 28025 4999 41%
c -  0.23  0 517 8 976  3 8904 3467 1.9 28 15 2 6 44% 28025 4999 41%
c I  0.24  0 400 8 976  3 10011 4301 2.0 25 13 3 10 39% 28025 4999 41%
c d  0.24  0 399 8 976  3 10015 4055 2.0 25 12 3 10 39% 28025 4963 41%
c c  0.25  0 399 8 976  3 10015 4055 2.0 25 12 3 10 39% 27927 4963 41%
c d  0.25  0 399 8 976  3 10015 3976 2.0 25 12 3 10 39% 27901 4950 40%
c 2  0.25  0 399 8 976  3 10015 3974 2.0 25 12 3 10 39% 27896 4949 40%
c t  0.25  0 399 8 976  3 10015 3973 2.0 25 12 3 10 39% 27896 4949 40%
c -  0.28  0 343 9 977  3 11263 3643 2.2 31 14 3 10 39% 27896 4949 40%
c =  0.31  0 306 9 978  2 12799 5016 2.1 34 16 3 10 38% 27893 4861 40%
c ]  0.31  0 304 9 978  2 12899 5108 2.1 34 16 3 10 35% 27893 4861 40%
c {  0.31  0 149 9 978 22 12899 5108 1.6 6 4 2 3 14% 27893 4861 40%
c -  0.33  0 140 10 1216 22 13916 4356 1.6 7 4 2 3 14% 27893 4861 40%
c e  0.34  0 136 10 1278 22 14275 4282 1.6 7 4 2 3 14% 27854 4681 38%
c s  0.34  0 136 10 1278 22 14275 4274 1.6 7 4 2 3 14% 27630 4681 38%
c 
c  seconds   reductions   conflicts       size tier2      variables
c         MB      restarts     redundant    glue  trail        remaining
c           level       rate        size/glu tier1  irredundant
c 
c B  0.36  0 131 10 1453 21 15012 4939 1.6 7 4 2 3 14% 27628 4681 38%
c 2  0.36  0 127 10 1587 21 15664 5470 1.6 7 4 2 3 14% 27628 4681 38%
c d  0.36  0 127 10 1587 21 15664 5414 1.6 7 4 2 3 14% 27628 4677 38%
c =  0.37  0 127 10 1587 21 15664 5381 1.6 7 4 2 3 14% 27620 4616 38%
c f  0.38  0 127 10 1587 21 15664 5381 1.6 7 4 2 3 14% 27558 4671 38%
c -  0.40  0 121 11 1872 21 16865 5060 1.6 7 5 2 3 14% 27558 4671 38%
c }  0.40  0 119 11 1984 21 17368 5508 1.6 7 5 2 3 14% 27558 4671 38%
c [  0.40  0 304 11 1984  2 17368 5508 2.1 34 16 3 10 34% 27558 4671 38%
c c  0.42  0 278 11 1985  2 18605 6616 2.1 33 16 3 10 27% 27550 4670 38%
c =  0.43  0 278 11 1985  2 18605 6607 2.1 33 16 3 10 27% 27520 4648 38%
c u  0.43  0 278 11 1985  2 18605 5954 2.1 33 16 3 10 27% 27334 4648 38%
c v  0.43  0 278 11 1985  2 18605 5819 2.1 33 16 3 10 27% 27334 4648 38%
c w  0.43  0 278 11 1985  2 18605 5812 2.1 33 16 3 10 27% 27334 4648 38%
c x  0.44  0 278 11 1985  2 18605 5811 2.1 33 16 3 10 27% 27121 4648 38%
c t  0.44  0 278 11 1985  2 18605 5810 2.1 33 16 3 10 27% 27121 4648 38%
c -  0.47  0 265 12 1986  2 20111 4908 2.2 38 17 3 10 36% 27121 4648 38%
c B  0.49  0 262 12 1986  2 21013 5719 2.2 40 18 3 10 37% 27121 4648 38%
c =  0.51  0 257 12 1986  2 21615 6279 2.2 40 18 2 5 37% 27041 4588 37%
c f  0.51  0 257 12 1986  2 21615 6277 2.2 40 18 2 5 37% 27035 4596 38%
c -  0.53  0 244 13 1986  2 23657 5288 2.1 38 18 2 5 32% 27035 4596 38%
c 
c  seconds   reductions   conflicts       size   tier2      variables
c         MB      restarts     redundant     glue   trail        remaining
c           level       rate        size/glue  tier1  irredundant
c 
c =  0.56  0 240 13 1987  2 24691 6241 2.1 38 18 2 5 31% 27031 4544 37%
c ]  0.56  0 240 13 1987  2 24776 6321 2.1 38 18 2 5 31% 27031 4544 37%
c {  0.56  0 119 13 1987 21 24776 6321 1.6 7 5 2 3 14% 27031 4544 37%
c -  0.60  0 110 14 2505 21 27503 6406 1.6 8 5 2 3 14% 27031 4544 37%
c d  0.60  0 110 14 2573 21 27830 6701 1.6 8 5 2 3 14% 27031 4543 37%
c c  0.61  0 110 14 2573 21 27830 6701 1.6 8 5 2 3 14% 27023 4543 37%
c d  0.61  0 110 14 2573 21 27830 6698 1.6 8 5 2 3 14% 27021 4542 37%
c 2  0.61  0 110 14 2573 21 27830 6698 1.6 8 5 2 3 14% 27019 4542 37%
c =  0.62  0 110 14 2573 21 27830 6698 1.6 8 5 2 3 14% 27015 4468 36%
c 2  0.62  0 110 14 2573 21 27830 6698 1.6 8 5 2 3 14% 27013 4468 36%
c f  0.62  0 110 14 2573 21 27830 6688 1.6 8 5 2 3 14% 27006 4485 37%
c W  0.63  0 109 14 2603 20 28014 6851 1.6 8 5 2 3 14% 27006 4485 37%
c t  0.66  0 105 14 2892 20 29645 8289 1.6 8 5 2 3 14% 27006 4485 37%
c e  0.66  0 105 14 2892 20 29645 7325 1.6 8 5 2 3 14% 26650 4385 36%
c s  0.66  0 105 14 2892 20 29645 7285 1.6 8 5 2 3 14% 26595 4385 36%
c e  0.67  0 105 14 2892 20 29645 7226 1.6 8 5 2 3 14% 26580 4382 36%
c -  0.69  0 101 15 3104 19 31649 7185 1.6 8 5 2 3 14% 26580 4382 36%
c 2  0.69  0 101 15 3104 19 31649 7167 1.6 8 5 2 3 14% 26580 4382 36%
c =  0.70  0 101 15 3104 19 31649 7167 1.6 8 5 2 3 14% 26453 4349 35%
c }  0.72  0 100 15 3281 19 32901 8252 1.6 8 5 2 3 14% 26453 4349 35%
c 
c  seconds   reductions   conflicts       size   tier2      variables
c         MB      restarts     redundant     glue   trail        remaining
c           level       rate        size/glue  tier1  irredundant
c 
c [  0.72  0 240 15 3281  2 32901 8252 2.1 38 18 2 5 35% 26453 4349 35%
c W  0.76  0 219 15 3283  2 36015 11029 2.2 37 17 2 5 35% 26453 4349 35%
c -  0.76  0 219 16 3283  2 36098 8349 2.2 37 17 2 5 35% 26453 4349 35%
c u  0.77  0 219 16 3283  2 36098 7268 2.2 37 17 2 5 35% 25873 4349 35%
c v  0.77  0 219 16 3283  2 36098 7048 2.2 37 17 2 5 35% 25873 4349 35%
c w  0.77  0 219 16 3283  2 36098 7048 2.2 37 17 2 5 35% 25873 4349 35%
c f  0.78  0 219 16 3283  2 36098 7044 2.2 37 17 2 5 35% 25855 4360 36%
c -  0.83  0 207 17 3286  2 40847 7568 2.1 37 18 2 5 33% 25855 4360 36%
c c  0.84  0 207 17 3286  2 40847 7566 2.1 37 18 2 5 33% 25845 4359 36%
c d  0.84  0 207 17 3286  2 40847 7564 2.1 37 18 2 5 33% 25843 4358 36%
c k  0.84  0 207 17 3286  2 40847 7564 2.1 37 18 2 5 33% 25843 4357 36%
c 2  0.84  0 207 17 3286  2 40847 7564 2.1 37 18 2 5 33% 25841 4357 36%
c O  0.91  0 198 17 3287  2 45017 11301 2.2 38 17 2 5 35% 25841 4357 36%
c ]  0.91  0 198 17 3287  2 45066 11346 2.2 38 17 2 5 35% 25841 4357 36%
c {  0.91  0 100 17 3287 19 45066 11346 1.6 8 5 2 3 14% 25841 4357 36%
c -  0.92  0 99 18 3418 19 45900 8298 1.6 8 5 2 3 14% 25839 4357 36%
c f  0.94  0 99 18 3418 19 45900 8298 1.6 8 5 2 3 14% 25828 4365 36%
c e  1.00  0 95 18 4175 18 50451 12280 1.6 9 5 2 3 15% 22435 4000 33%
c s  1.00  0 95 18 4175 18 50451 12276 1.6 9 5 2 3 15% 22404 4000 33%
c -  1.02  0 94 19 4369 18 51256 9936 1.6 9 5 2 3 15% 22403 4000 33%
c 
c  seconds  reductions   conflicts       size tier2      variables
c         MB     restarts     redundant    glue  trail        remaining
c          level       rate        size/glu tier1  irredundant
c 
c 2  1.02  0 94 19 4369 18 51256 9935 1.6 9 5 2 3 15% 22403 4000 33%
c p  1.03  0 94 19 4369 18 51256 10008 1.6 9 5 2 3 15% 22403 3999 33%
c u  1.03  0 94 19 4369 18 51256 9657 1.6 9 5 2 3 15% 22305 3999 33%
c v  1.03  0 94 19 4369 18 51256 9568 1.6 9 5 2 3 15% 22305 3999 33%
c w  1.03  0 94 19 4369 18 51256 9568 1.6 9 5 2 3 15% 22305 3999 33%
c f  1.04  0 94 19 4369 18 51256 9550 1.6 9 5 2 3 15% 22278 4026 33%
c }  1.08  0 93 19 4938 18 54142 12167 1.6 9 5 2 3 15% 22278 4026 33%
c [  1.08  0 198 19 4938  2 54142 12167 2.2 38 17 2 5 35% 22278 4026 33%
c B  1.10  0 196 19 4939  2 55020 12977 2.2 39 17 2 5 35% 22278 4026 33%
c -  1.13  0 191 20 4939  2 56916 10942 2.2 39 17 2 5 34% 22278 4026 33%
c p  1.13  0 191 20 4939  2 56916 11041 2.2 39 17 2 5 34% 22278 4026 33%
c t  1.13  0 191 20 4939  2 56916 11041 2.2 39 17 2 5 34% 22277 4026 33%
c f  1.14  0 191 20 4939  2 56916 11039 2.2 39 17 2 5 34% 22278 4027 33%
c -  1.23  0 187 21 4939  2 62880 11550 2.2 41 18 2 5 36% 22278 4027 33%
c =  1.24  0 187 21 4939  2 62880 11550 2.2 41 18 2 5 36% 22277 4026 33%
c 2  1.24  0 187 21 4939  2 62880 11549 2.2 41 18 2 5 36% 22277 4026 33%
c W  1.33  0 188 21 4942  2 66021 14461 2.2 43 19 2 5 38% 22277 4026 33%
c ]  1.34  0 188 21 4942  2 66193 14622 2.2 44 20 2 5 38% 22277 4026 33%
c {  1.34  0 93 21 4942 18 66193 14622 1.6 9 5 2 3 15% 22277 4026 33%
c -  1.39  0 91 22 5465 18 69150 12477 1.6 9 6 2 3 15% 22277 4026 33%
c 
c  seconds  reductions   conflicts        size tier2      variables
c         MB     restarts      redundant    glue  trail        remaining
c          level       rate         size/glu tier1  irredundant
c 
c p  1.39  0 91 22 5465 18 69150 12476 1.6 9 6 2 3 15% 22270 4025 33%
c u  1.40  0 91 22 5465 18 69150 11713 1.6 9 6 2 3 15% 22263 4025 33%
c v  1.40  0 91 22 5465 18 69150 11560 1.6 9 6 2 3 15% 22263 4025 33%
c f  1.40  0 91 22 5465 18 69150 11558 1.6 9 6 2 3 15% 22264 4026 33%
c e  1.51  0 87 22 6532 18 75309 17043 1.7 10 6 1 2 15% 22260 4021 33%
c s  1.51  0 87 22 6532 18 75309 17043 1.7 10 6 1 2 15% 22259 4021 33%
c -  1.52  0 87 23 6563 18 75724 11023 1.7 10 6 1 2 15% 22259 4021 33%
c 2  1.52  0 87 23 6563 18 75724 11022 1.7 10 6 1 2 15% 22259 4021 33%
c d  1.52  0 87 23 6563 18 75724 11018 1.7 10 6 1 2 15% 22259 4020 33%
c p  1.52  0 87 23 6563 18 75724 11309 1.7 10 6 1 2 15% 22259 4019 33%
c d  1.52  0 87 23 6563 18 75724 11304 1.7 10 6 1 2 15% 22256 4018 33%
c =  1.54  0 87 23 6563 18 75724 11303 1.7 10 6 1 2 15% 22253 4016 33%
c 2  1.54  0 87 23 6563 18 75724 11302 1.7 10 6 1 2 15% 22253 4016 33%
c f  1.54  0 87 23 6563 18 75724 11176 1.7 10 6 1 2 15% 22327 4063 33%
c }  1.57  0 86 23 6812 18 77262 12571 1.7 10 6 1 2 15% 22327 4063 33%
c [  1.57  0 188 23 6812  2 77262 12571 2.2 44 20 2 5 37% 22327 4063 33%
c I  1.58  0 187 23 6812  2 78022 13291 2.2 44 20 2 5 37% 22327 4063 33%
c -  1.65  0 181 24 6815  2 82604 11491 2.2 43 19 2 5 37% 22327 4063 33%
c p  1.65  0 181 24 6815  2 82604 11594 2.2 43 19 2 5 37% 22327 4063 33%
c =  1.66  0 181 24 6815  2 82604 11594 2.2 43 19 2 5 37% 22326 4062 33%
c 
c  seconds   reductions   conflicts        size   tier2      variables
c         MB      restarts      redundant     glue   trail        remaining
c           level       rate         size/glue  tier1  irredundant
c 
c u  1.66  0 181 24 6815  2 82604 11231 2.2 43 19 2 5 37% 22326 4062 33%
c v  1.66  0 181 24 6815  2 82604 11051 2.2 43 19 2 5 37% 22326 4062 33%
c w  1.66  0 181 24 6815  2 82604 11049 2.2 43 19 2 5 37% 22326 4062 33%
c t  1.66  0 181 24 6815  2 82604 11049 2.2 43 19 2 5 37% 22325 4062 33%
c -  1.76  0 175 25 6819  2 89789 10983 2.2 42 19 2 5 36% 22325 4062 33%
c p  1.76  0 175 25 6819  2 89789 10992 2.2 42 19 2 5 36% 22325 4062 33%
c t  1.77  0 175 25 6819  2 89789 10991 2.2 42 19 2 5 36% 22325 4062 33%
c B  1.79  0 174 25 6819  2 91024 12119 2.2 42 19 2 5 36% 22325 4062 33%
c -  1.89  0 175 26 6823  2 97280 11271 2.1 43 20 2 5 36% 22325 4062 33%
c p  1.89  0 175 26 6823  2 97280 11276 2.1 43 20 2 5 36% 22325 4062 33%
c ]  1.91  0 176 26 6823  2 98888 12744 2.1 43 20 2 5 37% 22325 4062 33%
c {  1.91  0 86 26 6823 18 98888 12744 1.7 10 6 1 2 15% 22325 4062 33%
c e  2.01  0 84 26 7660 17 104936 18139 1.7 10 6 1 2 15% 22319 4055 33%
c s  2.01  0 84 26 7660 17 104936 18138 1.7 10 6 1 2 15% 22317 4055 33%
c F  2.01  0 84 26 7675 17 105025 18216 1.7 10 6 1 2 15% 22317 4055 33%
c -  2.01  0 84 27 7689 17 105077 12489 1.7 10 6 1 2 15% 22317 4055 33%
c 2  2.02  0 84 27 7689 17 105077 12488 1.7 10 6 1 2 15% 22317 4055 33%
c p  2.02  0 84 27 7689 17 105077 12489 1.7 10 6 1 2 15% 22317 4055 33%
c =  2.04  0 84 27 7689 17 105077 12480 1.7 10 6 1 2 15% 22309 4047 33%
c u  2.04  0 84 27 7689 17 105077 11993 1.7 10 6 1 2 15% 22309 4047 33%
c 
c  seconds  reductions   conflicts         size  tier2      variables
c         MB     restarts       redundant     glue  trail        remaining
c          level       rate          size/glue tier1  irredundant
c 
c v  2.04  0 84 27 7689 17 105077 11847 1.7 10 6 1 2 15% 22309 4047 33%
c x  2.05  0 84 27 7689 17 105077 11833 1.7 10 6 1 2 15% 22156 4047 33%
c t  2.05  0 84 27 7689 17 105077 11833 1.7 10 6 1 2 15% 22155 4047 33%
c f  2.05  0 84 27 7689 17 105077 11833 1.7 10 6 1 2 15% 22154 4048 33%
c -  2.17  0 82 28 8795 16 113182 13349 1.7 10 6 1 2 15% 22154 4048 33%
c p  2.18  0 82 28 8795 16 113182 13572 1.7 10 6 1 2 15% 22154 4048 33%
c =  2.19  0 82 28 8795 16 113182 13568 1.7 10 6 1 2 15% 22137 4044 33%
c f  2.19  0 82 28 8795 16 113182 13558 1.7 10 6 1 2 15% 22144 4047 33%
c }  2.22  0 82 28 9025 16 114507 14768 1.7 10 6 1 2 15% 22144 4047 33%
c [  2.22  0 176 28 9025  2 114507 14768 2.1 43 20 2 5 37% 22144 4047 33%
c W  2.36  0 177 28 9026  2 120027 20110 2.1 45 21 2 5 38% 22144 4047 33%
c -  2.38  0 176 29 9026  2 121592 13913 2.1 45 21 2 5 38% 22144 4047 33%
c p  2.38  0 176 29 9026  2 121592 13934 2.1 45 21 2 5 38% 22144 4047 33%
c u  2.40  0 176 29 9026  2 121592 13363 2.1 45 21 2 5 38% 22082 4047 33%
c v  2.40  0 176 29 9026  2 121592 13156 2.1 45 21 2 5 38% 22082 4047 33%
c w  2.40  0 176 29 9026  2 121592 13154 2.1 45 21 2 5 38% 22082 4047 33%
c -  2.57  0 173 30 9027  2 130310 13235 2.1 46 22 2 5 37% 22082 4047 33%
c d  2.57  0 173 30 9027  2 130310 13233 2.1 46 22 2 5 37% 22075 4046 33%
c p  2.57  0 173 30 9027  2 130310 13326 2.1 46 22 2 5 37% 22075 4046 33%
c 2  2.57  0 173 30 9027  2 130310 13326 2.1 46 22 2 5 37% 22073 4046 33%
c 
c  seconds   reductions   conflicts         size   tier2      variables
c         MB      restarts       redundant     glue   trail        remaining
c           level       rate          size/glue  tier1  irredundant
c 
c ]  2.67  0 172 30 9027  2 135101 17818 2.0 48 24 2 5 37% 22073 4046 33%
c {  2.67  0 82 30 9027 16 135101 17818 1.7 10 6 1 2 15% 22073 4046 33%
c B  2.68  0 82 30 9200 16 136028 18676 1.7 10 6 1 2 15% 22073 4046 33%
c -  2.74  0 82 31 9733 16 139335 13922 1.7 10 6 1 2 16% 22073 4046 33%
c p  2.74  0 82 31 9733 16 139335 14019 1.7 10 6 1 2 16% 22073 4046 33%
c u  2.76  0 82 31 9733 16 139335 13720 1.7 10 6 1 2 16% 22043 4046 33%
c v  2.76  0 82 31 9733 16 139335 13612 1.7 10 6 1 2 16% 22043 4046 33%
c x  2.77  0 82 31 9733 16 139335 13612 1.7 10 6 1 2 16% 22013 4046 33%
c t  2.77  0 82 31 9733 16 139335 13610 1.7 10 6 1 2 16% 22013 4046 33%
c e  2.78  0 82 31 9745 16 139385 13612 1.7 10 6 1 2 16% 22007 4038 33%
c ^  2.78  0 82 31 9745 16 139385 13612 1.7 10 6 1 2 16% 22007 4038 33%
c -  2.93  0 80 32 11117 16 148670 14907 1.7 11 6 1 2 16% 22007 4038 33%
c p  2.93  0 80 32 11117 16 148670 15009 1.7 11 6 1 2 16% 22007 4038 33%
c t  2.94  0 80 32 11117 16 148670 15005 1.7 11 6 1 2 16% 22007 4038 33%
c }  3.00  0 80 32 11704 16 152251 18275 1.7 11 6 1 2 16% 22007 4038 33%
c [  3.00  0 172 32 11704  2 152251 18275 2.0 48 24 2 5 37% 22007 4038 33%
c O  3.01  0 172 32 11704  2 153029 19014 2.0 48 24 2 5 37% 22007 4038 33%
c -  3.12  0 170 33 11705  2 158310 16112 2.0 49 24 2 5 37% 22007 4038 33%
c p  3.12  0 170 33 11705  2 158310 16127 2.0 49 24 2 5 37% 22007 4038 33%
c u  3.13  0 170 33 11705  2 158310 15327 2.0 49 24 2 5 37% 21888 4038 33%
c 
c  seconds   reductions    conflicts         size   tier2      variables
c         MB       restarts       redundant     glue   trail        remaining
c           level        rate          size/glue  tier1  irredundant
c 
c v  3.13  0 170 33 11705  2 158310 15024 2.0 49 24 2 5 37% 21888 4038 33%
c w  3.14  0 170 33 11705  2 158310 15024 2.0 49 24 2 5 37% 21888 4038 33%
c t  3.14  0 170 33 11705  2 158310 15021 2.0 49 24 2 5 37% 21888 4038 33%
c -  3.45  0 173 34 11711  2 168257 15542 2.1 57 27 2 5 39% 21888 4038 33%
c p  3.45  0 173 34 11711  2 168257 15707 2.1 57 27 2 5 39% 21888 4038 33%
c =  3.47  0 173 34 11711  2 168257 15707 2.1 57 27 2 5 39% 21888 4037 33%
c u  3.48  0 173 34 11711  2 168257 15464 2.1 57 27 2 5 39% 21888 4037 33%
c v  3.48  0 173 34 11711  2 168257 15377 2.1 57 27 2 5 39% 21888 4037 33%
c w  3.48  0 173 34 11711  2 168257 15372 2.1 57 27 2 5 39% 21888 4037 33%
c ]  3.56  0 173 34 11711  2 170440 17439 2.1 58 28 2 5 40% 21888 4037 33%
c {  3.56  0 80 34 11711 16 170440 17439 1.7 11 6 1 2 16% 21888 4037 33%
c W  3.59  0 80 34 11776 16 171032 17975 1.7 11 6 1 2 16% 21888 4037 33%
c -  3.71  0 78 35 12594 15 178511 16444 1.7 11 6 1 2 16% 21888 4037 33%
c p  3.71  0 78 35 12594 15 178511 16502 1.7 11 6 1 2 16% 21888 4037 33%
c e  3.72  0 78 35 12596 15 178526 14050 1.7 11 6 1 2 16% 22068 3818 31%
c ^  3.73  0 78 35 12596 15 178526 14050 1.7 11 6 1 2 16% 22068 3818 31%
c -  3.90  0 78 36 13993 15 189074 16057 1.7 11 6 1 2 19% 22068 3818 31%
c 2  3.90  0 78 36 13993 15 189074 16056 1.7 11 6 1 2 19% 22068 3818 31%
c p  3.90  0 78 36 13993 15 189074 16136 1.7 11 6 1 2 19% 22068 3818 31%
c =  3.92  0 78 36 13993 15 189074 16105 1.7 11 6 1 2 19% 21835 3780 31%
c 
c  seconds  reductions    conflicts         size  tier2      variables
c         MB      restarts       redundant     glue  trail        remaining
c          level        rate          size/glue tier1  irredundant
c 
c u  3.93  0 78 36 13993 15 189074 15645 1.7 11 6 1 2 19% 21821 3780 31%
c v  3.93  0 78 36 13993 15 189074 15400 1.7 11 6 1 2 19% 21821 3780 31%
c w  3.93  0 78 36 13993 15 189074 15400 1.7 11 6 1 2 19% 21821 3780 31%
c x  3.93  0 78 36 13993 15 189074 15394 1.7 11 6 1 2 19% 21800 3780 31%
c #  3.95  0 78 36 14088 15 190036 16257 1.7 11 6 1 2 19% 21800 3780 31%
c }  4.02  0 78 36 14629 15 194858 20644 1.7 11 7 1 2 19% 21800 3780 31%
c [  4.02  0 173 36 14629  2 194858 20644 2.1 58 28 2 5 47% 21800 3780 31%
c -  4.08  0 171 37 14633  2 199944 16873 2.1 56 27 2 5 46% 21800 3780 31%
c p  4.08  0 171 37 14633  2 199944 16947 2.1 56 27 2 5 46% 21800 3780 31%
c B  4.42  0 171 37 14637  2 210038 26619 2.1 60 29 2 4 46% 21800 3780 31%
c -  4.45  0 171 38 14637  2 211126 17586 2.1 61 29 2 4 46% 21800 3780 31%
c p  4.45  0 171 38 14637  2 211126 17655 2.1 61 29 2 4 46% 21800 3780 31%
c u  4.46  0 171 38 14637  2 211126 17164 2.1 61 29 2 4 46% 21743 3780 31%
c v  4.47  0 171 38 14637  2 211126 16854 2.1 61 29 2 4 46% 21743 3780 31%
c w  4.47  0 171 38 14637  2 211126 16848 2.1 61 29 2 4 46% 21743 3780 31%
c ]  4.70  0 171 38 14640  2 218662 23974 2.1 64 30 2 4 47% 21743 3780 31%
c {  4.70  0 78 38 14640 15 218662 23974 1.7 11 7 1 2 19% 21743 3780 31%
c -  4.76  0 77 39 15033 14 222613 17311 1.7 11 7 1 2 18% 21743 3780 31%
c p  4.76  0 77 39 15033 14 222613 17383 1.7 11 7 1 2 18% 21743 3780 31%
c u  4.78  0 77 39 15033 14 222613 16910 1.7 11 7 1 2 18% 21743 3780 31%
c 
c  seconds  reductions    conflicts         size  tier2      variables
c         MB      restarts       redundant     glue  trail        remaining
c          level        rate          size/glue tier1  irredundant
c 
c v  4.78  0 77 39 15033 14 222613 16841 1.7 11 7 1 2 18% 21743 3780 31%
c w  4.78  0 77 39 15033 14 222613 16841 1.7 11 7 1 2 18% 21743 3780 31%
c t  4.78  0 77 39 15033 14 222613 16840 1.7 11 7 1 2 18% 21743 3780 31%
c t  4.81  0 77 39 15188 14 224086 18177 1.7 11 7 1 2 18% 21743 3780 31%
c e  4.82  0 77 39 15188 14 224086 15825 1.7 11 7 1 2 18% 20524 3431 28%
c s  4.82  0 77 39 15188 14 224086 15755 1.7 11 7 1 2 18% 20498 3431 28%
c e  4.82  0 77 39 15188 14 224086 15749 1.7 11 7 1 2 18% 20498 3429 28%
c B  4.92  0 77 39 15973 14 231039 21966 1.7 11 7 1 2 18% 20498 3429 28%
c -  4.98  0 76 40 16328 14 234409 17055 1.7 11 7 1 2 18% 20498 3429 28%
c 2  4.98  0 76 40 16328 14 234409 17053 1.7 11 7 1 2 18% 20498 3429 28%
c p  4.98  0 76 40 16328 14 234409 17071 1.7 11 7 1 2 18% 20498 3429 28%
c u  4.98  0 76 40 16328 14 234409 16898 1.7 11 7 1 2 18% 20498 3429 28%
c v  4.98  0 76 40 16328 14 234409 16733 1.7 11 7 1 2 18% 20498 3429 28%
c w  4.98  0 76 40 16328 14 234409 16733 1.7 11 7 1 2 18% 20498 3429 28%
c t  4.98  0 76 40 16328 14 234409 16733 1.7 11 7 1 2 18% 20494 3429 28%
c f  4.99  0 76 40 16328 14 234409 16731 1.7 11 7 1 2 18% 20449 3442 28%
c }  5.20  0 76 40 18145 14 246116 27394 1.7 12 7 1 2 19% 20449 3442 28%
c [  5.20  0 171 40 18145  2 246116 27394 2.1 64 30 2 4 52% 20449 3442 28%
c -  5.21  0 171 41 18145  2 246512 18713 2.1 64 30 2 4 52% 20449 3442 28%
c p  5.21  0 171 41 18145  2 246512 18781 2.1 64 30 2 4 52% 20449 3442 28%
c 
c  seconds   reductions    conflicts         size   tier2      variables
c         MB       restarts       redundant     glue   trail        remaining
c           level        rate          size/glue  tier1  irredundant
c 
c u  5.22  0 171 41 18145  2 246512 18610 2.1 64 30 2 4 52% 20449 3442 28%
c v  5.22  0 171 41 18145  2 246512 18478 2.1 64 30 2 4 52% 20449 3442 28%
c w  5.22  0 171 41 18145  2 246512 18477 2.1 64 30 2 4 52% 20449 3442 28%
c t  5.22  0 171 41 18145  2 246512 18476 2.1 64 30 2 4 52% 20448 3442 28%
c f  5.22  0 171 41 18145  2 246512 18469 2.1 64 30 2 4 52% 20440 3447 28%
c W  5.45  0 172 41 18149  2 253040 24608 2.1 66 31 2 4 52% 20440 3447 28%
c -  5.61  0 172 42 18152  2 258925 19532 2.1 67 31 2 4 53% 20440 3447 28%
c p  5.61  0 172 42 18152  2 258925 19576 2.1 67 31 2 4 53% 20440 3447 28%
c u  5.64  0 172 42 18152  2 258925 19128 2.1 67 31 2 4 53% 20440 3447 28%
c v  5.64  0 172 42 18152  2 258925 18960 2.1 67 31 2 4 53% 20440 3447 28%
c w  5.64  0 172 42 18152  2 258925 18957 2.1 67 31 2 4 53% 20440 3447 28%
c t  5.64  0 172 42 18152  2 258925 18956 2.1 67 31 2 4 53% 20440 3447 28%
c f  5.64  0 172 42 18152  2 258925 18953 2.1 67 31 2 4 53% 20437 3449 28%
c -  5.97  0 172 43 18157  2 271646 18495 2.1 69 33 1 2 52% 20437 3449 28%
c p  5.97  0 172 43 18157  2 271646 18527 2.1 69 33 1 2 52% 20437 3449 28%
c u  5.98  0 172 43 18157  2 271646 18347 2.1 69 33 1 2 52% 20437 3449 28%
c v  5.98  0 172 43 18157  2 271646 18336 2.1 69 33 1 2 52% 20437 3449 28%
c w  5.98  0 172 43 18157  2 271646 18332 2.1 69 33 1 2 52% 20437 3449 28%
c ]  6.06  0 172 43 18157  2 274456 21012 2.1 69 33 1 2 52% 20437 3449 28%
c {  6.06  0 76 43 18157 14 274456 21012 1.7 12 7 1 2 19% 20437 3449 28%
c 
c  seconds  reductions    conflicts         size  tier2      variables
c         MB      restarts       redundant     glue  trail        remaining
c          level        rate          size/glue tier1  irredundant
c 
c e  6.08  0 76 43 18310 14 275680 22115 1.7 12 7 1 2 19% 20437 3447 28%
c s  6.08  0 76 43 18310 14 275680 22113 1.7 12 7 1 2 19% 20436 3447 28%
c e  6.08  0 76 43 18310 14 275680 22112 1.7 12 7 1 2 19% 20438 3446 28%
c W  6.10  0 76 43 18327 14 276041 22444 1.7 12 7 1 2 19% 20438 3446 28%
c -  6.26  0 76 44 19516 14 284675 19945 1.8 12 7 1 2 18% 20438 3446 28%
c 2  6.26  0 76 44 19516 14 284675 19943 1.8 12 7 1 2 18% 20438 3446 28%
c p  6.26  0 76 44 19516 14 284675 19979 1.8 12 7 1 2 18% 20438 3446 28%
c u  6.27  0 76 44 19516 14 284675 19727 1.8 12 7 1 2 18% 20438 3446 28%
c v  6.27  0 76 44 19516 14 284675 19499 1.8 12 7 1 2 18% 20438 3446 28%
c w  6.27  0 76 44 19516 14 284675 19499 1.8 12 7 1 2 18% 20438 3446 28%
c f  6.27  0 76 44 19516 14 284675 19499 1.8 12 7 1 2 18% 20435 3447 28%
c -  6.54  0 76 45 21702 14 298013 21214 1.7 12 7 1 2 19% 20435 3447 28%
c p  6.55  0 76 45 21702 14 298013 21247 1.7 12 7 1 2 19% 20435 3447 28%
c u  6.56  0 76 45 21702 14 298013 20794 1.7 12 7 1 2 19% 20435 3447 28%
c v  6.56  0 76 45 21702 14 298013 20525 1.7 12 7 1 2 19% 20435 3447 28%
c F  6.60  0 76 45 22025 14 300042 22375 1.7 12 7 1 2 19% 20435 3447 28%
c }  6.62  0 76 45 22156 14 301495 23688 1.7 12 7 1 2 19% 20435 3447 28%
c [  6.62  0 172 45 22156  2 301495 23688 2.1 69 33 1 2 52% 20435 3447 28%
c -  6.82  0 167 46 22157  2 311661 21581 2.1 68 32 1 2 50% 20435 3447 28%
c p  6.82  0 167 46 22157  2 311661 21612 2.1 68 32 1 2 50% 20435 3447 28%
c 
c  seconds   reductions    conflicts         size   tier2      variables
c         MB       restarts       redundant     glue   trail        remaining
c           level        rate          size/glue  tier1  irredundant
c 
c I  7.06  0 167 46 22158  1 325044 34066 2.2 65 30 1 2 50% 20435 3447 28%
c -  7.07  0 166 47 22158  1 325617 21442 2.2 65 30 1 2 50% 20435 3447 28%
c p  7.07  0 166 47 22158  1 325617 21443 2.2 65 30 1 2 50% 20435 3447 28%
c u  7.07  0 166 47 22158  1 325617 21236 2.2 65 30 1 2 50% 20435 3447 28%
c v  7.07  0 166 47 22158  1 325617 21236 2.2 65 30 1 2 50% 20435 3447 28%
c w  7.07  0 166 47 22158  1 325617 21236 2.2 65 30 1 2 50% 20435 3447 28%
c t  7.28  0 165 47 22158  1 332183 27422 2.2 66 30 1 2 49% 20435 3447 28%
c ^  7.28  0 165 47 22158  1 332183 27422 2.2 66 30 1 2 49% 20435 3447 28%
c -  7.44  0 165 48 22158  1 339883 21014 2.2 66 30 1 2 50% 20435 3447 28%
c p  7.44  0 165 48 22158  1 339883 21046 2.2 66 30 1 2 50% 20435 3447 28%
c u  7.45  0 165 48 22158  1 339883 20805 2.2 66 30 1 2 50% 20435 3447 28%
c v  7.45  0 165 48 22158  1 339883 20801 2.2 66 30 1 2 50% 20435 3447 28%
c w  7.45  0 165 48 22158  1 339883 20801 2.2 66 30 1 2 50% 20435 3447 28%
c ]  7.53  0 165 48 22158  1 344500 25030 2.2 65 29 1 2 51% 20435 3447 28%
c {  7.53  0 76 48 22158 14 344500 25030 1.7 12 7 1 2 19% 20435 3447 28%
c B  7.66  0 76 48 23248 14 351046 31072 1.7 12 7 1 2 19% 20435 3447 28%
c -  7.73  0 76 49 23714 14 354460 22458 1.8 12 7 1 2 19% 20435 3447 28%
c p  7.73  0 76 49 23714 14 354460 22486 1.8 12 7 1 2 19% 20435 3447 28%
c u  7.74  0 76 49 23714 14 354460 22183 1.8 12 7 1 2 19% 20435 3447 28%
c v  7.74  0 76 49 23714 14 354460 21897 1.8 12 7 1 2 19% 20435 3447 28%
c 
c  seconds  reductions    conflicts         size  tier2      variables
c         MB      restarts       redundant     glue  trail        remaining
c          level        rate          size/glue tier1  irredundant
c 
c w  7.74  0 76 49 23714 14 354460 21897 1.8 12 7 1 2 19% 20435 3447 28%
c -  8.07  0 77 50 26162 15 369345 23954 1.8 13 7 1 2 19% 20435 3447 28%
c p  8.07  0 77 50 26162 15 369345 23981 1.8 13 7 1 2 19% 20435 3447 28%
c u  8.08  0 77 50 26162 15 369345 23702 1.8 13 7 1 2 19% 20435 3447 28%
c v  8.09  0 77 50 26162 15 369345 23468 1.8 13 7 1 2 19% 20435 3447 28%
c }  8.15  0 77 50 26619 15 372549 26393 1.8 13 7 1 2 19% 20435 3447 28%
c [  8.15  0 165 50 26619  1 372549 26393 2.2 65 29 1 2 51% 20435 3447 28%
c B  8.29  0 163 50 26619  1 378047 31719 2.2 67 30 1 2 50% 20435 3447 28%
c -  8.43  0 164 51 26621  1 384540 24594 2.3 66 29 1 2 51% 20435 3447 28%
c p  8.43  0 164 51 26621  1 384540 24618 2.3 66 29 1 2 51% 20435 3447 28%
c u  8.46  0 164 51 26621  1 384540 24282 2.3 66 29 1 2 51% 20435 3447 28%
c v  8.46  0 164 51 26621  1 384540 24130 2.3 66 29 1 2 51% 20435 3447 28%
c w  8.46  0 164 51 26621  1 384540 24129 2.3 66 29 1 2 51% 20435 3447 28%
c e  8.74  0 164 51 26626  1 393807 22045 2.2 68 31 1 2 51% 21312 3158 26%
c s  8.75  0 164 51 26626  1 393807 21901 2.2 68 31 1 2 51% 21212 3158 26%
c e  8.75  0 164 51 26626  1 393807 21060 2.2 68 31 1 2 51% 21249 3116 25%
c -  8.87  0 164 52 26629  1 400042 18548 2.2 67 30 1 2 50% 21249 3116 25%
c 2  8.87  0 164 52 26629  1 400042 18532 2.2 67 30 1 2 50% 21249 3116 25%
c p  8.88  0 164 52 26629  1 400042 18589 2.2 67 30 1 2 50% 21249 3116 25%
c u  8.88  0 164 52 26629  1 400042 18417 2.2 67 30 1 2 50% 21249 3116 25%
c 
c  seconds   reductions    conflicts         size   tier2      variables
c         MB       restarts       redundant     glue   trail        remaining
c           level        rate          size/glue  tier1  irredundant
c 
c v  8.88  0 164 52 26629  1 400042 18407 2.2 67 30 1 2 50% 21249 3116 25%
c w  8.88  0 164 52 26629  1 400042 18404 2.2 67 30 1 2 50% 21249 3116 25%
c f  8.89  0 164 52 26629  1 400042 18402 2.2 67 30 1 2 50% 21132 3138 26%
c W  9.10  0 165 52 26633  1 406050 24059 2.2 67 31 1 2 50% 21132 3138 26%
c ]  9.33  0 166 52 26634  1 414027 31685 2.2 68 31 1 2 49% 21132 3138 26%
c {  9.33  0 77 52 26634 15 414027 31685 1.8 13 7 1 2 19% 21132 3138 26%
c -  9.36  0 77 53 26827 15 415857 20392 1.8 13 7 1 2 19% 21132 3138 26%
c p  9.36  0 77 53 26827 15 415857 20434 1.8 13 7 1 2 19% 21132 3138 26%
c u  9.37  0 77 53 26827 15 415857 20335 1.8 13 7 1 2 19% 21132 3138 26%
c v  9.37  0 77 53 26827 15 415857 20279 1.8 13 7 1 2 19% 21132 3138 26%
c w  9.37  0 77 53 26827 15 415857 20278 1.8 13 7 1 2 19% 21132 3138 26%
c -  9.69  0 77 54 29001 14 431978 22665 1.8 13 7 1 2 19% 21132 3138 26%
c p  9.69  0 77 54 29001 14 431978 22693 1.8 13 7 1 2 19% 21132 3138 26%
c u  9.70  0 77 54 29001 14 431978 22339 1.8 13 7 1 2 19% 21132 3138 26%
c v  9.70  0 77 54 29001 14 431978 22109 1.8 13 7 1 2 19% 21132 3138 26%
c W  9.78  0 77 54 29382 14 435051 24907 1.8 13 7 1 2 19% 21132 3138 26%
c - 10.05  0 76 55 31282 14 448410 24013 1.8 13 8 1 2 18% 21132 3138 26%
c p 10.05  0 76 55 31282 14 448410 24042 1.8 13 8 1 2 18% 21132 3138 26%
c u 10.06  0 76 55 31282 14 448410 23720 1.8 13 8 1 2 18% 21132 3138 26%
c v 10.07  0 76 55 31282 14 448410 23448 1.8 13 8 1 2 18% 21132 3138 26%
c 
c  seconds  reductions    conflicts         size  tier2      variables
c         MB      restarts       redundant     glue  trail        remaining
c          level        rate          size/glue tier1  irredundant
c 
c } 10.09  0 76 55 31404 14 449170 24153 1.8 13 8 1 2 18% 21132 3138 26%
c [ 10.09  0 166 55 31404  1 449170 24153 2.2 68 31 1 2 49% 21132 3138 26%
c O 10.47  0 164 55 31412  1 465053 39107 2.2 68 31 1 2 49% 21132 3138 26%
c - 10.48  0 164 56 31412  1 465151 24837 2.2 68 31 1 2 49% 21132 3138 26%
c p 10.48  0 164 56 31412  1 465151 24860 2.2 68 31 1 2 49% 21132 3138 26%
c u 10.49  0 164 56 31412  1 465151 24544 2.2 68 31 1 2 49% 21132 3138 26%
c v 10.49  0 164 56 31412  1 465151 24417 2.2 68 31 1 2 49% 21132 3138 26%
c w 10.49  0 164 56 31412  1 465151 24417 2.2 68 31 1 2 49% 21132 3138 26%
c e 10.51  0 164 56 31412  1 465819 24964 2.2 68 31 1 2 49% 21142 3135 26%
c s 10.51  0 164 56 31412  1 465819 24959 2.2 68 31 1 2 49% 21140 3135 26%
c - 10.75  0 161 57 31419  1 482202 24426 2.2 64 29 1 2 47% 21140 3135 26%
c p 10.76  0 161 57 31419  1 482202 24448 2.2 64 29 1 2 47% 21140 3135 26%
c B 11.10  0 157 57 31420  1 496054 37425 2.2 63 28 1 2 46% 21140 3135 26%
c - 11.22  0 157 58 31420  1 499562 25245 2.3 64 28 1 2 46% 21140 3135 26%
c p 11.22  0 157 58 31420  1 499562 25267 2.3 64 28 1 2 46% 21140 3135 26%
c u 11.23  0 157 58 31420  1 499562 24855 2.3 64 28 1 2 46% 21140 3135 26%
c v 11.23  0 157 58 31420  1 499562 24700 2.3 64 28 1 2 46% 21140 3135 26%
c w 11.23  0 157 58 31420  1 499562 24699 2.3 64 28 1 2 46% 21140 3135 26%
c ] 11.37  0 158 58 31422  1 504713 29580 2.3 64 29 1 2 46% 21140 3135 26%
c { 11.37  0 76 58 31422 14 504713 29580 1.8 13 8 1 2 18% 21140 3135 26%
c 
c  seconds  reductions    conflicts         size  tier2      variables
c         MB      restarts       redundant     glue  trail        remaining
c          level        rate          size/glue tier1  irredundant
c 
c - 11.66  0 76 59 33369 14 517231 26724 1.8 14 8 1 2 18% 21140 3135 26%
c p 11.66  0 76 59 33369 14 517231 26745 1.8 14 8 1 2 18% 21140 3135 26%
c u 11.67  0 76 59 33369 14 517231 26468 1.8 14 8 1 2 18% 21140 3135 26%
c v 11.68  0 76 59 33369 14 517231 26309 1.8 14 8 1 2 18% 21140 3135 26%
c # 11.91  0 77 59 34951 14 528055 36269 1.8 14 8 1 2 18% 21140 3135 26%
c - 12.10  0 77 60 36037 14 535212 28056 1.8 14 8 1 2 18% 21140 3135 26%
c p 12.10  0 77 60 36037 14 535212 28078 1.8 14 8 1 2 18% 21140 3135 26%
c u 12.11  0 77 60 36037 14 535212 27748 1.8 14 8 1 2 18% 21140 3135 26%
c v 12.11  0 77 60 36037 14 535212 27427 1.8 14 8 1 2 18% 21140 3135 26%
c } 12.19  0 77 60 36506 14 538995 30907 1.8 14 8 1 2 18% 21140 3135 26%
c [ 12.19  0 158 60 36506  1 538995 30907 2.3 64 29 1 2 46% 21140 3135 26%
c ^ 12.28  0 157 60 36509  1 542916 34675 2.3 64 28 1 2 46% 21140 3135 26%
c - 12.49  0 156 61 36514  1 553501 28884 2.2 62 28 1 2 45% 21140 3135 26%
c p 12.49  0 156 61 36514  1 553501 28902 2.2 62 28 1 2 45% 21140 3135 26%
c u 12.49  0 156 61 36514  1 553501 28795 2.2 62 28 1 2 45% 21140 3135 26%
c v 12.49  0 156 61 36514  1 553501 28659 2.2 62 28 1 2 45% 21140 3135 26%
c w 12.50  0 156 61 36514  1 553501 28658 2.2 62 28 1 2 45% 21140 3135 26%
c W 12.71  0 157 61 36518  1 561057 35660 2.2 62 28 1 2 45% 21140 3135 26%
c - 12.89  0 156 62 36521  1 572100 28603 2.2 60 27 1 2 45% 21140 3135 26%
c p 12.90  0 156 62 36521  1 572100 28618 2.2 60 27 1 2 45% 21140 3135 26%
c 
c  seconds   reductions    conflicts         size   tier2      variables
c         MB       restarts       redundant     glue   trail        remaining
c           level        rate          size/glue  tier1  irredundant
c 
c - 13.04  0 146 63 36532  1 591009 28661 2.2 53 24 1 2 40% 21140 3135 26%
c u 13.04  0 146 63 36532  1 591009 28438 2.2 53 24 1 2 40% 21140 3135 26%
c v 13.04  0 146 63 36532  1 591009 28436 2.2 53 24 1 2 40% 21140 3135 26%
c w 13.04  0 146 63 36532  1 591009 28436 2.2 53 24 1 2 40% 21140 3135 26%
c I 13.07  0 144 63 36533  1 595059 31919 2.2 52 23 1 2 39% 21140 3135 26%
c - 13.24  0 141 64 36535  1 610228 28424 2.2 49 22 1 2 36% 21140 3135 26%
c s 13.44  0 145 64 36536  1 625520 41662 2.2 47 22 1 2 36% 21097 3135 26%
c t 13.44  0 145 64 36536  1 625520 41662 2.2 47 22 1 2 36% 21081 3135 26%
c e 13.46  0 145 64 36536  1 625520 28811 2.2 47 22 1 2 36% 22817 2861 23%
c ^ 13.46  0 145 64 36536  1 625520 28811 2.2 47 22 1 2 36% 22817 2861 23%
c - 13.53  0 146 65 36536  1 629758 23319 2.2 46 22 1 2 52% 22817 2861 23%
c 2 13.53  0 146 65 36536  1 629758 23316 2.2 46 22 1 2 52% 22817 2861 23%
c p 13.53  0 146 65 36536  1 629758 23330 2.2 46 22 1 2 52% 22817 2861 23%
c u 13.54  0 146 65 36536  1 629758 23080 2.2 46 22 1 2 52% 22817 2861 23%
c v 13.54  0 146 65 36536  1 629758 23072 2.2 46 22 1 2 52% 22817 2861 23%
c w 13.54  0 146 65 36536  1 629758 23071 2.2 46 22 1 2 52% 22817 2861 23%
c B 13.56  0 146 65 36536  1 630060 23348 2.2 46 21 1 2 50% 22817 2861 23%
c ] 13.72  0 147 65 36536  1 635319 28445 2.2 49 22 1 2 55% 22817 2861 23%
c { 13.72  0 77 65 36536 14 635319 28445 1.8 14 8 1 2 22% 22817 2861 23%
c - 13.99  0 77 66 38179 14 649598 27023 1.8 14 8 1 2 21% 22817 2861 23%
c 
c  seconds  reductions    conflicts         size  tier2      variables
c         MB      restarts       redundant     glue  trail        remaining
c          level        rate          size/glue tier1  irredundant
c 
c p 13.99  0 77 66 38179 14 649598 27042 1.8 14 8 1 2 21% 22817 2861 23%
c u 14.00  0 77 66 38179 14 649598 26673 1.8 14 8 1 2 21% 22817 2861 23%
c v 14.00  0 77 66 38179 14 649598 26556 1.8 14 8 1 2 21% 22817 2861 23%
c w 14.00  0 77 66 38179 14 649598 26555 1.8 14 8 1 2 21% 22817 2861 23%
c B 14.35  0 77 66 40175 14 666063 41566 1.8 14 8 1 2 21% 22817 2861 23%
c - 14.46  0 77 67 40685 14 669747 28581 1.8 14 8 1 2 21% 22817 2861 23%
c p 14.46  0 77 67 40685 14 669747 28599 1.8 14 8 1 2 21% 22817 2861 23%
c u 14.47  0 77 67 40685 14 669747 28121 1.8 14 8 1 2 21% 22817 2861 23%
c v 14.47  0 77 67 40685 14 669747 27842 1.8 14 8 1 2 21% 22817 2861 23%
c w 14.47  0 77 67 40685 14 669747 27842 1.8 14 8 1 2 21% 22817 2861 23%
c } 14.69  0 77 67 42074 14 681493 38501 1.8 14 8 1 2 20% 22817 2861 23%
c [ 14.69  0 147 67 42074  1 681493 38501 2.2 49 22 1 2 55% 22817 2861 23%
c - 14.87  0 147 68 42074  1 690206 29939 2.2 50 23 1 2 51% 22817 2861 23%
c p 14.87  0 147 68 42074  1 690206 29952 2.2 50 23 1 2 51% 22817 2861 23%
c u 14.88  0 147 68 42074  1 690206 29833 2.2 50 23 1 2 51% 22817 2861 23%
c v 14.88  0 147 68 42074  1 690206 29676 2.2 50 23 1 2 51% 22817 2861 23%
c w 14.88  0 147 68 42074  1 690206 29672 2.2 50 23 1 2 51% 22817 2861 23%
c W 15.25  0 149 68 42075  1 703065 41849 2.2 51 23 1 2 51% 22817 2861 23%
c - 15.43  0 148 69 42075  1 710976 30795 2.2 52 23 1 2 50% 22817 2861 23%
c p 15.43  0 148 69 42075  1 710976 30810 2.2 52 23 1 2 50% 22817 2861 23%
c 
c  seconds   reductions    conflicts         size   tier2      variables
c         MB       restarts       redundant     glue   trail        remaining
c           level        rate          size/glue  tier1  irredundant
c 
c u 15.44  0 148 69 42075  1 710976 30586 2.2 52 23 1 2 50% 22817 2861 23%
c v 15.45  0 148 69 42075  1 710976 30462 2.2 52 23 1 2 50% 22817 2861 23%
c w 15.45  0 148 69 42075  1 710976 30460 2.2 52 23 1 2 50% 22817 2861 23%
c e 15.65  0 149 69 42075  1 721377 19902 2.2 52 23 1 2 49% 27601 2479 20%
c - 15.85  0 151 70 42075  1 732055 17491 2.2 52 24 1 2 53% 27601 2479 20%
c 2 15.85  0 151 70 42075  1 732055 17490 2.2 52 24 1 2 53% 27601 2479 20%
c p 15.85  0 151 70 42075  1 732055 17508 2.2 52 24 1 2 53% 27601 2479 20%
c u 15.85  0 151 70 42075  1 732055 17349 2.2 52 24 1 2 53% 27600 2479 20%
c v 15.85  0 151 70 42075  1 732055 17160 2.2 52 24 1 2 53% 27600 2479 20%
c w 15.85  0 151 70 42075  1 732055 17160 2.2 52 24 1 2 53% 27600 2479 20%
c O 16.04  0 153 70 42075  1 741067 25476 2.1 54 25 1 2 54% 27600 2479 20%
c - 16.28  0 150 71 42075  1 753445 19942 2.2 55 25 1 2 49% 27600 2479 20%
c p 16.28  0 150 71 42075  1 753445 19957 2.2 55 25 1 2 49% 27600 2479 20%
c u 16.29  0 150 71 42075  1 753445 19736 2.2 55 25 1 2 49% 27600 2479 20%
c v 16.29  0 150 71 42075  1 753445 19644 2.2 55 25 1 2 49% 27600 2479 20%
c w 16.29  0 150 71 42075  1 753445 19639 2.2 55 25 1 2 49% 27600 2479 20%
c x 16.29  0 150 71 42075  1 753445 19639 2.2 55 25 1 2 49% 27571 2479 20%
c ] 16.41  0 152 71 42075  1 757763 23721 2.2 56 26 1 2 51% 27571 2479 20%
c { 16.41  0 77 71 42075 14 757763 23721 1.8 14 8 1 2 23% 27571 2479 20%
c - 16.68  0 74 72 43363 13 775148 23089 1.8 14 8 1 2 22% 27571 2479 20%
c 
c  seconds  reductions    conflicts         size  tier2      variables
c         MB      restarts       redundant     glue  trail        remaining
c          level        rate          size/glue tier1  irredundant
c 
c p 16.68  0 74 72 43363 13 775148 23105 1.8 14 8 1 2 22% 27571 2479 20%
c u 16.71  0 74 72 43363 13 775148 22847 1.8 14 8 1 2 22% 27571 2479 20%
c v 16.72  0 74 72 43363 13 775148 22669 1.8 14 8 1 2 22% 27571 2479 20%
c W 16.84  0 75 72 43952 13 780068 27166 1.8 14 8 1 2 22% 27571 2479 20%
c - 17.19  0 75 73 46019 13 797158 25512 1.8 15 8 1 2 21% 27571 2479 20%
c p 17.20  0 75 73 46019 13 797158 25523 1.8 15 8 1 2 21% 27571 2479 20%
c u 17.21  0 75 73 46019 13 797158 24796 1.8 15 8 1 2 21% 27571 2479 20%
c v 17.21  0 75 73 46019 13 797158 24597 1.8 15 8 1 2 21% 27571 2479 20%
c } 17.56  0 74 73 48003 12 815613 41234 1.8 15 8 1 2 21% 27570 2479 20%
c [ 17.56  0 152 73 48003  1 815613 41234 2.2 56 26 1 2 51% 27570 2479 20%
c - 17.61  0 150 74 48003  1 819479 26928 2.2 55 25 1 2 50% 27570 2479 20%
c p 17.61  0 150 74 48003  1 819479 26937 2.2 55 25 1 2 50% 27570 2479 20%
c u 17.62  0 150 74 48003  1 819479 26674 2.2 55 25 1 2 50% 27570 2479 20%
c v 17.62  0 150 74 48003  1 819479 26462 2.2 55 25 1 2 50% 27570 2479 20%
c w 17.62  0 150 74 48003  1 819479 26461 2.2 55 25 1 2 50% 27570 2479 20%
c B 17.63  0 150 74 48003  1 820069 26968 2.2 55 25 1 2 49% 27570 2479 20%
c e 17.98  0 153 74 48010  1 839594 45016 2.1 54 25 1 2 49% 27574 2477 20%
c s 17.98  0 153 74 48010  1 839594 44912 2.1 54 25 1 2 49% 27423 2477 20%
c e 17.98  0 153 74 48010  1 839594 44834 2.1 54 25 1 2 49% 27450 2475 20%
c - 18.02  0 154 75 48012  1 842110 27958 2.1 53 25 1 2 49% 27450 2475 20%
c 
c  seconds   reductions    conflicts         size   tier2      variables
c         MB       restarts       redundant     glue   trail        remaining
c           level        rate          size/glue  tier1  irredundant
c 
c p 18.03  0 154 75 48012  1 842110 27967 2.1 53 25 1 2 49% 27450 2475 20%
c W 18.41  0 157 75 48018  1 861072 45638 2.1 55 26 1 2 48% 27450 2475 20%
c - 18.48  0 156 76 48021  1 865052 27489 2.1 54 26 1 2 48% 27450 2475 20%
c p 18.48  0 156 76 48021  1 865052 27499 2.1 54 26 1 2 48% 27450 2475 20%
c u 18.49  0 156 76 48021  1 865052 27144 2.1 54 26 1 2 48% 27450 2475 20%
c v 18.50  0 156 76 48021  1 865052 26859 2.1 54 26 1 2 48% 27450 2475 20%
c w 18.50  0 156 76 48021  1 865052 26858 2.1 54 26 1 2 48% 27450 2475 20%
c - 18.96  0 157 77 48033  1 888306 27969 2.1 55 26 1 2 46% 27449 2475 20%
c p 18.97  0 157 77 48033  1 888306 27977 2.1 55 26 1 2 46% 27449 2475 20%
c u 18.97  0 157 77 48033  1 888306 27835 2.1 55 26 1 2 46% 27449 2475 20%
c v 18.98  0 157 77 48033  1 888306 27558 2.1 55 26 1 2 46% 27449 2475 20%
c w 18.98  0 157 77 48033  1 888306 27556 2.1 55 26 1 2 46% 27449 2475 20%
c ] 19.41  0 158 77 48034  1 901180 39710 2.1 60 29 1 2 47% 27449 2475 20%
c { 19.41  0 74 77 48034 12 901180 39710 1.8 15 8 1 2 21% 27449 2475 20%
c F 19.42  0 73 77 48078 12 903073 41310 1.8 15 8 1 2 20% 27449 2475 20%
c - 19.62  0 74 78 49338 12 911868 29636 1.8 15 8 1 2 20% 27449 2475 20%
c p 19.62  0 74 78 49338 12 911868 29642 1.8 15 8 1 2 20% 27449 2475 20%
c u 19.63  0 74 78 49338 12 911868 29317 1.8 15 8 1 2 20% 27449 2475 20%
c v 19.63  0 74 78 49338 12 911868 29068 1.8 15 8 1 2 20% 27449 2475 20%
c - 20.16  0 73 79 52389 12 935742 31833 1.8 15 8 1 2 20% 27448 2475 20%
c 
c  seconds  reductions    conflicts         size  tier2      variables
c         MB      restarts       redundant     glue  trail        remaining
c          level        rate          size/glue tier1  irredundant
c 
c p 20.16  0 73 79 52389 12 935742 31842 1.8 15 8 1 2 20% 27448 2475 20%
c u 20.17  0 73 79 52389 12 935742 31551 1.8 15 8 1 2 20% 27448 2475 20%
c v 20.17  0 73 79 52389 12 935742 31280 1.8 15 8 1 2 20% 27448 2475 20%
c B 20.40  0 74 79 53874 12 946074 40758 1.8 15 8 1 2 19% 27448 2475 20%
c - 20.48  0 73 80 53975 11 959926 34147 1.8 15 8 1 2 19% 27448 2475 20%
c p 20.48  0 73 80 53975 11 959926 34156 1.8 15 8 1 2 19% 27448 2475 20%
c u 20.49  0 73 80 53975 11 959926 33961 1.8 15 8 1 2 19% 27448 2475 20%
c v 20.49  0 73 80 53975 11 959926 33809 1.8 15 8 1 2 19% 27448 2475 20%
c w 20.49  0 73 80 53975 11 959926 33809 1.8 15 8 1 2 19% 27448 2475 20%
c s 20.53  0 72 80 54010 11 964562 37770 1.8 15 8 1 2 18% 27441 2475 20%
c } 20.66  0 71 80 54217  9 982908 53525 1.8 14 8 1 2 18% 27441 2475 20%
c [ 20.66  0 158 80 54217  1 982908 53525 2.1 60 29 1 2 47% 27441 2475 20%
c - 20.69  0 157 81 54217  1 984421 35614 2.1 60 29 1 2 47% 27441 2475 20%
c p 20.69  0 157 81 54217  1 984421 35623 2.1 60 29 1 2 47% 27441 2475 20%
c I 20.88  0 158 81 54217  1 990075 40931 2.1 61 29 1 2 49% 27441 2475 20%
c ] 21.06  0 157 81 54222  1 1000000 50292 2.1 60 29 1 2 48% 27441 2475 20%
c ? 21.06  0 157 81 54222  1 1000000 50292 2.1 60 29 1 2 48% 27441 2475 20%
c 
c --- [ result ] -------------------------------------------------------------
c 
c UNKNOWN
c 
c --- [ run-time profiling ] -------------------------------------------------
c 
c process time taken by individual solving procedures
c (percentage relative to process time for solving)
c 
c        19.45   92.39% search
c        11.36   53.99% stable
c         7.67   36.44% unstable
c         1.60    7.60% simplify
c         0.45    2.16% vivify
c         0.41    1.95% walk
c         0.33    1.59% sweep
c         0.25    1.21% factor
c         0.14    0.67% elim
c         0.14    0.64% congruence
c         0.07    0.35% subsume
c         0.05    0.22% preprocess
c         0.04    0.19% probe
c         0.03    0.16% ternary
c         0.01    0.07% backbone
c         0.01    0.05% fastelim
c         0.01    0.04% parse
c         0.00    0.01% lucky
c   =================================
c        21.05   99.96% solve
c 
c last line shows process time for solving
c (percentage relative to total process time)
c 
c --- [ statistics ] ---------------------------------------------------------
c 
c chronological:            290572        29.06 %  of conflicts
c conflicts:               1000000     47505.51    per second
c backbone:                1012185      7834.25 %  of vars
c decisions:               6127544    291092.09    per second
c eliminated:                 7472        57.83 %  of all variables
c factored:                    668        26.94 %  of variables
c fixed:                       947         7.33 %  of all variables
c learned:                  954235        95.42 %  per conflict
c learned_lits:           42509994       100.00 %  learned literals
c minimized:                     0         0.00 %  learned literals
c shrunken:                1593560         3.75 %  learned literals
c minishrunken:            3620451         8.52 %  learned literals
c otfs:                      28762         2.88 %  of conflict
c propagations:          110374860         5.24 M  per second
c reduced:                  789442        78.94 %  per conflict
c rephased:                     44     22727.27    interval
c restarts:                  54222        18.44    interval
c stabilizing:                  18        55.71 %  of conflicts
c substituted:                2026        15.68 %  of all variables
c sweep equivs:                537        12.84 %  of swept variables
c subsumed:                  50019         4.64 %  of all clauses
c strengthened:              44364         4.11 %  of all clauses
c ticks:                1463368863        13.54    propagation
c vivified:                  13257         1.23 %  of all clauses
c walked:                       13     76923.08    interval
c weakened:                  46009         2.97    average size
c congruence:                   21     47619.05    interval
c 
c seconds are measured in process time for solving
c 
c --- [ glue usage ] ---------------------------------------------------------
c 
c focused glue 1 used 1856200 clauses 69.49% accumulated 69.49% tier1
c focused glue 2 used 385324 clauses 14.42% accumulated 83.92% tier2
c 
c stable glue 1 used 2831236 clauses 52.56% accumulated 52.56% tier1
c stable glue 2 used 779117 clauses 14.46% accumulated 67.03% tier2
c 
c 
c --- [ resources ] ----------------------------------------------------------
c 
c total process time since initialization:        21.06    seconds
c total real time since initialization:           21.16    seconds
c maximum resident set size of process:        87632.00    MB
c 
c --- [ shutting down ] ------------------------------------------------------
c 
c exit 0
