c --- [ banner ] -------------------------------------------------------------
c 
c CaDiCaL SAT Solver
c Copyright (c) 2016-2025
c A. Biere, M. Fleury, N. Froleyks, K. Fazekas, F. Pollitt, T. Faller
c JKU Linz, University of Freiburg, TU Wien
c 
c Version 3.0.0
c Apple clang version 17.0.0 (clang-1700.6.3.2) -Wall -Wextra -O3 -DNDEBUG -DNCLOSEFROM
c Tue Dec 23 21:53:38 UTC 2025 Darwin Tahoe-arm64.local 25.2.0 arm64
c 
c --- [ limit ] --------------------------------------------------------------
c 
c setting conflict limit to 1000000 conflicts (due to '1000000')
c 
c --- [ parsing input ] ------------------------------------------------------
c 
c reading DIMACS file from '/tmp/sr59_cnfs/aux_expose_sr59_n32_bit19_m51ca0b34_fill55555555.cnf'
c opening file to read '/tmp/sr59_cnfs/aux_expose_sr59_n32_bit19_m51ca0b34_fill55555555.cnf'
c found 'p cnf 12284 51301' header
c parsed 51301 clauses in 0.01 seconds process time
c 
c --- [ options ] ------------------------------------------------------------
c 
c   --seed=5                       (different from default '0')
c 
c --- [ solving ] ------------------------------------------------------------
c 
c time measured in process time since initialization
c 
c  seconds  reduction conflicts       size tier2       variables
c         MB    restarts   redundant    glue  trail         remaining
c          level     rate       size/glu tier1  irredundant
c 
c *  0.01  0  0 0   0  0    0    0 0.0 0 0 2 6  0% 51236 12283 100%
c (  0.01  0  0 0   0  0    0    0 0.0 0 0 2 6  0% 51236 12283 100%
c .  0.01  0  0 0   0  0    0    0 0.0 0 0 2 6  0% 51236 12283 100%
c c  0.03  0  0 0   0  0    0    0 0.0 0 0 2 6  0% 48740 11643 95%
c d  0.03  0  0 0   0  0    0    0 0.0 0 0 2 6  0% 44036 10315 84%
c 2  0.03  0  0 0   0  0    0    0 0.0 0 0 2 6  0% 43972 10315 84%
c f  0.05  0  0 0   0  0    0    0 0.0 0 0 2 6  0% 43906 10381 85%
c e  0.06  0  0 0   0  0    0    0 0.0 0 0 2 6  0% 34773 6050 49%
c P  0.06  0  0 0   0  0    0    0 0.0 0 0 2 6  0% 34773 6050 49%
c )  0.06  0  0 0   0  0    0    0 0.0 0 0 2 6  0% 34773 6050 49%
c {  0.06  0  0 0   0  0    0    0 0.0 0 0 2 6  0% 34773 6050 49%
c -  0.07  0 1221 1  29 82  300  217 1.4 5 4 2 6 21% 34773 6050 49%
c -  0.07  0 535 2  81 42  735  501 1.5 6 4 2 6 13% 34773 6050 49%
c }  0.07  0 410 2 105 33 1002  723 1.6 6 4 2 6 12% 34773 6050 49%
c [  0.07  0  0 2 105  0 1002  723 0.0 0 0 2 6  0% 34773 6050 49%
c O  0.07  0 1903 2 105 1904 1003  724 1.4 7 5 2 6 43% 34773 6050 49%
c ]  0.08  0 1888 2 105 12 1187  892 1.6 72 44 2 6 41% 34773 6050 49%
c {  0.08  0 410 2 105 33 1187  892 1.6 6 4 2 6 12% 34773 6050 49%
c -  0.08  0 344 3 119 28 1412  842 1.6 6 4 2 6 11% 34773 6050 49%
c d  0.09  0 250 3 161 21 2220 1255 1.6 6 4 2 6  7% 34665 5948 48%
c 
c  seconds   reduction conflicts       size tier2      variables
c         MB     restarts   redundant    glue  trail        remaining
c           level     rate       size/glu tier1  irredundant
c 
c c  0.10  0 250 3 161 21 2220 1255 1.6 6 4 2 6  7% 34522 5948 48%
c d  0.10  0 250 3 161 21 2220 1157 1.6 6 4 2 6  7% 34474 5924 48%
c 2  0.10  0 250 3 161 21 2220 1155 1.6 6 4 2 6  7% 34468 5924 48%
c -  0.10  0 246 4 166 20 2353 1026 1.6 6 4 2 6  9% 34468 5924 48%
c O  0.11  0 203 4 206 18 3004 1483 1.6 6 4 2 6  6% 34468 5924 48%
c -  0.11  0 183 5 273 17 3566 1723 1.6 6 4 2 6  7% 34468 5924 48%
c s  0.12  0 167 5 319 16 4121 2114 1.6 6 4 2 6  6% 34467 5924 48%
c t  0.12  0 167 5 319 16 4121 2114 1.6 6 4 2 6  6% 34465 5924 48%
c e  0.13  0 167 5 319 16 4121 2013 1.6 6 4 2 6  6% 34351 5643 46%
c ^  0.14  0 167 5 319 16 4121 2013 1.6 6 4 2 6  6% 34351 5643 46%
c d  0.14  0 154 5 383 16 4720 2037 1.6 6 4 2 6  6% 34252 5584 45%
c c  0.15  0 154 5 383 16 4720 2036 1.6 6 4 2 6  6% 34096 5584 45%
c d  0.15  0 154 5 383 16 4720 1969 1.6 6 4 2 6  6% 34056 5564 45%
c 2  0.15  0 154 5 383 16 4720 1968 1.6 6 4 2 6  6% 34051 5564 45%
c =  0.16  0 154 5 383 16 4720 1966 1.6 6 4 2 6  6% 34047 5518 45%
c -  0.16  0 150 6 422 15 5058 1625 1.6 6 4 2 3  7% 34046 5518 45%
c }  0.17  0 146 6 493 16 5566 1975 1.6 6 4 2 3  7% 34041 5518 45%
c [  0.17  0 1888 6 493 12 5566 1975 1.6 72 44 2 6 83% 34041 5518 45%
c I  0.18  0 703 6 493  6 6006 2373 2.2 61 28 2 6 47% 34041 5518 45%
c ]  0.20  0 463 6 494  5 6549 2884 2.3 75 32 15 54 37% 34040 5518 45%
c 
c  seconds   reduction conflicts       size tier2      variables
c         MB     restarts   redundant    glue  trail        remaining
c           level     rate       size/glu tier1  irredundant
c 
c {  0.20  0 146 6 494 16 6549 2884 1.6 6 4 2 3  7% 34040 5518 45%
c -  0.20  0 142 7 528 16 6837 2177 1.6 6 4 2 3  7% 34040 5518 45%
c d  0.21  0 138 7 590 16 7325 2270 1.6 6 4 2 3  7% 34010 5476 45%
c c  0.22  0 138 7 590 16 7325 2270 1.6 6 4 2 3  7% 33870 5476 45%
c d  0.22  0 138 7 590 16 7325 2177 1.6 6 4 2 3  7% 33824 5453 44%
c 2  0.22  0 138 7 590 16 7325 2174 1.6 6 4 2 3  7% 33816 5453 44%
c =  0.22  0 138 7 590 16 7325 2174 1.6 6 4 2 3  7% 33816 5437 44%
c -  0.23  0 120 8 666 13 8909 2590 1.6 6 4 2 3  5% 33816 5437 44%
c #  0.24  0 115 8 774 14 10009 3387 1.6 6 4 2 3  7% 33816 5437 44%
c d  0.24  0 115 8 775 14 10024 2875 1.6 6 4 2 3  7% 33816 5376 44%
c c  0.25  0 115 8 775 14 10024 2875 1.6 6 4 2 3  7% 33589 5376 44%
c d  0.25  0 115 8 775 14 10024 2784 1.6 6 4 2 3  7% 33543 5353 44%
c 2  0.25  0 115 8 775 14 10024 2784 1.6 6 4 2 3  7% 33541 5353 44%
c f  0.26  0 115 8 775 14 10024 2784 1.6 6 4 2 3  7% 33535 5356 44%
c -  0.27  0 112 9 950 14 11269 2850 1.7 7 4 2 3  8% 33535 5356 44%
c }  0.29  0 113 9 1094 15 12206 3671 1.8 8 4 2 3 10% 33535 5356 44%
c [  0.29  0 463 9 1094  5 12206 3671 2.3 75 32 15 54 41% 33535 5356 44%
c d  0.33  0 369 9 1094  4 12809 4071 2.6 94 36 15 54 45% 33535 5333 43%
c c  0.34  0 369 9 1094  4 12809 4071 2.6 94 36 15 54 45% 33407 5333 43%
c d  0.34  0 369 9 1094  4 12809 3987 2.6 94 36 15 54 45% 33375 5317 43%
c 
c  seconds   reductions  conflicts       size    tier2       variables
c         MB     restarts     redundant     glue     trail        remaining
c           level      rate        size/glue  tier1    irredundant
c 
c =  0.35  0 369 9 1094  4 12809 3983 2.6 94 36 15 54 45% 33358 5302 43%
c ]  0.37  0 341 9 1094  3 13096 4263 2.8 101 37 15 54 46% 33358 5302 43%
c {  0.37  0 113 9 1094 15 13096 4263 1.8 8 4 2 3 10% 33358 5302 43%
c -  0.39  0 110 10 1216 15 13922 3617 1.8 9 5 2 3 10% 33358 5302 43%
c s  0.40  0 109 10 1325 15 14545 3594 1.8 9 5 2 3 10% 32062 5302 43%
c t  0.40  0 109 10 1325 15 14545 3594 1.8 9 5 2 3 10% 32055 5302 43%
c e  0.41  0 109 10 1325 15 14545 3391 1.8 9 5 2 3 10% 32026 5143 42%
c s  0.41  0 109 10 1325 15 14545 3265 1.8 9 5 2 3 10% 31943 5143 42%
c e  0.42  0 109 10 1325 15 14545 3240 1.8 9 5 2 3 10% 31857 5129 42%
c B  0.43  0 110 10 1440 16 15012 3651 1.8 9 5 2 3 11% 31857 5129 42%
c 2  0.43  0 108 10 1496 16 15678 4118 1.8 9 5 2 3 11% 31857 5129 42%
c d  0.43  0 108 10 1496 16 15678 3931 1.8 9 5 2 3 11% 31852 5073 41%
c c  0.44  0 108 10 1496 16 15678 3931 1.8 9 5 2 3 11% 31662 5073 41%
c d  0.44  0 108 10 1496 16 15678 3859 1.8 9 5 2 3 11% 31608 5046 41%
c 2  0.44  0 108 10 1496 16 15678 3859 1.8 9 5 2 3 11% 31596 5046 41%
c f  0.46  0 108 10 1496 16 15678 3859 1.8 9 5 2 3 11% 31554 5066 41%
c -  0.46  0 103 11 1508 15 16871 3678 1.8 9 5 2 3 10% 31554 5066 41%
c d  0.49  0 102 11 1738 15 18618 4689 1.8 10 5 2 3 10% 31550 5033 41%
c c  0.50  0 102 11 1738 15 18618 4689 1.8 10 5 2 3 10% 31300 5033 41%
c d  0.50  0 102 11 1738 15 18618 4429 1.8 10 5 2 3 10% 31234 5000 41%
c 
c  seconds   reductions   conflicts       size  tier2      variables
c         MB      restarts     redundant     glue  trail        remaining
c           level       rate        size/glue tier1  irredundant
c 
c 2  0.50  0 102 11 1738 15 18618 4429 1.8 10 5 2 3 10% 31222 5000 41%
c u  0.50  0 102 11 1738 15 18618 3249 1.8 10 5 2 3 10% 31210 5000 41%
c v  0.50  0 102 11 1738 15 18618 2938 1.8 10 5 2 3 10% 31210 5000 41%
c w  0.50  0 102 11 1738 15 18618 2937 1.8 10 5 2 3 10% 31210 5000 41%
c x  0.50  0 102 11 1738 15 18618 2937 1.8 10 5 2 3 10% 31141 5000 41%
c t  0.50  0 102 11 1738 15 18618 2937 1.8 10 5 2 3 10% 31139 5000 41%
c }  0.52  0 104 11 1929 16 20044 4150 1.8 10 6 2 3 11% 31139 5000 41%
c [  0.52  0 341 11 1929  3 20044 4150 2.8 101 37 15 54 45% 31139 5000 41%
c -  0.53  0 336 12 1929  3 20118 3155 2.8 98 36 15 54 45% 31139 5000 41%
c B  0.54  0 289 12 1930  3 21013 3937 2.7 78 29 15 54 44% 31139 5000 41%
c d  0.56  0 273 12 1930  3 21628 4440 2.7 76 29 2 3 43% 31135 4979 41%
c c  0.57  0 273 12 1930  3 21628 4440 2.7 76 29 2 3 43% 31027 4979 41%
c d  0.57  0 273 12 1930  3 21628 4419 2.7 76 29 2 3 43% 30995 4963 40%
c 2  0.57  0 273 12 1930  3 21628 4419 2.7 76 29 2 3 43% 30988 4963 40%
c f  0.58  0 273 12 1930  3 21628 4419 2.7 76 29 2 3 43% 30962 4975 40%
c -  0.62  0 238 13 1932  2 23663 4087 2.3 69 30 2 3 39% 30962 4975 40%
c t  0.64  0 225 13 1933  2 24704 5010 2.2 63 28 2 3 37% 30962 4975 40%
c ]  0.69  0 211 13 1934  2 27160 7306 2.3 60 27 2 3 35% 30962 4975 40%
c {  0.69  0 104 13 1934 16 27160 7306 1.8 10 6 2 3 11% 30962 4975 40%
c -  0.69  0 105 14 1954 16 27508 4702 1.8 10 6 2 3 12% 30962 4975 40%
c 
c  seconds   reductions   conflicts       size  tier2      variables
c         MB      restarts     redundant     glue  trail        remaining
c           level       rate        size/glue tier1  irredundant
c 
c f  0.70  0 105 14 1999 16 27842 4997 1.8 10 6 2 3 12% 30954 4979 41%
c W  0.71  0 105 14 1999 16 28018 5153 1.8 10 6 2 3 12% 30954 4979 41%
c s  0.74  0 108 14 2290 16 30357 7045 1.8 10 6 2 3 13% 30487 4979 41%
c e  0.75  0 108 14 2290 16 30357 6869 1.8 10 6 2 3 13% 30472 4936 40%
c s  0.75  0 108 14 2290 16 30357 6816 1.8 10 6 2 3 13% 30421 4936 40%
c -  0.77  0 108 15 2498 16 31655 5938 1.8 10 6 2 3 13% 30421 4936 40%
c 2  0.77  0 108 15 2498 16 31655 5937 1.8 10 6 2 3 13% 30421 4936 40%
c d  0.78  0 108 15 2498 16 31655 5909 1.8 10 6 2 3 13% 30421 4926 40%
c c  0.78  0 108 15 2498 16 31655 5909 1.8 10 6 2 3 13% 30413 4926 40%
c }  0.86  0 106 15 3230 17 35801 9596 1.7 10 6 2 3 17% 30410 4925 40%
c [  0.86  0 211 15 3230  2 35801 9596 2.3 60 27 2 3 39% 30410 4925 40%
c W  0.87  0 210 15 3230  2 36019 9805 2.3 59 26 2 3 39% 30410 4925 40%
c -  0.87  0 209 16 3230  2 36103 7367 2.3 59 26 2 3 39% 30410 4925 40%
c d  0.87  0 209 16 3230  2 36103 7325 2.3 59 26 2 3 39% 30410 4920 40%
c p  0.87  0 209 16 3230  2 36103 7362 2.3 59 26 2 3 39% 30410 4920 40%
c c  0.88  0 209 16 3230  2 36103 7362 2.3 59 26 2 3 39% 30364 4920 40%
c u  0.89  0 209 16 3230  2 36103 6407 2.3 59 26 2 3 39% 30358 4917 40%
c v  0.89  0 209 16 3230  2 36103 6041 2.3 59 26 2 3 39% 30358 4917 40%
c w  0.89  0 209 16 3230  2 36103 6041 2.3 59 26 2 3 39% 30358 4917 40%
c f  0.90  0 209 16 3230  2 36103 6035 2.3 59 26 2 3 39% 30296 4939 40%
c 
c  seconds   reductions   conflicts       size   tier2      variables
c         MB      restarts     redundant     glue   trail        remaining
c           level       rate        size/glue  tier1  irredundant
c 
c -  1.01  0 194 17 3232  2 40855 6644 2.3 60 26 2 3 40% 30296 4939 40%
c p  1.02  0 194 17 3232  2 40855 6739 2.3 60 26 2 3 40% 30296 4937 40%
c c  1.02  0 194 17 3232  2 40855 6739 2.3 60 26 2 3 40% 30284 4937 40%
c f  1.03  0 194 17 3232  2 40855 6736 2.3 60 26 2 3 40% 30266 4945 40%
c O  1.09  0 195 17 3235  2 45021 10570 2.2 55 25 2 3 38% 30266 4945 40%
c -  1.10  0 191 18 3235  2 45911 7056 2.2 54 25 2 3 37% 30266 4945 40%
c ]  1.11  0 191 18 3236  2 45955 7097 2.2 54 25 2 3 37% 30266 4945 40%
c {  1.11  0 106 18 3236 17 45955 7097 1.7 10 6 2 3 17% 30266 4945 40%
c -  1.20  0 106 19 4179 18 51269 8433 1.7 11 6 2 3 18% 30266 4945 40%
c d  1.21  0 106 19 4179 18 51269 8388 1.7 11 6 2 3 18% 30266 4936 40%
c p  1.21  0 106 19 4179 18 51269 8494 1.7 11 6 2 3 18% 30266 4936 40%
c 2  1.21  0 106 19 4179 18 51269 8493 1.7 11 6 2 3 18% 30264 4936 40%
c =  1.22  0 106 19 4179 18 51269 8484 1.7 11 6 2 3 18% 30264 4934 40%
c u  1.22  0 106 19 4179 18 51269 7731 1.7 11 6 2 3 18% 30264 4934 40%
c v  1.22  0 106 19 4179 18 51269 7544 1.7 11 6 2 3 18% 30264 4934 40%
c x  1.23  0 106 19 4179 18 51269 7544 1.7 11 6 2 3 18% 30240 4934 40%
c f  1.23  0 106 19 4179 18 51269 7542 1.7 11 6 2 3 18% 30209 4949 40%
c s  1.24  0 106 19 4186 18 51347 7482 1.7 11 6 2 3 18% 30004 4949 40%
c e  1.24  0 106 19 4186 18 51347 7423 1.7 11 6 2 3 18% 29995 4929 40%
c s  1.24  0 106 19 4186 18 51347 7401 1.7 11 6 2 3 18% 29990 4929 40%
c 
c  seconds   reductions   conflicts        size  tier2      variables
c         MB      restarts      redundant     glue  trail        remaining
c           level       rate         size/glue tier1  irredundant
c 
c F  1.31  0 105 19 4864 18 55022 10728 1.7 11 6 2 3 18% 29989 4929 40%
c }  1.32  0 105 19 4935 18 55296 10974 1.7 11 6 2 3 18% 29989 4929 40%
c [  1.32  0 191 19 4935  2 55296 10974 2.2 54 25 2 3 37% 29989 4929 40%
c -  1.33  0 185 20 4935  2 56934 8724 2.2 51 24 2 3 36% 29989 4929 40%
c 2  1.33  0 185 20 4935  2 56934 8721 2.2 51 24 2 3 36% 29989 4929 40%
c f  1.34  0 185 20 4935  2 56934 8721 2.2 51 24 2 3 36% 29981 4933 40%
c -  1.45  0 181 21 4937  2 62899 9528 2.2 52 24 2 3 36% 29981 4933 40%
c =  1.46  0 181 21 4937  2 62899 9528 2.2 52 24 2 3 36% 29981 4932 40%
c B  1.51  0 181 21 4937  2 66024 12429 2.1 51 24 2 3 34% 29981 4932 40%
c -  1.56  0 181 22 4937  2 69170 9767 2.1 52 25 2 3 34% 29981 4932 40%
c =  1.57  0 181 22 4937  2 69170 9750 2.1 52 25 2 3 34% 29979 4923 40%
c u  1.58  0 181 22 4937  2 69170 9217 2.1 52 25 2 3 34% 29979 4923 40%
c v  1.58  0 181 22 4937  2 69170 8970 2.1 52 25 2 3 34% 29979 4923 40%
c w  1.58  0 181 22 4937  2 69170 8970 2.1 52 25 2 3 34% 29979 4923 40%
c ]  1.64  0 179 22 4940  2 73102 12586 2.1 51 24 2 5 35% 29979 4923 40%
c {  1.64  0 105 22 4940 18 73102 12586 1.7 11 6 2 3 18% 29979 4923 40%
c -  1.70  0 105 23 5475 19 75746 10123 1.7 11 7 2 3 18% 29979 4923 40%
c 2  1.70  0 105 23 5475 19 75746 10123 1.7 11 7 2 3 18% 29977 4923 40%
c d  1.70  0 105 23 5475 19 75746 10096 1.7 11 7 2 3 18% 29977 4921 40%
c p  1.70  0 105 23 5475 19 75746 10099 1.7 11 7 2 3 18% 29977 4921 40%
c 
c  seconds   reductions   conflicts        size  tier2      variables
c         MB      restarts      redundant     glue  trail        remaining
c           level       rate         size/glue tier1  irredundant
c 
c c  1.70  0 105 23 5475 19 75746 10099 1.7 11 7 2 3 18% 29949 4921 40%
c =  1.72  0 105 23 5475 19 75746 10071 1.7 11 7 2 3 18% 29939 4914 40%
c t  1.72  0 105 23 5475 19 75746 10069 1.7 11 7 2 3 18% 29938 4914 40%
c 2  1.72  0 105 23 5475 19 75746 10067 1.7 11 7 2 3 18% 29938 4914 40%
c s  1.76  0 105 23 5798 19 77398 11374 1.7 11 7 2 3 18% 29847 4914 40%
c e  1.76  0 105 23 5798 19 77398 11351 1.7 11 7 2 3 18% 29850 4907 40%
c s  1.77  0 105 23 5798 19 77398 11294 1.7 11 7 2 3 18% 29848 4907 40%
c e  1.77  0 105 23 5798 19 77398 11281 1.7 11 7 2 3 18% 29846 4906 40%
c B  1.78  0 105 23 5911 19 78025 11829 1.7 11 7 2 3 18% 29846 4906 40%
c -  1.88  0 105 24 6834 20 82626 11543 1.6 11 7 2 3 18% 29846 4906 40%
c d  1.88  0 105 24 6834 20 82626 11528 1.6 11 7 2 3 18% 29846 4903 40%
c p  1.89  0 105 24 6834 20 82626 11880 1.6 11 7 2 3 18% 29846 4903 40%
c 2  1.89  0 105 24 6834 20 82626 11880 1.6 11 7 2 3 18% 29845 4903 40%
c =  1.90  0 105 24 6834 20 82626 11793 1.6 11 7 2 3 18% 29844 4895 40%
c u  1.91  0 105 24 6834 20 82626 11168 1.6 11 7 2 3 18% 29844 4895 40%
c v  1.91  0 105 24 6834 20 82626 10877 1.6 11 7 2 3 18% 29844 4895 40%
c t  1.91  0 105 24 6834 20 82626 10876 1.6 11 7 2 3 18% 29844 4895 40%
c f  1.92  0 105 24 6834 20 82626 10830 1.6 11 7 2 3 18% 29862 4909 40%
c }  1.93  0 105 24 6989 20 83506 11612 1.6 11 7 2 3 18% 29862 4909 40%
c [  1.93  0 179 24 6989  2 83506 11612 2.1 51 24 2 5 35% 29862 4909 40%
c 
c  seconds   reductions   conflicts        size   tier2      variables
c         MB      restarts      redundant     glue   trail        remaining
c           level       rate         size/glue  tier1  irredundant
c 
c -  2.04  0 179 25 6993  2 89813 11552 2.1 50 24 2 5 34% 29862 4909 40%
c d  2.04  0 179 25 6993  2 89813 11547 2.1 50 24 2 5 34% 29862 4907 40%
c c  2.05  0 179 25 6993  2 89813 11547 2.1 50 24 2 5 34% 29848 4907 40%
c t  2.06  0 179 25 6993  2 89813 11535 2.1 50 24 2 5 34% 29843 4905 40%
c W  2.10  0 177 25 6993  2 91027 12593 2.1 49 23 2 5 33% 29843 4905 40%
c -  2.24  0 177 26 6996  2 97306 11764 2.0 52 25 2 5 32% 29843 4905 40%
c ]  2.36  0 175 26 7000  2 103009 16841 2.0 51 25 2 5 33% 29843 4905 40%
c {  2.36  0 105 26 7000 20 103009 16841 1.6 11 7 2 3 18% 29843 4905 40%
c W  2.42  0 105 26 7385 20 105029 18664 1.6 12 7 2 3 18% 29843 4905 40%
c -  2.42  0 105 27 7403 20 105107 12861 1.6 12 7 2 3 18% 29843 4905 40%
c d  2.42  0 105 27 7403 20 105107 12765 1.6 12 7 2 3 18% 29843 4902 40%
c p  2.42  0 105 27 7403 20 105107 12930 1.6 12 7 2 3 18% 29843 4902 40%
c =  2.44  0 105 27 7403 20 105107 12901 1.6 12 7 2 3 18% 29843 4887 40%
c u  2.44  0 105 27 7403 20 105107 12318 1.6 12 7 2 3 18% 29842 4887 40%
c v  2.45  0 105 27 7403 20 105107 12106 1.6 12 7 2 3 18% 29842 4887 40%
c x  2.45  0 105 27 7403 20 105107 12106 1.6 12 7 2 3 18% 29797 4887 40%
c t  2.45  0 105 27 7403 20 105107 12106 1.6 12 7 2 3 18% 29790 4887 40%
c 2  2.45  0 105 27 7403 20 105107 12102 1.6 12 7 2 3 18% 29784 4887 40%
c f  2.45  0 105 27 7403 20 105107 12101 1.6 12 7 2 3 18% 29779 4890 40%
c s  2.53  0 105 27 8028 20 108658 14989 1.6 12 7 2 3 18% 29635 4890 40%
c 
c  seconds   reductions   conflicts         size  tier2      variables
c         MB      restarts       redundant     glue  trail        remaining
c           level       rate          size/glue tier1  irredundant
c 
c e  2.54  0 105 27 8028 20 108658 14576 1.6 12 7 2 3 18% 29634 4863 40%
c s  2.54  0 105 27 8028 20 108658 14505 1.6 12 7 2 3 18% 29628 4863 40%
c e  2.54  0 105 27 8028 20 108658 14502 1.6 12 7 2 3 18% 29626 4862 40%
c -  2.65  0 105 28 8866 20 113213 13354 1.6 12 7 2 3 18% 29626 4862 40%
c d  2.65  0 105 28 8866 20 113213 13329 1.6 12 7 2 3 18% 29626 4857 40%
c p  2.65  0 105 28 8866 20 113213 13452 1.6 12 7 2 3 18% 29626 4857 40%
c c  2.66  0 105 28 8866 20 113213 13451 1.6 12 7 2 3 18% 29581 4857 40%
c d  2.66  0 105 28 8866 20 113213 13364 1.6 12 7 2 3 18% 29565 4849 39%
c 2  2.66  0 105 28 8866 20 113213 13362 1.6 12 7 2 3 18% 29562 4849 39%
c =  2.68  0 105 28 8866 20 113213 13340 1.6 12 7 2 3 18% 29561 4838 39%
c 2  2.68  0 105 28 8866 20 113213 13340 1.6 12 7 2 3 18% 29556 4838 39%
c f  2.68  0 105 28 8866 20 113213 13340 1.6 12 7 2 3 18% 29554 4839 39%
c }  2.75  0 105 28 9406 20 117029 16847 1.6 12 7 2 3 18% 29554 4839 39%
c [  2.75  0 175 28 9406  2 117029 16847 2.0 51 25 2 5 33% 29554 4839 39%
c I  2.80  0 170 28 9406  2 120030 19645 2.1 50 24 2 5 33% 29554 4839 39%
c -  2.83  0 170 29 9407  2 121626 14771 2.1 50 24 2 5 33% 29554 4839 39%
c p  2.83  0 170 29 9407  2 121626 14923 2.1 50 24 2 5 33% 29554 4839 39%
c =  2.85  0 170 29 9407  2 121626 14595 2.1 50 24 2 5 33% 29553 4787 39%
c u  2.86  0 170 29 9407  2 121626 13922 2.1 50 24 2 5 33% 29537 4787 39%
c v  2.86  0 170 29 9407  2 121626 13679 2.1 50 24 2 5 33% 29537 4787 39%
c 
c  seconds   reductions   conflicts         size   tier2      variables
c         MB      restarts       redundant     glue   trail        remaining
c           level       rate          size/glue  tier1  irredundant
c 
c w  2.86  0 170 29 9407  2 121626 13676 2.1 50 24 2 5 33% 29537 4787 39%
c 2  2.86  0 170 29 9407  2 121626 13673 2.1 50 24 2 5 33% 29531 4787 39%
c f  2.86  0 170 29 9407  2 121626 13673 2.1 50 24 2 5 33% 29524 4790 39%
c -  3.02  0 171 30 9408  2 130347 14108 2.0 49 25 2 5 31% 29524 4790 39%
c =  3.03  0 171 30 9408  2 130347 13444 2.0 49 25 2 5 31% 29524 4709 38%
c 2  3.03  0 171 30 9408  2 130347 13437 2.0 49 25 2 5 31% 29511 4709 38%
c f  3.03  0 171 30 9408  2 130347 13437 2.0 49 25 2 5 31% 29486 4720 38%
c B  3.13  0 172 30 9408  2 136031 18770 2.1 50 24 2 5 32% 29486 4720 38%
c -  3.19  0 172 31 9408  2 139372 13812 2.1 50 24 2 5 32% 29486 4720 38%
c p  3.19  0 172 31 9408  2 139372 13871 2.1 50 24 2 5 32% 29486 4720 38%
c =  3.21  0 172 31 9408  2 139372 13847 2.1 50 24 2 5 32% 29478 4706 38%
c ]  3.32  0 171 31 9408  2 144124 18327 2.1 50 24 2 5 31% 29478 4706 38%
c {  3.32  0 105 31 9408 20 144124 18327 1.6 12 7 2 3 18% 29478 4706 38%
c s  3.34  0 104 31 9496 19 145160 18788 1.6 12 7 2 3 18% 28565 4706 38%
c e  3.34  0 104 31 9496 19 145160 18751 1.6 12 7 2 3 18% 28577 4682 38%
c s  3.35  0 104 31 9496 19 145160 18670 1.6 12 7 2 3 18% 28576 4682 38%
c -  3.41  0 103 32 9851 19 148706 14933 1.6 12 7 2 3 18% 28576 4682 38%
c d  3.41  0 103 32 9851 19 148706 14914 1.6 12 7 2 3 18% 28576 4679 38%
c p  3.41  0 103 32 9851 19 148706 15096 1.6 12 7 2 3 18% 28576 4679 38%
c 2  3.41  0 103 32 9851 19 148706 15096 1.6 12 7 2 3 18% 28574 4679 38%
c 
c  seconds   reductions   conflicts         size  tier2      variables
c         MB      restarts       redundant     glue  trail        remaining
c           level       rate          size/glue tier1  irredundant
c 
c =  3.43  0 103 32 9851 19 148706 14878 1.6 12 7 2 3 18% 28462 4584 37%
c u  3.44  0 103 32 9851 19 148706 14193 1.6 12 7 2 3 18% 28391 4584 37%
c v  3.44  0 103 32 9851 19 148706 13869 1.6 12 7 2 3 18% 28391 4584 37%
c w  3.44  0 103 32 9851 19 148706 13869 1.6 12 7 2 3 18% 28391 4584 37%
c t  3.44  0 103 32 9851 19 148706 13869 1.6 12 7 2 3 18% 28388 4584 37%
c 2  3.44  0 103 32 9851 19 148706 13867 1.6 12 7 2 3 18% 28384 4584 37%
c f  3.44  0 103 32 9851 19 148706 13862 1.6 12 7 2 3 18% 28377 4590 37%
c #  3.50  0 101 32 10254 18 153032 17678 1.6 12 7 2 3 17% 28377 4590 37%
c -  3.57  0 99 33 10585 17 158346 16101 1.6 12 7 2 3 17% 28377 4590 37%
c d  3.57  0 99 33 10585 17 158346 16054 1.6 12 7 2 3 17% 28377 4586 37%
c 2  3.57  0 99 33 10585 17 158346 16052 1.6 12 7 2 3 17% 28375 4586 37%
c =  3.58  0 99 33 10585 17 158346 16047 1.6 12 7 2 3 17% 28368 4578 37%
c -  3.75  0 97 34 11598 16 168294 18243 1.7 12 7 2 3 17% 28368 4578 37%
c p  3.75  0 97 34 11598 16 168294 18489 1.7 12 7 2 3 17% 28368 4578 37%
c =  3.78  0 97 34 11598 16 168294 16619 1.7 12 7 2 3 17% 28364 4485 37%
c u  3.78  0 97 34 11598 16 168294 16050 1.7 12 7 2 3 17% 28160 4485 37%
c v  3.79  0 97 34 11598 16 168294 15819 1.7 12 7 2 3 17% 28160 4485 37%
c t  3.79  0 97 34 11598 16 168294 15818 1.7 12 7 2 3 17% 28160 4485 37%
c 2  3.79  0 97 34 11598 16 168294 15816 1.7 12 7 2 3 17% 28156 4485 37%
c f  3.79  0 97 34 11598 16 168294 15816 1.7 12 7 2 3 17% 28146 4490 37%
c 
c  seconds  reductions    conflicts         size  tier2      variables
c         MB      restarts       redundant     glue  trail        remaining
c          level        rate          size/glue tier1  irredundant
c 
c }  3.81  0 97 34 11648 16 170000 17247 1.7 12 7 2 3 16% 28146 4490 37%
c [  3.81  0 171 34 11648  2 170000 17247 2.1 50 24 2 5 35% 28146 4490 37%
c W  3.86  0 169 34 11648  2 171034 18226 2.1 50 24 2 5 35% 28146 4490 37%
c -  3.94  0 167 35 11653  2 178549 17415 2.1 48 23 2 5 34% 28146 4490 37%
c =  3.95  0 167 35 11653  2 178549 15455 2.1 48 23 2 5 34% 28146 4448 36%
c t  3.95  0 167 35 11653  2 178549 15454 2.1 48 23 2 5 34% 28146 4448 36%
c s  4.07  0 165 35 11657  2 186914 22220 2.0 47 23 2 5 33% 26803 4448 36%
c e  4.08  0 165 35 11657  2 186914 21937 2.0 47 23 2 5 33% 23899 4009 33%
c s  4.08  0 165 35 11657  2 186914 21764 2.0 47 23 2 5 33% 23864 4009 33%
c e  4.08  0 165 35 11657  2 186914 21754 2.0 47 23 2 5 33% 23848 4007 33%
c -  4.12  0 164 36 11658  2 189113 15370 2.0 46 23 2 5 26% 23848 4007 33%
c d  4.12  0 164 36 11658  2 189113 15359 2.0 46 23 2 5 26% 23848 4003 33%
c p  4.12  0 164 36 11658  2 189113 15390 2.0 46 23 2 5 26% 23848 4003 33%
c =  4.13  0 164 36 11658  2 189113 15348 2.0 46 23 2 5 26% 23848 3989 32%
c t  4.13  0 164 36 11658  2 189113 15348 2.0 46 23 2 5 26% 23847 3989 32%
c 2  4.13  0 164 36 11658  2 189113 15348 2.0 46 23 2 5 26% 23845 3989 32%
c f  4.13  0 164 36 11658  2 189113 15348 2.0 46 23 2 5 26% 23838 3992 32%
c O  4.14  0 164 36 11659  2 190035 16148 2.0 46 23 2 5 28% 23838 3992 32%
c -  4.23  0 158 37 11663  2 199985 16731 2.0 43 22 2 5 25% 23838 3992 32%
c u  4.25  0 158 37 11663  2 199985 16495 2.0 43 22 2 5 25% 23823 3991 32%
c 
c  seconds   reductions    conflicts         size   tier2      variables
c         MB       restarts       redundant     glue   trail        remaining
c           level        rate          size/glue  tier1  irredundant
c 
c v  4.25  0 158 37 11663  2 199985 16404 2.0 43 22 2 5 25% 23823 3991 32%
c w  4.25  0 158 37 11663  2 199985 16401 2.0 43 22 2 5 25% 23823 3991 32%
c x  4.25  0 158 37 11663  2 199985 16401 2.0 43 22 2 5 25% 23776 3991 32%
c B  4.38  0 158 37 11666  2 210037 25693 2.0 43 21 2 5 27% 23776 3991 32%
c -  4.39  0 157 38 11667  2 211166 17524 2.0 42 21 2 5 27% 23776 3991 32%
c p  4.39  0 157 38 11667  2 211166 17560 2.0 42 21 2 5 27% 23776 3990 32%
c c  4.40  0 157 38 11667  2 211166 17560 2.0 42 21 2 5 27% 23765 3990 32%
c d  4.40  0 157 38 11667  2 211166 17551 2.0 42 21 2 5 27% 23759 3987 32%
c 2  4.40  0 157 38 11667  2 211166 17550 2.0 42 21 2 5 27% 23757 3987 32%
c f  4.40  0 157 38 11667  2 211166 17549 2.0 42 21 2 5 27% 23750 3990 32%
c -  4.56  0 158 39 11673  2 222654 18113 2.0 42 21 2 5 28% 23750 3990 32%
c p  4.56  0 158 39 11673  2 222654 18165 2.0 42 21 2 5 28% 23750 3990 32%
c ]  4.59  0 156 39 11675  2 224966 20167 2.0 41 21 2 5 27% 23750 3990 32%
c {  4.59  0 97 39 11675 16 224966 20167 1.7 12 7 2 3 17% 23750 3990 32%
c B  4.65  0 94 39 11918 15 231039 25465 1.7 12 7 2 3 17% 23750 3990 32%
c s  4.68  0 94 39 11988 14 233236 26765 1.7 12 7 2 3 16% 23665 3990 32%
c t  4.68  0 94 39 11988 14 233236 26764 1.7 12 7 2 3 16% 23665 3990 32%
c e  4.69  0 94 39 11988 14 233236 25037 1.7 12 7 2 3 16% 21053 3604 29%
c s  4.69  0 94 39 11988 14 233236 24868 1.7 12 7 2 3 16% 21046 3604 29%
c e  4.70  0 94 39 11988 14 233236 24762 1.7 12 7 2 3 16% 21028 3600 29%
c 
c  seconds  reductions    conflicts         size  tier2      variables
c         MB      restarts       redundant     glue  trail        remaining
c          level        rate          size/glue tier1  irredundant
c 
c -  4.72  0 93 40 12065 14 234450 18842 1.7 12 7 2 3 19% 21027 3600 29%
c p  4.72  0 93 40 12065 14 234450 18915 1.7 12 7 2 3 19% 21019 3599 29%
c u  4.73  0 93 40 12065 14 234450 18299 1.7 12 7 2 3 19% 21019 3599 29%
c v  4.74  0 93 40 12065 14 234450 18142 1.7 12 7 2 3 19% 21019 3599 29%
c w  4.74  0 93 40 12065 14 234450 18142 1.7 12 7 2 3 19% 21019 3599 29%
c t  4.74  0 93 40 12065 14 234450 18138 1.7 12 7 2 3 19% 21019 3599 29%
c f  4.74  0 93 40 12065 14 234450 18137 1.7 12 7 2 3 19% 21004 3605 29%
c -  4.88  0 89 41 12671 13 246556 21584 1.7 12 7 2 3 16% 21004 3605 29%
c p  4.88  0 89 41 12671 13 246556 21585 1.7 12 7 2 3 16% 21004 3605 29%
c W  4.98  0 87 41 13077 12 253040 27336 1.7 12 7 2 3 16% 21004 3605 29%
c -  5.07  0 85 42 13462 12 258970 24276 1.7 12 7 2 3 16% 21004 3605 29%
c p  5.07  0 85 42 13462 12 258970 24477 1.7 12 7 2 3 16% 21004 3605 29%
c u  5.09  0 85 42 13462 12 258970 23986 1.7 12 7 2 3 16% 21004 3605 29%
c v  5.10  0 85 42 13462 12 258970 23870 1.7 12 7 2 3 16% 21004 3605 29%
c t  5.10  0 85 42 13462 12 258970 23868 1.7 12 7 2 3 16% 21004 3605 29%
c f  5.10  0 85 42 13462 12 258970 23867 1.7 12 7 2 3 16% 21003 3606 29%
c }  5.18  0 83 42 13825 11 264934 29179 1.7 12 7 2 3 16% 21003 3606 29%
c [  5.18  0 156 42 13825  2 264934 29179 2.0 41 21 2 5 30% 21003 3606 29%
c -  5.26  0 156 43 13827  2 271692 25464 2.0 41 21 2 4 31% 21003 3606 29%
c p  5.26  0 156 43 13827  2 271692 25465 2.0 41 21 2 4 31% 21003 3606 29%
c 
c  seconds   reductions    conflicts         size   tier2      variables
c         MB       restarts       redundant     glue   trail        remaining
c           level        rate          size/glue  tier1  irredundant
c 
c W  5.35  0 153 43 13828  2 276042 29408 2.0 40 20 2 4 31% 21003 3606 29%
c s  5.45  0 152 43 13829  2 284161 35983 2.0 40 20 2 4 31% 20999 3606 29%
c e  5.46  0 152 43 13829  2 284161 35946 2.0 40 20 2 4 31% 20996 3602 29%
c s  5.47  0 152 43 13829  2 284161 35694 2.0 40 20 2 4 31% 20991 3602 29%
c e  5.47  0 152 43 13829  2 284161 35684 2.0 40 20 2 4 31% 20980 3601 29%
c -  5.48  0 152 44 13829  2 284723 25598 2.0 40 20 2 4 31% 20980 3601 29%
c p  5.48  0 152 44 13829  2 284723 25630 2.0 40 20 2 4 31% 20980 3601 29%
c u  5.49  0 152 44 13829  2 284723 25351 2.0 40 20 2 4 31% 20980 3601 29%
c v  5.49  0 152 44 13829  2 284723 25302 2.0 40 20 2 4 31% 20980 3601 29%
c w  5.49  0 152 44 13829  2 284723 25302 2.0 40 20 2 4 31% 20980 3601 29%
c f  5.50  0 152 44 13829  2 284723 25302 2.0 40 20 2 4 31% 20978 3602 29%
c -  5.80  0 147 45 13830  1 298062 25493 2.1 43 20 2 4 35% 20978 3602 29%
c p  5.80  0 147 45 13830  1 298062 25646 2.1 43 20 2 4 35% 20978 3602 29%
c I  5.83  0 146 45 13830  1 300043 27514 2.1 43 20 2 4 35% 20978 3602 29%
c ]  5.99  0 145 45 13830  1 306819 34065 2.2 45 20 2 4 37% 20978 3602 29%
c {  5.99  0 83 45 13830 11 306819 34065 1.7 12 7 2 3 16% 20978 3602 29%
c -  6.06  0 82 46 14213 11 311710 26786 1.7 12 7 2 3 16% 20978 3602 29%
c p  6.06  0 82 46 14213 11 311710 26845 1.7 12 7 2 3 16% 20978 3602 29%
c u  6.09  0 82 46 14213 11 311710 26220 1.7 12 7 2 3 16% 20978 3602 29%
c v  6.09  0 82 46 14213 11 311710 26080 1.7 12 7 2 3 16% 20978 3602 29%
c 
c  seconds  reductions    conflicts         size  tier2      variables
c         MB      restarts       redundant     glue  trail        remaining
c          level        rate          size/glue tier1  irredundant
c 
c t  6.10  0 82 46 14213 11 311710 26078 1.7 12 7 2 3 16% 20978 3602 29%
c F  6.37  0 80 46 16064 11 325044 38194 1.7 13 7 2 3 17% 20978 3602 29%
c -  6.38  0 80 47 16155 11 325667 29041 1.7 13 7 2 3 17% 20978 3602 29%
c p  6.39  0 80 47 16155 11 325667 29179 1.7 13 7 2 3 17% 20978 3602 29%
c u  6.40  0 80 47 16155 11 325667 28958 1.7 13 7 2 3 17% 20978 3602 29%
c v  6.40  0 80 47 16155 11 325667 28892 1.7 13 7 2 3 17% 20978 3602 29%
c x  6.40  0 80 47 16155 11 325667 28892 1.7 13 7 2 3 17% 20968 3602 29%
c t  6.40  0 80 47 16155 11 325667 28892 1.7 13 7 2 3 17% 20961 3602 29%
c }  6.57  0 79 47 17269 12 333243 35836 1.7 13 7 1 2 17% 20961 3602 29%
c [  6.57  0 145 47 17269  1 333243 35836 2.2 45 20 2 4 37% 20961 3602 29%
c -  6.79  0 144 48 17269  1 339935 25200 2.3 48 21 2 4 40% 20961 3602 29%
c p  6.80  0 144 48 17269  1 339935 25332 2.3 48 21 2 4 40% 20961 3602 29%
c u  6.80  0 144 48 17269  1 339935 24787 2.3 48 21 2 4 40% 20961 3602 29%
c v  6.80  0 144 48 17269  1 339935 24501 2.3 48 21 2 4 40% 20961 3602 29%
c w  6.81  0 144 48 17269  1 339935 24497 2.3 48 21 2 4 40% 20961 3602 29%
c t  6.81  0 144 48 17269  1 339935 24495 2.3 48 21 2 4 40% 20961 3602 29%
c f  6.81  0 144 48 17269  1 339935 24491 2.3 48 21 2 4 40% 20963 3603 29%
c s  6.83  0 145 48 17269  1 340097 24083 2.3 48 21 2 4 40% 20962 3603 29%
c e  6.83  0 145 48 17269  1 340097 23843 2.3 48 21 2 4 40% 20959 3591 29%
c s  6.84  0 145 48 17269  1 340097 23756 2.3 48 21 2 4 40% 20959 3591 29%
c 
c  seconds   reductions    conflicts         size   tier2      variables
c         MB       restarts       redundant     glue   trail        remaining
c           level        rate          size/glue  tier1  irredundant
c 
c ^  6.84  0 145 48 17269  1 340097 23756 2.3 48 21 2 4 40% 20959 3591 29%
c B  7.24  0 150 48 17269  1 351045 34391 2.2 53 25 2 4 40% 20959 3591 29%
c -  7.28  0 149 49 17269  1 354511 22776 2.1 52 24 2 4 39% 20959 3591 29%
c p  7.29  0 149 49 17269  1 354511 22894 2.1 52 24 2 4 39% 20959 3590 29%
c u  7.29  0 149 49 17269  1 354511 22609 2.1 52 24 2 4 39% 20959 3590 29%
c v  7.29  0 149 49 17269  1 354511 22603 2.1 52 24 2 4 39% 20959 3590 29%
c w  7.29  0 149 49 17269  1 354511 22603 2.1 52 24 2 4 39% 20959 3590 29%
c t  7.30  0 149 49 17269  1 354511 22599 2.1 52 24 2 4 39% 20959 3590 29%
c ]  7.49  0 145 49 17276  1 367800 35092 2.2 50 23 2 4 38% 20959 3590 29%
c {  7.49  0 79 49 17276 12 367800 35092 1.7 13 7 1 2 17% 20959 3590 29%
c -  7.53  0 79 50 17492 12 369396 22166 1.7 13 7 1 2 17% 20959 3590 29%
c p  7.53  0 79 50 17492 12 369396 22188 1.7 13 7 1 2 17% 20959 3590 29%
c t  7.53  0 79 50 17492 12 369396 22173 1.7 13 7 1 2 17% 20959 3590 29%
c B  7.66  0 77 50 18204 11 378047 30013 1.8 13 7 1 2 17% 20959 3590 29%
c -  7.79  0 76 51 19062 11 384591 23674 1.8 13 7 1 2 17% 20959 3590 29%
c p  7.79  0 76 51 19062 11 384591 23770 1.8 13 7 1 2 17% 20959 3590 29%
c u  7.82  0 76 51 19062 11 384591 23198 1.8 13 7 1 2 17% 20959 3590 29%
c v  7.82  0 76 51 19062 11 384591 23192 1.8 13 7 1 2 17% 20959 3590 29%
c w  7.82  0 76 51 19062 11 384591 23191 1.8 13 7 1 2 17% 20959 3590 29%
c t  7.82  0 76 51 19062 11 384591 23187 1.8 13 7 1 2 17% 20959 3590 29%
c 
c  seconds  reductions    conflicts         size  tier2      variables
c         MB      restarts       redundant     glue  trail        remaining
c          level        rate          size/glue tier1  irredundant
c 
c -  8.14  0 75 52 21037 11 400094 24798 1.8 13 7 1 2 17% 20959 3590 29%
c p  8.15  0 75 52 21037 11 400094 24913 1.8 13 7 1 2 17% 20959 3590 29%
c u  8.16  0 75 52 21037 11 400094 24526 1.8 13 7 1 2 17% 20959 3590 29%
c v  8.16  0 75 52 21037 11 400094 24437 1.8 13 7 1 2 17% 20959 3590 29%
c t  8.16  0 75 52 21037 11 400094 24435 1.8 13 7 1 2 17% 20959 3590 29%
c s  8.19  0 75 52 21205 11 401180 25118 1.8 13 7 1 2 17% 20952 3590 29%
c e  8.21  0 75 52 21205 11 401180 24385 1.8 13 7 1 2 17% 21092 3513 29%
c s  8.21  0 75 52 21205 11 401180 24297 1.8 13 7 1 2 17% 21066 3513 29%
c e  8.21  0 75 52 21205 11 401180 24296 1.8 13 7 1 2 17% 21062 3512 29%
c }  8.23  0 75 52 21346 11 402126 25174 1.8 13 7 1 2 17% 21062 3512 29%
c [  8.23  0 145 52 21346  1 402126 25174 2.2 50 23 2 4 38% 21062 3512 29%
c W  8.36  0 144 52 21348  1 406051 28925 2.2 50 23 2 4 38% 21062 3512 29%
c -  8.52  0 142 53 21353  1 415907 24615 2.2 49 23 2 4 37% 21062 3512 29%
c 2  8.52  0 142 53 21353  1 415907 24610 2.2 49 23 2 4 37% 21062 3512 29%
c p  8.53  0 142 53 21353  1 415907 24672 2.2 49 23 2 4 37% 21062 3512 29%
c f  8.53  0 142 53 21353  1 415907 24670 2.2 49 23 2 4 37% 21049 3517 29%
c -  8.91  0 144 54 21359  1 432031 24583 2.2 52 24 2 4 39% 21049 3517 29%
c p  8.92  0 144 54 21359  1 432031 24632 2.2 52 24 2 4 39% 21049 3517 29%
c u  8.92  0 144 54 21359  1 432031 24235 2.2 52 24 2 4 39% 21049 3517 29%
c v  8.92  0 144 54 21359  1 432031 24234 2.2 52 24 2 4 39% 21049 3517 29%
c 
c  seconds   reductions    conflicts         size   tier2      variables
c         MB       restarts       redundant     glue   trail        remaining
c           level        rate          size/glue  tier1  irredundant
c 
c w  8.92  0 144 54 21359  1 432031 24234 2.2 52 24 2 4 39% 21049 3517 29%
c t  8.92  0 144 54 21359  1 432031 24230 2.2 52 24 2 4 39% 21049 3517 29%
c O  8.99  0 143 54 21361  1 435052 27091 2.2 52 23 2 4 39% 21049 3517 29%
c -  9.23  0 143 55 21368  1 448465 24072 2.2 52 23 2 4 39% 21049 3517 29%
c p  9.23  0 143 55 21368  1 448465 24136 2.2 52 23 2 4 39% 21049 3517 29%
c ]  9.36  0 143 55 21369  1 454601 29796 2.2 52 23 2 4 39% 21049 3517 29%
c {  9.36  0 75 55 21369 11 454601 29796 1.8 13 7 1 2 17% 21049 3517 29%
c W  9.58  0 73 55 22546 11 465053 39324 1.8 13 7 1 2 17% 21049 3517 29%
c -  9.59  0 73 56 22574 11 465208 25698 1.8 13 7 1 2 17% 21049 3517 29%
c p  9.60  0 73 56 22574 11 465208 25760 1.8 13 7 1 2 17% 21049 3517 29%
c u  9.60  0 73 56 22574 11 465208 25331 1.8 13 7 1 2 17% 21049 3517 29%
c v  9.61  0 73 56 22574 11 465208 25083 1.8 13 7 1 2 17% 21049 3517 29%
c x  9.61  0 73 56 22574 11 465208 25083 1.8 13 7 1 2 17% 21026 3517 29%
c s  9.68  0 73 56 23046 11 468372 27765 1.8 13 7 1 2 17% 21017 3517 29%
c e  9.69  0 73 56 23046 11 468372 27739 1.8 13 7 1 2 17% 21018 3516 29%
c s  9.69  0 73 56 23046 11 468372 27682 1.8 13 7 1 2 17% 21015 3516 29%
c -  9.99  0 73 57 24831 11 482259 26858 1.8 13 8 1 2 17% 21015 3516 29%
c p  9.99  0 73 57 24831 11 482259 26947 1.8 13 8 1 2 17% 21015 3516 29%
c = 10.03  0 73 57 24831 11 482259 26918 1.8 13 8 1 2 17% 20995 3507 29%
c u 10.04  0 73 57 24831 11 482259 26702 1.8 13 8 1 2 17% 20995 3507 29%
c 
c  seconds  reductions    conflicts         size  tier2      variables
c         MB      restarts       redundant     glue  trail        remaining
c          level        rate          size/glue tier1  irredundant
c 
c v 10.04  0 73 57 24831 11 482259 26454 1.8 13 8 1 2 17% 20995 3507 29%
c w 10.04  0 73 57 24831 11 482259 26454 1.8 13 8 1 2 17% 20995 3507 29%
c } 10.23  0 72 57 26103 11 491788 35228 1.8 13 8 1 2 17% 20995 3507 29%
c [ 10.23  0 143 57 26103  1 491788 35228 2.2 52 23 2 4 39% 20995 3507 29%
c B 10.31  0 142 57 26103  1 496055 39367 2.3 53 23 2 4 39% 20995 3507 29%
c - 10.38  0 143 58 26104  1 499620 27920 2.3 53 23 2 4 39% 20995 3507 29%
c p 10.39  0 143 58 26104  1 499620 28004 2.3 53 23 2 4 39% 20995 3507 29%
c u 10.40  0 143 58 26104  1 499620 27795 2.3 53 23 2 4 39% 20995 3507 29%
c v 10.40  0 143 58 26104  1 499620 27627 2.3 53 23 2 4 39% 20995 3507 29%
c w 10.40  0 143 58 26104  1 499620 27625 2.3 53 23 2 4 39% 20995 3507 29%
c - 10.65  0 138 59 26107  1 517291 27391 2.2 50 22 2 4 36% 20995 3507 29%
c p 10.66  0 138 59 26107  1 517291 27392 2.2 50 22 2 4 36% 20995 3507 29%
c W 10.84  0 137 59 26113  1 528057 37164 2.2 49 22 2 4 36% 20995 3507 29%
c - 11.04  0 137 60 26117  1 535271 26941 2.2 51 23 2 4 37% 20995 3507 29%
c p 11.04  0 137 60 26117  1 535271 27023 2.2 51 23 2 4 37% 20995 3507 29%
c u 11.07  0 137 60 26117  1 535271 26801 2.2 51 23 2 4 37% 20995 3507 29%
c v 11.07  0 137 60 26117  1 535271 26789 2.2 51 23 2 4 37% 20995 3507 29%
c w 11.07  0 137 60 26117  1 535271 26782 2.2 51 23 2 4 37% 20995 3507 29%
c s 11.27  0 138 60 26119  1 540596 31638 2.2 52 24 2 4 37% 20959 3507 29%
c e 11.28  0 138 60 26119  1 540596 31440 2.2 52 24 2 4 37% 19948 3356 27%
c 
c  seconds   reductions    conflicts         size   tier2      variables
c         MB       restarts       redundant     glue   trail        remaining
c           level        rate          size/glue  tier1  irredundant
c 
c s 11.29  0 138 60 26119  1 540596 31386 2.2 52 24 2 4 37% 19938 3356 27%
c e 11.29  0 138 60 26119  1 540596 31385 2.2 52 24 2 4 37% 19933 3355 27%
c ] 11.64  0 141 60 26122  1 550021 40404 2.3 58 26 2 4 40% 19933 3355 27%
c { 11.64  0 72 60 26122 11 550021 40404 1.8 13 8 1 2 17% 19933 3355 27%
c - 11.67  0 71 61 26171 11 553562 27629 1.8 13 7 1 2 17% 19933 3355 27%
c 2 11.67  0 71 61 26171 11 553562 27626 1.8 13 7 1 2 17% 19933 3355 27%
c p 11.67  0 71 61 26171 11 553562 27681 1.8 13 7 1 2 17% 19933 3355 27%
c u 11.68  0 71 61 26171 11 553562 27330 1.8 13 7 1 2 17% 19933 3355 27%
c v 11.68  0 71 61 26171 11 553562 27278 1.8 13 7 1 2 17% 19933 3355 27%
c w 11.68  0 71 61 26171 11 553562 27278 1.8 13 7 1 2 17% 19933 3355 27%
c # 11.73  0 72 61 26339 11 561060 33732 1.8 13 7 1 2 16% 19933 3355 27%
c - 11.84  0 72 62 26753 10 572162 29345 1.8 13 7 1 2 17% 19932 3355 27%
c p 11.84  0 72 62 26753 10 572162 29346 1.8 13 7 1 2 17% 19932 3355 27%
c t 11.84  0 72 62 26753 10 572162 29345 1.8 13 7 1 2 17% 19932 3355 27%
c - 12.01  0 72 63 27461  9 591073 30982 1.8 13 7 1 2 17% 19932 3355 27%
c p 12.02  0 72 63 27461  9 591073 31027 1.8 13 7 1 2 17% 19932 3355 27%
c u 12.02  0 72 63 27461  9 591073 30836 1.8 13 7 1 2 17% 19932 3355 27%
c v 12.02  0 72 63 27461  9 591073 30833 1.8 13 7 1 2 17% 19932 3355 27%
c w 12.02  0 72 63 27461  9 591073 30833 1.8 13 7 1 2 17% 19932 3355 27%
c B 12.06  0 71 63 27558  9 595061 34297 1.8 13 7 1 2 16% 19932 3355 27%
c 
c  seconds  reductions    conflicts         size  tier2      variables
c         MB      restarts       redundant     glue  trail        remaining
c          level        rate          size/glue tier1  irredundant
c 
c - 12.24  0 71 64 28430  8 610293 32797 1.8 13 7 1 2 17% 19932 3355 27%
c p 12.24  0 71 64 28430  8 610293 32798 1.8 13 7 1 2 17% 19932 3355 27%
c s 12.35  0 71 64 28775  8 617720 38757 1.8 13 7 1 2 17% 19927 3355 27%
c t 12.35  0 71 64 28775  8 617720 38756 1.8 13 7 1 2 17% 19927 3355 27%
c s 12.36  0 71 64 28775  8 617720 38518 1.8 13 7 1 2 17% 19927 3355 27%
c ^ 12.36  0 71 64 28775  8 617720 38518 1.8 13 7 1 2 17% 19927 3355 27%
c - 12.53  0 71 65 29738  8 629823 33891 1.8 13 7 1 2 17% 19927 3355 27%
c p 12.54  0 71 65 29738  8 629823 33932 1.8 13 7 1 2 17% 19927 3355 27%
c u 12.55  0 71 65 29738  8 629823 33564 1.8 13 7 1 2 17% 19927 3355 27%
c v 12.55  0 71 65 29738  8 629823 33489 1.8 13 7 1 2 17% 19927 3355 27%
c W 12.59  0 71 65 29783  8 630067 33711 1.8 13 7 1 2 17% 19927 3355 27%
c } 12.77  0 71 65 30696  8 645198 47152 1.8 13 7 1 2 17% 19927 3355 27%
c [ 12.77  0 141 65 30696  1 645198 47152 2.3 58 26 2 4 40% 19927 3355 27%
c - 12.83  0 139 66 30699  1 649664 35379 2.3 57 25 2 4 39% 19927 3355 27%
c p 12.83  0 139 66 30699  1 649664 35380 2.3 57 25 2 4 39% 19927 3355 27%
c I 13.07  0 135 66 30707  1 666069 50840 2.2 53 24 1 2 37% 19927 3355 27%
c - 13.12  0 134 67 30708  1 669814 36595 2.2 53 24 1 2 37% 19927 3355 27%
c p 13.12  0 134 67 30708  1 669814 36636 2.2 53 24 1 2 37% 19927 3355 27%
c u 13.13  0 134 67 30708  1 669814 36415 2.2 53 24 1 2 37% 19927 3355 27%
c v 13.13  0 134 67 30708  1 669814 36250 2.2 53 24 1 2 37% 19927 3355 27%
c 
c  seconds   reductions    conflicts         size   tier2      variables
c         MB       restarts       redundant     glue   trail        remaining
c           level        rate          size/glue  tier1  irredundant
c 
c w 13.13  0 134 67 30708  1 669814 36250 2.2 53 24 1 2 37% 19927 3355 27%
c x 13.14  0 134 67 30708  1 669814 36249 2.2 53 24 1 2 37% 19919 3355 27%
c t 13.14  0 134 67 30708  1 669814 36248 2.2 53 24 1 2 37% 19919 3355 27%
c - 13.66  0 138 68 30709  1 690274 34976 2.2 55 25 1 2 37% 19919 3355 27%
c p 13.66  0 138 68 30709  1 690274 34987 2.2 55 25 1 2 37% 19919 3355 27%
c u 13.67  0 138 68 30709  1 690274 34799 2.2 55 25 1 2 37% 19919 3355 27%
c v 13.67  0 138 68 30709  1 690274 34793 2.2 55 25 1 2 37% 19919 3355 27%
c w 13.67  0 138 68 30709  1 690274 34792 2.2 55 25 1 2 37% 19919 3355 27%
c s 13.89  0 139 68 30710  1 699972 43660 2.2 56 25 1 2 38% 19919 3355 27%
c e 13.90  0 139 68 30710  1 699972 24620 2.2 56 25 1 2 38% 20784 3021 25%
c s 13.91  0 139 68 30710  1 699972 24437 2.2 56 25 1 2 38% 20590 3021 25%
c e 13.92  0 139 68 30710  1 699972 23417 2.2 56 25 1 2 38% 20716 2969 24%
c B 13.97  0 139 68 30710  1 703070 26356 2.2 55 25 1 2 46% 20716 2969 24%
c - 14.11  0 141 69 30710  1 711044 22569 2.2 56 25 1 2 50% 20716 2969 24%
c 2 14.11  0 141 69 30710  1 711044 22555 2.2 56 25 1 2 50% 20716 2969 24%
c p 14.11  0 141 69 30710  1 711044 22631 2.2 56 25 1 2 50% 20716 2969 24%
c u 14.14  0 141 69 30710  1 711044 22429 2.2 56 25 1 2 50% 20716 2969 24%
c v 14.14  0 141 69 30710  1 711044 22422 2.2 56 25 1 2 50% 20716 2969 24%
c w 14.14  0 141 69 30710  1 711044 22419 2.2 56 25 1 2 50% 20716 2969 24%
c t 14.14  0 141 69 30710  1 711044 22419 2.2 56 25 1 2 50% 20714 2969 24%
c 
c  seconds   reductions    conflicts         size   tier2      variables
c         MB       restarts       redundant     glue   trail        remaining
c           level        rate          size/glue  tier1  irredundant
c 
c f 14.15  0 141 69 30710  1 711044 22418 2.2 56 25 1 2 50% 20676 2976 24%
c ] 14.41  0 143 69 30710  1 725439 36134 2.2 55 25 1 2 42% 20676 2976 24%
c { 14.41  0 71 69 30710  8 725439 36134 1.8 13 7 1 2 20% 20676 2976 24%
c - 14.46  0 71 70 30921  8 732124 26175 1.8 13 7 1 2 20% 20676 2976 24%
c p 14.46  0 71 70 30921  8 732124 26229 1.8 13 7 1 2 20% 20676 2976 24%
c F 14.54  0 71 70 31234  7 741072 33948 1.8 13 7 1 2 19% 20676 2976 24%
c - 14.69  0 69 71 31941  7 753515 28852 1.8 13 7 1 2 19% 20676 2976 24%
c p 14.69  0 69 71 31941  7 753515 28901 1.8 13 7 1 2 19% 20676 2976 24%
c u 14.70  0 69 71 31941  7 753515 28446 1.8 13 7 1 2 19% 20676 2976 24%
c v 14.70  0 69 71 31941  7 753515 28208 1.8 13 7 1 2 19% 20676 2976 24%
c w 14.70  0 69 71 31941  7 753515 28206 1.8 13 7 1 2 19% 20676 2976 24%
c t 14.70  0 69 71 31941  7 753515 28204 1.8 13 7 1 2 19% 20676 2976 24%
c - 14.99  0 68 72 33549  7 775219 30771 1.8 13 7 1 2 18% 20676 2976 24%
c p 15.00  0 68 72 33549  7 775219 30817 1.8 13 7 1 2 18% 20676 2976 24%
c u 15.00  0 68 72 33549  7 775219 30493 1.8 13 7 1 2 18% 20676 2976 24%
c v 15.01  0 68 72 33549  7 775219 30257 1.8 13 7 1 2 18% 20676 2976 24%
c w 15.01  0 68 72 33549  7 775219 30256 1.8 13 7 1 2 18% 20676 2976 24%
c t 15.01  0 68 72 33549  7 775219 30255 1.8 13 7 1 2 18% 20676 2976 24%
c B 15.06  0 68 72 33937  7 780075 34474 1.8 13 7 1 2 18% 20676 2976 24%
c s 15.31  0 68 72 35344  7 795264 47063 1.8 13 7 1 2 18% 20621 2976 24%
c 
c  seconds  reductions    conflicts         size  tier2      variables
c         MB      restarts       redundant     glue  trail        remaining
c          level        rate          size/glue tier1  irredundant
c 
c e 15.32  0 68 72 35344  7 795264 46809 1.8 13 7 1 2 18% 20634 2972 24%
c s 15.33  0 68 72 35344  7 795264 46577 1.8 13 7 1 2 18% 20623 2972 24%
c - 15.38  0 68 73 35612  7 797230 31675 1.8 13 7 1 2 18% 20623 2972 24%
c p 15.38  0 68 73 35612  7 797230 31720 1.8 13 7 1 2 18% 20623 2972 24%
c u 15.39  0 68 73 35612  7 797230 31451 1.8 13 7 1 2 18% 20623 2972 24%
c v 15.39  0 68 73 35612  7 797230 31279 1.8 13 7 1 2 18% 20623 2972 24%
c } 15.60  0 68 73 37133  8 811361 43816 1.8 13 7 1 2 18% 20623 2972 24%
c [ 15.60  0 143 73 37133  1 811361 43816 2.2 55 25 1 2 42% 20623 2972 24%
c - 15.76  0 143 74 37134  1 819551 33707 2.2 55 25 1 2 45% 20623 2972 24%
c p 15.76  0 143 74 37134  1 819551 33748 2.2 55 25 1 2 45% 20623 2972 24%
c u 15.77  0 143 74 37134  1 819551 33510 2.2 55 25 1 2 45% 20623 2972 24%
c v 15.77  0 143 74 37134  1 819551 33338 2.2 55 25 1 2 45% 20623 2972 24%
c w 15.77  0 143 74 37134  1 819551 33338 2.2 55 25 1 2 45% 20623 2972 24%
c t 15.77  0 143 74 37134  1 819551 33336 2.2 55 25 1 2 45% 20621 2972 24%
c W 15.85  0 143 74 37134  1 820076 33846 2.2 55 25 1 2 45% 20621 2972 24%
c - 16.65  0 146 75 37134  1 842183 33914 2.3 66 28 1 2 50% 20621 2972 24%
c p 16.65  0 146 75 37134  1 842183 33954 2.3 66 28 1 2 50% 20621 2972 24%
c u 16.70  0 146 75 37134  1 842183 33704 2.3 66 28 1 2 50% 20621 2972 24%
c v 16.70  0 146 75 37134  1 842183 33460 2.3 66 28 1 2 50% 20621 2972 24%
c w 16.71  0 146 75 37134  1 842183 33458 2.3 66 28 1 2 50% 20621 2972 24%
c 
c  seconds   reductions    conflicts         size   tier2      variables
c         MB       restarts       redundant     glue   trail        remaining
c           level        rate          size/glue  tier1  irredundant
c 
c O 17.05  0 143 75 37134  1 861077 51252 2.2 63 29 1 2 45% 20621 2972 24%
c - 17.10  0 141 76 37134  1 865125 31286 2.2 62 28 1 2 43% 20621 2972 24%
c p 17.10  0 141 76 37134  1 865125 31326 2.2 62 28 1 2 43% 20621 2972 24%
c u 17.11  0 141 76 37134  1 865125 31175 2.2 62 28 1 2 43% 20621 2972 24%
c w 17.11  0 141 76 37134  1 865125 31171 2.2 62 28 1 2 43% 20621 2972 24%
c ] 17.48  0 140 76 37137  1 883618 48534 2.2 62 28 1 2 43% 20621 2972 24%
c { 17.48  0 68 76 37137  8 883618 48534 1.8 13 7 1 2 18% 20621 2972 24%
c - 17.54  0 68 77 37528  8 888379 32879 1.8 13 7 1 2 18% 20621 2972 24%
c p 17.55  0 68 77 37528  8 888379 32914 1.8 13 7 1 2 18% 20621 2972 24%
c u 17.55  0 68 77 37528  8 888379 32799 1.8 13 7 1 2 18% 20621 2972 24%
c v 17.56  0 68 77 37528  8 888379 32614 1.8 13 7 1 2 18% 20621 2972 24%
c s 17.65  0 68 77 37996  7 895875 38735 1.8 13 7 1 2 17% 20619 2972 24%
c s 17.67  0 68 77 37996  7 895875 38655 1.8 13 7 1 2 17% 20619 2972 24%
c ^ 17.67  0 68 77 37996  7 895875 38655 1.8 13 7 1 2 17% 20619 2972 24%
c W 17.82  0 67 77 38715  8 903078 45089 1.8 13 7 1 2 17% 20619 2972 24%
c - 17.95  0 67 78 39383  7 911943 35455 1.8 13 7 1 2 17% 20619 2972 24%
c p 17.95  0 67 78 39383  7 911943 35489 1.8 13 7 1 2 17% 20619 2972 24%
c u 17.96  0 67 78 39383  7 911943 35347 1.8 13 7 1 2 17% 20619 2972 24%
c v 17.96  0 67 78 39383  7 911943 35111 1.8 13 7 1 2 17% 20619 2972 24%
c w 17.96  0 67 78 39383  7 911943 35111 1.8 13 7 1 2 17% 20619 2972 24%
c 
c  seconds  reductions    conflicts         size  tier2      variables
c         MB      restarts       redundant     glue  trail        remaining
c          level        rate          size/glue tier1  irredundant
c 
c - 18.39  0 66 79 42407  8 935819 37123 1.8 13 7 1 2 17% 20619 2972 24%
c p 18.39  0 66 79 42407  8 935819 37157 1.8 13 7 1 2 17% 20619 2972 24%
c u 18.40  0 66 79 42407  8 935819 36969 1.8 13 7 1 2 17% 20619 2972 24%
c v 18.40  0 66 79 42407  8 935819 36690 1.8 13 7 1 2 17% 20619 2972 24%
c # 18.51  0 66 79 43035  8 946080 45666 1.8 13 7 1 2 17% 20619 2972 24%
c } 18.77  0 66 79 44828  8 959593 57830 1.8 13 7 1 2 17% 20619 2972 24%
c [ 18.77  0 140 79 44828  1 959593 57830 2.2 62 28 1 2 43% 20619 2972 24%
c - 18.78  0 140 80 44828  1 960003 38580 2.2 61 28 1 2 43% 20619 2972 24%
c p 18.79  0 140 80 44828  1 960003 38604 2.2 61 28 1 2 43% 20619 2972 24%
c u 18.80  0 140 80 44828  1 960003 38519 2.2 61 28 1 2 43% 20619 2972 24%
c v 18.80  0 140 80 44828  1 960003 38452 2.2 61 28 1 2 43% 20619 2972 24%
c w 18.80  0 140 80 44828  1 960003 38449 2.2 61 28 1 2 43% 20619 2972 24%
c - 19.21  0 138 81 44840  1 984497 40049 2.2 58 27 1 2 42% 20619 2972 24%
c p 19.22  0 138 81 44840  1 984497 40073 2.2 58 27 1 2 42% 20619 2972 24%
c B 19.29  0 137 81 44841  1 990081 45314 2.2 57 26 1 2 41% 20619 2972 24%
c ] 19.46  0 137 81 44847  1 1000001 54725 2.2 56 26 1 2 41% 20619 2972 24%
c ? 19.46  0 137 81 44847  1 1000001 54725 2.2 56 26 1 2 41% 20619 2972 24%
c 
c --- [ result ] -------------------------------------------------------------
c 
c UNKNOWN
c 
c --- [ run-time profiling ] -------------------------------------------------
c 
c process time taken by individual solving procedures
c (percentage relative to process time for solving)
c 
c        17.50   89.98% search
c        10.05   51.69% stable
c         7.08   36.38% unstable
c         1.95   10.00% simplify
c         0.43    2.21% sweep
c         0.39    1.98% vivify
c         0.37    1.89% walk
c         0.28    1.45% subsume
c         0.26    1.33% factor
c         0.23    1.18% congruence
c         0.12    0.60% elim
c         0.05    0.27% preprocess
c         0.04    0.22% probe
c         0.03    0.17% ternary
c         0.02    0.09% backbone
c         0.01    0.06% fastelim
c         0.01    0.04% parse
c         0.00    0.02% lucky
c   =================================
c        19.45   99.96% solve
c 
c last line shows process time for solving
c (percentage relative to total process time)
c 
c --- [ statistics ] ---------------------------------------------------------
c 
c chronological:            276356        27.64 %  of conflicts
c conflicts:               1000001     51419.64    per second
c backbone:                1242516      9932.98 %  of vars
c decisions:               5127576    263657.85    per second
c eliminated:                 6377        50.98 %  of all variables
c factored:                    225         7.56 %  of variables
c fixed:                       641         5.12 %  of all variables
c learned:                  952145        95.21 %  per conflict
c learned_lits:           37461448       100.00 %  learned literals
c minimized:                     0         0.00 %  learned literals
c shrunken:                1452183         3.88 %  learned literals
c minishrunken:            3370427         9.00 %  learned literals
c otfs:                      31913         3.19 %  of conflict
c propagations:           97934426         5.04 M  per second
c reduced:                  790431        79.04 %  per conflict
c rephased:                     44     22727.30    interval
c restarts:                  44847        22.30    interval
c stabilizing:                  16        51.05 %  of conflicts
c substituted:                2519        20.14 %  of all variables
c sweep equivs:                529        10.31 %  of swept variables
c subsumed:                  66705         6.28 %  of all clauses
c strengthened:              67864         6.39 %  of all clauses
c ticks:                1290422531        13.48    propagation
c vivified:                   9008         0.85 %  of all clauses
c walked:                       13     76923.15    interval
c weakened:                  42895         2.94    average size
c congruence:                   30     33333.37    interval
c 
c seconds are measured in process time for solving
c 
c --- [ glue usage ] ---------------------------------------------------------
c 
c focused glue 1 used 2041559 clauses 66.99% accumulated 66.99% tier1
c focused glue 2 used 462061 clauses 15.16% accumulated 82.15% tier2
c 
c stable glue 1 used 2454457 clauses 50.73% accumulated 50.73% tier1
c stable glue 2 used 694785 clauses 14.36% accumulated 65.09% tier2
c 
c 
c --- [ resources ] ----------------------------------------------------------
c 
c total process time since initialization:        19.46    seconds
c total real time since initialization:           19.53    seconds
c maximum resident set size of process:        76192.00    MB
c 
c --- [ shutting down ] ------------------------------------------------------
c 
c exit 0
