c --- [ banner ] -------------------------------------------------------------
c 
c CaDiCaL SAT Solver
c Copyright (c) 2016-2025
c A. Biere, M. Fleury, N. Froleyks, K. Fazekas, F. Pollitt, T. Faller
c JKU Linz, University of Freiburg, TU Wien
c 
c Version 3.0.0
c Apple clang version 17.0.0 (clang-1700.6.3.2) -Wall -Wextra -O3 -DNDEBUG -DNCLOSEFROM
c Tue Dec 23 21:53:38 UTC 2025 Darwin Tahoe-arm64.local 25.2.0 arm64
c 
c --- [ limit ] --------------------------------------------------------------
c 
c setting conflict limit to 1000000 conflicts (due to '1000000')
c 
c --- [ parsing input ] ------------------------------------------------------
c 
c reading DIMACS file from '/tmp/sr59_cnfs/aux_expose_sr59_n32_bit10_m3304caa0_fill80000000.cnf'
c opening file to read '/tmp/sr59_cnfs/aux_expose_sr59_n32_bit10_m3304caa0_fill80000000.cnf'
c found 'p cnf 12252 51168' header
c parsed 51168 clauses in 0.01 seconds process time
c 
c --- [ options ] ------------------------------------------------------------
c 
c   --seed=5                       (different from default '0')
c 
c --- [ solving ] ------------------------------------------------------------
c 
c time measured in process time since initialization
c 
c  seconds  reduction conflicts       size tier2       variables
c         MB    restarts   redundant    glue  trail         remaining
c          level     rate       size/glu tier1  irredundant
c 
c *  0.01  0  0 0   0  0    0    0 0.0 0 0 2 6  0% 51103 12251 100%
c (  0.01  0  0 0   0  0    0    0 0.0 0 0 2 6  0% 51103 12251 100%
c .  0.01  0  0 0   0  0    0    0 0.0 0 0 2 6  0% 51103 12251 100%
c c  0.03  0  0 0   0  0    0    0 0.0 0 0 2 6  0% 48594 11611 95%
c d  0.03  0  0 0   0  0    0    0 0.0 0 0 2 6  0% 43892 10284 84%
c 2  0.03  0  0 0   0  0    0    0 0.0 0 0 2 6  0% 43838 10284 84%
c f  0.05  0  0 0   0  0    0    0 0.0 0 0 2 6  0% 43772 10350 84%
c e  0.06  0  0 0   0  0    0    0 0.0 0 0 2 6  0% 34805 6060 49%
c P  0.06  0  0 0   0  0    0    0 0.0 0 0 2 6  0% 34805 6060 49%
c )  0.06  0  0 0   0  0    0    0 0.0 0 0 2 6  0% 34805 6060 49%
c {  0.06  0  0 0   0  0    0    0 0.0 0 0 2 6  0% 34805 6060 49%
c -  0.07  0 951 1  36 57  301  219 1.4 5 4 2 6 17% 34805 6060 49%
c -  0.07  0 491 2  90 43  735  522 1.5 6 4 2 6 14% 34805 6060 49%
c }  0.07  0 393 2 126 38 1003  753 1.5 6 4 2 6 13% 34805 6060 49%
c [  0.07  0  0 2 126  0 1003  753 0.0 0 0 2 6  0% 34805 6060 49%
c O  0.07  0 1871 2 126 1872 1004  754 1.6 38 24 2 6 42% 34805 6060 49%
c -  0.09  0 1850 3 126  6 1413  819 1.9 66 35 2 6 39% 34805 6060 49%
c ]  0.09  0 1849 3 126  5 1477  880 1.9 65 35 2 6 40% 34805 6060 49%
c {  0.09  0 393 3 126 38 1477  880 1.5 6 4 2 6 13% 34805 6060 49%
c d  0.10  0 300 3 196 27 2221 1427 1.6 6 4 2 6 14% 34681 5974 49%
c 
c  seconds   reduction conflicts       size tier2      variables
c         MB     restarts   redundant    glue  trail        remaining
c           level     rate       size/glu tier1  irredundant
c 
c c  0.11  0 300 3 196 27 2221 1427 1.6 6 4 2 6 14% 34652 5974 49%
c d  0.11  0 300 3 196 27 2221 1371 1.6 6 4 2 6 14% 34636 5966 49%
c 2  0.11  0 300 3 196 27 2221 1370 1.6 6 4 2 6 14% 34630 5966 49%
c t  0.11  0 300 3 196 27 2221 1370 1.6 6 4 2 6 14% 34629 5966 49%
c -  0.11  0 297 4 204 26 2353 1170 1.5 6 4 2 6 20% 34629 5966 49%
c O  0.12  0 247 4 261 24 3005 1696 1.6 7 4 2 6 13% 34629 5966 49%
c -  0.12  0 225 5 306 23 3566 1895 1.6 7 4 2 6 13% 34629 5966 49%
c s  0.13  0 205 5 406 22 4122 2332 1.6 7 4 2 6 12% 34627 5966 49%
c t  0.13  0 205 5 406 22 4122 2331 1.6 7 4 2 6 12% 34624 5966 49%
c e  0.15  0 205 5 406 22 4122 2276 1.6 7 4 2 6 12% 34577 5705 47%
c s  0.15  0 205 5 406 22 4122 2250 1.6 7 4 2 6 12% 34558 5705 47%
c e  0.15  0 205 5 406 22 4122 2247 1.6 7 4 2 6 12% 34553 5704 47%
c d  0.15  0 185 5 420 19 4722 2455 1.6 7 4 2 6 10% 34537 5681 46%
c c  0.16  0 185 5 420 19 4722 2455 1.6 7 4 2 6 10% 34476 5681 46%
c d  0.16  0 185 5 420 19 4722 2296 1.6 7 4 2 6 10% 34446 5666 46%
c 2  0.17  0 185 5 420 19 4722 2296 1.6 7 4 2 6 10% 34440 5666 46%
c =  0.17  0 185 5 420 19 4722 2293 1.6 7 4 2 6 10% 34436 5604 46%
c -  0.18  0 178 6 437 19 5058 1834 1.6 7 4 2 3 10% 34436 5604 46%
c }  0.18  0 178 6 532 20 5827 2487 1.6 7 4 2 3 12% 34436 5604 46%
c [  0.18  0 1849 6 532  5 5827 2487 1.9 65 35 2 6 80% 34436 5604 46%
c 
c  seconds    reduction conflicts       size   tier2      variables
c         MB      restarts   redundant     glue   trail        remaining
c           level      rate       size/glue  tier1  irredundant
c 
c I  0.19  0 1378 6 532  5 6006 2645 1.8 50 27 2 6 62% 34436 5604 46%
c -  0.20  0 705 7 533  4 6835 2532 1.8 54 30 7 36 39% 34436 5604 46%
c c  0.23  0 590 7 533  3 7328 2964 1.9 64 33 3 20 37% 34378 5597 46%
c =  0.23  0 590 7 533  3 7328 2941 1.9 64 33 3 20 37% 34350 5579 46%
c f  0.24  0 590 7 533  3 7328 2941 1.9 64 33 3 20 36% 34167 5761 47%
c ]  0.26  0 529 7 534  3 7676 3278 2.0 76 39 3 20 35% 34167 5761 47%
c {  0.26  0 178 7 534 20 7676 3278 1.6 7 4 2 3 11% 34167 5761 47%
c -  0.31  0 169 8 830 22 8903 3063 2.1 15 7 2 3 14% 34167 5761 47%
c }  0.34  0 167 8 960 23 9465 3577 2.2 20 9 1 2 15% 34167 5761 47%
c [  0.34  0 529 8 960  3 9465 3577 2.0 76 39 3 20 35% 34167 5761 47%
c B  0.44  0 455 8 960  3 10008 4102 2.7 119 44 3 20 41% 34167 5761 47%
c p  0.44  0 454 8 960  3 10025 4646 2.7 119 44 3 20 41% 34167 5761 47%
c =  0.47  0 454 8 960  3 10025 4492 2.7 119 44 3 20 41% 34154 5730 47%
c u  0.47  0 454 8 960  3 10025 3520 2.7 119 44 3 20 41% 34048 5730 47%
c v  0.48  0 454 8 960  3 10025 3207 2.7 119 44 3 20 41% 34048 5730 47%
c w  0.48  0 454 8 960  3 10025 3207 2.7 119 44 3 20 41% 34048 5730 47%
c x  0.48  0 454 8 960  3 10025 3207 2.7 119 44 3 20 41% 33932 5730 47%
c t  0.48  0 454 8 960  3 10025 3206 2.7 119 44 3 20 41% 33932 5730 47%
c 2  0.48  0 454 8 960  3 10025 3199 2.7 119 44 3 20 41% 33922 5730 47%
c f  0.49  0 454 8 960  3 10025 3193 2.7 119 44 3 20 40% 33872 5783 47%
c 
c  seconds   reductions conflicts        size   tier2       variables
c         MB     restarts    redundant      glue    trail        remaining
c           level     rate        size/glue   tier1   irredundant
c 
c ]  0.49  0 436 8 960  3 10228 3389 2.7 114 42 3 20 39% 33872 5783 47%
c {  0.49  0 167 8 960 23 10228 3389 2.2 20 9 1 2 15% 33872 5783 47%
c -  0.54  0 163 9 1171 24 11261 2395 2.3 24 10 1 2 16% 33872 5783 47%
c p  0.61  0 159 9 1399 23 12810 3809 2.5 34 14 1 2 18% 33872 5776 47%
c =  0.63  0 159 9 1399 23 12810 3809 2.5 34 14 1 2 18% 33871 5775 47%
c f  0.63  0 159 9 1399 23 12810 3809 2.5 34 14 1 2 18% 33835 5797 47%
c }  0.66  0 158 9 1490 23 13353 4319 2.5 36 14 1 2 19% 33835 5797 47%
c [  0.66  0 436 9 1490  3 13353 4319 2.7 114 42 3 20 39% 33835 5797 47%
c -  0.78  0 390 10 1490  3 13914 3072 3.2 149 47 3 20 44% 33835 5797 47%
c ]  0.85  0 375 10 1490  3 14138 3296 3.4 164 48 3 20 47% 33835 5797 47%
c {  0.85  0 158 10 1490 23 14138 3296 2.5 36 14 1 2 19% 33835 5797 47%
c s  0.86  0 158 10 1553 23 14524 3598 2.5 37 15 1 2 19% 33293 5797 47%
c e  0.87  0 158 10 1553 23 14524 3147 2.5 37 15 1 2 19% 33160 5562 45%
c s  0.87  0 158 10 1553 23 14524 3109 2.5 37 15 1 2 19% 32948 5562 45%
c e  0.88  0 158 10 1553 23 14524 2856 2.5 37 15 1 2 19% 32935 5560 45%
c #  0.90  0 157 10 1637 23 15009 3306 2.5 38 15 1 2 26% 32935 5560 45%
c 2  0.92  0 156 10 1679 23 15676 3869 2.5 38 15 1 2 24% 32935 5560 45%
c p  0.92  0 156 10 1679 23 15676 4289 2.5 38 15 1 2 24% 32935 5560 45%
c u  0.95  0 156 10 1679 23 15676 3818 2.5 38 15 1 2 24% 32935 5560 45%
c v  0.95  0 156 10 1679 23 15676 3626 2.5 38 15 1 2 24% 32935 5560 45%
c 
c  seconds   reductions   conflicts       size   tier2      variables
c         MB      restarts     redundant     glue   trail        remaining
c           level       rate        size/glue  tier1  irredundant
c 
c w  0.96  0 156 10 1679 23 15676 3626 2.5 38 15 1 2 24% 32935 5560 45%
c f  0.97  0 156 10 1679 23 15676 3545 2.5 38 15 1 2 24% 32936 5638 46%
c -  1.01  0 155 11 1825 22 16862 2906 2.5 40 16 1 2 25% 32936 5638 46%
c d  1.09  0 152 11 2093 22 18616 4514 2.6 43 17 1 2 26% 32916 5621 46%
c p  1.09  0 152 11 2093 22 18616 4581 2.6 43 17 1 2 26% 32916 5621 46%
c f  1.09  0 152 11 2093 22 18616 4558 2.6 43 17 1 2 25% 32915 5638 46%
c }  1.15  0 152 11 2280 22 20078 5868 2.6 45 18 1 2 26% 32915 5638 46%
c [  1.15  0 375 11 2280  3 20078 5868 3.4 164 48 3 20 52% 32915 5638 46%
c -  1.16  0 374 12 2280  3 20109 3797 3.4 164 48 3 20 52% 32915 5638 46%
c W  1.25  0 334 12 2281  2 21010 4672 3.5 161 47 3 20 51% 32915 5638 46%
c p  1.34  0 315 12 2282  2 21629 5602 3.3 170 51 1 2 52% 32903 5627 46%
c u  1.37  0 315 12 2282  2 21629 5141 3.3 170 51 1 2 52% 32903 5627 46%
c v  1.37  0 315 12 2282  2 21629 4907 3.3 170 51 1 2 52% 32903 5627 46%
c w  1.38  0 315 12 2282  2 21629 4904 3.3 170 51 1 2 52% 32903 5627 46%
c x  1.38  0 315 12 2282  2 21629 4904 3.3 170 51 1 2 52% 32895 5627 46%
c f  1.38  0 315 12 2282  2 21629 4818 3.3 170 51 1 2 51% 32922 5682 46%
c ]  1.52  0 285 12 2283  2 23043 6161 3.1 172 56 1 2 50% 32922 5682 46%
c {  1.52  0 152 12 2283 22 23043 6161 2.6 45 18 1 2 26% 32922 5682 46%
c -  1.55  0 152 13 2383 22 23655 3861 2.6 46 18 1 2 26% 32922 5682 46%
c d  1.62  0 151 13 2571 22 24709 4834 2.6 50 19 1 2 27% 32916 5680 46%
c 
c  seconds   reductions   conflicts       size   tier2      variables
c         MB      restarts     redundant     glue   trail        remaining
c           level       rate        size/glue  tier1  irredundant
c 
c p  1.62  0 151 13 2571 22 24709 4873 2.6 50 19 1 2 27% 32916 5680 46%
c c  1.63  0 151 13 2571 22 24709 4873 2.6 50 19 1 2 27% 32908 5680 46%
c d  1.63  0 151 13 2571 22 24709 4870 2.6 50 19 1 2 27% 32906 5679 46%
c f  1.63  0 151 13 2571 22 24709 4870 2.6 50 19 1 2 27% 32900 5683 46%
c -  1.75  0 152 14 2931 22 27500 4609 2.6 53 20 1 2 27% 32900 5683 46%
c p  1.77  0 152 14 2965 22 27847 5140 2.6 53 20 1 2 28% 32900 5683 46%
c u  1.77  0 152 14 2965 22 27847 4605 2.6 53 20 1 2 28% 32900 5683 46%
c v  1.78  0 152 14 2965 22 27847 4332 2.6 53 20 1 2 28% 32900 5683 46%
c w  1.78  0 152 14 2965 22 27847 4329 2.6 53 20 1 2 28% 32900 5683 46%
c f  1.78  0 152 14 2965 22 27847 4276 2.6 53 20 1 2 27% 32935 5701 47%
c B  1.80  0 152 14 3006 22 28011 4435 2.6 54 21 1 2 28% 32935 5701 47%
c }  1.88  0 151 14 3225 22 29618 5900 2.6 57 22 1 2 28% 32935 5701 47%
c [  1.88  0 285 14 3225  2 29618 5900 3.1 172 56 1 2 50% 32935 5701 47%
c s  1.95  0 280 14 3225  2 29923 6191 3.1 180 58 1 2 51% 32918 5701 47%
c e  1.95  0 280 14 3225  2 29923 5727 3.1 180 58 1 2 51% 32909 5680 46%
c s  1.95  0 280 14 3225  2 29923 5724 3.1 180 58 1 2 51% 32900 5680 46%
c e  1.95  0 280 14 3225  2 29923 5722 3.1 180 58 1 2 51% 32891 5677 46%
c -  2.07  0 261 15 3226  2 31646 4505 3.0 172 58 1 2 48% 32891 5677 46%
c 2  2.07  0 261 15 3226  2 31646 4502 3.0 172 58 1 2 48% 32891 5677 46%
c d  2.07  0 261 15 3226  2 31646 4500 3.0 172 58 1 2 48% 32891 5676 46%
c 
c  seconds   reductions   conflicts        size   tier2      variables
c         MB      restarts     redundant      glue   trail        remaining
c           level       rate        size/glue   tier1  irredundant
c 
c p  2.07  0 261 15 3226  2 31646 4594 3.0 172 58 1 2 48% 32891 5676 46%
c c  2.08  0 261 15 3226  2 31646 4594 3.0 172 58 1 2 48% 32883 5676 46%
c u  2.11  0 261 15 3226  2 31646 4345 3.0 172 58 1 2 48% 32881 5675 46%
c v  2.11  0 261 15 3226  2 31646 4180 3.0 172 58 1 2 48% 32881 5675 46%
c w  2.11  0 261 15 3226  2 31646 4176 3.0 172 58 1 2 48% 32881 5675 46%
c f  2.11  0 261 15 3226  2 31646 4176 3.0 172 58 1 2 48% 32864 5684 46%
c O  2.31  0 248 15 3227  2 36012 8387 2.5 152 61 1 2 41% 32864 5684 46%
c -  2.32  0 247 16 3227  2 36093 4652 2.5 151 61 1 2 41% 32864 5684 46%
c d  2.32  0 247 16 3227  2 36093 4649 2.5 151 61 1 2 41% 32864 5683 46%
c p  2.32  0 247 16 3227  2 36093 4799 2.5 151 61 1 2 41% 32864 5683 46%
c c  2.33  0 247 16 3227  2 36093 4799 2.5 151 61 1 2 41% 32856 5683 46%
c f  2.33  0 247 16 3227  2 36093 4790 2.5 151 61 1 2 41% 32856 5686 46%
c ]  2.40  0 245 16 3228  2 36453 5138 2.5 156 62 1 2 42% 32856 5686 46%
c {  2.40  0 151 16 3228 22 36453 5138 2.6 57 22 1 2 28% 32856 5686 46%
c -  2.55  0 154 17 3604 20 40842 5449 2.6 58 22 1 2 28% 32856 5686 46%
c p  2.56  0 154 17 3604 20 40842 5504 2.6 58 22 1 2 28% 32845 5683 46%
c c  2.56  0 154 17 3604 20 40842 5504 2.6 58 22 1 2 28% 32841 5683 46%
c u  2.57  0 154 17 3604 20 40842 5107 2.6 58 22 1 2 28% 32839 5682 46%
c v  2.57  0 154 17 3604 20 40842 4878 2.6 58 22 1 2 28% 32839 5682 46%
c f  2.58  0 154 17 3604 20 40842 4878 2.6 58 22 1 2 28% 32834 5687 46%
c 
c  seconds   reductions   conflicts       size   tier2      variables
c         MB      restarts     redundant     glue   trail        remaining
c           level       rate        size/glue  tier1  irredundant
c 
c W  2.72  0 156 17 3876 19 45013 8678 2.6 57 22 1 2 28% 32834 5687 46%
c -  2.75  0 155 18 3917 19 45894 5685 2.6 57 22 1 2 28% 32834 5687 46%
c d  2.75  0 155 18 3917 19 45894 5675 2.6 57 22 1 2 28% 32826 5679 46%
c p  2.75  0 155 18 3917 19 45894 5835 2.6 57 22 1 2 28% 32826 5679 46%
c f  2.76  0 155 18 3917 19 45894 5835 2.6 57 22 1 2 28% 32824 5681 46%
c }  2.91  0 156 18 4271 19 48637 8411 2.6 60 23 1 2 28% 32824 5681 46%
c [  2.91  0 245 18 4271  2 48637 8411 2.5 156 62 1 2 42% 32824 5681 46%
c s  3.07  0 237 18 4272  2 50199 9876 2.6 160 61 1 2 43% 32812 5681 46%
c e  3.07  0 237 18 4272  2 50199 9834 2.6 160 61 1 2 43% 32798 5672 46%
c s  3.07  0 237 18 4272  2 50199 9812 2.6 160 61 1 2 43% 32797 5672 46%
c -  3.21  0 231 19 4272  2 51249 6382 2.7 166 61 1 2 44% 32797 5672 46%
c p  3.22  0 231 19 4272  2 51249 6587 2.7 166 61 1 2 44% 32793 5669 46%
c =  3.25  0 231 19 4272  2 51249 6549 2.7 166 61 1 2 44% 32790 5645 46%
c u  3.25  0 231 19 4272  2 51249 5815 2.7 166 61 1 2 44% 32790 5645 46%
c v  3.26  0 231 19 4272  2 51249 5405 2.7 166 61 1 2 44% 32790 5645 46%
c w  3.26  0 231 19 4272  2 51249 5404 2.7 166 61 1 2 44% 32790 5645 46%
c 2  3.26  0 231 19 4272  2 51249 5403 2.7 166 61 1 2 44% 32781 5645 46%
c f  3.26  0 231 19 4272  2 51249 5400 2.7 166 61 1 2 44% 32779 5650 46%
c ]  3.54  0 223 19 4274  2 53099 7213 2.9 177 62 1 2 46% 32779 5650 46%
c {  3.54  0 156 19 4274 19 53099 7213 2.6 60 23 1 2 28% 32779 5650 46%
c 
c  seconds   reductions   conflicts       size   tier2      variables
c         MB      restarts     redundant     glue   trail        remaining
c           level       rate        size/glue  tier1  irredundant
c 
c F  3.63  0 155 19 4478 19 55016 9005 2.6 61 24 1 2 28% 32779 5650 46%
c -  3.74  0 155 20 4722 19 56908 6278 2.6 63 24 1 2 29% 32779 5650 46%
c d  3.74  0 155 20 4722 19 56908 6273 2.6 63 24 1 2 29% 32772 5648 46%
c p  3.74  0 155 20 4722 19 56908 6464 2.6 63 24 1 2 29% 32772 5648 46%
c u  3.76  0 155 20 4722 19 56908 5996 2.6 63 24 1 2 29% 32770 5648 46%
c v  3.76  0 155 20 4722 19 56908 5677 2.6 63 24 1 2 29% 32770 5648 46%
c w  3.76  0 155 20 4722 19 56908 5677 2.6 63 24 1 2 29% 32770 5648 46%
c f  3.76  0 155 20 4722 19 56908 5674 2.6 63 24 1 2 29% 32769 5649 46%
c -  4.00  0 155 21 5265 18 62872 6713 2.6 64 25 1 2 29% 32769 5649 46%
c d  4.00  0 155 21 5265 18 62872 6671 2.6 64 25 1 2 29% 32756 5634 46%
c p  4.00  0 155 21 5265 18 62872 6736 2.6 64 25 1 2 29% 32756 5634 46%
c =  4.02  0 155 21 5265 18 62872 6648 2.6 64 25 1 2 29% 32748 5570 45%
c u  4.03  0 155 21 5265 18 62872 6196 2.6 64 25 1 2 29% 32748 5570 45%
c v  4.03  0 155 21 5265 18 62872 5977 2.6 64 25 1 2 29% 32748 5570 45%
c w  4.03  0 155 21 5265 18 62872 5976 2.6 64 25 1 2 29% 32748 5570 45%
c t  4.03  0 155 21 5265 18 62872 5976 2.6 64 25 1 2 29% 32747 5570 45%
c 2  4.03  0 155 21 5265 18 62872 5976 2.6 64 25 1 2 29% 32740 5570 45%
c f  4.04  0 155 21 5265 18 62872 5976 2.6 64 25 1 2 29% 32728 5578 46%
c B  4.06  0 153 21 5300 17 66020 8534 2.6 61 24 1 2 28% 32728 5578 46%
c -  4.13  0 152 22 5404 16 69140 6978 2.5 60 23 1 2 27% 32728 5578 46%
c 
c  seconds   reductions   conflicts       size   tier2      variables
c         MB      restarts     redundant     glue   trail        remaining
c           level       rate        size/glue  tier1  irredundant
c 
c d  4.13  0 152 22 5404 16 69140 6763 2.5 60 23 1 2 27% 32728 5566 45%
c p  4.13  0 152 22 5404 16 69140 6783 2.5 60 23 1 2 27% 32728 5566 45%
c 2  4.13  0 152 22 5404 16 69140 6783 2.5 60 23 1 2 27% 32722 5566 45%
c f  4.14  0 152 22 5404 16 69140 6783 2.5 60 23 1 2 27% 32700 5577 46%
c s  4.20  0 150 22 5416 14 75516 11962 2.5 55 22 1 2 27% 32128 5577 46%
c e  4.20  0 150 22 5416 14 75516 11621 2.5 55 22 1 2 27% 32118 5534 45%
c s  4.21  0 150 22 5416 14 75516 11554 2.5 55 22 1 2 27% 32114 5534 45%
c e  4.21  0 150 22 5416 14 75516 11551 2.5 55 22 1 2 27% 32104 5529 45%
c -  4.21  0 150 23 5416 14 75714 7064 2.5 55 22 1 2 27% 32104 5529 45%
c d  4.21  0 150 23 5416 14 75714 7062 2.5 55 22 1 2 27% 32104 5528 45%
c c  4.22  0 150 23 5416 14 75714 7062 2.5 55 22 1 2 27% 32079 5528 45%
c d  4.22  0 150 23 5416 14 75714 7055 2.5 55 22 1 2 27% 32073 5525 45%
c 2  4.22  0 150 23 5416 14 75714 7055 2.5 55 22 1 2 27% 32071 5525 45%
c }  4.23  0 147 23 5416 13 77944 8864 2.5 53 21 1 2 26% 32071 5525 45%
c [  4.23  0 223 23 5416  2 77944 8864 2.9 177 62 1 2 46% 32071 5525 45%
c B  4.24  0 223 23 5416  2 78022 8931 2.9 176 61 1 2 46% 32071 5525 45%
c -  4.45  0 214 24 5418  2 82593 7722 2.8 162 58 1 2 44% 32071 5525 45%
c p  4.45  0 214 24 5418  2 82593 7818 2.8 162 58 1 2 44% 32071 5525 45%
c =  4.47  0 214 24 5418  2 82593 7633 2.8 162 58 1 2 44% 32032 5468 45%
c d  4.47  0 214 24 5418  2 82593 7632 2.8 162 58 1 2 44% 32031 5467 45%
c 
c  seconds   reductions   conflicts        size   tier2      variables
c         MB      restarts     redundant      glue   trail        remaining
c           level       rate        size/glue   tier1  irredundant
c 
c u  4.47  0 214 24 5418  2 82593 7198 2.8 162 58 1 2 44% 32028 5467 45%
c v  4.47  0 214 24 5418  2 82593 7014 2.8 162 58 1 2 44% 32028 5467 45%
c w  4.47  0 214 24 5418  2 82593 7014 2.8 162 58 1 2 44% 32028 5467 45%
c x  4.48  0 214 24 5418  2 82593 7014 2.8 162 58 1 2 44% 31980 5467 45%
c f  4.48  0 214 24 5418  2 82593 7014 2.8 162 58 1 2 43% 31954 5479 45%
c -  4.62  0 198 25 5419  2 89777 7447 2.7 135 50 1 2 38% 31954 5479 45%
c p  4.62  0 198 25 5419  2 89777 7494 2.7 135 50 1 2 38% 31954 5479 45%
c W  4.81  0 197 25 5419  2 91023 8693 2.7 137 51 1 2 39% 31954 5479 45%
c ]  5.09  0 196 25 5419  2 92895 10493 2.7 145 53 1 2 40% 31954 5479 45%
c {  5.09  0 147 25 5419 13 92895 10493 2.5 53 21 1 2 26% 31954 5479 45%
c -  5.13  0 146 26 5431 12 97268 8011 2.4 51 21 1 2 25% 31954 5479 45%
c p  5.13  0 146 26 5431 12 97268 8191 2.4 51 21 1 2 25% 31950 5476 45%
c u  5.14  0 146 26 5431 12 97268 7608 2.4 51 21 1 2 25% 31937 5476 45%
c v  5.15  0 146 26 5431 12 97268 7304 2.4 51 21 1 2 25% 31937 5476 45%
c w  5.15  0 146 26 5431 12 97268 7304 2.4 51 21 1 2 25% 31937 5476 45%
c f  5.15  0 146 26 5431 12 97268 7300 2.4 51 21 1 2 25% 31933 5482 45%
c W  5.22  0 140 26 5517 11 105024 13463 2.4 47 20 1 2 23% 31933 5482 45%
c -  5.22  0 140 27 5517 11 105064 8067 2.4 47 20 1 2 23% 31933 5482 45%
c d  5.22  0 140 27 5517 11 105064 7629 2.4 47 20 1 2 23% 31933 5455 45%
c 2  5.23  0 140 27 5517 11 105064 7629 2.4 47 20 1 2 23% 31929 5455 45%
c 
c  seconds   reductions   conflicts        size   tier2      variables
c         MB      restarts      redundant     glue   trail        remaining
c           level       rate         size/glue  tier1  irredundant
c 
c =  5.23  0 140 27 5517 11 105064 7571 2.4 47 20 1 2 23% 31929 5449 44%
c s  5.25  0 140 27 5540 11 105968 8041 2.4 47 20 1 2 23% 31537 5449 44%
c e  5.26  0 140 27 5540 11 105968 7854 2.4 47 20 1 2 23% 31514 5387 44%
c s  5.26  0 140 27 5540 11 105968 7758 2.4 47 20 1 2 23% 31433 5387 44%
c -  5.42  0 137 28 5958 11 113167 8685 2.4 46 19 1 2 22% 31433 5387 44%
c d  5.42  0 137 28 5958 11 113167 8380 2.4 46 19 1 2 22% 31429 5361 44%
c c  5.43  0 137 28 5958 11 113167 8380 2.4 46 19 1 2 22% 31149 5361 44%
c d  5.43  0 137 28 5958 11 113167 8097 2.4 46 19 1 2 22% 31087 5330 44%
c 2  5.43  0 137 28 5958 11 113167 8094 2.4 46 19 1 2 22% 31071 5330 44%
c =  5.45  0 137 28 5958 11 113167 8064 2.4 46 19 1 2 22% 31069 5326 43%
c u  5.45  0 137 28 5958 11 113167 7776 2.4 46 19 1 2 22% 31069 5326 43%
c v  5.45  0 137 28 5958 11 113167 7529 2.4 46 19 1 2 22% 31069 5326 43%
c w  5.46  0 137 28 5958 11 113167 7529 2.4 46 19 1 2 22% 31069 5326 43%
c x  5.46  0 137 28 5958 11 113167 7529 2.4 46 19 1 2 22% 31058 5326 43%
c t  5.46  0 137 28 5958 11 113167 7528 2.4 46 19 1 2 22% 31058 5326 43%
c f  5.46  0 137 28 5958 11 113167 7528 2.4 46 19 1 2 22% 30995 5379 44%
c #  5.53  0 137 28 6044 10 120025 13454 2.4 43 18 1 2 23% 30995 5379 44%
c -  5.55  0 137 29 6044 10 121577 8892 2.4 43 18 1 2 23% 30995 5379 44%
c d  5.55  0 137 29 6044 10 121577 8708 2.4 43 18 1 2 23% 30991 5370 44%
c =  5.56  0 137 29 6044 10 121577 8694 2.4 43 18 1 2 23% 30987 5367 44%
c 
c  seconds   reductions   conflicts        size   tier2      variables
c         MB      restarts      redundant     glue   trail        remaining
c           level       rate         size/glue  tier1  irredundant
c 
c -  5.63  0 136 30 6103  9 130293 9438 2.3 40 17 1 2 24% 30987 5367 44%
c d  5.63  0 136 30 6103  9 130293 9333 2.3 40 17 1 2 24% 30987 5361 44%
c c  5.64  0 136 30 6103  9 130293 9333 2.3 40 17 1 2 24% 30901 5361 44%
c d  5.64  0 136 30 6103  9 130293 9233 2.3 40 17 1 2 24% 30873 5347 44%
c 2  5.64  0 136 30 6103  9 130293 9231 2.3 40 17 1 2 24% 30863 5347 44%
c f  5.65  0 136 30 6103  9 130293 9227 2.3 40 17 1 2 24% 30849 5361 44%
c B  5.70  0 137 30 6122  8 136027 14146 2.3 39 17 1 2 25% 30849 5361 44%
c -  5.74  0 138 31 6171  8 139317 10232 2.3 38 17 1 2 25% 30849 5361 44%
c d  5.74  0 138 31 6171  8 139317 10177 2.3 38 17 1 2 25% 30848 5356 44%
c c  5.75  0 138 31 6171  8 139317 10177 2.3 38 17 1 2 25% 30841 5356 44%
c d  5.75  0 138 31 6171  8 139317 10170 2.3 38 17 1 2 25% 30837 5354 44%
c 2  5.75  0 138 31 6171  8 139317 10170 2.3 38 17 1 2 25% 30835 5354 44%
c s  5.78  0 138 31 6180  8 141595 11888 2.3 38 16 1 2 25% 30601 5354 44%
c e  5.78  0 138 31 6180  8 141595 11467 2.3 38 16 1 2 25% 30586 5266 43%
c s  5.79  0 138 31 6180  8 141595 11350 2.3 38 16 1 2 25% 30531 5266 43%
c -  5.87  0 136 32 6280  8 148648 10913 2.3 36 16 1 2 25% 30531 5266 43%
c 2  5.87  0 136 32 6280  8 148648 10908 2.3 36 16 1 2 25% 30531 5266 43%
c d  5.87  0 136 32 6280  8 148648 10684 2.3 36 16 1 2 25% 30527 5245 43%
c p  5.87  0 136 32 6280  8 148648 10693 2.3 36 16 1 2 25% 30527 5245 43%
c c  5.88  0 136 32 6280  8 148648 10693 2.3 36 16 1 2 25% 30371 5245 43%
c 
c  seconds   reductions   conflicts         size   tier2      variables
c         MB      restarts       redundant     glue   trail        remaining
c           level       rate          size/glue  tier1  irredundant
c 
c d  5.88  0 136 32 6280  8 148648 10572 2.3 36 16 1 2 25% 30330 5225 43%
c 2  5.88  0 136 32 6280  8 148648 10571 2.3 36 16 1 2 25% 30326 5225 43%
c =  5.89  0 136 32 6280  8 148648 10571 2.3 36 16 1 2 25% 30326 5224 43%
c u  5.89  0 136 32 6280  8 148648 9731 2.3 36 16 1 2 25% 30326 5224 43%
c v  5.90  0 136 32 6280  8 148648 9345 2.3 36 16 1 2 25% 30326 5224 43%
c w  5.90  0 136 32 6280  8 148648 9345 2.3 36 16 1 2 25% 30326 5224 43%
c f  5.90  0 136 32 6280  8 148648 9345 2.3 36 16 1 2 25% 30283 5263 43%
c W  5.95  0 135 32 6319  7 153028 13027 2.3 35 16 1 2 26% 30283 5263 43%
c -  6.00  0 135 33 6362  7 158286 10774 2.2 34 15 1 2 29% 30283 5263 43%
c d  6.00  0 135 33 6362  7 158286 10605 2.2 34 15 1 2 29% 30279 5249 43%
c c  6.01  0 135 33 6362  7 158286 10605 2.2 34 15 1 2 29% 30239 5249 43%
c d  6.01  0 135 33 6362  7 158286 10522 2.2 34 15 1 2 29% 30227 5243 43%
c f  6.02  0 135 33 6362  7 158286 10522 2.2 34 15 1 2 29% 30209 5255 43%
c }  6.10  0 134 33 6400  6 167834 18568 2.2 33 15 1 2 28% 30209 5255 43%
c [  6.10  0 196 33 6400  2 167834 18568 2.7 145 53 1 2 44% 30209 5255 43%
c -  6.10  0 195 34 6400  2 168232 11411 2.7 143 53 1 2 44% 30209 5255 43%
c d  6.10  0 195 34 6400  2 168232 11192 2.7 143 53 1 2 44% 30205 5246 43%
c c  6.11  0 195 34 6400  2 168232 11192 2.7 143 53 1 2 44% 30144 5246 43%
c d  6.11  0 195 34 6400  2 168232 11120 2.7 143 53 1 2 44% 30126 5237 43%
c 2  6.11  0 195 34 6400  2 168232 11119 2.7 143 53 1 2 44% 30122 5237 43%
c 
c  seconds   reductions   conflicts          size   tier2      variables
c         MB      restarts       redundant      glue   trail        remaining
c           level       rate          size/glue   tier1  irredundant
c 
c I  6.16  0 192 34 6403  2 171029 13683 2.7 134 50 1 2 43% 30122 5237 43%
c -  6.28  0 189 35 6407  2 178487 12020 2.7 116 43 1 2 42% 30122 5237 43%
c d  6.28  0 189 35 6407  2 178487 11967 2.7 116 43 1 2 42% 30122 5234 43%
c p  6.28  0 189 35 6407  2 178487 12012 2.7 116 43 1 2 42% 30122 5234 43%
c c  6.29  0 189 35 6407  2 178487 12012 2.7 116 43 1 2 42% 30082 5234 43%
c =  6.30  0 189 35 6407  2 178487 11968 2.7 116 43 1 2 42% 29796 5165 42%
c u  6.31  0 189 35 6407  2 178487 11419 2.7 116 43 1 2 42% 29773 5165 42%
c v  6.31  0 189 35 6407  2 178487 11113 2.7 116 43 1 2 42% 29773 5165 42%
c w  6.31  0 189 35 6407  2 178487 11112 2.7 116 43 1 2 42% 29773 5165 42%
c t  6.31  0 189 35 6407  2 178487 11111 2.7 116 43 1 2 42% 29773 5165 42%
c 2  6.31  0 189 35 6407  2 178487 11111 2.7 116 43 1 2 42% 29763 5165 42%
c f  6.31  0 189 35 6407  2 178487 11103 2.7 116 43 1 2 42% 29758 5178 42%
c s  6.39  0 189 35 6408  2 182163 13903 2.6 110 42 1 2 41% 29406 5178 42%
c e  6.40  0 189 35 6408  2 182163 13755 2.6 110 42 1 2 41% 28048 4904 40%
c s  6.40  0 189 35 6408  2 182163 13655 2.6 110 42 1 2 41% 27947 4904 40%
c e  6.41  0 189 35 6408  2 182163 13599 2.6 110 42 1 2 41% 27891 4894 40%
c -  6.51  0 189 36 6413  2 189050 11284 2.5 100 39 1 2 39% 27890 4894 40%
c d  6.51  0 189 36 6413  2 189050 11267 2.5 100 39 1 2 39% 27882 4886 40%
c p  6.51  0 189 36 6413  2 189050 11352 2.5 100 39 1 2 39% 27882 4886 40%
c c  6.52  0 189 36 6413  2 189050 11352 2.5 100 39 1 2 39% 27794 4886 40%
c 
c  seconds   reductions   conflicts          size   tier2      variables
c         MB      restarts       redundant      glue   trail        remaining
c           level       rate          size/glue   tier1  irredundant
c 
c d  6.52  0 189 36 6413  2 189050 11266 2.5 100 39 1 2 39% 27774 4876 40%
c =  6.54  0 189 36 6413  2 189050 11021 2.5 100 39 1 2 39% 27735 4825 39%
c t  6.54  0 189 36 6413  2 189050 11021 2.5 100 39 1 2 39% 27732 4825 39%
c 2  6.54  0 189 36 6413  2 189050 11018 2.5 100 39 1 2 39% 27724 4825 39%
c f  6.54  0 189 36 6413  2 189050 11018 2.5 100 39 1 2 39% 27702 4845 40%
c B  6.56  0 189 36 6414  2 190032 11937 2.5 98 39 1 2 39% 27702 4845 40%
c -  6.81  0 187 37 6415  1 199921 11610 2.4 93 39 1 2 38% 27702 4845 40%
c d  6.81  0 187 37 6415  1 199921 11587 2.4 93 39 1 2 38% 27702 4842 40%
c p  6.81  0 187 37 6415  1 199921 11621 2.4 93 39 1 2 38% 27702 4842 40%
c c  6.82  0 187 37 6415  1 199921 11621 2.4 93 39 1 2 38% 27676 4842 40%
c d  6.82  0 187 37 6415  1 199921 11604 2.4 93 39 1 2 38% 27670 4839 39%
c 2  6.82  0 187 37 6415  1 199921 11604 2.4 93 39 1 2 38% 27668 4839 39%
c =  6.83  0 187 37 6415  1 199921 11537 2.4 93 39 1 2 38% 27658 4769 39%
c u  6.85  0 187 37 6415  1 199921 11099 2.4 93 39 1 2 38% 27640 4769 39%
c v  6.85  0 187 37 6415  1 199921 10876 2.4 93 39 1 2 38% 27640 4769 39%
c w  6.85  0 187 37 6415  1 199921 10875 2.4 93 39 1 2 38% 27640 4769 39%
c x  6.86  0 187 37 6415  1 199921 10874 2.4 93 39 1 2 38% 27472 4769 39%
c 2  6.86  0 187 37 6415  1 199921 10874 2.4 93 39 1 2 38% 27470 4769 39%
c f  6.86  0 187 37 6415  1 199921 10874 2.4 93 39 1 2 38% 27456 4782 39%
c W  7.04  0 181 37 6416  1 210036 20168 2.4 84 36 1 2 26% 27456 4782 39%
c 
c  seconds   reductions   conflicts         size   tier2      variables
c         MB      restarts       redundant     glue   trail        remaining
c           level       rate          size/glue  tier1  irredundant
c 
c -  7.06  0 180 38 6416  1 211099 11239 2.4 83 35 1 2 27% 27456 4782 39%
c d  7.06  0 180 38 6416  1 211099 11236 2.4 83 35 1 2 27% 27456 4781 39%
c p  7.06  0 180 38 6416  1 211099 11314 2.4 83 35 1 2 27% 27456 4781 39%
c =  7.08  0 180 38 6416  1 211099 11293 2.4 83 35 1 2 27% 27447 4758 39%
c t  7.08  0 180 38 6416  1 211099 11293 2.4 83 35 1 2 27% 27445 4758 39%
c 2  7.08  0 180 38 6416  1 211099 11293 2.4 83 35 1 2 27% 27441 4758 39%
c f  7.08  0 180 38 6416  1 211099 11281 2.4 83 35 1 2 27% 27445 4765 39%
c ]  7.24  0 178 38 6416  1 217231 17062 2.3 81 35 1 2 31% 27445 4765 39%
c {  7.24  0 134 38 6416  6 217231 17062 2.2 33 15 1 2 31% 27445 4765 39%
c -  7.29  0 131 39 6445  6 222585 12527 2.2 32 14 1 2 29% 27445 4765 39%
c d  7.29  0 131 39 6445  6 222585 12526 2.2 32 14 1 2 29% 27444 4764 39%
c p  7.30  0 131 39 6445  6 222585 12597 2.2 32 14 1 2 29% 27444 4764 39%
c u  7.32  0 131 39 6445  6 222585 12095 2.2 32 14 1 2 29% 27392 4764 39%
c v  7.32  0 131 39 6445  6 222585 11875 2.2 32 14 1 2 29% 27392 4764 39%
c w  7.32  0 131 39 6445  6 222585 11875 2.2 32 14 1 2 29% 27392 4764 39%
c s  7.37  0 130 39 6476  6 227356 15632 2.2 31 14 1 2 29% 26787 4764 39%
c e  7.38  0 130 39 6476  6 227356 15375 2.2 31 14 1 2 29% 26717 4723 39%
c s  7.38  0 130 39 6476  6 227356 15285 2.2 31 14 1 2 29% 26693 4723 39%
c F  7.42  0 130 39 6517  6 231037 18465 2.2 30 14 1 2 29% 26693 4723 39%
c -  7.45  0 129 40 6537  6 234379 13223 2.2 30 14 1 2 29% 26693 4723 39%
c 
c  seconds   reductions   conflicts         size   tier2      variables
c         MB      restarts       redundant     glue   trail        remaining
c           level       rate          size/glue  tier1  irredundant
c 
c 2  7.45  0 129 40 6537  6 234379 13222 2.2 30 14 1 2 29% 26693 4723 39%
c d  7.45  0 129 40 6537  6 234379 13128 2.2 30 14 1 2 29% 26693 4713 38%
c p  7.45  0 129 40 6537  6 234379 13168 2.2 30 14 1 2 29% 26693 4713 38%
c c  7.46  0 129 40 6537  6 234379 13168 2.2 30 14 1 2 29% 26619 4713 38%
c d  7.46  0 129 40 6537  6 234379 13090 2.2 30 14 1 2 29% 26599 4703 38%
c 2  7.46  0 129 40 6537  6 234379 13089 2.2 30 14 1 2 29% 26595 4703 38%
c f  7.46  0 129 40 6537  6 234379 13080 2.2 30 14 1 2 29% 26587 4717 38%
c -  7.58  0 128 41 6682  5 246482 14687 2.2 29 13 1 2 29% 26587 4717 38%
c d  7.58  0 128 41 6682  5 246482 14319 2.2 29 13 1 2 29% 26582 4699 38%
c p  7.58  0 128 41 6682  5 246482 14339 2.2 29 13 1 2 29% 26582 4699 38%
c c  7.59  0 128 41 6682  5 246482 14338 2.2 29 13 1 2 29% 26423 4699 38%
c d  7.59  0 128 41 6682  5 246482 14115 2.2 29 13 1 2 29% 26369 4672 38%
c 2  7.59  0 128 41 6682  5 246482 14110 2.2 29 13 1 2 29% 26357 4672 38%
c f  7.60  0 128 41 6682  5 246482 14110 2.2 29 13 1 2 28% 26344 4685 38%
c B  7.66  0 127 41 6729  5 253040 19796 2.2 28 13 1 2 29% 26344 4685 38%
c -  7.71  0 126 42 6775  5 258893 15509 2.2 27 13 1 2 28% 26344 4685 38%
c d  7.72  0 126 42 6775  5 258893 15477 2.2 27 13 1 2 28% 26344 4683 38%
c p  7.72  0 126 42 6775  5 258893 15494 2.2 27 13 1 2 28% 26344 4683 38%
c c  7.72  0 126 42 6775  5 258893 15494 2.2 27 13 1 2 28% 26336 4683 38%
c d  7.72  0 126 42 6775  5 258893 15491 2.2 27 13 1 2 28% 26334 4682 38%
c 
c  seconds   reductions   conflicts         size   tier2      variables
c         MB      restarts       redundant     glue   trail        remaining
c           level       rate          size/glue  tier1  irredundant
c 
c 2  7.72  0 126 42 6775  5 258893 15491 2.2 27 13 1 2 28% 26332 4682 38%
c u  7.73  0 126 42 6775  5 258893 15036 2.2 27 13 1 2 28% 26332 4682 38%
c v  7.73  0 126 42 6775  5 258893 14698 2.2 27 13 1 2 28% 26332 4682 38%
c w  7.73  0 126 42 6775  5 258893 14698 2.2 27 13 1 2 28% 26332 4682 38%
c f  7.74  0 126 42 6775  5 258893 14694 2.2 27 13 1 2 28% 26334 4683 38%
c -  7.85  0 123 43 6892  5 271616 16602 2.1 26 12 1 2 27% 26334 4683 38%
c d  7.85  0 123 43 6892  5 271616 16557 2.1 26 12 1 2 27% 26330 4677 38%
c p  7.85  0 123 43 6892  5 271616 16559 2.1 26 12 1 2 27% 26330 4677 38%
c c  7.86  0 123 43 6892  5 271616 16559 2.1 26 12 1 2 27% 26310 4677 38%
c d  7.86  0 123 43 6892  5 271616 16551 2.1 26 12 1 2 27% 26306 4675 38%
c 2  7.86  0 123 43 6892  5 271616 16551 2.1 26 12 1 2 27% 26304 4675 38%
c f  7.86  0 123 43 6892  5 271616 16543 2.1 26 12 1 2 27% 26308 4679 38%
c W  7.92  0 123 43 6971  5 276042 20476 2.1 25 12 1 2 28% 26308 4679 38%
c s  7.94  0 122 43 6973  4 277332 21094 2.1 25 12 1 2 27% 26222 4679 38%
c t  7.94  0 122 43 6973  4 277332 21093 2.1 25 12 1 2 27% 26222 4679 38%
c e  7.94  0 122 43 6973  4 277332 20943 2.1 25 12 1 2 27% 26209 4652 38%
c s  7.95  0 122 43 6973  4 277332 20824 2.1 25 12 1 2 27% 26206 4652 38%
c -  8.02  0 120 44 7052  4 284646 17780 2.1 25 12 1 2 27% 26206 4652 38%
c d  8.02  0 120 44 7052  4 284646 17747 2.1 25 12 1 2 27% 26200 4643 38%
c p  8.02  0 120 44 7052  4 284646 17785 2.1 25 12 1 2 27% 26200 4643 38%
c 
c  seconds   reductions   conflicts         size   tier2      variables
c         MB      restarts       redundant     glue   trail        remaining
c           level       rate          size/glue  tier1  irredundant
c 
c c  8.03  0 120 44 7052  4 284646 17785 2.1 25 12 1 2 27% 26165 4643 38%
c d  8.03  0 120 44 7052  4 284646 17748 2.1 25 12 1 2 27% 26157 4639 38%
c =  8.04  0 120 44 7052  4 284646 17742 2.1 25 12 1 2 27% 26155 4634 38%
c f  8.05  0 120 44 7052  4 284646 17729 2.1 25 12 1 2 27% 26159 4643 38%
c -  8.17  0 117 45 7195  4 297987 19384 2.1 23 11 1 2 25% 26159 4643 38%
c d  8.17  0 117 45 7195  4 297987 19260 2.1 23 11 1 2 25% 26155 4635 38%
c p  8.17  0 117 45 7195  4 297987 19286 2.1 23 11 1 2 25% 26155 4635 38%
c c  8.18  0 117 45 7195  4 297987 19285 2.1 23 11 1 2 25% 26115 4635 38%
c d  8.18  0 117 45 7195  4 297987 19224 2.1 23 11 1 2 25% 26105 4630 38%
c 2  8.18  0 117 45 7195  4 297987 19224 2.1 23 11 1 2 25% 26103 4630 38%
c u  8.19  0 117 45 7195  4 297987 18655 2.1 23 11 1 2 25% 26103 4630 38%
c v  8.19  0 117 45 7195  4 297987 18351 2.1 23 11 1 2 25% 26103 4630 38%
c w  8.19  0 117 45 7195  4 297987 18351 2.1 23 11 1 2 25% 26103 4630 38%
c t  8.19  0 117 45 7195  4 297987 18350 2.1 23 11 1 2 25% 26103 4630 38%
c f  8.19  0 117 45 7195  4 297987 18345 2.1 23 11 1 2 25% 26103 4635 38%
c #  8.21  0 117 45 7210  4 300044 20229 2.1 23 11 1 2 25% 26103 4635 38%
c -  8.34  0 115 46 7386  4 311637 20169 2.1 23 11 1 2 25% 26103 4635 38%
c d  8.34  0 115 46 7386  4 311637 20146 2.1 23 11 1 2 25% 26103 4634 38%
c p  8.34  0 115 46 7386  4 311637 20211 2.1 23 11 1 2 25% 26103 4634 38%
c c  8.35  0 115 46 7386  4 311637 20211 2.1 23 11 1 2 25% 26089 4634 38%
c 
c  seconds   reductions   conflicts         size   tier2      variables
c         MB      restarts       redundant     glue   trail        remaining
c           level       rate          size/glue  tier1  irredundant
c 
c =  8.36  0 115 46 7386  4 311637 16481 2.1 23 11 1 2 25% 26077 4529 37%
c 2  8.36  0 115 46 7386  4 311637 16481 2.1 23 11 1 2 25% 26075 4529 37%
c f  8.37  0 115 46 7386  4 311637 16479 2.1 23 11 1 2 25% 26073 4532 37%
c }  8.39  0 115 46 7445  4 313800 18425 2.1 22 11 1 2 25% 26073 4532 37%
c [  8.39  0 178 46 7445  1 313800 18425 2.3 81 35 1 2 31% 26073 4532 37%
c O  8.59  0 171 46 7452  1 325046 28695 2.3 74 32 1 2 31% 26073 4532 37%
c -  8.60  0 171 47 7452  1 325593 18023 2.3 73 31 1 2 31% 26073 4532 37%
c d  8.60  0 171 47 7452  1 325593 17876 2.3 73 31 1 2 31% 26071 4523 37%
c p  8.60  0 171 47 7452  1 325593 17877 2.3 73 31 1 2 31% 26071 4523 37%
c c  8.61  0 171 47 7452  1 325593 17877 2.3 73 31 1 2 31% 25985 4523 37%
c d  8.61  0 171 47 7452  1 325593 17789 2.3 73 31 1 2 31% 25959 4510 37%
c 2  8.61  0 171 47 7452  1 325593 17787 2.3 73 31 1 2 31% 25953 4510 37%
c =  8.63  0 171 47 7452  1 325593 17648 2.3 73 31 1 2 31% 25949 4491 37%
c u  8.63  0 171 47 7452  1 325593 17286 2.3 73 31 1 2 31% 25933 4491 37%
c v  8.63  0 171 47 7452  1 325593 17116 2.3 73 31 1 2 31% 25933 4491 37%
c w  8.63  0 171 47 7452  1 325593 17116 2.3 73 31 1 2 31% 25933 4491 37%
c x  8.64  0 171 47 7452  1 325593 17116 2.3 73 31 1 2 31% 25667 4491 37%
c 2  8.64  0 171 47 7452  1 325593 17115 2.3 73 31 1 2 31% 25663 4491 37%
c f  8.64  0 171 47 7452  1 325593 17115 2.3 73 31 1 2 31% 25661 4493 37%
c s  8.75  0 169 47 7455  1 332201 22596 2.3 70 31 1 2 31% 25045 4493 37%
c 
c  seconds   reductions   conflicts         size   tier2      variables
c         MB      restarts       redundant     glue   trail        remaining
c           level       rate          size/glue  tier1  irredundant
c 
c e  8.76  0 169 47 7455  1 332201 22352 2.3 70 31 1 2 31% 23799 4283 35%
c s  8.77  0 169 47 7455  1 332201 22226 2.3 70 31 1 2 31% 23712 4283 35%
c e  8.77  0 169 47 7455  1 332201 21717 2.3 70 31 1 2 31% 22093 4046 33%
c -  8.91  0 169 48 7459  1 339858 17139 2.3 68 30 1 2 36% 22093 4046 33%
c p  8.91  0 169 48 7459  1 339858 17246 2.3 68 30 1 2 36% 22093 4046 33%
c f  8.92  0 169 48 7459  1 339858 17237 2.3 68 30 1 2 36% 22093 4052 33%
c B  9.06  0 165 48 7461  1 351050 27563 2.2 64 29 1 2 28% 22093 4052 33%
c -  9.12  0 164 49 7464  1 354432 17675 2.2 63 29 1 2 28% 22093 4052 33%
c u  9.13  0 164 49 7464  1 354432 17250 2.2 63 29 1 2 28% 22093 4052 33%
c v  9.13  0 164 49 7464  1 354432 17030 2.2 63 29 1 2 28% 22093 4052 33%
c w  9.13  0 164 49 7464  1 354432 17029 2.2 63 29 1 2 28% 22093 4052 33%
c -  9.39  0 163 50 7473  1 369316 17722 2.2 60 28 1 2 33% 22093 4052 33%
c p  9.39  0 163 50 7473  1 369316 17824 2.2 60 28 1 2 33% 22093 4052 33%
c =  9.41  0 163 50 7473  1 369316 17824 2.2 60 28 1 2 33% 22091 4050 33%
c t  9.41  0 163 50 7473  1 369316 17818 2.2 60 28 1 2 33% 22091 4050 33%
c f  9.42  0 163 50 7473  1 369316 17813 2.2 60 28 1 2 33% 22094 4052 33%
c W  9.55  0 157 50 7475  1 378051 25815 2.1 57 27 1 2 31% 22094 4052 33%
c -  9.65  0 155 51 7476  1 384509 17974 2.1 56 26 1 2 32% 22094 4052 33%
c =  9.66  0 155 51 7476  1 384509 17974 2.1 56 26 1 2 32% 22092 4050 33%
c u  9.67  0 155 51 7476  1 384509 17429 2.1 56 26 1 2 32% 22092 4050 33%
c 
c  seconds   reductions   conflicts         size   tier2      variables
c         MB      restarts       redundant     glue   trail        remaining
c           level       rate          size/glue  tier1  irredundant
c 
c v  9.67  0 155 51 7476  1 384509 17180 2.1 56 26 1 2 32% 22092 4050 33%
c w  9.67  0 155 51 7476  1 384509 17177 2.1 56 26 1 2 32% 22092 4050 33%
c ]  9.72  0 156 51 7476  1 386527 19100 2.1 56 27 1 2 31% 22092 4050 33%
c {  9.72  0 115 51 7476  4 386527 19100 2.1 22 11 1 2 29% 22092 4050 33%
c s  9.76  0 114 51 7544  4 390982 22912 2.1 22 11 1 2 29% 22082 4050 33%
c e  9.77  0 114 51 7544  4 390982 21694 2.1 22 11 1 2 29% 20062 3741 31%
c s  9.77  0 114 51 7544  4 390982 21658 2.1 22 11 1 2 29% 20062 3741 31%
c -  9.87  0 112 52 7650  4 400012 18402 2.1 22 10 1 2 28% 20062 3741 31%
c p  9.87  0 112 52 7650  4 400012 18480 2.1 22 10 1 2 28% 20062 3741 31%
c f  9.88  0 112 52 7650  4 400012 18480 2.1 22 10 1 2 28% 20060 3743 31%
c B  9.95  0 111 52 7786  4 406053 24028 2.1 21 10 1 2 28% 20060 3743 31%
c - 10.06  0 108 53 7959  4 415825 20760 2.0 21 10 1 2 27% 20060 3743 31%
c p 10.06  0 108 53 7959  4 415825 20777 2.0 21 10 1 2 27% 20060 3743 31%
c u 10.07  0 108 53 7959  4 415825 20431 2.0 21 10 1 2 27% 20060 3743 31%
c v 10.08  0 108 53 7959  4 415825 20286 2.0 21 10 1 2 27% 20060 3743 31%
c w 10.08  0 108 53 7959  4 415825 20286 2.0 21 10 1 2 27% 20060 3743 31%
c - 10.28  0 105 54 8391  4 431947 22380 2.0 20 10 1 2 26% 20060 3743 31%
c p 10.28  0 105 54 8391  4 431947 22469 2.0 20 10 1 2 26% 20060 3743 31%
c t 10.30  0 105 54 8391  4 431947 22468 2.0 20 10 1 2 26% 20060 3743 31%
c f 10.30  0 105 54 8391  4 431947 22464 2.0 20 10 1 2 26% 20062 3744 31%
c 
c  seconds   reductions   conflicts         size   tier2      variables
c         MB      restarts       redundant     glue   trail        remaining
c           level       rate          size/glue  tier1  irredundant
c 
c W 10.36  0 104 54 8467  4 435056 25282 2.0 20 10 1 2 25% 20062 3744 31%
c - 10.54  0 101 55 8871  4 448378 24295 2.0 19 10 1 2 25% 20062 3744 31%
c p 10.55  0 101 55 8871  4 448378 24339 2.0 19 10 1 2 25% 20062 3744 31%
c u 10.56  0 101 55 8871  4 448378 23824 2.0 19 10 1 2 25% 20062 3744 31%
c v 10.56  0 101 55 8871  4 448378 23621 2.0 19 10 1 2 25% 20062 3744 31%
c t 10.56  0 101 55 8871  4 448378 23620 2.0 19 10 1 2 25% 20061 3744 31%
c f 10.56  0 101 55 8871  4 448378 23618 2.0 19 10 1 2 25% 20062 3745 31%
c s 10.64  0 100 55 9054  4 453982 28153 2.0 19 10 1 2 24% 20062 3745 31%
c e 10.65  0 100 55 9054  4 453982 28115 2.0 19 10 1 2 24% 20060 3741 31%
c s 10.66  0 100 55 9054  4 453982 27956 2.0 19 10 1 2 24% 20059 3741 31%
c } 10.81  0 99 55 9389  4 464055 37213 2.0 19 9 1 2 24% 20059 3741 31%
c [ 10.81  0 156 55 9389  1 464055 37213 2.1 56 27 1 2 31% 20059 3741 31%
c I 10.82  0 155 55 9389  1 465057 38176 2.1 56 26 1 2 32% 20059 3741 31%
c - 10.83  0 155 56 9389  1 465118 25030 2.1 56 26 1 2 32% 20059 3741 31%
c p 10.83  0 155 56 9389  1 465118 25079 2.1 56 26 1 2 32% 20059 3741 31%
c u 10.83  0 155 56 9389  1 465118 24850 2.1 56 26 1 2 32% 20059 3741 31%
c v 10.83  0 155 56 9389  1 465118 24789 2.1 56 26 1 2 32% 20059 3741 31%
c w 10.83  0 155 56 9389  1 465118 24789 2.1 56 26 1 2 32% 20059 3741 31%
c t 10.84  0 155 56 9389  1 465118 24789 2.1 56 26 1 2 32% 20058 3741 31%
c - 11.22  0 151 57 9390  1 482169 25723 2.2 56 26 1 2 35% 20058 3741 31%
c 
c  seconds   reductions   conflicts         size   tier2      variables
c         MB      restarts       redundant     glue   trail        remaining
c           level       rate          size/glue  tier1  irredundant
c 
c p 11.23  0 151 57 9390  1 482169 25818 2.2 56 26 1 2 35% 20058 3741 31%
c = 11.26  0 151 57 9390  1 482169 25818 2.2 56 26 1 2 35% 20057 3740 31%
c u 11.26  0 151 57 9390  1 482169 25459 2.2 56 26 1 2 35% 20057 3740 31%
c v 11.27  0 151 57 9390  1 482169 25304 2.2 56 26 1 2 35% 20057 3740 31%
c w 11.27  0 151 57 9390  1 482169 25303 2.2 56 26 1 2 35% 20057 3740 31%
c 2 11.27  0 151 57 9390  1 482169 25302 2.2 56 26 1 2 35% 20057 3740 31%
c f 11.27  0 151 57 9390  1 482169 25296 2.2 56 26 1 2 35% 20061 3742 31%
c B 11.60  0 153 57 9390  1 496058 38104 2.2 59 26 1 2 39% 20061 3742 31%
c - 11.70  0 155 58 9390  1 499529 23834 2.2 60 27 1 2 41% 20061 3742 31%
c p 11.70  0 155 58 9390  1 499529 23876 2.2 60 27 1 2 41% 20061 3742 31%
c u 11.70  0 155 58 9390  1 499529 23630 2.2 60 27 1 2 41% 20061 3742 31%
c v 11.71  0 155 58 9390  1 499529 23617 2.2 60 27 1 2 41% 20061 3742 31%
c w 11.71  0 155 58 9390  1 499529 23617 2.2 60 27 1 2 41% 20061 3742 31%
c f 11.71  0 155 58 9390  1 499529 23610 2.2 60 27 1 2 41% 20066 3744 31%
c - 12.09  0 160 59 9394  1 517200 24100 2.3 60 26 1 2 42% 20066 3744 31%
c p 12.10  0 160 59 9394  1 517200 24153 2.3 60 26 1 2 42% 20066 3744 31%
c u 12.13  0 160 59 9394  1 517200 23797 2.3 60 26 1 2 42% 20066 3744 31%
c v 12.13  0 160 59 9394  1 517200 23792 2.3 60 26 1 2 42% 20066 3744 31%
c w 12.13  0 160 59 9394  1 517200 23792 2.3 60 26 1 2 42% 20066 3744 31%
c f 12.13  0 160 59 9394  1 517200 23786 2.3 60 26 1 2 42% 20070 3746 31%
c 
c  seconds   reductions   conflicts         size   tier2      variables
c         MB      restarts       redundant     glue   trail        remaining
c           level       rate          size/glue  tier1  irredundant
c 
c s 12.27  0 162 59 9397  1 521820 27989 2.3 61 27 1 2 43% 20069 3746 31%
c e 12.27  0 162 59 9397  1 521820 27922 2.3 61 27 1 2 43% 20067 3743 31%
c s 12.28  0 162 59 9397  1 521820 27875 2.3 61 27 1 2 43% 20067 3743 31%
c ^ 12.28  0 162 59 9397  1 521820 27875 2.3 61 27 1 2 43% 20067 3743 31%
c ] 12.29  0 162 59 9397  1 522047 28094 2.3 61 27 1 2 43% 20067 3743 31%
c { 12.29  0 99 59 9397  4 522047 28094 2.0 19 9 1 2 24% 20067 3743 31%
c F 12.36  0 98 59 9598  4 528061 33566 2.0 19 9 1 2 24% 20067 3743 31%
c - 12.48  0 97 60 9875  4 535179 26370 2.0 18 9 1 2 24% 20067 3743 31%
c p 12.48  0 97 60 9875  4 535179 26405 2.0 18 9 1 2 24% 20067 3743 31%
c u 12.49  0 97 60 9875  4 535179 26198 2.0 18 9 1 2 24% 20067 3743 31%
c v 12.49  0 97 60 9875  4 535179 26143 2.0 18 9 1 2 24% 20067 3743 31%
c w 12.49  0 97 60 9875  4 535179 26143 2.0 18 9 1 2 24% 20067 3743 31%
c - 12.78  0 94 61 10735  5 553467 28455 2.0 18 9 1 2 23% 20067 3743 31%
c p 12.78  0 94 61 10735  5 553467 28506 2.0 18 9 1 2 23% 20067 3743 31%
c u 12.79  0 94 61 10735  5 553467 28174 2.0 18 9 1 2 23% 20067 3743 31%
c v 12.79  0 94 61 10735  5 553467 28057 2.0 18 9 1 2 23% 20067 3743 31%
c w 12.79  0 94 61 10735  5 553467 28057 2.0 18 9 1 2 23% 20067 3743 31%
c t 12.79  0 94 61 10735  5 553467 28055 2.0 18 9 1 2 23% 20066 3743 31%
c B 12.90  0 93 61 11058  5 561063 35043 2.0 18 9 1 2 23% 20066 3743 31%
c - 13.10  0 92 62 11649  5 572065 29610 2.0 18 9 1 2 22% 20066 3743 31%
c 
c  seconds  reductions    conflicts         size  tier2      variables
c         MB      restarts       redundant     glue  trail        remaining
c          level        rate          size/glue tier1  irredundant
c 
c p 13.10  0 92 62 11649  5 572065 29641 2.0 18 9 1 2 22% 20066 3743 31%
c u 13.14  0 92 62 11649  5 572065 29436 2.0 18 9 1 2 22% 20066 3743 31%
c v 13.15  0 92 62 11649  5 572065 29313 2.0 18 9 1 2 22% 20066 3743 31%
c } 13.44  0 90 62 12556  5 588700 44508 1.9 17 9 1 2 22% 20066 3743 31%
c [ 13.44  0 162 62 12556  1 588700 44508 2.3 61 27 1 2 43% 20066 3743 31%
c - 13.50  0 161 63 12556  1 590974 31138 2.3 61 27 1 2 43% 20066 3743 31%
c p 13.51  0 161 63 12556  1 590974 31186 2.3 61 27 1 2 43% 20066 3743 31%
c u 13.51  0 161 63 12556  1 590974 30964 2.3 61 27 1 2 43% 20066 3743 31%
c v 13.52  0 161 63 12556  1 590974 30790 2.3 61 27 1 2 43% 20066 3743 31%
c w 13.52  0 161 63 12556  1 590974 30790 2.3 61 27 1 2 43% 20066 3743 31%
c s 13.61  0 162 63 12559  1 594500 33602 2.3 61 27 1 2 43% 20066 3743 31%
c e 13.62  0 162 63 12559  1 594500 27957 2.3 61 27 1 2 43% 20266 3517 29%
c s 13.63  0 162 63 12559  1 594500 27768 2.3 61 27 1 2 43% 20190 3517 29%
c e 13.64  0 162 63 12559  1 594500 27756 2.3 61 27 1 2 43% 20171 3514 29%
c W 13.72  0 162 63 12559  1 595065 28267 2.3 60 27 1 2 26% 20171 3514 29%
c - 14.02  0 160 64 12564  1 610194 27841 2.3 60 27 1 2 42% 20170 3514 29%
c 2 14.02  0 160 64 12564  1 610194 27765 2.3 60 27 1 2 42% 20170 3514 29%
c p 14.02  0 160 64 12564  1 610194 27838 2.3 60 27 1 2 42% 20170 3514 29%
c u 14.02  0 160 64 12564  1 610194 27571 2.3 60 27 1 2 42% 20170 3514 29%
c v 14.02  0 160 64 12564  1 610194 27466 2.3 60 27 1 2 42% 20170 3514 29%
c 
c  seconds   reductions    conflicts         size   tier2      variables
c         MB       restarts       redundant     glue   trail        remaining
c           level        rate          size/glue  tier1  irredundant
c 
c w 14.03  0 160 64 12564  1 610194 27458 2.3 60 27 1 2 42% 20170 3514 29%
c t 14.03  0 160 64 12564  1 610194 27458 2.3 60 27 1 2 42% 20168 3514 29%
c f 14.03  0 160 64 12564  1 610194 27452 2.3 60 27 1 2 42% 20157 3522 29%
c - 14.58  0 161 65 12575  1 629724 27825 2.3 64 28 1 2 48% 20157 3522 29%
c p 14.58  0 161 65 12575  1 629724 27881 2.3 64 28 1 2 48% 20157 3522 29%
c u 14.59  0 161 65 12575  1 629724 27515 2.3 64 28 1 2 48% 20157 3522 29%
c v 14.59  0 161 65 12575  1 629724 27285 2.3 64 28 1 2 48% 20157 3522 29%
c w 14.59  0 161 65 12575  1 629724 27285 2.3 64 28 1 2 48% 20157 3522 29%
c O 14.60  0 160 65 12575  1 630067 27562 2.3 64 28 1 2 47% 20157 3522 29%
c - 15.03  0 155 66 12580  1 649562 28011 2.2 63 28 1 2 45% 20157 3522 29%
c p 15.03  0 155 66 12580  1 649562 28057 2.2 63 28 1 2 45% 20157 3522 29%
c u 15.06  0 155 66 12580  1 649562 27869 2.2 63 28 1 2 45% 20157 3522 29%
c v 15.06  0 155 66 12580  1 649562 27821 2.2 63 28 1 2 45% 20157 3522 29%
c w 15.06  0 155 66 12580  1 649562 27821 2.2 63 28 1 2 45% 20157 3522 29%
c ] 15.28  0 151 66 12580  1 659803 37530 2.3 63 27 1 2 43% 20157 3522 29%
c { 15.28  0 90 66 12580  5 659803 37530 1.9 17 9 1 2 25% 20157 3522 29%
c W 15.40  0 90 66 12859  5 666068 43311 1.9 17 9 1 2 25% 20157 3522 29%
c - 15.46  0 89 67 12974  5 669712 29362 1.9 17 9 1 2 25% 20157 3522 29%
c p 15.46  0 89 67 12974  5 669712 29397 1.9 17 9 1 2 25% 20157 3522 29%
c u 15.47  0 89 67 12974  5 669712 29098 1.9 17 9 1 2 25% 20157 3522 29%
c 
c  seconds  reductions    conflicts         size  tier2      variables
c         MB      restarts       redundant     glue  trail        remaining
c          level        rate          size/glue tier1  irredundant
c 
c v 15.47  0 89 67 12974  5 669712 28924 1.9 17 9 1 2 25% 20157 3522 29%
c f 15.47  0 89 67 12974  5 669712 28919 1.9 17 9 1 2 25% 20160 3523 29%
c s 15.57  0 89 67 13299  5 675178 33711 1.9 17 9 1 2 25% 20154 3523 29%
c e 15.57  0 89 67 13299  5 675178 33466 1.9 17 9 1 2 25% 20158 3518 29%
c s 15.59  0 89 67 13299  5 675178 33431 1.9 17 9 1 2 25% 20154 3518 29%
c - 15.86  0 88 68 14189  6 690170 31178 1.9 17 9 1 2 24% 20154 3518 29%
c 2 15.86  0 88 68 14189  6 690170 31176 1.9 17 9 1 2 24% 20154 3518 29%
c p 15.86  0 88 68 14189  6 690170 31214 1.9 17 9 1 2 24% 20154 3518 29%
c u 15.88  0 88 68 14189  6 690170 31014 1.9 17 9 1 2 24% 20154 3518 29%
c v 15.88  0 88 68 14189  6 690170 30832 1.9 17 9 1 2 24% 20154 3518 29%
c w 15.88  0 88 68 14189  6 690170 30832 1.9 17 9 1 2 24% 20154 3518 29%
c # 16.12  0 87 68 15195  6 703071 42762 1.9 17 9 1 2 24% 20154 3518 29%
c - 16.27  0 87 69 15584  6 710939 33136 1.9 17 9 1 2 24% 20154 3518 29%
c p 16.27  0 87 69 15584  6 710939 33169 1.9 17 9 1 2 24% 20154 3518 29%
c u 16.28  0 87 69 15584  6 710939 32962 1.9 17 9 1 2 24% 20154 3518 29%
c v 16.28  0 87 69 15584  6 710939 32816 1.9 17 9 1 2 24% 20154 3518 29%
c w 16.28  0 87 69 15584  6 710939 32814 1.9 17 9 1 2 24% 20154 3518 29%
c } 16.61  0 86 69 16784  6 727564 48135 1.9 17 9 1 2 23% 20154 3518 29%
c [ 16.61  0 151 69 16784  1 727564 48135 2.3 63 27 1 2 43% 20154 3518 29%
c - 16.68  0 151 70 16786  1 732019 34160 2.3 62 27 1 2 42% 20154 3518 29%
c 
c  seconds   reductions    conflicts         size   tier2      variables
c         MB       restarts       redundant     glue   trail        remaining
c           level        rate          size/glue  tier1  irredundant
c 
c p 16.68  0 151 70 16786  1 732019 34191 2.3 62 27 1 2 42% 20154 3518 29%
c u 16.69  0 151 70 16786  1 732019 33870 2.3 62 27 1 2 42% 20154 3518 29%
c v 16.69  0 151 70 16786  1 732019 33625 2.3 62 27 1 2 42% 20154 3518 29%
c w 16.69  0 151 70 16786  1 732019 33625 2.3 62 27 1 2 42% 20154 3518 29%
c t 16.69  0 151 70 16786  1 732019 33625 2.3 62 27 1 2 42% 20153 3518 29%
c B 16.88  0 150 70 16791  1 741073 42274 2.3 61 27 1 2 41% 20153 3518 29%
c - 17.02  0 149 71 16798  1 753408 34879 2.2 57 26 1 2 40% 20153 3518 29%
c p 17.03  0 149 71 16798  1 753408 34907 2.2 57 26 1 2 40% 20153 3518 29%
c s 17.15  0 147 71 16799  1 760800 41201 2.2 56 25 1 2 38% 20151 3518 29%
c s 17.17  0 147 71 16799  1 760800 41110 2.2 56 25 1 2 38% 20151 3518 29%
c ^ 17.17  0 147 71 16799  1 760800 41110 2.2 56 25 1 2 38% 20151 3518 29%
c - 17.31  0 143 72 16806  1 775107 34158 2.2 52 24 1 2 36% 20151 3518 29%
c p 17.31  0 143 72 16806  1 775107 34161 2.2 52 24 1 2 36% 20151 3518 29%
c u 17.31  0 143 72 16806  1 775107 34000 2.2 52 24 1 2 36% 20151 3518 29%
c v 17.31  0 143 72 16806  1 775107 33991 2.2 52 24 1 2 36% 20151 3518 29%
c w 17.31  0 143 72 16806  1 775107 33991 2.2 52 24 1 2 36% 20151 3518 29%
c W 17.40  0 143 72 16809  1 780074 38373 2.2 50 23 1 2 35% 20151 3518 29%
c - 17.59  0 144 73 16814  1 797117 33293 2.1 47 22 1 2 34% 20151 3518 29%
c - 17.92  0 139 74 16816  1 819437 32843 2.0 45 22 1 2 32% 20151 3518 29%
c p 17.93  0 139 74 16816  1 819437 32868 2.0 45 22 1 2 32% 20151 3518 29%
c 
c  seconds   reductions    conflicts         size   tier2      variables
c         MB       restarts       redundant     glue   trail        remaining
c           level        rate          size/glue  tier1  irredundant
c 
c u 17.94  0 139 74 16816  1 819437 32577 2.0 45 22 1 2 32% 20151 3518 29%
c w 17.94  0 139 74 16816  1 819437 32577 2.0 45 22 1 2 32% 20151 3518 29%
c I 17.95  0 138 74 16816  1 820076 33150 2.0 45 22 1 2 32% 20151 3518 29%
c - 18.47  0 132 75 16816  1 842068 32938 2.2 48 22 1 2 37% 20151 3518 29%
c p 18.47  0 132 75 16816  1 842068 32961 2.2 48 22 1 2 37% 20151 3518 29%
c u 18.49  0 132 75 16816  1 842068 32861 2.2 48 22 1 2 37% 20151 3518 29%
c v 18.49  0 132 75 16816  1 842068 32848 2.2 48 22 1 2 37% 20151 3518 29%
c w 18.49  0 132 75 16816  1 842068 32847 2.2 48 22 1 2 37% 20151 3518 29%
c ] 18.67  0 133 75 16816  1 848949 39488 2.2 50 23 1 2 38% 20151 3518 29%
c { 18.67  0 86 75 16816  6 848949 39488 1.9 17 9 1 2 23% 20151 3518 29%
c s 18.73  0 86 75 17009  6 851450 41633 1.9 17 9 1 2 23% 20151 3518 29%
c e 18.74  0 86 75 17009  6 851450 34120 1.9 17 9 1 2 23% 20356 3405 28%
c s 18.75  0 86 75 17009  6 851450 34058 1.9 17 9 1 2 23% 20345 3405 28%
c e 18.75  0 86 75 17009  6 851450 34049 1.9 17 9 1 2 23% 20345 3404 28%
c B 18.88  0 84 75 17354  6 861079 42646 1.9 17 9 1 2 23% 20345 3404 28%
c - 18.91  0 84 76 17382  6 865010 32010 1.9 16 9 1 2 23% 20345 3404 28%
c 2 18.91  0 84 76 17382  6 865010 32004 1.9 16 9 1 2 23% 20345 3404 28%
c d 18.91  0 84 76 17382  6 865010 31999 1.9 16 9 1 2 23% 20345 3403 28%
c p 18.91  0 84 76 17382  6 865010 32017 1.9 16 9 1 2 23% 20345 3403 28%
c u 18.92  0 84 76 17382  6 865010 31723 1.9 16 9 1 2 23% 20345 3403 28%
c 
c  seconds  reductions    conflicts         size  tier2      variables
c         MB      restarts       redundant     glue  trail        remaining
c          level        rate          size/glue tier1  irredundant
c 
c v 18.92  0 84 76 17382  6 865010 31482 1.9 16 9 1 2 23% 20345 3403 28%
c w 18.92  0 84 76 17382  6 865010 31482 1.9 16 9 1 2 23% 20345 3403 28%
c f 18.93  0 84 76 17382  6 865010 31469 1.9 16 9 1 2 23% 20325 3414 28%
c - 19.38  0 83 77 19161  7 888261 35600 1.9 16 8 1 2 22% 20325 3414 28%
c p 19.39  0 83 77 19161  7 888261 35613 1.9 16 8 1 2 22% 20325 3414 28%
c u 19.43  0 83 77 19161  7 888261 35403 1.9 16 8 1 2 22% 20325 3414 28%
c v 19.44  0 83 77 19161  7 888261 35334 1.9 16 8 1 2 22% 20325 3414 28%
c f 19.44  0 83 77 19161  7 888261 35332 1.9 16 8 1 2 22% 20321 3416 28%
c W 19.78  0 82 77 20506  7 903080 48964 1.9 16 8 1 2 21% 20321 3416 28%
c - 20.04  0 82 78 21618  8 911823 37625 1.9 16 9 1 2 21% 20321 3416 28%
c p 20.04  0 82 78 21618  8 911823 37636 1.9 16 9 1 2 21% 20321 3416 28%
c u 20.05  0 82 78 21618  8 911823 37201 1.9 16 9 1 2 21% 20321 3416 28%
c v 20.06  0 82 78 21618  8 911823 36961 1.9 16 9 1 2 21% 20321 3416 28%
c w 20.06  0 82 78 21618  8 911823 36961 1.9 16 9 1 2 21% 20321 3416 28%
c } 20.23  0 81 78 22467  8 920709 45089 1.9 16 9 1 2 21% 20321 3416 28%
c [ 20.23  0 133 78 22467  1 920709 45089 2.2 50 23 1 2 38% 20321 3416 28%
c - 20.57  0 136 79 22468  1 935697 37917 2.1 53 25 1 2 38% 20321 3416 28%
c p 20.57  0 136 79 22468  1 935697 37926 2.1 53 25 1 2 38% 20321 3416 28%
c u 20.58  0 136 79 22468  1 935697 37858 2.1 53 25 1 2 38% 20321 3416 28%
c v 20.58  0 136 79 22468  1 935697 37710 2.1 53 25 1 2 38% 20321 3416 28%
c 
c  seconds   reductions    conflicts         size   tier2      variables
c         MB       restarts       redundant     glue   trail        remaining
c           level        rate          size/glue  tier1  irredundant
c 
c w 20.58  0 136 79 22468  1 935697 37709 2.1 53 25 1 2 38% 20321 3416 28%
c x 20.59  0 136 79 22468  1 935697 37708 2.1 53 25 1 2 38% 20321 3416 28%
c t 20.59  0 136 79 22468  1 935697 37707 2.1 53 25 1 2 38% 20321 3416 28%
c B 20.83  0 135 79 22468  1 946082 47653 2.2 53 25 1 2 39% 20321 3416 28%
c s 20.92  0 135 79 22468  1 949467 50478 2.1 54 25 1 2 39% 20316 3416 28%
c e 20.93  0 135 79 22468  1 949467 50165 2.1 54 25 1 2 39% 20318 3414 28%
c s 20.94  0 135 79 22468  1 949467 50024 2.1 54 25 1 2 39% 20317 3414 28%
c - 21.24  0 137 80 22468  1 959881 38252 2.2 56 25 1 2 40% 20317 3414 28%
c 2 21.24  0 137 80 22468  1 959881 38250 2.2 56 25 1 2 40% 20317 3414 28%
c p 21.24  0 137 80 22468  1 959881 38258 2.2 56 25 1 2 40% 20317 3414 28%
c u 21.25  0 137 80 22468  1 959881 38002 2.2 56 25 1 2 40% 20317 3414 28%
c v 21.25  0 137 80 22468  1 959881 37840 2.2 56 25 1 2 40% 20317 3414 28%
c w 21.25  0 137 80 22468  1 959881 37839 2.2 56 25 1 2 40% 20317 3414 28%
c - 21.90  0 140 81 22468  1 984375 37902 2.2 59 26 1 2 41% 20317 3414 28%
c p 21.90  0 140 81 22468  1 984375 37910 2.2 59 26 1 2 41% 20317 3414 28%
c u 21.91  0 140 81 22468  1 984375 37773 2.2 59 26 1 2 41% 20317 3414 28%
c v 21.91  0 140 81 22468  1 984375 37538 2.2 59 26 1 2 41% 20317 3414 28%
c w 21.91  0 140 81 22468  1 984375 37536 2.2 59 26 1 2 41% 20317 3414 28%
c W 22.08  0 142 81 22470  1 990084 42908 2.3 59 26 1 2 42% 20317 3414 28%
c ] 22.22  0 139 81 22475  1 1000001 52021 2.2 57 25 1 2 41% 20317 3414 28%
c 
c  seconds   reductions     conflicts         size   tier2      variables
c         MB       restarts        redundant     glue   trail        remaining
c           level        rate           size/glue  tier1  irredundant
c 
c ? 22.22  0 139 81 22475  1 1000001 52021 2.2 57 25 1 2 41% 20317 3414 28%
c 
c --- [ result ] -------------------------------------------------------------
c 
c UNKNOWN
c 
c --- [ run-time profiling ] -------------------------------------------------
c 
c process time taken by individual solving procedures
c (percentage relative to process time for solving)
c 
c        19.90   89.61% search
c        11.27   50.74% stable
c         8.19   36.89% unstable
c         2.30   10.38% simplify
c         0.57    2.58% sweep
c         0.48    2.15% vivify
c         0.44    1.97% walk
c         0.29    1.30% congruence
c         0.28    1.28% factor
c         0.27    1.21% subsume
c         0.12    0.54% elim
c         0.05    0.23% preprocess
c         0.05    0.23% probe
c         0.04    0.17% ternary
c         0.02    0.09% backbone
c         0.01    0.05% fastelim
c         0.01    0.04% parse
c         0.00    0.02% lucky
c   =================================
c        22.21   99.96% solve
c 
c last line shows process time for solving
c (percentage relative to total process time)
c 
c --- [ statistics ] ---------------------------------------------------------
c 
c chronological:            266067        26.61 %  of conflicts
c conflicts:               1000001     45021.88    per second
c backbone:                1320157     10099.12 %  of vars
c decisions:               3846708    173185.86    per second
c eliminated:                 6485        49.61 %  of all variables
c factored:                    820        23.18 %  of variables
c fixed:                       641         4.90 %  of all variables
c learned:                  954565        95.46 %  per conflict
c learned_lits:           44785387       100.00 %  learned literals
c minimized:                     0         0.00 %  learned literals
c shrunken:                1622795         3.62 %  learned literals
c minishrunken:            4741070        10.59 %  learned literals
c otfs:                      28973         2.90 %  of conflict
c propagations:          131441360         5.92 M  per second
c reduced:                  801420        80.14 %  per conflict
c rephased:                     44     22727.30    interval
c restarts:                  22475        44.49    interval
c stabilizing:                  14        47.83 %  of conflicts
c substituted:                2532        19.37 %  of all variables
c sweep equivs:                607         9.68 %  of swept variables
c subsumed:                  62739         5.89 %  of all clauses
c strengthened:              60527         5.68 %  of all clauses
c ticks:                1432935568        11.15    propagation
c vivified:                  10808         1.01 %  of all clauses
c walked:                       14     71428.64    interval
c weakened:                  43664         2.93    average size
c congruence:                   39     25641.05    interval
c 
c seconds are measured in process time for solving
c 
c --- [ glue usage ] ---------------------------------------------------------
c 
c focused glue 1 used 2345110 clauses 66.55% accumulated 66.55% tier1
c focused glue 2 used 469507 clauses 13.32% accumulated 79.87% tier2
c 
c stable glue 1 used 2659326 clauses 54.19% accumulated 54.19% tier1
c stable glue 2 used 642461 clauses 13.09% accumulated 67.28% tier2
c 
c 
c --- [ resources ] ----------------------------------------------------------
c 
c total process time since initialization:        22.22    seconds
c total real time since initialization:           22.29    seconds
c maximum resident set size of process:        83840.00    MB
c 
c --- [ shutting down ] ------------------------------------------------------
c 
c exit 0
