c --- [ banner ] -------------------------------------------------------------
c 
c CaDiCaL SAT Solver
c Copyright (c) 2016-2025
c A. Biere, M. Fleury, N. Froleyks, K. Fazekas, F. Pollitt, T. Faller
c JKU Linz, University of Freiburg, TU Wien
c 
c Version 3.0.0
c Apple clang version 17.0.0 (clang-1700.6.3.2) -Wall -Wextra -O3 -DNDEBUG -DNCLOSEFROM
c Tue Dec 23 21:53:38 UTC 2025 Darwin Tahoe-arm64.local 25.2.0 arm64
c 
c --- [ limit ] --------------------------------------------------------------
c 
c setting conflict limit to 1000000 conflicts (due to '1000000')
c 
c --- [ parsing input ] ------------------------------------------------------
c 
c reading DIMACS file from '/tmp/sr59_cnfs/aux_expose_sr59_n32_bit31_m17149975_fillffffffff.cnf'
c opening file to read '/tmp/sr59_cnfs/aux_expose_sr59_n32_bit31_m17149975_fillffffffff.cnf'
c found 'p cnf 12336 51511' header
c parsed 51511 clauses in 0.01 seconds process time
c 
c --- [ options ] ------------------------------------------------------------
c 
c   --seed=5                       (different from default '0')
c 
c --- [ solving ] ------------------------------------------------------------
c 
c time measured in process time since initialization
c 
c  seconds  reduction conflicts       size tier2       variables
c         MB    restarts   redundant    glue  trail         remaining
c          level     rate       size/glu tier1  irredundant
c 
c *  0.01  0  0 0   0  0    0    0 0.0 0 0 2 6  0% 51446 12335 100%
c (  0.01  0  0 0   0  0    0    0 0.0 0 0 2 6  0% 51446 12335 100%
c .  0.01  0  0 0   0  0    0    0 0.0 0 0 2 6  0% 51446 12335 100%
c c  0.03  0  0 0   0  0    0    0 0.0 0 0 2 6  0% 48944 11695 95%
c d  0.03  0  0 0   0  0    0    0 0.0 0 0 2 6  0% 44234 10364 84%
c 2  0.03  0  0 0   0  0    0    0 0.0 0 0 2 6  0% 44170 10364 84%
c f  0.05  0  0 0   0  0    0    0 0.0 0 0 2 6  0% 44104 10430 85%
c e  0.06  0  0 0   0  0    0    0 0.0 0 0 2 6  0% 34891 6077 49%
c P  0.06  0  0 0   0  0    0    0 0.0 0 0 2 6  0% 34891 6077 49%
c )  0.06  0  0 0   0  0    0    0 0.0 0 0 2 6  0% 34891 6077 49%
c {  0.06  0  0 0   0  0    0    0 0.0 0 0 2 6  0% 34891 6077 49%
c -  0.07  0 940 1  28 65  300  216 1.5 4 3 2 6 17% 34891 6077 49%
c -  0.07  0 531 2  58 46  733  549 1.5 5 3 2 6 15% 34891 6077 49%
c }  0.07  0 422 2  63 36 1002  743 1.5 5 3 2 6 13% 34891 6077 49%
c [  0.07  0  0 2  63  0 1002  743 0.0 0 0 2 6  0% 34891 6077 49%
c O  0.07  0 1928 2  63 1929 1003  744 1.6 56 35 2 6 45% 34891 6077 49%
c ]  0.08  0 1913 2  63 10 1234  965 1.8 62 35 2 6 40% 34891 6077 49%
c {  0.08  0 422 2  63 36 1234  965 1.5 5 3 2 6 13% 34891 6077 49%
c -  0.09  0 379 3 108 37 1410  897 1.5 5 4 2 6 13% 34891 6077 49%
c d  0.09  0 245 3 198 27 2220 1428 1.6 6 4 2 6 11% 34783 5990 49%
c 
c  seconds   reduction conflicts       size tier2      variables
c         MB     restarts   redundant    glue  trail        remaining
c           level     rate       size/glu tier1  irredundant
c 
c c  0.10  0 245 3 198 27 2220 1428 1.6 6 4 2 6 11% 34728 5990 49%
c d  0.10  0 245 3 198 27 2220 1383 1.6 6 4 2 6 11% 34706 5979 48%
c 2  0.10  0 245 3 198 27 2220 1383 1.6 6 4 2 6 11% 34700 5979 48%
c t  0.10  0 245 3 198 27 2220 1383 1.6 6 4 2 6 11% 34699 5979 48%
c -  0.11  0 235 4 209 26 2348 1226 1.6 6 4 2 6  8% 34699 5979 48%
c O  0.11  0 195 4 243 22 3006 1687 1.6 6 4 2 6  5% 34699 5979 48%
c -  0.12  0 177 5 332 22 3559 1880 1.6 6 4 2 6  7% 34699 5979 48%
c s  0.12  0 163 5 383 20 4122 2279 1.6 6 4 2 6  7% 34697 5979 48%
c t  0.13  0 163 5 383 20 4122 2278 1.6 6 4 2 6  7% 34694 5979 48%
c e  0.14  0 163 5 383 20 4122 2253 1.6 6 4 2 6  7% 34652 5717 46%
c s  0.14  0 163 5 383 20 4122 2198 1.6 6 4 2 6  7% 34626 5717 46%
c e  0.14  0 163 5 383 20 4122 2138 1.6 6 4 2 6  7% 34600 5712 46%
c d  0.15  0 157 5 418 19 4720 2253 1.6 6 4 2 6  8% 34563 5661 46%
c c  0.16  0 157 5 418 19 4720 2253 1.6 6 4 2 6  8% 34394 5661 46%
c d  0.16  0 157 5 418 19 4720 2152 1.6 6 4 2 6  8% 34350 5639 46%
c 2  0.16  0 157 5 418 19 4720 2150 1.6 6 4 2 6  8% 34344 5639 46%
c =  0.17  0 157 5 418 19 4720 2135 1.6 6 4 2 6  8% 34340 5581 45%
c -  0.17  0 151 6 456 19 5052 1718 1.6 6 4 2 3  8% 34340 5581 45%
c }  0.17  0 145 6 493 18 5376 1947 1.6 6 4 2 3  7% 34340 5581 45%
c [  0.17  0 1913 6 493 10 5376 1947 1.8 62 35 2 6 84% 34340 5581 45%
c 
c  seconds   reduction conflicts       size   tier2       variables
c         MB     restarts   redundant     glue    trail        remaining
c           level     rate       size/glue  tier1   irredundant
c 
c I  0.18  0 639 6 493  5 6009 2533 2.0 48 25 5 27 35% 34340 5581 45%
c -  0.19  0 379 7 494  4 6830 2153 1.9 33 18 5 19 25% 34340 5581 45%
c d  0.19  0 341 7 494  3 7324 2323 1.9 30 16 2 6 24% 34340 5544 45%
c c  0.20  0 341 7 494  3 7324 2323 1.9 30 16 2 6 24% 34144 5544 45%
c d  0.20  0 341 7 494  3 7324 2217 1.9 30 16 2 6 24% 34082 5513 45%
c 2  0.20  0 341 7 494  3 7324 2215 1.9 30 16 2 6 24% 34074 5513 45%
c ]  0.22  0 289 7 495  3 8191 2931 2.0 35 17 2 6 23% 34074 5513 45%
c {  0.22  0 145 7 495 18 8191 2931 1.6 6 4 2 3  7% 34074 5513 45%
c -  0.23  0 135 8 567 17 8902 2271 1.6 6 4 2 3  7% 34074 5513 45%
c #  0.23  0 124 8 740 17 10012 3060 1.6 6 4 2 3  7% 34074 5513 45%
c d  0.23  0 124 8 740 17 10021 2613 1.6 6 4 2 3  7% 34074 5437 44%
c c  0.24  0 124 8 740 17 10021 2613 1.6 6 4 2 3  7% 33878 5437 44%
c d  0.24  0 124 8 740 17 10021 2505 1.6 6 4 2 3  7% 33820 5408 44%
c 2  0.25  0 124 8 740 17 10021 2505 1.6 6 4 2 3  7% 33816 5408 44%
c =  0.25  0 124 8 740 17 10021 2484 1.6 6 4 2 3  7% 33816 5397 44%
c -  0.27  0 120 9 933 18 11260 2530 1.6 6 4 2 3  7% 33816 5397 44%
c d  0.29  0 118 9 1197 19 12806 3495 1.6 7 4 2 3  8% 33816 5346 43%
c c  0.30  0 118 9 1197 19 12806 3495 1.6 7 4 2 3  8% 33531 5346 43%
c d  0.30  0 118 9 1197 19 12806 3379 1.6 7 4 2 3  8% 33467 5314 43%
c 2  0.30  0 118 9 1197 19 12806 3379 1.6 7 4 2 3  8% 33460 5314 43%
c 
c  seconds   reductions  conflicts       size tier2      variables
c         MB     restarts     redundant    glue  trail        remaining
c           level      rate        size/glu tier1  irredundant
c 
c =  0.31  0 118 9 1197 19 12806 3311 1.6 7 4 2 3  8% 33460 5295 43%
c t  0.31  0 118 9 1197 19 12806 3310 1.6 7 4 2 3  8% 33460 5295 43%
c f  0.32  0 118 9 1197 19 12806 3310 1.6 7 4 2 3  8% 33246 5507 45%
c }  0.33  0 114 9 1297 19 13763 4034 1.6 7 4 2 3  9% 33246 5507 45%
c [  0.33  0 289 9 1297  3 13763 4034 2.0 35 17 2 6 25% 33246 5507 45%
c -  0.34  0 281 10 1297  3 13913 3174 2.0 35 17 2 6 25% 33246 5507 45%
c ]  0.41  0 258 10 1297  3 14514 3755 2.8 60 22 2 6 29% 33246 5507 45%
c {  0.41  0 114 10 1297 19 14514 3755 1.6 7 4 2 3  9% 33246 5507 45%
c s  0.42  0 114 10 1299 19 14520 3354 1.6 7 4 2 3  9% 31531 5507 45%
c e  0.43  0 114 10 1299 19 14520 2924 1.6 7 4 2 3  9% 31256 5264 43%
c s  0.43  0 114 10 1299 19 14520 2834 1.6 7 4 2 3  9% 31036 5264 43%
c B  0.44  0 114 10 1393 19 15012 3239 1.7 7 4 2 3 11% 31032 5264 43%
c 2  0.45  0 114 10 1558 19 15671 3821 1.7 8 5 2 3 13% 31032 5264 43%
c d  0.46  0 114 10 1558 19 15671 3719 1.7 8 5 2 3 13% 31032 5218 42%
c p  0.46  0 114 10 1558 19 15671 3828 1.7 8 5 2 3 13% 31032 5218 42%
c c  0.46  0 114 10 1558 19 15671 3828 1.7 8 5 2 3 13% 30873 5218 42%
c d  0.46  0 114 10 1558 19 15671 3780 1.7 8 5 2 3 13% 30823 5193 42%
c 2  0.47  0 114 10 1558 19 15671 3780 1.7 8 5 2 3 13% 30813 5193 42%
c =  0.48  0 114 10 1558 19 15671 3764 1.7 8 5 2 3 13% 30796 5149 42%
c u  0.48  0 114 10 1558 19 15671 2880 1.7 8 5 2 3 13% 30713 5149 42%
c 
c  seconds   reductions   conflicts       size tier2      variables
c         MB      restarts     redundant    glue  trail        remaining
c           level       rate        size/glu tier1  irredundant
c 
c v  0.48  0 114 10 1558 19 15671 2708 1.7 8 5 2 3 13% 30713 5149 42%
c w  0.48  0 114 10 1558 19 15671 2708 1.7 8 5 2 3 13% 30713 5149 42%
c x  0.48  0 114 10 1558 19 15671 2708 1.7 8 5 2 3 13% 30670 5149 42%
c 2  0.49  0 114 10 1558 19 15671 2707 1.7 8 5 2 3 13% 30670 5149 42%
c f  0.49  0 114 10 1558 19 15671 2703 1.7 8 5 2 3 13% 30647 5172 42%
c -  0.51  0 114 11 1665 19 16861 2650 1.7 8 5 2 3 15% 30647 5172 42%
c d  0.53  0 111 11 1903 19 18611 3817 1.7 8 5 2 3 14% 30624 5135 42%
c c  0.54  0 111 11 1903 19 18611 3817 1.7 8 5 2 3 14% 30495 5134 42%
c d  0.54  0 111 11 1903 19 18611 3685 1.7 8 5 2 3 14% 30455 5115 41%
c 2  0.54  0 111 11 1903 19 18611 3685 1.7 8 5 2 3 14% 30445 5115 41%
c -  0.56  0 110 12 2129 19 20109 3665 1.7 9 5 2 3 14% 30445 5115 41%
c W  0.58  0 109 12 2300 19 21013 4431 1.7 9 5 2 3 14% 30445 5115 41%
c }  0.58  0 109 12 2316 19 21094 4506 1.7 9 5 2 3 14% 30445 5115 41%
c [  0.58  0 258 12 2316  3 21094 4506 2.8 60 22 2 6 29% 30445 5115 41%
c d  0.59  0 248 12 2316  3 21621 4810 2.7 57 21 2 3 31% 30441 5093 41%
c c  0.60  0 248 12 2316  3 21621 4810 2.7 57 21 2 3 31% 30326 5093 41%
c d  0.60  0 248 12 2316  3 21621 4756 2.7 57 21 2 3 31% 30302 5081 41%
c 2  0.60  0 248 12 2316  3 21621 4755 2.7 57 21 2 3 31% 30294 5081 41%
c f  0.61  0 248 12 2316  3 21621 4753 2.7 57 21 2 3 31% 30264 5103 41%
c -  0.68  0 224 13 2318  2 23654 4436 2.4 68 28 2 3 33% 30264 5103 41%
c 
c  seconds   reductions   conflicts       size   tier2      variables
c         MB      restarts     redundant     glue   trail        remaining
c           level       rate        size/glue  tier1  irredundant
c 
c ]  0.74  0 217 13 2319  2 24671 5398 2.4 75 32 2 3 34% 30264 5103 41%
c {  0.74  0 109 13 2319 19 24671 5398 1.7 9 5 2 3 14% 30264 5103 41%
c p  0.74  0 109 13 2328 19 24699 5579 1.7 9 5 2 3 14% 30260 5097 41%
c c  0.75  0 109 13 2328 19 24699 5579 1.7 9 5 2 3 14% 30230 5097 41%
c f  0.76  0 109 13 2328 19 24699 5558 1.7 9 5 2 3 14% 30194 5113 41%
c -  0.81  0 108 14 2904 20 27498 5453 1.7 9 5 2 3 15% 30194 5113 41%
c d  0.82  0 108 14 2983 20 27837 5687 1.6 9 5 2 3 15% 30188 5103 41%
c c  0.83  0 108 14 2983 20 27837 5687 1.6 9 5 2 3 15% 30167 5103 41%
c d  0.83  0 108 14 2983 20 27837 5667 1.6 9 5 2 3 15% 30159 5099 41%
c 2  0.83  0 108 14 2983 20 27837 5667 1.6 9 5 2 3 15% 30155 5099 41%
c u  0.84  0 108 14 2983 20 27837 4579 1.6 9 5 2 3 15% 30155 5099 41%
c v  0.84  0 108 14 2983 20 27837 4135 1.6 9 5 2 3 15% 30155 5099 41%
c w  0.84  0 108 14 2983 20 27837 4113 1.6 9 5 2 3 15% 30155 5099 41%
c F  0.84  0 108 14 3010 20 28016 4276 1.6 9 5 2 3 15% 30155 5099 41%
c s  0.87  0 108 14 3403 20 29878 5840 1.6 9 6 2 3 15% 29539 5099 41%
c e  0.88  0 108 14 3403 20 29878 5734 1.6 9 6 2 3 15% 29505 5053 41%
c s  0.88  0 108 14 3403 20 29878 5712 1.6 9 6 2 3 15% 29454 5053 41%
c -  0.92  0 108 15 3742 20 31643 5202 1.6 9 6 2 3 15% 29452 5053 41%
c 2  0.92  0 108 15 3742 20 31643 5197 1.6 9 6 2 3 15% 29452 5053 41%
c d  0.92  0 108 15 3742 20 31643 5195 1.6 9 6 2 3 15% 29452 5052 41%
c 
c  seconds   reductions   conflicts       size tier2      variables
c         MB      restarts     redundant    glue  trail        remaining
c           level       rate        size/glu tier1  irredundant
c 
c c  0.93  0 108 15 3742 20 31643 5195 1.6 9 6 2 3 15% 29430 5052 41%
c d  0.93  0 108 15 3742 20 31643 5191 1.6 9 6 2 3 15% 29426 5050 41%
c 2  0.93  0 108 15 3742 20 31643 5191 1.6 9 6 2 3 15% 29424 5050 41%
c f  0.94  0 108 15 3742 20 31643 5189 1.6 9 6 2 3 15% 29384 5076 41%
c }  0.95  0 108 15 3823 20 32135 5621 1.6 9 6 2 3 16% 29384 5076 41%
c [  0.95  0 217 15 3823  2 32135 5621 2.4 75 32 2 3 33% 29384 5076 41%
c B  1.03  0 191 15 3824  2 36018 9167 2.5 72 29 2 3 35% 29384 5076 41%
c -  1.04  0 192 16 3824  2 36091 6270 2.5 72 29 2 3 35% 29384 5076 41%
c =  1.05  0 192 16 3824  2 36091 6270 2.5 72 29 2 3 35% 29384 5075 41%
c f  1.06  0 192 16 3824  2 36091 6270 2.5 72 29 2 3 35% 29374 5081 41%
c -  1.12  0 185 17 3827  2 40840 6885 2.4 60 25 2 3 34% 29374 5081 41%
c u  1.13  0 185 17 3827  2 40840 6496 2.4 60 25 2 3 34% 29374 5081 41%
c v  1.13  0 185 17 3827  2 40840 6333 2.4 60 25 2 3 34% 29374 5081 41%
c w  1.13  0 185 17 3827  2 40840 6333 2.4 60 25 2 3 34% 29374 5081 41%
c t  1.13  0 185 17 3827  2 40840 6332 2.4 60 25 2 3 34% 29374 5081 41%
c W  1.20  0 181 17 3830  2 45019 10013 2.3 54 23 2 3 34% 29374 5081 41%
c ]  1.20  0 180 17 3830  2 45205 10187 2.3 54 23 2 3 34% 29374 5081 41%
c {  1.20  0 108 17 3830 20 45205 10187 1.6 9 6 2 3 16% 29374 5081 41%
c -  1.22  0 108 18 3963 20 45892 7018 1.6 9 6 2 3 16% 29374 5081 41%
c d  1.22  0 108 18 3963 20 45892 7006 1.6 9 6 2 3 16% 29374 5079 41%
c 
c  seconds   reductions   conflicts       size tier2      variables
c         MB      restarts     redundant    glue  trail        remaining
c           level       rate        size/glu tier1  irredundant
c 
c c  1.22  0 108 18 3963 20 45892 7006 1.6 9 6 2 3 16% 29348 5079 41%
c d  1.22  0 108 18 3963 20 45892 6999 1.6 9 6 2 3 16% 29340 5075 41%
c 2  1.23  0 108 18 3963 20 45892 6999 1.6 9 6 2 3 16% 29338 5075 41%
c f  1.24  0 108 18 3963 20 45892 6997 1.6 9 6 2 3 16% 29334 5081 41%
c s  1.32  0 107 18 4919 21 50226 10746 1.6 10 6 2 3 16% 29274 5081 41%
c t  1.33  0 107 18 4919 21 50226 10745 1.6 10 6 2 3 16% 29274 5081 41%
c e  1.33  0 107 18 4919 21 50226 10698 1.6 10 6 2 3 16% 29248 5062 41%
c s  1.33  0 107 18 4919 21 50226 10671 1.6 10 6 2 3 16% 29247 5062 41%
c -  1.36  0 107 19 5130 21 51247 8278 1.6 10 6 2 3 16% 29245 5062 41%
c 2  1.36  0 107 19 5130 21 51247 8276 1.6 10 6 2 3 16% 29245 5062 41%
c d  1.36  0 107 19 5130 21 51247 8270 1.6 10 6 2 3 16% 29245 5059 41%
c p  1.36  0 107 19 5130 21 51247 8273 1.6 10 6 2 3 16% 29245 5059 41%
c c  1.37  0 107 19 5130 21 51247 8272 1.6 10 6 2 3 16% 29207 5059 41%
c d  1.37  0 107 19 5130 21 51247 8248 1.6 10 6 2 3 16% 29197 5054 41%
c 2  1.37  0 107 19 5130 21 51247 8248 1.6 10 6 2 3 16% 29196 5054 41%
c f  1.37  0 107 19 5130 21 51247 8244 1.6 10 6 2 3 16% 29193 5061 41%
c B  1.43  0 105 19 5593 20 55022 11406 1.6 10 6 2 3 16% 29193 5061 41%
c }  1.44  0 105 19 5699 21 55534 11864 1.6 10 6 2 3 16% 29193 5061 41%
c [  1.44  0 180 19 5699  2 55534 11864 2.3 54 23 2 3 34% 29193 5061 41%
c -  1.45  0 178 20 5700  2 56906 9705 2.3 52 22 2 3 34% 29193 5061 41%
c 
c  seconds   reductions   conflicts       size   tier2      variables
c         MB      restarts     redundant     glue   trail        remaining
c           level       rate        size/glue  tier1  irredundant
c 
c d  1.45  0 178 20 5700  2 56906 9659 2.3 52 22 2 3 34% 29193 5058 41%
c p  1.45  0 178 20 5700  2 56906 9716 2.3 52 22 2 3 34% 29193 5058 41%
c c  1.46  0 178 20 5700  2 56906 9716 2.3 52 22 2 3 34% 29171 5058 41%
c d  1.46  0 178 20 5700  2 56906 9684 2.3 52 22 2 3 34% 29163 5054 41%
c 2  1.46  0 178 20 5700  2 56906 9683 2.3 52 22 2 3 34% 29160 5054 41%
c u  1.47  0 178 20 5700  2 56906 8794 2.3 52 22 2 3 34% 29160 5054 41%
c v  1.47  0 178 20 5700  2 56906 8553 2.3 52 22 2 3 34% 29160 5054 41%
c w  1.47  0 178 20 5700  2 56906 8553 2.3 52 22 2 3 34% 29160 5054 41%
c f  1.47  0 178 20 5700  2 56906 8525 2.3 52 22 2 3 33% 29171 5071 41%
c -  1.57  0 169 21 5701  2 62870 9324 2.4 50 21 2 3 34% 29171 5071 41%
c d  1.58  0 169 21 5701  2 62870 9292 2.4 50 21 2 3 34% 29171 5069 41%
c c  1.58  0 169 21 5701  2 62870 9292 2.4 50 21 2 3 34% 29137 5069 41%
c d  1.58  0 169 21 5701  2 62870 9175 2.4 50 21 2 3 34% 29125 5063 41%
c 2  1.59  0 169 21 5701  2 62870 9174 2.4 50 21 2 3 34% 29123 5063 41%
c =  1.59  0 169 21 5701  2 62870 9174 2.4 50 21 2 3 34% 29122 5062 41%
c O  1.67  0 170 21 5701  2 66024 12134 2.3 52 22 2 3 32% 29122 5062 41%
c -  1.71  0 166 22 5701  2 69139 9730 2.3 50 21 2 3 35% 29122 5062 41%
c p  1.71  0 166 22 5701  2 69139 9754 2.3 50 21 2 3 35% 29122 5061 41%
c f  1.72  0 166 22 5701  2 69139 9723 2.3 50 21 2 3 35% 29134 5080 41%
c ]  1.81  0 170 22 5705  2 74441 14682 2.3 49 22 2 3 34% 29134 5080 41%
c 
c  seconds   reductions   conflicts        size  tier2      variables
c         MB      restarts      redundant     glue  trail        remaining
c           level       rate         size/glue tier1  irredundant
c 
c {  1.81  0 105 22 5705 21 74441 14682 1.6 10 6 2 3 17% 29134 5080 41%
c s  1.84  0 105 22 5967 21 75533 15445 1.6 10 6 2 3 17% 29111 5080 41%
c t  1.84  0 105 22 5967 21 75533 15444 1.6 10 6 2 3 17% 29111 5080 41%
c e  1.84  0 105 22 5967 21 75533 15238 1.6 10 6 2 3 17% 29103 5068 41%
c s  1.85  0 105 22 5967 21 75533 15179 1.6 10 6 2 3 17% 29102 5068 41%
c -  1.86  0 105 23 5998 21 75712 10225 1.6 10 6 2 3 17% 29101 5068 41%
c 2  1.86  0 105 23 5998 21 75712 10224 1.6 10 6 2 3 17% 29101 5068 41%
c d  1.86  0 105 23 5998 21 75712 10222 1.6 10 6 2 3 17% 29101 5067 41%
c p  1.86  0 105 23 5998 21 75712 10239 1.6 10 6 2 3 17% 29101 5067 41%
c 2  1.86  0 105 23 5998 21 75712 10239 1.6 10 6 2 3 17% 29099 5067 41%
c =  1.87  0 105 23 5998 21 75712 10238 1.6 10 6 2 3 17% 29096 5064 41%
c u  1.88  0 105 23 5998 21 75712 9623 1.6 10 6 2 3 17% 29096 5064 41%
c v  1.88  0 105 23 5998 21 75712 9360 1.6 10 6 2 3 17% 29096 5064 41%
c 2  1.88  0 105 23 5998 21 75712 9359 1.6 10 6 2 3 17% 29096 5064 41%
c f  1.88  0 105 23 5998 21 75712 9355 1.6 10 6 2 3 17% 29096 5068 41%
c W  1.94  0 105 23 6426 21 78025 11445 1.6 11 7 2 3 18% 29096 5068 41%
c -  2.05  0 105 24 7438 21 82591 11077 1.6 11 7 2 3 18% 29096 5068 41%
c d  2.05  0 105 24 7438 21 82591 11072 1.6 11 7 2 3 18% 29096 5067 41%
c p  2.05  0 105 24 7438 21 82591 11394 1.6 11 7 2 3 18% 29096 5067 41%
c c  2.06  0 105 24 7438 21 82591 11394 1.6 11 7 2 3 18% 29087 5067 41%
c 
c  seconds   reductions   conflicts        size  tier2      variables
c         MB      restarts      redundant     glue  trail        remaining
c           level       rate         size/glue tier1  irredundant
c 
c d  2.06  0 105 24 7438 21 82591 11391 1.6 11 7 2 3 18% 29081 5064 41%
c 2  2.06  0 105 24 7438 21 82591 11391 1.6 11 7 2 3 18% 29079 5064 41%
c f  2.08  0 105 24 7438 21 82591 11332 1.6 11 7 2 3 18% 29109 5093 41%
c }  2.14  0 105 24 7958 22 85122 13630 1.6 11 7 2 3 18% 29109 5093 41%
c [  2.14  0 170 24 7958  2 85122 13630 2.3 49 22 2 3 34% 29109 5093 41%
c -  2.22  0 171 25 7961  2 89775 12307 2.2 48 22 2 3 33% 29109 5093 41%
c p  2.22  0 171 25 7961  2 89775 12374 2.2 48 22 2 3 33% 29109 5093 41%
c u  2.23  0 171 25 7961  2 89775 12001 2.2 48 22 2 3 33% 29109 5093 41%
c v  2.23  0 171 25 7961  2 89775 11780 2.2 48 22 2 3 33% 29109 5093 41%
c w  2.23  0 171 25 7961  2 89775 11777 2.2 48 22 2 3 33% 29109 5093 41%
c f  2.24  0 171 25 7961  2 89775 11764 2.2 48 22 2 3 33% 29117 5098 41%
c B  2.27  0 170 25 7961  2 91027 12971 2.2 48 22 2 3 33% 29117 5098 41%
c -  2.37  0 168 26 7964  2 97266 12393 2.2 48 21 2 3 34% 29117 5098 41%
c p  2.37  0 168 26 7964  2 97266 12397 2.2 48 21 2 3 34% 29117 5098 41%
c =  2.38  0 168 26 7964  2 97266 12397 2.2 48 21 2 3 34% 29115 5096 41%
c W  2.53  0 174 26 7968  2 105028 19621 2.2 48 22 2 3 34% 29115 5096 41%
c -  2.53  0 174 27 7968  2 105062 12913 2.2 48 22 2 3 34% 29115 5096 41%
c p  2.53  0 174 27 7968  2 105062 12944 2.2 48 22 2 3 34% 29115 5096 41%
c s  2.57  0 174 27 7968  2 105792 13458 2.2 47 22 2 3 34% 29113 5096 41%
c t  2.57  0 174 27 7968  2 105792 13453 2.2 47 22 2 3 34% 29113 5096 41%
c 
c  seconds   reductions   conflicts         size   tier2      variables
c         MB      restarts       redundant     glue   trail        remaining
c           level       rate          size/glue  tier1  irredundant
c 
c e  2.57  0 174 27 7968  2 105792 13452 2.2 47 22 2 3 34% 29109 5092 41%
c s  2.58  0 174 27 7968  2 105792 13416 2.2 47 22 2 3 34% 29109 5092 41%
c ]  2.64  0 173 27 7969  2 109298 16658 2.2 48 22 2 3 34% 29109 5092 41%
c {  2.64  0 105 27 7969 22 109298 16658 1.6 11 7 2 3 18% 29109 5092 41%
c -  2.73  0 105 28 8710 22 113165 13820 1.6 11 7 2 3 18% 29109 5092 41%
c p  2.73  0 105 28 8710 22 113165 14062 1.6 11 7 2 3 18% 29109 5092 41%
c u  2.74  0 105 28 8710 22 113165 13348 1.6 11 7 2 3 18% 29109 5092 41%
c v  2.74  0 105 28 8710 22 113165 13015 1.6 11 7 2 3 18% 29109 5092 41%
c w  2.74  0 105 28 8710 22 113165 13015 1.6 11 7 2 3 18% 29109 5092 41%
c f  2.75  0 105 28 8710 22 113165 12999 1.6 11 7 2 3 18% 29119 5098 41%
c #  2.91  0 105 28 10087 22 120030 19254 1.6 12 7 2 3 19% 29119 5098 41%
c -  2.95  0 105 29 10329 22 121575 14603 1.6 12 7 2 3 19% 29119 5098 41%
c p  2.95  0 105 29 10329 22 121575 14657 1.6 12 7 2 3 19% 29119 5098 41%
c =  2.98  0 105 29 10329 22 121575 14655 1.6 12 7 2 3 19% 29118 5095 41%
c u  2.98  0 105 29 10329 22 121575 14416 1.6 12 7 2 3 19% 29118 5095 41%
c v  2.98  0 105 29 10329 22 121575 14242 1.6 12 7 2 3 19% 29118 5095 41%
c w  2.98  0 105 29 10329 22 121575 14242 1.6 12 7 2 3 19% 29118 5095 41%
c 2  2.99  0 105 29 10329 22 121575 14241 1.6 12 7 2 3 19% 29118 5095 41%
c f  2.99  0 105 29 10329 22 121575 14235 1.6 12 7 2 3 19% 29122 5096 41%
c }  3.01  0 105 29 10471 21 122791 15282 1.6 12 7 2 3 19% 29122 5096 41%
c 
c  seconds   reductions    conflicts         size   tier2      variables
c         MB       restarts       redundant     glue   trail        remaining
c           level        rate          size/glue  tier1  irredundant
c 
c [  3.01  0 173 29 10471  2 122791 15282 2.2 48 22 2 3 34% 29122 5096 41%
c -  3.12  0 174 30 10472  2 130291 15326 2.2 47 22 2 3 36% 29122 5096 41%
c p  3.12  0 174 30 10472  2 130291 15390 2.2 47 22 2 3 36% 29122 5096 41%
c =  3.14  0 174 30 10472  2 130291 15379 2.2 47 22 2 3 36% 29110 5077 41%
c I  3.29  0 177 30 10472  2 136031 20879 2.1 49 24 2 3 35% 29110 5077 41%
c -  3.34  0 174 31 10472  2 139316 15647 2.1 49 23 2 4 36% 29110 5077 41%
c p  3.34  0 174 31 10472  2 139316 15792 2.1 49 23 2 4 36% 29110 5077 41%
c =  3.35  0 174 31 10472  2 139316 15482 2.1 49 23 2 4 36% 29102 5049 41%
c u  3.36  0 174 31 10472  2 139316 15188 2.1 49 23 2 4 36% 29094 5049 41%
c v  3.36  0 174 31 10472  2 139316 15018 2.1 49 23 2 4 36% 29094 5049 41%
c w  3.36  0 174 31 10472  2 139316 15016 2.1 49 23 2 4 36% 29094 5049 41%
c f  3.37  0 174 31 10472  2 139316 15013 2.1 49 23 2 4 36% 29095 5051 41%
c s  3.41  0 174 31 10472  2 141007 16325 2.1 49 23 2 4 36% 28870 5051 41%
c t  3.41  0 174 31 10472  2 141007 16324 2.1 49 23 2 4 36% 28870 5051 41%
c e  3.41  0 174 31 10472  2 141007 16313 2.1 49 23 2 4 36% 28869 5049 41%
c s  3.42  0 174 31 10472  2 141007 16240 2.1 49 23 2 4 36% 28869 5049 41%
c ^  3.42  0 174 31 10472  2 141007 16240 2.1 49 23 2 4 36% 28869 5049 41%
c -  3.55  0 173 32 10475  2 148647 15427 2.1 49 23 2 4 37% 28869 5049 41%
c d  3.55  0 173 32 10475  2 148647 15422 2.1 49 23 2 4 37% 28869 5047 41%
c p  3.55  0 173 32 10475  2 148647 15483 2.1 49 23 2 4 37% 28869 5047 41%
c 
c  seconds   reductions    conflicts         size   tier2      variables
c         MB       restarts       redundant     glue   trail        remaining
c           level        rate          size/glue  tier1  irredundant
c 
c 2  3.55  0 173 32 10475  2 148647 15483 2.1 49 23 2 4 37% 28868 5047 41%
c =  3.57  0 173 32 10475  2 148647 15363 2.1 49 23 2 4 37% 28700 5003 41%
c 2  3.57  0 173 32 10475  2 148647 15362 2.1 49 23 2 4 37% 28698 5003 41%
c B  3.64  0 174 32 10478  2 153033 19400 2.1 49 23 2 4 37% 28698 5003 41%
c ]  3.65  0 174 32 10478  2 153242 19591 2.1 49 23 2 4 37% 28698 5003 41%
c {  3.65  0 105 32 10478 21 153242 19591 1.6 12 7 2 3 19% 28698 5003 41%
c -  3.76  0 105 33 11191 21 158285 16808 1.6 12 7 2 3 19% 28698 5003 41%
c d  3.76  0 105 33 11191 21 158285 16803 1.6 12 7 2 3 19% 28698 5001 41%
c p  3.76  0 105 33 11191 21 158285 16839 1.6 12 7 2 3 19% 28698 5001 41%
c 2  3.76  0 105 33 11191 21 158285 16837 1.6 12 7 2 3 19% 28694 5001 41%
c =  3.78  0 105 33 11191 21 158285 16837 1.6 12 7 2 3 19% 28693 5000 41%
c u  3.78  0 105 33 11191 21 158285 16428 1.6 12 7 2 3 19% 28689 5000 41%
c v  3.78  0 105 33 11191 21 158285 16253 1.6 12 7 2 3 19% 28689 5000 41%
c w  3.78  0 105 33 11191 21 158285 16252 1.6 12 7 2 3 19% 28689 5000 41%
c x  3.79  0 105 33 11191 21 158285 16251 1.6 12 7 2 3 19% 28675 5000 41%
c -  4.00  0 103 34 12577 20 168231 18228 1.6 13 8 2 3 19% 28675 5000 41%
c d  4.00  0 103 34 12577 20 168231 18034 1.6 13 8 2 3 19% 28675 4994 40%
c p  4.00  0 103 34 12577 20 168231 18200 1.6 13 8 2 3 19% 28675 4994 40%
c c  4.01  0 103 34 12577 20 168231 18200 1.6 13 8 2 3 19% 28634 4994 40%
c d  4.01  0 103 34 12577 20 168231 18136 1.6 13 8 2 3 19% 28626 4990 40%
c 
c  seconds   reductions    conflicts         size  tier2      variables
c         MB       restarts       redundant     glue  trail        remaining
c           level        rate          size/glue tier1  irredundant
c 
c 2  4.01  0 103 34 12577 20 168231 18136 1.6 13 8 2 3 19% 28624 4990 40%
c B  4.10  0 103 34 12984 20 171035 20660 1.6 13 8 2 3 19% 28624 4990 40%
c }  4.13  0 104 34 13204 20 172516 22014 1.6 13 8 2 3 19% 28624 4990 40%
c [  4.13  0 174 34 13204  2 172516 22014 2.1 49 23 2 4 37% 28624 4990 40%
c -  4.28  0 176 35 13206  2 178486 19336 2.1 51 25 2 4 37% 28624 4990 40%
c p  4.28  0 176 35 13206  2 178486 19371 2.1 51 25 2 4 37% 28624 4990 40%
c u  4.29  0 176 35 13206  2 178486 18782 2.1 51 25 2 4 37% 28616 4990 40%
c v  4.30  0 176 35 13206  2 178486 18518 2.1 51 25 2 4 37% 28616 4990 40%
c w  4.30  0 176 35 13206  2 178486 18517 2.1 51 25 2 4 37% 28616 4990 40%
c t  4.30  0 176 35 13206  2 178486 18516 2.1 51 25 2 4 37% 28616 4990 40%
c s  4.34  0 175 35 13208  2 181256 20695 2.1 50 24 2 4 37% 28419 4990 40%
c e  4.36  0 175 35 13208  2 181256 17063 2.1 50 24 2 4 37% 27161 4541 37%
c s  4.37  0 175 35 13208  2 181256 16928 2.1 50 24 2 4 37% 27031 4541 37%
c e  4.37  0 175 35 13208  2 181256 16743 2.1 50 24 2 4 37% 26996 4528 37%
c -  4.52  0 175 36 13212  2 189048 16420 2.0 51 25 2 4 32% 26996 4528 37%
c 2  4.52  0 175 36 13212  2 189048 16341 2.0 51 25 2 4 32% 26996 4528 37%
c p  4.52  0 175 36 13212  2 189048 16412 2.0 51 25 2 4 32% 26996 4528 37%
c t  4.54  0 175 36 13212  2 189048 16412 2.0 51 25 2 4 32% 26994 4528 37%
c f  4.55  0 175 36 13212  2 189048 16404 2.0 51 25 2 4 32% 26961 4547 37%
c W  4.61  0 175 36 13212  2 190036 17359 2.0 51 25 2 4 33% 26961 4547 37%
c 
c  seconds   reductions    conflicts         size   tier2      variables
c         MB       restarts       redundant     glue   trail        remaining
c           level        rate          size/glue  tier1  irredundant
c 
c -  4.87  0 176 37 13215  2 199917 17127 2.1 52 25 2 4 33% 26961 4547 37%
c p  4.87  0 176 37 13215  2 199917 17235 2.1 52 25 2 4 33% 26961 4547 37%
c u  4.88  0 176 37 13215  2 199917 16725 2.1 52 25 2 4 33% 26961 4547 37%
c v  4.88  0 176 37 13215  2 199917 16513 2.1 52 25 2 4 33% 26961 4547 37%
c w  4.88  0 176 37 13215  2 199917 16513 2.1 52 25 2 4 33% 26961 4547 37%
c ]  4.92  0 177 37 13216  2 201645 18150 2.1 53 26 2 4 33% 26961 4547 37%
c {  4.92  0 104 37 13216 20 201645 18150 1.6 13 8 2 3 22% 26961 4547 37%
c W  5.11  0 103 37 14247 19 210038 25910 1.7 13 8 2 3 22% 26961 4547 37%
c -  5.14  0 103 38 14360 19 211095 18577 1.7 13 8 2 3 22% 26961 4547 37%
c p  5.14  0 103 38 14360 19 211095 18649 1.7 13 8 2 3 22% 26961 4547 37%
c u  5.14  0 103 38 14360 19 211095 18292 1.7 13 8 2 3 22% 26961 4547 37%
c v  5.15  0 103 38 14360 19 211095 18093 1.7 13 8 2 3 22% 26961 4547 37%
c f  5.15  0 103 38 14360 19 211095 18092 1.7 13 8 2 3 22% 26960 4548 37%
c -  5.38  0 103 39 15492 18 222581 20527 1.7 13 8 2 3 22% 26960 4548 37%
c p  5.38  0 103 39 15492 18 222581 20666 1.7 13 8 2 3 22% 26960 4548 37%
c =  5.41  0 103 39 15492 18 222581 19669 1.7 13 8 2 3 22% 26878 4486 36%
c u  5.41  0 103 39 15492 18 222581 19200 1.7 13 8 2 3 22% 26860 4486 36%
c v  5.42  0 103 39 15492 18 222581 19089 1.7 13 8 2 3 22% 26860 4486 36%
c w  5.42  0 103 39 15492 18 222581 19087 1.7 13 8 2 3 22% 26860 4486 36%
c 2  5.42  0 103 39 15492 18 222581 19084 1.7 13 8 2 3 22% 26857 4486 36%
c 
c  seconds   reductions    conflicts         size  tier2      variables
c         MB       restarts       redundant     glue  trail        remaining
c           level        rate          size/glue tier1  irredundant
c 
c f  5.42  0 103 39 15492 18 222581 19084 1.7 13 8 2 3 22% 26849 4490 36%
c s  5.48  0 101 39 15665 17 227623 21229 1.7 13 8 2 3 21% 26490 4490 36%
c t  5.48  0 101 39 15665 17 227623 21228 1.7 13 8 2 3 21% 26490 4490 36%
c e  5.49  0 101 39 15665 17 227623 20952 1.7 13 8 2 3 21% 25295 4293 35%
c s  5.49  0 101 39 15665 17 227623 20726 1.7 13 8 2 3 21% 25253 4293 35%
c e  5.50  0 101 39 15665 17 227623 20699 1.7 13 8 2 3 21% 25235 4290 35%
c F  5.55  0 100 39 15849 16 231039 23627 1.7 13 8 2 3 21% 25235 4290 35%
c }  5.55  0 100 39 15866 16 231745 24246 1.7 13 8 2 3 21% 25235 4290 35%
c [  5.55  0 177 39 15866  2 231745 24246 2.1 53 26 2 4 33% 25235 4290 35%
c -  5.58  0 174 40 15868  2 234376 19784 2.0 51 25 2 4 32% 25235 4290 35%
c 2  5.58  0 174 40 15868  2 234376 19779 2.0 51 25 2 4 32% 25235 4290 35%
c d  5.58  0 174 40 15868  2 234376 18955 2.0 51 25 2 4 32% 25235 4211 34%
c p  5.58  0 174 40 15868  2 234376 18978 2.0 51 25 2 4 32% 25235 4211 34%
c 2  5.58  0 174 40 15868  2 234376 18975 2.0 51 25 2 4 32% 25226 4211 34%
c t  5.58  0 174 40 15868  2 234376 18974 2.0 51 25 2 4 32% 25221 4211 34%
c f  5.59  0 174 40 15868  2 234376 18967 2.0 51 25 2 4 31% 25007 4272 35%
c -  5.84  0 172 41 15874  2 246480 19834 2.1 52 26 2 4 32% 25007 4272 35%
c =  5.86  0 172 41 15874  2 246480 19631 2.1 52 26 2 4 32% 24997 4236 34%
c u  5.86  0 172 41 15874  2 246480 19333 2.1 52 26 2 4 32% 24965 4236 34%
c v  5.86  0 172 41 15874  2 246480 19209 2.1 52 26 2 4 32% 24965 4236 34%
c 
c  seconds   reductions    conflicts         size   tier2      variables
c         MB       restarts       redundant     glue   trail        remaining
c           level        rate          size/glue  tier1  irredundant
c 
c w  5.86  0 172 41 15874  2 246480 19208 2.1 52 26 2 4 32% 24965 4236 34%
c x  5.87  0 172 41 15874  2 246480 19207 2.1 52 26 2 4 32% 24794 4236 34%
c t  5.87  0 172 41 15874  2 246480 19205 2.1 52 26 2 4 32% 24789 4236 34%
c 2  5.87  0 172 41 15874  2 246480 19204 2.1 52 26 2 4 32% 24785 4236 34%
c f  5.87  0 172 41 15874  2 246480 19204 2.1 52 26 2 4 32% 24782 4237 34%
c O  5.97  0 170 41 15877  2 253041 25297 2.0 51 25 2 4 32% 24782 4237 34%
c -  6.05  0 166 42 15878  2 258891 20172 2.1 50 24 2 4 31% 24782 4237 34%
c d  6.05  0 166 42 15878  2 258891 19855 2.1 50 24 2 4 31% 24778 4227 34%
c p  6.06  0 166 42 15878  2 258891 19929 2.1 50 24 2 4 31% 24778 4227 34%
c 2  6.06  0 166 42 15878  2 258891 19929 2.1 50 24 2 4 31% 24772 4227 34%
c =  6.07  0 166 42 15878  2 258891 19838 2.1 50 24 2 4 31% 24756 4213 34%
c f  6.07  0 166 42 15878  2 258891 19838 2.1 50 24 2 4 31% 24748 4217 34%
c -  6.31  0 165 43 15879  1 271611 20266 2.0 52 27 2 4 32% 24748 4217 34%
c p  6.31  0 165 43 15879  1 271611 20357 2.0 52 27 2 4 32% 24748 4217 34%
c c  6.31  0 165 43 15879  1 271611 20356 2.0 52 27 2 4 32% 24749 4217 34%
c d  6.31  0 165 43 15879  1 271611 20356 2.0 52 27 2 4 32% 24747 4216 34%
c u  6.34  0 165 43 15879  1 271611 19869 2.0 52 27 2 4 32% 24727 4216 34%
c v  6.34  0 165 43 15879  1 271611 19668 2.0 52 27 2 4 32% 24727 4216 34%
c w  6.34  0 165 43 15879  1 271611 19665 2.0 52 27 2 4 32% 24727 4216 34%
c B  6.40  0 165 43 15879  1 276044 23787 1.9 52 27 2 4 32% 24727 4216 34%
c 
c  seconds   reductions    conflicts         size   tier2      variables
c         MB       restarts       redundant     glue   trail        remaining
c           level        rate          size/glue  tier1  irredundant
c 
c s  6.45  0 165 43 15879  1 278752 25310 1.9 52 27 2 4 32% 24310 4216 34%
c t  6.45  0 165 43 15879  1 278752 25307 1.9 52 27 2 4 32% 24310 4216 34%
c e  6.46  0 165 43 15879  1 278752 23485 1.9 52 27 2 4 32% 24088 4134 34%
c s  6.46  0 165 43 15879  1 278752 23281 1.9 52 27 2 4 32% 24070 4134 34%
c e  6.46  0 165 43 15879  1 278752 23253 1.9 52 27 2 4 32% 24002 4121 33%
c ]  6.53  0 166 43 15880  1 282477 26674 1.9 51 27 2 4 36% 24002 4121 33%
c {  6.53  0 100 43 15880 16 282477 26674 1.7 13 8 2 3 23% 24002 4121 33%
c -  6.55  0 100 44 15922 16 284642 18858 1.7 13 8 2 3 23% 24002 4121 33%
c 2  6.55  0 100 44 15922 16 284642 18855 1.7 13 8 2 3 23% 24002 4121 33%
c d  6.55  0 100 44 15922 16 284642 18840 1.7 13 8 2 3 23% 23980 4110 33%
c p  6.55  0 100 44 15922 16 284642 18905 1.7 13 8 2 3 23% 23980 4110 33%
c 2  6.55  0 100 44 15922 16 284642 18904 1.7 13 8 2 3 23% 23974 4110 33%
c f  6.55  0 100 44 15922 16 284642 18903 1.7 13 8 2 3 23% 23947 4119 33%
c -  6.71  0 96 45 16433 14 297982 22435 1.7 13 8 2 3 22% 23947 4119 33%
c =  6.73  0 96 45 16433 14 297982 22430 1.7 13 8 2 3 22% 23941 4115 33%
c u  6.74  0 96 45 16433 14 297982 22041 1.7 13 8 2 3 22% 23941 4115 33%
c v  6.74  0 96 45 16433 14 297982 21896 1.7 13 8 2 3 22% 23941 4115 33%
c w  6.74  0 96 45 16433 14 297982 21894 1.7 13 8 2 3 22% 23941 4115 33%
c f  6.74  0 96 45 16433 14 297982 21893 1.7 13 8 2 3 22% 23940 4116 33%
c B  6.77  0 95 45 16560 14 300046 23724 1.7 13 8 2 3 22% 23940 4116 33%
c 
c  seconds  reductions    conflicts         size  tier2      variables
c         MB      restarts       redundant     glue  trail        remaining
c          level        rate          size/glue tier1  irredundant
c 
c -  6.91  0 92 46 17091 13 311628 25321 1.7 13 8 2 3 21% 23940 4116 33%
c p  6.92  0 92 46 17091 13 311628 25463 1.7 13 8 2 3 21% 23940 4116 33%
c =  6.93  0 92 46 17091 13 311628 25179 1.7 13 8 2 3 21% 23924 4087 33%
c t  6.93  0 92 46 17091 13 311628 25178 1.7 13 8 2 3 21% 23924 4087 33%
c 2  6.93  0 92 46 17091 13 311628 25171 1.7 13 8 2 3 21% 23924 4087 33%
c f  6.94  0 92 46 17091 13 311628 25167 1.7 13 8 2 3 21% 23926 4088 33%
c W  7.17  0 89 46 17916 12 325052 37307 1.8 13 8 2 3 20% 23926 4088 33%
c -  7.18  0 88 47 17916 12 325583 28099 1.8 13 7 2 3 20% 23926 4088 33%
c d  7.18  0 88 47 17916 12 325583 28076 1.8 13 7 2 3 20% 23926 4087 33%
c p  7.18  0 88 47 17916 12 325583 28086 1.8 13 7 2 3 20% 23926 4087 33%
c 2  7.19  0 88 47 17916 12 325583 28085 1.8 13 7 2 3 20% 23926 4087 33%
c =  7.19  0 88 47 17916 12 325583 28037 1.8 13 7 2 3 20% 23918 4079 33%
c u  7.20  0 88 47 17916 12 325583 27439 1.8 13 7 2 3 20% 23908 4079 33%
c v  7.20  0 88 47 17916 12 325583 27335 1.8 13 7 2 3 20% 23908 4079 33%
c w  7.20  0 88 47 17916 12 325583 27335 1.8 13 7 2 3 20% 23908 4079 33%
c }  7.31  0 88 47 18387 11 332200 33333 1.8 13 7 2 3 20% 23908 4079 33%
c [  7.31  0 166 47 18387  1 332200 33333 1.9 51 27 2 4 36% 23908 4079 33%
c s  7.35  0 165 47 18387  1 334679 34791 1.9 51 26 2 5 32% 23753 4079 33%
c e  7.36  0 165 47 18387  1 334679 33033 1.9 51 26 2 5 32% 21330 3716 30%
c s  7.37  0 165 47 18387  1 334679 32836 1.9 51 26 2 5 32% 21320 3716 30%
c 
c  seconds   reductions    conflicts         size   tier2      variables
c         MB       restarts       redundant     glue   trail        remaining
c           level        rate          size/glue  tier1  irredundant
c 
c -  7.53  0 164 48 18387  1 339849 27408 2.0 53 26 2 5 49% 21320 3716 30%
c 2  7.53  0 164 48 18387  1 339849 27407 2.0 53 26 2 5 49% 21320 3716 30%
c p  7.53  0 164 48 18387  1 339849 27532 2.0 53 26 2 5 49% 21320 3716 30%
c =  7.56  0 164 48 18387  1 339849 27400 2.0 53 26 2 5 49% 21282 3707 30%
c u  7.56  0 164 48 18387  1 339849 27108 2.0 53 26 2 5 49% 21280 3707 30%
c v  7.56  0 164 48 18387  1 339849 27053 2.0 53 26 2 5 49% 21280 3707 30%
c w  7.57  0 164 48 18387  1 339849 27051 2.0 53 26 2 5 49% 21280 3707 30%
c 2  7.57  0 164 48 18387  1 339849 27050 2.0 53 26 2 5 49% 21280 3707 30%
c f  7.57  0 164 48 18387  1 339849 27050 2.0 53 26 2 5 49% 21266 3711 30%
c W  7.93  0 162 48 18387  1 351053 37804 2.0 58 29 2 5 45% 21266 3711 30%
c -  8.00  0 162 49 18387  1 354423 27669 2.0 57 29 2 5 44% 21266 3711 30%
c p  8.00  0 162 49 18387  1 354423 27785 2.0 57 29 2 5 44% 21266 3711 30%
c =  8.03  0 162 49 18387  1 354423 27768 2.0 57 29 2 5 44% 21247 3707 30%
c u  8.03  0 162 49 18387  1 354423 27477 2.0 57 29 2 5 44% 21245 3707 30%
c v  8.03  0 162 49 18387  1 354423 27431 2.0 57 29 2 5 44% 21245 3707 30%
c w  8.04  0 162 49 18387  1 354423 27428 2.0 57 29 2 5 44% 21245 3707 30%
c 2  8.04  0 162 49 18387  1 354423 27427 2.0 57 29 2 5 44% 21245 3707 30%
c -  8.36  0 163 50 18393  1 369306 26951 2.0 58 29 2 5 41% 21245 3707 30%
c p  8.36  0 163 50 18393  1 369306 26953 2.0 58 29 2 5 41% 21245 3707 30%
c ]  8.45  0 162 50 18394  1 373978 31346 2.0 57 29 2 5 40% 21245 3707 30%
c 
c  seconds  reductions    conflicts         size  tier2      variables
c         MB      restarts       redundant     glue  trail        remaining
c          level        rate          size/glue tier1  irredundant
c 
c {  8.45  0 88 50 18394 11 373978 31346 1.8 13 7 2 3 22% 21245 3707 30%
c #  8.51  0 86 50 18631 11 378055 35044 1.8 13 7 2 3 22% 21245 3707 30%
c -  8.62  0 85 51 19095 11 384502 29594 1.8 13 7 2 3 21% 21245 3707 30%
c p  8.63  0 85 51 19095 11 384502 29707 1.8 13 7 2 3 21% 21245 3707 30%
c u  8.63  0 85 51 19095 11 384502 29405 1.8 13 7 2 3 21% 21245 3707 30%
c v  8.64  0 85 51 19095 11 384502 29338 1.8 13 7 2 3 21% 21245 3707 30%
c w  8.64  0 85 51 19095 11 384502 29338 1.8 13 7 2 3 21% 21245 3707 30%
c x  8.64  0 85 51 19095 11 384502 29337 1.8 13 7 2 3 21% 21226 3707 30%
c t  8.64  0 85 51 19095 11 384502 29337 1.8 13 7 2 3 21% 21224 3707 30%
c s  8.85  0 84 51 19912 11 395172 38529 1.8 13 7 2 3 21% 21209 3707 30%
c e  8.85  0 84 51 19912 11 395172 37464 1.8 13 7 2 3 21% 20233 3544 29%
c s  8.86  0 84 51 19912 11 395172 37364 1.8 13 7 2 3 21% 20231 3544 29%
c -  8.97  0 84 52 20351 10 400004 25860 1.8 13 7 1 2 21% 20229 3544 29%
c 2  8.97  0 84 52 20351 10 400004 25858 1.8 13 7 1 2 21% 20229 3544 29%
c p  8.98  0 84 52 20351 10 400004 25972 1.8 13 7 1 2 21% 20229 3544 29%
c u  9.02  0 84 52 20351 10 400004 25616 1.8 13 7 1 2 21% 20229 3544 29%
c v  9.02  0 84 52 20351 10 400004 25408 1.8 13 7 1 2 21% 20229 3544 29%
c w  9.02  0 84 52 20351 10 400004 25408 1.8 13 7 1 2 21% 20229 3544 29%
c B  9.13  0 83 52 20911 10 406057 30971 1.8 13 7 1 2 21% 20229 3544 29%
c }  9.27  0 83 52 21667 10 414101 38288 1.8 13 7 1 2 20% 20229 3544 29%
c 
c  seconds   reductions    conflicts         size   tier2      variables
c         MB       restarts       redundant     glue   trail        remaining
c           level        rate          size/glue  tier1  irredundant
c 
c [  9.27  0 162 52 21667  1 414101 38288 2.0 57 29 2 5 40% 20229 3544 29%
c -  9.30  0 162 53 21668  1 415816 26305 2.0 56 29 2 5 40% 20229 3544 29%
c p  9.31  0 162 53 21668  1 415816 26412 2.0 56 29 2 5 40% 20229 3544 29%
c u  9.31  0 162 53 21668  1 415816 25938 2.0 56 29 2 5 40% 20229 3544 29%
c v  9.32  0 162 53 21668  1 415816 25680 2.0 56 29 2 5 40% 20229 3544 29%
c w  9.32  0 162 53 21668  1 415816 25679 2.0 56 29 2 5 40% 20229 3544 29%
c -  9.65  0 158 54 21675  1 431936 25992 2.0 56 28 2 5 41% 20229 3544 29%
c p  9.65  0 158 54 21675  1 431936 26030 2.0 56 28 2 5 41% 20229 3544 29%
c u  9.65  0 158 54 21675  1 431936 25733 2.0 56 28 2 5 41% 20229 3544 29%
c v  9.66  0 158 54 21675  1 431936 25568 2.0 56 28 2 5 41% 20229 3544 29%
c w  9.66  0 158 54 21675  1 431936 25568 2.0 56 28 2 5 41% 20229 3544 29%
c t  9.66  0 158 54 21675  1 431936 25565 2.0 56 28 2 5 41% 20229 3544 29%
c I  9.73  0 158 54 21675  1 435059 28555 2.0 56 28 2 5 40% 20229 3544 29%
c - 10.00  0 160 55 21682  1 448367 25212 2.0 56 27 2 5 42% 20229 3544 29%
c p 10.00  0 160 55 21682  1 448367 25270 2.0 56 27 2 5 42% 20229 3544 29%
c = 10.03  0 160 55 21682  1 448367 25270 2.0 56 27 2 5 42% 20229 3543 29%
c u 10.03  0 160 55 21682  1 448367 25044 2.0 56 27 2 5 42% 20229 3543 29%
c v 10.03  0 160 55 21682  1 448367 25031 2.0 56 27 2 5 42% 20229 3543 29%
c w 10.03  0 160 55 21682  1 448367 25030 2.0 56 27 2 5 42% 20229 3543 29%
c f 10.03  0 160 55 21682  1 448367 25028 2.0 56 27 2 5 42% 20229 3544 29%
c 
c  seconds   reductions    conflicts         size   tier2      variables
c         MB       restarts       redundant     glue   trail        remaining
c           level        rate          size/glue  tier1  irredundant
c 
c s 10.29  0 161 55 21689  1 460510 36250 2.0 55 27 2 5 44% 20229 3544 29%
c e 10.29  0 161 55 21689  1 460510 36197 2.0 55 27 2 5 44% 20231 3542 29%
c s 10.30  0 161 55 21689  1 460510 36136 2.0 55 27 2 5 44% 20229 3542 29%
c B 10.36  0 160 55 21690  1 465061 40196 2.0 54 27 2 5 43% 20229 3542 29%
c - 10.37  0 160 56 21690  1 465109 24820 2.0 54 27 2 5 43% 20229 3542 29%
c 2 10.37  0 160 56 21690  1 465109 24819 2.0 54 27 2 5 43% 20229 3542 29%
c p 10.37  0 160 56 21690  1 465109 24849 2.0 54 27 2 5 43% 20229 3542 29%
c f 10.37  0 160 56 21690  1 465109 24848 2.0 54 27 2 5 43% 20228 3543 29%
c ] 10.51  0 152 56 21691  1 482141 39675 2.0 49 24 2 5 39% 20228 3543 29%
c { 10.51  0 83 56 21691 10 482141 39675 1.8 13 7 1 2 20% 20228 3543 29%
c - 10.52  0 83 57 21693 10 482160 24802 1.8 13 7 1 2 20% 20228 3543 29%
c p 10.52  0 83 57 21693 10 482160 24811 1.8 13 7 1 2 20% 20228 3543 29%
c u 10.54  0 83 57 21693 10 482160 24463 1.8 13 7 1 2 20% 20228 3543 29%
c v 10.54  0 83 57 21693 10 482160 24461 1.8 13 7 1 2 20% 20228 3543 29%
c w 10.54  0 83 57 21693 10 482160 24461 1.8 13 7 1 2 20% 20228 3543 29%
c t 10.54  0 83 57 21693 10 482160 24460 1.8 13 7 1 2 20% 20228 3543 29%
c W 10.81  0 81 57 22782 10 496063 37036 1.8 14 7 1 2 20% 20228 3543 29%
c - 10.88  0 80 58 23001 10 499519 26984 1.8 14 7 1 2 20% 20228 3543 29%
c p 10.88  0 80 58 23001 10 499519 27037 1.8 14 7 1 2 20% 20228 3543 29%
c u 10.88  0 80 58 23001 10 499519 26684 1.8 14 7 1 2 20% 20228 3543 29%
c 
c  seconds  reductions    conflicts         size  tier2      variables
c         MB      restarts       redundant     glue  trail        remaining
c          level        rate          size/glue tier1  irredundant
c 
c v 10.89  0 80 58 23001 10 499519 26537 1.8 14 7 1 2 20% 20228 3543 29%
c w 10.89  0 80 58 23001 10 499519 26537 1.8 14 7 1 2 20% 20228 3543 29%
c - 11.22  0 80 59 24689 10 517189 28887 1.8 14 7 1 2 20% 20228 3543 29%
c p 11.22  0 80 59 24689 10 517189 28941 1.8 14 7 1 2 20% 20228 3543 29%
c u 11.23  0 80 59 24689 10 517189 28715 1.8 14 7 1 2 20% 20228 3543 29%
c v 11.23  0 80 59 24689 10 517189 28588 1.8 14 7 1 2 20% 20228 3543 29%
c w 11.23  0 80 59 24689 10 517189 28588 1.8 14 7 1 2 20% 20228 3543 29%
c x 11.24  0 80 59 24689 10 517189 28588 1.8 14 7 1 2 20% 20226 3543 29%
c F 11.46  0 80 59 25870 10 528064 38449 1.8 14 8 1 2 20% 20226 3543 29%
c } 11.49  0 80 59 25982 10 529344 39581 1.8 14 8 1 2 20% 20226 3543 29%
c [ 11.49  0 152 59 25982  1 529344 39581 2.0 49 24 2 5 39% 20226 3543 29%
c s 11.52  0 153 59 25982  1 530900 40589 2.0 49 24 2 5 39% 20226 3543 29%
c e 11.52  0 153 59 25982  1 530900 40568 2.0 49 24 2 5 39% 20228 3540 29%
c s 11.54  0 153 59 25982  1 530900 40447 2.0 49 24 2 5 39% 20227 3540 29%
c - 11.58  0 152 60 25982  1 535169 30035 2.0 48 24 2 5 38% 20227 3540 29%
c p 11.59  0 152 60 25982  1 535169 30088 2.0 48 24 2 5 38% 20227 3540 29%
c u 11.62  0 152 60 25982  1 535169 29799 2.0 48 24 2 5 38% 20227 3540 29%
c v 11.62  0 152 60 25982  1 535169 29656 2.0 48 24 2 5 38% 20227 3540 29%
c w 11.62  0 152 60 25982  1 535169 29655 2.0 48 24 2 5 38% 20227 3540 29%
c t 11.62  0 152 60 25982  1 535169 29655 2.0 48 24 2 5 38% 20226 3540 29%
c 
c  seconds   reductions    conflicts         size   tier2      variables
c         MB       restarts       redundant     glue   trail        remaining
c           level        rate          size/glue  tier1  irredundant
c 
c - 11.76  0 140 61 25993  1 553458 31041 2.0 43 21 2 5 34% 20226 3540 29%
c W 11.85  0 138 61 25996  1 561065 37816 2.0 41 20 2 5 33% 20226 3540 29%
c - 11.95  0 136 62 26000  1 572056 29679 2.0 39 19 2 5 31% 20226 3540 29%
c - 12.11  0 136 63 26010  1 590966 29683 2.0 36 18 2 5 29% 20226 3540 29%
c u 12.12  0 136 63 26010  1 590966 29351 2.0 36 18 2 5 29% 20226 3540 29%
c v 12.12  0 136 63 26010  1 590966 29340 2.0 36 18 2 5 29% 20226 3540 29%
c w 12.12  0 136 63 26010  1 590966 29340 2.0 36 18 2 5 29% 20226 3540 29%
c t 12.12  0 136 63 26010  1 590966 29337 2.0 36 18 2 5 29% 20226 3540 29%
c O 12.16  0 136 63 26011  1 595067 33033 2.0 35 18 2 5 29% 20226 3540 29%
c s 12.31  0 136 63 26013  1 606334 42970 2.0 35 17 2 5 29% 20226 3540 29%
c s 12.32  0 136 63 26013  1 606334 42878 2.0 35 17 2 5 29% 20226 3540 29%
c ^ 12.32  0 136 63 26013  1 606334 42878 2.0 35 17 2 5 29% 20226 3540 29%
c - 12.38  0 135 64 26013  1 610184 29681 2.0 35 18 2 5 28% 20226 3540 29%
c - 12.57  0 128 65 26014  1 629715 30276 2.0 33 17 2 5 26% 20226 3540 29%
c p 12.57  0 128 65 26014  1 629715 30309 2.0 33 17 2 5 26% 20226 3540 29%
c u 12.58  0 128 65 26014  1 629715 30104 2.0 33 17 2 5 26% 20226 3540 29%
c v 12.58  0 128 65 26014  1 629715 30095 2.0 33 17 2 5 26% 20226 3540 29%
c w 12.58  0 128 65 26014  1 629715 30094 2.0 33 17 2 5 26% 20226 3540 29%
c B 12.59  0 128 65 26014  1 630068 30423 2.0 33 17 2 5 26% 20226 3540 29%
c - 12.95  0 135 66 26014  1 649554 30579 2.0 37 19 2 5 31% 20226 3540 29%
c 
c  seconds   reductions    conflicts         size   tier2      variables
c         MB       restarts       redundant     glue   trail        remaining
c           level        rate          size/glue  tier1  irredundant
c 
c p 12.96  0 135 66 26014  1 649554 30599 2.0 37 19 2 5 31% 20226 3540 29%
c u 12.96  0 135 66 26014  1 649554 30325 2.0 37 19 2 5 31% 20226 3540 29%
c v 12.96  0 135 66 26014  1 649554 30316 2.0 37 19 2 5 31% 20226 3540 29%
c w 12.96  0 135 66 26014  1 649554 30316 2.0 37 19 2 5 31% 20226 3540 29%
c ] 13.07  0 137 66 26015  1 659758 39728 2.0 36 18 2 5 31% 20226 3540 29%
c { 13.07  0 80 66 26015 10 659758 39728 1.8 14 8 1 2 20% 20226 3540 29%
c B 13.17  0 80 66 26537 10 666072 45551 1.8 14 8 1 2 20% 20226 3540 29%
c - 13.23  0 79 67 26823 10 669703 32320 1.8 14 8 1 2 19% 20226 3540 29%
c p 13.23  0 79 67 26823 10 669703 32347 1.8 14 8 1 2 19% 20226 3540 29%
c t 13.23  0 79 67 26823 10 669703 32345 1.8 14 8 1 2 19% 20226 3540 29%
c s 13.57  0 78 67 28391 10 686798 47712 1.8 14 8 1 2 19% 20226 3540 29%
c e 13.58  0 78 67 28391 10 686798 40919 1.8 14 8 1 2 19% 20459 3414 28%
c s 13.59  0 78 67 28391 10 686798 40831 1.8 14 8 1 2 19% 20443 3414 28%
c e 13.59  0 78 67 28391 10 686798 40788 1.8 14 8 1 2 19% 20444 3412 28%
c - 13.66  0 78 68 28673 10 690161 31244 1.8 14 8 1 2 19% 20444 3412 28%
c 2 13.66  0 78 68 28673 10 690161 31238 1.8 14 8 1 2 19% 20444 3412 28%
c p 13.66  0 78 68 28673 10 690161 31267 1.8 14 8 1 2 19% 20444 3412 28%
c u 13.67  0 78 68 28673 10 690161 30737 1.8 14 8 1 2 19% 20444 3412 28%
c v 13.68  0 78 68 28673 10 690161 30530 1.8 14 8 1 2 19% 20444 3412 28%
c w 13.68  0 78 68 28673 10 690161 30530 1.8 14 8 1 2 19% 20444 3412 28%
c 
c  seconds  reductions    conflicts         size  tier2      variables
c         MB      restarts       redundant     glue  trail        remaining
c          level        rate          size/glue tier1  irredundant
c 
c f 13.68  0 78 68 28673 10 690161 30521 1.8 14 8 1 2 19% 20426 3420 28%
c W 13.94  0 77 68 29850 10 703073 42230 1.8 14 8 1 2 19% 20426 3420 28%
c - 14.14  0 77 69 30852 10 710929 33276 1.8 14 8 1 2 19% 20426 3420 28%
c p 14.14  0 77 69 30852 10 710929 33299 1.8 14 8 1 2 19% 20426 3420 28%
c u 14.18  0 77 69 30852 10 710929 33017 1.8 14 8 1 2 19% 20426 3420 28%
c v 14.19  0 77 69 30852 10 710929 32746 1.8 14 8 1 2 19% 20426 3420 28%
c } 14.23  0 77 69 31102 10 712768 34424 1.8 14 8 1 2 19% 20426 3420 28%
c [ 14.23  0 137 69 31102  1 712768 34424 2.0 36 18 2 5 31% 20426 3420 28%
c - 14.92  0 135 70 31102  1 732008 34227 2.1 43 21 2 5 33% 20426 3420 28%
c p 14.92  0 135 70 31102  1 732008 34250 2.1 43 21 2 5 33% 20426 3420 28%
c u 14.94  0 135 70 31102  1 732008 33854 2.1 43 21 2 5 33% 20426 3420 28%
c v 14.94  0 135 70 31102  1 732008 33631 2.1 43 21 2 5 33% 20426 3420 28%
c w 14.94  0 135 70 31102  1 732008 33628 2.1 43 21 2 5 33% 20426 3420 28%
c W 15.40  0 136 70 31102  1 741074 42389 2.0 49 24 2 5 34% 20426 3420 28%
c ] 15.78  0 137 70 31102  1 750844 51748 2.0 52 27 2 5 35% 20426 3420 28%
c { 15.78  0 77 70 31102 10 750844 51748 1.8 14 8 1 2 19% 20426 3420 28%
c - 15.84  0 78 71 31373 10 753397 33326 1.8 14 8 1 2 19% 20426 3420 28%
c p 15.84  0 78 71 31373 10 753397 33349 1.8 14 8 1 2 19% 20426 3420 28%
c u 15.85  0 78 71 31373 10 753397 33168 1.8 14 8 1 2 19% 20426 3420 28%
c v 15.85  0 78 71 31373 10 753397 33007 1.8 14 8 1 2 19% 20426 3420 28%
c 
c  seconds  reductions    conflicts         size  tier2      variables
c         MB      restarts       redundant     glue  trail        remaining
c          level        rate          size/glue tier1  irredundant
c 
c w 15.85  0 78 71 31373 10 753397 33005 1.8 14 8 1 2 19% 20426 3420 28%
c s 16.32  0 77 71 33698 10 774620 52232 1.8 14 8 1 2 18% 20422 3420 28%
c t 16.33  0 77 71 33698 10 774620 52232 1.8 14 8 1 2 18% 20421 3420 28%
c e 16.33  0 77 71 33698 10 774620 52228 1.8 14 8 1 2 18% 20422 3419 28%
c s 16.34  0 77 71 33698 10 774620 52159 1.8 14 8 1 2 18% 20421 3419 28%
c - 16.37  0 77 72 33796 10 775098 35265 1.8 14 8 1 2 18% 20421 3419 28%
c p 16.37  0 77 72 33796 10 775098 35289 1.8 14 8 1 2 18% 20421 3419 28%
c u 16.38  0 77 72 33796 10 775098 35085 1.8 14 8 1 2 18% 20421 3419 28%
c v 16.38  0 77 72 33796 10 775098 34836 1.8 14 8 1 2 18% 20421 3419 28%
c # 16.48  0 76 72 34212 10 780075 39346 1.8 14 8 1 2 18% 20421 3419 28%
c - 16.87  0 76 73 36150 11 797107 37032 1.8 14 8 1 2 18% 20421 3419 28%
c p 16.88  0 76 73 36150 11 797107 37056 1.8 14 8 1 2 18% 20421 3419 28%
c u 16.89  0 76 73 36150 11 797107 36791 1.8 14 8 1 2 18% 20421 3419 28%
c v 16.89  0 76 73 36150 11 797107 36531 1.8 14 8 1 2 18% 20421 3419 28%
c w 16.89  0 76 73 36150 11 797107 36531 1.8 14 8 1 2 18% 20421 3419 28%
c } 16.99  0 77 73 36659 11 801496 40606 1.8 14 8 1 2 18% 20421 3419 28%
c [ 16.99  0 137 73 36659  1 801496 40606 2.0 52 27 2 5 35% 20421 3419 28%
c - 17.49  0 138 74 36659  1 819428 38016 2.0 55 27 2 5 37% 20421 3419 28%
c p 17.49  0 138 74 36659  1 819428 38035 2.0 55 27 2 5 37% 20421 3419 28%
c u 17.50  0 138 74 36659  1 819428 37899 2.0 55 27 2 5 37% 20421 3419 28%
c 
c  seconds   reductions    conflicts         size   tier2      variables
c         MB       restarts       redundant     glue   trail        remaining
c           level        rate          size/glue  tier1  irredundant
c 
c v 17.50  0 138 74 36659  1 819428 37700 2.0 55 27 2 5 37% 20421 3419 28%
c w 17.50  0 138 74 36659  1 819428 37698 2.0 55 27 2 5 37% 20421 3419 28%
c I 17.53  0 138 74 36659  1 820076 38311 2.0 55 27 2 5 37% 20421 3419 28%
c - 18.04  0 138 75 36669  1 842059 37849 2.1 55 27 2 5 38% 20421 3419 28%
c p 18.04  0 138 75 36669  1 842059 37868 2.1 55 27 2 5 38% 20421 3419 28%
c u 18.08  0 138 75 36669  1 842059 37736 2.1 55 27 2 5 38% 20421 3419 28%
c v 18.08  0 138 75 36669  1 842059 37556 2.1 55 27 2 5 38% 20421 3419 28%
c w 18.08  0 138 75 36669  1 842059 37555 2.1 55 27 2 5 38% 20421 3419 28%
c B 18.48  0 139 75 36676  1 861077 55732 2.1 56 26 1 2 38% 20421 3419 28%
c - 18.60  0 140 76 36679  1 865001 37694 2.1 56 27 1 2 38% 20421 3419 28%
c p 18.60  0 140 76 36679  1 865001 37714 2.1 56 27 1 2 38% 20421 3419 28%
c u 18.61  0 140 76 36679  1 865001 37660 2.1 56 27 1 2 38% 20421 3419 28%
c v 18.61  0 140 76 36679  1 865001 37648 2.1 56 27 1 2 38% 20421 3419 28%
c w 18.61  0 140 76 36679  1 865001 37645 2.1 56 27 1 2 38% 20421 3419 28%
c ] 18.81  0 142 76 36684  1 874050 46291 2.1 57 27 1 2 39% 20421 3419 28%
c { 18.81  0 77 76 36684 11 874050 46291 1.8 14 8 1 2 18% 20421 3419 28%
c - 19.17  0 77 77 38566 11 888253 39439 1.8 14 8 1 2 18% 20421 3419 28%
c p 19.17  0 77 77 38566 11 888253 39457 1.8 14 8 1 2 18% 20421 3419 28%
c u 19.18  0 77 77 38566 11 888253 39317 1.8 14 8 1 2 18% 20421 3419 28%
c v 19.19  0 77 77 38566 11 888253 39014 1.8 14 8 1 2 18% 20421 3419 28%
c 
c  seconds  reductions    conflicts         size  tier2      variables
c         MB      restarts       redundant     glue  trail        remaining
c          level        rate          size/glue tier1  irredundant
c 
c w 19.19  0 77 77 38566 11 888253 39014 1.8 14 8 1 2 18% 20421 3419 28%
c B 19.49  0 76 77 40023 11 903078 52566 1.8 14 8 1 2 18% 20421 3419 28%
c - 19.74  0 76 78 41172 11 911814 41230 1.8 14 8 1 2 18% 20421 3419 28%
c p 19.74  0 76 78 41172 11 911814 41248 1.8 14 8 1 2 18% 20421 3419 28%
c u 19.76  0 76 78 41172 11 911814 41058 1.8 14 8 1 2 18% 20421 3419 28%
c v 19.76  0 76 78 41172 11 911814 40742 1.8 14 8 1 2 18% 20421 3419 28%
c w 19.76  0 76 78 41172 11 911814 40742 1.8 14 8 1 2 18% 20421 3419 28%
c } 20.09  0 75 78 42731 11 927139 54747 1.8 15 8 1 2 18% 20421 3419 28%
c [ 20.09  0 142 78 42731  1 927139 54747 2.1 57 27 1 2 39% 20421 3419 28%
c - 20.29  0 143 79 42735  1 935686 42642 2.1 57 27 1 2 39% 20421 3419 28%
c p 20.30  0 143 79 42735  1 935686 42662 2.1 57 27 1 2 39% 20421 3419 28%
c u 20.31  0 143 79 42735  1 935686 42494 2.1 57 27 1 2 39% 20421 3419 28%
c v 20.31  0 143 79 42735  1 935686 42291 2.1 57 27 1 2 39% 20421 3419 28%
c w 20.31  0 143 79 42735  1 935686 42288 2.1 57 27 1 2 39% 20421 3419 28%
c W 20.71  0 144 79 42737  1 946079 52223 2.2 58 27 1 2 40% 20421 3419 28%
c - 21.07  0 143 80 42737  1 959870 43016 2.2 59 27 1 2 41% 20421 3419 28%
c p 21.07  0 143 80 42737  1 959870 43034 2.2 59 27 1 2 41% 20421 3419 28%
c u 21.08  0 143 80 42737  1 959870 42927 2.2 59 27 1 2 41% 20421 3419 28%
c v 21.08  0 143 80 42737  1 959870 42780 2.2 59 27 1 2 41% 20421 3419 28%
c w 21.08  0 143 80 42737  1 959870 42778 2.2 59 27 1 2 41% 20421 3419 28%
c 
c  seconds   reductions    conflicts         size   tier2      variables
c         MB       restarts       redundant     glue   trail        remaining
c           level        rate          size/glue  tier1  irredundant
c 
c - 21.66  0 147 81 42751  1 984363 41975 2.2 59 27 1 2 40% 20421 3419 28%
c p 21.66  0 147 81 42751  1 984363 41991 2.2 59 27 1 2 40% 20421 3419 28%
c u 21.67  0 147 81 42751  1 984363 41921 2.2 59 27 1 2 40% 20421 3419 28%
c v 21.67  0 147 81 42751  1 984363 41915 2.2 59 27 1 2 40% 20421 3419 28%
c w 21.67  0 147 81 42751  1 984363 41913 2.2 59 27 1 2 40% 20421 3419 28%
c O 21.72  0 145 81 42752  1 990080 47023 2.2 57 26 1 2 39% 20421 3419 28%
c ] 21.83  0 144 81 42755  1 1000000 56086 2.2 55 25 1 2 38% 20421 3419 28%
c ? 21.83  0 144 81 42755  1 1000000 56086 2.2 55 25 1 2 38% 20421 3419 28%
c 
c --- [ result ] -------------------------------------------------------------
c 
c UNKNOWN
c 
c --- [ run-time profiling ] -------------------------------------------------
c 
c process time taken by individual solving procedures
c (percentage relative to process time for solving)
c 
c        19.63   89.93% search
c        11.61   53.18% stable
c         7.58   34.71% unstable
c         2.19   10.06% simplify
c         0.55    2.51% sweep
c         0.47    2.15% vivify
c         0.44    2.02% walk
c         0.28    1.30% subsume
c         0.26    1.20% factor
c         0.25    1.13% congruence
c         0.11    0.52% elim
c         0.05    0.24% preprocess
c         0.05    0.23% probe
c         0.04    0.17% ternary
c         0.02    0.08% backbone
c         0.01    0.05% fastelim
c         0.01    0.03% parse
c         0.00    0.02% lucky
c   =================================
c        21.82   99.97% solve
c 
c last line shows process time for solving
c (percentage relative to total process time)
c 
c --- [ statistics ] ---------------------------------------------------------
c 
c chronological:            279274        27.93 %  of conflicts
c conflicts:               1000000     45820.24    per second
c backbone:                1231672      9530.85 %  of vars
c decisions:               5456317    250009.75    per second
c eliminated:                 6363        49.24 %  of all variables
c factored:                    587        15.73 %  of variables
c fixed:                       642         4.97 %  of all variables
c learned:                  955412        95.54 %  per conflict
c learned_lits:           39579012       100.00 %  learned literals
c minimized:                     0         0.00 %  learned literals
c shrunken:                1648032         4.16 %  learned literals
c minishrunken:            3593122         9.08 %  learned literals
c otfs:                      28717         2.87 %  of conflict
c propagations:          115045903         5.27 M  per second
c reduced:                  805262        80.53 %  per conflict
c rephased:                     44     22727.27    interval
c restarts:                  42755        23.39    interval
c stabilizing:                  16        58.77 %  of conflicts
c substituted:                2499        19.34 %  of all variables
c sweep equivs:                399         7.35 %  of swept variables
c subsumed:                  60473         5.68 %  of all clauses
c strengthened:              63086         5.92 %  of all clauses
c ticks:                1477482799        13.13    propagation
c vivified:                   8778         0.82 %  of all clauses
c walked:                       13     76923.08    interval
c weakened:                  42996         2.94    average size
c congruence:                   33     30303.03    interval
c 
c seconds are measured in process time for solving
c 
c --- [ glue usage ] ---------------------------------------------------------
c 
c focused glue 1 used 1674822 clauses 68.15% accumulated 68.15% tier1
c focused glue 2 used 365816 clauses 14.88% accumulated 83.04% tier2
c 
c stable glue 1 used 3030801 clauses 53.05% accumulated 53.05% tier1
c stable glue 2 used 779403 clauses 13.64% accumulated 66.69% tier2
c 
c 
c --- [ resources ] ----------------------------------------------------------
c 
c total process time since initialization:        21.83    seconds
c total real time since initialization:           21.89    seconds
c maximum resident set size of process:        75248.00    MB
c 
c --- [ shutting down ] ------------------------------------------------------
c 
c exit 0
