c --- [ banner ] -------------------------------------------------------------
c 
c CaDiCaL SAT Solver
c Copyright (c) 2016-2025
c A. Biere, M. Fleury, N. Froleyks, K. Fazekas, F. Pollitt, T. Faller
c JKU Linz, University of Freiburg, TU Wien
c 
c Version 3.0.0
c Apple clang version 17.0.0 (clang-1700.6.3.2) -Wall -Wextra -O3 -DNDEBUG -DNCLOSEFROM
c Tue Dec 23 21:53:38 UTC 2025 Darwin Tahoe-arm64.local 25.2.0 arm64
c 
c --- [ limit ] --------------------------------------------------------------
c 
c setting conflict limit to 1000000 conflicts (due to '1000000')
c 
c --- [ parsing input ] ------------------------------------------------------
c 
c reading DIMACS file from '/tmp/sr59_cnfs/aux_force_sr59_n32_bit19_m51ca0b34_fill55555555.cnf'
c opening file to read '/tmp/sr59_cnfs/aux_force_sr59_n32_bit19_m51ca0b34_fill55555555.cnf'
c found 'p cnf 12284 51301' header
c parsed 51301 clauses in 0.01 seconds process time
c 
c --- [ options ] ------------------------------------------------------------
c 
c   --seed=5                       (different from default '0')
c 
c --- [ solving ] ------------------------------------------------------------
c 
c time measured in process time since initialization
c 
c  seconds  reduction conflicts       size tier2       variables
c         MB    restarts   redundant    glue  trail         remaining
c          level     rate       size/glu tier1  irredundant
c 
c *  0.01  0  0 0   0  0    0    0 0.0 0 0 2 6  0% 50788 11803 96%
c (  0.01  0  0 0   0  0    0    0 0.0 0 0 2 6  0% 50788 11803 96%
c .  0.01  0  0 0   0  0    0    0 0.0 0 0 2 6  0% 49764 11803 96%
c c  0.03  0  0 0   0  0    0    0 0.0 0 0 2 6  0% 47028 11332 92%
c d  0.03  0  0 0   0  0    0    0 0.0 0 0 2 6  0% 42928 9976 81%
c 2  0.03  0  0 0   0  0    0    0 0.0 0 0 2 6  0% 42768 9976 81%
c f  0.04  0  0 0   0  0    0    0 0.0 0 0 2 6  0% 42494 10250 83%
c e  0.05  0  0 0   0  0    0    0 0.0 0 0 2 6  0% 28603 5263 43%
c P  0.06  0  0 0   0  0    0    0 0.0 0 0 2 6  0% 28603 5263 43%
c )  0.06  0  0 0   0  0    0    0 0.0 0 0 2 6  0% 28603 5263 43%
c {  0.06  0  0 0   0  0    0    0 0.0 0 0 2 6  0% 28603 5263 43%
c -  0.06  0 974 1   8 35  304  243 1.5 4 3 2 6 19% 28603 5263 43%
c -  0.06  0 470 2  31 24  739  603 1.6 4 3 2 6 15% 28603 5263 43%
c }  0.07  0 372 2  60 24 1001  840 1.6 4 3 2 6 14% 28603 5263 43%
c [  0.07  0  0 2  60  0 1001  840 0.0 0 0 2 6  0% 28603 5263 43%
c O  0.07  0 1907 2  60 1908 1002  841 2.2 9 4 2 6 39% 28603 5263 43%
c -  0.07  0 1888 3  60  7 1419  924 2.0 40 20 2 6 39% 28603 5263 43%
c ]  0.08  0 1886 3  60  5 1653 1128 2.0 45 23 2 6 39% 28603 5263 43%
c {  0.08  0 372 3  60 24 1653 1128 1.6 4 3 2 6 14% 28603 5263 43%
c c  0.09  0 355 3 118 26 2214 1590 1.6 5 3 2 6  5% 28565 5249 43%
c 
c  seconds   reduction conflicts       size tier2      variables
c         MB     restarts   redundant    glue  trail        remaining
c           level     rate       size/glu tier1  irredundant
c 
c d  0.09  0 355 3 118 26 2214 1582 1.6 5 3 2 6  5% 28547 5240 43%
c 2  0.09  0 355 3 118 26 2214 1582 1.6 5 3 2 6  5% 28543 5240 43%
c -  0.10  0 328 4 119 24 2361 1377 1.6 5 3 2 6  4% 28543 5240 43%
c O  0.10  0 266 4 213 23 3004 1922 1.6 5 3 2 6 12% 28543 5240 43%
c -  0.11  0 233 5 296 22 3575 2209 1.6 5 3 2 6 13% 28543 5240 43%
c }  0.11  0 207 5 346 20 4065 2594 1.6 5 3 2 6 12% 28543 5240 43%
c [  0.11  0 1886 5 346  5 4065 2594 2.0 45 23 2 6 93% 28543 5240 43%
c s  0.12  0 1556 5 346  4 4212 2723 2.0 40 20 2 6 86% 28537 5240 43%
c t  0.12  0 1556 5 346  4 4212 2723 2.0 40 20 2 6 86% 28535 5240 43%
c e  0.13  0 1556 5 346  4 4212 2510 2.0 40 20 2 6 86% 28497 4965 40%
c s  0.13  0 1556 5 346  4 4212 2440 2.0 40 20 2 6 86% 28399 4965 40%
c e  0.13  0 1556 5 346  4 4212 2425 2.0 40 20 2 6 86% 28378 4962 40%
c c  0.15  0 1003 5 347  4 4714 2757 2.0 27 14 2 6 60% 28284 4934 40%
c d  0.15  0 1003 5 347  4 4714 2709 2.0 27 14 2 6 60% 28250 4917 40%
c =  0.15  0 1003 5 347  4 4714 2709 2.0 27 14 2 6 60% 28198 4878 40%
c -  0.16  0 819 6 347  4 5069 2549 2.0 25 12 4 11 55% 28198 4878 40%
c I  0.18  0 575 6 348  3 6007 3381 2.6 36 14 3 11 47% 28198 4878 40%
c ]  0.18  0 557 6 348  4 6112 3470 2.6 35 14 3 10 46% 28198 4878 40%
c {  0.18  0 207 6 348 20 6112 3470 1.6 5 3 2 6 12% 28198 4878 40%
c -  0.19  0 184 7 494 20 6849 3341 1.6 5 3 2 6 12% 28198 4878 40%
c 
c  seconds   reduction conflicts       size tier2      variables
c         MB     restarts   redundant    glue  trail        remaining
c           level     rate       size/glu tier1  irredundant
c 
c d  0.19  0 172 7 590 20 7318 3600 1.6 6 4 2 3 11% 28198 4861 40%
c c  0.20  0 172 7 590 20 7318 3600 1.6 6 4 2 3 11% 28116 4861 40%
c d  0.20  0 172 7 590 20 7318 3505 1.6 6 4 2 3 11% 28086 4846 39%
c =  0.20  0 172 7 590 20 7318 3505 1.6 6 4 2 3 11% 28042 4813 39%
c t  0.20  0 172 7 590 20 7318 3504 1.6 6 4 2 3 11% 28042 4813 39%
c f  0.21  0 172 7 590 20 7318 3503 1.6 6 4 2 3 11% 27840 5006 41%
c -  0.23  0 146 8 922 20 8917 3768 1.6 6 4 2 3 11% 27840 5006 41%
c }  0.24  0 138 8 1080 20 9743 4434 1.6 6 4 2 3 11% 27840 5006 41%
c [  0.24  0 557 8 1080  4 9743 4434 2.6 35 14 3 10 44% 27840 5006 41%
c B  0.24  0 522 8 1080  3 10009 4645 2.5 34 13 3 10 44% 27840 5006 41%
c d  0.24  0 521 8 1080  3 10016 4402 2.5 34 13 3 10 44% 27840 4968 40%
c c  0.25  0 521 8 1080  3 10016 4402 2.5 34 13 3 10 44% 27763 4968 40%
c d  0.25  0 521 8 1080  3 10016 4332 2.5 34 13 3 10 44% 27737 4955 40%
c 2  0.25  0 521 8 1080  3 10016 4332 2.5 34 13 3 10 44% 27730 4955 40%
c =  0.25  0 521 8 1080  3 10016 4332 2.5 34 13 3 10 44% 27702 4880 40%
c -  0.27  0 381 9 1080  3 11277 4289 2.5 27 11 3 10 12% 27702 4880 40%
c c  0.29  0 303 9 1082  3 12803 5549 2.4 24 10 3 10 17% 27690 4878 40%
c -  0.30  0 267 10 1083  3 13931 5068 2.3 23 10 2 3 18% 27688 4877 40%
c e  0.31  0 257 10 1083  3 14276 4794 2.3 22 10 2 3 18% 27649 4680 38%
c s  0.31  0 257 10 1083  3 14276 4744 2.3 22 10 2 3 18% 27406 4680 38%
c 
c  seconds   reductions   conflicts       size   tier2      variables
c         MB      restarts     redundant     glue   trail        remaining
c           level       rate        size/glue  tier1  irredundant
c 
c W  0.33  0 247 10 1083  3 15012 5364 2.3 22 10 2 3 21% 27405 4680 38%
c 2  0.33  0 238 10 1083  3 15668 5902 2.2 22 10 2 3 21% 27405 4680 38%
c d  0.34  0 238 10 1083  3 15668 5885 2.2 22 10 2 3 21% 27405 4678 38%
c c  0.34  0 238 10 1083  3 15668 5885 2.2 22 10 2 3 21% 27383 4678 38%
c =  0.35  0 238 10 1083  3 15668 5877 2.2 22 10 2 3 21% 27378 4641 38%
c f  0.35  0 238 10 1083  3 15668 5876 2.2 22 10 2 3 21% 27346 4671 38%
c -  0.37  0 218 11 1084  3 16882 5275 2.2 21 10 2 3 20% 27346 4671 38%
c ]  0.37  0 212 11 1084  2 17760 6058 2.2 22 10 2 3 24% 27346 4671 38%
c {  0.37  0 138 11 1084 20 17760 6058 1.6 6 4 2 3 13% 27346 4671 38%
c c  0.39  0 129 11 1233 19 18608 6742 1.6 6 4 2 3 12% 27330 4667 38%
c t  0.39  0 129 11 1233 19 18608 6735 1.6 6 4 2 3 12% 27327 4666 38%
c -  0.41  0 118 12 1601 19 20130 6294 1.6 7 4 2 3 12% 27327 4666 38%
c #  0.43  0 113 12 1798 19 21013 7057 1.6 7 4 2 3 12% 27327 4666 38%
c c  0.44  0 111 12 1956 19 21618 7539 1.6 7 5 1 2 12% 27297 4664 38%
c =  0.45  0 111 12 1956 19 21618 7531 1.6 7 5 1 2 12% 27171 4556 37%
c u  0.46  0 111 12 1956 19 21618 6991 1.6 7 5 1 2 12% 27158 4556 37%
c v  0.46  0 111 12 1956 19 21618 6869 1.6 7 5 1 2 12% 27158 4556 37%
c w  0.46  0 111 12 1956 19 21618 6865 1.6 7 5 1 2 12% 27158 4556 37%
c x  0.46  0 111 12 1956 19 21618 6860 1.6 7 5 1 2 12% 27053 4556 37%
c t  0.46  0 111 12 1956 19 21618 6859 1.6 7 5 1 2 12% 27053 4556 37%
c 
c  seconds   reductions   conflicts       size tier2      variables
c         MB      restarts     redundant    glue  trail        remaining
c           level       rate        size/glu tier1  irredundant
c 
c f  0.46  0 111 12 1956 19 21618 6853 1.6 7 5 1 2 12% 27028 4581 37%
c }  0.48  0 105 12 2189 18 23229 8254 1.6 7 5 1 2 12% 27028 4581 37%
c [  0.48  0 212 12 2189  2 23229 8254 2.2 22 10 2 3 24% 27028 4581 37%
c -  0.49  0 211 13 2189  2 23677 5449 2.2 23 11 2 3 25% 27028 4581 37%
c d  0.51  0 210 13 2189  2 24694 6394 2.2 26 12 2 3 26% 27028 4580 37%
c c  0.52  0 210 13 2189  2 24694 6393 2.2 26 12 2 3 26% 27022 4580 37%
c d  0.52  0 210 13 2189  2 24694 6393 2.2 26 12 2 3 26% 27020 4579 37%
c =  0.53  0 210 13 2189  2 24694 6393 2.2 26 12 2 3 26% 27008 4515 37%
c t  0.53  0 210 13 2189  2 24694 6393 2.2 26 12 2 3 26% 27007 4515 37%
c -  0.56  0 190 14 2191  2 27523 5940 2.2 25 12 2 3 24% 27007 4515 37%
c c  0.57  0 189 14 2191  2 27832 6203 2.2 26 12 2 3 24% 26931 4505 37%
c O  0.58  0 189 14 2191  2 28014 6331 2.2 26 12 2 3 24% 26915 4497 37%
c e  0.60  0 184 14 2192  2 29576 6957 2.2 26 12 2 3 24% 26824 4412 36%
c s  0.60  0 184 14 2192  2 29576 6933 2.2 26 12 2 3 24% 26727 4412 36%
c e  0.60  0 184 14 2192  2 29576 6932 2.2 26 12 2 3 24% 26721 4411 36%
c -  0.62  0 175 15 2194  2 31670 5520 2.1 25 12 2 3 24% 26721 4411 36%
c 2  0.62  0 175 15 2194  2 31670 5510 2.1 25 12 2 3 24% 26721 4411 36%
c c  0.63  0 175 15 2194  2 31670 5506 2.1 25 12 2 3 24% 26705 4410 36%
c =  0.64  0 175 15 2194  2 31670 5503 2.1 25 12 2 3 24% 26358 4331 35%
c f  0.64  0 175 15 2194  2 31670 5497 2.1 25 12 2 3 24% 26332 4349 35%
c 
c  seconds   reductions   conflicts       size   tier2      variables
c         MB      restarts     redundant     glue   trail        remaining
c           level       rate        size/glue  tier1  irredundant
c 
c ]  0.66  0 172 15 2195  2 34118 7672 2.0 25 12 2 3 25% 26332 4349 35%
c {  0.66  0 105 15 2195 18 34118 7672 1.6 7 5 1 2 14% 26332 4349 35%
c B  0.68  0 100 15 2528 18 36016 9383 1.6 8 5 1 2 14% 26332 4349 35%
c -  0.69  0 100 16 2528 18 36119 6064 1.6 8 5 1 2 13% 26332 4349 35%
c =  0.70  0 100 16 2528 18 36119 6061 1.6 8 5 1 2 13% 26314 4336 35%
c -  0.76  0 92 17 3416 17 40870 6978 1.6 8 5 1 2 14% 26314 4336 35%
c 2  0.76  0 92 17 3416 17 40870 6977 1.6 8 5 1 2 14% 26310 4336 35%
c d  0.76  0 92 17 3416 17 40870 6976 1.6 8 5 1 2 14% 26309 4335 35%
c p  0.76  0 92 17 3416 17 40870 6986 1.6 8 5 1 2 14% 26309 4335 35%
c u  0.78  0 92 17 3416 17 40870 5908 1.6 8 5 1 2 14% 26092 4335 35%
c v  0.78  0 92 17 3416 17 40870 5900 1.6 8 5 1 2 14% 26092 4335 35%
c f  0.78  0 92 17 3416 17 40870 5886 1.6 8 5 1 2 13% 26075 4353 35%
c }  0.80  0 91 17 3697 17 42608 7457 1.6 8 5 1 2 14% 26075 4353 35%
c [  0.80  0 172 17 3697  2 42608 7457 2.0 25 12 2 3 25% 26075 4353 35%
c B  0.84  0 170 17 3698  2 45019 9754 2.1 27 13 2 3 34% 26075 4353 35%
c -  0.86  0 167 18 3698  2 45926 6656 2.0 28 14 2 3 31% 26075 4353 35%
c d  0.86  0 167 18 3698  2 45926 6635 2.0 28 14 2 3 31% 26075 4348 35%
c f  0.87  0 167 18 3698  2 45926 6633 2.0 28 14 2 3 31% 26071 4352 35%
c e  0.94  0 163 18 3699  2 50367 9985 2.1 29 14 2 3 31% 22292 3980 32%
c s  0.94  0 163 18 3699  2 50367 9976 2.1 29 14 2 3 31% 22280 3980 32%
c 
c  seconds   reductions   conflicts       size   tier2      variables
c         MB      restarts     redundant     glue   trail        remaining
c           level       rate        size/glue  tier1  irredundant
c 
c -  0.96  0 163 19 3699  2 51285 6703 2.1 30 15 2 3 37% 22276 3980 32%
c 2  0.96  0 163 19 3699  2 51285 6696 2.1 30 15 2 3 37% 22276 3980 32%
c ]  1.01  0 154 19 3699  2 54217 9373 2.1 31 14 2 3 31% 22276 3980 32%
c {  1.01  0 91 19 3699 17 54217 9373 1.6 8 5 1 2 16% 22276 3980 32%
c W  1.03  0 90 19 3863 17 55020 10086 1.6 8 5 1 2 16% 22276 3980 32%
c -  1.06  0 89 20 4221 17 56948 7730 1.6 8 5 1 2 16% 22276 3980 32%
c p  1.06  0 89 20 4221 17 56948 7883 1.6 8 5 1 2 16% 22276 3980 32%
c u  1.07  0 89 20 4221 17 56948 7218 1.6 8 5 1 2 16% 22174 3980 32%
c v  1.07  0 89 20 4221 17 56948 7140 1.6 8 5 1 2 16% 22174 3980 32%
c x  1.07  0 89 20 4221 17 56948 7139 1.6 8 5 1 2 16% 22167 3980 32%
c f  1.07  0 89 20 4221 17 56948 7121 1.6 8 5 1 2 16% 22166 3994 33%
c -  1.15  0 84 21 5087 16 62918 8349 1.6 9 5 1 2 16% 22166 3994 33%
c p  1.15  0 84 21 5087 16 62918 8347 1.6 9 5 1 2 16% 22154 3992 32%
c c  1.15  0 84 21 5087 16 62918 8347 1.6 9 5 1 2 16% 22148 3992 32%
c f  1.16  0 84 21 5087 16 62918 8340 1.6 9 5 1 2 15% 22150 3994 33%
c }  1.20  0 82 21 5560 16 65971 11053 1.6 9 5 1 2 16% 22150 3994 33%
c [  1.20  0 154 21 5560  2 65971 11053 2.1 31 14 2 3 31% 22150 3994 33%
c W  1.20  0 154 21 5560  2 66022 11102 2.1 31 14 2 3 31% 22150 3994 33%
c -  1.25  0 156 22 5562  2 69191 9237 2.1 31 14 2 3 33% 22150 3994 33%
c p  1.25  0 156 22 5562  2 69191 9230 2.1 31 14 2 3 33% 22150 3992 32%
c 
c  seconds   reductions   conflicts       size   tier2      variables
c         MB      restarts     redundant     glue   trail        remaining
c           level       rate        size/glue  tier1  irredundant
c 
c =  1.26  0 156 22 5562  2 69191 9163 2.1 31 14 2 3 33% 22149 3981 32%
c t  1.26  0 156 22 5562  2 69191 9162 2.1 31 14 2 3 33% 22149 3981 32%
c 2  1.26  0 156 22 5562  2 69191 9161 2.1 31 14 2 3 33% 22149 3981 32%
c f  1.26  0 156 22 5562  2 69191 9161 2.1 31 14 2 3 33% 22147 3983 32%
c e  1.37  0 155 22 5566  2 75214 14659 2.0 34 17 1 2 37% 22147 3981 32%
c s  1.37  0 155 22 5566  2 75214 14656 2.0 34 17 1 2 37% 22145 3981 32%
c -  1.39  0 156 23 5566  2 75767 9561 2.0 35 17 1 2 37% 22145 3981 32%
c 2  1.39  0 156 23 5566  2 75767 9560 2.0 35 17 1 2 37% 22145 3981 32%
c p  1.39  0 156 23 5566  2 75767 9661 2.0 35 17 1 2 37% 22145 3981 32%
c u  1.40  0 156 23 5566  2 75767 9075 2.0 35 17 1 2 37% 22139 3981 32%
c v  1.40  0 156 23 5566  2 75767 8949 2.0 35 17 1 2 37% 22139 3981 32%
c w  1.40  0 156 23 5566  2 75767 8948 2.0 35 17 1 2 37% 22139 3981 32%
c f  1.40  0 156 23 5566  2 75767 8900 2.0 35 17 1 2 37% 22167 3999 33%
c I  1.44  0 157 23 5567  2 78023 10992 2.0 35 17 1 2 39% 22167 3999 33%
c ]  1.51  0 148 23 5569  2 82398 14865 2.0 35 17 1 2 35% 22167 3999 33%
c {  1.51  0 82 23 5569 16 82398 14865 1.6 9 5 1 2 15% 22167 3999 33%
c -  1.51  0 82 24 5632 16 82648 9357 1.6 9 5 1 2 15% 22167 3999 33%
c p  1.51  0 82 24 5632 16 82648 9397 1.6 9 5 1 2 15% 22167 3999 33%
c =  1.52  0 82 24 5632 16 82648 9381 1.6 9 5 1 2 15% 22163 3987 32%
c f  1.53  0 82 24 5632 16 82648 9358 1.6 9 5 1 2 15% 22176 3997 33%
c 
c  seconds  reductions   conflicts        size tier2      variables
c         MB     restarts      redundant    glue  trail        remaining
c          level       rate         size/glu tier1  irredundant
c 
c -  1.63  0 79 25 6800 16 89836 10766 1.7 9 6 1 2 16% 22175 3997 33%
c p  1.64  0 79 25 6800 16 89836 11012 1.7 9 6 1 2 16% 22175 3995 33%
c =  1.65  0 79 25 6800 16 89836 11003 1.7 9 6 1 2 16% 22154 3987 32%
c u  1.65  0 79 25 6800 16 89836 10414 1.7 9 6 1 2 16% 22154 3987 32%
c v  1.66  0 79 25 6800 16 89836 10294 1.7 9 6 1 2 16% 22154 3987 32%
c f  1.66  0 79 25 6800 16 89836 10244 1.7 9 6 1 2 16% 22182 4008 33%
c F  1.67  0 79 25 6938 16 91031 11301 1.7 9 6 1 2 16% 22182 4008 33%
c }  1.75  0 79 25 7786 15 96126 15852 1.7 10 6 1 2 16% 22182 4008 33%
c [  1.75  0 148 25 7786  2 96126 15852 2.0 35 17 1 2 35% 22182 4008 33%
c -  1.77  0 148 26 7787  2 97330 11333 2.0 35 17 1 2 35% 22182 4008 33%
c p  1.77  0 148 26 7787  2 97330 11328 2.0 35 17 1 2 35% 22171 4006 33%
c =  1.79  0 148 26 7787  2 97330 11326 2.0 35 17 1 2 35% 22166 3999 33%
c e  1.90  0 148 26 7791  2 104924 18379 2.0 36 18 1 2 35% 22161 3994 33%
c s  1.90  0 148 26 7791  2 104924 18378 2.0 36 18 1 2 35% 22159 3994 33%
c B  1.90  0 148 26 7791  2 105033 18475 2.0 36 18 1 2 35% 22159 3994 33%
c -  1.91  0 148 27 7791  2 105133 11733 2.0 35 18 1 2 35% 22159 3994 33%
c p  1.91  0 148 27 7791  2 105133 11768 2.0 35 18 1 2 35% 22159 3994 33%
c u  1.92  0 148 27 7791  2 105133 11529 2.0 35 18 1 2 35% 22159 3994 33%
c v  1.92  0 148 27 7791  2 105133 11387 2.0 35 18 1 2 35% 22159 3994 33%
c w  1.92  0 148 27 7791  2 105133 11387 2.0 35 18 1 2 35% 22159 3994 33%
c 
c  seconds   reductions   conflicts         size   tier2      variables
c         MB      restarts       redundant     glue   trail        remaining
c           level       rate          size/glue  tier1  irredundant
c 
c x  1.92  0 148 27 7791  2 105133 11387 2.0 35 18 1 2 35% 22140 3994 33%
c f  1.93  0 148 27 7791  2 105133 11387 2.0 35 18 1 2 35% 22136 3996 33%
c -  2.02  0 136 28 7792  2 113239 11118 2.0 35 18 1 2 31% 22136 3996 33%
c p  2.02  0 136 28 7792  2 113239 11128 2.0 35 18 1 2 31% 22136 3996 33%
c W  2.15  0 140 28 7793  2 120036 17460 2.0 36 18 1 2 33% 22136 3996 33%
c -  2.17  0 140 29 7793  2 121651 11238 2.0 36 18 1 2 33% 22136 3996 33%
c p  2.17  0 140 29 7793  2 121651 11299 2.0 36 18 1 2 33% 22136 3996 33%
c ]  2.19  0 141 29 7793  2 121983 11612 2.0 36 18 1 2 33% 22136 3996 33%
c {  2.19  0 79 29 7793 15 121983 11612 1.7 10 6 1 2 16% 22136 3996 33%
c -  2.33  0 77 30 9051 15 130372 12868 1.7 10 6 1 2 16% 22136 3996 33%
c p  2.33  0 77 30 9051 15 130372 13011 1.7 10 6 1 2 16% 22136 3996 33%
c u  2.34  0 77 30 9051 15 130372 12286 1.7 10 6 1 2 16% 22083 3996 33%
c v  2.34  0 77 30 9051 15 130372 12088 1.7 10 6 1 2 16% 22083 3996 33%
c w  2.34  0 77 30 9051 15 130372 12088 1.7 10 6 1 2 16% 22083 3996 33%
c f  2.35  0 77 30 9051 15 130372 12085 1.7 10 6 1 2 16% 22084 3998 33%
c B  2.44  0 76 30 9991 15 136038 17143 1.7 10 6 1 2 17% 22084 3998 33%
c }  2.48  0 76 30 10392 15 138629 19490 1.7 10 6 1 2 17% 22084 3998 33%
c [  2.48  0 141 30 10392  2 138629 19490 2.0 36 18 1 2 33% 22084 3998 33%
c -  2.50  0 140 31 10392  2 139398 13636 2.0 36 18 1 2 33% 22084 3998 33%
c p  2.50  0 140 31 10392  2 139398 13737 2.0 36 18 1 2 33% 22084 3998 33%
c 
c  seconds   reductions    conflicts         size   tier2      variables
c         MB       restarts       redundant     glue   trail        remaining
c           level        rate          size/glue  tier1  irredundant
c 
c f  2.50  0 140 31 10392  2 139398 13734 2.0 36 18 1 2 33% 22086 3999 33%
c e  2.51  0 140 31 10392  2 139532 13859 2.0 36 18 1 2 33% 22085 3998 33%
c ^  2.51  0 140 31 10392  2 139532 13859 2.0 36 18 1 2 33% 22085 3998 33%
c -  2.65  0 139 32 10392  2 148735 14411 2.1 37 18 1 2 34% 22082 3998 33%
c p  2.65  0 139 32 10392  2 148735 14512 2.1 37 18 1 2 34% 22077 3997 33%
c u  2.67  0 139 32 10392  2 148735 14147 2.1 37 18 1 2 34% 22077 3997 33%
c v  2.67  0 139 32 10392  2 148735 13934 2.1 37 18 1 2 34% 22077 3997 33%
c w  2.67  0 139 32 10392  2 148735 13929 2.1 37 18 1 2 34% 22077 3997 33%
c O  2.74  0 139 32 10395  2 153039 17794 2.1 37 18 1 2 34% 22077 3997 33%
c -  2.82  0 137 33 10399  2 158376 14244 2.1 37 18 1 2 34% 22077 3997 33%
c p  2.82  0 137 33 10399  2 158376 14268 2.1 37 18 1 2 34% 22073 3996 33%
c -  2.98  0 138 34 10404  2 168325 14703 2.0 38 19 1 2 33% 22073 3996 33%
c u  2.98  0 138 34 10404  2 168325 14288 2.0 38 19 1 2 33% 22073 3996 33%
c v  2.98  0 138 34 10404  2 168325 14277 2.0 38 19 1 2 33% 22073 3996 33%
c w  2.98  0 138 34 10404  2 168325 14275 2.0 38 19 1 2 33% 22073 3996 33%
c ]  2.99  0 138 34 10405  2 168496 14434 2.0 39 19 1 2 33% 22073 3996 33%
c {  2.99  0 76 34 10405 15 168496 14434 1.7 10 6 1 2 17% 22073 3996 33%
c W  3.04  0 77 34 10660 15 171040 16703 1.7 10 6 1 2 17% 22073 3996 33%
c -  3.18  0 76 35 12030 15 178581 15647 1.7 10 6 1 2 17% 22073 3996 33%
c p  3.18  0 76 35 12030 15 178581 15804 1.7 10 6 1 2 17% 22073 3996 33%
c 
c  seconds  reductions    conflicts         size  tier2      variables
c         MB      restarts       redundant     glue  trail        remaining
c          level        rate          size/glue tier1  irredundant
c 
c u  3.19  0 76 35 12030 15 178581 15604 1.7 10 6 1 2 17% 22073 3996 33%
c v  3.19  0 76 35 12030 15 178581 15547 1.7 10 6 1 2 17% 22073 3996 33%
c x  3.20  0 76 35 12030 15 178581 15540 1.7 10 6 1 2 17% 21913 3996 33%
c t  3.21  0 76 35 12094 15 178984 15907 1.7 10 6 1 2 17% 21913 3996 33%
c e  3.22  0 76 35 12094 15 178984 13702 1.7 10 6 1 2 17% 22077 3760 31%
c ^  3.22  0 76 35 12094 15 178984 13702 1.7 10 6 1 2 17% 22077 3760 31%
c }  3.37  0 75 35 13504 15 188516 22248 1.7 11 6 1 2 17% 22077 3760 31%
c [  3.37  0 138 35 13504  2 188516 22248 2.0 39 19 1 2 33% 22077 3760 31%
c -  3.38  0 138 36 13504  2 189146 15244 2.0 38 19 1 2 33% 22077 3760 31%
c p  3.38  0 138 36 13504  2 189146 15321 2.0 38 19 1 2 33% 22077 3760 31%
c =  3.40  0 138 36 13504  2 189146 15319 2.0 38 19 1 2 33% 22077 3741 30%
c u  3.41  0 138 36 13504  2 189146 15098 2.0 38 19 1 2 33% 21944 3741 30%
c v  3.41  0 138 36 13504  2 189146 14892 2.0 38 19 1 2 33% 21944 3741 30%
c w  3.41  0 138 36 13504  2 189146 14892 2.0 38 19 1 2 33% 21944 3741 30%
c t  3.41  0 138 36 13504  2 189146 14892 2.0 38 19 1 2 33% 21942 3741 30%
c 2  3.41  0 138 36 13504  2 189146 14891 2.0 38 19 1 2 33% 21938 3741 30%
c B  3.43  0 138 36 13504  2 190042 15733 2.0 38 19 1 2 33% 21938 3741 30%
c -  3.65  0 140 37 13506  2 200018 15989 2.2 42 19 1 2 36% 21938 3741 30%
c p  3.66  0 140 37 13506  2 200018 16054 2.2 42 19 1 2 36% 21928 3739 30%
c W  3.89  0 144 37 13512  2 210044 25438 2.2 45 20 1 2 38% 21928 3739 30%
c 
c  seconds   reductions    conflicts         size   tier2      variables
c         MB       restarts       redundant     glue   trail        remaining
c           level        rate          size/glue  tier1  irredundant
c 
c -  3.92  0 145 38 13512  2 211201 15662 2.2 45 21 1 2 38% 21928 3739 30%
c p  3.92  0 145 38 13512  2 211201 15709 2.2 45 21 1 2 38% 21928 3739 30%
c =  3.94  0 145 38 13512  2 211201 15692 2.2 45 21 1 2 38% 21678 3697 30%
c u  3.95  0 145 38 13512  2 211201 15305 2.2 45 21 1 2 38% 21660 3697 30%
c v  3.95  0 145 38 13512  2 211201 15295 2.2 45 21 1 2 38% 21660 3697 30%
c w  3.95  0 145 38 13512  2 211201 15293 2.2 45 21 1 2 38% 21660 3697 30%
c x  3.95  0 145 38 13512  2 211201 15289 2.2 45 21 1 2 38% 21505 3697 30%
c 2  3.95  0 145 38 13512  2 211201 15289 2.2 45 21 1 2 38% 21504 3697 30%
c f  3.95  0 145 38 13512  2 211201 15289 2.2 45 21 1 2 38% 21498 3697 30%
c ]  4.03  0 143 38 13515  2 217411 20934 2.2 45 21 1 2 37% 21498 3697 30%
c {  4.03  0 75 38 13515 15 217411 20934 1.7 11 6 1 2 17% 21498 3697 30%
c -  4.10  0 74 39 14091 14 222690 16538 1.7 11 6 1 2 16% 21498 3697 30%
c p  4.11  0 74 39 14091 14 222690 16612 1.7 11 6 1 2 16% 21498 3697 30%
c e  4.17  0 74 39 14486 14 224952 16691 1.7 11 6 1 2 16% 20183 3352 27%
c s  4.17  0 74 39 14486 14 224952 16625 1.7 11 6 1 2 16% 20140 3352 27%
c e  4.17  0 74 39 14486 14 224952 16574 1.7 11 6 1 2 16% 20131 3347 27%
c #  4.27  0 73 39 15304 14 231045 22023 1.7 11 6 1 2 16% 20131 3347 27%
c -  4.35  0 73 40 15936 14 234489 16818 1.7 11 7 1 2 17% 20131 3347 27%
c 2  4.35  0 73 40 15936 14 234489 16813 1.7 11 7 1 2 17% 20131 3347 27%
c p  4.35  0 73 40 15936 14 234489 16884 1.7 11 7 1 2 17% 20131 3347 27%
c 
c  seconds  reductions    conflicts         size  tier2      variables
c         MB      restarts       redundant     glue  trail        remaining
c          level        rate          size/glue tier1  irredundant
c 
c u  4.36  0 73 40 15936 14 234489 16362 1.7 11 7 1 2 17% 20034 3347 27%
c v  4.36  0 73 40 15936 14 234489 16099 1.7 11 7 1 2 17% 20034 3347 27%
c t  4.36  0 73 40 15936 14 234489 16098 1.7 11 7 1 2 17% 20034 3347 27%
c f  4.36  0 73 40 15936 14 234489 16089 1.7 11 7 1 2 16% 19978 3365 27%
c }  4.50  0 72 40 17298 14 242368 23244 1.7 11 7 1 2 17% 19978 3365 27%
c [  4.50  0 143 40 17298  2 242368 23244 2.2 45 21 1 2 45% 19978 3365 27%
c -  4.57  0 144 41 17301  2 246595 17711 2.2 45 21 1 2 45% 19978 3365 27%
c p  4.58  0 144 41 17301  2 246595 17783 2.2 45 21 1 2 45% 19978 3365 27%
c u  4.60  0 144 41 17301  2 246595 17386 2.2 45 21 1 2 45% 19978 3365 27%
c v  4.61  0 144 41 17301  2 246595 17200 2.2 45 21 1 2 45% 19978 3365 27%
c w  4.61  0 144 41 17301  2 246595 17199 2.2 45 21 1 2 45% 19978 3365 27%
c I  4.74  0 145 41 17303  2 253046 23189 2.2 46 21 1 2 46% 19978 3365 27%
c -  4.85  0 143 42 17304  2 259012 18218 2.2 46 21 1 2 46% 19977 3365 27%
c p  4.85  0 143 42 17304  2 259012 18224 2.2 46 21 1 2 46% 19977 3365 27%
c t  4.85  0 143 42 17304  2 259012 18223 2.2 46 21 1 2 46% 19977 3365 27%
c -  5.03  0 138 43 17305  1 271735 18156 2.2 45 20 1 2 42% 19977 3365 27%
c p  5.03  0 138 43 17305  1 271735 18221 2.2 45 20 1 2 42% 19977 3365 27%
c u  5.03  0 138 43 17305  1 271735 18025 2.2 45 20 1 2 42% 19977 3365 27%
c v  5.03  0 138 43 17305  1 271735 17949 2.2 45 20 1 2 42% 19977 3365 27%
c w  5.03  0 138 43 17305  1 271735 17949 2.2 45 20 1 2 42% 19977 3365 27%
c 
c  seconds   reductions    conflicts         size   tier2      variables
c         MB       restarts       redundant     glue   trail        remaining
c           level        rate          size/glue  tier1  irredundant
c 
c x  5.04  0 138 43 17305  1 271735 17949 2.2 45 20 1 2 42% 19935 3365 27%
c B  5.08  0 135 43 17305  1 276050 21840 2.2 43 20 1 2 41% 19935 3365 27%
c e  5.11  0 135 43 17305  1 276723 22429 2.2 44 20 1 2 41% 19942 3361 27%
c s  5.11  0 135 43 17305  1 276723 22428 2.2 44 20 1 2 41% 19940 3361 27%
c ]  5.27  0 138 43 17306  1 284070 29239 2.2 46 21 1 2 42% 19940 3361 27%
c {  5.27  0 72 43 17306 14 284070 29239 1.7 11 7 1 2 17% 19940 3361 27%
c -  5.28  0 72 44 17367 14 284768 18187 1.7 11 7 1 2 17% 19940 3361 27%
c p  5.28  0 72 44 17367 14 284768 18193 1.7 11 7 1 2 17% 19940 3361 27%
c -  5.58  0 72 45 19516 14 298108 20067 1.7 12 7 1 2 17% 19940 3361 27%
c p  5.58  0 72 45 19516 14 298108 20132 1.7 12 7 1 2 17% 19940 3361 27%
c u  5.59  0 72 45 19516 14 298108 19382 1.7 12 7 1 2 17% 19940 3361 27%
c v  5.59  0 72 45 19516 14 298108 19158 1.7 12 7 1 2 17% 19940 3361 27%
c B  5.63  0 72 45 19805 14 300052 20932 1.7 12 7 1 2 17% 19940 3361 27%
c }  5.81  0 71 45 21295 14 309232 29267 1.7 12 7 1 2 17% 19940 3361 27%
c [  5.81  0 138 45 21295  1 309232 29267 2.2 46 21 1 2 42% 19940 3361 27%
c -  5.88  0 138 46 21295  1 311757 20737 2.2 46 21 1 2 42% 19940 3361 27%
c p  5.88  0 138 46 21295  1 311757 20798 2.2 46 21 1 2 42% 19940 3361 27%
c u  5.88  0 138 46 21295  1 311757 20489 2.2 46 21 1 2 42% 19940 3361 27%
c v  5.89  0 138 46 21295  1 311757 20249 2.2 46 21 1 2 42% 19940 3361 27%
c w  5.89  0 138 46 21295  1 311757 20249 2.2 46 21 1 2 42% 19940 3361 27%
c 
c  seconds   reductions    conflicts         size   tier2      variables
c         MB       restarts       redundant     glue   trail        remaining
c           level        rate          size/glue  tier1  irredundant
c 
c W  6.03  0 127 46 21295  1 325058 30732 2.2 42 19 1 2 37% 19940 3361 27%
c -  6.04  0 128 47 21295  1 325716 20705 2.2 41 19 1 2 37% 19940 3361 27%
c ^  6.13  0 128 47 21295  1 333235 27460 2.2 40 18 1 2 37% 19940 3361 27%
c -  6.18  0 126 48 21297  1 339983 20152 2.2 38 18 1 2 35% 19940 3361 27%
c p  6.18  0 126 48 21297  1 339983 20186 2.2 38 18 1 2 35% 19940 3361 27%
c O  6.28  0 123 48 21302  1 351060 29399 2.1 36 17 1 2 33% 19940 3361 27%
c -  6.30  0 121 49 21305  1 354561 20681 2.1 35 17 1 2 32% 19940 3361 27%
c u  6.31  0 121 49 21305  1 354561 20368 2.1 35 17 1 2 32% 19940 3361 27%
c v  6.31  0 121 49 21305  1 354561 20364 2.1 35 17 1 2 32% 19940 3361 27%
c w  6.31  0 121 49 21305  1 354561 20363 2.1 35 17 1 2 32% 19940 3361 27%
c -  6.42  0 118 50 21310  1 369448 20887 2.1 33 16 1 2 30% 19940 3361 27%
c B  6.52  0 120 50 21313  1 378062 28639 2.1 33 16 1 2 30% 19940 3361 27%
c -  6.57  0 119 51 21317  1 384643 21791 2.1 32 15 1 2 30% 19940 3361 27%
c p  6.57  0 119 51 21317  1 384643 21799 2.1 32 15 1 2 30% 19940 3361 27%
c s  6.66  0 117 51 21323  1 394885 30521 2.0 31 15 1 2 29% 19913 3361 27%
c t  6.66  0 117 51 21323  1 394885 30521 2.0 31 15 1 2 29% 19909 3361 27%
c e  6.67  0 117 51 21323  1 394885 19670 2.0 31 15 1 2 29% 20855 3058 25%
c s  6.68  0 117 51 21323  1 394885 19326 2.0 31 15 1 2 29% 20765 3058 25%
c e  6.68  0 117 51 21323  1 394885 18717 2.0 31 15 1 2 29% 20800 3019 25%
c -  6.75  0 120 52 21325  1 400149 16546 2.0 31 15 1 2 38% 20800 3019 25%
c 
c  seconds   reductions    conflicts         size   tier2      variables
c         MB       restarts       redundant     glue   trail        remaining
c           level        rate          size/glue  tier1  irredundant
c 
c 2  6.75  0 120 52 21325  1 400149 16539 2.0 31 15 1 2 38% 20799 3019 25%
c u  6.75  0 120 52 21325  1 400149 16325 2.0 31 15 1 2 38% 20799 3019 25%
c v  6.75  0 120 52 21325  1 400149 16319 2.0 31 15 1 2 38% 20799 3019 25%
c w  6.75  0 120 52 21325  1 400149 16317 2.0 31 15 1 2 38% 20799 3019 25%
c x  6.76  0 120 52 21325  1 400149 16317 2.0 31 15 1 2 38% 20794 3019 25%
c t  6.76  0 120 52 21325  1 400149 16317 2.0 31 15 1 2 38% 20791 3019 25%
c f  6.76  0 120 52 21325  1 400149 16317 2.0 31 15 1 2 38% 20781 3021 25%
c ]  6.79  0 120 52 21325  1 403585 19335 2.0 30 15 1 2 31% 20781 3021 25%
c {  6.79  0 71 52 21325 14 403585 19335 1.7 12 7 1 2 19% 20781 3021 25%
c W  6.83  0 71 52 21553 14 406063 21597 1.7 12 7 1 2 19% 20781 3021 25%
c -  6.98  0 71 53 22630 14 415963 19952 1.7 12 7 1 2 19% 20781 3021 25%
c p  6.98  0 71 53 22630 14 415963 20032 1.7 12 7 1 2 19% 20781 3021 25%
c u  7.00  0 71 53 22630 14 415963 19729 1.7 12 7 1 2 19% 20781 3021 25%
c v  7.01  0 71 53 22630 14 415963 19595 1.7 12 7 1 2 19% 20781 3021 25%
c w  7.01  0 71 53 22630 14 415963 19595 1.7 12 7 1 2 19% 20781 3021 25%
c f  7.01  0 71 53 22630 14 415963 19589 1.7 12 7 1 2 19% 20713 3035 25%
c -  7.31  0 71 54 24831 13 432089 21862 1.7 12 7 1 2 19% 20713 3035 25%
c p  7.31  0 71 54 24831 13 432089 21922 1.7 12 7 1 2 19% 20713 3035 25%
c u  7.32  0 71 54 24831 13 432089 21603 1.7 12 7 1 2 19% 20713 3035 25%
c v  7.32  0 71 54 24831 13 432089 21376 1.7 12 7 1 2 19% 20713 3035 25%
c 
c  seconds  reductions    conflicts         size  tier2      variables
c         MB      restarts       redundant     glue  trail        remaining
c          level        rate          size/glue tier1  irredundant
c 
c F  7.37  0 71 54 25264 13 435064 24076 1.7 12 7 1 2 19% 20713 3035 25%
c }  7.45  0 71 54 25889 13 440277 28764 1.7 12 7 1 2 18% 20713 3035 25%
c [  7.45  0 120 54 25889  1 440277 28764 2.0 30 15 1 2 31% 20713 3035 25%
c -  7.56  0 121 55 25890  1 448522 23137 2.1 31 15 1 2 37% 20713 3035 25%
c p  7.56  0 121 55 25890  1 448522 23180 2.1 31 15 1 2 37% 20713 3035 25%
c f  7.56  0 121 55 25890  1 448522 23179 2.1 31 15 1 2 37% 20709 3036 25%
c W  7.93  0 123 55 25893  1 465067 38766 2.2 35 16 1 2 43% 20709 3036 25%
c -  7.94  0 123 56 25893  1 465265 24128 2.2 36 16 1 2 43% 20709 3036 25%
c p  7.94  0 123 56 25893  1 465265 24158 2.2 36 16 1 2 43% 20709 3036 25%
c u  7.95  0 123 56 25893  1 465265 23463 2.2 36 16 1 2 43% 20709 3036 25%
c v  7.95  0 123 56 25893  1 465265 23150 2.2 36 16 1 2 43% 20709 3036 25%
c w  7.95  0 123 56 25893  1 465265 23149 2.2 36 16 1 2 43% 20709 3036 25%
c ^  8.00  0 123 56 25895  1 467281 25027 2.2 36 16 1 2 44% 20709 3036 25%
c -  8.33  0 126 57 25903  1 482318 23460 2.2 40 18 1 2 46% 20709 3036 25%
c p  8.34  0 126 57 25903  1 482318 23485 2.2 40 18 1 2 46% 20709 3036 25%
c u  8.34  0 126 57 25903  1 482318 23330 2.2 40 18 1 2 46% 20709 3036 25%
c v  8.34  0 126 57 25903  1 482318 23151 2.2 40 18 1 2 46% 20709 3036 25%
c w  8.34  0 126 57 25903  1 482318 23150 2.2 40 18 1 2 46% 20709 3036 25%
c I  8.47  0 126 57 25906  1 496070 35371 2.2 38 17 1 2 42% 20709 3036 25%
c -  8.51  0 125 58 25908  1 499681 23795 2.2 38 17 1 2 41% 20709 3036 25%
c 
c  seconds   reductions    conflicts         size   tier2      variables
c         MB       restarts       redundant     glue   trail        remaining
c           level        rate          size/glue  tier1  irredundant
c 
c ]  8.54  0 125 58 25911  1 503966 27574 2.2 37 17 1 2 39% 20709 3036 25%
c {  8.54  0 71 58 25911 13 503966 27574 1.7 12 7 1 2 18% 20709 3036 25%
c -  8.80  0 70 59 28006 13 517354 26115 1.7 13 7 1 2 18% 20709 3036 25%
c p  8.81  0 70 59 28006 13 517354 26138 1.7 13 7 1 2 18% 20709 3036 25%
c u  8.83  0 70 59 28006 13 517354 25879 1.7 13 7 1 2 18% 20709 3036 25%
c v  8.83  0 70 59 28006 13 517354 25654 1.7 13 7 1 2 18% 20709 3036 25%
c w  8.83  0 70 59 28006 13 517354 25654 1.7 13 7 1 2 18% 20709 3036 25%
c B  9.04  0 71 59 29516 13 528071 35381 1.7 13 7 1 2 19% 20709 3036 25%
c -  9.24  0 71 60 30749 14 535335 27550 1.7 13 7 1 2 19% 20709 3036 25%
c p  9.24  0 71 60 30749 14 535335 27572 1.7 13 7 1 2 19% 20709 3036 25%
c u  9.25  0 71 60 30749 14 535335 27180 1.7 13 7 1 2 19% 20709 3036 25%
c v  9.25  0 71 60 30749 14 535335 26811 1.7 13 7 1 2 19% 20709 3036 25%
c w  9.25  0 71 60 30749 14 535335 26811 1.7 13 7 1 2 19% 20709 3036 25%
c }  9.28  0 71 60 30907 14 536234 27637 1.7 13 7 1 2 19% 20709 3036 25%
c [  9.28  0 125 60 30907  1 536234 27637 2.2 37 17 1 2 39% 20709 3036 25%
c e  9.38  0 125 60 30911  1 544842 28823 2.2 36 16 1 2 37% 22298 2815 23%
c s  9.39  0 125 60 30911  1 544842 28658 2.2 36 16 1 2 37% 22101 2815 23%
c e  9.39  0 125 60 30911  1 544842 28502 2.2 36 16 1 2 37% 22136 2801 23%
c -  9.47  0 123 61 30916  1 553626 24505 2.2 35 16 1 2 35% 22136 2801 23%
c 2  9.47  0 123 61 30916  1 553626 24505 2.2 35 16 1 2 35% 22135 2801 23%
c 
c  seconds   reductions    conflicts         size   tier2      variables
c         MB       restarts       redundant     glue   trail        remaining
c           level        rate          size/glue  tier1  irredundant
c 
c p  9.47  0 123 61 30916  1 553626 24520 2.2 35 16 1 2 35% 22135 2801 23%
c f  9.48  0 123 61 30916  1 553626 24520 2.2 35 16 1 2 35% 22126 2802 23%
c B  9.53  0 121 61 30916  1 561072 30982 2.2 34 16 1 2 34% 22126 2802 23%
c -  9.66  0 124 62 30917  1 572227 24502 2.1 33 16 1 2 34% 22126 2802 23%
c u  9.66  0 124 62 30917  1 572227 24247 2.1 33 16 1 2 34% 22126 2802 23%
c v  9.66  0 124 62 30917  1 572227 24179 2.1 33 16 1 2 34% 22126 2802 23%
c w  9.66  0 124 62 30917  1 572227 24178 2.1 33 16 1 2 34% 22126 2802 23%
c f  9.67  0 124 62 30917  1 572227 24178 2.1 33 16 1 2 34% 22117 2803 23%
c -  9.98  0 124 63 30918  1 591139 24275 2.2 36 17 1 2 35% 22117 2803 23%
c p  9.98  0 124 63 30918  1 591139 24290 2.2 36 17 1 2 35% 22117 2803 23%
c W 10.07  0 125 63 30918  1 595075 27795 2.2 36 17 1 2 35% 22117 2803 23%
c - 10.45  0 121 64 30918  1 610360 25232 2.2 39 18 1 2 35% 22117 2803 23%
c p 10.45  0 121 64 30918  1 610360 25244 2.2 39 18 1 2 35% 22117 2803 23%
c u 10.46  0 121 64 30918  1 610360 24856 2.2 39 18 1 2 35% 22117 2803 23%
c v 10.46  0 121 64 30918  1 610360 24806 2.2 39 18 1 2 35% 22117 2803 23%
c w 10.46  0 121 64 30918  1 610360 24799 2.2 39 18 1 2 35% 22117 2803 23%
c ] 10.54  0 122 64 30919  1 616543 30595 2.2 39 18 1 2 35% 22117 2803 23%
c { 10.54  0 71 64 30919 14 616543 30595 1.7 13 7 1 2 19% 22117 2803 23%
c - 10.79  0 71 65 32453 13 629891 26841 1.7 13 7 1 2 18% 22117 2803 23%
c p 10.79  0 71 65 32453 13 629891 26853 1.7 13 7 1 2 18% 22117 2803 23%
c 
c  seconds  reductions    conflicts         size  tier2      variables
c         MB      restarts       redundant     glue  trail        remaining
c          level        rate          size/glue tier1  irredundant
c 
c u 10.80  0 71 65 32453 13 629891 26669 1.7 13 7 1 2 18% 22117 2803 23%
c v 10.81  0 71 65 32453 13 629891 26373 1.7 13 7 1 2 18% 22117 2803 23%
c W 10.83  0 71 65 32476 13 630076 26547 1.7 13 7 1 2 18% 22117 2803 23%
c e 10.90  0 71 65 32953 13 634314 30402 1.7 13 7 1 2 18% 22125 2802 23%
c s 10.90  0 71 65 32953 13 634314 30401 1.7 13 7 1 2 18% 22122 2802 23%
c - 11.22  0 71 66 34993 13 649732 28658 1.8 13 8 1 2 18% 22122 2802 23%
c p 11.22  0 71 66 34993 13 649732 28669 1.8 13 8 1 2 18% 22122 2802 23%
c u 11.26  0 71 66 34993 13 649732 28387 1.8 13 8 1 2 18% 22122 2802 23%
c v 11.27  0 71 66 34993 13 649732 28046 1.8 13 8 1 2 18% 22122 2802 23%
c } 11.44  0 70 66 36289 13 659059 36525 1.7 13 8 1 2 18% 22122 2802 23%
c [ 11.44  0 122 66 36289  1 659059 36525 2.2 39 18 1 2 35% 22122 2802 23%
c O 11.59  0 121 66 36289  1 666077 43103 2.2 40 18 1 2 37% 22122 2802 23%
c - 11.65  0 121 67 36289  1 669884 29890 2.2 40 18 1 2 36% 22122 2802 23%
c p 11.65  0 121 67 36289  1 669884 29901 2.2 40 18 1 2 36% 22122 2802 23%
c u 11.66  0 121 67 36289  1 669884 29803 2.2 40 18 1 2 36% 22122 2802 23%
c v 11.66  0 121 67 36289  1 669884 29705 2.2 40 18 1 2 36% 22122 2802 23%
c w 11.66  0 121 67 36289  1 669884 29702 2.2 40 18 1 2 36% 22122 2802 23%
c x 11.66  0 121 67 36289  1 669884 29702 2.2 40 18 1 2 36% 22115 2802 23%
c - 12.02  0 123 68 36289  1 690345 29760 2.3 44 19 1 2 35% 22115 2802 23%
c p 12.02  0 123 68 36289  1 690345 29767 2.3 44 19 1 2 35% 22115 2802 23%
c 
c  seconds   reductions    conflicts         size   tier2      variables
c         MB       restarts       redundant     glue   trail        remaining
c           level        rate          size/glue  tier1  irredundant
c 
c B 12.19  0 123 68 36289  1 703078 41206 2.3 43 19 1 2 35% 22115 2802 23%
c - 12.39  0 126 69 36289  1 711117 29313 2.3 44 20 1 2 36% 22115 2802 23%
c p 12.39  0 126 69 36289  1 711117 29318 2.3 44 20 1 2 36% 22115 2802 23%
c u 12.40  0 126 69 36289  1 711117 29113 2.3 44 20 1 2 36% 22110 2802 23%
c v 12.40  0 126 69 36289  1 711117 29110 2.3 44 20 1 2 36% 22110 2802 23%
c w 12.40  0 126 69 36289  1 711117 29110 2.3 44 20 1 2 36% 22110 2802 23%
c e 12.65  0 126 69 36293  1 729705 45575 2.2 43 20 1 2 34% 22126 2800 23%
c s 12.65  0 126 69 36293  1 729705 45572 2.2 43 20 1 2 34% 22115 2800 23%
c - 12.71  0 127 70 36295  1 732200 29552 2.2 43 20 1 2 34% 22115 2800 23%
c p 12.72  0 127 70 36295  1 732200 29556 2.2 43 20 1 2 34% 22115 2800 23%
c W 12.89  0 128 70 36299  1 741080 37952 2.2 43 20 1 2 34% 22115 2800 23%
c ] 12.91  0 128 70 36299  1 741685 38526 2.2 43 20 1 2 34% 22115 2800 23%
c { 12.91  0 70 70 36299 13 741685 38526 1.7 13 8 1 2 18% 22115 2800 23%
c - 13.08  0 69 71 37151 12 753594 31760 1.8 13 8 1 2 17% 22115 2800 23%
c p 13.08  0 69 71 37151 12 753594 31764 1.8 13 8 1 2 17% 22115 2800 23%
c u 13.09  0 69 71 37151 12 753594 31607 1.8 13 8 1 2 17% 22115 2800 23%
c v 13.10  0 69 71 37151 12 753594 31305 1.8 13 8 1 2 17% 22115 2800 23%
c - 13.55  0 68 72 40050 12 775297 33908 1.8 14 8 1 2 17% 22115 2800 23%
c p 13.56  0 68 72 40050 12 775297 33912 1.8 14 8 1 2 17% 22115 2800 23%
c u 13.57  0 68 72 40050 12 775297 33732 1.8 14 8 1 2 17% 22115 2800 23%
c 
c  seconds  reductions    conflicts         size  tier2      variables
c         MB      restarts       redundant     glue  trail        remaining
c          level        rate          size/glue tier1  irredundant
c 
c v 13.57  0 68 72 40050 12 775297 33386 1.8 14 8 1 2 17% 22115 2800 23%
c w 13.57  0 68 72 40050 12 775297 33386 1.8 14 8 1 2 17% 22115 2800 23%
c # 13.66  0 68 72 40660 12 780084 37783 1.8 14 8 1 2 17% 22115 2800 23%
c } 13.85  0 68 72 41943 12 788189 45228 1.8 14 8 1 2 17% 22115 2800 23%
c [ 13.85  0 128 72 41943  1 788189 45228 2.2 43 20 1 2 34% 22115 2800 23%
c - 14.01  0 130 73 41948  1 797310 34950 2.2 44 20 1 2 34% 22115 2800 23%
c p 14.01  0 130 73 41948  1 797310 34954 2.2 44 20 1 2 34% 22115 2800 23%
c u 14.02  0 130 73 41948  1 797310 34788 2.2 44 20 1 2 34% 22115 2800 23%
c v 14.02  0 130 73 41948  1 797310 34549 2.2 44 20 1 2 34% 22115 2800 23%
c w 14.02  0 130 73 41948  1 797310 34549 2.2 44 20 1 2 34% 22115 2800 23%
c - 14.47  0 132 74 41957  1 819634 35516 2.2 45 21 1 2 36% 22115 2800 23%
c p 14.47  0 132 74 41957  1 819634 35520 2.2 45 21 1 2 36% 22115 2800 23%
c u 14.50  0 132 74 41957  1 819634 35479 2.2 45 21 1 2 36% 22115 2800 23%
c v 14.50  0 132 74 41957  1 819634 35342 2.2 45 21 1 2 36% 22115 2800 23%
c w 14.50  0 132 74 41957  1 819634 35342 2.2 45 21 1 2 36% 22115 2800 23%
c I 14.52  0 132 74 41958  1 820085 35781 2.2 45 21 1 2 36% 22115 2800 23%
c ^ 14.72  0 134 74 41963  1 831077 46209 2.2 45 21 1 2 37% 22115 2800 23%
c - 14.90  0 133 75 41964  1 842267 34838 2.2 45 21 1 2 36% 22115 2800 23%
c p 14.90  0 133 75 41964  1 842267 34842 2.2 45 21 1 2 36% 22115 2800 23%
c B 15.21  0 136 75 41968  1 861086 52412 2.2 46 21 1 2 38% 22115 2800 23%
c 
c  seconds   reductions    conflicts         size   tier2      variables
c         MB       restarts       redundant     glue   trail        remaining
c           level        rate          size/glue  tier1  irredundant
c 
c - 15.26  0 134 76 41971  1 865211 35073 2.2 45 21 1 2 37% 22115 2800 23%
c p 15.26  0 134 76 41971  1 865211 35076 2.2 45 21 1 2 37% 22115 2800 23%
c u 15.27  0 134 76 41971  1 865211 34915 2.2 45 21 1 2 37% 22115 2800 23%
c v 15.27  0 134 76 41971  1 865211 34907 2.2 45 21 1 2 37% 22115 2800 23%
c w 15.27  0 134 76 41971  1 865211 34907 2.2 45 21 1 2 37% 22115 2800 23%
c ] 15.47  0 137 76 41978  1 880101 48267 2.2 44 20 1 2 37% 22115 2800 23%
c { 15.47  0 68 76 41978 12 880101 48267 1.8 14 8 1 2 17% 22115 2800 23%
c - 15.64  0 68 77 42976 12 888468 36427 1.8 14 8 1 2 17% 22115 2800 23%
c p 15.64  0 68 77 42976 12 888468 36431 1.8 14 8 1 2 17% 22115 2800 23%
c u 15.64  0 68 77 42976 12 888468 36412 1.8 14 8 1 2 17% 22115 2800 23%
c v 15.65  0 68 77 42976 12 888468 36280 1.8 14 8 1 2 17% 22115 2800 23%
c x 15.65  0 68 77 42976 12 888468 36277 1.8 14 8 1 2 17% 22100 2800 23%
c B 15.94  0 68 77 44729 12 903087 49609 1.8 14 8 1 2 17% 22100 2800 23%
c - 16.21  0 69 78 46219 12 912033 38421 1.8 14 8 1 2 17% 22100 2800 23%
c p 16.21  0 69 78 46219 12 912033 38425 1.8 14 8 1 2 17% 22100 2800 23%
c u 16.23  0 69 78 46219 12 912033 38276 1.8 14 8 1 2 17% 22098 2800 23%
c v 16.23  0 69 78 46219 12 912033 37822 1.8 14 8 1 2 17% 22098 2800 23%
c w 16.23  0 69 78 46219 12 912033 37822 1.8 14 8 1 2 17% 22098 2800 23%
c } 16.55  0 69 78 48059 12 927134 51685 1.8 14 8 1 2 17% 22098 2800 23%
c [ 16.55  0 137 78 48059  1 927134 51685 2.2 44 20 1 2 37% 22098 2800 23%
c 
c  seconds   reductions    conflicts         size   tier2      variables
c         MB       restarts       redundant     glue   trail        remaining
c           level        rate          size/glue  tier1  irredundant
c 
c - 16.79  0 136 79 48060  1 935908 39489 2.2 45 20 1 2 38% 22098 2800 23%
c p 16.79  0 136 79 48060  1 935908 39493 2.2 45 20 1 2 38% 22098 2800 23%
c u 16.80  0 136 79 48060  1 935908 39376 2.2 45 20 1 2 38% 22098 2800 23%
c v 16.81  0 136 79 48060  1 935908 39085 2.2 45 20 1 2 38% 22098 2800 23%
c w 16.81  0 136 79 48060  1 935908 39083 2.2 45 20 1 2 38% 22098 2800 23%
c e 16.90  0 136 79 48062  1 938412 21723 2.2 46 21 1 2 39% 26989 2410 20%
c W 17.17  0 137 79 48067  1 946088 29009 2.2 46 21 1 2 45% 26989 2410 20%
c - 17.44  0 137 80 48074  1 960093 24297 2.1 47 22 1 2 44% 26988 2410 20%
c p 17.44  0 137 80 48074  1 960093 24308 2.1 47 22 1 2 44% 26988 2410 20%
c u 17.44  0 137 80 48074  1 960093 24110 2.1 47 22 1 2 44% 26985 2410 20%
c v 17.45  0 137 80 48074  1 960093 24011 2.1 47 22 1 2 44% 26985 2410 20%
c w 17.45  0 137 80 48074  1 960093 24006 2.1 47 22 1 2 44% 26985 2410 20%
c f 17.46  0 137 80 48074  1 960093 24006 2.1 47 22 1 2 44% 26966 2411 20%
c - 18.02  0 137 81 48076  1 984589 25420 2.1 50 24 1 2 47% 26964 2411 20%
c p 18.02  0 137 81 48076  1 984589 25429 2.1 50 24 1 2 47% 26964 2411 20%
c u 18.03  0 137 81 48076  1 984589 24738 2.1 50 24 1 2 47% 26964 2411 20%
c v 18.04  0 137 81 48076  1 984589 24527 2.1 50 24 1 2 47% 26964 2411 20%
c w 18.04  0 137 81 48076  1 984589 24527 2.1 50 24 1 2 47% 26964 2411 20%
c O 18.16  0 138 81 48077  1 990091 29662 2.1 51 24 1 2 47% 26964 2411 20%
c ] 18.32  0 134 81 48077  1 1000001 38960 2.1 52 24 1 2 46% 26964 2411 20%
c 
c  seconds   reductions     conflicts         size   tier2      variables
c         MB       restarts        redundant     glue   trail        remaining
c           level        rate           size/glue  tier1  irredundant
c 
c ? 18.32  0 134 81 48077  1 1000001 38960 2.1 52 24 1 2 46% 26964 2411 20%
c 
c --- [ result ] -------------------------------------------------------------
c 
c UNKNOWN
c 
c --- [ run-time profiling ] -------------------------------------------------
c 
c process time taken by individual solving procedures
c (percentage relative to process time for solving)
c 
c        16.82   91.84% search
c        10.24   55.90% stable
c         6.16   33.65% unstable
c         1.49    8.15% simplify
c         0.42    2.28% walk
c         0.38    2.06% vivify
c         0.30    1.66% sweep
c         0.24    1.34% factor
c         0.16    0.86% congruence
c         0.14    0.74% elim
c         0.07    0.37% subsume
c         0.05    0.26% preprocess
c         0.04    0.20% probe
c         0.03    0.17% ternary
c         0.02    0.08% backbone
c         0.01    0.06% fastelim
c         0.01    0.04% parse
c         0.00    0.01% lucky
c   =================================
c        18.32   99.96% solve
c 
c last line shows process time for solving
c (percentage relative to total process time)
c 
c --- [ statistics ] ---------------------------------------------------------
c 
c chronological:            272248        27.22 %  of conflicts
c conflicts:               1000001     54595.26    per second
c backbone:                1116841      8619.60 %  of vars
c decisions:               5190071    283352.97    per second
c eliminated:                 7488        57.79 %  of all variables
c factored:                    673        27.90 %  of variables
c fixed:                       953         7.36 %  of all variables
c learned:                  951890        95.19 %  per conflict
c learned_lits:           35116769       100.00 %  learned literals
c minimized:                     0         0.00 %  learned literals
c shrunken:                1243593         3.54 %  learned literals
c minishrunken:            2853074         8.12 %  learned literals
c otfs:                      33219         3.32 %  of conflict
c propagations:           90009759         4.91 M  per second
c reduced:                  803648        80.36 %  per conflict
c rephased:                     44     22727.30    interval
c restarts:                  48077        20.80    interval
c stabilizing:                  16        64.72 %  of conflicts
c substituted:                2105        16.25 %  of all variables
c sweep equivs:                541        13.37 %  of swept variables
c subsumed:                  54711         5.09 %  of all clauses
c strengthened:              44788         4.17 %  of all clauses
c ticks:                1218810599        13.86    propagation
c vivified:                   9721         0.91 %  of all clauses
c walked:                       13     76923.15    interval
c weakened:                  46570         2.96    average size
c congruence:                   24     41666.71    interval
c 
c seconds are measured in process time for solving
c 
c --- [ glue usage ] ---------------------------------------------------------
c 
c focused glue 1 used 1491321 clauses 71.91% accumulated 71.91% tier1
c focused glue 2 used 289334 clauses 13.95% accumulated 85.87% tier2
c 
c stable glue 1 used 2931231 clauses 51.94% accumulated 51.94% tier1
c stable glue 2 used 779691 clauses 13.81% accumulated 65.76% tier2
c 
c 
c --- [ resources ] ----------------------------------------------------------
c 
c total process time since initialization:        18.32    seconds
c total real time since initialization:           18.45    seconds
c maximum resident set size of process:        86272.00    MB
c 
c --- [ shutting down ] ------------------------------------------------------
c 
c exit 0
