c --- [ banner ] -------------------------------------------------------------
c 
c CaDiCaL SAT Solver
c Copyright (c) 2016-2025
c A. Biere, M. Fleury, N. Froleyks, K. Fazekas, F. Pollitt, T. Faller
c JKU Linz, University of Freiburg, TU Wien
c 
c Version 3.0.0
c Apple clang version 17.0.0 (clang-1700.6.3.2) -Wall -Wextra -O3 -DNDEBUG -DNCLOSEFROM
c Tue Dec 23 21:53:38 UTC 2025 Darwin Tahoe-arm64.local 25.2.0 arm64
c 
c --- [ limit ] --------------------------------------------------------------
c 
c setting conflict limit to 1000000 conflicts (due to '1000000')
c 
c --- [ parsing input ] ------------------------------------------------------
c 
c reading DIMACS file from '/tmp/sr59_cnfs/aux_force_sr59_n32_bit25_m09990bd2_fill80000000.cnf'
c opening file to read '/tmp/sr59_cnfs/aux_force_sr59_n32_bit25_m09990bd2_fill80000000.cnf'
c found 'p cnf 12306 51350' header
c parsed 51350 clauses in 0.01 seconds process time
c 
c --- [ options ] ------------------------------------------------------------
c 
c   --seed=5                       (different from default '0')
c 
c --- [ solving ] ------------------------------------------------------------
c 
c time measured in process time since initialization
c 
c  seconds  reduction conflicts       size tier2       variables
c         MB    restarts   redundant    glue  trail         remaining
c          level     rate       size/glu tier1  irredundant
c 
c *  0.01  0  0 0   0  0    0    0 0.0 0 0 2 6  0% 50837 11825 96%
c (  0.01  0  0 0   0  0    0    0 0.0 0 0 2 6  0% 50837 11825 96%
c .  0.01  0  0 0   0  0    0    0 0.0 0 0 2 6  0% 49813 11825 96%
c c  0.03  0  0 0   0  0    0    0 0.0 0 0 2 6  0% 47076 11356 92%
c d  0.03  0  0 0   0  0    0    0 0.0 0 0 2 6  0% 42992 10004 81%
c 2  0.03  0  0 0   0  0    0    0 0.0 0 0 2 6  0% 42838 10004 81%
c f  0.04  0  0 0   0  0    0    0 0.0 0 0 2 6  0% 42570 10272 83%
c e  0.06  0  0 0   0  0    0    0 0.0 0 0 2 6  0% 28699 5284 43%
c P  0.06  0  0 0   0  0    0    0 0.0 0 0 2 6  0% 28699 5284 43%
c )  0.06  0  0 0   0  0    0    0 0.0 0 0 2 6  0% 28699 5284 43%
c {  0.06  0  0 0   0  0    0    0 0.0 0 0 2 6  0% 28699 5284 43%
c -  0.06  0 977 1  12 47  301  235 1.5 4 3 2 6 19% 28699 5284 43%
c -  0.06  0 480 2  32 39  735  596 1.6 4 3 2 6 15% 28699 5284 43%
c }  0.07  0 400 2  72 40 1005  824 1.6 4 3 2 6 14% 28699 5284 43%
c [  0.07  0  0 2  72  0 1005  824 0.0 0 0 2 6  0% 28699 5284 43%
c O  0.07  0 1902 2  72 1903 1006  825 1.9 23 12 2 6 39% 28699 5284 43%
c -  0.07  0 1890 3  72  7 1413  889 1.9 38 20 2 6 39% 28699 5284 43%
c ]  0.08  0 1887 3  72  4 1742 1157 1.9 38 20 2 6 39% 28699 5284 43%
c {  0.08  0 400 3  72 40 1742 1157 1.6 4 3 2 6 14% 28699 5284 43%
c d  0.08  0 309 3 117 32 2215 1522 1.6 4 3 2 6 12% 28691 5269 43%
c 
c  seconds   reduction conflicts       size tier2      variables
c         MB     restarts   redundant    glue  trail        remaining
c           level     rate       size/glu tier1  irredundant
c 
c c  0.09  0 309 3 117 32 2215 1522 1.6 4 3 2 6 12% 28605 5269 43%
c d  0.09  0 309 3 117 32 2215 1491 1.6 4 3 2 6 12% 28575 5254 43%
c 2  0.09  0 309 3 117 32 2215 1491 1.6 4 3 2 6 12% 28571 5254 43%
c -  0.10  0 293 4 133 32 2352 1263 1.6 4 3 2 6 15% 28571 5254 43%
c O  0.11  0 244 4 267 31 3010 1841 1.6 5 3 2 6 18% 28571 5254 43%
c }  0.11  0 229 4 304 30 3301 2086 1.6 5 3 2 6 18% 28571 5254 43%
c [  0.11  0 1887 4 304  4 3301 2086 1.9 38 20 2 6 92% 28571 5254 43%
c -  0.11  0 1416 5 304  4 3566 2064 1.9 30 16 2 6 72% 28571 5254 43%
c s  0.12  0 901 5 305  3 4209 2625 1.8 29 16 2 6 51% 28555 5254 43%
c t  0.12  0 901 5 305  3 4209 2625 1.8 29 16 2 6 51% 28554 5254 43%
c e  0.14  0 901 5 305  3 4209 2230 1.8 29 16 2 6 51% 28448 4960 40%
c s  0.14  0 901 5 305  3 4209 2185 1.8 29 16 2 6 51% 28362 4960 40%
c c  0.16  0 750 5 305  3 4717 2616 1.9 28 15 2 6 53% 28345 4950 40%
c d  0.16  0 750 5 305  3 4717 2609 1.9 28 15 2 6 53% 28341 4948 40%
c =  0.16  0 750 5 305  3 4717 2609 1.9 28 15 2 6 53% 28280 4902 40%
c -  0.17  0 665 6 306  3 5061 2295 1.9 26 14 3 10 49% 28280 4902 40%
c ]  0.18  0 588 6 306  3 5495 2700 2.0 29 15 3 10 46% 28280 4902 40%
c {  0.18  0 229 6 306 30 5495 2700 1.6 5 3 2 6 18% 28280 4902 40%
c #  0.18  0 201 6 402 27 6011 3104 1.6 5 3 2 3 15% 28280 4902 40%
c -  0.19  0 170 7 519 24 6842 2705 1.6 5 3 2 3 13% 28280 4902 40%
c 
c  seconds   reduction conflicts       size tier2      variables
c         MB     restarts   redundant    glue  trail        remaining
c           level     rate       size/glu tier1  irredundant
c 
c d  0.19  0 159 7 603 23 7321 2855 1.6 6 3 1 2 12% 28276 4863 40%
c c  0.20  0 159 7 603 23 7321 2855 1.6 6 3 1 2 12% 28128 4863 40%
c d  0.20  0 159 7 603 23 7321 2771 1.6 6 3 1 2 12% 28076 4837 39%
c =  0.21  0 159 7 603 23 7321 2771 1.6 6 3 1 2 12% 28041 4811 39%
c f  0.21  0 159 7 603 23 7321 2771 1.6 6 3 1 2 12% 27862 4985 41%
c -  0.23  0 136 8 899 22 8911 2525 1.6 6 4 1 2 12% 27862 4985 41%
c }  0.23  0 133 8 957 21 9245 2804 1.6 6 4 1 2 12% 27862 4985 41%
c [  0.23  0 588 8 957  3 9245 2804 2.0 29 15 3 10 45% 27862 4985 41%
c I  0.24  0 506 8 957  3 10013 3382 2.0 28 14 3 10 44% 27862 4985 41%
c d  0.24  0 505 8 957  3 10019 3257 2.0 28 14 3 10 44% 27861 4964 40%
c c  0.25  0 505 8 957  3 10019 3256 2.0 28 14 3 10 44% 27790 4964 40%
c d  0.25  0 505 8 957  3 10019 3213 2.0 28 14 3 10 44% 27775 4957 40%
c 2  0.25  0 505 8 957  3 10019 3212 2.0 28 14 3 10 44% 27774 4957 40%
c =  0.26  0 505 8 957  3 10019 3212 2.0 28 14 3 10 44% 27750 4887 40%
c t  0.26  0 505 8 957  3 10019 3211 2.0 28 14 3 10 44% 27750 4887 40%
c -  0.27  0 396 9 958  3 11270 2816 2.0 24 12 3 10 29% 27750 4887 40%
c 2  0.29  0 331 9 959  3 12806 4137 2.1 25 12 3 10 33% 27748 4887 40%
c c  0.30  0 331 9 959  3 12806 4137 2.1 25 12 3 10 33% 27736 4887 40%
c =  0.31  0 331 9 959  3 12806 4137 2.1 25 12 3 10 33% 27733 4848 39%
c -  0.32  0 295 10 960  3 13924 3238 2.1 24 11 2 5 31% 27731 4848 39%
c 
c  seconds   reductions  conflicts       size   tier2      variables
c         MB      restarts    redundant     glue   trail        remaining
c           level      rate        size/glue  tier1  irredundant
c 
c e  0.33  0 288 10 960  3 14271 3055 2.2 25 11 2 5 32% 27690 4657 38%
c s  0.33  0 288 10 960  3 14271 3043 2.2 25 11 2 5 32% 27457 4657 38%
c e  0.33  0 288 10 960  3 14271 3041 2.2 25 11 2 5 32% 27444 4656 38%
c B  0.34  0 265 10 960  3 15018 3578 2.1 23 11 2 5 27% 27444 4656 38%
c ]  0.34  0 256 10 961  3 15605 4062 2.1 23 11 2 5 27% 27444 4656 38%
c {  0.34  0 133 10 961 21 15605 4062 1.6 6 4 1 2 14% 27444 4656 38%
c 2  0.34  0 132 10 975 21 15671 4099 1.6 6 4 1 2 14% 27444 4656 38%
c f  0.35  0 132 10 975 21 15671 4095 1.6 6 4 1 2 14% 27416 4687 38%
c -  0.37  0 123 11 1261 21 16874 3573 1.6 6 4 1 2 13% 27416 4687 38%
c d  0.39  0 114 11 1614 21 18611 5088 1.6 7 4 1 2 14% 27416 4684 38%
c =  0.40  0 114 11 1614 21 18611 5082 1.6 7 4 1 2 14% 27355 4637 38%
c -  0.42  0 108 12 1915 20 20123 4367 1.6 7 4 1 2 13% 27355 4637 38%
c B  0.43  0 105 12 2077 20 21019 5147 1.6 7 5 1 2 13% 27355 4637 38%
c }  0.43  0 105 12 2083 20 21039 5166 1.6 7 5 1 2 13% 27355 4637 38%
c [  0.43  0 256 12 2083  3 21039 5166 2.1 23 11 2 5 27% 27355 4637 38%
c c  0.44  0 246 12 2083  3 21621 5679 2.1 22 11 2 5 26% 27293 4632 38%
c d  0.44  0 246 12 2083  3 21621 5662 2.1 22 11 2 5 26% 27281 4626 38%
c 2  0.44  0 246 12 2083  3 21621 5662 2.1 22 11 2 5 26% 27279 4626 38%
c =  0.45  0 246 12 2083  3 21621 5662 2.1 22 11 2 5 26% 27219 4560 37%
c u  0.45  0 246 12 2083  3 21621 4995 2.1 22 11 2 5 26% 27218 4560 37%
c 
c  seconds   reductions   conflicts       size   tier2      variables
c         MB      restarts     redundant     glue   trail        remaining
c           level       rate        size/glue  tier1  irredundant
c 
c v  0.46  0 246 12 2083  3 21621 4904 2.1 22 11 2 5 26% 27218 4560 37%
c w  0.46  0 246 12 2083  3 21621 4900 2.1 22 11 2 5 26% 27218 4560 37%
c x  0.46  0 246 12 2083  3 21621 4898 2.1 22 11 2 5 26% 27192 4560 37%
c t  0.46  0 246 12 2083  3 21621 4892 2.1 22 11 2 5 26% 27192 4560 37%
c f  0.46  0 246 12 2083  3 21621 4883 2.1 22 11 2 5 26% 27164 4586 37%
c -  0.50  0 234 13 2083  3 23669 4223 2.2 26 12 2 5 29% 27164 4586 37%
c =  0.54  0 229 13 2083  2 24697 5130 2.3 31 14 2 5 30% 27144 4515 37%
c t  0.54  0 229 13 2083  2 24697 5130 2.3 31 14 2 5 30% 27143 4515 37%
c ]  0.58  0 219 13 2085  2 27283 7353 2.1 34 16 2 5 31% 27143 4515 37%
c {  0.58  0 105 13 2085 20 27283 7353 1.6 7 5 1 2 13% 27143 4515 37%
c -  0.59  0 104 14 2122 20 27515 4412 1.6 7 5 1 2 13% 27143 4515 37%
c =  0.60  0 103 14 2157 20 27835 4689 1.6 7 5 1 2 13% 27143 4453 36%
c f  0.60  0 103 14 2157 20 27835 4689 1.6 7 5 1 2 13% 27132 4462 36%
c W  0.61  0 102 14 2196 20 28020 4851 1.6 7 5 1 2 13% 27132 4462 36%
c e  0.64  0 99 14 2514 19 29627 5722 1.6 7 5 1 2 13% 26646 4381 36%
c s  0.64  0 99 14 2514 19 29627 5702 1.6 7 5 1 2 13% 26610 4381 36%
c -  0.67  0 96 15 2744 18 31661 5191 1.6 8 5 1 2 15% 26604 4381 36%
c 2  0.67  0 96 15 2744 18 31661 5178 1.6 8 5 1 2 15% 26604 4381 36%
c d  0.67  0 96 15 2744 18 31661 5157 1.6 8 5 1 2 15% 26600 4374 36%
c c  0.68  0 96 15 2744 18 31661 5156 1.6 8 5 1 2 15% 26594 4374 36%
c 
c  seconds  reductions   conflicts       size tier2      variables
c         MB     restarts     redundant    glue  trail        remaining
c          level       rate        size/glu tier1  irredundant
c 
c =  0.68  0 96 15 2744 18 31661 5150 1.6 8 5 1 2 15% 26586 4369 36%
c }  0.73  0 93 15 3466 18 35923 8928 1.6 8 5 1 2 16% 26586 4369 36%
c [  0.73  0 219 15 3466  2 35923 8928 2.1 34 16 2 5 35% 26586 4369 36%
c W  0.74  0 218 15 3466  2 36023 9027 2.1 34 16 2 5 35% 26586 4369 36%
c -  0.74  0 218 16 3466  2 36109 6400 2.1 34 16 2 5 35% 26586 4369 36%
c p  0.74  0 218 16 3466  2 36109 6385 2.1 34 16 2 5 35% 26586 4365 35%
c c  0.75  0 218 16 3466  2 36109 6385 2.1 34 16 2 5 35% 26538 4365 35%
c u  0.76  0 218 16 3466  2 36109 5266 2.1 34 16 2 5 35% 25758 4361 35%
c v  0.77  0 218 16 3466  2 36109 5186 2.1 34 16 2 5 35% 25758 4361 35%
c w  0.77  0 218 16 3466  2 36109 5186 2.1 34 16 2 5 35% 25758 4361 35%
c t  0.77  0 218 16 3466  2 36109 5185 2.1 34 16 2 5 35% 25758 4361 35%
c f  0.77  0 218 16 3466  2 36109 5180 2.1 34 16 2 5 35% 25707 4386 36%
c -  0.84  0 200 17 3470  2 40859 5958 2.1 34 16 2 3 35% 25707 4386 36%
c d  0.84  0 200 17 3470  2 40859 5945 2.1 34 16 2 3 35% 25681 4381 36%
c c  0.84  0 200 17 3470  2 40859 5945 2.1 34 16 2 3 35% 25675 4380 36%
c d  0.84  0 200 17 3470  2 40859 5944 2.1 34 16 2 3 35% 25671 4379 36%
c O  0.90  0 184 17 3471  2 45026 9806 2.1 34 16 2 3 35% 25671 4379 36%
c -  0.91  0 182 18 3471  2 45912 6361 2.2 33 16 2 3 35% 25671 4379 36%
c c  0.92  0 182 18 3471  2 45912 6338 2.2 33 16 2 3 35% 25627 4373 36%
c =  0.92  0 182 18 3471  2 45912 6318 2.2 33 16 2 3 35% 25615 4366 35%
c 
c  seconds   reductions   conflicts       size   tier2      variables
c         MB      restarts     redundant     glue   trail        remaining
c           level       rate        size/glue  tier1  irredundant
c 
c f  0.93  0 182 18 3471  2 45912 6318 2.2 33 16 2 3 35% 25595 4379 36%
c ]  0.97  0 174 18 3472  2 49575 9578 2.1 34 16 2 3 34% 25595 4379 36%
c {  0.97  0 93 18 3472 18 49575 9578 1.6 8 5 1 2 16% 25595 4379 36%
c e  0.99  0 92 18 3569 18 50446 10011 1.6 8 5 1 2 16% 22313 4005 33%
c s  0.99  0 92 18 3569 18 50446 10000 1.6 8 5 1 2 16% 22284 4005 33%
c -  1.00  0 92 19 3714 18 51269 6803 1.6 8 5 1 2 16% 22282 4005 33%
c 2  1.00  0 92 19 3714 18 51269 6799 1.6 8 5 1 2 16% 22282 4005 33%
c d  1.00  0 92 19 3714 18 51269 6790 1.6 8 5 1 2 16% 22282 4002 33%
c c  1.01  0 92 19 3714 18 51269 6789 1.6 8 5 1 2 16% 22273 4002 33%
c =  1.02  0 92 19 3714 18 51269 6776 1.6 8 5 1 2 16% 22270 3997 32%
c t  1.02  0 92 19 3714 18 51269 6776 1.6 8 5 1 2 16% 22269 3997 32%
c F  1.07  0 89 19 4434 18 55029 10135 1.6 8 5 1 2 16% 22269 3997 32%
c -  1.10  0 88 20 4729 18 56929 8027 1.6 8 5 1 2 16% 22269 3997 32%
c 2  1.10  0 88 20 4729 18 56929 8026 1.6 8 5 1 2 16% 22269 3997 32%
c p  1.10  0 88 20 4729 18 56929 8133 1.6 8 5 1 2 16% 22269 3996 32%
c u  1.12  0 88 20 4729 18 56929 7579 1.6 8 5 1 2 16% 22242 3996 32%
c v  1.12  0 88 20 4729 18 56929 7546 1.6 8 5 1 2 16% 22242 3996 32%
c w  1.12  0 88 20 4729 18 56929 7546 1.6 8 5 1 2 16% 22242 3996 32%
c x  1.12  0 88 20 4729 18 56929 7545 1.6 8 5 1 2 16% 22242 3996 32%
c t  1.13  0 88 20 4729 18 56929 7544 1.6 8 5 1 2 16% 22242 3996 32%
c 
c  seconds  reductions   conflicts       size tier2      variables
c         MB     restarts     redundant    glue  trail        remaining
c          level       rate        size/glu tier1  irredundant
c 
c f  1.13  0 88 20 4729 18 56929 7540 1.6 8 5 1 2 15% 22209 4013 33%
c }  1.18  0 88 20 5212 17 60055 10336 1.6 9 5 1 2 16% 22209 4013 33%
c [  1.18  0 174 20 5212  2 60055 10336 2.1 34 16 2 3 34% 22209 4013 33%
c -  1.22  0 171 21 5212  2 62896 8420 2.1 35 16 2 3 35% 22209 4013 33%
c d  1.22  0 171 21 5212  2 62896 8409 2.1 35 16 2 3 35% 22209 4011 33%
c p  1.22  0 171 21 5212  2 62896 8417 2.1 35 16 2 3 35% 22209 4011 33%
c 2  1.22  0 171 21 5212  2 62896 8417 2.1 35 16 2 3 35% 22207 4011 33%
c t  1.22  0 171 21 5212  2 62896 8417 2.1 35 16 2 3 35% 22206 4011 33%
c f  1.22  0 171 21 5212  2 62896 8415 2.1 35 16 2 3 35% 22199 4014 33%
c B  1.26  0 173 21 5212  2 66032 11141 2.1 35 16 2 3 35% 22199 4014 33%
c -  1.30  0 169 22 5215  2 69165 8745 2.1 34 16 2 3 33% 22199 4014 33%
c d  1.30  0 169 22 5215  2 69165 8706 2.1 34 16 2 3 33% 22199 4010 33%
c c  1.30  0 169 22 5215  2 69165 8706 2.1 34 16 2 3 33% 22187 4010 33%
c d  1.30  0 169 22 5215  2 69165 8700 2.1 34 16 2 3 33% 22185 4009 33%
c 2  1.30  0 169 22 5215  2 69165 8700 2.1 34 16 2 3 33% 22183 4009 33%
c e  1.42  0 168 22 5219  2 75207 14281 2.0 38 18 2 4 33% 22106 3982 32%
c s  1.42  0 168 22 5219  2 75207 14269 2.0 38 18 2 4 33% 22102 3982 32%
c -  1.44  0 168 23 5219  2 75739 8796 2.0 38 18 2 4 34% 22101 3982 32%
c 2  1.44  0 168 23 5219  2 75739 8794 2.0 38 18 2 4 34% 22101 3982 32%
c u  1.45  0 168 23 5219  2 75739 8225 2.0 38 18 2 4 34% 22045 3982 32%
c 
c  seconds   reductions   conflicts       size   tier2      variables
c         MB      restarts     redundant     glue   trail        remaining
c           level       rate        size/glue  tier1  irredundant
c 
c v  1.45  0 168 23 5219  2 75739 8215 2.0 38 18 2 4 34% 22045 3982 32%
c w  1.45  0 168 23 5219  2 75739 8215 2.0 38 18 2 4 34% 22045 3982 32%
c f  1.45  0 168 23 5219  2 75739 8206 2.0 38 18 2 4 33% 22043 3991 32%
c W  1.48  0 163 23 5219  2 78034 10189 2.0 37 18 2 4 15% 22043 3991 32%
c ]  1.50  0 163 23 5220  2 79298 11334 2.0 37 18 2 4 25% 22043 3991 32%
c {  1.50  0 88 23 5220 17 79298 11334 1.6 9 5 1 2 18% 22043 3991 32%
c -  1.54  0 86 24 5720 17 82619 9099 1.6 9 5 1 2 17% 22043 3991 32%
c p  1.54  0 86 24 5720 17 82619 9102 1.6 9 5 1 2 17% 22043 3991 32%
c f  1.55  0 86 24 5720 17 82619 9100 1.6 9 5 1 2 17% 22044 3992 32%
c -  1.67  0 84 25 7169 17 89804 10380 1.6 9 6 1 2 17% 22044 3992 32%
c p  1.67  0 84 25 7169 17 89804 10772 1.6 9 6 1 2 17% 22044 3991 32%
c d  1.67  0 84 25 7169 17 89804 10765 1.6 9 6 1 2 17% 22041 3990 32%
c u  1.70  0 84 25 7169 17 89804 10163 1.6 9 6 1 2 17% 22041 3990 32%
c v  1.70  0 84 25 7169 17 89804 9986 1.6 9 6 1 2 17% 22041 3990 32%
c t  1.70  0 84 25 7169 17 89804 9985 1.6 9 6 1 2 17% 22041 3990 32%
c f  1.70  0 84 25 7169 17 89804 9858 1.6 9 6 1 2 17% 22113 4041 33%
c B  1.72  0 84 25 7364 17 91036 10969 1.6 9 6 1 2 17% 22113 4041 33%
c }  1.73  0 84 25 7470 17 91562 11441 1.6 9 6 1 2 17% 22113 4041 33%
c [  1.73  0 163 25 7470  2 91562 11441 2.0 37 18 2 4 25% 22113 4041 33%
c -  1.81  0 161 26 7474  2 97295 10693 2.0 36 18 2 4 29% 22113 4041 33%
c 
c  seconds   reductions   conflicts        size   tier2      variables
c         MB      restarts      redundant     glue   trail        remaining
c           level       rate         size/glue  tier1  irredundant
c 
c p  1.81  0 161 26 7474  2 97295 10694 2.0 36 18 2 4 29% 22113 4039 33%
c t  1.81  0 161 26 7474  2 97295 10694 2.0 36 18 2 4 29% 22111 4039 33%
c f  1.81  0 161 26 7474  2 97295 10690 2.0 36 18 2 4 29% 22112 4042 33%
c e  1.91  0 154 26 7477  2 104878 17490 2.0 36 18 2 4 30% 22106 4035 33%
c s  1.91  0 154 26 7477  2 104878 17490 2.0 36 18 2 4 30% 22106 4035 33%
c ^  1.91  0 154 26 7477  2 104878 17490 2.0 36 18 2 4 30% 22106 4035 33%
c I  1.91  0 154 26 7477  2 105038 17637 2.0 36 18 2 4 30% 22106 4035 33%
c -  1.91  0 154 27 7477  2 105094 10771 2.0 36 18 2 4 30% 22106 4035 33%
c -  2.06  0 156 28 7478  2 113198 10579 2.0 39 20 2 4 36% 22106 4035 33%
c p  2.06  0 156 28 7478  2 113198 10581 2.0 39 20 2 4 36% 22106 4035 33%
c u  2.07  0 156 28 7478  2 113198 10060 2.0 39 20 2 4 36% 22106 4035 33%
c v  2.07  0 156 28 7478  2 113198 10051 2.0 39 20 2 4 36% 22106 4035 33%
c w  2.07  0 156 28 7478  2 113198 10046 2.0 39 20 2 4 36% 22106 4035 33%
c x  2.08  0 156 28 7478  2 113198 10041 2.0 39 20 2 4 36% 22028 4035 33%
c t  2.08  0 156 28 7478  2 113198 10039 2.0 39 20 2 4 36% 22028 4035 33%
c ]  2.10  0 156 28 7478  2 114541 11287 2.0 39 20 2 4 36% 22028 4035 33%
c {  2.10  0 84 28 7478 17 114541 11287 1.6 9 6 1 2 17% 22028 4035 33%
c W  2.20  0 84 28 8404 17 120041 16308 1.6 9 6 1 2 17% 22028 4035 33%
c -  2.23  0 83 29 8743 17 121610 11495 1.6 10 6 1 2 18% 22028 4035 33%
c p  2.24  0 83 29 8743 17 121610 11731 1.6 10 6 1 2 18% 22017 4033 33%
c 
c  seconds  reductions   conflicts         size  tier2      variables
c         MB     restarts       redundant     glue  trail        remaining
c          level       rate          size/glue tier1  irredundant
c 
c =  2.25  0 83 29 8743 17 121610 11718 1.6 10 6 1 2 18% 21872 3996 32%
c f  2.26  0 83 29 8743 17 121610 11718 1.6 10 6 1 2 18% 21868 3996 32%
c }  2.38  0 83 29 10019 17 128887 18399 1.7 10 6 1 2 18% 21868 3996 32%
c [  2.38  0 156 29 10019  2 128887 18399 2.0 39 20 2 4 36% 21868 3996 32%
c -  2.41  0 155 30 10019  2 130328 13035 2.0 39 20 2 4 37% 21868 3996 32%
c p  2.41  0 155 30 10019  2 130328 13053 2.0 39 20 2 4 37% 21868 3996 32%
c u  2.42  0 155 30 10019  2 130328 12359 2.0 39 20 2 4 37% 21774 3996 32%
c v  2.42  0 155 30 10019  2 130328 12009 2.0 39 20 2 4 37% 21774 3996 32%
c w  2.42  0 155 30 10019  2 130328 12008 2.0 39 20 2 4 37% 21774 3996 32%
c B  2.52  0 155 30 10019  2 136042 17325 1.9 41 21 2 4 35% 21774 3996 32%
c e  2.58  0 156 30 10019  2 139235 13104 1.9 41 21 2 5 35% 21328 3695 30%
c ^  2.58  0 156 30 10019  2 139235 13104 1.9 41 21 2 5 35% 21328 3695 30%
c -  2.58  0 155 31 10019  2 139353 9976 1.9 41 21 2 5 35% 21328 3695 30%
c p  2.58  0 155 31 10019  2 139353 10033 1.9 41 21 2 5 35% 21328 3693 30%
c =  2.59  0 155 31 10019  2 139353 10032 1.9 41 21 2 5 35% 21276 3683 30%
c t  2.59  0 155 31 10019  2 139353 10032 1.9 41 21 2 5 35% 21275 3683 30%
c f  2.60  0 155 31 10019  2 139353 10032 1.9 41 21 2 5 35% 21244 3690 30%
c -  2.70  0 150 32 10023  2 148685 11124 1.9 39 20 2 5 33% 21244 3690 30%
c p  2.71  0 150 32 10023  2 148685 11202 1.9 39 20 2 5 33% 21244 3690 30%
c u  2.72  0 150 32 10023  2 148685 10941 1.9 39 20 2 5 33% 21250 3690 30%
c 
c  seconds   reductions    conflicts         size   tier2      variables
c         MB       restarts       redundant     glue   trail        remaining
c           level        rate          size/glue  tier1  irredundant
c 
c v  2.72  0 150 32 10023  2 148685 10837 1.9 39 20 2 5 33% 21250 3690 30%
c w  2.72  0 150 32 10023  2 148685 10836 1.9 39 20 2 5 33% 21250 3690 30%
c x  2.73  0 150 32 10023  2 148685 10833 1.9 39 20 2 5 33% 21233 3690 30%
c W  2.80  0 150 32 10026  2 153044 14834 1.9 39 20 2 5 33% 21233 3690 30%
c ]  2.89  0 149 32 10026  2 156711 18268 2.0 40 21 2 5 33% 21233 3690 30%
c {  2.89  0 83 32 10026 17 156711 18268 1.7 10 6 1 2 18% 21233 3690 30%
c -  2.91  0 82 33 10196 17 158325 12235 1.7 10 6 1 2 18% 21233 3690 30%
c p  2.91  0 82 33 10196 17 158325 12240 1.7 10 6 1 2 18% 21233 3690 30%
c -  3.05  0 80 34 11429 16 168274 13935 1.7 10 6 1 2 17% 21233 3690 30%
c p  3.05  0 80 34 11429 16 168274 14107 1.7 10 6 1 2 17% 21233 3690 30%
c =  3.07  0 80 34 11429 16 168274 14107 1.7 10 6 1 2 17% 21224 3688 30%
c u  3.07  0 80 34 11429 16 168274 13600 1.7 10 6 1 2 17% 21209 3688 30%
c v  3.08  0 80 34 11429 16 168274 13310 1.7 10 6 1 2 17% 21209 3688 30%
c t  3.08  0 80 34 11429 16 168274 13309 1.7 10 6 1 2 17% 21209 3688 30%
c #  3.12  0 79 34 11820 16 171046 15821 1.7 10 6 1 2 17% 21209 3688 30%
c }  3.24  0 79 34 12949 16 178094 22268 1.7 10 6 1 2 17% 21209 3688 30%
c [  3.24  0 149 34 12949  2 178094 22268 2.0 40 21 2 5 33% 21209 3688 30%
c -  3.25  0 149 35 12950  2 178529 14832 2.0 40 21 2 5 33% 21209 3688 30%
c p  3.25  0 149 35 12950  2 178529 14926 2.0 40 21 2 5 33% 21209 3688 30%
c =  3.27  0 149 35 12950  2 178529 14901 2.0 40 21 2 5 33% 21198 3668 30%
c 
c  seconds   reductions    conflicts         size   tier2      variables
c         MB       restarts       redundant     glue   trail        remaining
c           level        rate          size/glue  tier1  irredundant
c 
c u  3.27  0 149 35 12950  2 178529 14415 2.0 40 21 2 5 33% 21193 3668 30%
c v  3.27  0 149 35 12950  2 178529 14240 2.0 40 21 2 5 33% 21193 3668 30%
c w  3.27  0 149 35 12950  2 178529 14239 2.0 40 21 2 5 33% 21193 3668 30%
c t  3.29  0 149 35 12951  2 179702 15286 2.0 40 20 2 5 33% 21193 3668 30%
c e  3.30  0 149 35 12951  2 179702 13884 2.0 40 20 2 5 33% 20540 3408 28%
c ^  3.31  0 149 35 12951  2 179702 13884 2.0 40 20 2 5 33% 20540 3408 28%
c -  3.52  0 151 36 12956  2 189094 14087 2.0 43 22 2 5 45% 20540 3408 28%
c p  3.52  0 151 36 12956  2 189094 14133 2.0 43 22 2 5 45% 20540 3408 28%
c O  3.55  0 151 36 12956  2 190047 14949 2.0 43 22 2 5 43% 20540 3408 28%
c -  3.77  0 149 37 12958  2 199966 13935 2.0 46 23 2 5 49% 20540 3408 28%
c p  3.77  0 149 37 12958  2 199966 14005 2.0 46 23 2 5 49% 20540 3408 28%
c u  3.78  0 149 37 12958  2 199966 13634 2.0 46 23 2 5 49% 20540 3408 28%
c v  3.79  0 149 37 12958  2 199966 13450 2.0 46 23 2 5 49% 20540 3408 28%
c w  3.79  0 149 37 12958  2 199966 13447 2.0 46 23 2 5 49% 20540 3408 28%
c x  3.79  0 149 37 12958  2 199966 13436 2.0 46 23 2 5 49% 20519 3408 28%
c t  3.79  0 149 37 12958  2 199966 13435 2.0 46 23 2 5 49% 20519 3408 28%
c ]  3.86  0 150 37 12961  2 204229 17405 2.0 46 23 2 5 47% 20519 3408 28%
c {  3.86  0 79 37 12961 16 204229 17405 1.7 10 6 1 2 20% 20519 3408 28%
c B  3.95  0 78 37 13799 15 210048 22598 1.7 10 6 1 2 20% 20519 3408 28%
c -  3.97  0 78 38 13956 15 211145 14750 1.7 10 6 1 2 20% 20519 3408 28%
c 
c  seconds  reductions    conflicts         size  tier2      variables
c         MB      restarts       redundant     glue  trail        remaining
c          level        rate          size/glue tier1  irredundant
c 
c p  3.97  0 78 38 13956 15 211145 14795 1.7 10 6 1 2 20% 20519 3408 28%
c -  4.19  0 77 39 15854 15 222632 16469 1.7 11 6 1 2 20% 20519 3408 28%
c p  4.19  0 77 39 15854 15 222632 16579 1.7 11 6 1 2 20% 20519 3408 28%
c u  4.20  0 77 39 15854 15 222632 15846 1.7 11 6 1 2 20% 20479 3408 28%
c v  4.20  0 77 39 15854 15 222632 15409 1.7 11 6 1 2 20% 20479 3408 28%
c t  4.26  0 77 39 16369 15 226348 18742 1.7 11 6 1 2 20% 20479 3408 28%
c e  4.27  0 77 39 16369 15 226348 15135 1.7 11 6 1 2 20% 21339 3127 25%
c s  4.27  0 77 39 16369 15 226348 15018 1.7 11 6 1 2 20% 21235 3127 25%
c e  4.28  0 77 39 16369 15 226348 14118 1.7 11 6 1 2 20% 21259 3088 25%
c }  4.30  0 77 39 16598 15 228472 16027 1.7 11 6 1 2 19% 21259 3088 25%
c [  4.30  0 150 39 16598  2 228472 16027 2.0 46 23 2 5 47% 21259 3088 25%
c B  4.34  0 149 39 16600  2 231051 18401 2.0 46 23 2 5 46% 21259 3088 25%
c -  4.40  0 149 40 16601  2 234427 13863 2.0 46 23 2 5 45% 21259 3088 25%
c 2  4.40  0 149 40 16601  2 234427 13853 2.0 46 23 2 5 45% 21259 3088 25%
c p  4.41  0 149 40 16601  2 234427 13862 2.0 46 23 2 5 45% 21259 3088 25%
c t  4.41  0 149 40 16601  2 234427 13862 2.0 46 23 2 5 45% 21258 3088 25%
c f  4.41  0 149 40 16601  2 234427 13861 2.0 46 23 2 5 44% 21163 3104 25%
c -  4.57  0 150 41 16608  2 246531 14833 2.0 45 22 2 5 42% 21163 3104 25%
c p  4.57  0 150 41 16608  2 246531 14898 2.0 45 22 2 5 42% 21163 3104 25%
c u  4.58  0 150 41 16608  2 246531 14529 2.0 45 22 2 5 42% 21163 3104 25%
c 
c  seconds   reductions    conflicts         size   tier2      variables
c         MB       restarts       redundant     glue   trail        remaining
c           level        rate          size/glue  tier1  irredundant
c 
c v  4.58  0 150 41 16608  2 246531 14389 2.0 45 22 2 5 42% 21163 3104 25%
c w  4.59  0 150 41 16608  2 246531 14386 2.0 45 22 2 5 42% 21163 3104 25%
c f  4.59  0 150 41 16608  2 246531 14378 2.0 45 22 2 5 42% 21140 3110 25%
c W  4.76  0 151 41 16609  2 253052 20597 2.1 47 23 2 5 42% 21140 3110 25%
c -  4.86  0 154 42 16610  2 258944 14458 2.1 48 23 2 5 44% 21140 3110 25%
c p  4.86  0 154 42 16610  2 258944 14465 2.1 48 23 2 5 44% 21140 3110 25%
c -  5.06  0 154 43 16610  1 271665 14487 2.1 48 23 2 5 44% 21140 3110 25%
c p  5.07  0 154 43 16610  1 271665 14535 2.1 48 23 2 5 44% 21140 3110 25%
c u  5.08  0 154 43 16610  1 271665 14100 2.1 48 23 2 5 44% 21140 3110 25%
c v  5.08  0 154 43 16610  1 271665 14011 2.1 48 23 2 5 44% 21140 3110 25%
c w  5.08  0 154 43 16610  1 271665 14010 2.1 48 23 2 5 44% 21140 3110 25%
c ]  5.10  0 154 43 16610  1 272805 15069 2.1 48 23 2 5 44% 21140 3110 25%
c {  5.10  0 77 43 16610 15 272805 15069 1.7 11 6 1 2 19% 21140 3110 25%
c W  5.14  0 77 43 16921 15 276053 17990 1.7 11 6 1 2 19% 21140 3110 25%
c e  5.23  0 76 43 17548 14 282017 23391 1.7 11 6 1 2 19% 21143 3109 25%
c s  5.23  0 76 43 17548 14 282017 23391 1.7 11 6 1 2 19% 21142 3109 25%
c -  5.27  0 76 44 17824 14 284695 16269 1.7 11 6 1 2 19% 21142 3109 25%
c p  5.28  0 76 44 17824 14 284695 16303 1.7 11 6 1 2 19% 21142 3109 25%
c -  5.47  0 74 45 19300 13 298034 18453 1.7 11 7 1 2 18% 21142 3109 25%
c p  5.47  0 74 45 19300 13 298034 18484 1.7 11 7 1 2 18% 21142 3109 25%
c 
c  seconds  reductions    conflicts         size  tier2      variables
c         MB      restarts       redundant     glue  trail        remaining
c          level        rate          size/glue tier1  irredundant
c 
c u  5.49  0 74 45 19300 13 298034 18013 1.7 11 7 1 2 18% 21142 3109 25%
c v  5.50  0 74 45 19300 13 298034 17724 1.7 11 7 1 2 18% 21142 3109 25%
c x  5.50  0 74 45 19300 13 298034 17724 1.7 11 7 1 2 18% 21105 3109 25%
c F  5.53  0 74 45 19557 13 300056 19563 1.7 11 7 1 2 18% 21105 3109 25%
c }  5.63  0 74 45 20472 14 305588 24570 1.7 11 7 1 2 18% 21105 3109 25%
c [  5.63  0 154 45 20472  1 305588 24570 2.1 48 23 2 5 44% 21105 3109 25%
c -  5.73  0 153 46 20473  1 311684 19376 2.1 48 24 2 5 43% 21105 3109 25%
c p  5.73  0 153 46 20473  1 311684 19401 2.1 48 24 2 5 43% 21105 3109 25%
c u  5.74  0 153 46 20473  1 311684 19187 2.1 48 24 2 5 43% 21105 3109 25%
c v  5.74  0 153 46 20473  1 311684 19043 2.1 48 24 2 5 43% 21105 3109 25%
c w  5.74  0 153 46 20473  1 311684 19039 2.1 48 24 2 5 43% 21105 3109 25%
c I  5.96  0 151 46 20473  1 325059 31713 2.0 50 25 2 5 40% 21105 3109 25%
c -  5.98  0 150 47 20473  1 325642 18921 2.0 50 25 2 5 40% 21105 3109 25%
c -  6.20  0 145 48 20473  1 339908 17462 1.9 49 26 2 5 39% 21105 3109 25%
c p  6.20  0 145 48 20473  1 339908 17489 1.9 49 26 2 5 39% 21105 3109 25%
c u  6.21  0 145 48 20473  1 339908 17055 1.9 49 26 2 5 39% 21105 3109 25%
c v  6.21  0 145 48 20473  1 339908 17045 1.9 49 26 2 5 39% 21105 3109 25%
c w  6.21  0 145 48 20473  1 339908 17043 1.9 49 26 2 5 39% 21105 3109 25%
c ^  6.25  0 145 48 20475  1 342860 19742 1.9 49 26 2 5 38% 21105 3109 25%
c B  6.35  0 145 48 20480  1 351060 27311 1.9 47 25 2 5 38% 21105 3109 25%
c 
c  seconds   reductions    conflicts         size   tier2      variables
c         MB       restarts       redundant     glue   trail        remaining
c           level        rate          size/glue  tier1  irredundant
c 
c -  6.42  0 147 49 20481  1 354483 17852 1.9 48 25 2 5 39% 21105 3109 25%
c ]  6.52  0 146 49 20485  1 360211 23099 1.9 48 25 2 5 39% 21103 3109 25%
c {  6.52  0 74 49 20485 14 360211 23099 1.7 11 7 1 2 18% 21103 3109 25%
c -  6.67  0 74 50 21857 14 369370 20274 1.7 11 7 1 2 18% 21103 3109 25%
c p  6.68  0 74 50 21857 14 369370 20298 1.7 11 7 1 2 18% 21103 3109 25%
c u  6.71  0 74 50 21857 14 369370 20016 1.7 11 7 1 2 18% 21103 3109 25%
c v  6.71  0 74 50 21857 14 369370 19823 1.7 11 7 1 2 18% 21103 3109 25%
c B  6.85  0 74 50 22983 13 378063 27619 1.7 12 7 1 2 18% 21103 3109 25%
c -  6.98  0 73 51 23912 13 384563 21667 1.7 12 7 1 2 18% 21103 3109 25%
c p  6.98  0 73 51 23912 13 384563 21691 1.7 12 7 1 2 18% 21103 3109 25%
c u  6.99  0 73 51 23912 13 384563 21346 1.7 12 7 1 2 18% 21103 3109 25%
c v  6.99  0 73 51 23912 13 384563 21058 1.7 12 7 1 2 18% 21103 3109 25%
c }  7.12  0 73 51 24886 13 392063 27840 1.7 12 7 1 2 17% 21103 3109 25%
c [  7.12  0 146 51 24886  1 392063 27840 1.9 48 25 2 5 39% 21103 3109 25%
c -  7.22  0 145 52 24889  1 400067 22459 1.9 46 24 2 5 38% 21103 3109 25%
c p  7.22  0 145 52 24889  1 400067 22482 1.9 46 24 2 5 38% 21103 3109 25%
c W  7.34  0 141 52 24889  1 406065 27693 1.9 45 23 2 5 36% 21103 3109 25%
c e  7.39  0 139 52 24891  1 409175 23325 1.9 44 23 2 5 36% 22869 2851 23%
c s  7.40  0 139 52 24891  1 409175 23090 1.9 44 23 2 5 36% 22551 2851 23%
c e  7.40  0 139 52 24891  1 409175 22938 1.9 44 23 2 5 36% 22601 2841 23%
c 
c  seconds   reductions    conflicts         size   tier2      variables
c         MB       restarts       redundant     glue   trail        remaining
c           level        rate          size/glue  tier1  irredundant
c 
c -  7.54  0 140 53 24896  1 415879 18975 2.0 45 23 2 5 48% 22601 2841 23%
c 2  7.54  0 140 53 24896  1 415879 18972 2.0 45 23 2 5 48% 22601 2841 23%
c p  7.54  0 140 53 24896  1 415879 18995 2.0 45 23 2 5 48% 22601 2841 23%
c u  7.54  0 140 53 24896  1 415879 18808 2.0 45 23 2 5 48% 22601 2841 23%
c v  7.55  0 140 53 24896  1 415879 18596 2.0 45 23 2 5 48% 22601 2841 23%
c w  7.55  0 140 53 24896  1 415879 18595 2.0 45 23 2 5 48% 22601 2841 23%
c x  7.55  0 140 53 24896  1 415879 18594 2.0 45 23 2 5 48% 22553 2841 23%
c f  7.56  0 140 53 24896  1 415879 18594 2.0 45 23 2 5 47% 22506 2846 23%
c -  7.83  0 141 54 24903  1 432001 19682 2.0 45 23 2 5 42% 22506 2846 23%
c f  7.84  0 141 54 24903  1 432001 19682 2.0 45 23 2 5 42% 22488 2848 23%
c O  7.89  0 141 54 24904  1 435067 22569 2.0 46 23 2 5 42% 22488 2848 23%
c ]  8.16  0 141 54 24905  1 447538 34436 2.0 48 24 2 5 42% 22488 2848 23%
c {  8.16  0 73 54 24905 13 447538 34436 1.7 12 7 1 2 21% 22488 2848 23%
c -  8.19  0 73 55 25051 13 448432 20315 1.7 12 7 1 2 21% 22488 2848 23%
c p  8.19  0 73 55 25051 13 448432 20353 1.7 12 7 1 2 21% 22488 2848 23%
c u  8.20  0 73 55 25051 13 448432 19972 1.7 12 7 1 2 21% 22479 2848 23%
c v  8.20  0 73 55 25051 13 448432 19698 1.7 12 7 1 2 21% 22479 2848 23%
c W  8.47  0 72 55 26800 13 465068 34621 1.7 12 7 1 2 20% 22479 2848 23%
c -  8.47  0 72 56 26821 13 465173 22125 1.7 12 7 1 2 20% 22479 2848 23%
c p  8.48  0 72 56 26821 13 465173 22156 1.7 12 7 1 2 20% 22479 2848 23%
c 
c  seconds  reductions    conflicts         size  tier2      variables
c         MB      restarts       redundant     glue  trail        remaining
c          level        rate          size/glue tier1  irredundant
c 
c u  8.50  0 72 56 26821 13 465173 21931 1.7 12 7 1 2 20% 22479 2848 23%
c v  8.50  0 72 56 26821 13 465173 21738 1.7 12 7 1 2 20% 22479 2848 23%
c -  8.81  0 72 57 29069 12 482224 24101 1.7 12 7 1 2 20% 22479 2848 23%
c p  8.81  0 72 57 29069 12 482224 24128 1.7 12 7 1 2 20% 22479 2848 23%
c u  8.82  0 72 57 29069 12 482224 23695 1.7 12 7 1 2 20% 22479 2848 23%
c v  8.82  0 72 57 29069 12 482224 23484 1.7 12 7 1 2 20% 22479 2848 23%
c }  8.89  0 72 57 29604 12 486573 27447 1.7 12 7 1 2 20% 22479 2848 23%
c [  8.89  0 141 57 29604  1 486573 27447 2.0 48 24 2 5 42% 22479 2848 23%
c e  8.90  0 141 57 29604  1 486966 27761 2.0 47 24 2 5 42% 22490 2846 23%
c s  8.91  0 141 57 29604  1 486966 27753 2.0 47 24 2 5 42% 22486 2846 23%
c B  9.05  0 140 57 29604  1 496071 36073 2.0 47 24 2 5 41% 22486 2846 23%
c -  9.12  0 140 58 29607  1 499586 24666 2.0 47 24 2 5 41% 22486 2846 23%
c 2  9.12  0 140 58 29607  1 499586 24665 2.0 47 24 2 5 41% 22486 2846 23%
c p  9.12  0 140 58 29607  1 499586 24688 2.0 47 24 2 5 41% 22486 2846 23%
c -  9.47  0 142 59 29617  1 517256 24912 2.0 49 24 2 5 41% 22485 2846 23%
c p  9.47  0 142 59 29617  1 517256 24933 2.0 49 24 2 5 41% 22485 2846 23%
c u  9.48  0 142 59 29617  1 517256 24629 2.0 49 24 2 5 41% 22485 2846 23%
c v  9.48  0 142 59 29617  1 517256 24304 2.0 49 24 2 5 41% 22485 2846 23%
c w  9.49  0 142 59 29617  1 517256 24298 2.0 49 24 2 5 41% 22485 2846 23%
c W  9.77  0 143 59 29619  1 528072 34629 2.0 51 25 2 5 43% 22485 2846 23%
c 
c  seconds   reductions    conflicts         size   tier2      variables
c         MB       restarts       redundant     glue   trail        remaining
c           level        rate          size/glue  tier1  irredundant
c 
c -  9.89  0 143 60 29623  1 535238 24064 2.0 51 25 2 5 42% 22485 2846 23%
c p  9.90  0 143 60 29623  1 535238 24081 2.0 51 25 2 5 42% 22485 2846 23%
c u  9.90  0 143 60 29623  1 535238 23874 2.0 51 25 2 5 42% 22485 2846 23%
c v  9.90  0 143 60 29623  1 535238 23873 2.0 51 25 2 5 42% 22485 2846 23%
c w  9.90  0 143 60 29623  1 535238 23873 2.0 51 25 2 5 42% 22485 2846 23%
c - 10.04  0 134 61 29633  1 553528 24316 2.0 46 23 2 5 36% 22483 2846 23%
c I 10.10  0 135 61 29634  1 561074 30489 2.0 44 22 2 5 36% 22483 2846 23%
c ] 10.10  0 135 61 29634  1 561524 30858 2.0 44 22 2 5 35% 22483 2846 23%
c { 10.10  0 72 61 29634 12 561524 30858 1.7 12 7 1 2 20% 22483 2846 23%
c ^ 10.24  0 72 61 30638 12 570463 38924 1.7 12 7 1 2 20% 22483 2846 23%
c - 10.28  0 72 62 30883 12 572129 26376 1.7 12 7 1 2 20% 22483 2846 23%
c p 10.29  0 72 62 30883 12 572129 26391 1.7 12 7 1 2 20% 22483 2846 23%
c u 10.29  0 72 62 30883 12 572129 26276 1.7 12 7 1 2 20% 22483 2846 23%
c v 10.29  0 72 62 30883 12 572129 26106 1.7 12 7 1 2 20% 22483 2846 23%
c x 10.30  0 72 62 30883 12 572129 26106 1.7 12 7 1 2 20% 22470 2846 23%
c - 10.63  0 72 63 33059 12 591041 28672 1.7 12 7 1 2 19% 22470 2846 23%
c p 10.64  0 72 63 33059 12 591041 28684 1.7 12 7 1 2 19% 22470 2846 23%
c u 10.68  0 72 63 33059 12 591041 28418 1.7 12 7 1 2 19% 22463 2846 23%
c v 10.68  0 72 63 33059 12 591041 28129 1.7 12 7 1 2 19% 22463 2846 23%
c # 10.75  0 72 63 33491 12 595077 31773 1.7 13 7 1 2 19% 22463 2846 23%
c 
c  seconds  reductions    conflicts         size  tier2      variables
c         MB      restarts       redundant     glue  trail        remaining
c          level        rate          size/glue tier1  irredundant
c 
c } 10.93  0 71 63 34674 12 604260 40081 1.7 13 7 1 2 19% 22463 2846 23%
c [ 10.93  0 135 63 34674  1 604260 40081 2.0 44 22 2 5 35% 22463 2846 23%
c - 10.99  0 134 64 34675  1 610260 30084 2.0 43 21 2 5 35% 22463 2846 23%
c p 10.99  0 134 64 34675  1 610260 30098 2.0 43 21 2 5 35% 22463 2846 23%
c u 11.00  0 134 64 34675  1 610260 29879 2.0 43 21 2 5 35% 22463 2846 23%
c v 11.00  0 134 64 34675  1 610260 29659 2.0 43 21 2 5 35% 22463 2846 23%
c w 11.00  0 134 64 34675  1 610260 29658 2.0 43 21 2 5 35% 22463 2846 23%
c - 11.22  0 131 65 34676  1 629790 30072 2.0 41 21 2 5 35% 22463 2846 23%
c p 11.22  0 131 65 34676  1 629790 30087 2.0 41 21 2 5 35% 22463 2846 23%
c B 11.23  0 131 65 34676  1 630078 30342 2.0 41 21 2 5 35% 22463 2846 23%
c - 11.43  0 135 66 34676  1 649631 27995 2.0 40 20 2 5 34% 22463 2846 23%
c u 11.44  0 135 66 34676  1 649631 27821 2.0 40 20 2 5 34% 22463 2846 23%
c w 11.44  0 135 66 34676  1 649631 27821 2.0 40 20 2 5 34% 22463 2846 23%
c e 11.64  0 140 66 34676  1 659918 18062 2.0 40 20 2 5 35% 27370 2457 20%
c W 11.77  0 142 66 34677  1 666079 23789 2.0 40 20 2 5 37% 27370 2457 20%
c - 11.81  0 142 67 34677  1 669780 16303 1.9 40 20 2 5 32% 27370 2457 20%
c 2 11.81  0 142 67 34677  1 669780 16301 1.9 40 20 2 5 32% 27370 2457 20%
c p 11.81  0 142 67 34677  1 669780 16307 1.9 40 20 2 5 32% 27370 2457 20%
c - 12.08  0 140 68 34677  1 690242 18637 1.9 39 20 2 5 33% 27370 2457 20%
c p 12.08  0 140 68 34677  1 690242 18639 1.9 39 20 2 5 33% 27370 2457 20%
c 
c  seconds   reductions    conflicts         size   tier2      variables
c         MB       restarts       redundant     glue   trail        remaining
c           level        rate          size/glue  tier1  irredundant
c 
c u 12.09  0 140 68 34677  1 690242 18175 1.9 39 20 2 5 33% 27361 2457 20%
c v 12.09  0 140 68 34677  1 690242 18020 1.9 39 20 2 5 33% 27361 2457 20%
c w 12.09  0 140 68 34677  1 690242 18018 1.9 39 20 2 5 33% 27361 2457 20%
c O 12.22  0 139 68 34677  1 703081 29306 1.9 38 20 2 5 34% 27361 2457 20%
c - 12.29  0 137 69 34677  1 711013 19273 1.9 37 20 2 5 30% 27361 2457 20%
c p 12.29  0 137 69 34677  1 711013 19275 1.9 37 20 2 5 30% 27361 2457 20%
c ] 12.35  0 136 69 34677  1 716661 24370 1.9 37 19 2 5 31% 27361 2457 20%
c { 12.35  0 71 69 34677 12 716661 24370 1.7 13 7 1 2 22% 27361 2457 20%
c - 12.55  0 72 70 36011 11 732093 22112 1.7 13 7 1 2 21% 27360 2457 20%
c p 12.55  0 72 70 36011 11 732093 22114 1.7 13 7 1 2 21% 27360 2457 20%
c u 12.56  0 72 70 36011 11 732093 21277 1.7 13 7 1 2 21% 27360 2457 20%
c v 12.56  0 72 70 36011 11 732093 21034 1.7 13 7 1 2 21% 27360 2457 20%
c w 12.56  0 72 70 36011 11 732093 21034 1.7 13 7 1 2 21% 27360 2457 20%
c B 12.68  0 72 70 36815 11 741086 29041 1.7 13 7 1 2 21% 27360 2457 20%
c - 12.88  0 71 71 37969 11 753483 23528 1.7 13 7 1 2 21% 27360 2457 20%
c p 12.88  0 71 71 37969 11 753483 23530 1.7 13 7 1 2 21% 27360 2457 20%
c u 12.91  0 71 71 37969 11 753483 23246 1.7 13 7 1 2 21% 27360 2457 20%
c v 12.92  0 71 71 37969 11 753483 22991 1.7 13 7 1 2 21% 27360 2457 20%
c s 13.22  0 71 71 40078 11 771205 38889 1.7 13 7 1 2 20% 27264 2457 20%
c e 13.22  0 71 71 40078 11 771205 38578 1.7 13 7 1 2 20% 27316 2453 20%
c 
c  seconds  reductions    conflicts         size  tier2      variables
c         MB      restarts       redundant     glue  trail        remaining
c          level        rate          size/glue tier1  irredundant
c 
c } 13.30  0 71 71 40547 11 774728 41704 1.7 13 7 1 2 20% 27316 2453 20%
c [ 13.30  0 136 71 40547  1 774728 41704 1.9 37 19 2 5 31% 27316 2453 20%
c - 13.30  0 136 72 40547  1 775183 25242 1.9 37 19 2 5 31% 27316 2453 20%
c p 13.30  0 136 72 40547  1 775183 25244 1.9 37 19 2 5 31% 27316 2453 20%
c u 13.31  0 136 72 40547  1 775183 25007 1.9 37 19 2 5 31% 27316 2453 20%
c v 13.31  0 136 72 40547  1 775183 24762 1.9 37 19 2 5 31% 27316 2453 20%
c w 13.31  0 136 72 40547  1 775183 24762 1.9 37 19 2 5 31% 27316 2453 20%
c x 13.32  0 136 72 40547  1 775183 24757 1.9 37 19 2 5 31% 27222 2453 20%
c B 13.46  0 139 72 40547  1 780089 29563 1.9 39 20 2 5 34% 27222 2453 20%
c - 13.75  0 140 73 40554  1 797194 26387 2.0 41 21 2 5 38% 27222 2453 20%
c p 13.75  0 140 73 40554  1 797194 26389 2.0 41 21 2 5 38% 27222 2453 20%
c u 13.76  0 140 73 40554  1 797194 26235 2.0 41 21 2 5 38% 27222 2453 20%
c v 13.76  0 140 73 40554  1 797194 26072 2.0 41 21 2 5 38% 27222 2453 20%
c w 13.76  0 140 73 40554  1 797194 26072 2.0 41 21 2 5 38% 27222 2453 20%
c - 14.15  0 140 74 40562  1 819515 25879 1.9 42 22 2 5 38% 27222 2453 20%
c p 14.15  0 140 74 40562  1 819515 25880 1.9 42 22 2 5 38% 27222 2453 20%
c u 14.15  0 140 74 40562  1 819515 25605 1.9 42 22 2 5 38% 27222 2453 20%
c v 14.16  0 140 74 40562  1 819515 25379 1.9 42 22 2 5 38% 27222 2453 20%
c w 14.16  0 140 74 40562  1 819515 25376 1.9 42 22 2 5 38% 27222 2453 20%
c W 14.23  0 140 74 40562  1 820091 25922 1.9 42 22 2 5 38% 27222 2453 20%
c 
c  seconds   reductions    conflicts         size   tier2      variables
c         MB       restarts       redundant     glue   trail        remaining
c           level        rate          size/glue  tier1  irredundant
c 
c - 14.61  0 142 75 40575  1 842149 26610 2.0 44 22 2 5 40% 27222 2453 20%
c u 14.62  0 142 75 40575  1 842149 26227 2.0 44 22 2 5 40% 27222 2453 20%
c v 14.62  0 142 75 40575  1 842149 26115 2.0 44 22 2 5 40% 27222 2453 20%
c w 14.62  0 142 75 40575  1 842149 26114 2.0 44 22 2 5 40% 27222 2453 20%
c ] 14.87  0 143 75 40577  1 850288 33838 2.0 47 23 2 5 43% 27222 2453 20%
c { 14.87  0 71 75 40577 11 850288 33838 1.7 13 7 1 2 20% 27222 2453 20%
c W 15.09  0 71 75 41940 11 861092 43526 1.8 13 7 1 2 20% 27222 2453 20%
c - 15.17  0 71 76 42407 11 865093 28422 1.7 13 7 1 2 20% 27222 2453 20%
c u 15.18  0 71 76 42407 11 865093 28254 1.7 13 7 1 2 20% 27222 2453 20%
c v 15.18  0 71 76 42407 11 865093 28014 1.7 13 7 1 2 20% 27222 2453 20%
c w 15.18  0 71 76 42407 11 865093 28014 1.7 13 7 1 2 20% 27222 2453 20%
c - 15.55  0 69 77 44411 10 888346 30591 1.8 13 7 1 2 19% 27222 2453 20%
c u 15.57  0 69 77 44411 10 888346 30336 1.8 13 7 1 2 19% 27222 2453 20%
c v 15.57  0 69 77 44411 10 888346 30098 1.8 13 7 1 2 19% 27222 2453 20%
c w 15.57  0 69 77 44411 10 888346 30098 1.8 13 7 1 2 19% 27222 2453 20%
c e 15.60  0 69 77 44556 10 889431 31056 1.8 13 7 1 2 19% 27231 2452 20%
c s 15.60  0 69 77 44556 10 889431 31046 1.8 13 7 1 2 19% 27215 2452 20%
c e 15.61  0 69 77 44556 10 889431 30846 1.8 13 7 1 2 19% 27239 2450 20%
c F 15.88  0 68 77 46331 11 903093 43089 1.8 13 7 1 2 19% 27239 2450 20%
c } 15.93  0 69 77 46653 11 904844 44694 1.8 13 8 1 2 19% 27239 2450 20%
c 
c  seconds   reductions    conflicts         size   tier2      variables
c         MB       restarts       redundant     glue   trail        remaining
c           level        rate          size/glue  tier1  irredundant
c 
c [ 15.93  0 143 77 46653  1 904844 44694 2.0 47 23 2 5 43% 27239 2450 20%
c - 16.03  0 141 78 46654  1 911910 31794 2.0 47 23 2 5 42% 27239 2450 20%
c u 16.04  0 141 78 46654  1 911910 31659 2.0 47 23 2 5 42% 27239 2450 20%
c v 16.04  0 141 78 46654  1 911910 31409 2.0 47 23 2 5 42% 27239 2450 20%
c w 16.04  0 141 78 46654  1 911910 31408 2.0 47 23 2 5 42% 27239 2450 20%
c - 16.45  0 136 79 46661  1 935784 32101 2.1 47 23 2 5 39% 27239 2450 20%
c u 16.46  0 136 79 46661  1 935784 31874 2.1 47 23 2 5 39% 27239 2450 20%
c v 16.46  0 136 79 46661  1 935784 31751 2.1 47 23 2 5 39% 27239 2450 20%
c w 16.46  0 136 79 46661  1 935784 31751 2.1 47 23 2 5 39% 27239 2450 20%
c I 16.59  0 135 79 46667  1 946094 41293 2.0 45 22 2 5 38% 27239 2450 20%
c - 16.84  0 133 80 46669  1 959968 31496 2.0 47 23 2 5 37% 27239 2450 20%
c - 17.20  0 133 81 46683  1 984463 31999 2.0 45 22 2 5 36% 27239 2450 20%
c u 17.21  0 133 81 46683  1 984463 31866 2.0 45 22 2 5 36% 27239 2450 20%
c v 17.21  0 133 81 46683  1 984463 31864 2.0 45 22 2 5 36% 27239 2450 20%
c w 17.21  0 133 81 46683  1 984463 31864 2.0 45 22 2 5 36% 27239 2450 20%
c x 17.21  0 133 81 46683  1 984463 31851 2.0 45 22 2 5 36% 27072 2450 20%
c B 17.28  0 132 81 46684  1 990095 37106 2.0 44 22 2 5 36% 27072 2450 20%
c ] 17.48  0 135 81 46685  1 1000002 46441 2.1 46 22 2 5 38% 27072 2450 20%
c ? 17.48  0 135 81 46685  1 1000002 46441 2.1 46 22 2 5 38% 27072 2450 20%
c 
c --- [ result ] -------------------------------------------------------------
c 
c UNKNOWN
c 
c --- [ run-time profiling ] -------------------------------------------------
c 
c process time taken by individual solving procedures
c (percentage relative to process time for solving)
c 
c        15.95   91.31% search
c         9.78   56.01% stable
c         5.82   33.33% unstable
c         1.52    8.68% simplify
c         0.38    2.16% vivify
c         0.34    1.96% walk
c         0.33    1.90% sweep
c         0.25    1.43% factor
c         0.17    0.95% congruence
c         0.14    0.80% elim
c         0.06    0.33% subsume
c         0.05    0.28% preprocess
c         0.03    0.18% probe
c         0.03    0.17% ternary
c         0.01    0.08% backbone
c         0.01    0.06% fastelim
c         0.01    0.04% parse
c         0.00    0.01% lucky
c   =================================
c        17.47   99.96% solve
c 
c last line shows process time for solving
c (percentage relative to total process time)
c 
c --- [ statistics ] ---------------------------------------------------------
c 
c chronological:            276110        27.61 %  of conflicts
c conflicts:               1000002     57240.46    per second
c backbone:                1051531      8106.16 %  of vars
c decisions:               5161927    295470.47    per second
c eliminated:                 7511        57.90 %  of all variables
c factored:                    666        27.10 %  of variables
c fixed:                       952         7.34 %  of all variables
c learned:                  950909        95.09 %  per conflict
c learned_lits:           35004361       100.00 %  learned literals
c minimized:                     0         0.00 %  learned literals
c shrunken:                1214123         3.47 %  learned literals
c minishrunken:            2523151         7.21 %  learned literals
c otfs:                      34101         3.41 %  of conflict
c propagations:           82129012         4.70 M  per second
c reduced:                  798229        79.82 %  per conflict
c rephased:                     44     22727.32    interval
c restarts:                  46685        21.42    interval
c stabilizing:                  16        62.41 %  of conflicts
c substituted:                2059        15.87 %  of all variables
c sweep equivs:                503        12.28 %  of swept variables
c subsumed:                  53450         4.98 %  of all clauses
c strengthened:              44293         4.12 %  of all clauses
c ticks:                1156433982        14.41    propagation
c vivified:                  11031         1.03 %  of all clauses
c walked:                       13     76923.23    interval
c weakened:                  46319         2.97    average size
c congruence:                   26     38461.62    interval
c 
c seconds are measured in process time for solving
c 
c --- [ glue usage ] ---------------------------------------------------------
c 
c focused glue 1 used 1325874 clauses 66.92% accumulated 66.92% tier1
c focused glue 2 used 317753 clauses 16.03% accumulated 82.96% tier2
c 
c stable glue 2 used 807352 clauses 15.31% accumulated 63.17% tier1
c stable glue 3 used 307483 clauses 5.832% accumulated 69.00%
c stable glue 4 used 215372 clauses 4.085% accumulated 73.08%
c stable glue 5 used 161405 clauses 3.061% accumulated 76.14% tier2
c 
c 
c --- [ resources ] ----------------------------------------------------------
c 
c total process time since initialization:        17.48    seconds
c total real time since initialization:           17.53    seconds
c maximum resident set size of process:        86048.00    MB
c 
c --- [ shutting down ] ------------------------------------------------------
c 
c exit 0
