c --- [ banner ] -------------------------------------------------------------
c 
c CaDiCaL SAT Solver
c Copyright (c) 2016-2025
c A. Biere, M. Fleury, N. Froleyks, K. Fazekas, F. Pollitt, T. Faller
c JKU Linz, University of Freiburg, TU Wien
c 
c Version 3.0.0
c Apple clang version 17.0.0 (clang-1700.6.3.2) -Wall -Wextra -O3 -DNDEBUG -DNCLOSEFROM
c Tue Dec 23 21:53:38 UTC 2025 Darwin Tahoe-arm64.local 25.2.0 arm64
c 
c --- [ limit ] --------------------------------------------------------------
c 
c setting conflict limit to 1000000 conflicts (due to '1000000')
c 
c --- [ parsing input ] ------------------------------------------------------
c 
c reading DIMACS file from '/tmp/sr59_cnfs/aux_force_sr59_n32_bit31_m17149975_fillffffffff.cnf'
c opening file to read '/tmp/sr59_cnfs/aux_force_sr59_n32_bit31_m17149975_fillffffffff.cnf'
c found 'p cnf 12336 51511' header
c parsed 51511 clauses in 0.01 seconds process time
c 
c --- [ options ] ------------------------------------------------------------
c 
c   --seed=5                       (different from default '0')
c 
c --- [ solving ] ------------------------------------------------------------
c 
c time measured in process time since initialization
c 
c  seconds  reduction conflicts       size tier2       variables
c         MB    restarts   redundant    glue  trail         remaining
c          level     rate       size/glu tier1  irredundant
c 
c *  0.01  0  0 0   0  0    0    0 0.0 0 0 2 6  0% 50998 11855 96%
c (  0.01  0  0 0   0  0    0    0 0.0 0 0 2 6  0% 50998 11855 96%
c .  0.01  0  0 0   0  0    0    0 0.0 0 0 2 6  0% 49974 11855 96%
c c  0.03  0  0 0   0  0    0    0 0.0 0 0 2 6  0% 47282 11393 92%
c d  0.03  0  0 0   0  0    0    0 0.0 0 0 2 6  0% 43238 10059 82%
c 2  0.03  0  0 0   0  0    0    0 0.0 0 0 2 6  0% 43094 10059 82%
c f  0.04  0  0 0   0  0    0    0 0.0 0 0 2 6  0% 42828 10325 84%
c e  0.06  0  0 0   0  0    0    0 0.0 0 0 2 6  0% 28841 5304 43%
c P  0.06  0  0 0   0  0    0    0 0.0 0 0 2 6  0% 28841 5304 43%
c )  0.06  0  0 0   0  0    0    0 0.0 0 0 2 6  0% 28841 5304 43%
c {  0.06  0  0 0   0  0    0    0 0.0 0 0 2 6  0% 28841 5304 43%
c -  0.06  0 945 1   8 35  302  246 1.5 4 3 2 6 19% 28841 5304 43%
c -  0.06  0 444 2  20 23  736  572 1.6 4 3 2 6 14% 28841 5304 43%
c }  0.07  0 371 2  37 22 1002  795 1.7 4 3 2 6 13% 28841 5304 43%
c [  0.07  0  0 2  37  0 1002  795 0.0 0 0 2 6  0% 28841 5304 43%
c O  0.07  0 1917 2  37 1918 1003  796 2.0 8 4 2 6 39% 28841 5304 43%
c ]  0.07  0 1914 2  37  9 1268 1022 1.9 55 29 2 6 41% 28841 5304 43%
c {  0.07  0 371 2  37 22 1268 1022 1.7 4 3 2 6 13% 28841 5304 43%
c -  0.07  0 334 3  71 22 1415  938 1.6 4 3 2 6 13% 28841 5304 43%
c p  0.09  0 243 3 209 23 2216 1597 1.6 5 3 2 6 27% 28829 5289 43%
c 
c  seconds   reduction conflicts       size tier2      variables
c         MB     restarts   redundant    glue  trail        remaining
c           level     rate       size/glu tier1  irredundant
c 
c c  0.09  0 243 3 209 23 2216 1597 1.6 5 3 2 6 27% 28805 5289 43%
c d  0.09  0 243 3 209 23 2216 1582 1.6 5 3 2 6 27% 28787 5280 43%
c t  0.10  0 243 3 209 23 2216 1582 1.6 5 3 2 6 27% 28786 5280 43%
c -  0.10  0 235 4 244 24 2355 1534 1.6 5 3 2 6 24% 28786 5280 43%
c }  0.10  0 234 4 245 24 2357 1536 1.6 5 3 2 6 24% 28786 5280 43%
c [  0.10  0 1914 4 245  9 2357 1536 1.9 55 29 2 6 97% 28786 5280 43%
c I  0.10  0 659 4 245  4 3006 2094 2.0 28 14 2 6 38% 28786 5280 43%
c -  0.11  0 450 5 246  4 3570 2097 1.9 23 12 2 6 33% 28786 5280 43%
c s  0.12  0 363 5 246  3 4210 2609 1.9 21 11 2 6 31% 28778 5280 43%
c t  0.12  0 363 5 246  3 4210 2609 1.9 21 11 2 6 31% 28775 5280 43%
c e  0.13  0 363 5 246  3 4210 2398 1.9 21 11 2 6 31% 28739 4987 40%
c s  0.13  0 363 5 246  3 4210 2340 1.9 21 11 2 6 31% 28617 4987 40%
c ]  0.14  0 343 5 247  3 4519 2622 1.9 21 11 2 6 31% 28617 4987 40%
c {  0.14  0 234 5 247 24 4519 2622 1.6 5 3 2 6 24% 28617 4987 40%
c c  0.15  0 228 5 300 25 4716 2753 1.6 5 3 2 6 23% 28589 4976 40%
c d  0.15  0 228 5 300 25 4716 2749 1.6 5 3 2 6 23% 28581 4972 40%
c =  0.16  0 228 5 300 25 4716 2749 1.6 5 3 2 6 23% 28525 4930 40%
c -  0.17  0 208 6 378 25 5063 2182 1.6 5 3 2 3 19% 28525 4930 40%
c O  0.17  0 176 6 506 22 6007 2964 1.6 6 3 2 3 15% 28525 4930 40%
c }  0.18  0 159 6 628 22 6748 3607 1.6 6 4 2 3 14% 28525 4930 40%
c 
c  seconds   reduction conflicts       size   tier2      variables
c         MB     restarts   redundant     glue   trail        remaining
c           level     rate       size/glue  tier1  irredundant
c 
c [  0.18  0 343 6 628  3 6748 3607 1.9 21 11 2 6 31% 28525 4930 40%
c -  0.18  0 334 7 628  3 6841 3065 1.9 21 11 2 6 31% 28525 4930 40%
c c  0.20  0 302 7 628  3 7319 3428 2.1 24 12 3 9 32% 28473 4917 40%
c d  0.20  0 302 7 628  3 7319 3382 2.1 24 12 3 9 32% 28451 4906 40%
c =  0.20  0 302 7 628  3 7319 3382 2.1 24 12 3 9 32% 28411 4876 40%
c f  0.21  0 302 7 628  3 7319 3382 2.1 24 12 3 9 31% 28227 5056 41%
c -  0.22  0 228 8 629  3 8908 3518 2.0 20 10 3 9 24% 28227 5056 41%
c B  0.24  0 218 8 630  3 10009 4448 2.1 25 12 2 3 26% 28227 5056 41%
c ]  0.25  0 212 8 630  3 10321 4731 2.1 24 12 2 3 26% 28227 5056 41%
c {  0.25  0 159 8 630 22 10321 4731 1.6 6 4 2 3 14% 28227 5056 41%
c -  0.26  0 141 9 736 20 11267 4178 1.6 6 4 2 3 13% 28227 5056 41%
c d  0.28  0 126 9 945 18 12802 5104 1.6 6 4 2 3 13% 28225 5024 41%
c =  0.29  0 126 9 945 18 12802 4969 1.6 6 4 2 3 13% 28201 4918 40%
c t  0.29  0 126 9 945 18 12802 4968 1.6 6 4 2 3 13% 28201 4918 40%
c -  0.30  0 118 10 1186 18 13920 3800 1.6 6 4 1 2 13% 28201 4918 40%
c s  0.31  0 115 10 1243 18 14296 3940 1.6 6 4 1 2 14% 27068 4918 40%
c t  0.31  0 115 10 1243 18 14296 3935 1.6 6 4 1 2 14% 27068 4918 40%
c e  0.32  0 115 10 1243 18 14296 3575 1.6 6 4 1 2 14% 27063 4736 38%
c s  0.32  0 115 10 1243 18 14296 3509 1.6 6 4 1 2 14% 26885 4736 38%
c }  0.32  0 116 10 1265 18 14407 3610 1.6 7 4 1 2 14% 26882 4736 38%
c 
c  seconds   reductions   conflicts       size   tier2      variables
c         MB      restarts     redundant     glue   trail        remaining
c           level       rate        size/glue  tier1  irredundant
c 
c [  0.33  0 212 10 1265  3 14407 3610 2.1 24 12 2 3 29% 26882 4736 38%
c W  0.34  0 204 10 1265  3 15011 4175 2.1 25 12 2 3 30% 26882 4736 38%
c 2  0.35  0 209 10 1266  3 15668 4733 2.2 25 11 2 3 32% 26882 4736 38%
c d  0.35  0 209 10 1266  3 15668 4718 2.2 25 11 2 3 32% 26882 4729 38%
c c  0.35  0 209 10 1266  3 15668 4718 2.2 25 11 2 3 32% 26802 4729 38%
c d  0.36  0 209 10 1266  3 15668 4697 2.2 25 11 2 3 32% 26790 4723 38%
c =  0.36  0 209 10 1266  3 15668 4697 2.2 25 11 2 3 32% 26789 4706 38%
c f  0.37  0 209 10 1266  3 15668 4697 2.2 25 11 2 3 32% 26747 4745 38%
c -  0.39  0 207 11 1266  3 16869 3662 2.2 26 12 2 3 32% 26747 4745 38%
c =  0.41  0 199 11 1267  2 18610 5214 2.2 27 12 2 3 32% 26707 4715 38%
c t  0.42  0 199 11 1267  2 18610 5214 2.2 27 12 2 3 32% 26705 4715 38%
c -  0.43  0 179 12 1267  2 20117 3980 2.1 25 12 2 3 29% 26705 4715 38%
c O  0.44  0 169 12 1267  2 21012 4754 2.1 25 12 2 3 27% 26705 4715 38%
c ]  0.44  0 165 12 1267  2 21508 5192 2.1 24 11 2 3 26% 26705 4715 38%
c {  0.44  0 116 12 1267 18 21508 5192 1.6 7 4 1 2 14% 26705 4715 38%
c d  0.44  0 115 12 1294 18 21620 5280 1.6 7 4 1 2 14% 26704 4713 38%
c u  0.45  0 115 12 1294 18 21620 4880 1.6 7 4 1 2 14% 26704 4713 38%
c v  0.45  0 115 12 1294 18 21620 4847 1.6 7 4 1 2 14% 26704 4713 38%
c w  0.45  0 115 12 1294 18 21620 4842 1.6 7 4 1 2 14% 26704 4713 38%
c -  0.48  0 108 13 1676 18 23662 4430 1.6 7 4 1 2 14% 26671 4713 38%
c 
c  seconds   reductions   conflicts       size tier2      variables
c         MB      restarts     redundant    glue  trail        remaining
c           level       rate        size/glu tier1  irredundant
c 
c c  0.50  0 106 13 1900 18 24697 5324 1.6 7 4 1 2 14% 26597 4704 38%
c =  0.51  0 106 13 1900 18 24697 5294 1.6 7 4 1 2 14% 26503 4579 37%
c f  0.51  0 106 13 1900 18 24697 5290 1.6 7 4 1 2 14% 26479 4599 37%
c }  0.54  0 103 13 2286 19 26489 6892 1.6 7 5 1 2 14% 26479 4599 37%
c [  0.54  0 165 13 2286  2 26489 6892 2.1 24 11 2 3 26% 26479 4599 37%
c -  0.55  0 166 14 2287  2 27507 5377 2.1 25 12 2 3 28% 26479 4599 37%
c c  0.56  0 166 14 2288  2 27835 5672 2.1 25 12 2 3 28% 26471 4598 37%
c d  0.56  0 166 14 2288  2 27835 5670 2.1 25 12 2 3 28% 26469 4597 37%
c 2  0.57  0 166 14 2288  2 27835 5670 2.1 25 12 2 3 28% 26467 4597 37%
c =  0.57  0 166 14 2288  2 27835 5670 2.1 25 12 2 3 28% 26463 4518 37%
c B  0.57  0 166 14 2288  2 28013 5830 2.1 25 12 2 3 28% 26463 4518 37%
c s  0.59  0 165 14 2289  2 29327 6943 2.1 25 12 2 3 28% 25126 4518 37%
c t  0.59  0 165 14 2289  2 29327 6941 2.1 25 12 2 3 28% 25126 4518 37%
c e  0.60  0 165 14 2289  2 29327 6113 2.1 25 12 2 3 28% 24891 4430 36%
c s  0.60  0 165 14 2289  2 29327 6088 2.1 25 12 2 3 28% 24842 4430 36%
c -  0.63  0 161 15 2290  2 31655 5354 2.1 26 13 2 3 35% 24835 4430 36%
c 2  0.63  0 161 15 2290  2 31655 5342 2.1 26 13 2 3 35% 24835 4430 36%
c =  0.65  0 161 15 2290  2 31655 5342 2.1 26 13 2 3 35% 24784 4415 36%
c f  0.65  0 161 15 2290  2 31655 5342 2.1 26 13 2 3 35% 24761 4421 36%
c W  0.70  0 147 15 2293  2 36014 9216 2.0 25 12 2 3 27% 24761 4421 36%
c 
c  seconds   reductions   conflicts       size   tier2      variables
c         MB      restarts     redundant     glue   trail        remaining
c           level       rate        size/glue  tier1  irredundant
c 
c -  0.70  0 147 16 2293  2 36102 5759 2.0 25 12 2 3 27% 24761 4421 36%
c ]  0.72  0 147 16 2293  2 37091 6646 2.0 25 12 2 3 27% 24761 4421 36%
c {  0.72  0 103 16 2293 19 37091 6646 1.6 7 5 1 2 16% 24761 4421 36%
c -  0.78  0 98 17 3150 19 40854 6648 1.6 8 5 1 2 16% 24761 4421 36%
c p  0.78  0 98 17 3150 19 40854 6668 1.6 8 5 1 2 16% 24761 4420 36%
c c  0.79  0 98 17 3150 19 40854 6668 1.6 8 5 1 2 16% 24755 4420 36%
c d  0.79  0 98 17 3150 19 40854 6666 1.6 8 5 1 2 16% 24753 4419 36%
c 2  0.79  0 98 17 3150 19 40854 6666 1.6 8 5 1 2 16% 24751 4419 36%
c u  0.79  0 98 17 3150 19 40854 5454 1.6 8 5 1 2 16% 24689 4419 36%
c v  0.79  0 98 17 3150 19 40854 5414 1.6 8 5 1 2 16% 24689 4419 36%
c f  0.80  0 98 17 3150 19 40854 5403 1.6 8 5 1 2 16% 24678 4433 36%
c }  0.83  0 96 17 3534 19 43479 7766 1.6 8 5 1 2 17% 24678 4433 36%
c [  0.83  0 147 17 3534  2 43479 7766 2.0 25 12 2 3 27% 24678 4433 36%
c I  0.85  0 145 17 3534  2 45015 9223 2.1 26 12 2 3 31% 24678 4433 36%
c -  0.86  0 144 18 3534  2 45909 6532 2.1 26 12 2 3 31% 24678 4433 36%
c d  0.86  0 144 18 3534  2 45909 6510 2.1 26 12 2 3 31% 24678 4428 36%
c c  0.87  0 144 18 3534  2 45909 6510 2.1 26 12 2 3 31% 24650 4428 36%
c f  0.88  0 144 18 3534  2 45909 6472 2.1 26 12 2 3 30% 24635 4435 36%
c s  0.93  0 143 18 3535  2 49223 9431 2.1 28 13 2 3 35% 24602 4435 36%
c e  0.94  0 143 18 3535  2 49223 9276 2.1 28 13 2 3 35% 22171 4055 33%
c 
c  seconds   reductions   conflicts       size   tier2      variables
c         MB      restarts     redundant     glue   trail        remaining
c           level       rate        size/glue  tier1  irredundant
c 
c s  0.94  0 143 18 3535  2 49223 9240 2.1 28 13 2 3 35% 22161 4055 33%
c -  0.97  0 146 19 3535  2 51267 6590 2.1 29 14 2 3 34% 22157 4055 33%
c 2  0.97  0 146 19 3535  2 51267 6584 2.1 29 14 2 3 34% 22157 4055 33%
c d  0.97  0 146 19 3535  2 51267 6581 2.1 29 14 2 3 34% 22156 4053 33%
c ]  1.03  0 148 19 3535  2 53711 8869 2.1 31 15 2 3 34% 22156 4053 33%
c {  1.03  0 96 19 3535 19 53711 8869 1.6 8 5 1 2 17% 22156 4053 33%
c #  1.04  0 95 19 3730 19 55019 10034 1.6 8 5 1 2 16% 22156 4053 33%
c -  1.08  0 93 20 4130 19 56928 7402 1.6 8 5 1 2 16% 22156 4053 33%
c p  1.08  0 93 20 4130 19 56928 7555 1.6 8 5 1 2 16% 22156 4053 33%
c u  1.08  0 93 20 4130 19 56928 7105 1.6 8 5 1 2 16% 22156 4053 33%
c v  1.08  0 93 20 4130 19 56928 6935 1.6 8 5 1 2 16% 22156 4053 33%
c t  1.08  0 93 20 4130 19 56928 6934 1.6 8 5 1 2 16% 22156 4053 33%
c f  1.09  0 93 20 4130 19 56928 6920 1.6 8 5 1 2 16% 22162 4061 33%
c }  1.16  0 91 20 5012 18 62120 11643 1.7 9 5 1 2 16% 22162 4061 33%
c [  1.16  0 148 20 5012  2 62120 11643 2.1 31 15 2 3 34% 22162 4061 33%
c -  1.17  0 148 21 5012  2 62892 8133 2.1 31 15 2 3 35% 22162 4061 33%
c p  1.17  0 148 21 5012  2 62892 8134 2.1 31 15 2 3 35% 22158 4058 33%
c c  1.18  0 148 21 5012  2 62892 8134 2.1 31 15 2 3 35% 22152 4058 33%
c f  1.19  0 148 21 5012  2 62892 8121 2.1 31 15 2 3 35% 22149 4060 33%
c B  1.26  0 149 21 5015  2 66021 11025 2.1 34 16 2 3 35% 22149 4060 33%
c 
c  seconds   reductions   conflicts       size   tier2      variables
c         MB      restarts     redundant     glue   trail        remaining
c           level       rate        size/glue  tier1  irredundant
c 
c -  1.30  0 147 22 5017  2 69162 8834 2.1 34 16 2 3 35% 22149 4060 33%
c p  1.30  0 147 22 5017  2 69162 8935 2.1 34 16 2 3 35% 22149 4060 33%
c u  1.31  0 147 22 5017  2 69162 8419 2.1 34 16 2 3 35% 22149 4060 33%
c v  1.31  0 147 22 5017  2 69162 8259 2.1 34 16 2 3 35% 22149 4060 33%
c w  1.31  0 147 22 5017  2 69162 8259 2.1 34 16 2 3 35% 22149 4060 33%
c f  1.31  0 147 22 5017  2 69162 8226 2.1 34 16 2 3 35% 22165 4076 33%
c s  1.40  0 149 22 5019  2 73724 12367 2.1 36 17 1 2 34% 22152 4076 33%
c e  1.41  0 149 22 5019  2 73724 12354 2.1 36 17 1 2 34% 22151 4075 33%
c s  1.41  0 149 22 5019  2 73724 12328 2.1 36 17 1 2 34% 22151 4075 33%
c ^  1.41  0 149 22 5019  2 73724 12328 2.1 36 17 1 2 34% 22151 4075 33%
c ]  1.42  0 149 22 5019  2 74202 12777 2.1 36 17 1 2 34% 22151 4075 33%
c {  1.42  0 91 22 5019 18 74202 12777 1.7 9 5 1 2 16% 22151 4075 33%
c -  1.45  0 91 23 5402 19 75737 8779 1.7 9 5 1 2 16% 22151 4075 33%
c p  1.45  0 91 23 5402 19 75737 9020 1.7 9 5 1 2 16% 22151 4075 33%
c B  1.49  0 90 23 5821 19 78022 11086 1.7 9 5 1 2 17% 22151 4075 33%
c -  1.58  0 88 24 6673 19 82617 10007 1.7 9 6 1 2 17% 22151 4075 33%
c d  1.58  0 88 24 6673 19 82617 9991 1.7 9 6 1 2 17% 22151 4073 33%
c p  1.58  0 88 24 6673 19 82617 10044 1.7 9 6 1 2 17% 22151 4073 33%
c c  1.59  0 88 24 6673 19 82617 10044 1.7 9 6 1 2 17% 22145 4073 33%
c u  1.59  0 88 24 6673 19 82617 9514 1.7 9 6 1 2 17% 22143 4072 33%
c 
c  seconds  reductions   conflicts       size tier2      variables
c         MB     restarts     redundant    glue  trail        remaining
c          level       rate        size/glu tier1  irredundant
c 
c v  1.59  0 88 24 6673 19 82617 9226 1.7 9 6 1 2 17% 22143 4072 33%
c w  1.59  0 88 24 6673 19 82617 9226 1.7 9 6 1 2 17% 22143 4072 33%
c }  1.61  0 88 24 6795 19 83322 9865 1.7 9 6 1 2 17% 22143 4072 33%
c [  1.61  0 149 24 6795  2 83322 9865 2.1 36 17 1 2 34% 22143 4072 33%
c -  1.72  0 150 25 6799  2 89803 10125 2.0 38 19 1 2 33% 22143 4072 33%
c p  1.72  0 150 25 6799  2 89803 10216 2.0 38 19 1 2 33% 22143 4072 33%
c =  1.73  0 150 25 6799  2 89803 10216 2.0 38 19 1 2 33% 22143 4071 33%
c f  1.73  0 150 25 6799  2 89803 10211 2.0 38 19 1 2 33% 22146 4072 33%
c W  1.77  0 149 25 6800  2 91024 11328 2.0 38 19 1 2 33% 22146 4072 33%
c -  1.90  0 149 26 6802  2 97294 10281 2.1 41 20 1 2 34% 22146 4072 33%
c p  1.90  0 149 26 6802  2 97294 10301 2.1 41 20 1 2 34% 22146 4069 33%
c u  1.90  0 149 26 6802  2 97294 9836 2.1 41 20 1 2 34% 22146 4069 33%
c v  1.90  0 149 26 6802  2 97294 9767 2.1 41 20 1 2 34% 22146 4069 33%
c w  1.90  0 149 26 6802  2 97294 9765 2.1 41 20 1 2 34% 22146 4069 33%
c x  1.91  0 149 26 6802  2 97294 9764 2.1 41 20 1 2 34% 22146 4069 33%
c f  1.91  0 149 26 6802  2 97294 9764 2.1 41 20 1 2 34% 22132 4071 33%
c ]  1.95  0 151 26 6803  2 99607 11960 2.1 42 20 1 2 34% 22132 4071 33%
c {  1.95  0 88 26 6803 19 99607 11960 1.7 9 6 1 2 17% 22132 4071 33%
c s  2.01  0 88 26 7433 19 103037 14948 1.7 10 6 1 2 17% 22120 4071 33%
c t  2.01  0 88 26 7433 19 103037 14947 1.7 10 6 1 2 17% 22120 4071 33%
c 
c  seconds  reductions   conflicts         size  tier2      variables
c         MB     restarts       redundant     glue  trail        remaining
c          level       rate          size/glue tier1  irredundant
c 
c e  2.02  0 88 26 7433 19 103037 10829 1.7 10 6 1 2 17% 22306 3870 31%
c s  2.03  0 88 26 7433 19 103037 10751 1.7 10 6 1 2 17% 22186 3870 31%
c e  2.03  0 88 26 7433 19 103037 10680 1.7 10 6 1 2 17% 22164 3861 31%
c W  2.07  0 88 26 7702 18 105025 12443 1.7 10 6 1 2 18% 22164 3861 31%
c -  2.07  0 88 27 7718 18 105091 8726 1.7 10 6 1 2 18% 22164 3861 31%
c 2  2.07  0 88 27 7718 18 105091 8642 1.7 10 6 1 2 18% 22164 3861 31%
c d  2.07  0 88 27 7718 18 105091 8636 1.7 10 6 1 2 18% 22164 3858 31%
c p  2.07  0 88 27 7718 18 105091 8740 1.7 10 6 1 2 18% 22164 3858 31%
c c  2.08  0 88 27 7718 18 105091 8740 1.7 10 6 1 2 18% 22140 3858 31%
c =  2.09  0 88 27 7718 18 105091 8686 1.7 10 6 1 2 18% 21916 3798 31%
c f  2.10  0 88 27 7718 18 105091 8685 1.7 10 6 1 2 18% 21864 3824 31%
c -  2.20  0 87 28 8674 17 113196 10723 1.7 10 6 1 2 18% 21864 3824 31%
c p  2.21  0 87 28 8674 17 113196 10857 1.7 10 6 1 2 18% 21864 3823 31%
c =  2.22  0 87 28 8674 17 113196 10857 1.7 10 6 1 2 18% 21862 3819 31%
c u  2.23  0 87 28 8674 17 113196 10368 1.7 10 6 1 2 18% 21835 3819 31%
c v  2.23  0 87 28 8674 17 113196 10136 1.7 10 6 1 2 18% 21835 3819 31%
c f  2.23  0 87 28 8674 17 113196 10133 1.7 10 6 1 2 18% 21834 3821 31%
c }  2.25  0 86 28 8863 17 114688 11465 1.7 10 6 1 2 18% 21834 3821 31%
c [  2.25  0 151 28 8863  2 114688 11465 2.1 42 20 1 2 40% 21834 3821 31%
c O  2.35  0 150 28 8863  2 120027 16583 2.1 43 20 1 2 40% 21834 3821 31%
c 
c  seconds   reductions   conflicts         size   tier2      variables
c         MB      restarts       redundant     glue   trail        remaining
c           level       rate          size/glue  tier1  irredundant
c 
c -  2.37  0 150 29 8864  2 121609 11293 2.1 43 20 1 2 39% 21834 3821 31%
c p  2.38  0 150 29 8864  2 121609 11300 2.1 43 20 1 2 39% 21834 3821 31%
c -  2.55  0 149 30 8864  2 130327 11261 2.1 45 21 1 2 39% 21834 3821 31%
c p  2.55  0 149 30 8864  2 130327 11416 2.1 45 21 1 2 39% 21834 3821 31%
c u  2.56  0 149 30 8864  2 130327 11028 2.1 45 21 1 2 39% 21834 3821 31%
c v  2.56  0 149 30 8864  2 130327 10835 2.1 45 21 1 2 39% 21834 3821 31%
c w  2.56  0 149 30 8864  2 130327 10835 2.1 45 21 1 2 39% 21834 3821 31%
c t  2.56  0 149 30 8864  2 130327 10831 2.1 45 21 1 2 39% 21834 3821 31%
c f  2.57  0 149 30 8864  2 130327 10823 2.1 45 21 1 2 39% 21836 3824 31%
c ]  2.64  0 148 30 8864  2 134810 15022 2.1 46 22 1 2 39% 21836 3824 31%
c {  2.64  0 86 30 8864 17 134810 15022 1.7 10 6 1 2 18% 21836 3824 31%
c F  2.66  0 86 30 9036 17 136028 16153 1.7 10 6 1 2 18% 21836 3824 31%
c s  2.70  0 85 30 9317 17 138334 18082 1.7 10 6 1 2 18% 21717 3824 31%
c e  2.71  0 85 30 9317 17 138334 16024 1.7 10 6 1 2 18% 20362 3589 29%
c s  2.71  0 85 30 9317 17 138334 15982 1.7 10 6 1 2 18% 20338 3589 29%
c -  2.73  0 85 31 9484 17 139353 10843 1.7 10 6 1 2 18% 20338 3589 29%
c 2  2.73  0 85 31 9484 17 139353 10835 1.7 10 6 1 2 18% 20338 3589 29%
c p  2.74  0 85 31 9484 17 139353 10891 1.7 10 6 1 2 18% 20338 3587 29%
c f  2.75  0 85 31 9484 17 139353 10891 1.7 10 6 1 2 18% 20314 3597 29%
c -  2.90  0 84 32 10791 16 148686 12773 1.7 10 6 1 2 18% 20314 3597 29%
c 
c  seconds  reductions    conflicts         size  tier2      variables
c         MB      restarts       redundant     glue  trail        remaining
c          level        rate          size/glue tier1  irredundant
c 
c p  2.90  0 84 32 10791 16 148686 12920 1.7 10 6 1 2 18% 20314 3597 29%
c u  2.90  0 84 32 10791 16 148686 12318 1.7 10 6 1 2 18% 20314 3597 29%
c v  2.91  0 84 32 10791 16 148686 12027 1.7 10 6 1 2 18% 20314 3597 29%
c f  2.91  0 84 32 10791 16 148686 12019 1.7 10 6 1 2 18% 20315 3600 29%
c }  2.95  0 83 32 11228 16 151812 14818 1.7 10 6 1 2 17% 20315 3600 29%
c [  2.95  0 148 32 11228  2 151812 14818 2.1 46 22 1 2 39% 20315 3600 29%
c B  2.97  0 148 32 11228  2 153029 15951 2.1 46 22 1 2 39% 20315 3600 29%
c -  3.08  0 148 33 11231  2 158330 13334 2.1 46 22 1 2 39% 20315 3600 29%
c d  3.08  0 148 33 11231  2 158330 13319 2.1 46 22 1 2 39% 20313 3597 29%
c p  3.08  0 148 33 11231  2 158330 13379 2.1 46 22 1 2 39% 20313 3597 29%
c -  3.33  0 150 34 11236  2 168277 13598 2.0 49 24 1 2 40% 20310 3597 29%
c p  3.33  0 150 34 11236  2 168277 13719 2.0 49 24 1 2 40% 20310 3596 29%
c =  3.34  0 150 34 11236  2 168277 13669 2.0 49 24 1 2 40% 20310 3579 29%
c u  3.35  0 150 34 11236  2 168277 13395 2.0 49 24 1 2 40% 20308 3579 29%
c v  3.35  0 150 34 11236  2 168277 13244 2.0 49 24 1 2 40% 20308 3579 29%
c w  3.35  0 150 34 11236  2 168277 13243 2.0 49 24 1 2 40% 20308 3579 29%
c x  3.35  0 150 34 11236  2 168277 13243 2.0 49 24 1 2 40% 20299 3579 29%
c t  3.35  0 150 34 11236  2 168277 13243 2.0 49 24 1 2 40% 20291 3579 29%
c W  3.44  0 151 34 11238  2 171030 15860 2.0 49 24 1 2 40% 20291 3579 29%
c ]  3.47  0 151 34 11240  2 173967 18621 2.0 49 24 1 2 39% 20291 3579 29%
c 
c  seconds  reductions    conflicts         size  tier2      variables
c         MB      restarts       redundant     glue  trail        remaining
c          level        rate          size/glue tier1  irredundant
c 
c {  3.47  0 83 34 11240 16 173967 18621 1.7 10 6 1 2 17% 20291 3579 29%
c s  3.54  0 81 34 11736 16 178375 22310 1.7 10 6 1 2 17% 20156 3579 29%
c e  3.55  0 81 34 11736 16 178375 21192 1.7 10 6 1 2 17% 20151 3554 29%
c s  3.55  0 81 34 11736 16 178375 21142 1.7 10 6 1 2 17% 20140 3554 29%
c -  3.56  0 81 35 11736 16 178532 13465 1.7 10 6 1 2 17% 20140 3554 29%
c f  3.56  0 81 35 11736 16 178532 13465 1.7 10 6 1 2 17% 20138 3555 29%
c -  3.75  0 80 36 13386 15 189096 15327 1.7 11 6 1 2 17% 20138 3555 29%
c p  3.75  0 80 36 13386 15 189096 15485 1.7 11 6 1 2 17% 20138 3555 29%
c =  3.77  0 80 36 13386 15 189096 15484 1.7 11 6 1 2 17% 20138 3554 29%
c u  3.78  0 80 36 13386 15 189096 14895 1.7 11 6 1 2 17% 20138 3554 29%
c v  3.78  0 80 36 13386 15 189096 14583 1.7 11 6 1 2 17% 20138 3554 29%
c t  3.78  0 80 36 13386 15 189096 14578 1.7 11 6 1 2 17% 20138 3554 29%
c f  3.78  0 80 36 13386 15 189096 14577 1.7 11 6 1 2 17% 20137 3555 29%
c B  3.80  0 80 36 13493 15 190031 15422 1.7 11 6 1 2 17% 20137 3555 29%
c }  3.84  0 79 36 13828 15 193299 18313 1.7 11 6 1 2 17% 20137 3555 29%
c [  3.84  0 151 36 13828  2 193299 18313 2.0 49 24 1 2 39% 20137 3555 29%
c -  4.01  0 152 37 13830  2 199967 15855 2.0 51 26 1 2 39% 20137 3555 29%
c p  4.01  0 152 37 13830  2 199967 15910 2.0 51 26 1 2 39% 20137 3555 29%
c I  4.26  0 152 37 13833  2 210035 25559 2.1 52 25 1 2 41% 20137 3555 29%
c -  4.28  0 151 38 13834  2 211146 16236 2.1 52 25 1 2 41% 20137 3555 29%
c 
c  seconds   reductions    conflicts         size   tier2      variables
c         MB       restarts       redundant     glue   trail        remaining
c           level        rate          size/glue  tier1  irredundant
c 
c p  4.28  0 151 38 13834  2 211146 16322 2.1 52 25 1 2 41% 20137 3555 29%
c u  4.29  0 151 38 13834  2 211146 15919 2.1 52 25 1 2 41% 20137 3555 29%
c v  4.29  0 151 38 13834  2 211146 15667 2.1 52 25 1 2 41% 20137 3555 29%
c w  4.29  0 151 38 13834  2 211146 15667 2.1 52 25 1 2 41% 20137 3555 29%
c ]  4.41  0 151 38 13838  2 217052 21304 2.1 52 25 1 2 40% 20137 3555 29%
c {  4.41  0 79 38 13838 15 217052 21304 1.7 11 6 1 2 17% 20137 3555 29%
c -  4.52  0 78 39 14736 15 222634 16717 1.7 11 6 1 2 17% 20137 3555 29%
c p  4.52  0 78 39 14736 15 222634 16780 1.7 11 6 1 2 17% 20137 3555 29%
c u  4.55  0 78 39 14736 15 222634 16495 1.7 11 6 1 2 17% 20137 3555 29%
c v  4.55  0 78 39 14736 15 222634 16361 1.7 11 6 1 2 17% 20137 3555 29%
c s  4.57  0 78 39 14765 15 223421 16817 1.7 11 6 1 2 17% 20135 3555 29%
c e  4.57  0 78 39 14765 15 223421 16789 1.7 11 6 1 2 17% 20136 3550 29%
c s  4.58  0 78 39 14765 15 223421 16735 1.7 11 6 1 2 17% 20135 3550 29%
c W  4.73  0 77 39 15738 15 231037 23607 1.7 11 6 1 2 16% 20134 3550 29%
c -  4.81  0 77 40 16344 15 234430 17843 1.7 11 6 1 2 17% 20134 3550 29%
c 2  4.81  0 77 40 16344 15 234430 17842 1.7 11 6 1 2 17% 20134 3550 29%
c p  4.81  0 77 40 16344 15 234430 17936 1.7 11 6 1 2 17% 20134 3550 29%
c u  4.81  0 77 40 16344 15 234430 17761 1.7 11 6 1 2 17% 20134 3550 29%
c v  4.82  0 77 40 16344 15 234430 17567 1.7 11 6 1 2 17% 20134 3550 29%
c }  4.86  0 77 40 16706 15 236615 19617 1.7 11 6 1 2 17% 20134 3550 29%
c 
c  seconds   reductions    conflicts         size   tier2      variables
c         MB       restarts       redundant     glue   trail        remaining
c           level        rate          size/glue  tier1  irredundant
c 
c [  4.86  0 151 40 16706  2 236615 19617 2.1 52 25 1 2 40% 20134 3550 29%
c -  5.09  0 153 41 16711  2 246538 18767 2.1 53 25 1 2 41% 20134 3550 29%
c p  5.09  0 153 41 16711  2 246538 18797 2.1 53 25 1 2 41% 20134 3550 29%
c B  5.24  0 155 41 16713  2 253038 24939 2.1 55 26 1 2 41% 20134 3550 29%
c -  5.35  0 154 42 16714  1 258952 18532 2.1 55 26 1 2 41% 20134 3550 29%
c p  5.35  0 154 42 16714  1 258952 18593 2.1 55 26 1 2 41% 20134 3550 29%
c u  5.38  0 154 42 16714  1 258952 18293 2.1 55 26 1 2 41% 20134 3550 29%
c v  5.38  0 154 42 16714  1 258952 18207 2.1 55 26 1 2 41% 20134 3550 29%
c w  5.38  0 154 42 16714  1 258952 18205 2.1 55 26 1 2 41% 20134 3550 29%
c x  5.38  0 154 42 16714  1 258952 18205 2.1 55 26 1 2 41% 20122 3550 29%
c t  5.38  0 154 42 16714  1 258952 18205 2.1 55 26 1 2 41% 20119 3550 29%
c ]  5.52  0 156 42 16715  1 267839 26704 2.1 53 25 1 2 40% 20119 3550 29%
c {  5.52  0 77 42 16715 15 267839 26704 1.7 11 6 1 2 17% 20119 3550 29%
c -  5.61  0 77 43 17376 15 271675 18636 1.7 11 6 1 2 17% 20119 3550 29%
c p  5.61  0 77 43 17376 15 271675 18660 1.7 11 6 1 2 17% 20119 3550 29%
c u  5.62  0 77 43 17376 15 271675 18316 1.7 11 6 1 2 17% 20119 3550 29%
c v  5.62  0 77 43 17376 15 271675 18271 1.7 11 6 1 2 17% 20119 3550 29%
c s  5.66  0 77 43 17654 15 273496 19767 1.7 11 6 1 2 17% 20119 3550 29%
c t  5.66  0 77 43 17654 15 273496 19766 1.7 11 6 1 2 17% 20119 3550 29%
c e  5.66  0 77 43 17654 15 273496 19627 1.7 11 6 1 2 17% 20124 3542 29%
c 
c  seconds  reductions    conflicts         size  tier2      variables
c         MB      restarts       redundant     glue  trail        remaining
c          level        rate          size/glue tier1  irredundant
c 
c s  5.67  0 77 43 17654 15 273496 19591 1.7 11 6 1 2 17% 20120 3542 29%
c e  5.67  0 77 43 17654 15 273496 19584 1.7 11 6 1 2 17% 20120 3540 29%
c #  5.72  0 77 43 18013 15 276039 21901 1.7 11 7 1 2 17% 20120 3540 29%
c -  5.90  0 77 44 19371 15 284705 19767 1.7 11 7 1 2 17% 20120 3540 29%
c 2  5.90  0 77 44 19371 15 284705 19764 1.7 11 7 1 2 17% 20120 3540 29%
c p  5.90  0 77 44 19371 15 284705 19844 1.7 11 7 1 2 17% 20120 3540 29%
c u  5.90  0 77 44 19371 15 284705 19688 1.7 11 7 1 2 17% 20120 3540 29%
c v  5.91  0 77 44 19371 15 284705 19395 1.7 11 7 1 2 17% 20120 3540 29%
c w  5.91  0 77 44 19371 15 284705 19395 1.7 11 7 1 2 17% 20120 3540 29%
c f  5.91  0 77 44 19371 15 284705 19395 1.7 11 7 1 2 17% 20118 3541 29%
c }  5.98  0 77 44 19999 15 288922 23260 1.7 12 7 1 2 17% 20118 3541 29%
c [  5.98  0 156 44 19999  1 288922 23260 2.1 53 25 1 2 40% 20118 3541 29%
c -  6.25  0 158 45 19999  1 298044 20467 2.2 57 26 1 2 42% 20118 3541 29%
c p  6.25  0 158 45 19999  1 298044 20538 2.2 57 26 1 2 42% 20118 3541 29%
c u  6.25  0 158 45 19999  1 298044 20338 2.2 57 26 1 2 42% 20118 3541 29%
c v  6.26  0 158 45 19999  1 298044 20242 2.2 57 26 1 2 42% 20118 3541 29%
c w  6.26  0 158 45 19999  1 298044 20241 2.2 57 26 1 2 42% 20118 3541 29%
c W  6.37  0 158 45 20000  1 300040 22125 2.2 58 27 1 2 42% 20118 3541 29%
c -  6.77  0 159 46 20000  1 311697 19928 2.2 63 29 1 2 43% 20118 3541 29%
c p  6.77  0 159 46 20000  1 311697 19977 2.2 63 29 1 2 43% 20118 3541 29%
c 
c  seconds   reductions    conflicts         size   tier2      variables
c         MB       restarts       redundant     glue   trail        remaining
c           level        rate          size/glue  tier1  irredundant
c 
c u  6.80  0 159 46 20000  1 311697 19673 2.2 63 29 1 2 43% 20118 3541 29%
c v  6.80  0 159 46 20000  1 311697 19664 2.2 63 29 1 2 43% 20118 3541 29%
c w  6.80  0 159 46 20000  1 311697 19659 2.2 63 29 1 2 43% 20118 3541 29%
c ]  6.81  0 159 46 20000  1 311995 19938 2.2 63 29 1 2 43% 20118 3541 29%
c {  6.81  0 77 46 20000 15 311995 19938 1.7 12 7 1 2 17% 20118 3541 29%
c B  7.09  0 77 46 22181 15 325041 31873 1.7 12 7 1 2 17% 20118 3541 29%
c -  7.11  0 77 47 22293 15 325654 21141 1.7 12 7 1 2 17% 20118 3541 29%
c p  7.11  0 77 47 22293 15 325654 21189 1.7 12 7 1 2 17% 20118 3541 29%
c u  7.12  0 77 47 22293 15 325654 21028 1.7 12 7 1 2 17% 20118 3541 29%
c v  7.12  0 77 47 22293 15 325654 20835 1.7 12 7 1 2 17% 20118 3541 29%
c w  7.12  0 77 47 22293 15 325654 20835 1.7 12 7 1 2 17% 20118 3541 29%
c s  7.19  0 77 47 22761 15 328646 23412 1.7 12 7 1 2 17% 20114 3541 29%
c t  7.19  0 77 47 22761 15 328646 23411 1.7 12 7 1 2 17% 20114 3541 29%
c e  7.19  0 77 47 22761 15 328646 23405 1.7 12 7 1 2 17% 20115 3540 29%
c s  7.20  0 77 47 22761 15 328646 23366 1.7 12 7 1 2 17% 20114 3540 29%
c }  7.33  0 77 47 23732 15 335493 29574 1.7 12 7 1 2 17% 20114 3540 29%
c [  7.33  0 159 47 23732  1 335493 29574 2.2 63 29 1 2 43% 20114 3540 29%
c -  7.43  0 157 48 23732  1 339920 22470 2.2 62 28 1 2 43% 20114 3540 29%
c p  7.43  0 157 48 23732  1 339920 22517 2.2 62 28 1 2 43% 20114 3540 29%
c u  7.44  0 157 48 23732  1 339920 22363 2.2 62 28 1 2 43% 20114 3540 29%
c 
c  seconds   reductions    conflicts         size   tier2      variables
c         MB       restarts       redundant     glue   trail        remaining
c           level        rate          size/glue  tier1  irredundant
c 
c v  7.44  0 157 48 23732  1 339920 22301 2.2 62 28 1 2 43% 20114 3540 29%
c w  7.44  0 157 48 23732  1 339920 22299 2.2 62 28 1 2 43% 20114 3540 29%
c O  7.87  0 158 48 23732  1 351042 32996 2.3 66 29 1 2 44% 20113 3540 29%
c -  7.92  0 156 49 23732  1 354497 23036 2.3 65 28 1 2 43% 20113 3540 29%
c p  7.92  0 156 49 23732  1 354497 23082 2.3 65 28 1 2 43% 20113 3540 29%
c u  7.93  0 156 49 23732  1 354497 22827 2.3 65 28 1 2 43% 20113 3540 29%
c v  7.93  0 156 49 23732  1 354497 22658 2.3 65 28 1 2 43% 20113 3540 29%
c w  7.93  0 156 49 23732  1 354497 22658 2.3 65 28 1 2 43% 20113 3540 29%
c ]  8.23  0 155 49 23739  1 368563 35816 2.2 64 29 1 2 42% 20113 3540 29%
c {  8.23  0 77 49 23739 15 368563 35816 1.7 12 7 1 2 17% 20113 3540 29%
c -  8.25  0 77 50 23903 15 369382 22194 1.7 12 7 1 2 17% 20113 3540 29%
c p  8.25  0 77 50 23903 15 369382 22224 1.7 12 7 1 2 17% 20113 3540 29%
c u  8.26  0 77 50 23903 15 369382 22129 1.7 12 7 1 2 17% 20113 3540 29%
c W  8.46  0 77 50 25053 15 378043 29989 1.7 12 7 1 2 17% 20113 3540 29%
c -  8.61  0 77 51 25903 15 384576 23730 1.7 12 7 1 2 17% 20113 3540 29%
c p  8.61  0 77 51 25903 15 384576 23767 1.7 12 7 1 2 17% 20113 3540 29%
c u  8.63  0 77 51 25903 15 384576 23551 1.7 12 7 1 2 17% 20113 3540 29%
c v  8.63  0 77 51 25903 15 384576 23318 1.7 12 7 1 2 17% 20113 3540 29%
c s  8.72  0 77 51 26404 15 388800 27069 1.7 12 7 1 2 17% 20113 3540 29%
c s  8.74  0 77 51 26404 15 388800 27027 1.7 12 7 1 2 17% 20113 3540 29%
c 
c  seconds  reductions    conflicts         size  tier2      variables
c         MB      restarts       redundant     glue  trail        remaining
c          level        rate          size/glue tier1  irredundant
c 
c ^  8.74  0 77 51 26404 15 388800 27027 1.7 12 7 1 2 17% 20113 3540 29%
c }  8.88  0 77 51 27462 15 395046 32772 1.7 12 7 1 2 17% 20113 3540 29%
c [  8.88  0 155 51 27462  1 395046 32772 2.2 64 29 1 2 42% 20113 3540 29%
c -  8.97  0 154 52 27465  1 400081 24947 2.2 63 29 1 2 42% 20113 3540 29%
c p  8.97  0 154 52 27465  1 400081 24984 2.2 63 29 1 2 42% 20113 3540 29%
c u  8.98  0 154 52 27465  1 400081 24797 2.2 63 29 1 2 42% 20113 3540 29%
c v  8.98  0 154 52 27465  1 400081 24657 2.2 63 29 1 2 42% 20113 3540 29%
c w  8.98  0 154 52 27465  1 400081 24657 2.2 63 29 1 2 42% 20113 3540 29%
c B  9.08  0 155 52 27469  1 406044 30267 2.2 62 28 1 2 41% 20113 3540 29%
c -  9.37  0 156 53 27470  1 415893 25609 2.2 63 29 1 2 42% 20113 3540 29%
c p  9.37  0 156 53 27470  1 415893 25643 2.2 63 29 1 2 42% 20113 3540 29%
c u  9.38  0 156 53 27470  1 415893 25521 2.2 63 29 1 2 42% 20113 3540 29%
c v  9.38  0 156 53 27470  1 415893 25360 2.2 63 29 1 2 42% 20113 3540 29%
c w  9.38  0 156 53 27470  1 415893 25359 2.2 63 29 1 2 42% 20113 3540 29%
c ]  9.84  0 158 53 27477  1 428774 37737 2.2 68 31 1 2 43% 20113 3540 29%
c {  9.84  0 77 53 27477 15 428774 37737 1.7 12 7 1 2 17% 20113 3540 29%
c -  9.92  0 77 54 27944 15 432017 25311 1.7 12 7 1 2 17% 20113 3540 29%
c p  9.93  0 77 54 27944 15 432017 25346 1.7 12 7 1 2 17% 20113 3540 29%
c u  9.93  0 77 54 27944 15 432017 25129 1.7 12 7 1 2 17% 20113 3540 29%
c v  9.93  0 77 54 27944 15 432017 25077 1.7 12 7 1 2 17% 20113 3540 29%
c 
c  seconds  reductions    conflicts         size  tier2      variables
c         MB      restarts       redundant     glue  trail        remaining
c          level        rate          size/glue tier1  irredundant
c 
c F 10.00  0 77 54 28382 15 435045 27873 1.7 13 7 1 2 17% 20113 3540 29%
c - 10.30  0 77 55 30287 15 448452 26813 1.7 13 7 1 2 17% 20113 3540 29%
c p 10.30  0 77 55 30287 15 448452 26854 1.7 13 7 1 2 17% 20113 3540 29%
c u 10.31  0 77 55 30287 15 448452 26706 1.7 13 7 1 2 17% 20113 3540 29%
c v 10.32  0 77 55 30287 15 448452 26504 1.7 13 7 1 2 17% 20113 3540 29%
c s 10.42  0 76 55 30775 14 453964 31263 1.8 13 7 1 2 17% 20112 3540 29%
c e 10.44  0 76 55 30775 14 453964 27232 1.8 13 7 1 2 17% 20395 3380 27%
c s 10.45  0 76 55 30775 14 453964 27168 1.8 13 7 1 2 17% 20372 3380 27%
c } 10.56  0 75 55 31434 14 459463 32180 1.8 13 7 1 2 16% 20370 3380 27%
c [ 10.56  0 158 55 31434  1 459463 32180 2.2 68 31 1 2 50% 20370 3380 27%
c W 10.73  0 157 55 31438  1 465046 37543 2.2 67 30 1 2 49% 20370 3380 27%
c - 10.74  0 157 56 31438  1 465194 25194 2.2 67 30 1 2 49% 20370 3380 27%
c 2 10.74  0 157 56 31438  1 465194 25183 2.2 67 30 1 2 49% 20370 3380 27%
c p 10.74  0 157 56 31438  1 465194 25208 2.2 67 30 1 2 49% 20370 3380 27%
c u 10.75  0 157 56 31438  1 465194 25069 2.2 67 30 1 2 49% 20370 3380 27%
c v 10.75  0 157 56 31438  1 465194 24900 2.2 67 30 1 2 49% 20370 3380 27%
c w 10.75  0 157 56 31438  1 465194 24898 2.2 67 30 1 2 49% 20370 3380 27%
c f 10.75  0 157 56 31438  1 465194 24883 2.2 67 30 1 2 49% 20345 3392 27%
c - 11.01  0 155 57 31443  1 482247 26356 2.2 63 28 1 2 48% 20345 3392 27%
c p 11.01  0 155 57 31443  1 482247 26359 2.2 63 28 1 2 48% 20345 3392 27%
c 
c  seconds   reductions    conflicts         size   tier2      variables
c         MB       restarts       redundant     glue   trail        remaining
c           level        rate          size/glue  tier1  irredundant
c 
c I 11.15  0 149 57 31443  1 496047 38254 2.2 57 26 1 2 45% 20345 3392 27%
c - 11.18  0 147 58 31444  1 499609 26035 2.2 56 25 1 2 44% 20345 3392 27%
c p 11.18  0 147 58 31444  1 499609 26045 2.2 56 25 1 2 44% 20345 3392 27%
c u 11.19  0 147 58 31444  1 499609 25865 2.2 56 25 1 2 44% 20345 3392 27%
c w 11.19  0 147 58 31444  1 499609 25857 2.2 56 25 1 2 44% 20345 3392 27%
c f 11.19  0 147 58 31444  1 499609 25853 2.2 56 25 1 2 44% 20343 3394 28%
c - 11.36  0 146 59 31454  1 517281 25603 2.2 51 24 1 2 41% 20343 3394 28%
c p 11.37  0 146 59 31454  1 517281 25604 2.2 51 24 1 2 41% 20343 3394 28%
c s 11.46  0 146 59 31458  1 526522 33558 2.2 49 23 1 2 40% 20340 3394 28%
c e 11.46  0 146 59 31458  1 526522 33552 2.2 49 23 1 2 40% 20343 3392 27%
c s 11.47  0 146 59 31458  1 526522 33473 2.2 49 23 1 2 40% 20341 3392 27%
c B 11.50  0 146 59 31458  1 528049 34917 2.2 49 23 1 2 40% 20341 3392 27%
c - 11.56  0 145 60 31460  1 535261 25782 2.1 47 22 1 2 38% 20341 3392 27%
c p 11.56  0 145 60 31460  1 535261 25783 2.1 47 22 1 2 38% 20341 3392 27%
c ] 11.76  0 144 60 31469  1 550982 39859 2.1 45 21 1 2 38% 20341 3392 27%
c { 11.76  0 75 60 31469 14 550982 39859 1.8 13 7 1 2 16% 20341 3392 27%
c - 11.80  0 75 61 31653 14 553552 27845 1.8 13 7 1 2 17% 20341 3392 27%
c u 11.81  0 75 61 31653 14 553552 27545 1.8 13 7 1 2 17% 20341 3392 27%
c v 11.82  0 75 61 31653 14 553552 27314 1.8 13 7 1 2 17% 20341 3392 27%
c w 11.82  0 75 61 31653 14 553552 27314 1.8 13 7 1 2 17% 20341 3392 27%
c 
c  seconds  reductions    conflicts         size  tier2      variables
c         MB      restarts       redundant     glue  trail        remaining
c          level        rate          size/glue tier1  irredundant
c 
c f 11.82  0 75 61 31653 14 553552 27313 1.8 13 7 1 2 17% 20339 3393 28%
c B 11.96  0 76 61 32720 14 561050 34176 1.8 13 7 1 2 18% 20339 3393 28%
c - 12.19  0 75 62 33943 14 572152 30052 1.8 13 7 1 2 18% 20339 3393 28%
c p 12.19  0 75 62 33943 14 572152 30068 1.8 13 7 1 2 18% 20339 3393 28%
c u 12.20  0 75 62 33943 14 572152 29805 1.8 13 7 1 2 18% 20339 3393 28%
c v 12.20  0 75 62 33943 14 572152 29595 1.8 13 7 1 2 18% 20339 3393 28%
c w 12.20  0 75 62 33943 14 572152 29595 1.8 13 7 1 2 18% 20339 3393 28%
c } 12.52  0 75 62 35971 14 585458 41746 1.8 13 7 1 2 18% 20339 3393 28%
c [ 12.52  0 144 62 35971  1 585458 41746 2.1 45 21 1 2 38% 20339 3393 28%
c - 12.63  0 146 63 35974  1 591062 31076 2.1 45 21 1 2 38% 20339 3393 28%
c p 12.63  0 146 63 35974  1 591062 31089 2.1 45 21 1 2 38% 20339 3393 28%
c u 12.65  0 146 63 35974  1 591062 30755 2.1 45 21 1 2 38% 20339 3393 28%
c v 12.65  0 146 63 35974  1 591062 30496 2.1 45 21 1 2 38% 20339 3393 28%
c w 12.65  0 146 63 35974  1 591062 30495 2.1 45 21 1 2 38% 20339 3393 28%
c W 12.72  0 143 63 35975  1 595052 33862 2.1 44 21 1 2 37% 20339 3393 28%
c s 12.83  0 141 63 35976  1 604050 41751 2.1 43 20 1 2 36% 20338 3393 28%
c s 12.84  0 141 63 35976  1 604050 41667 2.1 43 20 1 2 36% 20338 3393 28%
c ^ 12.85  0 141 63 35976  1 604050 41667 2.1 43 20 1 2 36% 20338 3393 28%
c - 12.94  0 141 64 35976  1 610282 31545 2.1 42 20 1 2 36% 20338 3393 28%
c p 12.94  0 141 64 35976  1 610282 31556 2.1 42 20 1 2 36% 20338 3393 28%
c 
c  seconds   reductions    conflicts         size   tier2      variables
c         MB       restarts       redundant     glue   trail        remaining
c           level        rate          size/glue  tier1  irredundant
c 
c - 13.18  0 144 65 35977  1 629812 30062 2.1 40 19 1 2 34% 20338 3393 28%
c p 13.18  0 144 65 35977  1 629812 30063 2.1 40 19 1 2 34% 20338 3393 28%
c u 13.19  0 144 65 35977  1 629812 29951 2.1 40 19 1 2 34% 20338 3393 28%
c w 13.19  0 144 65 35977  1 629812 29950 2.1 40 19 1 2 34% 20338 3393 28%
c O 13.20  0 144 65 35977  1 630053 30169 2.1 40 19 1 2 34% 20338 3393 28%
c - 13.47  0 139 66 35977  1 649652 30284 2.1 39 19 1 2 34% 20338 3393 28%
c B 13.63  0 132 66 35978  1 666054 44555 2.1 36 18 1 2 31% 20338 3393 28%
c - 13.67  0 131 67 35978  1 669802 31128 2.1 36 17 1 2 31% 20338 3393 28%
c p 13.67  0 131 67 35978  1 669802 31136 2.1 36 17 1 2 31% 20338 3393 28%
c u 13.68  0 131 67 35978  1 669802 30947 2.1 36 17 1 2 31% 20338 3393 28%
c v 13.68  0 131 67 35978  1 669802 30945 2.1 36 17 1 2 31% 20338 3393 28%
c w 13.68  0 131 67 35978  1 669802 30944 2.1 36 17 1 2 31% 20338 3393 28%
c ] 13.82  0 126 67 35978  1 683185 42645 2.0 34 17 1 2 29% 20338 3393 28%
c { 13.82  0 75 67 35978 14 683185 42645 1.8 13 7 1 2 18% 20338 3393 28%
c s 13.90  0 75 67 36360 14 686726 45680 1.8 13 7 1 2 19% 20338 3393 28%
c e 13.91  0 75 67 36360 14 686726 27283 1.8 13 7 1 2 19% 21302 3059 25%
c s 13.92  0 75 67 36360 14 686726 27185 1.8 13 7 1 2 19% 21251 3059 25%
c e 13.92  0 75 67 36360 14 686726 27118 1.8 13 7 1 2 19% 21263 3055 25%
c - 13.98  0 76 68 36713 14 690262 23126 1.8 13 7 1 2 20% 21262 3055 25%
c p 13.98  0 76 68 36713 14 690262 23165 1.8 13 7 1 2 20% 21262 3055 25%
c 
c  seconds  reductions    conflicts         size  tier2      variables
c         MB      restarts       redundant     glue  trail        remaining
c          level        rate          size/glue tier1  irredundant
c 
c u 13.98  0 76 68 36713 14 690262 23092 1.8 13 7 1 2 20% 21262 3055 25%
c v 13.98  0 76 68 36713 14 690262 23091 1.8 13 7 1 2 20% 21262 3055 25%
c w 13.98  0 76 68 36713 14 690262 23091 1.8 13 7 1 2 20% 21262 3055 25%
c f 14.00  0 76 68 36713 14 690262 23081 1.8 13 7 1 2 20% 21202 3069 25%
c W 14.22  0 76 68 37851 13 703055 34786 1.8 13 8 1 2 20% 21202 3069 25%
c - 14.39  0 76 69 38759 13 711033 27809 1.8 13 8 1 2 19% 21202 3069 25%
c p 14.39  0 76 69 38759 13 711033 27840 1.8 13 8 1 2 19% 21202 3069 25%
c u 14.40  0 76 69 38759 13 711033 27538 1.8 13 8 1 2 19% 21202 3069 25%
c v 14.40  0 76 69 38759 13 711033 27404 1.8 13 8 1 2 19% 21202 3069 25%
c } 14.74  0 75 69 40747 13 728402 43206 1.8 14 8 1 2 19% 21202 3069 25%
c [ 14.74  0 126 69 40747  1 728402 43206 2.0 34 17 1 2 32% 21202 3069 25%
c - 14.77  0 125 70 40747  1 732115 30194 2.0 34 16 1 2 31% 21202 3069 25%
c p 14.77  0 125 70 40747  1 732115 30213 2.0 34 16 1 2 31% 21202 3069 25%
c u 14.78  0 125 70 40747  1 732115 29878 2.0 34 16 1 2 31% 21202 3069 25%
c v 14.78  0 125 70 40747  1 732115 29729 2.0 34 16 1 2 31% 21202 3069 25%
c w 14.78  0 125 70 40747  1 732115 29728 2.0 34 16 1 2 31% 21202 3069 25%
c W 14.86  0 121 70 40747  1 741056 37393 2.0 32 16 1 2 30% 21202 3069 25%
c - 14.99  0 121 71 40747  1 753507 31092 2.0 31 16 1 2 29% 21202 3069 25%
c p 14.99  0 121 71 40747  1 753507 31111 2.0 31 16 1 2 29% 21202 3069 25%
c - 15.39  0 127 72 40754  1 775208 31033 2.0 35 17 1 2 31% 21202 3069 25%
c 
c  seconds   reductions    conflicts         size   tier2      variables
c         MB       restarts       redundant     glue   trail        remaining
c           level        rate          size/glue  tier1  irredundant
c 
c p 15.40  0 127 72 40754  1 775208 31049 2.0 35 17 1 2 31% 21202 3069 25%
c u 15.43  0 127 72 40754  1 775208 30574 2.0 35 17 1 2 31% 21202 3069 25%
c v 15.43  0 127 72 40754  1 775208 30283 2.0 35 17 1 2 31% 21202 3069 25%
c w 15.43  0 127 72 40754  1 775208 30280 2.0 35 17 1 2 31% 21202 3069 25%
c I 15.53  0 128 72 40755  1 780057 34845 2.0 36 18 1 2 31% 21202 3069 25%
c s 15.56  0 128 72 40757  1 781897 36245 2.0 36 18 1 2 31% 21198 3069 25%
c e 15.57  0 128 72 40757  1 781897 35716 2.0 36 18 1 2 31% 21212 3065 25%
c s 15.58  0 128 72 40757  1 781897 35602 2.0 36 18 1 2 31% 21209 3065 25%
c - 15.85  0 130 73 40762  1 797222 31270 2.0 38 19 1 2 32% 21209 3065 25%
c p 15.85  0 130 73 40762  1 797222 31284 2.0 38 19 1 2 32% 21209 3065 25%
c ] 16.19  0 134 73 40769  1 810542 44021 2.1 41 20 1 2 35% 21209 3065 25%
c { 16.19  0 75 73 40769 13 810542 44021 1.8 14 8 1 2 19% 21209 3065 25%
c - 16.38  0 75 74 41814 13 819545 33180 1.8 14 8 1 2 19% 21209 3065 25%
c p 16.38  0 75 74 41814 13 819545 33196 1.8 14 8 1 2 19% 21209 3065 25%
c u 16.39  0 75 74 41814 13 819545 32814 1.8 14 8 1 2 19% 21209 3065 25%
c v 16.40  0 75 74 41814 13 819545 32419 1.8 14 8 1 2 19% 21209 3065 25%
c # 16.41  0 75 74 41852 13 820059 32869 1.8 14 8 1 2 19% 21209 3065 25%
c - 16.88  0 75 75 44555 13 842177 34695 1.8 14 8 1 2 19% 21209 3065 25%
c p 16.88  0 75 75 44555 13 842177 34711 1.8 14 8 1 2 19% 21209 3065 25%
c u 16.89  0 75 75 44555 13 842177 34342 1.8 14 8 1 2 19% 21209 3065 25%
c 
c  seconds  reductions    conflicts         size  tier2      variables
c         MB      restarts       redundant     glue  trail        remaining
c          level        rate          size/glue tier1  irredundant
c 
c v 16.90  0 75 75 44555 13 842177 33968 1.8 14 8 1 2 19% 21209 3065 25%
c } 17.11  0 75 75 45802 12 853219 44077 1.8 14 8 1 2 19% 21209 3065 25%
c [ 17.11  0 134 75 45802  1 853219 44077 2.1 41 20 1 2 35% 21209 3065 25%
c B 17.24  0 134 75 45807  1 861062 51440 2.1 42 20 1 2 35% 21209 3065 25%
c - 17.31  0 133 76 45809  1 865119 35711 2.0 41 20 1 2 35% 21209 3065 25%
c p 17.31  0 133 76 45809  1 865119 35729 2.0 41 20 1 2 35% 21209 3065 25%
c u 17.32  0 133 76 45809  1 865119 35576 2.0 41 20 1 2 35% 21209 3065 25%
c v 17.32  0 133 76 45809  1 865119 35397 2.0 41 20 1 2 35% 21209 3065 25%
c w 17.32  0 133 76 45809  1 865119 35396 2.0 41 20 1 2 35% 21209 3065 25%
c s 17.65  0 132 76 45811  1 882364 51309 2.0 42 21 1 2 34% 21209 3065 25%
c e 17.65  0 132 76 45811  1 882364 51199 2.0 42 21 1 2 34% 21217 3063 25%
c s 17.67  0 132 76 45811  1 882364 51110 2.0 42 21 1 2 34% 21216 3063 25%
c - 17.78  0 133 77 45811  1 888372 36063 2.0 42 21 1 2 35% 21216 3063 25%
c p 17.78  0 133 77 45811  1 888372 36081 2.0 42 21 1 2 35% 21216 3063 25%
c u 17.79  0 133 77 45811  1 888372 35838 2.0 42 21 1 2 35% 21216 3063 25%
c v 17.79  0 133 77 45811  1 888372 35705 2.0 42 21 1 2 35% 21216 3063 25%
c w 17.79  0 133 77 45811  1 888372 35704 2.0 42 21 1 2 35% 21216 3063 25%
c W 18.09  0 136 77 45818  1 903063 49336 2.0 42 21 1 2 36% 21216 3063 25%
c - 18.20  0 135 78 45823  1 911935 36111 2.0 41 20 1 2 35% 21216 3063 25%
c p 18.21  0 135 78 45823  1 911935 36127 2.0 41 20 1 2 35% 21216 3063 25%
c 
c  seconds   reductions    conflicts         size   tier2      variables
c         MB       restarts       redundant     glue   trail        remaining
c           level        rate          size/glue  tier1  irredundant
c 
c ] 18.71  0 139 78 45830  1 932547 55760 2.0 46 23 1 2 37% 21216 3063 25%
c { 18.71  0 75 78 45830 12 932547 55760 1.8 14 8 1 2 19% 21216 3063 25%
c - 18.81  0 75 79 46369 13 935808 37228 1.8 14 8 1 2 19% 21216 3063 25%
c p 18.81  0 75 79 46369 13 935808 37243 1.8 14 8 1 2 19% 21216 3063 25%
c u 18.83  0 75 79 46369 13 935808 36956 1.8 14 8 1 2 19% 21216 3063 25%
c v 18.83  0 75 79 46369 13 935808 36528 1.8 14 8 1 2 19% 21216 3063 25%
c B 19.02  0 75 79 47440 12 946064 45847 1.8 14 8 1 2 19% 21216 3063 25%
c - 19.38  0 74 80 49022 12 959992 39074 1.8 14 8 1 2 18% 21216 3063 25%
c d 19.38  0 74 80 49022 12 959992 39068 1.8 14 8 1 2 18% 21216 3062 25%
c p 19.38  0 74 80 49022 12 959992 39082 1.8 14 8 1 2 18% 21216 3062 25%
c u 19.39  0 74 80 49022 12 959992 38902 1.8 14 8 1 2 18% 21216 3062 25%
c v 19.39  0 74 80 49022 12 959992 38641 1.8 14 8 1 2 18% 21216 3062 25%
c w 19.39  0 74 80 49022 12 959992 38641 1.8 14 8 1 2 18% 21216 3062 25%
c } 19.75  0 74 80 50883 12 975873 53185 1.8 14 8 1 2 18% 21215 3062 25%
c [ 19.75  0 139 80 50883  1 975873 53185 2.0 46 23 1 2 37% 21215 3062 25%
c - 20.02  0 142 81 50888  1 984487 40833 2.1 49 24 1 2 39% 21215 3062 25%
c p 20.03  0 142 81 50888  1 984487 40847 2.1 49 24 1 2 39% 21215 3062 25%
c u 20.08  0 142 81 50888  1 984487 40648 2.1 49 24 1 2 39% 21215 3062 25%
c v 20.09  0 142 81 50888  1 984487 40438 2.1 49 24 1 2 39% 21215 3062 25%
c w 20.09  0 142 81 50888  1 984487 40435 2.1 49 24 1 2 39% 21215 3062 25%
c 
c  seconds   reductions    conflicts         size   tier2      variables
c         MB       restarts       redundant     glue   trail        remaining
c           level        rate          size/glue  tier1  irredundant
c 
c s 20.25  0 143 81 50891  1 988466 44018 2.1 50 24 1 2 40% 21213 3062 25%
c s 20.27  0 143 81 50891  1 988466 43930 2.1 50 24 1 2 40% 21213 3062 25%
c O 20.34  0 143 81 50892  1 990065 45460 2.1 51 25 1 2 40% 21213 3062 25%
c ] 20.59  0 142 81 50894  1 1000000 55026 2.0 52 25 1 2 40% 21213 3062 25%
c ? 20.59  0 142 81 50894  1 1000000 55026 2.0 52 25 1 2 40% 21213 3062 25%
c 
c --- [ result ] -------------------------------------------------------------
c 
c UNKNOWN
c 
c --- [ run-time profiling ] -------------------------------------------------
c 
c process time taken by individual solving procedures
c (percentage relative to process time for solving)
c 
c        18.77   91.20% search
c        11.15   54.19% stable
c         7.22   35.07% unstable
c         1.81    8.79% simplify
c         0.43    2.08% vivify
c         0.40    1.93% walk
c         0.33    1.62% sweep
c         0.31    1.50% subsume
c         0.23    1.11% factor
c         0.17    0.85% congruence
c         0.11    0.55% elim
c         0.05    0.24% preprocess
c         0.04    0.22% probe
c         0.04    0.18% ternary
c         0.02    0.07% backbone
c         0.01    0.05% fastelim
c         0.01    0.04% parse
c         0.00    0.01% lucky
c   =================================
c        20.58   99.96% solve
c 
c last line shows process time for solving
c (percentage relative to total process time)
c 
c --- [ statistics ] ---------------------------------------------------------
c 
c chronological:            280274        28.03 %  of conflicts
c conflicts:               1000000     48589.55    per second
c backbone:                1076019      8291.74 %  of vars
c decisions:               5879826    285698.07    per second
c eliminated:                 6957        53.61 %  of all variables
c factored:                    641        20.88 %  of variables
c fixed:                       943         7.27 %  of all variables
c learned:                  957050        95.70 %  per conflict
c learned_lits:           38060468       100.00 %  learned literals
c minimized:                     0         0.00 %  learned literals
c shrunken:                1525358         4.01 %  learned literals
c minishrunken:            3276515         8.61 %  learned literals
c otfs:                      27094         2.71 %  of conflict
c propagations:          107304416         5.21 M  per second
c reduced:                  803162        80.32 %  per conflict
c rephased:                     44     22727.27    interval
c restarts:                  50894        19.65    interval
c stabilizing:                  20        61.36 %  of conflicts
c substituted:                2015        15.53 %  of all variables
c sweep equivs:                518        12.41 %  of swept variables
c subsumed:                  54321         5.12 %  of all clauses
c strengthened:              56424         5.32 %  of all clauses
c ticks:                1381696424        13.16    propagation
c vivified:                   6771         0.64 %  of all clauses
c walked:                       13     76923.08    interval
c weakened:                  42021         2.91    average size
c congruence:                   27     37037.04    interval
c 
c seconds are measured in process time for solving
c 
c --- [ glue usage ] ---------------------------------------------------------
c 
c focused glue 1 used 1633342 clauses 71.20% accumulated 71.20% tier1
c focused glue 2 used 323294 clauses 14.09% accumulated 85.29% tier2
c 
c stable glue 1 used 3154411 clauses 54.94% accumulated 54.94% tier1
c stable glue 2 used 748688 clauses 13.04% accumulated 67.98% tier2
c 
c 
c --- [ resources ] ----------------------------------------------------------
c 
c total process time since initialization:        20.59    seconds
c total real time since initialization:           20.65    seconds
c maximum resident set size of process:        87360.00    MB
c 
c --- [ shutting down ] ------------------------------------------------------
c 
c exit 0
