c --- [ banner ] -------------------------------------------------------------
c 
c CaDiCaL SAT Solver
c Copyright (c) 2016-2025
c A. Biere, M. Fleury, N. Froleyks, K. Fazekas, F. Pollitt, T. Faller
c JKU Linz, University of Freiburg, TU Wien
c 
c Version 3.0.0
c Apple clang version 17.0.0 (clang-1700.6.3.2) -Wall -Wextra -O3 -DNDEBUG -DNCLOSEFROM
c Tue Dec 23 21:53:38 UTC 2025 Darwin Tahoe-arm64.local 25.2.0 arm64
c 
c --- [ limit ] --------------------------------------------------------------
c 
c setting conflict limit to 1000000 conflicts (due to '1000000')
c 
c --- [ parsing input ] ------------------------------------------------------
c 
c reading DIMACS file from '/tmp/sr59_cnfs/aux_force_sr59_n32_bit0_m8299b36f_fill80000000.cnf'
c opening file to read '/tmp/sr59_cnfs/aux_force_sr59_n32_bit0_m8299b36f_fill80000000.cnf'
c found 'p cnf 12306 51364' header
c parsed 51364 clauses in 0.01 seconds process time
c 
c --- [ options ] ------------------------------------------------------------
c 
c   --seed=5                       (different from default '0')
c 
c --- [ solving ] ------------------------------------------------------------
c 
c time measured in process time since initialization
c 
c  seconds  reduction conflicts       size tier2       variables
c         MB    restarts   redundant    glue  trail         remaining
c          level     rate       size/glu tier1  irredundant
c 
c *  0.01  0  0 0   0  0    0    0 0.0 0 0 2 6  0% 50851 11825 96%
c (  0.01  0  0 0   0  0    0    0 0.0 0 0 2 6  0% 50851 11825 96%
c .  0.01  0  0 0   0  0    0    0 0.0 0 0 2 6  0% 49827 11825 96%
c c  0.03  0  0 0   0  0    0    0 0.0 0 0 2 6  0% 47102 11353 92%
c d  0.03  0  0 0   0  0    0    0 0.0 0 0 2 6  0% 43032 10012 81%
c 2  0.03  0  0 0   0  0    0    0 0.0 0 0 2 6  0% 42882 10012 81%
c f  0.04  0  0 0   0  0    0    0 0.0 0 0 2 6  0% 42608 10286 84%
c e  0.06  0  0 0   0  0    0    0 0.0 0 0 2 6  0% 28779 5307 43%
c P  0.06  0  0 0   0  0    0    0 0.0 0 0 2 6  0% 28779 5307 43%
c )  0.06  0  0 0   0  0    0    0 0.0 0 0 2 6  0% 28779 5307 43%
c {  0.06  0  0 0   0  0    0    0 0.0 0 0 2 6  0% 28779 5307 43%
c -  0.06  0 973 1   8 35  304  243 1.5 4 3 2 6 19% 28779 5307 43%
c -  0.07  0 480 2  42 28  739  597 1.6 4 3 2 6 15% 28779 5307 43%
c }  0.07  0 377 2  52 23 1001  798 1.6 4 3 2 6 14% 28779 5307 43%
c [  0.07  0  0 2  52  0 1001  798 0.0 0 0 2 6  0% 28779 5307 43%
c O  0.07  0 1885 2  52 1886 1002  799 3.5 7 2 2 6 39% 28779 5307 43%
c -  0.07  0 1870 3  52  6 1419  921 1.8 32 18 2 6 39% 28779 5307 43%
c ]  0.08  0 1871 3  52  5 1564 1059 1.8 32 18 2 6 39% 28779 5307 43%
c {  0.08  0 377 3  52 23 1564 1059 1.6 4 3 2 6 14% 28779 5307 43%
c d  0.09  0 284 3 128 22 2215 1521 1.6 5 3 2 6  8% 28767 5285 43%
c 
c  seconds   reduction conflicts       size tier2      variables
c         MB     restarts   redundant    glue  trail        remaining
c           level     rate       size/glu tier1  irredundant
c 
c p  0.09  0 284 3 128 22 2215 1523 1.6 5 3 2 6  8% 28767 5285 43%
c c  0.09  0 284 3 128 22 2215 1523 1.6 5 3 2 6  8% 28657 5285 43%
c d  0.09  0 284 3 128 22 2215 1470 1.6 5 3 2 6  8% 28623 5268 43%
c 2  0.09  0 284 3 128 22 2215 1469 1.6 5 3 2 6  8% 28618 5268 43%
c -  0.10  0 265 4 146 21 2360 1334 1.6 5 3 2 6  7% 28618 5268 43%
c O  0.10  0 215 4 225 19 3004 1843 1.6 5 3 2 6  8% 28618 5268 43%
c }  0.11  0 201 4 284 20 3372 2163 1.6 5 3 2 6 11% 28618 5268 43%
c [  0.11  0 1871 4 284  5 3372 2163 1.8 32 18 2 6 93% 28618 5268 43%
c -  0.11  0 1444 5 284  5 3574 2131 1.8 26 15 2 6 76% 28618 5268 43%
c s  0.12  0 855 5 285  4 4209 2709 2.0 32 16 2 6 57% 28606 5268 43%
c e  0.14  0 855 5 285  4 4209 2350 2.0 32 16 2 6 57% 28507 4979 40%
c s  0.14  0 855 5 285  4 4209 2314 2.0 32 16 2 6 57% 28441 4979 40%
c c  0.15  0 739 5 285  4 4717 2700 2.0 30 15 2 6 57% 28404 4969 40%
c d  0.15  0 739 5 285  4 4717 2697 2.0 30 15 2 6 57% 28392 4963 40%
c =  0.16  0 739 5 285  4 4717 2697 2.0 30 15 2 6 57% 28332 4918 40%
c ]  0.16  0 660 5 285  4 5021 2932 2.0 27 14 4 13 51% 28332 4918 40%
c {  0.16  0 201 5 285 20 5021 2932 1.6 5 3 2 6 11% 28332 4918 40%
c -  0.16  0 200 6 294 20 5068 1678 1.6 5 3 1 2 11% 28332 4918 40%
c #  0.17  0 167 6 429 18 6005 2429 1.6 6 3 1 2 11% 28332 4918 40%
c -  0.18  0 151 7 570 18 6847 2104 1.6 6 4 1 2 11% 28332 4918 40%
c 
c  seconds   reduction conflicts       size tier2      variables
c         MB     restarts   redundant    glue  trail        remaining
c           level     rate       size/glu tier1  irredundant
c 
c d  0.19  0 144 7 663 18 7320 2344 1.6 6 4 1 2 11% 28330 4888 40%
c c  0.19  0 144 7 663 18 7320 2344 1.6 6 4 1 2 11% 28260 4888 40%
c d  0.19  0 144 7 663 18 7320 2292 1.6 6 4 1 2 11% 28232 4874 40%
c =  0.20  0 144 7 663 18 7320 2292 1.6 6 4 1 2 11% 28196 4847 39%
c f  0.20  0 144 7 663 18 7320 2292 1.6 6 4 1 2 11% 28001 5038 41%
c }  0.21  0 131 7 791 17 8297 3036 1.6 6 4 1 2 11% 28001 5038 41%
c [  0.21  0 660 7 791  4 8297 3036 2.0 27 14 4 13 49% 28001 5038 41%
c -  0.22  0 549 8 792  4 8915 2509 2.0 26 13 4 13 47% 28001 5038 41%
c I  0.23  0 439 8 792  3 10007 3490 2.1 25 12 3 10 48% 28001 5038 41%
c d  0.23  0 438 8 792  3 10017 3353 2.1 25 12 3 10 48% 27999 5013 41%
c c  0.24  0 438 8 792  3 10017 3353 2.1 25 12 3 10 48% 27912 5013 41%
c d  0.24  0 438 8 792  3 10017 3294 2.1 25 12 3 10 48% 27884 4999 41%
c 2  0.24  0 438 8 792  3 10017 3294 2.1 25 12 3 10 48% 27880 4999 41%
c -  0.25  0 353 9 793  3 11275 2802 2.0 22 11 3 10 39% 27880 4999 41%
c d  0.27  0 304 9 794  3 12801 4079 2.0 22 11 3 10 34% 27880 4994 41%
c c  0.28  0 304 9 794  3 12801 4079 2.0 22 11 3 10 34% 27848 4994 41%
c d  0.28  0 304 9 794  3 12801 4065 2.0 22 11 3 10 34% 27842 4991 41%
c =  0.28  0 304 9 794  3 12801 4065 2.0 22 11 3 10 34% 27814 4908 40%
c ]  0.29  0 287 9 795  3 13433 4635 2.0 23 11 2 4 37% 27814 4908 40%
c {  0.29  0 131 9 795 17 13433 4635 1.6 6 4 1 2 12% 27814 4908 40%
c 
c  seconds   reductions  conflicts       size tier2      variables
c         MB      restarts    redundant    glue  trail        remaining
c           level      rate        size/glu tier1  irredundant
c 
c -  0.30  0 126 10 899 17 13931 3261 1.6 6 4 1 2 12% 27814 4908 40%
c e  0.31  0 125 10 950 17 14265 3243 1.6 6 4 1 2 13% 27772 4716 38%
c s  0.31  0 125 10 950 17 14265 3218 1.6 6 4 1 2 13% 27541 4716 38%
c B  0.32  0 121 10 1082 17 15009 3862 1.6 6 4 1 2 13% 27537 4716 38%
c 2  0.33  0 118 10 1215 17 15666 4399 1.6 6 4 1 2 13% 27537 4716 38%
c d  0.33  0 118 10 1215 17 15666 4370 1.6 6 4 1 2 13% 27537 4710 38%
c c  0.34  0 118 10 1215 17 15666 4370 1.6 6 4 1 2 13% 27464 4710 38%
c d  0.34  0 118 10 1215 17 15666 4341 1.6 6 4 1 2 13% 27452 4704 38%
c 2  0.34  0 118 10 1215 17 15666 4341 1.6 6 4 1 2 13% 27451 4704 38%
c =  0.34  0 118 10 1215 17 15666 4341 1.6 6 4 1 2 13% 27450 4675 38%
c t  0.35  0 118 10 1215 17 15666 4340 1.6 6 4 1 2 13% 27450 4675 38%
c f  0.35  0 118 10 1215 17 15666 4337 1.6 6 4 1 2 13% 27410 4716 38%
c -  0.36  0 111 11 1441 17 16882 3838 1.6 6 4 1 2 13% 27410 4716 38%
c }  0.37  0 108 11 1630 17 17909 4758 1.6 7 4 1 2 13% 27410 4716 38%
c [  0.37  0 287 11 1630  3 17909 4758 2.0 23 11 2 4 36% 27410 4716 38%
c d  0.38  0 275 11 1630  3 18607 5403 2.0 24 12 2 4 38% 27410 4714 38%
c c  0.39  0 275 11 1630  3 18607 5403 2.0 24 12 2 4 38% 27406 4714 38%
c =  0.39  0 275 11 1630  3 18607 5398 2.0 24 12 2 4 38% 27360 4680 38%
c -  0.41  0 260 12 1631  3 20130 4467 2.0 25 12 2 4 38% 27360 4680 38%
c B  0.42  0 255 12 1631  3 21011 5272 2.0 26 13 2 4 40% 27360 4680 38%
c 
c  seconds   reductions   conflicts       size   tier2      variables
c         MB      restarts     redundant     glue   trail        remaining
c           level       rate        size/glue  tier1  irredundant
c 
c c  0.44  0 249 12 1631  3 21618 5800 2.0 26 13 2 4 37% 27348 4679 38%
c =  0.44  0 249 12 1631  3 21618 5799 2.0 26 13 2 4 37% 27310 4651 38%
c u  0.45  0 249 12 1631  3 21618 5187 2.0 26 13 2 4 37% 27309 4651 38%
c v  0.45  0 249 12 1631  3 21618 5051 2.0 26 13 2 4 37% 27309 4651 38%
c w  0.45  0 249 12 1631  3 21618 5051 2.0 26 13 2 4 37% 27309 4651 38%
c x  0.45  0 249 12 1631  3 21618 5048 2.0 26 13 2 4 37% 27279 4651 38%
c t  0.45  0 249 12 1631  3 21618 5047 2.0 26 13 2 4 37% 27279 4651 38%
c -  0.48  0 227 13 1631  2 23677 4123 2.1 27 13 2 4 36% 27279 4651 38%
c c  0.49  0 218 13 1632  2 24695 4993 2.1 27 13 2 4 35% 27253 4648 38%
c =  0.50  0 218 13 1632  2 24695 4986 2.1 27 13 2 4 35% 27207 4614 37%
c f  0.50  0 218 13 1632  2 24695 4982 2.1 27 13 2 4 35% 27176 4641 38%
c ]  0.52  0 215 13 1633  2 25414 5644 2.1 27 13 2 4 34% 27176 4641 38%
c {  0.52  0 108 13 1633 17 25414 5644 1.6 7 4 1 2 13% 27176 4641 38%
c -  0.54  0 101 14 2112 18 27523 4932 1.6 7 4 1 2 13% 27176 4641 38%
c c  0.56  0 101 14 2194 18 27834 5192 1.6 7 4 1 2 13% 27137 4637 38%
c d  0.56  0 101 14 2194 18 27834 5160 1.6 7 4 1 2 13% 27127 4632 38%
c 2  0.56  0 101 14 2194 18 27834 5160 1.6 7 4 1 2 13% 27126 4632 38%
c =  0.56  0 101 14 2194 18 27834 5160 1.6 7 4 1 2 13% 27118 4533 37%
c t  0.56  0 101 14 2194 18 27834 5160 1.6 7 4 1 2 13% 27117 4533 37%
c W  0.57  0 100 14 2235 18 28012 5314 1.6 7 4 1 2 13% 27117 4533 37%
c 
c  seconds  reductions   conflicts       size tier2      variables
c         MB     restarts     redundant    glue  trail        remaining
c          level       rate        size/glu tier1  irredundant
c 
c e  0.60  0 97 14 2565 18 29542 6010 1.6 7 5 1 2 13% 26886 4433 36%
c s  0.60  0 97 14 2565 18 29542 5992 1.6 7 5 1 2 13% 26802 4433 36%
c }  0.63  0 95 14 2871 18 30995 7305 1.6 7 5 1 2 15% 26792 4433 36%
c [  0.63  0 215 14 2871  2 30995 7305 2.1 27 13 2 4 38% 26792 4433 36%
c -  0.63  0 212 15 2872  2 31670 5425 2.1 27 13 2 4 37% 26792 4433 36%
c 2  0.63  0 212 15 2872  2 31670 5408 2.1 27 13 2 4 37% 26792 4433 36%
c =  0.65  0 212 15 2872  2 31670 5408 2.1 27 13 2 4 37% 26559 4379 36%
c f  0.65  0 212 15 2872  2 31670 5404 2.1 27 13 2 4 37% 26509 4404 36%
c W  0.69  0 179 15 2874  2 36016 9105 2.1 26 12 2 4 30% 26509 4404 36%
c -  0.69  0 178 16 2875  2 36119 6197 2.1 26 12 2 4 30% 26509 4404 36%
c ]  0.78  0 174 16 2876  2 39473 9327 2.2 34 15 2 3 32% 26509 4404 36%
c {  0.78  0 95 16 2876 18 39473 9327 1.6 7 5 1 2 15% 26509 4404 36%
c -  0.80  0 92 17 3083 17 40871 6648 1.6 8 5 1 2 14% 26509 4404 36%
c p  0.80  0 92 17 3083 17 40871 6634 1.6 8 5 1 2 14% 26509 4402 36%
c c  0.81  0 92 17 3083 17 40871 6634 1.6 8 5 1 2 14% 26494 4402 36%
c d  0.81  0 92 17 3083 17 40871 6624 1.6 8 5 1 2 14% 26490 4400 36%
c 2  0.81  0 92 17 3083 17 40871 6624 1.6 8 5 1 2 14% 26488 4400 36%
c u  0.81  0 92 17 3083 17 40871 5298 1.6 8 5 1 2 14% 26129 4400 36%
c v  0.81  0 92 17 3083 17 40871 5261 1.6 8 5 1 2 14% 26129 4400 36%
c f  0.82  0 92 17 3083 17 40871 5257 1.6 8 5 1 2 14% 26124 4406 36%
c 
c  seconds  reductions   conflicts       size tier2      variables
c         MB     restarts     redundant    glue  trail        remaining
c          level       rate        size/glu tier1  irredundant
c 
c F  0.87  0 90 17 3768 17 45018 8973 1.6 8 5 1 2 15% 26124 4406 36%
c -  0.88  0 89 18 3915 17 45925 6525 1.6 8 5 1 2 15% 26124 4406 36%
c d  0.88  0 89 18 3915 17 45925 6465 1.6 8 5 1 2 15% 26108 4398 36%
c p  0.88  0 89 18 3915 17 45925 6548 1.6 8 5 1 2 15% 26108 4398 36%
c c  0.89  0 89 18 3915 17 45925 6548 1.6 8 5 1 2 15% 26050 4398 36%
c d  0.89  0 89 18 3915 17 45925 6515 1.6 8 5 1 2 15% 26038 4392 36%
c 2  0.89  0 89 18 3915 17 45925 6515 1.6 8 5 1 2 15% 26036 4392 36%
c f  0.90  0 89 18 3915 17 45925 6506 1.6 8 5 1 2 15% 26025 4407 36%
c }  0.93  0 88 18 4315 17 48348 8664 1.6 8 5 1 2 15% 26025 4407 36%
c [  0.93  0 174 18 4315  2 48348 8664 2.2 34 15 2 3 32% 26025 4407 36%
c e  0.96  0 168 18 4315  2 50307 10270 2.2 35 16 2 3 32% 22404 4036 33%
c s  0.96  0 168 18 4315  2 50307 10261 2.2 35 16 2 3 32% 22391 4036 33%
c -  0.98  0 167 19 4315  2 51282 7371 2.2 35 16 2 3 32% 22388 4036 33%
c 2  0.98  0 167 19 4315  2 51282 7364 2.2 35 16 2 3 32% 22388 4036 33%
c d  0.98  0 167 19 4315  2 51282 7350 2.2 35 16 2 3 32% 22388 4034 33%
c p  0.98  0 167 19 4315  2 51282 7414 2.2 35 16 2 3 32% 22388 4034 33%
c c  0.99  0 167 19 4315  2 51282 7414 2.2 35 16 2 3 32% 22377 4034 33%
c d  0.99  0 167 19 4315  2 51282 7411 2.2 35 16 2 3 32% 22375 4033 33%
c 2  0.99  0 167 19 4315  2 51282 7411 2.2 35 16 2 3 32% 22373 4033 33%
c f  0.99  0 167 19 4315  2 51282 7405 2.2 35 16 2 3 32% 22366 4042 33%
c 
c  seconds   reductions   conflicts        size   tier2      variables
c         MB      restarts      redundant     glue   trail        remaining
c           level       rate         size/glue  tier1  irredundant
c 
c O  1.06  0 167 19 4316  2 55021 10785 2.2 38 17 2 3 33% 22366 4042 33%
c -  1.09  0 166 20 4316  2 56943 7675 2.2 38 18 2 3 33% 22366 4042 33%
c p  1.09  0 166 20 4316  2 56943 7693 2.2 38 18 2 3 33% 22366 4041 33%
c c  1.09  0 166 20 4316  2 56943 7693 2.2 38 18 2 3 33% 22356 4041 33%
c d  1.09  0 166 20 4316  2 56943 7692 2.2 38 18 2 3 33% 22354 4040 33%
c 2  1.09  0 166 20 4316  2 56943 7692 2.2 38 18 2 3 33% 22352 4040 33%
c u  1.10  0 166 20 4316  2 56943 7243 2.2 38 18 2 3 33% 22249 4040 33%
c v  1.10  0 166 20 4316  2 56943 7092 2.2 38 18 2 3 33% 22249 4040 33%
c w  1.10  0 166 20 4316  2 56943 7092 2.2 38 18 2 3 33% 22249 4040 33%
c x  1.10  0 166 20 4316  2 56943 7090 2.2 38 18 2 3 33% 22246 4040 33%
c f  1.10  0 166 20 4316  2 56943 7082 2.2 38 18 2 3 33% 22250 4044 33%
c ]  1.16  0 169 20 4317  2 61092 10777 2.2 39 18 2 3 34% 22250 4044 33%
c {  1.16  0 88 20 4317 17 61092 10777 1.6 8 5 1 2 15% 22250 4044 33%
c -  1.18  0 88 21 4680 17 62908 7521 1.6 8 5 1 2 15% 22250 4044 33%
c B  1.25  0 87 21 5272 17 66022 10344 1.6 8 5 1 2 16% 22250 4044 33%
c -  1.28  0 83 22 5667 17 69178 8843 1.7 9 5 1 2 15% 22250 4044 33%
c p  1.28  0 83 22 5667 17 69178 8848 1.7 9 5 1 2 15% 22250 4044 33%
c f  1.29  0 83 22 5667 17 69178 8846 1.7 9 5 1 2 15% 22251 4045 33%
c }  1.32  0 83 22 6126 17 71622 11037 1.7 9 5 1 2 15% 22251 4045 33%
c [  1.32  0 169 22 6126  2 71622 11037 2.2 39 18 2 3 34% 22251 4045 33%
c 
c  seconds   reductions   conflicts        size   tier2      variables
c         MB      restarts      redundant     glue   trail        remaining
c           level       rate         size/glue  tier1  irredundant
c 
c e  1.37  0 167 22 6129  2 75025 14162 2.2 38 18 2 3 34% 22246 4040 33%
c s  1.37  0 167 22 6129  2 75025 14161 2.2 38 18 2 3 34% 22244 4040 33%
c -  1.39  0 166 23 6129  2 75754 9785 2.2 38 18 2 3 36% 22244 4040 33%
c p  1.39  0 166 23 6129  2 75754 9940 2.2 38 18 2 3 36% 22244 4040 33%
c u  1.40  0 166 23 6129  2 75754 9235 2.2 38 18 2 3 36% 22243 4040 33%
c v  1.40  0 166 23 6129  2 75754 9028 2.2 38 18 2 3 36% 22243 4040 33%
c w  1.40  0 166 23 6129  2 75754 9027 2.2 38 18 2 3 36% 22243 4040 33%
c t  1.41  0 166 23 6129  2 75754 9025 2.2 38 18 2 3 36% 22243 4040 33%
c f  1.41  0 166 23 6129  2 75754 8948 2.2 38 18 2 3 36% 22290 4064 33%
c B  1.43  0 165 23 6131  2 78025 11016 2.1 37 17 2 3 32% 22290 4064 33%
c -  1.50  0 164 24 6132  2 82637 9364 2.1 39 18 2 3 37% 22290 4064 33%
c t  1.51  0 164 24 6132  2 82637 9328 2.1 39 18 2 3 37% 22289 4061 33%
c f  1.51  0 164 24 6132  2 82637 9328 2.1 39 18 2 3 37% 22271 4067 33%
c -  1.60  0 165 25 6137  2 89823 9526 2.1 38 18 2 3 41% 22271 4067 33%
c p  1.60  0 165 25 6137  2 89823 9524 2.1 38 18 2 3 41% 22271 4066 33%
c =  1.61  0 165 25 6137  2 89823 9522 2.1 38 18 2 3 41% 22271 4065 33%
c f  1.61  0 165 25 6137  2 89823 9522 2.1 38 18 2 3 41% 22267 4067 33%
c ]  1.61  0 165 25 6137  2 89925 9615 2.1 38 18 2 3 41% 22267 4067 33%
c {  1.61  0 83 25 6137 17 89925 9615 1.7 9 5 1 2 17% 22267 4067 33%
c W  1.65  0 83 25 6378 17 91027 10628 1.7 9 5 1 2 17% 22267 4067 33%
c 
c  seconds  reductions   conflicts        size tier2      variables
c         MB     restarts      redundant    glue  trail        remaining
c          level       rate         size/glu tier1  irredundant
c 
c -  1.75  0 82 26 7573 17 97317 10825 1.7 9 6 1 2 17% 22267 4067 33%
c p  1.75  0 82 26 7573 17 97317 11079 1.7 9 6 1 2 17% 22267 4067 33%
c u  1.77  0 82 26 7573 17 97317 10234 1.7 9 6 1 2 17% 22267 4067 33%
c v  1.77  0 82 26 7573 17 97317 10129 1.7 9 6 1 2 17% 22267 4067 33%
c f  1.77  0 82 26 7573 17 97317 10095 1.7 9 6 1 2 17% 22286 4082 33%
c }  1.83  0 81 26 8267 17 102073 14343 1.7 9 6 1 2 17% 22286 4082 33%
c [  1.83  0 165 26 8267  2 102073 14343 2.1 38 18 2 3 41% 22286 4082 33%
c e  1.86  0 164 26 8269  2 104559 16536 2.1 37 18 2 3 40% 22276 4073 33%
c s  1.86  0 164 26 8269  2 104559 16534 2.1 37 18 2 3 40% 22276 4073 33%
c ^  1.86  0 164 26 8269  2 104559 16534 2.1 37 18 2 3 40% 22276 4073 33%
c W  1.87  0 162 26 8269  2 105033 16922 2.1 37 18 2 3 39% 22276 4073 33%
c -  1.87  0 162 27 8269  2 105115 11062 2.1 37 18 2 3 39% 22276 4073 33%
c p  1.87  0 162 27 8269  2 105115 11124 2.1 37 18 2 3 39% 22276 4072 33%
c f  1.89  0 162 27 8269  2 105115 11124 2.1 37 18 2 3 39% 22270 4074 33%
c -  2.05  0 158 28 8270  2 113220 11505 2.1 41 20 2 3 40% 22270 4074 33%
c p  2.05  0 158 28 8270  2 113220 11509 2.1 41 20 2 3 40% 22270 4074 33%
c u  2.05  0 158 28 8270  2 113220 11170 2.1 41 20 2 3 40% 22270 4074 33%
c v  2.05  0 158 28 8270  2 113220 11035 2.1 41 20 2 3 40% 22270 4074 33%
c w  2.05  0 158 28 8270  2 113220 11034 2.1 41 20 2 3 40% 22270 4074 33%
c x  2.05  0 158 28 8270  2 113220 11027 2.1 41 20 2 3 40% 22208 4074 33%
c 
c  seconds   reductions   conflicts         size   tier2      variables
c         MB      restarts       redundant     glue   trail        remaining
c           level       rate          size/glue  tier1  irredundant
c 
c t  2.05  0 158 28 8270  2 113220 11026 2.1 41 20 2 3 40% 22208 4074 33%
c I  2.17  0 157 28 8271  2 120035 17319 2.0 44 22 2 3 40% 22208 4074 33%
c -  2.20  0 157 29 8271  2 121634 10729 2.0 44 22 2 3 40% 22208 4074 33%
c d  2.20  0 157 29 8271  2 121634 10727 2.0 44 22 2 3 40% 22203 4073 33%
c p  2.20  0 157 29 8271  2 121634 10836 2.0 44 22 2 3 40% 22203 4073 33%
c ]  2.20  0 157 29 8271  2 121812 10993 2.0 44 22 2 3 40% 22203 4073 33%
c {  2.20  0 81 29 8271 17 121812 10993 1.7 9 6 1 2 17% 22203 4073 33%
c -  2.35  0 80 30 9823 17 130353 12365 1.7 10 6 1 2 17% 22203 4073 33%
c p  2.35  0 80 30 9823 17 130353 12533 1.7 10 6 1 2 17% 22203 4073 33%
c =  2.37  0 80 30 9823 17 130353 12516 1.7 10 6 1 2 17% 22177 4055 33%
c u  2.38  0 80 30 9823 17 130353 11998 1.7 10 6 1 2 17% 22124 4055 33%
c v  2.38  0 80 30 9823 17 130353 11804 1.7 10 6 1 2 17% 22124 4055 33%
c w  2.38  0 80 30 9823 17 130353 11804 1.7 10 6 1 2 17% 22124 4055 33%
c t  2.38  0 80 30 9823 17 130353 11803 1.7 10 6 1 2 17% 22124 4055 33%
c 2  2.38  0 80 30 9823 17 130353 11802 1.7 10 6 1 2 17% 22124 4055 33%
c f  2.38  0 80 30 9823 17 130353 11791 1.7 10 6 1 2 17% 22130 4056 33%
c #  2.46  0 78 30 10618 16 136036 16914 1.7 10 6 1 2 17% 22130 4056 33%
c }  2.47  0 78 30 10646 16 136220 17080 1.7 10 6 1 2 17% 22130 4056 33%
c [  2.47  0 157 30 10646  2 136220 17080 2.0 44 22 2 3 40% 22130 4056 33%
c e  2.52  0 155 30 10646  2 138878 14685 2.0 44 22 2 3 41% 22267 3828 31%
c 
c  seconds   reductions    conflicts         size   tier2      variables
c         MB       restarts       redundant     glue   trail        remaining
c           level        rate          size/glue  tier1  irredundant
c 
c ^  2.52  0 155 30 10646  2 138878 14685 2.0 44 22 2 3 41% 22267 3828 31%
c -  2.53  0 155 31 10646  2 139379 10906 2.0 44 22 2 3 41% 22267 3828 31%
c 2  2.53  0 155 31 10646  2 139379 10905 2.0 44 22 2 3 41% 22267 3828 31%
c p  2.53  0 155 31 10646  2 139379 10984 2.0 44 22 2 3 41% 22267 3828 31%
c f  2.53  0 155 31 10646  2 139379 10984 2.0 44 22 2 3 41% 22252 3832 31%
c -  2.60  0 155 32 10646  2 148713 11458 2.1 42 20 2 3 39% 22252 3832 31%
c u  2.61  0 155 32 10646  2 148713 11100 2.1 42 20 2 3 39% 22252 3830 31%
c v  2.61  0 155 32 10646  2 148713 11039 2.1 42 20 2 3 39% 22252 3830 31%
c w  2.61  0 155 32 10646  2 148713 11037 2.1 42 20 2 3 39% 22252 3830 31%
c x  2.62  0 155 32 10646  2 148713 11035 2.1 42 20 2 3 39% 22243 3830 31%
c B  2.67  0 153 32 10649  2 153040 14911 2.1 41 20 2 3 37% 22243 3830 31%
c -  2.75  0 153 33 10653  2 158356 11720 2.1 41 20 2 3 37% 22243 3830 31%
c p  2.75  0 153 33 10653  2 158356 11833 2.1 41 20 2 3 37% 22243 3829 31%
c f  2.75  0 153 33 10653  2 158356 11833 2.1 41 20 2 3 37% 22221 3835 31%
c ]  2.91  0 155 33 10655  2 164542 17623 2.1 45 21 2 3 39% 22221 3835 31%
c {  2.91  0 78 33 10655 16 164542 17623 1.7 10 6 1 2 17% 22221 3835 31%
c -  2.97  0 78 34 11153 16 168305 13109 1.7 10 6 1 2 17% 22221 3835 31%
c d  2.97  0 78 34 11153 16 168305 13086 1.7 10 6 1 2 17% 22221 3832 31%
c p  2.97  0 78 34 11153 16 168305 13089 1.7 10 6 1 2 17% 22221 3832 31%
c 2  2.97  0 78 34 11153 16 168305 13089 1.7 10 6 1 2 17% 22219 3832 31%
c 
c  seconds  reductions    conflicts         size  tier2      variables
c         MB      restarts       redundant     glue  trail        remaining
c          level        rate          size/glue tier1  irredundant
c 
c u  2.98  0 78 34 11153 16 168305 12556 1.7 10 6 1 2 17% 22147 3832 31%
c v  2.98  0 78 34 11153 16 168305 12367 1.7 10 6 1 2 17% 22147 3832 31%
c f  2.98  0 78 34 11153 16 168305 12367 1.7 10 6 1 2 17% 22141 3834 31%
c B  3.03  0 78 34 11622 16 171041 14846 1.7 10 6 1 2 17% 22141 3834 31%
c -  3.16  0 77 35 12791 16 178562 14189 1.7 10 6 1 2 17% 22141 3834 31%
c p  3.16  0 77 35 12791 16 178562 14339 1.7 10 6 1 2 17% 22141 3834 31%
c c  3.16  0 77 35 12791 16 178562 14339 1.7 10 6 1 2 17% 22140 3834 31%
c d  3.17  0 77 35 12791 16 178562 14338 1.7 10 6 1 2 17% 22138 3833 31%
c 2  3.17  0 77 35 12791 16 178562 14336 1.7 10 6 1 2 17% 22138 3833 31%
c u  3.19  0 77 35 12791 16 178562 14030 1.7 10 6 1 2 17% 22138 3833 31%
c v  3.19  0 77 35 12791 16 178562 13830 1.7 10 6 1 2 17% 22138 3833 31%
c t  3.19  0 77 35 12791 16 178562 13829 1.7 10 6 1 2 17% 22137 3833 31%
c t  3.21  0 77 35 12963 16 179522 14685 1.7 10 6 1 2 17% 22136 3833 31%
c e  3.22  0 77 35 12963 16 179522 12635 1.7 10 6 1 2 17% 22384 3673 30%
c ^  3.22  0 77 35 12963 16 179522 12635 1.7 10 6 1 2 17% 22384 3673 30%
c }  3.28  0 77 35 13513 16 184177 16760 1.7 10 6 1 2 15% 22384 3673 30%
c [  3.28  0 155 35 13513  2 184177 16760 2.1 45 21 2 3 43% 22384 3673 30%
c -  3.42  0 156 36 13517  2 189126 13704 2.1 47 23 2 3 44% 22383 3673 30%
c p  3.43  0 156 36 13517  2 189126 13724 2.1 47 23 2 3 44% 22377 3671 30%
c W  3.49  0 156 36 13517  2 190043 14588 2.1 48 23 2 3 45% 22374 3671 30%
c 
c  seconds   reductions    conflicts         size   tier2      variables
c         MB       restarts       redundant     glue   trail        remaining
c           level        rate          size/glue  tier1  irredundant
c 
c -  3.69  0 157 37 13519  2 199998 14557 2.1 50 23 2 3 44% 22374 3671 30%
c p  3.70  0 157 37 13519  2 199998 14603 2.1 50 23 2 3 44% 22358 3668 30%
c u  3.70  0 157 37 13519  2 199998 14087 2.1 50 23 2 3 44% 22358 3668 30%
c v  3.70  0 157 37 13519  2 199998 13947 2.1 50 23 2 3 44% 22358 3668 30%
c w  3.70  0 157 37 13519  2 199998 13947 2.1 50 23 2 3 44% 22358 3668 30%
c x  3.71  0 157 37 13519  2 199998 13946 2.1 50 23 2 3 44% 22326 3668 30%
c ]  3.84  0 158 37 13522  2 205629 19271 2.1 52 25 2 4 44% 22326 3668 30%
c {  3.84  0 77 37 13522 16 205629 19271 1.7 10 6 1 2 15% 22326 3668 30%
c W  3.92  0 77 37 14191 16 210044 23281 1.7 10 6 1 2 16% 22326 3668 30%
c -  3.94  0 77 38 14319 16 211179 14960 1.7 10 6 1 2 16% 22326 3668 30%
c p  3.95  0 77 38 14319 16 211179 15003 1.7 10 6 1 2 16% 22326 3668 30%
c c  3.95  0 77 38 14319 16 211179 15003 1.7 10 6 1 2 16% 22319 3668 30%
c u  3.96  0 77 38 14319 16 211179 14784 1.7 10 6 1 2 16% 22307 3667 30%
c v  3.96  0 77 38 14319 16 211179 14620 1.7 10 6 1 2 16% 22307 3667 30%
c w  3.96  0 77 38 14319 16 211179 14620 1.7 10 6 1 2 16% 22307 3667 30%
c t  3.96  0 77 38 14319 16 211179 14620 1.7 10 6 1 2 16% 22306 3667 30%
c -  4.16  0 76 39 16246 16 222667 16334 1.7 11 6 1 2 17% 22306 3667 30%
c p  4.16  0 76 39 16246 16 222667 16392 1.7 11 6 1 2 17% 22306 3667 30%
c =  4.18  0 76 39 16246 16 222667 16354 1.7 11 6 1 2 17% 22280 3639 30%
c u  4.19  0 76 39 16246 16 222667 16013 1.7 11 6 1 2 17% 22280 3639 30%
c 
c  seconds  reductions    conflicts         size  tier2      variables
c         MB      restarts       redundant     glue  trail        remaining
c          level        rate          size/glue tier1  irredundant
c 
c v  4.19  0 76 39 16246 16 222667 15760 1.7 11 6 1 2 17% 22280 3639 30%
c w  4.19  0 76 39 16246 16 222667 15760 1.7 11 6 1 2 17% 22280 3639 30%
c e  4.26  0 76 39 16751 16 226460 16009 1.7 11 6 1 2 17% 23163 3350 27%
c ^  4.26  0 76 39 16751 16 226460 16009 1.7 11 6 1 2 17% 23163 3350 27%
c }  4.27  0 76 39 16821 16 227054 16557 1.7 11 6 1 2 17% 23163 3350 27%
c [  4.27  0 158 39 16821  2 227054 16557 2.1 52 25 2 4 44% 23163 3350 27%
c O  4.33  0 156 39 16823  2 231045 20331 2.1 51 24 2 4 43% 23163 3350 27%
c -  4.37  0 154 40 16825  2 234465 15113 2.1 50 24 2 4 42% 23163 3350 27%
c 2  4.37  0 154 40 16825  2 234465 15111 2.1 50 24 2 4 42% 23163 3350 27%
c t  4.38  0 154 40 16825  2 234465 15111 2.1 50 24 2 4 42% 23165 3350 27%
c -  4.56  0 151 41 16832  2 246571 15826 2.1 49 24 2 4 40% 23165 3350 27%
c p  4.56  0 151 41 16832  2 246571 15880 2.1 49 24 2 4 40% 23165 3350 27%
c =  4.58  0 151 41 16832  2 246571 15868 2.1 49 24 2 4 40% 22991 3321 27%
c u  4.58  0 151 41 16832  2 246571 15408 2.1 49 24 2 4 40% 22923 3321 27%
c v  4.58  0 151 41 16832  2 246571 15216 2.1 49 24 2 4 40% 22923 3321 27%
c w  4.58  0 151 41 16832  2 246571 15213 2.1 49 24 2 4 40% 22923 3321 27%
c B  4.68  0 151 41 16833  2 253048 21078 2.1 48 23 2 4 40% 22923 3321 27%
c -  4.85  0 153 42 16834  2 258985 15421 2.2 51 24 2 4 41% 22923 3321 27%
c p  4.86  0 153 42 16834  2 258985 15456 2.2 51 24 2 4 41% 22923 3321 27%
c ]  4.93  0 154 42 16834  2 261158 17487 2.2 52 24 2 4 41% 22923 3321 27%
c 
c  seconds  reductions    conflicts         size  tier2      variables
c         MB      restarts       redundant     glue  trail        remaining
c          level        rate          size/glue tier1  irredundant
c 
c {  4.93  0 76 42 16834 16 261158 17487 1.7 11 6 1 2 17% 22923 3321 27%
c -  5.10  0 76 43 18235 15 271707 17278 1.7 11 6 1 2 16% 22923 3321 27%
c p  5.10  0 76 43 18235 15 271707 17307 1.7 11 6 1 2 16% 22923 3321 27%
c u  5.11  0 76 43 18235 15 271707 16912 1.7 11 6 1 2 16% 22924 3321 27%
c v  5.11  0 76 43 18235 15 271707 16603 1.7 11 6 1 2 16% 22924 3321 27%
c x  5.12  0 76 43 18235 15 271707 16594 1.7 11 6 1 2 16% 22843 3321 27%
c t  5.12  0 76 43 18235 15 271707 16594 1.7 11 6 1 2 16% 22842 3321 27%
c F  5.18  0 76 43 18861 15 276049 20569 1.7 11 6 1 2 16% 22842 3321 27%
c e  5.31  0 76 43 19841 15 282253 20576 1.7 11 7 1 2 16% 23049 2886 23%
c s  5.31  0 76 43 19841 15 282253 20334 1.7 11 7 1 2 16% 22684 2886 23%
c e  5.32  0 76 43 19841 15 282253 20142 1.7 11 7 1 2 16% 22707 2878 23%
c -  5.37  0 76 44 20190 15 284738 15302 1.7 11 7 1 2 20% 22707 2878 23%
c 2  5.37  0 76 44 20190 15 284738 15296 1.7 11 7 1 2 20% 22707 2878 23%
c p  5.37  0 76 44 20190 15 284738 15317 1.7 11 7 1 2 20% 22707 2878 23%
c u  5.39  0 76 44 20190 15 284738 14800 1.7 11 7 1 2 20% 22707 2878 23%
c v  5.39  0 76 44 20190 15 284738 14616 1.7 11 7 1 2 20% 22707 2878 23%
c t  5.39  0 76 44 20190 15 284738 14616 1.7 11 7 1 2 20% 22706 2878 23%
c f  5.40  0 76 44 20190 15 284738 14616 1.7 11 7 1 2 20% 22643 2885 23%
c }  5.44  0 76 44 20538 15 288034 17574 1.7 11 7 1 2 18% 22643 2885 23%
c [  5.44  0 154 44 20538  2 288034 17574 2.2 52 24 2 4 53% 22643 2885 23%
c 
c  seconds   reductions    conflicts         size   tier2      variables
c         MB       restarts       redundant     glue   trail        remaining
c           level        rate          size/glue  tier1  irredundant
c 
c -  5.58  0 149 45 20538  1 298078 16082 2.1 50 24 2 4 49% 22643 2885 23%
c p  5.58  0 149 45 20538  1 298078 16090 2.1 50 24 2 4 49% 22643 2885 23%
c W  5.67  0 150 45 20538  1 300051 17988 2.1 50 24 2 4 49% 22643 2885 23%
c -  5.87  0 150 46 20539  1 311729 16166 2.1 53 25 2 4 48% 22643 2885 23%
c p  5.87  0 150 46 20539  1 311729 16187 2.1 53 25 2 4 48% 22643 2885 23%
c u  5.88  0 150 46 20539  1 311729 15906 2.1 53 25 2 4 48% 22643 2885 23%
c v  5.88  0 150 46 20539  1 311729 15683 2.1 53 25 2 4 48% 22643 2885 23%
c w  5.88  0 150 46 20539  1 311729 15682 2.1 53 25 2 4 48% 22643 2885 23%
c I  6.06  0 147 46 20539  1 325052 27762 2.1 52 24 2 4 47% 22641 2885 23%
c -  6.07  0 147 47 20539  1 325687 15941 2.1 51 24 2 4 46% 22640 2885 23%
c p  6.08  0 147 47 20539  1 325687 15949 2.1 51 24 2 4 46% 22640 2885 23%
c ]  6.23  0 146 47 20539  1 334676 24440 2.2 52 24 2 5 47% 22640 2885 23%
c {  6.23  0 76 47 20539 15 334676 24440 1.7 11 7 1 2 18% 22640 2885 23%
c -  6.31  0 76 48 21191 15 339955 17192 1.7 11 7 1 2 19% 22640 2885 23%
c p  6.32  0 76 48 21191 15 339955 17213 1.7 11 7 1 2 19% 22640 2885 23%
c u  6.32  0 76 48 21191 15 339955 16653 1.7 11 7 1 2 19% 22640 2885 23%
c v  6.33  0 76 48 21191 15 339955 16385 1.7 11 7 1 2 19% 22640 2885 23%
c e  6.45  0 75 48 22104 14 347813 23503 1.7 11 7 1 2 19% 22654 2883 23%
c s  6.45  0 75 48 22104 14 347813 23493 1.7 11 7 1 2 19% 22651 2883 23%
c B  6.51  0 75 48 22545 14 351054 26395 1.7 12 7 1 2 18% 22651 2883 23%
c 
c  seconds  reductions    conflicts         size  tier2      variables
c         MB      restarts       redundant     glue  trail        remaining
c          level        rate          size/glue tier1  irredundant
c 
c -  6.56  0 75 49 22907 14 354531 18620 1.7 12 7 1 2 18% 22651 2883 23%
c p  6.56  0 75 49 22907 14 354531 18645 1.7 12 7 1 2 18% 22651 2883 23%
c u  6.57  0 75 49 22907 14 354531 18490 1.7 12 7 1 2 18% 22651 2883 23%
c v  6.57  0 75 49 22907 14 354531 18292 1.7 12 7 1 2 18% 22651 2883 23%
c }  6.76  0 75 49 24579 14 366212 28732 1.7 12 7 1 2 17% 22651 2883 23%
c [  6.76  0 146 49 24579  1 366212 28732 2.2 52 24 2 5 47% 22651 2883 23%
c -  6.81  0 146 50 24581  1 369418 20083 2.2 51 24 2 5 46% 22651 2883 23%
c p  6.81  0 146 50 24581  1 369418 20104 2.2 51 24 2 5 46% 22651 2883 23%
c u  6.81  0 146 50 24581  1 369418 19945 2.2 51 24 2 5 46% 22651 2883 23%
c v  6.81  0 146 50 24581  1 369418 19804 2.2 51 24 2 5 46% 22651 2883 23%
c w  6.81  0 146 50 24581  1 369418 19804 2.2 51 24 2 5 46% 22651 2883 23%
c x  6.82  0 146 50 24581  1 369418 19804 2.2 51 24 2 5 46% 22639 2883 23%
c B  6.96  0 147 50 24586  1 378057 27905 2.1 51 24 2 5 46% 22639 2883 23%
c -  7.05  0 147 51 24589  1 384613 20764 2.1 50 24 2 5 46% 22639 2883 23%
c p  7.05  0 147 51 24589  1 384613 20766 2.1 50 24 2 5 46% 22639 2883 23%
c -  7.36  0 144 52 24594  1 400117 20503 2.2 51 24 2 5 45% 22639 2883 23%
c p  7.36  0 144 52 24594  1 400117 20525 2.2 51 24 2 5 45% 22639 2883 23%
c u  7.37  0 144 52 24594  1 400117 20129 2.2 51 24 2 5 45% 22639 2883 23%
c v  7.37  0 144 52 24594  1 400117 20076 2.2 51 24 2 5 45% 22639 2883 23%
c w  7.37  0 144 52 24594  1 400117 20074 2.2 51 24 2 5 45% 22639 2883 23%
c 
c  seconds   reductions    conflicts         size   tier2      variables
c         MB       restarts       redundant     glue   trail        remaining
c           level        rate          size/glue  tier1  irredundant
c 
c W  7.55  0 146 52 24597  1 406057 25703 2.2 52 24 2 5 46% 22639 2883 23%
c ]  7.67  0 146 52 24601  1 412323 31366 2.2 53 24 2 5 46% 22639 2883 23%
c {  7.67  0 75 52 24601 14 412323 31366 1.7 12 7 1 2 17% 22639 2883 23%
c -  7.74  0 75 53 25169 14 415930 21238 1.7 12 7 1 2 17% 22639 2883 23%
c p  7.74  0 75 53 25169 14 415930 21251 1.7 12 7 1 2 17% 22639 2883 23%
c u  7.75  0 75 53 25169 14 415930 21117 1.7 12 7 1 2 17% 22639 2883 23%
c v  7.75  0 75 53 25169 14 415930 20967 1.7 12 7 1 2 17% 22639 2883 23%
c ^  7.81  0 75 53 25628 14 419189 23961 1.7 12 7 1 2 17% 22639 2883 23%
c -  8.05  0 75 54 27588 14 432053 23146 1.7 12 7 1 2 17% 22639 2883 23%
c p  8.06  0 75 54 27588 14 432053 23159 1.7 12 7 1 2 17% 22639 2883 23%
c u  8.06  0 75 54 27588 14 432053 22874 1.7 12 7 1 2 17% 22639 2883 23%
c v  8.07  0 75 54 27588 14 432053 22638 1.7 12 7 1 2 17% 22639 2883 23%
c w  8.07  0 75 54 27588 14 432053 22637 1.7 12 7 1 2 17% 22639 2883 23%
c W  8.14  0 75 54 28059 14 435058 25348 1.7 12 7 1 2 17% 22639 2883 23%
c }  8.28  0 75 54 29108 14 441806 31454 1.7 12 7 1 2 18% 22639 2883 23%
c [  8.28  0 146 54 29108  1 441806 31454 2.2 53 24 2 5 46% 22639 2883 23%
c -  8.38  0 147 55 29111  1 448486 24010 2.2 52 24 2 5 46% 22639 2883 23%
c p  8.38  0 147 55 29111  1 448486 24023 2.2 52 24 2 5 46% 22639 2883 23%
c u  8.39  0 147 55 29111  1 448486 23848 2.2 52 24 2 5 46% 22639 2883 23%
c v  8.39  0 147 55 29111  1 448486 23676 2.2 52 24 2 5 46% 22639 2883 23%
c 
c  seconds   reductions    conflicts         size   tier2      variables
c         MB       restarts       redundant     glue   trail        remaining
c           level        rate          size/glue  tier1  irredundant
c 
c w  8.39  0 147 55 29111  1 448486 23676 2.2 52 24 2 5 46% 22639 2883 23%
c O  8.65  0 148 55 29116  1 465059 39205 2.1 51 24 2 4 45% 22639 2883 23%
c -  8.65  0 148 56 29116  1 465229 24106 2.1 51 24 2 4 45% 22639 2883 23%
c p  8.66  0 148 56 29116  1 465229 24118 2.1 51 24 2 4 45% 22639 2883 23%
c -  8.96  0 152 57 29117  1 482280 23048 2.2 51 24 2 4 46% 22639 2883 23%
c p  8.96  0 152 57 29117  1 482280 23057 2.2 51 24 2 4 46% 22639 2883 23%
c u  8.97  0 152 57 29117  1 482280 22875 2.2 51 24 2 4 46% 22639 2883 23%
c v  8.97  0 152 57 29117  1 482280 22865 2.2 51 24 2 4 46% 22639 2883 23%
c w  8.97  0 152 57 29117  1 482280 22865 2.2 51 24 2 4 46% 22639 2883 23%
c B  9.08  0 150 57 29125  1 496060 34898 2.1 47 22 2 4 44% 22639 2883 23%
c e  9.11  0 150 57 29125  1 496492 17851 2.1 47 22 2 4 44% 27502 2496 20%
c -  9.14  0 149 58 29127  1 499641 12858 2.1 46 22 2 4 26% 27502 2496 20%
c f  9.15  0 149 58 29127  1 499641 12858 2.1 46 22 2 4 26% 27485 2497 20%
c -  9.28  0 143 59 29132  1 517313 15500 2.1 43 20 2 4 29% 27485 2497 20%
c p  9.28  0 143 59 29132  1 517313 15502 2.1 43 20 2 4 29% 27485 2497 20%
c W  9.39  0 141 59 29139  1 528062 24814 2.1 41 19 2 4 28% 27485 2497 20%
c ]  9.42  0 140 59 29141  1 532767 28826 2.1 40 19 2 4 27% 27485 2497 20%
c {  9.42  0 75 59 29141 14 532767 28826 1.7 12 7 1 2 20% 27485 2497 20%
c -  9.45  0 75 60 29267 14 535296 17521 1.7 12 7 1 2 20% 27485 2497 20%
c p  9.45  0 75 60 29267 14 535296 17525 1.7 12 7 1 2 20% 27485 2497 20%
c 
c  seconds  reductions    conflicts         size  tier2      variables
c         MB      restarts       redundant     glue  trail        remaining
c          level        rate          size/glue tier1  irredundant
c 
c u  9.46  0 75 60 29267 14 535296 17250 1.7 12 7 1 2 20% 27479 2497 20%
c v  9.46  0 75 60 29267 14 535296 17146 1.7 12 7 1 2 20% 27479 2497 20%
c w  9.46  0 75 60 29267 14 535296 17146 1.7 12 7 1 2 20% 27479 2497 20%
c x  9.46  0 75 60 29267 14 535296 17146 1.7 12 7 1 2 20% 27397 2497 20%
c -  9.71  0 74 61 31223 13 553588 19910 1.7 12 7 1 2 20% 27397 2497 20%
c p  9.71  0 74 61 31223 13 553588 19912 1.7 12 7 1 2 20% 27397 2497 20%
c u  9.72  0 74 61 31223 13 553588 19542 1.7 12 7 1 2 20% 27397 2497 20%
c v  9.72  0 74 61 31223 13 553588 19262 1.7 12 7 1 2 20% 27397 2497 20%
c #  9.83  0 75 61 32106 13 561064 25964 1.7 12 7 1 2 20% 27397 2497 20%
c - 10.01  0 74 62 33379 13 572189 21105 1.7 12 7 1 2 19% 27397 2497 20%
c p 10.01  0 74 62 33379 13 572189 21107 1.7 12 7 1 2 19% 27397 2497 20%
c u 10.05  0 74 62 33379 13 572189 20527 1.7 12 7 1 2 19% 27397 2497 20%
c v 10.05  0 74 62 33379 13 572189 20272 1.7 12 7 1 2 19% 27397 2497 20%
c } 10.17  0 74 62 34167 12 581634 28695 1.8 13 7 1 2 19% 27397 2497 20%
c [ 10.17  0 140 62 34167  1 581634 28695 2.1 40 19 2 4 27% 27397 2497 20%
c - 10.24  0 137 63 34172  1 591102 22748 2.1 38 18 2 4 26% 27397 2497 20%
c p 10.24  0 137 63 34172  1 591102 22750 2.1 38 18 2 4 26% 27397 2497 20%
c e 10.27  0 137 63 34173  1 593425 24728 2.1 38 18 2 4 27% 27410 2496 20%
c s 10.27  0 137 63 34173  1 593425 24676 2.1 38 18 2 4 27% 27387 2496 20%
c e 10.28  0 137 63 34173  1 593425 24666 2.1 38 18 2 4 27% 27399 2495 20%
c 
c  seconds   reductions    conflicts         size   tier2      variables
c         MB       restarts       redundant     glue   trail        remaining
c           level        rate          size/glue  tier1  irredundant
c 
c I 10.29  0 136 63 34173  1 595065 26045 2.1 38 18 2 4 27% 27399 2495 20%
c - 10.41  0 136 64 34174  1 610322 23346 2.0 36 17 2 4 28% 27399 2495 20%
c u 10.42  0 136 64 34174  1 610322 23023 2.0 36 17 2 4 28% 27399 2495 20%
c v 10.42  0 136 64 34174  1 610322 22780 2.0 36 17 2 4 28% 27399 2495 20%
c w 10.43  0 136 64 34174  1 610322 22776 2.0 36 17 2 4 28% 27399 2495 20%
c - 10.58  0 132 65 34175  1 629852 23079 2.0 33 16 2 4 27% 27399 2495 20%
c p 10.58  0 132 65 34175  1 629852 23081 2.0 33 16 2 4 27% 27399 2495 20%
c B 10.59  0 132 65 34175  1 630066 23264 2.0 33 16 2 4 27% 27399 2495 20%
c - 10.94  0 135 66 34175  1 649694 24237 2.1 36 17 2 4 32% 27399 2495 20%
c p 10.94  0 135 66 34175  1 649694 24239 2.1 36 17 2 4 32% 27399 2495 20%
c u 10.95  0 135 66 34175  1 649694 23957 2.1 36 17 2 4 32% 27399 2495 20%
c v 10.95  0 135 66 34175  1 649694 23862 2.1 36 17 2 4 32% 27399 2495 20%
c w 10.95  0 135 66 34175  1 649694 23860 2.1 36 17 2 4 32% 27399 2495 20%
c W 11.28  0 135 66 34176  1 666068 39408 2.1 39 18 2 4 35% 27399 2495 20%
c ] 11.33  0 135 66 34176  1 669489 42627 2.1 39 18 2 4 35% 27399 2495 20%
c { 11.33  0 74 66 34176 12 669489 42627 1.8 13 7 1 2 19% 27399 2495 20%
c - 11.35  0 74 67 34228 12 669844 24908 1.8 13 7 1 2 19% 27399 2495 20%
c p 11.35  0 74 67 34228 12 669844 24910 1.8 13 7 1 2 19% 27399 2495 20%
c - 11.71  0 74 68 36966 13 690305 26556 1.8 13 7 1 2 19% 27399 2495 20%
c p 11.71  0 74 68 36966 13 690305 26558 1.8 13 7 1 2 19% 27399 2495 20%
c 
c  seconds  reductions    conflicts         size  tier2      variables
c         MB      restarts       redundant     glue  trail        remaining
c          level        rate          size/glue tier1  irredundant
c 
c u 11.72  0 74 68 36966 13 690305 26115 1.8 13 7 1 2 19% 27399 2495 20%
c v 11.73  0 74 68 36966 13 690305 25980 1.8 13 7 1 2 19% 27399 2495 20%
c e 11.84  0 74 68 37894 13 697136 32146 1.8 13 7 1 2 19% 27409 2494 20%
c s 11.84  0 74 68 37894 13 697136 32143 1.8 13 7 1 2 19% 27397 2494 20%
c B 11.94  0 74 68 38448 12 703069 37469 1.8 13 7 1 2 19% 27397 2494 20%
c } 12.10  0 73 68 39395 12 710743 44332 1.8 13 7 1 2 18% 27397 2494 20%
c [ 12.10  0 135 68 39395  1 710743 44332 2.1 39 18 2 4 35% 27397 2494 20%
c - 12.10  0 135 69 39395  1 711078 27604 2.1 39 18 2 4 35% 27397 2494 20%
c p 12.11  0 135 69 39395  1 711078 27606 2.1 39 18 2 4 35% 27397 2494 20%
c u 12.14  0 135 69 39395  1 711078 27321 2.1 39 18 2 4 35% 27397 2494 20%
c v 12.14  0 135 69 39395  1 711078 27295 2.1 39 18 2 4 35% 27397 2494 20%
c w 12.14  0 135 69 39395  1 711078 27295 2.1 39 18 2 4 35% 27397 2494 20%
c - 12.61  0 137 70 39395  1 732161 28382 2.1 46 21 2 4 38% 27397 2494 20%
c p 12.61  0 137 70 39395  1 732161 28384 2.1 46 21 2 4 38% 27397 2494 20%
c u 12.61  0 137 70 39395  1 732161 28318 2.1 46 21 2 4 38% 27397 2494 20%
c v 12.61  0 137 70 39395  1 732161 28200 2.1 46 21 2 4 38% 27397 2494 20%
c w 12.61  0 137 70 39395  1 732161 28200 2.1 46 21 2 4 38% 27397 2494 20%
c x 12.62  0 137 70 39395  1 732161 28200 2.1 46 21 2 4 38% 27314 2494 20%
c O 12.74  0 140 70 39395  1 741071 36286 2.1 46 22 2 4 40% 27314 2494 20%
c - 12.97  0 140 71 39395  1 753552 27284 2.1 47 22 2 4 40% 27314 2494 20%
c 
c  seconds   reductions    conflicts         size   tier2      variables
c         MB       restarts       redundant     glue   trail        remaining
c           level        rate          size/glue  tier1  irredundant
c 
c p 12.98  0 140 71 39395  1 753552 27285 2.1 47 22 2 4 40% 27314 2494 20%
c ] 13.35  0 141 71 39402  1 772731 45293 2.1 50 24 2 4 42% 27314 2494 20%
c { 13.35  0 73 71 39402 12 772731 45293 1.8 13 7 1 2 18% 27314 2494 20%
c - 13.40  0 73 72 39680 12 775254 28393 1.8 13 7 1 2 18% 27314 2494 20%
c p 13.40  0 73 72 39680 12 775254 28395 1.8 13 7 1 2 18% 27314 2494 20%
c u 13.41  0 73 72 39680 12 775254 28145 1.8 13 7 1 2 18% 27314 2494 20%
c v 13.41  0 73 72 39680 12 775254 27907 1.8 13 7 1 2 18% 27314 2494 20%
c W 13.54  0 73 72 40247 12 780072 32214 1.8 13 7 1 2 18% 27314 2494 20%
c - 13.85  0 72 73 42180 12 797266 30377 1.8 13 7 1 2 18% 27313 2494 20%
c p 13.85  0 72 73 42180 12 797266 30379 1.8 13 7 1 2 18% 27313 2494 20%
c u 13.86  0 72 73 42180 12 797266 30199 1.8 13 7 1 2 18% 27313 2494 20%
c v 13.86  0 72 73 42180 12 797266 29898 1.8 13 7 1 2 18% 27313 2494 20%
c w 13.86  0 72 73 42180 12 797266 29898 1.8 13 7 1 2 18% 27313 2494 20%
c e 14.06  0 72 73 43437 12 807777 38440 1.8 13 8 1 2 18% 27339 2492 20%
c s 14.06  0 72 73 43437 12 807777 38429 1.8 13 8 1 2 18% 27336 2492 20%
c } 14.28  0 72 73 44716 12 816926 46752 1.8 13 8 1 2 18% 27336 2492 20%
c [ 14.28  0 141 73 44716  1 816926 46752 2.1 50 24 2 4 42% 27336 2492 20%
c - 14.32  0 141 74 44716  1 819591 31214 2.1 50 24 2 4 42% 27336 2492 20%
c p 14.32  0 141 74 44716  1 819591 31215 2.1 50 24 2 4 42% 27336 2492 20%
c u 14.33  0 141 74 44716  1 819591 31016 2.1 50 24 2 4 42% 27336 2492 20%
c 
c  seconds   reductions    conflicts         size   tier2      variables
c         MB       restarts       redundant     glue   trail        remaining
c           level        rate          size/glue  tier1  irredundant
c 
c v 14.34  0 141 74 44716  1 819591 30708 2.1 50 24 2 4 42% 27336 2492 20%
c w 14.34  0 141 74 44716  1 819591 30707 2.1 50 24 2 4 42% 27336 2492 20%
c B 14.35  0 141 74 44717  1 820073 31158 2.1 49 24 2 4 42% 27336 2492 20%
c - 14.75  0 142 75 44726  1 842223 32347 2.0 50 25 2 4 41% 27336 2492 20%
c p 14.75  0 142 75 44726  1 842223 32350 2.0 50 25 2 4 41% 27336 2492 20%
c u 14.76  0 142 75 44726  1 842223 32271 2.0 50 25 2 4 41% 27336 2492 20%
c v 14.76  0 142 75 44726  1 842223 32184 2.0 50 25 2 4 41% 27336 2492 20%
c w 14.76  0 142 75 44726  1 842223 32184 2.0 50 25 2 4 41% 27336 2492 20%
c W 14.94  0 133 75 44737  1 861074 48078 2.0 44 22 2 5 37% 27336 2492 20%
c - 14.98  0 132 76 44738  1 865166 31970 2.0 43 22 2 5 36% 27336 2492 20%
c p 14.98  0 132 76 44738  1 865166 31973 2.0 43 22 2 5 36% 27336 2492 20%
c - 15.18  0 131 77 44740  1 888420 31514 2.0 39 20 2 5 33% 27330 2492 20%
c I 15.32  0 132 77 44747  1 903075 44506 2.0 38 19 2 5 33% 27330 2492 20%
c - 15.39  0 127 78 44751  1 911985 31552 2.0 36 18 2 5 31% 27330 2492 20%
c p 15.39  0 127 78 44751  1 911985 31555 2.0 36 18 2 5 31% 27330 2492 20%
c u 15.40  0 127 78 44751  1 911985 31445 2.0 36 18 2 5 31% 27330 2492 20%
c w 15.40  0 127 78 44751  1 911985 31444 2.0 36 18 2 5 31% 27330 2492 20%
c - 15.62  0 126 79 44761  1 935859 32198 1.9 34 17 2 5 30% 27330 2492 20%
c B 15.70  0 123 79 44766  1 946076 40908 1.9 32 17 2 5 29% 27330 2492 20%
c ] 15.77  0 126 79 44769  1 953475 47511 1.9 32 17 2 5 29% 27330 2492 20%
c 
c  seconds  reductions    conflicts         size  tier2      variables
c         MB      restarts       redundant     glue  trail        remaining
c          level        rate          size/glue tier1  irredundant
c 
c { 15.77  0 72 79 44769 12 953475 47511 1.8 13 8 1 2 18% 27330 2492 20%
c - 15.88  0 72 80 45581 12 960043 34244 1.8 13 8 1 2 18% 27330 2492 20%
c p 15.88  0 72 80 45581 12 960043 34246 1.8 13 8 1 2 18% 27330 2492 20%
c u 15.89  0 72 80 45581 12 960043 34139 1.8 13 8 1 2 18% 27330 2492 20%
c v 15.89  0 72 80 45581 12 960043 34004 1.8 13 8 1 2 18% 27330 2492 20%
c w 15.89  0 72 80 45581 12 960043 34004 1.8 13 8 1 2 18% 27330 2492 20%
c - 16.38  0 72 81 48626 12 984538 36775 1.8 14 8 1 2 18% 27330 2492 20%
c p 16.38  0 72 81 48626 12 984538 36777 1.8 14 8 1 2 18% 27330 2492 20%
c u 16.39  0 72 81 48626 12 984538 36601 1.8 14 8 1 2 18% 27330 2492 20%
c v 16.40  0 72 81 48626 12 984538 36294 1.8 14 8 1 2 18% 27330 2492 20%
c w 16.40  0 72 81 48626 12 984538 36294 1.8 14 8 1 2 18% 27330 2492 20%
c F 16.50  0 72 81 49293 12 990077 41308 1.8 14 8 1 2 18% 27330 2492 20%
c } 16.68  0 72 81 50321 12 1000003 50305 1.8 14 8 1 2 18% 27330 2492 20%
c ? 16.68  0 72 81 50321 12 1000003 50305 1.8 14 8 1 2 18% 27330 2492 20%
c 
c --- [ result ] -------------------------------------------------------------
c 
c UNKNOWN
c 
c --- [ run-time profiling ] -------------------------------------------------
c 
c process time taken by individual solving procedures
c (percentage relative to process time for solving)
c 
c        15.22   91.28% search
c         8.77   52.60% stable
c         6.09   36.53% unstable
c         1.45    8.70% simplify
c         0.36    2.14% walk
c         0.34    2.07% vivify
c         0.29    1.73% sweep
c         0.25    1.52% factor
c         0.18    1.07% congruence
c         0.13    0.80% elim
c         0.06    0.33% subsume
c         0.05    0.30% preprocess
c         0.03    0.19% probe
c         0.03    0.16% ternary
c         0.01    0.08% backbone
c         0.01    0.07% fastelim
c         0.01    0.05% parse
c         0.00    0.01% lucky
c   =================================
c        16.67   99.95% solve
c 
c last line shows process time for solving
c (percentage relative to total process time)
c 
c --- [ statistics ] ---------------------------------------------------------
c 
c chronological:            281821        28.18 %  of conflicts
c conflicts:               1000003     59992.75    per second
c backbone:                1034705      7978.29 %  of vars
c decisions:               5606493    336347.94    per second
c eliminated:                 7459        57.51 %  of all variables
c factored:                    663        26.54 %  of variables
c fixed:                       953         7.35 %  of all variables
c learned:                  945405        94.54 %  per conflict
c learned_lits:           32979288       100.00 %  learned literals
c minimized:                     0         0.00 %  learned literals
c shrunken:                1152502         3.49 %  learned literals
c minishrunken:            2448722         7.43 %  learned literals
c otfs:                      39544         3.95 %  of conflict
c propagations:           82827130         4.97 M  per second
c reduced:                  793177        79.32 %  per conflict
c rephased:                     44     22727.34    interval
c restarts:                  50321        19.87    interval
c stabilizing:                  17        61.06 %  of conflicts
c substituted:                2065        15.92 %  of all variables
c sweep equivs:                504        12.70 %  of swept variables
c subsumed:                  56853         5.33 %  of all clauses
c strengthened:              48482         4.54 %  of all clauses
c ticks:                1160071626        14.30    propagation
c vivified:                   9847         0.92 %  of all clauses
c walked:                       13     76923.31    interval
c weakened:                  46442         2.98    average size
c congruence:                   29     34482.86    interval
c 
c seconds are measured in process time for solving
c 
c --- [ glue usage ] ---------------------------------------------------------
c 
c focused glue 1 used 1373393 clauses 67.17% accumulated 67.17% tier1
c focused glue 2 used 331457 clauses 16.21% accumulated 83.38% tier2
c 
c stable glue 2 used 765916 clauses 15.33% accumulated 63.77% tier1
c stable glue 3 used 295916 clauses 5.925% accumulated 69.69%
c stable glue 4 used 221772 clauses 4.441% accumulated 74.13%
c stable glue 5 used 170500 clauses 3.414% accumulated 77.55% tier2
c 
c 
c --- [ resources ] ----------------------------------------------------------
c 
c total process time since initialization:        16.68    seconds
c total real time since initialization:           16.73    seconds
c maximum resident set size of process:        97152.00    MB
c 
c --- [ shutting down ] ------------------------------------------------------
c 
c exit 0
