c --- [ banner ] -------------------------------------------------------------
c 
c CaDiCaL SAT Solver
c Copyright (c) 2016-2025
c A. Biere, M. Fleury, N. Froleyks, K. Fazekas, F. Pollitt, T. Faller
c JKU Linz, University of Freiburg, TU Wien
c 
c Version 3.0.0
c Apple clang version 17.0.0 (clang-1700.6.3.2) -Wall -Wextra -O3 -DNDEBUG -DNCLOSEFROM
c Tue Dec 23 21:53:38 UTC 2025 Darwin Tahoe-arm64.local 25.2.0 arm64
c 
c --- [ limit ] --------------------------------------------------------------
c 
c setting conflict limit to 1000000 conflicts (due to '1000000')
c 
c --- [ parsing input ] ------------------------------------------------------
c 
c reading DIMACS file from '/tmp/sr59_cnfs/aux_force_sr59_n32_bit13_m4d9f691c_fill55555555.cnf'
c opening file to read '/tmp/sr59_cnfs/aux_force_sr59_n32_bit13_m4d9f691c_fill55555555.cnf'
c found 'p cnf 12310 51392' header
c parsed 51392 clauses in 0.01 seconds process time
c 
c --- [ options ] ------------------------------------------------------------
c 
c   --seed=5                       (different from default '0')
c 
c --- [ solving ] ------------------------------------------------------------
c 
c time measured in process time since initialization
c 
c  seconds  reduction conflicts       size tier2       variables
c         MB    restarts   redundant    glue  trail         remaining
c          level     rate       size/glu tier1  irredundant
c 
c *  0.01  0  0 0   0  0    0    0 0.0 0 0 2 6  0% 50879 11829 96%
c (  0.01  0  0 0   0  0    0    0 0.0 0 0 2 6  0% 50879 11829 96%
c .  0.01  0  0 0   0  0    0    0 0.0 0 0 2 6  0% 49855 11829 96%
c c  0.03  0  0 0   0  0    0    0 0.0 0 0 2 6  0% 47152 11370 92%
c d  0.03  0  0 0   0  0    0    0 0.0 0 0 2 6  0% 43094 10026 81%
c 2  0.03  0  0 0   0  0    0    0 0.0 0 0 2 6  0% 42948 10026 81%
c f  0.05  0  0 0   0  0    0    0 0.0 0 0 2 6  0% 42682 10292 84%
c e  0.06  0  0 0   0  0    0    0 0.0 0 0 2 6  0% 28817 5299 43%
c P  0.06  0  0 0   0  0    0    0 0.0 0 0 2 6  0% 28817 5299 43%
c )  0.06  0  0 0   0  0    0    0 0.0 0 0 2 6  0% 28817 5299 43%
c {  0.06  0  0 0   0  0    0    0 0.0 0 0 2 6  0% 28817 5299 43%
c -  0.06  0 868 1   6 13  301  238 1.6 4 2 2 6 17% 28817 5299 43%
c -  0.07  0 623 2  30 47  735  584 1.6 4 2 2 6 16% 28817 5299 43%
c }  0.07  0 472 2  54 38 1003  826 1.6 4 3 2 6 14% 28817 5299 43%
c [  0.07  0  0 2  54  0 1003  826 0.0 0 0 2 6  0% 28817 5299 43%
c O  0.07  0 1895 2  54 1896 1004  827 1.8 23 13 2 6 38% 28817 5299 43%
c -  0.08  0 1882 3  54  6 1412  885 2.0 46 23 2 6 39% 28817 5299 43%
c ]  0.08  0 1881 3  54  5 1564 1025 2.0 45 22 2 6 39% 28817 5299 43%
c {  0.08  0 472 3  54 38 1564 1025 1.6 4 3 2 6 14% 28817 5299 43%
c p  0.09  0 336 3 158 32 2218 1529 1.6 4 3 2 6 13% 28813 5289 43%
c 
c  seconds   reduction conflicts       size tier2      variables
c         MB     restarts   redundant    glue  trail        remaining
c           level     rate       size/glu tier1  irredundant
c 
c c  0.09  0 336 3 158 32 2218 1529 1.6 4 3 2 6 13% 28750 5289 43%
c d  0.10  0 336 3 158 32 2218 1504 1.6 4 3 2 6 13% 28730 5279 43%
c 2  0.10  0 336 3 158 32 2218 1504 1.6 4 3 2 6 13% 28728 5279 43%
c t  0.10  0 336 3 158 32 2218 1504 1.6 4 3 2 6 13% 28727 5279 43%
c -  0.10  0 324 4 185 32 2353 1327 1.6 5 3 2 6 16% 28727 5279 43%
c O  0.11  0 263 4 351 31 3006 1888 1.5 5 3 2 6 13% 28727 5279 43%
c }  0.11  0 242 4 403 29 3346 2172 1.6 5 3 2 6 12% 28727 5279 43%
c [  0.11  0 1881 4 403  5 3346 2172 2.0 45 22 2 6 92% 28727 5279 43%
c -  0.11  0 1361 5 403  5 3565 2117 1.9 37 19 2 6 67% 28727 5279 43%
c s  0.12  0 796 5 404  5 4210 2673 1.9 27 14 2 6 48% 28722 5279 43%
c t  0.13  0 796 5 404  5 4210 2673 1.9 27 14 2 6 48% 28718 5279 43%
c e  0.14  0 796 5 404  5 4210 2386 1.9 27 14 2 6 48% 28620 4994 41%
c s  0.14  0 796 5 404  5 4210 2290 1.9 27 14 2 6 48% 28553 4994 41%
c e  0.14  0 796 5 404  5 4210 2214 1.9 27 14 2 6 48% 28481 4986 41%
c ]  0.15  0 683 5 404  5 4539 2503 2.1 31 14 2 6 48% 28481 4986 41%
c {  0.15  0 242 5 404 29 4539 2503 1.6 5 3 2 6 12% 28481 4986 41%
c c  0.16  0 234 5 449 30 4718 2646 1.6 5 3 2 6 12% 28437 4978 40%
c =  0.17  0 234 5 449 30 4718 2638 1.6 5 3 2 6 12% 28375 4929 40%
c -  0.17  0 217 6 497 28 5058 1879 1.6 5 3 1 2 11% 28374 4929 40%
c #  0.18  0 184 6 678 26 6008 2661 1.6 6 4 1 2 10% 28372 4929 40%
c 
c  seconds   reduction conflicts       size tier2      variables
c         MB     restarts   redundant    glue  trail        remaining
c           level     rate       size/glu tier1  irredundant
c 
c -  0.19  0 165 7 792 24 6836 2463 1.6 6 4 1 2 10% 28371 4929 40%
c c  0.20  0 157 7 878 23 7322 2787 1.6 6 4 1 2  9% 28253 4913 40%
c d  0.20  0 157 7 878 23 7322 2785 1.6 6 4 1 2  9% 28245 4909 40%
c f  0.20  0 157 7 878 23 7322 2785 1.6 6 4 1 2  9% 28073 5081 41%
c -  0.22  0 149 8 1081 21 8903 3044 1.6 6 4 1 2 11% 28073 5081 41%
c }  0.22  0 148 8 1081 21 8936 3070 1.6 6 4 1 2 11% 28073 5081 41%
c [  0.22  0 683 8 1081  5 8936 3070 2.1 31 14 2 6 46% 28073 5081 41%
c I  0.23  0 486 8 1082  4 10012 3989 2.3 29 13 2 4 43% 28073 5081 41%
c d  0.24  0 484 8 1082  4 10021 3862 2.3 29 13 2 4 43% 28060 5063 41%
c c  0.24  0 484 8 1082  4 10021 3862 2.3 29 13 2 4 43% 28007 5063 41%
c d  0.24  0 484 8 1082  4 10021 3803 2.3 29 13 2 4 43% 27985 5052 41%
c 2  0.24  0 484 8 1082  4 10021 3803 2.3 29 13 2 4 43% 27984 5052 41%
c =  0.25  0 484 8 1082  4 10021 3803 2.3 29 13 2 4 43% 27916 4970 40%
c -  0.26  0 371 9 1082  4 11262 3305 2.2 27 12 2 4 42% 27916 4970 40%
c 2  0.28  0 297 9 1083  3 12807 4653 2.2 25 12 2 4 37% 27914 4970 40%
c c  0.29  0 297 9 1083  3 12807 4615 2.2 25 12 2 4 37% 27868 4966 40%
c ]  0.29  0 284 9 1084  3 13500 5183 2.2 24 11 2 3 35% 27858 4961 40%
c {  0.29  0 148 9 1084 21 13500 5183 1.6 6 4 1 2 11% 27858 4961 40%
c -  0.30  0 146 10 1120 21 13916 3511 1.6 6 4 1 2 12% 27858 4961 40%
c s  0.31  0 144 10 1145 20 14267 3658 1.6 6 4 1 2 12% 27389 4961 40%
c 
c  seconds   reductions   conflicts       size tier2      variables
c         MB      restarts     redundant    glue  trail        remaining
c           level       rate        size/glu tier1  irredundant
c 
c e  0.31  0 144 10 1145 20 14267 3394 1.6 6 4 1 2 12% 27298 4772 39%
c s  0.31  0 144 10 1145 20 14267 3351 1.6 6 4 1 2 12% 27153 4772 39%
c B  0.33  0 139 10 1244 20 15013 4002 1.6 6 4 1 2 16% 27151 4772 39%
c 2  0.33  0 133 10 1268 19 15673 4551 1.6 6 4 1 2 12% 27151 4772 39%
c d  0.33  0 133 10 1268 19 15673 4524 1.6 6 4 1 2 12% 27147 4758 39%
c c  0.34  0 133 10 1268 19 15673 4524 1.6 6 4 1 2 12% 27083 4758 39%
c d  0.34  0 133 10 1268 19 15673 4505 1.6 6 4 1 2 12% 27069 4751 39%
c =  0.35  0 133 10 1268 19 15673 4505 1.6 6 4 1 2 12% 27068 4692 38%
c f  0.35  0 133 10 1268 19 15673 4505 1.6 6 4 1 2 12% 27019 4734 38%
c -  0.36  0 126 11 1427 18 16867 4047 1.6 6 4 1 2 12% 27019 4734 38%
c d  0.38  0 118 11 1701 18 18614 5438 1.6 7 4 1 2 12% 27019 4716 38%
c c  0.39  0 118 11 1701 18 18614 5438 1.6 7 4 1 2 12% 26925 4716 38%
c d  0.39  0 118 11 1701 18 18614 5403 1.6 7 4 1 2 12% 26903 4705 38%
c =  0.39  0 118 11 1701 18 18614 5403 1.6 7 4 1 2 12% 26859 4672 38%
c t  0.39  0 118 11 1701 18 18614 5403 1.6 7 4 1 2 12% 26857 4672 38%
c }  0.41  0 115 11 1943 18 19681 6352 1.6 7 4 1 2 12% 26857 4672 38%
c [  0.41  0 284 11 1943  3 19681 6352 2.2 24 11 2 3 40% 26857 4672 38%
c -  0.42  0 277 12 1943  3 20114 4862 2.2 26 12 2 3 41% 26857 4672 38%
c B  0.43  0 264 12 1944  3 21016 5609 2.2 26 12 2 3 40% 26857 4672 38%
c =  0.45  0 259 12 1944  3 21624 6174 2.1 27 13 2 4 39% 26777 4609 37%
c 
c  seconds   reductions   conflicts       size   tier2      variables
c         MB      restarts     redundant     glue   trail        remaining
c           level       rate        size/glue  tier1  irredundant
c 
c u  0.45  0 259 12 1944  3 21624 5619 2.1 27 13 2 4 39% 26777 4609 37%
c v  0.45  0 259 12 1944  3 21624 5517 2.1 27 13 2 4 39% 26777 4609 37%
c w  0.45  0 259 12 1944  3 21624 5517 2.1 27 13 2 4 39% 26777 4609 37%
c x  0.46  0 259 12 1944  3 21624 5517 2.1 27 13 2 4 39% 26774 4609 37%
c f  0.46  0 259 12 1944  3 21624 5513 2.1 27 13 2 4 39% 26752 4634 38%
c -  0.49  0 239 13 1945  3 23659 4648 2.1 31 14 2 4 38% 26752 4634 38%
c d  0.50  0 231 13 1945  3 24700 5562 2.1 32 15 2 4 38% 26752 4631 38%
c 2  0.51  0 231 13 1945  3 24700 5562 2.1 32 15 2 4 38% 26750 4631 38%
c =  0.51  0 231 13 1945  3 24700 5519 2.1 32 15 2 4 38% 26748 4575 37%
c t  0.51  0 231 13 1945  3 24700 5519 2.1 32 15 2 4 38% 26745 4575 37%
c ]  0.53  0 219 13 1945  2 26526 7165 2.1 32 15 2 4 36% 26745 4575 37%
c {  0.53  0 115 13 1945 18 26526 7165 1.6 7 4 1 2 12% 26745 4575 37%
c -  0.54  0 111 14 2071 18 27504 4962 1.6 7 4 1 2 12% 26745 4575 37%
c d  0.54  0 110 14 2150 18 27838 5247 1.6 7 4 1 2 12% 26745 4574 37%
c c  0.55  0 110 14 2150 18 27838 5247 1.6 7 4 1 2 12% 26697 4574 37%
c d  0.55  0 110 14 2150 18 27838 5234 1.6 7 4 1 2 12% 26685 4568 37%
c 2  0.55  0 110 14 2150 18 27838 5234 1.6 7 4 1 2 12% 26682 4568 37%
c =  0.56  0 110 14 2150 18 27838 5229 1.6 7 4 1 2 12% 26682 4532 37%
c W  0.57  0 110 14 2190 18 28017 5386 1.6 7 4 1 2 12% 26682 4532 37%
c e  0.59  0 105 14 2431 17 29318 6108 1.6 7 4 1 2 12% 26332 4429 36%
c 
c  seconds   reductions   conflicts       size tier2      variables
c         MB      restarts     redundant    glue  trail        remaining
c           level       rate        size/glu tier1  irredundant
c 
c s  0.59  0 105 14 2431 17 29318 6091 1.6 7 4 1 2 12% 26247 4429 36%
c -  0.62  0 101 15 2985 18 31651 5694 1.6 7 4 1 2 12% 26233 4429 36%
c 2  0.62  0 101 15 2985 18 31651 5685 1.6 7 4 1 2 12% 26233 4429 36%
c d  0.62  0 101 15 2985 18 31651 5666 1.6 7 4 1 2 12% 26233 4425 36%
c c  0.63  0 101 15 2985 18 31651 5666 1.6 7 4 1 2 12% 26199 4425 36%
c d  0.63  0 101 15 2985 18 31651 5647 1.6 7 4 1 2 12% 26191 4421 36%
c 2  0.63  0 101 15 2985 18 31651 5647 1.6 7 4 1 2 12% 26187 4421 36%
c =  0.64  0 101 15 2985 18 31651 5641 1.6 7 4 1 2 12% 26066 4385 36%
c f  0.64  0 101 15 2985 18 31651 5632 1.6 7 4 1 2 12% 26040 4409 36%
c }  0.67  0 99 15 3369 18 33600 7361 1.6 7 5 1 2 12% 26040 4409 36%
c [  0.67  0 219 15 3369  2 33600 7361 2.1 32 15 2 4 36% 26040 4409 36%
c W  0.70  0 209 15 3371  2 36020 9534 2.1 32 15 2 4 36% 26040 4409 36%
c -  0.70  0 208 16 3371  2 36098 6555 2.1 32 15 2 4 36% 26040 4409 36%
c d  0.70  0 208 16 3371  2 36098 6551 2.1 32 15 2 4 36% 26040 4408 36%
c c  0.71  0 208 16 3371  2 36098 6551 2.1 32 15 2 4 36% 26032 4408 36%
c d  0.71  0 208 16 3371  2 36098 6546 2.1 32 15 2 4 36% 26030 4407 36%
c 2  0.71  0 208 16 3371  2 36098 6546 2.1 32 15 2 4 36% 26028 4407 36%
c t  0.72  0 208 16 3371  2 36098 6546 2.1 32 15 2 4 36% 26027 4407 36%
c -  0.78  0 188 17 3375  2 40847 7205 2.0 31 15 2 4 33% 26027 4407 36%
c d  0.78  0 188 17 3375  2 40847 7149 2.0 31 15 2 4 33% 26023 4391 36%
c 
c  seconds   reductions   conflicts       size   tier2      variables
c         MB      restarts     redundant     glue   trail        remaining
c           level       rate        size/glue  tier1  irredundant
c 
c c  0.79  0 188 17 3375  2 40847 7149 2.0 31 15 2 4 33% 25961 4391 36%
c u  0.79  0 188 17 3375  2 40847 5921 2.0 31 15 2 4 33% 25323 4383 36%
c v  0.79  0 188 17 3375  2 40847 5885 2.0 31 15 2 4 33% 25323 4383 36%
c w  0.79  0 188 17 3375  2 40847 5884 2.0 31 15 2 4 33% 25323 4383 36%
c f  0.80  0 188 17 3375  2 40847 5879 2.0 31 15 2 4 32% 25312 4397 36%
c ]  0.85  0 187 17 3376  2 44543 9311 2.1 33 16 2 4 33% 25312 4397 36%
c {  0.85  0 99 17 3376 18 44543 9311 1.6 7 5 1 2 12% 25312 4397 36%
c F  0.86  0 98 17 3482 18 45021 9748 1.6 8 5 1 2 12% 25312 4397 36%
c -  0.87  0 97 18 3537 17 45900 6671 1.7 8 5 1 2 12% 25312 4397 36%
c d  0.87  0 97 18 3537 17 45900 6644 1.7 8 5 1 2 12% 25312 4392 36%
c c  0.88  0 97 18 3537 17 45900 6644 1.7 8 5 1 2 12% 25296 4392 36%
c =  0.88  0 97 18 3537 17 45900 6639 1.7 8 5 1 2 12% 25293 4389 36%
c e  0.94  0 91 18 4239 17 49849 9997 1.7 8 5 1 2 13% 22246 4007 33%
c s  0.94  0 91 18 4239 17 49849 9979 1.7 8 5 1 2 13% 22233 4007 33%
c -  0.96  0 89 19 4514 17 51256 7649 1.7 8 5 1 2 13% 22231 4007 33%
c 2  0.96  0 89 19 4514 17 51256 7645 1.7 8 5 1 2 13% 22231 4007 33%
c p  0.97  0 89 19 4514 17 51256 7661 1.7 8 5 1 2 13% 22231 4006 33%
c c  0.97  0 89 19 4514 17 51256 7661 1.7 8 5 1 2 13% 22219 4006 33%
c f  0.99  0 89 19 4514 17 51256 7657 1.7 8 5 1 2 13% 22186 4024 33%
c }  1.03  0 87 19 5133 17 54541 10598 1.7 8 5 1 2 13% 22186 4024 33%
c 
c  seconds   reductions   conflicts        size   tier2      variables
c         MB      restarts      redundant     glue   trail        remaining
c           level       rate         size/glue  tier1  irredundant
c 
c [  1.03  0 187 19 5133  2 54541 10598 2.1 33 16 2 4 36% 22186 4024 33%
c O  1.04  0 184 19 5133  2 55026 11030 2.1 33 16 2 4 36% 22186 4024 33%
c -  1.07  0 179 20 5133  2 56915 8485 2.1 34 16 2 4 36% 22186 4024 33%
c p  1.07  0 179 20 5133  2 56915 8598 2.1 34 16 2 4 36% 22186 4024 33%
c u  1.08  0 179 20 5133  2 56915 8170 2.1 34 16 2 4 36% 22165 4024 33%
c v  1.08  0 179 20 5133  2 56915 8141 2.1 34 16 2 4 36% 22165 4024 33%
c w  1.08  0 179 20 5133  2 56915 8141 2.1 34 16 2 4 36% 22165 4024 33%
c x  1.08  0 179 20 5133  2 56915 8141 2.1 34 16 2 4 36% 22125 4024 33%
c -  1.25  0 179 21 5134  2 62881 8519 2.3 42 18 2 4 36% 22125 4024 33%
c p  1.25  0 179 21 5134  2 62881 8531 2.3 42 18 2 4 36% 22122 4023 33%
c =  1.26  0 179 21 5134  2 62881 8519 2.3 42 18 2 4 36% 22118 4015 33%
c f  1.26  0 179 21 5134  2 62881 8515 2.3 42 18 2 4 36% 22120 4017 33%
c ]  1.27  0 179 21 5134  2 63184 8769 2.2 41 18 2 4 36% 22120 4017 33%
c {  1.27  0 87 21 5134 17 63184 8769 1.7 8 5 1 2 13% 22120 4017 33%
c B  1.30  0 85 21 5659 17 66028 11315 1.7 8 5 1 2 13% 22120 4017 33%
c -  1.35  0 84 22 6214 17 69152 9499 1.7 9 5 1 2 13% 22120 4017 33%
c d  1.35  0 84 22 6214 17 69152 9486 1.7 9 5 1 2 13% 22120 4016 33%
c p  1.35  0 84 22 6214 17 69152 9627 1.7 9 5 1 2 13% 22120 4016 33%
c c  1.35  0 84 22 6214 17 69152 9626 1.7 9 5 1 2 13% 22114 4016 33%
c d  1.36  0 84 22 6214 17 69152 9622 1.7 9 5 1 2 13% 22112 4015 33%
c 
c  seconds  reductions   conflicts       size tier2      variables
c         MB     restarts     redundant    glue  trail        remaining
c          level       rate        size/glu tier1  irredundant
c 
c 2  1.36  0 84 22 6214 17 69152 9622 1.7 9 5 1 2 13% 22110 4015 33%
c =  1.37  0 84 22 6214 17 69152 9622 1.7 9 5 1 2 13% 22108 4013 33%
c u  1.37  0 84 22 6214 17 69152 8979 1.7 9 5 1 2 13% 22102 4013 33%
c v  1.37  0 84 22 6214 17 69152 8975 1.7 9 5 1 2 13% 22102 4013 33%
c w  1.37  0 84 22 6214 17 69152 8975 1.7 9 5 1 2 13% 22102 4013 33%
c 2  1.37  0 84 22 6214 17 69152 8974 1.7 9 5 1 2 13% 22102 4013 33%
c f  1.37  0 84 22 6214 17 69152 8900 1.7 9 5 1 2 13% 22138 4045 33%
c }  1.45  0 83 22 7235 17 74272 13558 1.7 9 5 1 2 14% 22138 4045 33%
c [  1.45  0 179 22 7235  2 74272 13558 2.2 41 18 2 4 36% 22138 4045 33%
c e  1.46  0 178 22 7235  2 74570 13408 2.2 41 18 2 4 36% 22119 4030 33%
c s  1.46  0 178 22 7235  2 74570 13403 2.2 41 18 2 4 36% 22111 4030 33%
c -  1.47  0 173 23 7235  2 75726 9759 2.2 40 18 2 4 35% 22108 4030 33%
c 2  1.47  0 173 23 7235  2 75726 9757 2.2 40 18 2 4 35% 22108 4030 33%
c d  1.47  0 173 23 7235  2 75726 9749 2.2 40 18 2 4 35% 22108 4029 33%
c p  1.47  0 173 23 7235  2 75726 9961 2.2 40 18 2 4 35% 22108 4029 33%
c c  1.48  0 173 23 7235  2 75726 9960 2.2 40 18 2 4 35% 22102 4029 33%
c d  1.48  0 173 23 7235  2 75726 9952 2.2 40 18 2 4 35% 22100 4028 33%
c 2  1.48  0 173 23 7235  2 75726 9952 2.2 40 18 2 4 35% 22098 4028 33%
c =  1.49  0 173 23 7235  2 75726 9812 2.2 40 18 2 4 35% 22088 4011 33%
c 2  1.49  0 173 23 7235  2 75726 9811 2.2 40 18 2 4 35% 22088 4011 33%
c 
c  seconds   reductions   conflicts       size   tier2      variables
c         MB      restarts     redundant     glue   trail        remaining
c           level       rate        size/glue  tier1  irredundant
c 
c f  1.50  0 173 23 7235  2 75726 9740 2.2 40 18 2 4 34% 22128 4042 33%
c B  1.52  0 170 23 7237  2 78029 11870 2.2 39 18 2 4 34% 22128 4042 33%
c -  1.57  0 173 24 7240  2 82606 10499 2.2 38 17 2 4 34% 22128 4042 33%
c c  1.58  0 173 24 7240  2 82606 10494 2.2 38 17 2 4 34% 22108 4038 33%
c -  1.75  0 174 25 7243  2 89792 10293 2.3 45 20 2 4 36% 22104 4036 33%
c p  1.75  0 174 25 7243  2 89792 10295 2.3 45 20 2 4 36% 22104 4036 33%
c u  1.76  0 174 25 7243  2 89792 9424 2.3 45 20 2 4 36% 22073 4036 33%
c v  1.76  0 174 25 7243  2 89792 9415 2.3 45 20 2 4 36% 22073 4036 33%
c w  1.77  0 174 25 7243  2 89792 9412 2.3 45 20 2 4 36% 22073 4036 33%
c f  1.77  0 174 25 7243  2 89792 9412 2.3 45 20 2 4 36% 22071 4038 33%
c W  1.80  0 174 25 7244  2 91032 10510 2.2 44 20 2 4 36% 22071 4038 33%
c ]  1.81  0 170 25 7245  2 92718 11972 2.2 43 19 2 4 35% 22071 4038 33%
c {  1.81  0 83 25 7245 17 92718 11972 1.7 9 5 1 2 14% 22071 4038 33%
c -  1.87  0 82 26 7873 16 97284 10705 1.7 9 5 1 2 14% 22071 4038 33%
c p  1.87  0 82 26 7873 16 97284 10797 1.7 9 5 1 2 14% 22071 4038 33%
c f  1.89  0 82 26 7873 16 97284 10790 1.7 9 5 1 2 14% 22075 4041 33%
c e  1.99  0 80 26 8989 16 104039 16903 1.7 9 5 1 2 15% 22008 4021 33%
c s  1.99  0 80 26 8989 16 104039 16902 1.7 9 5 1 2 15% 21991 4021 33%
c W  2.03  0 80 26 9221 16 105034 17808 1.7 9 6 1 2 18% 21991 4021 33%
c -  2.03  0 80 27 9233 16 105081 12203 1.7 9 6 1 2 18% 21991 4021 33%
c 
c  seconds  reductions   conflicts         size tier2      variables
c         MB     restarts       redundant    glue  trail        remaining
c          level       rate          size/glu tier1  irredundant
c 
c p  2.03  0 80 27 9233 16 105081 12274 1.7 9 6 1 2 18% 21991 4021 33%
c u  2.04  0 80 27 9233 16 105081 11988 1.7 9 6 1 2 18% 21991 4021 33%
c v  2.04  0 80 27 9233 16 105081 11842 1.7 9 6 1 2 18% 21991 4021 33%
c x  2.04  0 80 27 9233 16 105081 11836 1.7 9 6 1 2 18% 21928 4021 33%
c t  2.04  0 80 27 9233 16 105081 11835 1.7 9 6 1 2 18% 21928 4021 33%
c f  2.05  0 80 27 9233 16 105081 11829 1.7 9 6 1 2 18% 21912 4033 33%
c }  2.08  0 80 27 9533 16 107284 13805 1.7 9 6 1 2 18% 21912 4033 33%
c [  2.08  0 170 27 9533  2 107284 13805 2.2 43 19 2 4 39% 21912 4033 33%
c -  2.16  0 168 28 9537  2 113187 12687 2.2 43 19 2 4 39% 21912 4033 33%
c p  2.17  0 168 28 9537  2 113187 12679 2.2 43 19 2 4 39% 21908 4028 33%
c f  2.17  0 168 28 9537  2 113187 12679 2.2 43 19 2 4 39% 21894 4030 33%
c I  2.28  0 165 28 9538  2 120038 19083 2.2 44 19 2 4 40% 21894 4030 33%
c -  2.30  0 163 29 9538  2 121598 12962 2.2 43 19 2 4 40% 21894 4030 33%
c p  2.30  0 163 29 9538  2 121598 13015 2.2 43 19 2 4 40% 21893 4028 33%
c =  2.31  0 163 29 9538  2 121598 12983 2.2 43 19 2 4 40% 21889 4021 33%
c u  2.32  0 163 29 9538  2 121598 12536 2.2 43 19 2 4 40% 21854 4021 33%
c v  2.32  0 163 29 9538  2 121598 12513 2.2 43 19 2 4 40% 21854 4021 33%
c w  2.32  0 163 29 9538  2 121598 12513 2.2 43 19 2 4 40% 21854 4021 33%
c f  2.32  0 163 29 9538  2 121598 12508 2.2 43 19 2 4 40% 21858 4022 33%
c -  2.45  0 157 30 9539  2 130316 12548 2.2 43 20 2 4 38% 21858 4022 33%
c 
c  seconds   reductions   conflicts         size   tier2      variables
c         MB      restarts       redundant     glue   trail        remaining
c           level       rate          size/glue  tier1  irredundant
c 
c p  2.45  0 157 30 9539  2 130316 12550 2.2 43 20 2 4 38% 21858 4022 33%
c ]  2.47  0 157 30 9539  2 130497 12714 2.2 42 20 2 4 38% 21858 4022 33%
c {  2.47  0 80 30 9539 16 130497 12714 1.7 9 6 1 2 18% 21858 4022 33%
c #  2.54  0 79 30 10259 16 136043 17632 1.7 9 6 1 2 18% 21858 4022 33%
c e  2.58  0 79 30 10606 16 138358 19437 1.7 10 6 1 2 18% 21849 4013 33%
c ^  2.58  0 79 30 10606 16 138358 19437 1.7 10 6 1 2 18% 21849 4013 33%
c -  2.60  0 79 31 10715 16 139340 13914 1.7 10 6 1 2 18% 21849 4013 33%
c p  2.60  0 79 31 10715 16 139340 13973 1.7 10 6 1 2 18% 21848 4012 33%
c u  2.62  0 79 31 10715 16 139340 13664 1.7 10 6 1 2 18% 21848 4012 33%
c x  2.62  0 79 31 10715 16 139340 13660 1.7 10 6 1 2 18% 21782 4012 33%
c }  2.76  0 78 31 12052 15 148584 22011 1.7 10 6 1 2 17% 21782 4012 33%
c [  2.76  0 157 31 12052  2 148584 22011 2.2 42 20 2 4 38% 21782 4012 33%
c -  2.77  0 157 32 12052  2 148672 15278 2.2 42 20 2 4 38% 21782 4012 33%
c p  2.77  0 157 32 12052  2 148672 15328 2.2 42 20 2 4 38% 21782 4012 33%
c B  2.85  0 156 32 12052  2 153044 19432 2.1 43 20 2 4 38% 21782 4012 33%
c -  2.96  0 158 33 12052  2 158314 15831 2.2 44 21 2 4 39% 21782 4012 33%
c p  2.96  0 158 33 12052  2 158314 15889 2.2 44 21 2 4 39% 21782 4012 33%
c u  2.96  0 158 33 12052  2 158314 15232 2.2 44 21 2 4 39% 21732 4012 33%
c v  2.96  0 158 33 12052  2 158314 15087 2.2 44 21 2 4 39% 21732 4012 33%
c w  2.97  0 158 33 12052  2 158314 15086 2.2 44 21 2 4 39% 21732 4012 33%
c 
c  seconds   reductions    conflicts         size   tier2      variables
c         MB       restarts       redundant     glue   trail        remaining
c           level        rate          size/glue  tier1  irredundant
c 
c t  2.97  0 158 33 12052  2 158314 15085 2.2 44 21 2 4 39% 21732 4012 33%
c -  3.19  0 160 34 12058  2 168261 15137 2.2 47 22 2 4 40% 21732 4012 33%
c p  3.19  0 160 34 12058  2 168261 15147 2.2 47 22 2 4 40% 21732 4012 33%
c =  3.21  0 160 34 12058  2 168261 15032 2.2 47 22 2 4 40% 21728 3993 32%
c ]  3.25  0 161 34 12059  2 170338 16895 2.2 48 22 2 4 40% 21728 3993 32%
c {  3.25  0 78 34 12059 15 170338 16895 1.7 10 6 1 2 17% 21728 3993 32%
c B  3.26  0 78 34 12184 15 171045 17544 1.7 10 6 1 2 18% 21728 3993 32%
c e  3.39  0 77 34 13285 16 177476 18615 1.7 10 6 1 2 18% 21919 3781 31%
c ^  3.39  0 77 34 13285 16 177476 18615 1.7 10 6 1 2 18% 21919 3781 31%
c -  3.41  0 77 35 13453 16 178516 14123 1.7 10 6 1 2 18% 21919 3781 31%
c p  3.41  0 77 35 13453 16 178516 14229 1.7 10 6 1 2 18% 21919 3781 31%
c u  3.42  0 77 35 13453 16 178516 13547 1.7 10 6 1 2 18% 21919 3781 31%
c v  3.42  0 77 35 13453 16 178516 13545 1.7 10 6 1 2 18% 21919 3781 31%
c t  3.42  0 77 35 13453 16 178516 13545 1.7 10 6 1 2 18% 21917 3781 31%
c f  3.43  0 77 35 13453 16 178516 13538 1.7 10 6 1 2 18% 21915 3784 31%
c -  3.57  0 75 36 14768 15 189080 15742 1.7 10 6 1 2 17% 21915 3784 31%
c p  3.58  0 75 36 14768 15 189080 15788 1.7 10 6 1 2 17% 21915 3784 31%
c W  3.64  0 75 36 14938 15 190047 16661 1.7 10 6 1 2 17% 21915 3784 31%
c }  3.66  0 75 36 15097 15 191371 17834 1.7 10 6 1 2 17% 21915 3784 31%
c [  3.66  0 161 36 15097  2 191371 17834 2.2 48 22 2 4 40% 21915 3784 31%
c 
c  seconds   reductions    conflicts         size   tier2      variables
c         MB       restarts       redundant     glue   trail        remaining
c           level        rate          size/glue  tier1  irredundant
c 
c -  3.86  0 160 37 15101  2 199952 16887 2.2 50 23 2 4 40% 21915 3784 31%
c p  3.86  0 160 37 15101  2 199952 16933 2.2 50 23 2 4 40% 21915 3784 31%
c u  3.87  0 160 37 15101  2 199952 16495 2.2 50 23 2 4 40% 21915 3784 31%
c v  3.87  0 160 37 15101  2 199952 16314 2.2 50 23 2 4 40% 21915 3784 31%
c w  3.87  0 160 37 15101  2 199952 16311 2.2 50 23 2 4 40% 21915 3784 31%
c x  3.87  0 160 37 15101  2 199952 16297 2.2 50 23 2 4 40% 21900 3784 31%
c t  3.87  0 160 37 15101  2 199952 16288 2.2 50 23 2 4 40% 21900 3784 31%
c W  4.12  0 160 37 15105  2 210049 25874 2.2 53 24 1 2 40% 21900 3784 31%
c -  4.15  0 161 38 15105  2 211130 16784 2.2 53 24 1 2 40% 21900 3784 31%
c p  4.16  0 161 38 15105  2 211130 16805 2.2 53 24 1 2 40% 21900 3784 31%
c ]  4.25  0 161 38 15105  2 214074 19559 2.2 55 25 1 2 41% 21900 3784 31%
c {  4.25  0 75 38 15105 15 214074 19559 1.7 10 6 1 2 17% 21900 3784 31%
c -  4.41  0 75 39 16485 15 222617 17819 1.7 10 6 1 2 17% 21900 3784 31%
c p  4.41  0 75 39 16485 15 222617 17870 1.7 10 6 1 2 17% 21900 3784 31%
c =  4.44  0 75 39 16485 15 222617 17870 1.7 10 6 1 2 17% 21895 3782 31%
c u  4.45  0 75 39 16485 15 222617 17222 1.7 10 6 1 2 17% 21836 3782 31%
c v  4.45  0 75 39 16485 15 222617 16996 1.7 10 6 1 2 17% 21836 3782 31%
c e  4.48  0 75 39 16584 15 223113 15451 1.7 10 6 1 2 17% 20677 3436 28%
c s  4.48  0 75 39 16584 15 223113 15395 1.7 10 6 1 2 17% 20633 3436 28%
c e  4.48  0 75 39 16584 15 223113 15362 1.7 10 6 1 2 17% 20622 3428 28%
c 
c  seconds  reductions    conflicts         size  tier2      variables
c         MB      restarts       redundant     glue  trail        remaining
c          level        rate          size/glue tier1  irredundant
c 
c F  4.60  0 75 39 17657 15 231051 22489 1.7 11 6 1 2 17% 20622 3428 28%
c -  4.66  0 74 40 18070 15 234412 17141 1.7 11 6 1 2 16% 20622 3428 28%
c 2  4.66  0 74 40 18070 15 234412 17136 1.7 11 6 1 2 16% 20622 3428 28%
c p  4.66  0 74 40 18070 15 234412 17175 1.7 11 6 1 2 16% 20622 3428 28%
c u  4.67  0 74 40 18070 15 234412 16902 1.7 11 6 1 2 16% 20622 3428 28%
c v  4.67  0 74 40 18070 15 234412 16693 1.7 11 6 1 2 16% 20622 3428 28%
c w  4.67  0 74 40 18070 15 234412 16693 1.7 11 6 1 2 16% 20622 3428 28%
c t  4.67  0 74 40 18070 15 234412 16693 1.7 11 6 1 2 16% 20620 3428 28%
c f  4.67  0 74 40 18070 15 234412 16691 1.7 11 6 1 2 16% 20597 3435 28%
c }  4.73  0 74 40 18589 14 238159 20059 1.7 11 6 1 2 17% 20597 3435 28%
c [  4.73  0 161 40 18589  2 238159 20059 2.2 55 25 1 2 48% 20597 3435 28%
c -  4.90  0 161 41 18595  2 246517 18150 2.2 55 25 1 2 48% 20597 3435 28%
c p  4.90  0 161 41 18595  2 246517 18153 2.2 55 25 1 2 48% 20597 3435 28%
c f  4.92  0 161 41 18595  2 246517 18152 2.2 55 25 1 2 48% 20595 3436 28%
c O  5.03  0 160 41 18597  2 253052 24356 2.1 55 26 1 2 46% 20595 3436 28%
c -  5.12  0 158 42 18601  2 258929 18275 2.1 55 26 1 2 46% 20595 3436 28%
c p  5.12  0 158 42 18601  2 258929 18306 2.1 55 26 1 2 46% 20595 3436 28%
c u  5.13  0 158 42 18601  2 258929 17900 2.1 55 26 1 2 46% 20595 3436 28%
c v  5.13  0 158 42 18601  2 258929 17663 2.1 55 26 1 2 46% 20595 3436 28%
c w  5.13  0 158 42 18601  2 258929 17660 2.1 55 26 1 2 46% 20595 3436 28%
c 
c  seconds   reductions    conflicts         size   tier2      variables
c         MB       restarts       redundant     glue   trail        remaining
c           level        rate          size/glue  tier1  irredundant
c 
c -  5.33  0 157 43 18604  2 271651 17680 2.1 54 26 1 2 44% 20595 3436 28%
c p  5.34  0 157 43 18604  2 271651 17682 2.1 54 26 1 2 44% 20595 3436 28%
c t  5.34  0 157 43 18604  2 271651 17681 2.1 54 26 1 2 44% 20594 3436 28%
c e  5.40  0 157 43 18605  2 274891 20569 2.1 54 26 1 2 43% 20597 3432 28%
c s  5.40  0 157 43 18605  2 274891 20562 2.1 54 26 1 2 43% 20595 3432 28%
c B  5.43  0 157 43 18605  2 276056 21699 2.1 54 26 1 2 43% 20595 3432 28%
c ]  5.46  0 157 43 18605  2 277018 22633 2.1 54 26 1 2 44% 20595 3432 28%
c {  5.46  0 74 43 18605 14 277018 22633 1.7 11 6 1 2 17% 20595 3432 28%
c -  5.60  0 74 44 19863 15 284682 19188 1.7 11 6 1 2 17% 20595 3432 28%
c p  5.60  0 74 44 19863 15 284682 19221 1.7 11 6 1 2 17% 20595 3432 28%
c u  5.63  0 74 44 19863 15 284682 18868 1.7 11 6 1 2 17% 20595 3432 28%
c v  5.63  0 74 44 19863 15 284682 18586 1.7 11 6 1 2 17% 20595 3432 28%
c w  5.63  0 74 44 19863 15 284682 18586 1.7 11 6 1 2 17% 20595 3432 28%
c x  5.63  0 74 44 19863 15 284682 18585 1.7 11 6 1 2 17% 20499 3432 28%
c -  5.90  0 74 45 22106 15 298020 20589 1.7 11 6 1 2 18% 20499 3432 28%
c p  5.90  0 74 45 22106 15 298020 20619 1.7 11 6 1 2 18% 20499 3432 28%
c u  5.91  0 74 45 22106 15 298020 20312 1.7 11 6 1 2 18% 20499 3432 28%
c v  5.91  0 74 45 22106 15 298020 20043 1.7 11 6 1 2 18% 20499 3432 28%
c B  5.94  0 74 45 22347 15 300057 21894 1.7 11 6 1 2 18% 20499 3432 28%
c }  5.96  0 74 45 22527 15 301333 23032 1.7 11 6 1 2 18% 20499 3432 28%
c 
c  seconds   reductions    conflicts         size   tier2      variables
c         MB       restarts       redundant     glue   trail        remaining
c           level        rate          size/glue  tier1  irredundant
c 
c [  5.96  0 157 45 22527  2 301333 23032 2.1 54 26 1 2 44% 20499 3432 28%
c -  6.15  0 154 46 22527  2 311668 21070 2.1 55 26 1 2 43% 20499 3432 28%
c p  6.16  0 154 46 22527  2 311668 21095 2.1 55 26 1 2 43% 20499 3432 28%
c W  6.54  0 152 46 22528  1 325060 34019 2.1 56 26 1 2 42% 20499 3432 28%
c -  6.57  0 152 47 22528  1 325624 20801 2.1 56 27 1 2 42% 20499 3432 28%
c p  6.57  0 152 47 22528  1 325624 20808 2.1 56 27 1 2 42% 20499 3432 28%
c u  6.58  0 152 47 22528  1 325624 20375 2.1 56 27 1 2 42% 20499 3432 28%
c v  6.58  0 152 47 22528  1 325624 20305 2.1 56 27 1 2 42% 20499 3432 28%
c w  6.58  0 152 47 22528  1 325624 20302 2.1 56 27 1 2 42% 20499 3432 28%
c ^  6.67  0 153 47 22528  1 331766 25881 2.1 55 26 1 2 42% 20499 3432 28%
c ]  6.81  0 153 47 22528  1 337698 31623 2.2 56 26 1 2 43% 20499 3432 28%
c {  6.81  0 74 47 22528 15 337698 31623 1.7 11 6 1 2 18% 20499 3432 28%
c -  6.85  0 74 48 22860 15 339890 20502 1.7 11 6 1 2 18% 20499 3432 28%
c p  6.86  0 74 48 22860 15 339890 20528 1.7 11 6 1 2 18% 20499 3432 28%
c u  6.88  0 74 48 22860 15 339890 20344 1.7 11 6 1 2 18% 20499 3432 28%
c W  7.16  0 74 48 25026 15 351062 30507 1.7 11 7 1 2 18% 20499 3432 28%
c -  7.24  0 74 49 25551 15 354466 22327 1.7 12 7 1 2 18% 20499 3432 28%
c p  7.24  0 74 49 25551 15 354466 22354 1.7 12 7 1 2 18% 20499 3432 28%
c u  7.25  0 74 49 25551 15 354466 21999 1.7 12 7 1 2 18% 20499 3432 28%
c v  7.25  0 74 49 25551 15 354466 21748 1.7 12 7 1 2 18% 20499 3432 28%
c 
c  seconds  reductions    conflicts         size  tier2      variables
c         MB      restarts       redundant     glue  trail        remaining
c          level        rate          size/glue tier1  irredundant
c 
c w  7.25  0 74 49 25551 15 354466 21748 1.7 12 7 1 2 18% 20499 3432 28%
c }  7.42  0 74 49 26797 15 363178 29612 1.7 12 7 1 2 18% 20499 3432 28%
c [  7.42  0 153 49 26797  1 363178 29612 2.2 56 26 1 2 43% 20499 3432 28%
c -  7.53  0 152 50 26797  1 369351 23553 2.2 56 26 1 2 43% 20499 3432 28%
c p  7.54  0 152 50 26797  1 369351 23580 2.2 56 26 1 2 43% 20499 3432 28%
c u  7.54  0 152 50 26797  1 369351 23462 2.2 56 26 1 2 43% 20499 3432 28%
c v  7.54  0 152 50 26797  1 369351 23355 2.2 56 26 1 2 43% 20499 3432 28%
c w  7.54  0 152 50 26797  1 369351 23349 2.2 56 26 1 2 43% 20499 3432 28%
c I  7.69  0 148 50 26800  1 378063 31476 2.1 55 26 1 2 41% 20499 3432 28%
c -  7.78  0 146 51 26804  1 384544 23760 2.1 53 25 1 2 40% 20499 3432 28%
c p  7.78  0 146 51 26804  1 384544 23763 2.1 53 25 1 2 40% 20499 3432 28%
c e  7.93  0 146 51 26810  1 393650 23351 2.1 52 24 1 2 40% 21346 3156 26%
c s  7.93  0 146 51 26810  1 393650 23235 2.1 52 24 1 2 40% 21248 3156 26%
c e  7.93  0 146 51 26810  1 393650 22385 2.1 52 24 1 2 40% 21278 3124 25%
c -  8.07  0 147 52 26812  1 400046 18665 2.1 53 25 1 2 40% 21278 3124 25%
c 2  8.07  0 147 52 26812  1 400046 18657 2.1 53 25 1 2 40% 21277 3124 25%
c p  8.07  0 147 52 26812  1 400046 18702 2.1 53 25 1 2 40% 21277 3124 25%
c u  8.08  0 147 52 26812  1 400046 18318 2.1 53 25 1 2 40% 21277 3124 25%
c v  8.08  0 147 52 26812  1 400046 18313 2.1 53 25 1 2 40% 21277 3124 25%
c w  8.08  0 147 52 26812  1 400046 18311 2.1 53 25 1 2 40% 21277 3124 25%
c 
c  seconds   reductions    conflicts         size   tier2      variables
c         MB       restarts       redundant     glue   trail        remaining
c           level        rate          size/glue  tier1  irredundant
c 
c t  8.08  0 147 52 26812  1 400046 18311 2.1 53 25 1 2 40% 21276 3124 25%
c f  8.09  0 147 52 26812  1 400046 18308 2.1 53 25 1 2 40% 21197 3139 25%
c B  8.20  0 148 52 26812  1 406067 23954 2.1 53 25 1 2 40% 21197 3139 25%
c ]  8.38  0 149 52 26818  1 415492 32730 2.1 53 25 1 2 41% 21197 3139 25%
c {  8.38  0 74 52 26818 15 415492 32730 1.7 12 7 1 2 18% 21197 3139 25%
c -  8.39  0 75 53 26877 15 415860 20154 1.7 12 7 1 2 18% 21197 3139 25%
c p  8.40  0 75 53 26877 15 415860 20199 1.7 12 7 1 2 18% 21197 3139 25%
c u  8.41  0 75 53 26877 15 415860 19986 1.7 12 7 1 2 18% 21197 3139 25%
c v  8.41  0 75 53 26877 15 415860 19862 1.7 12 7 1 2 18% 21197 3139 25%
c -  8.72  0 75 54 29254 15 431982 22524 1.7 12 7 1 2 18% 21196 3139 25%
c p  8.73  0 75 54 29254 15 431982 22553 1.7 12 7 1 2 18% 21196 3139 25%
c u  8.73  0 75 54 29254 15 431982 22196 1.7 12 7 1 2 18% 21196 3139 25%
c v  8.74  0 75 54 29254 15 431982 21964 1.7 12 7 1 2 18% 21196 3139 25%
c #  8.79  0 75 54 29640 15 435068 24788 1.7 12 7 1 2 18% 21196 3139 25%
c }  9.04  0 75 54 31491 15 447055 35735 1.7 12 7 1 2 18% 21196 3139 25%
c [  9.04  0 149 54 31491  1 447055 35735 2.1 53 25 1 2 41% 21196 3139 25%
c -  9.07  0 149 55 31492  1 448413 23975 2.1 53 25 1 2 41% 21196 3139 25%
c p  9.07  0 149 55 31492  1 448413 24002 2.1 53 25 1 2 41% 21196 3139 25%
c u  9.08  0 149 55 31492  1 448413 23571 2.1 53 25 1 2 41% 21196 3139 25%
c v  9.08  0 149 55 31492  1 448413 23303 2.1 53 25 1 2 41% 21196 3139 25%
c 
c  seconds   reductions    conflicts         size   tier2      variables
c         MB       restarts       redundant     glue   trail        remaining
c           level        rate          size/glue  tier1  irredundant
c 
c w  9.08  0 149 55 31492  1 448413 23303 2.1 53 25 1 2 41% 21196 3139 25%
c W  9.42  0 148 55 31500  1 465069 39003 2.2 52 24 1 2 40% 21196 3139 25%
c -  9.42  0 148 56 31500  1 465153 24362 2.2 52 24 1 2 40% 21196 3139 25%
c p  9.43  0 148 56 31500  1 465153 24386 2.2 52 24 1 2 40% 21196 3139 25%
c e  9.44  0 148 56 31500  1 465616 24804 2.2 52 24 1 2 40% 21202 3137 25%
c ^  9.44  0 148 56 31500  1 465616 24804 2.2 52 24 1 2 40% 21202 3137 25%
c -  9.83  0 152 57 31501  1 482204 23947 2.2 55 25 1 2 41% 21202 3137 25%
c p  9.84  0 152 57 31501  1 482204 23965 2.2 55 25 1 2 41% 21202 3137 25%
c u  9.85  0 152 57 31501  1 482204 23569 2.2 55 25 1 2 41% 21202 3137 25%
c v  9.85  0 152 57 31501  1 482204 23365 2.2 55 25 1 2 41% 21202 3137 25%
c w  9.85  0 152 57 31501  1 482204 23362 2.2 55 25 1 2 41% 21202 3137 25%
c ] 10.22  0 155 57 31504  1 492811 33532 2.2 59 27 1 2 41% 21202 3137 25%
c { 10.22  0 75 57 31504 15 492811 33532 1.7 12 7 1 2 18% 21202 3137 25%
c B 10.28  0 75 57 31963 15 496071 36487 1.7 12 7 1 2 18% 21202 3137 25%
c - 10.37  0 75 58 32520 15 499567 24774 1.7 12 7 1 2 18% 21202 3137 25%
c p 10.37  0 75 58 32520 15 499567 24791 1.7 12 7 1 2 18% 21202 3137 25%
c u 10.38  0 75 58 32520 15 499567 24619 1.7 12 7 1 2 18% 21202 3137 25%
c v 10.38  0 75 58 32520 15 499567 24459 1.7 12 7 1 2 18% 21202 3137 25%
c x 10.38  0 75 58 32520 15 499567 24459 1.7 12 7 1 2 18% 21198 3137 25%
c - 10.78  0 75 59 35445 15 517238 26384 1.7 13 7 1 2 18% 21198 3137 25%
c 
c  seconds  reductions    conflicts         size  tier2      variables
c         MB      restarts       redundant     glue  trail        remaining
c          level        rate          size/glue tier1  irredundant
c 
c p 10.78  0 75 59 35445 15 517238 26401 1.7 13 7 1 2 18% 21198 3137 25%
c u 10.83  0 75 59 35445 15 517238 26077 1.7 13 7 1 2 18% 21175 3137 25%
c v 10.83  0 75 59 35445 15 517238 25719 1.7 13 7 1 2 18% 21175 3137 25%
c } 10.99  0 75 59 36578 15 524913 32776 1.7 13 7 1 2 18% 21175 3137 25%
c [ 10.99  0 155 59 36578  1 524913 32776 2.2 59 27 1 2 41% 21175 3137 25%
c O 11.04  0 154 59 36580  1 528073 35755 2.2 59 27 1 2 41% 21175 3137 25%
c - 11.15  0 152 60 36583  1 535217 27240 2.2 57 26 1 2 40% 21175 3137 25%
c p 11.15  0 152 60 36583  1 535217 27258 2.2 57 26 1 2 40% 21175 3137 25%
c u 11.16  0 152 60 36583  1 535217 27070 2.2 57 26 1 2 40% 21175 3137 25%
c v 11.16  0 152 60 36583  1 535217 26945 2.2 57 26 1 2 40% 21175 3137 25%
c w 11.16  0 152 60 36583  1 535217 26945 2.2 57 26 1 2 40% 21175 3137 25%
c e 11.30  0 151 60 36588  1 542805 23448 2.2 56 26 1 2 40% 23057 2866 23%
c s 11.30  0 151 60 36588  1 542805 23072 2.2 56 26 1 2 40% 22697 2866 23%
c e 11.31  0 151 60 36588  1 542805 22697 2.2 56 26 1 2 40% 22743 2849 23%
c - 11.50  0 151 61 36590  1 553510 21627 2.1 56 26 1 2 36% 22743 2849 23%
c 2 11.50  0 151 61 36590  1 553510 21625 2.1 56 26 1 2 36% 22741 2849 23%
c p 11.50  0 151 61 36590  1 553510 21641 2.1 56 26 1 2 36% 22741 2849 23%
c f 11.51  0 151 61 36590  1 553510 21641 2.1 56 26 1 2 36% 22703 2853 23%
c B 11.65  0 151 61 36594  1 561075 28847 2.1 56 27 1 2 35% 22703 2853 23%
c - 11.84  0 153 62 36600  1 572109 23032 2.0 55 27 1 2 36% 22703 2853 23%
c 
c  seconds   reductions    conflicts         size   tier2      variables
c         MB       restarts       redundant     glue   trail        remaining
c           level        rate          size/glue  tier1  irredundant
c 
c p 11.84  0 153 62 36600  1 572109 23069 2.0 55 27 1 2 36% 22703 2853 23%
c u 11.85  0 153 62 36600  1 572109 22743 2.0 55 27 1 2 36% 22703 2853 23%
c v 11.85  0 153 62 36600  1 572109 22481 2.0 55 27 1 2 36% 22703 2853 23%
c w 11.85  0 153 62 36600  1 572109 22481 2.0 55 27 1 2 36% 22703 2853 23%
c - 12.28  0 153 63 36606  1 591019 23862 2.1 56 27 1 2 39% 22703 2853 23%
c p 12.28  0 153 63 36606  1 591019 23888 2.1 56 27 1 2 39% 22703 2853 23%
c u 12.29  0 153 63 36606  1 591019 23653 2.1 56 27 1 2 39% 22703 2853 23%
c v 12.29  0 153 63 36606  1 591019 23498 2.1 56 27 1 2 39% 22703 2853 23%
c w 12.29  0 153 63 36606  1 591019 23495 2.1 56 27 1 2 39% 22703 2853 23%
c ] 12.31  0 153 63 36606  1 591267 23737 2.1 56 27 1 2 39% 22703 2853 23%
c { 12.31  0 75 63 36606 15 591267 23737 1.7 13 7 1 2 22% 22703 2853 23%
c W 12.43  0 75 63 37081 15 595077 27223 1.7 13 7 1 2 22% 22703 2853 23%
c - 12.74  0 75 64 39067 14 610240 26191 1.7 13 7 1 2 21% 22703 2853 23%
c p 12.74  0 75 64 39067 14 610240 26214 1.7 13 7 1 2 21% 22703 2853 23%
c u 12.74  0 75 64 39067 14 610240 25874 1.7 13 7 1 2 21% 22703 2853 23%
c v 12.75  0 75 64 39067 14 610240 25630 1.7 13 7 1 2 21% 22703 2853 23%
c } 13.20  0 75 64 42051 14 629504 43204 1.7 13 8 1 2 20% 22703 2853 23%
c [ 13.20  0 153 64 42051  1 629504 43204 2.1 56 27 1 2 39% 22703 2853 23%
c - 13.21  0 153 65 42051  1 629769 27722 2.1 56 27 1 2 39% 22703 2853 23%
c p 13.22  0 153 65 42051  1 629769 27743 2.1 56 27 1 2 39% 22703 2853 23%
c 
c  seconds   reductions    conflicts         size   tier2      variables
c         MB       restarts       redundant     glue   trail        remaining
c           level        rate          size/glue  tier1  irredundant
c 
c u 13.23  0 153 65 42051  1 629769 27369 2.1 56 27 1 2 39% 22703 2853 23%
c v 13.23  0 153 65 42051  1 629769 27032 2.1 56 27 1 2 39% 22703 2853 23%
c w 13.23  0 153 65 42051  1 629769 27031 2.1 56 27 1 2 39% 22703 2853 23%
c W 13.26  0 153 65 42051  1 630079 27328 2.1 55 27 1 2 39% 22703 2853 23%
c ^ 13.32  0 153 65 42051  1 632712 29870 2.1 55 27 1 2 40% 22703 2853 23%
c - 13.76  0 153 66 42052  1 649608 28370 2.1 58 28 1 2 41% 22703 2853 23%
c p 13.76  0 153 66 42052  1 649608 28390 2.1 58 28 1 2 41% 22703 2853 23%
c u 13.79  0 153 66 42052  1 649608 28254 2.1 58 28 1 2 41% 22703 2853 23%
c v 13.80  0 153 66 42052  1 649608 28114 2.1 58 28 1 2 41% 22703 2853 23%
c w 13.80  0 153 66 42052  1 649608 28110 2.1 58 28 1 2 41% 22703 2853 23%
c x 13.80  0 153 66 42052  1 649608 28110 2.1 58 28 1 2 41% 22698 2853 23%
c I 14.06  0 154 66 42052  1 666081 43584 2.2 56 26 1 2 41% 22698 2853 23%
c - 14.12  0 153 67 42052  1 669757 27230 2.2 56 26 1 2 41% 22698 2853 23%
c p 14.12  0 153 67 42052  1 669757 27250 2.2 56 26 1 2 41% 22698 2853 23%
c - 14.59  0 153 68 42053  1 690216 27448 2.2 57 26 1 2 43% 22698 2853 23%
c p 14.60  0 153 68 42053  1 690216 27466 2.2 57 26 1 2 43% 22698 2853 23%
c u 14.61  0 153 68 42053  1 690216 27257 2.2 57 26 1 2 43% 22694 2853 23%
c v 14.61  0 153 68 42053  1 690216 27238 2.2 57 26 1 2 43% 22694 2853 23%
c w 14.61  0 153 68 42053  1 690216 27236 2.2 57 26 1 2 43% 22694 2853 23%
c ] 14.71  0 151 68 42053  1 697270 33931 2.2 56 25 1 2 42% 22694 2853 23%
c 
c  seconds  reductions    conflicts         size  tier2      variables
c         MB      restarts       redundant     glue  trail        remaining
c          level        rate          size/glue tier1  irredundant
c 
c { 14.71  0 75 68 42053 14 697270 33931 1.7 13 8 1 2 20% 22694 2853 23%
c F 14.83  0 75 68 42774 14 703084 39201 1.7 13 8 1 2 20% 22694 2853 23%
c - 15.03  0 75 69 43872 14 710986 29363 1.7 13 8 1 2 20% 22694 2853 23%
c p 15.03  0 75 69 43872 14 710986 29380 1.7 13 8 1 2 20% 22694 2853 23%
c u 15.04  0 75 69 43872 14 710986 29203 1.7 13 8 1 2 20% 22694 2853 23%
c v 15.05  0 75 69 43872 14 710986 29001 1.7 13 8 1 2 20% 22694 2853 23%
c w 15.05  0 75 69 43872 14 710986 29001 1.7 13 8 1 2 20% 22694 2853 23%
c e 15.42  0 75 69 45791 14 728468 22238 1.7 14 8 1 2 20% 27478 2473 20%
c - 15.48  0 75 70 46055 13 732065 17515 1.8 14 8 1 2 17% 27477 2473 20%
c 2 15.48  0 75 70 46055 13 732065 17514 1.8 14 8 1 2 17% 27477 2473 20%
c p 15.48  0 75 70 46055 13 732065 17518 1.8 14 8 1 2 17% 27477 2473 20%
c u 15.49  0 75 70 46055 13 732065 17012 1.8 14 8 1 2 17% 27477 2473 20%
c v 15.49  0 75 70 46055 13 732065 16849 1.8 14 8 1 2 17% 27477 2473 20%
c f 15.50  0 75 70 46055 13 732065 16849 1.8 14 8 1 2 17% 27460 2474 20%
c B 15.62  0 74 70 46810 13 741086 24860 1.8 14 8 1 2 16% 27459 2474 20%
c } 15.73  0 74 70 47472 13 747728 30827 1.8 14 8 1 2 16% 27459 2474 20%
c [ 15.73  0 151 70 47472  1 747728 30827 2.2 56 25 1 2 49% 27459 2474 20%
c - 15.80  0 148 71 47472  1 753456 21900 2.2 55 25 1 2 49% 27459 2474 20%
c p 15.80  0 148 71 47472  1 753456 21904 2.2 55 25 1 2 49% 27459 2474 20%
c u 15.81  0 148 71 47472  1 753456 21398 2.2 55 25 1 2 49% 27459 2474 20%
c 
c  seconds   reductions    conflicts         size   tier2      variables
c         MB       restarts       redundant     glue   trail        remaining
c           level        rate          size/glue  tier1  irredundant
c 
c v 15.81  0 148 71 47472  1 753456 21355 2.2 55 25 1 2 49% 27459 2474 20%
c w 15.81  0 148 71 47472  1 753456 21354 2.2 55 25 1 2 49% 27459 2474 20%
c - 16.19  0 144 72 47472  1 775156 23169 2.2 55 25 1 2 49% 27459 2474 20%
c p 16.19  0 144 72 47472  1 775156 23172 2.2 55 25 1 2 49% 27459 2474 20%
c u 16.20  0 144 72 47472  1 775156 22835 2.2 55 25 1 2 49% 27459 2474 20%
c v 16.20  0 144 72 47472  1 775156 22807 2.2 55 25 1 2 49% 27459 2474 20%
c w 16.20  0 144 72 47472  1 775156 22805 2.2 55 25 1 2 49% 27459 2474 20%
c B 16.34  0 146 72 47472  1 780088 27491 2.2 57 26 1 2 50% 27459 2474 20%
c - 16.72  0 149 73 47473  1 797166 21884 2.3 60 26 1 2 51% 27459 2474 20%
c p 16.72  0 149 73 47473  1 797166 21885 2.3 60 26 1 2 51% 27459 2474 20%
c u 16.72  0 149 73 47473  1 797166 21679 2.3 60 26 1 2 51% 27459 2474 20%
c v 16.73  0 149 73 47473  1 797166 21462 2.3 60 26 1 2 51% 27459 2474 20%
c w 16.73  0 149 73 47473  1 797166 21461 2.3 60 26 1 2 51% 27459 2474 20%
c - 16.98  0 148 74 47486  1 819487 22384 2.2 54 24 1 2 47% 27459 2474 20%
c p 16.98  0 148 74 47486  1 819487 22385 2.2 54 24 1 2 47% 27459 2474 20%
c W 17.09  0 147 74 47486  1 820090 22924 2.2 54 24 1 2 46% 27459 2474 20%
c - 17.44  0 146 75 47494  1 842118 23601 2.2 52 24 1 2 44% 27459 2474 20%
c p 17.44  0 146 75 47494  1 842118 23602 2.2 52 24 1 2 44% 27459 2474 20%
c u 17.45  0 146 75 47494  1 842118 23306 2.2 52 24 1 2 44% 27459 2474 20%
c v 17.45  0 146 75 47494  1 842118 23123 2.2 52 24 1 2 44% 27459 2474 20%
c 
c  seconds   reductions    conflicts         size   tier2      variables
c         MB       restarts       redundant     glue   trail        remaining
c           level        rate          size/glue  tier1  irredundant
c 
c w 17.45  0 146 75 47494  1 842118 23122 2.2 52 24 1 2 44% 27459 2474 20%
c ] 17.47  0 146 75 47494  1 843133 24088 2.2 52 24 1 2 45% 27459 2474 20%
c { 17.47  0 74 75 47494 13 843133 24088 1.8 14 8 1 2 16% 27459 2474 20%
c s 17.54  0 74 75 47882 13 846583 27220 1.8 14 8 1 2 17% 27410 2474 20%
c e 17.54  0 74 75 47882 13 846583 27212 1.8 14 8 1 2 17% 27435 2472 20%
c W 17.86  0 74 75 49596 13 861092 40358 1.8 14 8 1 2 17% 27435 2472 20%
c - 17.95  0 74 76 50013 13 865059 26159 1.8 14 8 1 2 17% 27435 2472 20%
c p 17.95  0 74 76 50013 13 865059 26160 1.8 14 8 1 2 17% 27435 2472 20%
c u 17.96  0 74 76 50013 13 865059 26048 1.8 14 8 1 2 17% 27435 2472 20%
c v 17.96  0 74 76 50013 13 865059 25748 1.8 14 8 1 2 17% 27435 2472 20%
c x 17.97  0 74 76 50013 13 865059 25743 1.8 14 8 1 2 17% 27306 2472 20%
c - 18.50  0 74 77 53287 13 888311 28381 1.8 14 8 1 2 18% 27306 2472 20%
c p 18.50  0 74 77 53287 13 888311 28382 1.8 14 8 1 2 18% 27306 2472 20%
c u 18.51  0 74 77 53287 13 888311 27990 1.8 14 8 1 2 18% 27306 2472 20%
c v 18.52  0 74 77 53287 13 888311 27661 1.8 14 8 1 2 18% 27306 2472 20%
c } 18.58  0 74 77 53698 13 891863 30906 1.8 14 8 1 2 18% 27306 2472 20%
c [ 18.58  0 146 77 53698  1 891863 30906 2.2 52 24 1 2 45% 27306 2472 20%
c O 18.78  0 148 77 53705  1 903094 41603 2.2 52 24 1 2 44% 27306 2472 20%
c - 18.97  0 143 78 53706  1 911873 29746 2.2 52 23 1 2 43% 27306 2472 20%
c p 18.97  0 143 78 53706  1 911873 29747 2.2 52 23 1 2 43% 27306 2472 20%
c 
c  seconds   reductions    conflicts         size   tier2      variables
c         MB       restarts       redundant     glue   trail        remaining
c           level        rate          size/glue  tier1  irredundant
c 
c u 18.98  0 143 78 53706  1 911873 29555 2.2 52 23 1 2 43% 27306 2472 20%
c v 18.98  0 143 78 53706  1 911873 29350 2.2 52 23 1 2 43% 27306 2472 20%
c w 18.98  0 143 78 53706  1 911873 29348 2.2 52 23 1 2 43% 27306 2472 20%
c - 19.51  0 148 79 53712  1 935747 29303 2.1 56 27 1 2 43% 27306 2472 20%
c p 19.52  0 148 79 53712  1 935747 29304 2.1 56 27 1 2 43% 27306 2472 20%
c u 19.53  0 148 79 53712  1 935747 29110 2.1 56 27 1 2 43% 27306 2472 20%
c v 19.53  0 148 79 53712  1 935747 28942 2.1 56 27 1 2 43% 27306 2472 20%
c w 19.53  0 148 79 53712  1 935747 28942 2.1 56 27 1 2 43% 27306 2472 20%
c B 19.70  0 149 79 53717  1 946095 38600 2.1 56 26 1 2 42% 27306 2472 20%
c - 19.95  0 148 80 53722  1 959931 29354 2.1 55 26 1 2 42% 27306 2472 20%
c p 19.95  0 148 80 53722  1 959931 29355 2.1 55 26 1 2 42% 27306 2472 20%
c u 19.96  0 148 80 53722  1 959931 29280 2.1 55 26 1 2 42% 27306 2472 20%
c v 19.96  0 148 80 53722  1 959931 29169 2.1 55 26 1 2 42% 27306 2472 20%
c w 19.96  0 148 80 53722  1 959931 29168 2.1 55 26 1 2 42% 27306 2472 20%
c e 20.19  0 148 80 53728  1 971586 39032 2.1 55 26 1 2 41% 27391 2464 20%
c ] 20.39  0 148 80 53735  1 984291 51086 2.1 54 26 1 2 41% 27391 2464 20%
c { 20.39  0 74 80 53735 13 984291 51086 1.8 14 8 1 2 18% 27391 2464 20%
c - 20.40  0 74 81 53752 13 984425 29485 1.8 14 8 1 2 18% 27391 2464 20%
c p 20.40  0 74 81 53752 13 984425 29486 1.8 14 8 1 2 18% 27391 2464 20%
c u 20.41  0 74 81 53752 13 984425 29391 1.8 14 8 1 2 18% 27391 2464 20%
c 
c  seconds  reductions    conflicts         size  tier2      variables
c         MB      restarts       redundant     glue  trail        remaining
c          level        rate          size/glue tier1  irredundant
c 
c v 20.41  0 74 81 53752 13 984425 29254 1.8 14 8 1 2 18% 27391 2464 20%
c w 20.41  0 74 81 53752 13 984425 29254 1.8 14 8 1 2 18% 27391 2464 20%
c # 20.53  0 74 81 54457 13 990096 34379 1.8 14 8 1 2 18% 27391 2464 20%
c } 20.75  0 75 81 55607 13 1000003 43489 1.8 14 8 1 2 18% 27391 2464 20%
c ? 20.75  0 75 81 55607 13 1000003 43489 1.8 14 8 1 2 18% 27391 2464 20%
c 
c --- [ result ] -------------------------------------------------------------
c 
c UNKNOWN
c 
c --- [ run-time profiling ] -------------------------------------------------
c 
c process time taken by individual solving procedures
c (percentage relative to process time for solving)
c 
c        19.12   92.18% search
c        11.54   55.60% stable
c         7.18   34.60% unstable
c         1.62    7.81% simplify
c         0.43    2.09% vivify
c         0.41    1.96% walk
c         0.32    1.55% sweep
c         0.25    1.22% factor
c         0.19    0.90% congruence
c         0.14    0.68% elim
c         0.07    0.32% subsume
c         0.05    0.25% preprocess
c         0.04    0.18% probe
c         0.04    0.17% ternary
c         0.01    0.07% backbone
c         0.01    0.05% fastelim
c         0.01    0.04% parse
c         0.00    0.01% lucky
c   =================================
c        20.75   99.96% solve
c 
c last line shows process time for solving
c (percentage relative to total process time)
c 
c --- [ statistics ] ---------------------------------------------------------
c 
c chronological:            288992        28.90 %  of conflicts
c conflicts:               1000003     48203.68    per second
c backbone:                1036192      7978.07 %  of vars
c decisions:               6075496    292860.38    per second
c eliminated:                 7562        58.22 %  of all variables
c factored:                    678        27.39 %  of variables
c fixed:                       940         7.24 %  of all variables
c learned:                  955200        95.52 %  per conflict
c learned_lits:           41261194       100.00 %  learned literals
c minimized:                     0         0.00 %  learned literals
c shrunken:                1276884         3.09 %  learned literals
c minishrunken:            3286103         7.96 %  learned literals
c otfs:                      28423         2.84 %  of conflict
c propagations:          103240484         4.98 M  per second
c reduced:                  801088        80.11 %  per conflict
c rephased:                     44     22727.34    interval
c restarts:                  55607        17.98    interval
c stabilizing:                  18        60.40 %  of conflicts
c substituted:                2022        15.57 %  of all variables
c sweep equivs:                468        11.13 %  of swept variables
c subsumed:                  46258         4.29 %  of all clauses
c strengthened:              40298         3.73 %  of all clauses
c ticks:                1414603999        14.00    propagation
c vivified:                  11613         1.08 %  of all clauses
c walked:                       13     76923.31    interval
c weakened:                  46408         2.98    average size
c congruence:                   29     34482.86    interval
c 
c seconds are measured in process time for solving
c 
c --- [ glue usage ] ---------------------------------------------------------
c 
c focused glue 1 used 1514559 clauses 69.28% accumulated 69.28% tier1
c focused glue 2 used 342999 clauses 15.68% accumulated 84.97% tier2
c 
c stable glue 1 used 2860866 clauses 50.56% accumulated 50.56% tier1
c stable glue 2 used 839757 clauses 14.84% accumulated 65.41% tier2
c 
c 
c --- [ resources ] ----------------------------------------------------------
c 
c total process time since initialization:        20.75    seconds
c total real time since initialization:           20.84    seconds
c maximum resident set size of process:        84240.00    MB
c 
c --- [ shutting down ] ------------------------------------------------------
c 
c exit 0
