c ---- [ banner ] ------------------------------------------------------------
c
c Kissat SAT Solver
c 
c Copyright (c) 2021-2024 Armin Biere University of Freiburg
c Copyright (c) 2019-2021 Armin Biere Johannes Kepler University Linz
c 
c Version 4.0.4 unknown
c Apple clang version 17.0.0 (clang-1700.3.19.1) -W -Wall -O3 -DNDEBUG
c Thu Oct 16 20:09:41 UTC 2025 Darwin Tahoe-arm64.local 25.0.0 arm64
c
c ---- [ parsing ] -----------------------------------------------------------
c
c opened and reading DIMACS file:
c
c   /tmp/sr59_cnfs/aux_force_sr59_n32_bit19_m51ca0b34_fill55555555.cnf
c
c parsed 'p cnf 12284 51301' header
c closing input after reading 930988 bytes (909 KB)
c finished parsing after 0.00 seconds
c
c ---- [ options ] -----------------------------------------------------------
c
c --seed=5                         (different from default '0')
c
c ---- [ limits ] ------------------------------------------------------------
c
c conflict limit set to 1000000 conflicts
c
c ---- [ solving ] -----------------------------------------------------------
c
c seconds switched rate     size/glue tier1  binary         remaining
c        MB reductions conflicts size  tier2    irredundant
c         level restarts redundant glue  trail         variables
c
c *  0.00  8 0 0 0  0 0   0   0 0.0 0 0 0 0 0% 2660 48128 11803 96%
c (  0.01  9 0 0 0  0 0   0   0 0.0 0 0 0 0 0% 2660 48128 11803 96%
c .  0.01  9 0 0 0  0 0   0   0 0.0 0 0 0 0 0% 3556 46208 11803 96%
c c  0.02 14 0 0 0  0 0   0   0 0.0 0 0 0 0 0% 5374 40268 9976 81%
c d  0.02 14 0 0 0  0 0   0   0 0.0 0 0 0 0 0% 2660 40268 9976 81%
c =  0.03 14 0 0 0  0 0   0   0 0.0 0 0 0 0 0% 2588 40262 9932 81%
c d  0.03 14 0 0 0  0 0   0   0 0.0 0 0 0 0 0% 2500 40262 9932 81%
c f  0.04 14 0 0 0  0 0   0   0 0.0 0 0 0 0 0% 2836 39677 10112 82%
c )  0.04 14 0 0 0  0 0   0   0 0.0 0 0 0 0 0% 2836 39677 10112 82%
c {  0.05 14 0 0 0  0 0   0   0 0.0 0 0 2 6 0% 2836 39677 10112 82%
c -  0.05 14 239 0 1 239 62 1001 770 1.5 4 3 2 4 10% 2903 39675 10112 82%
c }  0.05 14 239 1 1 239 62 1001 770 1.5 4 3 2 4 10% 2903 39675 10112 82%
c [  0.05 14 0 1 1 239 0 1001 770 0.0 0 0 2 6 0% 2903 39675 10112 82%
c B  0.05 14 0 1 1 239 0 1001 770 0.0 0 0 2 6 0% 2903 39675 10112 82%
c i  0.05 14 471 1 1 239 7 1325 990 1.5 9 6 2 6 9% 2921 39674 10111 82%
c -  0.06 14 464 1 2 239 5 2001 1437 1.7 11 6 2 9 13% 2924 39674 10111 82%
c W  0.06 14 463 1 2 239 5 2003 1438 1.7 11 6 2 9 13% 2924 39673 10111 82%
c c  0.07 14 385 1 2 240 6 2566 1818 1.7 10 6 2 8 13% 2971 39587 10090 82%
c d  0.07 14 385 1 2 240 6 2566 1786 1.7 10 6 2 8 13% 2921 39585 10084 82%
c u  0.08 14 385 1 2 240 6 2566 1407 1.7 10 6 2 8 13% 2922 39585 10084 82%
c
c seconds   switched  rate       size/glue tier1    binary         remaining
c        MB  reductions conflicts      size  tier2     irredundant
c          level restarts   redundant    glue   trail         variables
c
c v  0.08 14 385 1 2 240 6 2566 1295 1.7 10 6 2 8 13% 2923 39585 10084 82%
c w  0.08 14 385 1 2 240 6 2566 1186 1.7 10 6 2 8 13% 2923 39585 10084 82%
c x  0.08 14 385 1 2 240 6 2566 1186 1.7 10 6 2 8 13% 2923 39439 10084 82%
c d  0.10 14 385 1 2 240 6 2566 1181 1.7 10 6 2 8 13% 2917 39439 10081 82%
c t  0.10 14 385 1 2 240 6 2566 1181 1.7 10 6 2 8 13% 2916 39439 10081 82%
c f  0.10 14 385 1 2 240 6 2566 1181 1.7 10 6 2 8 13% 2917 39437 10082 82%
c c  0.11 14 385 1 2 240 6 2566 1169 1.7 10 6 2 8 13% 2926 39417 10077 82%
c d  0.11 14 385 1 2 240 6 2566 1169 1.7 10 6 2 8 13% 2916 39417 10077 82%
c u  0.11 14 385 1 2 240 6 2566 1125 1.7 10 6 2 8 13% 2918 39417 10077 82%
c v  0.11 14 385 1 2 240 6 2566 1095 1.7 10 6 2 8 13% 2918 39417 10077 82%
c w  0.11 14 385 1 2 240 6 2566 1041 1.7 10 6 2 8 13% 2918 39417 10077 82%
c d  0.11 14 385 1 2 240 6 2566 1040 1.7 10 6 2 8 13% 2916 39417 10076 82%
c -  0.12 14 263 1 3 240 5 3415 1474 1.6 9 6 2 8 9% 2952 39417 10076 82%
c I  0.12 14 233 1 3 241 5 4263 2130 1.7 10 6 2 8 10% 2963 39417 10076 82%
c ]  0.12 14 233 2 3 241 5 4362 2199 1.7 10 6 2 8 10% 2974 39417 10076 82%
c {  0.12 14 239 2 3 241 62 4362 2199 1.5 4 3 2 4 10% 2974 39417 10076 82%
c -  0.13 14 184 2 4 495 54 5148 2584 1.5 5 3 2 4 10% 3040 39415 10076 82%
c }  0.14 14 173 3 4 569 52 5363 2762 1.5 5 3 2 4 10% 3058 39415 10076 82%
c [  0.14 14 233 3 4 569 5 5363 2762 1.7 10 6 2 8 10% 3058 39415 10076 82%
c ]  0.15 14 238 4 4 570 5 6461 3762 2.1 17 8 2 8 20% 3085 39413 10076 82%
c
c seconds   switched   rate       size/glue tier1   binary         remaining
c        MB  reductions conflicts      size  tier2     irredundant
c          level restarts    redundant   glue   trail         variables
c
c {  0.15 14 173 4 4 570 52 6461 3762 1.5 5 3 2 4 10% 3085 39413 10076 82%
c -  0.16 14 151 4 5 698 46 7149 3667 1.6 5 3 2 4 10% 3136 39408 10076 82%
c d  0.17 14 135 4 5 852 41 7897 4090 1.6 6 3 2 4 10% 3073 39405 10014 82%
c u  0.17 14 135 4 5 852 41 7897 3342 1.6 6 3 2 4 10% 3098 39405 10014 82%
c v  0.18 14 135 4 5 852 41 7897 3085 1.6 6 3 2 4 10% 3101 39405 10014 82%
c w  0.18 14 135 4 5 852 41 7897 2848 1.6 6 3 2 4 10% 3101 39405 10014 82%
c x  0.18 14 135 4 5 852 41 7897 2848 1.6 6 3 2 4 10% 3177 39046 10014 82%
c =  0.20 14 135 4 5 852 41 7897 2848 1.6 6 3 2 4 10% 3425 39034 9889 81%
c d  0.20 14 135 4 5 852 41 7897 2690 1.6 6 3 2 4 10% 3148 39034 9885 80%
c t  0.20 14 135 4 5 852 41 7897 2690 1.6 6 3 2 4 10% 3132 39034 9885 80%
c f  0.20 14 135 4 5 852 41 7897 2690 1.6 6 3 2 4 10% 3141 39014 9891 81%
c c  0.21 14 135 4 5 852 41 7897 2668 1.6 6 3 2 4 10% 3178 38910 9869 80%
c d  0.21 14 135 4 5 852 41 7897 2668 1.6 6 3 2 4 10% 3134 38910 9869 80%
c u  0.21 14 135 4 5 852 41 7897 2519 1.6 6 3 2 4 10% 3143 38910 9869 80%
c v  0.21 14 135 4 5 852 41 7897 2416 1.6 6 3 2 4 10% 3143 38910 9869 80%
c w  0.22 14 135 4 5 852 41 7897 2307 1.6 6 3 2 4 10% 3143 38910 9869 80%
c x  0.22 14 135 4 5 852 41 7897 2307 1.6 6 3 2 4 10% 3287 38320 9869 80%
c =  0.23 14 135 4 5 852 41 7897 2307 1.6 6 3 2 4 10% 3413 38320 9806 80%
c d  0.23 14 135 4 5 852 41 7897 2222 1.6 6 3 2 4 10% 3278 38320 9806 80%
c t  0.24 14 135 4 5 852 41 7897 2222 1.6 6 3 2 4 10% 3269 38320 9806 80%
c
c seconds   switched   rate       size/glue tier1   binary        remaining
c        MB  reductions conflicts      size  tier2     irredundant
c          level restarts    redundant   glue   trail        variables
c
c f  0.24 14 135 4 5 852 41 7897 2222 1.6 6 3 2 4 10% 3271 38315 9807 80%
c }  0.25 14 127 5 5 1114 40 8813 2988 1.6 6 4 2 4 11% 3328 38314 9807 80%
c [  0.25 14 238 5 5 1114 5 8813 2988 2.1 17 8 2 8 20% 3328 38314 9807 80%
c B  0.25 14 238 5 5 1114 5 8813 2988 2.1 17 8 2 8 20% 3328 38314 9807 80%
c -  0.27 14 232 5 6 1114 5 9387 2918 2.1 23 11 2 10 22% 3332 38313 9807 80%
c o  0.29 15 213 5 6 1116 4 11106 4348 2.1 27 13 2 10 24% 3339 38313 9807 80%
c ]  0.30 15 211 6 6 1116 4 11428 4665 2.3 32 14 2 10 26% 3340 38313 9807 80%
c {  0.30 15 127 6 6 1116 40 11428 4665 1.6 6 4 2 4 11% 3340 38313 9807 80%
c -  0.30 15 124 6 7 1127 37 11841 4013 1.6 6 4 2 4 10% 3382 38313 9807 80%
c s  0.32 15 118 6 7 1208 33 12810 4793 1.6 6 4 2 4 11% 3464 37506 9807 80%
c e  0.34 17 118 6 7 1208 33 12810 4793 1.6 6 4 2 4 11% 1703 27051 4943 40%
c s  0.34 17 118 6 7 1208 33 12810 4793 1.6 6 4 2 4 11% 1711 26880 4943 40%
c e  0.34 17 118 6 7 1208 33 12810 4793 1.6 6 4 2 4 11% 1659 26928 4923 40%
c ^  0.34 17 118 6 7 1208 33 12810 4793 1.6 6 4 2 4 11% 1659 26928 4923 40%
c -  0.36 17 110 6 8 1439 30 14487 3413 1.6 6 4 2 4 11% 1734 26927 4923 40%
c }  0.37 17 106 7 8 1653 29 15499 4286 1.6 7 4 2 4 12% 1770 26927 4923 40%
c [  0.37 17 211 7 8 1653 4 15499 4286 2.3 32 14 2 10 26% 1770 26927 4923 40%
c W  0.37 17 211 7 8 1653 4 15499 4286 2.3 32 14 2 10 26% 1770 26927 4923 40%
c c  0.38 17 206 7 8 1653 4 16184 4887 2.2 30 14 2 10 26% 1799 26776 4901 40%
c d  0.38 17 206 7 8 1653 4 16184 4825 2.2 30 14 2 10 26% 1750 26776 4898 40%
c
c seconds   switched   rate        size/glue  tier1     binary        remaining
c        MB  reductions  conflicts       size   tier2      irredundant
c          level  restarts    redundant     glue    trail        variables
c
c u  0.39 17 206 7 8 1653 4 16184 4139 2.2 30 14 2 10 26% 1757 26776 4898 40%
c v  0.39 17 206 7 8 1653 4 16184 3788 2.2 30 14 2 10 26% 1759 26776 4898 40%
c w  0.39 17 206 7 8 1653 4 16184 3680 2.2 30 14 2 10 26% 1759 26776 4898 40%
c x  0.40 17 206 7 8 1653 4 16184 3680 2.2 30 14 2 10 26% 1759 26701 4898 40%
c =  0.41 17 206 7 8 1653 4 16184 3680 2.2 30 14 2 10 26% 1805 26701 4875 40%
c d  0.41 17 206 7 8 1653 4 16184 3554 2.2 30 14 2 10 26% 1745 26701 4874 40%
c t  0.42 17 206 7 8 1653 4 16184 3554 2.2 30 14 2 10 26% 1729 26701 4874 40%
c f  0.42 17 206 7 8 1653 4 16184 3554 2.2 30 14 2 10 26% 1749 26657 4884 40%
c c  0.42 17 206 7 8 1653 4 16184 3524 2.2 30 14 2 10 26% 1753 26645 4882 40%
c d  0.43 17 206 7 8 1653 4 16184 3524 2.2 30 14 2 10 26% 1749 26645 4882 40%
c u  0.43 17 206 7 8 1653 4 16184 3351 2.2 30 14 2 10 26% 1751 26645 4882 40%
c v  0.43 17 206 7 8 1653 4 16184 3228 2.2 30 14 2 10 26% 1752 26645 4882 40%
c w  0.43 17 206 7 8 1653 4 16184 3019 2.2 30 14 2 10 26% 1753 26645 4882 40%
c x  0.44 18 206 7 8 1653 4 16184 3018 2.2 30 14 2 10 26% 1763 26421 4882 40%
c =  0.46 18 206 7 8 1653 4 16184 3018 2.2 30 14 2 10 26% 1789 26421 4869 40%
c d  0.46 18 206 7 8 1653 4 16184 3010 2.2 30 14 2 10 26% 1760 26421 4869 40%
c t  0.46 18 206 7 8 1653 4 16184 3010 2.2 30 14 2 10 26% 1750 26421 4869 40%
c f  0.46 18 206 7 8 1653 4 16184 3010 2.2 30 14 2 10 26% 1756 26407 4873 40%
c -  0.47 18 189 7 9 1654 4 17316 3661 2.2 29 13 2 13 25% 1765 26407 4873 40%
c -  0.49 18 174 7 10 1656 4 20316 5372 2.2 29 13 2 12 25% 1774 26407 4873 40%
c
c seconds   switched    rate        size/glue  tier1     binary        remaining
c        MB   reductions  conflicts       size   tier2      irredundant
c          level   restarts    redundant     glue    trail        variables
c
c o  0.51 18 164 7 10 1658 3 22205 7027 2.2 28 13 2 12 24% 1787 26407 4873 40%
c O  0.52 18 163 7 10 1658 3 23027 7783 2.2 28 13 2 12 25% 1792 26406 4873 40%
c -  0.52 18 160 7 11 1658 3 23478 6840 2.2 28 13 2 11 25% 1793 26406 4873 40%
c ]  0.52 18 159 8 11 1658 3 23636 6983 2.2 28 13 2 11 25% 1796 26406 4873 40%
c {  0.52 18 106 8 11 1658 29 23636 6983 1.6 7 4 2 4 12% 1796 26406 4873 40%
c s  0.55 18 105 8 11 2040 28 25975 9085 1.6 7 4 2 4 12% 1852 26299 4873 40%
c e  0.56 18 105 8 11 2040 28 25975 9085 1.6 7 4 2 4 12% 1441 26011 4486 37%
c s  0.56 18 105 8 11 2040 28 25975 9085 1.6 7 4 2 4 12% 1480 25805 4486 37%
c e  0.56 18 105 8 11 2040 28 25975 9085 1.6 7 4 2 4 12% 1471 25741 4468 36%
c ^  0.56 18 105 8 11 2040 28 25975 9085 1.6 7 4 2 4 12% 1471 25741 4468 36%
c -  0.58 18 104 8 12 2241 28 26795 6847 1.6 7 4 2 4 13% 1479 25741 4468 36%
c u  0.60 18 102 8 12 2505 28 27916 7378 1.6 7 4 2 4 13% 1490 25741 4468 36%
c v  0.60 18 102 8 12 2505 28 27916 7095 1.6 7 4 2 4 13% 1490 25741 4468 36%
c w  0.60 18 102 8 12 2505 28 27916 7073 1.6 7 4 2 4 13% 1490 25741 4468 36%
c x  0.60 18 102 8 12 2505 28 27916 7073 1.6 7 4 2 4 13% 1490 25678 4468 36%
c =  0.62 18 102 8 12 2505 28 27916 7073 1.6 7 4 2 4 13% 1580 25670 4423 36%
c d  0.62 18 102 8 12 2505 28 27916 7045 1.6 7 4 2 4 13% 1488 25670 4423 36%
c t  0.62 18 102 8 12 2505 28 27916 7045 1.6 7 4 2 4 13% 1469 25670 4423 36%
c f  0.63 18 102 8 12 2505 28 27916 7045 1.6 7 4 2 4 13% 1548 25443 4464 36%
c c  0.63 18 102 8 12 2505 28 27916 7045 1.6 7 4 2 4 13% 1550 25435 4463 36%
c
c seconds   switched     rate        size/glue tier1   binary        remaining
c        MB   reductions   conflicts      size  tier2     irredundant
c          level   restarts     redundant   glue   trail        variables
c
c d  0.63 18 102 8 12 2505 28 27916 7045 1.6 7 4 2 4 13% 1548 25435 4463 36%
c u  0.64 19 102 8 12 2505 28 27916 6369 1.6 7 4 2 4 13% 1548 25435 4463 36%
c v  0.64 19 102 8 12 2505 28 27916 5999 1.6 7 4 2 4 13% 1548 25435 4463 36%
c w  0.64 19 102 8 12 2505 28 27916 5950 1.6 7 4 2 4 13% 1548 25435 4463 36%
c x  0.65 19 102 8 12 2505 28 27916 5950 1.6 7 4 2 4 13% 1548 25173 4463 36%
c =  0.66 19 102 8 12 2505 28 27916 5950 1.6 7 4 2 4 13% 1812 25173 4331 35%
c d  0.66 19 102 8 12 2505 28 27916 5948 1.6 7 4 2 4 13% 1543 25173 4331 35%
c t  0.66 19 102 8 12 2505 28 27916 5948 1.6 7 4 2 4 13% 1542 25173 4331 35%
c }  0.68 19 98 9 12 2791 27 29796 7553 1.6 7 5 2 4 13% 1549 25173 4331 35%
c [  0.68 19 159 9 12 2791 3 29796 7553 2.2 28 13 2 11 25% 1549 25173 4331 35%
c -  0.69 19 159 9 13 2791 3 30259 7178 2.2 27 13 2 11 25% 1551 25173 4331 35%
c B  0.71 19 157 9 13 2793 3 32790 9480 2.1 27 13 2 11 25% 1561 25173 4331 35%
c -  0.72 19 155 9 14 2793 3 33865 8943 2.1 27 13 2 11 25% 1565 25173 4331 35%
c -  0.74 19 154 9 15 2796 3 37606 10165 2.1 26 13 2 11 26% 1574 25173 4331 35%
c -  0.78 20 158 9 16 2797 3 41478 10878 2.1 28 13 2 11 28% 1579 25173 4331 35%
c ]  0.79 20 160 10 16 2797 3 42227 11573 2.1 29 14 2 11 29% 1579 25173 4331 35%
c {  0.79 20 98 10 16 2797 27 42227 11573 1.6 7 5 2 4 13% 1579 25173 4331 35%
c o  0.79 20 98 10 16 2799 27 42234 11579 1.6 7 5 2 4 13% 1580 25173 4331 35%
c u  0.81 20 98 10 16 2964 27 43088 11970 1.6 7 5 2 4 13% 1589 25173 4331 35%
c v  0.81 20 98 10 16 2964 27 43088 11773 1.6 7 5 2 4 13% 1589 25173 4331 35%
c
c seconds   switched     rate         size/glue tier1   binary        remaining
c        MB   reductions   conflicts       size  tier2     irredundant
c         level    restarts      redundant   glue   trail        variables
c
c w  0.82 20 98 10 16 2964 27 43088 11768 1.6 7 5 2 4 13% 1589 25173 4331 35%
c x  0.82 20 98 10 16 2964 27 43088 11768 1.6 7 5 2 4 13% 1589 24941 4331 35%
c =  0.84 20 98 10 16 2964 27 43088 11768 1.6 7 5 2 4 13% 1915 24941 4168 34%
c d  0.84 20 98 10 16 2964 27 43088 11721 1.6 7 5 2 4 13% 1583 24941 4168 34%
c t  0.84 20 98 10 16 2964 27 43088 11721 1.6 7 5 2 4 13% 1579 24941 4168 34%
c u  0.85 20 98 10 16 2964 27 43088 11503 1.6 7 5 2 4 13% 1580 24941 4168 34%
c v  0.85 20 98 10 16 2964 27 43088 11344 1.6 7 5 2 4 13% 1580 24941 4168 34%
c w  0.85 20 98 10 16 2964 27 43088 11344 1.6 7 5 2 4 13% 1580 24941 4168 34%
c x  0.86 20 98 10 16 2964 27 43088 11343 1.6 7 5 2 4 13% 1580 24718 4168 34%
c t  0.87 20 98 10 16 2964 27 43088 11343 1.6 7 5 2 4 13% 1579 24718 4168 34%
c -  0.91 20 95 10 17 3457 26 45478 10701 1.6 8 5 1 4 13% 1588 24718 4168 34%
c -  0.96 20 94 10 18 4354 26 49601 12221 1.6 8 5 1 4 14% 1611 24718 4168 34%
c }  0.98 20 93 11 18 4662 26 50854 13359 1.6 8 5 1 4 14% 1619 24718 4168 34%
c [  0.98 20 160 11 18 4662 3 50854 13359 2.1 29 14 2 11 29% 1619 24718 4168 34%
c W  0.99 20 160 11 18 4662 3 50854 13359 2.1 29 14 2 11 29% 1619 24718 4168 34%
c -  1.02 20 160 11 19 4664 3 53843 13004 2.1 31 14 2 11 30% 1620 24718 4168 34%
c s  1.02 20 159 11 19 4664 3 54632 13722 2.1 30 14 2 11 29% 1620 22764 4168 34%
c e  1.03 20 159 11 19 4664 3 54632 13722 2.1 30 14 2 11 29% 1333 23091 3978 32%
c s  1.03 20 159 11 19 4664 3 54632 13722 2.1 30 14 2 11 29% 1337 23015 3978 32%
c e  1.03 20 159 11 19 4664 3 54632 13722 2.1 30 14 2 11 29% 1335 22861 3957 32%
c
c seconds    switched    rate         size/glue  tier1     binary        remaining
c        MB    reductions  conflicts        size   tier2      irredundant
c          level    restarts     redundant     glue    trail        variables
c
c ^  1.03 20 159 11 19 4664 3 54632 13722 2.1 30 14 2 11 29% 1335 22861 3957 32%
c -  1.07 20 157 11 20 4667 3 58203 11740 2.1 30 15 2 11 29% 1339 22861 3957 32%
c u  1.11 20 158 11 20 4668 3 61781 14237 2.1 31 15 2 11 29% 1343 22861 3957 32%
c v  1.12 20 158 11 20 4668 3 61781 13561 2.1 31 15 2 11 29% 1344 22861 3957 32%
c w  1.13 20 158 11 20 4668 3 61781 13558 2.1 31 15 2 11 29% 1344 22861 3957 32%
c x  1.13 20 158 11 20 4668 3 61781 13553 2.1 31 15 2 11 29% 1346 22782 3957 32%
c t  1.13 20 158 11 20 4668 3 61781 13553 2.1 31 15 2 11 29% 1341 22782 3957 32%
c f  1.13 20 158 11 20 4668 3 61781 13553 2.1 31 15 2 11 29% 1348 22760 3960 32%
c u  1.14 20 158 11 20 4668 3 61781 13120 2.1 31 15 2 11 29% 1348 22760 3960 32%
c v  1.15 20 158 11 20 4668 3 61781 12752 2.1 31 15 2 11 29% 1348 22760 3960 32%
c w  1.15 20 158 11 20 4668 3 61781 12744 2.1 31 15 2 11 29% 1348 22760 3960 32%
c x  1.16 20 158 11 20 4668 3 61781 12743 2.1 31 15 2 11 29% 1348 22718 3960 32%
c =  1.18 20 158 11 20 4668 3 61781 12743 2.1 31 15 2 11 29% 1350 22718 3959 32%
c d  1.19 20 158 11 20 4668 3 61781 12743 2.1 31 15 2 11 29% 1348 22718 3959 32%
c -  1.20 20 157 11 21 4668 3 62675 10141 2.1 31 15 2 11 29% 1348 22718 3959 32%
c I  1.22 20 157 11 21 4670 2 65759 12975 2.1 31 15 2 11 30% 1350 22718 3959 32%
c -  1.24 20 156 11 22 4671 2 67257 11285 2.1 31 15 2 11 30% 1351 22718 3959 32%
c ]  1.25 20 155 12 22 4672 2 68560 12472 2.1 31 15 2 11 30% 1351 22718 3959 32%
c {  1.25 20 93 12 22 4672 26 68560 12472 1.6 8 5 1 4 14% 1351 22718 3959 32%
c -  1.31 20 92 12 23 5494 26 71947 12950 1.6 8 5 1 4 14% 1359 22718 3959 32%
c
c seconds   switched     rate         size/glue tier1   binary        remaining
c        MB   reductions   conflicts       size  tier2     irredundant
c         level    restarts      redundant   glue   trail        variables
c
c o  1.31 20 92 12 23 5566 26 72236 13220 1.6 9 5 1 4 14% 1359 22718 3959 32%
c -  1.38 20 91 12 24 6482 25 76742 14676 1.6 9 6 1 4 14% 1369 22718 3959 32%
c }  1.43 20 90 13 24 7005 24 80039 17653 1.6 9 6 1 4 14% 1376 22718 3959 32%
c [  1.43 20 155 13 24 7005 2 80039 17653 2.1 31 15 2 11 30% 1376 22718 3959 32%
c -  1.45 20 155 13 25 7006 2 81642 16141 2.1 31 15 2 11 30% 1378 22718 3959 32%
c B  1.46 20 155 13 25 7007 2 83561 17977 2.0 31 15 2 11 30% 1378 22718 3959 32%
c u  1.48 20 156 13 25 7008 2 84284 17656 2.1 31 15 2 11 31% 1384 22718 3959 32%
c v  1.49 20 156 13 25 7008 2 84284 16841 2.1 31 15 2 11 31% 1385 22718 3959 32%
c w  1.50 20 156 13 25 7008 2 84284 16826 2.1 31 15 2 11 31% 1385 22718 3959 32%
c t  1.54 20 156 13 25 7008 2 84284 16826 2.1 31 15 2 11 31% 1382 22718 3959 32%
c -  1.58 22 158 13 26 7010 2 86642 14714 2.1 33 16 2 11 31% 1385 22718 3959 32%
c -  1.65 22 160 13 27 7011 2 91742 14093 2.1 35 17 2 12 33% 1393 22718 3959 32%
c -  1.73 23 162 13 28 7015 2 96938 13959 2.0 38 19 2 12 34% 1396 22718 3959 32%
c ]  1.77 23 162 14 28 7017 2 99249 16217 2.0 40 19 2 12 35% 1396 22718 3959 32%
c {  1.77 23 90 14 28 7017 24 99249 16217 1.6 9 6 1 4 14% 1396 22718 3959 32%
c s  1.80 23 89 14 28 7365 24 101264 18040 1.6 9 6 1 4 15% 1397 22686 3959 32%
c e  1.82 23 89 14 28 7365 24 101264 18040 1.6 9 6 1 4 15% 576 22970 3304 27%
c s  1.82 23 89 14 28 7365 24 101264 18040 1.6 9 6 1 4 15% 584 22708 3304 27%
c e  1.82 23 89 14 28 7365 24 101264 18040 1.6 9 6 1 4 15% 570 22758 3293 27%
c ^  1.82 23 89 14 28 7365 24 101264 18040 1.6 9 6 1 4 15% 570 22758 3293 27%
c
c seconds   switched     rate          size/glue tier1  binary        remaining
c        MB   reductions   conflicts        size  tier2    irredundant
c         level    restarts       redundant   glue   trail       variables
c
c -  1.84 23 89 14 29 7534 24 102229 10161 1.6 9 6 1 4 15% 570 22758 3293 27%
c -  1.90 23 88 14 30 8376 23 107614 13845 1.6 9 6 1 4 15% 577 22757 3293 27%
c u  1.95 23 88 14 30 8870 23 110576 15692 1.6 10 6 1 4 15% 579 22757 3293 27%
c v  1.96 23 88 14 30 8870 23 110576 14995 1.6 10 6 1 4 15% 579 22757 3293 27%
c w  1.96 23 88 14 30 8870 23 110576 14947 1.6 10 6 1 4 15% 579 22757 3293 27%
c x  1.97 23 88 14 30 8870 23 110576 14908 1.6 10 6 1 4 15% 579 22599 3293 27%
c t  1.97 23 88 14 30 8870 23 110576 14908 1.6 10 6 1 4 15% 578 22599 3293 27%
c f  1.98 23 88 14 30 8870 23 110576 14908 1.6 10 6 1 4 15% 581 22587 3294 27%
c u  1.99 23 88 14 30 8870 23 110576 14460 1.6 10 6 1 4 15% 587 22587 3294 27%
c v  2.00 23 88 14 30 8870 23 110576 13352 1.6 10 6 1 4 15% 587 22587 3294 27%
c w  2.00 23 88 14 30 8870 23 110576 13303 1.6 10 6 1 4 15% 587 22587 3294 27%
c x  2.01 23 88 14 30 8870 23 110576 13301 1.6 10 6 1 4 15% 587 22555 3294 27%
c o  2.03 23 88 14 30 9026 22 112237 14778 1.6 10 6 1 4 15% 590 22555 3294 27%
c -  2.04 23 88 14 31 9091 22 113091 13962 1.6 10 6 1 4 15% 591 22555 3294 27%
c }  2.05 23 88 15 31 9228 22 113965 14738 1.6 10 6 1 4 15% 593 22555 3294 27%
c [  2.05 23 162 15 31 9228 2 113965 14738 2.0 40 19 2 12 35% 593 22555 3294 27%
c W  2.06 23 162 15 31 9228 2 113965 14738 2.0 40 19 2 12 35% 593 22555 3294 27%
c -  2.11 23 164 15 32 9231 2 118658 15356 2.1 41 20 2 12 36% 594 22555 3294 27%
c -  2.16 23 163 15 33 9234 2 124315 15452 2.1 41 20 2 12 36% 596 22555 3294 27%
c -  2.21 23 165 15 34 9237 2 130059 16183 2.1 39 19 2 12 36% 599 22555 3294 27%
c
c seconds    switched    rate          size/glue  tier1    binary        remaining
c        MB    reductions  conflicts         size   tier2     irredundant
c          level    restarts      redundant     glue    trail       variables
c
c -  2.31 23 166 15 35 9241 2 135890 16665 2.1 43 21 2 12 38% 602 22555 3294 27%
c ]  2.31 23 166 16 35 9241 2 135943 16715 2.1 43 21 2 12 38% 602 22555 3294 27%
c {  2.31 23 88 16 35 9241 22 135943 16715 1.6 10 6 1 4 15% 602 22555 3294 27%
c u  2.38 23 87 16 35 9740 21 140853 20113 1.7 10 6 1 4 16% 607 22555 3294 27%
c v  2.39 23 87 16 35 9740 21 140853 19216 1.7 10 6 1 4 16% 607 22555 3294 27%
c w  2.39 23 87 16 35 9740 21 140853 19148 1.7 10 6 1 4 16% 607 22555 3294 27%
c t  2.39 23 87 16 35 9740 21 140853 19148 1.7 10 6 1 4 16% 606 22555 3294 27%
c -  2.40 23 87 16 36 9772 21 141806 16817 1.7 10 6 1 4 15% 607 22555 3294 27%
c -  2.49 23 86 16 37 10653 20 147807 19008 1.7 10 6 1 4 16% 609 22555 3294 27%
c -  2.58 24 86 16 38 11524 20 153890 20641 1.7 10 6 1 4 16% 614 22555 3294 27%
c }  2.59 24 86 17 38 11545 20 154281 20989 1.7 10 6 1 4 16% 614 22555 3294 27%
c [  2.59 24 166 17 38 11545 2 154281 20989 2.1 43 21 2 12 38% 614 22555 3294 27%
c O  2.59 24 166 17 38 11545 2 154281 20989 2.1 43 21 2 12 38% 614 22555 3294 27%
c -  2.64 24 162 17 39 11549 2 160057 21242 2.1 42 20 2 12 37% 616 22555 3294 27%
c o  2.66 24 161 17 39 11551 2 162808 23865 2.1 41 20 2 12 37% 616 22555 3294 27%
c -  2.69 24 160 17 40 11551 2 166301 19886 2.1 41 20 2 12 37% 616 22555 3294 27%
c s  2.70 24 159 17 40 11552 2 167749 21164 2.1 41 20 2 12 37% 619 22528 3294 27%
c e  2.71 24 159 17 40 11552 2 167749 21164 2.1 41 20 2 12 37% 362 24655 3027 25%
c 2  2.71 24 159 17 40 11552 2 167749 21164 2.1 41 20 2 12 37% 361 24655 3027 25%
c s  2.71 24 159 17 40 11552 2 167749 21164 2.1 41 20 2 12 37% 371 24206 3027 25%
c
c seconds    switched     rate          size/glue  tier1    binary        remaining
c        MB    reductions   conflicts         size   tier2     irredundant
c          level    restarts       redundant     glue    trail       variables
c
c e  2.72 24 159 17 40 11552 2 167749 21164 2.1 41 20 2 12 37% 368 21712 2738 22%
c ^  2.72 24 159 17 40 11552 2 167749 21164 2.1 41 20 2 12 37% 368 21712 2738 22%
c -  2.75 24 157 17 41 11556 2 172625 14204 2.1 40 19 2 12 37% 371 21712 2738 22%
c u  2.78 24 157 17 41 11557 2 175126 15399 2.0 39 19 2 12 36% 373 21711 2738 22%
c v  2.78 24 157 17 41 11557 2 175126 14479 2.0 39 19 2 12 36% 373 21711 2738 22%
c w  2.79 24 157 17 41 11557 2 175126 14452 2.0 39 19 2 12 36% 373 21711 2738 22%
c x  2.80 24 157 17 41 11557 2 175126 14411 2.0 39 19 2 12 36% 373 21562 2738 22%
c t  2.80 24 157 17 41 11557 2 175126 14411 2.0 39 19 2 12 36% 367 21562 2738 22%
c -  2.83 24 155 17 42 11558 2 179028 14588 2.0 38 19 2 12 36% 368 21562 2738 22%
c B  2.85 24 152 17 42 11559 2 182021 17213 2.0 37 18 2 12 35% 368 21562 2738 22%
c -  2.91 24 155 17 43 11559 2 185508 15960 2.1 40 19 2 12 36% 368 21562 2738 22%
c ]  2.99 24 158 18 43 11561 2 190293 20553 2.1 42 21 2 12 38% 368 21562 2738 22%
c {  2.99 24 86 18 43 11561 20 190293 20553 1.7 10 6 1 4 16% 368 21562 2738 22%
c -  3.01 24 86 18 44 11656 20 192065 16262 1.7 10 6 1 4 16% 370 21562 2738 22%
c -  3.08 24 84 18 45 12152 19 198700 18615 1.7 10 6 1 4 16% 373 21562 2738 22%
c -  3.18 24 82 18 46 12800 18 205408 21266 1.7 10 6 1 4 16% 379 21562 2738 22%
c -  3.34 24 80 18 47 13940 17 212191 23763 1.7 11 6 1 4 16% 383 21562 2738 22%
c }  3.35 24 80 19 47 14012 17 212638 24182 1.7 11 6 1 4 16% 384 21562 2738 22%
c [  3.35 24 158 19 47 14012 2 212638 24182 2.1 42 21 2 12 38% 384 21562 2738 22%
c W  3.37 24 157 19 47 14012 2 213472 24928 2.1 42 20 2 12 38% 384 21562 2738 22%
c
c seconds    switched     rate          size/glue  tier1    binary        remaining
c        MB    reductions   conflicts         size   tier2     irredundant
c          level    restarts       redundant     glue    trail       variables
c
c u  3.38 24 157 19 47 14012 2 213696 23883 2.1 42 20 2 12 38% 385 21562 2738 22%
c v  3.39 24 157 19 47 14012 2 213696 22703 2.1 42 20 2 12 38% 385 21562 2738 22%
c w  3.40 24 157 19 47 14012 2 213696 22488 2.1 42 20 2 12 38% 385 21562 2738 22%
c x  3.41 24 157 19 47 14012 2 213696 22441 2.1 42 20 2 12 38% 387 21410 2738 22%
c t  3.49 24 157 19 47 14012 2 213696 22441 2.1 42 20 2 12 38% 386 21410 2738 22%
c -  3.54 24 155 19 48 14016 2 219046 22099 2.1 41 20 2 12 37% 386 21410 2738 22%
c o  3.60 24 154 19 48 14019 2 225433 28100 2.0 41 20 2 12 37% 386 21409 2738 22%
c -  3.60 24 154 19 49 14019 2 225974 19912 2.0 41 20 2 13 37% 386 21409 2738 22%
c -  3.67 24 154 19 50 14024 2 232974 19256 2.0 40 20 2 13 36% 386 21409 2738 22%
c -  3.73 24 156 19 51 14026 2 240045 19225 2.0 41 21 2 13 36% 386 21409 2738 22%
c -  3.83 24 159 19 52 14027 2 247186 18593 2.0 44 22 2 13 38% 391 21409 2738 22%
c I  3.85 24 159 19 52 14029 2 248823 20183 2.0 44 22 2 13 38% 391 21409 2738 22%
c -  3.89 24 157 19 53 14032 2 254398 19760 2.0 43 21 2 13 38% 391 21408 2738 22%
c s  3.91 24 157 19 53 14033 2 256204 21420 2.0 43 21 2 13 38% 392 21398 2738 22%
c e  3.93 24 157 19 53 14033 2 256204 21420 2.0 43 21 2 13 38% 184 25513 2431 20%
c s  3.93 24 157 19 53 14033 2 256204 21420 2.0 43 21 2 13 38% 187 24330 2431 20%
c e  3.94 24 157 19 53 14033 2 256204 21420 2.0 43 21 2 13 38% 184 24382 2426 20%
c !  3.94 24 157 19 53 14033 2 256204 21420 2.0 43 21 2 13 38% 184 24382 2426 20%
c u  3.95 24 157 19 53 14033 2 256470 11316 2.0 43 21 2 13 38% 184 24382 2426 20%
c v  3.95 24 157 19 53 14033 2 256470 10255 2.0 43 21 2 13 38% 184 24382 2426 20%
c
c seconds    switched     rate          size/glue  tier1    binary        remaining
c        MB    reductions   conflicts         size   tier2     irredundant
c          level    restarts       redundant     glue    trail       variables
c
c w  3.96 24 157 19 53 14033 2 256470 10176 2.0 43 21 2 13 38% 184 24382 2426 20%
c x  3.97 25 157 19 53 14033 2 256470 10128 2.0 43 21 2 13 38% 185 24179 2426 20%
c t  3.97 25 157 19 53 14033 2 256470 10128 2.0 43 21 2 13 38% 184 24179 2426 20%
c f  3.98 25 157 19 53 14033 2 256470 10128 2.0 43 21 2 13 38% 197 24094 2430 20%
c u  3.99 25 157 19 53 14033 2 256470 9652 2.0 43 21 2 13 38% 199 24094 2430 20%
c v  3.99 25 157 19 53 14033 2 256470 9283 2.0 43 21 2 13 38% 199 24094 2430 20%
c w  4.00 25 157 19 53 14033 2 256470 9112 2.0 43 21 2 13 38% 199 24094 2430 20%
c x  4.01 25 157 19 53 14033 2 256470 9092 2.0 43 21 2 13 38% 200 23923 2430 20%
c -  4.05 25 157 19 54 14036 2 261678 10965 2.0 42 21 2 13 38% 200 23922 2430 20%
c -  4.11 25 155 19 55 14040 2 269028 13948 2.0 42 21 2 13 37% 200 23922 2430 20%
c ]  4.12 25 155 20 55 14040 2 270331 15184 2.0 42 21 2 13 37% 200 23922 2430 20%
c {  4.12 25 80 20 55 14040 17 270331 15184 1.7 11 6 1 4 16% 200 23922 2430 20%
c -  4.18 25 80 20 56 14575 17 276444 17442 1.7 11 6 1 4 16% 202 23922 2430 20%
c -  4.28 25 80 20 57 15502 17 283927 20356 1.7 11 6 1 4 16% 203 23921 2430 20%
c -  4.39 25 80 20 58 16416 17 291478 22914 1.7 11 6 1 4 16% 207 23921 2430 20%
c o  4.46 25 80 20 58 17070 17 295441 26528 1.7 11 7 1 4 16% 207 23921 2430 20%
c }  4.49 25 80 21 58 17223 17 297072 28031 1.7 11 7 1 4 16% 207 23921 2430 20%
c [  4.49 25 155 21 58 17223 2 297072 28031 2.0 42 21 2 13 37% 207 23921 2430 20%
c B  4.49 25 155 21 58 17223 2 297072 28031 2.0 42 21 2 13 37% 207 23921 2430 20%
c -  4.51 25 155 21 59 17224 2 299093 24885 2.0 42 21 2 13 37% 207 23921 2430 20%
c
c seconds    switched     rate          size/glue  tier1    binary        remaining
c        MB    reductions   conflicts         size   tier2     irredundant
c          level    restarts       redundant     glue    trail       variables
c
c u  4.54 25 151 21 59 17227 2 303090 27349 2.0 40 20 2 13 36% 207 23921 2430 20%
c v  4.55 25 151 21 59 17227 2 303090 26621 2.0 40 20 2 13 36% 207 23921 2430 20%
c w  4.56 25 151 21 59 17227 2 303090 26415 2.0 40 20 2 13 36% 207 23921 2430 20%
c x  4.57 25 151 21 59 17227 2 303090 26409 2.0 40 20 2 13 36% 209 23840 2430 20%
c t  4.57 25 151 21 59 17227 2 303090 26409 2.0 40 20 2 13 36% 208 23840 2430 20%
c -  4.60 25 151 21 60 17229 2 306774 23366 2.0 40 20 2 13 36% 208 23840 2430 20%
c -  4.65 25 149 21 61 17232 2 314519 22167 2.0 38 19 2 13 35% 208 23840 2430 20%
c -  4.70 25 144 21 62 17236 2 322329 22390 2.0 37 19 2 13 34% 209 23839 2430 20%
c -  4.75 25 142 21 63 17237 2 330204 22048 1.9 36 19 2 13 33% 209 23839 2430 20%
c -  4.80 25 138 21 64 17242 2 338141 22237 1.9 35 18 2 13 32% 210 23838 2430 20%
c W  4.82 25 137 21 64 17244 2 340784 24630 1.9 35 18 2 13 31% 210 23838 2430 20%
c -  4.86 25 136 21 65 17246 2 346141 22884 1.9 34 18 2 13 31% 210 23838 2430 20%
c u  4.91 25 136 21 65 17251 2 354024 29639 1.9 33 17 2 13 31% 210 23838 2430 20%
c v  4.92 25 136 21 65 17251 2 354024 29431 1.9 33 17 2 13 31% 210 23838 2430 20%
c w  4.93 25 136 21 65 17251 2 354024 29410 1.9 33 17 2 13 31% 210 23838 2430 20%
c x  4.93 25 136 21 65 17251 2 354024 29405 1.9 33 17 2 13 31% 210 23823 2430 20%
c -  4.98 25 135 21 66 17251 2 354204 23066 1.9 33 17 2 13 31% 210 23823 2430 20%
c -  5.03 25 132 21 67 17252 2 362328 23305 1.9 32 17 2 13 30% 210 23823 2430 20%
c s  5.06 25 129 21 67 17253 2 366866 27399 1.9 32 17 2 13 29% 210 23793 2430 20%
c e  5.07 25 129 21 67 17253 2 366866 27399 1.9 32 17 2 13 29% 197 23935 2417 20%
c
c seconds    switched     rate          size/glue  tier1    binary        remaining
c        MB    reductions   conflicts         size   tier2     irredundant
c          level    restarts       redundant     glue    trail       variables
c
c s  5.07 25 129 21 67 17253 2 366866 27399 1.9 32 17 2 13 29% 198 23875 2417 20%
c e  5.07 25 129 21 67 17253 2 366866 27399 1.9 32 17 2 13 29% 193 23888 2416 20%
c ]  5.08 25 129 22 67 17253 2 368520 28687 1.9 32 17 2 13 29% 193 23888 2416 20%
c {  5.08 25 80 22 67 17253 17 368520 28687 1.7 11 7 1 4 16% 193 23888 2416 20%
c -  5.10 25 80 22 68 17321 16 370513 22820 1.7 11 7 1 4 16% 194 23888 2416 20%
c o  5.15 25 80 22 68 17658 16 375478 27354 1.7 11 7 1 4 17% 197 23888 2416 20%
c -  5.20 25 79 22 69 17865 16 378759 25767 1.7 11 7 1 4 17% 200 23888 2416 20%
c -  5.28 25 78 22 70 18296 15 387065 28438 1.7 11 7 1 4 17% 202 23888 2416 20%
c -  5.42 25 77 22 71 19230 14 395431 30839 1.7 11 7 1 4 17% 206 23888 2416 20%
c }  5.53 25 77 23 71 19923 14 400036 35123 1.7 11 7 1 4 17% 207 23888 2416 20%
c [  5.53 25 129 23 71 19923 2 400036 35123 1.9 32 17 2 13 29% 207 23888 2416 20%
c O  5.53 25 129 23 71 19923 2 400036 35123 1.9 32 17 2 13 29% 207 23888 2416 20%
c -  5.55 25 129 23 72 19925 2 403858 31804 1.9 32 17 2 13 29% 207 23888 2416 20%
c u  5.61 25 130 23 72 19929 2 409345 35491 1.9 31 17 2 13 29% 208 23888 2416 20%
c v  5.62 25 130 23 72 19929 2 409345 34025 1.9 31 17 2 13 29% 208 23888 2416 20%
c w  5.63 30 130 23 72 19929 2 409345 34012 1.9 31 17 2 13 29% 208 23888 2416 20%
c x  5.65 30 130 23 72 19929 2 409345 33997 1.9 31 17 2 13 29% 208 23844 2416 20%
c -  5.68 30 131 23 73 19929 2 412343 28183 1.9 31 17 2 12 29% 208 23844 2416 20%
c -  5.73 30 132 23 74 19935 2 420888 25559 1.8 31 17 2 12 29% 208 23844 2416 20%
c -  5.79 30 132 23 75 19937 2 429490 24921 1.8 30 16 2 12 30% 208 23844 2416 20%
c
c seconds    switched     rate          size/glue  tier1    binary        remaining
c        MB    reductions   conflicts         size   tier2     irredundant
c          level    restarts       redundant     glue    trail       variables
c
c -  5.85 30 132 23 76 19940 2 438151 24849 1.8 30 17 2 13 29% 208 23844 2416 20%
c -  5.91 30 132 23 77 19944 2 446869 25292 1.8 29 16 2 12 28% 208 23844 2416 20%
c B  5.95 30 130 23 77 19949 2 452823 30744 1.8 29 16 2 12 28% 208 23844 2416 20%
c -  5.97 30 129 23 78 19950 2 455643 27207 1.8 29 16 2 12 28% 208 23844 2416 20%
c -  6.06 30 129 23 79 19952 2 464474 27620 1.8 29 16 2 12 29% 208 23844 2416 20%
c u  6.18 30 131 23 79 19953 2 469098 30830 1.9 32 17 2 12 30% 208 23844 2416 20%
c v  6.19 30 131 23 79 19953 2 469098 30417 1.9 32 17 2 12 30% 208 23844 2416 20%
c w  6.21 31 131 23 79 19953 2 469098 30416 1.9 32 17 2 12 30% 208 23844 2416 20%
c o  6.21 31 131 23 79 19953 2 469098 30416 1.9 32 17 2 12 30% 208 23844 2416 20%
c -  6.26 31 131 23 80 19953 2 473363 24025 1.9 33 17 2 12 30% 208 23844 2416 20%
c ]  6.28 31 131 24 80 19953 2 474701 25282 1.9 33 17 2 12 30% 208 23844 2416 20%
c {  6.28 31 77 24 80 19953 14 474701 25282 1.7 11 7 1 4 17% 208 23844 2416 20%
c -  6.38 31 78 24 81 20757 14 482307 25048 1.7 11 7 1 4 17% 211 23844 2416 20%
c -  6.50 31 78 24 82 21749 14 491307 28876 1.7 12 7 1 4 17% 211 23844 2416 20%
c -  6.63 31 77 24 83 22725 14 500366 31958 1.7 12 7 1 4 17% 211 23844 2416 20%
c s  6.64 31 77 24 83 22756 14 502442 33730 1.7 12 7 1 4 17% 212 23825 2416 20%
c e  6.65 31 77 24 83 22756 14 502442 33730 1.7 12 7 1 4 17% 212 23841 2415 20%
c s  6.65 31 77 24 83 22756 14 502442 33730 1.7 12 7 1 4 17% 212 23833 2415 20%
c -  6.76 31 77 24 84 23529 14 509476 34318 1.7 12 7 1 4 17% 213 23833 2415 20%
c }  6.78 31 77 25 84 23616 14 511379 36032 1.7 12 7 1 4 17% 213 23833 2415 20%
c
c seconds    switched     rate          size/glue  tier1    binary        remaining
c        MB    reductions   conflicts         size   tier2     irredundant
c          level    restarts       redundant     glue    trail       variables
c
c [  6.78 31 131 25 84 23616 2 511379 36032 1.9 33 17 2 12 30% 213 23833 2415 20%
c W  6.78 31 131 25 84 23616 2 511379 36032 1.9 33 17 2 12 30% 213 23833 2415 20%
c -  6.85 31 131 25 85 23621 2 518641 34189 1.9 33 17 2 12 30% 213 23833 2415 20%
c -  6.92 31 130 25 86 23625 2 527861 31270 1.9 33 17 2 12 30% 213 23833 2415 20%
c u  7.01 31 130 25 86 23629 2 533366 34959 1.9 34 18 2 12 31% 213 23833 2415 20%
c v  7.03 31 130 25 86 23629 2 533366 33876 1.9 34 18 2 12 31% 213 23833 2415 20%
c w  7.05 31 130 25 86 23629 2 533366 33864 1.9 34 18 2 12 31% 213 23833 2415 20%
c x  7.06 31 130 25 86 23629 2 533366 33841 1.9 34 18 2 12 31% 213 23778 2415 20%
c -  7.11 31 130 25 87 23630 2 537134 27602 1.9 35 18 2 13 32% 213 23778 2415 20%
c -  7.21 31 130 25 88 23632 2 546461 26940 1.9 36 18 2 13 32% 213 23778 2415 20%
c -  7.31 31 131 25 89 23637 2 555842 27400 1.9 36 19 2 13 33% 213 23778 2415 20%
c -  7.40 31 131 25 90 23643 2 565275 28552 1.9 36 19 2 13 33% 213 23778 2415 20%
c o  7.46 31 132 25 90 23645 2 570537 33645 2.0 37 19 2 13 34% 213 23778 2415 20%
c I  7.50 31 132 25 90 23645 2 573930 36928 2.0 37 19 2 13 34% 213 23778 2415 20%
c -  7.51 31 132 25 91 23645 2 574764 29998 2.0 37 19 2 13 34% 213 23778 2415 20%
c ]  7.53 31 131 26 91 23645 2 577739 32843 2.0 37 19 2 13 34% 213 23778 2415 20%
c {  7.53 31 77 26 91 23645 14 577739 32843 1.7 12 7 1 4 17% 213 23778 2415 20%
c -  7.63 31 78 26 92 24300 14 584304 32019 1.7 12 7 1 4 17% 213 23778 2415 20%
c -  7.73 31 77 26 93 24868 13 593895 34681 1.8 12 7 1 4 17% 214 23778 2415 20%
c u  7.87 31 76 26 93 25652 13 602220 40626 1.8 12 7 1 4 17% 214 23778 2415 20%
c
c seconds   switched      rate          size/glue tier1   binary        remaining
c        MB   reductions    conflicts         size  tier2    irredundant
c         level    restarts        redundant    glue   trail       variables
c
c v  7.89 31 76 26 93 25652 13 602220 39267 1.8 12 7 1 4 17% 214 23778 2415 20%
c w  7.90 31 76 26 93 25652 13 602220 39174 1.8 12 7 1 4 17% 214 23778 2415 20%
c x  7.91 31 76 26 93 25652 13 602220 39167 1.8 12 7 1 4 17% 214 23760 2415 20%
c -  7.95 31 76 26 94 25855 13 603538 34386 1.8 12 7 1 4 17% 214 23760 2415 20%
c -  8.13 35 77 26 95 27376 14 613233 36563 1.7 12 7 1 4 17% 215 23760 2415 20%
c }  8.26 35 76 27 95 28276 14 619957 42674 1.7 12 7 1 4 17% 215 23760 2415 20%
c [  8.26 35 131 27 95 28276 2 619957 42674 2.0 37 19 2 13 34% 215 23760 2415 20%
c -  8.28 35 129 27 96 28278 2 622981 37926 2.0 36 19 2 13 33% 216 23760 2415 20%
c -  8.38 35 130 27 97 28283 2 632779 36981 2.0 37 19 2 13 34% 216 23760 2415 20%
c B  8.48 35 131 27 97 28289 2 641613 45301 2.0 37 19 2 13 34% 216 23760 2415 20%
c -  8.49 35 131 27 98 28289 2 642627 33397 2.0 37 19 2 13 34% 216 23760 2415 20%
c -  8.60 35 130 27 99 28290 2 652526 31589 1.9 38 20 2 13 33% 216 23760 2415 20%
c -  8.70 35 131 27 100 28297 2 662476 31048 1.9 38 20 2 13 34% 216 23760 2415 20%
c s  8.72 35 131 27 100 28297 2 664277 32745 1.9 38 20 2 13 33% 216 23753 2415 20%
c e  8.72 35 131 27 100 28297 2 664277 32745 1.9 38 20 2 13 33% 215 23782 2413 20%
c s  8.72 35 131 27 100 28297 2 664277 32745 1.9 38 20 2 13 33% 215 23778 2413 20%
c -  8.80 35 131 27 101 28302 2 672477 32247 1.9 38 20 2 13 33% 215 23778 2413 20%
c u  8.86 35 132 27 101 28304 2 675703 32436 1.9 38 20 2 13 34% 215 23778 2413 20%
c v  8.89 35 132 27 101 28304 2 675703 29938 1.9 38 20 2 13 34% 215 23778 2413 20%
c w  8.90 36 132 27 101 28304 2 675703 29921 1.9 38 20 2 13 34% 215 23778 2413 20%
c
c seconds    switched      rate          size/glue  tier1    binary        remaining
c        MB    reductions    conflicts         size   tier2     irredundant
c          level     restarts       redundant     glue    trail       variables
c
c -  9.10 36 133 27 102 28305 2 682526 28522 1.9 38 20 2 13 34% 215 23778 2413 20%
c o  9.17 36 135 27 102 28306 2 687274 33057 1.9 39 20 2 13 35% 215 23778 2413 20%
c -  9.25 36 136 27 103 28306 2 692626 28710 1.9 41 21 2 13 36% 215 23778 2413 20%
c ]  9.35 36 136 28 103 28306 2 697717 33645 1.9 43 22 2 13 37% 215 23778 2413 20%
c {  9.35 36 76 28 103 28306 14 697717 33645 1.7 12 7 1 4 17% 215 23778 2413 20%
c -  9.42 36 77 28 104 28782 14 702774 29875 1.7 12 7 1 4 17% 215 23778 2413 20%
c -  9.54 36 76 28 105 29509 13 712973 34156 1.8 12 7 1 4 17% 217 23778 2413 20%
c -  9.70 36 76 28 106 30624 13 723219 37830 1.8 12 7 1 4 17% 218 23778 2413 20%
c -  9.86 36 76 28 107 31659 13 733515 40443 1.8 13 7 1 4 17% 218 23778 2413 20%
c - 10.07 36 77 28 108 33128 14 743859 42376 1.7 13 7 1 4 17% 218 23778 2413 20%
c } 10.12 36 77 29 108 33456 14 745856 44216 1.7 13 7 1 4 17% 218 23778 2413 20%
c [ 10.12 36 136 29 108 33456 2 745856 44216 1.9 43 22 2 13 37% 218 23778 2413 20%
c W 10.13 36 136 29 108 33456 2 745856 44216 1.9 43 22 2 13 37% 218 23778 2413 20%
c u 10.28 36 139 29 108 33461 2 753857 50594 1.9 45 23 2 13 38% 219 23778 2413 20%
c v 10.30 36 139 29 108 33461 2 753857 49388 1.9 45 23 2 13 38% 219 23778 2413 20%
c w 10.33 37 139 29 108 33461 2 753857 49381 1.9 45 23 2 13 38% 219 23778 2413 20%
c x 10.35 37 139 29 108 33461 2 753857 49376 1.9 45 23 2 13 38% 219 23751 2413 20%
c - 10.37 37 139 29 109 33462 2 754251 38972 1.9 45 23 2 13 38% 219 23751 2413 20%
c - 10.49 37 140 29 110 33467 2 764691 35318 1.9 46 23 2 13 38% 219 23751 2413 20%
c - 10.58 37 140 29 111 33470 2 775179 34426 2.0 44 23 2 13 38% 219 23751 2413 20%
c
c seconds    switched      rate          size/glue  tier1    binary        remaining
c        MB    reductions    conflicts         size   tier2     irredundant
c          level     restarts       redundant     glue    trail       variables
c
c - 10.71 37 140 29 112 33475 2 785715 34490 2.0 44 23 2 13 38% 219 23751 2413 20%
c - 10.82 37 140 29 113 33480 2 796298 35024 2.0 44 22 2 13 38% 219 23751 2413 20%
c - 10.93 37 141 29 114 33485 2 806928 35244 2.0 43 22 2 13 38% 219 23751 2413 20%
c o 11.02 37 142 29 114 33486 2 813650 41737 2.0 44 22 2 13 37% 220 23751 2413 20%
c - 11.10 38 142 29 115 33486 2 817607 34623 2.0 45 23 2 13 38% 220 23751 2413 20%
c O 11.20 38 142 29 115 33486 2 824284 41125 2.0 47 24 2 13 39% 220 23751 2413 20%
c - 11.26 38 142 29 116 33486 2 828330 34167 2.0 47 24 2 13 39% 220 23751 2413 20%
c ] 11.27 38 142 30 116 33486 2 828849 34671 2.0 47 24 2 13 39% 220 23751 2413 20%
c { 11.27 38 77 30 116 33486 14 828849 34671 1.7 13 7 1 4 17% 220 23751 2413 20%
c u 11.41 38 76 30 116 34232 14 836749 40238 1.8 13 7 1 4 17% 220 23751 2413 20%
c v 11.43 38 76 30 116 34232 14 836749 38716 1.8 13 7 1 4 17% 220 23751 2413 20%
c w 11.45 38 76 30 116 34232 14 836749 38643 1.8 13 7 1 4 17% 220 23751 2413 20%
c - 11.49 38 76 30 117 34459 14 839101 34611 1.8 13 7 1 4 17% 220 23751 2413 20%
c - 11.65 38 76 30 118 35460 13 849919 38985 1.8 13 7 1 4 17% 220 23751 2413 20%
c s 11.72 38 76 30 118 35857 13 853781 42515 1.8 13 7 1 4 17% 220 23750 2413 20%
c e 11.72 38 76 30 118 35857 13 853781 42515 1.8 13 7 1 4 17% 217 23784 2411 20%
c s 11.72 38 76 30 118 35857 13 853781 42515 1.8 13 7 1 4 17% 217 23773 2411 20%
c - 11.84 38 76 30 119 36463 13 860782 42192 1.8 13 7 1 4 17% 217 23773 2411 20%
c - 12.04 38 76 30 120 37716 13 871691 44802 1.8 13 7 1 4 17% 217 23773 2411 20%
c - 12.25 38 76 30 121 39075 13 882645 46581 1.8 13 7 1 4 17% 217 23773 2411 20%
c
c seconds   switched       rate          size/glue tier1   binary        remaining
c        MB   reductions     conflicts         size  tier2    irredundant
c         level     restarts        redundant    glue   trail       variables
c
c } 12.26 38 76 31 121 39158 13 883284 47183 1.8 13 7 1 4 17% 217 23773 2411 20%
c [ 12.26 38 142 31 121 39158 2 883284 47183 2.0 47 24 2 13 39% 217 23773 2411 20%
c - 12.41 38 144 31 122 39164 2 893646 45062 2.0 48 24 2 13 40% 217 23773 2411 20%
c - 12.54 38 142 31 123 39171 2 904692 40622 2.0 48 24 2 13 40% 217 23773 2411 20%
c B 12.60 38 143 31 123 39171 2 908321 44130 2.0 48 24 2 13 41% 218 23773 2411 20%
c - 12.68 38 143 31 124 39172 2 915783 39540 2.0 48 24 2 13 41% 219 23773 2411 20%
c u 12.87 38 145 31 124 39178 2 924426 44237 2.0 49 24 2 13 41% 222 23773 2411 20%
c v 12.90 38 145 31 124 39178 2 924426 41452 2.0 49 24 2 13 41% 222 23773 2411 20%
c w 12.94 38 145 31 124 39178 2 924426 41449 2.0 49 24 2 13 41% 222 23773 2411 20%
c t 12.94 38 145 31 124 39178 2 924426 41449 2.0 49 24 2 13 41% 218 23773 2411 20%
c - 12.98 38 145 31 125 39179 2 926918 33476 2.0 49 24 2 13 42% 218 23773 2411 20%
c - 13.10 38 146 31 126 39186 2 938100 34165 2.0 48 24 2 13 41% 218 23773 2411 20%
c - 13.27 38 147 31 127 39187 2 949326 34404 2.0 49 24 2 13 42% 218 23773 2411 20%
c o 13.29 38 147 31 127 39188 2 950124 35188 2.0 49 24 2 13 42% 218 23773 2411 20%
c - 13.44 38 146 31 128 39188 2 960596 33574 2.0 50 25 2 13 44% 218 23773 2411 20%
c - 13.67 38 145 31 129 39193 2 971909 33119 2.1 53 26 2 13 45% 218 23773 2411 20%
c ] 13.67 38 145 32 129 39193 2 972147 33343 2.1 53 26 2 13 45% 218 23773 2411 20%
c { 13.67 38 76 32 129 39193 13 972147 33343 1.8 13 7 1 4 17% 218 23773 2411 20%
c - 13.83 38 77 32 130 40162 13 983266 37955 1.8 13 8 1 4 17% 219 23773 2411 20%
c - 14.00 38 77 32 131 41070 13 994667 42649 1.8 13 8 1 4 17% 219 23773 2411 20%
c
c seconds   switched       rate           size/glue tier1   binary        remaining
c        MB   reductions      conflicts         size  tier2    irredundant
c         level     restarts         redundant    glue   trail       variables
c
c } 14.09 38 77 32 131 41544 13 1000000 47625 1.8 13 8 1 4 17% 221 23773 2411 20%
c ? 14.09 38 77 32 131 41544 13 1000000 47625 1.8 13 8 1 4 17% 221 23773 2411 20%
c
c ---- [ result ] ------------------------------------------------------------
c
s UNKNOWN
c
c ---- [ profiling ] ---------------------------------------------------------
c
c          12.17   86.39 %  search
c           6.83   48.49 %  stable
c           5.34   37.90 %  focused
c           1.87   13.29 %  simplify
c           1.73   12.25 %  probe
c           1.01    7.16 %  vivify
c           0.47    3.31 %  sweep
c           0.24    1.70 %  reduce
c           0.15    1.09 %  eliminate
c           0.09    0.64 %  factor
c           0.08    0.57 %  substitute
c           0.06    0.45 %  congruence
c           0.04    0.28 %  preprocess
c           0.03    0.22 %  walking
c           0.02    0.15 %  subsume
c           0.01    0.08 %  transitive
c           0.00    0.03 %  backbone
c           0.00    0.03 %  parse
c           0.00    0.01 %  lucky
c =============================================
c          14.09  100.00 %  total
c
c ---- [ statistics ] --------------------------------------------------------
c
c chronological:                         1246                0 %  conflicts
c conflicts:                          1000000            70964.26 per second
c congruent:                             1669               14 %  variables
c decisions:                          5973200                5.97 per conflict
c eliminated:                            7053               57 %  variables
c factored:                               251                2 %  variables
c iterations:                               1                0 %  variables
c propagations:                      80562560          5717063    per second
c reductions:                             131             7634    interval
c reordered:                               14            71429    interval
c rephased:                                25            40000    interval
c restarts:                             41544               24    interval
c strengthened:                          2405                0 %  checks
c substituted:                           2115               17 %  variables
c subsumed:                              5345                0 %  checks
c switched:                                32            31250    interval
c vivified:                             89976               21 %  checks
c walks:                                    8           125000    interval
c
c ---- [ glue usage ] --------------------------------------------------------
c
c focused glue 1 used 1242435 clauses 66.02% accumulated 66.02% tier1
c focused glue 2 used  289089 clauses 15.36% accumulated 81.39%
c focused glue 3 used  116221 clauses  6.18% accumulated 87.56%
c focused glue 4 used   73675 clauses  3.92% accumulated 91.48% tier2
c
c stable glue 2    used 800379 clauses 16.25% accumulated 60.97% tier1
c stable glue 3    used 366153 clauses  7.43% accumulated 68.40%
c stable glue 4-11 used 979919 clauses 19.89% accumulated 88.29%
c stable glue 12   used  53320 clauses  1.08% accumulated 89.37%
c stable glue 13   used  43676 clauses  0.89% accumulated 90.26% tier2
c
c ---- [ resources ] ---------------------------------------------------------
c
c maximum-resident-set-size:      41037070336 bytes      39136 MB
c process-time:                            14s              14.09 seconds
c
c ---- [ shutting down ] -----------------------------------------------------
c
c exit 0
