c ---- [ banner ] ------------------------------------------------------------
c
c Kissat SAT Solver
c 
c Copyright (c) 2021-2024 Armin Biere University of Freiburg
c Copyright (c) 2019-2021 Armin Biere Johannes Kepler University Linz
c 
c Version 4.0.4 unknown
c Apple clang version 17.0.0 (clang-1700.3.19.1) -W -Wall -O3 -DNDEBUG
c Thu Oct 16 20:09:41 UTC 2025 Darwin Tahoe-arm64.local 25.0.0 arm64
c
c ---- [ parsing ] -----------------------------------------------------------
c
c opened and reading DIMACS file:
c
c   /tmp/sr59_cnfs/aux_force_sr59_n32_bit10_m3304caa0_fill80000000.cnf
c
c parsed 'p cnf 12252 51168' header
c closing input after reading 928019 bytes (906 KB)
c finished parsing after 0.00 seconds
c
c ---- [ options ] -----------------------------------------------------------
c
c --seed=5                         (different from default '0')
c
c ---- [ limits ] ------------------------------------------------------------
c
c conflict limit set to 1000000 conflicts
c
c ---- [ solving ] -----------------------------------------------------------
c
c seconds switched rate     size/glue tier1  binary         remaining
c        MB reductions conflicts size  tier2    irredundant
c         level restarts redundant glue  trail         variables
c
c *  0.00  8 0 0 0  0 0   0   0 0.0 0 0 0 0 0% 2646 48009 11771 96%
c (  0.00  9 0 0 0  0 0   0   0 0.0 0 0 0 0 0% 2646 48009 11771 96%
c .  0.01  9 0 0 0  0 0   0   0 0.0 0 0 0 0 0% 3542 46089 11771 96%
c c  0.02 14 0 0 0  0 0   0   0 0.0 0 0 0 0 0% 5326 40215 9968 81%
c d  0.02 14 0 0 0  0 0   0   0 0.0 0 0 0 0 0% 2646 40215 9968 81%
c =  0.03 14 0 0 0  0 0   0   0 0.0 0 0 0 0 0% 2508 40215 9967 81%
c d  0.03 14 0 0 0  0 0   0   0 0.0 0 0 0 0 0% 2506 40215 9967 81%
c f  0.04 14 0 0 0  0 0   0   0 0.0 0 0 0 0 0% 2843 39638 10147 83%
c )  0.04 14 0 0 0  0 0   0   0 0.0 0 0 0 0 0% 2843 39638 10147 83%
c {  0.04 14 0 0 0  0 0   0   0 0.0 0 0 2 6 0% 2843 39638 10147 83%
c -  0.05 14 259 0 1 182 54 1001 766 1.5 4 3 2 4 11% 2924 39638 10147 83%
c }  0.05 14 259 1 1 182 54 1001 766 1.5 4 3 2 4 11% 2924 39638 10147 83%
c [  0.05 14 0 1 1 182 0 1001 766 0.0 0 0 2 6 0% 2924 39638 10147 83%
c B  0.05 14 0 1 1 182 0 1001 766 0.0 0 0 2 6 0% 2924 39638 10147 83%
c -  0.05 14 443 1 2 182 3 2004 1396 1.4 12 9 2 9 7% 2939 39638 10147 83%
c W  0.06 14 443 1 2 182 3 2004 1396 1.4 12 9 2 9 7% 2939 39638 10147 83%
c c  0.07 14 434 1 2 183 6 2566 1864 1.5 12 8 2 9 11% 2977 39520 10118 83%
c d  0.07 14 434 1 2 183 6 2566 1813 1.5 12 8 2 9 11% 2914 39520 10115 83%
c u  0.07 14 434 1 2 183 6 2566 1438 1.5 12 8 2 9 11% 2921 39520 10115 83%
c v  0.07 14 434 1 2 183 6 2566 1339 1.5 12 8 2 9 11% 2923 39520 10115 83%
c
c seconds   switched  rate       size/glue tier1    binary         remaining
c        MB  reductions conflicts      size  tier2     irredundant
c          level restarts   redundant    glue   trail         variables
c
c w  0.07 14 434 1 2 183 6 2566 1151 1.5 12 8 2 9 11% 2923 39520 10115 83%
c x  0.08 14 434 1 2 183 6 2566 1151 1.5 12 8 2 9 11% 2923 39424 10115 83%
c d  0.08 14 434 1 2 183 6 2566 1149 1.5 12 8 2 9 11% 2919 39424 10113 83%
c c  0.09 14 434 1 2 183 6 2566 1149 1.5 12 8 2 9 11% 2929 39400 10107 82%
c d  0.09 14 434 1 2 183 6 2566 1143 1.5 12 8 2 9 11% 2917 39400 10107 82%
c u  0.09 14 434 1 2 183 6 2566 1094 1.5 12 8 2 9 11% 2918 39400 10107 82%
c v  0.09 14 434 1 2 183 6 2566 1073 1.5 12 8 2 9 11% 2918 39400 10107 82%
c w  0.09 14 434 1 2 183 6 2566 1001 1.5 12 8 2 9 11% 2918 39400 10107 82%
c ]  0.11 14 391 2 2 183 7 3113 1460 1.5 11 8 2 9 13% 2943 39400 10107 82%
c {  0.11 14 259 2 2 183 54 3113 1460 1.5 4 3 2 4 11% 2943 39400 10107 82%
c -  0.12 14 224 2 3 282 51 3427 1555 1.5 4 3 2 4 10% 2968 39400 10107 82%
c }  0.13 14 172 3 3 516 44 4113 2107 1.5 5 3 2 4 10% 3031 39398 10107 82%
c [  0.13 14 391 3 3 516 7 4113 2107 1.5 11 8 2 9 13% 3031 39398 10107 82%
c I  0.13 14 378 3 3 516 7 4264 2248 1.6 12 8 2 9 15% 3036 39398 10107 82%
c ]  0.14 14 320 4 3 516 6 5088 3040 1.7 21 12 2 13 18% 3054 39398 10107 82%
c {  0.14 14 172 4 3 516 44 5088 3040 1.5 5 3 2 4 10% 3054 39398 10107 82%
c -  0.15 14 171 4 4 545 45 5160 2688 1.5 5 3 2 4 10% 3065 39395 10107 82%
c -  0.18 14 135 4 5 1111 40 7160 3810 1.6 6 4 2 4 12% 3228 39378 10107 82%
c }  0.19 14 134 5 5 1154 39 7440 4047 1.6 6 4 2 4 12% 3249 39376 10107 82%
c [  0.19 14 320 5 5 1154 6 7440 4047 1.7 21 12 2 13 18% 3249 39376 10107 82%
c
c seconds   switched   rate       size/glue  tier1     binary         remaining
c        MB  reductions conflicts       size   tier2      irredundant
c          level  restarts   redundant     glue    trail         variables
c
c d  0.19 14 300 5 5 1154 6 7898 4363 1.8 20 11 2 13 18% 3159 39376 10056 82%
c u  0.19 14 300 5 5 1154 6 7898 3620 1.8 20 11 2 13 18% 3168 39376 10056 82%
c v  0.20 14 300 5 5 1154 6 7898 3340 1.8 20 11 2 13 18% 3172 39376 10056 82%
c w  0.20 14 300 5 5 1154 6 7898 3191 1.8 20 11 2 13 18% 3172 39376 10056 82%
c x  0.20 14 300 5 5 1154 6 7898 3191 1.8 20 11 2 13 18% 3211 39255 10056 82%
c d  0.20 14 300 5 5 1154 6 7898 3182 1.8 20 11 2 13 18% 3203 39255 10052 82%
c t  0.20 14 300 5 5 1154 6 7898 3182 1.8 20 11 2 13 18% 3180 39255 10052 82%
c f  0.21 14 300 5 5 1154 6 7898 3182 1.8 20 11 2 13 18% 3197 39205 10061 82%
c c  0.21 14 300 5 5 1154 6 7898 3147 1.8 20 11 2 13 18% 3245 39073 10033 82%
c d  0.22 14 300 5 5 1154 6 7898 3147 1.8 20 11 2 13 18% 3189 39073 10033 82%
c u  0.22 14 300 5 5 1154 6 7898 3053 1.8 20 11 2 13 18% 3192 39073 10033 82%
c v  0.22 14 300 5 5 1154 6 7898 2981 1.8 20 11 2 13 18% 3192 39073 10033 82%
c w  0.22 14 300 5 5 1154 6 7898 2795 1.8 20 11 2 13 18% 3192 39073 10033 82%
c x  0.23 14 300 5 5 1154 6 7898 2795 1.8 20 11 2 13 18% 3251 38658 10033 82%
c t  0.23 14 300 5 5 1154 6 7898 2795 1.8 20 11 2 13 18% 3236 38658 10033 82%
c B  0.23 14 296 5 5 1154 6 8036 2911 1.8 20 11 2 13 19% 3241 38658 10033 82%
c -  0.24 14 254 5 6 1155 6 9396 3646 1.8 17 10 2 11 19% 3279 38658 10033 82%
c -  0.27 15 229 5 7 1156 5 11845 5045 1.8 19 11 2 12 21% 3316 38658 10033 82%
c o  0.27 15 229 5 7 1157 5 11903 5102 1.8 19 11 2 12 21% 3317 38658 10033 82%
c s  0.28 15 219 5 7 1157 5 12812 5912 1.9 20 11 2 12 25% 3324 38632 10033 82%
c
c seconds   switched   rate        size/glue  tier1     binary        remaining
c        MB  reductions  conflicts       size   tier2      irredundant
c          level  restarts    redundant     glue    trail        variables
c
c e  0.30 17 219 5 7 1157 5 12812 5912 1.9 20 11 2 12 25% 1745 27720 5066 41%
c s  0.30 17 219 5 7 1157 5 12812 5912 1.9 20 11 2 12 25% 1751 27527 5066 41%
c e  0.31 17 219 5 7 1157 5 12812 5912 1.9 20 11 2 12 25% 1700 27502 5029 41%
c ^  0.31 17 219 5 7 1157 5 12812 5912 1.9 20 11 2 12 25% 1700 27502 5029 41%
c W  0.31 17 216 5 7 1158 5 13567 4007 1.8 19 10 2 12 25% 1717 27502 5029 41%
c -  0.32 18 211 5 8 1159 5 14491 4223 1.8 18 10 2 11 25% 1730 27502 5029 41%
c ]  0.32 18 211 6 8 1159 5 14521 4249 1.8 18 10 2 11 25% 1731 27502 5029 41%
c {  0.32 18 134 6 8 1159 39 14521 4249 1.6 6 4 2 4 12% 1731 27502 5029 41%
c c  0.34 18 124 6 8 1295 32 16181 5620 1.6 6 4 2 4 13% 1834 27466 5019 41%
c d  0.34 18 124 6 8 1295 32 16181 5584 1.6 6 4 2 4 13% 1809 27466 5016 41%
c u  0.34 18 124 6 8 1295 32 16181 4825 1.6 6 4 2 4 13% 1824 27466 5016 41%
c v  0.35 18 124 6 8 1295 32 16181 4423 1.6 6 4 2 4 13% 1826 27466 5016 41%
c w  0.35 18 124 6 8 1295 32 16181 4355 1.6 6 4 2 4 13% 1826 27466 5016 41%
c x  0.35 18 124 6 8 1295 32 16181 4353 1.6 6 4 2 4 13% 1836 27359 5016 41%
c =  0.36 18 124 6 8 1295 32 16181 4353 1.6 6 4 2 4 13% 1888 27359 4990 41%
c d  0.37 18 124 6 8 1295 32 16181 4226 1.6 6 4 2 4 13% 1818 27359 4988 41%
c t  0.37 18 124 6 8 1295 32 16181 4226 1.6 6 4 2 4 13% 1812 27359 4988 41%
c f  0.37 18 124 6 8 1295 32 16181 4226 1.6 6 4 2 4 13% 1828 27322 4997 41%
c c  0.38 18 124 6 8 1295 32 16181 4220 1.6 6 4 2 4 13% 1821 27318 4992 41%
c d  0.38 18 124 6 8 1295 32 16181 4220 1.6 6 4 2 4 13% 1819 27318 4992 41%
c
c seconds   switched    rate        size/glue tier1   binary        remaining
c        MB  reductions   conflicts      size  tier2     irredundant
c          level  restarts     redundant   glue   trail        variables
c
c u  0.38 18 124 6 8 1295 32 16181 3973 1.6 6 4 2 4 13% 1825 27318 4992 41%
c v  0.38 18 124 6 8 1295 32 16181 3852 1.6 6 4 2 4 13% 1826 27318 4992 41%
c w  0.38 18 124 6 8 1295 32 16181 3729 1.6 6 4 2 4 13% 1826 27318 4992 41%
c x  0.39 18 124 6 8 1295 32 16181 3729 1.6 6 4 2 4 13% 1826 27238 4992 41%
c d  0.39 18 124 6 8 1295 32 16181 3728 1.6 6 4 2 4 13% 1824 27238 4991 41%
c t  0.39 18 124 6 8 1295 32 16181 3728 1.6 6 4 2 4 13% 1823 27238 4991 41%
c f  0.39 18 124 6 8 1295 32 16181 3728 1.6 6 4 2 4 13% 1835 27206 4997 41%
c -  0.40 18 120 6 9 1421 30 17319 4350 1.6 6 4 2 4 13% 1889 27203 4997 41%
c }  0.42 18 113 7 9 1712 29 18590 5471 1.6 6 4 2 4 13% 1931 27203 4997 41%
c [  0.42 18 211 7 9 1712 5 18590 5471 1.8 18 10 2 11 25% 1931 27203 4997 41%
c -  0.43 18 201 7 10 1713 5 20319 6233 1.8 18 10 2 11 24% 1941 27203 4997 41%
c O  0.43 18 198 7 10 1714 5 21095 6952 1.8 18 10 2 11 25% 1945 27203 4997 41%
c o  0.46 18 191 7 10 1715 4 22921 8693 2.0 23 12 2 11 27% 1949 27203 4997 41%
c -  0.46 18 189 7 11 1715 4 23481 7785 2.0 23 12 2 12 28% 1949 27203 4997 41%
c ]  0.47 18 186 8 11 1716 4 24818 9043 2.0 24 12 2 12 30% 1954 27203 4997 41%
c {  0.47 18 113 8 11 1716 29 24818 9043 1.6 6 4 2 4 13% 1954 27203 4997 41%
c s  0.49 18 110 8 11 2024 29 25954 10019 1.6 7 4 2 4 13% 1985 26945 4997 41%
c e  0.50 18 110 8 11 2024 29 25954 10019 1.6 7 4 2 4 13% 1540 27525 4712 38%
c 2  0.50 18 110 8 11 2024 29 25954 10019 1.6 7 4 2 4 13% 1536 27525 4712 38%
c s  0.50 18 110 8 11 2024 29 25954 10019 1.6 7 4 2 4 13% 1570 27277 4712 38%
c
c seconds   switched     rate         size/glue tier1   binary        remaining
c        MB   reductions   conflicts       size  tier2     irredundant
c          level   restarts      redundant   glue   trail        variables
c
c e  0.50 18 110 8 11 2024 29 25954 10019 1.6 7 4 2 4 13% 1566 27279 4708 38%
c ^  0.50 18 110 8 11 2024 29 25954 10019 1.6 7 4 2 4 13% 1566 27279 4708 38%
c -  0.52 18 109 8 12 2248 29 26797 6274 1.6 7 4 2 4 13% 1571 27279 4708 38%
c d  0.53 18 107 8 12 2380 28 27884 7215 1.6 7 4 2 4 14% 1580 27274 4701 38%
c u  0.53 18 107 8 12 2380 28 27884 6492 1.6 7 4 2 4 14% 1587 27274 4701 38%
c v  0.53 18 107 8 12 2380 28 27884 6029 1.6 7 4 2 4 14% 1587 27274 4701 38%
c w  0.53 18 107 8 12 2380 28 27884 5976 1.6 7 4 2 4 14% 1587 27274 4701 38%
c x  0.54 18 107 8 12 2380 28 27884 5975 1.6 7 4 2 4 14% 1588 27193 4701 38%
c =  0.56 18 107 8 12 2380 28 27884 5975 1.6 7 4 2 4 14% 1942 27193 4524 37%
c d  0.56 18 107 8 12 2380 28 27884 5931 1.6 7 4 2 4 14% 1582 27193 4524 37%
c t  0.56 18 107 8 12 2380 28 27884 5931 1.6 7 4 2 4 14% 1575 27193 4524 37%
c f  0.56 18 107 8 12 2380 28 27884 5931 1.6 7 4 2 4 14% 1639 27013 4556 37%
c c  0.57 18 107 8 12 2380 28 27884 5918 1.6 7 4 2 4 14% 1642 27001 4554 37%
c d  0.57 18 107 8 12 2380 28 27884 5918 1.6 7 4 2 4 14% 1638 27001 4554 37%
c u  0.57 18 107 8 12 2380 28 27884 5577 1.6 7 4 2 4 14% 1641 27001 4554 37%
c v  0.57 18 107 8 12 2380 28 27884 5375 1.6 7 4 2 4 14% 1642 27001 4554 37%
c w  0.58 18 107 8 12 2380 28 27884 5309 1.6 7 4 2 4 14% 1642 27001 4554 37%
c x  0.58 18 107 8 12 2380 28 27884 5308 1.6 7 4 2 4 14% 1645 26119 4554 37%
c =  0.60 18 107 8 12 2380 28 27884 5308 1.6 7 4 2 4 14% 1693 26119 4530 37%
c d  0.60 18 107 8 12 2380 28 27884 5308 1.6 7 4 2 4 14% 1645 26119 4530 37%
c
c seconds   switched     rate        size/glue tier1   binary        remaining
c        MB   reductions   conflicts      size  tier2     irredundant
c          level   restarts     redundant   glue   trail        variables
c
c t  0.60 18 107 8 12 2380 28 27884 5308 1.6 7 4 2 4 14% 1641 26119 4530 37%
c -  0.63 18 104 8 13 2911 28 30262 6933 1.6 7 5 2 4 14% 1660 26119 4530 37%
c }  0.64 18 103 9 13 3065 28 30978 7576 1.6 7 5 2 4 14% 1666 26119 4530 37%
c [  0.64 18 186 9 13 3065 4 30978 7576 2.0 24 12 2 12 30% 1666 26119 4530 37%
c B  0.64 18 186 9 13 3065 4 30978 7576 2.0 24 12 2 12 30% 1666 26119 4530 37%
c -  0.66 18 173 9 14 3067 4 33868 8986 2.0 24 12 2 11 28% 1681 26119 4530 37%
c -  0.70 18 164 9 15 3070 3 37609 10267 2.0 26 13 2 10 27% 1684 26119 4530 37%
c -  0.75 20 168 9 16 3071 3 41481 10728 2.0 32 16 2 11 28% 1685 26119 4530 37%
c ]  0.76 20 168 10 16 3071 3 42155 11386 2.0 33 16 2 11 28% 1686 26119 4530 37%
c {  0.76 20 103 10 16 3071 28 42155 11386 1.6 7 5 2 4 14% 1686 26119 4530 37%
c o  0.77 20 103 10 16 3246 28 42933 12082 1.6 8 5 2 4 14% 1693 26119 4530 37%
c u  0.78 20 103 10 16 3268 28 43009 11662 1.6 8 5 2 4 14% 1698 26119 4530 37%
c v  0.78 20 103 10 16 3268 28 43009 11534 1.6 8 5 2 4 14% 1698 26119 4530 37%
c w  0.79 20 103 10 16 3268 28 43009 11479 1.6 8 5 2 4 14% 1698 26119 4530 37%
c x  0.79 20 103 10 16 3268 28 43009 11477 1.6 8 5 2 4 14% 1702 25909 4530 37%
c =  0.81 20 103 10 16 3268 28 43009 11477 1.6 8 5 2 4 14% 1810 25909 4476 37%
c d  0.81 20 103 10 16 3268 28 43009 11201 1.6 8 5 2 4 14% 1687 25907 4475 37%
c t  0.81 20 103 10 16 3268 28 43009 11201 1.6 8 5 2 4 14% 1680 25907 4475 37%
c u  0.82 20 103 10 16 3268 28 43009 10895 1.6 8 5 2 4 14% 1681 25907 4475 37%
c v  0.83 20 103 10 16 3268 28 43009 10744 1.6 8 5 2 4 14% 1681 25907 4475 37%
c
c seconds    switched     rate         size/glue tier1   binary        remaining
c        MB    reductions   conflicts       size  tier2     irredundant
c          level    restarts      redundant   glue   trail        variables
c
c w  0.83 20 103 10 16 3268 28 43009 10734 1.6 8 5 2 4 14% 1681 25907 4475 37%
c x  0.83 20 103 10 16 3268 28 43009 10732 1.6 8 5 2 4 14% 1682 25526 4475 37%
c =  0.86 20 103 10 16 3268 28 43009 10732 1.6 8 5 2 4 14% 1900 25526 4366 36%
c d  0.86 20 103 10 16 3268 28 43009 10728 1.6 8 5 2 4 14% 1674 25526 4366 36%
c -  0.90 20 102 10 17 3872 28 45482 10133 1.6 8 5 1 4 15% 1684 25526 4366 36%
c -  0.97 20 100 10 18 4715 27 49605 12123 1.6 8 5 1 4 15% 1701 25526 4366 36%
c }  0.98 20 98 11 18 4817 27 50783 13193 1.6 9 5 1 4 15% 1705 25526 4366 36%
c [  0.98 20 168 11 18 4817 3 50783 13193 2.0 33 16 2 11 28% 1705 25526 4366 36%
c W  0.98 20 168 11 18 4817 3 50783 13193 2.0 33 16 2 11 28% 1705 25526 4366 36%
c -  1.04 20 171 11 19 4819 3 53847 12944 2.0 39 20 2 11 30% 1709 25526 4366 36%
c s  1.06 20 171 11 19 4819 3 54475 13565 2.0 40 20 2 11 31% 1709 23863 4366 36%
c e  1.07 20 171 11 19 4819 3 54475 13565 2.0 40 20 2 11 31% 1312 24362 4137 34%
c s  1.07 20 171 11 19 4819 3 54475 13565 2.0 40 20 2 11 31% 1319 24272 4137 34%
c e  1.07 20 171 11 19 4819 3 54475 13565 2.0 40 20 2 11 31% 1307 24296 4131 34%
c ^  1.07 20 171 11 19 4819 3 54475 13565 2.0 40 20 2 11 31% 1307 24296 4131 34%
c -  1.11 20 169 11 20 4822 3 58208 10729 2.0 40 21 2 12 30% 1310 24296 4131 34%
c u  1.14 20 165 11 20 4823 3 61648 12847 2.0 39 20 2 12 30% 1316 24296 4131 34%
c v  1.15 20 165 11 20 4823 3 61648 12246 2.0 39 20 2 12 30% 1316 24296 4131 34%
c w  1.16 20 165 11 20 4823 3 61648 12240 2.0 39 20 2 12 30% 1316 24296 4131 34%
c x  1.16 20 165 11 20 4823 3 61648 12232 2.0 39 20 2 12 30% 1319 24155 4131 34%
c
c seconds    switched    rate         size/glue  tier1     binary        remaining
c        MB    reductions  conflicts        size   tier2      irredundant
c          level    restarts     redundant     glue    trail        variables
c
c =  1.20 21 165 11 20 4823 3 61648 12232 2.0 39 20 2 12 30% 1443 24033 4069 33%
c d  1.20 21 165 11 20 4823 3 61648 12208 2.0 39 20 2 12 30% 1306 24033 4069 33%
c t  1.20 21 165 11 20 4823 3 61648 12208 2.0 39 20 2 12 30% 1297 24033 4069 33%
c f  1.20 21 165 11 20 4823 3 61648 12208 2.0 39 20 2 12 30% 1300 24023 4070 33%
c u  1.21 21 165 11 20 4823 3 61648 11977 2.0 39 20 2 12 30% 1301 24023 4070 33%
c v  1.21 21 165 11 20 4823 3 61648 11559 2.0 39 20 2 12 30% 1301 24023 4070 33%
c w  1.22 21 165 11 20 4823 3 61648 11552 2.0 39 20 2 12 30% 1301 24023 4070 33%
c x  1.23 21 165 11 20 4823 3 61648 11543 2.0 39 20 2 12 30% 1302 23680 4070 33%
c t  1.26 21 165 11 20 4823 3 61648 11543 2.0 39 20 2 12 30% 1301 23680 4070 33%
c -  1.27 21 165 11 21 4823 3 62680 9578 2.0 39 20 2 12 30% 1301 23680 4070 33%
c I  1.29 21 159 11 21 4826 3 65687 12358 2.0 37 19 2 12 29% 1301 23680 4070 33%
c -  1.30 21 159 11 22 4826 3 67263 10716 2.0 37 19 2 12 29% 1303 23680 4070 33%
c ]  1.31 21 159 12 22 4827 3 68394 11710 2.0 37 19 2 12 29% 1305 23680 4070 33%
c {  1.31 21 98 12 22 4827 27 68394 11710 1.6 9 5 1 4 15% 1305 23680 4070 33%
c -  1.35 21 97 12 23 5409 26 71953 12369 1.6 9 5 1 4 15% 1315 23680 4070 33%
c o  1.37 21 97 12 23 5593 26 72940 13287 1.6 9 5 1 4 15% 1316 23680 4070 33%
c -  1.43 21 96 12 24 6329 25 76748 14369 1.6 9 6 1 4 15% 1322 23680 4070 33%
c }  1.48 21 96 13 24 6965 25 79873 17253 1.6 9 6 1 4 15% 1325 23680 4070 33%
c [  1.48 21 159 13 24 6965 3 79873 17253 2.0 37 19 2 12 29% 1325 23680 4070 33%
c -  1.50 21 158 13 25 6966 3 81646 15869 2.0 37 19 2 12 29% 1326 23680 4070 33%
c
c seconds    switched    rate         size/glue  tier1     binary        remaining
c        MB    reductions  conflicts        size   tier2      irredundant
c          level    restarts     redundant     glue    trail        variables
c
c B  1.53 21 159 13 25 6967 3 83491 17665 2.0 37 19 2 12 30% 1327 23680 4070 33%
c u  1.55 21 159 13 25 6968 3 84073 17447 2.0 38 19 2 12 30% 1329 23680 4070 33%
c v  1.55 21 159 13 25 6968 3 84073 16809 2.0 38 19 2 12 30% 1332 23680 4070 33%
c w  1.56 21 159 13 25 6968 3 84073 16806 2.0 38 19 2 12 30% 1332 23680 4070 33%
c x  1.57 21 159 13 25 6968 3 84073 16803 2.0 38 19 2 12 30% 1336 23595 4070 33%
c t  1.57 21 159 13 25 6968 3 84073 16803 2.0 38 19 2 12 30% 1334 23595 4070 33%
c -  1.60 21 160 13 26 6970 2 86647 14773 2.0 38 19 2 12 30% 1334 23595 4070 33%
c -  1.67 21 158 13 27 6971 2 91746 14058 2.0 39 19 2 12 30% 1335 23595 4070 33%
c -  1.73 21 159 13 28 6975 2 96942 14131 2.0 40 20 2 12 31% 1337 23595 4070 33%
c ]  1.76 21 159 14 28 6977 2 99395 16455 2.0 40 20 2 12 31% 1338 23595 4070 33%
c {  1.76 21 96 14 28 6977 25 99395 16455 1.6 9 6 1 4 15% 1338 23595 4070 33%
c s  1.78 21 96 14 28 7285 25 100876 17838 1.6 9 6 1 4 16% 1338 23592 4070 33%
c e  1.79 21 96 14 28 7285 25 100876 17838 1.6 9 6 1 4 16% 516 25405 3653 30%
c s  1.80 21 96 14 28 7285 25 100876 17838 1.6 9 6 1 4 16% 525 25163 3653 30%
c e  1.80 21 96 14 28 7285 25 100876 17838 1.6 9 6 1 4 16% 509 25201 3645 30%
c ^  1.80 21 96 14 28 7285 25 100876 17838 1.6 9 6 1 4 16% 509 25201 3645 30%
c -  1.81 21 96 14 29 7444 25 102233 10514 1.6 9 6 1 4 16% 511 25201 3645 30%
c -  1.88 21 95 14 30 8236 24 107618 13993 1.6 10 6 1 4 16% 515 25201 3645 30%
c u  1.93 21 95 14 30 8669 24 110284 15020 1.6 10 6 1 4 16% 517 25200 3645 30%
c v  1.94 21 95 14 30 8669 24 110284 13905 1.6 10 6 1 4 16% 517 25200 3645 30%
c
c seconds   switched     rate          size/glue tier1   binary        remaining
c        MB   reductions   conflicts         size  tier2    irredundant
c         level    restarts       redundant    glue   trail       variables
c
c w  1.94 21 95 14 30 8669 24 110284 13847 1.6 10 6 1 4 16% 517 25200 3645 30%
c t  1.98 21 95 14 30 8669 24 110284 13847 1.6 10 6 1 4 16% 515 25200 3645 30%
c o  2.02 21 95 14 30 9053 24 112953 16289 1.6 10 6 1 4 16% 520 25200 3645 30%
c -  2.03 21 95 14 31 9064 23 113095 14558 1.6 10 6 1 4 16% 520 25200 3645 30%
c }  2.04 21 95 15 31 9168 23 114111 15509 1.6 10 6 1 4 16% 520 25200 3645 30%
c [  2.04 21 159 15 31 9168 2 114111 15509 2.0 40 20 2 12 31% 520 25200 3645 30%
c W  2.04 21 159 15 31 9168 2 114111 15509 2.0 40 20 2 12 31% 520 25200 3645 30%
c -  2.09 21 159 15 32 9171 2 118662 15943 2.0 40 20 2 12 31% 523 25200 3645 30%
c -  2.13 21 159 15 33 9174 2 124319 15851 2.0 39 20 2 12 31% 526 25199 3645 30%
c -  2.20 21 158 15 34 9177 2 130065 15354 2.0 40 20 2 12 31% 526 25199 3645 30%
c -  2.25 21 157 15 35 9181 2 135896 15557 2.0 40 20 2 12 31% 530 25198 3645 30%
c O  2.28 21 158 15 35 9181 2 138337 17890 2.0 40 21 2 12 31% 530 25198 3645 30%
c u  2.30 21 156 15 35 9182 2 140277 19021 1.9 40 20 2 12 30% 533 25198 3645 30%
c v  2.31 21 156 15 35 9182 2 140277 18309 1.9 40 20 2 12 30% 533 25198 3645 30%
c w  2.32 22 156 15 35 9182 2 140277 18307 1.9 40 20 2 12 30% 533 25198 3645 30%
c x  2.32 22 156 15 35 9182 2 140277 18282 1.9 40 20 2 12 30% 537 25116 3645 30%
c t  2.32 22 156 15 35 9182 2 140277 18282 1.9 40 20 2 12 30% 534 25116 3645 30%
c ]  2.34 22 157 16 35 9182 2 141710 19659 2.0 40 20 2 12 31% 534 25116 3645 30%
c {  2.34 22 95 16 35 9182 23 141710 19659 1.6 10 6 1 4 16% 534 25116 3645 30%
c -  2.35 22 95 16 36 9212 23 141813 15069 1.6 10 6 1 4 16% 534 25116 3645 30%
c
c seconds   switched      rate          size/glue tier1   binary        remaining
c        MB   reductions    conflicts         size  tier2    irredundant
c         level    restarts        redundant    glue   trail       variables
c
c -  2.43 22 94 16 37 10023 23 147814 17307 1.7 10 6 1 4 16% 536 25114 3645 30%
c -  2.53 22 93 16 38 10807 22 153896 19754 1.7 10 6 1 4 16% 539 25114 3645 30%
c }  2.62 22 92 17 38 11464 21 160047 25386 1.7 10 6 1 4 16% 539 25114 3645 30%
c [  2.62 22 157 17 38 11464 2 160047 25386 2.0 40 20 2 12 31% 539 25114 3645 30%
c -  2.62 22 157 17 39 11464 2 160062 21781 2.0 40 20 2 12 31% 539 25114 3645 30%
c o  2.66 22 155 17 39 11467 2 164267 25756 1.9 39 20 2 12 30% 539 25114 3645 30%
c B  2.67 22 155 17 39 11468 2 166078 27417 2.0 39 20 2 12 31% 539 25114 3645 30%
c -  2.68 22 155 17 40 11468 2 166306 21923 2.0 39 20 2 12 31% 539 25114 3645 30%
c s  2.69 22 155 17 40 11469 2 166786 22376 2.0 39 20 2 12 31% 539 25097 3645 30%
c e  2.70 22 155 17 40 11469 2 166786 22376 2.0 39 20 2 12 31% 317 22642 2784 23%
c s  2.71 22 155 17 40 11469 2 166786 22376 2.0 39 20 2 12 31% 325 22144 2784 23%
c e  2.71 22 155 17 40 11469 2 166786 22376 2.0 39 20 2 12 31% 321 22164 2782 23%
c ^  2.71 22 155 17 40 11469 2 166786 22376 2.0 39 20 2 12 31% 321 22164 2782 23%
c -  2.76 22 156 17 41 11470 2 172630 14991 1.9 39 20 2 12 32% 322 22164 2782 23%
c u  2.79 22 156 17 41 11472 2 174234 15386 1.9 39 20 2 12 32% 322 22164 2782 23%
c v  2.79 22 156 17 41 11472 2 174234 14460 1.9 39 20 2 12 32% 323 22164 2782 23%
c w  2.80 22 156 17 41 11472 2 174234 14456 1.9 39 20 2 12 32% 323 22164 2782 23%
c x  2.81 22 156 17 41 11472 2 174234 14432 1.9 39 20 2 12 32% 328 22054 2782 23%
c t  2.81 22 156 17 41 11472 2 174234 14432 1.9 39 20 2 12 32% 322 22054 2782 23%
c -  2.87 22 155 17 42 11475 2 179034 14634 1.9 39 20 2 12 32% 324 22052 2782 23%
c
c seconds    switched     rate          size/glue  tier1    binary        remaining
c        MB    reductions   conflicts         size   tier2     irredundant
c          level    restarts       redundant     glue    trail       variables
c
c -  2.91 22 149 17 43 11478 2 185514 16547 1.9 37 19 2 12 31% 324 22052 2782 23%
c -  2.97 22 150 17 44 11478 2 192073 16906 1.9 38 20 2 12 31% 324 22052 2782 23%
c W  3.04 22 150 17 44 11481 2 197528 22169 1.9 38 20 2 12 31% 326 22052 2782 23%
c ]  3.05 22 151 18 44 11482 2 198694 23295 1.9 38 20 2 13 32% 326 22052 2782 23%
c {  3.05 22 92 18 44 11482 21 198694 23295 1.7 10 6 1 4 16% 326 22052 2782 23%
c -  3.05 22 92 18 45 11484 21 198707 17280 1.7 10 6 1 4 16% 326 22052 2782 23%
c -  3.14 22 91 18 46 11952 20 205415 20029 1.7 10 6 1 4 16% 334 22052 2782 23%
c -  3.25 22 90 18 47 12770 19 212198 21920 1.7 10 6 1 4 16% 338 22048 2782 23%
c u  3.27 22 90 18 47 12814 19 212730 21679 1.7 10 6 1 4 16% 338 22048 2782 23%
c v  3.28 22 90 18 47 12814 19 212730 20811 1.7 10 6 1 4 16% 338 22048 2782 23%
c w  3.29 22 90 18 47 12814 19 212730 20678 1.7 10 6 1 4 16% 338 22048 2782 23%
c x  3.29 22 90 18 47 12814 19 212730 20630 1.7 10 6 1 4 16% 338 21975 2782 23%
c -  3.47 22 89 18 48 13458 18 219053 22770 1.7 11 6 1 4 16% 344 21975 2782 23%
c }  3.49 22 89 19 48 13527 18 221039 24525 1.7 11 6 1 4 16% 344 21975 2782 23%
c [  3.49 22 151 19 48 13527 2 221039 24525 1.9 38 20 2 13 32% 344 21975 2782 23%
c o  3.54 22 150 19 48 13530 2 225271 28542 1.9 38 20 2 13 32% 344 21975 2782 23%
c -  3.55 22 150 19 49 13530 2 225982 23810 1.9 38 20 2 12 32% 344 21975 2782 23%
c I  3.65 22 151 19 49 13533 2 232880 30478 1.9 40 21 2 12 34% 344 21975 2782 23%
c -  3.65 22 151 19 50 13533 2 232983 21594 1.9 40 21 2 13 33% 344 21975 2782 23%
c -  3.71 22 150 19 51 13539 2 240055 20775 1.9 39 21 2 12 33% 344 21975 2782 23%
c
c seconds    switched     rate          size/glue  tier1    binary        remaining
c        MB    reductions   conflicts         size   tier2     irredundant
c          level    restarts       redundant     glue    trail       variables
c
c -  3.79 22 149 19 52 13541 2 247197 20234 1.9 40 21 2 13 33% 344 21975 2782 23%
c -  3.88 22 148 19 53 13541 2 254408 18900 1.9 41 22 2 13 33% 345 21975 2782 23%
c s  3.89 22 149 19 53 13542 2 255089 19558 1.9 42 22 2 13 33% 345 21962 2782 23%
c e  3.91 22 149 19 53 13542 2 255089 19558 1.9 42 22 2 13 33% 181 26056 2481 20%
c 2  3.91 22 149 19 53 13542 2 255089 19558 1.9 42 22 2 13 33% 180 26056 2481 20%
c s  3.91 22 149 19 53 13542 2 255089 19558 1.9 42 22 2 13 33% 182 24906 2481 20%
c e  3.92 22 149 19 53 13542 2 255089 19558 1.9 42 22 2 13 33% 181 24976 2474 20%
c !  3.92 22 149 19 53 13542 2 255089 19558 1.9 42 22 2 13 33% 181 24976 2474 20%
c u  3.93 22 149 19 53 13542 2 255407 9285 1.9 42 22 2 13 33% 182 24976 2474 20%
c v  3.94 22 149 19 53 13542 2 255407 8114 1.9 42 22 2 13 33% 183 24976 2474 20%
c w  3.94 22 149 19 53 13542 2 255407 7932 1.9 42 22 2 13 33% 183 24976 2474 20%
c x  3.96 23 149 19 53 13542 2 255407 7870 1.9 42 22 2 13 33% 184 24560 2474 20%
c t  3.96 23 149 19 53 13542 2 255407 7870 1.9 42 22 2 13 33% 182 24560 2474 20%
c f  3.97 23 149 19 53 13542 2 255407 7870 1.9 42 22 2 13 33% 195 24478 2478 20%
c u  3.98 23 149 19 53 13542 2 255407 7634 1.9 42 22 2 13 33% 196 24478 2478 20%
c v  3.98 23 149 19 53 13542 2 255407 7416 1.9 42 22 2 13 33% 196 24478 2478 20%
c w  3.99 23 149 19 53 13542 2 255407 7241 1.9 42 22 2 13 33% 196 24478 2478 20%
c x  4.01 23 149 19 53 13542 2 255407 7240 1.9 42 22 2 13 33% 197 24390 2478 20%
c t  4.01 23 149 19 53 13542 2 255407 7240 1.9 42 22 2 13 33% 196 24390 2478 20%
c -  4.06 23 148 19 54 13547 2 261688 10081 1.9 41 22 2 13 33% 196 24390 2478 20%
c
c seconds    switched     rate          size/glue  tier1    binary        remaining
c        MB    reductions   conflicts         size   tier2     irredundant
c          level    restarts       redundant     glue    trail       variables
c
c ]  4.11 23 150 20 54 13549 2 268033 16048 1.9 40 22 2 13 33% 196 24389 2478 20%
c {  4.11 23 89 20 54 13549 18 268033 16048 1.7 11 6 1 4 16% 196 24389 2478 20%
c -  4.12 23 89 20 55 13595 18 269036 14034 1.7 11 6 1 4 16% 197 24389 2478 20%
c -  4.19 23 88 20 56 14116 17 276452 17796 1.7 11 6 1 4 17% 198 24388 2478 20%
c -  4.29 23 89 20 57 14918 17 283937 20807 1.7 11 6 1 4 17% 198 24387 2478 20%
c -  4.40 23 89 20 58 15815 17 291488 23349 1.7 11 6 1 4 17% 199 24387 2478 20%
c }  4.44 23 88 21 58 16086 17 294773 26238 1.7 11 6 1 4 17% 199 24387 2478 20%
c [  4.44 23 150 21 58 16086 2 294773 26238 1.9 40 22 2 13 33% 199 24387 2478 20%
c B  4.44 23 150 21 58 16086 2 294773 26238 1.9 40 22 2 13 33% 199 24387 2478 20%
c o  4.46 23 150 21 58 16087 2 295843 27244 1.9 41 22 2 13 33% 199 24387 2478 20%
c -  4.49 23 149 21 59 16089 2 299103 24287 1.9 41 22 2 13 33% 199 24387 2478 20%
c u  4.53 23 149 21 59 16091 2 301946 25772 1.9 40 22 2 13 33% 199 24387 2478 20%
c v  4.54 23 149 21 59 16091 2 301946 24895 1.9 40 22 2 13 33% 199 24387 2478 20%
c w  4.55 23 149 21 59 16091 2 301946 24835 1.9 40 22 2 13 33% 199 24387 2478 20%
c -  4.61 23 149 21 60 16092 2 306784 21030 1.9 40 22 2 13 34% 199 24387 2478 20%
c -  4.72 23 151 21 61 16098 2 314531 19574 1.9 42 22 2 13 35% 199 24387 2478 20%
c -  4.86 28 153 21 62 16100 2 322341 18974 1.9 45 24 2 13 37% 199 24387 2478 20%
c ]  4.97 28 154 22 62 16102 2 329598 25945 1.9 48 25 2 14 38% 199 24387 2478 20%
c {  4.97 28 88 22 62 16102 17 329598 25945 1.7 11 6 1 4 17% 199 24387 2478 20%
c -  4.98 28 88 22 63 16135 17 330215 18460 1.7 11 6 1 4 17% 199 24387 2478 20%
c
c seconds   switched      rate          size/glue tier1   binary        remaining
c        MB   reductions    conflicts         size  tier2    irredundant
c         level    restarts        redundant    glue   trail       variables
c
c -  5.07 28 88 22 64 16514 16 338152 22092 1.7 11 6 1 4 17% 207 24387 2478 20%
c -  5.18 28 86 22 65 17062 15 346153 25280 1.7 11 6 1 4 17% 208 24387 2478 20%
c u  5.33 28 86 22 65 17799 15 352780 30233 1.7 11 6 1 4 17% 210 24385 2478 20%
c v  5.34 28 86 22 65 17799 15 352780 29064 1.7 11 6 1 4 17% 210 24385 2478 20%
c w  5.35 28 86 22 65 17799 15 352780 28973 1.7 11 6 1 4 17% 210 24385 2478 20%
c x  5.37 28 86 22 65 17799 15 352780 28968 1.7 11 6 1 4 17% 210 24373 2478 20%
c -  5.50 28 86 22 66 17935 15 354215 25944 1.7 11 6 1 4 17% 210 24373 2478 20%
c }  5.63 28 85 23 66 18648 15 361114 32351 1.7 11 7 1 4 17% 213 24373 2478 20%
c [  5.63 28 154 23 66 18648 2 361114 32351 1.9 48 25 2 14 38% 213 24373 2478 20%
c W  5.64 28 154 23 66 18648 2 361114 32351 1.9 48 25 2 14 38% 213 24373 2478 20%
c -  5.65 28 154 23 67 18649 2 362339 28430 1.9 47 25 2 14 38% 214 24373 2478 20%
c s  5.68 28 154 23 67 18651 2 365517 31492 1.9 47 25 2 14 38% 214 24371 2478 20%
c e  5.69 28 154 23 67 18651 2 365517 31492 1.9 47 25 2 14 38% 180 24616 2460 20%
c s  5.69 28 154 23 67 18651 2 365517 31492 1.9 47 25 2 14 38% 181 24521 2460 20%
c e  5.69 28 154 23 67 18651 2 365517 31492 1.9 47 25 2 14 38% 181 24535 2459 20%
c -  5.75 28 154 23 68 18654 2 370526 27342 1.9 47 24 2 14 39% 182 24535 2459 20%
c o  5.85 28 155 23 68 18658 2 378035 34468 1.9 48 25 2 14 40% 182 24535 2459 20%
c -  5.87 29 155 23 69 18658 2 378773 23866 1.9 48 25 2 14 40% 182 24535 2459 20%
c -  5.99 29 154 23 70 18662 2 387080 23336 1.9 49 25 2 14 41% 182 24535 2459 20%
c -  6.17 29 154 23 71 18663 2 395446 22100 1.9 53 27 2 14 41% 182 24535 2459 20%
c
c seconds    switched     rate          size/glue  tier1    binary        remaining
c        MB    reductions   conflicts         size   tier2     irredundant
c          level    restarts       redundant     glue    trail       variables
c
c -  6.31 29 153 23 72 18669 2 403874 21598 1.9 54 28 2 14 42% 182 24535 2459 20%
c u  6.40 29 153 23 72 18670 2 407988 23391 1.9 55 29 2 14 42% 182 24535 2459 20%
c v  6.42 29 153 23 72 18670 2 407988 21018 1.9 55 29 2 14 42% 182 24535 2459 20%
c w  6.45 29 153 23 72 18670 2 407988 20947 1.9 55 29 2 14 42% 182 24535 2459 20%
c f  6.45 29 153 23 72 18670 2 407988 20947 1.9 55 29 2 14 42% 187 24507 2460 20%
c u  6.47 29 153 23 72 18670 2 407988 20631 1.9 55 29 2 14 42% 187 24507 2460 20%
c v  6.49 29 153 23 72 18670 2 407988 20167 1.9 55 29 2 14 42% 187 24507 2460 20%
c w  6.52 29 153 23 72 18670 2 407988 20020 1.9 55 29 2 14 42% 187 24507 2460 20%
c O  6.55 29 153 23 72 18671 2 409276 21232 1.9 55 29 2 14 42% 187 24507 2460 20%
c ]  6.56 29 153 24 72 18672 2 410137 22004 1.9 55 29 2 14 42% 187 24507 2460 20%
c {  6.56 29 85 24 72 18672 15 410137 22004 1.7 11 7 1 4 17% 187 24507 2460 20%
c -  6.58 29 85 24 73 18816 15 412361 19246 1.7 11 7 1 4 17% 187 24507 2460 20%
c -  6.68 29 85 24 74 19563 14 420905 23605 1.7 11 7 1 4 17% 187 24507 2460 20%
c -  6.82 29 86 24 75 20694 15 429507 26891 1.7 11 7 1 4 18% 187 24507 2460 20%
c -  6.98 29 86 24 76 21927 15 438169 29599 1.7 11 7 1 4 18% 187 24507 2460 20%
c }  7.15 29 86 25 76 23047 15 446815 37492 1.7 11 7 1 4 18% 187 24507 2460 20%
c [  7.15 29 153 25 76 23047 2 446815 37492 1.9 55 29 2 14 42% 187 24507 2460 20%
c -  7.15 29 153 25 77 23047 2 446888 31891 1.9 55 29 2 14 42% 187 24507 2460 20%
c -  7.27 29 153 25 78 23053 2 455662 30609 1.9 55 29 2 14 42% 187 24507 2460 20%
c B  7.40 29 154 25 78 23056 2 462068 36764 1.9 57 30 2 14 43% 187 24507 2460 20%
c
c seconds    switched     rate          size/glue  tier1    binary        remaining
c        MB    reductions   conflicts         size   tier2     irredundant
c          level    restarts       redundant     glue    trail       variables
c
c -  7.46 29 154 25 79 23057 2 464493 26430 1.9 58 31 2 14 43% 187 24507 2460 20%
c u  7.54 29 155 25 79 23059 2 467601 27871 1.9 58 31 2 14 44% 187 24507 2460 20%
c v  7.56 29 155 25 79 23059 2 467601 26123 1.9 58 31 2 14 44% 187 24507 2460 20%
c w  7.57 29 155 25 79 23059 2 467601 26109 1.9 58 31 2 14 44% 187 24507 2460 20%
c x  7.59 29 155 25 79 23059 2 467601 26074 1.9 58 31 2 14 44% 188 24427 2460 20%
c -  7.71 29 156 25 80 23061 2 473381 22544 1.9 59 31 2 14 44% 188 24427 2460 20%
c o  7.83 29 157 25 80 23062 2 480231 29051 1.9 60 32 2 14 45% 188 24427 2460 20%
c -  7.88 29 157 25 81 23064 2 482326 22348 1.9 61 32 2 14 46% 188 24427 2460 20%
c -  8.06 29 157 25 82 23068 2 491326 23270 1.9 63 33 2 14 47% 188 24427 2460 20%
c ]  8.09 29 157 26 82 23069 2 492881 24768 1.9 63 33 2 14 47% 188 24427 2460 20%
c {  8.09 29 86 26 82 23069 15 492881 24768 1.7 11 7 1 4 18% 188 24427 2460 20%
c -  8.19 29 86 26 83 23731 15 500382 27090 1.7 12 7 1 4 18% 188 24427 2460 20%
c s  8.20 29 86 26 83 23759 15 500775 27453 1.7 12 7 1 4 18% 188 24418 2460 20%
c s  8.20 29 86 26 83 23759 15 500775 27453 1.7 12 7 1 4 18% 188 24416 2460 20%
c -  8.31 29 85 26 84 24497 15 509494 30925 1.7 12 7 1 4 18% 188 24416 2460 20%
c -  8.47 29 85 26 85 25626 15 518659 33077 1.7 12 7 1 4 18% 188 24416 2460 20%
c -  8.67 29 86 26 86 27045 16 527879 35231 1.7 12 7 1 4 18% 188 24416 2460 20%
c u  8.78 29 86 26 86 27487 16 531735 36450 1.7 12 7 1 4 18% 188 24416 2460 20%
c v  8.81 29 86 26 86 27487 16 531735 34616 1.7 12 7 1 4 18% 188 24416 2460 20%
c w  8.83 29 86 26 86 27487 16 531735 34499 1.7 12 7 1 4 18% 188 24416 2460 20%
c
c seconds   switched      rate          size/glue tier1   binary        remaining
c        MB   reductions    conflicts         size  tier2    irredundant
c         level    restarts        redundant    glue   trail       variables
c
c }  8.90 29 86 27 86 27906 16 535100 37658 1.7 12 7 1 4 18% 188 24416 2460 20%
c [  8.90 29 157 27 86 27906 2 535100 37658 1.9 63 33 2 14 47% 188 24416 2460 20%
c W  8.90 29 157 27 86 27906 2 535100 37658 1.9 63 33 2 14 47% 188 24416 2460 20%
c -  8.94 29 157 27 87 27907 2 537152 33083 1.9 63 33 2 14 47% 189 24416 2460 20%
c -  9.07 29 156 27 88 27912 2 546480 32864 1.9 61 32 2 14 47% 189 24416 2460 20%
c -  9.18 29 155 27 89 27918 2 555860 30907 1.9 59 31 2 14 46% 190 24416 2460 20%
c -  9.36 29 155 27 90 27920 2 565294 29793 1.9 60 31 2 14 47% 190 24416 2460 20%
c -  9.51 29 155 27 91 27925 2 574781 29206 1.9 60 31 2 14 47% 190 24416 2460 20%
c o  9.61 29 155 27 91 27928 2 581488 35570 2.0 60 31 2 14 47% 190 24416 2460 20%
c -  9.66 29 155 27 92 27930 2 584322 29806 1.9 60 31 2 14 47% 190 24416 2460 20%
c -  9.82 29 155 27 93 27934 2 593915 30067 1.9 60 31 2 14 47% 190 24416 2460 20%
c I  9.87 29 153 27 93 27935 2 597651 33554 2.0 60 31 2 14 47% 190 24416 2460 20%
c u  9.93 29 153 27 93 27935 2 600432 35165 2.0 60 31 2 14 47% 190 24416 2460 20%
c v  9.95 29 153 27 93 27935 2 600432 33857 2.0 60 31 2 14 47% 190 24416 2460 20%
c w  9.96 34 153 27 93 27935 2 600432 33807 2.0 60 31 2 14 47% 190 24416 2460 20%
c x  9.98 34 153 27 93 27935 2 600432 33805 2.0 60 31 2 14 47% 190 24394 2460 20%
c = 10.10 34 153 27 93 27935 2 600432 33805 2.0 60 31 2 14 47% 192 24394 2459 20%
c d 10.10 34 153 27 93 27935 2 600432 33802 2.0 60 31 2 14 47% 190 24394 2459 20%
c u 10.13 34 153 27 93 27935 2 600432 31895 2.0 60 31 2 14 47% 190 24394 2459 20%
c v 10.15 34 153 27 93 27935 2 600432 30072 2.0 60 31 2 14 47% 190 24394 2459 20%
c
c seconds    switched     rate          size/glue  tier1    binary        remaining
c        MB    reductions   conflicts         size   tier2     irredundant
c          level    restarts       redundant     glue    trail       variables
c
c w 10.17 34 153 27 93 27935 2 600432 30066 2.0 60 31 2 14 47% 190 24394 2459 20%
c - 10.20 34 153 27 94 27936 2 603559 25668 1.9 59 30 2 14 46% 190 24394 2459 20%
c ] 10.22 34 153 28 94 27936 2 605894 27854 1.9 59 30 2 14 46% 190 24394 2459 20%
c { 10.22 34 86 28 94 27936 16 605894 27854 1.7 12 7 1 4 18% 190 24394 2459 20%
c - 10.31 34 86 28 95 28369 15 613254 28170 1.7 12 7 1 4 18% 191 24394 2459 20%
c - 10.42 34 86 28 96 29027 15 623001 32201 1.7 12 7 1 4 18% 192 24394 2459 20%
c - 10.56 34 85 28 97 29817 14 632798 35027 1.7 12 7 1 4 18% 193 24394 2459 20%
c - 10.71 34 85 28 98 30711 14 642650 37351 1.7 12 7 1 4 18% 194 24394 2459 20%
c - 10.83 34 85 28 99 31311 14 652549 38720 1.7 12 7 1 4 18% 194 24394 2459 20%
c } 10.86 34 85 29 99 31530 14 654032 40119 1.7 12 7 1 4 18% 194 24394 2459 20%
c [ 10.86 34 153 29 99 31530 2 654032 40119 1.9 59 30 2 14 46% 194 24394 2459 20%
c s 10.96 34 154 29 99 31535 2 662277 48035 1.9 57 29 2 14 46% 194 24389 2459 20%
c - 10.96 34 154 29 100 31536 2 662498 38080 1.9 57 29 2 14 46% 194 24389 2459 20%
c B 10.98 34 152 29 100 31536 2 665333 40644 1.9 56 29 2 14 45% 194 24389 2459 20%
c - 11.03 34 151 29 101 31541 2 672498 36964 1.9 53 28 2 13 44% 194 24389 2459 20%
c u 11.06 34 151 29 101 31542 2 673749 36162 1.9 53 27 2 13 44% 194 24389 2459 20%
c v 11.09 34 151 29 101 31542 2 673749 34504 1.9 53 27 2 13 44% 194 24389 2459 20%
c w 11.10 34 151 29 101 31542 2 673749 34232 1.9 53 27 2 13 44% 194 24389 2459 20%
c - 11.17 34 151 29 102 31544 2 682548 32468 1.9 51 27 2 13 42% 194 24389 2459 20%
c o 11.27 34 151 29 102 31548 2 692341 41780 1.9 50 26 2 13 43% 194 24389 2459 20%
c
c seconds    switched      rate          size/glue  tier1    binary        remaining
c        MB    reductions    conflicts         size   tier2     irredundant
c          level     restarts       redundant     glue    trail       variables
c
c - 11.28 34 151 29 103 31548 2 692647 31337 1.9 50 26 2 13 43% 194 24389 2459 20%
c - 11.38 34 150 29 104 31553 2 702795 30815 1.9 49 26 2 13 42% 194 24389 2459 20%
c - 11.49 34 148 29 105 31558 2 712993 29935 1.9 49 25 2 13 41% 194 24389 2459 20%
c - 11.60 34 145 29 106 31560 2 723239 31372 1.9 47 24 2 13 40% 194 24389 2459 20%
c ] 11.81 34 144 30 106 31560 2 733210 40946 2.0 49 25 2 13 41% 195 24389 2459 20%
c { 11.81 34 85 30 106 31560 14 733210 40946 1.7 12 7 1 4 18% 195 24389 2459 20%
c - 11.82 34 85 30 107 31591 14 733534 32423 1.7 12 7 1 4 18% 195 24389 2459 20%
c - 11.98 34 85 30 108 32655 14 743878 35390 1.7 12 7 1 4 18% 195 24389 2459 20%
c u 12.15 34 85 30 108 33571 14 751733 41911 1.7 12 7 1 4 18% 195 24389 2459 20%
c v 12.17 34 85 30 108 33571 14 751733 41003 1.7 12 7 1 4 18% 195 24389 2459 20%
c w 12.18 34 85 30 108 33571 14 751733 40934 1.7 12 7 1 4 18% 195 24389 2459 20%
c x 12.20 34 85 30 108 33571 14 751733 40913 1.7 12 7 1 4 18% 195 24332 2459 20%
c = 12.32 34 85 30 108 33571 14 751733 40913 1.7 12 7 1 4 18% 197 24332 2458 20%
c d 12.32 34 85 30 108 33571 14 751733 40899 1.7 12 7 1 4 18% 195 24332 2458 20%
c u 12.35 34 85 30 108 33571 14 751733 40025 1.7 12 7 1 4 18% 195 24332 2458 20%
c v 12.38 34 85 30 108 33571 14 751733 38983 1.7 12 7 1 4 18% 195 24332 2458 20%
c w 12.39 34 85 30 108 33571 14 751733 38876 1.7 12 7 1 4 18% 195 24332 2458 20%
c - 12.44 34 85 30 109 33846 14 754270 35921 1.7 12 7 1 4 18% 195 24332 2458 20%
c - 12.66 34 86 30 110 35072 14 764712 39198 1.7 12 7 1 4 19% 195 24331 2458 20%
c - 12.83 34 87 30 111 36029 14 775201 41894 1.7 13 7 1 4 19% 195 24331 2458 20%
c
c seconds   switched       rate          size/glue tier1   binary        remaining
c        MB   reductions     conflicts         size  tier2    irredundant
c         level     restarts        redundant    glue   trail       variables
c
c - 12.96 34 87 30 112 36546 14 785736 43312 1.7 13 7 1 4 19% 196 24331 2458 20%
c } 12.99 34 87 31 112 36756 14 787644 45100 1.7 13 7 1 4 19% 196 24331 2458 20%
c [ 12.99 34 144 31 112 36756 2 787644 45100 2.0 49 25 2 13 41% 196 24331 2458 20%
c W 13.00 34 144 31 112 36756 2 787644 45100 2.0 49 25 2 13 41% 196 24331 2458 20%
c - 13.12 34 143 31 113 36762 2 796319 42143 2.0 49 24 2 13 41% 196 24331 2458 20%
c - 13.25 34 140 31 114 36768 2 806950 39613 2.0 49 24 2 13 40% 196 24331 2458 20%
c o 13.29 34 137 31 114 36770 2 813487 45160 2.0 47 23 2 13 39% 196 24331 2458 20%
c - 13.37 34 138 31 115 36770 2 817627 39003 2.0 48 24 2 13 40% 196 24331 2458 20%
c - 13.56 34 139 31 116 36776 2 828350 38641 2.0 49 24 2 13 41% 197 24331 2458 20%
c u 13.68 34 140 31 116 36778 2 834454 41970 2.0 50 25 2 13 41% 197 24331 2458 20%
c v 13.71 34 140 31 116 36778 2 834454 40440 2.0 50 25 2 13 41% 197 24331 2458 20%
c w 13.73 35 140 31 116 36778 2 834454 40435 2.0 50 25 2 13 41% 197 24331 2458 20%
c x 13.75 35 140 31 116 36778 2 834454 40429 2.0 50 25 2 13 41% 197 24300 2458 20%
c - 13.96 35 138 31 117 36781 2 839120 35142 2.0 48 24 2 13 40% 197 24300 2458 20%
c - 14.04 35 137 31 118 36785 2 849936 36650 2.0 46 23 2 13 39% 197 24300 2458 20%
c s 14.05 35 138 31 118 36785 2 851368 37958 2.0 46 23 2 13 39% 197 24280 2458 20%
c e 14.06 35 138 31 118 36785 2 851368 37958 2.0 46 23 2 13 39% 195 24298 2457 20%
c - 14.13 35 136 31 119 36786 2 860798 36982 2.0 44 22 2 13 38% 195 24298 2457 20%
c O 14.16 35 135 31 119 36786 2 866072 41736 2.0 43 22 2 13 38% 195 24298 2457 20%
c - 14.21 35 136 31 120 36786 2 871708 38182 2.0 42 21 2 13 38% 195 24298 2457 20%
c
c seconds    switched      rate          size/glue  tier1    binary        remaining
c        MB    reductions    conflicts         size   tier2     irredundant
c          level     restarts       redundant     glue    trail       variables
c
c - 14.30 35 135 31 121 36793 2 882663 37283 2.0 41 21 2 13 37% 195 24298 2457 20%
c - 14.39 35 133 31 122 36799 2 893664 37569 2.0 39 20 2 13 36% 195 24298 2457 20%
c ] 14.48 35 131 32 122 36801 2 902129 45295 2.0 39 20 2 13 35% 195 24298 2457 20%
c { 14.48 35 87 32 122 36801 14 902129 45295 1.7 13 7 1 4 19% 195 24298 2457 20%
c - 14.53 35 87 32 123 37081 14 904709 38183 1.7 13 7 1 4 19% 195 24298 2457 20%
c - 14.71 35 87 32 124 38075 14 915800 40625 1.7 13 7 1 4 19% 195 24298 2457 20%
c u 14.82 35 87 32 124 38553 14 921960 44956 1.7 13 7 1 4 19% 196 24298 2457 20%
c v 14.84 35 87 32 124 38553 14 921960 43725 1.7 13 7 1 4 19% 196 24298 2457 20%
c w 14.86 35 87 32 124 38553 14 921960 43574 1.7 13 7 1 4 19% 196 24298 2457 20%
c - 14.95 35 86 32 125 38868 13 926935 42211 1.7 13 7 1 4 19% 196 24298 2457 20%
c - 15.13 35 85 32 126 39687 13 938116 44917 1.7 13 7 1 4 19% 196 24298 2457 20%
c o 15.19 35 85 32 126 39863 13 943693 49839 1.8 13 7 1 4 19% 196 24298 2457 20%
c - 15.31 35 85 32 127 40521 13 949341 47070 1.8 13 7 1 4 19% 196 24298 2457 20%
c - 15.56 35 86 32 128 41906 13 960612 48424 1.7 13 7 1 4 19% 196 24298 2457 20%
c } 15.62 35 86 33 128 42221 13 963233 50864 1.7 13 7 1 4 19% 196 24298 2457 20%
c [ 15.62 35 131 33 128 42221 2 963233 50864 2.0 39 20 2 13 35% 196 24298 2457 20%
c B 15.62 35 131 33 128 42221 2 963233 50864 2.0 39 20 2 13 35% 196 24298 2457 20%
c - 15.80 35 132 33 129 42227 2 971926 47222 2.0 41 21 2 13 37% 196 24298 2457 20%
c - 15.99 35 134 33 130 42233 2 983284 43065 2.0 43 22 2 13 38% 196 24298 2457 20%
c - 16.12 35 135 33 131 42235 2 994685 41116 2.0 42 21 2 13 39% 196 24298 2457 20%
c
c seconds    switched      rate           size/glue  tier1    binary        remaining
c        MB    reductions     conflicts         size   tier2     irredundant
c          level     restarts        redundant     glue    trail       variables
c
c ] 16.17 35 135 33 131 42238 2 1000002 45979 2.0 41 21 2 13 39% 196 24298 2457 20%
c ? 16.17 35 86 33 131 42238 13 1000002 45979 1.7 13 7 1 4 19% 196 24298 2457 20%
c
c ---- [ result ] ------------------------------------------------------------
c
s UNKNOWN
c
c ---- [ profiling ] ---------------------------------------------------------
c
c          13.69   84.68 %  search
c           7.63   47.17 %  stable
c           6.06   37.51 %  focused
c           2.43   15.06 %  simplify
c           2.28   14.10 %  probe
c           1.25    7.70 %  vivify
c           0.78    4.81 %  sweep
c           0.25    1.54 %  reduce
c           0.15    0.94 %  eliminate
c           0.09    0.55 %  substitute
c           0.09    0.55 %  factor
c           0.06    0.39 %  congruence
c           0.04    0.24 %  walking
c           0.04    0.23 %  preprocess
c           0.02    0.14 %  subsume
c           0.01    0.07 %  transitive
c           0.01    0.03 %  backbone
c           0.00    0.02 %  parse
c           0.00    0.01 %  lucky
c =============================================
c          16.17  100.00 %  total
c
c ---- [ statistics ] --------------------------------------------------------
c
c chronological:                         1517                0 %  conflicts
c conflicts:                          1000002            61851.29 per second
c congruent:                             1650               13 %  variables
c decisions:                          6615536                6.62 per conflict
c eliminated:                            7144               58 %  variables
c factored:                               242                2 %  variables
c propagations:                      93665947          5793348    per second
c reductions:                             131             7634    interval
c reordered:                               14            71429    interval
c rephased:                                25            40000    interval
c restarts:                             42238               24    interval
c strengthened:                          2800                0 %  checks
c substituted:                           1944               16 %  variables
c subsumed:                              4467                0 %  checks
c switched:                                33            30303    interval
c vivified:                            102292               20 %  checks
c walks:                                    8           125000    interval
c
c ---- [ glue usage ] --------------------------------------------------------
c
c focused glue 1 used 1185824 clauses 63.01% accumulated 63.01% tier1
c focused glue 2 used  308002 clauses 16.37% accumulated 79.38%
c focused glue 3 used  127645 clauses  6.78% accumulated 86.17%
c focused glue 4 used   82376 clauses  4.38% accumulated 90.54% tier2
c
c stable glue 2    used 835790 clauses 16.21% accumulated 63.04% tier1
c stable glue 3    used 375976 clauses  7.29% accumulated 70.33%
c stable glue 4-11 used 965193 clauses 18.72% accumulated 89.04%
c stable glue 12   used  49098 clauses  0.95% accumulated 89.99%
c stable glue 13   used  40241 clauses  0.78% accumulated 90.77% tier2
c
c ---- [ resources ] ---------------------------------------------------------
c
c maximum-resident-set-size:      38050725888 bytes      36288 MB
c process-time:                            16s              16.17 seconds
c
c ---- [ shutting down ] -----------------------------------------------------
c
c exit 0
