c --- [ banner ] -------------------------------------------------------------
c 
c CaDiCaL SAT Solver
c Copyright (c) 2016-2025
c A. Biere, M. Fleury, N. Froleyks, K. Fazekas, F. Pollitt, T. Faller
c JKU Linz, University of Freiburg, TU Wien
c 
c Version 3.0.0
c Apple clang version 17.0.0 (clang-1700.6.3.2) -Wall -Wextra -O3 -DNDEBUG -DNCLOSEFROM
c Tue Dec 23 21:53:38 UTC 2025 Darwin Tahoe-arm64.local 25.2.0 arm64
c 
c --- [ limit ] --------------------------------------------------------------
c 
c setting conflict limit to 1000000 conflicts (due to '1000000')
c 
c --- [ parsing input ] ------------------------------------------------------
c 
c reading DIMACS file from '/tmp/sr59_cnfs/aux_force_sr59_n32_bit19_m51ca0b34_fill55555555.cnf'
c opening file to read '/tmp/sr59_cnfs/aux_force_sr59_n32_bit19_m51ca0b34_fill55555555.cnf'
c found 'p cnf 12284 51301' header
c parsed 51301 clauses in 0.01 seconds process time
c 
c --- [ options ] ------------------------------------------------------------
c 
c   --seed=23                      (different from default '0')
c 
c --- [ solving ] ------------------------------------------------------------
c 
c time measured in process time since initialization
c 
c  seconds  reduction conflicts       size tier2       variables
c         MB    restarts   redundant    glue  trail         remaining
c          level     rate       size/glu tier1  irredundant
c 
c *  0.01  0  0 0   0  0    0    0 0.0 0 0 2 6  0% 50788 11803 96%
c (  0.01  0  0 0   0  0    0    0 0.0 0 0 2 6  0% 50788 11803 96%
c .  0.01  0  0 0   0  0    0    0 0.0 0 0 2 6  0% 49764 11803 96%
c c  0.03  0  0 0   0  0    0    0 0.0 0 0 2 6  0% 47028 11332 92%
c d  0.03  0  0 0   0  0    0    0 0.0 0 0 2 6  0% 42928 9976 81%
c 2  0.03  0  0 0   0  0    0    0 0.0 0 0 2 6  0% 42768 9976 81%
c f  0.04  0  0 0   0  0    0    0 0.0 0 0 2 6  0% 42494 10250 83%
c e  0.05  0  0 0   0  0    0    0 0.0 0 0 2 6  0% 28603 5263 43%
c P  0.06  0  0 0   0  0    0    0 0.0 0 0 2 6  0% 28603 5263 43%
c )  0.06  0  0 0   0  0    0    0 0.0 0 0 2 6  0% 28603 5263 43%
c {  0.06  0  0 0   0  0    0    0 0.0 0 0 2 6  0% 28603 5263 43%
c -  0.06  0 974 1   8 35  304  243 1.5 4 3 2 6 19% 28603 5263 43%
c -  0.06  0 470 2  31 24  739  603 1.6 4 3 2 6 15% 28603 5263 43%
c }  0.06  0 372 2  60 24 1001  840 1.6 4 3 2 6 14% 28603 5263 43%
c [  0.06  0  0 2  60  0 1001  840 0.0 0 0 2 6  0% 28603 5263 43%
c O  0.06  0 1907 2  60 1908 1002  841 2.2 9 4 2 6 39% 28603 5263 43%
c -  0.07  0 1888 3  60  7 1419  924 2.0 40 20 2 6 39% 28603 5263 43%
c ]  0.07  0 1886 3  60  5 1653 1128 2.0 45 23 2 6 39% 28603 5263 43%
c {  0.07  0 372 3  60 24 1653 1128 1.6 4 3 2 6 14% 28603 5263 43%
c c  0.09  0 355 3 118 26 2214 1590 1.6 5 3 2 6  5% 28565 5249 43%
c 
c  seconds   reduction conflicts       size tier2      variables
c         MB     restarts   redundant    glue  trail        remaining
c           level     rate       size/glu tier1  irredundant
c 
c d  0.09  0 355 3 118 26 2214 1582 1.6 5 3 2 6  5% 28547 5240 43%
c 2  0.09  0 355 3 118 26 2214 1582 1.6 5 3 2 6  5% 28543 5240 43%
c -  0.09  0 328 4 119 24 2361 1377 1.6 5 3 2 6  4% 28543 5240 43%
c O  0.10  0 266 4 213 23 3004 1922 1.6 5 3 2 6 12% 28543 5240 43%
c -  0.10  0 233 5 296 22 3575 2209 1.6 5 3 2 6 13% 28543 5240 43%
c }  0.11  0 207 5 346 20 4065 2594 1.6 5 3 2 6 12% 28543 5240 43%
c [  0.11  0 1886 5 346  5 4065 2594 2.0 45 23 2 6 93% 28543 5240 43%
c s  0.11  0 1556 5 346  4 4212 2723 2.0 40 20 2 6 86% 28537 5240 43%
c t  0.11  0 1556 5 346  4 4212 2723 2.0 40 20 2 6 86% 28535 5240 43%
c e  0.13  0 1556 5 346  4 4212 2510 2.0 40 20 2 6 86% 28497 4965 40%
c s  0.13  0 1556 5 346  4 4212 2440 2.0 40 20 2 6 86% 28399 4965 40%
c e  0.13  0 1556 5 346  4 4212 2425 2.0 40 20 2 6 86% 28378 4962 40%
c c  0.14  0 1003 5 347  4 4714 2757 2.0 27 14 2 6 60% 28284 4934 40%
c d  0.14  0 1003 5 347  4 4714 2709 2.0 27 14 2 6 60% 28250 4917 40%
c =  0.15  0 1003 5 347  4 4714 2709 2.0 27 14 2 6 60% 28198 4878 40%
c -  0.15  0 819 6 347  4 5069 2549 2.0 25 12 4 11 55% 28198 4878 40%
c I  0.17  0 575 6 348  3 6007 3381 2.6 36 14 3 11 47% 28198 4878 40%
c ]  0.17  0 557 6 348  4 6112 3470 2.6 35 14 3 10 46% 28198 4878 40%
c {  0.17  0 207 6 348 20 6112 3470 1.6 5 3 2 6 12% 28198 4878 40%
c -  0.18  0 184 7 494 20 6849 3341 1.6 5 3 2 6 12% 28198 4878 40%
c 
c  seconds   reduction conflicts       size tier2      variables
c         MB     restarts   redundant    glue  trail        remaining
c           level     rate       size/glu tier1  irredundant
c 
c d  0.18  0 172 7 590 20 7318 3600 1.6 6 4 2 3 11% 28198 4861 40%
c c  0.19  0 172 7 590 20 7318 3600 1.6 6 4 2 3 11% 28116 4861 40%
c d  0.19  0 172 7 590 20 7318 3505 1.6 6 4 2 3 11% 28086 4846 39%
c =  0.20  0 172 7 590 20 7318 3505 1.6 6 4 2 3 11% 28042 4813 39%
c t  0.20  0 172 7 590 20 7318 3504 1.6 6 4 2 3 11% 28042 4813 39%
c f  0.20  0 172 7 590 20 7318 3503 1.6 6 4 2 3 11% 27840 5006 41%
c -  0.22  0 146 8 922 20 8917 3768 1.6 6 4 2 3 11% 27840 5006 41%
c }  0.23  0 138 8 1080 20 9743 4434 1.6 6 4 2 3 11% 27840 5006 41%
c [  0.23  0 557 8 1080  4 9743 4434 2.6 35 14 3 10 44% 27840 5006 41%
c B  0.23  0 522 8 1080  3 10009 4645 2.5 34 13 3 10 44% 27840 5006 41%
c d  0.23  0 521 8 1080  3 10016 4402 2.5 34 13 3 10 44% 27840 4968 40%
c c  0.24  0 521 8 1080  3 10016 4402 2.5 34 13 3 10 44% 27763 4968 40%
c d  0.24  0 521 8 1080  3 10016 4332 2.5 34 13 3 10 44% 27737 4955 40%
c 2  0.24  0 521 8 1080  3 10016 4332 2.5 34 13 3 10 44% 27730 4955 40%
c =  0.25  0 521 8 1080  3 10016 4332 2.5 34 13 3 10 44% 27702 4880 40%
c -  0.26  0 381 9 1080  3 11277 4289 2.5 27 11 3 10 12% 27702 4880 40%
c c  0.28  0 303 9 1082  3 12803 5549 2.4 24 10 3 10 17% 27690 4878 40%
c -  0.29  0 267 10 1083  3 13931 5068 2.3 23 10 2 3 18% 27688 4877 40%
c e  0.30  0 257 10 1083  3 14276 4794 2.3 22 10 2 3 18% 27649 4680 38%
c s  0.30  0 257 10 1083  3 14276 4744 2.3 22 10 2 3 18% 27406 4680 38%
c 
c  seconds   reductions   conflicts       size   tier2      variables
c         MB      restarts     redundant     glue   trail        remaining
c           level       rate        size/glue  tier1  irredundant
c 
c W  0.32  0 247 10 1083  3 15012 5364 2.3 22 10 2 3 21% 27405 4680 38%
c 2  0.32  0 236 10 1083  3 15668 5897 2.2 21 10 2 3 21% 27405 4680 38%
c c  0.33  0 236 10 1083  3 15668 5891 2.2 21 10 2 3 21% 27399 4679 38%
c =  0.34  0 236 10 1083  3 15668 5888 2.2 21 10 2 3 21% 27396 4643 38%
c f  0.34  0 236 10 1083  3 15668 5887 2.2 21 10 2 3 21% 27364 4673 38%
c -  0.35  0 221 11 1084  3 16881 5316 2.2 21 9 2 3 21% 27364 4673 38%
c ]  0.36  0 215 11 1084  2 17698 6007 2.2 21 10 2 3 23% 27364 4673 38%
c {  0.36  0 138 11 1084 20 17698 6007 1.6 6 4 2 3 13% 27364 4673 38%
c d  0.37  0 130 11 1302 20 18608 6756 1.6 6 4 2 3 13% 27360 4666 38%
c c  0.38  0 130 11 1302 20 18608 6756 1.6 6 4 2 3 13% 27306 4666 38%
c =  0.38  0 130 11 1302 20 18608 6733 1.6 6 4 2 3 13% 27286 4653 38%
c t  0.39  0 130 11 1302 20 18608 6733 1.6 6 4 2 3 13% 27285 4653 38%
c -  0.41  0 120 12 1632 19 20129 6284 1.6 7 4 2 3 13% 27285 4653 38%
c #  0.41  0 115 12 1744 19 21014 7033 1.6 7 4 2 3 13% 27285 4653 38%
c d  0.42  0 113 12 1890 19 21618 7521 1.6 7 4 1 2 13% 27285 4645 38%
c c  0.43  0 113 12 1890 19 21618 7520 1.6 7 4 1 2 13% 27211 4645 38%
c d  0.43  0 113 12 1890 19 21618 7508 1.6 7 4 1 2 13% 27195 4637 38%
c =  0.44  0 113 12 1890 19 21618 7508 1.6 7 4 1 2 13% 27111 4574 37%
c u  0.44  0 113 12 1890 19 21618 6993 1.6 7 4 1 2 13% 27094 4574 37%
c v  0.44  0 113 12 1890 19 21618 6886 1.6 7 4 1 2 13% 27094 4574 37%
c 
c  seconds   reductions   conflicts       size tier2      variables
c         MB      restarts     redundant    glue  trail        remaining
c           level       rate        size/glu tier1  irredundant
c 
c w  0.44  0 113 12 1890 19 21618 6882 1.6 7 4 1 2 13% 27094 4574 37%
c x  0.44  0 113 12 1890 19 21618 6872 1.6 7 4 1 2 13% 26979 4574 37%
c t  0.44  0 113 12 1890 19 21618 6871 1.6 7 4 1 2 13% 26979 4574 37%
c f  0.45  0 113 12 1890 19 21618 6865 1.6 7 4 1 2 12% 26955 4597 37%
c }  0.47  0 107 12 2192 19 23112 8177 1.6 7 5 1 2 12% 26955 4597 37%
c [  0.47  0 215 12 2192  2 23112 8177 2.2 21 10 2 3 22% 26955 4597 37%
c -  0.47  0 210 13 2192  2 23675 5466 2.1 22 10 2 3 22% 26955 4597 37%
c =  0.49  0 202 13 2192  2 24694 6358 2.1 22 11 2 3 22% 26931 4523 37%
c t  0.49  0 202 13 2192  2 24694 6358 2.1 22 11 2 3 22% 26930 4523 37%
c -  0.52  0 190 14 2194  2 27523 5663 2.0 22 11 2 3 22% 26930 4523 37%
c O  0.53  0 188 14 2194  2 28015 6108 2.0 23 11 2 3 22% 26930 4523 37%
c e  0.55  0 183 14 2195  2 29576 7083 2.0 23 11 2 3 22% 26915 4442 36%
c s  0.55  0 183 14 2195  2 29576 7061 2.0 23 11 2 3 22% 26814 4442 36%
c e  0.55  0 183 14 2195  2 29576 7061 2.0 23 11 2 3 22% 26808 4441 36%
c -  0.58  0 179 15 2197  2 31670 5564 2.0 24 12 2 3 23% 26808 4441 36%
c 2  0.58  0 179 15 2197  2 31670 5555 2.0 24 12 2 3 23% 26808 4441 36%
c c  0.59  0 179 15 2197  2 31670 5549 2.0 24 12 2 3 23% 26802 4440 36%
c =  0.59  0 179 15 2197  2 31670 5549 2.0 24 12 2 3 23% 26406 4351 35%
c 2  0.59  0 179 15 2197  2 31670 5549 2.0 24 12 2 3 23% 26404 4351 35%
c f  0.60  0 179 15 2197  2 31670 5546 2.0 24 12 2 3 23% 26343 4377 36%
c 
c  seconds   reductions   conflicts       size   tier2      variables
c         MB      restarts     redundant     glue   trail        remaining
c           level       rate        size/glue  tier1  irredundant
c 
c ]  0.63  0 179 15 2198  2 34391 7883 2.0 26 13 2 3 33% 26343 4377 36%
c {  0.63  0 107 15 2198 19 34391 7883 1.6 7 5 1 2 14% 26343 4377 36%
c B  0.65  0 102 15 2494 18 36016 9311 1.6 8 5 1 2 14% 26343 4377 36%
c -  0.65  0 102 16 2504 18 36120 6195 1.6 8 5 1 2 14% 26343 4377 36%
c d  0.65  0 102 16 2504 18 36120 6194 1.6 8 5 1 2 14% 26342 4376 36%
c =  0.67  0 102 16 2504 18 36120 6193 1.6 8 5 1 2 14% 26325 4365 36%
c -  0.72  0 94 17 3359 18 40872 7183 1.6 8 5 1 2 14% 26325 4365 36%
c p  0.73  0 94 17 3359 18 40872 7188 1.6 8 5 1 2 14% 26325 4365 36%
c =  0.73  0 94 17 3359 18 40872 7185 1.6 8 5 1 2 14% 26305 4350 35%
c u  0.74  0 94 17 3359 18 40872 6155 1.6 8 5 1 2 14% 26117 4350 35%
c v  0.74  0 94 17 3359 18 40872 6141 1.6 8 5 1 2 14% 26117 4350 35%
c t  0.74  0 94 17 3359 18 40872 6140 1.6 8 5 1 2 14% 26117 4350 35%
c 2  0.74  0 94 17 3359 18 40872 6139 1.6 8 5 1 2 14% 26113 4350 35%
c f  0.74  0 94 17 3359 18 40872 6132 1.6 8 5 1 2 14% 26100 4363 36%
c }  0.77  0 91 17 3693 17 43312 8289 1.6 8 5 1 2 14% 26100 4363 36%
c [  0.77  0 179 17 3693  2 43312 8289 2.0 26 13 2 3 33% 26100 4363 36%
c B  0.79  0 179 17 3694  2 45020 9778 2.0 27 14 2 3 37% 26100 4363 36%
c -  0.80  0 175 18 3694  2 45927 7139 2.0 27 14 2 3 35% 26100 4363 36%
c d  0.81  0 175 18 3694  2 45927 7128 2.0 27 14 2 3 35% 26100 4360 35%
c e  0.89  0 169 18 3695  2 50326 9532 2.0 30 15 2 3 32% 22290 3982 32%
c 
c  seconds   reductions   conflicts       size   tier2      variables
c         MB      restarts     redundant     glue   trail        remaining
c           level       rate        size/glue  tier1  irredundant
c 
c s  0.89  0 169 18 3695  2 50326 9526 2.0 30 15 2 3 32% 22276 3982 32%
c e  0.89  0 169 18 3695  2 50326 9524 2.0 30 15 2 3 32% 22272 3981 32%
c -  0.90  0 169 19 3695  2 51287 6914 2.0 30 15 2 3 32% 22272 3981 32%
c 2  0.90  0 169 19 3695  2 51287 6907 2.0 30 15 2 3 32% 22272 3981 32%
c f  0.91  0 169 19 3695  2 51287 6900 2.0 30 15 2 3 32% 22263 3992 32%
c W  0.96  0 159 19 3695  2 55022 10169 2.0 30 15 2 3 28% 22263 3992 32%
c -  0.98  0 157 20 3696  2 56948 7324 2.0 30 15 2 3 27% 22263 3992 32%
c =  0.98  0 157 20 3696  2 56948 7319 2.0 30 15 2 3 27% 22263 3989 32%
c ]  1.00  0 157 20 3697  2 57855 8161 2.0 30 15 2 3 28% 22263 3989 32%
c {  1.00  0 91 20 3697 17 57855 8161 1.6 8 5 1 2 14% 22263 3989 32%
c -  1.07  0 87 21 4642 17 62913 8427 1.6 9 5 1 2 14% 22263 3989 32%
c p  1.07  0 87 21 4642 17 62913 8597 1.6 9 5 1 2 14% 22263 3989 32%
c u  1.09  0 87 21 4642 17 62913 7776 1.6 9 5 1 2 14% 22160 3989 32%
c v  1.09  0 87 21 4642 17 62913 7673 1.6 9 5 1 2 14% 22160 3989 32%
c x  1.09  0 87 21 4642 17 62913 7673 1.6 9 5 1 2 14% 22151 3989 32%
c f  1.09  0 87 21 4642 17 62913 7659 1.6 9 5 1 2 14% 22158 3996 33%
c W  1.14  0 86 21 5132 17 66023 10428 1.6 9 5 1 2 15% 22158 3996 33%
c }  1.17  0 84 21 5562 16 68694 12780 1.6 9 5 1 2 15% 22158 3996 33%
c [  1.17  0 157 21 5562  2 68694 12780 2.0 30 15 2 3 28% 22158 3996 33%
c -  1.18  0 157 22 5562  2 69184 8897 2.0 30 15 2 3 28% 22158 3996 33%
c 
c  seconds   reductions   conflicts       size   tier2      variables
c         MB      restarts     redundant     glue   trail        remaining
c           level       rate        size/glue  tier1  irredundant
c 
c p  1.18  0 157 22 5562  2 69184 8892 2.0 30 15 2 3 28% 22146 3994 33%
c f  1.18  0 157 22 5562  2 69184 8892 2.0 30 15 2 3 28% 22143 3994 33%
c e  1.25  0 153 22 5566  2 75168 13923 2.0 30 15 1 2 28% 22092 3981 32%
c s  1.25  0 153 22 5566  2 75168 13922 2.0 30 15 1 2 28% 22088 3981 32%
c -  1.27  0 152 23 5566  2 75760 9440 2.0 30 15 1 2 28% 22088 3981 32%
c 2  1.27  0 152 23 5566  2 75760 9436 2.0 30 15 1 2 28% 22088 3981 32%
c I  1.30  0 151 23 5567  2 78024 11452 2.0 30 15 1 2 28% 22088 3976 32%
c -  1.37  0 151 24 5569  2 82643 9388 2.0 31 16 1 2 30% 22088 3976 32%
c p  1.37  0 151 24 5569  2 82643 9407 2.0 31 16 1 2 30% 22088 3975 32%
c u  1.37  0 151 24 5569  2 82643 8885 2.0 31 16 1 2 30% 22081 3975 32%
c v  1.37  0 151 24 5569  2 82643 8779 2.0 31 16 1 2 30% 22081 3975 32%
c w  1.37  0 151 24 5569  2 82643 8778 2.0 31 16 1 2 30% 22081 3975 32%
c f  1.38  0 151 24 5569  2 82643 8766 2.0 31 16 1 2 29% 22063 3989 32%
c ]  1.46  0 150 24 5574  2 89601 15163 2.0 31 16 1 2 29% 22063 3989 32%
c {  1.46  0 84 24 5574 16 89601 15163 1.6 9 5 1 2 15% 22063 3989 32%
c -  1.46  0 84 25 5625 16 89830 9100 1.6 9 5 1 2 15% 22063 3989 32%
c p  1.46  0 84 25 5625 16 89830 9129 1.6 9 5 1 2 15% 22063 3989 32%
c f  1.47  0 84 25 5625 16 89830 9108 1.6 9 5 1 2 15% 22074 3999 33%
c F  1.49  0 83 25 5806 16 91026 10169 1.7 9 5 1 2 15% 22074 3999 33%
c -  1.57  0 81 26 6748 16 97322 10623 1.7 9 6 1 2 15% 22074 3999 33%
c 
c  seconds  reductions   conflicts        size tier2      variables
c         MB     restarts      redundant    glue  trail        remaining
c          level       rate         size/glu tier1  irredundant
c 
c d  1.57  0 81 26 6748 16 97322 10613 1.7 9 6 1 2 15% 22074 3998 33%
c p  1.57  0 81 26 6748 16 97322 10922 1.7 9 6 1 2 15% 22074 3997 33%
c 2  1.57  0 81 26 6748 16 97322 10922 1.7 9 6 1 2 15% 22072 3997 33%
c =  1.59  0 81 26 6748 16 97322 10914 1.7 9 6 1 2 15% 22055 3992 32%
c u  1.59  0 81 26 6748 16 97322 10362 1.7 9 6 1 2 15% 22055 3992 32%
c v  1.59  0 81 26 6748 16 97322 10223 1.7 9 6 1 2 15% 22055 3992 32%
c f  1.59  0 81 26 6748 16 97322 10121 1.7 9 6 1 2 15% 22113 4032 33%
c }  1.69  0 78 26 7788 15 104006 15993 1.7 10 6 1 2 14% 22113 4032 33%
c [  1.69  0 150 26 7788  2 104006 15993 2.0 31 16 1 2 29% 22113 4032 33%
c t  1.70  0 149 26 7788  2 104834 16725 2.0 31 16 1 2 28% 22111 4032 33%
c e  1.70  0 149 26 7788  2 104834 16666 2.0 31 16 1 2 28% 22098 4020 33%
c s  1.70  0 149 26 7788  2 104834 16664 2.0 31 16 1 2 28% 22094 4020 33%
c B  1.71  0 149 26 7788  2 105027 16839 2.0 31 16 1 2 58% 22094 4020 33%
c -  1.71  0 149 27 7788  2 105124 11536 2.0 31 16 1 2 42% 22094 4020 33%
c p  1.71  0 149 27 7788  2 105124 11566 2.0 31 16 1 2 42% 22083 4018 33%
c -  1.82  0 146 28 7789  2 113229 12022 2.0 33 16 1 2 36% 22083 4018 33%
c p  1.82  0 146 28 7789  2 113229 12057 2.0 33 16 1 2 36% 22083 4018 33%
c =  1.83  0 146 28 7789  2 113229 12055 2.0 33 16 1 2 36% 22079 4012 33%
c u  1.84  0 146 28 7789  2 113229 11860 2.0 33 16 1 2 36% 22079 4012 33%
c v  1.84  0 146 28 7789  2 113229 11769 2.0 33 16 1 2 36% 22079 4012 33%
c 
c  seconds   reductions   conflicts         size   tier2      variables
c         MB      restarts       redundant     glue   trail        remaining
c           level       rate          size/glue  tier1  irredundant
c 
c w  1.84  0 146 28 7789  2 113229 11768 2.0 33 16 1 2 36% 22079 4012 33%
c x  1.84  0 146 28 7789  2 113229 11768 2.0 33 16 1 2 36% 22064 4012 33%
c W  1.94  0 146 28 7790  2 120028 17974 2.0 33 16 1 2 34% 22064 4012 33%
c -  1.96  0 146 29 7790  2 121642 11525 2.0 33 16 1 2 34% 22064 4012 33%
c p  1.96  0 146 29 7790  2 121642 11581 2.0 33 16 1 2 34% 22064 4012 33%
c ]  2.09  0 145 29 7790  2 127801 17329 2.0 37 18 1 2 34% 22064 4012 33%
c {  2.09  0 78 29 7790 15 127801 17329 1.7 10 6 1 2 16% 22064 4012 33%
c -  2.13  0 77 30 8296 16 130364 12070 1.7 10 6 1 2 16% 22064 4012 33%
c p  2.13  0 77 30 8296 16 130364 12190 1.7 10 6 1 2 16% 22064 4011 33%
c c  2.14  0 77 30 8296 16 130364 12190 1.7 10 6 1 2 16% 22058 4011 33%
c d  2.14  0 77 30 8296 16 130364 12187 1.7 10 6 1 2 16% 22056 4010 33%
c 2  2.14  0 77 30 8296 16 130364 12187 1.7 10 6 1 2 16% 22054 4010 33%
c u  2.15  0 77 30 8296 16 130364 11772 1.7 10 6 1 2 16% 22001 4010 33%
c v  2.15  0 77 30 8296 16 130364 11665 1.7 10 6 1 2 16% 22001 4010 33%
c f  2.15  0 77 30 8296 16 130364 11665 1.7 10 6 1 2 16% 21999 4012 33%
c B  2.23  0 76 30 9193 15 136031 16714 1.7 10 6 1 2 16% 21999 4012 33%
c e  2.29  0 76 30 9751 15 139252 19593 1.7 10 6 1 2 16% 21997 4009 33%
c s  2.29  0 76 30 9751 15 139252 19591 1.7 10 6 1 2 16% 21995 4009 33%
c -  2.30  0 76 31 9784 15 139390 13218 1.7 10 6 1 2 16% 21995 4009 33%
c p  2.30  0 76 31 9784 15 139390 13295 1.7 10 6 1 2 16% 21995 4009 33%
c 
c  seconds  reductions   conflicts         size  tier2      variables
c         MB     restarts       redundant     glue  trail        remaining
c          level       rate          size/glue tier1  irredundant
c 
c =  2.32  0 76 31 9784 15 139390 13295 1.7 10 6 1 2 16% 21994 4008 33%
c t  2.32  0 76 31 9784 15 139390 13289 1.7 10 6 1 2 16% 21994 4008 33%
c 2  2.32  0 76 31 9784 15 139390 13288 1.7 10 6 1 2 16% 21994 4008 33%
c f  2.32  0 76 31 9784 15 139390 13280 1.7 10 6 1 2 16% 21996 4012 33%
c }  2.38  0 76 31 10464 16 142954 16502 1.7 10 6 1 2 16% 21996 4012 33%
c [  2.38  0 145 31 10464  2 142954 16502 2.0 37 18 1 2 34% 21996 4012 33%
c -  2.46  0 143 32 10465  2 148723 14278 2.0 37 18 1 2 35% 21996 4012 33%
c p  2.46  0 143 32 10465  2 148723 14411 2.0 37 18 1 2 35% 21996 4012 33%
c u  2.48  0 143 32 10465  2 148723 13742 2.0 37 18 1 2 35% 21996 4012 33%
c v  2.48  0 143 32 10465  2 148723 13475 2.0 37 18 1 2 35% 21996 4012 33%
c w  2.48  0 143 32 10465  2 148723 13474 2.0 37 18 1 2 35% 21996 4012 33%
c t  2.48  0 143 32 10465  2 148723 13471 2.0 37 18 1 2 35% 21996 4012 33%
c O  2.55  0 144 32 10468  2 153032 17506 2.1 37 18 1 2 36% 21996 4012 33%
c -  2.62  0 143 33 10471  2 158365 13767 2.0 37 18 1 2 35% 21996 4012 33%
c p  2.62  0 143 33 10471  2 158365 13785 2.0 37 18 1 2 35% 21996 4012 33%
c t  2.63  0 143 33 10471  2 158365 13783 2.0 37 18 1 2 35% 21996 4012 33%
c -  2.75  0 145 34 10477  2 168313 13845 2.0 37 18 1 2 35% 21996 4012 33%
c =  2.76  0 145 34 10477  2 168313 13680 2.0 37 18 1 2 35% 21992 3992 32%
c B  2.80  0 145 34 10478  2 171033 16205 2.0 37 18 1 2 35% 21992 3992 32%
c ]  2.87  0 146 34 10479  2 176267 21058 2.0 37 19 1 2 35% 21992 3992 32%
c 
c  seconds  reductions    conflicts         size  tier2      variables
c         MB      restarts       redundant     glue  trail        remaining
c          level        rate          size/glue tier1  irredundant
c 
c {  2.87  0 76 34 10479 16 176267 21058 1.7 10 6 1 2 16% 21992 3992 32%
c e  2.91  0 75 34 10921 16 178546 23074 1.7 10 6 1 2 16% 21991 3991 32%
c ^  2.91  0 75 34 10921 16 178546 23074 1.7 10 6 1 2 16% 21991 3991 32%
c -  2.92  0 75 35 10928 16 178570 14385 1.7 10 6 1 2 16% 21991 3991 32%
c p  2.92  0 75 35 10928 16 178570 14386 1.7 10 6 1 2 16% 21991 3991 32%
c =  2.93  0 75 35 10928 16 178570 14368 1.7 10 6 1 2 16% 21707 3916 32%
c u  2.94  0 75 35 10928 16 178570 13898 1.7 10 6 1 2 16% 21679 3916 32%
c v  2.94  0 75 35 10928 16 178570 13804 1.7 10 6 1 2 16% 21679 3916 32%
c 2  2.94  0 75 35 10928 16 178570 13803 1.7 10 6 1 2 16% 21674 3916 32%
c f  2.94  0 75 35 10928 16 178570 13803 1.7 10 6 1 2 16% 21668 3917 32%
c -  3.14  0 74 36 12784 16 189135 15523 1.7 11 6 1 2 16% 21667 3917 32%
c p  3.14  0 74 36 12784 16 189135 15717 1.7 11 6 1 2 16% 21667 3917 32%
c u  3.16  0 74 36 12784 16 189135 15389 1.7 11 6 1 2 16% 21667 3917 32%
c v  3.16  0 74 36 12784 16 189135 15225 1.7 11 6 1 2 16% 21667 3917 32%
c x  3.17  0 74 36 12784 16 189135 15214 1.7 11 6 1 2 16% 21529 3917 32%
c t  3.17  0 74 36 12784 16 189135 15214 1.7 11 6 1 2 16% 21528 3917 32%
c W  3.21  0 74 36 12957 16 190034 16035 1.7 11 6 1 2 16% 21528 3917 32%
c }  3.28  0 74 36 13655 16 193558 19245 1.7 11 6 1 2 16% 21528 3917 32%
c [  3.28  0 146 36 13655  2 193558 19245 2.0 37 19 1 2 35% 21528 3917 32%
c -  3.35  0 141 37 13655  2 200007 16306 2.0 37 18 1 2 35% 21528 3917 32%
c 
c  seconds   reductions    conflicts         size   tier2      variables
c         MB       restarts       redundant     glue   trail        remaining
c           level        rate          size/glue  tier1  irredundant
c 
c p  3.35  0 141 37 13655  2 200007 16307 2.0 37 18 1 2 35% 21528 3917 32%
c t  3.36  0 141 37 13655  2 200007 16303 2.0 37 18 1 2 35% 21528 3917 32%
c W  3.48  0 139 37 13662  2 210035 25590 2.0 36 18 2 4 34% 21528 3917 32%
c -  3.50  0 139 38 13662  2 211189 16500 2.0 36 18 2 4 34% 21528 3917 32%
c p  3.50  0 139 38 13662  2 211189 16535 2.0 36 18 2 4 34% 21528 3917 32%
c u  3.52  0 139 38 13662  2 211189 16239 2.0 36 18 2 4 34% 21406 3917 32%
c v  3.52  0 139 38 13662  2 211189 16072 2.0 36 18 2 4 34% 21406 3917 32%
c w  3.52  0 139 38 13662  2 211189 16070 2.0 36 18 2 4 34% 21406 3917 32%
c -  3.64  0 133 39 13669  2 222677 16176 2.0 35 17 2 4 32% 21406 3917 32%
c p  3.64  0 133 39 13669  2 222677 16221 2.0 35 17 2 4 32% 21406 3917 32%
c e  3.66  0 134 39 13669  2 222865 13856 2.0 35 17 2 4 32% 20650 3562 29%
c ^  3.66  0 134 39 13669  2 222865 13856 2.0 35 17 2 4 32% 20650 3562 29%
c I  3.77  0 133 39 13670  2 231037 21129 2.0 35 18 2 4 29% 20650 3562 29%
c -  3.81  0 132 40 13671  2 234474 14476 2.0 35 18 2 4 32% 20650 3562 29%
c p  3.81  0 132 40 13671  2 234474 14548 2.0 35 18 2 4 32% 20650 3562 29%
c u  3.81  0 132 40 13671  2 234474 14382 2.0 35 18 2 4 32% 20637 3562 29%
c v  3.81  0 132 40 13671  2 234474 14264 2.0 35 18 2 4 32% 20637 3562 29%
c w  3.81  0 132 40 13671  2 234474 14264 2.0 35 18 2 4 32% 20637 3562 29%
c x  3.81  0 132 40 13671  2 234474 14264 2.0 35 18 2 4 32% 20612 3562 29%
c ]  3.89  0 129 40 13671  1 240588 19735 2.0 35 17 2 4 27% 20612 3562 29%
c 
c  seconds  reductions    conflicts         size  tier2      variables
c         MB      restarts       redundant     glue  trail        remaining
c          level        rate          size/glue tier1  irredundant
c 
c {  3.89  0 74 40 13671 16 240588 19735 1.7 11 6 1 2 19% 20612 3562 29%
c -  3.97  0 73 41 14375 15 246579 15770 1.7 11 6 1 2 18% 20612 3562 29%
c p  3.98  0 73 41 14375 15 246579 15773 1.7 11 6 1 2 18% 20612 3562 29%
c #  4.09  0 73 41 15306 15 253038 21586 1.7 11 6 1 2 18% 20612 3562 29%
c -  4.24  0 72 42 16506 15 258994 17689 1.7 11 7 1 2 18% 20612 3562 29%
c p  4.24  0 72 42 16506 15 258994 17864 1.7 11 7 1 2 18% 20612 3562 29%
c u  4.25  0 72 42 16506 15 258994 17113 1.7 11 7 1 2 18% 20607 3562 29%
c v  4.26  0 72 42 16506 15 258994 16711 1.7 11 7 1 2 18% 20607 3562 29%
c }  4.34  0 72 42 17287 15 263810 21073 1.7 11 7 1 2 18% 20607 3562 29%
c [  4.34  0 129 42 17287  1 263810 21073 2.0 35 17 2 4 27% 20607 3562 29%
c -  4.49  0 128 43 17287  1 271716 18009 2.0 36 18 1 2 28% 20607 3562 29%
c p  4.50  0 128 43 17287  1 271716 18051 2.0 36 18 1 2 28% 20607 3562 29%
c e  4.54  0 129 43 17287  1 273574 17199 2.0 36 18 1 2 29% 20214 3347 27%
c ^  4.54  0 129 43 17287  1 273574 17199 2.0 36 18 1 2 29% 20214 3347 27%
c B  4.57  0 126 43 17288  1 276039 19320 2.0 36 18 1 2 27% 20214 3347 27%
c -  4.72  0 132 44 17288  1 284747 16764 2.1 38 18 1 2 35% 20211 3347 27%
c 2  4.72  0 132 44 17288  1 284747 16763 2.1 38 18 1 2 35% 20211 3347 27%
c p  4.72  0 132 44 17288  1 284747 16842 2.1 38 18 1 2 35% 20211 3347 27%
c u  4.73  0 132 44 17288  1 284747 16267 2.1 38 18 1 2 35% 20207 3347 27%
c v  4.73  0 132 44 17288  1 284747 15967 2.1 38 18 1 2 35% 20207 3347 27%
c 
c  seconds   reductions    conflicts         size   tier2      variables
c         MB       restarts       redundant     glue   trail        remaining
c           level        rate          size/glue  tier1  irredundant
c 
c w  4.73  0 132 44 17288  1 284747 15967 2.1 38 18 1 2 35% 20207 3347 27%
c f  4.74  0 132 44 17288  1 284747 15967 2.1 38 18 1 2 35% 20202 3348 27%
c -  5.03  0 135 45 17288  1 298087 16683 2.1 40 19 1 2 37% 20202 3348 27%
c p  5.03  0 135 45 17288  1 298087 16786 2.1 40 19 1 2 37% 20202 3348 27%
c u  5.05  0 135 45 17288  1 298087 16637 2.1 40 19 1 2 37% 20202 3348 27%
c v  5.05  0 135 45 17288  1 298087 16566 2.1 40 19 1 2 37% 20202 3348 27%
c w  5.05  0 135 45 17288  1 298087 16565 2.1 40 19 1 2 37% 20202 3348 27%
c x  5.05  0 135 45 17288  1 298087 16565 2.1 40 19 1 2 37% 20156 3348 27%
c W  5.11  0 134 45 17288  1 300040 18314 2.1 40 19 1 2 36% 20156 3348 27%
c ]  5.14  0 134 45 17288  1 302371 20507 2.1 40 19 1 2 37% 20156 3348 27%
c {  5.14  0 72 45 17288 15 302371 20507 1.7 11 7 1 2 18% 20156 3348 27%
c -  5.32  0 72 46 18870 15 311739 18258 1.7 12 7 1 2 18% 20156 3348 27%
c p  5.33  0 72 46 18870 15 311739 18325 1.7 12 7 1 2 18% 20156 3348 27%
c u  5.33  0 72 46 18870 15 311739 17974 1.7 12 7 1 2 18% 20067 3348 27%
c v  5.33  0 72 46 18870 15 311739 17777 1.7 12 7 1 2 18% 20067 3348 27%
c B  5.59  0 72 46 21146 15 325041 29830 1.7 12 7 1 2 18% 20067 3348 27%
c -  5.60  0 72 47 21165 15 325697 19760 1.7 12 7 1 2 18% 20067 3348 27%
c p  5.61  0 72 47 21165 15 325697 19851 1.7 12 7 1 2 18% 20067 3348 27%
c u  5.61  0 72 47 21165 15 325697 19385 1.7 12 7 1 2 18% 20059 3348 27%
c v  5.62  0 72 47 21165 15 325697 19126 1.7 12 7 1 2 18% 20059 3348 27%
c 
c  seconds  reductions    conflicts         size  tier2      variables
c         MB      restarts       redundant     glue  trail        remaining
c          level        rate          size/glue tier1  irredundant
c 
c }  5.65  0 72 47 21458 15 327408 20698 1.7 12 7 1 2 18% 20058 3348 27%
c [  5.65  0 134 47 21458  1 327408 20698 2.1 40 19 1 2 37% 20058 3348 27%
c t  5.68  0 133 47 21458  1 330652 23515 2.1 40 19 1 2 37% 20058 3348 27%
c e  5.69  0 133 47 21458  1 330652 18174 2.1 40 19 1 2 37% 20880 3077 25%
c s  5.70  0 133 47 21458  1 330652 18067 2.1 40 19 1 2 37% 20795 3077 25%
c e  5.70  0 133 47 21458  1 330652 17443 2.1 40 19 1 2 37% 20798 3049 25%
c -  5.83  0 134 48 21463  1 339967 16755 2.1 40 19 1 2 38% 20798 3049 25%
c 2  5.83  0 134 48 21463  1 339967 16743 2.1 40 19 1 2 38% 20798 3049 25%
c p  5.83  0 134 48 21463  1 339967 16779 2.1 40 19 1 2 38% 20798 3049 25%
c t  5.83  0 134 48 21463  1 339967 16779 2.1 40 19 1 2 38% 20793 3049 25%
c f  5.84  0 134 48 21463  1 339967 16779 2.1 40 19 1 2 38% 20762 3055 25%
c O  6.01  0 137 48 21469  1 351042 27172 2.1 41 19 1 2 40% 20762 3055 25%
c -  6.06  0 137 49 21471  1 354543 17639 2.1 40 19 1 2 38% 20762 3055 25%
c p  6.06  0 137 49 21471  1 354543 17682 2.1 40 19 1 2 38% 20762 3055 25%
c u  6.07  0 137 49 21471  1 354543 17374 2.1 40 19 1 2 38% 20761 3055 25%
c v  6.07  0 137 49 21471  1 354543 17211 2.1 40 19 1 2 38% 20761 3055 25%
c w  6.07  0 137 49 21471  1 354543 17210 2.1 40 19 1 2 38% 20761 3055 25%
c f  6.07  0 137 49 21471  1 354543 17209 2.1 40 19 1 2 38% 20724 3062 25%
c -  6.32  0 138 50 21475  1 369428 17800 2.1 42 20 1 2 39% 20724 3062 25%
c p  6.32  0 138 50 21475  1 369428 17856 2.1 42 20 1 2 39% 20724 3062 25%
c 
c  seconds   reductions    conflicts         size   tier2      variables
c         MB       restarts       redundant     glue   trail        remaining
c           level        rate          size/glue  tier1  irredundant
c 
c f  6.34  0 138 50 21475  1 369428 17853 2.1 42 20 1 2 39% 20722 3063 25%
c B  6.49  0 140 50 21480  1 378044 25975 2.1 43 20 1 2 41% 20722 3063 25%
c ]  6.56  0 140 50 21483  1 384130 31490 2.1 42 20 1 2 40% 20722 3063 25%
c {  6.56  0 72 50 21483 15 384130 31490 1.7 12 7 1 2 21% 20722 3063 25%
c -  6.57  0 72 51 21507 15 384625 18599 1.7 12 7 1 2 21% 20722 3063 25%
c p  6.57  0 72 51 21507 15 384625 18609 1.7 12 7 1 2 21% 20722 3063 25%
c u  6.58  0 72 51 21507 15 384625 18282 1.7 12 7 1 2 21% 20722 3063 25%
c v  6.58  0 72 51 21507 15 384625 18126 1.7 12 7 1 2 21% 20722 3063 25%
c w  6.58  0 72 51 21507 15 384625 18125 1.7 12 7 1 2 21% 20722 3063 25%
c x  6.58  0 72 51 21507 15 384625 18122 1.7 12 7 1 2 21% 20697 3063 25%
c e  6.79  0 72 51 23124 14 397133 29524 1.7 12 7 1 2 20% 20694 3062 25%
c s  6.79  0 72 51 23124 14 397133 29523 1.7 12 7 1 2 20% 20694 3062 25%
c -  6.86  0 71 52 23591 14 400129 20659 1.7 12 7 1 2 20% 20694 3062 25%
c 2  6.86  0 71 52 23591 14 400129 20658 1.7 12 7 1 2 20% 20694 3062 25%
c p  6.86  0 71 52 23591 14 400129 20707 1.7 12 7 1 2 20% 20694 3062 25%
c u  6.87  0 71 52 23591 14 400129 20435 1.7 12 7 1 2 20% 20694 3062 25%
c v  6.87  0 71 52 23591 14 400129 20192 1.7 12 7 1 2 20% 20694 3062 25%
c W  7.01  0 71 52 24300 14 406045 25540 1.7 12 7 1 2 20% 20694 3062 25%
c }  7.20  0 71 52 25821 14 414941 33607 1.7 13 7 1 2 20% 20694 3062 25%
c [  7.20  0 140 52 25821  1 414941 33607 2.1 42 20 1 2 40% 20694 3062 25%
c 
c  seconds   reductions    conflicts         size   tier2      variables
c         MB       restarts       redundant     glue   trail        remaining
c           level        rate          size/glue  tier1  irredundant
c 
c -  7.22  0 139 53 25822  1 415942 21946 2.1 42 20 1 2 40% 20694 3062 25%
c p  7.23  0 139 53 25822  1 415942 21988 2.1 42 20 1 2 40% 20694 3062 25%
c u  7.23  0 139 53 25822  1 415942 21432 2.1 42 20 1 2 40% 20694 3062 25%
c v  7.24  0 139 53 25822  1 415942 21169 2.1 42 20 1 2 40% 20694 3062 25%
c w  7.24  0 139 53 25822  1 415942 21167 2.1 42 20 1 2 40% 20694 3062 25%
c -  7.50  0 141 54 25826  1 432065 22055 2.1 43 21 1 2 39% 20694 3062 25%
c p  7.50  0 141 54 25826  1 432065 22097 2.1 43 21 1 2 39% 20694 3062 25%
c W  7.55  0 140 54 25827  1 435046 24596 2.1 43 20 1 2 39% 20694 3062 25%
c -  7.64  0 133 55 25827  1 448500 21498 2.1 39 19 1 2 33% 20694 3062 25%
c u  7.65  0 133 55 25827  1 448500 21179 2.1 39 19 1 2 33% 20694 3062 25%
c v  7.65  0 133 55 25827  1 448500 21171 2.1 39 19 1 2 33% 20694 3062 25%
c w  7.65  0 133 55 25827  1 448500 21171 2.1 39 19 1 2 33% 20694 3062 25%
c I  7.77  0 128 55 25836  1 465047 35546 2.1 36 17 1 2 30% 20694 3062 25%
c -  7.78  0 128 56 25836  1 465242 21206 2.1 36 17 1 2 30% 20694 3062 25%
c ^  7.82  0 127 56 25838  1 468807 24330 2.1 36 17 1 2 29% 20694 3062 25%
c -  7.94  0 128 57 25842  1 482294 22162 2.0 34 17 1 2 29% 20694 3062 25%
c p  7.94  0 128 57 25842  1 482294 22196 2.0 34 17 1 2 29% 20694 3062 25%
c B  8.06  0 124 57 25849  1 496048 33773 2.0 33 17 1 2 27% 20694 3062 25%
c -  8.09  0 124 58 25851  1 499655 22861 2.0 33 16 1 2 27% 20694 3062 25%
c u  8.10  0 124 58 25851  1 499655 22583 2.0 33 16 1 2 27% 20694 3062 25%
c 
c  seconds   reductions    conflicts         size   tier2      variables
c         MB       restarts       redundant     glue   trail        remaining
c           level        rate          size/glue  tier1  irredundant
c 
c v  8.10  0 124 58 25851  1 499655 22579 2.0 33 16 1 2 27% 20694 3062 25%
c w  8.10  0 124 58 25851  1 499655 22577 2.0 33 16 1 2 27% 20694 3062 25%
c -  8.24  0 122 59 25857  1 517327 23618 2.0 31 15 1 2 26% 20694 3062 25%
c ]  8.29  0 123 59 25858  1 523175 28853 2.0 30 15 1 2 26% 20694 3062 25%
c {  8.29  0 71 59 25858 14 523175 28853 1.7 13 7 1 2 20% 20694 3062 25%
c F  8.35  0 71 59 26235 14 528052 33166 1.7 13 7 1 2 20% 20694 3062 25%
c -  8.47  0 70 60 27111 14 535308 26580 1.7 13 7 1 2 20% 20694 3062 25%
c p  8.47  0 70 60 27111 14 535308 26612 1.7 13 7 1 2 20% 20694 3062 25%
c u  8.48  0 70 60 27111 14 535308 26292 1.7 13 7 1 2 20% 20694 3062 25%
c v  8.48  0 70 60 27111 14 535308 26184 1.7 13 7 1 2 20% 20694 3062 25%
c e  8.69  0 70 60 28660 14 545997 29682 1.8 13 7 1 2 20% 22380 2821 23%
c s  8.70  0 70 60 28660 14 545997 29427 1.8 13 7 1 2 20% 22102 2821 23%
c e  8.70  0 70 60 28660 14 545997 29281 1.8 13 7 1 2 20% 22114 2816 23%
c -  8.82  0 70 61 29460 13 553599 24367 1.8 13 7 1 2 19% 22112 2816 23%
c 2  8.82  0 70 61 29460 13 553599 24361 1.8 13 7 1 2 19% 22112 2816 23%
c p  8.82  0 70 61 29460 13 553599 24382 1.8 13 7 1 2 19% 22112 2816 23%
c u  8.83  0 70 61 29460 13 553599 24104 1.8 13 7 1 2 19% 22112 2816 23%
c v  8.83  0 70 61 29460 13 553599 23764 1.8 13 7 1 2 19% 22112 2816 23%
c w  8.83  0 70 61 29460 13 553599 23764 1.8 13 7 1 2 19% 22112 2816 23%
c f  8.84  0 70 61 29460 13 553599 23764 1.8 13 7 1 2 19% 22085 2819 23%
c 
c  seconds  reductions    conflicts         size  tier2      variables
c         MB      restarts       redundant     glue  trail        remaining
c          level        rate          size/glue tier1  irredundant
c 
c B  8.95  0 70 61 30277 13 561054 30529 1.8 13 7 1 2 19% 22085 2819 23%
c }  9.03  0 70 61 30949 13 565433 34522 1.8 13 7 1 2 19% 22085 2819 23%
c [  9.03  0 123 61 30949  1 565433 34522 2.0 30 15 1 2 26% 22085 2819 23%
c -  9.08  0 123 62 30949  1 572200 26175 1.9 30 15 1 2 25% 22085 2819 23%
c p  9.08  0 123 62 30949  1 572200 26190 1.9 30 15 1 2 25% 22085 2819 23%
c u  9.09  0 123 62 30949  1 572200 25865 1.9 30 15 1 2 25% 22085 2819 23%
c v  9.09  0 123 62 30949  1 572200 25696 1.9 30 15 1 2 25% 22085 2819 23%
c w  9.09  0 123 62 30949  1 572200 25696 1.9 30 15 1 2 25% 22085 2819 23%
c -  9.27  0 123 63 30950  1 591110 26552 1.9 29 15 1 2 26% 22085 2819 23%
c p  9.27  0 123 63 30950  1 591110 26564 1.9 29 15 1 2 26% 22085 2819 23%
c W  9.36  0 120 63 30950  1 595055 30074 1.9 29 15 1 2 25% 22085 2819 23%
c -  9.58  0 121 64 30950  1 610331 25212 2.0 31 16 1 2 27% 22085 2819 23%
c u  9.59  0 121 64 30950  1 610331 25021 2.0 31 16 1 2 27% 22085 2819 23%
c v  9.59  0 121 64 30950  1 610331 25013 2.0 31 16 1 2 27% 22085 2819 23%
c w  9.59  0 121 64 30950  1 610331 25012 2.0 31 16 1 2 27% 22085 2819 23%
c -  9.81  0 123 65 30951  1 629862 24794 2.0 31 16 1 2 27% 22085 2819 23%
c p  9.81  0 123 65 30951  1 629862 24806 2.0 31 16 1 2 27% 22085 2819 23%
c O  9.81  0 123 65 30951  1 630057 24979 2.0 31 16 1 2 27% 22085 2819 23%
c ^  9.89  0 122 65 30951  1 635195 29703 2.0 31 16 1 2 28% 22085 2819 23%
c - 10.23  0 125 66 30951  1 649703 25967 2.1 37 18 1 2 30% 22085 2819 23%
c 
c  seconds   reductions    conflicts         size   tier2      variables
c         MB       restarts       redundant     glue   trail        remaining
c           level        rate          size/glue  tier1  irredundant
c 
c p 10.23  0 125 66 30951  1 649703 25979 2.1 37 18 1 2 30% 22085 2819 23%
c u 10.24  0 125 66 30951  1 649703 25540 2.1 37 18 1 2 30% 22085 2819 23%
c v 10.24  0 125 66 30951  1 649703 25336 2.1 37 18 1 2 30% 22085 2819 23%
c w 10.24  0 125 66 30951  1 649703 25333 2.1 37 18 1 2 30% 22085 2819 23%
c ] 10.29  0 125 66 30951  1 652513 28013 2.1 37 18 1 2 30% 22085 2819 23%
c { 10.29  0 70 66 30951 13 652513 28013 1.8 13 7 1 2 19% 22085 2819 23%
c W 10.51  0 69 66 32181 12 666058 40133 1.8 13 7 1 2 18% 22085 2819 23%
c - 10.59  0 69 67 32775 12 669854 27726 1.8 13 7 1 2 18% 22085 2819 23%
c p 10.60  0 69 67 32775 12 669854 27737 1.8 13 7 1 2 18% 22085 2819 23%
c u 10.60  0 69 67 32775 12 669854 27567 1.8 13 7 1 2 18% 22085 2819 23%
c v 10.61  0 69 67 32775 12 669854 27315 1.8 13 7 1 2 18% 22085 2819 23%
c w 10.61  0 69 67 32775 12 669854 27315 1.8 13 7 1 2 18% 22085 2819 23%
c - 11.01  0 69 68 35707 13 690315 29582 1.8 13 8 1 2 18% 22085 2819 23%
c p 11.02  0 69 68 35707 13 690315 29593 1.8 13 8 1 2 18% 22085 2819 23%
c u 11.02  0 69 68 35707 13 690315 29387 1.8 13 8 1 2 18% 22085 2819 23%
c v 11.03  0 69 68 35707 13 690315 29124 1.8 13 8 1 2 18% 22085 2819 23%
c w 11.03  0 69 68 35707 13 690315 29124 1.8 13 8 1 2 18% 22085 2819 23%
c x 11.03  0 69 68 35707 13 690315 29124 1.8 13 8 1 2 18% 22061 2819 23%
c } 11.12  0 69 68 36435 13 695594 33976 1.8 13 8 1 2 18% 22061 2819 23%
c [ 11.12  0 125 68 36435  1 695594 33976 2.1 37 18 1 2 30% 22061 2819 23%
c 
c  seconds   reductions    conflicts         size   tier2      variables
c         MB       restarts       redundant     glue   trail        remaining
c           level        rate          size/glue  tier1  irredundant
c 
c B 11.24  0 126 68 36435  1 703060 41034 2.1 38 18 1 2 32% 22061 2819 23%
c - 11.44  0 127 69 36435  1 711086 30845 2.1 40 19 1 2 33% 22061 2819 23%
c p 11.44  0 127 69 36435  1 711086 30857 2.1 40 19 1 2 33% 22061 2819 23%
c u 11.44  0 127 69 36435  1 711086 30693 2.1 40 19 1 2 33% 22061 2819 23%
c v 11.45  0 127 69 36435  1 711086 30513 2.1 40 19 1 2 33% 22061 2819 23%
c w 11.45  0 127 69 36435  1 711086 30512 2.1 40 19 1 2 33% 22061 2819 23%
c e 11.73  0 129 69 36441  1 730232 23248 2.0 39 19 1 2 33% 26849 2435 20%
c - 11.76  0 130 70 36442  1 732167 17402 2.0 39 19 1 2 42% 26849 2435 20%
c p 11.76  0 130 70 36442  1 732167 17412 2.0 39 19 1 2 42% 26849 2435 20%
c W 11.87  0 128 70 36446  1 741061 24997 2.0 38 19 1 2 27% 26849 2435 20%
c - 11.97  0 124 71 36450  1 753562 20358 2.0 36 18 1 2 23% 26849 2435 20%
c u 11.98  0 124 71 36450  1 753562 19975 2.0 36 18 1 2 23% 26848 2435 20%
c v 11.98  0 124 71 36450  1 753562 19813 2.0 36 18 1 2 23% 26848 2435 20%
c w 11.99  0 124 71 36450  1 753562 19813 2.0 36 18 1 2 23% 26848 2435 20%
c - 12.15  0 122 72 36460  1 775263 21237 2.0 33 17 1 2 22% 26848 2435 20%
c p 12.15  0 122 72 36460  1 775263 21251 2.0 33 17 1 2 22% 26848 2435 20%
c I 12.18  0 121 72 36463  1 780063 25132 2.0 32 16 1 2 22% 26848 2435 20%
c - 12.30  0 116 73 36466  1 797275 22554 2.0 30 15 2 5 20% 26848 2435 20%
c ] 12.51  0 114 73 36471  1 817301 40237 2.0 30 15 2 5 20% 26848 2435 20%
c { 12.51  0 69 73 36471 13 817301 40237 1.8 13 8 1 2 22% 26848 2435 20%
c 
c  seconds  reductions    conflicts         size  tier2      variables
c         MB      restarts       redundant     glue  trail        remaining
c          level        rate          size/glue tier1  irredundant
c 
c - 12.54  0 69 74 36554 12 819598 24224 1.8 13 8 1 2 22% 26848 2435 20%
c p 12.54  0 69 74 36554 12 819598 24235 1.8 13 8 1 2 22% 26848 2435 20%
c u 12.55  0 69 74 36554 12 819598 23646 1.8 13 8 1 2 22% 26848 2435 20%
c v 12.55  0 69 74 36554 12 819598 23315 1.8 13 8 1 2 22% 26848 2435 20%
c w 12.55  0 69 74 36554 12 819598 23315 1.8 13 8 1 2 22% 26848 2435 20%
c # 12.56  0 69 74 36589 12 820064 23734 1.8 13 8 1 2 22% 26848 2435 20%
c - 12.91  0 69 75 38923 12 842230 26777 1.8 14 8 1 2 21% 26848 2435 20%
c p 12.91  0 69 75 38923 12 842230 26786 1.8 14 8 1 2 21% 26848 2435 20%
c u 12.92  0 69 75 38923 12 842230 26433 1.8 14 8 1 2 21% 26848 2435 20%
c v 12.92  0 69 75 38923 12 842230 26122 1.8 14 8 1 2 21% 26848 2435 20%
c s 13.01  0 69 75 39411 12 847973 31217 1.8 14 8 1 2 21% 26759 2435 20%
c e 13.01  0 69 75 39411 12 847973 31156 1.8 14 8 1 2 21% 26795 2432 20%
c B 13.27  0 69 75 41379 12 861065 42984 1.8 14 8 1 2 20% 26795 2432 20%
c - 13.36  0 69 76 41871 12 865175 27971 1.8 14 8 1 2 20% 26795 2432 20%
c p 13.36  0 69 76 41871 12 865175 27977 1.8 14 8 1 2 20% 26795 2432 20%
c u 13.37  0 69 76 41871 12 865175 27386 1.8 14 8 1 2 20% 26795 2432 20%
c v 13.37  0 69 76 41871 12 865175 27084 1.8 14 8 1 2 20% 26795 2432 20%
c } 13.48  0 68 76 42544 11 874118 34986 1.8 14 8 1 2 20% 26795 2432 20%
c [ 13.48  0 114 76 42544  1 874118 34986 2.0 30 15 2 5 20% 26795 2432 20%
c - 13.59  0 111 77 42552  1 888428 30316 1.9 28 15 2 5 19% 26795 2432 20%
c 
c  seconds   reductions    conflicts         size   tier2      variables
c         MB       restarts       redundant     glue   trail        remaining
c           level        rate          size/glue  tier1  irredundant
c 
c p 13.59  0 111 77 42552  1 888428 30322 1.9 28 15 2 5 19% 26795 2432 20%
c B 13.70  0 106 77 42554  1 903066 42765 1.9 27 14 2 5 18% 26795 2432 20%
c - 13.83  0 109 78 42561  1 911994 31200 2.0 28 15 2 5 21% 26795 2432 20%
c p 13.83  0 109 78 42561  1 911994 31202 2.0 28 15 2 5 21% 26795 2432 20%
c u 13.84  0 109 78 42561  1 911994 31069 2.0 28 15 2 5 21% 26795 2432 20%
c v 13.85  0 109 78 42561  1 911994 30869 2.0 28 15 2 5 21% 26795 2432 20%
c w 13.85  0 109 78 42561  1 911994 30868 2.0 28 15 2 5 21% 26795 2432 20%
c - 14.23  0 113 79 42569  1 935869 31018 2.1 33 16 1 2 27% 26794 2432 20%
c p 14.23  0 113 79 42569  1 935869 31023 2.1 33 16 1 2 27% 26794 2432 20%
c W 14.50  0 117 79 42570  1 946068 40622 2.1 36 17 1 2 31% 26794 2432 20%
c - 14.70  0 121 80 42571  1 960056 30906 2.1 37 18 1 2 33% 26794 2432 20%
c p 14.70  0 121 80 42571  1 960056 30911 2.1 37 18 1 2 33% 26794 2432 20%
c u 14.73  0 121 80 42571  1 960056 30718 2.1 37 18 1 2 33% 26794 2432 20%
c v 14.73  0 121 80 42571  1 960056 30694 2.1 37 18 1 2 33% 26794 2432 20%
c w 14.73  0 121 80 42571  1 960056 30692 2.1 37 18 1 2 33% 26794 2432 20%
c x 14.73  0 121 80 42571  1 960056 30692 2.1 37 18 1 2 33% 26645 2432 20%
c e 14.93  0 124 80 42571  1 972600 41840 2.1 37 18 1 2 34% 26693 2428 20%
c s 14.93  0 124 80 42571  1 972600 41831 2.1 37 18 1 2 34% 26687 2428 20%
c - 15.06  0 125 81 42571  1 984551 30316 2.0 37 18 1 2 32% 26687 2428 20%
c p 15.06  0 125 81 42571  1 984551 30319 2.0 37 18 1 2 32% 26687 2428 20%
c 
c  seconds   reductions    conflicts         size   tier2      variables
c         MB       restarts       redundant     glue   trail        remaining
c           level        rate          size/glue  tier1  irredundant
c 
c ] 15.10  0 123 81 42572  1 989136 34176 2.0 36 18 2 5 32% 26687 2428 20%
c { 15.10  0 68 81 42572 11 989136 34176 1.8 14 8 1 2 20% 26687 2428 20%
c W 15.12  0 68 81 42619 11 990070 35013 1.8 14 8 1 2 20% 26687 2428 20%
c } 15.25  0 68 81 43388 11 1000000 43837 1.8 14 8 1 2 20% 26687 2428 20%
c ? 15.25  0 68 81 43388 11 1000000 43837 1.8 14 8 1 2 20% 26687 2428 20%
c 
c --- [ result ] -------------------------------------------------------------
c 
c UNKNOWN
c 
c --- [ run-time profiling ] -------------------------------------------------
c 
c process time taken by individual solving procedures
c (percentage relative to process time for solving)
c 
c        13.90   91.20% search
c         8.44   55.38% stable
c         5.11   33.49% unstable
c         1.34    8.79% simplify
c         0.35    2.32% walk
c         0.31    2.05% vivify
c         0.27    1.78% sweep
c         0.23    1.51% factor
c         0.15    0.96% congruence
c         0.13    0.88% elim
c         0.06    0.39% subsume
c         0.05    0.30% preprocess
c         0.03    0.20% probe
c         0.03    0.17% ternary
c         0.01    0.10% backbone
c         0.01    0.07% fastelim
c         0.01    0.05% parse
c         0.00    0.01% lucky
c   =================================
c        15.25   99.95% solve
c 
c last line shows process time for solving
c (percentage relative to total process time)
c 
c --- [ statistics ] ---------------------------------------------------------
c 
c chronological:            261362        26.14 %  of conflicts
c conflicts:               1000000     65592.10    per second
c backbone:                1103587      8521.91 %  of vars
c decisions:               4806791    315287.50    per second
c eliminated:                 7459        57.60 %  of all variables
c factored:                    666        27.34 %  of variables
c fixed:                       954         7.37 %  of all variables
c learned:                  947428        94.74 %  per conflict
c learned_lits:           29888989       100.00 %  learned literals
c minimized:                     0         0.00 %  learned literals
c shrunken:                 989373         3.31 %  learned literals
c minishrunken:            2224381         7.44 %  learned literals
c otfs:                      38535         3.85 %  of conflict
c propagations:           75577519         4.96 M  per second
c reduced:                  787075        78.71 %  per conflict
c rephased:                     44     22727.27    interval
c restarts:                  43388        23.05    interval
c stabilizing:                  15        67.06 %  of conflicts
c substituted:                2109        16.29 %  of all variables
c sweep equivs:                551        13.93 %  of swept variables
c subsumed:                  61970         5.80 %  of all clauses
c strengthened:              48423         4.53 %  of all clauses
c ticks:                1034154710        14.01    propagation
c vivified:                  10431         0.98 %  of all clauses
c walked:                       14     71428.57    interval
c weakened:                  46502         2.97    average size
c congruence:                   23     43478.26    interval
c 
c seconds are measured in process time for solving
c 
c --- [ glue usage ] ---------------------------------------------------------
c 
c focused glue 1 used 1295888 clauses 70.47% accumulated 70.47% tier1
c focused glue 2 used 270834 clauses 14.72% accumulated 85.20% tier2
c 
c stable glue 2 used 768488 clauses 14.20% accumulated 64.18% tier1
c stable glue 3 used 315932 clauses 5.839% accumulated 70.02%
c stable glue 4 used 230131 clauses 4.253% accumulated 74.27%
c stable glue 5 used 186339 clauses 3.444% accumulated 77.72% tier2
c 
c 
c --- [ resources ] ----------------------------------------------------------
c 
c total process time since initialization:        15.25    seconds
c total real time since initialization:           15.31    seconds
c maximum resident set size of process:        83744.00    MB
c 
c --- [ shutting down ] ------------------------------------------------------
c 
c exit 0
