c --- [ banner ] -------------------------------------------------------------
c 
c CaDiCaL SAT Solver
c Copyright (c) 2016-2025
c A. Biere, M. Fleury, N. Froleyks, K. Fazekas, F. Pollitt, T. Faller
c JKU Linz, University of Freiburg, TU Wien
c 
c Version 3.0.0
c Apple clang version 17.0.0 (clang-1700.6.3.2) -Wall -Wextra -O3 -DNDEBUG -DNCLOSEFROM
c Tue Dec 23 21:53:38 UTC 2025 Darwin Tahoe-arm64.local 25.2.0 arm64
c 
c --- [ limit ] --------------------------------------------------------------
c 
c setting conflict limit to 1000000 conflicts (due to '1000000')
c 
c --- [ parsing input ] ------------------------------------------------------
c 
c reading DIMACS file from '/tmp/sr59_cnfs/aux_force_sr59_n32_bit19_m51ca0b34_fill55555555.cnf'
c opening file to read '/tmp/sr59_cnfs/aux_force_sr59_n32_bit19_m51ca0b34_fill55555555.cnf'
c found 'p cnf 12284 51301' header
c parsed 51301 clauses in 0.01 seconds process time
c 
c --- [ options ] ------------------------------------------------------------
c 
c   --seed=41                      (different from default '0')
c 
c --- [ solving ] ------------------------------------------------------------
c 
c time measured in process time since initialization
c 
c  seconds  reduction conflicts       size tier2       variables
c         MB    restarts   redundant    glue  trail         remaining
c          level     rate       size/glu tier1  irredundant
c 
c *  0.01  0  0 0   0  0    0    0 0.0 0 0 2 6  0% 50788 11803 96%
c (  0.01  0  0 0   0  0    0    0 0.0 0 0 2 6  0% 50788 11803 96%
c .  0.01  0  0 0   0  0    0    0 0.0 0 0 2 6  0% 49764 11803 96%
c c  0.03  0  0 0   0  0    0    0 0.0 0 0 2 6  0% 47028 11332 92%
c d  0.03  0  0 0   0  0    0    0 0.0 0 0 2 6  0% 42928 9976 81%
c 2  0.03  0  0 0   0  0    0    0 0.0 0 0 2 6  0% 42768 9976 81%
c f  0.04  0  0 0   0  0    0    0 0.0 0 0 2 6  0% 42494 10250 83%
c e  0.05  0  0 0   0  0    0    0 0.0 0 0 2 6  0% 28603 5263 43%
c P  0.06  0  0 0   0  0    0    0 0.0 0 0 2 6  0% 28603 5263 43%
c )  0.06  0  0 0   0  0    0    0 0.0 0 0 2 6  0% 28603 5263 43%
c {  0.06  0  0 0   0  0    0    0 0.0 0 0 2 6  0% 28603 5263 43%
c -  0.06  0 974 1   8 35  304  243 1.5 4 3 2 6 19% 28603 5263 43%
c -  0.06  0 470 2  31 24  739  603 1.6 4 3 2 6 15% 28603 5263 43%
c }  0.06  0 372 2  60 24 1001  840 1.6 4 3 2 6 14% 28603 5263 43%
c [  0.06  0  0 2  60  0 1001  840 0.0 0 0 2 6  0% 28603 5263 43%
c O  0.06  0 1907 2  60 1908 1002  841 2.2 9 4 2 6 39% 28603 5263 43%
c -  0.07  0 1888 3  60  7 1419  924 2.0 40 20 2 6 39% 28603 5263 43%
c ]  0.07  0 1886 3  60  5 1653 1128 2.0 45 23 2 6 39% 28603 5263 43%
c {  0.07  0 372 3  60 24 1653 1128 1.6 4 3 2 6 14% 28603 5263 43%
c c  0.09  0 355 3 118 26 2214 1590 1.6 5 3 2 6  5% 28565 5249 43%
c 
c  seconds   reduction conflicts       size tier2      variables
c         MB     restarts   redundant    glue  trail        remaining
c           level     rate       size/glu tier1  irredundant
c 
c d  0.09  0 355 3 118 26 2214 1582 1.6 5 3 2 6  5% 28547 5240 43%
c 2  0.09  0 355 3 118 26 2214 1582 1.6 5 3 2 6  5% 28543 5240 43%
c -  0.09  0 328 4 119 24 2361 1377 1.6 5 3 2 6  4% 28543 5240 43%
c O  0.10  0 266 4 213 23 3004 1922 1.6 5 3 2 6 12% 28543 5240 43%
c -  0.10  0 233 5 296 22 3575 2209 1.6 5 3 2 6 13% 28543 5240 43%
c }  0.11  0 207 5 346 20 4065 2594 1.6 5 3 2 6 12% 28543 5240 43%
c [  0.11  0 1886 5 346  5 4065 2594 2.0 45 23 2 6 93% 28543 5240 43%
c s  0.11  0 1556 5 346  4 4212 2723 2.0 40 20 2 6 86% 28537 5240 43%
c t  0.12  0 1556 5 346  4 4212 2723 2.0 40 20 2 6 86% 28535 5240 43%
c e  0.13  0 1556 5 346  4 4212 2510 2.0 40 20 2 6 86% 28497 4965 40%
c s  0.13  0 1556 5 346  4 4212 2440 2.0 40 20 2 6 86% 28399 4965 40%
c e  0.13  0 1556 5 346  4 4212 2425 2.0 40 20 2 6 86% 28378 4962 40%
c c  0.14  0 1003 5 347  4 4714 2757 2.0 27 14 2 6 60% 28284 4934 40%
c d  0.14  0 1003 5 347  4 4714 2709 2.0 27 14 2 6 60% 28250 4917 40%
c =  0.15  0 1003 5 347  4 4714 2709 2.0 27 14 2 6 60% 28198 4878 40%
c -  0.15  0 819 6 347  4 5069 2549 2.0 25 12 4 11 55% 28198 4878 40%
c I  0.17  0 575 6 348  3 6007 3381 2.6 36 14 3 11 47% 28198 4878 40%
c ]  0.17  0 557 6 348  4 6112 3470 2.6 35 14 3 10 46% 28198 4878 40%
c {  0.17  0 207 6 348 20 6112 3470 1.6 5 3 2 6 12% 28198 4878 40%
c -  0.18  0 184 7 494 20 6849 3341 1.6 5 3 2 6 12% 28198 4878 40%
c 
c  seconds   reduction conflicts       size tier2      variables
c         MB     restarts   redundant    glue  trail        remaining
c           level     rate       size/glu tier1  irredundant
c 
c d  0.19  0 172 7 590 20 7318 3600 1.6 6 4 2 3 11% 28198 4861 40%
c c  0.19  0 172 7 590 20 7318 3600 1.6 6 4 2 3 11% 28116 4861 40%
c d  0.19  0 172 7 590 20 7318 3505 1.6 6 4 2 3 11% 28086 4846 39%
c =  0.20  0 172 7 590 20 7318 3505 1.6 6 4 2 3 11% 28042 4813 39%
c t  0.20  0 172 7 590 20 7318 3504 1.6 6 4 2 3 11% 28042 4813 39%
c f  0.20  0 172 7 590 20 7318 3503 1.6 6 4 2 3 11% 27840 5006 41%
c -  0.22  0 146 8 922 20 8917 3768 1.6 6 4 2 3 11% 27840 5006 41%
c }  0.23  0 138 8 1080 20 9743 4434 1.6 6 4 2 3 11% 27840 5006 41%
c [  0.23  0 557 8 1080  4 9743 4434 2.6 35 14 3 10 44% 27840 5006 41%
c B  0.23  0 522 8 1080  3 10009 4645 2.5 34 13 3 10 44% 27840 5006 41%
c d  0.23  0 521 8 1080  3 10016 4402 2.5 34 13 3 10 44% 27840 4968 40%
c c  0.24  0 521 8 1080  3 10016 4402 2.5 34 13 3 10 44% 27763 4968 40%
c d  0.24  0 521 8 1080  3 10016 4332 2.5 34 13 3 10 44% 27737 4955 40%
c 2  0.24  0 521 8 1080  3 10016 4332 2.5 34 13 3 10 44% 27730 4955 40%
c =  0.25  0 521 8 1080  3 10016 4332 2.5 34 13 3 10 44% 27702 4880 40%
c -  0.26  0 381 9 1080  3 11277 4289 2.5 27 11 3 10 12% 27702 4880 40%
c c  0.28  0 303 9 1082  3 12803 5549 2.4 24 10 3 10 17% 27690 4878 40%
c -  0.29  0 267 10 1083  3 13931 5068 2.3 23 10 2 3 18% 27688 4877 40%
c e  0.30  0 257 10 1083  3 14276 4794 2.3 22 10 2 3 18% 27649 4680 38%
c s  0.30  0 257 10 1083  3 14276 4744 2.3 22 10 2 3 18% 27406 4680 38%
c 
c  seconds   reductions   conflicts       size   tier2      variables
c         MB      restarts     redundant     glue   trail        remaining
c           level       rate        size/glue  tier1  irredundant
c 
c W  0.32  0 247 10 1083  3 15012 5364 2.3 22 10 2 3 21% 27405 4680 38%
c 2  0.32  0 234 10 1083  3 15670 5887 2.2 21 9 2 3 20% 27405 4680 38%
c c  0.33  0 234 10 1083  3 15670 5881 2.2 21 9 2 3 20% 27399 4679 38%
c =  0.33  0 234 10 1083  3 15670 5878 2.2 21 9 2 3 20% 27396 4643 38%
c -  0.35  0 221 11 1084  2 16882 5337 2.2 21 9 2 3 21% 27396 4643 38%
c ]  0.36  0 211 11 1084  2 18514 6731 2.1 21 10 2 3 24% 27396 4643 38%
c {  0.36  0 138 11 1084 20 18514 6731 1.6 6 4 2 3 13% 27396 4643 38%
c d  0.36  0 137 11 1111 20 18611 6805 1.6 6 4 2 3 13% 27396 4641 38%
c c  0.37  0 137 11 1111 20 18611 6804 1.6 6 4 2 3 13% 27374 4641 38%
c d  0.37  0 137 11 1111 20 18611 6801 1.6 6 4 2 3 13% 27370 4639 38%
c f  0.37  0 137 11 1111 20 18611 6800 1.6 6 4 2 3 13% 27334 4673 38%
c -  0.40  0 126 12 1446 19 20131 6171 1.6 7 4 2 3 13% 27334 4673 38%
c #  0.41  0 120 12 1637 19 21013 6937 1.6 7 4 2 3 13% 27334 4673 38%
c d  0.42  0 117 12 1755 19 21621 7454 1.6 7 4 1 2 13% 27330 4668 38%
c c  0.43  0 117 12 1755 19 21621 7454 1.6 7 4 1 2 13% 27302 4668 38%
c =  0.43  0 117 12 1755 19 21621 7443 1.6 7 4 1 2 13% 27202 4594 37%
c u  0.44  0 117 12 1755 19 21621 6943 1.6 7 4 1 2 13% 27189 4594 37%
c v  0.44  0 117 12 1755 19 21621 6852 1.6 7 4 1 2 13% 27189 4594 37%
c w  0.44  0 117 12 1755 19 21621 6846 1.6 7 4 1 2 13% 27189 4594 37%
c x  0.44  0 117 12 1755 19 21621 6840 1.6 7 4 1 2 13% 27090 4594 37%
c 
c  seconds   reductions   conflicts       size tier2      variables
c         MB      restarts     redundant    glue  trail        remaining
c           level       rate        size/glu tier1  irredundant
c 
c t  0.44  0 117 12 1755 19 21621 6840 1.6 7 4 1 2 13% 27088 4594 37%
c }  0.47  0 110 12 2161 19 23513 8524 1.6 7 5 1 2 13% 27088 4594 37%
c [  0.47  0 211 12 2161  2 23513 8524 2.1 21 10 2 3 24% 27088 4594 37%
c -  0.47  0 209 13 2161  2 23679 5379 2.1 21 10 2 3 24% 27088 4594 37%
c d  0.48  0 198 13 2161  2 24698 6218 2.1 20 10 2 3 22% 27088 4589 37%
c c  0.49  0 198 13 2161  2 24698 6218 2.1 20 10 2 3 22% 27060 4589 37%
c =  0.49  0 198 13 2161  2 24698 6199 2.1 20 10 2 3 22% 27030 4510 37%
c f  0.50  0 198 13 2161  2 24698 6196 2.1 20 10 2 3 22% 26999 4536 37%
c -  0.54  0 181 14 2163  2 27526 5699 2.1 23 11 2 3 23% 26999 4536 37%
c =  0.55  0 180 14 2164  2 27836 5975 2.1 23 11 2 3 23% 26991 4499 37%
c O  0.56  0 180 14 2164  2 28014 6139 2.1 23 11 2 3 23% 26991 4499 37%
c e  0.58  0 176 14 2164  2 29576 6909 2.1 23 11 2 3 24% 26801 4407 36%
c s  0.58  0 176 14 2164  2 29576 6878 2.1 23 11 2 3 24% 26713 4407 36%
c e  0.58  0 176 14 2164  2 29576 6878 2.1 23 11 2 3 24% 26706 4406 36%
c -  0.60  0 172 15 2166  2 31673 5470 2.1 24 11 2 3 23% 26706 4406 36%
c 2  0.60  0 172 15 2166  2 31673 5460 2.1 24 11 2 3 23% 26706 4406 36%
c =  0.61  0 172 15 2166  2 31673 5460 2.1 24 11 2 3 23% 26538 4370 36%
c ]  0.65  0 170 15 2167  2 34068 7614 2.1 26 12 2 3 31% 26538 4370 36%
c {  0.65  0 110 15 2167 19 34068 7614 1.6 7 5 1 2 14% 26538 4370 36%
c B  0.67  0 104 15 2535 19 36017 9311 1.6 8 5 1 2 14% 26538 4370 36%
c 
c  seconds   reductions   conflicts       size tier2      variables
c         MB      restarts     redundant    glue  trail        remaining
c           level       rate        size/glu tier1  irredundant
c 
c -  0.67  0 104 16 2541 19 36122 6091 1.6 8 5 1 2 14% 26538 4370 36%
c =  0.68  0 104 16 2541 19 36122 6091 1.6 8 5 1 2 14% 26431 4343 35%
c f  0.69  0 104 16 2541 19 36122 6082 1.6 8 5 1 2 14% 26375 4371 36%
c -  0.75  0 96 17 3377 18 40874 7223 1.6 8 5 1 2 15% 26375 4371 36%
c p  0.75  0 96 17 3377 18 40874 7230 1.6 8 5 1 2 15% 26375 4371 36%
c =  0.76  0 96 17 3377 18 40874 7226 1.6 8 5 1 2 15% 26356 4357 35%
c u  0.76  0 96 17 3377 18 40874 5966 1.6 8 5 1 2 15% 26275 4357 35%
c v  0.76  0 96 17 3377 18 40874 5932 1.6 8 5 1 2 15% 26275 4357 35%
c t  0.76  0 96 17 3377 18 40874 5930 1.6 8 5 1 2 15% 26275 4357 35%
c 2  0.76  0 96 17 3377 18 40874 5929 1.6 8 5 1 2 15% 26271 4357 35%
c f  0.77  0 96 17 3377 18 40874 5918 1.6 8 5 1 2 15% 26275 4364 36%
c }  0.79  0 93 17 3650 17 42995 7773 1.6 8 5 1 2 14% 26275 4364 36%
c [  0.79  0 170 17 3650  2 42995 7773 2.1 26 12 2 3 30% 26275 4364 36%
c B  0.83  0 171 17 3651  2 45020 9560 2.2 29 13 2 3 34% 26275 4364 36%
c -  0.84  0 169 18 3651  2 45930 6813 2.1 29 13 2 3 32% 26275 4364 36%
c d  0.84  0 169 18 3651  2 45930 6801 2.1 29 13 2 3 32% 26265 4358 35%
c 2  0.84  0 169 18 3651  2 45930 6801 2.1 29 13 2 3 32% 26261 4358 35%
c =  0.84  0 169 18 3651  2 45930 6801 2.1 29 13 2 3 32% 26259 4355 35%
c e  0.92  0 162 18 3652  2 50375 9975 2.2 33 15 2 3 34% 22471 3987 32%
c s  0.92  0 162 18 3652  2 50375 9972 2.2 33 15 2 3 34% 22458 3987 32%
c 
c  seconds   reductions   conflicts       size   tier2      variables
c         MB      restarts     redundant     glue   trail        remaining
c           level       rate        size/glue  tier1  irredundant
c 
c -  0.94  0 161 19 3652  2 51288 6767 2.2 33 15 2 3 37% 22455 3987 32%
c 2  0.94  0 161 19 3652  2 51288 6762 2.2 33 15 2 3 37% 22455 3987 32%
c p  0.94  0 161 19 3652  2 51288 6749 2.2 33 15 2 3 37% 22455 3985 32%
c c  0.95  0 161 19 3652  2 51288 6749 2.2 33 15 2 3 37% 22449 3985 32%
c =  0.95  0 161 19 3652  2 51288 6732 2.2 33 15 2 3 37% 22447 3980 32%
c f  0.96  0 161 19 3652  2 51288 6728 2.2 33 15 2 3 37% 22431 3993 33%
c W  1.00  0 152 19 3652  2 55025 10053 2.1 32 15 2 3 17% 22431 3993 33%
c ]  1.01  0 151 19 3652  2 55570 10520 2.1 31 15 2 3 18% 22431 3993 33%
c {  1.01  0 93 19 3652 17 55570 10520 1.6 8 5 1 2 16% 22431 3993 33%
c -  1.03  0 91 20 3839 17 56951 7259 1.6 8 5 1 2 16% 22431 3993 33%
c u  1.04  0 91 20 3839 17 56951 6697 1.6 8 5 1 2 16% 22213 3991 32%
c v  1.04  0 91 20 3839 17 56951 6695 1.6 8 5 1 2 16% 22213 3991 32%
c w  1.04  0 91 20 3839 17 56951 6695 1.6 8 5 1 2 16% 22213 3991 32%
c x  1.04  0 91 20 3839 17 56951 6694 1.6 8 5 1 2 16% 22204 3991 32%
c -  1.10  0 87 21 4575 16 62920 8198 1.7 9 5 1 2 16% 22204 3991 32%
c d  1.11  0 87 21 4575 16 62920 8167 1.7 9 5 1 2 16% 22198 3987 32%
c p  1.11  0 87 21 4575 16 62920 8239 1.7 9 5 1 2 16% 22198 3987 32%
c c  1.11  0 87 21 4575 16 62920 8239 1.7 9 5 1 2 16% 22176 3987 32%
c d  1.11  0 87 21 4575 16 62920 8224 1.7 9 5 1 2 16% 22170 3984 32%
c 2  1.11  0 87 21 4575 16 62920 8224 1.7 9 5 1 2 16% 22168 3984 32%
c 
c  seconds  reductions   conflicts       size tier2      variables
c         MB     restarts     redundant    glue  trail        remaining
c          level       rate        size/glu tier1  irredundant
c 
c f  1.12  0 87 21 4575 16 62920 8210 1.7 9 5 1 2 16% 22174 3992 32%
c W  1.15  0 84 21 4929 15 66026 10936 1.7 9 5 1 2 16% 22174 3992 32%
c }  1.19  0 83 21 5398 15 68448 13056 1.7 9 5 1 2 16% 22174 3992 32%
c [  1.19  0 151 21 5398  2 68448 13056 2.1 31 15 2 3 18% 22174 3992 32%
c -  1.20  0 151 22 5398  2 69191 9434 2.1 31 15 2 3 21% 22174 3992 32%
c p  1.20  0 151 22 5398  2 69191 9499 2.1 31 15 2 3 21% 22174 3991 32%
c c  1.21  0 151 22 5398  2 69191 9499 2.1 31 15 2 3 21% 22164 3991 32%
c d  1.21  0 151 22 5398  2 69191 9496 2.1 31 15 2 3 21% 22162 3990 32%
c 2  1.21  0 151 22 5398  2 69191 9496 2.1 31 15 2 3 21% 22160 3990 32%
c =  1.22  0 151 22 5398  2 69191 9494 2.1 31 15 2 3 21% 22145 3986 32%
c t  1.22  0 151 22 5398  2 69191 9493 2.1 31 15 2 3 21% 22145 3986 32%
c e  1.30  0 149 22 5403  2 75312 14577 2.1 32 15 1 2 31% 22093 3969 32%
c s  1.30  0 149 22 5403  2 75312 14572 2.1 32 15 1 2 31% 22091 3969 32%
c -  1.31  0 150 23 5403  2 75770 9857 2.1 32 15 1 2 31% 22089 3969 32%
c 2  1.31  0 150 23 5403  2 75770 9854 2.1 32 15 1 2 31% 22089 3969 32%
c c  1.32  0 150 23 5403  2 75770 9834 2.1 32 15 1 2 31% 22083 3968 32%
c d  1.32  0 150 23 5403  2 75770 9830 2.1 32 15 1 2 31% 22081 3967 32%
c 2  1.32  0 150 23 5403  2 75770 9830 2.1 32 15 1 2 31% 22079 3967 32%
c =  1.32  0 150 23 5403  2 75770 9830 2.1 32 15 1 2 31% 22078 3966 32%
c u  1.33  0 150 23 5403  2 75770 9259 2.1 32 15 1 2 31% 22078 3966 32%
c 
c  seconds   reductions   conflicts       size   tier2      variables
c         MB      restarts     redundant     glue   trail        remaining
c           level       rate        size/glue  tier1  irredundant
c 
c v  1.33  0 150 23 5403  2 75770 9101 2.1 32 15 1 2 31% 22078 3966 32%
c w  1.33  0 150 23 5403  2 75770 9101 2.1 32 15 1 2 31% 22078 3966 32%
c I  1.35  0 150 23 5405  2 78027 11173 2.1 31 15 1 2 32% 22078 3966 32%
c -  1.39  0 142 24 5406  2 82652 9221 2.1 30 15 1 2 30% 22078 3966 32%
c 2  1.39  0 142 24 5406  2 82652 9220 2.1 30 15 1 2 30% 22078 3966 32%
c f  1.40  0 142 24 5406  2 82652 9218 2.1 30 15 1 2 29% 22073 3971 32%
c -  1.49  0 146 25 5411  2 89841 9692 2.0 31 15 1 2 30% 22073 3971 32%
c B  1.50  0 145 25 5412  2 91028 10749 2.0 31 15 1 2 30% 22073 3971 32%
c ]  1.51  0 145 25 5412  2 91426 11115 2.0 31 15 1 2 30% 22073 3971 32%
c {  1.51  0 83 25 5412 15 91426 11115 1.7 9 5 1 2 16% 22073 3971 32%
c -  1.59  0 80 26 6319 15 97334 10957 1.7 9 5 1 2 15% 22073 3971 32%
c p  1.59  0 80 26 6319 15 97334 10959 1.7 9 5 1 2 15% 22073 3971 32%
c =  1.61  0 80 26 6319 15 97334 10955 1.7 9 5 1 2 15% 22069 3966 32%
c u  1.61  0 80 26 6319 15 97334 10262 1.7 9 5 1 2 15% 22069 3966 32%
c v  1.61  0 80 26 6319 15 97334 10172 1.7 9 5 1 2 15% 22069 3966 32%
c w  1.61  0 80 26 6319 15 97334 10172 1.7 9 5 1 2 15% 22069 3966 32%
c f  1.62  0 80 26 6319 15 97334 10166 1.7 9 5 1 2 15% 22072 3969 32%
c }  1.73  0 78 26 7605 15 104918 16927 1.7 10 6 1 2 16% 22072 3969 32%
c [  1.73  0 145 26 7605  2 104918 16927 2.0 31 15 1 2 30% 22072 3969 32%
c W  1.75  0 145 26 7605  2 105029 17030 2.0 31 15 1 2 30% 22072 3969 32%
c 
c  seconds   reductions   conflicts         size   tier2      variables
c         MB      restarts       redundant     glue   trail        remaining
c           level       rate          size/glue  tier1  irredundant
c 
c e  1.75  0 145 26 7605  2 105030 17031 2.0 31 15 1 2 30% 22070 3967 32%
c s  1.75  0 145 26 7605  2 105030 17031 2.0 31 15 1 2 30% 22070 3967 32%
c ^  1.75  0 145 26 7605  2 105030 17031 2.0 31 15 1 2 30% 22070 3967 32%
c -  1.75  0 145 27 7605  2 105134 11716 2.0 31 15 1 2 30% 22070 3967 32%
c d  1.76  0 145 27 7605  2 105134 11713 2.0 31 15 1 2 30% 22063 3966 32%
c p  1.76  0 145 27 7605  2 105134 12060 2.0 31 15 1 2 30% 22063 3965 32%
c f  1.77  0 145 27 7605  2 105134 12046 2.0 31 15 1 2 30% 22069 3968 32%
c -  1.92  0 142 28 7606  2 113240 12429 2.2 36 17 1 2 34% 22069 3968 32%
c p  1.92  0 142 28 7606  2 113240 12456 2.2 36 17 1 2 34% 22069 3968 32%
c u  1.93  0 142 28 7606  2 113240 12178 2.2 36 17 1 2 34% 22069 3968 32%
c v  1.93  0 142 28 7606  2 113240 12044 2.2 36 17 1 2 34% 22069 3968 32%
c w  1.93  0 142 28 7606  2 113240 12043 2.2 36 17 1 2 34% 22069 3968 32%
c x  1.93  0 142 28 7606  2 113240 12040 2.2 36 17 1 2 34% 22036 3968 32%
c t  1.93  0 142 28 7606  2 113240 12039 2.2 36 17 1 2 34% 22036 3968 32%
c O  2.10  0 146 28 7607  2 120030 18159 2.0 42 21 1 2 35% 22036 3968 32%
c -  2.12  0 146 29 7607  2 121653 11695 2.0 42 21 1 2 35% 22036 3968 32%
c ]  2.16  0 146 29 7607  2 122533 12531 2.0 42 21 1 2 35% 22036 3968 32%
c {  2.16  0 78 29 7607 15 122533 12531 1.7 10 6 1 2 16% 22036 3968 32%
c -  2.28  0 76 30 8888 15 130372 13184 1.7 10 6 1 2 16% 22036 3968 32%
c p  2.28  0 76 30 8888 15 130372 13453 1.7 10 6 1 2 16% 22036 3968 32%
c 
c  seconds  reductions   conflicts         size  tier2      variables
c         MB     restarts       redundant     glue  trail        remaining
c          level       rate          size/glue tier1  irredundant
c 
c u  2.29  0 76 30 8888 15 130372 12809 1.7 10 6 1 2 16% 21985 3968 32%
c v  2.29  0 76 30 8888 15 130372 12674 1.7 10 6 1 2 16% 21985 3968 32%
c F  2.36  0 76 30 9522 15 136031 17735 1.7 10 6 1 2 16% 21985 3968 32%
c }  2.42  0 76 30 10203 15 139025 20454 1.7 10 6 1 2 16% 21985 3968 32%
c [  2.42  0 146 30 10203  2 139025 20454 2.0 42 21 1 2 35% 21985 3968 32%
c -  2.43  0 146 31 10203  2 139398 14367 2.0 42 21 1 2 35% 21985 3968 32%
c p  2.43  0 146 31 10203  2 139398 14364 2.0 42 21 1 2 35% 21985 3967 32%
c f  2.43  0 146 31 10203  2 139398 14364 2.0 42 21 1 2 35% 21981 3969 32%
c e  2.45  0 146 31 10203  2 139694 12958 2.0 42 21 1 2 35% 22137 3797 31%
c ^  2.45  0 146 31 10203  2 139694 12958 2.0 42 21 1 2 35% 22137 3797 31%
c -  2.67  0 154 32 10203  2 148733 13544 2.1 48 23 1 2 38% 22137 3797 31%
c p  2.67  0 154 32 10203  2 148733 13722 2.1 48 23 1 2 38% 22137 3797 31%
c =  2.68  0 154 32 10203  2 148733 13486 2.1 48 23 1 2 38% 22133 3774 31%
c u  2.69  0 154 32 10203  2 148733 13180 2.1 48 23 1 2 38% 22130 3774 31%
c v  2.69  0 154 32 10203  2 148733 12977 2.1 48 23 1 2 38% 22130 3774 31%
c w  2.69  0 154 32 10203  2 148733 12977 2.1 48 23 1 2 38% 22130 3774 31%
c x  2.69  0 154 32 10203  2 148733 12973 2.1 48 23 1 2 38% 21998 3774 31%
c f  2.70  0 154 32 10203  2 148733 12969 2.1 48 23 1 2 38% 21999 3775 31%
c B  2.81  0 157 32 10206  2 153033 16952 2.1 50 24 1 2 39% 21997 3775 31%
c -  2.91  0 157 33 10209  2 158374 13055 2.1 51 24 1 2 40% 21995 3775 31%
c 
c  seconds   reductions    conflicts         size   tier2      variables
c         MB       restarts       redundant     glue   trail        remaining
c           level        rate          size/glue  tier1  irredundant
c 
c p  2.91  0 157 33 10209  2 158374 13055 2.1 51 24 1 2 40% 21992 3774 31%
c ]  2.94  0 158 33 10210  2 159488 14025 2.1 51 24 1 2 40% 21992 3774 31%
c {  2.94  0 76 33 10210 15 159488 14025 1.7 10 6 1 2 16% 21992 3774 31%
c -  3.08  0 75 34 11636 15 168324 14802 1.7 10 6 1 2 16% 21992 3774 31%
c p  3.08  0 75 34 11636 15 168324 14944 1.7 10 6 1 2 16% 21992 3774 31%
c =  3.09  0 75 34 11636 15 168324 14885 1.7 10 6 1 2 16% 21967 3749 31%
c u  3.10  0 75 34 11636 15 168324 14366 1.7 10 6 1 2 16% 21830 3749 31%
c v  3.10  0 75 34 11636 15 168324 14142 1.7 10 6 1 2 16% 21830 3749 31%
c x  3.10  0 75 34 11636 15 168324 14139 1.7 10 6 1 2 16% 21599 3749 31%
c t  3.10  0 75 34 11636 15 168324 14138 1.7 10 6 1 2 16% 21599 3749 31%
c 2  3.10  0 75 34 11636 15 168324 14136 1.7 10 6 1 2 16% 21595 3749 31%
c B  3.14  0 75 34 12040 15 171035 16583 1.7 10 6 1 2 16% 21595 3749 31%
c -  3.27  0 74 35 13296 15 178581 15905 1.7 11 6 1 2 16% 21595 3749 31%
c p  3.28  0 74 35 13296 15 178581 15995 1.7 11 6 1 2 16% 21592 3748 31%
c =  3.29  0 74 35 13296 15 178581 15981 1.7 11 6 1 2 16% 21437 3710 30%
c u  3.30  0 74 35 13296 15 178581 15800 1.7 11 6 1 2 16% 21339 3710 30%
c v  3.30  0 74 35 13296 15 178581 15641 1.7 11 6 1 2 16% 21339 3710 30%
c x  3.30  0 74 35 13296 15 178581 15640 1.7 11 6 1 2 16% 21325 3710 30%
c t  3.30  0 74 35 13296 15 178581 15639 1.7 11 6 1 2 16% 21325 3710 30%
c }  3.32  0 74 35 13492 15 179887 16827 1.7 11 6 1 2 16% 21325 3710 30%
c 
c  seconds   reductions    conflicts         size   tier2      variables
c         MB       restarts       redundant     glue   trail        remaining
c           level        rate          size/glue  tier1  irredundant
c 
c [  3.32  0 158 35 13492  2 179887 16827 2.1 51 24 1 2 40% 21325 3710 30%
c e  3.35  0 158 35 13492  2 180391 14590 2.1 51 24 1 2 40% 20177 3281 27%
c ^  3.35  0 158 35 13492  2 180391 14590 2.1 51 24 1 2 40% 20177 3281 27%
c -  3.54  0 159 36 13496  2 189146 14746 2.1 53 25 1 2 54% 20173 3281 27%
c 2  3.54  0 159 36 13496  2 189146 14745 2.1 53 25 1 2 54% 20173 3281 27%
c p  3.54  0 159 36 13496  2 189146 14765 2.1 53 25 1 2 54% 20173 3281 27%
c f  3.56  0 159 36 13496  2 189146 14765 2.1 53 25 1 2 54% 20168 3282 27%
c W  3.62  0 159 36 13497  2 190038 15626 2.1 53 25 1 2 56% 20168 3282 27%
c -  3.78  0 159 37 13500  2 200018 14856 2.1 53 25 1 2 50% 20168 3282 27%
c p  3.79  0 159 37 13500  2 200018 14886 2.1 53 25 1 2 50% 20168 3282 27%
c u  3.79  0 159 37 13500  2 200018 14409 2.1 53 25 1 2 50% 20105 3282 27%
c v  3.79  0 159 37 13500  2 200018 14142 2.1 53 25 1 2 50% 20105 3282 27%
c w  3.79  0 159 37 13500  2 200018 14141 2.1 53 25 1 2 50% 20105 3282 27%
c I  3.94  0 158 37 13504  2 210039 23567 2.1 52 24 2 5 47% 20105 3282 27%
c -  3.96  0 157 38 13505  2 211199 14580 2.1 52 24 2 5 47% 20105 3282 27%
c p  3.96  0 157 38 13505  2 211199 14599 2.1 52 24 2 5 47% 20105 3282 27%
c t  3.98  0 157 38 13505  2 211199 14599 2.1 52 24 2 5 47% 20105 3282 27%
c ]  4.00  0 154 38 13506  2 213926 16888 2.1 51 24 2 5 44% 20105 3282 27%
c {  4.00  0 74 38 13506 15 213926 16888 1.7 11 6 1 2 20% 20105 3282 27%
c -  4.13  0 73 39 14754 14 222688 16259 1.7 11 6 1 2 19% 20105 3282 27%
c 
c  seconds  reductions    conflicts         size  tier2      variables
c         MB      restarts       redundant     glue  trail        remaining
c          level        rate          size/glue tier1  irredundant
c 
c p  4.13  0 73 39 14754 14 222688 16288 1.7 11 6 1 2 19% 20105 3282 27%
c u  4.13  0 73 39 14754 14 222688 15903 1.7 11 6 1 2 19% 20105 3282 27%
c v  4.13  0 73 39 14754 14 222688 15673 1.7 11 6 1 2 19% 20105 3282 27%
c x  4.14  0 73 39 14754 14 222688 15671 1.7 11 6 1 2 19% 20054 3282 27%
c e  4.23  0 73 39 15607 15 227562 16291 1.7 11 6 1 2 19% 20828 3042 25%
c s  4.23  0 73 39 15607 15 227562 16204 1.7 11 6 1 2 19% 20768 3042 25%
c e  4.23  0 73 39 15607 15 227562 15799 1.7 11 6 1 2 19% 20786 3018 25%
c W  4.30  0 72 39 16085 14 231040 18912 1.7 11 6 1 2 19% 20786 3018 25%
c -  4.36  0 72 40 16618 14 234485 14773 1.7 11 6 1 2 19% 20786 3018 25%
c 2  4.36  0 72 40 16618 14 234485 14765 1.7 11 6 1 2 19% 20786 3018 25%
c p  4.36  0 72 40 16618 14 234485 14805 1.7 11 6 1 2 19% 20786 3018 25%
c u  4.36  0 72 40 16618 14 234485 14513 1.7 11 6 1 2 19% 20786 3018 25%
c v  4.36  0 72 40 16618 14 234485 14268 1.7 11 6 1 2 19% 20786 3018 25%
c w  4.36  0 72 40 16618 14 234485 14268 1.7 11 6 1 2 19% 20786 3018 25%
c t  4.36  0 72 40 16618 14 234485 14268 1.7 11 6 1 2 19% 20783 3018 25%
c f  4.37  0 72 40 16618 14 234485 14264 1.7 11 6 1 2 19% 20698 3034 25%
c }  4.46  0 72 40 17600 14 240555 19730 1.7 11 6 1 2 18% 20698 3034 25%
c [  4.46  0 154 40 17600  2 240555 19730 2.1 51 24 2 5 43% 20698 3034 25%
c -  4.54  0 153 41 17603  2 246590 15932 2.1 49 23 2 5 43% 20698 3034 25%
c p  4.54  0 153 41 17603  2 246590 15992 2.1 49 23 2 5 43% 20698 3034 25%
c 
c  seconds   reductions    conflicts         size   tier2      variables
c         MB       restarts       redundant     glue   trail        remaining
c           level        rate          size/glue  tier1  irredundant
c 
c f  4.55  0 153 41 17603  2 246590 15989 2.1 49 23 2 5 43% 20696 3035 25%
c B  4.65  0 153 41 17607  2 253041 22032 2.1 49 23 2 5 42% 20696 3035 25%
c -  4.78  0 155 42 17609  2 259005 16852 2.1 51 24 2 5 43% 20696 3035 25%
c p  4.78  0 155 42 17609  2 259005 16853 2.1 51 24 2 5 43% 20696 3035 25%
c u  4.79  0 155 42 17609  2 259005 16275 2.1 51 24 2 5 43% 20696 3035 25%
c v  4.79  0 155 42 17609  2 259005 16058 2.1 51 24 2 5 43% 20696 3035 25%
c w  4.79  0 155 42 17609  2 259005 16058 2.1 51 24 2 5 43% 20696 3035 25%
c -  5.07  0 154 43 17610  2 271728 16183 2.2 54 24 2 5 46% 20696 3035 25%
c p  5.08  0 154 43 17610  2 271728 16230 2.2 54 24 2 5 46% 20696 3035 25%
c u  5.08  0 154 43 17610  2 271728 16110 2.2 54 24 2 5 46% 20696 3035 25%
c v  5.08  0 154 43 17610  2 271728 15995 2.2 54 24 2 5 46% 20696 3035 25%
c w  5.08  0 154 43 17610  2 271728 15995 2.2 54 24 2 5 46% 20696 3035 25%
c x  5.08  0 154 43 17610  2 271728 15994 2.2 54 24 2 5 46% 20695 3035 25%
c W  5.18  0 155 43 17610  2 276043 20006 2.2 54 24 2 5 46% 20695 3035 25%
c ]  5.21  0 155 43 17610  2 277826 21711 2.2 54 24 2 5 47% 20695 3035 25%
c {  5.21  0 72 43 17610 14 277826 21711 1.7 11 6 1 2 18% 20695 3035 25%
c e  5.31  0 72 43 18576 14 283243 26646 1.7 11 7 1 2 18% 20699 3034 25%
c ^  5.31  0 72 43 18576 14 283243 26646 1.7 11 7 1 2 18% 20699 3034 25%
c -  5.34  0 71 44 18802 14 284761 17210 1.7 11 7 1 2 18% 20699 3034 25%
c p  5.34  0 71 44 18802 14 284761 17249 1.7 11 7 1 2 18% 20699 3034 25%
c 
c  seconds  reductions    conflicts         size  tier2      variables
c         MB      restarts       redundant     glue  trail        remaining
c          level        rate          size/glue tier1  irredundant
c 
c u  5.35  0 71 44 18802 14 284761 17040 1.7 11 7 1 2 18% 20699 3034 25%
c v  5.35  0 71 44 18802 14 284761 16851 1.7 11 7 1 2 18% 20699 3034 25%
c -  5.58  0 71 45 20913 14 298101 18893 1.7 12 7 1 2 18% 20699 3034 25%
c p  5.59  0 71 45 20913 14 298101 18924 1.7 12 7 1 2 18% 20699 3034 25%
c u  5.61  0 71 45 20913 14 298101 18399 1.7 12 7 1 2 18% 20699 3034 25%
c v  5.62  0 71 45 20913 14 298101 18165 1.7 12 7 1 2 18% 20699 3034 25%
c w  5.62  0 71 45 20913 14 298101 18165 1.7 12 7 1 2 18% 20699 3034 25%
c #  5.65  0 71 45 21173 14 300044 19895 1.7 12 7 1 2 18% 20699 3034 25%
c }  5.75  0 70 45 22072 14 305982 25251 1.7 12 7 1 2 18% 20699 3034 25%
c [  5.75  0 155 45 22072  2 305982 25251 2.2 54 24 2 5 47% 20699 3034 25%
c -  5.84  0 152 46 22073  2 311752 19601 2.2 54 24 2 5 46% 20699 3034 25%
c p  5.84  0 152 46 22073  2 311752 19630 2.2 54 24 2 5 46% 20699 3034 25%
c u  5.85  0 152 46 22073  2 311752 19486 2.2 54 24 2 5 46% 20699 3034 25%
c v  5.85  0 152 46 22073  2 311752 19313 2.2 54 24 2 5 46% 20699 3034 25%
c w  5.85  0 152 46 22073  2 311752 19310 2.2 54 24 2 5 46% 20699 3034 25%
c O  6.16  0 152 46 22073  1 325046 31902 2.3 56 25 2 5 45% 20699 3034 25%
c -  6.17  0 151 47 22073  1 325711 19902 2.3 56 25 2 5 45% 20699 3034 25%
c p  6.17  0 151 47 22073  1 325711 19929 2.3 56 25 2 5 45% 20699 3034 25%
c u  6.18  0 151 47 22073  1 325711 19795 2.3 56 25 2 5 45% 20699 3034 25%
c v  6.18  0 151 47 22073  1 325711 19653 2.3 56 25 2 5 45% 20699 3034 25%
c 
c  seconds   reductions    conflicts         size   tier2      variables
c         MB       restarts       redundant     glue   trail        remaining
c           level        rate          size/glue  tier1  irredundant
c 
c w  6.18  0 151 47 22073  1 325711 19653 2.3 56 25 2 5 45% 20699 3034 25%
c x  6.18  0 151 47 22073  1 325711 19653 2.3 56 25 2 5 45% 20698 3034 25%
c t  6.18  0 151 47 22073  1 325711 19652 2.3 56 25 2 5 45% 20698 3034 25%
c -  6.41  0 147 48 22073  1 339980 18999 2.3 54 24 2 5 43% 20698 3034 25%
c p  6.41  0 147 48 22073  1 339980 19026 2.3 54 24 2 5 43% 20698 3034 25%
c e  6.48  0 147 48 22073  1 344189 16879 2.3 53 24 2 5 42% 22473 2780 23%
c s  6.49  0 147 48 22073  1 344189 16637 2.3 53 24 2 5 42% 22129 2780 23%
c e  6.49  0 147 48 22073  1 344189 16457 2.3 53 24 2 5 42% 22171 2763 22%
c B  6.56  0 144 48 22078  1 351047 22521 2.2 52 23 2 5 25% 22171 2763 22%
c -  6.63  0 145 49 22080  1 354556 16058 2.2 52 23 2 5 37% 22171 2763 22%
c p  6.63  0 145 49 22080  1 354556 16066 2.2 52 23 2 5 37% 22171 2763 22%
c u  6.64  0 145 49 22080  1 354556 15756 2.2 52 23 2 5 37% 22171 2763 22%
c v  6.64  0 145 49 22080  1 354556 15746 2.2 52 23 2 5 37% 22171 2763 22%
c w  6.64  0 145 49 22080  1 354556 15745 2.2 52 23 2 5 37% 22171 2763 22%
c ]  6.65  0 146 49 22080  1 355364 16425 2.2 52 23 2 5 37% 22171 2763 22%
c {  6.65  0 70 49 22080 14 355364 16425 1.7 12 7 1 2 21% 22171 2763 22%
c -  6.87  0 70 50 23954 14 369442 18820 1.7 12 7 1 2 20% 22171 2763 22%
c p  6.87  0 70 50 23954 14 369442 18834 1.7 12 7 1 2 20% 22171 2763 22%
c u  6.89  0 70 50 23954 14 369442 18638 1.7 12 7 1 2 20% 22171 2763 22%
c v  6.89  0 70 50 23954 14 369442 18534 1.7 12 7 1 2 20% 22171 2763 22%
c 
c  seconds  reductions    conflicts         size  tier2      variables
c         MB      restarts       redundant     glue  trail        remaining
c          level        rate          size/glue tier1  irredundant
c 
c w  6.89  0 70 50 23954 14 369442 18534 1.7 12 7 1 2 20% 22171 2763 22%
c f  6.90  0 70 50 23954 14 369442 18534 1.7 12 7 1 2 20% 22162 2764 23%
c B  7.04  0 70 50 25309 14 378048 26378 1.7 12 7 1 2 20% 22162 2764 23%
c -  7.16  0 70 51 26280 14 384637 20798 1.7 12 7 1 2 20% 22162 2764 23%
c p  7.16  0 70 51 26280 14 384637 20812 1.7 12 7 1 2 20% 22162 2764 23%
c u  7.17  0 70 51 26280 14 384637 20381 1.7 12 7 1 2 20% 22162 2764 23%
c v  7.18  0 70 51 26280 14 384637 20157 1.7 12 7 1 2 20% 22162 2764 23%
c }  7.26  0 70 51 27061 14 388814 23972 1.7 12 7 1 2 20% 22162 2764 23%
c [  7.26  0 146 51 27061  1 388814 23972 2.2 52 23 2 5 37% 22162 2764 23%
c -  7.32  0 141 52 27067  1 400142 21917 2.2 48 22 2 4 28% 22162 2764 23%
c p  7.33  0 141 52 27067  1 400142 21931 2.2 48 22 2 4 28% 22162 2764 23%
c W  7.41  0 135 52 27069  1 406050 26455 2.2 46 21 2 4 23% 22162 2764 23%
c -  7.48  0 129 53 27071  1 415957 21725 2.2 43 20 2 4 22% 22162 2764 23%
c e  7.49  0 129 53 27072  1 416294 22002 2.2 43 20 2 4 22% 22170 2763 22%
c s  7.49  0 129 53 27072  1 416294 21999 2.2 43 20 2 4 22% 22167 2763 22%
c -  7.73  0 127 54 27081  1 432080 22839 2.2 43 19 2 4 28% 22167 2763 22%
c p  7.73  0 127 54 27081  1 432080 22853 2.2 43 19 2 4 28% 22167 2763 22%
c u  7.74  0 127 54 27081  1 432080 22511 2.2 43 19 2 4 28% 22167 2763 22%
c v  7.74  0 127 54 27081  1 432080 22394 2.2 43 19 2 4 28% 22167 2763 22%
c w  7.74  0 127 54 27081  1 432080 22394 2.2 43 19 2 4 28% 22167 2763 22%
c 
c  seconds   reductions    conflicts         size   tier2      variables
c         MB       restarts       redundant     glue   trail        remaining
c           level        rate          size/glue  tier1  irredundant
c 
c I  7.78  0 126 54 27082  1 435052 25154 2.2 42 19 2 4 28% 22167 2763 22%
c -  7.95  0 125 55 27085  1 448514 22829 2.2 42 19 2 4 31% 22167 2763 22%
c p  7.95  0 125 55 27085  1 448514 22836 2.2 42 19 2 4 31% 22167 2763 22%
c B  8.16  0 131 55 27085  1 465054 37991 2.2 41 19 2 4 37% 22167 2763 22%
c -  8.17  0 131 56 27086  1 465257 22796 2.2 42 19 2 4 37% 22167 2763 22%
c p  8.17  0 131 56 27086  1 465257 22808 2.2 42 19 2 4 37% 22167 2763 22%
c u  8.19  0 131 56 27086  1 465257 22687 2.2 42 19 2 4 37% 22167 2763 22%
c v  8.19  0 131 56 27086  1 465257 22675 2.2 42 19 2 4 37% 22167 2763 22%
c w  8.19  0 131 56 27086  1 465257 22671 2.2 42 19 2 4 37% 22167 2763 22%
c x  8.19  0 131 56 27086  1 465257 22671 2.2 42 19 2 4 37% 22142 2763 22%
c ]  8.34  0 133 56 27092  1 474484 31221 2.2 42 19 2 4 37% 22142 2763 22%
c {  8.34  0 70 56 27092 14 474484 31221 1.7 12 7 1 2 20% 22142 2763 22%
c -  8.48  0 69 57 28189 14 482309 24192 1.7 12 7 1 2 19% 22142 2763 22%
c p  8.48  0 69 57 28189 14 482309 24205 1.7 12 7 1 2 19% 22142 2763 22%
c u  8.49  0 69 57 28189 14 482309 23928 1.7 12 7 1 2 19% 22142 2763 22%
c v  8.49  0 69 57 28189 14 482309 23764 1.7 12 7 1 2 19% 22142 2763 22%
c w  8.49  0 69 57 28189 14 482309 23764 1.7 12 7 1 2 19% 22142 2763 22%
c ^  8.72  0 69 57 30102 14 494401 34740 1.7 13 7 1 2 19% 22142 2763 22%
c W  8.78  0 69 57 30313 14 496056 36234 1.7 13 7 1 2 19% 22142 2763 22%
c -  8.88  0 69 58 31062 14 499671 25586 1.7 13 7 1 2 19% 22142 2763 22%
c 
c  seconds  reductions    conflicts         size  tier2      variables
c         MB      restarts       redundant     glue  trail        remaining
c          level        rate          size/glue tier1  irredundant
c 
c p  8.88  0 69 58 31062 14 499671 25598 1.7 13 7 1 2 19% 22142 2763 22%
c u  8.89  0 69 58 31062 14 499671 25440 1.7 13 7 1 2 19% 22142 2763 22%
c v  8.89  0 69 58 31062 14 499671 25093 1.7 13 7 1 2 19% 22142 2763 22%
c w  8.89  0 69 58 31062 14 499671 25093 1.7 13 7 1 2 19% 22142 2763 22%
c }  9.05  0 69 58 32403 14 508874 33508 1.7 13 7 1 2 19% 22142 2763 22%
c [  9.05  0 133 58 32403  1 508874 33508 2.2 42 19 2 4 37% 22142 2763 22%
c -  9.23  0 133 59 32407  1 517344 26963 2.2 44 19 2 4 39% 22142 2763 22%
c p  9.24  0 133 59 32407  1 517344 26972 2.2 44 19 2 4 39% 22142 2763 22%
c u  9.25  0 133 59 32407  1 517344 26712 2.2 44 19 2 4 39% 22142 2763 22%
c v  9.25  0 133 59 32407  1 517344 26557 2.2 44 19 2 4 39% 22142 2763 22%
c w  9.25  0 133 59 32407  1 517344 26554 2.2 44 19 2 4 39% 22142 2763 22%
c W  9.48  0 134 59 32411  1 528058 36653 2.2 46 21 2 4 39% 22142 2763 22%
c -  9.67  0 137 60 32413  1 535325 27253 2.2 48 22 2 4 40% 22142 2763 22%
c p  9.67  0 137 60 32413  1 535325 27260 2.2 48 22 2 4 40% 22142 2763 22%
c u  9.67  0 137 60 32413  1 535325 27192 2.2 48 22 2 4 40% 22142 2763 22%
c v  9.68  0 137 60 32413  1 535325 27029 2.2 48 22 2 4 40% 22142 2763 22%
c w  9.68  0 137 60 32413  1 535325 27027 2.2 48 22 2 4 40% 22142 2763 22%
c - 10.06  0 140 61 32424  1 553616 26668 2.2 50 23 2 4 41% 22142 2763 22%
c p 10.07  0 140 61 32424  1 553616 26675 2.2 50 23 2 4 41% 22142 2763 22%
c u 10.07  0 140 61 32424  1 553616 26480 2.2 50 23 2 4 41% 22142 2763 22%
c 
c  seconds   reductions    conflicts         size   tier2      variables
c         MB       restarts       redundant     glue   trail        remaining
c           level        rate          size/glue  tier1  irredundant
c 
c v 10.07  0 140 61 32424  1 553616 26467 2.2 50 23 2 4 41% 22142 2763 22%
c w 10.07  0 140 61 32424  1 553616 26463 2.2 50 23 2 4 41% 22142 2763 22%
c ] 10.24  0 142 61 32426  1 559859 32358 2.2 52 24 2 4 42% 22142 2763 22%
c { 10.24  0 69 61 32426 14 559859 32358 1.7 13 7 1 2 19% 22142 2763 22%
c F 10.26  0 69 61 32551 14 561059 33437 1.7 13 7 1 2 19% 22142 2763 22%
c - 10.50  0 68 62 34292 14 572217 28527 1.7 13 7 1 2 18% 22142 2763 22%
c p 10.50  0 68 62 34292 14 572217 28534 1.7 13 7 1 2 18% 22142 2763 22%
c u 10.51  0 68 62 34292 14 572217 28385 1.7 13 7 1 2 18% 22142 2763 22%
c v 10.51  0 68 62 34292 14 572217 28294 1.7 13 7 1 2 18% 22142 2763 22%
c x 10.51  0 68 62 34292 14 572217 28294 1.7 13 7 1 2 18% 22140 2763 22%
c e 10.66  0 68 62 35290 14 578471 19130 1.7 13 8 1 2 18% 26526 2415 20%
c - 10.83  0 68 63 36404 13 591130 19479 1.7 13 8 1 2 16% 26526 2415 20%
c p 10.83  0 68 63 36404 13 591130 19480 1.7 13 8 1 2 16% 26526 2415 20%
c u 10.86  0 68 63 36404 13 591130 19227 1.7 13 8 1 2 16% 26525 2415 20%
c v 10.86  0 68 63 36404 13 591130 19042 1.7 13 8 1 2 16% 26525 2415 20%
c w 10.86  0 68 63 36404 13 591130 19042 1.7 13 8 1 2 16% 26525 2415 20%
c B 10.92  0 67 63 36733 13 595060 22569 1.7 13 8 1 2 16% 26524 2415 20%
c - 11.00  0 69 64 36954 11 610351 23103 1.8 13 7 1 2 16% 26524 2415 20%
c p 11.00  0 69 64 36954 11 610351 23105 1.8 13 7 1 2 16% 26524 2415 20%
c - 11.13  0 68 65 37191 10 629885 24885 1.8 13 7 1 2 15% 26524 2415 20%
c 
c  seconds  reductions    conflicts         size  tier2      variables
c         MB      restarts       redundant     glue  trail        remaining
c          level        rate          size/glue tier1  irredundant
c 
c p 11.13  0 68 65 37191 10 629885 24887 1.8 13 7 1 2 15% 26524 2415 20%
c W 11.18  0 68 65 37200 10 630061 25043 1.8 13 7 1 2 15% 26524 2415 20%
c } 11.24  0 67 65 37448  9 638598 32323 1.8 13 7 1 2 15% 26524 2415 20%
c [ 11.24  0 142 65 37448  1 638598 32323 2.2 52 24 2 4 48% 26524 2415 20%
c - 11.43  0 140 66 37449  1 649729 26698 2.2 52 24 2 4 48% 26524 2415 20%
c p 11.43  0 140 66 37449  1 649729 26700 2.2 52 24 2 4 48% 26524 2415 20%
c u 11.44  0 140 66 37449  1 649729 26200 2.2 52 24 2 4 48% 26524 2415 20%
c v 11.44  0 140 66 37449  1 649729 26193 2.2 52 24 2 4 48% 26524 2415 20%
c w 11.44  0 140 66 37449  1 649729 26192 2.2 52 24 2 4 48% 26524 2415 20%
c O 11.82  0 140 66 37450  1 666065 41567 2.2 56 25 2 5 50% 26524 2415 20%
c - 11.89  0 139 67 37450  1 669881 26373 2.2 56 25 2 5 50% 26524 2415 20%
c p 11.89  0 139 67 37450  1 669881 26375 2.2 56 25 2 5 50% 26524 2415 20%
c u 11.90  0 139 67 37450  1 669881 26059 2.2 56 25 2 5 50% 26524 2415 20%
c v 11.90  0 139 67 37450  1 669881 26045 2.2 56 25 2 5 50% 26524 2415 20%
c w 11.90  0 139 67 37450  1 669881 26040 2.2 56 25 2 5 50% 26524 2415 20%
c s 12.05  0 136 67 37450  1 682191 36860 2.2 53 24 2 5 46% 26478 2415 20%
c e 12.05  0 136 67 37450  1 682191 36858 2.2 53 24 2 5 46% 26502 2413 20%
c - 12.15  0 134 68 37450  1 690344 25529 2.2 52 23 2 5 45% 26502 2413 20%
c p 12.15  0 134 68 37450  1 690344 25531 2.2 52 23 2 5 45% 26502 2413 20%
c B 12.32  0 133 68 37451  1 703067 37265 2.2 51 23 2 5 43% 26502 2413 20%
c 
c  seconds   reductions    conflicts         size   tier2      variables
c         MB       restarts       redundant     glue   trail        remaining
c           level        rate          size/glue  tier1  irredundant
c 
c - 12.51  0 136 69 37451  1 711115 26320 2.2 52 24 2 5 45% 26502 2413 20%
c p 12.51  0 136 69 37451  1 711115 26322 2.2 52 24 2 5 45% 26502 2413 20%
c u 12.52  0 136 69 37451  1 711115 25942 2.2 52 24 2 5 45% 26502 2413 20%
c v 12.52  0 136 69 37451  1 711115 25929 2.2 52 24 2 5 45% 26502 2413 20%
c w 12.52  0 136 69 37451  1 711115 25929 2.2 52 24 2 5 45% 26502 2413 20%
c ] 12.65  0 138 69 37451  1 716035 30578 2.2 54 24 2 5 46% 26502 2413 20%
c { 12.65  0 67 69 37451  9 716035 30578 1.8 13 7 1 2 15% 26502 2413 20%
c - 12.81  0 66 70 38195  8 732196 28162 1.9 13 7 1 2 15% 26502 2413 20%
c p 12.81  0 66 70 38195  8 732196 28164 1.9 13 7 1 2 15% 26502 2413 20%
c # 12.89  0 66 70 38705  8 741068 35717 1.9 13 7 1 2 15% 26502 2413 20%
c - 13.04  0 65 71 39574  8 753588 29761 1.9 13 7 1 2 15% 26502 2413 20%
c p 13.05  0 65 71 39574  8 753588 29763 1.9 13 7 1 2 15% 26502 2413 20%
c u 13.08  0 65 71 39574  8 753588 29402 1.9 13 7 1 2 15% 26502 2413 20%
c w 13.08  0 65 71 39574  8 753588 29401 1.9 13 7 1 2 15% 26502 2413 20%
c - 13.36  0 64 72 41505  8 775290 30763 1.9 13 7 1 2 15% 26502 2413 20%
c p 13.37  0 64 72 41505  8 775290 30765 1.9 13 7 1 2 15% 26502 2413 20%
c u 13.37  0 64 72 41505  8 775290 30586 1.9 13 7 1 2 15% 26502 2413 20%
c v 13.37  0 64 72 41505  8 775290 30577 1.9 13 7 1 2 15% 26502 2413 20%
c w 13.37  0 64 72 41505  8 775290 30577 1.9 13 7 1 2 15% 26502 2413 20%
c B 13.42  0 65 72 41882  8 780069 34714 1.9 13 7 1 2 15% 26502 2413 20%
c 
c  seconds  reductions    conflicts         size  tier2      variables
c         MB      restarts       redundant     glue  trail        remaining
c          level        rate          size/glue tier1  irredundant
c 
c - 13.68  0 64 73 43643  8 797303 32081 1.9 13 7 1 2 15% 26502 2413 20%
c p 13.69  0 64 73 43643  8 797303 32083 1.9 13 7 1 2 15% 26502 2413 20%
c u 13.69  0 64 73 43643  8 797303 32002 1.9 13 7 1 2 15% 26502 2413 20%
c x 13.70  0 64 73 43643  8 797303 31997 1.9 13 7 1 2 15% 26346 2413 20%
c } 13.71  0 64 73 43746  8 798315 32905 1.9 13 7 1 2 15% 26346 2413 20%
c [ 13.71  0 138 73 43746  1 798315 32905 2.2 54 24 2 5 46% 26346 2413 20%
c - 14.37  0 142 74 43746  1 819625 33275 2.3 59 26 2 5 48% 26346 2413 20%
c p 14.37  0 142 74 43746  1 819625 33277 2.3 59 26 2 5 48% 26346 2413 20%
c u 14.38  0 142 74 43746  1 819625 33073 2.3 59 26 2 5 48% 26346 2413 20%
c v 14.39  0 142 74 43746  1 819625 32838 2.3 59 26 2 5 48% 26346 2413 20%
c w 14.39  0 142 74 43746  1 819625 32834 2.3 59 26 2 5 48% 26346 2413 20%
c W 14.48  0 142 74 43746  1 820070 33252 2.3 59 26 2 5 48% 26346 2413 20%
c - 14.92  0 143 75 43746  1 842258 31838 2.3 59 26 2 5 47% 26346 2413 20%
c p 14.92  0 143 75 43746  1 842258 31840 2.3 59 26 2 5 47% 26346 2413 20%
c u 14.93  0 143 75 43746  1 842258 31711 2.3 59 26 2 5 47% 26346 2413 20%
c v 14.93  0 143 75 43746  1 842258 31694 2.3 59 26 2 5 47% 26346 2413 20%
c w 14.93  0 143 75 43746  1 842258 31693 2.3 59 26 2 5 47% 26346 2413 20%
c I 15.14  0 142 75 43755  1 861072 48974 2.2 55 25 2 5 44% 26346 2413 20%
c - 15.20  0 140 76 43758  1 865203 32048 2.2 54 25 2 5 44% 26346 2413 20%
c p 15.20  0 140 76 43758  1 865203 32050 2.2 54 25 2 5 44% 26346 2413 20%
c 
c  seconds   reductions    conflicts         size   tier2      variables
c         MB       restarts       redundant     glue   trail        remaining
c           level        rate          size/glue  tier1  irredundant
c 
c ] 15.32  0 140 76 43760  1 871864 38302 2.2 54 24 2 5 44% 26346 2413 20%
c { 15.32  0 64 76 43760  8 871864 38302 1.9 13 7 1 2 15% 26346 2413 20%
c - 15.53  0 65 77 45388  8 888460 34794 1.9 13 7 1 2 15% 26345 2413 20%
c p 15.54  0 65 77 45388  8 888460 34796 1.9 13 7 1 2 15% 26345 2413 20%
c u 15.55  0 65 77 45388  8 888460 34644 1.9 13 7 1 2 15% 26345 2413 20%
c v 15.55  0 65 77 45388  8 888460 34432 1.9 13 7 1 2 15% 26345 2413 20%
c W 15.80  0 65 77 46846  8 903074 47039 1.8 13 7 1 2 15% 26345 2413 20%
c e 15.95  0 65 77 48002  8 910369 52813 1.8 13 7 1 2 15% 26431 2406 20%
c s 15.95  0 65 77 48002  8 910369 52800 1.8 13 7 1 2 15% 26410 2406 20%
c - 16.00  0 64 78 48351  8 912024 35490 1.8 13 7 1 2 15% 26410 2406 20%
c p 16.00  0 64 78 48351  8 912024 35492 1.8 13 7 1 2 15% 26410 2406 20%
c u 16.02  0 64 78 48351  8 912024 35314 1.8 13 7 1 2 15% 26410 2406 20%
c v 16.02  0 64 78 48351  8 912024 35076 1.8 13 7 1 2 15% 26410 2406 20%
c - 16.32  0 63 79 50241  8 935900 36566 1.8 13 7 1 2 15% 26410 2406 20%
c p 16.32  0 63 79 50241  8 935900 36568 1.8 13 7 1 2 15% 26410 2406 20%
c u 16.33  0 63 79 50241  8 935900 36498 1.8 13 7 1 2 15% 26410 2406 20%
c v 16.33  0 63 79 50241  8 935900 36496 1.8 13 7 1 2 15% 26410 2406 20%
c w 16.33  0 63 79 50241  8 935900 36496 1.8 13 7 1 2 15% 26410 2406 20%
c } 16.47  0 63 79 51546  8 945929 45458 1.8 13 7 1 2 15% 26410 2406 20%
c [ 16.47  0 140 79 51546  1 945929 45458 2.2 54 24 2 5 44% 26410 2406 20%
c 
c  seconds   reductions    conflicts         size   tier2      variables
c         MB       restarts       redundant     glue   trail        remaining
c           level        rate          size/glue  tier1  irredundant
c 
c B 16.48  0 140 79 51547  1 946075 45595 2.2 54 24 2 5 44% 26410 2406 20%
c - 16.66  0 140 80 51552  1 960086 38025 2.2 52 24 2 5 43% 26410 2406 20%
c p 16.66  0 140 80 51552  1 960086 38027 2.2 52 24 2 5 43% 26410 2406 20%
c - 17.11  0 139 81 51562  1 984581 38730 2.2 51 24 2 5 43% 26410 2406 20%
c p 17.11  0 139 81 51562  1 984581 38732 2.2 51 24 2 5 43% 26410 2406 20%
c u 17.12  0 139 81 51562  1 984581 38535 2.2 51 24 2 5 43% 26410 2406 20%
c v 17.12  0 139 81 51562  1 984581 38400 2.2 51 24 2 5 43% 26410 2406 20%
c w 17.12  0 139 81 51562  1 984581 38398 2.2 51 24 2 5 43% 26410 2406 20%
c W 17.29  0 141 81 51563  1 990077 43633 2.2 53 24 2 5 44% 26410 2406 20%
c ] 17.53  0 141 81 51563  1 1000001 53130 2.1 55 26 2 5 45% 26410 2406 20%
c ? 17.54  0 141 81 51563  1 1000001 53130 2.1 55 26 2 5 45% 26410 2406 20%
c 
c --- [ result ] -------------------------------------------------------------
c 
c UNKNOWN
c 
c --- [ run-time profiling ] -------------------------------------------------
c 
c process time taken by individual solving procedures
c (percentage relative to process time for solving)
c 
c        16.08   91.73% search
c         9.52   54.33% stable
c         6.15   35.07% unstable
c         1.45    8.26% simplify
c         0.41    2.32% walk
c         0.36    2.04% vivify
c         0.32    1.82% sweep
c         0.24    1.36% factor
c         0.16    0.91% congruence
c         0.13    0.74% elim
c         0.06    0.32% subsume
c         0.05    0.26% preprocess
c         0.03    0.16% ternary
c         0.03    0.16% probe
c         0.01    0.07% backbone
c         0.01    0.06% fastelim
c         0.01    0.04% parse
c         0.00    0.01% lucky
c   =================================
c        17.53   99.96% solve
c 
c last line shows process time for solving
c (percentage relative to total process time)
c 
c --- [ statistics ] ---------------------------------------------------------
c 
c chronological:            277735        27.77 %  of conflicts
c conflicts:               1000001     57052.60    per second
c backbone:                 983801      7626.36 %  of vars
c decisions:               5262006    300210.80    per second
c eliminated:                 7437        57.65 %  of all variables
c factored:                    616        25.50 %  of variables
c fixed:                       953         7.39 %  of all variables
c learned:                  947864        94.79 %  per conflict
c learned_lits:           36724173       100.00 %  learned literals
c minimized:                     0         0.00 %  learned literals
c shrunken:                1240841         3.38 %  learned literals
c minishrunken:            3018169         8.22 %  learned literals
c otfs:                      36409         3.64 %  of conflict
c propagations:           83821493         4.78 M  per second
c reduced:                  797451        79.75 %  per conflict
c rephased:                     44     22727.30    interval
c restarts:                  51563        19.39    interval
c stabilizing:                  16        54.69 %  of conflicts
c substituted:                2104        16.31 %  of all variables
c sweep equivs:                541        13.34 %  of swept variables
c subsumed:                  57361         5.37 %  of all clauses
c strengthened:              45480         4.26 %  of all clauses
c ticks:                1186496200        14.46    propagation
c vivified:                   9987         0.94 %  of all clauses
c walked:                       14     71428.64    interval
c weakened:                  46385         2.97    average size
c congruence:                   26     38461.58    interval
c 
c seconds are measured in process time for solving
c 
c --- [ glue usage ] ---------------------------------------------------------
c 
c focused glue 1 used 1733709 clauses 67.33% accumulated 67.33% tier1
c focused glue 2 used 387600 clauses 15.05% accumulated 82.39% tier2
c 
c stable glue 2 used 719837 clauses 14.92% accumulated 64.72% tier1
c stable glue 3 used 256128 clauses 5.308% accumulated 70.03%
c stable glue 4 used 199820 clauses 4.141% accumulated 74.17%
c stable glue 5 used 148508 clauses 3.078% accumulated 77.25% tier2
c 
c 
c --- [ resources ] ----------------------------------------------------------
c 
c total process time since initialization:        17.54    seconds
c total real time since initialization:           17.62    seconds
c maximum resident set size of process:       102176.00    MB
c 
c --- [ shutting down ] ------------------------------------------------------
c 
c exit 0
