c --- [ banner ] -------------------------------------------------------------
c 
c CaDiCaL SAT Solver
c Copyright (c) 2016-2025
c A. Biere, M. Fleury, N. Froleyks, K. Fazekas, F. Pollitt, T. Faller
c JKU Linz, University of Freiburg, TU Wien
c 
c Version 3.0.0
c Apple clang version 17.0.0 (clang-1700.6.3.2) -Wall -Wextra -O3 -DNDEBUG -DNCLOSEFROM
c Tue Dec 23 21:53:38 UTC 2025 Darwin Tahoe-arm64.local 25.2.0 arm64
c 
c --- [ limit ] --------------------------------------------------------------
c 
c setting conflict limit to 1000000 conflicts (due to '1000000')
c 
c --- [ parsing input ] ------------------------------------------------------
c 
c reading DIMACS file from '/tmp/sr59_cnfs/aux_force_sr59_n32_bit19_m51ca0b34_fill55555555.cnf'
c opening file to read '/tmp/sr59_cnfs/aux_force_sr59_n32_bit19_m51ca0b34_fill55555555.cnf'
c found 'p cnf 12284 51301' header
c parsed 51301 clauses in 0.01 seconds process time
c 
c --- [ options ] ------------------------------------------------------------
c 
c   --seed=13                      (different from default '0')
c 
c --- [ solving ] ------------------------------------------------------------
c 
c time measured in process time since initialization
c 
c  seconds  reduction conflicts       size tier2       variables
c         MB    restarts   redundant    glue  trail         remaining
c          level     rate       size/glu tier1  irredundant
c 
c *  0.01  0  0 0   0  0    0    0 0.0 0 0 2 6  0% 50788 11803 96%
c (  0.01  0  0 0   0  0    0    0 0.0 0 0 2 6  0% 50788 11803 96%
c .  0.01  0  0 0   0  0    0    0 0.0 0 0 2 6  0% 49764 11803 96%
c c  0.02  0  0 0   0  0    0    0 0.0 0 0 2 6  0% 47028 11332 92%
c d  0.03  0  0 0   0  0    0    0 0.0 0 0 2 6  0% 42928 9976 81%
c 2  0.03  0  0 0   0  0    0    0 0.0 0 0 2 6  0% 42768 9976 81%
c f  0.04  0  0 0   0  0    0    0 0.0 0 0 2 6  0% 42494 10250 83%
c e  0.05  0  0 0   0  0    0    0 0.0 0 0 2 6  0% 28603 5263 43%
c P  0.06  0  0 0   0  0    0    0 0.0 0 0 2 6  0% 28603 5263 43%
c )  0.06  0  0 0   0  0    0    0 0.0 0 0 2 6  0% 28603 5263 43%
c {  0.06  0  0 0   0  0    0    0 0.0 0 0 2 6  0% 28603 5263 43%
c -  0.06  0 974 1   8 35  304  243 1.5 4 3 2 6 19% 28603 5263 43%
c -  0.06  0 470 2  31 24  739  603 1.6 4 3 2 6 15% 28603 5263 43%
c }  0.07  0 372 2  60 24 1001  840 1.6 4 3 2 6 14% 28603 5263 43%
c [  0.07  0  0 2  60  0 1001  840 0.0 0 0 2 6  0% 28603 5263 43%
c O  0.07  0 1907 2  60 1908 1002  841 2.2 9 4 2 6 39% 28603 5263 43%
c -  0.07  0 1888 3  60  7 1419  924 2.0 40 20 2 6 39% 28603 5263 43%
c ]  0.08  0 1886 3  60  5 1653 1128 2.0 45 23 2 6 39% 28603 5263 43%
c {  0.08  0 372 3  60 24 1653 1128 1.6 4 3 2 6 14% 28603 5263 43%
c c  0.09  0 355 3 118 26 2214 1590 1.6 5 3 2 6  5% 28565 5249 43%
c 
c  seconds   reduction conflicts       size tier2      variables
c         MB     restarts   redundant    glue  trail        remaining
c           level     rate       size/glu tier1  irredundant
c 
c d  0.09  0 355 3 118 26 2214 1582 1.6 5 3 2 6  5% 28547 5240 43%
c 2  0.09  0 355 3 118 26 2214 1582 1.6 5 3 2 6  5% 28543 5240 43%
c -  0.10  0 328 4 119 24 2361 1377 1.6 5 3 2 6  4% 28543 5240 43%
c O  0.10  0 266 4 213 23 3004 1922 1.6 5 3 2 6 12% 28543 5240 43%
c -  0.11  0 233 5 296 22 3575 2209 1.6 5 3 2 6 13% 28543 5240 43%
c }  0.11  0 207 5 346 20 4065 2594 1.6 5 3 2 6 12% 28543 5240 43%
c [  0.11  0 1886 5 346  5 4065 2594 2.0 45 23 2 6 93% 28543 5240 43%
c s  0.12  0 1556 5 346  4 4212 2723 2.0 40 20 2 6 86% 28537 5240 43%
c t  0.12  0 1556 5 346  4 4212 2723 2.0 40 20 2 6 86% 28535 5240 43%
c e  0.13  0 1556 5 346  4 4212 2510 2.0 40 20 2 6 86% 28497 4965 40%
c s  0.13  0 1556 5 346  4 4212 2440 2.0 40 20 2 6 86% 28399 4965 40%
c e  0.13  0 1556 5 346  4 4212 2425 2.0 40 20 2 6 86% 28378 4962 40%
c c  0.15  0 1003 5 347  4 4714 2757 2.0 27 14 2 6 60% 28284 4934 40%
c d  0.15  0 1003 5 347  4 4714 2709 2.0 27 14 2 6 60% 28250 4917 40%
c =  0.15  0 1003 5 347  4 4714 2709 2.0 27 14 2 6 60% 28198 4878 40%
c -  0.16  0 819 6 347  4 5069 2549 2.0 25 12 4 11 55% 28198 4878 40%
c I  0.18  0 575 6 348  3 6007 3381 2.6 36 14 3 11 47% 28198 4878 40%
c ]  0.18  0 557 6 348  4 6112 3470 2.6 35 14 3 10 46% 28198 4878 40%
c {  0.18  0 207 6 348 20 6112 3470 1.6 5 3 2 6 12% 28198 4878 40%
c -  0.19  0 184 7 494 20 6849 3341 1.6 5 3 2 6 12% 28198 4878 40%
c 
c  seconds   reduction conflicts       size tier2      variables
c         MB     restarts   redundant    glue  trail        remaining
c           level     rate       size/glu tier1  irredundant
c 
c d  0.19  0 172 7 590 20 7318 3600 1.6 6 4 2 3 11% 28198 4861 40%
c c  0.20  0 172 7 590 20 7318 3600 1.6 6 4 2 3 11% 28116 4861 40%
c d  0.20  0 172 7 590 20 7318 3505 1.6 6 4 2 3 11% 28086 4846 39%
c =  0.21  0 172 7 590 20 7318 3505 1.6 6 4 2 3 11% 28042 4813 39%
c t  0.21  0 172 7 590 20 7318 3504 1.6 6 4 2 3 11% 28042 4813 39%
c f  0.21  0 172 7 590 20 7318 3503 1.6 6 4 2 3 11% 27840 5006 41%
c -  0.23  0 146 8 922 20 8917 3768 1.6 6 4 2 3 11% 27840 5006 41%
c }  0.24  0 138 8 1080 20 9743 4434 1.6 6 4 2 3 11% 27840 5006 41%
c [  0.24  0 557 8 1080  4 9743 4434 2.6 35 14 3 10 44% 27840 5006 41%
c B  0.24  0 522 8 1080  3 10009 4645 2.5 34 13 3 10 44% 27840 5006 41%
c d  0.25  0 521 8 1080  3 10016 4402 2.5 34 13 3 10 44% 27840 4968 40%
c c  0.26  0 521 8 1080  3 10016 4402 2.5 34 13 3 10 44% 27763 4968 40%
c d  0.26  0 521 8 1080  3 10016 4332 2.5 34 13 3 10 44% 27737 4955 40%
c 2  0.26  0 521 8 1080  3 10016 4332 2.5 34 13 3 10 44% 27730 4955 40%
c =  0.27  0 521 8 1080  3 10016 4332 2.5 34 13 3 10 44% 27702 4880 40%
c -  0.28  0 381 9 1080  3 11277 4289 2.5 27 11 3 10 12% 27702 4880 40%
c c  0.30  0 303 9 1082  3 12803 5549 2.4 24 10 3 10 17% 27690 4878 40%
c -  0.31  0 267 10 1083  3 13931 5068 2.3 23 10 2 3 18% 27688 4877 40%
c e  0.32  0 257 10 1083  3 14276 4794 2.3 22 10 2 3 18% 27649 4680 38%
c s  0.32  0 257 10 1083  3 14276 4744 2.3 22 10 2 3 18% 27406 4680 38%
c 
c  seconds   reductions   conflicts       size   tier2      variables
c         MB      restarts     redundant     glue   trail        remaining
c           level       rate        size/glue  tier1  irredundant
c 
c W  0.34  0 247 10 1083  3 15012 5364 2.3 22 10 2 3 21% 27405 4680 38%
c 2  0.35  0 235 10 1083  3 15669 5904 2.2 21 10 2 3 21% 27405 4680 38%
c c  0.35  0 235 10 1083  3 15669 5898 2.2 21 10 2 3 21% 27399 4679 38%
c =  0.36  0 235 10 1083  3 15669 5894 2.2 21 10 2 3 21% 27396 4643 38%
c f  0.36  0 235 10 1083  3 15669 5893 2.2 21 10 2 3 21% 27364 4673 38%
c -  0.38  0 222 11 1084  3 16881 5294 2.2 21 10 2 3 21% 27364 4673 38%
c ]  0.38  0 212 11 1084  2 17778 6103 2.1 22 10 2 3 21% 27364 4673 38%
c {  0.38  0 138 11 1084 20 17778 6103 1.6 6 4 2 3 13% 27364 4673 38%
c d  0.39  0 131 11 1228 19 18609 6778 1.6 6 4 2 3 13% 27360 4665 38%
c c  0.40  0 131 11 1228 19 18609 6778 1.6 6 4 2 3 13% 27322 4665 38%
c t  0.40  0 131 11 1228 19 18609 6767 1.6 6 4 2 3 13% 27315 4662 38%
c -  0.42  0 120 12 1574 19 20131 6376 1.6 7 4 2 3 12% 27315 4662 38%
c #  0.43  0 116 12 1786 19 21014 7156 1.6 7 4 2 3 13% 27315 4662 38%
c d  0.44  0 113 12 1924 19 21620 7689 1.6 7 4 1 2 13% 27315 4660 38%
c c  0.45  0 113 12 1924 19 21620 7688 1.6 7 4 1 2 13% 27293 4660 38%
c d  0.45  0 113 12 1924 19 21620 7685 1.6 7 4 1 2 13% 27289 4658 38%
c =  0.46  0 113 12 1924 19 21620 7685 1.6 7 4 1 2 13% 27169 4555 37%
c u  0.46  0 113 12 1924 19 21620 7160 1.6 7 4 1 2 13% 27154 4555 37%
c v  0.47  0 113 12 1924 19 21620 7036 1.6 7 4 1 2 13% 27154 4555 37%
c w  0.47  0 113 12 1924 19 21620 7034 1.6 7 4 1 2 13% 27154 4555 37%
c 
c  seconds   reductions   conflicts       size tier2      variables
c         MB      restarts     redundant    glue  trail        remaining
c           level       rate        size/glu tier1  irredundant
c 
c x  0.47  0 113 12 1924 19 21620 7027 1.6 7 4 1 2 13% 27042 4555 37%
c t  0.47  0 113 12 1924 19 21620 7026 1.6 7 4 1 2 13% 27042 4555 37%
c f  0.47  0 113 12 1924 19 21620 7020 1.6 7 4 1 2 13% 27021 4578 37%
c }  0.49  0 108 12 2219 19 22913 8184 1.6 7 5 1 2 13% 27021 4578 37%
c [  0.49  0 212 12 2219  2 22913 8184 2.1 22 10 2 3 21% 27021 4578 37%
c -  0.50  0 207 13 2219  2 23679 5521 2.2 22 10 2 3 23% 27021 4578 37%
c d  0.51  0 201 13 2219  2 24697 6429 2.2 23 10 2 3 26% 27021 4576 37%
c c  0.52  0 201 13 2219  2 24697 6429 2.2 23 10 2 3 26% 26999 4576 37%
c =  0.52  0 201 13 2219  2 24697 6412 2.2 23 10 2 3 26% 26991 4527 37%
c t  0.52  0 201 13 2219  2 24697 6412 2.2 23 10 2 3 26% 26990 4527 37%
c -  0.55  0 185 14 2221  2 27527 5585 2.1 23 11 2 3 24% 26990 4527 37%
c c  0.56  0 184 14 2221  2 27838 5836 2.1 23 11 2 3 24% 26978 4524 37%
c O  0.56  0 183 14 2222  2 28016 6002 2.1 23 11 2 3 24% 26976 4523 37%
c e  0.59  0 180 14 2222  2 29577 6736 2.1 25 12 2 3 25% 26961 4442 36%
c s  0.59  0 180 14 2222  2 29577 6712 2.1 25 12 2 3 25% 26858 4442 36%
c e  0.59  0 180 14 2222  2 29577 6712 2.1 25 12 2 3 25% 26852 4441 36%
c -  0.63  0 177 15 2224  2 31674 5389 2.1 26 13 2 3 25% 26852 4441 36%
c 2  0.63  0 177 15 2224  2 31674 5377 2.1 26 13 2 3 25% 26852 4441 36%
c c  0.63  0 177 15 2224  2 31674 5356 2.1 26 13 2 3 25% 26828 4439 36%
c =  0.64  0 177 15 2224  2 31674 5354 2.1 26 13 2 3 25% 26407 4343 35%
c 
c  seconds   reductions   conflicts       size   tier2      variables
c         MB      restarts     redundant     glue   trail        remaining
c           level       rate        size/glue  tier1  irredundant
c 
c 2  0.64  0 177 15 2224  2 31674 5354 2.1 26 13 2 3 25% 26405 4343 35%
c f  0.65  0 177 15 2224  2 31674 5351 2.1 26 13 2 3 25% 26368 4363 36%
c ]  0.66  0 178 15 2225  2 32568 6161 2.1 27 13 2 3 37% 26368 4363 36%
c {  0.66  0 108 15 2225 19 32568 6161 1.6 7 5 1 2 14% 26368 4363 36%
c B  0.70  0 100 15 2840 18 36017 9193 1.6 8 5 1 2 14% 26368 4363 36%
c -  0.71  0 100 16 2871 18 36123 6293 1.6 8 5 1 2 14% 26368 4363 36%
c p  0.71  0 100 16 2871 18 36123 6290 1.6 8 5 1 2 14% 26368 4362 36%
c c  0.71  0 100 16 2871 18 36123 6290 1.6 8 5 1 2 14% 26360 4362 36%
c d  0.72  0 100 16 2871 18 36123 6287 1.6 8 5 1 2 14% 26358 4361 36%
c 2  0.72  0 100 16 2871 18 36123 6287 1.6 8 5 1 2 14% 26356 4361 36%
c =  0.72  0 100 16 2871 18 36123 6284 1.6 8 5 1 2 14% 26335 4345 35%
c t  0.72  0 100 16 2871 18 36123 6283 1.6 8 5 1 2 14% 26335 4345 35%
c 2  0.72  0 100 16 2871 18 36123 6282 1.6 8 5 1 2 14% 26331 4345 35%
c f  0.73  0 100 16 2871 18 36123 6279 1.6 8 5 1 2 14% 26320 4355 35%
c -  0.79  0 92 17 3674 18 40875 7313 1.6 8 5 1 2 15% 26320 4355 35%
c p  0.79  0 92 17 3674 18 40875 7321 1.6 8 5 1 2 15% 26320 4355 35%
c u  0.81  0 92 17 3674 18 40875 6072 1.6 8 5 1 2 15% 26110 4355 35%
c v  0.81  0 92 17 3674 18 40875 6047 1.6 8 5 1 2 15% 26110 4355 35%
c t  0.81  0 92 17 3674 18 40875 6046 1.6 8 5 1 2 15% 26110 4355 35%
c f  0.81  0 92 17 3674 18 40875 6041 1.6 8 5 1 2 15% 26112 4358 35%
c 
c  seconds  reductions   conflicts       size tier2      variables
c         MB     restarts     redundant    glue  trail        remaining
c          level       rate        size/glu tier1  irredundant
c 
c }  0.81  0 92 17 3698 18 41032 6186 1.6 8 5 1 2 15% 26112 4358 35%
c [  0.81  0 178 17 3698  2 41032 6186 2.1 27 13 2 3 37% 26112 4358 35%
c B  0.88  0 175 17 3699  2 45018 9907 2.1 31 15 2 3 38% 26112 4358 35%
c -  0.88  0 174 18 3699  2 45929 6569 2.1 30 15 2 3 35% 26112 4358 35%
c d  0.88  0 174 18 3699  2 45929 6544 2.1 30 15 2 3 35% 26106 4353 35%
c 2  0.89  0 174 18 3699  2 45929 6543 2.1 30 15 2 3 35% 26104 4353 35%
c e  0.95  0 167 18 3700  2 50346 10131 2.1 33 15 2 3 32% 22320 3982 32%
c s  0.95  0 167 18 3700  2 50346 10127 2.1 33 15 2 3 32% 22307 3982 32%
c e  0.96  0 167 18 3700  2 50346 10124 2.1 33 15 2 3 32% 22303 3981 32%
c -  0.97  0 167 19 3700  2 51289 6395 2.1 33 16 2 3 32% 22303 3981 32%
c 2  0.97  0 167 19 3700  2 51289 6390 2.1 33 16 2 3 32% 22303 3981 32%
c c  0.98  0 167 19 3700  2 51289 6370 2.1 33 16 2 3 32% 22271 3979 32%
c d  0.98  0 167 19 3700  2 51289 6358 2.1 33 16 2 3 32% 22265 3976 32%
c 2  0.98  0 167 19 3700  2 51289 6358 2.1 33 16 2 3 32% 22261 3976 32%
c =  0.98  0 167 19 3700  2 51289 6348 2.1 33 16 2 3 32% 22261 3973 32%
c f  0.99  0 167 19 3700  2 51289 6342 2.1 33 16 2 3 32% 22249 3986 32%
c ]  1.03  0 167 19 3700  2 54961 9673 2.1 33 16 2 3 32% 22249 3986 32%
c {  1.03  0 92 19 3700 18 54961 9673 1.6 8 5 1 2 15% 22249 3986 32%
c W  1.04  0 92 19 3714 18 55019 9723 1.6 8 5 1 2 15% 22249 3986 32%
c -  1.07  0 92 20 4010 17 56950 7056 1.6 8 5 1 2 15% 22249 3986 32%
c 
c  seconds  reductions   conflicts       size tier2      variables
c         MB     restarts     redundant    glue  trail        remaining
c          level       rate        size/glu tier1  irredundant
c 
c u  1.08  0 92 20 4010 17 56950 6594 1.6 8 5 1 2 15% 22147 3986 32%
c v  1.08  0 92 20 4010 17 56950 6523 1.6 8 5 1 2 15% 22147 3986 32%
c w  1.08  0 92 20 4010 17 56950 6523 1.6 8 5 1 2 15% 22147 3986 32%
c x  1.09  0 92 20 4010 17 56950 6523 1.6 8 5 1 2 15% 22142 3986 32%
c f  1.09  0 92 20 4010 17 56950 6521 1.6 8 5 1 2 15% 22143 3987 32%
c -  1.16  0 87 21 4934 17 62916 8024 1.6 9 5 1 2 15% 22143 3987 32%
c p  1.16  0 87 21 4934 17 62916 8179 1.6 9 5 1 2 15% 22137 3986 32%
c f  1.17  0 87 21 4934 17 62916 8169 1.6 9 5 1 2 15% 22139 3991 32%
c F  1.20  0 84 21 5335 16 66021 10829 1.7 9 5 1 2 14% 22139 3991 32%
c }  1.22  0 84 21 5544 16 67118 11756 1.7 9 5 1 2 15% 22139 3991 32%
c [  1.22  0 167 21 5544  2 67118 11756 2.1 33 16 2 3 32% 22139 3991 32%
c -  1.24  0 163 22 5546  2 69187 9288 2.1 33 16 2 3 31% 22139 3991 32%
c p  1.25  0 163 22 5546  2 69187 9277 2.1 33 16 2 3 31% 22130 3986 32%
c u  1.26  0 163 22 5546  2 69187 8860 2.1 33 16 2 3 31% 22128 3986 32%
c v  1.26  0 163 22 5546  2 69187 8633 2.1 33 16 2 3 31% 22128 3986 32%
c w  1.26  0 163 22 5546  2 69187 8631 2.1 33 16 2 3 31% 22128 3986 32%
c f  1.27  0 163 22 5546  2 69187 8625 2.1 33 16 2 3 31% 22129 3991 32%
c e  1.40  0 165 22 5550  2 75208 13794 2.0 39 19 2 4 33% 22082 3976 32%
c s  1.40  0 165 22 5550  2 75208 13786 2.0 39 19 2 4 33% 22081 3976 32%
c -  1.42  0 164 23 5550  2 75763 9066 2.0 38 19 2 4 33% 22078 3976 32%
c 
c  seconds   reductions   conflicts       size   tier2      variables
c         MB      restarts     redundant     glue   trail        remaining
c           level       rate        size/glue  tier1  irredundant
c 
c 2  1.42  0 164 23 5550  2 75763 9064 2.0 38 19 2 4 33% 22078 3976 32%
c p  1.42  0 164 23 5550  2 75763 9043 2.0 38 19 2 4 33% 22078 3975 32%
c f  1.42  0 164 23 5550  2 75763 9038 2.0 38 19 2 4 33% 22073 3981 32%
c W  1.47  0 163 23 5551  2 78025 11167 2.0 39 20 2 4 33% 22073 3981 32%
c ]  1.52  0 164 23 5551  2 80097 13128 2.0 41 20 2 4 34% 22073 3981 32%
c {  1.52  0 84 23 5551 16 80097 13128 1.7 9 5 1 2 14% 22073 3981 32%
c -  1.56  0 83 24 6033 16 82645 9494 1.7 9 5 1 2 15% 22073 3981 32%
c p  1.56  0 83 24 6033 16 82645 9688 1.7 9 5 1 2 15% 22073 3979 32%
c u  1.57  0 83 24 6033 16 82645 9050 1.7 9 5 1 2 15% 22073 3979 32%
c v  1.57  0 83 24 6033 16 82645 8977 1.7 9 5 1 2 15% 22073 3979 32%
c f  1.57  0 83 24 6033 16 82645 8892 1.7 9 5 1 2 14% 22114 4015 33%
c -  1.68  0 81 25 7282 16 89833 10208 1.7 9 6 1 2 15% 22110 4015 33%
c p  1.68  0 81 25 7282 16 89833 10432 1.7 9 6 1 2 15% 22110 4015 33%
c =  1.70  0 81 25 7282 16 89833 10430 1.7 9 6 1 2 15% 22095 4010 33%
c f  1.70  0 81 25 7282 16 89833 10394 1.7 9 6 1 2 15% 22114 4027 33%
c B  1.72  0 80 25 7508 16 91027 11473 1.7 9 6 1 2 15% 22114 4027 33%
c }  1.75  0 80 25 7812 16 92988 13240 1.7 10 6 1 2 15% 22114 4027 33%
c [  1.75  0 164 25 7812  2 92988 13240 2.0 41 20 2 4 33% 22114 4027 33%
c -  1.81  0 161 26 7815  2 97327 11204 2.1 40 19 2 4 34% 22114 4027 33%
c p  1.81  0 161 26 7815  2 97327 11205 2.1 40 19 2 4 34% 22114 4027 33%
c 
c  seconds   reductions   conflicts        size   tier2      variables
c         MB      restarts      redundant     glue   trail        remaining
c           level       rate         size/glue  tier1  irredundant
c 
c u  1.81  0 161 26 7815  2 97327 10836 2.1 40 19 2 4 34% 22114 4027 33%
c v  1.81  0 161 26 7815  2 97327 10680 2.1 40 19 2 4 34% 22114 4027 33%
c w  1.81  0 161 26 7815  2 97327 10678 2.1 40 19 2 4 34% 22114 4027 33%
c x  1.82  0 161 26 7815  2 97327 10673 2.1 40 19 2 4 34% 22022 4027 33%
c f  1.82  0 161 26 7815  2 97327 10673 2.1 40 19 2 4 34% 22021 4028 33%
c e  1.99  0 161 26 7819  2 104888 17147 2.1 44 22 2 4 35% 22006 4012 33%
c ^  1.99  0 161 26 7819  2 104888 17147 2.1 44 22 2 4 35% 22006 4012 33%
c I  2.00  0 161 26 7819  2 105029 17280 2.1 44 22 2 4 48% 22006 4012 33%
c -  2.00  0 161 27 7819  2 105126 10935 2.1 44 22 2 4 39% 22006 4012 33%
c p  2.00  0 161 27 7819  2 105126 11045 2.1 44 22 2 4 39% 21995 4010 33%
c =  2.01  0 161 27 7819  2 105126 11042 2.1 44 22 2 4 39% 21991 4005 33%
c f  2.02  0 161 27 7819  2 105126 11042 2.1 44 22 2 4 39% 21987 4007 33%
c ]  2.14  0 164 27 7820  2 112173 17440 2.2 47 21 2 4 57% 21985 4007 33%
c {  2.14  0 80 27 7820 16 112173 17440 1.7 10 6 1 2 17% 21985 4007 33%
c -  2.16  0 80 28 7949 16 113232 11213 1.7 10 6 1 2 17% 21985 4007 33%
c p  2.16  0 80 28 7949 16 113232 11347 1.7 10 6 1 2 17% 21972 4004 33%
c u  2.18  0 80 28 7949 16 113232 10917 1.7 10 6 1 2 17% 21917 4004 33%
c w  2.18  0 80 28 7949 16 113232 10912 1.7 10 6 1 2 17% 21917 4004 33%
c W  2.30  0 79 28 9095 16 120030 17022 1.7 10 6 1 2 17% 21917 4004 33%
c -  2.33  0 78 29 9362 16 121646 12300 1.7 10 6 1 2 17% 21917 4004 33%
c 
c  seconds  reductions   conflicts         size  tier2      variables
c         MB     restarts       redundant     glue  trail        remaining
c          level       rate          size/glue tier1  irredundant
c 
c p  2.33  0 78 29 9362 16 121646 12301 1.7 10 6 1 2 17% 21917 4004 33%
c }  2.45  0 77 29 10506 16 128360 18318 1.7 10 6 1 2 17% 21917 4004 33%
c [  2.45  0 164 29 10506  2 128360 18318 2.2 47 21 2 4 57% 21917 4004 33%
c -  2.49  0 162 30 10506  2 130365 13661 2.2 47 21 2 4 56% 21917 4004 33%
c p  2.49  0 162 30 10506  2 130365 13885 2.2 47 21 2 4 56% 21917 4004 33%
c u  2.51  0 162 30 10506  2 130365 13341 2.2 47 21 2 4 56% 21917 4004 33%
c v  2.51  0 162 30 10506  2 130365 13104 2.2 47 21 2 4 56% 21917 4004 33%
c w  2.51  0 162 30 10506  2 130365 13104 2.2 47 21 2 4 56% 21917 4004 33%
c x  2.51  0 162 30 10506  2 130365 13100 2.2 47 21 2 4 56% 21873 4004 33%
c t  2.51  0 162 30 10506  2 130365 13099 2.2 47 21 2 4 56% 21873 4004 33%
c B  2.60  0 161 30 10507  2 136032 18355 2.2 46 21 2 4 49% 21873 4004 33%
c t  2.66  0 159 30 10507  2 139266 21364 2.2 46 21 2 4 47% 21873 4004 33%
c e  2.67  0 159 30 10507  2 139266 13354 2.2 46 21 2 4 47% 22064 3776 31%
c ^  2.67  0 159 30 10507  2 139266 13354 2.2 46 21 2 4 47% 22064 3776 31%
c -  2.67  0 159 31 10507  2 139391 10493 2.2 46 21 2 4 47% 22064 3776 31%
c p  2.67  0 159 31 10507  2 139391 10483 2.2 46 21 2 4 47% 22064 3775 31%
c t  2.67  0 159 31 10507  2 139391 10483 2.2 46 21 2 4 47% 22063 3775 31%
c f  2.68  0 159 31 10507  2 139391 10483 2.2 46 21 2 4 47% 22053 3777 31%
c -  2.87  0 161 32 10508  2 148724 11593 2.2 49 22 2 4 45% 22052 3777 31%
c p  2.87  0 161 32 10508  2 148724 11764 2.2 49 22 2 4 45% 22052 3777 31%
c 
c  seconds   reductions    conflicts         size   tier2      variables
c         MB       restarts       redundant     glue   trail        remaining
c           level        rate          size/glue  tier1  irredundant
c 
c u  2.88  0 161 32 10508  2 148724 11265 2.2 49 22 2 4 45% 21904 3777 31%
c v  2.88  0 161 32 10508  2 148724 11091 2.2 49 22 2 4 45% 21904 3777 31%
c w  2.88  0 161 32 10508  2 148724 11089 2.2 49 22 2 4 45% 21904 3777 31%
c ]  2.97  0 162 32 10510  2 151597 13745 2.2 51 23 2 4 47% 21898 3777 31%
c {  2.97  0 77 32 10510 16 151597 13745 1.7 10 6 1 2 17% 21898 3777 31%
c #  2.99  0 76 32 10657 16 153033 15006 1.7 10 6 1 2 17% 21898 3777 31%
c -  3.06  0 76 33 11377 15 158366 12958 1.7 10 6 1 2 17% 21898 3777 31%
c p  3.07  0 76 33 11377 15 158366 12942 1.7 10 6 1 2 17% 21898 3776 31%
c =  3.08  0 76 33 11377 15 158366 12828 1.7 10 6 1 2 17% 21892 3754 31%
c -  3.26  0 75 34 13119 15 168314 14619 1.7 11 6 1 2 17% 21892 3754 31%
c p  3.26  0 75 34 13119 15 168314 14743 1.7 11 6 1 2 17% 21892 3754 31%
c u  3.27  0 75 34 13119 15 168314 14065 1.7 11 6 1 2 17% 21882 3754 31%
c v  3.27  0 75 34 13119 15 168314 13719 1.7 11 6 1 2 17% 21882 3754 31%
c B  3.32  0 75 34 13539 15 171034 16130 1.7 11 6 1 2 17% 21882 3754 31%
c }  3.34  0 74 34 13757 15 172692 17641 1.7 11 6 1 2 16% 21882 3754 31%
c [  3.34  0 162 34 13757  2 172692 17641 2.2 51 23 2 4 47% 21882 3754 31%
c -  3.45  0 161 35 13761  2 178570 15095 2.2 51 23 2 4 46% 21882 3754 31%
c =  3.46  0 161 35 13761  2 178570 15059 2.2 51 23 2 4 46% 21872 3733 30%
c 2  3.46  0 161 35 13761  2 178570 15057 2.2 51 23 2 4 46% 21868 3733 30%
c e  3.49  0 162 35 13761  2 180015 14035 2.2 50 23 2 4 46% 22087 3603 29%
c 
c  seconds   reductions    conflicts         size   tier2      variables
c         MB       restarts       redundant     glue   trail        remaining
c           level        rate          size/glue  tier1  irredundant
c 
c ^  3.49  0 162 35 13761  2 180015 14035 2.2 50 23 2 4 46% 22087 3603 29%
c -  3.65  0 162 36 13767  2 189137 14370 2.3 50 22 2 4 46% 22087 3603 29%
c 2  3.65  0 162 36 13767  2 189137 14369 2.3 50 22 2 4 46% 22087 3603 29%
c p  3.65  0 162 36 13767  2 189137 14455 2.3 50 22 2 4 46% 22087 3603 29%
c u  3.67  0 162 36 13767  2 189137 14050 2.3 50 22 2 4 46% 22077 3603 29%
c v  3.67  0 162 36 13767  2 189137 13898 2.3 50 22 2 4 46% 22077 3603 29%
c w  3.67  0 162 36 13767  2 189137 13896 2.3 50 22 2 4 46% 22077 3603 29%
c x  3.67  0 162 36 13767  2 189137 13895 2.3 50 22 2 4 46% 22017 3603 29%
c W  3.72  0 162 36 13767  2 190036 14721 2.3 50 22 2 4 46% 22017 3603 29%
c -  3.89  0 159 37 13769  2 200010 14568 2.3 50 22 2 4 43% 22017 3603 29%
c p  3.89  0 159 37 13769  2 200010 14569 2.3 50 22 2 4 43% 22017 3603 29%
c ]  3.99  0 158 37 13772  2 206977 20637 2.3 50 22 2 4 42% 22017 3603 29%
c {  3.99  0 74 37 13772 15 206977 20637 1.7 11 6 1 2 18% 22017 3603 29%
c W  4.05  0 74 37 14155 15 210038 23342 1.7 11 6 1 2 18% 22017 3603 29%
c -  4.07  0 73 38 14340 15 211190 15449 1.7 11 6 1 2 18% 22017 3603 29%
c p  4.07  0 73 38 14340 15 211190 15525 1.7 11 6 1 2 18% 22017 3603 29%
c =  4.09  0 73 38 14340 15 211190 15493 1.7 11 6 1 2 18% 21773 3564 29%
c u  4.09  0 73 38 14340 15 211190 15098 1.7 11 6 1 2 18% 21635 3564 29%
c v  4.10  0 73 38 14340 15 211190 14804 1.7 11 6 1 2 18% 21635 3564 29%
c w  4.10  0 73 38 14340 15 211190 14804 1.7 11 6 1 2 18% 21635 3564 29%
c 
c  seconds  reductions    conflicts         size  tier2      variables
c         MB      restarts       redundant     glue  trail        remaining
c          level        rate          size/glue tier1  irredundant
c 
c t  4.10  0 73 38 14340 15 211190 14804 1.7 11 6 1 2 18% 21634 3564 29%
c -  4.29  0 72 39 16069 15 222678 16629 1.7 11 7 1 2 18% 21634 3564 29%
c p  4.29  0 72 39 16069 15 222678 16676 1.7 11 7 1 2 18% 21634 3564 29%
c u  4.32  0 72 39 16069 15 222678 16314 1.7 11 7 1 2 18% 21634 3564 29%
c v  4.32  0 72 39 16069 15 222678 16113 1.7 11 7 1 2 18% 21634 3564 29%
c w  4.32  0 72 39 16069 15 222678 16113 1.7 11 7 1 2 18% 21634 3564 29%
c e  4.42  0 72 39 16948 15 227104 16138 1.7 11 7 1 2 18% 21022 3073 25%
c s  4.42  0 72 39 16948 15 227104 16024 1.7 11 7 1 2 18% 20919 3073 25%
c e  4.42  0 72 39 16948 15 227104 15325 1.7 11 7 1 2 18% 20941 3042 25%
c F  4.48  0 72 39 17466 15 231040 18901 1.7 11 7 1 2 16% 20941 3042 25%
c }  4.49  0 72 39 17612 15 231746 19541 1.7 11 7 1 2 16% 20941 3042 25%
c [  4.49  0 158 39 17612  2 231746 19541 2.3 50 22 2 4 50% 20941 3042 25%
c -  4.52  0 156 40 17614  2 234481 14666 2.3 49 22 2 4 48% 20941 3042 25%
c 2  4.52  0 156 40 17614  2 234481 14662 2.3 49 22 2 4 48% 20941 3042 25%
c p  4.52  0 156 40 17614  2 234481 14740 2.3 49 22 2 4 48% 20941 3042 25%
c u  4.53  0 156 40 17614  2 234481 14410 2.3 49 22 2 4 48% 20865 3042 25%
c v  4.54  0 156 40 17614  2 234481 14247 2.3 49 22 2 4 48% 20865 3042 25%
c w  4.54  0 156 40 17614  2 234481 14247 2.3 49 22 2 4 48% 20865 3042 25%
c f  4.54  0 156 40 17614  2 234481 14244 2.3 49 22 2 4 48% 20770 3060 25%
c -  4.69  0 155 41 17620  2 246586 15568 2.2 47 21 2 4 43% 20770 3060 25%
c 
c  seconds   reductions    conflicts         size   tier2      variables
c         MB       restarts       redundant     glue   trail        remaining
c           level        rate          size/glue  tier1  irredundant
c 
c p  4.69  0 155 41 17620  2 246586 15569 2.2 47 21 2 4 43% 20770 3060 25%
c O  4.77  0 154 41 17623  2 253044 21440 2.2 46 21 2 4 40% 20770 3060 25%
c -  4.84  0 151 42 17624  2 259000 15641 2.1 45 21 2 4 39% 20770 3060 25%
c p  4.84  0 151 42 17624  2 259000 15703 2.1 45 21 2 4 39% 20770 3060 25%
c u  4.84  0 151 42 17624  2 259000 15523 2.1 45 21 2 4 39% 20770 3060 25%
c v  4.85  0 151 42 17624  2 259000 15437 2.1 45 21 2 4 39% 20770 3060 25%
c w  4.85  0 151 42 17624  2 259000 15437 2.1 45 21 2 4 39% 20770 3060 25%
c x  4.85  0 151 42 17624  2 259000 15436 2.1 45 21 2 4 39% 20764 3060 25%
c f  4.85  0 151 42 17624  2 259000 15433 2.1 45 21 2 4 39% 20762 3061 25%
c -  5.06  0 144 43 17625  1 271725 15870 2.2 45 21 2 4 37% 20762 3061 25%
c p  5.06  0 144 43 17625  1 271725 15871 2.2 45 21 2 4 37% 20762 3061 25%
c B  5.12  0 143 43 17625  1 276046 19983 2.1 45 21 2 4 37% 20762 3061 25%
c ]  5.24  0 145 43 17626  1 282604 26207 2.1 46 22 2 4 37% 20762 3061 25%
c {  5.24  0 72 43 17626 15 282604 26207 1.7 11 7 1 2 16% 20762 3061 25%
c e  5.25  0 72 43 17667 15 282770 26349 1.7 11 7 1 2 16% 20763 3058 25%
c s  5.25  0 72 43 17667 15 282770 26347 1.7 11 7 1 2 16% 20762 3058 25%
c e  5.25  0 72 43 17667 15 282770 26347 1.7 11 7 1 2 16% 20766 3057 25%
c -  5.29  0 72 44 17932 15 284757 16692 1.7 11 7 1 2 16% 20766 3057 25%
c p  5.29  0 72 44 17932 15 284757 16750 1.7 11 7 1 2 16% 20766 3057 25%
c u  5.32  0 72 44 17932 15 284757 16278 1.7 11 7 1 2 16% 20766 3057 25%
c 
c  seconds  reductions    conflicts         size  tier2      variables
c         MB      restarts       redundant     glue  trail        remaining
c          level        rate          size/glue tier1  irredundant
c 
c v  5.32  0 72 44 17932 15 284757 16003 1.7 11 7 1 2 16% 20766 3057 25%
c w  5.32  0 72 44 17932 15 284757 16003 1.7 11 7 1 2 16% 20766 3057 25%
c f  5.32  0 72 44 17932 15 284757 16003 1.7 11 7 1 2 16% 20760 3058 25%
c -  5.56  0 71 45 19917 14 298097 18078 1.7 12 7 1 2 17% 20760 3058 25%
c p  5.56  0 71 45 19917 14 298097 18131 1.7 12 7 1 2 17% 20760 3058 25%
c u  5.57  0 71 45 19917 14 298097 17664 1.7 12 7 1 2 17% 20760 3058 25%
c v  5.57  0 71 45 19917 14 298097 17460 1.7 12 7 1 2 17% 20760 3058 25%
c B  5.61  0 71 45 20112 14 300047 19208 1.7 12 7 1 2 17% 20760 3058 25%
c -  5.77  0 71 46 21486 14 311746 19752 1.7 12 7 1 2 17% 20760 3058 25%
c p  5.77  0 71 46 21486 14 311746 19798 1.7 12 7 1 2 17% 20760 3058 25%
c u  5.78  0 71 46 21486 14 311746 19626 1.7 12 7 1 2 17% 20760 3058 25%
c v  5.78  0 71 46 21486 14 311746 19450 1.7 12 7 1 2 17% 20760 3058 25%
c w  5.78  0 71 46 21486 14 311746 19450 1.7 12 7 1 2 17% 20760 3058 25%
c }  5.81  0 71 46 21737 14 313157 20735 1.7 12 7 1 2 17% 20760 3058 25%
c [  5.81  0 145 46 21737  1 313157 20735 2.1 46 22 2 4 37% 20760 3058 25%
c W  6.05  0 141 46 21737  1 325048 32019 2.2 47 21 2 4 40% 20760 3058 25%
c -  6.07  0 141 47 21737  1 325705 20482 2.2 47 21 2 4 40% 20760 3058 25%
c p  6.07  0 141 47 21737  1 325705 20523 2.2 47 21 2 4 40% 20760 3058 25%
c t  6.08  0 141 47 21737  1 325705 20522 2.2 47 21 2 4 40% 20760 3058 25%
c -  6.33  0 141 48 21737  1 339973 19587 2.2 49 22 2 5 39% 20760 3058 25%
c 
c  seconds   reductions    conflicts         size   tier2      variables
c         MB       restarts       redundant     glue   trail        remaining
c           level        rate          size/glue  tier1  irredundant
c 
c p  6.33  0 141 48 21737  1 339973 19588 2.2 49 22 2 5 39% 20760 3058 25%
c u  6.35  0 141 48 21737  1 339973 19118 2.2 49 22 2 5 39% 20760 3058 25%
c v  6.35  0 141 48 21737  1 339973 19115 2.2 49 22 2 5 39% 20760 3058 25%
c w  6.35  0 141 48 21737  1 339973 19115 2.2 49 22 2 5 39% 20760 3058 25%
c ^  6.42  0 141 48 21737  1 343579 22561 2.2 49 22 2 5 39% 20760 3058 25%
c I  6.53  0 142 48 21743  1 351050 29384 2.2 48 22 2 5 39% 20760 3058 25%
c -  6.57  0 140 49 21744  1 354551 19399 2.2 47 22 2 5 38% 20760 3058 25%
c p  6.57  0 140 49 21744  1 354551 19441 2.2 47 22 2 5 38% 20760 3058 25%
c ]  6.73  0 138 49 21751  1 367771 31802 2.1 46 22 2 5 37% 20760 3058 25%
c {  6.73  0 71 49 21751 14 367771 31802 1.7 12 7 1 2 17% 20760 3058 25%
c -  6.77  0 71 50 22035 14 369437 20333 1.7 12 7 1 2 17% 20760 3058 25%
c u  6.78  0 71 50 22035 14 369437 20114 1.7 12 7 1 2 17% 20760 3058 25%
c v  6.78  0 71 50 22035 14 369437 20034 1.7 12 7 1 2 17% 20760 3058 25%
c x  6.78  0 71 50 22035 14 369437 20034 1.7 12 7 1 2 17% 20734 3058 25%
c W  6.95  0 70 50 23423 14 378051 27898 1.7 12 7 1 2 17% 20734 3058 25%
c -  7.10  0 70 51 24658 14 384632 21687 1.7 12 7 1 2 17% 20734 3058 25%
c p  7.10  0 70 51 24658 14 384632 21728 1.7 12 7 1 2 17% 20734 3058 25%
c u  7.11  0 70 51 24658 14 384632 21402 1.7 12 7 1 2 17% 20734 3058 25%
c v  7.11  0 70 51 24658 14 384632 21051 1.7 12 7 1 2 17% 20734 3058 25%
c w  7.11  0 70 51 24658 14 384632 21051 1.7 12 7 1 2 17% 20734 3058 25%
c 
c  seconds  reductions    conflicts         size  tier2      variables
c         MB      restarts       redundant     glue  trail        remaining
c          level        rate          size/glue tier1  irredundant
c 
c }  7.33  0 70 51 26378 14 397011 32249 1.7 12 7 1 2 17% 20734 3058 25%
c [  7.33  0 138 51 26378  1 397011 32249 2.1 46 22 2 5 37% 20734 3058 25%
c -  7.38  0 138 52 26379  1 400137 23183 2.2 46 21 2 5 37% 20734 3058 25%
c p  7.38  0 138 52 26379  1 400137 23219 2.2 46 21 2 5 37% 20734 3058 25%
c u  7.39  0 138 52 26379  1 400137 22843 2.2 46 21 2 5 37% 20734 3058 25%
c v  7.39  0 138 52 26379  1 400137 22682 2.2 46 21 2 5 37% 20734 3058 25%
c w  7.39  0 138 52 26379  1 400137 22681 2.2 46 21 2 5 37% 20734 3058 25%
c B  7.50  0 139 52 26379  1 406053 28372 2.2 46 21 2 5 39% 20734 3058 25%
c e  7.65  0 141 52 26382  1 409895 20815 2.2 48 22 2 5 40% 22436 2816 23%
c s  7.65  0 141 52 26382  1 409895 20559 2.2 48 22 2 5 40% 22096 2816 23%
c e  7.66  0 141 52 26382  1 409895 20338 2.2 48 22 2 5 40% 22118 2805 23%
c -  7.71  0 136 53 26386  1 415953 18675 2.2 47 21 2 5 38% 22118 2805 23%
c 2  7.71  0 136 53 26386  1 415953 18670 2.2 47 21 2 5 38% 22118 2805 23%
c p  7.71  0 136 53 26386  1 415953 18698 2.2 47 21 2 5 38% 22118 2805 23%
c u  7.73  0 136 53 26386  1 415953 18587 2.2 47 21 2 5 38% 22118 2805 23%
c f  7.74  0 136 53 26386  1 415953 18586 2.2 47 21 2 5 38% 22100 2807 23%
c -  7.98  0 136 54 26393  1 432077 19952 2.2 46 21 2 5 36% 22100 2807 23%
c p  7.98  0 136 54 26393  1 432077 19967 2.2 46 21 2 5 36% 22100 2807 23%
c W  8.06  0 136 54 26394  1 435056 22789 2.2 46 21 2 5 36% 22100 2807 23%
c -  8.35  0 138 55 26395  1 448511 20739 2.2 48 22 2 5 38% 22100 2807 23%
c 
c  seconds   reductions    conflicts         size   tier2      variables
c         MB       restarts       redundant     glue   trail        remaining
c           level        rate          size/glue  tier1  irredundant
c 
c p  8.35  0 138 55 26395  1 448511 20768 2.2 48 22 2 5 38% 22100 2807 23%
c u  8.36  0 138 55 26395  1 448511 20540 2.2 48 22 2 5 38% 22100 2807 23%
c v  8.36  0 138 55 26395  1 448511 20240 2.2 48 22 2 5 38% 22100 2807 23%
c w  8.36  0 138 55 26395  1 448511 20238 2.2 48 22 2 5 38% 22100 2807 23%
c ]  8.43  0 139 55 26395  1 452476 23932 2.2 48 22 2 5 38% 22100 2807 23%
c {  8.43  0 70 55 26395 14 452476 23932 1.7 12 7 1 2 17% 22100 2807 23%
c #  8.63  0 69 55 27991 13 465058 35311 1.7 13 7 1 2 17% 22100 2807 23%
c -  8.64  0 69 56 28037 13 465253 22392 1.7 13 7 1 2 17% 22100 2807 23%
c p  8.64  0 69 56 28037 13 465253 22416 1.7 13 7 1 2 17% 22100 2807 23%
c u  8.65  0 69 56 28037 13 465253 22155 1.7 13 7 1 2 17% 22100 2807 23%
c v  8.65  0 69 56 28037 13 465253 21974 1.7 13 7 1 2 17% 22100 2807 23%
c w  8.65  0 69 56 28037 13 465253 21973 1.7 13 7 1 2 17% 22100 2807 23%
c -  8.97  0 69 57 30456 13 482305 24103 1.7 13 7 1 2 17% 22100 2807 23%
c p  8.98  0 69 57 30456 13 482305 24126 1.7 13 7 1 2 17% 22100 2807 23%
c u  8.98  0 69 57 30456 13 482305 23764 1.7 13 7 1 2 17% 22100 2807 23%
c v  8.98  0 69 57 30456 13 482305 23593 1.7 13 7 1 2 17% 22100 2807 23%
c w  8.98  0 69 57 30456 13 482305 23593 1.7 13 7 1 2 17% 22100 2807 23%
c x  8.99  0 69 57 30456 13 482305 23593 1.7 13 7 1 2 17% 22078 2807 23%
c ^  9.09  0 69 57 31288 13 487355 28211 1.7 13 7 1 2 17% 22078 2807 23%
c }  9.13  0 69 57 31532 13 489236 29905 1.7 13 7 1 2 17% 22078 2807 23%
c 
c  seconds   reductions    conflicts         size   tier2      variables
c         MB       restarts       redundant     glue   trail        remaining
c           level        rate          size/glue  tier1  irredundant
c 
c [  9.13  0 139 57 31532  1 489236 29905 2.2 48 22 2 5 38% 22078 2807 23%
c O  9.24  0 138 57 31534  1 496059 36371 2.2 48 22 2 5 38% 22078 2807 23%
c -  9.29  0 137 58 31536  1 499667 24981 2.2 48 22 2 5 37% 22078 2807 23%
c p  9.29  0 137 58 31536  1 499667 25004 2.2 48 22 2 5 37% 22078 2807 23%
c u  9.30  0 137 58 31536  1 499667 24749 2.2 48 22 2 5 37% 22078 2807 23%
c v  9.30  0 137 58 31536  1 499667 24582 2.2 48 22 2 5 37% 22078 2807 23%
c w  9.30  0 137 58 31536  1 499667 24581 2.2 48 22 2 5 37% 22078 2807 23%
c -  9.57  0 136 59 31546  1 517340 25123 2.1 47 22 2 5 36% 22078 2807 23%
c p  9.57  0 136 59 31546  1 517340 25147 2.1 47 22 2 5 36% 22078 2807 23%
c B  9.73  0 136 59 31547  1 528061 35133 2.1 47 22 2 5 35% 22078 2807 23%
c -  9.89  0 139 60 31553  1 535321 24978 2.1 48 23 1 2 36% 22078 2807 23%
c p  9.89  0 139 60 31553  1 535321 24999 2.1 48 23 1 2 36% 22078 2807 23%
c u  9.90  0 139 60 31553  1 535321 24822 2.1 48 23 1 2 36% 22078 2807 23%
c v  9.90  0 139 60 31553  1 535321 24762 2.1 48 23 1 2 36% 22078 2807 23%
c w  9.90  0 139 60 31553  1 535321 24762 2.1 48 23 1 2 36% 22078 2807 23%
c - 10.19  0 139 61 31561  1 553613 25118 2.1 48 23 1 2 36% 22078 2807 23%
c p 10.19  0 139 61 31561  1 553613 25122 2.1 48 23 1 2 36% 22078 2807 23%
c ] 10.32  0 140 61 31562  1 560315 31475 2.1 49 23 1 2 37% 22078 2807 23%
c { 10.32  0 69 61 31562 13 560315 31475 1.7 13 7 1 2 17% 22078 2807 23%
c B 10.34  0 69 61 31689 13 561062 32169 1.7 13 7 1 2 17% 22078 2807 23%
c 
c  seconds  reductions    conflicts         size  tier2      variables
c         MB      restarts       redundant     glue  trail        remaining
c          level        rate          size/glue tier1  irredundant
c 
c e 10.52  0 68 61 32707 13 570671 19742 1.7 13 7 1 2 16% 26747 2434 20%
c - 10.54  0 68 62 32812 13 572214 15282 1.8 13 7 1 2 12% 26747 2434 20%
c 2 10.54  0 68 62 32812 13 572214 15279 1.8 13 7 1 2 12% 26747 2434 20%
c p 10.55  0 68 62 32812 13 572214 15305 1.8 13 7 1 2 12% 26747 2434 20%
c u 10.55  0 68 62 32812 13 572214 14601 1.8 13 7 1 2 12% 26746 2434 20%
c w 10.55  0 68 62 32812 13 572214 14601 1.8 13 7 1 2 12% 26746 2434 20%
c - 10.83  0 68 63 34592 12 591127 19091 1.8 13 7 1 2 17% 26745 2434 20%
c p 10.83  0 68 63 34592 12 591127 19114 1.8 13 7 1 2 17% 26745 2434 20%
c u 10.84  0 68 63 34592 12 591127 18570 1.8 13 7 1 2 17% 26745 2434 20%
c v 10.84  0 68 63 34592 12 591127 18483 1.8 13 7 1 2 17% 26745 2434 20%
c W 10.97  0 68 63 35026 12 595065 21976 1.8 13 7 1 2 17% 26745 2434 20%
c } 11.24  0 69 63 36965 12 608674 34289 1.8 13 8 1 2 17% 26745 2434 20%
c [ 11.24  0 140 63 36965  1 608674 34289 2.1 49 23 1 2 46% 26745 2434 20%
c - 11.27  0 140 64 36965  1 610349 21160 2.1 49 23 1 2 46% 26745 2434 20%
c p 11.27  0 140 64 36965  1 610349 21179 2.1 49 23 1 2 46% 26745 2434 20%
c u 11.28  0 140 64 36965  1 610349 20946 2.1 49 23 1 2 46% 26745 2434 20%
c v 11.28  0 140 64 36965  1 610349 20807 2.1 49 23 1 2 46% 26745 2434 20%
c w 11.28  0 140 64 36965  1 610349 20807 2.1 49 23 1 2 46% 26745 2434 20%
c - 11.73  0 142 65 36967  1 629881 22401 2.2 52 24 1 2 47% 26744 2434 20%
c p 11.73  0 142 65 36967  1 629881 22414 2.2 52 24 1 2 47% 26744 2434 20%
c 
c  seconds   reductions    conflicts         size   tier2      variables
c         MB       restarts       redundant     glue   trail        remaining
c           level        rate          size/glue  tier1  irredundant
c 
c u 11.74  0 142 65 36967  1 629881 22039 2.2 52 24 1 2 47% 26744 2434 20%
c v 11.74  0 142 65 36967  1 629881 21880 2.2 52 24 1 2 47% 26744 2434 20%
c w 11.74  0 142 65 36967  1 629881 21880 2.2 52 24 1 2 47% 26744 2434 20%
c W 11.77  0 142 65 36967  1 630066 22051 2.2 52 24 1 2 47% 26744 2434 20%
c - 12.25  0 144 66 36967  1 649723 21262 2.2 56 26 1 2 47% 26743 2434 20%
c p 12.25  0 144 66 36967  1 649723 21274 2.2 56 26 1 2 47% 26743 2434 20%
c u 12.28  0 144 66 36967  1 649723 21123 2.2 56 26 1 2 47% 26743 2434 20%
c v 12.28  0 144 66 36967  1 649723 21005 2.2 56 26 1 2 47% 26743 2434 20%
c w 12.28  0 144 66 36967  1 649723 21001 2.2 56 26 1 2 47% 26743 2434 20%
c x 12.28  0 144 66 36967  1 649723 21001 2.2 56 26 1 2 47% 26674 2434 20%
c I 12.57  0 143 66 36968  1 666068 36171 2.2 57 26 2 5 48% 26674 2434 20%
c - 12.63  0 142 67 36968  1 669876 21322 2.2 57 25 2 5 47% 26674 2434 20%
c p 12.63  0 142 67 36968  1 669876 21334 2.2 57 25 2 5 47% 26674 2434 20%
c u 12.63  0 142 67 36968  1 669876 21223 2.2 57 25 2 5 47% 26674 2434 20%
c v 12.64  0 142 67 36968  1 669876 21027 2.2 57 25 2 5 47% 26674 2434 20%
c w 12.64  0 142 67 36968  1 669876 21023 2.2 57 25 2 5 47% 26674 2434 20%
c ] 12.66  0 142 67 36968  1 671610 22670 2.2 56 25 2 5 47% 26674 2434 20%
c { 12.66  0 69 67 36968 12 671610 22670 1.8 13 8 1 2 17% 26674 2434 20%
c e 12.71  0 69 67 37345 12 674411 24954 1.8 13 8 1 2 17% 26697 2432 20%
c s 12.71  0 69 67 37345 12 674411 24927 1.8 13 8 1 2 17% 26648 2432 20%
c 
c  seconds  reductions    conflicts         size  tier2      variables
c         MB      restarts       redundant     glue  trail        remaining
c          level        rate          size/glue tier1  irredundant
c 
c e 12.72  0 69 67 37345 12 674411 24649 1.8 13 8 1 2 17% 26670 2429 20%
c - 13.03  0 69 68 39453 12 690337 23855 1.8 14 8 1 2 18% 26667 2429 20%
c p 13.03  0 69 68 39453 12 690337 23868 1.8 14 8 1 2 18% 26667 2429 20%
c u 13.04  0 69 68 39453 12 690337 23547 1.8 14 8 1 2 18% 26667 2429 20%
c v 13.04  0 69 68 39453 12 690337 23386 1.8 14 8 1 2 18% 26667 2429 20%
c F 13.26  0 69 68 40924 12 703070 34886 1.8 14 8 1 2 18% 26667 2429 20%
c - 13.46  0 69 69 42272 12 711110 25740 1.8 14 8 1 2 18% 26667 2429 20%
c p 13.47  0 69 69 42272 12 711110 25749 1.8 14 8 1 2 18% 26667 2429 20%
c u 13.48  0 69 69 42272 12 711110 25408 1.8 14 8 1 2 18% 26667 2429 20%
c v 13.48  0 69 69 42272 12 711110 25120 1.8 14 8 1 2 18% 26667 2429 20%
c } 13.58  0 69 69 43011 12 716569 30047 1.8 14 8 1 2 18% 26667 2429 20%
c [ 13.58  0 142 69 43011  1 716569 30047 2.2 56 25 2 5 47% 26667 2429 20%
c - 14.06  0 137 70 43011  1 732194 26762 2.4 61 26 2 4 47% 26667 2429 20%
c p 14.06  0 137 70 43011  1 732194 26770 2.4 61 26 2 4 47% 26667 2429 20%
c u 14.07  0 137 70 43011  1 732194 26634 2.4 61 26 2 4 47% 26667 2429 20%
c v 14.07  0 137 70 43011  1 732194 26429 2.4 61 26 2 4 47% 26667 2429 20%
c w 14.07  0 137 70 43011  1 732194 26429 2.4 61 26 2 4 47% 26667 2429 20%
c B 14.29  0 139 70 43011  1 741072 34927 2.4 62 26 2 4 47% 26667 2429 20%
c - 14.57  0 141 71 43011  1 753589 26734 2.4 63 27 2 4 47% 26667 2429 20%
c p 14.57  0 141 71 43011  1 753589 26740 2.4 63 27 2 4 47% 26667 2429 20%
c 
c  seconds   reductions    conflicts         size   tier2      variables
c         MB       restarts       redundant     glue   trail        remaining
c           level        rate          size/glue  tier1  irredundant
c 
c u 14.58  0 141 71 43011  1 753589 26557 2.4 63 27 2 4 47% 26667 2429 20%
c v 14.58  0 141 71 43011  1 753589 26393 2.4 63 27 2 4 47% 26667 2429 20%
c w 14.58  0 141 71 43011  1 753589 26390 2.4 63 27 2 4 47% 26667 2429 20%
c - 14.94  0 138 72 43012  1 775292 25865 2.3 61 27 2 4 45% 26667 2429 20%
c p 14.94  0 138 72 43012  1 775292 25871 2.3 61 27 2 4 45% 26667 2429 20%
c W 15.10  0 139 72 43016  1 780074 30386 2.3 61 27 2 4 45% 26667 2429 20%
c ] 15.17  0 139 72 43018  1 784507 34593 2.3 60 27 2 4 44% 26667 2429 20%
c { 15.17  0 69 72 43018 12 784507 34593 1.8 14 8 1 2 18% 26667 2429 20%
c - 15.43  0 69 73 44636 12 797305 28075 1.7 14 8 1 2 18% 26667 2429 20%
c p 15.43  0 69 73 44636 12 797305 28081 1.7 14 8 1 2 18% 26667 2429 20%
c u 15.44  0 69 73 44636 12 797305 27854 1.7 14 8 1 2 18% 26667 2429 20%
c v 15.45  0 69 73 44636 12 797305 27698 1.7 14 8 1 2 18% 26667 2429 20%
c - 15.90  0 69 74 47327 12 819627 30106 1.8 14 8 1 2 18% 26667 2429 20%
c p 15.91  0 69 74 47327 12 819627 30112 1.8 14 8 1 2 18% 26667 2429 20%
c u 15.96  0 69 74 47327 12 819627 29852 1.8 14 8 1 2 18% 26667 2429 20%
c v 15.96  0 69 74 47327 12 819627 29560 1.8 14 8 1 2 18% 26667 2429 20%
c B 15.97  0 69 74 47381 12 820076 29956 1.8 14 8 1 2 18% 26667 2429 20%
c } 16.24  0 68 74 48935 11 838201 46197 1.8 14 8 1 2 18% 26667 2429 20%
c [ 16.24  0 139 74 48935  1 838201 46197 2.3 60 27 2 4 44% 26667 2429 20%
c - 16.30  0 138 75 48937  1 842260 32271 2.3 59 26 2 4 44% 26667 2429 20%
c 
c  seconds   reductions    conflicts         size   tier2      variables
c         MB       restarts       redundant     glue   trail        remaining
c           level        rate          size/glue  tier1  irredundant
c 
c p 16.30  0 138 75 48937  1 842260 32277 2.3 59 26 2 4 44% 26667 2429 20%
c u 16.30  0 138 75 48937  1 842260 32171 2.3 59 26 2 4 44% 26667 2429 20%
c v 16.31  0 138 75 48937  1 842260 32070 2.3 59 26 2 4 44% 26667 2429 20%
c w 16.31  0 138 75 48937  1 842260 32069 2.3 59 26 2 4 44% 26667 2429 20%
c x 16.31  0 138 75 48937  1 842260 32069 2.3 59 26 2 4 44% 26593 2429 20%
c O 16.46  0 135 75 48943  1 861077 47985 2.2 53 24 2 5 41% 26592 2429 20%
c - 16.50  0 135 76 48946  1 865203 32829 2.2 52 23 2 5 40% 26592 2429 20%
c p 16.50  0 135 76 48946  1 865203 32834 2.2 52 23 2 5 40% 26592 2429 20%
c - 16.71  0 133 77 48957  1 888460 30772 2.2 47 22 2 5 37% 26592 2429 20%
c p 16.71  0 133 77 48957  1 888460 30775 2.2 47 22 2 5 37% 26592 2429 20%
c e 16.81  0 127 77 48959  1 902557 42343 2.2 43 20 2 5 35% 26604 2428 20%
c s 16.81  0 127 77 48959  1 902557 42341 2.2 43 20 2 5 35% 26602 2428 20%
c B 16.82  0 128 77 48959  1 903080 42818 2.2 43 20 2 5 35% 26602 2428 20%
c - 16.89  0 125 78 48959  1 912025 29850 2.1 41 19 2 5 33% 26602 2428 20%
c p 16.89  0 125 78 48959  1 912025 29856 2.1 41 19 2 5 33% 26602 2428 20%
c u 16.90  0 125 78 48959  1 912025 29670 2.1 41 19 2 5 33% 26602 2428 20%
c w 16.90  0 125 78 48959  1 912025 29670 2.1 41 19 2 5 33% 26602 2428 20%
c - 17.26  0 125 79 48972  1 935901 31477 2.1 41 19 2 5 34% 26602 2428 20%
c p 17.26  0 125 79 48972  1 935901 31484 2.1 41 19 2 5 34% 26602 2428 20%
c W 17.49  0 127 79 48974  1 946082 40972 2.1 42 20 2 5 35% 26602 2428 20%
c 
c  seconds   reductions    conflicts         size   tier2      variables
c         MB       restarts       redundant     glue   trail        remaining
c           level        rate          size/glue  tier1  irredundant
c 
c - 17.72  0 129 80 48981  1 960086 33134 2.1 42 20 2 5 36% 26602 2428 20%
c p 17.72  0 129 80 48981  1 960086 33139 2.1 42 20 2 5 36% 26602 2428 20%
c u 17.73  0 129 80 48981  1 960086 32969 2.1 42 20 2 5 36% 26602 2428 20%
c v 17.73  0 129 80 48981  1 960086 32845 2.1 42 20 2 5 36% 26602 2428 20%
c w 17.73  0 129 80 48981  1 960086 32844 2.1 42 20 2 5 36% 26602 2428 20%
c ] 18.05  0 131 80 48989  1 976783 48547 2.1 45 21 2 5 38% 26602 2428 20%
c { 18.05  0 68 80 48989 11 976783 48547 1.8 14 8 1 2 18% 26602 2428 20%
c - 18.22  0 68 81 49841 11 984581 34378 1.8 14 8 1 2 18% 26602 2428 20%
c p 18.22  0 68 81 49841 11 984581 34382 1.8 14 8 1 2 18% 26602 2428 20%
c u 18.22  0 68 81 49841 11 984581 34197 1.8 14 8 1 2 18% 26602 2428 20%
c v 18.23  0 68 81 49841 11 984581 34023 1.8 14 8 1 2 18% 26602 2428 20%
c w 18.23  0 68 81 49841 11 984581 34023 1.8 14 8 1 2 18% 26602 2428 20%
c W 18.34  0 68 81 50439 11 990083 39020 1.8 14 8 1 2 18% 26602 2428 20%
c } 18.51  0 67 81 51363 11 1000003 47912 1.8 14 8 1 2 18% 26602 2428 20%
c ? 18.51  0 67 81 51363 11 1000003 47912 1.8 14 8 1 2 18% 26602 2428 20%
c 
c --- [ result ] -------------------------------------------------------------
c 
c UNKNOWN
c 
c --- [ run-time profiling ] -------------------------------------------------
c 
c process time taken by individual solving procedures
c (percentage relative to process time for solving)
c 
c        17.00   91.86% search
c        10.17   54.97% stable
c         6.39   34.50% unstable
c         1.50    8.13% simplify
c         0.44    2.37% walk
c         0.39    2.09% vivify
c         0.32    1.73% sweep
c         0.25    1.36% factor
c         0.16    0.87% congruence
c         0.13    0.73% elim
c         0.06    0.31% subsume
c         0.05    0.26% preprocess
c         0.03    0.18% probe
c         0.03    0.16% ternary
c         0.01    0.07% backbone
c         0.01    0.06% fastelim
c         0.01    0.04% parse
c         0.00    0.01% lucky
c   =================================
c        18.51   99.96% solve
c 
c last line shows process time for solving
c (percentage relative to total process time)
c 
c --- [ statistics ] ---------------------------------------------------------
c 
c chronological:            282533        28.25 %  of conflicts
c conflicts:               1000003     54035.61    per second
c backbone:                1039118      8025.94 %  of vars
c decisions:               5438803    293888.17    per second
c eliminated:                 7463        57.64 %  of all variables
c factored:                    663        27.23 %  of variables
c fixed:                       953         7.36 %  of all variables
c learned:                  951386        95.14 %  per conflict
c learned_lits:           38038805       100.00 %  learned literals
c minimized:                     0         0.00 %  learned literals
c shrunken:                1250339         3.29 %  learned literals
c minishrunken:            3057310         8.04 %  learned literals
c otfs:                      32991         3.30 %  of conflict
c propagations:           88230502         4.77 M  per second
c reduced:                  791174        79.12 %  per conflict
c rephased:                     44     22727.34    interval
c restarts:                  51363        19.47    interval
c stabilizing:                  16        61.26 %  of conflicts
c substituted:                2103        16.24 %  of all variables
c sweep equivs:                537        13.18 %  of swept variables
c subsumed:                  51681         4.81 %  of all clauses
c strengthened:              44591         4.15 %  of all clauses
c ticks:                1275441293        14.78    propagation
c vivified:                  12082         1.12 %  of all clauses
c walked:                       14     71428.79    interval
c weakened:                  46597         2.97    average size
c congruence:                   25     40000.12    interval
c 
c seconds are measured in process time for solving
c 
c --- [ glue usage ] ---------------------------------------------------------
c 
c focused glue 1 used 1535150 clauses 69.50% accumulated 69.50% tier1
c focused glue 2 used 341141 clauses 15.44% accumulated 84.95% tier2
c 
c stable glue 2 used 848756 clauses 15.79% accumulated 64.83% tier1
c stable glue 3 used 292960 clauses 5.453% accumulated 70.29%
c stable glue 4 used 213003 clauses 3.964% accumulated 74.25%
c stable glue 5 used 165039 clauses 3.072% accumulated 77.32% tier2
c 
c 
c --- [ resources ] ----------------------------------------------------------
c 
c total process time since initialization:        18.51    seconds
c total real time since initialization:           18.57    seconds
c maximum resident set size of process:        90800.00    MB
c 
c --- [ shutting down ] ------------------------------------------------------
c 
c exit 0
