c --- [ banner ] -------------------------------------------------------------
c 
c CaDiCaL SAT Solver
c Copyright (c) 2016-2025
c A. Biere, M. Fleury, N. Froleyks, K. Fazekas, F. Pollitt, T. Faller
c JKU Linz, University of Freiburg, TU Wien
c 
c Version 3.0.0
c Apple clang version 17.0.0 (clang-1700.6.3.2) -Wall -Wextra -O3 -DNDEBUG -DNCLOSEFROM
c Tue Dec 23 21:53:38 UTC 2025 Darwin Tahoe-arm64.local 25.2.0 arm64
c 
c --- [ limit ] --------------------------------------------------------------
c 
c setting conflict limit to 1000000 conflicts (due to '1000000')
c 
c --- [ parsing input ] ------------------------------------------------------
c 
c reading DIMACS file from '/tmp/sr59_cnfs/aux_force_sr59_n32_bit19_m51ca0b34_fill55555555.cnf'
c opening file to read '/tmp/sr59_cnfs/aux_force_sr59_n32_bit19_m51ca0b34_fill55555555.cnf'
c found 'p cnf 12284 51301' header
c parsed 51301 clauses in 0.01 seconds process time
c 
c --- [ options ] ------------------------------------------------------------
c 
c   --seed=7                       (different from default '0')
c 
c --- [ solving ] ------------------------------------------------------------
c 
c time measured in process time since initialization
c 
c  seconds  reduction conflicts       size tier2       variables
c         MB    restarts   redundant    glue  trail         remaining
c          level     rate       size/glu tier1  irredundant
c 
c *  0.01  0  0 0   0  0    0    0 0.0 0 0 2 6  0% 50788 11803 96%
c (  0.01  0  0 0   0  0    0    0 0.0 0 0 2 6  0% 50788 11803 96%
c .  0.01  0  0 0   0  0    0    0 0.0 0 0 2 6  0% 49764 11803 96%
c c  0.03  0  0 0   0  0    0    0 0.0 0 0 2 6  0% 47028 11332 92%
c d  0.03  0  0 0   0  0    0    0 0.0 0 0 2 6  0% 42928 9976 81%
c 2  0.03  0  0 0   0  0    0    0 0.0 0 0 2 6  0% 42768 9976 81%
c f  0.04  0  0 0   0  0    0    0 0.0 0 0 2 6  0% 42494 10250 83%
c e  0.06  0  0 0   0  0    0    0 0.0 0 0 2 6  0% 28603 5263 43%
c P  0.06  0  0 0   0  0    0    0 0.0 0 0 2 6  0% 28603 5263 43%
c )  0.06  0  0 0   0  0    0    0 0.0 0 0 2 6  0% 28603 5263 43%
c {  0.06  0  0 0   0  0    0    0 0.0 0 0 2 6  0% 28603 5263 43%
c -  0.06  0 974 1   8 35  304  243 1.5 4 3 2 6 19% 28603 5263 43%
c -  0.07  0 470 2  31 24  739  603 1.6 4 3 2 6 15% 28603 5263 43%
c }  0.07  0 372 2  60 24 1001  840 1.6 4 3 2 6 14% 28603 5263 43%
c [  0.07  0  0 2  60  0 1001  840 0.0 0 0 2 6  0% 28603 5263 43%
c O  0.07  0 1907 2  60 1908 1002  841 2.2 9 4 2 6 39% 28603 5263 43%
c -  0.07  0 1888 3  60  7 1419  924 2.0 40 20 2 6 39% 28603 5263 43%
c ]  0.08  0 1886 3  60  5 1653 1128 2.0 45 23 2 6 39% 28603 5263 43%
c {  0.08  0 372 3  60 24 1653 1128 1.6 4 3 2 6 14% 28603 5263 43%
c c  0.09  0 355 3 118 26 2214 1590 1.6 5 3 2 6  5% 28565 5249 43%
c 
c  seconds   reduction conflicts       size tier2      variables
c         MB     restarts   redundant    glue  trail        remaining
c           level     rate       size/glu tier1  irredundant
c 
c d  0.10  0 355 3 118 26 2214 1582 1.6 5 3 2 6  5% 28547 5240 43%
c 2  0.10  0 355 3 118 26 2214 1582 1.6 5 3 2 6  5% 28543 5240 43%
c -  0.10  0 328 4 119 24 2361 1377 1.6 5 3 2 6  4% 28543 5240 43%
c O  0.10  0 266 4 213 23 3004 1922 1.6 5 3 2 6 12% 28543 5240 43%
c -  0.11  0 233 5 296 22 3575 2209 1.6 5 3 2 6 13% 28543 5240 43%
c }  0.11  0 207 5 346 20 4065 2594 1.6 5 3 2 6 12% 28543 5240 43%
c [  0.11  0 1886 5 346  5 4065 2594 2.0 45 23 2 6 93% 28543 5240 43%
c s  0.12  0 1556 5 346  4 4212 2723 2.0 40 20 2 6 86% 28537 5240 43%
c t  0.12  0 1556 5 346  4 4212 2723 2.0 40 20 2 6 86% 28535 5240 43%
c e  0.13  0 1556 5 346  4 4212 2510 2.0 40 20 2 6 86% 28497 4965 40%
c s  0.13  0 1556 5 346  4 4212 2440 2.0 40 20 2 6 86% 28399 4965 40%
c e  0.14  0 1556 5 346  4 4212 2425 2.0 40 20 2 6 86% 28378 4962 40%
c c  0.15  0 1003 5 347  4 4714 2757 2.0 27 14 2 6 60% 28284 4934 40%
c d  0.15  0 1003 5 347  4 4714 2709 2.0 27 14 2 6 60% 28250 4917 40%
c =  0.15  0 1003 5 347  4 4714 2709 2.0 27 14 2 6 60% 28198 4878 40%
c -  0.16  0 819 6 347  4 5069 2549 2.0 25 12 4 11 55% 28198 4878 40%
c I  0.18  0 575 6 348  3 6007 3381 2.6 36 14 3 11 47% 28198 4878 40%
c ]  0.18  0 557 6 348  4 6112 3470 2.6 35 14 3 10 46% 28198 4878 40%
c {  0.18  0 207 6 348 20 6112 3470 1.6 5 3 2 6 12% 28198 4878 40%
c -  0.19  0 184 7 494 20 6849 3341 1.6 5 3 2 6 12% 28198 4878 40%
c 
c  seconds   reduction conflicts       size tier2      variables
c         MB     restarts   redundant    glue  trail        remaining
c           level     rate       size/glu tier1  irredundant
c 
c d  0.19  0 172 7 590 20 7318 3600 1.6 6 4 2 3 11% 28198 4861 40%
c c  0.20  0 172 7 590 20 7318 3600 1.6 6 4 2 3 11% 28116 4861 40%
c d  0.20  0 172 7 590 20 7318 3505 1.6 6 4 2 3 11% 28086 4846 39%
c =  0.21  0 172 7 590 20 7318 3505 1.6 6 4 2 3 11% 28042 4813 39%
c t  0.21  0 172 7 590 20 7318 3504 1.6 6 4 2 3 11% 28042 4813 39%
c f  0.21  0 172 7 590 20 7318 3503 1.6 6 4 2 3 11% 27840 5006 41%
c -  0.23  0 146 8 922 20 8917 3768 1.6 6 4 2 3 11% 27840 5006 41%
c }  0.24  0 138 8 1080 20 9743 4434 1.6 6 4 2 3 11% 27840 5006 41%
c [  0.24  0 557 8 1080  4 9743 4434 2.6 35 14 3 10 44% 27840 5006 41%
c B  0.24  0 522 8 1080  3 10009 4645 2.5 34 13 3 10 44% 27840 5006 41%
c d  0.24  0 521 8 1080  3 10016 4402 2.5 34 13 3 10 44% 27840 4968 40%
c c  0.25  0 521 8 1080  3 10016 4402 2.5 34 13 3 10 44% 27763 4968 40%
c d  0.25  0 521 8 1080  3 10016 4332 2.5 34 13 3 10 44% 27737 4955 40%
c 2  0.26  0 521 8 1080  3 10016 4332 2.5 34 13 3 10 44% 27730 4955 40%
c =  0.26  0 521 8 1080  3 10016 4332 2.5 34 13 3 10 44% 27702 4880 40%
c -  0.28  0 381 9 1080  3 11277 4289 2.5 27 11 3 10 12% 27702 4880 40%
c c  0.30  0 303 9 1082  3 12803 5549 2.4 24 10 3 10 17% 27690 4878 40%
c -  0.32  0 267 10 1083  3 13931 5068 2.3 23 10 2 3 18% 27688 4877 40%
c e  0.33  0 257 10 1083  3 14276 4794 2.3 22 10 2 3 18% 27649 4680 38%
c s  0.33  0 257 10 1083  3 14276 4744 2.3 22 10 2 3 18% 27406 4680 38%
c 
c  seconds   reductions   conflicts       size   tier2      variables
c         MB      restarts     redundant     glue   trail        remaining
c           level       rate        size/glue  tier1  irredundant
c 
c W  0.35  0 247 10 1083  3 15012 5364 2.3 22 10 2 3 21% 27405 4680 38%
c 2  0.35  0 234 10 1083  3 15669 5882 2.2 21 9 2 3 20% 27405 4680 38%
c c  0.36  0 234 10 1083  3 15669 5876 2.2 21 9 2 3 20% 27399 4679 38%
c =  0.37  0 234 10 1083  3 15669 5872 2.2 21 9 2 3 20% 27396 4643 38%
c f  0.37  0 234 10 1083  3 15669 5871 2.2 21 9 2 3 20% 27364 4673 38%
c -  0.39  0 223 11 1084  3 16883 5368 2.2 21 10 2 3 22% 27364 4673 38%
c ]  0.39  0 217 11 1084  2 17704 6109 2.2 21 10 2 3 23% 27364 4673 38%
c {  0.39  0 138 11 1084 20 17704 6109 1.6 6 4 2 3 13% 27364 4673 38%
c d  0.41  0 128 11 1256 19 18609 6846 1.6 6 4 2 3 12% 27364 4670 38%
c c  0.41  0 128 11 1256 19 18609 6846 1.6 6 4 2 3 12% 27330 4670 38%
c =  0.42  0 128 11 1256 19 18609 6824 1.6 6 4 2 3 12% 27320 4664 38%
c t  0.42  0 128 11 1256 19 18609 6823 1.6 6 4 2 3 12% 27319 4664 38%
c -  0.45  0 119 12 1644 20 20131 6484 1.6 7 4 2 3 12% 27319 4664 38%
c #  0.45  0 114 12 1764 19 21013 7246 1.6 7 4 2 3 12% 27319 4664 38%
c c  0.47  0 113 12 1844 19 21621 7772 1.6 7 4 1 2 12% 27297 4662 38%
c =  0.48  0 113 12 1844 19 21621 7765 1.6 7 4 1 2 12% 27201 4591 37%
c u  0.48  0 113 12 1844 19 21621 7292 1.6 7 4 1 2 12% 27187 4591 37%
c v  0.48  0 113 12 1844 19 21621 7191 1.6 7 4 1 2 12% 27187 4591 37%
c w  0.48  0 113 12 1844 19 21621 7184 1.6 7 4 1 2 12% 27187 4591 37%
c x  0.49  0 113 12 1844 19 21621 7177 1.6 7 4 1 2 12% 27081 4591 37%
c 
c  seconds   reductions   conflicts       size tier2      variables
c         MB      restarts     redundant    glue  trail        remaining
c           level       rate        size/glu tier1  irredundant
c 
c f  0.49  0 113 12 1844 19 21621 7169 1.6 7 4 1 2 12% 27052 4618 38%
c }  0.51  0 107 12 2114 18 23231 8591 1.6 7 5 1 2 13% 27052 4618 38%
c [  0.51  0 217 12 2114  2 23231 8591 2.2 21 10 2 3 23% 27052 4618 38%
c -  0.52  0 214 13 2114  2 23678 5781 2.2 22 10 2 3 24% 27052 4618 38%
c d  0.54  0 206 13 2114  2 24698 6722 2.2 24 11 2 3 25% 27052 4617 38%
c c  0.55  0 206 13 2114  2 24698 6721 2.2 24 11 2 3 25% 27046 4617 38%
c d  0.55  0 206 13 2114  2 24698 6721 2.2 24 11 2 3 25% 27044 4616 38%
c =  0.55  0 206 13 2114  2 24698 6721 2.2 24 11 2 3 25% 27020 4540 37%
c t  0.55  0 206 13 2114  2 24698 6721 2.2 24 11 2 3 25% 27019 4540 37%
c -  0.59  0 193 14 2116  2 27524 5968 1.9 27 15 2 3 24% 27019 4540 37%
c =  0.60  0 192 14 2116  2 27837 6231 1.9 28 15 2 3 25% 27015 4524 37%
c O  0.61  0 192 14 2116  2 28016 6388 1.9 27 15 2 3 25% 27015 4524 37%
c e  0.63  0 184 14 2117  2 29576 6782 1.9 27 14 2 3 24% 26902 4430 36%
c s  0.63  0 184 14 2117  2 29576 6758 1.9 27 14 2 3 24% 26804 4430 36%
c e  0.63  0 184 14 2117  2 29576 6756 1.9 27 14 2 3 24% 26798 4429 36%
c -  0.67  0 179 15 2119  2 31674 5560 1.9 27 14 2 3 34% 26798 4429 36%
c 2  0.67  0 179 15 2119  2 31674 5546 1.9 27 14 2 3 34% 26798 4429 36%
c =  0.67  0 179 15 2119  2 31674 5537 1.9 27 14 2 3 34% 26476 4358 35%
c f  0.68  0 179 15 2119  2 31674 5532 1.9 27 14 2 3 34% 26426 4381 36%
c ]  0.70  0 172 15 2120  2 34136 7635 1.9 26 14 2 3 26% 26426 4381 36%
c 
c  seconds   reductions   conflicts       size tier2      variables
c         MB      restarts     redundant    glue  trail        remaining
c           level       rate        size/glu tier1  irredundant
c 
c {  0.70  0 107 15 2120 18 34136 7635 1.6 7 5 1 2 14% 26426 4381 36%
c B  0.72  0 102 15 2461 18 36017 9289 1.6 8 5 1 2 14% 26426 4381 36%
c -  0.72  0 102 16 2462 18 36124 6220 1.6 8 5 1 2 14% 26426 4381 36%
c d  0.72  0 102 16 2462 18 36124 6208 1.6 8 5 1 2 14% 26426 4379 36%
c c  0.73  0 102 16 2462 18 36124 6208 1.6 8 5 1 2 14% 26418 4379 36%
c =  0.74  0 102 16 2462 18 36124 6196 1.6 8 5 1 2 14% 26389 4367 36%
c -  0.80  0 94 17 3345 18 40875 7207 1.6 8 5 1 2 14% 26389 4367 36%
c p  0.80  0 94 17 3345 18 40875 7206 1.6 8 5 1 2 14% 26389 4366 36%
c c  0.81  0 94 17 3345 18 40875 7205 1.6 8 5 1 2 14% 26378 4366 36%
c d  0.81  0 94 17 3345 18 40875 7202 1.6 8 5 1 2 14% 26374 4364 36%
c 2  0.81  0 94 17 3345 18 40875 7201 1.6 8 5 1 2 14% 26374 4364 36%
c =  0.81  0 94 17 3345 18 40875 7198 1.6 8 5 1 2 14% 26356 4351 35%
c u  0.82  0 94 17 3345 18 40875 6257 1.6 8 5 1 2 14% 26207 4351 35%
c v  0.82  0 94 17 3345 18 40875 6239 1.6 8 5 1 2 14% 26207 4351 35%
c 2  0.82  0 94 17 3345 18 40875 6238 1.6 8 5 1 2 14% 26203 4351 35%
c f  0.82  0 94 17 3345 18 40875 6225 1.6 8 5 1 2 14% 26174 4374 36%
c }  0.85  0 91 17 3631 17 42748 7865 1.6 8 5 1 2 14% 26173 4374 36%
c [  0.85  0 172 17 3631  2 42748 7865 1.9 26 14 2 3 26% 26173 4374 36%
c B  0.89  0 172 17 3632  2 45018 9966 2.0 30 15 2 3 31% 26173 4374 36%
c -  0.91  0 172 18 3632  2 45932 7104 2.0 32 16 2 3 33% 26173 4374 36%
c 
c  seconds   reductions   conflicts       size   tier2      variables
c         MB      restarts     redundant     glue   trail        remaining
c           level       rate        size/glue  tier1  irredundant
c 
c d  0.91  0 172 18 3632  2 45932 7092 2.0 32 16 2 3 33% 26173 4372 36%
c c  0.92  0 172 18 3632  2 45932 7092 2.0 32 16 2 3 33% 26163 4372 36%
c =  0.93  0 172 18 3632  2 45932 7071 2.0 32 16 2 3 33% 26157 4362 36%
c f  0.93  0 172 18 3632  2 45932 7069 2.0 32 16 2 3 33% 26154 4367 36%
c e  1.00  0 169 18 3633  2 50353 10362 2.0 34 17 2 3 34% 22355 3989 32%
c s  1.00  0 169 18 3633  2 50353 10354 2.0 34 17 2 3 34% 22340 3989 32%
c -  1.02  0 168 19 3633  2 51290 6897 2.0 34 17 2 3 30% 22335 3989 32%
c 2  1.02  0 168 19 3633  2 51290 6890 2.0 34 17 2 3 30% 22335 3989 32%
c f  1.04  0 168 19 3633  2 51290 6888 2.0 34 17 2 3 30% 22326 3995 33%
c ]  1.07  0 165 19 3633  2 54943 9959 1.9 34 17 2 3 25% 22326 3995 33%
c {  1.07  0 91 19 3633 17 54943 9959 1.6 8 5 1 2 16% 22326 3995 33%
c W  1.08  0 91 19 3651 17 55019 10024 1.6 8 5 1 2 16% 22326 3995 33%
c -  1.11  0 90 20 3887 17 56951 7250 1.6 8 5 1 2 16% 22326 3995 33%
c u  1.11  0 90 20 3887 17 56951 6512 1.6 8 5 1 2 16% 22184 3993 33%
c w  1.11  0 90 20 3887 17 56951 6509 1.6 8 5 1 2 16% 22184 3993 33%
c x  1.11  0 90 20 3887 17 56951 6509 1.6 8 5 1 2 16% 22176 3993 33%
c -  1.18  0 86 21 4657 16 62917 8097 1.7 9 5 1 2 16% 22176 3993 33%
c p  1.18  0 86 21 4657 16 62917 8240 1.7 9 5 1 2 16% 22170 3992 32%
c c  1.19  0 86 21 4657 16 62917 8240 1.7 9 5 1 2 16% 22152 3992 32%
c d  1.19  0 86 21 4657 16 62917 8229 1.7 9 5 1 2 16% 22148 3990 32%
c 
c  seconds  reductions   conflicts       size tier2      variables
c         MB     restarts     redundant    glue  trail        remaining
c          level       rate        size/glu tier1  irredundant
c 
c 2  1.19  0 86 21 4657 16 62917 8229 1.7 9 5 1 2 16% 22146 3990 32%
c f  1.20  0 86 21 4657 16 62917 8217 1.7 9 5 1 2 16% 22150 3998 33%
c F  1.23  0 83 21 5160 16 66021 10958 1.7 9 5 1 2 15% 22150 3998 33%
c }  1.26  0 83 21 5511 16 67681 12438 1.7 9 5 1 2 16% 22150 3998 33%
c [  1.26  0 165 21 5511  2 67681 12438 1.9 34 17 2 3 25% 22150 3998 33%
c -  1.28  0 164 22 5511  2 69187 9301 1.9 34 17 2 3 29% 22150 3998 33%
c p  1.28  0 164 22 5511  2 69187 9300 1.9 34 17 2 3 29% 22150 3997 33%
c c  1.28  0 164 22 5511  2 69187 9300 1.9 34 17 2 3 29% 22144 3997 33%
c f  1.29  0 164 22 5511  2 69187 9279 1.9 34 17 2 3 29% 22141 3999 33%
c e  1.36  0 158 22 5516  2 75206 14687 2.0 33 17 2 5 29% 22138 3995 33%
c s  1.36  0 158 22 5516  2 75206 14683 2.0 33 17 2 5 29% 22136 3995 33%
c -  1.37  0 158 23 5516  2 75762 9877 2.0 33 17 2 5 28% 22136 3995 33%
c 2  1.37  0 158 23 5516  2 75762 9875 2.0 33 17 2 5 28% 22136 3995 33%
c c  1.38  0 158 23 5516  2 75762 9842 2.0 33 17 2 5 28% 22110 3992 32%
c d  1.38  0 158 23 5516  2 75762 9816 2.0 33 17 2 5 28% 22104 3989 32%
c 2  1.38  0 158 23 5516  2 75762 9816 2.0 33 17 2 5 28% 22100 3989 32%
c u  1.38  0 158 23 5516  2 75762 9213 2.0 33 17 2 5 28% 22096 3989 32%
c v  1.38  0 158 23 5516  2 75762 9039 2.0 33 17 2 5 28% 22096 3989 32%
c w  1.38  0 158 23 5516  2 75762 9039 2.0 33 17 2 5 28% 22096 3989 32%
c W  1.43  0 160 23 5518  2 78028 11170 2.0 34 17 2 5 30% 22096 3989 32%
c 
c  seconds   reductions   conflicts       size   tier2      variables
c         MB      restarts     redundant     glue   trail        remaining
c           level       rate        size/glue  tier1  irredundant
c 
c -  1.49  0 150 24 5519  2 82644 9537 2.0 33 16 2 5 27% 22096 3989 32%
c p  1.49  0 150 24 5519  2 82644 9538 2.0 33 16 2 5 27% 22096 3989 32%
c =  1.50  0 150 24 5519  2 82644 9532 2.0 33 16 2 5 27% 22057 3981 32%
c f  1.50  0 150 24 5519  2 82644 9528 2.0 33 16 2 5 27% 22057 3985 32%
c ]  1.57  0 148 24 5523  2 88116 14543 2.0 34 17 2 5 27% 22057 3985 32%
c {  1.57  0 83 24 5523 16 88116 14543 1.7 9 5 1 2 16% 22057 3985 32%
c -  1.60  0 82 25 5748 16 89832 10204 1.7 9 5 1 2 16% 22057 3985 32%
c p  1.60  0 82 25 5748 16 89832 10296 1.7 9 5 1 2 16% 22057 3985 32%
c f  1.60  0 82 25 5748 16 89832 10244 1.7 9 5 1 2 16% 22086 4007 33%
c B  1.62  0 82 25 5911 15 91029 11317 1.7 9 5 1 2 16% 22086 4007 33%
c -  1.70  0 79 26 6654 15 97324 11512 1.7 9 5 1 2 15% 22086 4007 33%
c p  1.70  0 79 26 6654 15 97324 11681 1.7 9 5 1 2 15% 22086 4006 33%
c =  1.72  0 79 26 6654 15 97324 11674 1.7 9 5 1 2 15% 22083 4005 33%
c u  1.72  0 79 26 6654 15 97324 10985 1.7 9 5 1 2 15% 22083 4005 33%
c v  1.72  0 79 26 6654 15 97324 10953 1.7 9 5 1 2 15% 22083 4005 33%
c w  1.72  0 79 26 6654 15 97324 10953 1.7 9 5 1 2 15% 22083 4005 33%
c f  1.73  0 79 26 6654 15 97324 10893 1.7 9 5 1 2 15% 22116 4031 33%
c }  1.82  0 78 26 7656 15 102924 15826 1.7 10 6 1 2 16% 22116 4031 33%
c [  1.82  0 148 26 7656  2 102924 15826 2.0 34 17 2 5 27% 22116 4031 33%
c e  1.85  0 149 26 7657  2 104849 17337 2.0 34 17 2 5 28% 22108 4022 33%
c 
c  seconds   reductions   conflicts         size   tier2      variables
c         MB      restarts       redundant     glue   trail        remaining
c           level       rate          size/glue  tier1  irredundant
c 
c s  1.85  0 149 26 7657  2 104849 17329 2.0 34 17 2 5 28% 22108 4022 33%
c I  1.86  0 149 26 7657  2 105031 17507 2.0 34 17 2 5 28% 22108 4022 33%
c -  1.87  0 149 27 7657  2 105125 12025 2.0 34 17 2 5 28% 22108 4022 33%
c p  1.87  0 149 27 7657  2 105125 12134 2.0 34 17 2 5 28% 22108 4019 33%
c =  1.88  0 149 27 7657  2 105125 12132 2.0 34 17 2 5 28% 22106 4015 33%
c f  1.88  0 149 27 7657  2 105125 12124 2.0 34 17 2 5 28% 22098 4023 33%
c -  2.04  0 147 28 7659  2 113230 12440 2.0 38 19 2 5 30% 22098 4023 33%
c p  2.05  0 147 28 7659  2 113230 12441 2.0 38 19 2 5 30% 22098 4023 33%
c =  2.06  0 147 28 7659  2 113230 12441 2.0 38 19 2 5 30% 22097 4022 33%
c u  2.06  0 147 28 7659  2 113230 12178 2.0 38 19 2 5 30% 22097 4022 33%
c v  2.06  0 147 28 7659  2 113230 12026 2.0 38 19 2 5 30% 22097 4022 33%
c w  2.06  0 147 28 7659  2 113230 12026 2.0 38 19 2 5 30% 22097 4022 33%
c x  2.07  0 147 28 7659  2 113230 12024 2.0 38 19 2 5 30% 22052 4022 33%
c B  2.15  0 145 28 7660  2 120033 18045 1.9 38 20 2 5 29% 22052 4022 33%
c -  2.18  0 145 29 7660  2 121643 11626 1.9 38 20 2 5 30% 22052 4022 33%
c p  2.18  0 145 29 7660  2 121643 11655 1.9 38 20 2 5 30% 22052 4021 33%
c c  2.18  0 145 29 7660  2 121643 11655 1.9 38 20 2 5 30% 22046 4021 33%
c f  2.20  0 145 29 7660  2 121643 11651 1.9 38 20 2 5 30% 22042 4022 33%
c ]  2.23  0 146 29 7660  2 123530 13301 2.0 39 20 2 5 31% 22042 4022 33%
c {  2.23  0 78 29 7660 15 123530 13301 1.7 10 6 1 2 16% 22042 4022 33%
c 
c  seconds  reductions   conflicts         size  tier2      variables
c         MB     restarts       redundant     glue  trail        remaining
c          level       rate          size/glue tier1  irredundant
c 
c -  2.35  0 77 30 9089 15 130364 12867 1.7 10 6 1 2 16% 22042 4022 33%
c p  2.35  0 77 30 9089 15 130364 13059 1.7 10 6 1 2 16% 22042 4022 33%
c u  2.35  0 77 30 9089 15 130364 12396 1.7 10 6 1 2 16% 21986 4022 33%
c v  2.35  0 77 30 9089 15 130364 12250 1.7 10 6 1 2 16% 21986 4022 33%
c W  2.46  0 76 30 9952 15 136035 17329 1.7 10 6 1 2 16% 21986 4022 33%
c }  2.51  0 76 30 10508 15 138839 19852 1.7 10 6 1 2 16% 21986 4022 33%
c [  2.51  0 146 30 10508  2 138839 19852 2.0 39 20 2 5 31% 21986 4022 33%
c e  2.52  0 146 30 10508  2 139272 20158 2.0 39 20 2 5 31% 21976 4015 33%
c ^  2.52  0 146 30 10508  2 139272 20158 2.0 39 20 2 5 31% 21976 4015 33%
c -  2.52  0 146 31 10508  2 139391 13758 2.0 38 20 2 5 31% 21976 4015 33%
c p  2.52  0 146 31 10508  2 139391 13755 2.0 38 20 2 5 31% 21965 4013 33%
c =  2.54  0 146 31 10508  2 139391 13732 2.0 38 20 2 5 31% 21957 3995 33%
c -  2.74  0 144 32 10508  2 148724 14308 2.2 42 19 2 5 35% 21957 3995 33%
c p  2.74  0 144 32 10508  2 148724 14416 2.2 42 19 2 5 35% 21957 3995 33%
c =  2.75  0 144 32 10508  2 148724 14396 2.2 42 19 2 5 35% 21922 3958 32%
c u  2.75  0 144 32 10508  2 148724 14133 2.2 42 19 2 5 35% 21910 3958 32%
c v  2.76  0 144 32 10508  2 148724 13957 2.2 42 19 2 5 35% 21910 3958 32%
c w  2.76  0 144 32 10508  2 148724 13953 2.2 42 19 2 5 35% 21910 3958 32%
c x  2.76  0 144 32 10508  2 148724 13944 2.2 42 19 2 5 35% 21738 3958 32%
c t  2.76  0 144 32 10508  2 148724 13936 2.2 42 19 2 5 35% 21735 3958 32%
c 
c  seconds   reductions    conflicts         size   tier2      variables
c         MB       restarts       redundant     glue   trail        remaining
c           level        rate          size/glue  tier1  irredundant
c 
c 2  2.76  0 144 32 10508  2 148724 13935 2.2 42 19 2 5 35% 21734 3958 32%
c W  2.84  0 144 32 10511  2 153038 18010 2.1 42 19 2 5 36% 21734 3958 32%
c -  2.94  0 144 33 10514  2 158365 13929 2.2 42 20 2 5 36% 21734 3958 32%
c p  2.94  0 144 33 10514  2 158365 14021 2.2 42 20 2 5 36% 21734 3958 32%
c ]  3.02  0 143 33 10516  2 165024 19856 2.1 41 19 2 5 35% 21734 3958 32%
c {  3.02  0 76 33 10516 15 165024 19856 1.7 10 6 1 2 16% 21734 3958 32%
c -  3.09  0 75 34 11148 15 168313 14861 1.7 10 6 1 2 16% 21734 3958 32%
c p  3.09  0 75 34 11148 15 168313 14862 1.7 10 6 1 2 16% 21734 3958 32%
c u  3.10  0 75 34 11148 15 168313 14623 1.7 10 6 1 2 16% 21634 3958 32%
c v  3.10  0 75 34 11148 15 168313 14546 1.7 10 6 1 2 16% 21634 3958 32%
c x  3.10  0 75 34 11148 15 168313 14546 1.7 10 6 1 2 16% 21545 3958 32%
c #  3.15  0 75 34 11711 16 171039 17025 1.7 10 6 1 2 16% 21545 3958 32%
c e  3.31  0 74 34 13113 16 178512 18769 1.7 11 6 1 2 16% 21739 3737 30%
c ^  3.32  0 74 34 13113 16 178512 18769 1.7 11 6 1 2 16% 21739 3737 30%
c -  3.32  0 74 35 13126 16 178569 13406 1.7 11 6 1 2 16% 21739 3737 30%
c p  3.32  0 74 35 13126 16 178569 13576 1.7 11 6 1 2 16% 21739 3737 30%
c =  3.35  0 74 35 13126 16 178569 13567 1.7 11 6 1 2 16% 21493 3697 30%
c u  3.35  0 74 35 13126 16 178569 13191 1.7 11 6 1 2 16% 21384 3697 30%
c v  3.35  0 74 35 13126 16 178569 13190 1.7 11 6 1 2 16% 21384 3697 30%
c x  3.36  0 74 35 13126 16 178569 13186 1.7 11 6 1 2 16% 21308 3697 30%
c 
c  seconds  reductions    conflicts         size  tier2      variables
c         MB      restarts       redundant     glue  trail        remaining
c          level        rate          size/glue tier1  irredundant
c 
c t  3.36  0 74 35 13126 16 178569 13186 1.7 11 6 1 2 16% 21307 3697 30%
c }  3.43  0 74 35 13704 15 183594 17707 1.7 11 6 1 2 16% 21307 3697 30%
c [  3.43  0 143 35 13704  2 183594 17707 2.1 41 19 2 5 35% 21307 3697 30%
c -  3.50  0 143 36 13709  2 189133 14920 2.1 40 19 2 5 35% 21307 3697 30%
c p  3.50  0 143 36 13709  2 189133 14926 2.1 40 19 2 5 35% 21307 3697 30%
c O  3.53  0 143 36 13709  2 190041 15794 2.1 40 19 2 5 35% 21307 3697 30%
c -  3.67  0 141 37 13711  2 200005 15535 2.1 41 20 2 5 34% 21307 3697 30%
c p  3.67  0 141 37 13711  2 200005 15618 2.1 41 20 2 5 34% 21307 3697 30%
c u  3.67  0 141 37 13711  2 200005 15307 2.1 41 20 2 5 34% 21307 3697 30%
c v  3.68  0 141 37 13711  2 200005 15146 2.1 41 20 2 5 34% 21307 3697 30%
c w  3.68  0 141 37 13711  2 200005 15144 2.1 41 20 2 5 34% 21307 3697 30%
c t  3.68  0 141 37 13711  2 200005 15141 2.1 41 20 2 5 34% 21307 3697 30%
c B  3.79  0 141 37 13716  2 210042 24444 2.0 39 19 1 2 33% 21307 3697 30%
c -  3.82  0 141 38 13717  2 211188 15276 2.0 40 19 1 2 33% 21307 3697 30%
c p  3.82  0 141 38 13717  2 211188 15344 2.0 40 19 1 2 33% 21307 3697 30%
c ]  4.03  0 143 38 13720  2 218538 22355 2.1 43 20 1 2 35% 21307 3697 30%
c {  4.03  0 74 38 13720 15 218538 22355 1.7 11 6 1 2 16% 21307 3697 30%
c -  4.11  0 74 39 14418 15 222679 16264 1.7 11 6 1 2 16% 21307 3697 30%
c p  4.11  0 74 39 14418 15 222679 16293 1.7 11 6 1 2 16% 21307 3697 30%
c u  4.12  0 74 39 14418 15 222679 15975 1.7 11 6 1 2 16% 21307 3697 30%
c 
c  seconds  reductions    conflicts         size  tier2      variables
c         MB      restarts       redundant     glue  trail        remaining
c          level        rate          size/glue tier1  irredundant
c 
c v  4.12  0 74 39 14418 15 222679 15769 1.7 11 6 1 2 16% 21307 3697 30%
c x  4.12  0 74 39 14418 15 222679 15768 1.7 11 6 1 2 16% 21285 3697 30%
c t  4.15  0 74 39 14710 15 224238 17180 1.7 11 6 1 2 16% 21285 3697 30%
c e  4.16  0 74 39 14710 15 224238 15488 1.7 11 6 1 2 16% 20011 3342 27%
c s  4.16  0 74 39 14710 15 224238 15436 1.7 11 6 1 2 16% 19975 3342 27%
c e  4.17  0 74 39 14710 15 224238 15406 1.7 11 6 1 2 16% 19971 3339 27%
c B  4.28  0 73 39 15797 15 231044 21578 1.7 11 6 1 2 18% 19971 3339 27%
c -  4.34  0 73 40 16309 15 234477 16307 1.7 11 6 1 2 17% 19971 3339 27%
c 2  4.34  0 73 40 16309 15 234477 16300 1.7 11 6 1 2 17% 19971 3339 27%
c p  4.34  0 73 40 16309 15 234477 16401 1.7 11 6 1 2 17% 19971 3339 27%
c u  4.34  0 73 40 16309 15 234477 15873 1.7 11 6 1 2 17% 19971 3339 27%
c v  4.35  0 73 40 16309 15 234477 15620 1.7 11 6 1 2 17% 19971 3339 27%
c t  4.35  0 73 40 16309 15 234477 15618 1.7 11 6 1 2 17% 19971 3339 27%
c f  4.35  0 73 40 16309 15 234477 15611 1.7 11 6 1 2 17% 19889 3363 27%
c }  4.47  0 73 40 17594 15 241399 21889 1.7 11 7 1 2 18% 19889 3363 27%
c [  4.47  0 143 40 17594  2 241399 21889 2.1 43 20 1 2 42% 19889 3363 27%
c -  4.55  0 142 41 17598  2 246584 17360 2.1 42 20 1 2 42% 19889 3363 27%
c p  4.55  0 142 41 17598  2 246584 17419 2.1 42 20 1 2 42% 19889 3363 27%
c u  4.58  0 142 41 17598  2 246584 17137 2.1 42 20 1 2 42% 19889 3363 27%
c v  4.58  0 142 41 17598  2 246584 17002 2.1 42 20 1 2 42% 19889 3363 27%
c 
c  seconds   reductions    conflicts         size   tier2      variables
c         MB       restarts       redundant     glue   trail        remaining
c           level        rate          size/glue  tier1  irredundant
c 
c w  4.58  0 142 41 17598  2 246584 17002 2.1 42 20 1 2 42% 19889 3363 27%
c f  4.58  0 142 41 17598  2 246584 17001 2.1 42 20 1 2 42% 19887 3364 27%
c W  4.76  0 141 41 17600  1 253045 23041 2.1 44 21 1 2 41% 19887 3364 27%
c -  4.89  0 140 42 17600  1 258998 17795 2.1 45 21 1 2 42% 19887 3364 27%
c p  4.89  0 140 42 17600  1 258998 17829 2.1 45 21 1 2 42% 19887 3364 27%
c -  5.08  0 133 43 17601  1 271720 16939 2.0 44 23 1 2 37% 19887 3364 27%
c p  5.08  0 133 43 17601  1 271720 16995 2.0 44 23 1 2 37% 19887 3364 27%
c u  5.09  0 133 43 17601  1 271720 16697 2.0 44 23 1 2 37% 19887 3364 27%
c v  5.09  0 133 43 17601  1 271720 16694 2.0 44 23 1 2 37% 19887 3364 27%
c w  5.09  0 133 43 17601  1 271720 16694 2.0 44 23 1 2 37% 19887 3364 27%
c e  5.17  0 132 43 17601  1 275849 20536 2.0 44 22 1 2 37% 19888 3363 27%
c s  5.17  0 132 43 17601  1 275849 20536 2.0 44 22 1 2 37% 19887 3363 27%
c I  5.17  0 132 43 17601  1 276046 20720 2.0 44 22 1 2 37% 19887 3363 27%
c ]  5.23  0 131 43 17602  1 279339 23773 2.0 44 22 1 2 37% 19887 3363 27%
c {  5.23  0 73 43 17602 15 279339 23773 1.7 11 7 1 2 18% 19887 3363 27%
c -  5.34  0 72 44 18512 15 284753 17876 1.7 11 7 1 2 18% 19887 3363 27%
c p  5.34  0 72 44 18512 15 284753 17931 1.7 11 7 1 2 18% 19887 3363 27%
c u  5.34  0 72 44 18512 15 284753 17502 1.7 11 7 1 2 18% 19887 3363 27%
c v  5.35  0 72 44 18512 15 284753 17296 1.7 11 7 1 2 18% 19887 3363 27%
c -  5.61  0 72 45 20927 15 298093 19266 1.7 12 7 1 2 18% 19887 3363 27%
c 
c  seconds  reductions    conflicts         size  tier2      variables
c         MB      restarts       redundant     glue  trail        remaining
c          level        rate          size/glue tier1  irredundant
c 
c p  5.61  0 72 45 20927 15 298093 19356 1.7 12 7 1 2 18% 19887 3363 27%
c u  5.64  0 72 45 20927 15 298093 19061 1.7 12 7 1 2 18% 19887 3363 27%
c v  5.64  0 72 45 20927 15 298093 18781 1.7 12 7 1 2 18% 19887 3363 27%
c W  5.70  0 72 45 21319 15 300048 20575 1.7 12 7 1 2 18% 19887 3363 27%
c }  5.77  0 72 45 21937 15 303211 23476 1.7 12 7 1 2 18% 19887 3363 27%
c [  5.77  0 131 45 21937  1 303211 23476 2.0 44 22 1 2 37% 19887 3363 27%
c -  5.97  0 130 46 21937  1 311742 19999 2.0 47 23 1 2 37% 19887 3363 27%
c p  5.97  0 130 46 21937  1 311742 20085 2.0 47 23 1 2 37% 19887 3363 27%
c u  5.97  0 130 46 21937  1 311742 19745 2.0 47 23 1 2 37% 19887 3363 27%
c v  5.98  0 130 46 21937  1 311742 19596 2.0 47 23 1 2 37% 19887 3363 27%
c w  5.98  0 130 46 21937  1 311742 19596 2.0 47 23 1 2 37% 19887 3363 27%
c t  5.98  0 130 46 21937  1 311742 19595 2.0 47 23 1 2 37% 19887 3363 27%
c B  6.28  0 134 46 21937  1 325050 31983 2.1 50 24 1 2 39% 19887 3363 27%
c -  6.30  0 134 47 21937  1 325700 19729 2.1 50 24 1 2 39% 19887 3363 27%
c p  6.31  0 134 47 21937  1 325700 19790 2.1 50 24 1 2 39% 19887 3363 27%
c u  6.31  0 134 47 21937  1 325700 19568 2.1 50 24 1 2 39% 19887 3363 27%
c v  6.31  0 134 47 21937  1 325700 19451 2.1 50 24 1 2 39% 19887 3363 27%
c w  6.31  0 134 47 21937  1 325700 19451 2.1 50 24 1 2 39% 19887 3363 27%
c ^  6.43  0 134 47 21937  1 332258 25482 2.1 50 23 1 2 40% 19887 3363 27%
c -  6.53  0 133 48 21940  1 339968 19428 2.1 49 23 1 2 39% 19887 3363 27%
c 
c  seconds   reductions    conflicts         size   tier2      variables
c         MB       restarts       redundant     glue   trail        remaining
c           level        rate          size/glue  tier1  irredundant
c 
c p  6.53  0 133 48 21940  1 339968 19430 2.1 49 23 1 2 39% 19887 3363 27%
c W  6.62  0 126 48 21947  1 351051 28827 2.1 45 21 1 2 36% 19887 3363 27%
c ]  6.65  0 126 48 21947  1 352983 30580 2.1 45 21 1 2 36% 19887 3363 27%
c {  6.65  0 72 48 21947 15 352983 30580 1.7 12 7 1 2 18% 19887 3363 27%
c -  6.67  0 72 49 22173 15 354544 20986 1.7 12 7 1 2 18% 19887 3363 27%
c p  6.67  0 72 49 22173 15 354544 21024 1.7 12 7 1 2 18% 19887 3363 27%
c u  6.69  0 72 49 22173 15 354544 20799 1.7 12 7 1 2 18% 19887 3363 27%
c v  6.69  0 72 49 22173 15 354544 20798 1.7 12 7 1 2 18% 19887 3363 27%
c w  6.69  0 72 49 22173 15 354544 20796 1.7 12 7 1 2 18% 19887 3363 27%
c -  7.00  0 72 50 24717 15 369429 23244 1.7 12 7 1 2 18% 19887 3363 27%
c p  7.01  0 72 50 24717 15 369429 23289 1.7 12 7 1 2 18% 19887 3363 27%
c u  7.04  0 72 50 24717 15 369429 22889 1.7 12 7 1 2 18% 19887 3363 27%
c v  7.05  0 72 50 24717 15 369429 22689 1.7 12 7 1 2 18% 19887 3363 27%
c F  7.22  0 72 50 26182 15 378053 30547 1.7 12 7 1 2 18% 19887 3363 27%
c }  7.28  0 72 50 26621 15 380804 33062 1.7 12 7 1 2 18% 19887 3363 27%
c [  7.28  0 126 50 26621  1 380804 33062 2.1 45 21 1 2 36% 19887 3363 27%
c -  7.31  0 125 51 26624  1 384625 24190 2.1 44 21 1 2 35% 19887 3363 27%
c p  7.31  0 125 51 26624  1 384625 24231 2.1 44 21 1 2 35% 19887 3363 27%
c u  7.32  0 125 51 26624  1 384625 23944 2.1 44 21 1 2 35% 19887 3363 27%
c v  7.32  0 125 51 26624  1 384625 23695 2.1 44 21 1 2 35% 19887 3363 27%
c 
c  seconds   reductions    conflicts         size   tier2      variables
c         MB       restarts       redundant     glue   trail        remaining
c           level        rate          size/glue  tier1  irredundant
c 
c w  7.32  0 125 51 26624  1 384625 23695 2.1 44 21 1 2 35% 19887 3363 27%
c e  7.40  0 120 51 26626  1 393796 23380 2.1 41 20 1 2 34% 20802 3068 25%
c s  7.40  0 120 51 26626  1 393796 23217 2.1 41 20 1 2 34% 20728 3068 25%
c e  7.41  0 120 51 26626  1 393796 22769 2.1 41 20 1 2 34% 20727 3044 25%
c -  7.47  0 119 52 26628  1 400130 20075 2.1 40 19 1 2 32% 20727 3044 25%
c 2  7.47  0 119 52 26628  1 400130 20061 2.1 40 19 1 2 32% 20727 3044 25%
c t  7.47  0 119 52 26628  1 400130 20061 2.1 40 19 1 2 32% 20723 3044 25%
c f  7.47  0 119 52 26628  1 400130 20059 2.1 40 19 1 2 32% 20710 3047 25%
c O  7.51  0 118 52 26632  1 406055 25047 2.1 39 19 1 2 32% 20710 3047 25%
c -  7.58  0 116 53 26636  1 415944 20629 2.1 37 18 1 2 30% 20710 3047 25%
c p  7.58  0 116 53 26636  1 415944 20651 2.1 37 18 1 2 30% 20710 3047 25%
c f  7.58  0 116 53 26636  1 415944 20649 2.1 37 18 1 2 30% 20681 3053 25%
c -  7.72  0 114 54 26641  1 432067 21314 2.1 35 17 1 2 29% 20681 3053 25%
c p  7.72  0 114 54 26641  1 432067 21363 2.1 35 17 1 2 29% 20681 3053 25%
c u  7.73  0 114 54 26641  1 432067 21150 2.1 35 17 1 2 29% 20681 3053 25%
c v  7.73  0 114 54 26641  1 432067 21139 2.1 35 17 1 2 29% 20681 3053 25%
c w  7.73  0 114 54 26641  1 432067 21139 2.1 35 17 1 2 29% 20681 3053 25%
c f  7.73  0 114 54 26641  1 432067 21137 2.1 35 17 1 2 29% 20658 3058 25%
c B  7.76  0 114 54 26642  1 435056 23827 2.1 35 17 1 2 28% 20658 3058 25%
c -  7.87  0 112 55 26642  1 448500 21396 2.0 33 16 1 2 26% 20658 3058 25%
c 
c  seconds   reductions    conflicts         size   tier2      variables
c         MB       restarts       redundant     glue   trail        remaining
c           level        rate          size/glue  tier1  irredundant
c 
c W  8.04  0 109 55 26651  1 465057 36104 2.0 32 16 1 2 25% 20658 3058 25%
c -  8.05  0 109 56 26651  1 465244 22194 2.0 32 16 1 2 24% 20658 3058 25%
c e  8.08  0 109 56 26652  1 465751 22659 2.0 31 16 1 2 24% 20655 3057 25%
c s  8.08  0 109 56 26652  1 465751 22658 2.0 31 16 1 2 24% 20655 3057 25%
c -  8.23  0 111 57 26657  1 482296 23346 2.0 30 15 1 2 24% 20655 3057 25%
c p  8.23  0 111 57 26657  1 482296 23414 2.0 30 15 1 2 24% 20655 3057 25%
c u  8.24  0 111 57 26657  1 482296 23162 2.0 30 15 1 2 24% 20655 3057 25%
c v  8.24  0 111 57 26657  1 482296 23111 2.0 30 15 1 2 24% 20655 3057 25%
c w  8.24  0 111 57 26657  1 482296 23111 2.0 30 15 1 2 24% 20655 3057 25%
c x  8.24  0 111 57 26657  1 482296 23111 2.0 30 15 1 2 24% 20653 3057 25%
c f  8.24  0 111 57 26657  1 482296 23108 2.0 30 15 1 2 24% 20651 3058 25%
c I  8.35  0 112 57 26664  1 496059 34922 2.0 29 14 1 2 23% 20651 3058 25%
c -  8.38  0 110 58 26666  1 499657 23994 2.0 28 14 1 2 23% 20651 3058 25%
c ]  8.39  0 110 58 26667  1 500934 25156 2.0 28 14 1 2 23% 20651 3058 25%
c {  8.39  0 72 58 26667 15 500934 25156 1.7 12 7 1 2 18% 20651 3058 25%
c -  8.66  0 71 59 28532 14 517328 26864 1.7 13 7 1 2 17% 20651 3058 25%
c p  8.66  0 71 59 28532 14 517328 26924 1.7 13 7 1 2 17% 20651 3058 25%
c u  8.67  0 71 59 28532 14 517328 26594 1.7 13 7 1 2 17% 20651 3058 25%
c v  8.67  0 71 59 28532 14 517328 26272 1.7 13 7 1 2 17% 20651 3058 25%
c w  8.67  0 71 59 28532 14 517328 26272 1.7 13 7 1 2 17% 20651 3058 25%
c 
c  seconds  reductions    conflicts         size  tier2      variables
c         MB      restarts       redundant     glue  trail        remaining
c          level        rate          size/glue tier1  irredundant
c 
c f  8.67  0 71 59 28532 14 517328 26270 1.7 13 7 1 2 17% 20648 3059 25%
c B  8.86  0 71 59 29822 14 528062 36045 1.7 13 7 1 2 17% 20648 3059 25%
c -  9.00  0 70 60 30712 14 535310 27734 1.7 13 7 1 2 17% 20648 3059 25%
c p  9.00  0 70 60 30712 14 535310 27774 1.7 13 7 1 2 17% 20648 3059 25%
c u  9.01  0 70 60 30712 14 535310 27294 1.7 13 7 1 2 17% 20648 3059 25%
c v  9.01  0 70 60 30712 14 535310 27208 1.7 13 7 1 2 17% 20648 3059 25%
c }  9.11  0 70 60 31417 14 541634 32966 1.7 13 7 1 2 17% 20648 3059 25%
c [  9.11  0 110 60 31417  1 541634 32966 2.0 28 14 1 2 23% 20648 3059 25%
c ^  9.13  0 110 60 31417  1 542930 34131 2.0 28 14 1 2 23% 20648 3059 25%
c -  9.21  0 108 61 31422  1 553602 28952 2.0 27 14 1 2 22% 20648 3059 25%
c p  9.21  0 108 61 31422  1 553602 28985 2.0 27 14 1 2 22% 20648 3059 25%
c t  9.22  0 108 61 31422  1 553602 28984 2.0 27 14 1 2 22% 20648 3059 25%
c B  9.29  0 107 61 31423  1 561063 35647 2.0 27 14 1 2 22% 20648 3059 25%
c -  9.45  0 109 62 31423  1 572203 29538 2.0 29 14 1 2 24% 20648 3059 25%
c u  9.46  0 109 62 31423  1 572203 29338 2.0 29 14 1 2 24% 20648 3059 25%
c v  9.46  0 109 62 31423  1 572203 29209 2.0 29 14 1 2 24% 20648 3059 25%
c w  9.46  0 109 62 31423  1 572203 29207 2.0 29 14 1 2 24% 20648 3059 25%
c -  9.88  0 113 63 31424  1 591114 28663 2.2 36 17 1 2 28% 20648 3059 25%
c p  9.88  0 113 63 31424  1 591114 28695 2.2 36 17 1 2 28% 20648 3059 25%
c u  9.90  0 113 63 31424  1 591114 28519 2.2 36 17 1 2 28% 20648 3059 25%
c 
c  seconds   reductions    conflicts         size   tier2      variables
c         MB       restarts       redundant     glue   trail        remaining
c           level        rate          size/glue  tier1  irredundant
c 
c v  9.90  0 113 63 31424  1 591114 28506 2.2 36 17 1 2 28% 20648 3059 25%
c w  9.91  0 113 63 31424  1 591114 28504 2.2 36 17 1 2 28% 20648 3059 25%
c W 10.03  0 114 63 31424  1 595064 32241 2.2 37 17 1 2 28% 20648 3059 25%
c ] 10.38  0 120 63 31424  1 609712 46119 2.3 43 19 1 2 31% 20648 3059 25%
c { 10.38  0 70 63 31424 14 609712 46119 1.7 13 7 1 2 17% 20648 3059 25%
c - 10.39  0 70 64 31465 14 610335 28423 1.7 13 7 1 2 17% 20648 3059 25%
c p 10.39  0 70 64 31465 14 610335 28444 1.7 13 7 1 2 17% 20648 3059 25%
c u 10.40  0 70 64 31465 14 610335 28316 1.7 13 7 1 2 17% 20648 3059 25%
c v 10.40  0 70 64 31465 14 610335 28315 1.7 13 7 1 2 17% 20648 3059 25%
c w 10.40  0 70 64 31465 14 610335 28314 1.7 13 7 1 2 17% 20648 3059 25%
c e 10.70  0 70 64 33406 13 625578 34002 1.8 13 8 1 2 17% 22299 2820 23%
c s 10.71  0 70 64 33406 13 625578 33782 1.8 13 8 1 2 17% 22046 2820 23%
c e 10.71  0 70 64 33406 13 625578 33624 1.8 13 8 1 2 17% 22092 2810 23%
c - 10.79  0 70 65 33819 13 629866 26045 1.8 13 8 1 2 17% 22092 2810 23%
c 2 10.79  0 70 65 33819 13 629866 26043 1.8 13 8 1 2 17% 22092 2810 23%
c p 10.79  0 70 65 33819 13 629866 26061 1.8 13 8 1 2 17% 22092 2810 23%
c u 10.80  0 70 65 33819 13 629866 25837 1.8 13 8 1 2 17% 22092 2810 23%
c v 10.80  0 70 65 33819 13 629866 25751 1.8 13 8 1 2 17% 22092 2810 23%
c x 10.81  0 70 65 33819 13 629866 25751 1.8 13 8 1 2 17% 22077 2810 23%
c f 10.82  0 70 65 33819 13 629866 25751 1.8 13 8 1 2 17% 22059 2812 23%
c 
c  seconds  reductions    conflicts         size  tier2      variables
c         MB      restarts       redundant     glue  trail        remaining
c          level        rate          size/glue tier1  irredundant
c 
c W 10.84  0 70 65 33825 13 630065 25930 1.8 13 8 1 2 17% 22059 2812 23%
c - 11.15  0 70 66 35861 12 649708 28750 1.8 13 8 1 2 18% 22059 2812 23%
c p 11.15  0 70 66 35861 12 649708 28768 1.8 13 8 1 2 18% 22059 2812 23%
c u 11.16  0 70 66 35861 12 649708 28549 1.8 13 8 1 2 18% 22059 2812 23%
c v 11.16  0 70 66 35861 12 649708 28296 1.8 13 8 1 2 18% 22059 2812 23%
c w 11.16  0 70 66 35861 12 649708 28295 1.8 13 8 1 2 18% 22059 2812 23%
c } 11.29  0 70 66 36756 12 657528 35473 1.8 14 8 1 2 18% 22059 2812 23%
c [ 11.29  0 120 66 36756  1 657528 35473 2.3 43 19 1 2 37% 22059 2812 23%
c O 11.41  0 121 66 36757  1 666067 43278 2.3 43 19 1 2 37% 22059 2812 23%
c - 11.47  0 121 67 36757  1 669861 30112 2.3 43 19 1 2 38% 22059 2812 23%
c p 11.48  0 121 67 36757  1 669861 30129 2.3 43 19 1 2 38% 22059 2812 23%
c u 11.48  0 121 67 36757  1 669861 29821 2.3 43 19 1 2 38% 22059 2812 23%
c v 11.48  0 121 67 36757  1 669861 29656 2.3 43 19 1 2 38% 22059 2812 23%
c w 11.48  0 121 67 36757  1 669861 29655 2.3 43 19 1 2 38% 22059 2812 23%
c - 11.81  0 122 68 36757  1 690323 29764 2.2 45 20 1 2 37% 22059 2812 23%
c p 11.81  0 122 68 36757  1 690323 29780 2.2 45 20 1 2 37% 22059 2812 23%
c B 12.00  0 124 68 36757  1 703068 41310 2.1 46 22 1 2 37% 22059 2812 23%
c - 12.10  0 125 69 36757  1 711095 28507 2.1 46 22 1 2 37% 22059 2812 23%
c p 12.10  0 125 69 36757  1 711095 28522 2.1 46 22 1 2 37% 22059 2812 23%
c u 12.11  0 125 69 36757  1 711095 28285 2.1 46 22 1 2 37% 22059 2812 23%
c 
c  seconds   reductions    conflicts         size   tier2      variables
c         MB       restarts       redundant     glue   trail        remaining
c           level        rate          size/glue  tier1  irredundant
c 
c v 12.11  0 125 69 36757  1 711095 28279 2.1 46 22 1 2 37% 22059 2812 23%
c w 12.11  0 125 69 36757  1 711095 28279 2.1 46 22 1 2 37% 22059 2812 23%
c ^ 12.25  0 124 69 36757  1 720775 37055 2.1 46 22 1 2 36% 22059 2812 23%
c - 12.43  0 126 70 36762  1 732177 29121 2.1 46 22 2 5 36% 22059 2812 23%
c W 12.59  0 127 70 36766  1 741071 37393 2.1 45 22 2 5 36% 22059 2812 23%
c ] 12.72  0 128 70 36771  1 749272 45080 2.1 45 21 2 5 37% 22059 2812 23%
c { 12.72  0 70 70 36771 12 749272 45080 1.8 14 8 1 2 18% 22059 2812 23%
c - 12.81  0 70 71 37286 12 753570 30882 1.8 14 8 1 2 18% 22059 2812 23%
c p 12.81  0 70 71 37286 12 753570 30898 1.8 14 8 1 2 18% 22059 2812 23%
c u 12.84  0 70 71 37286 12 753570 30614 1.8 14 8 1 2 18% 22059 2812 23%
c v 12.84  0 70 71 37286 12 753570 30406 1.8 14 8 1 2 18% 22059 2812 23%
c - 13.28  0 70 72 39988 12 775272 33271 1.8 14 8 1 2 18% 22059 2812 23%
c p 13.28  0 70 72 39988 12 775272 33287 1.8 14 8 1 2 18% 22059 2812 23%
c u 13.29  0 70 72 39988 12 775272 33069 1.8 14 8 1 2 18% 22059 2812 23%
c v 13.30  0 70 72 39988 12 775272 32737 1.8 14 8 1 2 18% 22059 2812 23%
c w 13.30  0 70 72 39988 12 775272 32737 1.8 14 8 1 2 18% 22059 2812 23%
c # 13.40  0 70 72 40837 12 780074 37171 1.8 14 8 1 2 18% 22059 2812 23%
c } 13.67  0 70 72 42525 12 792335 48413 1.8 14 8 1 2 18% 22059 2812 23%
c [ 13.67  0 128 72 42525  1 792335 48413 2.1 45 21 2 5 37% 22059 2812 23%
c - 13.72  0 127 73 42526  1 797284 34650 2.1 44 21 2 5 36% 22059 2812 23%
c 
c  seconds   reductions    conflicts         size   tier2      variables
c         MB       restarts       redundant     glue   trail        remaining
c           level        rate          size/glue  tier1  irredundant
c 
c p 13.73  0 127 73 42526  1 797284 34664 2.1 44 21 2 5 36% 22059 2812 23%
c u 13.74  0 127 73 42526  1 797284 34356 2.1 44 21 2 5 36% 22059 2812 23%
c v 13.74  0 127 73 42526  1 797284 34080 2.1 44 21 2 5 36% 22059 2812 23%
c w 13.74  0 127 73 42526  1 797284 34078 2.1 44 21 2 5 36% 22059 2812 23%
c - 14.12  0 130 74 42536  1 819607 35179 2.1 45 22 2 5 37% 22059 2812 23%
c p 14.12  0 130 74 42536  1 819607 35193 2.1 45 22 2 5 37% 22059 2812 23%
c I 14.13  0 130 74 42536  1 820075 35647 2.1 45 22 2 5 37% 22059 2812 23%
c e 14.18  0 130 74 42538  1 821814 19798 2.1 45 22 2 5 37% 26960 2422 20%
c - 14.45  0 129 75 42542  1 842242 21470 2.0 44 22 2 5 35% 26960 2422 20%
c 2 14.45  0 129 75 42542  1 842242 21469 2.0 44 22 2 5 35% 26960 2422 20%
c p 14.45  0 129 75 42542  1 842242 21493 2.0 44 22 2 5 35% 26960 2422 20%
c u 14.46  0 129 75 42542  1 842242 21077 2.0 44 22 2 5 35% 26960 2422 20%
c v 14.46  0 129 75 42542  1 842242 20926 2.0 44 22 2 5 35% 26960 2422 20%
c w 14.46  0 129 75 42542  1 842242 20925 2.0 44 22 2 5 35% 26960 2422 20%
c x 14.46  0 129 75 42542  1 842242 20909 2.0 44 22 2 5 35% 26816 2422 20%
c B 14.69  0 127 75 42548  1 861077 38413 2.0 42 21 1 2 32% 26816 2422 20%
c - 14.76  0 129 76 42549  1 865186 22707 2.0 43 21 1 2 35% 26816 2422 20%
c p 14.76  0 129 76 42549  1 865186 22727 2.0 43 21 1 2 35% 26816 2422 20%
c - 15.09  0 131 77 42557  1 888443 24163 2.0 43 21 1 2 37% 26815 2422 20%
c p 15.09  0 131 77 42557  1 888443 24176 2.0 43 21 1 2 37% 26815 2422 20%
c 
c  seconds   reductions    conflicts         size   tier2      variables
c         MB       restarts       redundant     glue   trail        remaining
c           level        rate          size/glue  tier1  irredundant
c 
c u 15.10  0 131 77 42557  1 888443 23621 2.0 43 21 1 2 37% 26815 2422 20%
c v 15.10  0 131 77 42557  1 888443 23402 2.0 43 21 1 2 37% 26815 2422 20%
c w 15.10  0 131 77 42557  1 888443 23401 2.0 43 21 1 2 37% 26815 2422 20%
c W 15.35  0 131 77 42566  1 903079 36703 2.0 42 21 1 2 36% 26815 2422 20%
c ] 15.37  0 130 77 42567  1 905357 38691 2.0 41 21 1 2 35% 26815 2422 20%
c { 15.37  0 70 77 42567 12 905357 38691 1.8 14 8 1 2 21% 26815 2422 20%
c - 15.45  0 70 78 43059 12 912009 25574 1.8 14 8 1 2 20% 26814 2422 20%
c p 15.45  0 70 78 43059 12 912009 25584 1.8 14 8 1 2 20% 26814 2422 20%
c - 15.87  0 69 79 45578 12 935883 28373 1.8 14 8 1 2 19% 26814 2422 20%
c p 15.87  0 69 79 45578 12 935883 28381 1.8 14 8 1 2 19% 26814 2422 20%
c u 15.88  0 69 79 45578 12 935883 27826 1.8 14 8 1 2 19% 26814 2422 20%
c v 15.89  0 69 79 45578 12 935883 27426 1.8 14 8 1 2 19% 26814 2422 20%
c w 15.89  0 69 79 45578 12 935883 27426 1.8 14 8 1 2 19% 26814 2422 20%
c B 16.05  0 68 79 46716 11 946080 36695 1.8 14 8 1 2 19% 26813 2422 20%
c e 16.08  0 68 79 46786 11 946971 36979 1.8 14 8 1 2 19% 26917 2411 20%
c - 16.37  0 68 80 48486 11 960069 29273 1.8 14 8 1 2 19% 26917 2411 20%
c p 16.37  0 68 80 48486 11 960069 29281 1.8 14 8 1 2 19% 26917 2411 20%
c u 16.42  0 68 80 48486 11 960069 28895 1.8 14 8 1 2 19% 26917 2411 20%
c v 16.43  0 68 80 48486 11 960069 28454 1.8 14 8 1 2 19% 26917 2411 20%
c } 16.49  0 67 80 48775 11 964727 32609 1.8 14 8 1 2 18% 26917 2411 20%
c 
c  seconds   reductions    conflicts         size   tier2      variables
c         MB       restarts       redundant     glue   trail        remaining
c           level        rate          size/glue  tier1  irredundant
c 
c [ 16.49  0 130 80 48775  1 964727 32609 2.0 41 21 1 2 35% 26917 2411 20%
c - 16.66  0 127 81 48781  1 984565 30355 1.9 39 20 1 2 31% 26917 2411 20%
c p 16.66  0 127 81 48781  1 984565 30363 1.9 39 20 1 2 31% 26917 2411 20%
c O 16.72  0 126 81 48781  1 990081 35395 1.9 39 20 1 2 31% 26917 2411 20%
c ] 16.80  0 124 81 48782  1 1000000 44253 1.9 38 19 1 2 30% 26917 2411 20%
c ? 16.80  0 124 81 48782  1 1000000 44253 1.9 38 19 1 2 30% 26917 2411 20%
c 
c --- [ result ] -------------------------------------------------------------
c 
c UNKNOWN
c 
c --- [ run-time profiling ] -------------------------------------------------
c 
c process time taken by individual solving procedures
c (percentage relative to process time for solving)
c 
c        15.23   90.67% search
c         8.85   52.70% stable
c         6.04   35.93% unstable
c         1.57    9.32% simplify
c         0.37    2.22% sweep
c         0.36    2.14% vivify
c         0.34    2.01% walk
c         0.24    1.44% factor
c         0.19    1.13% congruence
c         0.14    0.81% elim
c         0.06    0.37% subsume
c         0.05    0.29% preprocess
c         0.03    0.20% probe
c         0.03    0.17% ternary
c         0.01    0.09% backbone
c         0.01    0.06% fastelim
c         0.01    0.04% parse
c         0.00    0.01% lucky
c   =================================
c        16.80   99.96% solve
c 
c last line shows process time for solving
c (percentage relative to total process time)
c 
c --- [ statistics ] ---------------------------------------------------------
c 
c chronological:            269973        27.00 %  of conflicts
c conflicts:               1000000     59535.14    per second
c backbone:                1047191      8067.11 %  of vars
c decisions:               5270047    313752.96    per second
c eliminated:                 7505        57.82 %  of all variables
c factored:                    697        28.77 %  of variables
c fixed:                       953         7.34 %  of all variables
c learned:                  949601        94.96 %  per conflict
c learned_lits:           32657386       100.00 %  learned literals
c minimized:                     0         0.00 %  learned literals
c shrunken:                1147211         3.51 %  learned literals
c minishrunken:            2463134         7.54 %  learned literals
c otfs:                      35620         3.56 %  of conflict
c propagations:           84180157         5.01 M  per second
c reduced:                  794431        79.44 %  per conflict
c rephased:                     44     22727.27    interval
c restarts:                  48782        20.50    interval
c stabilizing:                  16        63.60 %  of conflicts
c substituted:                2112        16.27 %  of all variables
c sweep equivs:                557        13.24 %  of swept variables
c subsumed:                  58388         5.44 %  of all clauses
c strengthened:              45963         4.29 %  of all clauses
c ticks:                1151959889        14.02    propagation
c vivified:                  10429         0.97 %  of all clauses
c walked:                       13     76923.08    interval
c weakened:                  46745         2.96    average size
c congruence:                   29     34482.76    interval
c 
c seconds are measured in process time for solving
c 
c --- [ glue usage ] ---------------------------------------------------------
c 
c focused glue 1 used 1496429 clauses 71.02% accumulated 71.02% tier1
c focused glue 2 used 301281 clauses 14.30% accumulated 85.33% tier2
c 
c stable glue 1 used 2665210 clauses 50.00% accumulated 50.00% tier1
c stable glue 2 used 766425 clauses 14.37% accumulated 64.38% tier2
c 
c 
c --- [ resources ] ----------------------------------------------------------
c 
c total process time since initialization:        16.80    seconds
c total real time since initialization:           16.87    seconds
c maximum resident set size of process:        68384.00    MB
c 
c --- [ shutting down ] ------------------------------------------------------
c 
c exit 0
