c --- [ banner ] -------------------------------------------------------------
c 
c CaDiCaL SAT Solver
c Copyright (c) 2016-2025
c A. Biere, M. Fleury, N. Froleyks, K. Fazekas, F. Pollitt, T. Faller
c JKU Linz, University of Freiburg, TU Wien
c 
c Version 3.0.0
c Apple clang version 17.0.0 (clang-1700.6.3.2) -Wall -Wextra -O3 -DNDEBUG -DNCLOSEFROM
c Tue Dec 23 21:53:38 UTC 2025 Darwin Tahoe-arm64.local 25.2.0 arm64
c 
c --- [ limit ] --------------------------------------------------------------
c 
c setting conflict limit to 1000000 conflicts (due to '1000000')
c 
c --- [ parsing input ] ------------------------------------------------------
c 
c reading DIMACS file from '/tmp/sr59_cnfs/aux_force_sr59_n32_bit10_m3304caa0_fill80000000.cnf'
c opening file to read '/tmp/sr59_cnfs/aux_force_sr59_n32_bit10_m3304caa0_fill80000000.cnf'
c found 'p cnf 12252 51168' header
c parsed 51168 clauses in 0.01 seconds process time
c 
c --- [ options ] ------------------------------------------------------------
c 
c   --seed=1                       (different from default '0')
c 
c --- [ solving ] ------------------------------------------------------------
c 
c time measured in process time since initialization
c 
c  seconds  reduction conflicts       size tier2       variables
c         MB    restarts   redundant    glue  trail         remaining
c          level     rate       size/glu tier1  irredundant
c 
c *  0.01  0  0 0   0  0    0    0 0.0 0 0 2 6  0% 50655 11771 96%
c (  0.01  0  0 0   0  0    0    0 0.0 0 0 2 6  0% 50655 11771 96%
c .  0.01  0  0 0   0  0    0    0 0.0 0 0 2 6  0% 49631 11771 96%
c c  0.03  0  0 0   0  0    0    0 0.0 0 0 2 6  0% 46927 11307 92%
c d  0.03  0  0 0   0  0    0    0 0.0 0 0 2 6  0% 42861 9968 81%
c 2  0.03  0  0 0   0  0    0    0 0.0 0 0 2 6  0% 42721 9968 81%
c f  0.04  0  0 0   0  0    0    0 0.0 0 0 2 6  0% 42453 10236 84%
c e  0.05  0  0 0   0  0    0    0 0.0 0 0 2 6  0% 28738 5282 43%
c P  0.06  0  0 0   0  0    0    0 0.0 0 0 2 6  0% 28738 5282 43%
c )  0.06  0  0 0   0  0    0    0 0.0 0 0 2 6  0% 28738 5282 43%
c {  0.06  0  0 0   0  0    0    0 0.0 0 0 2 6  0% 28738 5282 43%
c -  0.06  0 866 1   6 13  301  238 1.6 4 2 2 6 17% 28738 5282 43%
c -  0.06  0 667 2  32 51  734  594 1.6 4 3 2 6 17% 28738 5282 43%
c }  0.06  0 517 2  56 41 1001  821 1.6 4 3 2 6 16% 28738 5282 43%
c [  0.06  0  0 2  56  0 1001  821 0.0 0 0 2 6  0% 28738 5282 43%
c O  0.06  0 1886 2  56 1887 1002  822 1.6 21 13 2 6 42% 28738 5282 43%
c -  0.07  0 1853 3  56  6 1413  939 1.9 37 20 2 6 39% 28738 5282 43%
c ]  0.07  0 1851 3  56  5 1582 1081 1.9 36 19 2 6 39% 28738 5282 43%
c {  0.07  0 517 3  56 41 1582 1081 1.6 4 3 2 6 16% 28738 5282 43%
c p  0.08  0 344 3 173 32 2213 1584 1.6 4 3 2 6 12% 28730 5269 43%
c 
c  seconds   reduction conflicts       size tier2      variables
c         MB     restarts   redundant    glue  trail        remaining
c           level     rate       size/glu tier1  irredundant
c 
c c  0.09  0 344 3 173 32 2213 1584 1.6 4 3 2 6 12% 28662 5269 43%
c -  0.09  0 323 4 198 31 2352 1405 1.6 4 3 2 6 11% 28646 5261 43%
c O  0.10  0 265 4 322 29 3007 1955 1.6 5 3 2 6 16% 28646 5261 43%
c }  0.10  0 255 4 362 30 3159 2087 1.6 5 3 2 6 16% 28646 5261 43%
c [  0.10  0 1851 4 362  5 3159 2087 1.9 36 19 2 6 93% 28646 5261 43%
c -  0.11  0 1139 5 362  4 3564 2071 2.0 42 21 2 6 65% 28646 5261 43%
c s  0.12  0 749 5 363  3 4211 2657 2.0 35 17 2 6 60% 28642 5261 43%
c t  0.12  0 749 5 363  3 4211 2657 2.0 35 17 2 6 60% 28641 5261 43%
c e  0.14  0 749 5 363  3 4211 2424 2.0 35 17 2 6 60% 28555 4978 41%
c s  0.14  0 749 5 363  3 4211 2382 2.0 35 17 2 6 60% 28468 4978 41%
c d  0.15  0 621 5 363  3 4715 2793 2.0 31 16 2 6 52% 28464 4967 41%
c c  0.15  0 621 5 363  3 4715 2793 2.0 31 16 2 6 52% 28456 4967 41%
c =  0.16  0 621 5 363  3 4715 2782 2.0 31 16 2 6 52% 28372 4906 40%
c ]  0.16  0 569 5 364  3 4967 3005 1.9 30 15 2 6 49% 28372 4906 40%
c {  0.16  0 255 5 364 30 4967 3005 1.6 5 3 2 6 16% 28372 4906 40%
c -  0.16  0 248 6 389 29 5056 2081 1.6 5 3 2 3 16% 28372 4906 40%
c #  0.17  0 202 6 571 26 6012 2892 1.6 5 3 2 3 14% 28372 4906 40%
c -  0.18  0 178 7 677 24 6834 2910 1.6 6 4 2 3 14% 28372 4906 40%
c d  0.19  0 166 7 768 23 7318 3112 1.6 6 4 2 3 13% 28372 4875 40%
c c  0.19  0 166 7 768 23 7318 3112 1.6 6 4 2 3 13% 28238 4875 40%
c 
c  seconds   reduction conflicts       size tier2      variables
c         MB     restarts   redundant    glue  trail        remaining
c           level     rate       size/glu tier1  irredundant
c 
c d  0.19  0 166 7 768 23 7318 3033 1.6 6 4 2 3 13% 28196 4854 40%
c =  0.20  0 166 7 768 23 7318 3033 1.6 6 4 2 3 13% 28156 4824 39%
c f  0.20  0 166 7 768 23 7318 3033 1.6 6 4 2 3 13% 27968 5005 41%
c }  0.22  0 149 7 998 23 8365 3863 1.6 6 4 2 3 12% 27968 5005 41%
c [  0.22  0 569 7 998  3 8365 3863 1.9 30 15 2 6 47% 27968 5005 41%
c -  0.23  0 496 8 998  3 8900 3410 2.0 31 15 2 6 47% 27968 5005 41%
c I  0.24  0 414 8 998  2 10011 4386 2.1 33 15 3 11 51% 27968 5005 41%
c d  0.24  0 414 8 998  2 10015 4276 2.1 33 15 3 11 51% 27968 4991 41%
c c  0.25  0 414 8 998  2 10015 4276 2.1 33 15 3 11 51% 27920 4991 41%
c d  0.25  0 414 8 998  2 10015 4231 2.1 33 15 3 11 51% 27906 4984 41%
c 2  0.25  0 414 8 998  2 10015 4231 2.1 33 15 3 11 51% 27905 4984 41%
c =  0.25  0 414 8 998  2 10015 4231 2.1 33 15 3 11 51% 27901 4904 40%
c -  0.27  0 340 9 999  3 11262 3752 2.1 29 14 3 11 30% 27901 4904 40%
c 2  0.28  0 283 9 1001  2 12801 5069 2.0 26 13 3 11 24% 27899 4904 40%
c d  0.28  0 283 9 1001  2 12801 5062 2.0 26 13 3 11 24% 27895 4900 40%
c c  0.29  0 283 9 1001  2 12801 5062 2.0 26 13 3 11 24% 27879 4900 40%
c -  0.30  0 261 10 1001  2 13916 4303 2.1 27 13 3 9 32% 27877 4899 40%
c e  0.31  0 256 10 1001  2 14274 4198 2.1 27 13 3 9 34% 27845 4717 38%
c s  0.31  0 256 10 1001  2 14274 4179 2.1 27 13 3 9 34% 27617 4717 38%
c ]  0.32  0 254 10 1001  2 14358 4261 2.1 27 13 3 9 34% 27615 4717 38%
c 
c  seconds   reductions   conflicts       size tier2      variables
c         MB      restarts     redundant    glue  trail        remaining
c           level       rate        size/glu tier1  irredundant
c 
c {  0.32  0 149 10 1001 23 14358 4261 1.6 6 4 2 3 14% 27615 4717 38%
c B  0.32  0 142 10 1153 22 15012 4819 1.6 6 4 2 3 14% 27615 4717 38%
c 2  0.33  0 136 10 1308 22 15667 5368 1.6 6 4 2 3 14% 27615 4717 38%
c d  0.33  0 136 10 1308 22 15667 5309 1.6 6 4 2 3 14% 27611 4708 38%
c c  0.34  0 136 10 1308 22 15667 5308 1.6 6 4 2 3 14% 27581 4708 38%
c d  0.34  0 136 10 1308 22 15667 5276 1.6 6 4 2 3 14% 27575 4705 38%
c =  0.35  0 136 10 1308 22 15667 5276 1.6 6 4 2 3 14% 27552 4674 38%
c 2  0.35  0 136 10 1308 22 15667 5276 1.6 6 4 2 3 14% 27551 4674 38%
c f  0.35  0 136 10 1308 22 15667 5274 1.6 6 4 2 3 14% 27510 4714 38%
c -  0.37  0 127 11 1574 22 16866 4949 1.6 7 4 2 3 14% 27510 4714 38%
c d  0.39  0 120 11 1953 22 18607 6524 1.6 7 5 2 3 14% 27510 4712 38%
c c  0.40  0 120 11 1953 22 18607 6524 1.6 7 5 2 3 14% 27488 4712 38%
c =  0.41  0 120 11 1953 22 18607 6513 1.6 7 5 2 3 14% 27387 4636 38%
c u  0.41  0 120 11 1953 22 18607 5876 1.6 7 5 2 3 14% 27383 4636 38%
c v  0.41  0 120 11 1953 22 18607 5759 1.6 7 5 2 3 14% 27383 4636 38%
c w  0.41  0 120 11 1953 22 18607 5750 1.6 7 5 2 3 14% 27383 4636 38%
c x  0.41  0 120 11 1953 22 18607 5749 1.6 7 5 2 3 14% 27352 4636 38%
c t  0.41  0 120 11 1953 22 18607 5748 1.6 7 5 2 3 14% 27352 4636 38%
c }  0.42  0 119 11 1997 22 18809 5921 1.6 7 5 2 3 14% 27352 4636 38%
c [  0.42  0 254 11 1997  2 18809 5921 2.1 27 13 3 9 33% 27352 4636 38%
c 
c  seconds   reductions   conflicts       size   tier2      variables
c         MB      restarts     redundant     glue   trail        remaining
c           level       rate        size/glue  tier1  irredundant
c 
c -  0.44  0 247 12 1998  2 20113 5334 2.1 27 13 3 9 34% 27352 4636 38%
c B  0.46  0 244 12 1998  2 21013 6197 2.2 33 15 3 9 36% 27352 4636 38%
c d  0.47  0 241 12 1998  2 21618 6699 2.1 33 15 2 5 35% 27352 4633 38%
c c  0.47  0 241 12 1998  2 21618 6699 2.1 33 15 2 5 35% 27316 4633 38%
c =  0.48  0 241 12 1998  2 21618 6683 2.1 33 15 2 5 35% 27310 4573 37%
c f  0.48  0 241 12 1998  2 21618 6681 2.1 33 15 2 5 35% 27288 4594 37%
c -  0.52  0 226 13 1998  2 23658 5874 2.2 35 16 2 5 35% 27288 4594 37%
c =  0.54  0 226 13 1999  2 24696 6824 2.2 35 16 2 5 35% 27284 4536 37%
c ]  0.56  0 222 13 2000  2 25690 7750 2.2 36 16 2 5 35% 27284 4536 37%
c {  0.56  0 119 13 2000 22 25690 7750 1.6 7 5 2 3 14% 27284 4536 37%
c -  0.58  0 114 14 2335 21 27504 6734 1.6 8 5 2 3 14% 27284 4536 37%
c 2  0.59  0 113 14 2396 21 27835 7034 1.6 8 5 2 3 14% 27282 4536 37%
c =  0.59  0 113 14 2396 21 27835 7024 1.6 8 5 2 3 14% 27273 4497 37%
c f  0.60  0 113 14 2396 21 27835 7020 1.6 8 5 2 3 14% 27257 4513 37%
c W  0.61  0 112 14 2446 21 28014 7185 1.6 8 5 2 3 14% 27257 4513 37%
c e  0.63  0 108 14 2665 20 29572 7546 1.6 8 5 2 3 14% 22970 4067 33%
c s  0.64  0 108 14 2665 20 29572 7502 1.6 8 5 2 3 14% 22925 4067 33%
c e  0.64  0 108 14 2665 20 29572 7466 1.6 8 5 2 3 14% 22906 4065 33%
c -  0.66  0 103 15 2931 20 31652 7400 1.6 8 5 2 3 15% 22906 4065 33%
c 2  0.66  0 103 15 2931 20 31652 7379 1.6 8 5 2 3 15% 22906 4065 33%
c 
c  seconds   reductions   conflicts       size tier2      variables
c         MB      restarts     redundant    glue  trail        remaining
c           level       rate        size/glu tier1  irredundant
c 
c d  0.67  0 103 15 2931 20 31652 7354 1.6 8 5 2 3 15% 22906 4062 33%
c c  0.67  0 103 15 2931 20 31652 7354 1.6 8 5 2 3 15% 22880 4062 33%
c d  0.67  0 103 15 2931 20 31652 7333 1.6 8 5 2 3 15% 22874 4059 33%
c 2  0.67  0 103 15 2931 20 31652 7333 1.6 8 5 2 3 15% 22870 4059 33%
c }  0.70  0 100 15 3230 19 33507 9020 1.6 8 5 2 3 16% 22870 4059 33%
c [  0.70  0 222 15 3230  2 33507 9020 2.2 36 16 2 5 43% 22870 4059 33%
c W  0.75  0 214 15 3232  2 36015 11367 2.2 39 18 2 5 44% 22870 4059 33%
c -  0.75  0 214 16 3232  2 36101 8485 2.2 39 18 2 5 44% 22870 4059 33%
c d  0.75  0 214 16 3232  2 36101 8450 2.2 39 18 2 5 44% 22868 4053 33%
c p  0.75  0 214 16 3232  2 36101 8452 2.2 39 18 2 5 44% 22868 4053 33%
c c  0.76  0 214 16 3232  2 36101 8452 2.2 39 18 2 5 44% 22853 4053 33%
c u  0.77  0 214 16 3232  2 36101 7135 2.2 39 18 2 5 44% 22558 4052 33%
c v  0.77  0 214 16 3232  2 36101 6879 2.2 39 18 2 5 44% 22558 4052 33%
c w  0.77  0 214 16 3232  2 36101 6879 2.2 39 18 2 5 44% 22558 4052 33%
c f  0.77  0 214 16 3232  2 36101 6873 2.2 39 18 2 5 44% 22532 4071 33%
c -  0.84  0 203 17 3235  2 40851 7634 2.2 40 18 2 5 42% 22532 4071 33%
c d  0.85  0 203 17 3235  2 40851 7602 2.2 40 18 2 5 42% 22527 4066 33%
c c  0.85  0 203 17 3235  2 40851 7602 2.2 40 18 2 5 42% 22492 4066 33%
c d  0.85  0 203 17 3235  2 40851 7590 2.2 40 18 2 5 42% 22484 4062 33%
c k  0.85  0 203 17 3235  2 40851 7590 2.2 40 18 2 5 42% 22484 4061 33%
c 
c  seconds   reductions   conflicts       size   tier2      variables
c         MB      restarts     redundant     glue   trail        remaining
c           level       rate        size/glue  tier1  irredundant
c 
c 2  0.85  0 203 17 3235  2 40851 7590 2.2 40 18 2 5 42% 22478 4061 33%
c ]  0.90  0 200 17 3235  2 43515 10078 2.2 40 18 2 5 43% 22476 4061 33%
c {  0.90  0 100 17 3235 19 43515 10078 1.6 8 5 2 3 16% 22476 4061 33%
c F  0.92  0 99 17 3491 19 45018 11438 1.6 8 5 2 3 17% 22476 4061 33%
c -  0.94  0 98 18 3666 19 45903 8687 1.6 8 5 2 3 17% 22476 4061 33%
c p  0.94  0 98 18 3666 19 45903 8691 1.6 8 5 2 3 17% 22476 4061 33%
c f  0.95  0 98 18 3666 19 45903 8691 1.6 8 5 2 3 17% 22468 4067 33%
c e  1.00  0 93 18 4154 18 49528 11877 1.7 9 5 2 3 16% 22453 4046 33%
c s  1.00  0 93 18 4154 18 49528 11865 1.7 9 5 2 3 16% 22449 4046 33%
c -  1.03  0 91 19 4473 18 51259 10327 1.7 9 5 2 3 16% 22449 4046 33%
c 2  1.03  0 91 19 4473 18 51259 10324 1.7 9 5 2 3 16% 22449 4046 33%
c d  1.03  0 91 19 4473 18 51259 10279 1.7 9 5 2 3 16% 22448 4043 33%
c p  1.03  0 91 19 4473 18 51259 10440 1.7 9 5 2 3 16% 22448 4043 33%
c 2  1.03  0 91 19 4473 18 51259 10439 1.7 9 5 2 3 16% 22448 4043 33%
c u  1.03  0 91 19 4473 18 51259 10046 1.7 9 5 2 3 16% 22448 4043 33%
c v  1.03  0 91 19 4473 18 51259 9965 1.7 9 5 2 3 16% 22448 4043 33%
c x  1.04  0 91 19 4473 18 51259 9965 1.7 9 5 2 3 16% 22446 4043 33%
c f  1.04  0 91 19 4473 18 51259 9945 1.7 9 5 2 3 16% 22448 4056 33%
c }  1.07  0 89 19 4757 17 53465 11946 1.7 9 5 2 3 16% 22448 4056 33%
c [  1.07  0 200 19 4757  2 53465 11946 2.2 40 18 2 5 43% 22448 4056 33%
c 
c  seconds   reductions   conflicts        size   tier2      variables
c         MB      restarts      redundant     glue   trail        remaining
c           level       rate         size/glue  tier1  irredundant
c 
c O  1.09  0 196 19 4758  2 55019 13382 2.2 39 18 2 5 43% 22448 4056 33%
c -  1.11  0 191 20 4758  2 56919 11129 2.2 38 18 2 5 42% 22448 4056 33%
c c  1.11  0 191 20 4758  2 56919 11102 2.2 38 18 2 5 42% 22434 4054 33%
c d  1.11  0 191 20 4758  2 56919 11089 2.2 38 18 2 5 42% 22430 4052 33%
c 2  1.11  0 191 20 4758  2 56919 11089 2.2 38 18 2 5 42% 22428 4052 33%
c =  1.12  0 191 20 4758  2 56919 11081 2.2 38 18 2 5 42% 22428 4048 33%
c t  1.12  0 191 20 4758  2 56919 11081 2.2 38 18 2 5 42% 22425 4048 33%
c -  1.24  0 180 21 4759  2 62884 11309 2.3 43 19 2 5 44% 22425 4048 33%
c p  1.24  0 180 21 4759  2 62884 11334 2.3 43 19 2 5 44% 22425 4048 33%
c f  1.25  0 180 21 4759  2 62884 11330 2.3 43 19 2 5 44% 22417 4054 33%
c B  1.30  0 180 21 4761  2 66020 14317 2.2 44 20 2 5 44% 22417 4054 33%
c ]  1.31  0 180 21 4761  2 66834 15105 2.2 44 20 2 5 44% 22417 4054 33%
c {  1.31  0 89 21 4761 17 66834 15105 1.7 9 5 2 3 16% 22417 4054 33%
c -  1.36  0 89 22 5291 18 69153 11917 1.7 9 6 2 3 16% 22417 4054 33%
c p  1.36  0 89 22 5291 18 69153 11903 1.7 9 6 2 3 16% 22417 4053 33%
c =  1.38  0 89 22 5291 18 69153 11903 1.7 9 6 2 3 16% 22416 4051 33%
c u  1.38  0 89 22 5291 18 69153 11181 1.7 9 6 2 3 16% 22408 4051 33%
c v  1.38  0 89 22 5291 18 69153 11020 1.7 9 6 2 3 16% 22408 4051 33%
c 2  1.38  0 89 22 5291 18 69153 11019 1.7 9 6 2 3 16% 22408 4051 33%
c f  1.39  0 89 22 5291 18 69153 11019 1.7 9 6 2 3 16% 22402 4053 33%
c 
c  seconds  reductions   conflicts        size  tier2      variables
c         MB     restarts      redundant     glue  trail        remaining
c          level       rate         size/glue tier1  irredundant
c 
c e  1.47  0 87 22 6129 18 74249 15516 1.7 10 6 1 2 16% 22381 4036 33%
c s  1.47  0 87 22 6129 18 74249 15508 1.7 10 6 1 2 16% 22371 4036 33%
c e  1.47  0 87 22 6129 18 74249 15495 1.7 10 6 1 2 16% 22325 4028 33%
c -  1.50  0 86 23 6413 18 75727 10518 1.7 10 6 1 2 16% 22325 4028 33%
c p  1.50  0 86 23 6413 18 75727 10800 1.7 10 6 1 2 16% 22325 4025 33%
c c  1.51  0 86 23 6413 18 75727 10800 1.7 10 6 1 2 16% 22307 4025 33%
c d  1.51  0 86 23 6413 18 75727 10785 1.7 10 6 1 2 16% 22301 4023 33%
c f  1.52  0 86 23 6413 18 75727 10689 1.7 10 6 1 2 16% 22345 4071 33%
c }  1.55  0 86 23 6650 18 77245 12086 1.7 10 6 1 2 16% 22345 4071 33%
c [  1.55  0 180 23 6650  2 77245 12086 2.2 44 20 2 5 44% 22345 4071 33%
c W  1.58  0 180 23 6651  2 78021 12812 2.2 43 19 2 5 44% 22345 4071 33%
c -  1.68  0 176 24 6654  2 82607 11009 2.2 46 21 2 5 43% 22345 4071 33%
c p  1.68  0 176 24 6654  2 82607 11056 2.2 46 21 2 5 43% 22341 4067 33%
c u  1.70  0 176 24 6654  2 82607 10572 2.2 46 21 2 5 43% 22341 4067 33%
c v  1.70  0 176 24 6654  2 82607 10346 2.2 46 21 2 5 43% 22341 4067 33%
c w  1.70  0 176 24 6654  2 82607 10344 2.2 46 21 2 5 43% 22341 4067 33%
c f  1.70  0 176 24 6654  2 82607 10344 2.2 46 21 2 5 43% 22339 4069 33%
c -  1.83  0 174 25 6657  2 89793 10272 2.2 49 22 2 5 43% 22339 4069 33%
c p  1.84  0 174 25 6657  2 89793 10241 2.2 49 22 2 5 43% 22335 4064 33%
c =  1.84  0 174 25 6657  2 89793 10230 2.2 49 22 2 5 43% 22331 4061 33%
c 
c  seconds   reductions   conflicts        size   tier2      variables
c         MB      restarts      redundant     glue   trail        remaining
c           level       rate         size/glue  tier1  irredundant
c 
c f  1.85  0 174 25 6657  2 89793 10230 2.2 49 22 2 5 43% 22329 4063 33%
c I  1.87  0 174 25 6658  2 91022 11374 2.2 48 22 2 5 43% 22329 4063 33%
c ]  1.89  0 173 25 6660  2 93291 13499 2.2 47 22 2 5 43% 22329 4063 33%
c {  1.89  0 86 25 6660 18 93291 13499 1.7 10 6 1 2 16% 22329 4063 33%
c -  1.95  0 84 26 7275 17 97284 11098 1.7 10 6 1 2 16% 22329 4063 33%
c p  1.96  0 84 26 7275 17 97284 11210 1.7 10 6 1 2 16% 22329 4063 33%
c u  1.98  0 84 26 7275 17 97284 10808 1.7 10 6 1 2 16% 22329 4063 33%
c v  1.98  0 84 26 7275 17 97284 10753 1.7 10 6 1 2 16% 22329 4063 33%
c x  1.98  0 84 26 7275 17 97284 10744 1.7 10 6 1 2 16% 22226 4063 33%
c t  1.98  0 84 26 7275 17 97284 10743 1.7 10 6 1 2 16% 22225 4063 33%
c f  1.98  0 84 26 7275 17 97284 10734 1.7 10 6 1 2 16% 22232 4065 33%
c e  2.08  0 82 26 8083 16 103897 16505 1.7 10 6 1 2 16% 22225 4055 33%
c ^  2.08  0 82 26 8083 16 103897 16505 1.7 10 6 1 2 16% 22225 4055 33%
c B  2.10  0 82 26 8276 16 105023 17524 1.7 10 6 1 2 16% 22225 4055 33%
c -  2.10  0 82 27 8291 17 105081 12017 1.7 10 6 1 2 16% 22225 4055 33%
c p  2.10  0 82 27 8291 17 105081 12169 1.7 10 6 1 2 16% 22225 4055 33%
c }  2.17  0 82 27 8928 16 108964 15637 1.7 10 6 1 2 16% 22225 4055 33%
c [  2.17  0 173 27 8928  2 108964 15637 2.2 47 22 2 5 43% 22225 4055 33%
c -  2.27  0 173 28 8929  2 113185 13006 2.1 49 23 2 5 42% 22225 4055 33%
c =  2.29  0 173 28 8929  2 113185 12984 2.1 49 23 2 5 42% 22208 4048 33%
c 
c  seconds   reductions   conflicts         size   tier2      variables
c         MB      restarts       redundant     glue   trail        remaining
c           level       rate          size/glue  tier1  irredundant
c 
c u  2.29  0 173 28 8929  2 113185 12405 2.1 49 23 2 5 42% 22164 4048 33%
c v  2.30  0 173 28 8929  2 113185 12202 2.1 49 23 2 5 42% 22164 4048 33%
c w  2.30  0 173 28 8929  2 113185 12202 2.1 49 23 2 5 42% 22164 4048 33%
c t  2.30  0 173 28 8929  2 113185 12201 2.1 49 23 2 5 42% 22164 4048 33%
c f  2.30  0 173 28 8929  2 113185 12201 2.1 49 23 2 5 42% 22158 4050 33%
c B  2.42  0 174 28 8930  2 120024 18515 2.1 51 24 2 5 42% 22158 4050 33%
c -  2.45  0 174 29 8930  2 121596 12273 2.1 51 25 2 5 42% 22158 4050 33%
c p  2.45  0 174 29 8930  2 121596 12371 2.1 51 25 2 5 42% 22158 4050 33%
c t  2.46  0 174 29 8930  2 121596 12371 2.1 51 25 2 5 42% 22158 4050 33%
c ]  2.61  0 174 29 8931  2 128290 18520 2.1 53 25 2 5 43% 22158 4050 33%
c {  2.61  0 82 29 8931 16 128290 18520 1.7 10 6 1 2 16% 22158 4050 33%
c -  2.64  0 81 30 9211 16 130313 12384 1.7 10 6 1 2 16% 22158 4050 33%
c p  2.65  0 81 30 9211 16 130313 12525 1.7 10 6 1 2 16% 22158 4050 33%
c u  2.65  0 81 30 9211 16 130313 12224 1.7 10 6 1 2 16% 22158 4050 33%
c v  2.65  0 81 30 9211 16 130313 12224 1.7 10 6 1 2 16% 22158 4050 33%
c w  2.65  0 81 30 9211 16 130313 12224 1.7 10 6 1 2 16% 22158 4050 33%
c x  2.65  0 81 30 9211 16 130313 12224 1.7 10 6 1 2 16% 22136 4050 33%
c f  2.66  0 81 30 9211 16 130313 12220 1.7 10 6 1 2 16% 22138 4051 33%
c W  2.77  0 81 30 10097 16 136027 17382 1.7 10 6 1 2 17% 22138 4051 33%
c e  2.83  0 81 30 10545 16 138259 15350 1.7 10 6 1 2 17% 22313 3827 31%
c 
c  seconds  reductions    conflicts         size  tier2      variables
c         MB      restarts       redundant     glue  trail        remaining
c          level        rate          size/glue tier1  irredundant
c 
c ^  2.83  0 81 30 10545 16 138259 15350 1.7 10 6 1 2 17% 22313 3827 31%
c -  2.85  0 81 31 10658 16 139337 11536 1.7 11 6 1 2 17% 22313 3827 31%
c p  2.85  0 81 31 10658 16 139337 11655 1.7 11 6 1 2 17% 22313 3824 31%
c =  2.87  0 81 31 10658 16 139337 11576 1.7 11 6 1 2 17% 22311 3805 31%
c u  2.87  0 81 31 10658 16 139337 11043 1.7 11 6 1 2 17% 22213 3805 31%
c v  2.87  0 81 31 10658 16 139337 11013 1.7 11 6 1 2 17% 22213 3805 31%
c w  2.87  0 81 31 10658 16 139337 11011 1.7 11 6 1 2 17% 22213 3805 31%
c t  2.87  0 81 31 10658 16 139337 11011 1.7 11 6 1 2 17% 22210 3805 31%
c f  2.88  0 81 31 10658 16 139337 11008 1.7 11 6 1 2 17% 22201 3808 31%
c }  2.99  0 80 31 11564 15 148154 18798 1.7 11 6 1 2 16% 22201 3808 31%
c [  2.99  0 174 31 11564  2 148154 18798 2.1 53 25 2 5 43% 22201 3808 31%
c -  3.01  0 173 32 11564  2 148668 12871 2.1 53 25 2 5 43% 22201 3808 31%
c p  3.01  0 173 32 11564  2 148668 12928 2.1 53 25 2 5 43% 22201 3808 31%
c =  3.02  0 173 32 11564  2 148668 12928 2.1 53 25 2 5 43% 22200 3807 31%
c t  3.02  0 173 32 11564  2 148668 12928 2.1 53 25 2 5 43% 22199 3807 31%
c W  3.10  0 172 32 11564  2 153028 16984 2.1 53 25 2 5 44% 22199 3807 31%
c -  3.21  0 173 33 11564  2 158309 13883 2.2 54 25 2 5 45% 22199 3807 31%
c p  3.22  0 173 33 11564  2 158309 13884 2.2 54 25 2 5 45% 22192 3806 31%
c =  3.23  0 173 33 11564  2 158309 13854 2.2 54 25 2 5 45% 21956 3765 31%
c u  3.24  0 173 33 11564  2 158309 13504 2.2 54 25 2 5 45% 21952 3765 31%
c 
c  seconds   reductions    conflicts         size   tier2      variables
c         MB       restarts       redundant     glue   trail        remaining
c           level        rate          size/glue  tier1  irredundant
c 
c v  3.24  0 173 33 11564  2 158309 13311 2.2 54 25 2 5 45% 21952 3765 31%
c w  3.24  0 173 33 11564  2 158309 13309 2.2 54 25 2 5 45% 21952 3765 31%
c -  3.41  0 171 34 11570  2 168257 13242 2.2 54 25 2 5 44% 21952 3765 31%
c p  3.41  0 171 34 11570  2 168257 13347 2.2 54 25 2 5 44% 21952 3765 31%
c f  3.43  0 171 34 11570  2 168257 13345 2.2 54 25 2 5 44% 21951 3766 31%
c O  3.49  0 171 34 11571  2 171029 15948 2.2 54 24 2 5 44% 21951 3766 31%
c ]  3.57  0 166 34 11575  2 177295 21689 2.2 52 24 2 5 42% 21951 3766 31%
c {  3.57  0 80 34 11575 15 177295 21689 1.7 11 6 1 2 16% 21951 3766 31%
c -  3.59  0 80 35 11727 15 178511 14342 1.7 11 6 1 2 16% 21951 3766 31%
c p  3.59  0 80 35 11727 15 178511 14385 1.7 11 6 1 2 16% 21951 3766 31%
c u  3.60  0 80 35 11727 15 178511 14110 1.7 11 6 1 2 16% 21951 3766 31%
c v  3.60  0 80 35 11727 15 178511 13952 1.7 11 6 1 2 16% 21951 3766 31%
c x  3.60  0 80 35 11727 15 178511 13949 1.7 11 6 1 2 16% 21902 3766 31%
c t  3.61  0 80 35 11776 15 178958 14347 1.7 11 6 1 2 16% 21902 3766 31%
c e  3.62  0 80 35 11776 15 178958 12855 1.7 11 6 1 2 16% 20767 3436 28%
c s  3.62  0 80 35 11776 15 178958 12803 1.7 11 6 1 2 16% 20741 3436 28%
c e  3.63  0 80 35 11776 15 178958 12751 1.7 11 6 1 2 16% 20649 3419 28%
c -  3.78  0 79 36 13145 15 189073 14461 1.7 11 6 1 2 18% 20649 3419 28%
c 2  3.78  0 79 36 13145 15 189073 14460 1.7 11 6 1 2 18% 20649 3419 28%
c p  3.78  0 79 36 13145 15 189073 14539 1.7 11 6 1 2 18% 20649 3419 28%
c 
c  seconds  reductions    conflicts         size  tier2      variables
c         MB      restarts       redundant     glue  trail        remaining
c          level        rate          size/glue tier1  irredundant
c 
c u  3.80  0 79 36 13145 15 189073 14122 1.7 11 6 1 2 18% 20589 3419 28%
c v  3.80  0 79 36 13145 15 189073 13949 1.7 11 6 1 2 18% 20589 3419 28%
c t  3.80  0 79 36 13145 15 189073 13948 1.7 11 6 1 2 18% 20589 3419 28%
c f  3.81  0 79 36 13145 15 189073 13940 1.7 11 6 1 2 18% 20512 3442 28%
c #  3.82  0 79 36 13190 15 190031 14805 1.7 11 6 1 2 18% 20512 3442 28%
c -  3.98  0 79 37 14534 15 199943 15762 1.7 11 6 1 2 19% 20512 3442 28%
c p  3.98  0 79 37 14534 15 199943 15780 1.7 11 6 1 2 19% 20512 3442 28%
c u  3.98  0 79 37 14534 15 199943 15555 1.7 11 6 1 2 19% 20512 3442 28%
c v  3.99  0 79 37 14534 15 199943 15372 1.7 11 6 1 2 19% 20512 3442 28%
c }  4.01  0 78 37 14617 14 201630 16860 1.7 11 6 1 2 19% 20512 3442 28%
c [  4.01  0 166 37 14617  2 201630 16860 2.2 52 24 2 5 51% 20512 3442 28%
c B  4.20  0 165 37 14621  2 210035 24874 2.2 54 24 2 5 51% 20512 3442 28%
c -  4.23  0 165 38 14621  2 211123 16719 2.2 55 24 2 5 51% 20512 3442 28%
c p  4.23  0 165 38 14621  2 211123 16781 2.2 55 24 2 5 51% 20512 3442 28%
c -  4.61  0 165 39 14625  2 222611 16740 2.3 61 27 2 5 52% 20512 3442 28%
c p  4.61  0 165 39 14625  2 222611 16791 2.3 61 27 2 5 52% 20512 3442 28%
c u  4.64  0 165 39 14625  2 222611 15894 2.3 61 27 2 5 52% 20512 3442 28%
c v  4.64  0 165 39 14625  2 222611 15662 2.3 61 27 2 5 52% 20512 3442 28%
c w  4.64  0 165 39 14625  2 222611 15656 2.3 61 27 2 5 52% 20512 3442 28%
c t  4.64  0 165 39 14625  2 222611 15654 2.3 61 27 2 5 52% 20512 3442 28%
c 
c  seconds   reductions    conflicts         size   tier2      variables
c         MB       restarts       redundant     glue   trail        remaining
c           level        rate          size/glue  tier1  irredundant
c 
c ]  4.68  0 165 39 14626  2 223676 16666 2.3 62 27 2 5 52% 20512 3442 28%
c {  4.68  0 78 39 14626 14 223676 16666 1.7 11 6 1 2 19% 20512 3442 28%
c e  4.71  0 79 39 14795 14 225658 18394 1.7 11 6 1 2 19% 20516 3437 28%
c s  4.71  0 79 39 14795 14 225658 18389 1.7 11 6 1 2 19% 20512 3437 28%
c B  4.80  0 78 39 15569 14 231036 23188 1.7 11 6 1 2 19% 20512 3437 28%
c -  4.84  0 78 40 15838 14 234406 17443 1.7 11 6 1 2 18% 20512 3437 28%
c p  4.85  0 78 40 15838 14 234406 17487 1.7 11 6 1 2 18% 20512 3437 28%
c u  4.85  0 78 40 15838 14 234406 17414 1.7 11 6 1 2 18% 20512 3437 28%
c v  4.85  0 78 40 15838 14 234406 17261 1.7 11 6 1 2 18% 20512 3437 28%
c x  4.85  0 78 40 15838 14 234406 17260 1.7 11 6 1 2 18% 20493 3437 28%
c -  5.08  0 78 41 17699 14 246509 19188 1.7 11 7 1 2 19% 20493 3437 28%
c p  5.08  0 78 41 17699 14 246509 19236 1.7 11 7 1 2 19% 20493 3437 28%
c u  5.09  0 78 41 17699 14 246509 18905 1.7 11 7 1 2 19% 20493 3437 28%
c v  5.09  0 78 41 17699 14 246509 18686 1.7 11 7 1 2 19% 20493 3437 28%
c }  5.15  0 78 41 18222 14 249678 21571 1.7 12 7 1 2 19% 20493 3437 28%
c [  5.15  0 165 41 18222  2 249678 21571 2.3 62 27 2 5 52% 20493 3437 28%
c W  5.26  0 165 41 18224  2 253037 24755 2.3 62 27 2 5 53% 20493 3437 28%
c -  5.31  0 159 42 18226  2 258921 19909 2.3 59 26 2 5 50% 20493 3437 28%
c f  5.31  0 159 42 18226  2 258921 19908 2.3 59 26 2 5 50% 20491 3438 28%
c -  5.53  0 153 43 18232  1 271642 19848 2.2 57 26 1 2 47% 20491 3438 28%
c 
c  seconds   reductions    conflicts         size   tier2      variables
c         MB       restarts       redundant     glue   trail        remaining
c           level        rate          size/glue  tier1  irredundant
c 
c p  5.53  0 153 43 18232  1 271642 19884 2.2 57 26 1 2 47% 20491 3438 28%
c u  5.55  0 153 43 18232  1 271642 19581 2.2 57 26 1 2 47% 20491 3438 28%
c v  5.55  0 153 43 18232  1 271642 19578 2.2 57 26 1 2 47% 20491 3438 28%
c w  5.55  0 153 43 18232  1 271642 19578 2.2 57 26 1 2 47% 20491 3438 28%
c f  5.55  0 153 43 18232  1 271642 19577 2.2 57 26 1 2 47% 20489 3439 28%
c I  5.63  0 152 43 18232  1 276039 23616 2.2 57 26 1 2 47% 20489 3439 28%
c e  5.66  0 152 43 18232  1 277203 24700 2.2 57 26 1 2 46% 20491 3438 28%
c s  5.66  0 152 43 18232  1 277203 24700 2.2 57 26 1 2 46% 20490 3438 28%
c -  5.80  0 152 44 18233  1 284671 19193 2.2 56 26 1 2 46% 20490 3438 28%
c 2  5.80  0 152 44 18233  1 284671 19192 2.2 56 26 1 2 46% 20490 3438 28%
c ]  5.96  0 151 44 18233  1 293821 27650 2.2 57 26 1 2 46% 20490 3438 28%
c {  5.96  0 78 44 18233 14 293821 27650 1.7 12 7 1 2 19% 20490 3438 28%
c -  6.04  0 78 45 18780 14 298010 19870 1.7 12 7 1 2 19% 20490 3438 28%
c p  6.04  0 78 45 18780 14 298010 19904 1.7 12 7 1 2 19% 20490 3438 28%
c u  6.05  0 78 45 18780 14 298010 19347 1.7 12 7 1 2 19% 20490 3438 28%
c v  6.05  0 78 45 18780 14 298010 19323 1.7 12 7 1 2 19% 20490 3438 28%
c w  6.05  0 78 45 18780 14 298010 19323 1.7 12 7 1 2 19% 20490 3438 28%
c W  6.10  0 78 45 19125 14 300040 21148 1.7 12 7 1 2 19% 20490 3438 28%
c -  6.33  0 78 46 20914 14 311657 21075 1.7 12 7 1 2 19% 20490 3438 28%
c p  6.34  0 78 46 20914 14 311657 21107 1.7 12 7 1 2 19% 20490 3438 28%
c 
c  seconds  reductions    conflicts         size  tier2      variables
c         MB      restarts       redundant     glue  trail        remaining
c          level        rate          size/glue tier1  irredundant
c 
c u  6.34  0 78 46 20914 14 311657 20952 1.7 12 7 1 2 19% 20490 3438 28%
c v  6.34  0 78 46 20914 14 311657 20731 1.7 12 7 1 2 19% 20490 3438 28%
c f  6.35  0 78 46 20914 14 311657 20730 1.7 12 7 1 2 19% 20488 3439 28%
c }  6.51  0 78 46 22267 14 320530 28786 1.7 12 7 1 2 19% 20488 3439 28%
c [  6.51  0 151 46 22267  1 320530 28786 2.2 57 26 1 2 46% 20488 3439 28%
c B  6.59  0 151 46 22268  1 325042 33060 2.2 56 26 1 2 46% 20488 3439 28%
c -  6.61  0 151 47 22268  1 325614 22346 2.2 56 26 1 2 46% 20488 3439 28%
c p  6.61  0 151 47 22268  1 325614 22371 2.2 56 26 1 2 46% 20488 3439 28%
c u  6.61  0 151 47 22268  1 325614 22158 2.2 56 26 1 2 46% 20488 3439 28%
c v  6.61  0 151 47 22268  1 325614 22084 2.2 56 26 1 2 46% 20488 3439 28%
c w  6.61  0 151 47 22268  1 325614 22084 2.2 56 26 1 2 46% 20488 3439 28%
c x  6.62  0 151 47 22268  1 325614 22083 2.2 56 26 1 2 46% 20425 3439 28%
c ^  6.85  0 152 47 22268  1 333860 29929 2.2 59 27 1 2 46% 20425 3439 28%
c -  7.01  0 153 48 22268  1 339880 22643 2.2 60 28 1 2 47% 20425 3439 28%
c p  7.01  0 153 48 22268  1 339880 22664 2.2 60 28 1 2 47% 20425 3439 28%
c u  7.03  0 153 48 22268  1 339880 22468 2.2 60 28 1 2 47% 20425 3439 28%
c v  7.04  0 153 48 22268  1 339880 22250 2.2 60 28 1 2 47% 20425 3439 28%
c w  7.04  0 153 48 22268  1 339880 22249 2.2 60 28 1 2 47% 20425 3439 28%
c W  7.33  0 154 48 22268  1 351046 32791 2.1 62 29 1 2 48% 20425 3439 28%
c -  7.43  0 155 49 22268  1 354454 21362 2.1 62 29 1 2 48% 20425 3439 28%
c 
c  seconds   reductions    conflicts         size   tier2      variables
c         MB       restarts       redundant     glue   trail        remaining
c           level        rate          size/glue  tier1  irredundant
c 
c p  7.43  0 155 49 22268  1 354454 21382 2.1 62 29 1 2 48% 20425 3439 28%
c u  7.43  0 155 49 22268  1 354454 21217 2.1 62 29 1 2 48% 20425 3439 28%
c v  7.43  0 155 49 22268  1 354454 21209 2.1 62 29 1 2 48% 20425 3439 28%
c w  7.43  0 155 49 22268  1 354454 21207 2.1 62 29 1 2 48% 20425 3439 28%
c t  7.43  0 155 49 22268  1 354454 21205 2.1 62 29 1 2 48% 20425 3439 28%
c ]  7.49  0 156 49 22270  1 357437 24035 2.1 62 29 1 2 47% 20425 3439 28%
c {  7.49  0 78 49 22270 14 357437 24035 1.7 12 7 1 2 19% 20425 3439 28%
c -  7.72  0 77 50 23820 14 369339 23217 1.8 12 7 1 2 19% 20425 3439 28%
c p  7.72  0 77 50 23820 14 369339 23237 1.8 12 7 1 2 19% 20425 3439 28%
c u  7.73  0 77 50 23820 14 369339 22975 1.8 12 7 1 2 19% 20425 3439 28%
c v  7.73  0 77 50 23820 14 369339 22829 1.8 12 7 1 2 19% 20425 3439 28%
c w  7.73  0 77 50 23820 14 369339 22829 1.8 12 7 1 2 19% 20425 3439 28%
c F  7.91  0 77 50 25257 14 378047 30820 1.7 12 7 1 2 19% 20425 3439 28%
c -  8.08  0 77 51 26503 15 384532 24454 1.7 12 7 1 2 19% 20425 3439 28%
c p  8.08  0 77 51 26503 15 384532 24473 1.7 12 7 1 2 19% 20425 3439 28%
c u  8.09  0 77 51 26503 15 384532 24048 1.7 12 7 1 2 19% 20425 3439 28%
c v  8.10  0 77 51 26503 15 384532 23703 1.7 12 7 1 2 19% 20425 3439 28%
c w  8.10  0 77 51 26503 15 384532 23703 1.7 12 7 1 2 19% 20425 3439 28%
c t  8.10  0 77 51 26503 15 384532 23702 1.7 12 7 1 2 19% 20425 3439 28%
c }  8.12  0 78 51 26645 15 385316 24425 1.7 12 7 1 2 19% 20425 3439 28%
c 
c  seconds   reductions    conflicts         size   tier2      variables
c         MB       restarts       redundant     glue   trail        remaining
c           level        rate          size/glue  tier1  irredundant
c 
c [  8.12  0 156 51 26645  1 385316 24425 2.1 62 29 1 2 47% 20425 3439 28%
c e  8.35  0 155 51 26650  1 395547 23129 2.1 62 29 1 2 47% 21297 3155 26%
c s  8.35  0 155 51 26650  1 395547 23014 2.1 62 29 1 2 47% 21204 3155 26%
c e  8.35  0 155 51 26650  1 395547 22008 2.1 62 29 1 2 47% 21227 3115 25%
c -  8.46  0 156 52 26653  1 400036 19297 2.1 62 29 1 2 47% 21227 3115 25%
c 2  8.46  0 156 52 26653  1 400036 19289 2.1 62 29 1 2 47% 21225 3115 25%
c p  8.46  0 156 52 26653  1 400036 19334 2.1 62 29 1 2 47% 21225 3115 25%
c u  8.46  0 156 52 26653  1 400036 19216 2.1 62 29 1 2 47% 21225 3115 25%
c v  8.46  0 156 52 26653  1 400036 19208 2.1 62 29 1 2 47% 21225 3115 25%
c w  8.46  0 156 52 26653  1 400036 19208 2.1 62 29 1 2 47% 21225 3115 25%
c t  8.46  0 156 52 26653  1 400036 19208 2.1 62 29 1 2 47% 21223 3115 25%
c f  8.47  0 156 52 26653  1 400036 19204 2.1 62 29 1 2 46% 21126 3134 26%
c O  8.58  0 157 52 26657  1 406048 24838 2.1 62 29 1 2 46% 21126 3134 26%
c -  8.75  0 155 53 26658  1 415849 20708 2.2 61 28 1 2 46% 21126 3134 26%
c p  8.75  0 155 53 26658  1 415849 20746 2.2 61 28 1 2 46% 21126 3134 26%
c -  9.02  0 156 54 26667  1 431971 21641 2.2 59 28 1 2 45% 21126 3134 26%
c p  9.02  0 156 54 26667  1 431971 21668 2.2 59 28 1 2 45% 21126 3134 26%
c u  9.04  0 156 54 26667  1 431971 21412 2.2 59 28 1 2 45% 21126 3134 26%
c v  9.04  0 156 54 26667  1 431971 21130 2.2 59 28 1 2 45% 21126 3134 26%
c w  9.04  0 156 54 26667  1 431971 21130 2.2 59 28 1 2 45% 21126 3134 26%
c 
c  seconds   reductions    conflicts         size   tier2      variables
c         MB       restarts       redundant     glue   trail        remaining
c           level        rate          size/glue  tier1  irredundant
c 
c B  9.08  0 156 54 26669  1 435050 23900 2.2 58 27 1 2 44% 21126 3134 26%
c -  9.20  0 153 55 26673  1 448403 22246 2.1 54 25 1 2 42% 21126 3134 26%
c ]  9.23  0 154 55 26673  1 450864 24531 2.1 54 25 1 2 42% 21126 3134 26%
c {  9.23  0 78 55 26673 15 450864 24531 1.7 12 7 1 2 19% 21126 3134 26%
c B  9.48  0 77 55 28574 15 465052 37436 1.7 13 7 1 2 19% 21126 3134 26%
c -  9.49  0 77 56 28586 15 465143 24655 1.7 13 7 1 2 19% 21126 3134 26%
c p  9.49  0 77 56 28586 15 465143 24684 1.7 13 7 1 2 19% 21126 3134 26%
c u  9.50  0 77 56 28586 15 465143 24448 1.7 13 7 1 2 19% 21126 3134 26%
c v  9.50  0 77 56 28586 15 465143 24094 1.7 13 7 1 2 19% 21126 3134 26%
c e  9.55  0 78 56 28967 15 467531 26191 1.7 13 7 1 2 19% 21136 3131 26%
c s  9.55  0 78 56 28967 15 467531 26184 1.7 13 7 1 2 19% 21134 3131 26%
c -  9.87  0 77 57 31144 15 482194 26065 1.7 13 7 1 2 18% 21134 3131 26%
c p  9.87  0 77 57 31144 15 482194 26092 1.7 13 7 1 2 18% 21134 3131 26%
c u  9.88  0 77 57 31144 15 482194 25611 1.7 13 7 1 2 18% 21134 3131 26%
c v  9.88  0 77 57 31144 15 482194 25257 1.7 13 7 1 2 18% 21134 3131 26%
c w  9.88  0 77 57 31144 15 482194 25257 1.7 13 7 1 2 18% 21134 3131 26%
c }  9.96  0 77 57 31716 14 486646 29307 1.7 13 7 1 2 18% 21134 3131 26%
c [  9.96  0 154 57 31716  1 486646 29307 2.1 54 25 1 2 42% 21134 3131 26%
c W 10.13  0 154 57 31717  1 496053 37808 2.1 52 24 1 2 41% 21134 3131 26%
c - 10.15  0 152 58 31717  1 499555 26751 2.1 50 24 1 2 40% 21134 3131 26%
c 
c  seconds   reductions    conflicts         size   tier2      variables
c         MB       restarts       redundant     glue   trail        remaining
c           level        rate          size/glue  tier1  irredundant
c 
c p 10.15  0 152 58 31717  1 499555 26773 2.1 50 24 1 2 40% 21134 3131 26%
c f 10.15  0 152 58 31717  1 499555 26771 2.1 50 24 1 2 40% 21131 3132 26%
c - 10.32  0 146 59 31724  1 517226 26692 2.1 46 22 1 2 37% 21131 3132 26%
c u 10.33  0 146 59 31724  1 517226 26577 2.1 46 22 1 2 37% 21131 3132 26%
c v 10.33  0 146 59 31724  1 517226 26572 2.1 46 22 1 2 37% 21131 3132 26%
c w 10.33  0 146 59 31724  1 517226 26571 2.1 46 22 1 2 37% 21131 3132 26%
c I 10.42  0 145 59 31731  1 528054 36205 2.1 44 21 1 2 36% 21131 3132 26%
c - 10.49  0 145 60 31732  1 535205 26068 2.1 43 21 1 2 35% 21131 3132 26%
c p 10.49  0 145 60 31732  1 535205 26089 2.1 43 21 1 2 35% 21131 3132 26%
c ^ 10.57  0 145 60 31736  1 544668 34201 2.0 41 20 1 2 34% 21131 3132 26%
c - 10.67  0 145 61 31741  1 553495 26864 2.0 39 19 1 2 33% 21131 3132 26%
c B 10.74  0 143 61 31746  1 561056 33485 2.0 38 19 1 2 32% 21131 3132 26%
c - 10.85  0 141 62 31747  1 572094 27628 2.0 37 18 1 2 32% 21131 3132 26%
c u 10.85  0 141 62 31747  1 572094 27350 2.0 37 18 1 2 32% 21131 3132 26%
c v 10.85  0 141 62 31747  1 572094 27345 2.0 37 18 1 2 32% 21131 3132 26%
c w 10.85  0 141 62 31747  1 572094 27345 2.0 37 18 1 2 32% 21131 3132 26%
c - 11.10  0 140 63 31749  1 591005 27524 2.0 36 18 1 2 33% 21131 3132 26%
c p 11.10  0 140 63 31749  1 591005 27544 2.0 36 18 1 2 33% 21131 3132 26%
c W 11.16  0 141 63 31749  1 595058 31128 2.0 36 18 1 2 33% 21131 3132 26%
c ] 11.27  0 142 63 31749  1 607537 42339 2.0 34 18 1 2 32% 21131 3132 26%
c 
c  seconds  reductions    conflicts         size  tier2      variables
c         MB      restarts       redundant     glue  trail        remaining
c          level        rate          size/glue tier1  irredundant
c 
c { 11.27  0 77 63 31749 14 607537 42339 1.7 13 7 1 2 18% 21131 3132 26%
c - 11.32  0 77 64 32137 14 610226 28783 1.8 13 7 1 2 18% 21131 3132 26%
c u 11.33  0 77 64 32137 14 610226 28599 1.8 13 7 1 2 18% 21131 3132 26%
c v 11.33  0 77 64 32137 14 610226 28500 1.8 13 7 1 2 18% 21131 3132 26%
c w 11.33  0 77 64 32137 14 610226 28500 1.8 13 7 1 2 18% 21131 3132 26%
c e 11.72  0 77 64 34811 15 627296 32885 1.8 13 8 1 2 18% 23068 2854 23%
c s 11.72  0 77 64 34811 15 627296 32510 1.8 13 8 1 2 18% 22655 2854 23%
c e 11.73  0 77 64 34811 15 627296 31791 1.8 13 8 1 2 18% 22686 2837 23%
c - 11.77  0 77 65 34990 14 629755 24651 1.8 13 8 1 2 18% 22686 2837 23%
c 2 11.77  0 77 65 34990 14 629755 24648 1.8 13 8 1 2 18% 22686 2837 23%
c p 11.78  0 77 65 34990 14 629755 24660 1.8 13 8 1 2 18% 22686 2837 23%
c u 11.78  0 77 65 34990 14 629755 24239 1.8 13 8 1 2 18% 22686 2837 23%
c v 11.79  0 77 65 34990 14 629755 24108 1.8 13 8 1 2 18% 22686 2837 23%
c t 11.79  0 77 65 34990 14 629755 24108 1.8 13 8 1 2 18% 22685 2837 23%
c f 11.80  0 77 65 34990 14 629755 24108 1.8 13 8 1 2 18% 22631 2843 23%
c W 11.82  0 77 65 35005 14 630059 24379 1.8 13 8 1 2 17% 22631 2843 23%
c - 12.15  0 78 66 37149 14 649594 27143 1.8 14 8 1 2 19% 22631 2843 23%
c p 12.15  0 78 66 37149 14 649594 27166 1.8 14 8 1 2 19% 22631 2843 23%
c u 12.16  0 78 66 37149 14 649594 26916 1.8 14 8 1 2 19% 22631 2843 23%
c v 12.16  0 78 66 37149 14 649594 26742 1.8 14 8 1 2 19% 22631 2843 23%
c 
c  seconds  reductions    conflicts         size  tier2      variables
c         MB      restarts       redundant     glue  trail        remaining
c          level        rate          size/glue tier1  irredundant
c 
c x 12.16  0 78 66 37149 14 649594 26742 1.8 14 8 1 2 19% 22605 2843 23%
c } 12.18  0 78 66 37205 14 650348 27424 1.8 14 8 1 2 19% 22605 2843 23%
c [ 12.18  0 142 66 37205  1 650348 27424 2.0 34 18 1 2 39% 22605 2843 23%
c O 12.37  0 139 66 37205  1 666060 41456 2.0 34 17 1 2 39% 22605 2843 23%
c - 12.41  0 138 67 37206  1 669743 28394 2.0 34 17 1 2 39% 22605 2843 23%
c p 12.41  0 138 67 37206  1 669743 28406 2.0 34 17 1 2 39% 22605 2843 23%
c - 12.70  0 142 68 37206  1 690202 27649 1.9 34 18 1 2 37% 22605 2843 23%
c p 12.71  0 142 68 37206  1 690202 27660 1.9 34 18 1 2 37% 22605 2843 23%
c u 12.72  0 142 68 37206  1 690202 27308 1.9 34 18 1 2 37% 22603 2843 23%
c v 12.72  0 142 68 37206  1 690202 27256 1.9 34 18 1 2 37% 22603 2843 23%
c w 12.72  0 142 68 37206  1 690202 27255 1.9 34 18 1 2 37% 22603 2843 23%
c B 12.85  0 142 68 37206  1 703062 38897 1.9 34 18 1 2 36% 22603 2843 23%
c - 12.94  0 142 69 37206  1 710972 27289 1.9 34 18 1 2 36% 22603 2843 23%
c e 13.07  0 137 69 37206  1 723276 37965 1.9 32 17 1 2 34% 22635 2838 23%
c s 13.07  0 137 69 37206  1 723276 37951 1.9 32 17 1 2 34% 22619 2838 23%
c - 13.16  0 137 70 37206  1 732052 27838 1.9 32 17 1 2 33% 22619 2838 23%
c p 13.16  0 137 70 37206  1 732052 27849 1.9 32 17 1 2 33% 22619 2838 23%
c u 13.17  0 137 70 37206  1 732052 27752 1.9 32 17 1 2 33% 22619 2838 23%
c v 13.17  0 137 70 37206  1 732052 27750 1.9 32 17 1 2 33% 22619 2838 23%
c w 13.17  0 137 70 37206  1 732052 27749 1.9 32 17 1 2 33% 22619 2838 23%
c 
c  seconds   reductions    conflicts         size   tier2      variables
c         MB       restarts       redundant     glue   trail        remaining
c           level        rate          size/glue  tier1  irredundant
c 
c W 13.29  0 140 70 37211  1 741064 35973 1.8 31 17 1 2 33% 22619 2838 23%
c - 13.39  0 137 71 37217  1 753443 28711 1.8 30 16 1 2 31% 22619 2838 23%
c ] 13.59  0 137 71 37224  1 772780 46350 1.8 30 16 1 2 31% 22619 2838 23%
c { 13.59  0 78 71 37224 14 772780 46350 1.8 14 8 1 2 19% 22619 2838 23%
c - 13.63  0 78 72 37505 14 775143 30180 1.8 14 8 1 2 19% 22619 2838 23%
c p 13.63  0 78 72 37505 14 775143 30192 1.8 14 8 1 2 19% 22619 2838 23%
c u 13.64  0 78 72 37505 14 775143 29934 1.8 14 8 1 2 19% 22619 2838 23%
c v 13.64  0 78 72 37505 14 775143 29772 1.8 14 8 1 2 19% 22619 2838 23%
c w 13.64  0 78 72 37505 14 775143 29772 1.8 14 8 1 2 19% 22619 2838 23%
c # 13.72  0 78 72 38043 14 780066 34275 1.8 14 8 1 2 19% 22619 2838 23%
c - 14.09  0 78 73 40356 14 797153 32300 1.8 14 8 1 2 19% 22619 2838 23%
c p 14.09  0 78 73 40356 14 797153 32308 1.8 14 8 1 2 19% 22619 2838 23%
c u 14.10  0 78 73 40356 14 797153 32101 1.8 14 8 1 2 19% 22619 2838 23%
c v 14.10  0 78 73 40356 14 797153 31615 1.8 14 8 1 2 19% 22619 2838 23%
c } 14.53  0 78 73 43200 14 817211 49986 1.8 14 8 1 2 19% 22619 2838 23%
c [ 14.53  0 137 73 43200  1 817211 49986 1.8 30 16 1 2 31% 22619 2838 23%
c - 14.57  0 137 74 43202  1 819474 33463 1.8 30 17 1 2 31% 22619 2838 23%
c p 14.57  0 137 74 43202  1 819474 33470 1.8 30 17 1 2 31% 22619 2838 23%
c u 14.58  0 137 74 43202  1 819474 33208 1.8 30 17 1 2 31% 22619 2838 23%
c v 14.58  0 137 74 43202  1 819474 32954 1.8 30 17 1 2 31% 22619 2838 23%
c 
c  seconds   reductions    conflicts         size   tier2      variables
c         MB       restarts       redundant     glue   trail        remaining
c           level        rate          size/glue  tier1  irredundant
c 
c w 14.58  0 137 74 43202  1 819474 32954 1.8 30 17 1 2 31% 22619 2838 23%
c I 14.60  0 137 74 43202  1 820067 33521 1.8 30 17 1 2 32% 22619 2838 23%
c e 14.67  0 137 74 43204  1 825096 38116 1.8 30 17 1 2 31% 22643 2835 23%
c s 14.67  0 137 74 43204  1 825096 38105 1.8 30 17 1 2 31% 22636 2835 23%
c - 14.94  0 137 75 43212  1 842105 34156 1.8 33 18 1 2 32% 22636 2835 23%
c p 14.94  0 137 75 43212  1 842105 34162 1.8 33 18 1 2 32% 22636 2835 23%
c B 15.27  0 136 75 43213  1 861071 52089 1.8 36 20 1 2 31% 22636 2835 23%
c - 15.34  0 136 76 43214  1 865048 33599 1.8 36 20 1 2 31% 22636 2835 23%
c p 15.34  0 136 76 43214  1 865048 33604 1.8 36 20 1 2 31% 22636 2835 23%
c u 15.35  0 136 76 43214  1 865048 33378 1.8 36 20 1 2 31% 22636 2835 23%
c v 15.35  0 136 76 43214  1 865048 33371 1.8 36 20 1 2 31% 22636 2835 23%
c w 15.35  0 136 76 43214  1 865048 33367 1.8 36 20 1 2 31% 22636 2835 23%
c - 15.62  0 129 77 43227  1 888299 34806 1.8 34 19 1 2 30% 22636 2835 23%
c W 15.85  0 129 77 43231  1 903072 48486 1.9 34 18 1 2 31% 22636 2835 23%
c - 15.93  0 130 78 43236  1 911861 35929 1.9 32 17 1 2 30% 22636 2835 23%
c p 15.93  0 130 78 43236  1 911861 35933 1.9 32 17 1 2 30% 22636 2835 23%
c u 15.96  0 130 78 43236  1 911861 35810 1.9 32 17 1 2 30% 22636 2835 23%
c v 15.96  0 130 78 43236  1 911861 35808 1.9 32 17 1 2 30% 22636 2835 23%
c w 15.96  0 130 78 43236  1 911861 35807 1.9 32 17 1 2 30% 22636 2835 23%
c ] 16.19  0 130 78 43244  1 934659 56009 1.9 32 17 1 2 31% 22636 2835 23%
c 
c  seconds  reductions    conflicts         size  tier2      variables
c         MB      restarts       redundant     glue  trail        remaining
c          level        rate          size/glue tier1  irredundant
c 
c { 16.19  0 78 78 43244 14 934659 56009 1.8 14 8 1 2 19% 22636 2835 23%
c - 16.20  0 78 79 43267 14 935734 35560 1.8 14 8 1 2 18% 22636 2835 23%
c e 16.37  0 78 79 44411 14 943875 43047 1.8 14 8 1 2 19% 22644 2834 23%
c s 16.37  0 78 79 44411 14 943875 43043 1.8 14 8 1 2 19% 22640 2834 23%
c B 16.41  0 78 79 44679 14 946074 45060 1.8 14 8 1 2 19% 22640 2834 23%
c - 16.82  0 78 80 46781 14 959919 38325 1.8 15 8 1 2 19% 22640 2834 23%
c p 16.82  0 78 80 46781 14 959919 38330 1.8 15 8 1 2 19% 22640 2834 23%
c u 16.83  0 78 80 46781 14 959919 38164 1.8 15 8 1 2 19% 22640 2834 23%
c v 16.84  0 78 80 46781 14 959919 37761 1.8 15 8 1 2 19% 22640 2834 23%
c x 16.84  0 78 80 46781 14 959919 37761 1.8 15 8 1 2 19% 22621 2834 23%
c } 17.27  0 78 80 49306 14 977495 53865 1.8 15 8 1 2 19% 22621 2834 23%
c [ 17.27  0 130 80 49306  1 977495 53865 1.9 32 17 1 2 31% 22621 2834 23%
c - 17.35  0 131 81 49306  1 984413 39211 1.9 32 17 1 2 30% 22621 2834 23%
c p 17.35  0 131 81 49306  1 984413 39216 1.9 32 17 1 2 30% 22621 2834 23%
c u 17.36  0 131 81 49306  1 984413 38980 1.9 32 17 1 2 30% 22615 2834 23%
c v 17.36  0 131 81 49306  1 984413 38625 1.9 32 17 1 2 30% 22615 2834 23%
c w 17.36  0 131 81 49306  1 984413 38625 1.9 32 17 1 2 30% 22615 2834 23%
c O 17.43  0 132 81 49306  1 990076 43799 1.9 32 17 1 2 30% 22615 2834 23%
c ] 17.50  0 128 81 49307  1 1000000 52285 1.9 30 16 1 2 30% 22615 2834 23%
c ? 17.50  0 128 81 49307  1 1000000 52285 1.9 30 16 1 2 30% 22615 2834 23%
c 
c --- [ result ] -------------------------------------------------------------
c 
c UNKNOWN
c 
c --- [ run-time profiling ] -------------------------------------------------
c 
c process time taken by individual solving procedures
c (percentage relative to process time for solving)
c 
c        16.08   91.93% search
c         9.29   53.10% stable
c         6.44   36.81% unstable
c         1.41    8.06% simplify
c         0.36    2.06% vivify
c         0.35    2.00% walk
c         0.29    1.68% sweep
c         0.21    1.20% factor
c         0.17    0.95% congruence
c         0.12    0.67% elim
c         0.06    0.35% subsume
c         0.05    0.26% preprocess
c         0.04    0.20% probe
c         0.03    0.17% ternary
c         0.01    0.08% backbone
c         0.01    0.06% fastelim
c         0.01    0.04% parse
c         0.00    0.01% lucky
c   =================================
c        17.50   99.96% solve
c 
c last line shows process time for solving
c (percentage relative to total process time)
c 
c --- [ statistics ] ---------------------------------------------------------
c 
c chronological:            275767        27.58 %  of conflicts
c conflicts:               1000000     57152.63    per second
c backbone:                1077312      8327.37 %  of vars
c decisions:               5722699    327067.31    per second
c eliminated:                 7131        55.12 %  of all variables
c factored:                    685        24.09 %  of variables
c fixed:                       947         7.32 %  of all variables
c learned:                  953746        95.37 %  per conflict
c learned_lits:           33592208       100.00 %  learned literals
c minimized:                     0         0.00 %  learned literals
c shrunken:                1255252         3.74 %  learned literals
c minishrunken:            2638185         7.85 %  learned literals
c otfs:                      31150         3.12 %  of conflict
c propagations:           92995164         5.31 M  per second
c reduced:                  803487        80.35 %  per conflict
c rephased:                     44     22727.27    interval
c restarts:                  49307        20.28    interval
c stabilizing:                  17        64.16 %  of conflicts
c substituted:                2025        15.65 %  of all variables
c sweep equivs:                500        12.21 %  of swept variables
c subsumed:                  56035         5.27 %  of all clauses
c strengthened:              40375         3.80 %  of all clauses
c ticks:                1223821089        13.44    propagation
c vivified:                   9450         0.89 %  of all clauses
c walked:                       13     76923.08    interval
c weakened:                  44051         2.93    average size
c congruence:                   27     37037.04    interval
c 
c seconds are measured in process time for solving
c 
c --- [ glue usage ] ---------------------------------------------------------
c 
c focused glue 1 used 1436277 clauses 70.75% accumulated 70.75% tier1
c focused glue 2 used 297516 clauses 14.65% accumulated 85.41% tier2
c 
c stable glue 1 used 2905938 clauses 52.16% accumulated 52.16% tier1
c stable glue 2 used 766965 clauses 13.76% accumulated 65.93% tier2
c 
c 
c --- [ resources ] ----------------------------------------------------------
c 
c total process time since initialization:        17.50    seconds
c total real time since initialization:           17.55    seconds
c maximum resident set size of process:        84320.00    MB
c 
c --- [ shutting down ] ------------------------------------------------------
c 
c exit 0
