c --- [ banner ] -------------------------------------------------------------
c 
c CaDiCaL SAT Solver
c Copyright (c) 2016-2025
c A. Biere, M. Fleury, N. Froleyks, K. Fazekas, F. Pollitt, T. Faller
c JKU Linz, University of Freiburg, TU Wien
c 
c Version 3.0.0
c Apple clang version 17.0.0 (clang-1700.6.3.2) -Wall -Wextra -O3 -DNDEBUG -DNCLOSEFROM
c Tue Dec 23 21:53:38 UTC 2025 Darwin Tahoe-arm64.local 25.2.0 arm64
c 
c --- [ limit ] --------------------------------------------------------------
c 
c setting conflict limit to 1000000 conflicts (due to '1000000')
c 
c --- [ parsing input ] ------------------------------------------------------
c 
c reading DIMACS file from '/tmp/sr59_cnfs/aux_force_sr59_n32_bit10_m3304caa0_fill80000000.cnf'
c opening file to read '/tmp/sr59_cnfs/aux_force_sr59_n32_bit10_m3304caa0_fill80000000.cnf'
c found 'p cnf 12252 51168' header
c parsed 51168 clauses in 0.01 seconds process time
c 
c --- [ options ] ------------------------------------------------------------
c 
c   --seed=23                      (different from default '0')
c 
c --- [ solving ] ------------------------------------------------------------
c 
c time measured in process time since initialization
c 
c  seconds  reduction conflicts       size tier2       variables
c         MB    restarts   redundant    glue  trail         remaining
c          level     rate       size/glu tier1  irredundant
c 
c *  0.01  0  0 0   0  0    0    0 0.0 0 0 2 6  0% 50655 11771 96%
c (  0.01  0  0 0   0  0    0    0 0.0 0 0 2 6  0% 50655 11771 96%
c .  0.01  0  0 0   0  0    0    0 0.0 0 0 2 6  0% 49631 11771 96%
c c  0.03  0  0 0   0  0    0    0 0.0 0 0 2 6  0% 46927 11307 92%
c d  0.03  0  0 0   0  0    0    0 0.0 0 0 2 6  0% 42861 9968 81%
c 2  0.03  0  0 0   0  0    0    0 0.0 0 0 2 6  0% 42721 9968 81%
c f  0.04  0  0 0   0  0    0    0 0.0 0 0 2 6  0% 42453 10236 84%
c e  0.05  0  0 0   0  0    0    0 0.0 0 0 2 6  0% 28738 5282 43%
c P  0.06  0  0 0   0  0    0    0 0.0 0 0 2 6  0% 28738 5282 43%
c )  0.06  0  0 0   0  0    0    0 0.0 0 0 2 6  0% 28738 5282 43%
c {  0.06  0  0 0   0  0    0    0 0.0 0 0 2 6  0% 28738 5282 43%
c -  0.06  0 866 1   6 13  301  238 1.6 4 2 2 6 17% 28738 5282 43%
c -  0.06  0 667 2  32 51  734  594 1.6 4 3 2 6 17% 28738 5282 43%
c }  0.06  0 517 2  56 41 1001  821 1.6 4 3 2 6 16% 28738 5282 43%
c [  0.07  0  0 2  56  0 1001  821 0.0 0 0 2 6  0% 28738 5282 43%
c O  0.07  0 1886 2  56 1887 1002  822 1.6 21 13 2 6 42% 28738 5282 43%
c -  0.07  0 1853 3  56  6 1413  939 1.9 37 20 2 6 39% 28738 5282 43%
c ]  0.07  0 1851 3  56  5 1582 1081 1.9 36 19 2 6 39% 28738 5282 43%
c {  0.07  0 517 3  56 41 1582 1081 1.6 4 3 2 6 16% 28738 5282 43%
c p  0.08  0 344 3 173 32 2213 1584 1.6 4 3 2 6 12% 28730 5269 43%
c 
c  seconds   reduction conflicts       size tier2      variables
c         MB     restarts   redundant    glue  trail        remaining
c           level     rate       size/glu tier1  irredundant
c 
c c  0.09  0 344 3 173 32 2213 1584 1.6 4 3 2 6 12% 28662 5269 43%
c -  0.09  0 323 4 198 31 2352 1405 1.6 4 3 2 6 11% 28646 5261 43%
c O  0.10  0 265 4 322 29 3007 1955 1.6 5 3 2 6 16% 28646 5261 43%
c }  0.10  0 255 4 362 30 3159 2087 1.6 5 3 2 6 16% 28646 5261 43%
c [  0.10  0 1851 4 362  5 3159 2087 1.9 36 19 2 6 93% 28646 5261 43%
c -  0.11  0 1139 5 362  4 3564 2071 2.0 42 21 2 6 65% 28646 5261 43%
c s  0.12  0 749 5 363  3 4211 2657 2.0 35 17 2 6 60% 28642 5261 43%
c t  0.13  0 749 5 363  3 4211 2657 2.0 35 17 2 6 60% 28641 5261 43%
c e  0.14  0 749 5 363  3 4211 2424 2.0 35 17 2 6 60% 28555 4978 41%
c s  0.14  0 749 5 363  3 4211 2382 2.0 35 17 2 6 60% 28468 4978 41%
c d  0.15  0 621 5 363  3 4715 2793 2.0 31 16 2 6 52% 28464 4967 41%
c c  0.15  0 621 5 363  3 4715 2793 2.0 31 16 2 6 52% 28456 4967 41%
c =  0.16  0 621 5 363  3 4715 2782 2.0 31 16 2 6 52% 28372 4906 40%
c ]  0.16  0 569 5 364  3 4967 3005 1.9 30 15 2 6 49% 28372 4906 40%
c {  0.16  0 255 5 364 30 4967 3005 1.6 5 3 2 6 16% 28372 4906 40%
c -  0.17  0 248 6 389 29 5056 2081 1.6 5 3 2 3 16% 28372 4906 40%
c #  0.18  0 202 6 571 26 6012 2892 1.6 5 3 2 3 14% 28372 4906 40%
c -  0.18  0 176 7 624 23 6834 2882 1.6 6 3 2 3 13% 28372 4906 40%
c d  0.19  0 168 7 724 23 7318 3066 1.6 6 4 2 3 13% 28372 4868 40%
c c  0.20  0 168 7 724 23 7318 3066 1.6 6 4 2 3 13% 28292 4868 40%
c 
c  seconds   reduction conflicts       size tier2      variables
c         MB     restarts   redundant    glue  trail        remaining
c           level     rate       size/glu tier1  irredundant
c 
c d  0.20  0 168 7 724 23 7318 3000 1.6 6 4 2 3 13% 28262 4853 40%
c =  0.20  0 168 7 724 23 7318 3000 1.6 6 4 2 3 13% 28226 4826 39%
c t  0.20  0 168 7 724 23 7318 2999 1.6 6 4 2 3 13% 28226 4826 39%
c f  0.21  0 168 7 724 23 7318 2999 1.6 6 4 2 3 13% 28043 5002 41%
c }  0.22  0 152 7 925 22 8476 3968 1.6 6 4 2 3 13% 28043 5002 41%
c [  0.22  0 569 7 925  3 8476 3968 1.9 30 15 2 6 47% 28043 5002 41%
c -  0.22  0 502 8 925  3 8900 3476 1.9 27 14 2 6 43% 28043 5002 41%
c I  0.23  0 394 8 925  3 10012 4428 1.9 26 14 3 9 36% 28043 5002 41%
c d  0.24  0 394 8 925  3 10015 4339 1.9 26 14 3 9 36% 28043 4990 41%
c c  0.24  0 394 8 925  3 10015 4339 1.9 26 14 3 9 36% 28027 4990 41%
c d  0.24  0 394 8 925  3 10015 4314 1.9 26 14 3 9 36% 28017 4985 41%
c 2  0.24  0 394 8 925  3 10015 4314 1.9 26 14 3 9 36% 28015 4985 41%
c =  0.25  0 394 8 925  3 10015 4314 1.9 26 14 3 9 36% 28007 4926 40%
c -  0.26  0 335 9 926  3 11259 3882 1.9 26 14 3 9 35% 28007 4926 40%
c 2  0.29  0 301 9 928  2 12799 5256 1.9 31 16 3 9 36% 28005 4926 40%
c c  0.29  0 301 9 928  2 12799 5256 1.9 31 16 3 9 36% 27975 4926 40%
c =  0.30  0 301 9 928  2 12799 5256 1.9 31 16 3 9 36% 27968 4888 40%
c t  0.30  0 301 9 928  2 12799 5255 1.9 31 16 3 9 36% 27968 4888 40%
c ]  0.31  0 285 9 928  3 13551 5914 1.9 30 16 2 5 25% 27968 4888 40%
c {  0.31  0 152 9 928 22 13551 5914 1.6 6 4 2 3 14% 27968 4888 40%
c 
c  seconds   reductions  conflicts       size tier2      variables
c         MB      restarts    redundant    glue  trail        remaining
c           level      rate        size/glu tier1  irredundant
c 
c -  0.32  0 148 10 992 22 13911 4510 1.6 6 4 2 3 15% 27968 4888 40%
c e  0.33  0 144 10 1049 22 14275 4498 1.6 6 4 2 3 15% 27932 4710 38%
c s  0.33  0 144 10 1049 22 14275 4484 1.6 6 4 2 3 15% 27709 4710 38%
c B  0.34  0 137 10 1181 22 15013 5113 1.6 6 4 2 3 14% 27707 4710 38%
c 2  0.35  0 132 10 1351 22 15665 5653 1.6 6 4 2 3 14% 27707 4710 38%
c d  0.35  0 132 10 1351 22 15665 5584 1.6 6 4 2 3 14% 27703 4700 38%
c c  0.36  0 132 10 1351 22 15665 5584 1.6 6 4 2 3 14% 27649 4700 38%
c d  0.36  0 132 10 1351 22 15665 5541 1.6 6 4 2 3 14% 27637 4694 38%
c 2  0.36  0 132 10 1351 22 15665 5540 1.6 6 4 2 3 14% 27637 4694 38%
c =  0.36  0 132 10 1351 22 15665 5540 1.6 6 4 2 3 14% 27613 4676 38%
c f  0.37  0 132 10 1351 22 15665 5538 1.6 6 4 2 3 14% 27543 4737 39%
c -  0.39  0 124 11 1669 22 16860 5234 1.6 7 4 2 3 14% 27543 4737 39%
c }  0.40  0 118 11 1940 21 18068 6303 1.6 7 4 2 3 14% 27543 4737 39%
c [  0.40  0 285 11 1940  3 18068 6303 1.9 30 16 2 5 25% 27543 4737 39%
c d  0.41  0 272 11 1940  3 18606 6686 1.9 29 15 2 5 22% 27539 4729 39%
c c  0.42  0 272 11 1940  3 18606 6686 1.9 29 15 2 5 22% 27505 4729 39%
c d  0.42  0 272 11 1940  3 18606 6680 1.9 29 15 2 5 22% 27497 4725 39%
c 2  0.42  0 272 11 1940  3 18606 6680 1.9 29 15 2 5 22% 27495 4725 39%
c =  0.42  0 272 11 1940  3 18606 6680 1.9 29 15 2 5 22% 27403 4656 38%
c u  0.43  0 272 11 1940  3 18606 6096 1.9 29 15 2 5 22% 27401 4656 38%
c 
c  seconds   reductions   conflicts       size   tier2      variables
c         MB      restarts     redundant     glue   trail        remaining
c           level       rate        size/glue  tier1  irredundant
c 
c v  0.43  0 272 11 1940  3 18606 5988 1.9 29 15 2 5 22% 27401 4656 38%
c w  0.43  0 272 11 1940  3 18606 5980 1.9 29 15 2 5 22% 27401 4656 38%
c x  0.43  0 272 11 1940  3 18606 5976 1.9 29 15 2 5 22% 27370 4656 38%
c t  0.43  0 272 11 1940  3 18606 5974 1.9 29 15 2 5 22% 27370 4656 38%
c -  0.45  0 257 12 1941  2 20107 5351 1.9 30 16 2 5 26% 27370 4656 38%
c B  0.46  0 250 12 1941  2 21014 6180 1.9 30 16 2 5 25% 27370 4656 38%
c d  0.47  0 242 12 1941  2 21616 6689 1.9 30 16 2 4 26% 27370 4651 38%
c c  0.48  0 242 12 1941  2 21616 6687 1.9 30 16 2 4 26% 27328 4651 38%
c d  0.48  0 242 12 1941  2 21616 6674 1.9 30 16 2 4 26% 27322 4648 38%
c =  0.48  0 242 12 1941  2 21616 6674 1.9 30 16 2 4 26% 27318 4587 37%
c f  0.49  0 242 12 1941  2 21616 6674 1.9 30 16 2 4 26% 27309 4595 38%
c -  0.51  0 225 13 1941  2 23652 5856 1.9 30 16 2 4 27% 27309 4595 38%
c ]  0.56  0 211 13 1944  2 26977 8903 1.9 32 16 2 4 28% 27309 4595 38%
c {  0.56  0 118 13 1944 21 26977 8903 1.6 7 4 2 3 14% 27309 4595 38%
c -  0.57  0 115 14 2050 21 27496 6457 1.6 7 4 2 3 14% 27309 4595 38%
c =  0.58  0 114 14 2101 21 27835 6738 1.6 7 4 2 3 14% 27305 4509 37%
c W  0.60  0 113 14 2150 21 28015 6902 1.6 7 4 2 3 14% 27305 4509 37%
c t  0.62  0 108 14 2503 21 29614 8345 1.6 7 5 2 3 14% 27305 4509 37%
c e  0.63  0 108 14 2503 21 29614 7353 1.6 7 5 2 3 14% 26844 4411 36%
c s  0.63  0 108 14 2503 21 29614 7292 1.6 7 5 2 3 14% 26791 4411 36%
c 
c  seconds   reductions   conflicts       size tier2      variables
c         MB      restarts     redundant    glue  trail        remaining
c           level       rate        size/glu tier1  irredundant
c 
c e  0.63  0 108 14 2503 21 29614 7268 1.6 7 5 2 3 14% 26783 4409 36%
c -  0.66  0 104 15 2889 20 31641 7134 1.6 8 5 2 3 15% 26783 4409 36%
c 2  0.66  0 104 15 2889 20 31641 7112 1.6 8 5 2 3 15% 26783 4409 36%
c d  0.66  0 104 15 2889 20 31641 7090 1.6 8 5 2 3 15% 26783 4405 36%
c p  0.66  0 104 15 2889 20 31641 7097 1.6 8 5 2 3 15% 26783 4405 36%
c c  0.67  0 104 15 2889 20 31641 7097 1.6 8 5 2 3 15% 26765 4405 36%
c =  0.68  0 104 15 2889 20 31641 7091 1.6 8 5 2 3 15% 26738 4394 36%
c f  0.68  0 104 15 2889 20 31641 7087 1.6 8 5 2 3 15% 26708 4417 36%
c }  0.71  0 100 15 3222 20 34014 9211 1.6 8 5 2 3 15% 26708 4417 36%
c [  0.71  0 211 15 3222  2 34014 9211 1.9 32 16 2 4 31% 26708 4417 36%
c W  0.75  0 203 15 3223  2 36017 11073 2.0 33 17 2 4 32% 26708 4417 36%
c -  0.75  0 203 16 3223  2 36088 8492 2.0 33 17 2 4 32% 26708 4417 36%
c d  0.75  0 203 16 3223  2 36088 8461 2.0 33 17 2 4 32% 26708 4413 36%
c c  0.76  0 203 16 3223  2 36088 8461 2.0 33 17 2 4 32% 26678 4413 36%
c d  0.76  0 203 16 3223  2 36088 8435 2.0 33 17 2 4 32% 26670 4409 36%
c 2  0.76  0 203 16 3223  2 36088 8435 2.0 33 17 2 4 32% 26668 4409 36%
c =  0.76  0 203 16 3223  2 36088 8432 2.0 33 17 2 4 32% 26662 4404 36%
c u  0.77  0 203 16 3223  2 36088 7302 2.0 33 17 2 4 32% 26428 4404 36%
c v  0.77  0 203 16 3223  2 36088 7099 2.0 33 17 2 4 32% 26428 4404 36%
c w  0.77  0 203 16 3223  2 36088 7098 2.0 33 17 2 4 32% 26428 4404 36%
c 
c  seconds   reductions   conflicts       size   tier2      variables
c         MB      restarts     redundant     glue   trail        remaining
c           level       rate        size/glue  tier1  irredundant
c 
c -  0.84  0 194 17 3226  2 40839 7704 2.0 35 18 2 4 34% 26428 4404 36%
c c  0.85  0 194 17 3226  2 40839 7688 2.0 35 18 2 4 34% 26402 4402 36%
c d  0.85  0 194 17 3226  2 40839 7685 2.0 35 18 2 4 34% 26398 4400 36%
c k  0.85  0 194 17 3226  2 40839 7685 2.0 35 18 2 4 34% 26398 4399 36%
c 2  0.85  0 194 17 3226  2 40839 7685 2.0 35 18 2 4 34% 26396 4399 36%
c f  0.86  0 194 17 3226  2 40839 7680 2.0 35 18 2 4 34% 26384 4410 36%
c ]  0.92  0 189 17 3227  2 44345 10948 2.0 37 18 2 4 34% 26384 4410 36%
c {  0.92  0 100 17 3227 20 44345 10948 1.6 8 5 2 3 15% 26384 4410 36%
c F  0.93  0 99 17 3362 20 45018 11562 1.6 8 5 2 3 15% 26384 4410 36%
c -  0.94  0 97 18 3455 19 45891 8497 1.6 8 5 2 3 15% 26384 4410 36%
c c  0.95  0 97 18 3455 19 45891 8410 1.6 8 5 2 3 15% 26360 4404 36%
c d  0.95  0 97 18 3455 19 45891 8399 1.6 8 5 2 3 15% 26354 4401 36%
c 2  0.95  0 97 18 3455 19 45891 8399 1.6 8 5 2 3 15% 26350 4401 36%
c e  1.02  0 93 18 4340 19 50440 11873 1.6 9 5 2 3 15% 22607 4024 33%
c s  1.02  0 93 18 4340 19 50440 11860 1.6 9 5 2 3 15% 22565 4024 33%
c e  1.02  0 93 18 4340 19 50440 11797 1.6 9 5 2 3 15% 22522 4017 33%
c -  1.03  0 92 19 4445 19 51248 9602 1.6 9 5 2 3 15% 22522 4017 33%
c 2  1.03  0 92 19 4445 19 51248 9599 1.6 9 5 2 3 15% 22522 4017 33%
c p  1.04  0 92 19 4445 19 51248 9653 1.6 9 5 2 3 15% 22522 4015 33%
c c  1.04  0 92 19 4445 19 51248 9653 1.6 9 5 2 3 15% 22506 4015 33%
c 
c  seconds  reductions   conflicts       size tier2      variables
c         MB     restarts     redundant    glue  trail        remaining
c          level       rate        size/glu tier1  irredundant
c 
c d  1.04  0 92 19 4445 19 51248 9649 1.6 9 5 2 3 15% 22502 4013 33%
c 2  1.04  0 92 19 4445 19 51248 9649 1.6 9 5 2 3 15% 22500 4013 33%
c u  1.06  0 92 19 4445 19 51248 9268 1.6 9 5 2 3 15% 22403 4013 33%
c v  1.06  0 92 19 4445 19 51248 9159 1.6 9 5 2 3 15% 22403 4013 33%
c x  1.06  0 92 19 4445 19 51248 9157 1.6 9 5 2 3 15% 22400 4013 33%
c f  1.06  0 92 19 4445 19 51248 9144 1.6 9 5 2 3 15% 22359 4043 33%
c }  1.10  0 90 19 4854 18 53916 11512 1.7 9 5 2 3 15% 22359 4043 33%
c [  1.10  0 189 19 4854  2 53916 11512 2.0 37 18 2 4 34% 22359 4043 33%
c O  1.12  0 187 19 4854  2 55021 12559 2.0 37 19 2 4 34% 22359 4043 33%
c -  1.15  0 182 20 4854  2 56908 10484 2.0 37 19 2 4 33% 22359 4043 33%
c p  1.15  0 182 20 4854  2 56908 10571 2.0 37 19 2 4 33% 22359 4043 33%
c f  1.15  0 182 20 4854  2 56908 10569 2.0 37 19 2 4 33% 22360 4044 33%
c -  1.23  0 168 21 4856  2 62872 10845 2.0 36 18 2 4 32% 22360 4044 33%
c B  1.26  0 164 21 4858  2 66022 13732 2.0 35 18 2 4 31% 22360 4043 33%
c -  1.31  0 164 22 4860  2 69140 11374 2.0 36 18 2 4 32% 22360 4043 33%
c c  1.32  0 164 22 4860  2 69140 11368 2.0 36 18 2 4 32% 22346 4042 33%
c d  1.32  0 164 22 4860  2 69140 11363 2.0 36 18 2 4 32% 22342 4040 33%
c 2  1.32  0 164 22 4860  2 69140 11363 2.0 36 18 2 4 32% 22340 4040 33%
c =  1.33  0 164 22 4860  2 69140 11363 2.0 36 18 2 4 32% 22338 4038 33%
c u  1.33  0 164 22 4860  2 69140 10883 2.0 36 18 2 4 32% 22333 4038 33%
c 
c  seconds   reductions   conflicts        size   tier2      variables
c         MB      restarts      redundant     glue   trail        remaining
c           level       rate         size/glue  tier1  irredundant
c 
c v  1.33  0 164 22 4860  2 69140 10767 2.0 36 18 2 4 32% 22333 4038 33%
c w  1.33  0 164 22 4860  2 69140 10767 2.0 36 18 2 4 32% 22333 4038 33%
c 2  1.33  0 164 22 4860  2 69140 10765 2.0 36 18 2 4 32% 22333 4038 33%
c f  1.34  0 164 22 4860  2 69140 10765 2.0 36 18 2 4 32% 22331 4040 33%
c ]  1.37  0 164 22 4861  2 71562 13016 2.0 35 18 2 4 32% 22331 4040 33%
c {  1.37  0 90 22 4861 18 71562 13016 1.7 9 5 2 3 15% 22331 4040 33%
c e  1.44  0 88 22 5621 18 75312 16290 1.7 9 5 2 3 15% 22325 4032 33%
c s  1.44  0 88 22 5621 18 75312 16285 1.7 9 5 2 3 15% 22323 4032 33%
c -  1.45  0 87 23 5702 18 75714 12220 1.7 9 5 2 3 15% 22322 4032 33%
c 2  1.45  0 87 23 5702 18 75714 12219 1.7 9 5 2 3 15% 22322 4032 33%
c p  1.45  0 87 23 5702 18 75714 12216 1.7 9 5 2 3 15% 22322 4031 33%
c c  1.46  0 87 23 5702 18 75714 12216 1.7 9 5 2 3 15% 22312 4031 33%
c d  1.46  0 87 23 5702 18 75714 12214 1.7 9 5 2 3 15% 22310 4030 33%
c 2  1.46  0 87 23 5702 18 75714 12214 1.7 9 5 2 3 15% 22308 4030 33%
c B  1.50  0 87 23 6092 18 78025 14282 1.7 9 6 2 3 15% 22308 4030 33%
c }  1.57  0 85 23 6772 18 82274 18106 1.7 9 6 2 3 15% 22308 4030 33%
c [  1.57  0 164 23 6772  2 82274 18106 2.0 35 18 2 4 32% 22308 4030 33%
c -  1.58  0 164 24 6772  2 82593 14119 2.0 35 18 2 4 32% 22308 4030 33%
c p  1.58  0 164 24 6772  2 82593 14290 2.0 35 18 2 4 32% 22304 4025 33%
c c  1.58  0 164 24 6772  2 82593 14290 2.0 35 18 2 4 32% 22298 4025 33%
c 
c  seconds   reductions   conflicts        size   tier2      variables
c         MB      restarts      redundant     glue   trail        remaining
c           level       rate         size/glue  tier1  irredundant
c 
c u  1.60  0 164 24 6772  2 82593 13805 2.0 35 18 2 4 32% 22296 4024 33%
c v  1.60  0 164 24 6772  2 82593 13683 2.0 35 18 2 4 32% 22296 4024 33%
c w  1.60  0 164 24 6772  2 82593 13682 2.0 35 18 2 4 32% 22296 4024 33%
c f  1.61  0 164 24 6772  2 82593 13571 2.0 35 18 2 4 31% 22356 4065 33%
c -  1.72  0 164 25 6776  2 89777 14233 2.0 36 18 2 4 39% 22356 4065 33%
c p  1.72  0 164 25 6776  2 89777 14327 2.0 36 18 2 4 39% 22356 4065 33%
c t  1.73  0 164 25 6776  2 89777 14327 2.0 36 18 2 4 39% 22355 4065 33%
c f  1.73  0 164 25 6776  2 89777 14302 2.0 36 18 2 4 39% 22367 4078 33%
c W  1.77  0 164 25 6777  2 91026 15467 2.0 36 18 2 4 38% 22367 4078 33%
c -  1.92  0 163 26 6779  2 97268 14338 2.0 41 21 2 4 37% 22367 4078 33%
c p  1.92  0 163 26 6779  2 97268 14474 2.0 41 21 2 4 37% 22367 4078 33%
c ]  1.96  0 154 26 6780  2 101274 18087 2.0 40 20 2 4 31% 22367 4078 33%
c {  1.96  0 85 26 6780 18 101274 18087 1.7 9 6 2 3 16% 22367 4078 33%
c e  2.03  0 83 26 7368 17 104939 21331 1.7 10 6 2 3 16% 22362 4069 33%
c s  2.03  0 83 26 7368 17 104939 21328 1.7 10 6 2 3 16% 22360 4069 33%
c W  2.05  0 83 26 7389 17 105030 21411 1.7 10 6 2 3 16% 22360 4069 33%
c -  2.05  0 83 27 7390 17 105064 15571 1.7 10 6 2 3 16% 22360 4069 33%
c =  2.07  0 83 27 7390 17 105064 15565 1.7 10 6 2 3 16% 22337 4057 33%
c u  2.07  0 83 27 7390 17 105064 15012 1.7 10 6 2 3 16% 22337 4057 33%
c v  2.07  0 83 27 7390 17 105064 14904 1.7 10 6 2 3 16% 22337 4057 33%
c 
c  seconds  reductions   conflicts         size  tier2      variables
c         MB     restarts       redundant     glue  trail        remaining
c          level       rate          size/glue tier1  irredundant
c 
c x  2.08  0 83 27 7390 17 105064 14894 1.7 10 6 2 3 16% 22209 4057 33%
c t  2.08  0 83 27 7390 17 105064 14894 1.7 10 6 2 3 16% 22208 4057 33%
c f  2.08  0 83 27 7390 17 105064 14894 1.7 10 6 2 3 16% 22206 4059 33%
c -  2.22  0 81 28 8713 17 113168 16969 1.7 10 6 2 3 16% 22206 4059 33%
c p  2.22  0 81 28 8713 17 113168 17239 1.7 10 6 2 3 16% 22206 4059 33%
c f  2.22  0 81 28 8713 17 113168 17222 1.7 10 6 2 3 16% 22219 4063 33%
c }  2.25  0 81 28 8972 17 114410 18356 1.7 10 6 2 3 16% 22219 4063 33%
c [  2.25  0 154 28 8972  2 114410 18356 2.0 40 20 2 4 31% 22219 4063 33%
c I  2.32  0 151 28 8973  2 120036 23481 2.0 39 20 2 4 33% 22219 4063 33%
c -  2.35  0 150 29 8973  2 121583 18129 2.0 40 20 2 4 33% 22219 4063 33%
c p  2.35  0 150 29 8973  2 121583 18153 2.0 40 20 2 4 33% 22219 4063 33%
c u  2.36  0 150 29 8973  2 121583 17617 2.0 40 20 2 4 33% 22175 4063 33%
c v  2.37  0 150 29 8973  2 121583 17461 2.0 40 20 2 4 33% 22175 4063 33%
c w  2.37  0 150 29 8973  2 121583 17460 2.0 40 20 2 4 33% 22175 4063 33%
c -  2.59  0 149 30 8973  2 130305 17700 2.0 45 22 2 4 36% 22175 4063 33%
c ]  2.67  0 150 30 8973  2 133236 20486 2.1 47 23 2 4 37% 22175 4063 33%
c {  2.67  0 81 30 8973 17 133236 20486 1.7 10 6 2 3 16% 22175 4063 33%
c #  2.73  0 81 30 9571 17 136038 23052 1.7 10 6 2 3 17% 22175 4063 33%
c -  2.81  0 80 31 10159 17 139331 15680 1.7 10 6 1 2 17% 22175 4063 33%
c p  2.81  0 80 31 10159 17 139331 15910 1.7 10 6 1 2 17% 22175 4063 33%
c 
c  seconds  reductions    conflicts         size  tier2      variables
c         MB      restarts       redundant     glue  trail        remaining
c          level        rate          size/glue tier1  irredundant
c 
c u  2.81  0 80 31 10159 17 139331 15467 1.7 10 6 1 2 17% 22175 4063 33%
c v  2.82  0 80 31 10159 17 139331 15171 1.7 10 6 1 2 17% 22175 4063 33%
c x  2.82  0 80 31 10159 17 139331 15171 1.7 10 6 1 2 17% 22160 4063 33%
c f  2.82  0 80 31 10159 17 139331 15168 1.7 10 6 1 2 17% 22162 4064 33%
c e  2.83  0 80 31 10160 17 139354 15157 1.7 10 6 1 2 17% 22152 4058 33%
c ^  2.83  0 80 31 10160 17 139354 15157 1.7 10 6 1 2 17% 22152 4058 33%
c -  2.97  0 77 32 11263 16 148662 16014 1.7 11 6 1 2 16% 22152 4058 33%
c p  2.97  0 77 32 11263 16 148662 16016 1.7 11 6 1 2 16% 22152 4058 33%
c =  2.99  0 77 32 11263 16 148662 16013 1.7 11 6 1 2 16% 22135 4054 33%
c f  2.99  0 77 32 11263 16 148662 16013 1.7 11 6 1 2 16% 22131 4056 33%
c }  3.01  0 78 32 11384 16 149477 16760 1.7 11 6 1 2 17% 22131 4056 33%
c [  3.01  0 150 32 11384  2 149477 16760 2.1 47 23 2 4 37% 22131 4056 33%
c B  3.07  0 151 32 11385  2 153039 20175 2.1 48 23 2 4 39% 22131 4056 33%
c -  3.19  0 151 33 11389  2 158303 16518 2.1 49 24 2 4 39% 22131 4056 33%
c p  3.19  0 151 33 11389  2 158303 16624 2.1 49 24 2 4 39% 22131 4056 33%
c u  3.20  0 151 33 11389  2 158303 15875 2.1 49 24 2 4 39% 22026 4056 33%
c v  3.20  0 151 33 11389  2 158303 15830 2.1 49 24 2 4 39% 22026 4056 33%
c w  3.20  0 151 33 11389  2 158303 15829 2.1 49 24 2 4 39% 22026 4056 33%
c -  3.48  0 155 34 11394  2 168250 15267 2.1 55 26 2 4 42% 22026 4056 33%
c p  3.49  0 155 34 11394  2 168250 15304 2.1 55 26 2 4 42% 22026 4052 33%
c 
c  seconds   reductions    conflicts         size   tier2      variables
c         MB       restarts       redundant     glue   trail        remaining
c           level        rate          size/glue  tier1  irredundant
c 
c c  3.49  0 155 34 11394  2 168250 15304 2.1 55 26 2 4 42% 22004 4052 33%
c d  3.49  0 155 34 11394  2 168250 15289 2.1 55 26 2 4 42% 22000 4050 33%
c 2  3.49  0 155 34 11394  2 168250 15289 2.1 55 26 2 4 42% 21998 4050 33%
c =  3.51  0 155 34 11394  2 168250 15222 2.1 55 26 2 4 42% 21995 4035 33%
c ]  3.57  0 156 34 11395  2 170282 17169 2.1 56 27 2 4 42% 21995 4035 33%
c {  3.57  0 78 34 11395 16 170282 17169 1.7 11 6 1 2 17% 21995 4035 33%
c B  3.59  0 77 34 11524 16 171043 17864 1.7 11 6 1 2 17% 21995 4035 33%
c -  3.72  0 77 35 12627 16 178504 16419 1.7 11 6 1 2 17% 21995 4035 33%
c p  3.72  0 77 35 12627 16 178504 16511 1.7 11 6 1 2 17% 21995 4034 33%
c =  3.74  0 77 35 12627 16 178504 16507 1.7 11 6 1 2 17% 21992 4033 33%
c u  3.75  0 77 35 12627 16 178504 15973 1.7 11 6 1 2 17% 21992 4033 33%
c v  3.75  0 77 35 12627 16 178504 15802 1.7 11 6 1 2 17% 21992 4033 33%
c t  3.75  0 77 35 12627 16 178504 15799 1.7 11 6 1 2 17% 21992 4033 33%
c e  3.76  0 77 35 12627 16 178532 13660 1.7 11 6 1 2 17% 22179 3812 31%
c ^  3.76  0 77 35 12627 16 178532 13660 1.7 11 6 1 2 17% 22179 3812 31%
c -  3.91  0 76 36 13735 15 189066 15713 1.7 11 6 1 2 17% 22179 3812 31%
c 2  3.91  0 76 36 13735 15 189066 15712 1.7 11 6 1 2 17% 22179 3812 31%
c p  3.91  0 76 36 13735 15 189066 15858 1.7 11 6 1 2 17% 22179 3812 31%
c =  3.94  0 76 36 13735 15 189066 15831 1.7 11 6 1 2 17% 21953 3772 31%
c t  3.94  0 76 36 13735 15 189066 15825 1.7 11 6 1 2 17% 21950 3772 31%
c 
c  seconds  reductions    conflicts         size  tier2      variables
c         MB      restarts       redundant     glue  trail        remaining
c          level        rate          size/glue tier1  irredundant
c 
c W  4.00  0 76 36 13893 15 190044 16706 1.7 11 6 1 2 17% 21950 3772 31%
c }  4.05  0 76 36 14387 15 193367 19737 1.7 11 6 1 2 17% 21950 3772 31%
c [  4.05  0 156 36 14387  2 193367 19737 2.1 56 27 2 4 42% 21950 3772 31%
c -  4.19  0 157 37 14390  2 199937 17102 2.1 56 27 2 4 41% 21950 3772 31%
c p  4.19  0 157 37 14390  2 199937 17142 2.1 56 27 2 4 41% 21950 3772 31%
c u  4.21  0 157 37 14390  2 199937 16707 2.1 56 27 2 4 41% 21939 3772 31%
c v  4.21  0 157 37 14390  2 199937 16588 2.1 56 27 2 4 41% 21939 3772 31%
c w  4.21  0 157 37 14390  2 199937 16582 2.1 56 27 2 4 41% 21939 3772 31%
c x  4.21  0 157 37 14390  2 199937 16574 2.1 56 27 2 4 41% 21895 3772 31%
c f  4.22  0 157 37 14390  2 199937 16571 2.1 56 27 2 4 41% 21895 3773 31%
c W  4.37  0 151 37 14392  2 210046 25771 2.1 53 25 2 4 39% 21895 3773 31%
c -  4.38  0 150 38 14393  2 211118 17197 2.1 53 25 2 4 39% 21895 3773 31%
c p  4.38  0 150 38 14393  2 211118 17302 2.1 53 25 2 4 39% 21895 3773 31%
c -  4.63  0 151 39 14399  2 222606 17496 2.1 54 25 2 4 39% 21895 3773 31%
c p  4.63  0 151 39 14399  2 222606 17498 2.1 54 25 2 4 39% 21895 3773 31%
c u  4.65  0 151 39 14399  2 222606 17127 2.1 54 25 2 4 39% 21799 3773 31%
c v  4.65  0 151 39 14399  2 222606 17054 2.1 54 25 2 4 39% 21799 3773 31%
c t  4.66  0 151 39 14399  2 222606 17054 2.1 54 25 2 4 39% 21796 3773 31%
c e  4.71  0 152 39 14400  2 224265 16136 2.1 54 26 2 4 39% 20569 3433 28%
c ^  4.71  0 152 39 14400  2 224265 16136 2.1 54 26 2 4 39% 20569 3433 28%
c 
c  seconds   reductions    conflicts         size   tier2      variables
c         MB       restarts       redundant     glue   trail        remaining
c           level        rate          size/glue  tier1  irredundant
c 
c ]  4.75  0 153 39 14403  2 228803 19990 2.1 52 25 2 4 33% 20568 3433 28%
c {  4.75  0 76 39 14403 15 228803 19990 1.7 11 6 1 2 20% 20568 3433 28%
c F  4.78  0 76 39 14652 15 231048 22023 1.7 11 7 1 2 20% 20568 3433 28%
c -  4.83  0 76 40 15113 15 234401 16686 1.7 11 7 1 2 20% 20568 3433 28%
c 2  4.83  0 76 40 15113 15 234401 16685 1.7 11 7 1 2 20% 20568 3433 28%
c p  4.83  0 76 40 15113 15 234401 16758 1.7 11 7 1 2 20% 20568 3433 28%
c -  5.04  0 76 41 16748 15 246505 18582 1.7 12 7 1 2 19% 20568 3433 28%
c p  5.04  0 76 41 16748 15 246505 18622 1.7 12 7 1 2 19% 20568 3433 28%
c u  5.05  0 76 41 16748 15 246505 17846 1.7 12 7 1 2 19% 20568 3433 28%
c v  5.05  0 76 41 16748 15 246505 17500 1.7 12 7 1 2 19% 20568 3433 28%
c B  5.14  0 75 41 17327 14 253049 23368 1.8 12 7 1 2 19% 20568 3433 28%
c }  5.21  0 75 41 17903 14 257015 26949 1.7 12 7 1 2 19% 20568 3433 28%
c [  5.21  0 153 41 17903  2 257015 26949 2.1 52 25 2 4 33% 20568 3433 28%
c -  5.24  0 153 42 17904  2 258918 19428 2.1 52 25 2 4 36% 20568 3433 28%
c p  5.24  0 153 42 17904  2 258918 19471 2.1 52 25 2 4 36% 20568 3433 28%
c -  5.57  0 148 43 17906  2 271638 20562 2.3 54 23 1 2 41% 20568 3433 28%
c p  5.58  0 148 43 17906  2 271638 20576 2.3 54 23 1 2 41% 20568 3433 28%
c u  5.59  0 148 43 17906  2 271638 20069 2.3 54 23 1 2 41% 20571 3433 28%
c v  5.59  0 148 43 17906  2 271638 19831 2.3 54 23 1 2 41% 20571 3433 28%
c w  5.59  0 148 43 17906  2 271638 19830 2.3 54 23 1 2 41% 20571 3433 28%
c 
c  seconds   reductions    conflicts         size   tier2      variables
c         MB       restarts       redundant     glue   trail        remaining
c           level        rate          size/glue  tier1  irredundant
c 
c t  5.59  0 148 43 17906  2 271638 19828 2.3 54 23 1 2 41% 20568 3433 28%
c t  5.68  0 149 43 17907  1 275924 23948 2.3 55 24 1 2 43% 20568 3433 28%
c e  5.69  0 149 43 17907  1 275924 17329 2.3 55 24 1 2 43% 21374 3171 26%
c s  5.70  0 149 43 17907  1 275924 17217 2.3 55 24 1 2 43% 21283 3171 26%
c e  5.70  0 149 43 17907  1 275924 16678 2.3 55 24 1 2 43% 21321 3131 26%
c O  5.70  0 149 43 17907  2 276052 16789 2.3 55 24 1 2 43% 21321 3131 26%
c -  5.82  0 146 44 17907  1 284667 15346 2.3 53 23 1 2 40% 21321 3131 26%
c 2  5.82  0 146 44 17907  1 284667 15336 2.3 53 23 1 2 40% 21321 3131 26%
c p  5.82  0 146 44 17907  1 284667 15378 2.3 53 23 1 2 40% 21321 3131 26%
c t  5.82  0 146 44 17907  1 284667 15378 2.3 53 23 1 2 40% 21318 3131 26%
c f  5.83  0 146 44 17907  1 284667 15376 2.3 53 23 1 2 40% 21233 3148 26%
c -  6.00  0 145 45 17908  1 298005 16195 2.3 51 23 1 2 35% 21233 3148 26%
c p  6.00  0 145 45 17908  1 298005 16211 2.3 51 23 1 2 35% 21233 3148 26%
c u  6.00  0 145 45 17908  1 298005 15938 2.3 51 23 1 2 35% 21233 3148 26%
c v  6.00  0 145 45 17908  1 298005 15838 2.3 51 23 1 2 35% 21233 3148 26%
c w  6.00  0 145 45 17908  1 298005 15837 2.3 51 23 1 2 35% 21233 3148 26%
c x  6.01  0 145 45 17908  1 298005 15836 2.3 51 23 1 2 35% 21189 3148 26%
c f  6.01  0 145 45 17908  1 298005 15836 2.3 51 23 1 2 35% 21164 3153 26%
c ]  6.03  0 145 45 17908  1 299707 17442 2.3 51 22 1 2 35% 21164 3153 26%
c {  6.03  0 75 45 17908 14 299707 17442 1.7 12 7 1 2 19% 21164 3153 26%
c 
c  seconds  reductions    conflicts         size  tier2      variables
c         MB      restarts       redundant     glue  trail        remaining
c          level        rate          size/glue tier1  irredundant
c 
c W  6.07  0 75 45 17949 14 300053 17766 1.7 12 7 1 2 19% 21164 3153 26%
c -  6.26  0 75 46 19392 14 311652 18052 1.8 12 7 1 2 19% 21164 3153 26%
c p  6.27  0 75 46 19392 14 311652 18106 1.8 12 7 1 2 19% 21164 3153 26%
c u  6.29  0 75 46 19392 14 311652 17863 1.8 12 7 1 2 19% 21164 3153 26%
c v  6.29  0 75 46 19392 14 311652 17702 1.8 12 7 1 2 19% 21164 3153 26%
c #  6.55  0 75 46 21149 14 325056 29887 1.8 12 7 1 2 18% 21164 3153 26%
c -  6.57  0 75 47 21275 14 325609 19949 1.8 12 7 1 2 18% 21164 3153 26%
c p  6.57  0 75 47 21275 14 325609 19992 1.8 12 7 1 2 18% 21164 3153 26%
c u  6.58  0 75 47 21275 14 325609 19530 1.8 12 7 1 2 18% 21164 3153 26%
c v  6.58  0 75 47 21275 14 325609 19314 1.8 12 7 1 2 18% 21164 3153 26%
c }  6.67  0 75 47 22009 14 330848 24060 1.8 12 7 1 2 18% 21164 3153 26%
c [  6.67  0 145 47 22009  1 330848 24060 2.3 51 22 1 2 35% 21164 3153 26%
c e  6.80  0 145 47 22009  1 336812 27259 2.3 52 23 1 2 37% 21168 3150 26%
c s  6.80  0 145 47 22009  1 336812 27257 2.3 52 23 1 2 37% 21167 3150 26%
c -  6.83  0 141 48 22009  1 339879 20107 2.3 50 22 1 2 35% 21166 3150 26%
c 2  6.83  0 141 48 22009  1 339879 20106 2.3 50 22 1 2 35% 21166 3150 26%
c p  6.83  0 141 48 22009  1 339879 20144 2.3 50 22 1 2 35% 21166 3150 26%
c t  6.83  0 141 48 22009  1 339879 20144 2.3 50 22 1 2 35% 21166 3150 26%
c B  7.08  0 140 48 22009  1 351058 30741 2.3 51 22 1 2 35% 21166 3150 26%
c -  7.13  0 140 49 22010  1 354453 20892 2.3 51 22 1 2 34% 21166 3150 26%
c 
c  seconds   reductions    conflicts         size   tier2      variables
c         MB       restarts       redundant     glue   trail        remaining
c           level        rate          size/glue  tier1  irredundant
c 
c p  7.13  0 140 49 22010  1 354453 20928 2.3 51 22 1 2 34% 21166 3150 26%
c u  7.14  0 140 49 22010  1 354453 20251 2.3 51 22 1 2 34% 21166 3150 26%
c v  7.14  0 140 49 22010  1 354453 19940 2.3 51 22 1 2 34% 21166 3150 26%
c w  7.14  0 140 49 22010  1 354453 19939 2.3 51 22 1 2 34% 21166 3150 26%
c -  7.51  0 144 50 22019  1 369337 20241 2.2 54 24 1 2 37% 21166 3150 26%
c p  7.51  0 144 50 22019  1 369337 20270 2.2 54 24 1 2 37% 21166 3150 26%
c u  7.51  0 144 50 22019  1 369337 20097 2.2 54 24 1 2 37% 21166 3150 26%
c v  7.51  0 144 50 22019  1 369337 20088 2.2 54 24 1 2 37% 21166 3150 26%
c w  7.51  0 144 50 22019  1 369337 20086 2.2 54 24 1 2 37% 21166 3150 26%
c ]  7.61  0 145 50 22021  1 372774 23312 2.2 55 25 1 2 38% 21166 3150 26%
c {  7.61  0 75 50 22021 14 372774 23312 1.8 12 7 1 2 18% 21166 3150 26%
c B  7.69  0 75 50 22649 14 378060 28068 1.8 12 7 1 2 18% 21166 3150 26%
c -  7.83  0 75 51 23668 14 384531 22176 1.8 12 7 1 2 18% 21166 3150 26%
c p  7.83  0 75 51 23668 14 384531 22206 1.8 12 7 1 2 18% 21166 3150 26%
c u  7.84  0 75 51 23668 14 384531 22045 1.8 12 7 1 2 18% 21166 3150 26%
c v  7.84  0 75 51 23668 14 384531 21888 1.8 12 7 1 2 18% 21166 3150 26%
c w  7.84  0 75 51 23668 14 384531 21888 1.8 12 7 1 2 18% 21166 3150 26%
c x  7.84  0 75 51 23668 14 384531 21888 1.8 12 7 1 2 18% 21153 3150 26%
c -  8.12  0 74 52 25442 13 400033 23962 1.8 13 7 1 2 18% 21153 3150 26%
c p  8.12  0 74 52 25442 13 400033 23994 1.8 13 7 1 2 18% 21153 3150 26%
c 
c  seconds  reductions    conflicts         size  tier2      variables
c         MB      restarts       redundant     glue  trail        remaining
c          level        rate          size/glue tier1  irredundant
c 
c u  8.13  0 74 52 25442 13 400033 23680 1.8 13 7 1 2 18% 21153 3150 26%
c v  8.13  0 74 52 25442 13 400033 23437 1.8 13 7 1 2 18% 21153 3150 26%
c ^  8.19  0 74 52 25801 13 402772 25942 1.8 13 7 1 2 18% 21153 3150 26%
c W  8.31  0 74 52 26295 13 406061 28889 1.8 13 7 1 2 18% 21153 3150 26%
c }  8.32  0 74 52 26350 13 406297 29109 1.8 13 7 1 2 18% 21153 3150 26%
c [  8.32  0 145 52 26350  1 406297 29109 2.2 55 25 1 2 38% 21153 3150 26%
c -  8.54  0 146 53 26353  1 415845 24783 2.2 56 25 1 2 38% 21153 3150 26%
c p  8.55  0 146 53 26353  1 415845 24809 2.2 56 25 1 2 38% 21153 3150 26%
c u  8.55  0 146 53 26353  1 415845 24604 2.2 56 25 1 2 38% 21153 3150 26%
c v  8.55  0 146 53 26353  1 415845 24404 2.2 56 25 1 2 38% 21153 3150 26%
c w  8.55  0 146 53 26353  1 415845 24401 2.2 56 25 1 2 38% 21153 3150 26%
c -  8.85  0 145 54 26360  1 431966 24724 2.2 54 25 1 2 39% 21153 3150 26%
c p  8.85  0 145 54 26360  1 431966 24746 2.2 54 25 1 2 39% 21153 3150 26%
c t  8.86  0 145 54 26360  1 431966 24746 2.2 54 25 1 2 39% 21153 3150 26%
c W  8.93  0 146 54 26362  1 435062 27717 2.2 54 24 1 2 39% 21153 3150 26%
c -  9.18  0 146 55 26368  1 448397 24541 2.2 54 24 1 2 39% 21153 3150 26%
c p  9.18  0 146 55 26368  1 448397 24543 2.2 54 24 1 2 39% 21153 3150 26%
c u  9.19  0 146 55 26368  1 448397 24077 2.2 54 24 1 2 39% 21153 3150 26%
c v  9.19  0 146 55 26368  1 448397 24065 2.2 54 24 1 2 39% 21153 3150 26%
c w  9.19  0 146 55 26368  1 448397 24063 2.2 54 24 1 2 39% 21153 3150 26%
c 
c  seconds   reductions    conflicts         size   tier2      variables
c         MB       restarts       redundant     glue   trail        remaining
c           level        rate          size/glue  tier1  irredundant
c 
c ]  9.39  0 146 55 26369  1 458257 33435 2.2 56 25 1 2 39% 21153 3150 26%
c {  9.39  0 74 55 26369 13 458257 33435 1.8 13 7 1 2 18% 21153 3150 26%
c F  9.55  0 74 55 27494 14 465063 39650 1.8 13 7 1 2 18% 21153 3150 26%
c -  9.55  0 74 56 27503 14 465137 25081 1.8 13 7 1 2 18% 21153 3150 26%
c p  9.56  0 74 56 27503 14 465137 25102 1.8 13 7 1 2 18% 21153 3150 26%
c u  9.56  0 74 56 27503 14 465137 24867 1.8 13 7 1 2 18% 21153 3150 26%
c v  9.56  0 74 56 27503 14 465137 24668 1.8 13 7 1 2 18% 21153 3150 26%
c w  9.56  0 74 56 27503 14 465137 24667 1.8 13 7 1 2 18% 21153 3150 26%
c e  9.77  0 75 56 28849 14 474207 25073 1.8 13 7 1 2 18% 23101 2865 23%
c s  9.77  0 75 56 28849 14 474207 24706 1.8 13 7 1 2 18% 22698 2865 23%
c e  9.78  0 75 56 28849 14 474207 24437 1.8 13 7 1 2 18% 22722 2854 23%
c -  9.93  0 75 57 29915 14 482189 21443 1.8 13 7 1 2 19% 22722 2854 23%
c 2  9.93  0 75 57 29915 14 482189 21437 1.8 13 7 1 2 19% 22722 2854 23%
c p  9.93  0 75 57 29915 14 482189 21457 1.8 13 7 1 2 19% 22722 2854 23%
c u  9.96  0 75 57 29915 14 482189 21185 1.8 13 7 1 2 19% 22722 2854 23%
c v  9.97  0 75 57 29915 14 482189 20861 1.8 13 7 1 2 19% 22722 2854 23%
c w  9.97  0 75 57 29915 14 482189 20861 1.8 13 7 1 2 19% 22722 2854 23%
c t  9.97  0 75 57 29915 14 482189 20861 1.8 13 7 1 2 19% 22721 2854 23%
c f  9.98  0 75 57 29915 14 482189 20861 1.8 13 7 1 2 19% 22685 2858 23%
c } 10.18  0 76 57 31378 13 494285 31863 1.8 13 7 1 2 18% 22685 2858 23%
c 
c  seconds   reductions    conflicts         size   tier2      variables
c         MB       restarts       redundant     glue   trail        remaining
c           level        rate          size/glue  tier1  irredundant
c 
c [ 10.18  0 146 57 31378  1 494285 31863 2.2 56 25 1 2 47% 22685 2858 23%
c I 10.20  0 145 57 31378  1 496064 33545 2.2 55 25 1 2 47% 22685 2858 23%
c - 10.25  0 144 58 31378  1 499549 23629 2.2 55 25 1 2 47% 22685 2858 23%
c p 10.25  0 144 58 31378  1 499549 23648 2.2 55 25 1 2 47% 22685 2858 23%
c u 10.26  0 144 58 31378  1 499549 23440 2.2 55 25 1 2 47% 22685 2858 23%
c v 10.26  0 144 58 31378  1 499549 23387 2.2 55 25 1 2 47% 22685 2858 23%
c w 10.26  0 144 58 31378  1 499549 23387 2.2 55 25 1 2 47% 22685 2858 23%
c x 10.26  0 144 58 31378  1 499549 23387 2.2 55 25 1 2 47% 22669 2858 23%
c - 10.56  0 144 59 31385  1 517218 24468 2.2 54 25 1 2 46% 22669 2858 23%
c p 10.56  0 144 59 31385  1 517218 24482 2.2 54 25 1 2 46% 22669 2858 23%
c B 10.62  0 137 59 31391  1 528065 33464 2.2 50 23 1 2 42% 22669 2858 23%
c - 10.68  0 135 60 31393  1 535197 24402 2.2 48 22 1 2 40% 22669 2858 23%
c u 10.68  0 135 60 31393  1 535197 24215 2.2 48 22 1 2 40% 22669 2858 23%
c v 10.68  0 135 60 31393  1 535197 24210 2.2 48 22 1 2 40% 22669 2858 23%
c w 10.68  0 135 60 31393  1 535197 24209 2.2 48 22 1 2 40% 22669 2858 23%
c - 10.84  0 136 61 31400  1 553487 24489 2.1 44 21 1 2 38% 22669 2858 23%
c e 10.89  0 136 61 31402  1 558013 28553 2.1 43 20 1 2 38% 22676 2857 23%
c s 10.89  0 136 61 31402  1 558013 28553 2.1 43 20 1 2 38% 22676 2857 23%
c W 10.97  0 136 61 31404  1 561067 31300 2.1 42 20 1 2 37% 22676 2857 23%
c - 11.07  0 135 62 31408  1 572087 24810 2.1 41 20 1 2 36% 22676 2857 23%
c 
c  seconds   reductions    conflicts         size   tier2      variables
c         MB       restarts       redundant     glue   trail        remaining
c           level        rate          size/glue  tier1  irredundant
c 
c 2 11.07  0 135 62 31408  1 572087 24809 2.1 41 20 1 2 36% 22676 2857 23%
c p 11.07  0 135 62 31408  1 572087 24826 2.1 41 20 1 2 36% 22676 2857 23%
c - 11.26  0 133 63 31409  1 590996 25464 2.0 38 19 1 2 33% 22676 2857 23%
c u 11.27  0 133 63 31409  1 590996 25152 2.0 38 19 1 2 33% 22676 2857 23%
c v 11.27  0 133 63 31409  1 590996 25149 2.0 38 19 1 2 33% 22676 2857 23%
c w 11.27  0 133 63 31409  1 590996 25149 2.0 38 19 1 2 33% 22676 2857 23%
c O 11.31  0 134 63 31410  1 595068 28885 2.0 38 19 1 2 32% 22676 2857 23%
c ] 11.46  0 136 63 31410  1 608901 41358 2.0 37 18 1 2 34% 22676 2857 23%
c { 11.46  0 76 63 31410 13 608901 41358 1.8 13 7 1 2 18% 22676 2857 23%
c - 11.48  0 76 64 31552 13 610215 26443 1.8 13 7 1 2 19% 22676 2857 23%
c p 11.48  0 76 64 31552 13 610215 26460 1.8 13 7 1 2 19% 22676 2857 23%
c - 11.91  0 76 65 34331 14 629746 29323 1.8 13 8 1 2 19% 22676 2857 23%
c p 11.91  0 76 65 34331 14 629746 29337 1.8 13 8 1 2 19% 22676 2857 23%
c u 11.92  0 76 65 34331 14 629746 28754 1.8 13 8 1 2 19% 22676 2857 23%
c v 11.93  0 76 65 34331 14 629746 28283 1.8 13 8 1 2 19% 22676 2857 23%
c w 11.93  0 76 65 34331 14 629746 28283 1.8 13 8 1 2 19% 22676 2857 23%
c B 11.94  0 76 65 34384 14 630070 28587 1.8 13 8 1 2 19% 22676 2857 23%
c ^ 12.29  0 75 65 36766 13 647672 44504 1.8 14 8 1 2 18% 22676 2857 23%
c } 12.31  0 75 65 36882 14 648187 44980 1.8 14 8 1 2 18% 22676 2857 23%
c [ 12.31  0 136 65 36882  1 648187 44980 2.0 37 18 1 2 34% 22676 2857 23%
c 
c  seconds   reductions    conflicts         size   tier2      variables
c         MB       restarts       redundant     glue   trail        remaining
c           level        rate          size/glue  tier1  irredundant
c 
c - 12.36  0 136 66 36882  1 649587 30118 2.0 37 19 1 2 34% 22676 2857 23%
c p 12.36  0 136 66 36882  1 649587 30131 2.0 37 19 1 2 34% 22676 2857 23%
c u 12.37  0 136 66 36882  1 649587 29754 2.0 37 19 1 2 34% 22676 2857 23%
c v 12.37  0 136 66 36882  1 649587 29400 2.0 37 19 1 2 34% 22676 2857 23%
c w 12.37  0 136 66 36882  1 649587 29399 2.0 37 19 1 2 34% 22676 2857 23%
c B 12.71  0 138 66 36882  1 666072 44948 2.0 40 20 1 2 34% 22676 2857 23%
c - 12.76  0 137 67 36883  1 669736 30843 2.0 40 20 1 2 34% 22676 2857 23%
c p 12.77  0 137 67 36883  1 669736 30852 2.0 40 20 1 2 34% 22676 2857 23%
c u 12.77  0 137 67 36883  1 669736 30744 2.0 40 20 1 2 34% 22676 2857 23%
c v 12.77  0 137 67 36883  1 669736 30670 2.0 40 20 1 2 34% 22676 2857 23%
c w 12.77  0 137 67 36883  1 669736 30668 2.0 40 20 1 2 34% 22676 2857 23%
c - 13.53  0 136 68 36883  1 690195 30602 2.3 51 22 1 2 39% 22676 2857 23%
c p 13.54  0 136 68 36883  1 690195 30610 2.3 51 22 1 2 39% 22676 2857 23%
c u 13.55  0 136 68 36883  1 690195 30354 2.3 51 22 1 2 39% 22676 2857 23%
c v 13.55  0 136 68 36883  1 690195 30331 2.3 51 22 1 2 39% 22676 2857 23%
c w 13.55  0 136 68 36883  1 690195 30329 2.3 51 22 1 2 39% 22676 2857 23%
c ] 13.71  0 138 68 36883  1 696943 36835 2.2 52 23 1 2 39% 22676 2857 23%
c { 13.71  0 75 68 36883 14 696943 36835 1.8 14 8 1 2 18% 22676 2857 23%
c W 13.92  0 76 68 37910 14 703074 42519 1.8 14 8 1 2 18% 22676 2857 23%
c - 14.13  0 76 69 39233 14 710966 32064 1.8 14 8 1 2 18% 22676 2857 23%
c 
c  seconds  reductions    conflicts         size  tier2      variables
c         MB      restarts       redundant     glue  trail        remaining
c          level        rate          size/glue tier1  irredundant
c 
c p 14.14  0 76 69 39233 14 710966 32072 1.8 14 8 1 2 18% 22676 2857 23%
c u 14.15  0 76 69 39233 14 710966 31905 1.8 14 8 1 2 18% 22676 2857 23%
c v 14.15  0 76 69 39233 14 710966 31659 1.8 14 8 1 2 18% 22676 2857 23%
c x 14.16  0 76 69 39233 14 710966 31659 1.8 14 8 1 2 18% 22659 2857 23%
c - 14.63  0 76 70 42055 14 732045 33448 1.8 14 8 1 2 18% 22659 2857 23%
c p 14.64  0 76 70 42055 14 732045 33456 1.8 14 8 1 2 18% 22659 2857 23%
c u 14.65  0 76 70 42055 14 732045 33203 1.8 14 8 1 2 18% 22659 2857 23%
c v 14.65  0 76 70 42055 14 732045 32893 1.8 14 8 1 2 18% 22659 2857 23%
c } 14.71  0 76 70 42487 14 734713 35350 1.8 14 8 1 2 18% 22659 2857 23%
c [ 14.71  0 138 70 42487  1 734713 35350 2.2 52 23 1 2 39% 22659 2857 23%
c W 14.94  0 137 70 42487  1 741075 41379 2.3 54 24 1 2 40% 22659 2857 23%
c e 15.03  0 138 70 42487  1 743307 20823 2.3 55 24 1 2 40% 27459 2477 20%
c - 15.21  0 140 71 42487  1 753434 19955 2.2 55 25 1 2 50% 27459 2477 20%
c 2 15.21  0 140 71 42487  1 753434 19953 2.2 55 25 1 2 50% 27459 2477 20%
c p 15.21  0 140 71 42487  1 753434 19965 2.2 55 25 1 2 50% 27459 2477 20%
c u 15.22  0 140 71 42487  1 753434 19585 2.2 55 25 1 2 50% 27458 2477 20%
c v 15.22  0 140 71 42487  1 753434 19379 2.2 55 25 1 2 50% 27458 2477 20%
c w 15.22  0 140 71 42487  1 753434 19377 2.2 55 25 1 2 50% 27458 2477 20%
c - 15.68  0 139 72 42489  1 775136 21715 2.2 57 26 1 2 49% 27458 2477 20%
c p 15.69  0 139 72 42489  1 775136 21725 2.2 57 26 1 2 49% 27458 2477 20%
c 
c  seconds   reductions    conflicts         size   tier2      variables
c         MB       restarts       redundant     glue   trail        remaining
c           level        rate          size/glue  tier1  irredundant
c 
c u 15.72  0 139 72 42489  1 775136 21304 2.2 57 26 1 2 49% 27458 2477 20%
c v 15.72  0 139 72 42489  1 775136 21160 2.2 57 26 1 2 49% 27458 2477 20%
c w 15.72  0 139 72 42489  1 775136 21158 2.2 57 26 1 2 49% 27458 2477 20%
c I 15.85  0 140 72 42493  1 780076 25847 2.2 58 27 1 2 49% 27458 2477 20%
c - 16.10  0 143 73 42501  1 797147 22568 2.1 57 27 1 2 46% 27457 2477 20%
c p 16.11  0 143 73 42501  1 797147 22579 2.1 57 27 1 2 46% 27457 2477 20%
c u 16.11  0 143 73 42501  1 797147 22145 2.1 57 27 1 2 46% 27457 2477 20%
c v 16.11  0 143 73 42501  1 797147 22006 2.1 57 27 1 2 46% 27457 2477 20%
c w 16.12  0 143 73 42501  1 797147 22004 2.1 57 27 1 2 46% 27457 2477 20%
c ] 16.44  0 145 73 42509  1 816314 40004 2.1 58 28 1 2 44% 27457 2477 20%
c { 16.44  0 76 73 42509 14 816314 40004 1.8 14 8 1 2 21% 27457 2477 20%
c - 16.49  0 76 74 42729 14 819467 23300 1.8 14 8 1 2 21% 27457 2477 20%
c p 16.49  0 76 74 42729 14 819467 23309 1.8 14 8 1 2 21% 27457 2477 20%
c u 16.50  0 76 74 42729 14 819467 23186 1.8 14 8 1 2 21% 27457 2477 20%
c v 16.50  0 76 74 42729 14 819467 23048 1.8 14 8 1 2 21% 27457 2477 20%
c w 16.50  0 76 74 42729 14 819467 23048 1.8 14 8 1 2 21% 27457 2477 20%
c # 16.51  0 76 74 42778 14 820077 23595 1.8 14 8 1 2 21% 27457 2477 20%
c - 16.91  0 76 75 45146 13 842100 25881 1.8 14 8 1 2 20% 27455 2477 20%
c p 16.91  0 76 75 45146 13 842100 25887 1.8 14 8 1 2 20% 27455 2477 20%
c u 16.92  0 76 75 45146 13 842100 25421 1.8 14 8 1 2 20% 27455 2477 20%
c 
c  seconds  reductions    conflicts         size  tier2      variables
c         MB      restarts       redundant     glue  trail        remaining
c          level        rate          size/glue tier1  irredundant
c 
c v 16.93  0 76 75 45146 13 842100 25080 1.8 14 8 1 2 20% 27455 2477 20%
c B 17.29  0 75 75 47384 13 861080 42029 1.8 14 8 1 2 19% 27455 2477 20%
c s 17.30  0 75 75 47411 13 861309 42196 1.8 14 8 1 2 19% 27402 2477 20%
c e 17.31  0 75 75 47411 13 861309 42189 1.8 14 8 1 2 19% 27415 2476 20%
c - 17.42  0 75 76 47965 13 865042 27760 1.8 14 8 1 2 19% 27415 2476 20%
c p 17.43  0 75 76 47965 13 865042 27765 1.8 14 8 1 2 19% 27415 2476 20%
c u 17.44  0 75 76 47965 13 865042 27362 1.8 14 8 1 2 19% 27415 2476 20%
c v 17.44  0 75 76 47965 13 865042 26980 1.8 14 8 1 2 19% 27415 2476 20%
c } 17.55  0 75 76 48589 13 871781 32917 1.8 14 8 1 2 19% 27415 2476 20%
c [ 17.55  0 145 76 48589  1 871781 32917 2.1 58 28 1 2 44% 27415 2476 20%
c - 17.80  0 144 77 48597  1 888295 29504 2.1 55 27 1 2 42% 27415 2476 20%
c p 17.80  0 144 77 48597  1 888295 29508 2.1 55 27 1 2 42% 27415 2476 20%
c u 17.81  0 144 77 48597  1 888295 29377 2.1 55 27 1 2 42% 27415 2476 20%
c v 17.81  0 144 77 48597  1 888295 29288 2.1 55 27 1 2 42% 27415 2476 20%
c w 17.81  0 144 77 48597  1 888295 29285 2.1 55 27 1 2 42% 27415 2476 20%
c x 17.81  0 144 77 48597  1 888295 29285 2.1 55 27 1 2 42% 27340 2476 20%
c B 18.08  0 144 77 48598  1 903081 42984 2.1 55 26 1 2 44% 27339 2476 20%
c - 18.29  0 145 78 48598  1 911857 29930 2.1 56 27 1 2 44% 27339 2476 20%
c p 18.29  0 145 78 48598  1 911857 29934 2.1 56 27 1 2 44% 27339 2476 20%
c u 18.30  0 145 78 48598  1 911857 29683 2.1 56 27 1 2 44% 27338 2476 20%
c 
c  seconds   reductions    conflicts         size   tier2      variables
c         MB       restarts       redundant     glue   trail        remaining
c           level        rate          size/glue  tier1  irredundant
c 
c v 18.30  0 145 78 48598  1 911857 29547 2.1 56 27 1 2 44% 27338 2476 20%
c w 18.30  0 145 78 48598  1 911857 29547 2.1 56 27 1 2 44% 27338 2476 20%
c - 18.64  0 144 79 48612  1 935729 29281 2.0 53 26 1 2 42% 27337 2476 20%
c p 18.64  0 144 79 48612  1 935729 29285 2.0 53 26 1 2 42% 27337 2476 20%
c W 18.87  0 144 79 48613  1 946082 38740 2.0 52 26 1 2 41% 27337 2476 20%
c - 19.00  0 143 80 48620  1 959913 29874 2.0 49 24 1 2 39% 27337 2476 20%
c p 19.00  0 143 80 48620  1 959913 29875 2.0 49 24 1 2 39% 27337 2476 20%
c u 19.01  0 143 80 48620  1 959913 29670 2.0 49 24 1 2 39% 27337 2476 20%
c v 19.01  0 143 80 48620  1 959913 29656 2.0 49 24 1 2 39% 27337 2476 20%
c w 19.01  0 143 80 48620  1 959913 29655 2.0 49 24 1 2 39% 27337 2476 20%
c - 19.22  0 140 81 48629  1 984407 29343 2.0 43 22 1 2 35% 27337 2476 20%
c p 19.22  0 140 81 48629  1 984407 29347 2.0 43 22 1 2 35% 27337 2476 20%
c s 19.25  0 139 81 48629  1 986190 30854 2.0 43 22 1 2 34% 27335 2476 20%
c O 19.30  0 140 81 48629  1 990084 34455 2.0 42 22 1 2 34% 27335 2476 20%
c ] 19.43  0 139 81 48630  1 1000002 43744 1.9 42 22 1 2 34% 27335 2476 20%
c ? 19.43  0 139 81 48630  1 1000002 43744 1.9 42 22 1 2 34% 27335 2476 20%
c 
c --- [ result ] -------------------------------------------------------------
c 
c UNKNOWN
c 
c --- [ run-time profiling ] -------------------------------------------------
c 
c process time taken by individual solving procedures
c (percentage relative to process time for solving)
c 
c        17.85   91.93% search
c        10.92   56.25% stable
c         6.49   33.44% unstable
c         1.56    8.06% simplify
c         0.43    2.22% walk
c         0.40    2.05% vivify
c         0.32    1.66% sweep
c         0.24    1.24% factor
c         0.19    0.99% congruence
c         0.14    0.71% elim
c         0.06    0.33% subsume
c         0.05    0.24% preprocess
c         0.03    0.18% probe
c         0.03    0.18% ternary
c         0.01    0.07% backbone
c         0.01    0.05% fastelim
c         0.01    0.04% parse
c         0.00    0.01% lucky
c   =================================
c        19.42   99.96% solve
c 
c last line shows process time for solving
c (percentage relative to total process time)
c 
c --- [ statistics ] ---------------------------------------------------------
c 
c chronological:            277984        27.80 %  of conflicts
c conflicts:               1000002     51493.53    per second
c backbone:                1090666      8440.38 %  of vars
c decisions:               5592930    287999.11    per second
c eliminated:                 7466        57.78 %  of all variables
c factored:                    670        27.04 %  of variables
c fixed:                       947         7.33 %  of all variables
c learned:                  954853        95.49 %  per conflict
c learned_lits:           39500087       100.00 %  learned literals
c minimized:                     0         0.00 %  learned literals
c shrunken:                1449106         3.67 %  learned literals
c minishrunken:            3314039         8.39 %  learned literals
c otfs:                      29731         2.97 %  of conflict
c propagations:           97281401         5.01 M  per second
c reduced:                  798932        79.89 %  per conflict
c rephased:                     44     22727.32    interval
c restarts:                  48630        20.56    interval
c stabilizing:                  17        63.59 %  of conflicts
c substituted:                2033        15.73 %  of all variables
c sweep equivs:                499        12.00 %  of swept variables
c subsumed:                  53383         4.95 %  of all clauses
c strengthened:              41057         3.81 %  of all clauses
c ticks:                1321779739        13.87    propagation
c vivified:                  12119         1.12 %  of all clauses
c walked:                       13     76923.23    interval
c weakened:                  46321         2.97    average size
c congruence:                   31     32258.13    interval
c 
c seconds are measured in process time for solving
c 
c --- [ glue usage ] ---------------------------------------------------------
c 
c focused glue 1 used 1438376 clauses 69.41% accumulated 69.41% tier1
c focused glue 2 used 318168 clauses 15.35% accumulated 84.77% tier2
c 
c stable glue 1 used 2944439 clauses 51.12% accumulated 51.12% tier1
c stable glue 2 used 809835 clauses 14.06% accumulated 65.18% tier2
c 
c 
c --- [ resources ] ----------------------------------------------------------
c 
c total process time since initialization:        19.43    seconds
c total real time since initialization:           19.50    seconds
c maximum resident set size of process:        84320.00    MB
c 
c --- [ shutting down ] ------------------------------------------------------
c 
c exit 0
