c --- [ banner ] -------------------------------------------------------------
c 
c CaDiCaL SAT Solver
c Copyright (c) 2016-2025
c A. Biere, M. Fleury, N. Froleyks, K. Fazekas, F. Pollitt, T. Faller
c JKU Linz, University of Freiburg, TU Wien
c 
c Version 3.0.0
c Apple clang version 17.0.0 (clang-1700.6.3.2) -Wall -Wextra -O3 -DNDEBUG -DNCLOSEFROM
c Tue Dec 23 21:53:38 UTC 2025 Darwin Tahoe-arm64.local 25.2.0 arm64
c 
c --- [ limit ] --------------------------------------------------------------
c 
c setting conflict limit to 1000000 conflicts (due to '1000000')
c 
c --- [ parsing input ] ------------------------------------------------------
c 
c reading DIMACS file from '/tmp/sr59_cnfs/aux_force_sr59_n32_bit31_m17149975_fillffffffff.cnf'
c opening file to read '/tmp/sr59_cnfs/aux_force_sr59_n32_bit31_m17149975_fillffffffff.cnf'
c found 'p cnf 12336 51511' header
c parsed 51511 clauses in 0.01 seconds process time
c 
c --- [ options ] ------------------------------------------------------------
c 
c   --seed=23                      (different from default '0')
c 
c --- [ solving ] ------------------------------------------------------------
c 
c time measured in process time since initialization
c 
c  seconds  reduction conflicts       size tier2       variables
c         MB    restarts   redundant    glue  trail         remaining
c          level     rate       size/glu tier1  irredundant
c 
c *  0.01  0  0 0   0  0    0    0 0.0 0 0 2 6  0% 50998 11855 96%
c (  0.01  0  0 0   0  0    0    0 0.0 0 0 2 6  0% 50998 11855 96%
c .  0.01  0  0 0   0  0    0    0 0.0 0 0 2 6  0% 49974 11855 96%
c c  0.03  0  0 0   0  0    0    0 0.0 0 0 2 6  0% 47282 11393 92%
c d  0.03  0  0 0   0  0    0    0 0.0 0 0 2 6  0% 43238 10059 82%
c 2  0.03  0  0 0   0  0    0    0 0.0 0 0 2 6  0% 43094 10059 82%
c f  0.04  0  0 0   0  0    0    0 0.0 0 0 2 6  0% 42828 10325 84%
c e  0.05  0  0 0   0  0    0    0 0.0 0 0 2 6  0% 28841 5304 43%
c P  0.06  0  0 0   0  0    0    0 0.0 0 0 2 6  0% 28841 5304 43%
c )  0.06  0  0 0   0  0    0    0 0.0 0 0 2 6  0% 28841 5304 43%
c {  0.06  0  0 0   0  0    0    0 0.0 0 0 2 6  0% 28841 5304 43%
c -  0.06  0 945 1   8 35  302  246 1.5 4 3 2 6 19% 28841 5304 43%
c -  0.06  0 444 2  20 23  736  572 1.6 4 3 2 6 14% 28841 5304 43%
c }  0.06  0 371 2  37 22 1002  795 1.7 4 3 2 6 13% 28841 5304 43%
c [  0.06  0  0 2  37  0 1002  795 0.0 0 0 2 6  0% 28841 5304 43%
c O  0.06  0 1917 2  37 1918 1003  796 2.0 8 4 2 6 39% 28841 5304 43%
c ]  0.07  0 1914 2  37  9 1268 1022 1.9 55 29 2 6 41% 28841 5304 43%
c {  0.07  0 371 2  37 22 1268 1022 1.7 4 3 2 6 13% 28841 5304 43%
c -  0.07  0 334 3  71 22 1415  938 1.6 4 3 2 6 13% 28841 5304 43%
c p  0.08  0 243 3 209 23 2216 1597 1.6 5 3 2 6 27% 28829 5289 43%
c 
c  seconds   reduction conflicts       size tier2      variables
c         MB     restarts   redundant    glue  trail        remaining
c           level     rate       size/glu tier1  irredundant
c 
c c  0.09  0 243 3 209 23 2216 1597 1.6 5 3 2 6 27% 28805 5289 43%
c d  0.09  0 243 3 209 23 2216 1582 1.6 5 3 2 6 27% 28787 5280 43%
c t  0.09  0 243 3 209 23 2216 1582 1.6 5 3 2 6 27% 28786 5280 43%
c -  0.09  0 235 4 244 24 2355 1534 1.6 5 3 2 6 24% 28786 5280 43%
c }  0.09  0 234 4 245 24 2357 1536 1.6 5 3 2 6 24% 28786 5280 43%
c [  0.09  0 1914 4 245  9 2357 1536 1.9 55 29 2 6 97% 28786 5280 43%
c I  0.10  0 659 4 245  4 3006 2094 2.0 28 14 2 6 38% 28786 5280 43%
c -  0.11  0 450 5 246  4 3570 2097 1.9 23 12 2 6 33% 28786 5280 43%
c s  0.12  0 363 5 246  3 4210 2609 1.9 21 11 2 6 31% 28778 5280 43%
c t  0.12  0 363 5 246  3 4210 2609 1.9 21 11 2 6 31% 28775 5280 43%
c e  0.13  0 363 5 246  3 4210 2398 1.9 21 11 2 6 31% 28739 4987 40%
c s  0.13  0 363 5 246  3 4210 2340 1.9 21 11 2 6 31% 28617 4987 40%
c ]  0.14  0 343 5 247  3 4519 2622 1.9 21 11 2 6 31% 28617 4987 40%
c {  0.14  0 234 5 247 24 4519 2622 1.6 5 3 2 6 24% 28617 4987 40%
c c  0.15  0 228 5 300 25 4716 2753 1.6 5 3 2 6 23% 28589 4976 40%
c d  0.15  0 228 5 300 25 4716 2749 1.6 5 3 2 6 23% 28581 4972 40%
c =  0.16  0 228 5 300 25 4716 2749 1.6 5 3 2 6 23% 28525 4930 40%
c -  0.16  0 208 6 378 25 5063 2182 1.6 5 3 2 3 19% 28525 4930 40%
c O  0.17  0 176 6 506 22 6007 2964 1.6 6 3 2 3 15% 28525 4930 40%
c }  0.18  0 159 6 628 22 6748 3607 1.6 6 4 2 3 14% 28525 4930 40%
c 
c  seconds   reduction conflicts       size   tier2      variables
c         MB     restarts   redundant     glue   trail        remaining
c           level     rate       size/glue  tier1  irredundant
c 
c [  0.18  0 343 6 628  3 6748 3607 1.9 21 11 2 6 31% 28525 4930 40%
c -  0.18  0 334 7 628  3 6841 3065 1.9 21 11 2 6 31% 28525 4930 40%
c c  0.20  0 302 7 628  3 7319 3428 2.1 24 12 3 9 32% 28473 4917 40%
c d  0.20  0 302 7 628  3 7319 3382 2.1 24 12 3 9 32% 28451 4906 40%
c =  0.20  0 302 7 628  3 7319 3382 2.1 24 12 3 9 32% 28411 4876 40%
c f  0.21  0 302 7 628  3 7319 3382 2.1 24 12 3 9 31% 28227 5056 41%
c -  0.22  0 228 8 629  3 8908 3518 2.0 20 10 3 9 24% 28227 5056 41%
c B  0.24  0 218 8 630  3 10009 4448 2.1 25 12 2 3 26% 28227 5056 41%
c ]  0.25  0 212 8 630  3 10321 4731 2.1 24 12 2 3 26% 28227 5056 41%
c {  0.25  0 159 8 630 22 10321 4731 1.6 6 4 2 3 14% 28227 5056 41%
c -  0.26  0 141 9 736 20 11267 4178 1.6 6 4 2 3 13% 28227 5056 41%
c d  0.28  0 126 9 945 18 12802 5104 1.6 6 4 2 3 13% 28225 5024 41%
c =  0.28  0 126 9 945 18 12802 4969 1.6 6 4 2 3 13% 28201 4918 40%
c t  0.28  0 126 9 945 18 12802 4968 1.6 6 4 2 3 13% 28201 4918 40%
c -  0.30  0 118 10 1186 18 13920 3800 1.6 6 4 1 2 13% 28201 4918 40%
c s  0.31  0 115 10 1243 18 14296 3940 1.6 6 4 1 2 14% 27068 4918 40%
c t  0.31  0 115 10 1243 18 14296 3935 1.6 6 4 1 2 14% 27068 4918 40%
c e  0.32  0 115 10 1243 18 14296 3575 1.6 6 4 1 2 14% 27063 4736 38%
c s  0.32  0 115 10 1243 18 14296 3509 1.6 6 4 1 2 14% 26885 4736 38%
c }  0.32  0 116 10 1265 18 14407 3610 1.6 7 4 1 2 14% 26882 4736 38%
c 
c  seconds   reductions   conflicts       size   tier2      variables
c         MB      restarts     redundant     glue   trail        remaining
c           level       rate        size/glue  tier1  irredundant
c 
c [  0.32  0 212 10 1265  3 14407 3610 2.1 24 12 2 3 29% 26882 4736 38%
c W  0.33  0 204 10 1265  3 15011 4175 2.1 25 12 2 3 30% 26882 4736 38%
c 2  0.35  0 207 10 1266  3 15668 4752 2.2 26 12 2 3 32% 26882 4736 38%
c d  0.35  0 207 10 1266  3 15668 4737 2.2 26 12 2 3 32% 26882 4729 38%
c c  0.35  0 207 10 1266  3 15668 4737 2.2 26 12 2 3 32% 26802 4729 38%
c d  0.35  0 207 10 1266  3 15668 4716 2.2 26 12 2 3 32% 26790 4723 38%
c =  0.36  0 207 10 1266  3 15668 4716 2.2 26 12 2 3 32% 26785 4703 38%
c f  0.37  0 207 10 1266  3 15668 4716 2.2 26 12 2 3 32% 26743 4742 38%
c -  0.38  0 188 11 1266  3 16873 3917 2.2 24 11 2 3 29% 26743 4742 38%
c c  0.41  0 178 11 1267  3 18609 5446 2.2 25 11 2 3 28% 26711 4738 38%
c =  0.41  0 178 11 1267  3 18609 5435 2.2 25 11 2 3 28% 26667 4707 38%
c t  0.41  0 178 11 1267  3 18609 5435 2.2 25 11 2 3 28% 26665 4707 38%
c -  0.43  0 178 12 1267  3 20121 4470 2.2 26 12 2 3 29% 26665 4707 38%
c ]  0.43  0 179 12 1267  3 20309 4645 2.2 26 12 2 3 29% 26665 4707 38%
c {  0.43  0 116 12 1267 18 20309 4645 1.6 7 4 1 2 14% 26665 4707 38%
c #  0.44  0 112 12 1386 18 21013 5272 1.6 7 4 1 2 14% 26665 4707 38%
c c  0.46  0 110 12 1534 18 21619 5819 1.6 7 4 1 2 14% 26659 4704 38%
c =  0.46  0 110 12 1534 18 21619 5818 1.6 7 4 1 2 14% 26589 4652 38%
c u  0.47  0 110 12 1534 18 21619 5290 1.6 7 4 1 2 14% 26581 4652 38%
c v  0.47  0 110 12 1534 18 21619 5177 1.6 7 4 1 2 14% 26581 4652 38%
c 
c  seconds   reductions   conflicts       size tier2      variables
c         MB      restarts     redundant    glue  trail        remaining
c           level       rate        size/glu tier1  irredundant
c 
c w  0.47  0 110 12 1534 18 21619 5174 1.6 7 4 1 2 14% 26581 4652 38%
c x  0.47  0 110 12 1534 18 21619 5174 1.6 7 4 1 2 14% 26531 4652 38%
c t  0.47  0 110 12 1534 18 21619 5171 1.6 7 4 1 2 14% 26531 4652 38%
c -  0.50  0 104 13 2011 19 23668 4799 1.6 7 4 1 2 14% 26531 4652 38%
c d  0.51  0 102 13 2248 19 24695 5729 1.6 7 5 1 2 14% 26530 4647 38%
c c  0.52  0 102 13 2248 19 24695 5729 1.6 7 5 1 2 14% 26502 4647 38%
c =  0.53  0 102 13 2248 19 24695 5723 1.6 7 5 1 2 14% 26482 4544 37%
c 2  0.53  0 102 13 2248 19 24695 5723 1.6 7 5 1 2 14% 26480 4544 37%
c f  0.53  0 102 13 2248 19 24695 5721 1.6 7 5 1 2 14% 26437 4571 37%
c }  0.54  0 101 13 2298 19 24894 5898 1.6 7 5 1 2 14% 26437 4571 37%
c [  0.54  0 179 13 2298  3 24894 5898 2.2 26 12 2 3 29% 26437 4571 37%
c -  0.57  0 177 14 2300  2 27517 5483 2.1 27 13 2 3 29% 26437 4571 37%
c d  0.58  0 177 14 2300  2 27834 5784 2.1 28 13 2 3 29% 26437 4569 37%
c c  0.58  0 177 14 2300  2 27834 5784 2.1 28 13 2 3 29% 26419 4569 37%
c =  0.59  0 177 14 2300  2 27834 5778 2.1 28 13 2 3 29% 26411 4511 37%
c O  0.59  0 176 14 2300  2 28014 5937 2.1 28 13 2 3 29% 26411 4511 37%
c s  0.61  0 169 14 2301  2 29327 6966 2.1 27 13 2 3 28% 25018 4511 37%
c e  0.61  0 169 14 2301  2 29327 6390 2.1 27 13 2 3 28% 24766 4418 36%
c s  0.61  0 169 14 2301  2 29327 6342 2.1 27 13 2 3 28% 24717 4418 36%
c -  0.65  0 171 15 2302  2 31665 5481 2.1 28 14 2 3 39% 24712 4418 36%
c 
c  seconds   reductions   conflicts       size   tier2      variables
c         MB      restarts     redundant     glue   trail        remaining
c           level       rate        size/glue  tier1  irredundant
c 
c 2  0.66  0 171 15 2302  2 31665 5465 2.1 28 14 2 3 39% 24712 4418 36%
c =  0.67  0 171 15 2302  2 31665 5463 2.1 28 14 2 3 39% 24702 4410 36%
c f  0.67  0 171 15 2302  2 31665 5461 2.1 28 14 2 3 39% 24668 4421 36%
c ]  0.70  0 170 15 2304  2 33652 7272 2.1 29 14 2 3 39% 24668 4421 36%
c {  0.70  0 101 15 2304 19 33652 7272 1.6 7 5 1 2 16% 24668 4421 36%
c B  0.73  0 95 15 2617 18 36015 9338 1.6 8 5 1 2 15% 24668 4421 36%
c -  0.73  0 94 16 2641 18 36114 6155 1.6 8 5 1 2 15% 24668 4421 36%
c d  0.73  0 94 16 2641 18 36114 6128 1.6 8 5 1 2 15% 24667 4416 36%
c 2  0.73  0 94 16 2641 18 36114 6127 1.6 8 5 1 2 15% 24667 4416 36%
c }  0.80  0 92 16 3569 18 40848 10366 1.6 8 5 1 2 15% 24667 4416 36%
c [  0.80  0 170 16 3569  2 40848 10366 2.1 29 14 2 3 39% 24667 4416 36%
c -  0.80  0 170 17 3569  2 40864 7112 2.1 29 14 2 3 39% 24667 4416 36%
c d  0.80  0 170 17 3569  2 40864 7098 2.1 29 14 2 3 39% 24667 4414 36%
c p  0.80  0 170 17 3569  2 40864 7119 2.1 29 14 2 3 39% 24667 4414 36%
c c  0.81  0 170 17 3569  2 40864 7119 2.1 29 14 2 3 39% 24637 4414 36%
c d  0.81  0 170 17 3569  2 40864 7107 2.1 29 14 2 3 39% 24631 4411 36%
c 2  0.81  0 170 17 3569  2 40864 7107 2.1 29 14 2 3 39% 24629 4411 36%
c u  0.82  0 170 17 3569  2 40864 5808 2.1 29 14 2 3 39% 24606 4411 36%
c v  0.82  0 170 17 3569  2 40864 5733 2.1 29 14 2 3 39% 24606 4411 36%
c w  0.82  0 170 17 3569  2 40864 5733 2.1 29 14 2 3 39% 24606 4411 36%
c 
c  seconds   reductions   conflicts       size   tier2      variables
c         MB      restarts     redundant     glue   trail        remaining
c           level       rate        size/glue  tier1  irredundant
c 
c f  0.82  0 170 17 3569  2 40864 5719 2.1 29 14 2 3 39% 24590 4431 36%
c B  0.88  0 167 17 3570  2 45016 9578 2.1 31 15 2 3 37% 24590 4431 36%
c -  0.89  0 165 18 3570  2 45917 6455 2.1 31 15 2 3 36% 24590 4431 36%
c d  0.89  0 165 18 3570  2 45917 6430 2.1 31 15 2 3 36% 24590 4426 36%
c c  0.90  0 165 18 3570  2 45917 6430 2.1 31 15 2 3 36% 24566 4426 36%
c s  0.96  0 166 18 3571  2 49197 9325 2.1 32 15 2 3 37% 24534 4424 36%
c e  0.96  0 166 18 3571  2 49197 9094 2.1 32 15 2 3 37% 22094 4041 33%
c s  0.96  0 166 18 3571  2 49197 9065 2.1 32 15 2 3 37% 22085 4041 33%
c -  1.00  0 166 19 3571  2 51276 6460 2.1 35 16 2 3 39% 22084 4041 33%
c 2  1.00  0 166 19 3571  2 51276 6454 2.1 35 16 2 3 39% 22084 4041 33%
c f  1.01  0 166 19 3571  2 51276 6454 2.1 35 16 2 3 39% 22081 4044 33%
c ]  1.02  0 167 19 3571  2 51701 6835 2.1 35 16 2 3 39% 22081 4044 33%
c {  1.02  0 92 19 3571 18 51701 6835 1.6 8 5 1 2 15% 22081 4044 33%
c W  1.07  0 89 19 4038 18 55018 9807 1.6 8 5 1 2 15% 22081 4044 33%
c -  1.10  0 88 20 4401 18 56937 7660 1.6 9 5 1 2 15% 22081 4044 33%
c d  1.10  0 88 20 4401 18 56937 7654 1.6 9 5 1 2 15% 22081 4042 33%
c p  1.10  0 88 20 4401 18 56937 7808 1.6 9 5 1 2 15% 22081 4042 33%
c u  1.10  0 88 20 4401 18 56937 7454 1.6 9 5 1 2 15% 22081 4042 33%
c v  1.10  0 88 20 4401 18 56937 7288 1.6 9 5 1 2 15% 22081 4042 33%
c f  1.11  0 88 20 4401 18 56937 7275 1.6 9 5 1 2 15% 22078 4050 33%
c 
c  seconds  reductions   conflicts        size tier2      variables
c         MB     restarts      redundant    glue  trail        remaining
c          level       rate         size/glu tier1  irredundant
c 
c }  1.16  0 87 20 5135 18 61017 11005 1.6 9 5 1 2 15% 22078 4050 33%
c [  1.16  0 167 20 5135  2 61017 11005 2.1 35 16 2 3 39% 22078 4050 33%
c -  1.19  0 166 21 5135  2 62902 8359 2.1 35 16 2 3 37% 22078 4050 33%
c d  1.19  0 166 21 5135  2 62902 8337 2.1 35 16 2 3 37% 22078 4047 33%
c c  1.19  0 166 21 5135  2 62902 8337 2.1 35 16 2 3 37% 22064 4047 33%
c =  1.20  0 166 21 5135  2 62902 8330 2.1 35 16 2 3 37% 22061 4045 33%
c f  1.20  0 166 21 5135  2 62902 8329 2.1 35 16 2 3 37% 22059 4048 33%
c W  1.24  0 164 21 5137  2 66020 11150 2.1 35 16 2 3 35% 22059 4048 33%
c -  1.30  0 163 22 5139  2 69172 8819 2.1 37 17 2 3 35% 22059 4048 33%
c p  1.30  0 163 22 5139  2 69172 8822 2.1 37 17 2 3 35% 22059 4048 33%
c f  1.31  0 163 22 5139  2 69172 8820 2.1 37 17 2 3 35% 22060 4049 33%
c ]  1.43  0 165 22 5142  2 73318 12707 2.1 41 20 1 2 36% 22060 4049 33%
c {  1.43  0 87 22 5142 18 73318 12707 1.6 9 5 1 2 15% 22060 4049 33%
c s  1.44  0 87 22 5234 18 73700 12929 1.6 9 5 1 2 15% 22050 4049 33%
c t  1.44  0 87 22 5234 18 73700 12928 1.6 9 5 1 2 15% 22050 4049 33%
c e  1.44  0 87 22 5234 18 73700 12475 1.6 9 5 1 2 15% 22041 4041 33%
c s  1.45  0 87 22 5234 18 73700 12444 1.6 9 5 1 2 15% 22041 4041 33%
c ^  1.45  0 87 22 5234 18 73700 12444 1.6 9 5 1 2 15% 22041 4041 33%
c -  1.48  0 87 23 5528 18 75747 9087 1.7 9 5 1 2 15% 22041 4041 33%
c p  1.48  0 87 23 5528 18 75747 9259 1.7 9 5 1 2 15% 22041 4038 33%
c 
c  seconds  reductions   conflicts       size tier2      variables
c         MB     restarts     redundant    glue  trail        remaining
c          level       rate        size/glu tier1  irredundant
c 
c =  1.49  0 87 23 5528 18 75747 9259 1.7 9 5 1 2 15% 22041 4037 33%
c u  1.50  0 87 23 5528 18 75747 8506 1.7 9 5 1 2 15% 22041 4037 33%
c v  1.50  0 87 23 5528 18 75747 8387 1.7 9 5 1 2 15% 22041 4037 33%
c f  1.50  0 87 23 5528 18 75747 8383 1.7 9 5 1 2 15% 22023 4044 33%
c F  1.54  0 87 23 6008 18 78022 10464 1.6 9 6 1 2 16% 22023 4044 33%
c -  1.62  0 85 24 6868 18 82627 9687 1.7 9 6 1 2 16% 22023 4044 33%
c p  1.62  0 85 24 6868 18 82627 9896 1.7 9 6 1 2 16% 22023 4044 33%
c =  1.64  0 85 24 6868 18 82627 9852 1.7 9 6 1 2 16% 21799 3982 32%
c 2  1.64  0 85 24 6868 18 82627 9848 1.7 9 6 1 2 16% 21799 3982 32%
c }  1.65  0 85 24 6915 18 82816 10020 1.7 9 6 1 2 19% 21799 3982 32%
c [  1.65  0 165 24 6915  2 82816 10020 2.1 41 20 1 2 40% 21799 3982 32%
c -  1.79  0 160 25 6918  2 89815 10364 2.1 42 20 1 2 40% 21799 3982 32%
c =  1.80  0 160 25 6918  2 89815 10364 2.1 42 20 1 2 40% 21799 3980 32%
c u  1.80  0 160 25 6918  2 89815 9745 2.1 42 20 1 2 40% 21797 3980 32%
c v  1.81  0 160 25 6918  2 89815 9488 2.1 42 20 1 2 40% 21797 3980 32%
c w  1.81  0 160 25 6918  2 89815 9484 2.1 42 20 1 2 40% 21797 3980 32%
c t  1.81  0 160 25 6918  2 89815 9483 2.1 42 20 1 2 40% 21797 3980 32%
c I  1.82  0 160 25 6919  2 91025 10563 2.1 42 20 1 2 40% 21797 3980 32%
c -  1.89  0 156 26 6922  2 97307 9702 2.1 41 19 1 2 39% 21797 3980 32%
c t  1.90  0 156 26 6922  2 97307 9701 2.1 41 19 1 2 39% 21797 3980 32%
c 
c  seconds   reductions   conflicts         size   tier2      variables
c         MB      restarts       redundant     glue   trail        remaining
c           level       rate          size/glue  tier1  irredundant
c 
c ]  1.95  0 155 26 6923  2 100441 12598 2.1 41 19 1 2 38% 21797 3980 32%
c {  1.95  0 85 26 6923 18 100441 12598 1.7 9 6 1 2 19% 21797 3980 32%
c s  1.99  0 85 26 7336 18 103070 14824 1.7 9 6 1 2 19% 21659 3980 32%
c e  2.00  0 85 26 7336 18 103070 10843 1.7 9 6 1 2 19% 20453 3582 29%
c s  2.01  0 85 26 7336 18 103070 10755 1.7 9 6 1 2 19% 20345 3582 29%
c e  2.01  0 85 26 7336 18 103070 10588 1.7 9 6 1 2 19% 20309 3571 29%
c B  2.04  0 85 26 7683 18 105025 12382 1.7 10 6 1 2 20% 20309 3571 29%
c -  2.04  0 85 27 7688 18 105105 8789 1.7 10 6 1 2 20% 20309 3571 29%
c 2  2.04  0 85 27 7688 18 105105 8707 1.7 10 6 1 2 20% 20309 3571 29%
c p  2.04  0 85 27 7688 18 105105 8909 1.7 10 6 1 2 20% 20309 3571 29%
c u  2.05  0 85 27 7688 18 105105 8580 1.7 10 6 1 2 20% 20309 3571 29%
c v  2.05  0 85 27 7688 18 105105 8555 1.7 10 6 1 2 20% 20309 3571 29%
c w  2.05  0 85 27 7688 18 105105 8555 1.7 10 6 1 2 20% 20309 3571 29%
c x  2.05  0 85 27 7688 18 105105 8555 1.7 10 6 1 2 20% 20305 3571 29%
c t  2.06  0 85 27 7688 18 105105 8555 1.7 10 6 1 2 20% 20302 3571 29%
c f  2.06  0 85 27 7688 18 105105 8551 1.7 10 6 1 2 20% 20250 3599 29%
c -  2.16  0 83 28 8670 17 113211 10424 1.7 10 6 1 2 18% 20250 3599 29%
c p  2.16  0 83 28 8670 17 113211 10426 1.7 10 6 1 2 18% 20250 3599 29%
c }  2.21  0 82 28 8960 16 116137 12979 1.7 10 6 1 2 18% 20250 3599 29%
c [  2.21  0 155 28 8960  2 116137 12979 2.1 41 19 1 2 42% 20250 3599 29%
c 
c  seconds   reductions   conflicts         size   tier2      variables
c         MB      restarts       redundant     glue   trail        remaining
c           level       rate          size/glue  tier1  irredundant
c 
c B  2.26  0 150 28 8960  2 120027 16665 2.1 41 19 1 2 43% 20250 3599 29%
c -  2.29  0 152 29 8960  2 121623 11502 2.1 41 19 1 2 43% 20250 3599 29%
c d  2.29  0 152 29 8960  2 121623 11492 2.1 41 19 1 2 43% 20250 3597 29%
c p  2.29  0 152 29 8960  2 121623 11578 2.1 41 19 1 2 43% 20250 3597 29%
c 2  2.29  0 152 29 8960  2 121623 11578 2.1 41 19 1 2 43% 20248 3597 29%
c u  2.30  0 152 29 8960  2 121623 11194 2.1 41 19 1 2 43% 20248 3597 29%
c v  2.30  0 152 29 8960  2 121623 11050 2.1 41 19 1 2 43% 20248 3597 29%
c w  2.30  0 152 29 8960  2 121623 11048 2.1 41 19 1 2 43% 20248 3597 29%
c f  2.30  0 152 29 8960  2 121623 11047 2.1 41 19 1 2 43% 20239 3600 29%
c -  2.47  0 155 30 8961  2 130342 11082 2.0 46 23 1 2 43% 20239 3600 29%
c p  2.47  0 155 30 8961  2 130342 11203 2.0 46 23 1 2 43% 20239 3600 29%
c W  2.56  0 156 30 8961  2 136029 15880 1.9 46 24 1 2 42% 20239 3600 29%
c s  2.60  0 156 30 8961  2 138181 17757 1.9 46 24 2 5 42% 20228 3600 29%
c e  2.60  0 156 30 8961  2 138181 16698 1.9 46 24 2 5 42% 20223 3569 29%
c s  2.61  0 156 30 8961  2 138181 16655 1.9 46 24 2 5 42% 20197 3569 29%
c ]  2.63  0 157 30 8961  2 139232 17653 1.9 46 24 2 5 42% 20197 3569 29%
c {  2.63  0 82 30 8961 16 139232 17653 1.7 10 6 1 2 18% 20197 3569 29%
c -  2.63  0 82 31 8985 16 139368 10300 1.7 10 6 1 2 18% 20197 3569 29%
c 2  2.63  0 82 31 8985 16 139368 10299 1.7 10 6 1 2 18% 20197 3569 29%
c p  2.63  0 82 31 8985 16 139368 10374 1.7 10 6 1 2 18% 20197 3568 29%
c 
c  seconds  reductions   conflicts         size  tier2      variables
c         MB     restarts       redundant     glue  trail        remaining
c          level       rate          size/glue tier1  irredundant
c 
c c  2.64  0 82 31 8985 16 139368 10374 1.7 10 6 1 2 18% 20191 3568 29%
c u  2.65  0 82 31 8985 16 139368 9970 1.7 10 6 1 2 18% 20189 3567 29%
c f  2.65  0 82 31 8985 16 139368 9959 1.7 10 6 1 2 18% 20188 3573 29%
c -  2.80  0 82 32 10416 16 148702 11902 1.7 10 6 1 2 19% 20188 3573 29%
c p  2.80  0 82 32 10416 16 148702 11903 1.7 10 6 1 2 19% 20188 3573 29%
c u  2.81  0 82 32 10416 16 148702 11469 1.7 10 6 1 2 19% 20188 3573 29%
c v  2.81  0 82 32 10416 16 148702 11309 1.7 10 6 1 2 19% 20188 3573 29%
c W  2.88  0 82 32 10886 16 153031 15205 1.7 10 6 1 2 19% 20188 3573 29%
c }  2.93  0 81 32 11265 15 156930 18686 1.7 10 6 1 2 19% 20188 3573 29%
c [  2.93  0 157 32 11265  2 156930 18686 1.9 46 24 2 5 42% 20188 3573 29%
c -  2.94  0 155 33 11265  2 158343 13204 1.9 45 24 2 5 41% 20188 3573 29%
c p  2.95  0 155 33 11265  2 158343 13391 1.9 45 24 2 5 41% 20188 3573 29%
c c  2.95  0 155 33 11265  2 158343 13390 1.9 45 24 2 5 41% 20189 3573 29%
c d  2.95  0 155 33 11265  2 158343 13390 1.9 45 24 2 5 41% 20187 3572 29%
c f  2.95  0 155 33 11265  2 158343 13388 1.9 45 24 2 5 41% 20187 3573 29%
c -  3.10  0 158 34 11272  2 168292 13863 1.9 46 24 2 5 41% 20187 3573 29%
c u  3.11  0 158 34 11272  2 168292 13639 1.9 46 24 2 5 41% 20187 3573 29%
c v  3.11  0 158 34 11272  2 168292 13514 1.9 46 24 2 5 41% 20187 3573 29%
c w  3.11  0 158 34 11272  2 168292 13513 1.9 46 24 2 5 41% 20187 3573 29%
c x  3.12  0 158 34 11272  2 168292 13513 1.9 46 24 2 5 41% 20182 3573 29%
c 
c  seconds   reductions    conflicts         size   tier2      variables
c         MB       restarts       redundant     glue   trail        remaining
c           level        rate          size/glue  tier1  irredundant
c 
c t  3.12  0 158 34 11272  2 168292 13513 1.9 46 24 2 5 41% 20181 3573 29%
c O  3.16  0 159 34 11272  2 171033 16087 1.9 46 24 2 5 41% 20181 3573 29%
c s  3.24  0 154 34 11278  2 178192 22347 1.9 44 23 2 5 39% 20174 3573 29%
c e  3.25  0 154 34 11278  2 178192 21963 1.9 44 23 2 5 39% 20177 3566 29%
c s  3.25  0 154 34 11278  2 178192 21915 1.9 44 23 2 5 39% 20175 3566 29%
c e  3.25  0 154 34 11278  2 178192 21894 1.9 44 23 2 5 39% 20176 3564 29%
c -  3.26  0 155 35 11278  2 178547 13311 1.9 44 23 2 5 39% 20176 3564 29%
c 2  3.26  0 155 35 11278  2 178547 13309 1.9 44 23 2 5 39% 20176 3564 29%
c p  3.26  0 155 35 11278  2 178547 13366 1.9 44 23 2 5 39% 20176 3564 29%
c f  3.27  0 155 35 11278  2 178547 13366 1.9 44 23 2 5 39% 20174 3565 29%
c ]  3.42  0 158 35 11280  2 186076 20528 2.0 46 23 2 5 41% 20174 3565 29%
c {  3.42  0 81 35 11280 15 186076 20528 1.7 10 6 1 2 19% 20174 3565 29%
c -  3.47  0 81 36 11699 15 189110 14376 1.7 10 6 1 2 19% 20174 3565 29%
c p  3.47  0 81 36 11699 15 189110 14485 1.7 10 6 1 2 19% 20174 3565 29%
c u  3.48  0 81 36 11699 15 189110 14113 1.7 10 6 1 2 19% 20174 3565 29%
c v  3.48  0 81 36 11699 15 189110 13888 1.7 10 6 1 2 19% 20174 3565 29%
c #  3.50  0 81 36 11837 15 190034 14747 1.7 10 6 1 2 19% 20174 3565 29%
c -  3.66  0 79 37 13227 15 199981 15607 1.7 11 6 1 2 18% 20174 3565 29%
c p  3.66  0 79 37 13227 15 199981 15698 1.7 11 6 1 2 18% 20174 3565 29%
c u  3.67  0 79 37 13227 15 199981 15247 1.7 11 6 1 2 18% 20174 3565 29%
c 
c  seconds  reductions    conflicts         size  tier2      variables
c         MB      restarts       redundant     glue  trail        remaining
c          level        rate          size/glue tier1  irredundant
c 
c v  3.67  0 79 37 13227 15 199981 15089 1.7 11 6 1 2 18% 20174 3565 29%
c w  3.67  0 79 37 13227 15 199981 15089 1.7 11 6 1 2 18% 20174 3565 29%
c t  3.67  0 79 37 13227 15 199981 15088 1.7 11 6 1 2 18% 20174 3565 29%
c }  3.74  0 79 37 13849 15 204133 18891 1.7 11 6 1 2 18% 20174 3565 29%
c [  3.74  0 158 37 13849  2 204133 18891 2.0 46 23 2 5 41% 20174 3565 29%
c B  3.87  0 156 37 13849  2 210036 24552 2.1 48 23 2 5 42% 20174 3565 29%
c -  3.91  0 157 38 13850  2 211162 16284 2.1 48 23 2 5 42% 20174 3565 29%
c p  3.91  0 157 38 13850  2 211162 16350 2.1 48 23 2 5 42% 20174 3565 29%
c u  3.92  0 157 38 13850  2 211162 16181 2.1 48 23 2 5 42% 20174 3565 29%
c v  3.92  0 157 38 13850  2 211162 16031 2.1 48 23 2 5 42% 20174 3565 29%
c w  3.92  0 157 38 13850  2 211162 16031 2.1 48 23 2 5 42% 20174 3565 29%
c -  4.04  0 153 39 13856  2 222651 16835 2.0 46 22 2 5 40% 20174 3565 29%
c p  4.04  0 153 39 13856  2 222651 16852 2.0 46 22 2 5 40% 20174 3565 29%
c s  4.05  0 152 39 13856  2 223212 17012 2.0 46 22 2 5 40% 20172 3565 29%
c e  4.06  0 152 39 13856  2 223212 16996 2.0 46 22 2 5 40% 20172 3564 29%
c s  4.06  0 152 39 13856  2 223212 16912 2.0 46 22 2 5 40% 20171 3564 29%
c W  4.13  0 144 39 13862  2 231037 23504 2.0 42 21 2 5 37% 20171 3564 29%
c -  4.17  0 145 40 13863  2 234447 16874 2.0 42 21 2 5 37% 20171 3564 29%
c =  4.18  0 145 40 13863  2 234447 16872 2.0 42 21 2 5 37% 20171 3562 29%
c t  4.18  0 145 40 13863  2 234447 16869 2.0 42 21 2 5 37% 20171 3562 29%
c 
c  seconds   reductions    conflicts         size   tier2      variables
c         MB       restarts       redundant     glue   trail        remaining
c           level        rate          size/glue  tier1  irredundant
c 
c -  4.31  0 149 41 13865  2 246552 16998 2.0 40 20 2 5 37% 20171 3562 29%
c p  4.31  0 149 41 13865  2 246552 17037 2.0 40 20 2 5 37% 20171 3562 29%
c u  4.32  0 149 41 13865  2 246552 16709 2.0 40 20 2 5 37% 20171 3562 29%
c v  4.32  0 149 41 13865  2 246552 16707 2.0 40 20 2 5 37% 20171 3562 29%
c w  4.32  0 149 41 13865  2 246552 16707 2.0 40 20 2 5 37% 20171 3562 29%
c ]  4.33  0 149 41 13865  2 247243 17336 2.0 40 20 2 5 36% 20171 3562 29%
c {  4.33  0 79 41 13865 15 247243 17336 1.7 11 6 1 2 18% 20171 3562 29%
c B  4.40  0 78 41 14466 15 253039 22491 1.7 11 6 1 2 18% 20171 3562 29%
c -  4.51  0 78 42 15307 14 258965 18838 1.7 11 6 1 2 18% 20171 3562 29%
c p  4.51  0 78 42 15307 14 258965 18907 1.7 11 6 1 2 18% 20171 3561 29%
c u  4.52  0 78 42 15307 14 258965 18610 1.7 11 6 1 2 18% 20171 3561 29%
c v  4.52  0 78 42 15307 14 258965 18445 1.7 11 6 1 2 18% 20171 3561 29%
c w  4.52  0 78 42 15307 14 258965 18445 1.7 11 6 1 2 18% 20171 3561 29%
c f  4.52  0 78 42 15307 14 258965 18438 1.7 11 6 1 2 18% 20167 3564 29%
c }  4.69  0 78 42 16869 15 269252 27759 1.7 11 6 1 2 18% 20167 3564 29%
c [  4.69  0 149 42 16869  2 269252 27759 2.0 40 20 2 5 36% 20167 3564 29%
c -  4.76  0 148 43 16869  2 271688 20130 2.0 41 20 2 5 37% 20167 3564 29%
c p  4.76  0 148 43 16869  2 271688 20183 2.0 41 20 2 5 37% 20167 3564 29%
c =  4.79  0 148 43 16869  2 271688 20176 2.0 41 20 2 5 37% 20163 3552 29%
c u  4.79  0 148 43 16869  2 271688 19898 2.0 41 20 2 5 37% 20160 3552 29%
c 
c  seconds   reductions    conflicts         size   tier2      variables
c         MB       restarts       redundant     glue   trail        remaining
c           level        rate          size/glue  tier1  irredundant
c 
c v  4.80  0 148 43 16869  2 271688 19685 2.0 41 20 2 5 37% 20160 3552 29%
c w  4.80  0 148 43 16869  2 271688 19684 2.0 41 20 2 5 37% 20160 3552 29%
c s  4.84  0 148 43 16869  2 273230 20828 2.0 42 21 2 5 37% 20100 3552 29%
c t  4.84  0 148 43 16869  2 273230 20826 2.0 42 21 2 5 37% 20100 3552 29%
c e  4.84  0 148 43 16869  2 273230 20778 2.0 42 21 2 5 37% 20105 3547 29%
c s  4.85  0 148 43 16869  2 273230 20691 2.0 42 21 2 5 37% 20101 3547 29%
c I  4.90  0 149 43 16869  2 276041 23401 2.0 42 21 2 5 37% 20101 3547 29%
c -  5.04  0 145 44 16870  1 284719 19996 2.0 43 21 2 5 36% 20101 3547 29%
c 2  5.04  0 145 44 16870  1 284719 19993 2.0 43 21 2 5 36% 20101 3547 29%
c p  5.04  0 145 44 16870  1 284719 20026 2.0 43 21 2 5 36% 20101 3547 29%
c f  5.04  0 145 44 16870  1 284719 20020 2.0 43 21 2 5 36% 20103 3549 29%
c -  5.27  0 143 45 16870  1 298058 19558 2.1 45 22 2 5 38% 20103 3549 29%
c p  5.27  0 143 45 16870  1 298058 19602 2.1 45 22 2 5 38% 20103 3549 29%
c u  5.29  0 143 45 16870  1 298058 19096 2.1 45 22 2 5 38% 20103 3549 29%
c v  5.29  0 143 45 16870  1 298058 19082 2.1 45 22 2 5 38% 20103 3549 29%
c w  5.29  0 143 45 16870  1 298058 19079 2.1 45 22 2 5 38% 20103 3549 29%
c t  5.29  0 143 45 16870  1 298058 19078 2.1 45 22 2 5 38% 20103 3549 29%
c B  5.33  0 144 45 16870  1 300043 20961 2.1 45 22 2 5 38% 20103 3549 29%
c ]  5.37  0 144 45 16870  1 303562 24289 2.1 45 22 2 5 38% 20103 3549 29%
c {  5.37  0 78 45 16870 15 303562 24289 1.7 11 6 1 2 18% 20103 3549 29%
c 
c  seconds  reductions    conflicts         size  tier2      variables
c         MB      restarts       redundant     glue  trail        remaining
c          level        rate          size/glue tier1  irredundant
c 
c -  5.53  0 78 46 18129 15 311706 20041 1.7 11 7 1 2 18% 20103 3549 29%
c p  5.53  0 78 46 18129 15 311706 20110 1.7 11 7 1 2 18% 20103 3549 29%
c u  5.54  0 78 46 18129 15 311706 19887 1.7 11 7 1 2 18% 20103 3549 29%
c v  5.54  0 78 46 18129 15 311706 19831 1.7 11 7 1 2 18% 20103 3549 29%
c W  5.82  0 77 46 20148 15 325044 31947 1.7 12 7 1 2 18% 20103 3549 29%
c -  5.83  0 77 47 20214 15 325663 21548 1.7 12 7 1 2 18% 20103 3549 29%
c p  5.83  0 77 47 20214 15 325663 21616 1.7 12 7 1 2 18% 20103 3549 29%
c u  5.84  0 77 47 20214 15 325663 21371 1.7 12 7 1 2 18% 20103 3549 29%
c v  5.84  0 77 47 20214 15 325663 21161 1.7 12 7 1 2 18% 20103 3549 29%
c }  5.85  0 77 47 20234 15 325766 21254 1.7 12 7 1 2 18% 20103 3549 29%
c [  5.85  0 144 47 20234  1 325766 21254 2.1 45 22 2 5 38% 20103 3549 29%
c s  5.90  0 143 47 20234  1 328288 23452 2.1 45 22 2 5 39% 20103 3549 29%
c e  5.91  0 143 47 20234  1 328288 23447 2.1 45 22 2 5 39% 20103 3547 29%
c s  5.91  0 143 47 20234  1 328288 23405 2.1 45 22 2 5 39% 20103 3547 29%
c -  6.15  0 147 48 20234  1 339929 21898 2.1 50 24 2 5 40% 20102 3547 29%
c 2  6.15  0 147 48 20234  1 339929 21897 2.1 50 24 2 5 40% 20102 3547 29%
c p  6.16  0 147 48 20234  1 339929 21938 2.1 50 24 2 5 40% 20102 3547 29%
c W  6.39  0 150 48 20241  1 351045 32392 2.1 51 25 2 5 40% 20102 3547 29%
c -  6.44  0 150 49 20243  1 354508 21177 2.0 50 25 2 5 40% 20102 3547 29%
c p  6.44  0 150 49 20243  1 354508 21203 2.0 50 25 2 5 40% 20102 3547 29%
c 
c  seconds   reductions    conflicts         size   tier2      variables
c         MB       restarts       redundant     glue   trail        remaining
c           level        rate          size/glue  tier1  irredundant
c 
c u  6.45  0 150 49 20243  1 354508 20745 2.0 50 25 2 5 40% 20102 3547 29%
c v  6.45  0 150 49 20243  1 354508 20741 2.0 50 25 2 5 40% 20102 3547 29%
c w  6.45  0 150 49 20243  1 354508 20738 2.0 50 25 2 5 40% 20102 3547 29%
c t  6.45  0 150 49 20243  1 354508 20737 2.0 50 25 2 5 40% 20102 3547 29%
c ]  6.61  0 148 49 20249  1 366438 31675 2.0 49 24 2 5 39% 20102 3547 29%
c {  6.61  0 77 49 20249 15 366438 31675 1.7 12 7 1 2 18% 20102 3547 29%
c -  6.68  0 78 50 20730 15 369395 21770 1.7 12 7 1 2 18% 20102 3547 29%
c p  6.68  0 78 50 20730 15 369395 21790 1.7 12 7 1 2 18% 20102 3547 29%
c F  6.82  0 76 50 21697 14 378046 29568 1.8 12 7 1 2 18% 20102 3547 29%
c -  6.96  0 77 51 22763 14 384590 23921 1.7 12 7 1 2 18% 20102 3547 29%
c p  6.97  0 77 51 22763 14 384590 23980 1.7 12 7 1 2 18% 20102 3547 29%
c u  6.97  0 77 51 22763 14 384590 23762 1.7 12 7 1 2 18% 20102 3547 29%
c v  6.98  0 77 51 22763 14 384590 23424 1.7 12 7 1 2 18% 20102 3547 29%
c x  6.98  0 77 51 22763 14 384590 23424 1.7 12 7 1 2 18% 20096 3547 29%
c t  6.98  0 77 51 22763 14 384590 23424 1.7 12 7 1 2 18% 20094 3547 29%
c s  7.06  0 77 51 23332 15 388354 26700 1.8 12 7 1 2 18% 20094 3547 29%
c e  7.06  0 77 51 23332 15 388354 26603 1.8 12 7 1 2 18% 20095 3544 29%
c s  7.07  0 77 51 23332 15 388354 26563 1.8 12 7 1 2 18% 20095 3544 29%
c e  7.07  0 77 51 23332 15 388354 26558 1.8 12 7 1 2 18% 20096 3543 29%
c }  7.14  0 77 51 23833 14 391672 29599 1.8 12 7 1 2 18% 20096 3543 29%
c 
c  seconds   reductions    conflicts         size   tier2      variables
c         MB       restarts       redundant     glue   trail        remaining
c           level        rate          size/glue  tier1  irredundant
c 
c [  7.14  0 148 51 23833  1 391672 29599 2.0 49 24 2 5 39% 20096 3543 29%
c -  7.33  0 145 52 23834  1 400094 24609 2.1 50 24 2 5 40% 20096 3543 29%
c p  7.33  0 145 52 23834  1 400094 24671 2.1 50 24 2 5 40% 20096 3543 29%
c u  7.36  0 145 52 23834  1 400094 24393 2.1 50 24 2 5 40% 20096 3543 29%
c v  7.36  0 145 52 23834  1 400094 24295 2.1 50 24 2 5 40% 20096 3543 29%
c w  7.36  0 145 52 23834  1 400094 24292 2.1 50 24 2 5 40% 20096 3543 29%
c f  7.37  0 145 52 23834  1 400094 24292 2.1 50 24 2 5 40% 20094 3544 29%
c O  7.47  0 145 52 23838  1 406048 29899 2.1 50 24 2 5 40% 20094 3544 29%
c -  7.65  0 143 53 23843  1 415908 25317 2.1 50 24 2 5 40% 20094 3544 29%
c p  7.65  0 143 53 23843  1 415908 25319 2.1 50 24 2 5 40% 20094 3544 29%
c -  7.79  0 138 54 23848  1 432030 25419 2.1 45 22 2 5 37% 20094 3544 29%
c p  7.79  0 138 54 23848  1 432030 25438 2.1 45 22 2 5 37% 20094 3544 29%
c u  7.80  0 138 54 23848  1 432030 25280 2.1 45 22 2 5 37% 20094 3544 29%
c v  7.80  0 138 54 23848  1 432030 25272 2.1 45 22 2 5 37% 20094 3544 29%
c w  7.80  0 138 54 23848  1 432030 25272 2.1 45 22 2 5 37% 20094 3544 29%
c B  7.82  0 138 54 23849  1 435049 27911 2.1 45 22 2 5 36% 20094 3544 29%
c ]  7.97  0 137 54 23849  1 444654 36660 2.1 45 22 2 5 36% 20094 3544 29%
c {  7.97  0 77 54 23849 14 444654 36660 1.8 12 7 1 2 18% 20094 3544 29%
c -  8.04  0 77 55 24342 14 448462 25887 1.8 12 7 1 2 18% 20094 3544 29%
c p  8.05  0 77 55 24342 14 448462 25928 1.8 12 7 1 2 18% 20094 3544 29%
c 
c  seconds  reductions    conflicts         size  tier2      variables
c         MB      restarts       redundant     glue  trail        remaining
c          level        rate          size/glue tier1  irredundant
c 
c s  8.16  0 77 55 25160 15 453456 30310 1.8 12 7 1 2 18% 20094 3544 29%
c s  8.17  0 77 55 25160 15 453456 30266 1.8 12 7 1 2 18% 20094 3544 29%
c ^  8.17  0 77 55 25160 15 453456 30266 1.8 12 7 1 2 18% 20094 3544 29%
c B  8.43  0 77 55 26984 15 465050 40859 1.7 12 7 1 2 19% 20094 3544 29%
c -  8.44  0 77 56 27021 15 465204 27933 1.7 12 7 1 2 19% 20094 3544 29%
c p  8.44  0 77 56 27021 15 465204 27994 1.7 12 7 1 2 19% 20094 3544 29%
c u  8.45  0 77 56 27021 15 465204 27513 1.7 12 7 1 2 19% 20094 3544 29%
c v  8.46  0 77 56 27021 15 465204 27103 1.7 12 7 1 2 19% 20094 3544 29%
c }  8.56  0 77 56 27735 14 471080 32487 1.8 13 7 1 2 19% 20094 3544 29%
c [  8.56  0 137 56 27735  1 471080 32487 2.1 45 22 2 5 36% 20094 3544 29%
c -  8.67  0 139 57 27739  1 482257 28651 2.1 43 21 2 5 36% 20094 3544 29%
c p  8.68  0 139 57 27739  1 482257 28672 2.1 43 21 2 5 36% 20094 3544 29%
c W  8.86  0 141 57 27747  1 496051 40966 2.0 40 20 2 5 34% 20094 3544 29%
c -  8.90  0 142 58 27749  1 499620 28714 2.0 39 19 2 5 34% 20094 3544 29%
c p  8.90  0 142 58 27749  1 499620 28734 2.0 39 19 2 5 34% 20094 3544 29%
c u  8.90  0 142 58 27749  1 499620 28524 2.0 39 19 2 5 34% 20094 3544 29%
c v  8.90  0 142 58 27749  1 499620 28510 2.0 39 19 2 5 34% 20094 3544 29%
c w  8.90  0 142 58 27749  1 499620 28510 2.0 39 19 2 5 34% 20094 3544 29%
c -  9.20  0 147 59 27755  1 517291 28708 2.1 40 19 2 5 36% 20094 3544 29%
c p  9.20  0 147 59 27755  1 517291 28720 2.1 40 19 2 5 36% 20094 3544 29%
c 
c  seconds   reductions    conflicts         size   tier2      variables
c         MB       restarts       redundant     glue   trail        remaining
c           level        rate          size/glue  tier1  irredundant
c 
c s  9.31  0 147 59 27757  1 523549 34491 2.1 40 19 2 5 36% 20094 3544 29%
c e  9.33  0 147 59 27757  1 523549 28056 2.1 40 19 2 5 36% 20426 3365 27%
c s  9.33  0 147 59 27757  1 523549 27983 2.1 40 19 2 5 36% 20405 3365 27%
c e  9.33  0 147 59 27757  1 523549 27981 2.1 40 19 2 5 36% 20404 3364 27%
c I  9.38  0 146 59 27760  1 528054 32247 2.1 39 19 2 5 36% 20404 3364 27%
c -  9.51  0 146 60 27764  1 535271 26099 2.1 40 19 1 2 36% 20404 3364 27%
c 2  9.51  0 146 60 27764  1 535271 26094 2.1 40 19 1 2 36% 20404 3364 27%
c p  9.51  0 146 60 27764  1 535271 26100 2.1 40 19 1 2 36% 20404 3364 27%
c u  9.52  0 146 60 27764  1 535271 25895 2.1 40 19 1 2 36% 20404 3364 27%
c v  9.52  0 146 60 27764  1 535271 25729 2.1 40 19 1 2 36% 20404 3364 27%
c w  9.52  0 146 60 27764  1 535271 25729 2.1 40 19 1 2 36% 20404 3364 27%
c f  9.52  0 146 60 27764  1 535271 25719 2.1 40 19 1 2 36% 20391 3371 27%
c ]  9.61  0 146 60 27765  1 540127 30297 2.1 40 19 1 2 36% 20391 3371 27%
c {  9.61  0 77 60 27765 14 540127 30297 1.8 13 7 1 2 19% 20391 3371 27%
c -  9.82  0 76 61 28978 14 553565 27775 1.8 13 7 1 2 18% 20391 3371 27%
c p  9.82  0 76 61 28978 14 553565 27795 1.8 13 7 1 2 18% 20391 3371 27%
c u  9.83  0 76 61 28978 14 553565 27619 1.8 13 7 1 2 18% 20391 3371 27%
c v  9.83  0 76 61 28978 14 553565 27380 1.8 13 7 1 2 18% 20391 3371 27%
c f  9.83  0 76 61 28978 14 553565 27378 1.8 13 7 1 2 18% 20390 3372 27%
c W  9.98  0 76 61 29767 14 561055 34140 1.8 13 7 1 2 18% 20390 3372 27%
c 
c  seconds  reductions    conflicts         size  tier2      variables
c         MB      restarts       redundant     glue  trail        remaining
c          level        rate          size/glue tier1  irredundant
c 
c - 10.23  0 75 62 31492 14 572166 29343 1.8 13 7 1 2 18% 20390 3372 27%
c p 10.24  0 75 62 31492 14 572166 29360 1.8 13 7 1 2 18% 20390 3372 27%
c u 10.24  0 75 62 31492 14 572166 29193 1.8 13 7 1 2 18% 20390 3372 27%
c v 10.24  0 75 62 31492 14 572166 28921 1.8 13 7 1 2 18% 20390 3372 27%
c w 10.24  0 75 62 31492 14 572166 28921 1.8 13 7 1 2 18% 20390 3372 27%
c x 10.25  0 75 62 31492 14 572166 28921 1.8 13 7 1 2 18% 20389 3372 27%
c } 10.28  0 76 62 31697 14 573673 30311 1.8 13 7 1 2 18% 20389 3372 27%
c [ 10.28  0 146 62 31697  1 573673 30311 2.1 40 19 1 2 36% 20389 3372 27%
c - 10.71  0 148 63 31698  1 591077 30365 2.1 45 21 1 2 36% 20389 3372 27%
c p 10.72  0 148 63 31698  1 591077 30376 2.1 45 21 1 2 36% 20389 3372 27%
c u 10.73  0 148 63 31698  1 591077 29948 2.1 45 21 1 2 36% 20389 3372 27%
c v 10.73  0 148 63 31698  1 591077 29808 2.1 45 21 1 2 36% 20389 3372 27%
c w 10.73  0 148 63 31698  1 591077 29805 2.1 45 21 1 2 36% 20389 3372 27%
c B 10.84  0 150 63 31698  1 595056 33657 2.1 46 22 1 2 37% 20389 3372 27%
c s 10.96  0 148 63 31699  1 601568 39620 2.1 46 22 1 2 36% 20377 3372 27%
c s 10.97  0 148 63 31699  1 601568 39556 2.1 46 22 1 2 36% 20375 3372 27%
c - 11.25  0 147 64 31699  1 610297 29942 2.2 48 22 1 2 37% 20375 3372 27%
c p 11.25  0 147 64 31699  1 610297 29951 2.2 48 22 1 2 37% 20375 3372 27%
c u 11.26  0 147 64 31699  1 610297 29884 2.2 48 22 1 2 37% 20375 3372 27%
c v 11.26  0 147 64 31699  1 610297 29675 2.2 48 22 1 2 37% 20375 3372 27%
c 
c  seconds   reductions    conflicts         size   tier2      variables
c         MB       restarts       redundant     glue   trail        remaining
c           level        rate          size/glue  tier1  irredundant
c 
c w 11.26  0 147 64 31699  1 610297 29667 2.2 48 22 1 2 37% 20375 3372 27%
c ] 11.34  0 144 64 31699  1 618709 37299 2.1 45 21 1 2 35% 20375 3372 27%
c { 11.34  0 76 64 31699 14 618709 37299 1.8 13 7 1 2 18% 20375 3372 27%
c - 11.55  0 75 65 32951 13 629828 30807 1.8 13 7 1 2 18% 20375 3372 27%
c p 11.55  0 75 65 32951 13 629828 30819 1.8 13 7 1 2 18% 20375 3372 27%
c u 11.56  0 75 65 32951 13 629828 30622 1.8 13 7 1 2 18% 20375 3372 27%
c v 11.56  0 75 65 32951 13 629828 30448 1.8 13 7 1 2 18% 20375 3372 27%
c # 11.57  0 75 65 32979 13 630057 30652 1.8 13 7 1 2 18% 20375 3372 27%
c - 11.98  0 75 66 35637 13 649668 32041 1.8 13 7 1 2 17% 20375 3372 27%
c p 11.98  0 75 66 35637 13 649668 32052 1.8 13 7 1 2 17% 20375 3372 27%
c u 11.99  0 75 66 35637 13 649668 31851 1.8 13 7 1 2 17% 20375 3372 27%
c v 11.99  0 75 66 35637 13 649668 31759 1.8 13 7 1 2 17% 20375 3372 27%
c } 12.05  0 74 66 35926 13 653057 34821 1.8 13 7 1 2 17% 20375 3372 27%
c [ 12.05  0 144 66 35926  1 653057 34821 2.1 45 21 1 2 35% 20375 3372 27%
c W 12.42  0 144 66 35927  1 666058 47353 2.2 47 22 1 2 36% 20375 3372 27%
c - 12.52  0 146 67 35927  1 669818 33395 2.2 49 22 1 2 37% 20375 3372 27%
c p 12.52  0 146 67 35927  1 669818 33404 2.2 49 22 1 2 37% 20375 3372 27%
c u 12.53  0 146 67 35927  1 669818 33260 2.2 49 22 1 2 37% 20375 3372 27%
c v 12.53  0 146 67 35927  1 669818 33162 2.2 49 22 1 2 37% 20375 3372 27%
c w 12.54  0 146 67 35927  1 669818 33160 2.2 49 22 1 2 37% 20375 3372 27%
c 
c  seconds   reductions    conflicts         size   tier2      variables
c         MB       restarts       redundant     glue   trail        remaining
c           level        rate          size/glue  tier1  irredundant
c 
c s 13.02  0 147 67 35927  1 684614 47251 2.3 54 24 1 2 38% 20375 3372 27%
c s 13.04  0 147 67 35927  1 684614 47200 2.3 54 24 1 2 38% 20375 3372 27%
c - 13.17  0 149 68 35927  1 690278 33184 2.2 54 24 1 2 38% 20375 3372 27%
c p 13.18  0 149 68 35927  1 690278 33192 2.2 54 24 1 2 38% 20375 3372 27%
c u 13.18  0 149 68 35927  1 690278 33068 2.2 54 24 1 2 38% 20375 3372 27%
c v 13.19  0 149 68 35927  1 690278 33033 2.2 54 24 1 2 38% 20375 3372 27%
c w 13.19  0 149 68 35927  1 690278 33030 2.2 54 24 1 2 38% 20375 3372 27%
c ] 13.27  0 149 68 35927  1 693340 35990 2.2 55 24 1 2 38% 20375 3372 27%
c { 13.27  0 74 68 35927 13 693340 35990 1.8 13 7 1 2 17% 20375 3372 27%
c B 13.48  0 74 68 37259 13 703059 44900 1.8 13 8 1 2 17% 20375 3372 27%
c - 13.70  0 75 69 38496 13 711048 34699 1.8 14 8 1 2 17% 20375 3372 27%
c p 13.70  0 75 69 38496 13 711048 34709 1.8 14 8 1 2 17% 20375 3372 27%
c u 13.72  0 75 69 38496 13 711048 34506 1.8 14 8 1 2 17% 20375 3372 27%
c v 13.72  0 75 69 38496 13 711048 34217 1.8 14 8 1 2 17% 20375 3372 27%
c } 14.05  0 75 69 40422 13 726067 48031 1.8 14 8 1 2 17% 20375 3372 27%
c [ 14.05  0 149 69 40422  1 726067 48031 2.2 55 24 1 2 38% 20375 3372 27%
c - 14.18  0 148 70 40422  1 732128 36012 2.3 55 24 1 2 39% 20375 3372 27%
c p 14.18  0 148 70 40422  1 732128 36022 2.3 55 24 1 2 39% 20375 3372 27%
c = 14.22  0 148 70 40422  1 732128 36022 2.3 55 24 1 2 39% 20375 3370 27%
c u 14.22  0 148 70 40422  1 732128 35933 2.3 55 24 1 2 39% 20375 3370 27%
c 
c  seconds   reductions    conflicts         size   tier2      variables
c         MB       restarts       redundant     glue   trail        remaining
c           level        rate          size/glue  tier1  irredundant
c 
c v 14.23  0 148 70 40422  1 732128 35763 2.3 55 24 1 2 39% 20375 3370 27%
c w 14.23  0 148 70 40422  1 732128 35762 2.3 55 24 1 2 39% 20375 3370 27%
c t 14.23  0 148 70 40422  1 732128 35761 2.3 55 24 1 2 39% 20375 3370 27%
c O 14.42  0 149 70 40422  1 741065 44250 2.3 56 25 1 2 39% 20375 3370 27%
c - 14.65  0 146 71 40422  1 753521 36257 2.3 57 25 1 2 38% 20375 3370 27%
c p 14.65  0 146 71 40422  1 753521 36267 2.3 57 25 1 2 38% 20375 3370 27%
c u 14.66  0 146 71 40422  1 753521 36119 2.3 57 25 1 2 38% 20375 3370 27%
c v 14.66  0 146 71 40422  1 753521 35978 2.3 57 25 1 2 38% 20375 3370 27%
c w 14.66  0 146 71 40422  1 753521 35978 2.3 57 25 1 2 38% 20375 3370 27%
c f 14.66  0 146 71 40422  1 753521 35977 2.3 57 25 1 2 38% 20373 3371 27%
c s 15.14  0 149 71 40429  1 772851 54073 2.3 58 26 1 2 40% 20373 3371 27%
c s 15.16  0 149 71 40429  1 772851 54019 2.3 58 26 1 2 40% 20373 3371 27%
c ^ 15.16  0 149 71 40429  1 772851 54019 2.3 58 26 1 2 40% 20373 3371 27%
c - 15.21  0 150 72 40429  1 775223 35488 2.3 58 25 1 2 40% 20373 3371 27%
c p 15.21  0 150 72 40429  1 775223 35497 2.3 58 25 1 2 40% 20373 3371 27%
c u 15.21  0 150 72 40429  1 775223 35437 2.3 58 25 1 2 40% 20373 3371 27%
c v 15.21  0 150 72 40429  1 775223 35423 2.3 58 25 1 2 40% 20373 3371 27%
c w 15.22  0 150 72 40429  1 775223 35422 2.3 58 25 1 2 40% 20373 3371 27%
c B 15.34  0 152 72 40433  1 780066 40027 2.3 59 26 1 2 41% 20373 3371 27%
c ] 15.49  0 152 72 40437  1 789179 48645 2.3 58 26 1 2 41% 20373 3371 27%
c 
c  seconds  reductions    conflicts         size  tier2      variables
c         MB      restarts       redundant     glue  trail        remaining
c          level        rate          size/glue tier1  irredundant
c 
c { 15.49  0 75 72 40437 13 789179 48645 1.8 14 8 1 2 17% 20373 3371 27%
c - 15.68  0 75 73 41392 13 797237 37052 1.8 14 8 1 2 17% 20373 3371 27%
c p 15.68  0 75 73 41392 13 797237 37061 1.8 14 8 1 2 17% 20373 3371 27%
c u 15.69  0 75 73 41392 13 797237 36946 1.8 14 8 1 2 17% 20373 3371 27%
c v 15.69  0 75 73 41392 13 797237 36802 1.8 14 8 1 2 17% 20373 3371 27%
c w 15.69  0 75 73 41392 13 797237 36802 1.8 14 8 1 2 17% 20373 3371 27%
c - 16.25  0 75 74 44469 13 819559 38621 1.8 14 8 1 2 17% 20373 3371 27%
c p 16.26  0 75 74 44469 13 819559 38630 1.8 14 8 1 2 17% 20373 3371 27%
c u 16.32  0 75 74 44469 13 819559 38512 1.8 14 8 1 2 17% 20373 3371 27%
c v 16.33  0 75 74 44469 13 819559 38060 1.8 14 8 1 2 17% 20373 3371 27%
c w 16.33  0 75 74 44469 13 819559 38060 1.8 14 8 1 2 17% 20373 3371 27%
c W 16.44  0 75 74 44539 13 820068 38529 1.8 14 8 1 2 17% 20373 3371 27%
c } 16.52  0 75 74 45028 13 823641 41846 1.8 14 8 1 2 17% 20373 3371 27%
c [ 16.52  0 152 74 45028  1 823641 41846 2.3 58 26 1 2 41% 20373 3371 27%
c - 16.92  0 150 75 45035  1 842194 39882 2.2 58 26 1 2 40% 20373 3371 27%
c p 16.93  0 150 75 45035  1 842194 39889 2.2 58 26 1 2 40% 20373 3371 27%
c u 16.93  0 150 75 45035  1 842194 39698 2.2 58 26 1 2 40% 20373 3371 27%
c v 16.94  0 150 75 45035  1 842194 39594 2.2 58 26 1 2 40% 20373 3371 27%
c w 16.94  0 150 75 45035  1 842194 39594 2.2 58 26 1 2 40% 20373 3371 27%
c W 17.13  0 145 75 45043  1 861069 56686 2.2 52 23 1 2 37% 20373 3371 27%
c 
c  seconds   reductions    conflicts         size   tier2      variables
c         MB       restarts       redundant     glue   trail        remaining
c           level        rate          size/glue  tier1  irredundant
c 
c - 17.18  0 144 76 45044  1 865137 39779 2.2 51 23 1 2 37% 20373 3371 27%
c p 17.18  0 144 76 45044  1 865137 39785 2.2 51 23 1 2 37% 20373 3371 27%
c s 17.22  0 144 76 45044  1 866287 40561 2.2 50 23 1 2 37% 20373 3371 27%
c e 17.23  0 144 76 45044  1 866287 30643 2.2 50 23 1 2 37% 21317 3037 25%
c s 17.24  0 144 76 45044  1 866287 30523 2.2 50 23 1 2 37% 21253 3037 25%
c e 17.25  0 144 76 45044  1 866287 30484 2.2 50 23 1 2 37% 21264 3033 25%
c - 17.54  0 144 77 45050  1 888391 31894 2.2 47 21 1 2 36% 21264 3033 25%
c p 17.54  0 144 77 45050  1 888391 31906 2.2 47 21 1 2 36% 21264 3033 25%
c u 17.55  0 144 77 45050  1 888391 31834 2.2 47 21 1 2 36% 21264 3033 25%
c v 17.55  0 144 77 45050  1 888391 31585 2.2 47 21 1 2 36% 21264 3033 25%
c w 17.55  0 144 77 45050  1 888391 31585 2.2 47 21 1 2 36% 21264 3033 25%
c f 17.56  0 144 77 45050  1 888391 31584 2.2 47 21 1 2 36% 21196 3046 25%
c I 17.79  0 141 77 45058  1 903071 45461 2.2 46 21 1 2 35% 21196 3046 25%
c - 17.99  0 142 78 45059  1 911956 33595 2.2 48 22 1 2 38% 21196 3046 25%
c p 17.99  0 142 78 45059  1 911956 33652 2.2 48 22 1 2 38% 21196 3046 25%
c u 18.00  0 142 78 45059  1 911956 33520 2.2 48 22 1 2 38% 21196 3046 25%
c v 18.01  0 142 78 45059  1 911956 33428 2.2 48 22 1 2 38% 21196 3046 25%
c w 18.01  0 142 78 45059  1 911956 33425 2.2 48 22 1 2 38% 21196 3046 25%
c f 18.01  0 142 78 45059  1 911956 33415 2.2 48 22 1 2 38% 21181 3051 25%
c ] 18.05  0 143 78 45059  1 913993 35379 2.2 48 22 1 2 38% 21181 3051 25%
c 
c  seconds  reductions    conflicts         size  tier2      variables
c         MB      restarts       redundant     glue  trail        remaining
c          level        rate          size/glue tier1  irredundant
c 
c { 18.05  0 75 78 45059 13 913993 35379 1.8 14 8 1 2 21% 21181 3051 25%
c - 18.49  0 75 79 47310 13 935831 35824 1.8 14 8 1 2 20% 21181 3051 25%
c p 18.50  0 75 79 47310 13 935831 35857 1.8 14 8 1 2 20% 21181 3051 25%
c u 18.55  0 75 79 47310 13 935831 35518 1.8 14 8 1 2 20% 21181 3051 25%
c v 18.55  0 75 79 47310 13 935831 35199 1.8 14 8 1 2 20% 21181 3051 25%
c w 18.55  0 75 79 47310 13 935831 35199 1.8 14 8 1 2 20% 21181 3051 25%
c F 18.72  0 74 79 48069 12 946072 44499 1.8 15 8 1 2 20% 21181 3051 25%
c } 19.06  0 74 79 49844 13 959162 56542 1.8 15 8 1 2 20% 21181 3051 25%
c [ 19.06  0 143 79 49844  1 959162 56542 2.2 48 22 1 2 38% 21181 3051 25%
c - 19.07  0 143 80 49844  1 960015 37352 2.2 48 22 1 2 38% 21181 3051 25%
c p 19.07  0 143 80 49844  1 960015 37381 2.2 48 22 1 2 38% 21181 3051 25%
c u 19.08  0 143 80 49844  1 960015 37015 2.2 48 22 1 2 38% 21181 3051 25%
c v 19.08  0 143 80 49844  1 960015 36753 2.2 48 22 1 2 38% 21181 3051 25%
c w 19.08  0 143 80 49844  1 960015 36753 2.2 48 22 1 2 38% 21181 3051 25%
c s 19.33  0 143 80 49852  1 973052 48857 2.2 48 22 1 2 38% 21176 3051 25%
c e 19.34  0 143 80 49852  1 973052 48526 2.2 48 22 1 2 38% 21184 3049 25%
c s 19.35  0 143 80 49852  1 973052 48437 2.2 48 22 1 2 38% 21184 3049 25%
c ^ 19.35  0 143 80 49852  1 973052 48437 2.2 48 22 1 2 38% 21184 3049 25%
c - 19.57  0 144 81 49858  1 984510 37546 2.2 49 23 1 2 38% 21184 3049 25%
c p 19.57  0 144 81 49858  1 984510 37574 2.2 49 23 1 2 38% 21184 3049 25%
c 
c  seconds   reductions    conflicts         size   tier2      variables
c         MB       restarts       redundant     glue   trail        remaining
c           level        rate          size/glue  tier1  irredundant
c 
c u 19.58  0 144 81 49858  1 984510 37492 2.2 49 23 1 2 38% 21184 3049 25%
c v 19.58  0 144 81 49858  1 984510 37356 2.2 49 23 1 2 38% 21184 3049 25%
c w 19.58  0 144 81 49858  1 984510 37351 2.2 49 23 1 2 38% 21184 3049 25%
c B 19.66  0 144 81 49859  1 990073 42577 2.2 49 22 1 2 38% 21184 3049 25%
c ] 19.86  0 145 81 49860  1 1000000 52031 2.2 50 23 1 2 39% 21184 3049 25%
c ? 19.86  0 145 81 49860  1 1000000 52031 2.2 50 23 1 2 39% 21184 3049 25%
c 
c --- [ result ] -------------------------------------------------------------
c 
c UNKNOWN
c 
c --- [ run-time profiling ] -------------------------------------------------
c 
c process time taken by individual solving procedures
c (percentage relative to process time for solving)
c 
c        18.06   90.97% search
c        10.75   54.16% stable
c         6.94   34.93% unstable
c         1.79    9.02% simplify
c         0.41    2.05% vivify
c         0.37    1.88% walk
c         0.37    1.86% sweep
c         0.30    1.49% subsume
c         0.22    1.09% factor
c         0.18    0.89% congruence
c         0.11    0.55% elim
c         0.05    0.23% preprocess
c         0.04    0.22% probe
c         0.04    0.18% ternary
c         0.02    0.08% backbone
c         0.01    0.05% fastelim
c         0.01    0.04% parse
c         0.00    0.01% lucky
c   =================================
c        19.86   99.96% solve
c 
c last line shows process time for solving
c (percentage relative to total process time)
c 
c --- [ statistics ] ---------------------------------------------------------
c 
c chronological:            281185        28.12 %  of conflicts
c conflicts:               1000000     50360.83    per second
c backbone:                1092129      8418.48 %  of vars
c decisions:               5788978    291537.75    per second
c eliminated:                 6961        53.66 %  of all variables
c factored:                    637        20.87 %  of variables
c fixed:                       943         7.27 %  of all variables
c learned:                  958184        95.82 %  per conflict
c learned_lits:           38533983       100.00 %  learned literals
c minimized:                     0         0.00 %  learned literals
c shrunken:                1345257         3.49 %  learned literals
c minishrunken:            3236110         8.40 %  learned literals
c otfs:                      25901         2.59 %  of conflict
c propagations:          106324777         5.35 M  per second
c reduced:                  818481        81.85 %  per conflict
c rephased:                     44     22727.27    interval
c restarts:                  49860        20.06    interval
c stabilizing:                  20        62.30 %  of conflicts
c substituted:                2020        15.57 %  of all variables
c sweep equivs:                522        11.99 %  of swept variables
c subsumed:                  51827         4.88 %  of all clauses
c strengthened:              54020         5.09 %  of all clauses
c ticks:                1385787305        13.32    propagation
c vivified:                   6098         0.57 %  of all clauses
c walked:                       13     76923.08    interval
c weakened:                  42065         2.91    average size
c congruence:                   29     34482.76    interval
c 
c seconds are measured in process time for solving
c 
c --- [ glue usage ] ---------------------------------------------------------
c 
c focused glue 1 used 1622534 clauses 71.30% accumulated 71.30% tier1
c focused glue 2 used 322966 clauses 14.19% accumulated 85.49% tier2
c 
c stable glue 1 used 3207452 clauses 55.20% accumulated 55.20% tier1
c stable glue 2 used 760944 clauses 13.09% accumulated 68.30% tier2
c 
c 
c --- [ resources ] ----------------------------------------------------------
c 
c total process time since initialization:        19.86    seconds
c total real time since initialization:           19.90    seconds
c maximum resident set size of process:        95280.00    MB
c 
c --- [ shutting down ] ------------------------------------------------------
c 
c exit 0
