c --- [ banner ] -------------------------------------------------------------
c 
c CaDiCaL SAT Solver
c Copyright (c) 2016-2025
c A. Biere, M. Fleury, N. Froleyks, K. Fazekas, F. Pollitt, T. Faller
c JKU Linz, University of Freiburg, TU Wien
c 
c Version 3.0.0
c Apple clang version 17.0.0 (clang-1700.6.3.2) -Wall -Wextra -O3 -DNDEBUG -DNCLOSEFROM
c Tue Dec 23 21:53:38 UTC 2025 Darwin Tahoe-arm64.local 25.2.0 arm64
c 
c --- [ limit ] --------------------------------------------------------------
c 
c setting conflict limit to 1000000 conflicts (due to '1000000')
c 
c --- [ parsing input ] ------------------------------------------------------
c 
c reading DIMACS file from '/tmp/sr59_cnfs/aux_force_sr59_n32_bit31_m17149975_fillffffffff.cnf'
c opening file to read '/tmp/sr59_cnfs/aux_force_sr59_n32_bit31_m17149975_fillffffffff.cnf'
c found 'p cnf 12336 51511' header
c parsed 51511 clauses in 0.01 seconds process time
c 
c --- [ options ] ------------------------------------------------------------
c 
c   --seed=1                       (different from default '0')
c 
c --- [ solving ] ------------------------------------------------------------
c 
c time measured in process time since initialization
c 
c  seconds  reduction conflicts       size tier2       variables
c         MB    restarts   redundant    glue  trail         remaining
c          level     rate       size/glu tier1  irredundant
c 
c *  0.01  0  0 0   0  0    0    0 0.0 0 0 2 6  0% 50998 11855 96%
c (  0.01  0  0 0   0  0    0    0 0.0 0 0 2 6  0% 50998 11855 96%
c .  0.01  0  0 0   0  0    0    0 0.0 0 0 2 6  0% 49974 11855 96%
c c  0.03  0  0 0   0  0    0    0 0.0 0 0 2 6  0% 47282 11393 92%
c d  0.03  0  0 0   0  0    0    0 0.0 0 0 2 6  0% 43238 10059 82%
c 2  0.03  0  0 0   0  0    0    0 0.0 0 0 2 6  0% 43094 10059 82%
c f  0.04  0  0 0   0  0    0    0 0.0 0 0 2 6  0% 42828 10325 84%
c e  0.05  0  0 0   0  0    0    0 0.0 0 0 2 6  0% 28841 5304 43%
c P  0.06  0  0 0   0  0    0    0 0.0 0 0 2 6  0% 28841 5304 43%
c )  0.06  0  0 0   0  0    0    0 0.0 0 0 2 6  0% 28841 5304 43%
c {  0.06  0  0 0   0  0    0    0 0.0 0 0 2 6  0% 28841 5304 43%
c -  0.06  0 945 1   8 35  302  246 1.5 4 3 2 6 19% 28841 5304 43%
c -  0.06  0 444 2  20 23  736  572 1.6 4 3 2 6 14% 28841 5304 43%
c }  0.06  0 371 2  37 22 1002  795 1.7 4 3 2 6 13% 28841 5304 43%
c [  0.06  0  0 2  37  0 1002  795 0.0 0 0 2 6  0% 28841 5304 43%
c O  0.06  0 1917 2  37 1918 1003  796 2.0 8 4 2 6 39% 28841 5304 43%
c ]  0.07  0 1914 2  37  9 1268 1022 1.9 55 29 2 6 41% 28841 5304 43%
c {  0.07  0 371 2  37 22 1268 1022 1.7 4 3 2 6 13% 28841 5304 43%
c -  0.07  0 334 3  71 22 1415  938 1.6 4 3 2 6 13% 28841 5304 43%
c p  0.08  0 243 3 209 23 2216 1597 1.6 5 3 2 6 27% 28829 5289 43%
c 
c  seconds   reduction conflicts       size tier2      variables
c         MB     restarts   redundant    glue  trail        remaining
c           level     rate       size/glu tier1  irredundant
c 
c c  0.09  0 243 3 209 23 2216 1597 1.6 5 3 2 6 27% 28805 5289 43%
c d  0.09  0 243 3 209 23 2216 1582 1.6 5 3 2 6 27% 28787 5280 43%
c t  0.09  0 243 3 209 23 2216 1582 1.6 5 3 2 6 27% 28786 5280 43%
c -  0.09  0 235 4 244 24 2355 1534 1.6 5 3 2 6 24% 28786 5280 43%
c }  0.09  0 234 4 245 24 2357 1536 1.6 5 3 2 6 24% 28786 5280 43%
c [  0.09  0 1914 4 245  9 2357 1536 1.9 55 29 2 6 97% 28786 5280 43%
c I  0.10  0 659 4 245  4 3006 2094 2.0 28 14 2 6 38% 28786 5280 43%
c -  0.11  0 450 5 246  4 3570 2097 1.9 23 12 2 6 33% 28786 5280 43%
c s  0.11  0 363 5 246  3 4210 2609 1.9 21 11 2 6 31% 28778 5280 43%
c t  0.11  0 363 5 246  3 4210 2609 1.9 21 11 2 6 31% 28775 5280 43%
c e  0.13  0 363 5 246  3 4210 2398 1.9 21 11 2 6 31% 28739 4987 40%
c s  0.13  0 363 5 246  3 4210 2340 1.9 21 11 2 6 31% 28617 4987 40%
c ]  0.13  0 343 5 247  3 4519 2622 1.9 21 11 2 6 31% 28617 4987 40%
c {  0.13  0 234 5 247 24 4519 2622 1.6 5 3 2 6 24% 28617 4987 40%
c c  0.15  0 228 5 300 25 4716 2753 1.6 5 3 2 6 23% 28589 4976 40%
c d  0.15  0 228 5 300 25 4716 2749 1.6 5 3 2 6 23% 28581 4972 40%
c =  0.15  0 228 5 300 25 4716 2749 1.6 5 3 2 6 23% 28525 4930 40%
c -  0.16  0 208 6 378 25 5063 2182 1.6 5 3 2 3 19% 28525 4930 40%
c O  0.17  0 176 6 506 22 6007 2964 1.6 6 3 2 3 15% 28525 4930 40%
c }  0.17  0 159 6 628 22 6748 3607 1.6 6 4 2 3 14% 28525 4930 40%
c 
c  seconds   reduction conflicts       size   tier2      variables
c         MB     restarts   redundant     glue   trail        remaining
c           level     rate       size/glue  tier1  irredundant
c 
c [  0.17  0 343 6 628  3 6748 3607 1.9 21 11 2 6 31% 28525 4930 40%
c -  0.17  0 334 7 628  3 6841 3065 1.9 21 11 2 6 31% 28525 4930 40%
c c  0.19  0 302 7 628  3 7319 3428 2.1 24 12 3 9 32% 28473 4917 40%
c d  0.19  0 302 7 628  3 7319 3382 2.1 24 12 3 9 32% 28451 4906 40%
c =  0.19  0 302 7 628  3 7319 3382 2.1 24 12 3 9 32% 28411 4876 40%
c f  0.20  0 302 7 628  3 7319 3382 2.1 24 12 3 9 31% 28227 5056 41%
c -  0.21  0 228 8 629  3 8908 3518 2.0 20 10 3 9 24% 28227 5056 41%
c B  0.23  0 218 8 630  3 10009 4448 2.1 25 12 2 3 26% 28227 5056 41%
c ]  0.24  0 212 8 630  3 10321 4731 2.1 24 12 2 3 26% 28227 5056 41%
c {  0.24  0 159 8 630 22 10321 4731 1.6 6 4 2 3 14% 28227 5056 41%
c -  0.25  0 141 9 736 20 11267 4178 1.6 6 4 2 3 13% 28227 5056 41%
c d  0.27  0 126 9 945 18 12802 5104 1.6 6 4 2 3 13% 28225 5024 41%
c =  0.27  0 126 9 945 18 12802 4969 1.6 6 4 2 3 13% 28201 4918 40%
c t  0.27  0 126 9 945 18 12802 4968 1.6 6 4 2 3 13% 28201 4918 40%
c -  0.29  0 118 10 1186 18 13920 3800 1.6 6 4 1 2 13% 28201 4918 40%
c s  0.30  0 115 10 1243 18 14296 3940 1.6 6 4 1 2 14% 27068 4918 40%
c t  0.30  0 115 10 1243 18 14296 3935 1.6 6 4 1 2 14% 27068 4918 40%
c e  0.30  0 115 10 1243 18 14296 3575 1.6 6 4 1 2 14% 27063 4736 38%
c s  0.31  0 115 10 1243 18 14296 3509 1.6 6 4 1 2 14% 26885 4736 38%
c }  0.31  0 116 10 1265 18 14407 3610 1.6 7 4 1 2 14% 26882 4736 38%
c 
c  seconds   reductions   conflicts       size   tier2      variables
c         MB      restarts     redundant     glue   trail        remaining
c           level       rate        size/glue  tier1  irredundant
c 
c [  0.31  0 212 10 1265  3 14407 3610 2.1 24 12 2 3 29% 26882 4736 38%
c W  0.32  0 204 10 1265  3 15011 4175 2.1 25 12 2 3 30% 26882 4736 38%
c 2  0.33  0 209 10 1266  3 15667 4744 2.2 25 11 2 3 32% 26882 4736 38%
c d  0.33  0 209 10 1266  3 15667 4729 2.2 25 11 2 3 32% 26882 4729 38%
c c  0.34  0 209 10 1266  3 15667 4729 2.2 25 11 2 3 32% 26802 4729 38%
c d  0.34  0 209 10 1266  3 15667 4708 2.2 25 11 2 3 32% 26790 4723 38%
c =  0.34  0 209 10 1266  3 15667 4708 2.2 25 11 2 3 32% 26789 4706 38%
c f  0.35  0 209 10 1266  3 15667 4708 2.2 25 11 2 3 32% 26747 4745 38%
c -  0.38  0 206 11 1266  3 16869 3743 2.1 28 13 2 3 31% 26747 4745 38%
c c  0.41  0 201 11 1267  3 18609 5253 2.2 30 14 2 3 32% 26741 4744 38%
c =  0.41  0 201 11 1267  3 18609 5242 2.2 30 14 2 3 32% 26671 4692 38%
c u  0.42  0 201 11 1267  3 18609 4768 2.2 30 14 2 3 32% 26670 4692 38%
c v  0.42  0 201 11 1267  3 18609 4693 2.2 30 14 2 3 32% 26670 4692 38%
c w  0.42  0 201 11 1267  3 18609 4689 2.2 30 14 2 3 32% 26670 4692 38%
c x  0.42  0 201 11 1267  3 18609 4689 2.2 30 14 2 3 32% 26632 4692 38%
c t  0.42  0 201 11 1267  3 18609 4688 2.2 30 14 2 3 32% 26630 4692 38%
c ]  0.42  0 200 11 1267  3 19052 5093 2.1 29 14 2 3 32% 26630 4692 38%
c {  0.42  0 116 11 1267 18 19052 5093 1.6 7 4 1 2 14% 26630 4692 38%
c -  0.44  0 111 12 1511 19 20116 3813 1.6 7 4 1 2 14% 26630 4692 38%
c #  0.45  0 108 12 1622 18 21012 4601 1.6 7 4 1 2 14% 26630 4692 38%
c 
c  seconds   reductions   conflicts       size tier2      variables
c         MB      restarts     redundant    glue  trail        remaining
c           level       rate        size/glu tier1  irredundant
c 
c d  0.45  0 107 12 1708 18 21619 5089 1.6 7 4 1 2 14% 26629 4680 38%
c c  0.46  0 107 12 1708 18 21619 5087 1.6 7 4 1 2 14% 26563 4680 38%
c =  0.47  0 107 12 1708 18 21619 5060 1.6 7 4 1 2 14% 26499 4604 37%
c f  0.47  0 107 12 1708 18 21619 5059 1.6 7 4 1 2 14% 26481 4620 37%
c -  0.50  0 103 13 2138 18 23662 4737 1.6 7 4 1 2 14% 26481 4620 37%
c }  0.51  0 102 13 2301 19 24406 5421 1.6 7 5 1 2 14% 26481 4620 37%
c [  0.51  0 200 13 2301  3 24406 5421 2.1 29 14 2 3 32% 26481 4620 37%
c d  0.51  0 196 13 2301  3 24695 5630 2.1 29 14 2 3 32% 26481 4613 37%
c c  0.52  0 196 13 2301  3 24695 5630 2.1 29 14 2 3 32% 26451 4613 37%
c d  0.52  0 196 13 2301  3 24695 5620 2.1 29 14 2 3 32% 26445 4610 37%
c 2  0.52  0 196 13 2301  3 24695 5620 2.1 29 14 2 3 32% 26443 4610 37%
c =  0.52  0 196 13 2301  3 24695 5620 2.1 29 14 2 3 32% 26431 4536 37%
c -  0.56  0 191 14 2302  2 27507 5328 2.1 32 15 2 3 33% 26431 4536 37%
c c  0.58  0 191 14 2302  2 27833 5612 2.1 33 15 2 3 33% 26397 4534 37%
c =  0.58  0 191 14 2302  2 27833 5599 2.1 33 15 2 3 33% 26382 4480 36%
c f  0.59  0 191 14 2302  2 27833 5597 2.1 33 15 2 3 33% 26374 4487 36%
c O  0.60  0 191 14 2302  2 28014 5759 2.1 34 16 2 3 33% 26374 4487 36%
c s  0.61  0 182 14 2304  2 29329 6803 2.1 32 15 2 3 31% 24883 4487 36%
c e  0.61  0 182 14 2304  2 29329 6164 2.1 32 15 2 3 31% 22213 4043 33%
c s  0.62  0 182 14 2304  2 29329 6130 2.1 32 15 2 3 31% 22172 4043 33%
c 
c  seconds   reductions   conflicts       size   tier2      variables
c         MB      restarts     redundant     glue   trail        remaining
c           level       rate        size/glue  tier1  irredundant
c 
c -  0.66  0 176 15 2305  2 31654 5151 2.2 35 16 2 3 39% 22166 4043 33%
c 2  0.67  0 176 15 2305  2 31654 5135 2.2 35 16 2 3 39% 22166 4043 33%
c c  0.67  0 176 15 2305  2 31654 5127 2.2 35 16 2 3 39% 22137 4039 33%
c d  0.67  0 176 15 2305  2 31654 5118 2.2 35 16 2 3 39% 22131 4036 33%
c 2  0.67  0 176 15 2305  2 31654 5118 2.2 35 16 2 3 39% 22130 4036 33%
c u  0.68  0 176 15 2305  2 31654 4137 2.2 35 16 2 3 39% 22130 4036 33%
c v  0.68  0 176 15 2305  2 31654 4097 2.2 35 16 2 3 39% 22130 4036 33%
c ]  0.68  0 175 15 2305  2 31851 4281 2.2 35 16 2 3 39% 22130 4036 33%
c {  0.68  0 102 15 2305 19 31851 4281 1.6 7 5 1 2 17% 22130 4036 33%
c B  0.73  0 96 15 2979 18 36015 8020 1.6 8 5 1 2 16% 22130 4036 33%
c -  0.73  0 96 16 3001 18 36102 5403 1.6 8 5 1 2 16% 22130 4036 33%
c p  0.73  0 96 16 3001 18 36102 5426 1.6 8 5 1 2 16% 22130 4035 33%
c f  0.74  0 96 16 3001 18 36102 5421 1.6 8 5 1 2 16% 22123 4045 33%
c }  0.79  0 93 16 3656 18 39704 8689 1.6 8 5 1 2 17% 22123 4045 33%
c [  0.79  0 175 16 3656  2 39704 8689 2.2 35 16 2 3 39% 22123 4045 33%
c -  0.80  0 172 17 3657  2 40853 6478 2.2 35 16 2 3 41% 22123 4045 33%
c p  0.80  0 172 17 3657  2 40853 6479 2.2 35 16 2 3 41% 22123 4045 33%
c f  0.82  0 172 17 3657  2 40853 6473 2.2 35 16 2 3 40% 22123 4051 33%
c B  0.87  0 164 17 3659  2 45016 10405 2.1 35 16 2 3 36% 22123 4051 33%
c -  0.87  0 159 18 3659  2 45907 7076 2.1 34 16 2 3 33% 22123 4051 33%
c 
c  seconds   reductions   conflicts       size   tier2      variables
c         MB      restarts     redundant     glue   trail        remaining
c           level       rate        size/glue  tier1  irredundant
c 
c u  0.88  0 159 18 3659  2 45907 6734 2.1 34 16 2 3 33% 22123 4051 33%
c v  0.88  0 159 18 3659  2 45907 6563 2.1 34 16 2 3 33% 22123 4051 33%
c w  0.88  0 159 18 3659  2 45907 6563 2.1 34 16 2 3 33% 22123 4051 33%
c s  0.95  0 161 18 3660  2 48970 9319 2.1 38 18 2 3 36% 22086 4051 33%
c t  0.96  0 161 18 3660  2 48970 9318 2.1 38 18 2 3 36% 22086 4051 33%
c e  0.96  0 161 18 3660  2 48970 8369 2.1 38 18 2 3 36% 22083 4040 33%
c s  0.96  0 161 18 3660  2 48970 8336 2.1 38 18 2 3 36% 22076 4040 33%
c ]  0.98  0 162 18 3660  2 49637 8938 2.1 39 18 2 3 37% 22075 4040 33%
c {  0.98  0 93 18 3660 18 49637 8938 1.6 8 5 1 2 17% 22075 4040 33%
c -  1.00  0 92 19 3982 18 51264 6741 1.6 8 5 1 2 17% 22075 4040 33%
c 2  1.00  0 92 19 3982 18 51264 6735 1.6 8 5 1 2 17% 22075 4040 33%
c p  1.00  0 92 19 3982 18 51264 6892 1.6 8 5 1 2 17% 22075 4039 33%
c f  1.00  0 92 19 3982 18 51264 6882 1.6 8 5 1 2 17% 22072 4048 33%
c W  1.06  0 89 19 4580 18 55017 10205 1.6 8 5 1 2 17% 22072 4048 33%
c -  1.09  0 89 20 4895 18 56926 7945 1.6 9 5 1 2 16% 22072 4048 33%
c d  1.09  0 89 20 4895 18 56926 7941 1.6 9 5 1 2 16% 22072 4047 33%
c 2  1.09  0 89 20 4895 18 56926 7940 1.6 9 5 1 2 16% 22072 4047 33%
c u  1.10  0 89 20 4895 18 56926 7258 1.6 9 5 1 2 16% 22072 4047 33%
c v  1.10  0 89 20 4895 18 56926 7099 1.6 9 5 1 2 16% 22072 4047 33%
c f  1.11  0 89 20 4895 18 56926 7096 1.6 9 5 1 2 16% 22074 4048 33%
c 
c  seconds  reductions   conflicts       size tier2      variables
c         MB     restarts     redundant    glue  trail        remaining
c          level       rate        size/glu tier1  irredundant
c 
c }  1.14  0 87 20 5245 17 59506 9383 1.7 9 5 1 2 16% 22074 4048 33%
c [  1.14  0 162 20 5245  2 59506 9383 2.1 39 18 2 3 37% 22074 4048 33%
c -  1.19  0 160 21 5245  2 62890 8232 2.2 41 19 2 3 39% 22074 4048 33%
c p  1.19  0 160 21 5245  2 62890 8221 2.2 41 19 2 3 39% 22074 4046 33%
c c  1.20  0 160 21 5245  2 62890 8221 2.2 41 19 2 3 39% 22056 4046 33%
c f  1.20  0 160 21 5245  2 62890 8206 2.2 41 19 2 3 39% 22049 4049 33%
c W  1.27  0 161 21 5245  2 66018 11176 2.2 42 20 2 3 38% 22049 4049 33%
c -  1.30  0 159 22 5248  2 69159 8648 2.1 41 19 2 3 37% 22049 4049 33%
c p  1.30  0 159 22 5248  2 69159 8711 2.1 41 19 2 3 37% 22049 4049 33%
c f  1.30  0 159 22 5248  2 69159 8684 2.1 41 19 2 3 37% 22064 4061 33%
c ]  1.36  0 162 22 5250  2 72169 11470 2.1 43 21 1 2 38% 22064 4061 33%
c {  1.36  0 87 22 5250 17 72169 11470 1.7 9 5 1 2 16% 22064 4061 33%
c s  1.39  0 87 22 5494 17 73471 12522 1.7 9 5 1 2 16% 22062 4061 33%
c t  1.39  0 87 22 5494 17 73471 12521 1.7 9 5 1 2 16% 22062 4061 33%
c e  1.39  0 87 22 5494 17 73471 12511 1.7 9 5 1 2 16% 22053 4053 33%
c s  1.39  0 87 22 5494 17 73471 12479 1.7 9 5 1 2 16% 22053 4053 33%
c ^  1.39  0 87 22 5494 17 73471 12479 1.7 9 5 1 2 16% 22053 4053 33%
c -  1.43  0 86 23 5926 17 75733 9264 1.7 9 5 1 2 16% 22053 4053 33%
c p  1.43  0 86 23 5926 17 75733 9497 1.7 9 5 1 2 16% 22053 4053 33%
c u  1.44  0 86 23 5926 17 75733 8864 1.7 9 5 1 2 16% 22053 4053 33%
c 
c  seconds  reductions   conflicts       size tier2      variables
c         MB     restarts     redundant    glue  trail        remaining
c          level       rate        size/glu tier1  irredundant
c 
c v  1.44  0 86 23 5926 17 75733 8666 1.7 9 5 1 2 16% 22053 4053 33%
c F  1.48  0 86 23 6327 17 78020 10753 1.7 9 5 1 2 17% 22053 4053 33%
c }  1.55  0 85 23 7119 17 82260 14573 1.7 9 6 1 2 17% 22053 4053 33%
c [  1.55  0 162 23 7119  2 82260 14573 2.1 43 21 1 2 38% 22053 4053 33%
c -  1.55  0 162 24 7119  2 82612 9907 2.1 43 21 1 2 38% 22053 4053 33%
c p  1.55  0 162 24 7119  2 82612 10016 2.1 43 21 1 2 38% 22053 4053 33%
c =  1.57  0 162 24 7119  2 82612 10016 2.1 43 21 1 2 38% 22053 4052 33%
c -  1.69  0 160 25 7122  2 89797 10671 2.1 44 21 1 2 39% 22053 4052 33%
c p  1.69  0 160 25 7122  2 89797 10673 2.1 44 21 1 2 39% 22053 4052 33%
c u  1.69  0 160 25 7122  2 89797 10173 2.1 44 21 1 2 39% 22053 4052 33%
c v  1.69  0 160 25 7122  2 89797 10033 2.1 44 21 1 2 39% 22053 4052 33%
c w  1.69  0 160 25 7122  2 89797 10033 2.1 44 21 1 2 39% 22053 4052 33%
c x  1.70  0 160 25 7122  2 89797 10031 2.1 44 21 1 2 39% 22031 4052 33%
c I  1.71  0 160 25 7123  2 91022 11123 2.1 44 20 1 2 39% 22031 4052 33%
c -  1.83  0 156 26 7127  2 97288 10240 2.2 45 21 1 2 39% 22031 4052 33%
c p  1.84  0 156 26 7127  2 97288 10336 2.2 45 21 1 2 39% 22031 4051 33%
c c  1.84  0 156 26 7127  2 97288 10336 2.2 45 21 1 2 39% 22025 4051 33%
c d  1.84  0 156 26 7127  2 97288 10335 2.2 45 21 1 2 39% 22023 4050 33%
c 2  1.84  0 156 26 7127  2 97288 10335 2.2 45 21 1 2 39% 22021 4050 33%
c =  1.85  0 156 26 7127  2 97288 10292 2.2 45 21 1 2 39% 21795 3986 32%
c 
c  seconds   reductions   conflicts        size   tier2      variables
c         MB      restarts      redundant     glue   trail        remaining
c           level       rate         size/glue  tier1  irredundant
c 
c 2  1.85  0 156 26 7127  2 97288 10286 2.2 45 21 1 2 39% 21795 3986 32%
c ]  1.86  0 156 26 7127  2 97532 10520 2.2 45 21 1 2 39% 21795 3986 32%
c {  1.86  0 85 26 7127 17 97532 10520 1.7 9 6 1 2 17% 21795 3986 32%
c s  1.94  0 84 26 7996 17 102799 15083 1.7 9 6 1 2 17% 21636 3986 32%
c e  1.95  0 84 26 7996 17 102799 11771 1.7 9 6 1 2 17% 20430 3568 29%
c s  1.96  0 84 26 7996 17 102799 11708 1.7 9 6 1 2 17% 20337 3568 29%
c e  1.96  0 84 26 7996 17 102799 11706 1.7 9 6 1 2 17% 20312 3565 29%
c B  2.00  0 84 26 8359 17 105024 13740 1.7 10 6 1 2 19% 20312 3565 29%
c -  2.00  0 84 27 8363 17 105086 9568 1.7 10 6 1 2 19% 20312 3565 29%
c 2  2.00  0 84 27 8363 17 105086 9482 1.7 10 6 1 2 19% 20312 3565 29%
c p  2.00  0 84 27 8363 17 105086 9629 1.7 10 6 1 2 19% 20312 3565 29%
c u  2.02  0 84 27 8363 17 105086 9164 1.7 10 6 1 2 19% 20312 3565 29%
c v  2.02  0 84 27 8363 17 105086 9064 1.7 10 6 1 2 19% 20312 3565 29%
c t  2.02  0 84 27 8363 17 105086 9064 1.7 10 6 1 2 19% 20311 3565 29%
c f  2.02  0 84 27 8363 17 105086 9060 1.7 10 6 1 2 19% 20277 3584 29%
c }  2.11  0 83 27 9277 17 111929 15261 1.7 10 6 1 2 18% 20277 3584 29%
c [  2.11  0 156 27 9277  2 111929 15261 2.2 45 21 1 2 45% 20277 3584 29%
c -  2.12  0 156 28 9278  2 113192 10677 2.2 44 20 1 2 45% 20277 3584 29%
c p  2.12  0 156 28 9278  2 113192 10763 2.2 44 20 1 2 45% 20277 3584 29%
c f  2.13  0 156 28 9278  2 113192 10762 2.2 44 20 1 2 45% 20276 3585 29%
c 
c  seconds   reductions   conflicts         size   tier2      variables
c         MB      restarts       redundant     glue   trail        remaining
c           level       rate          size/glue  tier1  irredundant
c 
c B  2.24  0 151 28 9279  2 120025 16945 2.2 44 20 1 2 42% 20276 3585 29%
c -  2.26  0 151 29 9279  2 121604 11389 2.2 44 20 1 2 42% 20276 3585 29%
c p  2.26  0 151 29 9279  2 121604 11541 2.2 44 20 1 2 42% 20276 3585 29%
c u  2.27  0 151 29 9279  2 121604 11181 2.2 44 20 1 2 42% 20276 3585 29%
c v  2.28  0 151 29 9279  2 121604 11064 2.2 44 20 1 2 42% 20276 3585 29%
c w  2.28  0 151 29 9279  2 121604 11064 2.2 44 20 1 2 42% 20276 3585 29%
c -  2.48  0 155 30 9280  2 130321 11095 2.1 49 23 1 2 43% 20273 3585 29%
c d  2.48  0 155 30 9280  2 130321 11058 2.1 49 23 1 2 43% 20273 3581 29%
c p  2.48  0 155 30 9280  2 130321 11070 2.1 49 23 1 2 43% 20273 3581 29%
c 2  2.48  0 155 30 9280  2 130321 11069 2.1 49 23 1 2 43% 20273 3581 29%
c f  2.48  0 155 30 9280  2 130321 11069 2.1 49 23 1 2 43% 20259 3585 29%
c ]  2.50  0 155 30 9280  2 131066 11744 2.1 49 23 1 2 43% 20259 3585 29%
c {  2.50  0 83 30 9280 17 131066 11744 1.7 10 6 1 2 18% 20259 3585 29%
c W  2.59  0 82 30 9986 16 136027 16241 1.7 10 6 1 2 18% 20259 3585 29%
c s  2.63  0 82 30 10368 16 137946 17814 1.7 10 6 1 2 18% 20250 3585 29%
c e  2.63  0 82 30 10368 16 137946 17738 1.7 10 6 1 2 18% 20251 3577 29%
c s  2.64  0 82 30 10368 16 137946 17680 1.7 10 6 1 2 18% 20244 3577 29%
c -  2.67  0 82 31 10598 16 139347 12407 1.7 10 6 1 2 18% 20244 3577 29%
c 2  2.67  0 82 31 10598 16 139347 12405 1.7 10 6 1 2 18% 20244 3577 29%
c p  2.67  0 82 31 10598 16 139347 12614 1.7 10 6 1 2 18% 20244 3577 29%
c 
c  seconds  reductions    conflicts         size  tier2      variables
c         MB      restarts       redundant     glue  trail        remaining
c          level        rate          size/glue tier1  irredundant
c 
c u  2.68  0 82 31 10598 16 139347 12136 1.7 10 6 1 2 18% 20244 3577 29%
c v  2.68  0 82 31 10598 16 139347 11893 1.7 10 6 1 2 18% 20244 3577 29%
c f  2.68  0 82 31 10598 16 139347 11887 1.7 10 6 1 2 18% 20238 3581 29%
c }  2.80  0 80 31 11687 16 148197 19827 1.7 10 6 1 2 18% 20238 3581 29%
c [  2.80  0 155 31 11687  2 148197 19827 2.1 49 23 1 2 43% 20238 3581 29%
c -  2.81  0 155 32 11687  2 148681 13623 2.1 49 23 1 2 43% 20238 3581 29%
c d  2.81  0 155 32 11687  2 148681 13616 2.1 49 23 1 2 43% 20238 3580 29%
c p  2.81  0 155 32 11687  2 148681 13625 2.1 49 23 1 2 43% 20238 3580 29%
c 2  2.81  0 155 32 11687  2 148681 13625 2.1 49 23 1 2 43% 20236 3580 29%
c W  2.91  0 156 32 11687  2 153029 17738 2.1 49 23 1 2 43% 20236 3580 29%
c -  3.01  0 157 33 11687  2 158321 14176 2.2 50 23 1 2 44% 20236 3580 29%
c p  3.01  0 157 33 11687  2 158321 14337 2.2 50 23 1 2 44% 20236 3580 29%
c u  3.02  0 157 33 11687  2 158321 13953 2.2 50 23 1 2 44% 20236 3580 29%
c v  3.02  0 157 33 11687  2 158321 13750 2.2 50 23 1 2 44% 20236 3580 29%
c w  3.02  0 157 33 11687  2 158321 13748 2.2 50 23 1 2 44% 20236 3580 29%
c f  3.02  0 157 33 11687  2 158321 13746 2.2 50 23 1 2 44% 20236 3581 29%
c -  3.18  0 156 34 11694  2 168268 13506 2.1 50 23 1 2 43% 20236 3581 29%
c p  3.18  0 156 34 11694  2 168268 13525 2.1 50 23 1 2 43% 20236 3580 29%
c f  3.18  0 156 34 11694  2 168268 13525 2.1 50 23 1 2 43% 20228 3584 29%
c O  3.24  0 158 34 11694  2 171034 16093 2.2 50 23 1 2 44% 20228 3584 29%
c 
c  seconds   reductions    conflicts         size   tier2      variables
c         MB       restarts       redundant     glue   trail        remaining
c           level        rate          size/glue  tier1  irredundant
c 
c ]  3.26  0 157 34 11695  2 172801 17740 2.2 49 23 1 2 43% 20228 3584 29%
c {  3.26  0 80 34 11695 16 172801 17740 1.7 10 6 1 2 18% 20228 3584 29%
c s  3.36  0 80 34 12586 16 177957 22227 1.7 10 6 1 2 18% 20227 3584 29%
c e  3.36  0 80 34 12586 16 177957 22172 1.7 10 6 1 2 18% 20225 3576 29%
c s  3.37  0 80 34 12586 16 177957 22127 1.7 10 6 1 2 18% 20217 3576 29%
c -  3.38  0 80 35 12676 16 178523 14703 1.7 10 6 1 2 18% 20217 3576 29%
c 2  3.38  0 80 35 12676 16 178523 14701 1.7 10 6 1 2 18% 20217 3576 29%
c d  3.38  0 80 35 12676 16 178523 14692 1.7 10 6 1 2 18% 20217 3572 29%
c p  3.38  0 80 35 12676 16 178523 14835 1.7 10 6 1 2 18% 20217 3572 29%
c c  3.39  0 80 35 12676 16 178523 14835 1.7 10 6 1 2 18% 20191 3572 29%
c u  3.40  0 80 35 12676 16 178523 14340 1.7 10 6 1 2 18% 20187 3570 29%
c v  3.40  0 80 35 12676 16 178523 14192 1.7 10 6 1 2 18% 20187 3570 29%
c f  3.40  0 80 35 12676 16 178523 14189 1.7 10 6 1 2 18% 20187 3571 29%
c -  3.57  0 78 36 14095 15 189085 15913 1.7 11 6 1 2 18% 20187 3571 29%
c p  3.57  0 78 36 14095 15 189085 16038 1.7 11 6 1 2 18% 20187 3571 29%
c =  3.59  0 78 36 14095 15 189085 16026 1.7 11 6 1 2 18% 20184 3562 29%
c u  3.59  0 78 36 14095 15 189085 15764 1.7 11 6 1 2 18% 20184 3562 29%
c v  3.59  0 78 36 14095 15 189085 15610 1.7 11 6 1 2 18% 20184 3562 29%
c #  3.61  0 78 36 14178 15 190035 16471 1.7 11 6 1 2 18% 20184 3562 29%
c }  3.62  0 78 36 14352 15 191132 17473 1.7 11 6 1 2 18% 20184 3562 29%
c 
c  seconds   reductions    conflicts         size   tier2      variables
c         MB       restarts       redundant     glue   trail        remaining
c           level        rate          size/glue  tier1  irredundant
c 
c [  3.62  0 157 36 14352  2 191132 17473 2.2 49 23 1 2 43% 20184 3562 29%
c -  3.77  0 158 37 14358  2 199955 16529 2.2 50 23 1 2 43% 20184 3562 29%
c p  3.78  0 158 37 14358  2 199955 16569 2.2 50 23 1 2 43% 20184 3562 29%
c B  3.98  0 159 37 14359  2 210038 25909 2.1 52 24 1 2 44% 20184 3562 29%
c -  4.01  0 159 38 14359  2 211134 16503 2.1 52 24 1 2 43% 20184 3562 29%
c p  4.01  0 159 38 14359  2 211134 16534 2.1 52 24 1 2 43% 20184 3562 29%
c =  4.03  0 159 38 14359  2 211134 16534 2.1 52 24 1 2 43% 20184 3561 29%
c u  4.03  0 159 38 14359  2 211134 16188 2.1 52 24 1 2 43% 20184 3561 29%
c v  4.03  0 159 38 14359  2 211134 16145 2.1 52 24 1 2 43% 20184 3561 29%
c w  4.03  0 159 38 14359  2 211134 16142 2.1 52 24 1 2 43% 20184 3561 29%
c -  4.16  0 158 39 14366  2 222623 16346 2.1 49 23 1 2 42% 20184 3561 29%
c p  4.16  0 158 39 14366  2 222623 16366 2.1 49 23 1 2 42% 20184 3561 29%
c s  4.18  0 158 39 14366  2 222942 16466 2.1 49 23 1 2 42% 20144 3561 29%
c e  4.19  0 158 39 14366  2 222942 16461 2.1 49 23 1 2 42% 20143 3560 29%
c s  4.19  0 158 39 14366  2 222942 16412 2.1 49 23 1 2 42% 20143 3560 29%
c ]  4.21  0 155 39 14367  2 225476 18531 2.1 48 23 1 2 41% 20143 3560 29%
c {  4.21  0 78 39 14367 15 225476 18531 1.7 11 6 1 2 18% 20143 3560 29%
c B  4.30  0 78 39 15275 15 231039 23622 1.7 11 6 1 2 18% 20143 3560 29%
c -  4.36  0 78 40 15767 15 234418 18265 1.7 11 6 1 2 18% 20143 3560 29%
c p  4.36  0 78 40 15767 15 234418 18358 1.7 11 6 1 2 18% 20143 3560 29%
c 
c  seconds  reductions    conflicts         size  tier2      variables
c         MB      restarts       redundant     glue  trail        remaining
c          level        rate          size/glue tier1  irredundant
c 
c u  4.37  0 78 40 15767 15 234418 17968 1.7 11 6 1 2 18% 20143 3560 29%
c v  4.37  0 78 40 15767 15 234418 17745 1.7 11 6 1 2 18% 20143 3560 29%
c w  4.37  0 78 40 15767 15 234418 17745 1.7 11 6 1 2 18% 20143 3560 29%
c t  4.37  0 78 40 15767 15 234418 17735 1.7 11 6 1 2 18% 20143 3560 29%
c f  4.37  0 78 40 15767 15 234418 17732 1.7 11 6 1 2 18% 20142 3562 29%
c }  4.57  0 78 40 17436 15 245528 27841 1.7 11 6 1 2 18% 20142 3562 29%
c [  4.57  0 155 40 17436  2 245528 27841 2.1 48 23 1 2 41% 20142 3562 29%
c -  4.59  0 156 41 17437  2 246523 19532 2.1 48 23 1 2 41% 20142 3562 29%
c p  4.60  0 156 41 17437  2 246523 19656 2.1 48 23 1 2 41% 20142 3562 29%
c u  4.62  0 156 41 17437  2 246523 19512 2.1 48 23 1 2 41% 20142 3562 29%
c v  4.62  0 156 41 17437  2 246523 19382 2.1 48 23 1 2 41% 20142 3562 29%
c w  4.62  0 156 41 17437  2 246523 19382 2.1 48 23 1 2 41% 20142 3562 29%
c x  4.63  0 156 41 17437  2 246523 19382 2.1 48 23 1 2 41% 20131 3562 29%
c t  4.63  0 156 41 17437  2 246523 19382 2.1 48 23 1 2 41% 20129 3562 29%
c W  4.82  0 159 41 17441  2 253041 25547 2.1 50 24 1 2 42% 20129 3562 29%
c -  4.91  0 159 42 17443  2 258935 20050 2.1 50 24 1 2 43% 20129 3562 29%
c p  4.91  0 159 42 17443  2 258935 20057 2.1 50 24 1 2 43% 20129 3562 29%
c -  5.17  0 158 43 17444  2 271656 19228 2.2 51 23 1 2 45% 20129 3562 29%
c p  5.17  0 158 43 17444  2 271656 19336 2.2 51 23 1 2 45% 20129 3562 29%
c u  5.17  0 158 43 17444  2 271656 18733 2.2 51 23 1 2 45% 20129 3562 29%
c 
c  seconds   reductions    conflicts         size   tier2      variables
c         MB       restarts       redundant     glue   trail        remaining
c           level        rate          size/glue  tier1  irredundant
c 
c v  5.18  0 158 43 17444  2 271656 18722 2.2 51 23 1 2 45% 20129 3562 29%
c w  5.18  0 158 43 17444  2 271656 18721 2.2 51 23 1 2 45% 20129 3562 29%
c t  5.18  0 158 43 17444  2 271656 18720 2.2 51 23 1 2 45% 20129 3562 29%
c s  5.21  0 159 43 17444  2 272950 19727 2.2 51 23 1 2 45% 20128 3562 29%
c e  5.21  0 159 43 17444  2 272950 19662 2.2 51 23 1 2 45% 20135 3555 29%
c s  5.21  0 159 43 17444  2 272950 19623 2.2 51 23 1 2 45% 20129 3555 29%
c I  5.24  0 158 43 17444  2 276044 22282 2.2 50 23 1 2 44% 20128 3555 29%
c ]  5.27  0 157 43 17444  2 279095 25081 2.2 49 23 1 2 44% 20128 3555 29%
c {  5.27  0 78 43 17444 15 279095 25081 1.7 11 6 1 2 18% 20128 3555 29%
c -  5.37  0 78 44 18265 15 284686 19515 1.7 11 7 1 2 18% 20128 3555 29%
c 2  5.37  0 78 44 18265 15 284686 19510 1.7 11 7 1 2 18% 20128 3555 29%
c p  5.37  0 78 44 18265 15 284686 19517 1.7 11 7 1 2 18% 20128 3555 29%
c -  5.64  0 78 45 20341 15 298024 21489 1.7 12 7 1 2 18% 20128 3555 29%
c p  5.64  0 78 45 20341 15 298024 21585 1.7 12 7 1 2 18% 20128 3555 29%
c u  5.65  0 78 45 20341 15 298024 21104 1.7 12 7 1 2 18% 20128 3555 29%
c v  5.66  0 78 45 20341 15 298024 20684 1.7 12 7 1 2 18% 20128 3555 29%
c W  5.71  0 78 45 20563 15 300046 22547 1.7 12 7 1 2 18% 20128 3555 29%
c }  5.75  0 77 45 20826 15 302541 24738 1.7 12 7 1 2 18% 20128 3555 29%
c [  5.75  0 157 45 20826  2 302541 24738 2.2 49 23 1 2 44% 20128 3555 29%
c -  5.92  0 153 46 20827  2 311671 21927 2.2 50 23 1 2 43% 20128 3555 29%
c 
c  seconds   reductions    conflicts         size   tier2      variables
c         MB       restarts       redundant     glue   trail        remaining
c           level        rate          size/glue  tier1  irredundant
c 
c p  5.92  0 153 46 20827  2 311671 21976 2.2 50 23 1 2 43% 20128 3555 29%
c B  6.25  0 153 46 20827  1 325048 34292 2.3 53 23 1 2 44% 20128 3555 29%
c -  6.28  0 153 47 20827  1 325631 22054 2.3 54 24 1 2 44% 20128 3555 29%
c p  6.28  0 153 47 20827  1 325631 22105 2.3 54 24 1 2 44% 20128 3555 29%
c u  6.29  0 153 47 20827  1 325631 21654 2.3 54 24 1 2 44% 20128 3555 29%
c v  6.29  0 153 47 20827  1 325631 21610 2.3 54 24 1 2 44% 20128 3555 29%
c w  6.29  0 153 47 20827  1 325631 21609 2.3 54 24 1 2 44% 20128 3555 29%
c s  6.35  0 154 47 20827  1 327981 23591 2.3 54 24 1 2 45% 20127 3555 29%
c s  6.36  0 154 47 20827  1 327981 23552 2.3 54 24 1 2 45% 20127 3555 29%
c ^  6.36  0 154 47 20827  1 327981 23552 2.3 54 24 1 2 45% 20127 3555 29%
c ]  6.47  0 154 47 20827  1 332246 27633 2.2 55 25 1 2 45% 20127 3555 29%
c {  6.47  0 77 47 20827 15 332246 27633 1.7 12 7 1 2 18% 20127 3555 29%
c -  6.60  0 77 48 21850 15 339900 22417 1.7 12 7 1 2 18% 20127 3555 29%
c p  6.61  0 77 48 21850 15 339900 22493 1.7 12 7 1 2 18% 20127 3555 29%
c u  6.63  0 77 48 21850 15 339900 22367 1.7 12 7 1 2 18% 20127 3555 29%
c v  6.64  0 77 48 21850 15 339900 22245 1.7 12 7 1 2 18% 20127 3555 29%
c F  6.86  0 77 48 23395 15 351050 32393 1.7 12 7 1 2 18% 20127 3555 29%
c -  6.94  0 77 49 23970 15 354476 23878 1.7 12 7 1 2 18% 20127 3555 29%
c p  6.95  0 77 49 23970 15 354476 23955 1.7 12 7 1 2 18% 20127 3555 29%
c u  6.96  0 77 49 23970 15 354476 23742 1.7 12 7 1 2 18% 20127 3555 29%
c 
c  seconds  reductions    conflicts         size  tier2      variables
c         MB      restarts       redundant     glue  trail        remaining
c          level        rate          size/glue tier1  irredundant
c 
c v  6.96  0 77 49 23970 15 354476 23550 1.7 12 7 1 2 18% 20127 3555 29%
c w  6.96  0 77 49 23970 15 354476 23550 1.7 12 7 1 2 18% 20127 3555 29%
c }  7.01  0 77 49 24333 15 357049 25875 1.7 12 7 1 2 18% 20123 3555 29%
c [  7.01  0 154 49 24333  1 357049 25875 2.2 55 25 1 2 45% 20123 3555 29%
c -  7.38  0 154 50 24337  1 369360 24611 2.2 59 26 1 2 45% 20123 3555 29%
c p  7.39  0 154 50 24337  1 369360 24674 2.2 59 26 1 2 45% 20123 3555 29%
c u  7.39  0 154 50 24337  1 369360 24559 2.2 59 26 1 2 45% 20123 3555 29%
c v  7.40  0 154 50 24337  1 369360 24405 2.2 59 26 1 2 45% 20123 3555 29%
c w  7.40  0 154 50 24337  1 369360 24404 2.2 59 26 1 2 45% 20123 3555 29%
c t  7.40  0 154 50 24337  1 369360 24403 2.2 59 26 1 2 45% 20123 3555 29%
c W  7.69  0 156 50 24341  1 378052 32672 2.2 61 28 1 2 46% 20123 3555 29%
c ]  7.86  0 157 50 24346  1 383952 38279 2.1 63 29 1 2 46% 20123 3555 29%
c {  7.86  0 77 50 24346 15 383952 38279 1.7 12 7 1 2 18% 20123 3555 29%
c -  7.87  0 77 51 24443 15 384553 24205 1.7 12 7 1 2 18% 20123 3555 29%
c p  7.88  0 77 51 24443 15 384553 24271 1.7 12 7 1 2 18% 20123 3555 29%
c u  7.88  0 77 51 24443 15 384553 24029 1.7 12 7 1 2 18% 20123 3555 29%
c s  7.95  0 77 51 24801 14 388011 27056 1.8 12 7 1 2 18% 20123 3555 29%
c e  7.96  0 77 51 24801 14 388011 23217 1.8 12 7 1 2 18% 20460 3378 27%
c s  7.97  0 77 51 24801 14 388011 23171 1.8 12 7 1 2 18% 20435 3378 27%
c -  8.19  0 77 52 26449 14 400056 22891 1.8 12 7 1 2 18% 20435 3378 27%
c 
c  seconds  reductions    conflicts         size  tier2      variables
c         MB      restarts       redundant     glue  trail        remaining
c          level        rate          size/glue tier1  irredundant
c 
c 2  8.19  0 77 52 26449 14 400056 22886 1.8 12 7 1 2 18% 20435 3378 27%
c p  8.20  0 77 52 26449 14 400056 22912 1.8 12 7 1 2 18% 20435 3378 27%
c u  8.20  0 77 52 26449 14 400056 22626 1.8 12 7 1 2 18% 20435 3378 27%
c v  8.20  0 77 52 26449 14 400056 22353 1.8 12 7 1 2 18% 20435 3378 27%
c f  8.21  0 77 52 26449 14 400056 22342 1.8 12 7 1 2 18% 20412 3388 27%
c B  8.32  0 76 52 27233 14 406054 27852 1.8 12 7 1 2 18% 20412 3388 27%
c }  8.47  0 76 52 28261 14 413762 34806 1.8 13 7 1 2 18% 20412 3388 27%
c [  8.47  0 157 52 28261  1 413762 34806 2.1 63 29 1 2 46% 20412 3388 27%
c -  8.51  0 157 53 28262  1 415868 24283 2.1 63 29 1 2 46% 20412 3388 27%
c p  8.51  0 157 53 28262  1 415868 24305 2.1 63 29 1 2 46% 20412 3388 27%
c u  8.53  0 157 53 28262  1 415868 24104 2.1 63 29 1 2 46% 20412 3388 27%
c v  8.53  0 157 53 28262  1 415868 23914 2.1 63 29 1 2 46% 20412 3388 27%
c w  8.53  0 157 53 28262  1 415868 23914 2.1 63 29 1 2 46% 20412 3388 27%
c f  8.54  0 157 53 28262  1 415868 23912 2.1 63 29 1 2 46% 20411 3389 27%
c -  8.82  0 158 54 28266  1 431990 24728 2.2 61 28 1 2 45% 20411 3389 27%
c p  8.82  0 158 54 28266  1 431990 24740 2.2 61 28 1 2 45% 20411 3389 27%
c O  8.88  0 158 54 28269  1 435057 27646 2.2 61 28 1 2 45% 20411 3389 27%
c -  9.12  0 154 55 28276  1 448421 24402 2.1 59 28 1 2 44% 20411 3389 27%
c p  9.13  0 154 55 28276  1 448421 24408 2.1 59 28 1 2 44% 20411 3389 27%
c u  9.14  0 154 55 28276  1 448421 24052 2.1 59 28 1 2 44% 20411 3389 27%
c 
c  seconds   reductions    conflicts         size   tier2      variables
c         MB       restarts       redundant     glue   trail        remaining
c           level        rate          size/glue  tier1  irredundant
c 
c v  9.14  0 154 55 28276  1 448421 24045 2.1 59 28 1 2 44% 20411 3389 27%
c w  9.14  0 154 55 28276  1 448421 24045 2.1 59 28 1 2 44% 20411 3389 27%
c s  9.24  0 154 55 28278  1 455531 30466 2.1 57 27 1 2 43% 20402 3389 27%
c s  9.25  0 154 55 28278  1 455531 30441 2.1 57 27 1 2 43% 20401 3389 27%
c ]  9.43  0 154 55 28279  1 463275 37816 2.1 58 27 1 2 42% 20401 3389 27%
c {  9.43  0 76 55 28279 14 463275 37816 1.8 13 7 1 2 18% 20401 3389 27%
c W  9.51  0 76 55 28478 14 465058 39433 1.8 13 7 1 2 18% 20401 3389 27%
c -  9.52  0 76 56 28502 14 465163 24945 1.8 13 7 1 2 18% 20401 3389 27%
c p  9.52  0 76 56 28502 14 465163 24960 1.8 13 7 1 2 18% 20401 3389 27%
c u  9.53  0 76 56 28502 14 465163 24898 1.8 13 7 1 2 18% 20401 3389 27%
c v  9.53  0 76 56 28502 14 465163 24804 1.8 13 7 1 2 18% 20401 3389 27%
c -  9.86  0 75 57 30717 14 482214 26876 1.8 13 7 1 2 18% 20401 3389 27%
c p  9.86  0 75 57 30717 14 482214 26889 1.8 13 7 1 2 18% 20401 3389 27%
c u  9.87  0 75 57 30717 14 482214 26634 1.8 13 7 1 2 18% 20401 3389 27%
c v  9.87  0 75 57 30717 14 482214 26328 1.8 13 7 1 2 18% 20401 3389 27%
c } 10.11  0 75 57 32299 14 494200 37255 1.8 13 7 1 2 18% 20401 3389 27%
c [ 10.11  0 154 57 32299  1 494200 37255 2.1 58 27 1 2 42% 20401 3389 27%
c B 10.14  0 154 57 32299  1 496059 39032 2.1 57 27 1 2 42% 20401 3389 27%
c - 10.26  0 154 58 32299  1 499575 28117 2.2 59 27 1 2 43% 20401 3389 27%
c p 10.26  0 154 58 32299  1 499575 28128 2.2 59 27 1 2 43% 20401 3389 27%
c 
c  seconds   reductions    conflicts         size   tier2      variables
c         MB       restarts       redundant     glue   trail        remaining
c           level        rate          size/glue  tier1  irredundant
c 
c u 10.27  0 154 58 32299  1 499575 27982 2.2 59 27 1 2 43% 20401 3389 27%
c v 10.27  0 154 58 32299  1 499575 27785 2.2 59 27 1 2 43% 20401 3389 27%
c w 10.27  0 154 58 32299  1 499575 27785 2.2 59 27 1 2 43% 20401 3389 27%
c - 10.54  0 153 59 32305  1 517245 28669 2.2 56 26 1 2 42% 20401 3389 27%
c p 10.54  0 153 59 32305  1 517245 28678 2.2 56 26 1 2 42% 20401 3389 27%
c f 10.56  0 153 59 32305  1 517245 28677 2.2 56 26 1 2 42% 20399 3390 27%
c s 10.64  0 149 59 32311  1 528044 37882 2.1 52 24 1 2 40% 20399 3390 27%
c s 10.66  0 149 59 32311  1 528044 37812 2.1 52 24 1 2 40% 20399 3390 27%
c ^ 10.66  0 149 59 32311  1 528044 37812 2.1 52 24 1 2 40% 20399 3390 27%
c W 10.69  0 149 59 32311  1 528060 37827 2.1 52 24 1 2 40% 20399 3390 27%
c - 10.76  0 147 60 32313  1 535224 28142 2.1 50 23 1 2 39% 20399 3390 27%
c u 10.77  0 147 60 32313  1 535224 28028 2.1 50 23 1 2 39% 20399 3390 27%
c v 10.77  0 147 60 32313  1 535224 28023 2.1 50 23 1 2 39% 20399 3390 27%
c w 10.77  0 147 60 32313  1 535224 28023 2.1 50 23 1 2 39% 20399 3390 27%
c - 11.10  0 148 61 32321  1 553514 28702 2.1 50 24 1 2 38% 20399 3390 27%
c p 11.10  0 148 61 32321  1 553514 28711 2.1 50 24 1 2 38% 20399 3390 27%
c I 11.22  0 146 61 32325  1 561063 35885 2.1 49 23 1 2 38% 20399 3390 27%
c ] 11.24  0 145 61 32326  1 562434 37201 2.1 49 23 1 2 38% 20399 3390 27%
c { 11.24  0 75 61 32326 14 562434 37201 1.8 13 7 1 2 18% 20399 3390 27%
c - 11.44  0 75 62 33384 13 572113 30633 1.8 13 7 1 2 18% 20399 3390 27%
c 
c  seconds  reductions    conflicts         size  tier2      variables
c         MB      restarts       redundant     glue  trail        remaining
c          level        rate          size/glue tier1  irredundant
c 
c p 11.44  0 75 62 33384 13 572113 30642 1.8 13 7 1 2 18% 20399 3390 27%
c u 11.46  0 75 62 33384 13 572113 30292 1.8 13 7 1 2 18% 20399 3390 27%
c v 11.46  0 75 62 33384 13 572113 29971 1.8 13 7 1 2 18% 20399 3390 27%
c w 11.46  0 75 62 33384 13 572113 29971 1.8 13 7 1 2 18% 20399 3390 27%
c - 11.89  0 75 63 36150 14 591022 31574 1.8 13 7 1 2 18% 20399 3390 27%
c p 11.89  0 75 63 36150 14 591022 31582 1.8 13 7 1 2 18% 20399 3390 27%
c u 11.90  0 75 63 36150 14 591022 31393 1.8 13 7 1 2 18% 20399 3390 27%
c v 11.90  0 75 63 36150 14 591022 31038 1.8 13 7 1 2 18% 20399 3390 27%
c w 11.90  0 75 63 36150 14 591022 31038 1.8 13 7 1 2 18% 20399 3390 27%
c } 11.96  0 75 63 36453 13 594854 34530 1.8 13 7 1 2 18% 20399 3390 27%
c [ 11.96  0 145 63 36453  1 594854 34530 2.1 49 23 1 2 38% 20399 3390 27%
c B 11.97  0 145 63 36453  1 595064 34736 2.1 49 23 1 2 38% 20399 3390 27%
c s 12.08  0 139 63 36456  1 605720 43716 2.1 46 22 1 2 36% 20399 3390 27%
c e 12.09  0 139 63 36456  1 605720 29659 2.1 46 22 1 2 36% 21377 3045 25%
c s 12.11  0 139 63 36456  1 605720 29540 2.1 46 22 1 2 36% 21295 3045 25%
c e 12.11  0 139 63 36456  1 605720 29446 2.1 46 22 1 2 36% 21307 3041 25%
c - 12.17  0 139 64 36456  1 610241 24827 2.1 45 21 1 2 40% 21307 3041 25%
c p 12.17  0 139 64 36456  1 610241 24866 2.1 45 21 1 2 40% 21307 3041 25%
c f 12.18  0 139 64 36456  1 610241 24864 2.1 45 21 1 2 40% 21259 3051 25%
c - 12.38  0 136 65 36458  1 629770 26385 2.1 43 21 1 2 29% 21259 3051 25%
c 
c  seconds   reductions    conflicts         size   tier2      variables
c         MB       restarts       redundant     glue   trail        remaining
c           level        rate          size/glue  tier1  irredundant
c 
c p 12.38  0 136 65 36458  1 629770 26390 2.1 43 21 1 2 29% 21259 3051 25%
c u 12.39  0 136 65 36458  1 629770 26246 2.1 43 21 1 2 29% 21259 3051 25%
c v 12.39  0 136 65 36458  1 629770 26011 2.1 43 21 1 2 29% 21259 3051 25%
c w 12.39  0 136 65 36458  1 629770 26010 2.1 43 21 1 2 29% 21259 3051 25%
c f 12.39  0 136 65 36458  1 629770 26008 2.1 43 21 1 2 29% 21246 3054 25%
c W 12.44  0 136 65 36458  1 630067 26255 2.1 43 21 1 2 29% 21246 3054 25%
c - 13.12  0 139 66 36458  1 649609 26276 2.3 51 23 1 2 45% 21246 3054 25%
c p 13.12  0 139 66 36458  1 649609 26325 2.3 51 23 1 2 45% 21246 3054 25%
c u 13.16  0 139 66 36458  1 649609 26112 2.3 51 23 1 2 45% 21246 3054 25%
c v 13.16  0 139 66 36458  1 649609 26086 2.3 51 23 1 2 45% 21246 3054 25%
c w 13.16  0 139 66 36458  1 649609 26086 2.3 51 23 1 2 45% 21246 3054 25%
c f 13.17  0 139 66 36458  1 649609 26078 2.3 51 23 1 2 45% 21234 3058 25%
c ] 13.28  0 141 66 36458  1 653795 30127 2.3 52 23 1 2 46% 21234 3058 25%
c { 13.28  0 75 66 36458 13 653795 30127 1.8 13 7 1 2 21% 21234 3058 25%
c # 13.47  0 75 66 37640 13 666068 41352 1.8 13 8 1 2 20% 21234 3058 25%
c - 13.53  0 74 67 37891 13 669760 28805 1.8 13 7 1 2 20% 21234 3058 25%
c p 13.53  0 74 67 37891 13 669760 28824 1.8 13 7 1 2 20% 21234 3058 25%
c u 13.54  0 74 67 37891 13 669760 28622 1.8 13 7 1 2 20% 21234 3058 25%
c v 13.54  0 74 67 37891 13 669760 28415 1.8 13 7 1 2 20% 21234 3058 25%
c w 13.54  0 74 67 37891 13 669760 28415 1.8 13 7 1 2 20% 21234 3058 25%
c 
c  seconds  reductions    conflicts         size  tier2      variables
c         MB      restarts       redundant     glue  trail        remaining
c          level        rate          size/glue tier1  irredundant
c 
c - 13.95  0 74 68 40375 13 690220 30892 1.8 14 8 1 2 20% 21234 3058 25%
c p 13.95  0 74 68 40375 13 690220 30911 1.8 14 8 1 2 20% 21234 3058 25%
c u 13.96  0 74 68 40375 13 690220 30490 1.8 14 8 1 2 20% 21234 3058 25%
c v 13.96  0 74 68 40375 13 690220 30167 1.8 14 8 1 2 20% 21234 3058 25%
c s 14.07  0 74 68 40891 13 695600 34788 1.8 14 8 1 2 20% 21229 3058 25%
c e 14.07  0 74 68 40891 13 695600 34660 1.8 14 8 1 2 20% 21245 3053 25%
c s 14.09  0 74 68 40891 13 695600 34565 1.8 14 8 1 2 20% 21243 3053 25%
c } 14.13  0 74 68 41043 12 698083 36733 1.8 14 8 1 2 20% 21243 3053 25%
c [ 14.13  0 141 68 41043  1 698083 36733 2.3 52 23 1 2 46% 21243 3053 25%
c O 14.26  0 139 68 41043  1 703069 41579 2.3 54 23 1 2 47% 21243 3053 25%
c - 14.44  0 139 69 41044  1 710989 31574 2.3 55 24 1 2 46% 21243 3053 25%
c p 14.44  0 139 69 41044  1 710989 31590 2.3 55 24 1 2 46% 21243 3053 25%
c u 14.45  0 139 69 41044  1 710989 31498 2.3 55 24 1 2 46% 21243 3053 25%
c v 14.45  0 139 69 41044  1 710989 31298 2.3 55 24 1 2 46% 21243 3053 25%
c w 14.45  0 139 69 41044  1 710989 31296 2.3 55 24 1 2 46% 21243 3053 25%
c - 14.88  0 140 70 41044  1 732069 31512 2.3 56 24 1 2 44% 21243 3053 25%
c p 14.89  0 140 70 41044  1 732069 31528 2.3 56 24 1 2 44% 21243 3053 25%
c u 14.90  0 140 70 41044  1 732069 31263 2.3 56 24 1 2 44% 21243 3053 25%
c v 14.90  0 140 70 41044  1 732069 31119 2.3 56 24 1 2 44% 21243 3053 25%
c w 14.90  0 140 70 41044  1 732069 31119 2.3 56 24 1 2 44% 21243 3053 25%
c 
c  seconds   reductions    conflicts         size   tier2      variables
c         MB       restarts       redundant     glue   trail        remaining
c           level        rate          size/glue  tier1  irredundant
c 
c B 15.03  0 139 70 41044  1 741070 39655 2.3 55 24 1 2 42% 21243 3053 25%
c - 15.34  0 142 71 41044  1 753460 30448 2.3 57 25 1 2 44% 21243 3053 25%
c p 15.34  0 142 71 41044  1 753460 30460 2.3 57 25 1 2 44% 21243 3053 25%
c u 15.35  0 142 71 41044  1 753460 30425 2.3 57 25 1 2 44% 21243 3053 25%
c v 15.35  0 142 71 41044  1 753460 30422 2.3 57 25 1 2 44% 21243 3053 25%
c w 15.35  0 142 71 41044  1 753460 30421 2.3 57 25 1 2 44% 21243 3053 25%
c ] 15.44  0 143 71 41044  1 757288 34012 2.3 57 25 1 2 45% 21243 3053 25%
c { 15.44  0 74 71 41044 12 757288 34012 1.8 14 8 1 2 20% 21243 3053 25%
c - 15.80  0 74 72 43061 12 775162 32961 1.8 14 8 1 2 19% 21243 3053 25%
c p 15.80  0 74 72 43061 12 775162 32974 1.8 14 8 1 2 19% 21243 3053 25%
c u 15.81  0 74 72 43061 12 775162 32741 1.8 14 8 1 2 19% 21243 3053 25%
c v 15.81  0 74 72 43061 12 775162 32529 1.8 14 8 1 2 19% 21243 3053 25%
c w 15.81  0 74 72 43061 12 775162 32529 1.8 14 8 1 2 19% 21243 3053 25%
c B 15.91  0 74 72 43753 12 780071 37067 1.8 14 8 1 2 19% 21243 3053 25%
c - 16.29  0 74 73 45802 12 797172 34897 1.8 14 8 1 2 19% 21243 3053 25%
c p 16.29  0 74 73 45802 12 797172 34910 1.8 14 8 1 2 19% 21243 3053 25%
c u 16.30  0 74 73 45802 12 797172 34653 1.8 14 8 1 2 19% 21243 3053 25%
c v 16.30  0 74 73 45802 12 797172 34341 1.8 14 8 1 2 19% 21243 3053 25%
c } 16.33  0 74 73 45919 12 798372 35450 1.8 14 8 1 2 19% 21243 3053 25%
c [ 16.33  0 143 73 45919  1 798372 35450 2.3 57 25 1 2 45% 21243 3053 25%
c 
c  seconds   reductions    conflicts         size   tier2      variables
c         MB       restarts       redundant     glue   trail        remaining
c           level        rate          size/glue  tier1  irredundant
c 
c - 16.81  0 143 74 45924  1 819494 35705 2.3 60 26 1 2 47% 21243 3053 25%
c p 16.82  0 143 74 45924  1 819494 35717 2.3 60 26 1 2 47% 21243 3053 25%
c u 16.85  0 143 74 45924  1 819494 35542 2.3 60 26 1 2 47% 21243 3053 25%
c v 16.85  0 143 74 45924  1 819494 35418 2.3 60 26 1 2 47% 21243 3053 25%
c w 16.85  0 143 74 45924  1 819494 35418 2.3 60 26 1 2 47% 21243 3053 25%
c W 16.97  0 144 74 45924  1 820073 35981 2.3 60 26 1 2 47% 21243 3053 25%
c - 17.47  0 144 75 45934  1 842125 34955 2.3 60 26 1 2 48% 21243 3053 25%
c p 17.47  0 144 75 45934  1 842125 34967 2.3 60 26 1 2 48% 21243 3053 25%
c u 17.48  0 144 75 45934  1 842125 34915 2.3 60 26 1 2 48% 21243 3053 25%
c v 17.48  0 144 75 45934  1 842125 34868 2.3 60 26 1 2 48% 21243 3053 25%
c w 17.48  0 144 75 45934  1 842125 34865 2.3 60 26 1 2 48% 21243 3053 25%
c ] 17.89  0 149 75 45941  1 859706 51530 2.3 60 26 1 2 49% 21243 3053 25%
c { 17.89  0 74 75 45941 12 859706 51530 1.8 14 8 1 2 19% 21243 3053 25%
c W 17.93  0 74 75 46062 12 861076 52778 1.8 14 8 1 2 19% 21243 3053 25%
c - 18.02  0 73 76 46425 12 865066 36242 1.8 14 8 1 2 19% 21243 3053 25%
c p 18.02  0 73 76 46425 12 865066 36254 1.8 14 8 1 2 19% 21243 3053 25%
c u 18.03  0 73 76 46425 12 865066 36145 1.8 14 8 1 2 19% 21243 3053 25%
c v 18.03  0 73 76 46425 12 865066 35935 1.8 14 8 1 2 19% 21243 3053 25%
c w 18.03  0 73 76 46425 12 865066 35934 1.8 14 8 1 2 19% 21243 3053 25%
c - 18.62  0 73 77 49679 12 888318 38393 1.8 14 8 1 2 19% 21243 3053 25%
c 
c  seconds  reductions    conflicts         size  tier2      variables
c         MB      restarts       redundant     glue  trail        remaining
c          level        rate          size/glue tier1  irredundant
c 
c p 18.62  0 73 77 49679 12 888318 38404 1.8 14 8 1 2 19% 21243 3053 25%
c u 18.63  0 73 77 49679 12 888318 38170 1.8 14 8 1 2 19% 21243 3053 25%
c v 18.64  0 73 77 49679 12 888318 37830 1.8 14 8 1 2 19% 21243 3053 25%
c w 18.64  0 73 77 49679 12 888318 37830 1.8 14 8 1 2 19% 21243 3053 25%
c } 18.87  0 73 77 50939 12 900140 48614 1.8 14 8 1 2 19% 21243 3053 25%
c [ 18.87  0 149 77 50939  1 900140 48614 2.3 60 26 1 2 49% 21243 3053 25%
c I 18.94  0 149 77 50942  1 903078 51466 2.3 59 26 1 2 49% 21243 3053 25%
c - 19.15  0 148 78 50946  1 911880 39458 2.3 59 26 1 2 48% 21243 3053 25%
c p 19.15  0 148 78 50946  1 911880 39468 2.3 59 26 1 2 48% 21243 3053 25%
c u 19.16  0 148 78 50946  1 911880 39290 2.3 59 26 1 2 48% 21243 3053 25%
c v 19.17  0 148 78 50946  1 911880 39092 2.3 59 26 1 2 48% 21243 3053 25%
c w 19.17  0 148 78 50946  1 911880 39091 2.3 59 26 1 2 48% 21243 3053 25%
c - 19.75  0 154 79 50948  1 935754 39267 2.3 62 27 1 2 48% 21243 3053 25%
c p 19.75  0 154 79 50948  1 935754 39277 2.3 62 27 1 2 48% 21243 3053 25%
c u 19.76  0 154 79 50948  1 935754 39258 2.3 62 27 1 2 48% 21243 3053 25%
c v 19.76  0 154 79 50948  1 935754 39096 2.3 62 27 1 2 48% 21243 3053 25%
c w 19.77  0 154 79 50948  1 935754 39096 2.3 62 27 1 2 48% 21243 3053 25%
c B 19.94  0 152 79 50954  1 946079 48653 2.3 60 26 1 2 47% 21243 3053 25%
c - 20.19  0 149 80 50962  1 959938 38841 2.3 58 25 1 2 45% 21243 3053 25%
c p 20.19  0 149 80 50962  1 959938 38850 2.3 58 25 1 2 45% 21243 3053 25%
c 
c  seconds   reductions    conflicts         size   tier2      variables
c         MB       restarts       redundant     glue   trail        remaining
c           level        rate          size/glue  tier1  irredundant
c 
c u 20.19  0 149 80 50962  1 959938 38753 2.3 58 25 1 2 45% 21243 3053 25%
c v 20.20  0 149 80 50962  1 959938 38745 2.3 58 25 1 2 45% 21243 3053 25%
c w 20.20  0 149 80 50962  1 959938 38743 2.3 58 25 1 2 45% 21243 3053 25%
c ] 20.45  0 151 80 50963  1 969177 47621 2.3 60 26 1 2 46% 21243 3053 25%
c { 20.45  0 73 80 50963 12 969177 47621 1.8 14 8 1 2 19% 21243 3053 25%
c - 20.84  0 73 81 53028 12 984432 41007 1.8 15 8 1 2 19% 21243 3053 25%
c p 20.85  0 73 81 53028 12 984432 41017 1.8 15 8 1 2 19% 21243 3053 25%
c u 20.86  0 73 81 53028 12 984432 40953 1.8 15 8 1 2 19% 21243 3053 25%
c v 20.86  0 73 81 53028 12 984432 40798 1.8 15 8 1 2 19% 21243 3053 25%
c F 20.99  0 73 81 53773 12 990082 46005 1.8 15 8 1 2 19% 21243 3053 25%
c } 21.25  0 73 81 55155 12 1000000 55134 1.8 15 8 1 2 19% 21243 3053 25%
c ? 21.25  0 73 81 55155 12 1000000 55134 1.8 15 8 1 2 19% 21243 3053 25%
c 
c --- [ result ] -------------------------------------------------------------
c 
c UNKNOWN
c 
c --- [ run-time profiling ] -------------------------------------------------
c 
c process time taken by individual solving procedures
c (percentage relative to process time for solving)
c 
c        19.60   92.29% search
c        11.52   54.24% stable
c         7.70   36.24% unstable
c         1.63    7.70% simplify
c         0.44    2.05% vivify
c         0.38    1.80% walk
c         0.31    1.44% sweep
c         0.22    1.04% factor
c         0.21    0.98% subsume
c         0.16    0.76% congruence
c         0.09    0.43% elim
c         0.05    0.22% preprocess
c         0.04    0.20% probe
c         0.04    0.17% ternary
c         0.01    0.07% backbone
c         0.01    0.05% fastelim
c         0.01    0.04% parse
c         0.00    0.01% lucky
c   =================================
c        21.24   99.96% solve
c 
c last line shows process time for solving
c (percentage relative to total process time)
c 
c --- [ statistics ] ---------------------------------------------------------
c 
c chronological:            290762        29.08 %  of conflicts
c conflicts:               1000000     47084.53    per second
c backbone:                1090098      8416.45 %  of vars
c decisions:               6196398    291754.49    per second
c eliminated:                 6935        53.54 %  of all variables
c factored:                    616        20.14 %  of variables
c fixed:                       943         7.28 %  of all variables
c learned:                  957473        95.75 %  per conflict
c learned_lits:           41861229       100.00 %  learned literals
c minimized:                     0         0.00 %  learned literals
c shrunken:                1504415         3.59 %  learned literals
c minishrunken:            3751509         8.96 %  learned literals
c otfs:                      25824         2.58 %  of conflict
c propagations:          114739560         5.40 M  per second
c reduced:                  817806        81.78 %  per conflict
c rephased:                     44     22727.27    interval
c restarts:                  55155        18.13    interval
c stabilizing:                  20        58.14 %  of conflicts
c substituted:                2021        15.60 %  of all variables
c sweep equivs:                516        12.49 %  of swept variables
c subsumed:                  48485         4.57 %  of all clauses
c strengthened:              48657         4.59 %  of all clauses
c ticks:                1512918748        13.46    propagation
c vivified:                   6548         0.62 %  of all clauses
c walked:                       13     76923.08    interval
c weakened:                  41893         2.91    average size
c congruence:                   27     37037.04    interval
c 
c seconds are measured in process time for solving
c 
c --- [ glue usage ] ---------------------------------------------------------
c 
c focused glue 1 used 1821653 clauses 71.71% accumulated 71.71% tier1
c focused glue 2 used 354115 clauses 13.94% accumulated 85.65% tier2
c 
c stable glue 1 used 3132214 clauses 55.23% accumulated 55.23% tier1
c stable glue 2 used 744815 clauses 13.13% accumulated 68.36% tier2
c 
c 
c --- [ resources ] ----------------------------------------------------------
c 
c total process time since initialization:        21.25    seconds
c total real time since initialization:           21.30    seconds
c maximum resident set size of process:        99136.00    MB
c 
c --- [ shutting down ] ------------------------------------------------------
c 
c exit 0
