c --- [ banner ] -------------------------------------------------------------
c 
c CaDiCaL SAT Solver
c Copyright (c) 2016-2025
c A. Biere, M. Fleury, N. Froleyks, K. Fazekas, F. Pollitt, T. Faller
c JKU Linz, University of Freiburg, TU Wien
c 
c Version 3.0.0
c Apple clang version 17.0.0 (clang-1700.6.3.2) -Wall -Wextra -O3 -DNDEBUG -DNCLOSEFROM
c Tue Dec 23 21:53:38 UTC 2025 Darwin Tahoe-arm64.local 25.2.0 arm64
c 
c --- [ limit ] --------------------------------------------------------------
c 
c setting conflict limit to 1000000 conflicts (due to '1000000')
c 
c --- [ parsing input ] ------------------------------------------------------
c 
c reading DIMACS file from '/tmp/sr59_cnfs/aux_force_sr59_n32_bit10_m3304caa0_fill80000000.cnf'
c opening file to read '/tmp/sr59_cnfs/aux_force_sr59_n32_bit10_m3304caa0_fill80000000.cnf'
c found 'p cnf 12252 51168' header
c parsed 51168 clauses in 0.01 seconds process time
c 
c --- [ options ] ------------------------------------------------------------
c 
c   --seed=7                       (different from default '0')
c 
c --- [ solving ] ------------------------------------------------------------
c 
c time measured in process time since initialization
c 
c  seconds  reduction conflicts       size tier2       variables
c         MB    restarts   redundant    glue  trail         remaining
c          level     rate       size/glu tier1  irredundant
c 
c *  0.01  0  0 0   0  0    0    0 0.0 0 0 2 6  0% 50655 11771 96%
c (  0.01  0  0 0   0  0    0    0 0.0 0 0 2 6  0% 50655 11771 96%
c .  0.01  0  0 0   0  0    0    0 0.0 0 0 2 6  0% 49631 11771 96%
c c  0.03  0  0 0   0  0    0    0 0.0 0 0 2 6  0% 46927 11307 92%
c d  0.03  0  0 0   0  0    0    0 0.0 0 0 2 6  0% 42861 9968 81%
c 2  0.03  0  0 0   0  0    0    0 0.0 0 0 2 6  0% 42721 9968 81%
c f  0.04  0  0 0   0  0    0    0 0.0 0 0 2 6  0% 42453 10236 84%
c e  0.06  0  0 0   0  0    0    0 0.0 0 0 2 6  0% 28738 5282 43%
c P  0.06  0  0 0   0  0    0    0 0.0 0 0 2 6  0% 28738 5282 43%
c )  0.06  0  0 0   0  0    0    0 0.0 0 0 2 6  0% 28738 5282 43%
c {  0.06  0  0 0   0  0    0    0 0.0 0 0 2 6  0% 28738 5282 43%
c -  0.06  0 866 1   6 13  301  238 1.6 4 2 2 6 17% 28738 5282 43%
c -  0.07  0 667 2  32 51  734  594 1.6 4 3 2 6 17% 28738 5282 43%
c }  0.07  0 517 2  56 41 1001  821 1.6 4 3 2 6 16% 28738 5282 43%
c [  0.07  0  0 2  56  0 1001  821 0.0 0 0 2 6  0% 28738 5282 43%
c O  0.07  0 1886 2  56 1887 1002  822 1.6 21 13 2 6 42% 28738 5282 43%
c -  0.07  0 1853 3  56  6 1413  939 1.9 37 20 2 6 39% 28738 5282 43%
c ]  0.07  0 1851 3  56  5 1582 1081 1.9 36 19 2 6 39% 28738 5282 43%
c {  0.07  0 517 3  56 41 1582 1081 1.6 4 3 2 6 16% 28738 5282 43%
c p  0.08  0 344 3 173 32 2213 1584 1.6 4 3 2 6 12% 28730 5269 43%
c 
c  seconds   reduction conflicts       size tier2      variables
c         MB     restarts   redundant    glue  trail        remaining
c           level     rate       size/glu tier1  irredundant
c 
c c  0.09  0 344 3 173 32 2213 1584 1.6 4 3 2 6 12% 28662 5269 43%
c -  0.09  0 323 4 198 31 2352 1405 1.6 4 3 2 6 11% 28646 5261 43%
c O  0.10  0 265 4 322 29 3007 1955 1.6 5 3 2 6 16% 28646 5261 43%
c }  0.10  0 255 4 362 30 3159 2087 1.6 5 3 2 6 16% 28646 5261 43%
c [  0.10  0 1851 4 362  5 3159 2087 1.9 36 19 2 6 93% 28646 5261 43%
c -  0.11  0 1139 5 362  4 3564 2071 2.0 42 21 2 6 65% 28646 5261 43%
c s  0.13  0 749 5 363  3 4211 2657 2.0 35 17 2 6 60% 28642 5261 43%
c t  0.13  0 749 5 363  3 4211 2657 2.0 35 17 2 6 60% 28641 5261 43%
c e  0.14  0 749 5 363  3 4211 2424 2.0 35 17 2 6 60% 28555 4978 41%
c s  0.14  0 749 5 363  3 4211 2382 2.0 35 17 2 6 60% 28468 4978 41%
c d  0.15  0 621 5 363  3 4715 2793 2.0 31 16 2 6 52% 28464 4967 41%
c c  0.16  0 621 5 363  3 4715 2793 2.0 31 16 2 6 52% 28456 4967 41%
c =  0.16  0 621 5 363  3 4715 2782 2.0 31 16 2 6 52% 28372 4906 40%
c ]  0.17  0 569 5 364  3 4967 3005 1.9 30 15 2 6 49% 28372 4906 40%
c {  0.17  0 255 5 364 30 4967 3005 1.6 5 3 2 6 16% 28372 4906 40%
c -  0.17  0 248 6 389 29 5056 2081 1.6 5 3 2 3 16% 28372 4906 40%
c #  0.18  0 202 6 571 26 6009 2893 1.6 5 3 2 3 14% 28372 4906 40%
c -  0.19  0 180 7 736 25 6834 2885 1.6 6 4 2 3 14% 28372 4906 40%
c d  0.19  0 169 7 793 24 7320 3007 1.6 6 4 2 3 14% 28372 4868 40%
c c  0.20  0 169 7 793 24 7320 3007 1.6 6 4 2 3 14% 28252 4868 40%
c 
c  seconds   reduction conflicts       size tier2      variables
c         MB     restarts   redundant    glue  trail        remaining
c           level     rate       size/glu tier1  irredundant
c 
c d  0.20  0 169 7 793 24 7320 2939 1.6 6 4 2 3 14% 28212 4848 40%
c =  0.21  0 169 7 793 24 7320 2939 1.6 6 4 2 3 14% 28164 4808 39%
c f  0.21  0 169 7 793 24 7320 2939 1.6 6 4 2 3 13% 27980 4987 41%
c }  0.22  0 153 7 961 22 8319 3764 1.6 6 4 2 3 13% 27980 4987 41%
c [  0.22  0 569 7 961  3 8319 3764 1.9 30 15 2 6 47% 27980 4987 41%
c -  0.23  0 489 8 961  3 8903 3373 1.9 27 14 2 6 45% 27980 4987 41%
c I  0.25  0 403 8 961  3 10010 4397 2.1 31 15 3 11 43% 27980 4987 41%
c d  0.25  0 402 8 961  3 10018 4322 2.1 31 15 3 11 43% 27980 4974 41%
c c  0.26  0 402 8 961  3 10018 4322 2.1 31 15 3 11 43% 27925 4974 41%
c d  0.26  0 402 8 961  3 10018 4273 2.1 31 15 3 11 43% 27911 4967 41%
c 2  0.26  0 402 8 961  3 10018 4273 2.1 31 15 3 11 43% 27909 4967 41%
c =  0.26  0 402 8 961  3 10018 4273 2.1 31 15 3 11 43% 27909 4885 40%
c -  0.28  0 331 9 962  3 11262 3882 2.1 28 13 3 11 35% 27909 4885 40%
c ]  0.30  0 303 9 963  3 12459 5005 2.2 29 14 3 11 37% 27909 4885 40%
c {  0.30  0 153 9 963 22 12459 5005 1.6 6 4 2 3 15% 27909 4885 40%
c c  0.31  0 148 9 1033 22 12803 5289 1.6 6 4 2 3 15% 27887 4880 40%
c d  0.31  0 148 9 1033 22 12803 5262 1.6 6 4 2 3 15% 27881 4877 40%
c =  0.32  0 148 9 1033 22 12803 5262 1.6 6 4 2 3 15% 27880 4873 40%
c -  0.33  0 137 10 1255 21 13915 4662 1.6 6 4 2 3 14% 27880 4873 40%
c e  0.35  0 134 10 1346 21 14274 4607 1.6 7 4 2 3 14% 27845 4693 38%
c 
c  seconds   reductions   conflicts       size tier2      variables
c         MB      restarts     redundant    glue  trail        remaining
c           level       rate        size/glu tier1  irredundant
c 
c s  0.35  0 134 10 1346 21 14274 4589 1.6 7 4 2 3 14% 27613 4693 38%
c B  0.36  0 129 10 1501 21 15011 5239 1.6 7 4 2 3 14% 27611 4693 38%
c 2  0.36  0 124 10 1593 21 15668 5789 1.6 7 4 2 3 14% 27611 4693 38%
c d  0.37  0 124 10 1593 21 15668 5741 1.6 7 4 2 3 14% 27611 4687 38%
c c  0.37  0 124 10 1593 21 15668 5740 1.6 7 4 2 3 14% 27556 4687 38%
c d  0.37  0 124 10 1593 21 15668 5703 1.6 7 4 2 3 14% 27542 4680 38%
c 2  0.37  0 124 10 1593 21 15668 5703 1.6 7 4 2 3 14% 27541 4680 38%
c =  0.38  0 124 10 1593 21 15668 5703 1.6 7 4 2 3 14% 27485 4638 38%
c f  0.38  0 124 10 1593 21 15668 5703 1.6 7 4 2 3 14% 27416 4696 38%
c -  0.40  0 119 11 1822 20 16865 5399 1.6 7 4 2 3 14% 27416 4696 38%
c }  0.41  0 116 11 1930 20 17756 6158 1.6 7 4 2 3 14% 27416 4696 38%
c [  0.41  0 303 11 1930  3 17756 6158 2.2 29 14 3 11 37% 27416 4696 38%
c d  0.42  0 289 11 1931  2 18608 6914 2.2 31 14 3 11 37% 27416 4687 38%
c c  0.43  0 289 11 1931  2 18608 6914 2.2 31 14 3 11 37% 27336 4687 38%
c d  0.43  0 289 11 1931  2 18608 6897 2.2 31 14 3 11 37% 27318 4678 38%
c 2  0.43  0 289 11 1931  2 18608 6897 2.2 31 14 3 11 37% 27316 4678 38%
c =  0.44  0 289 11 1931  2 18608 6897 2.2 31 14 3 11 37% 27252 4617 38%
c u  0.44  0 289 11 1931  2 18608 6217 2.2 31 14 3 11 37% 27243 4617 38%
c v  0.44  0 289 11 1931  2 18608 6057 2.2 31 14 3 11 37% 27243 4617 38%
c w  0.44  0 289 11 1931  2 18608 6057 2.2 31 14 3 11 37% 27243 4617 38%
c 
c  seconds   reductions   conflicts       size   tier2       variables
c         MB      restarts     redundant     glue    trail        remaining
c           level       rate        size/glue  tier1   irredundant
c 
c x  0.45  0 289 11 1931  2 18608 6055 2.2 31 14 3 11 37% 27202 4617 38%
c -  0.47  0 267 12 1932  2 20111 5343 2.1 34 16 3 11 36% 27202 4617 38%
c B  0.49  0 262 12 1932  2 21013 6165 2.2 38 17 3 11 38% 27202 4617 38%
c d  0.49  0 253 12 1932  2 21619 6678 2.1 37 17 2 5 35% 27202 4614 38%
c c  0.50  0 253 12 1932  2 21619 6678 2.1 37 17 2 5 35% 27178 4614 38%
c d  0.50  0 253 12 1932  2 21619 6653 2.1 37 17 2 5 35% 27172 4611 38%
c 2  0.50  0 253 12 1932  2 21619 6653 2.1 37 17 2 5 35% 27170 4611 38%
c =  0.51  0 253 12 1932  2 21619 6653 2.1 37 17 2 5 35% 27170 4566 37%
c f  0.51  0 253 12 1932  2 21619 6651 2.1 37 17 2 5 35% 27156 4579 37%
c -  0.53  0 234 13 1932  2 23657 5763 2.1 35 16 2 5 34% 27156 4579 37%
c =  0.56  0 228 13 1933  2 24695 6709 2.1 35 16 2 5 35% 27152 4551 37%
c ]  0.57  0 227 13 1934  2 25365 7331 2.1 35 17 2 5 35% 27152 4551 37%
c {  0.57  0 116 13 1934 20 25365 7331 1.6 7 4 2 3 14% 27152 4551 37%
c -  0.60  0 110 14 2299 19 27502 6857 1.6 7 5 2 3 14% 27152 4551 37%
c 2  0.60  0 110 14 2379 20 27835 7158 1.6 7 5 2 3 14% 27150 4551 37%
c =  0.61  0 110 14 2379 20 27835 7136 1.6 7 5 2 3 14% 27141 4481 37%
c f  0.62  0 110 14 2379 20 27835 7136 1.6 7 5 2 3 14% 27112 4495 37%
c W  0.63  0 109 14 2393 19 28015 7286 1.6 7 5 2 3 14% 27112 4495 37%
c e  0.66  0 106 14 2713 20 29614 7534 1.6 8 5 2 3 14% 22813 4030 33%
c s  0.66  0 106 14 2713 20 29614 7487 1.6 8 5 2 3 14% 22753 4030 33%
c 
c  seconds   reductions   conflicts       size tier2      variables
c         MB      restarts     redundant    glue  trail        remaining
c           level       rate        size/glu tier1  irredundant
c 
c e  0.66  0 106 14 2713 20 29614 7486 1.6 8 5 2 3 14% 22739 4029 33%
c -  0.69  0 102 15 3105 19 31647 7308 1.6 8 5 2 3 16% 22739 4029 33%
c 2  0.69  0 102 15 3105 19 31647 7280 1.6 8 5 2 3 16% 22739 4029 33%
c d  0.69  0 102 15 3105 19 31647 7263 1.6 8 5 2 3 16% 22739 4026 33%
c c  0.69  0 102 15 3105 19 31647 7263 1.6 8 5 2 3 16% 22714 4026 33%
c d  0.70  0 102 15 3105 19 31647 7253 1.6 8 5 2 3 16% 22710 4024 33%
c 2  0.70  0 102 15 3105 19 31647 7253 1.6 8 5 2 3 16% 22708 4024 33%
c f  0.71  0 102 15 3105 19 31647 7249 1.6 8 5 2 3 15% 22680 4040 33%
c }  0.72  0 101 15 3320 19 33035 8452 1.6 8 5 2 3 16% 22680 4040 33%
c [  0.72  0 227 15 3320  2 33035 8452 2.1 35 17 2 5 42% 22680 4040 33%
c W  0.78  0 207 15 3321  2 36017 11304 2.2 38 17 2 5 44% 22680 4040 33%
c -  0.78  0 206 16 3321  2 36094 8402 2.2 38 17 2 5 44% 22680 4040 33%
c u  0.79  0 206 16 3321  2 36094 7159 2.2 38 17 2 5 44% 22387 4040 33%
c v  0.79  0 206 16 3321  2 36094 6885 2.2 38 17 2 5 44% 22387 4040 33%
c w  0.79  0 206 16 3321  2 36094 6883 2.2 38 17 2 5 44% 22387 4040 33%
c -  0.85  0 191 17 3325  2 40843 7486 2.1 38 18 2 4 41% 22387 4040 33%
c d  0.85  0 191 17 3325  2 40843 7466 2.1 38 18 2 4 41% 22374 4035 33%
c 2  0.85  0 191 17 3325  2 40843 7466 2.1 38 18 2 4 41% 22372 4035 33%
c f  0.86  0 191 17 3325  2 40843 7464 2.1 38 18 2 4 40% 22357 4043 33%
c ]  0.91  0 190 17 3325  2 43332 9869 2.1 40 19 2 4 41% 22357 4043 33%
c 
c  seconds   reductions   conflicts       size tier2      variables
c         MB      restarts     redundant    glue  trail        remaining
c           level       rate        size/glu tier1  irredundant
c 
c {  0.91  0 101 17 3325 19 43332 9869 1.6 8 5 2 3 16% 22357 4043 33%
c F  0.94  0 99 17 3612 19 45018 11397 1.6 8 5 2 3 16% 22357 4043 33%
c -  0.95  0 98 18 3810 19 45895 8640 1.6 8 5 2 3 16% 22357 4043 33%
c 2  0.95  0 98 18 3810 19 45895 8639 1.6 8 5 2 3 16% 22357 4043 33%
c d  0.95  0 98 18 3810 19 45895 8638 1.6 8 5 2 3 16% 22353 4042 33%
c p  0.96  0 98 18 3810 19 45895 8655 1.6 8 5 2 3 16% 22353 4042 33%
c c  0.96  0 98 18 3810 19 45895 8655 1.6 8 5 2 3 16% 22346 4041 33%
c d  0.96  0 98 18 3810 19 45895 8654 1.6 8 5 2 3 16% 22342 4040 33%
c 2  0.96  0 98 18 3810 19 45895 8654 1.6 8 5 2 3 16% 22340 4040 33%
c f  0.96  0 98 18 3810 19 45895 8642 1.6 8 5 2 3 16% 22343 4046 33%
c e  1.03  0 95 18 4550 19 49588 11845 1.6 9 5 2 3 17% 22324 4027 33%
c s  1.03  0 95 18 4550 19 49588 11836 1.6 9 5 2 3 17% 22322 4027 33%
c -  1.06  0 94 19 4910 19 51252 10146 1.6 9 5 2 3 17% 22320 4027 33%
c 2  1.06  0 94 19 4910 19 51252 10144 1.6 9 5 2 3 17% 22320 4027 33%
c p  1.06  0 94 19 4910 19 51252 10308 1.6 9 5 2 3 17% 22320 4027 33%
c u  1.07  0 94 19 4910 19 51252 9891 1.6 9 5 2 3 17% 22320 4027 33%
c v  1.07  0 94 19 4910 19 51252 9771 1.6 9 5 2 3 17% 22320 4027 33%
c f  1.08  0 94 19 4910 19 51252 9756 1.6 9 5 2 3 17% 22321 4037 33%
c }  1.09  0 93 19 5027 19 52011 10425 1.6 9 5 2 3 17% 22321 4037 33%
c [  1.09  0 190 19 5027  2 52011 10425 2.1 40 19 2 4 41% 22321 4037 33%
c 
c  seconds   reductions   conflicts        size   tier2      variables
c         MB      restarts      redundant     glue   trail        remaining
c           level       rate         size/glue  tier1  irredundant
c 
c O  1.15  0 184 19 5028  2 55020 13250 2.1 43 20 2 4 41% 22321 4037 33%
c -  1.19  0 180 20 5028  2 56911 10695 2.2 43 20 2 4 43% 22321 4037 33%
c ]  1.32  0 180 20 5028  2 61623 15200 2.0 47 23 2 4 40% 22321 4037 33%
c {  1.32  0 93 20 5028 19 61623 15200 1.6 9 5 2 3 17% 22321 4037 33%
c -  1.34  0 92 21 5268 19 62875 11257 1.6 9 5 2 3 17% 22321 4037 33%
c p  1.34  0 92 21 5268 19 62875 11424 1.6 9 5 2 3 17% 22321 4037 33%
c u  1.35  0 92 21 5268 19 62875 10843 1.6 9 5 2 3 17% 22317 4037 33%
c v  1.35  0 92 21 5268 19 62875 10717 1.6 9 5 2 3 17% 22317 4037 33%
c t  1.35  0 92 21 5268 19 62875 10716 1.6 9 5 2 3 17% 22317 4037 33%
c f  1.36  0 92 21 5268 19 62875 10629 1.6 9 5 2 3 16% 22369 4070 33%
c B  1.39  0 88 21 5572 18 66021 13356 1.7 9 5 2 3 16% 22369 4070 33%
c -  1.45  0 87 22 6164 18 69144 12319 1.7 9 6 2 3 16% 22369 4070 33%
c p  1.45  0 87 22 6164 18 69144 12500 1.7 9 6 2 3 16% 22369 4070 33%
c t  1.45  0 87 22 6164 18 69144 12500 1.7 9 6 2 3 16% 22368 4070 33%
c f  1.45  0 87 22 6164 18 69144 12473 1.7 9 6 2 3 16% 22382 4082 33%
c }  1.52  0 86 22 6885 17 73326 16267 1.7 9 6 1 2 16% 22382 4082 33%
c [  1.52  0 180 22 6885  2 73326 16267 2.0 47 23 2 4 40% 22382 4082 33%
c e  1.54  0 179 22 6886  2 74295 17108 2.0 47 23 2 4 40% 22375 4072 33%
c s  1.54  0 179 22 6886  2 74295 17104 2.0 47 23 2 4 40% 22373 4072 33%
c -  1.56  0 178 23 6887  2 75718 11507 2.0 46 23 2 4 40% 22372 4072 33%
c 
c  seconds   reductions   conflicts        size   tier2      variables
c         MB      restarts      redundant     glue   trail        remaining
c           level       rate         size/glue  tier1  irredundant
c 
c p  1.56  0 178 23 6887  2 75718 11516 2.0 46 23 2 4 40% 22372 4072 33%
c u  1.57  0 178 23 6887  2 75718 11116 2.0 46 23 2 4 40% 22372 4072 33%
c v  1.57  0 178 23 6887  2 75718 10829 2.0 46 23 2 4 40% 22372 4072 33%
c w  1.57  0 178 23 6887  2 75718 10827 2.0 46 23 2 4 40% 22372 4072 33%
c t  1.57  0 178 23 6887  2 75718 10826 2.0 46 23 2 4 40% 22372 4072 33%
c f  1.57  0 178 23 6887  2 75718 10823 2.0 46 23 2 4 40% 22374 4073 33%
c B  1.59  0 168 23 6889  2 78023 12777 2.0 44 22 2 4 37% 22374 4073 33%
c -  1.66  0 167 24 6892  2 82598 11042 2.0 43 21 2 4 37% 22374 4073 33%
c c  1.66  0 167 24 6892  2 82598 11025 2.0 43 21 2 4 37% 22362 4071 33%
c d  1.66  0 167 24 6892  2 82598 11022 2.0 43 21 2 4 37% 22358 4069 33%
c 2  1.66  0 167 24 6892  2 82598 11022 2.0 43 21 2 4 37% 22356 4069 33%
c =  1.67  0 167 24 6892  2 82598 11022 2.0 43 21 2 4 37% 22356 4068 33%
c -  1.79  0 165 25 6895  2 89784 10870 2.0 45 22 2 4 36% 22356 4068 33%
c p  1.80  0 165 25 6895  2 89784 10959 2.0 45 22 2 4 36% 22356 4066 33%
c f  1.80  0 165 25 6895  2 89784 10944 2.0 45 22 2 4 36% 22345 4076 33%
c W  1.84  0 166 25 6896  2 91024 12105 2.0 45 22 2 4 36% 22345 4076 33%
c ]  1.89  0 165 25 6898  2 93665 14625 2.0 46 23 2 4 36% 22345 4076 33%
c {  1.89  0 86 25 6898 17 93665 14625 1.7 9 6 1 2 16% 22345 4076 33%
c -  1.94  0 84 26 7412 17 97274 11661 1.7 10 6 1 2 16% 22345 4076 33%
c p  1.94  0 84 26 7412 17 97274 11749 1.7 10 6 1 2 16% 22345 4075 33%
c 
c  seconds  reductions   conflicts        size  tier2      variables
c         MB     restarts      redundant     glue  trail        remaining
c          level       rate         size/glue tier1  irredundant
c 
c =  1.96  0 84 26 7412 17 97274 11745 1.7 10 6 1 2 16% 22340 4072 33%
c u  1.97  0 84 26 7412 17 97274 11303 1.7 10 6 1 2 16% 22340 4072 33%
c v  1.97  0 84 26 7412 17 97274 11241 1.7 10 6 1 2 16% 22340 4072 33%
c w  1.97  0 84 26 7412 17 97274 11241 1.7 10 6 1 2 16% 22340 4072 33%
c x  1.97  0 84 26 7412 17 97274 11229 1.7 10 6 1 2 16% 22212 4072 33%
c t  1.97  0 84 26 7412 17 97274 11228 1.7 10 6 1 2 16% 22211 4072 33%
c 2  1.97  0 84 26 7412 17 97274 11227 1.7 10 6 1 2 16% 22211 4072 33%
c f  1.97  0 84 26 7412 17 97274 11225 1.7 10 6 1 2 16% 22211 4074 33%
c e  2.08  0 83 26 8414 17 103790 16971 1.7 10 6 1 2 16% 22201 4061 33%
c ^  2.08  0 83 26 8414 17 103790 16971 1.7 10 6 1 2 16% 22201 4061 33%
c W  2.11  0 82 26 8645 17 105026 18106 1.7 10 6 1 2 16% 22201 4061 33%
c -  2.12  0 82 27 8658 17 105072 12505 1.7 10 6 1 2 16% 22201 4061 33%
c p  2.12  0 82 27 8658 17 105072 12518 1.7 10 6 1 2 16% 22201 4061 33%
c =  2.13  0 82 27 8658 17 105072 12516 1.7 10 6 1 2 16% 22196 4055 33%
c f  2.14  0 82 27 8658 17 105072 12516 1.7 10 6 1 2 16% 22186 4059 33%
c }  2.19  0 80 27 9140 16 109624 16557 1.7 10 6 1 2 16% 22186 4059 33%
c [  2.19  0 165 27 9140  2 109624 16557 2.0 46 23 2 4 36% 22186 4059 33%
c -  2.26  0 164 28 9141  2 113175 13698 2.0 47 23 2 4 37% 22186 4059 33%
c p  2.26  0 164 28 9141  2 113175 13780 2.0 47 23 2 4 37% 22186 4059 33%
c u  2.27  0 164 28 9141  2 113175 13017 2.0 47 23 2 4 37% 22065 4059 33%
c 
c  seconds   reductions   conflicts         size   tier2      variables
c         MB      restarts       redundant     glue   trail        remaining
c           level       rate          size/glue  tier1  irredundant
c 
c v  2.27  0 164 28 9141  2 113175 12832 2.0 47 23 2 4 37% 22065 4059 33%
c w  2.28  0 164 28 9141  2 113175 12832 2.0 47 23 2 4 37% 22065 4059 33%
c t  2.28  0 164 28 9141  2 113175 12830 2.0 47 23 2 4 37% 22065 4059 33%
c I  2.38  0 163 28 9142  2 120028 19255 2.0 47 23 2 4 37% 22065 4059 33%
c -  2.41  0 162 29 9142  2 121586 13111 2.0 47 23 2 4 37% 22065 4059 33%
c d  2.41  0 162 29 9142  2 121586 13094 2.0 47 23 2 4 37% 22065 4058 33%
c p  2.41  0 162 29 9142  2 121586 13155 2.0 47 23 2 4 37% 22065 4058 33%
c -  2.55  0 159 30 9143  2 130304 12826 2.1 47 23 2 4 37% 22063 4058 33%
c d  2.55  0 159 30 9143  2 130304 12803 2.1 47 23 2 4 37% 22063 4057 33%
c p  2.55  0 159 30 9143  2 130304 12831 2.1 47 23 2 4 37% 22063 4057 33%
c 2  2.55  0 159 30 9143  2 130304 12831 2.1 47 23 2 4 37% 22061 4057 33%
c =  2.56  0 159 30 9143  2 130304 12831 2.1 47 23 2 4 37% 22061 4056 33%
c ]  2.64  0 161 30 9143  2 134682 16968 2.1 48 23 2 4 37% 22061 4056 33%
c {  2.64  0 80 30 9143 16 134682 16968 1.7 10 6 1 2 16% 22061 4056 33%
c #  2.67  0 80 30 9419 16 136029 18189 1.7 10 6 1 2 16% 22061 4056 33%
c e  2.72  0 80 30 9824 16 138101 14219 1.7 10 6 1 2 16% 22241 3832 31%
c ^  2.72  0 80 30 9824 16 138101 14219 1.7 10 6 1 2 16% 22241 3832 31%
c -  2.74  0 80 31 9978 16 139328 11202 1.7 10 6 1 2 16% 22241 3832 31%
c p  2.74  0 80 31 9978 16 139328 11234 1.7 10 6 1 2 16% 22241 3832 31%
c u  2.76  0 80 31 9978 16 139328 10700 1.7 10 6 1 2 16% 22241 3832 31%
c 
c  seconds  reductions   conflicts         size  tier2      variables
c         MB     restarts       redundant     glue  trail        remaining
c          level       rate          size/glue tier1  irredundant
c 
c v  2.76  0 80 31 9978 16 139328 10693 1.7 10 6 1 2 16% 22241 3832 31%
c w  2.76  0 80 31 9978 16 139328 10692 1.7 10 6 1 2 16% 22241 3832 31%
c x  2.77  0 80 31 9978 16 139328 10692 1.7 10 6 1 2 16% 22227 3832 31%
c t  2.77  0 80 31 9978 16 139328 10692 1.7 10 6 1 2 16% 22226 3832 31%
c f  2.77  0 80 31 9978 16 139328 10692 1.7 10 6 1 2 16% 22218 3834 31%
c -  2.91  0 80 32 11264 16 148659 12808 1.7 10 6 1 2 16% 22218 3834 31%
c p  2.91  0 80 32 11264 16 148659 12920 1.7 10 6 1 2 16% 22218 3833 31%
c f  2.92  0 80 32 11264 16 148659 12920 1.7 10 6 1 2 16% 22208 3835 31%
c B  2.99  0 79 32 11850 16 153031 16836 1.7 10 6 1 2 16% 22208 3835 31%
c }  3.00  0 79 32 11971 16 153801 17550 1.7 10 6 1 2 16% 22208 3835 31%
c [  3.00  0 161 32 11971  2 153801 17550 2.1 48 23 2 4 37% 22208 3835 31%
c -  3.08  0 158 33 11971  2 158300 14157 2.1 48 23 2 4 36% 22208 3835 31%
c p  3.08  0 158 33 11971  2 158300 14158 2.1 48 23 2 4 36% 22208 3835 31%
c =  3.10  0 158 33 11971  2 158300 14122 2.1 48 23 2 4 36% 22203 3818 31%
c u  3.11  0 158 33 11971  2 158300 13507 2.1 48 23 2 4 36% 22181 3818 31%
c v  3.11  0 158 33 11971  2 158300 13249 2.1 48 23 2 4 36% 22181 3818 31%
c w  3.11  0 158 33 11971  2 158300 13248 2.1 48 23 2 4 36% 22181 3818 31%
c -  3.31  0 160 34 11978  2 168247 14032 2.0 50 24 2 4 37% 22181 3818 31%
c p  3.31  0 160 34 11978  2 168247 14177 2.0 50 24 2 4 37% 22181 3818 31%
c t  3.32  0 160 34 11978  2 168247 14168 2.0 50 24 2 4 37% 22181 3818 31%
c 
c  seconds   reductions    conflicts         size   tier2      variables
c         MB       restarts       redundant     glue   trail        remaining
c           level        rate          size/glue  tier1  irredundant
c 
c B  3.35  0 157 34 11978  2 171034 16575 2.0 49 24 2 4 36% 22181 3818 31%
c -  3.53  0 159 35 11983  2 178501 14476 2.1 52 24 2 4 38% 22181 3818 31%
c p  3.53  0 159 35 11983  2 178501 14478 2.1 52 24 2 4 38% 22181 3818 31%
c u  3.54  0 159 35 11983  2 178501 13970 2.1 52 24 2 4 38% 22181 3818 31%
c v  3.54  0 159 35 11983  2 178501 13850 2.1 52 24 2 4 38% 22181 3818 31%
c w  3.54  0 159 35 11983  2 178501 13848 2.1 52 24 2 4 38% 22181 3818 31%
c e  3.56  0 159 35 11984  2 178694 12734 2.1 51 24 2 4 38% 22401 3674 30%
c s  3.56  0 159 35 11984  2 178694 12699 2.1 51 24 2 4 38% 22376 3674 30%
c e  3.56  0 159 35 11984  2 178694 12686 2.1 51 24 2 4 38% 22377 3668 30%
c ]  3.60  0 158 35 11985  2 181069 14839 2.1 51 24 2 4 41% 22377 3668 30%
c {  3.60  0 79 35 11985 16 181069 14839 1.7 10 6 1 2 18% 22377 3668 30%
c -  3.71  0 77 36 12876 15 189064 14783 1.7 11 6 1 2 18% 22377 3668 30%
c 2  3.71  0 77 36 12876 15 189064 14782 1.7 11 6 1 2 18% 22377 3668 30%
c p  3.71  0 77 36 12876 15 189064 14863 1.7 11 6 1 2 18% 22377 3668 30%
c f  3.73  0 77 36 12876 15 189064 14848 1.7 11 6 1 2 18% 22297 3696 30%
c W  3.77  0 77 36 13003 15 190036 15715 1.7 11 6 1 2 18% 22297 3696 30%
c -  3.94  0 76 37 14461 15 199935 16596 1.7 11 6 1 2 18% 22297 3696 30%
c p  3.94  0 76 37 14461 15 199935 16604 1.7 11 6 1 2 18% 22297 3696 30%
c u  3.94  0 76 37 14461 15 199935 16103 1.7 11 6 1 2 18% 22297 3696 30%
c v  3.95  0 76 37 14461 15 199935 15881 1.7 11 6 1 2 18% 22297 3696 30%
c 
c  seconds  reductions    conflicts         size  tier2      variables
c         MB      restarts       redundant     glue  trail        remaining
c          level        rate          size/glue tier1  irredundant
c 
c w  3.95  0 76 37 14461 15 199935 15881 1.7 11 6 1 2 18% 22297 3696 30%
c x  3.95  0 76 37 14461 15 199935 15875 1.7 11 6 1 2 18% 22164 3696 30%
c }  4.04  0 76 37 15209 15 205358 20749 1.7 11 6 1 2 18% 22164 3696 30%
c [  4.04  0 158 37 15209  2 205358 20749 2.1 51 24 2 4 41% 22164 3696 30%
c W  4.08  0 156 37 15210  2 210037 24708 2.1 49 23 2 4 30% 22163 3696 30%
c -  4.09  0 156 38 15210  2 211114 17580 2.1 49 23 2 4 29% 22163 3696 30%
c p  4.09  0 156 38 15210  2 211114 17615 2.1 49 23 2 4 29% 22118 3685 30%
c c  4.10  0 156 38 15210  2 211114 17615 2.1 49 23 2 4 29% 22103 3685 30%
c f  4.10  0 156 38 15210  2 211114 17608 2.1 49 23 2 4 29% 22094 3683 30%
c -  4.24  0 154 39 15214  2 222602 17855 2.1 47 22 2 4 28% 22093 3683 30%
c =  4.25  0 154 39 15214  2 222602 17808 2.1 47 22 2 4 28% 22037 3668 30%
c u  4.26  0 154 39 15214  2 222602 17570 2.1 47 22 2 4 28% 22023 3668 30%
c v  4.26  0 154 39 15214  2 222602 17549 2.1 47 22 2 4 28% 22023 3668 30%
c w  4.26  0 154 39 15214  2 222602 17548 2.1 47 22 2 4 28% 22023 3668 30%
c e  4.28  0 152 39 15216  2 225657 20031 2.1 46 22 2 4 26% 22029 3659 30%
c s  4.28  0 152 39 15216  2 225657 20020 2.1 46 22 2 4 26% 22022 3659 30%
c e  4.29  0 152 39 15216  2 225657 20009 2.1 46 22 2 4 26% 22023 3658 30%
c O  4.35  0 152 39 15217  2 231038 24803 2.1 45 22 2 4 26% 22023 3658 30%
c -  4.38  0 150 40 15220  2 234397 16769 2.1 44 21 2 4 26% 22023 3658 30%
c 2  4.38  0 150 40 15220  2 234397 16767 2.1 44 21 2 4 26% 22023 3658 30%
c 
c  seconds   reductions    conflicts         size   tier2      variables
c         MB       restarts       redundant     glue   trail        remaining
c           level        rate          size/glue  tier1  irredundant
c 
c -  4.49  0 152 41 15225  2 246500 17113 2.0 41 20 2 4 26% 22023 3658 30%
c p  4.49  0 152 41 15225  2 246500 17120 2.0 41 20 2 4 26% 22023 3658 30%
c B  4.58  0 151 41 15226  2 253041 22839 2.0 41 20 2 4 25% 22023 3658 30%
c -  4.63  0 151 42 15226  1 258913 17437 2.0 39 20 2 4 25% 22023 3658 30%
c p  4.63  0 151 42 15226  1 258913 17441 2.0 39 20 2 4 25% 22023 3658 30%
c u  4.63  0 151 42 15226  1 258913 17067 2.0 39 20 2 4 25% 22023 3658 30%
c v  4.63  0 151 42 15226  1 258913 17054 2.0 39 20 2 4 25% 22023 3658 30%
c w  4.64  0 151 42 15226  1 258913 17054 2.0 39 20 2 4 25% 22023 3658 30%
c ]  4.76  0 151 42 15227  1 270071 27226 2.0 38 19 2 5 26% 22023 3658 30%
c {  4.76  0 76 42 15227 15 270071 27226 1.7 11 6 1 2 18% 22023 3658 30%
c -  4.78  0 75 43 15349 15 271633 17620 1.7 11 6 1 2 17% 22023 3658 30%
c p  4.78  0 75 43 15349 15 271633 17650 1.7 11 6 1 2 17% 22023 3658 30%
c F  4.86  0 76 43 16065 15 276043 21637 1.7 11 6 1 2 17% 22023 3658 30%
c t  4.88  0 75 43 16210 15 277456 22918 1.7 11 6 1 2 17% 22023 3658 30%
c ^  4.88  0 75 43 16210 15 277456 22918 1.7 11 6 1 2 17% 22023 3658 30%
c -  5.02  0 75 44 17302 14 284662 19773 1.7 11 6 1 2 17% 22023 3658 30%
c p  5.02  0 75 44 17302 14 284662 19816 1.7 11 6 1 2 17% 22023 3658 30%
c =  5.05  0 75 44 17302 14 284662 19721 1.7 11 6 1 2 17% 21970 3647 30%
c u  5.05  0 75 44 17302 14 284662 19226 1.7 11 6 1 2 17% 21949 3647 30%
c v  5.06  0 75 44 17302 14 284662 18887 1.7 11 6 1 2 17% 21949 3647 30%
c 
c  seconds  reductions    conflicts         size  tier2      variables
c         MB      restarts       redundant     glue  trail        remaining
c          level        rate          size/glue tier1  irredundant
c 
c t  5.06  0 75 44 17302 14 284662 18886 1.7 11 6 1 2 17% 21949 3647 30%
c }  5.25  0 75 44 18976 15 295351 28632 1.7 11 7 1 2 17% 21949 3647 30%
c [  5.25  0 151 44 18976  1 295351 28632 2.0 38 19 2 5 26% 21949 3647 30%
c -  5.30  0 150 45 18976  1 298005 20791 2.0 39 20 2 5 27% 21949 3647 30%
c p  5.31  0 150 45 18976  1 298005 20832 2.0 39 20 2 5 27% 21949 3647 30%
c u  5.32  0 150 45 18976  1 298005 20631 2.0 39 20 2 5 27% 21949 3647 30%
c v  5.32  0 150 45 18976  1 298005 20523 2.0 39 20 2 5 27% 21949 3647 30%
c w  5.32  0 150 45 18976  1 298005 20521 2.0 39 20 2 5 27% 21949 3647 30%
c x  5.32  0 150 45 18976  1 298005 20521 2.0 39 20 2 5 27% 21922 3647 30%
c W  5.39  0 150 45 18976  1 300044 22487 2.0 39 20 2 5 27% 21922 3647 30%
c -  5.64  0 151 46 18976  1 311657 21273 2.0 43 21 2 5 30% 21922 3647 30%
c p  5.64  0 151 46 18976  1 311657 21275 2.0 43 21 2 5 30% 21922 3647 30%
c I  5.93  0 151 46 18976  1 325048 33836 2.1 46 22 2 5 32% 21922 3647 30%
c -  5.94  0 151 47 18976  1 325614 20739 2.1 46 22 2 5 32% 21922 3647 30%
c p  5.95  0 151 47 18976  1 325614 20778 2.1 46 22 2 5 32% 21922 3647 30%
c u  5.95  0 151 47 18976  1 325614 20225 2.1 46 22 2 5 32% 21922 3647 30%
c v  5.95  0 151 47 18976  1 325614 20216 2.1 46 22 2 5 32% 21922 3647 30%
c w  5.95  0 151 47 18976  1 325614 20215 2.1 46 22 2 5 32% 21922 3647 30%
c ]  6.06  0 151 47 18979  1 331189 25397 2.1 46 22 2 5 34% 21922 3647 30%
c {  6.06  0 75 47 18979 15 331189 25397 1.7 11 7 1 2 17% 21922 3647 30%
c 
c  seconds  reductions    conflicts         size  tier2      variables
c         MB      restarts       redundant     glue  trail        remaining
c          level        rate          size/glue tier1  irredundant
c 
c e  6.13  0 75 47 19457 15 334435 20568 1.7 12 7 1 2 17% 21340 3152 26%
c s  6.13  0 75 47 19457 15 334435 20437 1.7 12 7 1 2 17% 21236 3152 26%
c e  6.13  0 75 47 19457 15 334435 19587 1.7 12 7 1 2 17% 21259 3112 25%
c -  6.22  0 75 48 20059 14 339879 17336 1.7 12 7 1 2 18% 21259 3112 25%
c 2  6.22  0 75 48 20059 14 339879 17329 1.7 12 7 1 2 18% 21259 3112 25%
c p  6.22  0 75 48 20059 14 339879 17372 1.7 12 7 1 2 18% 21259 3112 25%
c u  6.22  0 75 48 20059 14 339879 17192 1.7 12 7 1 2 18% 21259 3112 25%
c v  6.22  0 75 48 20059 14 339879 17189 1.7 12 7 1 2 18% 21259 3112 25%
c t  6.22  0 75 48 20059 14 339879 17189 1.7 12 7 1 2 18% 21257 3112 25%
c f  6.23  0 75 48 20059 14 339879 17185 1.7 12 7 1 2 18% 21164 3131 26%
c B  6.41  0 75 48 21542 14 351049 27364 1.7 12 7 1 2 19% 21164 3131 26%
c -  6.49  0 75 49 22076 14 354453 20248 1.7 12 7 1 2 19% 21164 3131 26%
c p  6.49  0 75 49 22076 14 354453 20287 1.7 12 7 1 2 19% 21164 3131 26%
c u  6.52  0 75 49 22076 14 354453 19852 1.7 12 7 1 2 19% 21164 3131 26%
c v  6.52  0 75 49 22076 14 354453 19710 1.7 12 7 1 2 19% 21164 3131 26%
c }  6.66  0 75 49 23223 14 361806 26368 1.7 12 7 1 2 19% 21164 3131 26%
c [  6.66  0 151 49 23223  1 361806 26368 2.1 46 22 2 5 40% 21164 3131 26%
c -  6.82  0 151 50 23227  1 369338 21587 2.1 47 22 2 5 40% 21164 3131 26%
c p  6.82  0 151 50 23227  1 369338 21612 2.1 47 22 2 5 40% 21164 3131 26%
c u  6.83  0 151 50 23227  1 369338 21306 2.1 47 22 2 5 40% 21164 3131 26%
c 
c  seconds   reductions    conflicts         size   tier2      variables
c         MB       restarts       redundant     glue   trail        remaining
c           level        rate          size/glue  tier1  irredundant
c 
c v  6.83  0 151 50 23227  1 369338 21113 2.1 47 22 2 5 40% 21164 3131 26%
c w  6.83  0 151 50 23227  1 369338 21113 2.1 47 22 2 5 40% 21164 3131 26%
c B  7.05  0 153 50 23232  1 378050 29428 2.2 49 23 2 5 42% 21164 3131 26%
c -  7.13  0 152 51 23234  1 384531 21883 2.2 48 22 2 5 41% 21164 3131 26%
c p  7.13  0 152 51 23234  1 384531 21903 2.2 48 22 2 5 41% 21164 3131 26%
c -  7.34  0 145 52 23241  1 400034 21750 2.1 46 22 2 5 38% 21164 3131 26%
c u  7.35  0 145 52 23241  1 400034 21442 2.1 46 22 2 5 38% 21164 3131 26%
c v  7.35  0 145 52 23241  1 400034 21198 2.1 46 22 2 5 38% 21164 3131 26%
c w  7.35  0 145 52 23241  1 400034 21198 2.1 46 22 2 5 38% 21164 3131 26%
c x  7.35  0 145 52 23241  1 400034 21197 2.1 46 22 2 5 38% 21155 3131 26%
c e  7.38  0 145 52 23241  1 400969 21993 2.1 46 21 2 5 38% 21167 3127 26%
c s  7.38  0 145 52 23241  1 400969 21989 2.1 46 21 2 5 38% 21160 3127 26%
c W  7.51  0 143 52 23243  1 406053 26830 2.2 46 21 2 5 38% 21160 3127 26%
c -  7.59  0 137 53 23249  1 415846 22356 2.1 43 20 2 5 36% 21160 3127 26%
c p  7.59  0 137 53 23249  1 415846 22375 2.1 43 20 2 5 36% 21160 3127 26%
c ]  7.63  0 138 53 23250  1 420302 25874 2.1 42 20 2 5 36% 21160 3127 26%
c {  7.63  0 75 53 23250 14 420302 25874 1.7 12 7 1 2 19% 21160 3127 26%
c -  7.84  0 76 54 24962 14 431970 24578 1.7 12 7 1 2 19% 21160 3127 26%
c p  7.84  0 76 54 24962 14 431970 24597 1.7 12 7 1 2 19% 21160 3127 26%
c u  7.85  0 76 54 24962 14 431970 24116 1.7 12 7 1 2 19% 21160 3127 26%
c 
c  seconds  reductions    conflicts         size  tier2      variables
c         MB      restarts       redundant     glue  trail        remaining
c          level        rate          size/glue tier1  irredundant
c 
c v  7.85  0 76 54 24962 14 431970 23794 1.7 12 7 1 2 19% 21160 3127 26%
c W  7.94  0 76 54 25523 14 435054 26633 1.7 12 7 1 2 20% 21160 3127 26%
c -  8.23  0 76 55 27620 15 448401 25707 1.7 12 7 1 2 19% 21160 3127 26%
c p  8.23  0 76 55 27620 15 448401 25724 1.7 12 7 1 2 19% 21160 3127 26%
c u  8.24  0 76 55 27620 15 448401 25414 1.7 12 7 1 2 19% 21160 3127 26%
c v  8.24  0 76 55 27620 15 448401 25040 1.7 12 7 1 2 19% 21160 3127 26%
c }  8.29  0 75 55 27815 14 451950 28161 1.8 12 7 1 2 19% 21160 3127 26%
c [  8.29  0 138 55 27815  1 451950 28161 2.1 42 20 2 5 36% 21160 3127 26%
c O  8.61  0 137 55 27816  1 465057 40736 2.1 45 22 1 2 37% 21160 3127 26%
c -  8.61  0 137 56 27816  1 465141 26047 2.1 45 22 1 2 37% 21160 3127 26%
c p  8.62  0 137 56 27816  1 465141 26064 2.1 45 22 1 2 37% 21160 3127 26%
c u  8.63  0 137 56 27816  1 465141 25754 2.1 45 22 1 2 37% 21160 3127 26%
c v  8.63  0 137 56 27816  1 465141 25605 2.1 45 22 1 2 37% 21160 3127 26%
c ^  8.75  0 136 56 27816  1 472691 32752 2.1 45 22 1 2 38% 21160 3127 26%
c -  9.06  0 140 57 27821  1 482191 25656 2.1 49 24 1 2 40% 21160 3127 26%
c p  9.06  0 140 57 27821  1 482191 25670 2.1 49 24 1 2 40% 21160 3127 26%
c u  9.07  0 140 57 27821  1 482191 25589 2.1 49 24 1 2 40% 21160 3127 26%
c v  9.07  0 140 57 27821  1 482191 25571 2.1 49 24 1 2 40% 21160 3127 26%
c w  9.07  0 140 57 27821  1 482191 25567 2.1 49 24 1 2 40% 21160 3127 26%
c ]  9.32  0 145 57 27826  1 491362 34302 2.1 52 25 1 2 41% 21160 3127 26%
c 
c  seconds  reductions    conflicts         size  tier2      variables
c         MB      restarts       redundant     glue  trail        remaining
c          level        rate          size/glue tier1  irredundant
c 
c {  9.32  0 75 57 27826 14 491362 34302 1.8 12 7 1 2 19% 21160 3127 26%
c #  9.40  0 75 57 28391 14 496060 38518 1.8 13 7 1 2 19% 21160 3127 26%
c -  9.49  0 75 58 28932 14 499550 26587 1.8 13 7 1 2 19% 21160 3127 26%
c p  9.49  0 75 58 28932 14 499550 26596 1.8 13 7 1 2 19% 21160 3127 26%
c u  9.52  0 75 58 28932 14 499550 26281 1.8 13 7 1 2 19% 21160 3127 26%
c v  9.52  0 75 58 28932 14 499550 26226 1.8 13 7 1 2 19% 21160 3127 26%
c -  9.93  0 75 59 31858 14 517225 28150 1.8 13 7 1 2 19% 21160 3127 26%
c p  9.93  0 75 59 31858 14 517225 28159 1.8 13 7 1 2 19% 21160 3127 26%
c u  9.94  0 75 59 31858 14 517225 28033 1.8 13 7 1 2 19% 21160 3127 26%
c v  9.94  0 75 59 31858 14 517225 27772 1.8 13 7 1 2 19% 21160 3127 26%
c } 10.07  0 75 59 32759 15 523190 33184 1.8 13 7 1 2 19% 21160 3127 26%
c [ 10.07  0 145 59 32759  1 523190 33184 2.1 52 25 1 2 41% 21160 3127 26%
c B 10.17  0 145 59 32762  1 528061 37749 2.1 52 25 1 2 42% 21160 3127 26%
c - 10.33  0 147 60 32764  1 535206 29132 2.1 54 26 1 2 42% 21160 3127 26%
c p 10.34  0 147 60 32764  1 535206 29139 2.1 54 26 1 2 42% 21160 3127 26%
c u 10.34  0 147 60 32764  1 535206 28920 2.1 54 26 1 2 42% 21160 3127 26%
c v 10.34  0 147 60 32764  1 535206 28747 2.1 54 26 1 2 42% 21160 3127 26%
c w 10.34  0 147 60 32764  1 535206 28744 2.1 54 26 1 2 42% 21160 3127 26%
c e 10.58  0 145 60 32770  1 549929 29487 2.1 52 25 1 2 41% 23009 2862 23%
c s 10.59  0 145 60 32770  1 549929 29138 2.1 52 25 1 2 41% 22677 2862 23%
c 
c  seconds   reductions    conflicts         size   tier2      variables
c         MB       restarts       redundant     glue   trail        remaining
c           level        rate          size/glue  tier1  irredundant
c 
c e 10.59  0 145 60 32770  1 549929 28755 2.1 52 25 1 2 41% 22706 2851 23%
c - 10.62  0 144 61 32771  1 553495 23332 2.1 51 24 1 2 40% 22706 2851 23%
c 2 10.62  0 144 61 32771  1 553495 23331 2.1 51 24 1 2 40% 22706 2851 23%
c p 10.62  0 144 61 32771  1 553495 23344 2.1 51 24 1 2 40% 22706 2851 23%
c f 10.62  0 144 61 32771  1 553495 23344 2.1 51 24 1 2 40% 22652 2857 23%
c W 10.75  0 143 61 32776  1 561062 30199 2.1 49 23 1 2 39% 22652 2857 23%
c - 10.83  0 141 62 32779  1 572094 24822 2.1 46 22 1 2 37% 22652 2857 23%
c u 10.84  0 141 62 32779  1 572094 24668 2.1 46 22 1 2 37% 22652 2857 23%
c v 10.84  0 141 62 32779  1 572094 24531 2.1 46 22 1 2 37% 22652 2857 23%
c w 10.84  0 141 62 32779  1 572094 24530 2.1 46 22 1 2 37% 22652 2857 23%
c f 10.84  0 141 62 32779  1 572094 24530 2.1 46 22 1 2 37% 22643 2858 23%
c - 11.03  0 140 63 32780  1 591003 25007 2.1 43 21 1 2 34% 22643 2858 23%
c p 11.03  0 140 63 32780  1 591003 25026 2.1 43 21 1 2 34% 22643 2858 23%
c I 11.09  0 141 63 32781  1 595063 28763 2.0 42 21 1 2 34% 22643 2858 23%
c - 11.32  0 140 64 32781  1 610222 25678 2.1 42 20 1 2 34% 22643 2858 23%
c p 11.32  0 140 64 32781  1 610222 25690 2.1 42 20 1 2 34% 22643 2858 23%
c u 11.34  0 140 64 32781  1 610222 25457 2.1 42 20 1 2 34% 22643 2858 23%
c v 11.34  0 140 64 32781  1 610222 25441 2.1 42 20 1 2 34% 22643 2858 23%
c w 11.34  0 140 64 32781  1 610222 25440 2.1 42 20 1 2 34% 22643 2858 23%
c ] 11.43  0 139 64 32781  1 618058 32753 2.1 42 21 1 2 34% 22643 2858 23%
c 
c  seconds  reductions    conflicts         size  tier2      variables
c         MB      restarts       redundant     glue  trail        remaining
c          level        rate          size/glue tier1  irredundant
c 
c { 11.43  0 75 64 32781 15 618058 32753 1.8 13 7 1 2 19% 22643 2858 23%
c - 11.63  0 76 65 34218 14 629751 27875 1.8 13 7 1 2 18% 22643 2858 23%
c p 11.63  0 76 65 34218 14 629751 27892 1.8 13 7 1 2 18% 22643 2858 23%
c u 11.64  0 76 65 34218 14 629751 27692 1.8 13 7 1 2 18% 22643 2858 23%
c v 11.64  0 76 65 34218 14 629751 27533 1.8 13 7 1 2 18% 22643 2858 23%
c w 11.64  0 76 65 34218 14 629751 27533 1.8 13 7 1 2 18% 22643 2858 23%
c B 11.65  0 76 65 34264 14 630065 27828 1.8 13 7 1 2 18% 22643 2858 23%
c e 11.80  0 76 65 35399 14 639738 36438 1.8 13 7 1 2 18% 22651 2857 23%
c s 11.80  0 76 65 35399 14 639738 36435 1.8 13 7 1 2 18% 22649 2857 23%
c - 12.03  0 76 66 36828 14 649590 29885 1.8 13 8 1 2 18% 22649 2857 23%
c p 12.03  0 76 66 36828 14 649590 29895 1.8 13 8 1 2 18% 22649 2857 23%
c u 12.04  0 76 66 36828 14 649590 29389 1.8 13 8 1 2 18% 22649 2857 23%
c v 12.05  0 76 66 36828 14 649590 29013 1.8 13 8 1 2 18% 22649 2857 23%
c w 12.05  0 76 66 36828 14 649590 29013 1.8 13 8 1 2 18% 22649 2857 23%
c } 12.28  0 76 66 38619 14 660716 39177 1.8 13 8 1 2 18% 22649 2857 23%
c [ 12.28  0 139 66 38619  1 660716 39177 2.1 42 21 1 2 34% 22649 2857 23%
c B 12.34  0 140 66 38619  1 666067 44076 2.0 42 20 1 2 34% 22649 2857 23%
c - 12.38  0 140 67 38619  1 669740 30841 2.0 41 20 1 2 34% 22649 2857 23%
c p 12.39  0 140 67 38619  1 669740 30849 2.0 41 20 1 2 34% 22649 2857 23%
c u 12.39  0 140 67 38619  1 669740 30732 2.0 41 20 1 2 34% 22649 2857 23%
c 
c  seconds   reductions    conflicts         size   tier2      variables
c         MB       restarts       redundant     glue   trail        remaining
c           level        rate          size/glue  tier1  irredundant
c 
c v 12.40  0 140 67 38619  1 669740 30507 2.0 41 20 1 2 34% 22649 2857 23%
c w 12.40  0 140 67 38619  1 669740 30506 2.0 41 20 1 2 34% 22649 2857 23%
c - 12.71  0 145 68 38620  1 690200 30923 2.0 41 20 1 2 35% 22649 2857 23%
c p 12.71  0 145 68 38620  1 690200 30931 2.0 41 20 1 2 35% 22649 2857 23%
c W 12.89  0 138 68 38620  1 703067 42330 2.0 39 20 1 2 33% 22649 2857 23%
c - 12.97  0 139 69 38620  1 710970 29769 2.0 39 19 1 2 33% 22649 2857 23%
c u 12.98  0 139 69 38620  1 710970 29603 2.0 39 19 1 2 33% 22649 2857 23%
c v 12.98  0 139 69 38620  1 710970 29593 2.0 39 19 1 2 33% 22649 2857 23%
c w 12.98  0 139 69 38620  1 710970 29593 2.0 39 19 1 2 33% 22649 2857 23%
c x 12.98  0 139 69 38620  1 710970 29593 2.0 39 19 1 2 33% 22619 2857 23%
c - 13.21  0 136 70 38620  1 732051 29705 1.9 37 19 1 2 31% 22619 2857 23%
c p 13.21  0 136 70 38620  1 732051 29713 1.9 37 19 1 2 31% 22619 2857 23%
c ^ 13.25  0 136 70 38620  1 735319 32710 1.9 36 19 1 2 30% 22619 2857 23%
c O 13.31  0 134 70 38622  1 741068 37693 1.9 36 19 1 2 30% 22619 2857 23%
c - 13.42  0 132 71 38629  1 753440 30441 1.9 34 18 1 2 29% 22619 2857 23%
c u 13.45  0 132 71 38629  1 753440 30303 1.9 34 18 1 2 29% 22606 2857 23%
c v 13.45  0 132 71 38629  1 753440 30298 1.9 34 18 1 2 29% 22606 2857 23%
c w 13.45  0 132 71 38629  1 753440 30297 1.9 34 18 1 2 29% 22606 2857 23%
c ] 13.74  0 134 71 38635  1 770917 46389 1.9 36 19 1 2 30% 22606 2857 23%
c { 13.74  0 76 71 38635 14 770917 46389 1.8 13 8 1 2 18% 22606 2857 23%
c 
c  seconds  reductions    conflicts         size  tier2      variables
c         MB      restarts       redundant     glue  trail        remaining
c          level        rate          size/glue tier1  irredundant
c 
c - 13.82  0 76 72 39223 14 775140 32680 1.8 14 8 1 2 18% 22606 2857 23%
c d 13.82  0 76 72 39223 14 775140 32678 1.8 14 8 1 2 18% 22606 2856 23%
c p 13.82  0 76 72 39223 14 775140 32686 1.8 14 8 1 2 18% 22606 2856 23%
c 2 13.82  0 76 72 39223 14 775140 32685 1.8 14 8 1 2 18% 22606 2856 23%
c u 13.83  0 76 72 39223 14 775140 32570 1.8 14 8 1 2 18% 22606 2856 23%
c v 13.83  0 76 72 39223 14 775140 32493 1.8 14 8 1 2 18% 22606 2856 23%
c w 13.83  0 76 72 39223 14 775140 32493 1.8 14 8 1 2 18% 22606 2856 23%
c W 13.94  0 76 72 39856 14 780069 37017 1.8 14 8 1 2 18% 22606 2856 23%
c - 14.36  0 77 73 42397 14 797150 34510 1.8 14 8 1 2 18% 22606 2856 23%
c p 14.36  0 77 73 42397 14 797150 34518 1.8 14 8 1 2 18% 22606 2856 23%
c u 14.37  0 77 73 42397 14 797150 34215 1.8 14 8 1 2 18% 22606 2856 23%
c v 14.38  0 77 73 42397 14 797150 33822 1.8 14 8 1 2 18% 22606 2856 23%
c } 14.69  0 77 73 44577 14 810858 46430 1.8 14 8 1 2 17% 22606 2856 23%
c [ 14.69  0 134 73 44577  1 810858 46430 1.9 36 19 1 2 30% 22606 2856 23%
c - 14.85  0 134 74 44583  1 819470 34985 2.0 37 19 1 2 31% 22606 2856 23%
c p 14.85  0 134 74 44583  1 819470 34991 2.0 37 19 1 2 31% 22606 2856 23%
c u 14.86  0 134 74 44583  1 819470 34708 2.0 37 19 1 2 31% 22606 2856 23%
c v 14.87  0 134 74 44583  1 819470 34377 2.0 37 19 1 2 31% 22606 2856 23%
c w 14.87  0 134 74 44583  1 819470 34377 2.0 37 19 1 2 31% 22606 2856 23%
c B 14.88  0 134 74 44583  1 820070 34944 2.0 37 19 1 2 31% 22606 2856 23%
c 
c  seconds   reductions    conflicts         size   tier2      variables
c         MB       restarts       redundant     glue   trail        remaining
c           level        rate          size/glue  tier1  irredundant
c 
c e 15.16  0 133 74 44591  1 836809 24063 1.9 37 19 1 2 30% 27375 2474 20%
c - 15.25  0 133 75 44592  1 842102 19768 1.9 38 20 1 2 34% 27374 2474 20%
c 2 15.25  0 133 75 44592  1 842102 19767 1.9 38 20 1 2 34% 27374 2474 20%
c p 15.25  0 133 75 44592  1 842102 19778 1.9 38 20 1 2 34% 27374 2474 20%
c u 15.26  0 133 75 44592  1 842102 19676 1.9 38 20 1 2 34% 27374 2474 20%
c v 15.26  0 133 75 44592  1 842102 19670 1.9 38 20 1 2 34% 27374 2474 20%
c w 15.26  0 133 75 44592  1 842102 19670 1.9 38 20 1 2 34% 27374 2474 20%
c W 15.67  0 135 75 44593  1 861072 37281 2.0 43 21 1 2 45% 27374 2474 20%
c - 15.72  0 136 76 44595  1 865043 22945 2.0 42 21 1 2 44% 27374 2474 20%
c p 15.72  0 136 76 44595  1 865043 22954 2.0 42 21 1 2 44% 27374 2474 20%
c u 15.73  0 136 76 44595  1 865043 22637 2.0 42 21 1 2 44% 27374 2474 20%
c v 15.73  0 136 76 44595  1 865043 22518 2.0 42 21 1 2 44% 27374 2474 20%
c w 15.73  0 136 76 44595  1 865043 22517 2.0 42 21 1 2 44% 27374 2474 20%
c - 16.16  0 140 77 44607  1 888294 24181 2.0 46 22 1 2 46% 27374 2474 20%
c p 16.16  0 140 77 44607  1 888294 24188 2.0 46 22 1 2 46% 27374 2474 20%
c u 16.17  0 140 77 44607  1 888294 23909 2.0 46 22 1 2 46% 27374 2474 20%
c v 16.17  0 140 77 44607  1 888294 23755 2.0 46 22 1 2 46% 27374 2474 20%
c w 16.17  0 140 77 44607  1 888294 23751 2.0 46 22 1 2 46% 27374 2474 20%
c ] 16.42  0 144 77 44611  1 901540 36293 2.1 48 23 1 2 47% 27374 2474 20%
c { 16.42  0 77 77 44611 14 901540 36293 1.8 14 8 1 2 22% 27374 2474 20%
c 
c  seconds  reductions    conflicts         size  tier2      variables
c         MB      restarts       redundant     glue  trail        remaining
c          level        rate          size/glue tier1  irredundant
c 
c F 16.44  0 77 77 44766 14 903073 37684 1.8 14 8 1 2 22% 27374 2474 20%
c - 16.59  0 77 78 45576 14 911859 25816 1.8 14 8 1 2 22% 27374 2474 20%
c p 16.59  0 77 78 45576 14 911859 25823 1.8 14 8 1 2 22% 27374 2474 20%
c u 16.59  0 77 78 45576 14 911859 25548 1.8 14 8 1 2 22% 27374 2474 20%
c v 16.60  0 77 78 45576 14 911859 25348 1.8 14 8 1 2 22% 27374 2474 20%
c w 16.60  0 77 78 45576 14 911859 25348 1.8 14 8 1 2 22% 27374 2474 20%
c x 16.60  0 77 78 45576 14 911859 25347 1.8 14 8 1 2 22% 27333 2474 20%
c - 17.10  0 76 79 48545 14 935731 27950 1.8 14 8 1 2 21% 27332 2474 20%
c p 17.10  0 76 79 48545 14 935731 27957 1.8 14 8 1 2 21% 27332 2474 20%
c u 17.15  0 76 79 48545 14 935731 27387 1.8 14 8 1 2 21% 27331 2474 20%
c v 17.15  0 76 79 48545 14 935731 27001 1.8 14 8 1 2 21% 27331 2474 20%
c B 17.36  0 76 79 49763 13 946074 36451 1.8 14 8 1 2 21% 27331 2474 20%
c } 17.55  0 75 79 50619 13 953513 43164 1.8 15 8 1 2 20% 27330 2474 20%
c [ 17.55  0 144 79 50619  1 953513 43164 2.1 48 23 1 2 47% 27330 2474 20%
c - 17.68  0 146 80 50623  1 959914 29626 2.1 48 23 1 2 48% 27330 2474 20%
c p 17.68  0 146 80 50623  1 959914 29632 2.1 48 23 1 2 48% 27330 2474 20%
c u 17.69  0 146 80 50623  1 959914 29377 2.1 48 23 1 2 48% 27330 2474 20%
c v 17.70  0 146 80 50623  1 959914 29046 2.1 48 23 1 2 48% 27330 2474 20%
c w 17.70  0 146 80 50623  1 959914 29044 2.1 48 23 1 2 48% 27330 2474 20%
c s 17.74  0 146 80 50623  1 961655 30599 2.1 48 23 1 2 48% 27270 2474 20%
c 
c  seconds   reductions    conflicts         size   tier2      variables
c         MB       restarts       redundant     glue   trail        remaining
c           level        rate          size/glue  tier1  irredundant
c 
c e 17.74  0 146 80 50623  1 961655 30598 2.1 48 23 1 2 48% 27282 2473 20%
c - 18.12  0 146 81 50632  1 984407 30378 2.0 49 24 1 2 46% 27282 2473 20%
c p 18.12  0 146 81 50632  1 984407 30382 2.0 49 24 1 2 46% 27282 2473 20%
c I 18.20  0 145 81 50632  1 990075 35612 2.0 48 24 1 2 45% 27282 2473 20%
c ] 18.45  0 143 81 50632  1 1000001 45188 2.1 51 25 1 2 46% 27282 2473 20%
c ? 18.45  0 143 81 50632  1 1000001 45188 2.1 51 25 1 2 46% 27282 2473 20%
c 
c --- [ result ] -------------------------------------------------------------
c 
c UNKNOWN
c 
c --- [ run-time profiling ] -------------------------------------------------
c 
c process time taken by individual solving procedures
c (percentage relative to process time for solving)
c 
c        16.88   91.53% search
c        10.04   54.42% stable
c         6.48   35.15% unstable
c         1.56    8.46% simplify
c         0.38    2.08% vivify
c         0.36    1.94% walk
c         0.35    1.90% sweep
c         0.25    1.37% factor
c         0.17    0.92% congruence
c         0.14    0.74% elim
c         0.06    0.35% subsume
c         0.05    0.26% preprocess
c         0.04    0.19% probe
c         0.03    0.16% ternary
c         0.01    0.08% backbone
c         0.01    0.06% fastelim
c         0.01    0.04% parse
c         0.00    0.01% lucky
c   =================================
c        18.44   99.96% solve
c 
c last line shows process time for solving
c (percentage relative to total process time)
c 
c --- [ statistics ] ---------------------------------------------------------
c 
c chronological:            278185        27.82 %  of conflicts
c conflicts:               1000001     54228.31    per second
c backbone:                1044177      8066.26 %  of vars
c decisions:               5790307    313998.27    per second
c eliminated:                 7508        58.00 %  of all variables
c factored:                    693        28.00 %  of variables
c fixed:                       947         7.32 %  of all variables
c learned:                  953626        95.36 %  per conflict
c learned_lits:           36202204       100.00 %  learned literals
c minimized:                     0         0.00 %  learned literals
c shrunken:                1214078         3.35 %  learned literals
c minishrunken:            2785840         7.70 %  learned literals
c otfs:                      30882         3.09 %  of conflict
c propagations:           94323064         5.11 M  per second
c reduced:                  786020        78.60 %  per conflict
c rephased:                     44     22727.30    interval
c restarts:                  50632        19.75    interval
c stabilizing:                  17        63.46 %  of conflicts
c substituted:                2017        15.58 %  of all variables
c sweep equivs:                479        11.38 %  of swept variables
c subsumed:                  54327         5.04 %  of all clauses
c strengthened:              41753         3.88 %  of all clauses
c ticks:                1271431727        13.77    propagation
c vivified:                  10971         1.02 %  of all clauses
c walked:                       13     76923.15    interval
c weakened:                  46688         2.98    average size
c congruence:                   27     37037.07    interval
c 
c seconds are measured in process time for solving
c 
c --- [ glue usage ] ---------------------------------------------------------
c 
c focused glue 1 used 1435166 clauses 70.16% accumulated 70.16% tier1
c focused glue 2 used 301692 clauses 14.74% accumulated 84.91% tier2
c 
c stable glue 1 used 2848660 clauses 51.39% accumulated 51.39% tier1
c stable glue 2 used 739460 clauses 13.34% accumulated 64.73% tier2
c 
c 
c --- [ resources ] ----------------------------------------------------------
c 
c total process time since initialization:        18.45    seconds
c total real time since initialization:           18.52    seconds
c maximum resident set size of process:        86208.00    MB
c 
c --- [ shutting down ] ------------------------------------------------------
c 
c exit 0
