c --- [ banner ] -------------------------------------------------------------
c 
c CaDiCaL SAT Solver
c Copyright (c) 2016-2025
c A. Biere, M. Fleury, N. Froleyks, K. Fazekas, F. Pollitt, T. Faller
c JKU Linz, University of Freiburg, TU Wien
c 
c Version 3.0.0
c Apple clang version 17.0.0 (clang-1700.6.3.2) -Wall -Wextra -O3 -DNDEBUG -DNCLOSEFROM
c Tue Dec 23 21:53:38 UTC 2025 Darwin Tahoe-arm64.local 25.2.0 arm64
c 
c --- [ limit ] --------------------------------------------------------------
c 
c setting conflict limit to 1000000 conflicts (due to '1000000')
c 
c --- [ parsing input ] ------------------------------------------------------
c 
c reading DIMACS file from '/tmp/sr59_cnfs/aux_force_sr59_n32_bit31_m17149975_fillffffffff.cnf'
c opening file to read '/tmp/sr59_cnfs/aux_force_sr59_n32_bit31_m17149975_fillffffffff.cnf'
c found 'p cnf 12336 51511' header
c parsed 51511 clauses in 0.01 seconds process time
c 
c --- [ options ] ------------------------------------------------------------
c 
c   --seed=7                       (different from default '0')
c 
c --- [ solving ] ------------------------------------------------------------
c 
c time measured in process time since initialization
c 
c  seconds  reduction conflicts       size tier2       variables
c         MB    restarts   redundant    glue  trail         remaining
c          level     rate       size/glu tier1  irredundant
c 
c *  0.01  0  0 0   0  0    0    0 0.0 0 0 2 6  0% 50998 11855 96%
c (  0.01  0  0 0   0  0    0    0 0.0 0 0 2 6  0% 50998 11855 96%
c .  0.01  0  0 0   0  0    0    0 0.0 0 0 2 6  0% 49974 11855 96%
c c  0.03  0  0 0   0  0    0    0 0.0 0 0 2 6  0% 47282 11393 92%
c d  0.03  0  0 0   0  0    0    0 0.0 0 0 2 6  0% 43238 10059 82%
c 2  0.03  0  0 0   0  0    0    0 0.0 0 0 2 6  0% 43094 10059 82%
c f  0.04  0  0 0   0  0    0    0 0.0 0 0 2 6  0% 42828 10325 84%
c e  0.06  0  0 0   0  0    0    0 0.0 0 0 2 6  0% 28841 5304 43%
c P  0.06  0  0 0   0  0    0    0 0.0 0 0 2 6  0% 28841 5304 43%
c )  0.06  0  0 0   0  0    0    0 0.0 0 0 2 6  0% 28841 5304 43%
c {  0.06  0  0 0   0  0    0    0 0.0 0 0 2 6  0% 28841 5304 43%
c -  0.06  0 945 1   8 35  302  246 1.5 4 3 2 6 19% 28841 5304 43%
c -  0.06  0 444 2  20 23  736  572 1.6 4 3 2 6 14% 28841 5304 43%
c }  0.06  0 371 2  37 22 1002  795 1.7 4 3 2 6 13% 28841 5304 43%
c [  0.06  0  0 2  37  0 1002  795 0.0 0 0 2 6  0% 28841 5304 43%
c O  0.07  0 1917 2  37 1918 1003  796 2.0 8 4 2 6 39% 28841 5304 43%
c ]  0.07  0 1914 2  37  9 1268 1022 1.9 55 29 2 6 41% 28841 5304 43%
c {  0.07  0 371 2  37 22 1268 1022 1.7 4 3 2 6 13% 28841 5304 43%
c -  0.07  0 334 3  71 22 1415  938 1.6 4 3 2 6 13% 28841 5304 43%
c p  0.08  0 243 3 209 23 2216 1597 1.6 5 3 2 6 27% 28829 5289 43%
c 
c  seconds   reduction conflicts       size tier2      variables
c         MB     restarts   redundant    glue  trail        remaining
c           level     rate       size/glu tier1  irredundant
c 
c c  0.09  0 243 3 209 23 2216 1597 1.6 5 3 2 6 27% 28805 5289 43%
c d  0.09  0 243 3 209 23 2216 1582 1.6 5 3 2 6 27% 28787 5280 43%
c t  0.09  0 243 3 209 23 2216 1582 1.6 5 3 2 6 27% 28786 5280 43%
c -  0.10  0 235 4 244 24 2355 1534 1.6 5 3 2 6 24% 28786 5280 43%
c }  0.10  0 234 4 245 24 2357 1536 1.6 5 3 2 6 24% 28786 5280 43%
c [  0.10  0 1914 4 245  9 2357 1536 1.9 55 29 2 6 97% 28786 5280 43%
c I  0.10  0 659 4 245  4 3006 2094 2.0 28 14 2 6 38% 28786 5280 43%
c -  0.11  0 450 5 246  4 3570 2097 1.9 23 12 2 6 33% 28786 5280 43%
c s  0.11  0 363 5 246  3 4210 2609 1.9 21 11 2 6 31% 28778 5280 43%
c t  0.12  0 363 5 246  3 4210 2609 1.9 21 11 2 6 31% 28775 5280 43%
c e  0.13  0 363 5 246  3 4210 2398 1.9 21 11 2 6 31% 28739 4987 40%
c s  0.13  0 363 5 246  3 4210 2340 1.9 21 11 2 6 31% 28617 4987 40%
c ]  0.14  0 343 5 247  3 4519 2622 1.9 21 11 2 6 31% 28617 4987 40%
c {  0.14  0 234 5 247 24 4519 2622 1.6 5 3 2 6 24% 28617 4987 40%
c c  0.15  0 228 5 300 25 4716 2753 1.6 5 3 2 6 23% 28589 4976 40%
c d  0.15  0 228 5 300 25 4716 2749 1.6 5 3 2 6 23% 28581 4972 40%
c =  0.15  0 228 5 300 25 4716 2749 1.6 5 3 2 6 23% 28525 4930 40%
c -  0.16  0 208 6 378 25 5063 2182 1.6 5 3 2 3 19% 28525 4930 40%
c O  0.17  0 176 6 506 22 6007 2964 1.6 6 3 2 3 15% 28525 4930 40%
c }  0.17  0 159 6 628 22 6748 3607 1.6 6 4 2 3 14% 28525 4930 40%
c 
c  seconds   reduction conflicts       size   tier2      variables
c         MB     restarts   redundant     glue   trail        remaining
c           level     rate       size/glue  tier1  irredundant
c 
c [  0.17  0 343 6 628  3 6748 3607 1.9 21 11 2 6 31% 28525 4930 40%
c -  0.18  0 334 7 628  3 6841 3065 1.9 21 11 2 6 31% 28525 4930 40%
c c  0.19  0 302 7 628  3 7319 3428 2.1 24 12 3 9 32% 28473 4917 40%
c d  0.19  0 302 7 628  3 7319 3382 2.1 24 12 3 9 32% 28451 4906 40%
c =  0.20  0 302 7 628  3 7319 3382 2.1 24 12 3 9 32% 28411 4876 40%
c f  0.20  0 302 7 628  3 7319 3382 2.1 24 12 3 9 31% 28227 5056 41%
c -  0.22  0 228 8 629  3 8908 3518 2.0 20 10 3 9 24% 28227 5056 41%
c B  0.23  0 218 8 630  3 10009 4448 2.1 25 12 2 3 26% 28227 5056 41%
c ]  0.24  0 212 8 630  3 10321 4731 2.1 24 12 2 3 26% 28227 5056 41%
c {  0.24  0 159 8 630 22 10321 4731 1.6 6 4 2 3 14% 28227 5056 41%
c -  0.25  0 141 9 736 20 11267 4178 1.6 6 4 2 3 13% 28227 5056 41%
c d  0.27  0 126 9 945 18 12802 5104 1.6 6 4 2 3 13% 28225 5024 41%
c =  0.27  0 126 9 945 18 12802 4969 1.6 6 4 2 3 13% 28201 4918 40%
c t  0.27  0 126 9 945 18 12802 4968 1.6 6 4 2 3 13% 28201 4918 40%
c -  0.29  0 118 10 1186 18 13920 3800 1.6 6 4 1 2 13% 28201 4918 40%
c s  0.30  0 115 10 1243 18 14296 3940 1.6 6 4 1 2 14% 27068 4918 40%
c t  0.30  0 115 10 1243 18 14296 3935 1.6 6 4 1 2 14% 27068 4918 40%
c e  0.31  0 115 10 1243 18 14296 3575 1.6 6 4 1 2 14% 27063 4736 38%
c s  0.31  0 115 10 1243 18 14296 3509 1.6 6 4 1 2 14% 26885 4736 38%
c }  0.31  0 116 10 1265 18 14407 3610 1.6 7 4 1 2 14% 26882 4736 38%
c 
c  seconds   reductions   conflicts       size   tier2      variables
c         MB      restarts     redundant     glue   trail        remaining
c           level       rate        size/glue  tier1  irredundant
c 
c [  0.31  0 212 10 1265  3 14407 3610 2.1 24 12 2 3 29% 26882 4736 38%
c W  0.32  0 204 10 1265  3 15011 4175 2.1 25 12 2 3 30% 26882 4736 38%
c 2  0.34  0 207 10 1266  3 15668 4751 2.2 26 12 2 3 32% 26882 4736 38%
c d  0.34  0 207 10 1266  3 15668 4736 2.2 26 12 2 3 32% 26882 4729 38%
c c  0.34  0 207 10 1266  3 15668 4736 2.2 26 12 2 3 32% 26802 4729 38%
c d  0.34  0 207 10 1266  3 15668 4715 2.2 26 12 2 3 32% 26790 4723 38%
c =  0.35  0 207 10 1266  3 15668 4715 2.2 26 12 2 3 32% 26785 4703 38%
c f  0.35  0 207 10 1266  3 15668 4715 2.2 26 12 2 3 32% 26743 4742 38%
c -  0.36  0 188 11 1266  3 16869 3865 2.2 24 11 2 3 29% 26743 4742 38%
c =  0.40  0 179 11 1267  3 18608 5371 2.3 25 11 2 3 28% 26707 4715 38%
c t  0.40  0 179 11 1267  3 18608 5371 2.3 25 11 2 3 28% 26705 4715 38%
c ]  0.42  0 179 11 1267  3 19876 6538 2.3 27 12 2 3 29% 26705 4715 38%
c {  0.42  0 116 11 1267 18 19876 6538 1.6 7 4 1 2 14% 26705 4715 38%
c -  0.42  0 115 12 1324 18 20116 4395 1.6 7 4 1 2 15% 26705 4715 38%
c #  0.43  0 111 12 1460 18 21012 5171 1.6 7 4 1 2 14% 26705 4715 38%
c =  0.44  0 108 12 1599 18 21620 5724 1.6 7 4 1 2 14% 26625 4653 38%
c u  0.45  0 108 12 1599 18 21620 5245 1.6 7 4 1 2 14% 26625 4653 38%
c v  0.45  0 108 12 1599 18 21620 5143 1.6 7 4 1 2 14% 26625 4653 38%
c w  0.45  0 108 12 1599 18 21620 5135 1.6 7 4 1 2 14% 26625 4653 38%
c t  0.45  0 108 12 1599 18 21620 5133 1.6 7 4 1 2 14% 26592 4653 38%
c 
c  seconds   reductions   conflicts       size tier2      variables
c         MB      restarts     redundant    glue  trail        remaining
c           level       rate        size/glu tier1  irredundant
c 
c -  0.48  0 103 13 2066 19 23661 4818 1.6 7 4 1 2 14% 26592 4653 38%
c d  0.49  0 100 13 2251 18 24696 5725 1.6 7 5 1 2 14% 26592 4650 38%
c c  0.50  0 100 13 2251 18 24696 5725 1.6 7 5 1 2 14% 26558 4650 38%
c =  0.51  0 100 13 2251 18 24696 5719 1.6 7 5 1 2 14% 26544 4581 37%
c f  0.51  0 100 13 2251 18 24696 5708 1.6 7 5 1 2 14% 26521 4608 37%
c }  0.52  0 99 13 2305 18 24944 5929 1.6 7 5 1 2 14% 26521 4608 37%
c [  0.52  0 179 13 2305  3 24944 5929 2.3 27 12 2 3 29% 26521 4608 37%
c -  0.56  0 178 14 2306  2 27506 5415 2.2 32 15 2 3 30% 26521 4608 37%
c =  0.58  0 178 14 2306  2 27834 5723 2.2 33 15 2 3 31% 26517 4601 37%
c t  0.58  0 178 14 2306  2 27834 5723 2.2 33 15 2 3 31% 26515 4601 37%
c O  0.58  0 178 14 2307  2 28016 5891 2.2 32 15 2 3 31% 26515 4601 37%
c s  0.60  0 175 14 2308  2 29327 7005 2.2 32 14 2 3 31% 25831 4601 37%
c e  0.60  0 175 14 2308  2 29327 6462 2.2 32 14 2 3 31% 25787 4512 37%
c s  0.60  0 175 14 2308  2 29327 6431 2.2 32 14 2 3 31% 25640 4512 37%
c -  0.64  0 177 15 2309  2 31653 5402 2.2 33 15 2 3 31% 25635 4512 37%
c 2  0.64  0 177 15 2309  2 31653 5386 2.2 33 15 2 3 31% 25635 4512 37%
c =  0.65  0 177 15 2309  2 31653 5382 2.2 33 15 2 3 31% 25322 4427 36%
c f  0.65  0 177 15 2309  2 31653 5381 2.2 33 15 2 3 31% 25286 4439 36%
c ]  0.67  0 178 15 2310  2 32185 5881 2.2 34 16 2 3 44% 25286 4439 36%
c {  0.67  0 99 15 2310 18 32185 5881 1.6 7 5 1 2 15% 25286 4439 36%
c 
c  seconds  reductions   conflicts       size tier2      variables
c         MB     restarts     redundant    glue  trail        remaining
c          level       rate        size/glu tier1  irredundant
c 
c B  0.72  0 94 15 3032 18 36017 9324 1.6 8 5 1 2 15% 25286 4439 36%
c -  0.72  0 94 16 3050 18 36100 6334 1.6 8 5 1 2 15% 25286 4439 36%
c p  0.72  0 94 16 3050 18 36100 6304 1.6 8 5 1 2 15% 25282 4430 36%
c c  0.73  0 94 16 3050 18 36100 6304 1.6 8 5 1 2 15% 25254 4430 36%
c u  0.74  0 94 16 3050 18 36100 5132 1.6 8 5 1 2 15% 24781 4427 36%
c v  0.74  0 94 16 3050 18 36100 5046 1.6 8 5 1 2 15% 24781 4427 36%
c f  0.74  0 94 16 3050 18 36100 5036 1.6 8 5 1 2 15% 24776 4439 36%
c }  0.78  0 90 16 3575 18 40016 8480 1.6 8 5 1 2 15% 24776 4439 36%
c [  0.78  0 178 16 3575  2 40016 8480 2.2 34 16 2 3 44% 24776 4439 36%
c -  0.79  0 176 17 3575  2 40850 6314 2.2 34 16 2 3 38% 24776 4439 36%
c d  0.79  0 176 17 3575  2 40850 6227 2.2 34 16 2 3 38% 24776 4424 36%
c c  0.80  0 176 17 3575  2 40850 6227 2.2 34 16 2 3 38% 24728 4424 36%
c d  0.80  0 176 17 3575  2 40850 6207 2.2 34 16 2 3 38% 24720 4420 36%
c 2  0.80  0 176 17 3575  2 40850 6207 2.2 34 16 2 3 38% 24716 4420 36%
c B  0.84  0 171 17 3577  2 45019 9940 2.2 34 15 2 3 31% 24716 4420 36%
c -  0.85  0 170 18 3577  2 45903 6830 2.2 33 15 2 3 33% 24716 4420 36%
c =  0.87  0 170 18 3577  2 45903 6830 2.2 33 15 2 3 33% 24715 4419 36%
c 2  0.87  0 170 18 3577  2 45903 6829 2.2 33 15 2 3 33% 24715 4419 36%
c f  0.87  0 170 18 3577  2 45903 6827 2.2 33 15 2 3 33% 24709 4426 36%
c s  0.92  0 170 18 3578  2 49378 9949 2.2 34 16 2 3 32% 24554 4426 36%
c 
c  seconds   reductions   conflicts       size   tier2      variables
c         MB      restarts     redundant     glue   trail        remaining
c           level       rate        size/glue  tier1  irredundant
c 
c e  0.93  0 170 18 3578  2 49378 9227 2.2 34 16 2 3 32% 22117 4044 33%
c s  0.93  0 170 18 3578  2 49378 9190 2.2 34 16 2 3 32% 22108 4044 33%
c e  0.93  0 170 18 3578  2 49378 9148 2.2 34 16 2 3 32% 22105 4043 33%
c -  0.96  0 171 19 3578  2 51260 6850 2.1 34 16 2 3 32% 22105 4043 33%
c 2  0.96  0 171 19 3578  2 51260 6844 2.1 34 16 2 3 32% 22105 4043 33%
c ]  0.99  0 172 19 3578  2 52682 8160 2.1 35 16 2 3 32% 22105 4043 33%
c {  0.99  0 90 19 3578 18 52682 8160 1.6 8 5 1 2 15% 22105 4043 33%
c W  1.02  0 89 19 3904 17 55020 10196 1.7 8 5 1 2 15% 22105 4043 33%
c -  1.05  0 88 20 4244 17 56920 7922 1.7 8 5 1 2 15% 22105 4043 33%
c p  1.05  0 88 20 4244 17 56920 7948 1.7 8 5 1 2 15% 22105 4043 33%
c u  1.06  0 88 20 4244 17 56920 7519 1.7 8 5 1 2 15% 22106 4043 33%
c v  1.06  0 88 20 4244 17 56920 7387 1.7 8 5 1 2 15% 22106 4043 33%
c w  1.06  0 88 20 4244 17 56920 7387 1.7 8 5 1 2 15% 22106 4043 33%
c t  1.06  0 88 20 4244 17 56920 7385 1.7 8 5 1 2 15% 22106 4043 33%
c f  1.06  0 88 20 4244 17 56920 7378 1.7 8 5 1 2 15% 22107 4049 33%
c }  1.13  0 87 20 5179 17 61946 11917 1.7 9 5 1 2 15% 22107 4049 33%
c [  1.13  0 172 20 5179  2 61946 11917 2.1 35 16 2 3 32% 22107 4049 33%
c -  1.15  0 171 21 5179  2 62884 8644 2.2 35 16 2 3 33% 22107 4049 33%
c d  1.15  0 171 21 5179  2 62884 8637 2.2 35 16 2 3 33% 22107 4048 33%
c p  1.15  0 171 21 5179  2 62884 8754 2.2 35 16 2 3 33% 22107 4048 33%
c 
c  seconds   reductions   conflicts       size   tier2      variables
c         MB      restarts     redundant     glue   trail        remaining
c           level       rate        size/glue  tier1  irredundant
c 
c =  1.16  0 171 21 5179  2 62884 8754 2.2 35 16 2 3 33% 22106 4046 33%
c 2  1.16  0 171 21 5179  2 62884 8753 2.2 35 16 2 3 33% 22106 4046 33%
c f  1.17  0 171 21 5179  2 62884 8741 2.2 35 16 2 3 33% 22112 4052 33%
c W  1.23  0 170 21 5180  2 66026 11697 2.1 38 18 2 3 32% 22112 4052 33%
c -  1.29  0 171 22 5182  2 69153 9270 2.1 40 19 2 3 33% 22112 4052 33%
c p  1.29  0 171 22 5182  2 69153 9257 2.1 40 19 2 3 33% 22112 4051 33%
c =  1.30  0 171 22 5182  2 69153 9213 2.1 40 19 2 3 33% 21892 3993 32%
c u  1.31  0 171 22 5182  2 69153 8763 2.1 40 19 2 3 33% 21891 3993 32%
c v  1.31  0 171 22 5182  2 69153 8557 2.1 40 19 2 3 33% 21891 3993 32%
c w  1.31  0 171 22 5182  2 69153 8556 2.1 40 19 2 3 33% 21891 3993 32%
c f  1.31  0 171 22 5182  2 69153 8556 2.1 40 19 2 3 33% 21887 3995 32%
c ]  1.38  0 171 22 5185  2 73217 12339 2.1 42 20 1 2 48% 21887 3995 32%
c {  1.38  0 87 22 5185 17 73217 12339 1.7 9 5 1 2 17% 21887 3995 32%
c s  1.40  0 87 22 5321 17 73888 12826 1.7 9 5 1 2 17% 21752 3995 32%
c t  1.40  0 87 22 5321 17 73888 12826 1.7 9 5 1 2 17% 21751 3995 32%
c e  1.41  0 87 22 5321 17 73888 12731 1.7 9 5 1 2 17% 20385 3777 31%
c s  1.41  0 87 22 5321 17 73888 12705 1.7 9 5 1 2 17% 20385 3777 31%
c ^  1.41  0 87 22 5321 17 73888 12705 1.7 9 5 1 2 17% 20385 3777 31%
c -  1.44  0 86 23 5620 17 75727 9050 1.7 9 5 1 2 17% 20385 3777 31%
c p  1.44  0 86 23 5620 17 75727 9179 1.7 9 5 1 2 17% 20385 3773 31%
c 
c  seconds  reductions   conflicts       size tier2      variables
c         MB     restarts     redundant    glue  trail        remaining
c          level       rate        size/glu tier1  irredundant
c 
c c  1.44  0 86 23 5620 17 75727 9179 1.7 9 5 1 2 17% 20357 3773 31%
c d  1.44  0 86 23 5620 17 75727 9152 1.7 9 5 1 2 17% 20349 3769 31%
c 2  1.44  0 86 23 5620 17 75727 9152 1.7 9 5 1 2 17% 20347 3769 31%
c =  1.45  0 86 23 5620 17 75727 9152 1.7 9 5 1 2 17% 20343 3765 31%
c 2  1.45  0 86 23 5620 17 75727 9148 1.7 9 5 1 2 17% 20343 3765 31%
c f  1.46  0 86 23 5620 17 75727 9144 1.7 9 5 1 2 17% 20337 3768 31%
c F  1.48  0 85 23 5910 17 78027 11170 1.7 9 5 1 2 17% 20337 3768 31%
c -  1.55  0 84 24 6708 17 82607 10342 1.7 9 5 1 2 17% 20337 3768 31%
c p  1.55  0 84 24 6708 17 82607 10567 1.7 9 5 1 2 17% 20337 3768 31%
c u  1.57  0 84 24 6708 17 82607 10125 1.7 9 5 1 2 17% 20337 3768 31%
c v  1.57  0 84 24 6708 17 82607 9912 1.7 9 5 1 2 17% 20337 3768 31%
c }  1.60  0 84 24 6984 17 84087 11245 1.7 9 5 1 2 17% 20337 3768 31%
c [  1.60  0 171 24 6984  2 84087 11245 2.1 42 20 1 2 48% 20337 3768 31%
c -  1.71  0 173 25 6986  2 89795 10682 2.2 44 20 1 2 47% 20337 3768 31%
c p  1.71  0 173 25 6986  2 89795 10684 2.2 44 20 1 2 47% 20337 3768 31%
c t  1.71  0 173 25 6986  2 89795 10682 2.2 44 20 1 2 47% 20337 3768 31%
c I  1.74  0 174 25 6987  2 91028 11816 2.2 45 21 1 2 48% 20337 3768 31%
c -  1.84  0 172 26 6991  2 97287 11031 2.2 44 20 1 2 46% 20337 3768 31%
c p  1.84  0 172 26 6991  2 97287 11184 2.2 44 20 1 2 46% 20337 3768 31%
c u  1.85  0 172 26 6991  2 97287 10810 2.2 44 20 1 2 46% 20337 3768 31%
c 
c  seconds   reductions   conflicts        size   tier2      variables
c         MB      restarts      redundant     glue   trail        remaining
c           level       rate         size/glue  tier1  irredundant
c 
c v  1.85  0 172 26 6991  2 97287 10739 2.2 44 20 1 2 46% 20337 3768 31%
c w  1.85  0 172 26 6991  2 97287 10739 2.2 44 20 1 2 46% 20337 3768 31%
c x  1.85  0 172 26 6991  2 97287 10739 2.2 44 20 1 2 46% 20337 3768 31%
c ]  1.91  0 170 26 6992  2 101492 14686 2.2 44 20 1 2 43% 20337 3768 31%
c {  1.91  0 84 26 6992 17 101492 14686 1.7 9 5 1 2 17% 20337 3768 31%
c s  1.93  0 83 26 7218 17 103075 15889 1.7 9 6 1 2 17% 20332 3768 31%
c e  1.94  0 83 26 7218 17 103075 10982 1.7 9 6 1 2 17% 20491 3581 29%
c s  1.95  0 83 26 7218 17 103075 10884 1.7 9 6 1 2 17% 20380 3581 29%
c e  1.95  0 83 26 7218 17 103075 10771 1.7 9 6 1 2 17% 20343 3572 29%
c B  1.98  0 83 26 7465 17 105029 12529 1.7 9 6 1 2 18% 20343 3572 29%
c -  1.98  0 83 27 7480 17 105085 9117 1.7 9 6 1 2 18% 20343 3572 29%
c 2  1.98  0 83 27 7480 17 105085 9022 1.7 9 6 1 2 18% 20343 3572 29%
c p  1.98  0 83 27 7480 17 105085 9061 1.7 9 6 1 2 18% 20343 3566 29%
c f  1.99  0 83 27 7480 17 105085 9057 1.7 9 6 1 2 18% 20289 3590 29%
c -  2.11  0 82 28 8866 17 113190 10921 1.7 10 6 1 2 18% 20289 3590 29%
c d  2.11  0 82 28 8866 17 113190 10919 1.7 10 6 1 2 18% 20289 3589 29%
c p  2.11  0 82 28 8866 17 113190 10934 1.7 10 6 1 2 18% 20289 3589 29%
c u  2.12  0 82 28 8866 17 113190 10291 1.7 10 6 1 2 18% 20289 3589 29%
c v  2.12  0 82 28 8866 17 113190 10022 1.7 10 6 1 2 18% 20289 3589 29%
c }  2.16  0 82 28 9271 17 115856 12405 1.7 10 6 1 2 18% 20289 3589 29%
c 
c  seconds   reductions   conflicts         size   tier2      variables
c         MB      restarts       redundant     glue   trail        remaining
c           level       rate          size/glue  tier1  irredundant
c 
c [  2.16  0 170 28 9271  2 115856 12405 2.2 44 20 1 2 48% 20289 3589 29%
c B  2.22  0 168 28 9272  2 120030 16296 2.2 44 20 1 2 48% 20289 3589 29%
c -  2.24  0 167 29 9272  2 121601 11430 2.2 43 20 1 2 46% 20289 3589 29%
c p  2.24  0 167 29 9272  2 121601 11551 2.2 43 20 1 2 46% 20289 3589 29%
c f  2.25  0 167 29 9272  2 121601 11542 2.2 43 20 1 2 46% 20290 3593 29%
c -  2.39  0 162 30 9273  2 130318 12083 2.2 43 20 1 2 44% 20290 3593 29%
c p  2.39  0 162 30 9273  2 130318 12147 2.2 43 20 1 2 44% 20290 3593 29%
c u  2.40  0 162 30 9273  2 130318 11751 2.2 43 20 1 2 44% 20290 3593 29%
c v  2.40  0 162 30 9273  2 130318 11597 2.2 43 20 1 2 44% 20290 3593 29%
c w  2.40  0 162 30 9273  2 130318 11594 2.2 43 20 1 2 44% 20290 3593 29%
c W  2.51  0 161 30 9273  2 136032 16974 2.1 44 20 1 2 42% 20290 3593 29%
c ]  2.55  0 161 30 9273  2 137894 18745 2.1 45 21 1 2 43% 20290 3593 29%
c {  2.55  0 82 30 9273 17 137894 18745 1.7 10 6 1 2 18% 20290 3593 29%
c s  2.56  0 82 30 9357 17 138212 18891 1.7 10 6 1 2 18% 20250 3593 29%
c t  2.56  0 82 30 9357 17 138212 18890 1.7 10 6 1 2 18% 20250 3593 29%
c e  2.57  0 82 30 9357 17 138212 18340 1.7 10 6 1 2 18% 20254 3579 29%
c s  2.57  0 82 30 9357 17 138212 18296 1.7 10 6 1 2 18% 20246 3579 29%
c -  2.59  0 82 31 9551 17 139343 11688 1.7 10 6 1 2 18% 20246 3579 29%
c 2  2.59  0 82 31 9551 17 139343 11685 1.7 10 6 1 2 18% 20246 3579 29%
c p  2.60  0 82 31 9551 17 139343 11686 1.7 10 6 1 2 18% 20246 3579 29%
c 
c  seconds  reductions   conflicts         size  tier2      variables
c         MB     restarts       redundant     glue  trail        remaining
c          level       rate          size/glue tier1  irredundant
c 
c f  2.60  0 82 31 9551 17 139343 11686 1.7 10 6 1 2 18% 20242 3581 29%
c -  2.74  0 81 32 10985 16 148675 13355 1.7 10 6 1 2 18% 20242 3581 29%
c p  2.74  0 81 32 10985 16 148675 13527 1.7 10 6 1 2 18% 20242 3581 29%
c u  2.75  0 81 32 10985 16 148675 12902 1.7 10 6 1 2 18% 20242 3581 29%
c v  2.75  0 81 32 10985 16 148675 12555 1.7 10 6 1 2 18% 20242 3581 29%
c w  2.75  0 81 32 10985 16 148675 12555 1.7 10 6 1 2 18% 20242 3581 29%
c f  2.76  0 81 32 10985 16 148675 12550 1.7 10 6 1 2 18% 20242 3583 29%
c W  2.83  0 81 32 11726 16 153033 16495 1.7 10 6 1 2 18% 20242 3583 29%
c }  2.84  0 81 32 11785 16 153378 16811 1.7 10 6 1 2 18% 20242 3583 29%
c [  2.84  0 161 32 11785  2 153378 16811 2.1 45 21 1 2 43% 20242 3583 29%
c -  2.93  0 159 33 11787  2 158314 13824 2.1 45 21 1 2 44% 20242 3583 29%
c -  3.14  0 158 34 11792  2 168261 14316 2.2 47 22 1 2 45% 20242 3583 29%
c p  3.14  0 158 34 11792  2 168261 14446 2.2 47 22 1 2 45% 20242 3583 29%
c u  3.14  0 158 34 11792  2 168261 14192 2.2 47 22 1 2 45% 20242 3583 29%
c v  3.14  0 158 34 11792  2 168261 14024 2.2 47 22 1 2 45% 20242 3583 29%
c w  3.14  0 158 34 11792  2 168261 14022 2.2 47 22 1 2 45% 20242 3583 29%
c x  3.15  0 158 34 11792  2 168261 14022 2.2 47 22 1 2 45% 20231 3583 29%
c t  3.15  0 158 34 11792  2 168261 14022 2.2 47 22 1 2 45% 20224 3583 29%
c f  3.15  0 158 34 11792  2 168261 14016 2.2 47 22 1 2 45% 20226 3585 29%
c O  3.18  0 158 34 11794  2 171035 16443 2.2 46 21 1 2 45% 20226 3585 29%
c 
c  seconds   reductions    conflicts         size   tier2      variables
c         MB       restarts       redundant     glue   trail        remaining
c           level        rate          size/glue  tier1  irredundant
c 
c ]  3.29  0 159 34 11798  2 177294 22345 2.2 47 22 1 2 45% 20226 3585 29%
c {  3.29  0 81 34 11798 16 177294 22345 1.7 10 6 1 2 18% 20226 3585 29%
c s  3.31  0 80 34 11889 16 178214 22997 1.7 10 6 1 2 18% 20221 3585 29%
c e  3.31  0 80 34 11889 16 178214 21261 1.7 10 6 1 2 18% 20222 3559 29%
c s  3.32  0 80 34 11889 16 178214 21221 1.7 10 6 1 2 18% 20212 3559 29%
c -  3.33  0 80 35 11901 16 178516 14107 1.7 10 6 1 2 18% 20212 3559 29%
c 2  3.33  0 80 35 11901 16 178516 14105 1.7 10 6 1 2 18% 20212 3559 29%
c f  3.33  0 80 35 11901 16 178516 14105 1.7 10 6 1 2 18% 20208 3561 29%
c -  3.51  0 80 36 13631 16 189078 15899 1.7 11 6 1 2 18% 20208 3561 29%
c p  3.51  0 80 36 13631 16 189078 16004 1.7 11 6 1 2 18% 20208 3561 29%
c u  3.52  0 80 36 13631 16 189078 15444 1.7 11 6 1 2 18% 20208 3561 29%
c v  3.52  0 80 36 13631 16 189078 15110 1.7 11 6 1 2 18% 20208 3561 29%
c #  3.54  0 80 36 13797 16 190037 15982 1.7 11 6 1 2 18% 20208 3561 29%
c }  3.62  0 78 36 14488 16 196738 21839 1.7 11 6 1 2 18% 20208 3561 29%
c [  3.62  0 159 36 14488  2 196738 21839 2.2 47 22 1 2 45% 20208 3561 29%
c -  3.68  0 159 37 14489  2 199948 16350 2.2 47 22 1 2 45% 20208 3561 29%
c p  3.68  0 159 37 14489  2 199948 16351 2.2 47 22 1 2 45% 20208 3561 29%
c t  3.69  0 159 37 14489  2 199948 16347 2.2 47 22 1 2 45% 20208 3561 29%
c B  3.93  0 161 37 14490  2 210039 25829 2.2 51 23 1 2 46% 20208 3561 29%
c -  3.97  0 161 38 14491  2 211126 16660 2.2 52 23 1 2 46% 20208 3561 29%
c 
c  seconds   reductions    conflicts         size   tier2      variables
c         MB       restarts       redundant     glue   trail        remaining
c           level        rate          size/glue  tier1  irredundant
c 
c d  3.97  0 161 38 14491  2 211126 16642 2.2 52 23 1 2 46% 20206 3557 29%
c p  3.97  0 161 38 14491  2 211126 16747 2.2 52 23 1 2 46% 20206 3557 29%
c 2  3.97  0 161 38 14491  2 211126 16747 2.2 52 23 1 2 46% 20205 3557 29%
c =  3.99  0 161 38 14491  2 211126 16723 2.2 52 23 1 2 46% 20204 3546 29%
c u  3.99  0 161 38 14491  2 211126 16450 2.2 52 23 1 2 46% 20202 3546 29%
c v  3.99  0 161 38 14491  2 211126 16309 2.2 52 23 1 2 46% 20202 3546 29%
c w  3.99  0 161 38 14491  2 211126 16309 2.2 52 23 1 2 46% 20202 3546 29%
c x  4.00  0 161 38 14491  2 211126 16309 2.2 52 23 1 2 46% 20190 3546 29%
c t  4.00  0 161 38 14491  2 211126 16309 2.2 52 23 1 2 46% 20188 3546 29%
c f  4.00  0 161 38 14491  2 211126 16304 2.2 52 23 1 2 46% 20191 3547 29%
c ]  4.18  0 164 38 14495  2 216862 21732 2.3 56 25 1 2 48% 20191 3547 29%
c {  4.18  0 78 38 14495 16 216862 21732 1.7 11 6 1 2 18% 20191 3547 29%
c -  4.28  0 78 39 15421 16 222613 16973 1.7 11 6 1 2 18% 20191 3547 29%
c p  4.28  0 78 39 15421 16 222613 17045 1.7 11 6 1 2 18% 20191 3547 29%
c u  4.29  0 78 39 15421 16 222613 16709 1.7 11 6 1 2 18% 20157 3547 29%
c v  4.29  0 78 39 15421 16 222613 16663 1.7 11 6 1 2 18% 20157 3547 29%
c s  4.31  0 78 39 15538 16 223317 17111 1.7 11 6 1 2 18% 20107 3547 29%
c e  4.31  0 78 39 15538 16 223317 17042 1.7 11 6 1 2 18% 20110 3541 29%
c s  4.32  0 78 39 15538 16 223317 17012 1.7 11 6 1 2 18% 20107 3541 29%
c e  4.32  0 78 39 15538 16 223317 17009 1.7 11 6 1 2 18% 20108 3540 29%
c 
c  seconds  reductions    conflicts         size  tier2      variables
c         MB      restarts       redundant     glue  trail        remaining
c          level        rate          size/glue tier1  irredundant
c 
c B  4.44  0 78 39 16520 15 231042 24010 1.7 11 6 1 2 18% 20108 3540 29%
c -  4.49  0 78 40 16873 15 234408 18369 1.7 11 6 1 2 18% 20108 3540 29%
c 2  4.49  0 78 40 16873 15 234408 18366 1.7 11 6 1 2 18% 20108 3540 29%
c p  4.49  0 78 40 16873 15 234408 18428 1.7 11 6 1 2 18% 20108 3540 29%
c u  4.50  0 78 40 16873 15 234408 18270 1.7 11 6 1 2 18% 20108 3540 29%
c v  4.50  0 78 40 16873 15 234408 18097 1.7 11 6 1 2 18% 20108 3540 29%
c f  4.50  0 78 40 16873 15 234408 18097 1.7 11 6 1 2 18% 20104 3542 29%
c }  4.57  0 78 40 17549 15 237878 21276 1.7 11 7 1 2 18% 20104 3542 29%
c [  4.57  0 164 40 17549  2 237878 21276 2.3 56 25 1 2 48% 20104 3542 29%
c -  4.85  0 167 41 17554  2 246512 19276 2.3 60 26 1 2 50% 20104 3542 29%
c p  4.85  0 167 41 17554  2 246512 19336 2.3 60 26 1 2 50% 20104 3542 29%
c u  4.88  0 167 41 17554  2 246512 19174 2.3 60 26 1 2 50% 20104 3542 29%
c v  4.88  0 167 41 17554  2 246512 19083 2.3 60 26 1 2 50% 20104 3542 29%
c w  4.88  0 167 41 17554  2 246512 19083 2.3 60 26 1 2 50% 20104 3542 29%
c W  5.14  0 168 41 17558  2 253043 25206 2.3 63 28 1 2 51% 20104 3542 29%
c ]  5.26  0 168 41 17559  2 258445 30371 2.2 64 29 1 2 51% 20104 3542 29%
c {  5.26  0 78 41 17559 15 258445 30371 1.7 11 7 1 2 18% 20104 3542 29%
c -  5.27  0 78 42 17598 15 258927 18987 1.7 11 7 1 2 18% 20104 3542 29%
c p  5.27  0 78 42 17598 15 258927 19041 1.7 11 7 1 2 18% 20104 3542 29%
c u  5.28  0 78 42 17598 15 258927 18653 1.7 11 7 1 2 18% 20104 3542 29%
c 
c  seconds  reductions    conflicts         size  tier2      variables
c         MB      restarts       redundant     glue  trail        remaining
c          level        rate          size/glue tier1  irredundant
c 
c v  5.28  0 78 42 17598 15 258927 18600 1.7 11 7 1 2 18% 20104 3542 29%
c -  5.53  0 78 43 19631 15 271648 20105 1.7 11 7 1 2 18% 20104 3542 29%
c p  5.53  0 78 43 19631 15 271648 20154 1.7 11 7 1 2 18% 20104 3542 29%
c u  5.54  0 78 43 19631 15 271648 19935 1.7 11 7 1 2 18% 20104 3542 29%
c v  5.54  0 78 43 19631 15 271648 19798 1.7 11 7 1 2 18% 20104 3542 29%
c s  5.59  0 78 43 19913 15 273436 21261 1.7 12 7 1 2 18% 20104 3542 29%
c s  5.59  0 78 43 19913 15 273436 21215 1.7 12 7 1 2 18% 20104 3542 29%
c ^  5.60  0 78 43 19913 15 273436 21215 1.7 12 7 1 2 18% 20104 3542 29%
c W  5.65  0 77 43 20209 15 276045 23578 1.7 12 7 1 2 18% 20104 3542 29%
c }  5.73  0 77 43 20816 15 280212 27393 1.7 12 7 1 2 18% 20104 3542 29%
c [  5.73  0 168 43 20816  2 280212 27393 2.2 64 29 1 2 51% 20104 3542 29%
c -  5.80  0 165 44 20816  2 284677 20938 2.2 63 28 1 2 50% 20104 3542 29%
c p  5.80  0 165 44 20816  2 284677 20985 2.2 63 28 1 2 50% 20104 3542 29%
c u  5.81  0 165 44 20816  2 284677 20769 2.2 63 28 1 2 50% 20104 3542 29%
c v  5.81  0 165 44 20816  2 284677 20613 2.2 63 28 1 2 50% 20104 3542 29%
c w  5.81  0 165 44 20816  2 284677 20613 2.2 63 28 1 2 50% 20104 3542 29%
c -  6.12  0 160 45 20817  2 298016 20760 2.1 63 29 1 2 48% 20104 3542 29%
c p  6.12  0 160 45 20817  2 298016 20762 2.1 63 29 1 2 48% 20104 3542 29%
c u  6.15  0 160 45 20817  2 298016 20654 2.1 63 29 1 2 48% 20104 3542 29%
c v  6.15  0 160 45 20817  2 298016 20573 2.1 63 29 1 2 48% 20104 3542 29%
c 
c  seconds   reductions    conflicts         size   tier2      variables
c         MB       restarts       redundant     glue   trail        remaining
c           level        rate          size/glue  tier1  irredundant
c 
c w  6.15  0 160 45 20817  2 298016 20570 2.1 63 29 1 2 48% 20104 3542 29%
c I  6.18  0 160 45 20817  2 300046 22508 2.1 63 29 1 2 48% 20104 3542 29%
c ]  6.45  0 158 45 20818  1 311192 32994 2.2 64 29 1 2 49% 20104 3542 29%
c {  6.45  0 77 45 20818 15 311192 32994 1.7 12 7 1 2 18% 20104 3542 29%
c -  6.47  0 77 46 20901 15 311663 19834 1.7 12 7 1 2 18% 20104 3542 29%
c p  6.47  0 77 46 20901 15 311663 19882 1.7 12 7 1 2 18% 20104 3542 29%
c u  6.48  0 77 46 20901 15 311663 19740 1.7 12 7 1 2 18% 20104 3542 29%
c F  6.71  0 76 46 22572 15 325048 31859 1.8 12 7 1 2 18% 20104 3542 29%
c -  6.72  0 76 47 22659 15 325621 21743 1.8 12 7 1 2 18% 20104 3542 29%
c p  6.72  0 76 47 22659 15 325621 21783 1.8 12 7 1 2 18% 20104 3542 29%
c u  6.73  0 76 47 22659 15 325621 21581 1.8 12 7 1 2 18% 20104 3542 29%
c v  6.73  0 76 47 22659 15 325621 21401 1.8 12 7 1 2 18% 20104 3542 29%
c s  6.79  0 76 47 23018 15 328544 23939 1.8 12 7 1 2 18% 20104 3542 29%
c e  6.80  0 76 47 23018 15 328544 20699 1.8 12 7 1 2 18% 20442 3368 27%
c s  6.81  0 76 47 23018 15 328544 20645 1.8 12 7 1 2 18% 20422 3368 27%
c }  6.98  0 76 47 24326 15 338067 29299 1.8 12 7 1 2 18% 20421 3368 27%
c [  6.98  0 158 47 24326  1 338067 29299 2.2 64 29 1 2 49% 20421 3368 27%
c -  7.01  0 158 48 24326  1 339887 20657 2.2 64 29 1 2 48% 20421 3368 27%
c 2  7.01  0 158 48 24326  1 339887 20656 2.2 64 29 1 2 48% 20421 3368 27%
c p  7.02  0 158 48 24326  1 339887 20675 2.2 64 29 1 2 48% 20421 3368 27%
c 
c  seconds   reductions    conflicts         size   tier2      variables
c         MB       restarts       redundant     glue   trail        remaining
c           level        rate          size/glue  tier1  irredundant
c 
c u  7.02  0 158 48 24326  1 339887 20385 2.2 64 29 1 2 48% 20421 3368 27%
c v  7.02  0 158 48 24326  1 339887 20198 2.2 64 29 1 2 48% 20421 3368 27%
c w  7.02  0 158 48 24326  1 339887 20198 2.2 64 29 1 2 48% 20421 3368 27%
c f  7.03  0 158 48 24326  1 339887 20187 2.2 64 29 1 2 48% 20396 3378 27%
c B  7.35  0 159 48 24326  1 351049 30778 2.3 67 30 1 2 48% 20396 3378 27%
c -  7.45  0 160 49 24326  1 354461 21309 2.2 68 31 1 2 48% 20396 3378 27%
c p  7.46  0 160 49 24326  1 354461 21323 2.2 68 31 1 2 48% 20396 3378 27%
c u  7.46  0 160 49 24326  1 354461 21151 2.2 68 31 1 2 48% 20396 3378 27%
c v  7.47  0 160 49 24326  1 354461 20984 2.2 68 31 1 2 48% 20396 3378 27%
c w  7.47  0 160 49 24326  1 354461 20982 2.2 68 31 1 2 48% 20396 3378 27%
c ]  7.84  0 163 49 24326  1 364380 30424 2.3 74 31 1 2 50% 20396 3378 27%
c {  7.84  0 76 49 24326 15 364380 30424 1.8 12 7 1 2 18% 20396 3378 27%
c -  7.93  0 76 50 25009 15 369346 21311 1.8 12 7 1 2 18% 20396 3378 27%
c p  7.93  0 76 50 25009 15 369346 21323 1.8 12 7 1 2 18% 20396 3378 27%
c u  7.97  0 76 50 25009 15 369346 21007 1.8 12 7 1 2 18% 20396 3378 27%
c v  7.97  0 76 50 25009 15 369346 20886 1.8 12 7 1 2 18% 20396 3378 27%
c x  7.98  0 76 50 25009 15 369346 20886 1.8 12 7 1 2 18% 20395 3378 27%
c B  8.13  0 76 50 26077 14 378051 28845 1.8 12 7 1 2 18% 20395 3378 27%
c -  8.22  0 75 51 26538 14 384539 23249 1.8 12 7 1 2 17% 20395 3378 27%
c p  8.22  0 75 51 26538 14 384539 23264 1.8 12 7 1 2 17% 20395 3378 27%
c 
c  seconds  reductions    conflicts         size  tier2      variables
c         MB      restarts       redundant     glue  trail        remaining
c          level        rate          size/glue tier1  irredundant
c 
c u  8.23  0 75 51 26538 14 384539 23083 1.8 12 7 1 2 17% 20395 3378 27%
c v  8.23  0 75 51 26538 14 384539 22925 1.8 12 7 1 2 17% 20395 3378 27%
c s  8.37  0 76 51 27633 14 390948 28536 1.8 13 7 1 2 17% 20391 3378 27%
c s  8.38  0 76 51 27633 14 390948 28488 1.8 13 7 1 2 17% 20391 3378 27%
c ^  8.38  0 76 51 27633 14 390948 28488 1.8 13 7 1 2 17% 20391 3378 27%
c }  8.47  0 76 51 28292 14 394699 31926 1.8 13 7 1 2 17% 20391 3378 27%
c [  8.47  0 163 51 28292  1 394699 31926 2.3 74 31 1 2 50% 20391 3378 27%
c -  8.68  0 164 52 28296  1 400041 24662 2.4 76 32 1 2 51% 20391 3378 27%
c p  8.68  0 164 52 28296  1 400041 24674 2.4 76 32 1 2 51% 20391 3378 27%
c u  8.69  0 164 52 28296  1 400041 24398 2.4 76 32 1 2 51% 20391 3378 27%
c v  8.69  0 164 52 28296  1 400041 24209 2.4 76 32 1 2 51% 20391 3378 27%
c w  8.70  0 164 52 28296  1 400041 24207 2.4 76 32 1 2 51% 20391 3378 27%
c W  8.98  0 163 52 28299  1 406052 29903 2.3 77 33 1 2 51% 20391 3378 27%
c -  9.32  0 165 53 28305  1 415853 24918 2.3 79 34 1 2 51% 20391 3378 27%
c p  9.32  0 165 53 28305  1 415853 24930 2.3 79 34 1 2 51% 20391 3378 27%
c u  9.33  0 165 53 28305  1 415853 24607 2.3 79 34 1 2 51% 20391 3378 27%
c v  9.33  0 165 53 28305  1 415853 24415 2.3 79 34 1 2 51% 20391 3378 27%
c w  9.33  0 165 53 28305  1 415853 24414 2.3 79 34 1 2 51% 20391 3378 27%
c ]  9.51  0 166 53 28307  1 421802 30115 2.3 79 35 1 2 51% 20391 3378 27%
c {  9.51  0 76 53 28307 14 421802 30115 1.8 13 7 1 2 17% 20391 3378 27%
c 
c  seconds  reductions    conflicts         size  tier2      variables
c         MB      restarts       redundant     glue  trail        remaining
c          level        rate          size/glue tier1  irredundant
c 
c -  9.72  0 76 54 29896 14 431974 25153 1.8 13 7 1 2 17% 20391 3378 27%
c p  9.72  0 76 54 29896 14 431974 25164 1.8 13 7 1 2 17% 20391 3378 27%
c u  9.73  0 76 54 29896 14 431974 25046 1.8 13 7 1 2 17% 20391 3378 27%
c v  9.73  0 76 54 29896 14 431974 24827 1.8 13 7 1 2 17% 20391 3378 27%
c w  9.73  0 76 54 29896 14 431974 24827 1.8 13 7 1 2 17% 20391 3378 27%
c W  9.80  0 76 54 30248 14 435054 27652 1.8 13 7 1 2 17% 20391 3378 27%
c - 10.10  0 76 55 32113 14 448406 26509 1.8 13 7 1 2 17% 20391 3378 27%
c p 10.10  0 76 55 32113 14 448406 26520 1.8 13 7 1 2 17% 20391 3378 27%
c u 10.11  0 76 55 32113 14 448406 26290 1.8 13 7 1 2 17% 20391 3378 27%
c v 10.11  0 76 55 32113 14 448406 26022 1.8 13 7 1 2 17% 20391 3378 27%
c w 10.11  0 76 55 32113 14 448406 26022 1.8 13 7 1 2 17% 20391 3378 27%
c } 10.16  0 76 55 32427 14 451557 28894 1.8 13 7 1 2 17% 20391 3378 27%
c [ 10.16  0 166 55 32427  1 451557 28894 2.3 79 35 1 2 51% 20391 3378 27%
c s 10.33  0 164 55 32428  1 458384 35268 2.3 79 35 1 2 50% 20391 3378 27%
c t 10.33  0 164 55 32428  1 458384 35267 2.3 79 35 1 2 50% 20391 3378 27%
c e 10.34  0 164 55 32428  1 458384 22219 2.3 79 35 1 2 50% 21361 3041 25%
c s 10.35  0 164 55 32428  1 458384 22118 2.3 79 35 1 2 50% 21296 3041 25%
c e 10.35  0 164 55 32428  1 458384 22077 2.3 79 35 1 2 50% 21305 3038 25%
c O 10.45  0 163 55 32433  1 465056 28448 2.3 77 34 1 2 34% 21305 3038 25%
c - 10.45  0 163 56 32433  1 465147 20014 2.3 77 34 1 2 34% 21305 3038 25%
c 
c  seconds   reductions    conflicts         size   tier2      variables
c         MB       restarts       redundant     glue   trail        remaining
c           level        rate          size/glue  tier1  irredundant
c 
c 2 10.45  0 163 56 32433  1 465147 20013 2.3 77 34 1 2 34% 21305 3038 25%
c p 10.45  0 163 56 32433  1 465147 20047 2.3 77 34 1 2 34% 21305 3038 25%
c u 10.47  0 163 56 32433  1 465147 19981 2.3 77 34 1 2 34% 21305 3038 25%
c v 10.47  0 163 56 32433  1 465147 19967 2.3 77 34 1 2 34% 21305 3038 25%
c w 10.47  0 163 56 32433  1 465147 19967 2.3 77 34 1 2 34% 21305 3038 25%
c x 10.47  0 163 56 32433  1 465147 19967 2.3 77 34 1 2 34% 21299 3038 25%
c t 10.47  0 163 56 32433  1 465147 19967 2.3 77 34 1 2 34% 21298 3038 25%
c f 10.48  0 163 56 32433  1 465147 19956 2.3 77 34 1 2 34% 21204 3057 25%
c - 10.72  0 159 57 32441  1 482198 21581 2.2 71 31 1 2 32% 21204 3057 25%
c p 10.72  0 159 57 32441  1 482198 21617 2.2 71 31 1 2 32% 21204 3057 25%
c B 10.94  0 157 57 32443  1 496057 34421 2.2 69 31 1 2 33% 21204 3057 25%
c - 11.03  0 158 58 32443  1 499559 21971 2.2 68 31 1 2 36% 21204 3057 25%
c p 11.03  0 158 58 32443  1 499559 22000 2.2 68 31 1 2 36% 21204 3057 25%
c u 11.04  0 158 58 32443  1 499559 21744 2.2 68 31 1 2 36% 21204 3057 25%
c v 11.04  0 158 58 32443  1 499559 21517 2.2 68 31 1 2 36% 21204 3057 25%
c w 11.05  0 158 58 32443  1 499559 21515 2.2 68 31 1 2 36% 21204 3057 25%
c ] 11.32  0 160 58 32445  1 510570 32127 2.2 69 31 1 2 41% 21204 3057 25%
c { 11.32  0 76 58 32445 14 510570 32127 1.8 13 7 1 2 20% 21204 3057 25%
c - 11.45  0 76 59 33027 14 517229 23386 1.8 13 7 1 2 20% 21204 3057 25%
c p 11.45  0 76 59 33027 14 517229 23411 1.8 13 7 1 2 20% 21204 3057 25%
c 
c  seconds  reductions    conflicts         size  tier2      variables
c         MB      restarts       redundant     glue  trail        remaining
c          level        rate          size/glue tier1  irredundant
c 
c u 11.45  0 76 59 33027 14 517229 23204 1.8 13 7 1 2 20% 21204 3057 25%
c v 11.46  0 76 59 33027 14 517229 23108 1.8 13 7 1 2 20% 21204 3057 25%
c w 11.46  0 76 59 33027 14 517229 23108 1.8 13 7 1 2 20% 21204 3057 25%
c # 11.62  0 75 59 33884 13 528058 32909 1.8 13 7 1 2 20% 21204 3057 25%
c - 11.77  0 75 60 34813 13 535210 25339 1.8 13 7 1 2 20% 21204 3057 25%
c p 11.77  0 75 60 34813 13 535210 25359 1.8 13 7 1 2 20% 21204 3057 25%
c u 11.78  0 75 60 34813 13 535210 24954 1.8 13 7 1 2 20% 21204 3057 25%
c v 11.78  0 75 60 34813 13 535210 24713 1.8 13 7 1 2 20% 21204 3057 25%
c w 11.78  0 75 60 34813 13 535210 24713 1.8 13 7 1 2 20% 21204 3057 25%
c s 11.83  0 75 60 35034 13 537064 26267 1.8 13 7 1 2 20% 21199 3057 25%
c e 11.83  0 75 60 35034 13 537064 26079 1.8 13 7 1 2 20% 21221 3051 25%
c s 11.84  0 75 60 35034 13 537064 26008 1.8 13 7 1 2 20% 21215 3051 25%
c } 12.09  0 75 60 36686 13 550011 37894 1.8 13 7 1 2 19% 21215 3051 25%
c [ 12.09  0 160 60 36686  1 550011 37894 2.2 69 31 1 2 41% 21215 3051 25%
c - 12.15  0 159 61 36689  1 553502 26472 2.2 68 30 1 2 41% 21215 3051 25%
c p 12.15  0 159 61 36689  1 553502 26492 2.2 68 30 1 2 41% 21215 3051 25%
c u 12.16  0 159 61 36689  1 553502 26349 2.2 68 30 1 2 41% 21215 3051 25%
c v 12.16  0 159 61 36689  1 553502 26147 2.2 68 30 1 2 41% 21215 3051 25%
c w 12.16  0 159 61 36689  1 553502 26144 2.2 68 30 1 2 41% 21215 3051 25%
c f 12.16  0 159 61 36689  1 553502 26144 2.2 68 30 1 2 41% 21210 3052 25%
c 
c  seconds   reductions    conflicts         size   tier2      variables
c         MB       restarts       redundant     glue   trail        remaining
c           level        rate          size/glue  tier1  irredundant
c 
c W 12.36  0 160 61 36692  1 561060 33049 2.2 67 30 1 2 42% 21210 3052 25%
c - 12.55  0 158 62 36698  1 572101 27615 2.2 64 29 1 2 41% 21210 3052 25%
c p 12.55  0 158 62 36698  1 572101 27631 2.2 64 29 1 2 41% 21210 3052 25%
c - 12.91  0 160 63 36706  1 591012 27141 2.2 63 28 1 2 44% 21210 3052 25%
c p 12.91  0 160 63 36706  1 591012 27154 2.2 63 28 1 2 44% 21210 3052 25%
c u 12.94  0 160 63 36706  1 591012 26763 2.2 63 28 1 2 44% 21210 3052 25%
c v 12.94  0 160 63 36706  1 591012 26750 2.2 63 28 1 2 44% 21210 3052 25%
c w 12.94  0 160 63 36706  1 591012 26744 2.2 63 28 1 2 44% 21210 3052 25%
c I 13.06  0 162 63 36707  1 595063 30641 2.2 64 29 1 2 44% 21210 3052 25%
c - 13.31  0 161 64 36714  1 610231 27302 2.2 61 28 1 2 45% 21210 3052 25%
c p 13.31  0 161 64 36714  1 610231 27314 2.2 61 28 1 2 45% 21210 3052 25%
c u 13.32  0 161 64 36714  1 610231 27249 2.2 61 28 1 2 45% 21210 3052 25%
c v 13.32  0 161 64 36714  1 610231 27241 2.2 61 28 1 2 45% 21210 3052 25%
c w 13.32  0 161 64 36714  1 610231 27239 2.2 61 28 1 2 45% 21210 3052 25%
c ] 13.40  0 159 64 36714  1 615315 31840 2.2 61 28 1 2 44% 21210 3052 25%
c { 13.40  0 75 64 36714 13 615315 31840 1.8 13 7 1 2 19% 21210 3052 25%
c s 13.51  0 75 64 37329 13 620998 36862 1.8 13 7 1 2 19% 21210 3052 25%
c s 13.53  0 75 64 37329 13 620998 36813 1.8 13 7 1 2 19% 21210 3052 25%
c ^ 13.53  0 75 64 37329 13 620998 36813 1.8 13 7 1 2 19% 21210 3052 25%
c - 13.72  0 75 65 38551 13 629761 29222 1.8 14 8 1 2 19% 21210 3052 25%
c 
c  seconds  reductions    conflicts         size  tier2      variables
c         MB      restarts       redundant     glue  trail        remaining
c          level        rate          size/glue tier1  irredundant
c 
c p 13.72  0 75 65 38551 13 629761 29235 1.8 14 8 1 2 19% 21210 3052 25%
c u 13.73  0 75 65 38551 13 629761 29060 1.8 14 8 1 2 19% 21210 3052 25%
c v 13.73  0 75 65 38551 13 629761 28960 1.8 14 8 1 2 19% 21210 3052 25%
c w 13.73  0 75 65 38551 13 629761 28960 1.8 14 8 1 2 19% 21210 3052 25%
c B 13.74  0 75 65 38596 13 630064 29229 1.8 14 8 1 2 19% 21174 3052 25%
c - 14.17  0 76 66 41119 13 649600 31016 1.8 14 8 1 2 19% 21174 3052 25%
c p 14.17  0 76 66 41119 13 649600 31028 1.8 14 8 1 2 19% 21174 3052 25%
c u 14.18  0 76 66 41119 13 649600 30798 1.8 14 8 1 2 19% 21174 3052 25%
c v 14.19  0 76 66 41119 13 649600 30463 1.8 14 8 1 2 19% 21174 3052 25%
c w 14.19  0 76 66 41119 13 649600 30463 1.8 14 8 1 2 19% 21174 3052 25%
c } 14.24  0 76 66 41322 13 651755 32438 1.8 14 8 1 2 19% 21174 3052 25%
c [ 14.24  0 159 66 41322  1 651755 32438 2.2 61 28 1 2 44% 21174 3052 25%
c B 14.61  0 157 66 41323  1 666065 46301 2.3 63 27 1 2 47% 21174 3052 25%
c - 14.72  0 157 67 41324  1 669750 31466 2.3 64 28 1 2 47% 21174 3052 25%
c p 14.72  0 157 67 41324  1 669750 31476 2.3 64 28 1 2 47% 21174 3052 25%
c u 14.73  0 157 67 41324  1 669750 31185 2.3 64 28 1 2 47% 21174 3052 25%
c v 14.74  0 157 67 41324  1 669750 30955 2.3 64 28 1 2 47% 21174 3052 25%
c w 14.74  0 157 67 41324  1 669750 30953 2.3 64 28 1 2 47% 21174 3052 25%
c - 15.31  0 159 68 41324  1 690209 29819 2.3 68 30 1 2 49% 21174 3052 25%
c p 15.31  0 159 68 41324  1 690209 29831 2.3 68 30 1 2 49% 21174 3052 25%
c 
c  seconds   reductions    conflicts         size   tier2      variables
c         MB       restarts       redundant     glue   trail        remaining
c           level        rate          size/glue  tier1  irredundant
c 
c u 15.32  0 159 68 41324  1 690209 29766 2.3 68 30 1 2 49% 21174 3052 25%
c v 15.32  0 159 68 41324  1 690209 29754 2.3 68 30 1 2 49% 21174 3052 25%
c w 15.32  0 159 68 41324  1 690209 29750 2.3 68 30 1 2 49% 21174 3052 25%
c W 15.62  0 159 68 41324  1 703069 41464 2.3 67 30 1 2 49% 21174 3052 25%
c ] 15.64  0 159 68 41325  1 704224 42543 2.2 67 30 1 2 48% 21174 3052 25%
c { 15.64  0 76 68 41325 13 704224 42543 1.8 14 8 1 2 19% 21174 3052 25%
c s 15.76  0 75 68 41917 13 710500 48055 1.8 14 8 1 2 19% 21174 3052 25%
c e 15.78  0 75 68 41917 13 710500 32407 1.8 14 8 1 2 19% 22850 2809 23%
c s 15.79  0 75 68 41917 13 710500 32207 1.8 14 8 1 2 19% 22646 2809 23%
c e 15.79  0 75 68 41917 13 710500 32134 1.8 14 8 1 2 19% 22674 2804 23%
c - 15.81  0 75 69 41972 13 710979 23897 1.8 14 8 1 2 19% 22674 2804 23%
c 2 15.81  0 75 69 41972 13 710979 23897 1.8 14 8 1 2 19% 22673 2804 23%
c p 15.81  0 75 69 41972 13 710979 23904 1.8 14 8 1 2 19% 22673 2804 23%
c u 15.82  0 75 69 41972 13 710979 23770 1.8 14 8 1 2 19% 22673 2804 23%
c f 15.83  0 75 69 41972 13 710979 23770 1.8 14 8 1 2 19% 22655 2806 23%
c - 16.19  0 74 70 44041 12 732058 28155 1.8 14 8 1 2 18% 22655 2806 23%
c p 16.19  0 74 70 44041 12 732058 28167 1.8 14 8 1 2 18% 22655 2806 23%
c u 16.20  0 74 70 44041 12 732058 27958 1.8 14 8 1 2 18% 22655 2806 23%
c v 16.20  0 74 70 44041 12 732058 27891 1.8 14 8 1 2 18% 22655 2806 23%
c W 16.39  0 74 70 45127 12 741070 36072 1.8 14 8 1 2 18% 22655 2806 23%
c 
c  seconds  reductions    conflicts         size  tier2      variables
c         MB      restarts       redundant     glue  trail        remaining
c          level        rate          size/glue tier1  irredundant
c 
c } 16.62  0 74 70 46398 12 750733 44883 1.8 14 8 1 2 18% 22655 2806 23%
c [ 16.62  0 159 70 46398  1 750733 44883 2.2 67 30 1 2 48% 22655 2806 23%
c - 16.65  0 159 71 46398  1 753449 29865 2.2 66 29 1 2 47% 22655 2806 23%
c p 16.65  0 159 71 46398  1 753449 29874 2.2 66 29 1 2 47% 22655 2806 23%
c = 16.69  0 159 71 46398  1 753449 29874 2.2 66 29 1 2 47% 22655 2805 23%
c u 16.70  0 159 71 46398  1 753449 29437 2.2 66 29 1 2 47% 22655 2805 23%
c v 16.70  0 159 71 46398  1 753449 29292 2.2 66 29 1 2 47% 22655 2805 23%
c w 16.70  0 159 71 46398  1 753449 29291 2.2 66 29 1 2 47% 22655 2805 23%
c - 17.43  0 157 72 46398  1 775149 30453 2.3 69 30 1 2 46% 22655 2805 23%
c p 17.43  0 157 72 46398  1 775149 30460 2.3 69 30 1 2 46% 22655 2805 23%
c u 17.44  0 157 72 46398  1 775149 30251 2.3 69 30 1 2 46% 22655 2805 23%
c v 17.45  0 157 72 46398  1 775149 30010 2.3 69 30 1 2 46% 22655 2805 23%
c w 17.45  0 157 72 46398  1 775149 30010 2.3 69 30 1 2 46% 22655 2805 23%
c O 17.59  0 157 72 46398  1 780071 34768 2.2 69 31 1 2 45% 22655 2805 23%
c - 18.01  0 155 73 46398  1 797159 29487 2.3 71 31 1 2 45% 22655 2805 23%
c p 18.01  0 155 73 46398  1 797159 29497 2.3 71 31 1 2 45% 22655 2805 23%
c u 18.02  0 155 73 46398  1 797159 29382 2.3 71 31 1 2 45% 22655 2805 23%
c v 18.02  0 155 73 46398  1 797159 29226 2.3 71 31 1 2 45% 22655 2805 23%
c w 18.02  0 155 73 46398  1 797159 29226 2.3 71 31 1 2 45% 22655 2805 23%
c x 18.02  0 155 73 46398  1 797159 29226 2.3 71 31 1 2 45% 22614 2805 23%
c 
c  seconds   reductions    conflicts         size   tier2      variables
c         MB       restarts       redundant     glue   trail        remaining
c           level        rate          size/glue  tier1  irredundant
c 
c ] 18.04  0 155 73 46398  1 797848 29891 2.3 71 31 1 2 45% 22614 2805 23%
c { 18.04  0 74 73 46398 12 797848 29891 1.8 14 8 1 2 18% 22614 2805 23%
c s 18.35  0 74 73 48161 12 813027 43303 1.8 14 8 1 2 18% 22561 2805 23%
c e 18.36  0 74 73 48161 12 813027 43240 1.8 14 8 1 2 18% 22581 2802 23%
c s 18.37  0 74 73 48161 12 813027 43140 1.8 14 8 1 2 18% 22576 2802 23%
c - 18.54  0 74 74 49046 12 819479 31992 1.8 14 8 1 2 18% 22576 2802 23%
c p 18.55  0 74 74 49046 12 819479 31997 1.8 14 8 1 2 18% 22576 2802 23%
c u 18.56  0 74 74 49046 12 819479 31791 1.8 14 8 1 2 18% 22576 2802 23%
c v 18.56  0 74 74 49046 12 819479 31603 1.8 14 8 1 2 18% 22576 2802 23%
c w 18.56  0 74 74 49046 12 819479 31603 1.8 14 8 1 2 18% 22576 2802 23%
c f 18.56  0 74 74 49046 12 819479 31603 1.8 14 8 1 2 18% 22567 2803 23%
c F 18.58  0 75 74 49125 12 820072 32165 1.8 14 8 1 2 18% 22567 2803 23%
c } 19.04  0 74 74 51759 12 841356 51626 1.8 14 8 1 2 17% 22567 2803 23%
c [ 19.04  0 155 74 51759  1 841356 51626 2.3 71 31 1 2 45% 22567 2803 23%
c - 19.06  0 155 75 51759  1 842110 34123 2.3 70 30 1 2 45% 22567 2803 23%
c p 19.06  0 155 75 51759  1 842110 34128 2.3 70 30 1 2 45% 22567 2803 23%
c u 19.11  0 155 75 51759  1 842110 33915 2.3 70 30 1 2 45% 22567 2803 23%
c v 19.11  0 155 75 51759  1 842110 33726 2.3 70 30 1 2 45% 22567 2803 23%
c w 19.11  0 155 75 51759  1 842110 33724 2.3 70 30 1 2 45% 22567 2803 23%
c B 19.51  0 154 75 51760  1 861077 51552 2.3 69 31 1 2 44% 22567 2803 23%
c 
c  seconds   reductions    conflicts         size   tier2      variables
c         MB       restarts       redundant     glue   trail        remaining
c           level        rate          size/glue  tier1  irredundant
c 
c - 19.58  0 154 76 51763  1 865051 34418 2.2 68 30 1 2 43% 22567 2803 23%
c p 19.58  0 154 76 51763  1 865051 34422 2.2 68 30 1 2 43% 22567 2803 23%
c u 19.58  0 154 76 51763  1 865051 34245 2.2 68 30 1 2 43% 22567 2803 23%
c v 19.59  0 154 76 51763  1 865051 34095 2.2 68 30 1 2 43% 22567 2803 23%
c w 19.59  0 154 76 51763  1 865051 34093 2.2 68 30 1 2 43% 22567 2803 23%
c - 19.93  0 147 77 51774  1 888304 33371 2.2 62 29 1 2 40% 22567 2803 23%
c p 19.94  0 147 77 51774  1 888304 33374 2.2 62 29 1 2 40% 22567 2803 23%
c W 20.19  0 147 77 51781  1 903079 46842 2.1 58 27 1 2 38% 22567 2803 23%
c - 20.26  0 144 78 51785  1 911866 33609 2.1 55 26 1 2 36% 22567 2803 23%
c p 20.26  0 144 78 51785  1 911866 33610 2.1 55 26 1 2 36% 22567 2803 23%
c u 20.27  0 144 78 51785  1 911866 33560 2.1 55 26 1 2 36% 22567 2803 23%
c v 20.27  0 144 78 51785  1 911866 33558 2.1 55 26 1 2 36% 22567 2803 23%
c w 20.27  0 144 78 51785  1 911866 33558 2.1 55 26 1 2 36% 22567 2803 23%
c s 20.36  0 141 78 51789  1 921397 41494 2.1 51 24 1 2 34% 22567 2803 23%
c s 20.37  0 141 78 51789  1 921397 41375 2.1 51 24 1 2 34% 22567 2803 23%
c ^ 20.37  0 141 78 51789  1 921397 41375 2.1 51 24 1 2 34% 22567 2803 23%
c - 20.51  0 140 79 51790  1 935739 33516 2.1 48 23 1 2 32% 22567 2803 23%
c p 20.51  0 140 79 51790  1 935739 33518 2.1 48 23 1 2 32% 22567 2803 23%
c I 20.60  0 138 79 51790  1 946081 42783 2.1 46 22 1 2 31% 22567 2803 23%
c - 20.71  0 136 80 51798  1 959923 34276 2.0 42 21 1 2 30% 22567 2803 23%
c 
c  seconds   reductions    conflicts         size   tier2      variables
c         MB       restarts       redundant     glue   trail        remaining
c           level        rate          size/glue  tier1  irredundant
c 
c - 20.93  0 128 81 51808  1 984417 34622 2.0 39 19 1 2 26% 22567 2803 23%
c p 20.93  0 128 81 51808  1 984417 34624 2.0 39 19 1 2 26% 22567 2803 23%
c u 20.94  0 128 81 51808  1 984417 34486 2.0 39 19 1 2 26% 22567 2803 23%
c v 20.94  0 128 81 51808  1 984417 34485 2.0 39 19 1 2 26% 22567 2803 23%
c w 20.94  0 128 81 51808  1 984417 34485 2.0 39 19 1 2 26% 22567 2803 23%
c ] 20.96  0 127 81 51811  1 987486 37122 2.0 38 19 1 2 26% 22567 2803 23%
c { 20.96  0 74 81 51811 12 987486 37122 1.8 14 8 1 2 17% 22567 2803 23%
c B 21.00  0 74 81 52128 12 990082 39524 1.8 14 8 1 2 17% 22567 2803 23%
c } 21.15  0 74 81 52868 12 1000000 48460 1.8 14 8 1 2 17% 22567 2803 23%
c ? 21.15  0 74 81 52868 12 1000000 48460 1.8 14 8 1 2 17% 22567 2803 23%
c 
c --- [ result ] -------------------------------------------------------------
c 
c UNKNOWN
c 
c --- [ run-time profiling ] -------------------------------------------------
c 
c process time taken by individual solving procedures
c (percentage relative to process time for solving)
c 
c        19.40   91.76% search
c        11.80   55.80% stable
c         7.16   33.86% unstable
c         1.74    8.23% simplify
c         0.44    2.09% walk
c         0.44    2.07% vivify
c         0.34    1.60% sweep
c         0.28    1.34% subsume
c         0.22    1.06% factor
c         0.14    0.67% congruence
c         0.12    0.55% elim
c         0.05    0.23% preprocess
c         0.04    0.18% probe
c         0.03    0.16% ternary
c         0.01    0.06% backbone
c         0.01    0.05% fastelim
c         0.01    0.03% parse
c         0.00    0.01% lucky
c   =================================
c        21.14   99.97% solve
c 
c last line shows process time for solving
c (percentage relative to total process time)
c 
c --- [ statistics ] ---------------------------------------------------------
c 
c chronological:            284939        28.49 %  of conflicts
c conflicts:               1000000     47301.30    per second
c backbone:                1024117      7897.26 %  of vars
c decisions:               6014866    284510.95    per second
c eliminated:                 7200        55.52 %  of all variables
c factored:                    632        20.64 %  of variables
c fixed:                       943         7.27 %  of all variables
c learned:                  955643        95.56 %  per conflict
c learned_lits:           43571436       100.00 %  learned literals
c minimized:                     0         0.00 %  learned literals
c shrunken:                1623054         3.73 %  learned literals
c minishrunken:            3780634         8.68 %  learned literals
c otfs:                      27987         2.80 %  of conflict
c propagations:          109754890         5.19 M  per second
c reduced:                  801529        80.15 %  per conflict
c rephased:                     44     22727.27    interval
c restarts:                  52868        18.92    interval
c stabilizing:                  20        59.08 %  of conflicts
c substituted:                2022        15.59 %  of all variables
c sweep equivs:                518        12.40 %  of swept variables
c subsumed:                  52035         4.88 %  of all clauses
c strengthened:              56381         5.29 %  of all clauses
c ticks:                1457007828        13.56    propagation
c vivified:                   7487         0.70 %  of all clauses
c walked:                       13     76923.08    interval
c weakened:                  43331         2.93    average size
c congruence:                   23     43478.26    interval
c 
c seconds are measured in process time for solving
c 
c --- [ glue usage ] ---------------------------------------------------------
c 
c focused glue 1 used 1707239 clauses 70.21% accumulated 70.21% tier1
c focused glue 2 used 358331 clauses 14.73% accumulated 84.94% tier2
c 
c stable glue 1 used 2926526 clauses 50.94% accumulated 50.94% tier1
c stable glue 2 used 836020 clauses 14.55% accumulated 65.50% tier2
c 
c 
c --- [ resources ] ----------------------------------------------------------
c 
c total process time since initialization:        21.15    seconds
c total real time since initialization:           21.22    seconds
c maximum resident set size of process:        82752.00    MB
c 
c --- [ shutting down ] ------------------------------------------------------
c 
c exit 0
