c --- [ banner ] -------------------------------------------------------------
c 
c CaDiCaL SAT Solver
c Copyright (c) 2016-2025
c A. Biere, M. Fleury, N. Froleyks, K. Fazekas, F. Pollitt, T. Faller
c JKU Linz, University of Freiburg, TU Wien
c 
c Version 3.0.0
c Apple clang version 17.0.0 (clang-1700.6.3.2) -Wall -Wextra -O3 -DNDEBUG -DNCLOSEFROM
c Tue Dec 23 21:53:38 UTC 2025 Darwin Tahoe-arm64.local 25.2.0 arm64
c 
c --- [ limit ] --------------------------------------------------------------
c 
c setting conflict limit to 1000000 conflicts (due to '1000000')
c 
c --- [ parsing input ] ------------------------------------------------------
c 
c reading DIMACS file from '/tmp/sr59_cnfs/aux_force_sr59_n32_bit31_m17149975_fillffffffff.cnf'
c opening file to read '/tmp/sr59_cnfs/aux_force_sr59_n32_bit31_m17149975_fillffffffff.cnf'
c found 'p cnf 12336 51511' header
c parsed 51511 clauses in 0.01 seconds process time
c 
c --- [ options ] ------------------------------------------------------------
c 
c   --seed=41                      (different from default '0')
c 
c --- [ solving ] ------------------------------------------------------------
c 
c time measured in process time since initialization
c 
c  seconds  reduction conflicts       size tier2       variables
c         MB    restarts   redundant    glue  trail         remaining
c          level     rate       size/glu tier1  irredundant
c 
c *  0.01  0  0 0   0  0    0    0 0.0 0 0 2 6  0% 50998 11855 96%
c (  0.01  0  0 0   0  0    0    0 0.0 0 0 2 6  0% 50998 11855 96%
c .  0.01  0  0 0   0  0    0    0 0.0 0 0 2 6  0% 49974 11855 96%
c c  0.03  0  0 0   0  0    0    0 0.0 0 0 2 6  0% 47282 11393 92%
c d  0.03  0  0 0   0  0    0    0 0.0 0 0 2 6  0% 43238 10059 82%
c 2  0.03  0  0 0   0  0    0    0 0.0 0 0 2 6  0% 43094 10059 82%
c f  0.04  0  0 0   0  0    0    0 0.0 0 0 2 6  0% 42828 10325 84%
c e  0.05  0  0 0   0  0    0    0 0.0 0 0 2 6  0% 28841 5304 43%
c P  0.06  0  0 0   0  0    0    0 0.0 0 0 2 6  0% 28841 5304 43%
c )  0.06  0  0 0   0  0    0    0 0.0 0 0 2 6  0% 28841 5304 43%
c {  0.06  0  0 0   0  0    0    0 0.0 0 0 2 6  0% 28841 5304 43%
c -  0.06  0 945 1   8 35  302  246 1.5 4 3 2 6 19% 28841 5304 43%
c -  0.06  0 444 2  20 23  736  572 1.6 4 3 2 6 14% 28841 5304 43%
c }  0.06  0 371 2  37 22 1002  795 1.7 4 3 2 6 13% 28841 5304 43%
c [  0.06  0  0 2  37  0 1002  795 0.0 0 0 2 6  0% 28841 5304 43%
c O  0.06  0 1917 2  37 1918 1003  796 2.0 8 4 2 6 39% 28841 5304 43%
c ]  0.07  0 1914 2  37  9 1268 1022 1.9 55 29 2 6 41% 28841 5304 43%
c {  0.07  0 371 2  37 22 1268 1022 1.7 4 3 2 6 13% 28841 5304 43%
c -  0.07  0 334 3  71 22 1415  938 1.6 4 3 2 6 13% 28841 5304 43%
c p  0.08  0 243 3 209 23 2216 1597 1.6 5 3 2 6 27% 28829 5289 43%
c 
c  seconds   reduction conflicts       size tier2      variables
c         MB     restarts   redundant    glue  trail        remaining
c           level     rate       size/glu tier1  irredundant
c 
c c  0.09  0 243 3 209 23 2216 1597 1.6 5 3 2 6 27% 28805 5289 43%
c d  0.09  0 243 3 209 23 2216 1582 1.6 5 3 2 6 27% 28787 5280 43%
c t  0.09  0 243 3 209 23 2216 1582 1.6 5 3 2 6 27% 28786 5280 43%
c -  0.10  0 235 4 244 24 2355 1534 1.6 5 3 2 6 24% 28786 5280 43%
c }  0.10  0 234 4 245 24 2357 1536 1.6 5 3 2 6 24% 28786 5280 43%
c [  0.10  0 1914 4 245  9 2357 1536 1.9 55 29 2 6 97% 28786 5280 43%
c I  0.10  0 659 4 245  4 3006 2094 2.0 28 14 2 6 38% 28786 5280 43%
c -  0.11  0 450 5 246  4 3570 2097 1.9 23 12 2 6 33% 28786 5280 43%
c s  0.12  0 363 5 246  3 4210 2609 1.9 21 11 2 6 31% 28778 5280 43%
c t  0.12  0 363 5 246  3 4210 2609 1.9 21 11 2 6 31% 28775 5280 43%
c e  0.13  0 363 5 246  3 4210 2398 1.9 21 11 2 6 31% 28739 4987 40%
c s  0.13  0 363 5 246  3 4210 2340 1.9 21 11 2 6 31% 28617 4987 40%
c ]  0.14  0 343 5 247  3 4519 2622 1.9 21 11 2 6 31% 28617 4987 40%
c {  0.14  0 234 5 247 24 4519 2622 1.6 5 3 2 6 24% 28617 4987 40%
c c  0.16  0 228 5 300 25 4716 2753 1.6 5 3 2 6 23% 28589 4976 40%
c d  0.16  0 228 5 300 25 4716 2749 1.6 5 3 2 6 23% 28581 4972 40%
c =  0.16  0 228 5 300 25 4716 2749 1.6 5 3 2 6 23% 28525 4930 40%
c -  0.17  0 208 6 378 25 5063 2182 1.6 5 3 2 3 19% 28525 4930 40%
c O  0.18  0 176 6 506 22 6007 2964 1.6 6 3 2 3 15% 28525 4930 40%
c }  0.18  0 159 6 628 22 6748 3607 1.6 6 4 2 3 14% 28525 4930 40%
c 
c  seconds   reduction conflicts       size   tier2      variables
c         MB     restarts   redundant     glue   trail        remaining
c           level     rate       size/glue  tier1  irredundant
c 
c [  0.18  0 343 6 628  3 6748 3607 1.9 21 11 2 6 31% 28525 4930 40%
c -  0.19  0 334 7 628  3 6841 3065 1.9 21 11 2 6 31% 28525 4930 40%
c c  0.20  0 302 7 628  3 7319 3428 2.1 24 12 3 9 32% 28473 4917 40%
c d  0.20  0 302 7 628  3 7319 3382 2.1 24 12 3 9 32% 28451 4906 40%
c =  0.21  0 302 7 628  3 7319 3382 2.1 24 12 3 9 32% 28411 4876 40%
c f  0.21  0 302 7 628  3 7319 3382 2.1 24 12 3 9 31% 28227 5056 41%
c -  0.23  0 228 8 629  3 8908 3518 2.0 20 10 3 9 24% 28227 5056 41%
c B  0.25  0 218 8 630  3 10009 4448 2.1 25 12 2 3 26% 28227 5056 41%
c ]  0.26  0 212 8 630  3 10321 4731 2.1 24 12 2 3 26% 28227 5056 41%
c {  0.26  0 159 8 630 22 10321 4731 1.6 6 4 2 3 14% 28227 5056 41%
c -  0.27  0 141 9 736 20 11267 4178 1.6 6 4 2 3 13% 28227 5056 41%
c d  0.28  0 126 9 945 18 12802 5104 1.6 6 4 2 3 13% 28225 5024 41%
c =  0.29  0 126 9 945 18 12802 4969 1.6 6 4 2 3 13% 28201 4918 40%
c t  0.29  0 126 9 945 18 12802 4968 1.6 6 4 2 3 13% 28201 4918 40%
c -  0.31  0 118 10 1186 18 13920 3800 1.6 6 4 1 2 13% 28201 4918 40%
c s  0.32  0 115 10 1243 18 14296 3940 1.6 6 4 1 2 14% 27068 4918 40%
c t  0.32  0 115 10 1243 18 14296 3935 1.6 6 4 1 2 14% 27068 4918 40%
c e  0.32  0 115 10 1243 18 14296 3575 1.6 6 4 1 2 14% 27063 4736 38%
c s  0.32  0 115 10 1243 18 14296 3509 1.6 6 4 1 2 14% 26885 4736 38%
c }  0.33  0 116 10 1265 18 14407 3610 1.6 7 4 1 2 14% 26882 4736 38%
c 
c  seconds   reductions   conflicts       size   tier2      variables
c         MB      restarts     redundant     glue   trail        remaining
c           level       rate        size/glue  tier1  irredundant
c 
c [  0.33  0 212 10 1265  3 14407 3610 2.1 24 12 2 3 29% 26882 4736 38%
c W  0.34  0 204 10 1265  3 15011 4175 2.1 25 12 2 3 30% 26882 4736 38%
c 2  0.35  0 207 10 1266  3 15667 4754 2.2 27 12 2 3 32% 26882 4736 38%
c d  0.36  0 207 10 1266  3 15667 4739 2.2 27 12 2 3 32% 26882 4729 38%
c c  0.36  0 207 10 1266  3 15667 4739 2.2 27 12 2 3 32% 26802 4729 38%
c d  0.36  0 207 10 1266  3 15667 4718 2.2 27 12 2 3 32% 26790 4723 38%
c =  0.37  0 207 10 1266  3 15667 4718 2.2 27 12 2 3 32% 26781 4700 38%
c f  0.37  0 207 10 1266  3 15667 4718 2.2 27 12 2 3 32% 26739 4739 38%
c -  0.39  0 197 11 1266  3 16870 3865 2.2 26 12 2 3 31% 26739 4739 38%
c =  0.43  0 193 11 1267  3 18607 5460 2.2 28 13 2 3 30% 26691 4703 38%
c u  0.43  0 193 11 1267  3 18607 4966 2.2 28 13 2 3 30% 26691 4703 38%
c v  0.43  0 193 11 1267  3 18607 4878 2.2 28 13 2 3 30% 26691 4703 38%
c w  0.43  0 193 11 1267  3 18607 4878 2.2 28 13 2 3 30% 26691 4703 38%
c t  0.43  0 193 11 1267  3 18607 4877 2.2 28 13 2 3 30% 26656 4703 38%
c ]  0.44  0 189 11 1267  3 19447 5638 2.1 28 13 2 3 29% 26656 4703 38%
c {  0.44  0 116 11 1267 18 19447 5638 1.6 7 4 1 2 14% 26656 4703 38%
c -  0.45  0 113 12 1408 18 20117 3921 1.6 7 4 1 2 14% 26656 4703 38%
c #  0.46  0 110 12 1604 19 21015 4733 1.6 7 4 1 2 15% 26656 4703 38%
c d  0.47  0 108 12 1747 19 21617 5261 1.6 7 4 1 2 14% 26656 4695 38%
c 2  0.47  0 108 12 1747 19 21617 5259 1.6 7 4 1 2 14% 26656 4695 38%
c 
c  seconds   reductions   conflicts       size tier2      variables
c         MB      restarts     redundant    glue  trail        remaining
c           level       rate        size/glu tier1  irredundant
c 
c =  0.48  0 108 12 1747 19 21617 5257 1.6 7 4 1 2 14% 26592 4609 37%
c f  0.48  0 108 12 1747 19 21617 5257 1.6 7 4 1 2 14% 26549 4625 37%
c -  0.51  0 103 13 2185 19 23663 4915 1.6 7 5 1 2 14% 26549 4625 37%
c }  0.52  0 102 13 2278 19 24038 5252 1.6 7 5 1 2 14% 26549 4625 37%
c [  0.52  0 189 13 2278  3 24038 5252 2.1 28 13 2 3 29% 26549 4625 37%
c c  0.54  0 185 13 2278  3 24693 5840 2.2 29 13 2 3 30% 26531 4622 37%
c =  0.54  0 185 13 2278  3 24693 5830 2.2 29 13 2 3 30% 26517 4538 37%
c -  0.58  0 182 14 2280  2 27511 5330 2.2 31 14 2 3 29% 26517 4538 37%
c 2  0.59  0 183 14 2280  2 27831 5614 2.2 32 15 2 3 29% 26515 4538 37%
c c  0.60  0 183 14 2280  2 27831 5607 2.2 32 15 2 3 29% 26497 4537 37%
c =  0.60  0 183 14 2280  2 27831 5602 2.2 32 15 2 3 29% 26484 4499 36%
c f  0.61  0 183 14 2280  2 27831 5597 2.2 32 15 2 3 29% 26476 4510 37%
c O  0.61  0 183 14 2280  2 28018 5777 2.2 32 15 2 3 29% 26476 4510 37%
c s  0.64  0 183 14 2281  2 29327 6899 2.1 33 16 2 3 30% 24997 4510 37%
c e  0.64  0 183 14 2281  2 29327 5927 2.1 33 16 2 3 30% 22322 4063 33%
c s  0.64  0 183 14 2281  2 29327 5899 2.1 33 16 2 3 30% 22282 4063 33%
c ]  0.68  0 180 14 2282  2 31344 7756 2.0 36 17 2 3 29% 22275 4063 33%
c {  0.68  0 102 14 2282 19 31344 7756 1.6 7 5 1 2 17% 22275 4063 33%
c -  0.68  0 102 15 2343 19 31659 5027 1.6 7 5 1 2 18% 22275 4063 33%
c 2  0.68  0 102 15 2343 19 31659 5009 1.6 7 5 1 2 18% 22275 4063 33%
c 
c  seconds   reductions   conflicts       size tier2      variables
c         MB      restarts     redundant    glue  trail        remaining
c           level       rate        size/glu tier1  irredundant
c 
c d  0.68  0 102 15 2343 19 31659 5005 1.6 7 5 1 2 18% 22275 4061 33%
c c  0.69  0 102 15 2343 19 31659 5005 1.6 7 5 1 2 18% 22261 4061 33%
c d  0.69  0 102 15 2343 19 31659 4999 1.6 7 5 1 2 18% 22257 4059 33%
c 2  0.69  0 102 15 2343 19 31659 4999 1.6 7 5 1 2 18% 22255 4059 33%
c u  0.70  0 102 15 2343 19 31659 3938 1.6 7 5 1 2 18% 22255 4059 33%
c B  0.75  0 96 15 3085 19 36019 7846 1.6 8 5 1 2 17% 22255 4059 33%
c -  0.75  0 96 16 3092 19 36107 5305 1.6 8 5 1 2 17% 22255 4059 33%
c p  0.76  0 96 16 3092 19 36107 5290 1.6 8 5 1 2 17% 22255 4048 33%
c c  0.76  0 96 16 3092 19 36107 5290 1.6 8 5 1 2 17% 22229 4048 33%
c f  0.77  0 96 16 3092 19 36107 5267 1.6 8 5 1 2 17% 22214 4065 33%
c }  0.80  0 94 16 3585 18 39066 7890 1.6 8 5 1 2 17% 22214 4065 33%
c [  0.80  0 180 16 3585  2 39066 7890 2.0 36 17 2 3 29% 22214 4065 33%
c -  0.82  0 179 17 3587  2 40858 6315 2.0 35 17 2 3 32% 22214 4065 33%
c c  0.83  0 179 17 3587  2 40858 6295 2.0 35 17 2 3 32% 22196 4059 33%
c d  0.83  0 179 17 3587  2 40858 6290 2.0 35 17 2 3 32% 22192 4057 33%
c 2  0.83  0 179 17 3587  2 40858 6290 2.0 35 17 2 3 32% 22188 4057 33%
c f  0.84  0 179 17 3587  2 40858 6288 2.0 35 17 2 3 32% 22183 4062 33%
c B  0.89  0 173 17 3588  2 45021 9979 2.0 36 17 2 3 32% 22183 4062 33%
c -  0.91  0 173 18 3588  2 45916 7036 2.1 36 17 2 3 33% 22183 4062 33%
c d  0.91  0 173 18 3588  2 45916 7017 2.1 36 17 2 3 33% 22183 4060 33%
c 
c  seconds   reductions   conflicts       size   tier2      variables
c         MB      restarts     redundant     glue   trail        remaining
c           level       rate        size/glue  tier1  irredundant
c 
c c  0.92  0 173 18 3588  2 45916 7017 2.1 36 17 2 3 33% 22167 4060 33%
c d  0.92  0 173 18 3588  2 45916 7008 2.1 36 17 2 3 33% 22163 4058 33%
c 2  0.92  0 173 18 3588  2 45916 7008 2.1 36 17 2 3 33% 22161 4058 33%
c u  0.92  0 173 18 3588  2 45916 6652 2.1 36 17 2 3 33% 22161 4058 33%
c v  0.92  0 173 18 3588  2 45916 6477 2.1 36 17 2 3 33% 22161 4058 33%
c w  0.92  0 173 18 3588  2 45916 6477 2.1 36 17 2 3 33% 22161 4058 33%
c x  0.92  0 173 18 3588  2 45916 6477 2.1 36 17 2 3 33% 22160 4058 33%
c s  0.96  0 172 18 3589  2 48966 9182 2.0 36 18 2 3 34% 22067 4058 33%
c e  0.96  0 172 18 3589  2 48966 8818 2.0 36 18 2 3 34% 22055 4034 33%
c s  0.96  0 172 18 3589  2 48966 8784 2.0 36 18 2 3 34% 22046 4034 33%
c -  1.00  0 173 19 3589  2 51273 6578 2.1 36 17 2 3 37% 22045 4034 33%
c 2  1.00  0 173 19 3589  2 51273 6572 2.1 36 17 2 3 37% 22045 4034 33%
c f  1.01  0 173 19 3589  2 51273 6570 2.1 36 17 2 3 37% 22043 4038 33%
c ]  1.01  0 173 19 3589  2 51598 6875 2.1 36 17 2 3 37% 22043 4038 33%
c {  1.01  0 94 19 3589 18 51598 6875 1.6 8 5 1 2 17% 22043 4038 33%
c W  1.06  0 91 19 4174 18 55024 9952 1.7 8 5 1 2 17% 22043 4038 33%
c -  1.09  0 89 20 4553 18 56935 7728 1.7 9 5 1 2 17% 22043 4038 33%
c p  1.10  0 89 20 4553 18 56935 7885 1.7 9 5 1 2 17% 22043 4038 33%
c f  1.11  0 89 20 4553 18 56935 7871 1.7 9 5 1 2 17% 22050 4045 33%
c }  1.16  0 88 20 5171 18 60097 10746 1.7 9 5 1 2 17% 22050 4045 33%
c 
c  seconds   reductions   conflicts        size   tier2      variables
c         MB      restarts      redundant     glue   trail        remaining
c           level       rate         size/glue  tier1  irredundant
c 
c [  1.16  0 173 20 5171  2 60097 10746 2.1 36 17 2 3 37% 22050 4045 33%
c -  1.20  0 170 21 5171  2 62901 8621 2.1 37 18 2 3 39% 22050 4045 33%
c u  1.21  0 170 21 5171  2 62901 7861 2.1 37 18 2 3 39% 22050 4045 33%
c v  1.21  0 170 21 5171  2 62901 7580 2.1 37 18 2 3 39% 22050 4045 33%
c w  1.21  0 170 21 5171  2 62901 7579 2.1 37 18 2 3 39% 22050 4045 33%
c W  1.26  0 171 21 5173  2 66026 10414 2.1 37 18 2 3 39% 22050 4045 33%
c -  1.30  0 170 22 5175  2 69173 8229 2.1 37 18 2 3 39% 22050 4045 33%
c s  1.37  0 164 22 5178  2 73469 12059 2.2 38 18 2 4 37% 22050 4045 33%
c e  1.37  0 164 22 5178  2 73469 12056 2.2 38 18 2 4 37% 22050 4044 33%
c s  1.38  0 164 22 5178  2 73469 12023 2.2 38 18 2 4 37% 22047 4044 33%
c -  1.40  0 159 23 5178  2 75749 8425 2.1 38 18 2 4 36% 22047 4044 33%
c p  1.40  0 159 23 5178  2 75749 8462 2.1 38 18 2 4 36% 22047 4044 33%
c f  1.40  0 159 23 5178  2 75749 8453 2.1 38 18 2 4 36% 22051 4049 33%
c ]  1.41  0 158 23 5178  2 75923 8608 2.1 37 18 2 4 35% 22051 4049 33%
c {  1.41  0 88 23 5178 18 75923 8608 1.7 9 5 1 2 17% 22051 4049 33%
c F  1.44  0 87 23 5571 18 78028 10519 1.7 9 5 1 2 17% 22051 4049 33%
c -  1.51  0 86 24 6411 18 82630 9678 1.7 9 5 1 2 17% 22051 4049 33%
c p  1.51  0 86 24 6411 18 82630 10017 1.7 9 5 1 2 17% 22051 4048 33%
c =  1.53  0 86 24 6411 18 82630 10011 1.7 9 5 1 2 17% 22006 4034 33%
c u  1.54  0 86 24 6411 18 82630 9226 1.7 9 5 1 2 17% 22005 4034 33%
c 
c  seconds  reductions   conflicts       size tier2      variables
c         MB     restarts     redundant    glue  trail        remaining
c          level       rate        size/glu tier1  irredundant
c 
c v  1.54  0 86 24 6411 18 82630 9060 1.7 9 5 1 2 17% 22005 4034 33%
c 2  1.54  0 86 24 6411 18 82630 9059 1.7 9 5 1 2 17% 22005 4034 33%
c f  1.54  0 86 24 6411 18 82630 8972 1.7 9 5 1 2 17% 22052 4074 33%
c }  1.59  0 84 24 6910 17 87214 13007 1.7 9 6 1 2 17% 22052 4074 33%
c [  1.59  0 158 24 6910  2 87214 13007 2.1 37 18 2 4 35% 22052 4074 33%
c -  1.62  0 157 25 6912  2 89817 9947 2.1 37 17 2 4 35% 22052 4074 33%
c p  1.62  0 157 25 6912  2 89817 9956 2.1 37 17 2 4 35% 22052 4074 33%
c f  1.62  0 157 25 6912  2 89817 9953 2.1 37 17 2 4 34% 22054 4075 33%
c I  1.64  0 156 25 6913  2 91031 11026 2.1 37 17 2 4 35% 22054 4075 33%
c -  1.78  0 156 26 6917  2 97310 10539 2.1 41 19 2 4 36% 22054 4075 33%
c p  1.79  0 156 26 6917  2 97310 10542 2.1 41 19 2 4 36% 22054 4075 33%
c =  1.80  0 156 26 6917  2 97310 10498 2.1 41 19 2 4 36% 21869 4020 33%
c u  1.80  0 156 26 6917  2 97310 10205 2.1 41 19 2 4 36% 21859 4020 33%
c v  1.80  0 156 26 6917  2 97310 10099 2.1 41 19 2 4 36% 21859 4020 33%
c w  1.80  0 156 26 6917  2 97310 10098 2.1 41 19 2 4 36% 21859 4020 33%
c x  1.80  0 156 26 6917  2 97310 10098 2.1 41 19 2 4 36% 21844 4020 33%
c 2  1.81  0 156 26 6917  2 97310 10092 2.1 41 19 2 4 36% 21844 4020 33%
c f  1.81  0 156 26 6917  2 97310 10092 2.1 41 19 2 4 36% 21843 4021 33%
c s  1.89  0 158 26 6918  2 102832 15198 2.1 41 20 2 4 37% 21702 4021 33%
c e  1.90  0 158 26 6918  2 102832 13573 2.1 41 20 2 4 37% 20332 3778 31%
c 
c  seconds   reductions   conflicts         size   tier2      variables
c         MB      restarts       redundant     glue   trail        remaining
c           level       rate          size/glue  tier1  irredundant
c 
c s  1.90  0 158 26 6918  2 102832 13539 2.1 41 20 2 4 37% 20332 3778 31%
c ]  1.91  0 158 26 6918  2 102938 13638 2.1 41 20 2 4 37% 20332 3778 31%
c {  1.91  0 84 26 6918 17 102938 13638 1.7 9 6 1 2 17% 20332 3778 31%
c B  1.93  0 84 26 7161 17 105032 15501 1.7 9 6 1 2 17% 20332 3778 31%
c -  1.94  0 84 27 7173 17 105108 9989 1.7 9 6 1 2 17% 20332 3778 31%
c p  1.94  0 84 27 7173 17 105108 10094 1.7 9 6 1 2 17% 20332 3776 31%
c =  1.95  0 84 27 7173 17 105108 10066 1.7 9 6 1 2 17% 20328 3756 30%
c f  1.95  0 84 27 7173 17 105108 10061 1.7 9 6 1 2 17% 20309 3780 31%
c -  2.08  0 82 28 8560 17 113214 11498 1.7 10 6 1 2 17% 20309 3780 31%
c p  2.08  0 82 28 8560 17 113214 11636 1.7 10 6 1 2 17% 20309 3780 31%
c u  2.11  0 82 28 8560 17 113214 11146 1.7 10 6 1 2 17% 20307 3780 31%
c v  2.11  0 82 28 8560 17 113214 10923 1.7 10 6 1 2 17% 20307 3780 31%
c }  2.15  0 82 28 8971 17 116157 13622 1.7 10 6 1 2 17% 20307 3780 31%
c [  2.15  0 158 28 8971  2 116157 13622 2.1 41 20 2 4 36% 20307 3780 31%
c B  2.21  0 156 28 8971  2 120033 17297 2.1 41 20 2 4 36% 20307 3780 31%
c -  2.25  0 157 29 8971  2 121625 12103 2.1 42 20 2 4 37% 20307 3780 31%
c p  2.25  0 157 29 8971  2 121625 12234 2.1 42 20 2 4 37% 20307 3780 31%
c t  2.25  0 157 29 8971  2 121625 12229 2.1 42 20 2 4 37% 20307 3780 31%
c -  2.43  0 161 30 8972  2 130344 12282 2.2 45 21 2 4 38% 20307 3780 31%
c u  2.44  0 161 30 8972  2 130344 11936 2.2 45 21 2 4 38% 20307 3780 31%
c 
c  seconds   reductions   conflicts         size   tier2      variables
c         MB      restarts       redundant     glue   trail        remaining
c           level       rate          size/glue  tier1  irredundant
c 
c v  2.45  0 161 30 8972  2 130344 11787 2.2 45 21 2 4 38% 20307 3780 31%
c w  2.45  0 161 30 8972  2 130344 11787 2.2 45 21 2 4 38% 20307 3780 31%
c x  2.45  0 161 30 8972  2 130344 11787 2.2 45 21 2 4 38% 20281 3780 31%
c f  2.45  0 161 30 8972  2 130344 11787 2.2 45 21 2 4 38% 20280 3781 31%
c ]  2.52  0 162 30 8972  2 134279 15374 2.2 46 22 2 4 39% 20280 3781 31%
c {  2.52  0 82 30 8972 17 134279 15374 1.7 10 6 1 2 17% 20280 3781 31%
c W  2.57  0 82 30 9329 17 136034 16991 1.7 10 6 1 2 17% 20280 3781 31%
c s  2.59  0 82 30 9506 17 136826 17587 1.7 10 6 1 2 17% 20166 3781 31%
c e  2.60  0 82 30 9506 17 136826 16986 1.7 10 6 1 2 17% 20161 3742 30%
c s  2.60  0 82 30 9506 17 136826 16955 1.7 10 6 1 2 17% 20143 3742 30%
c -  2.65  0 82 31 9868 17 139372 12235 1.7 10 6 1 2 19% 20138 3742 30%
c 2  2.65  0 82 31 9868 17 139372 12226 1.7 10 6 1 2 19% 20138 3742 30%
c d  2.65  0 82 31 9868 17 139372 12220 1.7 10 6 1 2 19% 20138 3741 30%
c p  2.65  0 82 31 9868 17 139372 12406 1.7 10 6 1 2 19% 20138 3741 30%
c 2  2.65  0 82 31 9868 17 139372 12406 1.7 10 6 1 2 19% 20137 3741 30%
c f  2.65  0 82 31 9868 17 139372 12403 1.7 10 6 1 2 19% 20111 3770 31%
c }  2.81  0 82 31 11453 17 148525 20730 1.7 10 6 1 2 19% 20111 3770 31%
c [  2.81  0 162 31 11453  2 148525 20730 2.2 46 22 2 4 43% 20111 3770 31%
c -  2.82  0 162 32 11453  2 148707 13907 2.2 46 22 2 4 43% 20111 3770 31%
c p  2.82  0 162 32 11453  2 148707 13986 2.2 46 22 2 4 43% 20111 3770 31%
c 
c  seconds   reductions    conflicts         size   tier2      variables
c         MB       restarts       redundant     glue   trail        remaining
c           level        rate          size/glue  tier1  irredundant
c 
c u  2.82  0 162 32 11453  2 148707 13415 2.2 46 22 2 4 43% 20111 3770 31%
c v  2.83  0 162 32 11453  2 148707 13146 2.2 46 22 2 4 43% 20111 3770 31%
c w  2.83  0 162 32 11453  2 148707 13146 2.2 46 22 2 4 43% 20111 3770 31%
c W  2.92  0 162 32 11453  2 153035 17210 2.1 47 22 2 4 42% 20111 3770 31%
c -  3.02  0 162 33 11456  2 158347 13994 2.1 48 22 2 4 43% 20111 3770 31%
c p  3.02  0 162 33 11456  2 158347 14091 2.1 48 22 2 4 43% 20111 3770 31%
c t  3.04  0 162 33 11456  2 158347 14090 2.1 48 22 2 4 43% 20111 3770 31%
c -  3.17  0 160 34 11461  2 168295 13519 2.1 47 22 2 4 42% 20111 3770 31%
c u  3.17  0 160 34 11461  2 168295 13236 2.1 47 22 2 4 42% 20111 3770 31%
c v  3.17  0 160 34 11461  2 168295 13228 2.1 47 22 2 4 42% 20111 3770 31%
c w  3.17  0 160 34 11461  2 168295 13227 2.1 47 22 2 4 42% 20111 3770 31%
c O  3.22  0 160 34 11463  2 171038 15718 2.1 46 22 2 4 42% 20111 3770 31%
c ]  3.28  0 158 34 11466  2 175645 19976 2.1 46 21 2 4 42% 20111 3770 31%
c {  3.28  0 82 34 11466 17 175645 19976 1.7 10 6 1 2 19% 20111 3770 31%
c s  3.29  0 82 34 11470 17 175676 19864 1.7 10 6 1 2 19% 20111 3770 31%
c e  3.29  0 82 34 11470 17 175676 18930 1.7 10 6 1 2 19% 20110 3756 30%
c s  3.30  0 82 34 11470 17 175676 18900 1.7 10 6 1 2 19% 20103 3756 30%
c -  3.35  0 82 35 11987 17 178551 13858 1.7 10 6 1 2 19% 20103 3756 30%
c 2  3.36  0 82 35 11987 17 178551 13854 1.7 10 6 1 2 19% 20103 3756 30%
c p  3.36  0 82 35 11987 17 178551 14016 1.7 10 6 1 2 19% 20103 3756 30%
c 
c  seconds  reductions    conflicts         size  tier2      variables
c         MB      restarts       redundant     glue  trail        remaining
c          level        rate          size/glue tier1  irredundant
c 
c f  3.36  0 82 35 11987 17 178551 14016 1.7 10 6 1 2 19% 20097 3762 30%
c -  3.54  0 80 36 13374 16 189115 15814 1.7 11 6 1 2 19% 20097 3762 30%
c p  3.54  0 80 36 13374 16 189115 15850 1.7 11 6 1 2 19% 20097 3762 30%
c u  3.54  0 80 36 13374 16 189115 15348 1.7 11 6 1 2 19% 20097 3762 30%
c v  3.55  0 80 36 13374 16 189115 15077 1.7 11 6 1 2 19% 20097 3762 30%
c x  3.55  0 80 36 13374 16 189115 15077 1.7 11 6 1 2 19% 20092 3762 30%
c f  3.55  0 80 36 13374 16 189115 15077 1.7 11 6 1 2 19% 20091 3763 31%
c #  3.57  0 80 36 13557 16 190040 15939 1.7 11 6 1 2 19% 20091 3763 31%
c }  3.62  0 80 36 13973 16 193008 18596 1.7 11 6 1 2 19% 20091 3763 31%
c [  3.62  0 158 36 13973  2 193008 18596 2.1 46 21 2 4 41% 20091 3763 31%
c -  3.83  0 160 37 13975  2 199988 16430 2.1 51 24 2 4 43% 20091 3763 31%
c p  3.83  0 160 37 13975  2 199988 16550 2.1 51 24 2 4 43% 20091 3763 31%
c =  3.85  0 160 37 13975  2 199988 16549 2.1 51 24 2 4 43% 20091 3762 30%
c u  3.85  0 160 37 13975  2 199988 16344 2.1 51 24 2 4 43% 20091 3762 30%
c v  3.85  0 160 37 13975  2 199988 16251 2.1 51 24 2 4 43% 20091 3762 30%
c w  3.85  0 160 37 13975  2 199988 16248 2.1 51 24 2 4 43% 20091 3762 30%
c ]  4.16  0 161 37 13976  2 206814 22681 2.2 58 26 1 2 46% 20091 3762 30%
c {  4.16  0 80 37 13976 16 206814 22681 1.7 11 6 1 2 19% 20091 3762 30%
c B  4.21  0 80 37 14416 16 210041 25604 1.7 11 6 1 2 19% 20091 3762 30%
c -  4.23  0 80 38 14620 16 211168 16812 1.7 11 6 1 2 19% 20091 3762 30%
c 
c  seconds  reductions    conflicts         size  tier2      variables
c         MB      restarts       redundant     glue  trail        remaining
c          level        rate          size/glue tier1  irredundant
c 
c p  4.24  0 80 38 14620 16 211168 16914 1.7 11 6 1 2 19% 20091 3762 30%
c u  4.24  0 80 38 14620 16 211168 16519 1.7 11 6 1 2 19% 20091 3762 30%
c v  4.24  0 80 38 14620 16 211168 16273 1.7 11 6 1 2 19% 20091 3762 30%
c s  4.39  0 79 38 15673 16 219239 23338 1.7 11 6 1 2 19% 20090 3762 30%
c e  4.39  0 79 38 15673 16 219239 23334 1.7 11 6 1 2 19% 20090 3761 30%
c s  4.40  0 79 38 15673 16 219239 23273 1.7 11 6 1 2 19% 20090 3761 30%
c ^  4.40  0 79 38 15673 16 219239 23273 1.7 11 6 1 2 19% 20090 3761 30%
c -  4.48  0 79 39 16254 16 222656 17553 1.7 11 6 1 2 19% 20090 3761 30%
c p  4.48  0 79 39 16254 16 222656 17653 1.7 11 6 1 2 19% 20090 3761 30%
c u  4.51  0 79 39 16254 16 222656 17423 1.7 11 6 1 2 19% 20090 3761 30%
c v  4.51  0 79 39 16254 16 222656 17206 1.7 11 6 1 2 19% 20090 3761 30%
c t  4.51  0 79 39 16254 16 222656 17205 1.7 11 6 1 2 19% 20090 3761 30%
c }  4.58  0 79 39 16799 16 226372 20590 1.7 11 6 1 2 19% 20090 3761 30%
c [  4.58  0 161 39 16799  2 226372 20590 2.2 58 26 1 2 46% 20090 3761 30%
c B  4.65  0 161 39 16802  2 231043 24944 2.2 57 26 1 2 46% 20090 3761 30%
c -  4.71  0 160 40 16805  2 234452 18578 2.2 56 25 1 2 45% 20090 3761 30%
c -  4.92  0 158 41 16811  2 246558 18832 2.2 54 25 1 2 44% 20090 3761 30%
c p  4.92  0 158 41 16811  2 246558 18899 2.2 54 25 1 2 44% 20090 3761 30%
c u  4.92  0 158 41 16811  2 246558 18729 2.2 54 25 1 2 44% 20090 3761 30%
c v  4.92  0 158 41 16811  2 246558 18549 2.2 54 25 1 2 44% 20090 3761 30%
c 
c  seconds   reductions    conflicts         size   tier2      variables
c         MB       restarts       redundant     glue   trail        remaining
c           level        rate          size/glue  tier1  irredundant
c 
c w  4.93  0 158 41 16811  2 246558 18549 2.2 54 25 1 2 44% 20090 3761 30%
c x  4.93  0 158 41 16811  2 246558 18549 2.2 54 25 1 2 44% 20082 3761 30%
c W  5.08  0 158 41 16813  2 253044 24696 2.2 53 25 1 2 43% 20082 3761 30%
c -  5.19  0 158 42 16813  2 258971 18242 2.2 54 25 1 2 43% 20082 3761 30%
c p  5.19  0 158 42 16813  2 258971 18263 2.2 54 25 1 2 43% 20082 3761 30%
c ]  5.25  0 158 42 16814  2 262040 21118 2.2 53 24 1 2 42% 20082 3761 30%
c {  5.25  0 79 42 16814 16 262040 21118 1.7 11 6 1 2 19% 20082 3761 30%
c s  5.36  0 79 42 17687 16 267586 25981 1.7 11 7 1 2 19% 20082 3761 30%
c e  5.37  0 79 42 17687 16 267586 18843 1.7 11 7 1 2 19% 20301 3532 29%
c s  5.37  0 79 42 17687 16 267586 18758 1.7 11 7 1 2 19% 20225 3532 29%
c e  5.37  0 79 42 17687 16 267586 18757 1.7 11 7 1 2 19% 20195 3530 29%
c -  5.44  0 79 43 18258 16 271693 15874 1.7 11 7 1 2 19% 20195 3530 29%
c 2  5.44  0 79 43 18258 16 271693 15788 1.7 11 7 1 2 19% 20195 3530 29%
c p  5.44  0 79 43 18258 16 271693 15863 1.7 11 7 1 2 19% 20195 3530 29%
c u  5.45  0 79 43 18258 16 271693 15288 1.7 11 7 1 2 19% 20195 3530 29%
c v  5.45  0 79 43 18258 16 271693 15286 1.7 11 7 1 2 19% 20195 3530 29%
c t  5.45  0 79 43 18258 16 271693 15286 1.7 11 7 1 2 19% 20194 3530 29%
c f  5.46  0 79 43 18258 16 271693 15278 1.7 11 7 1 2 19% 20162 3550 29%
c W  5.53  0 79 43 18740 15 276045 19199 1.7 11 7 1 2 19% 20162 3550 29%
c -  5.69  0 79 44 19882 15 284725 17962 1.7 12 7 1 2 19% 20162 3550 29%
c 
c  seconds  reductions    conflicts         size  tier2      variables
c         MB      restarts       redundant     glue  trail        remaining
c          level        rate          size/glue tier1  irredundant
c 
c p  5.69  0 79 44 19882 15 284725 18041 1.7 12 7 1 2 19% 20162 3550 29%
c u  5.70  0 79 44 19882 15 284725 17854 1.7 12 7 1 2 19% 20162 3550 29%
c v  5.70  0 79 44 19882 15 284725 17749 1.7 12 7 1 2 19% 20162 3550 29%
c w  5.70  0 79 44 19882 15 284725 17749 1.7 12 7 1 2 19% 20162 3550 29%
c }  5.74  0 79 44 20182 15 286720 19540 1.7 12 7 1 2 19% 20162 3550 29%
c [  5.74  0 158 44 20182  2 286720 19540 2.2 53 24 1 2 42% 20162 3550 29%
c -  5.96  0 152 45 20182  1 298064 19071 2.2 53 24 1 2 43% 20162 3550 29%
c p  5.96  0 152 45 20182  1 298064 19094 2.2 53 24 1 2 43% 20162 3550 29%
c t  5.96  0 152 45 20182  1 298064 19092 2.2 53 24 1 2 43% 20162 3550 29%
c I  5.99  0 151 45 20182  1 300046 20923 2.2 52 23 1 2 42% 20162 3550 29%
c -  6.20  0 151 46 20183  1 311712 19085 2.2 52 24 1 2 42% 20162 3550 29%
c p  6.20  0 151 46 20183  1 311712 19138 2.2 52 24 1 2 42% 20162 3550 29%
c u  6.22  0 151 46 20183  1 311712 18621 2.2 52 24 1 2 42% 20162 3550 29%
c v  6.23  0 151 46 20183  1 311712 18321 2.2 52 24 1 2 42% 20162 3550 29%
c w  6.23  0 151 46 20183  1 311712 18315 2.2 52 24 1 2 42% 20162 3550 29%
c ]  6.46  0 149 46 20183  1 321544 27674 2.3 55 24 1 2 43% 20162 3550 29%
c {  6.46  0 79 46 20183 15 321544 27674 1.7 12 7 1 2 19% 20162 3550 29%
c s  6.49  0 79 46 20310 15 322944 28739 1.7 12 7 1 2 19% 20162 3550 29%
c e  6.49  0 79 46 20310 15 322944 28008 1.7 12 7 1 2 19% 20170 3542 29%
c s  6.50  0 79 46 20310 15 322944 27961 1.7 12 7 1 2 19% 20167 3542 29%
c 
c  seconds  reductions    conflicts         size  tier2      variables
c         MB      restarts       redundant     glue  trail        remaining
c          level        rate          size/glue tier1  irredundant
c 
c F  6.53  0 79 46 20453 15 325047 29834 1.7 12 7 1 2 19% 20167 3542 29%
c -  6.54  0 79 47 20548 15 325673 18921 1.7 12 7 1 2 19% 20167 3542 29%
c 2  6.54  0 79 47 20548 15 325673 18920 1.7 12 7 1 2 19% 20167 3542 29%
c p  6.54  0 79 47 20548 15 325673 18988 1.7 12 7 1 2 19% 20167 3542 29%
c u  6.55  0 79 47 20548 15 325673 18842 1.7 12 7 1 2 19% 20167 3542 29%
c v  6.55  0 79 47 20548 15 325673 18656 1.7 12 7 1 2 19% 20167 3542 29%
c w  6.55  0 79 47 20548 15 325673 18656 1.7 12 7 1 2 19% 20167 3542 29%
c f  6.55  0 79 47 20548 15 325673 18652 1.7 12 7 1 2 19% 20169 3543 29%
c -  6.85  0 79 48 22735 15 339940 20702 1.7 12 7 1 2 18% 20169 3543 29%
c p  6.85  0 79 48 22735 15 339940 20762 1.7 12 7 1 2 18% 20169 3543 29%
c u  6.86  0 79 48 22735 15 339940 20548 1.7 12 7 1 2 18% 20169 3543 29%
c v  6.86  0 79 48 22735 15 339940 20413 1.7 12 7 1 2 18% 20169 3543 29%
c }  7.01  0 78 48 23917 15 347846 27615 1.7 12 7 1 2 18% 20167 3543 29%
c [  7.01  0 149 48 23917  1 347846 27615 2.3 55 24 1 2 43% 20167 3543 29%
c B  7.06  0 148 48 23917  1 351050 30670 2.3 55 24 1 2 43% 20167 3543 29%
c -  7.15  0 149 49 23917  1 354517 21863 2.3 55 24 1 2 42% 20167 3543 29%
c p  7.15  0 149 49 23917  1 354517 21916 2.3 55 24 1 2 42% 20167 3543 29%
c u  7.16  0 149 49 23917  1 354517 21630 2.3 55 24 1 2 42% 20167 3543 29%
c v  7.16  0 149 49 23917  1 354517 21446 2.3 55 24 1 2 42% 20167 3543 29%
c w  7.16  0 149 49 23917  1 354517 21441 2.3 55 24 1 2 42% 20167 3543 29%
c 
c  seconds   reductions    conflicts         size   tier2      variables
c         MB       restarts       redundant     glue   trail        remaining
c           level        rate          size/glue  tier1  irredundant
c 
c t  7.16  0 149 49 23917  1 354517 21440 2.3 55 24 1 2 42% 20167 3543 29%
c -  7.42  0 147 50 23923  1 369403 21875 2.2 54 24 1 2 41% 20167 3543 29%
c p  7.42  0 147 50 23923  1 369403 21877 2.2 54 24 1 2 41% 20167 3543 29%
c W  7.59  0 147 50 23927  1 378051 29976 2.2 53 24 1 2 41% 20167 3543 29%
c s  7.71  0 147 50 23931  1 383169 34697 2.2 53 24 1 2 41% 20167 3543 29%
c e  7.72  0 147 50 23931  1 383169 34676 2.2 53 24 1 2 41% 20167 3542 29%
c s  7.72  0 147 50 23931  1 383169 34632 2.2 53 24 1 2 41% 20167 3542 29%
c -  7.75  0 146 51 23931  1 384599 22054 2.2 52 24 1 2 41% 20166 3542 29%
c p  7.75  0 146 51 23931  1 384599 22106 2.2 52 24 1 2 41% 20166 3542 29%
c u  7.78  0 146 51 23931  1 384599 21899 2.2 52 24 1 2 41% 20166 3542 29%
c v  7.78  0 146 51 23931  1 384599 21729 2.2 52 24 1 2 41% 20166 3542 29%
c w  7.78  0 146 51 23931  1 384599 21729 2.2 52 24 1 2 41% 20166 3542 29%
c f  7.78  0 146 51 23931  1 384599 21728 2.2 52 24 1 2 41% 20165 3543 29%
c ]  7.92  0 147 51 23932  1 391543 28332 2.2 53 24 1 2 41% 20165 3543 29%
c {  7.92  0 78 51 23932 15 391543 28332 1.7 12 7 1 2 18% 20165 3543 29%
c -  8.10  0 78 52 25198 15 400103 23292 1.7 12 7 1 2 18% 20165 3543 29%
c p  8.11  0 78 52 25198 15 400103 23342 1.7 12 7 1 2 18% 20165 3543 29%
c u  8.11  0 78 52 25198 15 400103 23004 1.7 12 7 1 2 18% 20165 3543 29%
c v  8.11  0 78 52 25198 15 400103 22898 1.7 12 7 1 2 18% 20165 3543 29%
c B  8.22  0 77 52 25943 15 406055 28285 1.7 12 7 1 2 18% 20165 3543 29%
c 
c  seconds  reductions    conflicts         size  tier2      variables
c         MB      restarts       redundant     glue  trail        remaining
c          level        rate          size/glue tier1  irredundant
c 
c -  8.47  0 77 53 27374 15 415916 24591 1.7 12 7 1 2 18% 20165 3543 29%
c p  8.47  0 77 53 27374 15 415916 24639 1.7 12 7 1 2 18% 20165 3543 29%
c u  8.48  0 77 53 27374 15 415916 24377 1.7 12 7 1 2 18% 20165 3543 29%
c v  8.48  0 77 53 27374 15 415916 24136 1.7 12 7 1 2 18% 20165 3543 29%
c w  8.48  0 77 53 27374 15 415916 24135 1.7 12 7 1 2 18% 20165 3543 29%
c }  8.52  0 77 53 27713 15 417990 26053 1.7 12 7 1 2 18% 20165 3543 29%
c [  8.52  0 147 53 27713  1 417990 26053 2.2 53 24 1 2 41% 20165 3543 29%
c -  8.82  0 150 54 27720  1 432038 25630 2.2 54 24 1 2 42% 20165 3543 29%
c p  8.82  0 150 54 27720  1 432038 25673 2.2 54 24 1 2 42% 20165 3543 29%
c u  8.84  0 150 54 27720  1 432038 25522 2.2 54 24 1 2 42% 20165 3543 29%
c v  8.84  0 150 54 27720  1 432038 25341 2.2 54 24 1 2 42% 20165 3543 29%
c w  8.84  0 150 54 27720  1 432038 25341 2.2 54 24 1 2 42% 20165 3543 29%
c O  8.92  0 151 54 27721  1 435057 28200 2.2 55 24 1 2 43% 20165 3543 29%
c s  9.18  0 149 54 27728  1 448411 40726 2.2 54 25 1 2 42% 20165 3543 29%
c t  9.18  0 149 54 27728  1 448411 40725 2.2 54 25 1 2 42% 20165 3543 29%
c e  9.18  0 149 54 27728  1 448411 40712 2.2 54 25 1 2 42% 20165 3542 29%
c s  9.19  0 149 54 27728  1 448411 40656 2.2 54 25 1 2 42% 20165 3542 29%
c -  9.20  0 149 55 27728  1 448470 25485 2.2 54 25 1 2 42% 20165 3542 29%
c p  9.21  0 149 55 27728  1 448470 25487 2.2 54 25 1 2 42% 20165 3542 29%
c u  9.21  0 149 55 27728  1 448470 25381 2.2 54 25 1 2 42% 20165 3542 29%
c 
c  seconds   reductions    conflicts         size   tier2      variables
c         MB       restarts       redundant     glue   trail        remaining
c           level        rate          size/glue  tier1  irredundant
c 
c v  9.21  0 149 55 27728  1 448470 25297 2.2 54 25 1 2 42% 20165 3542 29%
c w  9.21  0 149 55 27728  1 448470 25294 2.2 54 25 1 2 42% 20165 3542 29%
c f  9.22  0 149 55 27728  1 448470 25293 2.2 54 25 1 2 42% 20164 3543 29%
c ]  9.47  0 148 55 27729  1 462948 38855 2.2 53 24 1 2 40% 20164 3543 29%
c {  9.47  0 77 55 27729 15 462948 38855 1.7 12 7 1 2 18% 20164 3543 29%
c W  9.56  0 77 55 28031 15 465059 40768 1.8 12 7 1 2 18% 20164 3543 29%
c -  9.57  0 77 56 28048 15 465211 25790 1.8 12 7 1 2 18% 20164 3543 29%
c p  9.57  0 77 56 28048 15 465211 25831 1.8 12 7 1 2 18% 20164 3543 29%
c u  9.58  0 77 56 28048 15 465211 25592 1.8 12 7 1 2 18% 20164 3543 29%
c v  9.58  0 77 56 28048 15 465211 25524 1.8 12 7 1 2 18% 20164 3543 29%
c w  9.58  0 77 56 28048 15 465211 25524 1.8 12 7 1 2 18% 20164 3543 29%
c -  9.94  0 77 57 30356 14 482263 27200 1.8 13 7 1 2 18% 20164 3543 29%
c p  9.94  0 77 57 30356 14 482263 27241 1.8 13 7 1 2 18% 20164 3543 29%
c u  9.96  0 77 57 30356 14 482263 27044 1.8 13 7 1 2 18% 20164 3543 29%
c v  9.96  0 77 57 30356 14 482263 26873 1.8 13 7 1 2 18% 20164 3543 29%
c w  9.96  0 77 57 30356 14 482263 26873 1.8 13 7 1 2 18% 20164 3543 29%
c } 10.16  0 76 57 31565 14 492745 36445 1.8 13 7 1 2 18% 20164 3543 29%
c [ 10.16  0 148 57 31565  1 492745 36445 2.2 53 24 1 2 40% 20164 3543 29%
c B 10.21  0 147 57 31565  1 496060 39631 2.2 52 24 1 2 40% 20164 3543 29%
c - 10.33  0 148 58 31565  1 499625 28782 2.2 54 25 1 2 41% 20164 3543 29%
c 
c  seconds   reductions    conflicts         size   tier2      variables
c         MB       restarts       redundant     glue   trail        remaining
c           level        rate          size/glue  tier1  irredundant
c 
c p 10.33  0 148 58 31565  1 499625 28823 2.2 54 25 1 2 41% 20164 3543 29%
c u 10.34  0 148 58 31565  1 499625 28638 2.2 54 25 1 2 41% 20164 3543 29%
c v 10.34  0 148 58 31565  1 499625 28505 2.2 54 25 1 2 41% 20164 3543 29%
c w 10.34  0 148 58 31565  1 499625 28503 2.2 54 25 1 2 41% 20164 3543 29%
c - 10.81  0 152 59 31575  1 517296 29049 2.2 57 26 1 2 42% 20164 3543 29%
c p 10.81  0 152 59 31575  1 517296 29091 2.2 57 26 1 2 42% 20164 3543 29%
c u 10.81  0 152 59 31575  1 517296 28861 2.2 57 26 1 2 42% 20164 3543 29%
c v 10.82  0 152 59 31575  1 517296 28688 2.2 57 26 1 2 42% 20164 3543 29%
c w 10.82  0 152 59 31575  1 517296 28687 2.2 57 26 1 2 42% 20164 3543 29%
c f 10.82  0 152 59 31575  1 517296 28684 2.2 57 26 1 2 42% 20163 3545 29%
c s 10.85  0 152 59 31576  1 518671 29755 2.2 57 26 1 2 42% 20162 3545 29%
c e 10.85  0 152 59 31576  1 518671 29712 2.2 57 26 1 2 42% 20166 3541 29%
c s 10.86  0 152 59 31576  1 518671 29668 2.2 57 26 1 2 42% 20164 3541 29%
c W 11.00  0 151 59 31580  1 528062 38252 2.2 54 25 1 2 41% 20163 3541 29%
c - 11.09  0 149 60 31580  1 535276 28103 2.2 53 24 1 2 40% 20163 3541 29%
c 2 11.09  0 149 60 31580  1 535276 28101 2.2 53 24 1 2 40% 20163 3541 29%
c p 11.09  0 149 60 31580  1 535276 28102 2.2 53 24 1 2 40% 20163 3541 29%
c t 11.09  0 149 60 31580  1 535276 28102 2.2 53 24 1 2 40% 20162 3541 29%
c - 11.24  0 149 61 31591  1 553566 27663 2.1 48 23 1 2 37% 20162 3541 29%
c p 11.24  0 149 61 31591  1 553566 27680 2.1 48 23 1 2 37% 20162 3541 29%
c 
c  seconds   reductions    conflicts         size   tier2      variables
c         MB       restarts       redundant     glue   trail        remaining
c           level        rate          size/glue  tier1  irredundant
c 
c u 11.25  0 149 61 31591  1 553566 27634 2.1 48 23 1 2 37% 20162 3541 29%
c v 11.25  0 149 61 31591  1 553566 27629 2.1 48 23 1 2 37% 20162 3541 29%
c w 11.25  0 149 61 31591  1 553566 27629 2.1 48 23 1 2 37% 20162 3541 29%
c ] 11.32  0 150 61 31594  1 560990 34151 2.1 47 22 1 2 36% 20162 3541 29%
c { 11.32  0 76 61 31594 14 560990 34151 1.8 13 7 1 2 18% 20162 3541 29%
c # 11.32  0 76 61 31605 14 561064 34219 1.8 13 7 1 2 18% 20162 3541 29%
c - 11.39  0 75 62 31750 13 572168 28954 1.8 13 7 1 2 17% 20162 3541 29%
c p 11.39  0 75 62 31750 13 572168 28969 1.8 13 7 1 2 17% 20162 3541 29%
c - 11.55  0 75 63 32265 11 591078 31524 1.8 13 7 1 2 17% 20162 3541 29%
c d 11.55  0 75 63 32265 11 591078 31518 1.8 13 7 1 2 17% 20162 3540 29%
c p 11.55  0 75 63 32265 11 591078 31522 1.8 13 7 1 2 17% 20162 3540 29%
c u 11.56  0 75 63 32265 11 591078 31453 1.8 13 7 1 2 17% 20162 3540 29%
c v 11.56  0 75 63 32265 11 591078 31451 1.8 13 7 1 2 17% 20162 3540 29%
c w 11.56  0 75 63 32265 11 591078 31451 1.8 13 7 1 2 17% 20162 3540 29%
c t 11.56  0 75 63 32265 11 591078 31450 1.8 13 7 1 2 17% 20162 3540 29%
c s 11.60  0 75 63 32358 11 593956 33426 1.8 13 7 1 2 17% 20161 3540 29%
c s 11.61  0 75 63 32358 11 593956 33235 1.8 13 7 1 2 17% 20161 3540 29%
c ^ 11.61  0 75 63 32358 11 593956 33235 1.8 13 7 1 2 17% 20161 3540 29%
c B 11.62  0 75 63 32409 11 595065 34247 1.8 13 7 1 2 17% 20161 3540 29%
c - 11.77  0 75 64 33056 10 610299 33437 1.8 13 7 1 2 17% 20161 3540 29%
c 
c  seconds  reductions    conflicts         size  tier2      variables
c         MB      restarts       redundant     glue  trail        remaining
c          level        rate          size/glue tier1  irredundant
c 
c p 11.77  0 75 64 33056 10 610299 33438 1.8 13 7 1 2 17% 20161 3540 29%
c - 12.01  0 75 65 34154  9 629830 35664 1.8 13 7 1 2 17% 20161 3540 29%
c p 12.01  0 75 65 34154  9 629830 35695 1.8 13 7 1 2 17% 20161 3540 29%
c u 12.02  0 75 65 34154  9 629830 35468 1.8 13 7 1 2 17% 20161 3540 29%
c v 12.02  0 75 65 34154  9 629830 35424 1.8 13 7 1 2 17% 20161 3540 29%
c t 12.02  0 75 65 34154  9 629830 35423 1.8 13 7 1 2 17% 20161 3540 29%
c W 12.05  0 75 65 34161  9 630066 35627 1.8 13 7 1 2 17% 20161 3540 29%
c } 12.25  0 75 65 34894  8 649241 52647 1.9 12 7 1 2 17% 20161 3540 29%
c [ 12.25  0 150 65 34894  1 649241 52647 2.1 47 22 1 2 36% 20161 3540 29%
c - 12.26  0 149 66 34894  1 649670 37116 2.1 47 22 1 2 36% 20161 3540 29%
c p 12.26  0 149 66 34894  1 649670 37117 2.1 47 22 1 2 36% 20161 3540 29%
c t 12.27  0 149 66 34894  1 649670 37114 2.1 47 22 1 2 36% 20161 3540 29%
c I 12.48  0 149 66 34896  1 666069 52127 2.1 45 21 1 2 36% 20161 3540 29%
c - 12.52  0 147 67 34896  1 669820 37457 2.1 44 21 1 2 35% 20161 3540 29%
c p 12.52  0 147 67 34896  1 669820 37489 2.1 44 21 1 2 35% 20161 3540 29%
c u 12.53  0 147 67 34896  1 669820 37338 2.1 44 21 1 2 35% 20161 3540 29%
c v 12.53  0 147 67 34896  1 669820 37338 2.1 44 21 1 2 35% 20161 3540 29%
c w 12.53  0 147 67 34896  1 669820 37338 2.1 44 21 1 2 35% 20161 3540 29%
c s 12.58  0 143 67 34896  1 674270 40580 2.1 43 20 1 2 34% 20161 3540 29%
c e 12.60  0 143 67 34896  1 674270 37478 2.1 43 20 1 2 34% 20394 3416 28%
c 
c  seconds   reductions    conflicts         size   tier2      variables
c         MB       restarts       redundant     glue   trail        remaining
c           level        rate          size/glue  tier1  irredundant
c 
c s 12.61  0 143 67 34896  1 674270 37319 2.1 43 20 1 2 34% 20382 3416 28%
c - 12.79  0 137 68 34897  1 690280 34113 2.1 41 20 1 2 24% 20380 3416 28%
c 2 12.79  0 137 68 34897  1 690280 34110 2.1 41 20 1 2 24% 20380 3416 28%
c f 12.80  0 137 68 34897  1 690280 34106 2.1 41 20 1 2 24% 20364 3422 28%
c B 13.01  0 137 68 34897  1 703070 46147 2.1 41 20 1 2 31% 20364 3422 28%
c - 13.09  0 135 69 34898  1 711050 34757 2.1 39 19 1 2 30% 20364 3422 28%
c p 13.09  0 135 69 34898  1 711050 34779 2.1 39 19 1 2 30% 20364 3422 28%
c u 13.10  0 135 69 34898  1 711050 34524 2.1 39 19 1 2 30% 20364 3422 28%
c v 13.10  0 135 69 34898  1 711050 34524 2.1 39 19 1 2 30% 20364 3422 28%
c w 13.10  0 135 69 34898  1 711050 34524 2.1 39 19 1 2 30% 20364 3422 28%
c f 13.10  0 135 69 34898  1 711050 34517 2.1 39 19 1 2 30% 20359 3426 28%
c - 13.34  0 127 70 34898  1 732132 34304 2.1 39 19 1 2 26% 20359 3426 28%
c p 13.34  0 127 70 34898  1 732132 34307 2.1 39 19 1 2 26% 20359 3426 28%
c W 13.43  0 120 70 34898  1 741071 41816 2.1 36 18 1 2 23% 20359 3426 28%
c ] 13.44  0 121 70 34898  1 742010 42669 2.1 36 18 1 2 23% 20359 3426 28%
c { 13.44  0 75 70 34898  8 742010 42669 1.9 12 7 1 2 18% 20359 3426 28%
c - 13.56  0 73 71 35385  8 753524 36291 1.9 12 7 1 2 18% 20359 3426 28%
c d 13.56  0 73 71 35385  8 753524 36288 1.9 12 7 1 2 18% 20359 3425 28%
c p 13.56  0 73 71 35385  8 753524 36290 1.9 12 7 1 2 18% 20359 3425 28%
c u 13.57  0 73 71 35385  8 753524 36120 1.9 12 7 1 2 18% 20359 3425 28%
c 
c  seconds  reductions    conflicts         size  tier2      variables
c         MB      restarts       redundant     glue  trail        remaining
c          level        rate          size/glue tier1  irredundant
c 
c v 13.57  0 73 71 35385  8 753524 36116 1.9 12 7 1 2 18% 20359 3425 28%
c w 13.57  0 73 71 35385  8 753524 36116 1.9 12 7 1 2 18% 20359 3425 28%
c s 13.66  0 72 71 35660  8 761885 43181 1.9 12 7 1 2 17% 20356 3425 28%
c e 13.66  0 72 71 35660  8 761885 43175 1.9 12 7 1 2 17% 20359 3423 28%
c s 13.67  0 72 71 35660  8 761885 43091 1.9 12 7 1 2 17% 20356 3423 28%
c - 13.84  0 72 72 36498  7 775227 38485 1.9 12 7 1 2 17% 20356 3423 28%
c p 13.84  0 72 72 36498  7 775227 38500 1.9 12 7 1 2 17% 20356 3423 28%
c F 13.92  0 72 72 36813  7 780073 42840 1.9 12 7 1 2 17% 20356 3423 28%
c - 14.14  0 70 73 38123  7 797238 41124 1.9 12 6 1 2 17% 20356 3423 28%
c p 14.15  0 70 73 38123  7 797238 41139 1.9 12 6 1 2 17% 20356 3423 28%
c u 14.16  0 70 73 38123  7 797238 40874 1.9 12 6 1 2 17% 20356 3423 28%
c v 14.16  0 70 73 38123  7 797238 40698 1.9 12 6 1 2 17% 20356 3423 28%
c w 14.16  0 70 73 38123  7 797238 40698 1.9 12 6 1 2 17% 20356 3423 28%
c } 14.38  0 69 73 39645  7 812782 54581 1.9 12 7 1 2 17% 20356 3423 28%
c [ 14.38  0 121 73 39645  1 812782 54581 2.1 36 18 1 2 23% 20356 3423 28%
c - 14.46  0 120 74 39645  1 819561 42404 2.1 36 17 1 2 23% 20356 3423 28%
c p 14.46  0 120 74 39645  1 819561 42408 2.1 36 17 1 2 23% 20356 3423 28%
c t 14.47  0 120 74 39645  1 819561 42407 2.1 36 17 1 2 23% 20356 3423 28%
c O 14.47  0 120 74 39645  1 820075 42865 2.1 35 17 1 2 23% 20356 3423 28%
c - 14.98  0 126 75 39645  1 842193 42740 2.2 41 19 1 2 33% 20356 3423 28%
c 
c  seconds   reductions    conflicts         size   tier2      variables
c         MB       restarts       redundant     glue   trail        remaining
c           level        rate          size/glue  tier1  irredundant
c 
c p 14.99  0 126 75 39645  1 842193 42751 2.2 41 19 1 2 33% 20356 3423 28%
c u 15.00  0 126 75 39645  1 842193 42493 2.2 41 19 1 2 33% 20356 3423 28%
c v 15.00  0 126 75 39645  1 842193 42485 2.2 41 19 1 2 33% 20356 3423 28%
c w 15.00  0 126 75 39645  1 842193 42482 2.2 41 19 1 2 33% 20356 3423 28%
c s 15.25  0 127 75 39650  1 854482 53707 2.2 41 19 1 2 34% 20354 3423 28%
c s 15.27  0 127 75 39650  1 854482 53585 2.2 41 19 1 2 34% 20354 3423 28%
c ^ 15.27  0 127 75 39650  1 854482 53585 2.2 41 19 1 2 34% 20354 3423 28%
c B 15.40  0 128 75 39652  1 861076 59861 2.2 42 19 1 2 36% 20354 3423 28%
c - 15.49  0 129 76 39655  1 865135 41738 2.2 43 19 1 2 36% 20354 3423 28%
c p 15.49  0 129 76 39655  1 865135 41749 2.2 43 19 1 2 36% 20354 3423 28%
c u 15.50  0 129 76 39655  1 865135 41631 2.2 43 19 1 2 36% 20354 3423 28%
c v 15.50  0 129 76 39655  1 865135 41623 2.2 43 19 1 2 36% 20354 3423 28%
c w 15.50  0 129 76 39655  1 865135 41622 2.2 43 19 1 2 36% 20354 3423 28%
c ] 15.70  0 130 76 39660  1 874405 50523 2.2 44 20 1 2 37% 20354 3423 28%
c { 15.70  0 69 76 39660  7 874405 50523 1.9 12 7 1 2 17% 20354 3423 28%
c - 15.89  0 68 77 40899  7 888388 43819 1.9 12 7 1 2 16% 20354 3423 28%
c p 15.89  0 68 77 40899  7 888388 43828 1.9 12 7 1 2 16% 20354 3423 28%
c u 15.90  0 68 77 40899  7 888388 43719 1.9 12 7 1 2 16% 20354 3423 28%
c v 15.90  0 68 77 40899  7 888388 43561 1.9 12 7 1 2 16% 20354 3423 28%
c B 16.10  0 67 77 42223  7 903077 56630 1.9 12 7 1 2 16% 20354 3423 28%
c 
c  seconds  reductions    conflicts         size  tier2      variables
c         MB      restarts       redundant     glue  trail        remaining
c          level        rate          size/glue tier1  irredundant
c 
c - 16.27  0 66 78 43346  8 911953 45790 1.9 12 7 1 2 16% 20354 3423 28%
c p 16.27  0 66 78 43346  8 911953 45814 1.9 12 7 1 2 16% 20354 3423 28%
c u 16.28  0 66 78 43346  8 911953 45690 1.9 12 7 1 2 16% 20354 3423 28%
c v 16.28  0 66 78 43346  8 911953 45579 1.9 12 7 1 2 16% 20354 3423 28%
c t 16.29  0 66 78 43346  8 911953 45577 1.9 12 7 1 2 16% 20354 3423 28%
c } 16.62  0 65 78 45753  8 932727 64183 1.8 12 7 1 2 15% 20354 3423 28%
c [ 16.62  0 130 78 45753  1 932727 64183 2.2 44 20 1 2 37% 20354 3423 28%
c - 16.67  0 130 79 45753  1 935828 46996 2.2 44 20 1 2 37% 20354 3423 28%
c p 16.67  0 130 79 45753  1 935828 47013 2.2 44 20 1 2 37% 20354 3423 28%
c u 16.68  0 130 79 45753  1 935828 46936 2.2 44 20 1 2 37% 20354 3423 28%
c v 16.68  0 130 79 45753  1 935828 46928 2.2 44 20 1 2 37% 20354 3423 28%
c w 16.68  0 130 79 45753  1 935828 46928 2.2 44 20 1 2 37% 20354 3423 28%
c W 16.98  0 131 79 45757  1 946080 56579 2.2 45 21 1 2 37% 20354 3423 28%
c s 17.15  0 132 79 45760  1 952218 61874 2.2 46 21 1 2 38% 20354 3423 28%
c t 17.15  0 132 79 45760  1 952218 61873 2.2 46 21 1 2 38% 20354 3423 28%
c e 17.16  0 132 79 45760  1 952218 36409 2.2 46 21 1 2 38% 21320 3088 25%
c s 17.18  0 132 79 45760  1 952218 36289 2.2 46 21 1 2 38% 21261 3088 25%
c e 17.18  0 132 79 45760  1 952218 36045 2.2 46 21 1 2 38% 21283 3080 25%
c - 17.36  0 134 80 45766  1 960012 33226 2.2 47 22 1 2 45% 21283 3080 25%
c p 17.36  0 134 80 45766  1 960012 33275 2.2 47 22 1 2 45% 21283 3080 25%
c 
c  seconds   reductions    conflicts         size   tier2      variables
c         MB       restarts       redundant     glue   trail        remaining
c           level        rate          size/glue  tier1  irredundant
c 
c u 17.37  0 134 80 45766  1 960012 33093 2.2 47 22 1 2 45% 21283 3080 25%
c v 17.37  0 134 80 45766  1 960012 33072 2.2 47 22 1 2 45% 21283 3080 25%
c w 17.37  0 134 80 45766  1 960012 33067 2.2 47 22 1 2 45% 21283 3080 25%
c f 17.38  0 134 80 45766  1 960012 33051 2.2 47 22 1 2 45% 21188 3102 25%
c - 18.14  0 137 81 45769  1 984509 35326 2.1 54 26 1 2 42% 21188 3102 25%
c p 18.15  0 137 81 45769  1 984509 35365 2.1 54 26 1 2 42% 21188 3102 25%
c u 18.20  0 137 81 45769  1 984509 35018 2.1 54 26 1 2 42% 21188 3102 25%
c v 18.20  0 137 81 45769  1 984509 34808 2.1 54 26 1 2 42% 21188 3102 25%
c w 18.20  0 137 81 45769  1 984509 34806 2.1 54 26 1 2 42% 21188 3102 25%
c ] 18.28  0 137 81 45769  1 987164 37350 2.1 55 26 1 2 42% 21188 3102 25%
c { 18.28  0 65 81 45769  8 987164 37350 1.8 12 7 1 2 17% 21188 3102 25%
c W 18.34  0 65 81 46071  8 990084 39975 1.8 12 7 1 2 17% 21188 3102 25%
c } 18.46  0 65 81 47046  8 1000001 48873 1.8 12 7 1 2 17% 21188 3102 25%
c ? 18.46  0 65 81 47046  8 1000001 48873 1.8 12 7 1 2 17% 21188 3102 25%
c 
c --- [ result ] -------------------------------------------------------------
c 
c UNKNOWN
c 
c --- [ run-time profiling ] -------------------------------------------------
c 
c process time taken by individual solving procedures
c (percentage relative to process time for solving)
c 
c        16.80   91.03% search
c         9.94   53.87% stable
c         6.47   35.07% unstable
c         1.65    8.96% simplify
c         0.38    2.08% walk
c         0.37    2.00% vivify
c         0.31    1.66% sweep
c         0.28    1.53% subsume
c         0.22    1.20% factor
c         0.15    0.79% congruence
c         0.11    0.59% elim
c         0.05    0.26% preprocess
c         0.05    0.24% probe
c         0.03    0.18% ternary
c         0.02    0.09% backbone
c         0.01    0.06% fastelim
c         0.01    0.04% parse
c         0.00    0.01% lucky
c   =================================
c        18.45   99.96% solve
c 
c last line shows process time for solving
c (percentage relative to total process time)
c 
c --- [ statistics ] ---------------------------------------------------------
c 
c chronological:            268602        26.86 %  of conflicts
c conflicts:               1000001     54187.59    per second
c backbone:                1186640      9093.72 %  of vars
c decisions:               5268846    285505.79    per second
c eliminated:                 6979        53.48 %  of all variables
c factored:                    713        22.98 %  of variables
c fixed:                       943         7.23 %  of all variables
c learned:                  955242        95.52 %  per conflict
c learned_lits:           35749332       100.00 %  learned literals
c minimized:                     0         0.00 %  learned literals
c shrunken:                1382489         3.87 %  learned literals
c minishrunken:            3158841         8.84 %  learned literals
c otfs:                      29308         2.93 %  of conflict
c propagations:          102119640         5.53 M  per second
c reduced:                  795341        79.53 %  per conflict
c rephased:                     44     22727.30    interval
c restarts:                  47046        21.26    interval
c stabilizing:                  19        54.77 %  of conflicts
c substituted:                2025        15.52 %  of all variables
c sweep equivs:                530        12.91 %  of swept variables
c subsumed:                  60219         5.69 %  of all clauses
c strengthened:              60878         5.75 %  of all clauses
c ticks:                1251626833        12.53    propagation
c vivified:                   5649         0.53 %  of all clauses
c walked:                       14     71428.64    interval
c weakened:                  42113         2.91    average size
c congruence:                   23     43478.30    interval
c 
c seconds are measured in process time for solving
c 
c --- [ glue usage ] ---------------------------------------------------------
c 
c focused glue 1 used 1950419 clauses 69.50% accumulated 69.50% tier1
c focused glue 2 used 397265 clauses 14.15% accumulated 83.65% tier2
c 
c stable glue 1 used 2822370 clauses 54.91% accumulated 54.91% tier1
c stable glue 2 used 662135 clauses 12.88% accumulated 67.79% tier2
c 
c 
c --- [ resources ] ----------------------------------------------------------
c 
c total process time since initialization:        18.46    seconds
c total real time since initialization:           18.53    seconds
c maximum resident set size of process:        92064.00    MB
c 
c --- [ shutting down ] ------------------------------------------------------
c 
c exit 0
