c --- [ banner ] -------------------------------------------------------------
c 
c CaDiCaL SAT Solver
c Copyright (c) 2016-2025
c A. Biere, M. Fleury, N. Froleyks, K. Fazekas, F. Pollitt, T. Faller
c JKU Linz, University of Freiburg, TU Wien
c 
c Version 3.0.0
c Apple clang version 17.0.0 (clang-1700.6.3.2) -Wall -Wextra -O3 -DNDEBUG -DNCLOSEFROM
c Tue Dec 23 21:53:38 UTC 2025 Darwin Tahoe-arm64.local 25.2.0 arm64
c 
c --- [ limit ] --------------------------------------------------------------
c 
c setting conflict limit to 1000000 conflicts (due to '1000000')
c 
c --- [ parsing input ] ------------------------------------------------------
c 
c reading DIMACS file from '/tmp/sr59_cnfs/aux_force_sr59_n32_bit10_m3304caa0_fill80000000.cnf'
c opening file to read '/tmp/sr59_cnfs/aux_force_sr59_n32_bit10_m3304caa0_fill80000000.cnf'
c found 'p cnf 12252 51168' header
c parsed 51168 clauses in 0.01 seconds process time
c 
c --- [ options ] ------------------------------------------------------------
c 
c   --seed=41                      (different from default '0')
c 
c --- [ solving ] ------------------------------------------------------------
c 
c time measured in process time since initialization
c 
c  seconds  reduction conflicts       size tier2       variables
c         MB    restarts   redundant    glue  trail         remaining
c          level     rate       size/glu tier1  irredundant
c 
c *  0.01  0  0 0   0  0    0    0 0.0 0 0 2 6  0% 50655 11771 96%
c (  0.01  0  0 0   0  0    0    0 0.0 0 0 2 6  0% 50655 11771 96%
c .  0.01  0  0 0   0  0    0    0 0.0 0 0 2 6  0% 49631 11771 96%
c c  0.03  0  0 0   0  0    0    0 0.0 0 0 2 6  0% 46927 11307 92%
c d  0.03  0  0 0   0  0    0    0 0.0 0 0 2 6  0% 42861 9968 81%
c 2  0.03  0  0 0   0  0    0    0 0.0 0 0 2 6  0% 42721 9968 81%
c f  0.04  0  0 0   0  0    0    0 0.0 0 0 2 6  0% 42453 10236 84%
c e  0.05  0  0 0   0  0    0    0 0.0 0 0 2 6  0% 28738 5282 43%
c P  0.06  0  0 0   0  0    0    0 0.0 0 0 2 6  0% 28738 5282 43%
c )  0.06  0  0 0   0  0    0    0 0.0 0 0 2 6  0% 28738 5282 43%
c {  0.06  0  0 0   0  0    0    0 0.0 0 0 2 6  0% 28738 5282 43%
c -  0.06  0 866 1   6 13  301  238 1.6 4 2 2 6 17% 28738 5282 43%
c -  0.06  0 667 2  32 51  734  594 1.6 4 3 2 6 17% 28738 5282 43%
c }  0.07  0 517 2  56 41 1001  821 1.6 4 3 2 6 16% 28738 5282 43%
c [  0.07  0  0 2  56  0 1001  821 0.0 0 0 2 6  0% 28738 5282 43%
c O  0.07  0 1886 2  56 1887 1002  822 1.6 21 13 2 6 42% 28738 5282 43%
c -  0.07  0 1853 3  56  6 1413  939 1.9 37 20 2 6 39% 28738 5282 43%
c ]  0.07  0 1851 3  56  5 1582 1081 1.9 36 19 2 6 39% 28738 5282 43%
c {  0.07  0 517 3  56 41 1582 1081 1.6 4 3 2 6 16% 28738 5282 43%
c p  0.08  0 344 3 173 32 2213 1584 1.6 4 3 2 6 12% 28730 5269 43%
c 
c  seconds   reduction conflicts       size tier2      variables
c         MB     restarts   redundant    glue  trail        remaining
c           level     rate       size/glu tier1  irredundant
c 
c c  0.09  0 344 3 173 32 2213 1584 1.6 4 3 2 6 12% 28662 5269 43%
c -  0.09  0 323 4 198 31 2352 1405 1.6 4 3 2 6 11% 28646 5261 43%
c O  0.10  0 265 4 322 29 3007 1955 1.6 5 3 2 6 16% 28646 5261 43%
c }  0.10  0 255 4 362 30 3159 2087 1.6 5 3 2 6 16% 28646 5261 43%
c [  0.10  0 1851 4 362  5 3159 2087 1.9 36 19 2 6 93% 28646 5261 43%
c -  0.11  0 1139 5 362  4 3564 2071 2.0 42 21 2 6 65% 28646 5261 43%
c s  0.13  0 749 5 363  3 4211 2657 2.0 35 17 2 6 60% 28642 5261 43%
c t  0.13  0 749 5 363  3 4211 2657 2.0 35 17 2 6 60% 28641 5261 43%
c e  0.14  0 749 5 363  3 4211 2424 2.0 35 17 2 6 60% 28555 4978 41%
c s  0.14  0 749 5 363  3 4211 2382 2.0 35 17 2 6 60% 28468 4978 41%
c d  0.15  0 621 5 363  3 4715 2793 2.0 31 16 2 6 52% 28464 4967 41%
c c  0.16  0 621 5 363  3 4715 2793 2.0 31 16 2 6 52% 28456 4967 41%
c =  0.16  0 621 5 363  3 4715 2782 2.0 31 16 2 6 52% 28372 4906 40%
c ]  0.16  0 569 5 364  3 4967 3005 1.9 30 15 2 6 49% 28372 4906 40%
c {  0.16  0 255 5 364 30 4967 3005 1.6 5 3 2 6 16% 28372 4906 40%
c -  0.17  0 248 6 389 29 5056 2081 1.6 5 3 2 3 16% 28372 4906 40%
c #  0.18  0 202 6 571 26 6009 2893 1.6 5 3 2 3 14% 28372 4906 40%
c -  0.18  0 176 7 725 24 6835 2878 1.6 6 4 2 3 13% 28372 4906 40%
c d  0.19  0 167 7 826 24 7318 3096 1.6 6 4 2 3 13% 28368 4875 40%
c c  0.20  0 167 7 826 24 7318 3096 1.6 6 4 2 3 13% 28288 4875 40%
c 
c  seconds   reduction conflicts       size tier2      variables
c         MB     restarts   redundant    glue  trail        remaining
c           level     rate       size/glu tier1  irredundant
c 
c d  0.20  0 167 7 826 24 7318 3026 1.6 6 4 2 3 13% 28256 4859 40%
c =  0.20  0 167 7 826 24 7318 3026 1.6 6 4 2 3 13% 28212 4821 39%
c 2  0.21  0 167 7 826 24 7318 3026 1.6 6 4 2 3 13% 28210 4821 39%
c f  0.21  0 167 7 826 24 7318 3026 1.6 6 4 2 3 13% 28018 5000 41%
c }  0.22  0 150 7 1011 22 8340 3857 1.6 6 4 2 3 13% 28018 5000 41%
c [  0.22  0 569 7 1011  3 8340 3857 1.9 30 15 2 6 47% 28018 5000 41%
c -  0.23  0 485 8 1011  3 8903 3469 1.9 27 14 2 6 42% 28018 5000 41%
c I  0.24  0 388 8 1011  2 10011 4445 2.0 25 13 3 9 37% 28018 5000 41%
c d  0.24  0 387 8 1011  2 10015 4264 2.0 25 13 3 9 37% 28014 4972 41%
c c  0.25  0 387 8 1011  2 10015 4263 2.0 25 13 3 9 37% 27980 4972 41%
c d  0.25  0 387 8 1011  2 10015 4228 2.0 25 13 3 9 37% 27970 4967 41%
c 2  0.25  0 387 8 1011  2 10015 4227 2.0 25 13 3 9 37% 27967 4967 41%
c =  0.25  0 387 8 1011  2 10015 4227 2.0 25 13 3 9 37% 27967 4914 40%
c -  0.27  0 328 9 1012  2 11262 3901 2.0 25 12 3 9 35% 27967 4914 40%
c c  0.30  0 276 9 1014  2 12800 5200 2.0 23 11 3 9 29% 27949 4911 40%
c ]  0.31  0 255 9 1014  2 13780 6087 2.1 24 11 2 4 31% 27945 4909 40%
c {  0.31  0 150 9 1014 22 13780 6087 1.6 6 4 2 3 14% 27945 4909 40%
c -  0.31  0 149 10 1042 22 13915 4554 1.6 6 4 2 3 14% 27945 4909 40%
c e  0.33  0 145 10 1120 22 14274 4438 1.6 6 4 2 3 14% 27898 4730 39%
c s  0.33  0 145 10 1120 22 14274 4415 1.6 6 4 2 3 14% 27671 4730 39%
c 
c  seconds   reductions   conflicts       size tier2      variables
c         MB      restarts     redundant    glue  trail        remaining
c           level       rate        size/glu tier1  irredundant
c 
c B  0.34  0 138 10 1262 22 15012 5069 1.6 7 4 2 3 14% 27669 4730 39%
c 2  0.35  0 133 10 1374 22 15665 5614 1.6 7 4 2 3 14% 27669 4730 39%
c d  0.35  0 133 10 1374 22 15665 5534 1.6 7 4 2 3 14% 27669 4722 39%
c c  0.35  0 133 10 1374 22 15665 5533 1.6 7 4 2 3 14% 27647 4722 39%
c d  0.35  0 133 10 1374 22 15665 5512 1.6 7 4 2 3 14% 27643 4720 39%
c =  0.36  0 133 10 1374 22 15665 5512 1.6 7 4 2 3 14% 27606 4661 38%
c t  0.36  0 133 10 1374 22 15665 5511 1.6 7 4 2 3 14% 27606 4661 38%
c f  0.37  0 133 10 1374 22 15665 5509 1.6 7 4 2 3 14% 27532 4724 39%
c -  0.39  0 127 11 1615 21 16864 5273 1.6 7 4 2 3 14% 27532 4724 39%
c }  0.40  0 121 11 1939 22 18143 6396 1.6 7 5 2 3 14% 27532 4724 39%
c [  0.40  0 255 11 1939  2 18143 6396 2.1 24 11 2 4 31% 27532 4724 39%
c d  0.41  0 247 11 1939  2 18605 6767 2.0 24 12 2 4 30% 27528 4718 39%
c c  0.42  0 247 11 1939  2 18605 6767 2.0 24 12 2 4 30% 27508 4718 39%
c d  0.42  0 247 11 1939  2 18605 6760 2.0 24 12 2 4 30% 27504 4716 38%
c 2  0.42  0 247 11 1939  2 18605 6760 2.0 24 12 2 4 30% 27502 4716 38%
c =  0.43  0 247 11 1939  2 18605 6760 2.0 24 12 2 4 30% 27418 4624 38%
c u  0.43  0 247 11 1939  2 18605 6175 2.0 24 12 2 4 30% 27415 4624 38%
c v  0.43  0 247 11 1939  2 18605 6048 2.0 24 12 2 4 30% 27415 4624 38%
c w  0.43  0 247 11 1939  2 18605 6043 2.0 24 12 2 4 30% 27415 4624 38%
c x  0.43  0 247 11 1939  2 18605 6041 2.0 24 12 2 4 30% 27372 4624 38%
c 
c  seconds   reductions   conflicts       size   tier2      variables
c         MB      restarts     redundant     glue   trail        remaining
c           level       rate        size/glue  tier1  irredundant
c 
c t  0.43  0 247 11 1939  2 18605 6038 2.0 24 12 2 4 30% 27372 4624 38%
c -  0.45  0 237 12 1940  2 20110 5335 2.0 24 12 2 4 32% 27372 4624 38%
c B  0.46  0 231 12 1940  2 21013 6136 2.0 24 12 2 4 31% 27372 4624 38%
c f  0.48  0 228 12 1940  2 21616 6693 2.1 25 12 2 4 32% 27363 4635 38%
c -  0.52  0 220 13 1941  2 23655 5807 2.2 32 14 2 4 35% 27363 4635 38%
c d  0.54  0 221 13 1942  2 24692 6770 2.2 35 16 2 4 35% 27363 4634 38%
c =  0.55  0 221 13 1942  2 24692 6770 2.2 35 16 2 4 35% 27346 4508 37%
c ]  0.56  0 220 13 1942  2 24977 7043 2.2 36 16 2 4 35% 27346 4508 37%
c {  0.56  0 121 13 1942 22 24977 7043 1.6 7 5 2 3 14% 27346 4508 37%
c -  0.59  0 112 14 2511 22 27500 6855 1.6 8 5 2 3 14% 27346 4508 37%
c 2  0.60  0 112 14 2550 21 27830 7116 1.6 8 5 2 3 14% 27344 4508 37%
c d  0.60  0 112 14 2550 21 27830 7045 1.6 8 5 2 3 14% 27344 4499 37%
c c  0.61  0 112 14 2550 21 27830 7045 1.6 8 5 2 3 14% 27284 4499 37%
c d  0.61  0 112 14 2550 21 27830 7003 1.6 8 5 2 3 14% 27268 4491 37%
c 2  0.61  0 112 14 2550 21 27830 7003 1.6 8 5 2 3 14% 27264 4491 37%
c f  0.62  0 112 14 2550 21 27830 6998 1.6 8 5 2 3 14% 27245 4511 37%
c W  0.63  0 111 14 2552 21 28014 7165 1.6 8 5 2 3 14% 27245 4511 37%
c e  0.66  0 106 14 2834 21 29565 7421 1.6 8 5 2 3 14% 22972 4040 33%
c s  0.66  0 106 14 2834 21 29565 7357 1.6 8 5 2 3 14% 22883 4040 33%
c e  0.66  0 106 14 2834 21 29565 7301 1.6 8 5 2 3 14% 22827 4031 33%
c 
c  seconds   reductions   conflicts       size tier2      variables
c         MB      restarts     redundant    glue  trail        remaining
c           level       rate        size/glu tier1  irredundant
c 
c -  0.69  0 103 15 3216 20 31646 7238 1.6 8 5 2 3 17% 22827 4031 33%
c 2  0.69  0 103 15 3216 20 31646 7212 1.6 8 5 2 3 17% 22827 4031 33%
c p  0.70  0 103 15 3216 20 31646 7199 1.6 8 5 2 3 17% 22827 4028 33%
c c  0.70  0 103 15 3216 20 31646 7199 1.6 8 5 2 3 17% 22817 4028 33%
c d  0.70  0 103 15 3216 20 31646 7196 1.6 8 5 2 3 17% 22815 4027 33%
c 2  0.70  0 103 15 3216 20 31646 7196 1.6 8 5 2 3 17% 22813 4027 33%
c u  0.71  0 103 15 3216 20 31646 6114 1.6 8 5 2 3 17% 22520 4027 33%
c v  0.71  0 103 15 3216 20 31646 5909 1.6 8 5 2 3 17% 22520 4027 33%
c t  0.71  0 103 15 3216 20 31646 5908 1.6 8 5 2 3 17% 22518 4027 33%
c f  0.71  0 103 15 3216 20 31646 5908 1.6 8 5 2 3 17% 22463 4048 33%
c }  0.71  0 102 15 3236 20 31727 5984 1.6 8 5 2 3 17% 22463 4048 33%
c [  0.71  0 220 15 3236  2 31727 5984 2.2 36 16 2 4 43% 22463 4048 33%
c W  0.76  0 205 15 3239  2 36016 9876 2.1 35 16 2 4 42% 22463 4048 33%
c -  0.77  0 205 16 3239  2 36095 6946 2.1 35 16 2 4 42% 22463 4048 33%
c d  0.77  0 205 16 3239  2 36095 6932 2.1 35 16 2 4 42% 22458 4045 33%
c c  0.77  0 205 16 3239  2 36095 6932 2.1 35 16 2 4 42% 22445 4045 33%
c d  0.77  0 205 16 3239  2 36095 6925 2.1 35 16 2 4 42% 22441 4043 33%
c k  0.77  0 205 16 3239  2 36095 6925 2.1 35 16 2 4 42% 22441 4042 33%
c 2  0.77  0 205 16 3239  2 36095 6925 2.1 35 16 2 4 42% 22437 4042 33%
c -  0.86  0 198 17 3241  2 40844 7495 2.0 39 19 2 4 41% 22435 4042 33%
c 
c  seconds   reductions   conflicts       size   tier2      variables
c         MB      restarts     redundant     glue   trail        remaining
c           level       rate        size/glue  tier1  irredundant
c 
c t  0.87  0 198 17 3241  2 40844 7494 2.0 39 19 2 4 41% 22435 4042 33%
c f  0.87  0 198 17 3241  2 40844 7490 2.0 39 19 2 4 41% 22426 4052 33%
c ]  0.90  0 191 17 3241  2 43098 9572 2.1 39 19 2 4 41% 22426 4052 33%
c {  0.90  0 102 17 3241 20 43098 9572 1.6 8 5 2 3 17% 22426 4052 33%
c F  0.92  0 100 17 3544 19 45017 11291 1.6 8 5 2 3 16% 22426 4052 33%
c -  0.94  0 99 18 3673 19 45896 8620 1.6 9 5 2 3 17% 22426 4052 33%
c f  0.94  0 99 18 3673 19 45896 8608 1.6 9 5 2 3 17% 22420 4053 33%
c e  0.99  0 94 18 4244 18 49578 11790 1.7 9 5 2 3 16% 22403 4035 33%
c s  0.99  0 94 18 4244 18 49578 11774 1.7 9 5 2 3 16% 22400 4035 33%
c -  1.03  0 93 19 4574 18 51251 10140 1.7 9 5 2 3 17% 22398 4035 33%
c 2  1.03  0 93 19 4574 18 51251 10139 1.7 9 5 2 3 17% 22398 4035 33%
c p  1.03  0 93 19 4574 18 51251 10303 1.7 9 5 2 3 17% 22398 4034 33%
c c  1.03  0 93 19 4574 18 51251 10303 1.7 9 5 2 3 17% 22392 4034 33%
c u  1.05  0 93 19 4574 18 51251 9810 1.7 9 5 2 3 17% 22390 4033 33%
c v  1.05  0 93 19 4574 18 51251 9698 1.7 9 5 2 3 17% 22390 4033 33%
c w  1.05  0 93 19 4574 18 51251 9697 1.7 9 5 2 3 17% 22390 4033 33%
c f  1.06  0 93 19 4574 18 51251 9683 1.7 9 5 2 3 16% 22394 4043 33%
c }  1.08  0 92 19 4772 18 53003 11193 1.7 9 5 2 3 16% 22394 4043 33%
c [  1.08  0 191 19 4772  2 53003 11193 2.1 39 19 2 4 41% 22394 4043 33%
c O  1.10  0 188 19 4773  2 55019 13077 2.1 39 19 2 4 41% 22394 4043 33%
c 
c  seconds   reductions   conflicts        size   tier2      variables
c         MB      restarts      redundant     glue   trail        remaining
c           level       rate         size/glue  tier1  irredundant
c 
c -  1.13  0 186 20 4773  2 56911 10706 2.1 39 19 2 4 41% 22394 4043 33%
c c  1.13  0 186 20 4773  2 56911 10699 2.1 39 19 2 4 41% 22388 4042 33%
c -  1.25  0 183 21 4775  2 62875 11029 1.9 44 24 2 4 39% 22386 4041 33%
c p  1.26  0 183 21 4775  2 62875 11021 1.9 44 24 2 4 39% 22386 4040 33%
c c  1.26  0 183 21 4775  2 62875 11021 1.9 44 24 2 4 39% 22380 4040 33%
c f  1.26  0 183 21 4775  2 62875 11004 1.9 44 24 2 4 39% 22374 4045 33%
c B  1.29  0 172 21 4776  2 66022 13590 1.9 42 23 2 4 36% 22374 4045 33%
c ]  1.32  0 169 21 4779  2 68971 16252 1.9 42 22 2 4 36% 22374 4045 33%
c {  1.32  0 92 21 4779 18 68971 16252 1.7 9 5 2 3 16% 22374 4045 33%
c -  1.33  0 92 22 4824 18 69143 11298 1.7 9 6 2 3 16% 22374 4045 33%
c c  1.33  0 92 22 4824 18 69143 11267 1.7 9 6 2 3 16% 22360 4043 33%
c d  1.33  0 92 22 4824 18 69143 11256 1.7 9 6 2 3 16% 22356 4041 33%
c 2  1.34  0 92 22 4824 18 69143 11256 1.7 9 6 2 3 16% 22352 4041 33%
c u  1.34  0 92 22 4824 18 69143 10760 1.7 9 6 2 3 16% 22342 4041 33%
c v  1.34  0 92 22 4824 18 69143 10612 1.7 9 6 2 3 16% 22342 4041 33%
c t  1.34  0 92 22 4824 18 69143 10611 1.7 9 6 2 3 16% 22342 4041 33%
c e  1.42  0 89 22 5652 17 74307 15244 1.7 9 6 1 2 16% 22338 4037 33%
c s  1.42  0 89 22 5652 17 74307 15242 1.7 9 6 1 2 16% 22338 4037 33%
c -  1.45  0 88 23 5936 18 75717 10249 1.7 9 6 1 2 16% 22338 4037 33%
c c  1.46  0 88 23 5936 18 75717 10208 1.7 9 6 1 2 16% 22322 4034 33%
c 
c  seconds  reductions   conflicts        size tier2      variables
c         MB     restarts      redundant    glue  trail        remaining
c          level       rate         size/glu tier1  irredundant
c 
c =  1.47  0 88 23 5936 18 75717 10200 1.7 9 6 1 2 16% 22318 4031 33%
c 2  1.47  0 88 23 5936 18 75717 10198 1.7 9 6 1 2 16% 22318 4031 33%
c f  1.47  0 88 23 5936 18 75717 10196 1.7 9 6 1 2 16% 22317 4034 33%
c B  1.51  0 87 23 6338 17 78023 12305 1.7 10 6 1 2 17% 22317 4034 33%
c }  1.55  0 87 23 6762 17 80624 14639 1.7 10 6 1 2 17% 22317 4034 33%
c [  1.55  0 169 23 6762  2 80624 14639 1.9 42 22 2 4 36% 22317 4034 33%
c -  1.58  0 169 24 6763  2 82596 11055 1.9 42 22 2 4 37% 22317 4034 33%
c p  1.58  0 169 24 6763  2 82596 11159 1.9 42 22 2 4 37% 22317 4033 33%
c c  1.58  0 169 24 6763  2 82596 11159 1.9 42 22 2 4 37% 22311 4033 33%
c d  1.58  0 169 24 6763  2 82596 11153 1.9 42 22 2 4 37% 22309 4032 33%
c 2  1.58  0 169 24 6763  2 82596 11153 1.9 42 22 2 4 37% 22307 4032 33%
c u  1.59  0 169 24 6763  2 82596 10477 1.9 42 22 2 4 37% 22307 4032 33%
c v  1.59  0 169 24 6763  2 82596 10304 1.9 42 22 2 4 37% 22307 4032 33%
c w  1.59  0 169 24 6763  2 82596 10304 1.9 42 22 2 4 37% 22307 4032 33%
c t  1.59  0 169 24 6763  2 82596 10303 1.9 42 22 2 4 37% 22307 4032 33%
c f  1.59  0 169 24 6763  2 82596 10238 1.9 42 22 2 4 36% 22339 4062 33%
c -  1.70  0 165 25 6766  2 89780 10691 1.9 42 22 2 4 36% 22339 4062 33%
c p  1.70  0 165 25 6766  2 89780 10776 1.9 42 22 2 4 36% 22339 4062 33%
c =  1.71  0 165 25 6766  2 89780 10776 1.9 42 22 2 4 36% 22338 4061 33%
c f  1.72  0 165 25 6766  2 89780 10770 1.9 42 22 2 4 36% 22341 4064 33%
c 
c  seconds   reductions   conflicts        size   tier2      variables
c         MB      restarts      redundant     glue   trail        remaining
c           level       rate         size/glue  tier1  irredundant
c 
c W  1.75  0 164 25 6767  2 91024 11880 1.9 42 22 2 4 35% 22341 4064 33%
c -  1.85  0 165 26 6770  2 97270 10592 1.9 43 22 2 4 36% 22341 4064 33%
c p  1.85  0 165 26 6770  2 97270 10730 1.9 43 22 2 4 36% 22341 4061 33%
c =  1.86  0 165 26 6770  2 97270 10689 1.9 43 22 2 4 36% 22333 4040 33%
c f  1.86  0 165 26 6770  2 97270 10667 1.9 43 22 2 4 36% 22344 4051 33%
c ]  1.92  0 166 26 6771  2 101085 14272 1.9 43 22 2 4 36% 22344 4051 33%
c {  1.92  0 87 26 6771 17 101085 14272 1.7 10 6 1 2 17% 22344 4051 33%
c e  1.97  0 85 26 7123 17 103925 16832 1.7 10 6 1 2 16% 22341 4044 33%
c s  1.97  0 85 26 7123 17 103925 16828 1.7 10 6 1 2 16% 22340 4044 33%
c e  1.97  0 85 26 7123 17 103925 16827 1.7 10 6 1 2 16% 22339 4043 33%
c W  1.99  0 85 26 7291 17 105026 17828 1.7 10 6 1 2 16% 22339 4043 33%
c -  2.00  0 85 27 7301 17 105067 11491 1.7 10 6 1 2 16% 22339 4043 33%
c 2  2.00  0 85 27 7301 17 105067 11490 1.7 10 6 1 2 16% 22339 4043 33%
c p  2.00  0 85 27 7301 17 105067 11514 1.7 10 6 1 2 16% 22339 4043 33%
c =  2.01  0 85 27 7301 17 105067 11507 1.7 10 6 1 2 16% 22331 4034 33%
c u  2.02  0 85 27 7301 17 105067 10968 1.7 10 6 1 2 16% 22331 4034 33%
c v  2.02  0 85 27 7301 17 105067 10849 1.7 10 6 1 2 16% 22331 4034 33%
c w  2.02  0 85 27 7301 17 105067 10848 1.7 10 6 1 2 16% 22331 4034 33%
c x  2.02  0 85 27 7301 17 105067 10839 1.7 10 6 1 2 16% 22198 4034 33%
c t  2.02  0 85 27 7301 17 105067 10839 1.7 10 6 1 2 16% 22197 4034 33%
c 
c  seconds  reductions   conflicts         size  tier2      variables
c         MB     restarts       redundant     glue  trail        remaining
c          level       rate          size/glue tier1  irredundant
c 
c f  2.03  0 85 27 7301 17 105067 10839 1.7 10 6 1 2 16% 22195 4036 33%
c -  2.13  0 82 28 8254 16 113170 12376 1.7 10 6 1 2 16% 22195 4036 33%
c p  2.13  0 82 28 8254 16 113170 12525 1.7 10 6 1 2 16% 22195 4036 33%
c f  2.15  0 82 28 8254 16 113170 12506 1.7 10 6 1 2 16% 22208 4041 33%
c }  2.21  0 81 28 8985 16 116921 15929 1.7 10 6 1 2 16% 22208 4041 33%
c [  2.21  0 166 28 8985  2 116921 15929 1.9 43 22 2 4 36% 22208 4041 33%
c I  2.25  0 164 28 8985  2 120027 18858 1.9 43 22 2 4 37% 22208 4041 33%
c -  2.28  0 163 29 8985  2 121580 13403 1.9 43 22 2 4 36% 22208 4041 33%
c p  2.28  0 163 29 8985  2 121580 13513 1.9 43 22 2 4 36% 22208 4041 33%
c u  2.28  0 163 29 8985  2 121580 13034 1.9 43 22 2 4 36% 22065 4041 33%
c v  2.28  0 163 29 8985  2 121580 12776 1.9 43 22 2 4 36% 22065 4041 33%
c w  2.28  0 163 29 8985  2 121580 12775 1.9 43 22 2 4 36% 22065 4041 33%
c f  2.29  0 163 29 8985  2 121580 12770 1.9 43 22 2 4 36% 22068 4043 33%
c -  2.45  0 166 30 8986  2 130297 13049 2.0 46 23 2 4 38% 22068 4043 33%
c p  2.46  0 166 30 8986  2 130297 13129 2.0 46 23 2 4 38% 22060 4042 33%
c c  2.46  0 166 30 8986  2 130297 13129 2.0 46 23 2 4 38% 22056 4042 33%
c d  2.46  0 166 30 8986  2 130297 13128 2.0 46 23 2 4 38% 22054 4041 33%
c 2  2.46  0 166 30 8986  2 130297 13128 2.0 46 23 2 4 38% 22052 4041 33%
c =  2.47  0 166 30 8986  2 130297 13124 2.0 46 23 2 4 38% 22048 4035 33%
c 2  2.48  0 166 30 8986  2 130297 13123 2.0 46 23 2 4 38% 22048 4035 33%
c 
c  seconds   reductions   conflicts         size   tier2      variables
c         MB      restarts       redundant     glue   trail        remaining
c           level       rate          size/glue  tier1  irredundant
c 
c f  2.48  0 166 30 8986  2 130297 13119 2.0 46 23 2 4 38% 22051 4036 33%
c B  2.56  0 162 30 8986  2 136028 18288 2.0 45 22 2 4 38% 22051 4036 33%
c e  2.60  0 163 30 8986  2 138450 19435 2.0 44 22 2 4 38% 22046 4029 33%
c s  2.60  0 163 30 8986  2 138450 19432 2.0 44 22 2 4 38% 22045 4029 33%
c -  2.61  0 163 31 8986  2 139321 12866 2.0 44 22 2 4 38% 22045 4029 33%
c 2  2.61  0 163 31 8986  2 139321 12865 2.0 44 22 2 4 38% 22045 4029 33%
c p  2.61  0 163 31 8986  2 139321 12916 2.0 44 22 2 4 38% 22045 4029 33%
c u  2.63  0 163 31 8986  2 139321 12584 2.0 44 22 2 4 38% 22045 4029 33%
c v  2.63  0 163 31 8986  2 139321 12573 2.0 44 22 2 4 38% 22045 4029 33%
c w  2.63  0 163 31 8986  2 139321 12570 2.0 44 22 2 4 38% 22045 4029 33%
c x  2.63  0 163 31 8986  2 139321 12570 2.0 44 22 2 4 38% 21977 4029 33%
c f  2.63  0 163 31 8986  2 139321 12567 2.0 44 22 2 4 38% 21976 4033 33%
c ]  2.67  0 163 31 8988  2 141993 15077 2.0 44 22 2 4 38% 21976 4033 33%
c {  2.67  0 81 31 8988 16 141993 15077 1.7 10 6 1 2 16% 21976 4033 33%
c -  2.79  0 81 32 10019 16 148652 14110 1.7 10 6 1 2 17% 21976 4033 33%
c p  2.79  0 81 32 10019 16 148652 14112 1.7 10 6 1 2 17% 21976 4033 33%
c t  2.79  0 81 32 10019 16 148652 14111 1.7 10 6 1 2 17% 21976 4033 33%
c #  2.85  0 79 32 10369 15 153032 18006 1.7 11 6 1 2 16% 21976 4033 33%
c -  2.94  0 78 33 11037 15 158292 15545 1.7 11 6 1 2 16% 21976 4033 33%
c p  2.94  0 78 33 11037 15 158292 15692 1.7 11 6 1 2 16% 21976 4033 33%
c 
c  seconds  reductions    conflicts         size  tier2      variables
c         MB      restarts       redundant     glue  trail        remaining
c          level        rate          size/glue tier1  irredundant
c 
c =  2.95  0 78 33 11037 15 158292 15690 1.7 11 6 1 2 16% 21975 4030 33%
c u  2.96  0 78 33 11037 15 158292 15024 1.7 11 6 1 2 16% 21957 4030 33%
c v  2.96  0 78 33 11037 15 158292 14693 1.7 11 6 1 2 16% 21957 4030 33%
c t  2.96  0 78 33 11037 15 158292 14691 1.7 11 6 1 2 16% 21957 4030 33%
c f  2.96  0 78 33 11037 15 158292 14685 1.7 11 6 1 2 16% 21961 4032 33%
c }  3.00  0 78 33 11387 15 161107 17168 1.7 11 6 1 2 16% 21961 4032 33%
c [  3.00  0 163 33 11387  2 161107 17168 2.0 44 22 2 4 38% 21961 4032 33%
c -  3.12  0 162 34 11391  2 168238 15877 2.0 44 22 2 4 38% 21961 4032 33%
c p  3.12  0 162 34 11391  2 168238 15898 2.0 44 22 2 4 38% 21961 4032 33%
c W  3.21  0 162 34 11392  2 171035 18593 2.0 44 22 2 4 38% 21961 4032 33%
c e  3.38  0 163 34 11396  1 177684 24856 2.0 47 23 2 4 39% 21959 4027 33%
c s  3.39  0 163 34 11396  1 177684 24856 2.0 47 23 2 4 39% 21958 4027 33%
c -  3.41  0 163 35 11397  1 178492 15986 2.0 47 23 2 4 39% 21958 4027 33%
c p  3.41  0 163 35 11397  1 178492 16123 2.0 47 23 2 4 39% 21958 4026 33%
c u  3.42  0 163 35 11397  1 178492 15523 2.0 47 23 2 4 39% 21958 4026 33%
c v  3.42  0 163 35 11397  1 178492 15376 2.0 47 23 2 4 39% 21958 4026 33%
c w  3.42  0 163 35 11397  1 178492 15376 2.0 47 23 2 4 39% 21958 4026 33%
c f  3.42  0 163 35 11397  1 178492 15376 2.0 47 23 2 4 39% 21957 4027 33%
c ]  3.55  0 162 35 11400  1 185866 22158 2.0 47 23 2 4 39% 21957 4027 33%
c {  3.55  0 78 35 11400 15 185866 22158 1.7 11 6 1 2 16% 21957 4027 33%
c 
c  seconds  reductions    conflicts         size  tier2      variables
c         MB      restarts       redundant     glue  trail        remaining
c          level        rate          size/glue tier1  irredundant
c 
c -  3.61  0 77 36 11876 15 189054 15794 1.7 11 6 1 2 16% 21955 4027 33%
c =  3.63  0 77 36 11876 15 189054 15764 1.7 11 6 1 2 16% 21708 3981 32%
c B  3.65  0 78 36 12049 15 190037 16663 1.7 11 6 1 2 17% 21708 3981 32%
c -  3.84  0 78 37 13568 15 199924 17502 1.7 11 6 1 2 17% 21708 3981 32%
c p  3.84  0 78 37 13568 15 199924 17632 1.7 11 6 1 2 17% 21708 3981 32%
c u  3.87  0 78 37 13568 15 199924 17170 1.7 11 6 1 2 17% 21704 3981 32%
c v  3.87  0 78 37 13568 15 199924 16907 1.7 11 6 1 2 17% 21704 3981 32%
c x  3.88  0 78 37 13568 15 199924 16899 1.7 11 6 1 2 17% 21645 3981 32%
c f  3.88  0 78 37 13568 15 199924 16892 1.7 11 6 1 2 17% 21635 3997 33%
c }  3.97  0 77 37 14285 15 205373 21861 1.7 11 7 1 2 17% 21635 3997 33%
c [  3.97  0 162 37 14285  1 205373 21861 2.0 47 23 2 4 39% 21635 3997 33%
c O  4.04  0 159 37 14285  1 210038 26336 2.0 47 23 2 4 39% 21635 3997 33%
c -  4.05  0 159 38 14285  1 211104 18115 2.0 46 23 2 4 39% 21635 3997 33%
c t  4.23  0 158 38 14292  1 221730 28098 2.0 46 23 2 4 38% 21635 3997 33%
c e  4.24  0 158 38 14292  1 221730 24739 2.0 46 23 2 4 38% 20185 3754 31%
c ^  4.24  0 158 38 14292  1 221730 24739 2.0 46 23 2 4 38% 20185 3754 31%
c -  4.25  0 157 39 14292  1 222591 17377 2.0 45 23 2 4 37% 20185 3754 31%
c p  4.25  0 157 39 14292  1 222591 17435 2.0 45 23 2 4 37% 20185 3754 31%
c u  4.27  0 157 39 14292  1 222591 16983 2.0 45 23 2 4 37% 20123 3754 31%
c v  4.27  0 157 39 14292  1 222591 16981 2.0 45 23 2 4 37% 20123 3754 31%
c 
c  seconds   reductions    conflicts         size   tier2      variables
c         MB       restarts       redundant     glue   trail        remaining
c           level        rate          size/glue  tier1  irredundant
c 
c w  4.27  0 157 39 14292  1 222591 16981 2.0 45 23 2 4 37% 20123 3754 31%
c t  4.27  0 157 39 14292  1 222591 16981 2.0 45 23 2 4 37% 20122 3754 31%
c B  4.44  0 159 39 14296  1 231040 24961 2.0 47 23 2 4 38% 20122 3754 31%
c -  4.53  0 159 40 14298  1 234385 17488 2.0 48 24 2 4 38% 20122 3754 31%
c p  4.53  0 159 40 14298  1 234385 17548 2.0 48 24 2 4 38% 20122 3754 31%
c ]  4.60  0 159 40 14300  1 239773 22638 2.0 47 23 2 4 39% 20122 3754 31%
c {  4.60  0 77 40 14300 15 239773 22638 1.7 11 7 1 2 17% 20122 3754 31%
c -  4.73  0 77 41 15239 15 246489 18788 1.7 11 7 1 2 17% 20122 3754 31%
c p  4.74  0 77 41 15239 15 246489 18844 1.7 11 7 1 2 17% 20122 3754 31%
c u  4.74  0 77 41 15239 15 246489 18312 1.7 11 7 1 2 17% 20122 3754 31%
c v  4.75  0 77 41 15239 15 246489 18081 1.7 11 7 1 2 17% 20122 3754 31%
c W  4.89  0 77 41 16164 15 253042 24065 1.7 12 7 1 2 17% 20122 3754 31%
c -  5.03  0 77 42 17230 15 258900 19853 1.7 12 7 1 2 17% 20122 3754 31%
c p  5.04  0 77 42 17230 15 258900 19962 1.7 12 7 1 2 17% 20122 3754 31%
c u  5.07  0 77 42 17230 15 258900 19677 1.7 12 7 1 2 17% 20122 3754 31%
c v  5.07  0 77 42 17230 15 258900 19431 1.7 12 7 1 2 17% 20122 3754 31%
c w  5.07  0 77 42 17230 15 258900 19431 1.7 12 7 1 2 17% 20122 3754 31%
c t  5.07  0 77 42 17230 15 258900 19430 1.7 12 7 1 2 17% 20122 3754 31%
c }  5.12  0 77 42 17611 15 261374 21686 1.7 12 7 1 2 17% 20122 3754 31%
c [  5.12  0 159 42 17611  1 261374 21686 2.0 47 23 2 4 39% 20122 3754 31%
c 
c  seconds   reductions    conflicts         size   tier2      variables
c         MB       restarts       redundant     glue   trail        remaining
c           level        rate          size/glue  tier1  irredundant
c 
c e  5.30  0 155 42 17612  1 270266 21191 2.1 49 23 1 2 39% 20311 3554 29%
c ^  5.30  0 155 42 17612  1 270266 21191 2.1 49 23 1 2 39% 20311 3554 29%
c -  5.33  0 155 43 17612  1 271621 16399 2.1 48 23 1 2 59% 20311 3554 29%
c 2  5.33  0 155 43 17612  1 271621 16398 2.1 48 23 1 2 59% 20311 3554 29%
c p  5.33  0 155 43 17612  1 271621 16468 2.1 48 23 1 2 59% 20311 3554 29%
c u  5.34  0 155 43 17612  1 271621 16188 2.1 48 23 1 2 59% 20311 3554 29%
c v  5.34  0 155 43 17612  1 271621 16178 2.1 48 23 1 2 59% 20311 3554 29%
c w  5.34  0 155 43 17612  1 271621 16178 2.1 48 23 1 2 59% 20311 3554 29%
c x  5.34  0 155 43 17612  1 271621 16178 2.1 48 23 1 2 59% 20286 3554 29%
c t  5.34  0 155 43 17612  1 271621 16178 2.1 48 23 1 2 59% 20283 3554 29%
c W  5.45  0 156 43 17612  1 276043 20400 2.1 49 23 1 2 52% 20283 3554 29%
c -  5.64  0 156 44 17612  1 284650 16950 2.1 52 25 1 2 50% 20283 3554 29%
c p  5.64  0 156 44 17612  1 284650 16981 2.1 52 25 1 2 50% 20283 3554 29%
c u  5.65  0 156 44 17612  1 284650 16718 2.1 52 25 1 2 50% 20283 3554 29%
c v  5.66  0 156 44 17612  1 284650 16539 2.1 52 25 1 2 50% 20283 3554 29%
c w  5.66  0 156 44 17612  1 284650 16537 2.1 52 25 1 2 50% 20283 3554 29%
c ]  5.91  0 159 44 17613  1 295551 26791 2.1 53 25 1 2 50% 20283 3554 29%
c {  5.91  0 77 44 17613 15 295551 26791 1.7 12 7 1 2 20% 20283 3554 29%
c -  5.95  0 78 45 17848 15 297989 17409 1.7 12 7 1 2 20% 20283 3554 29%
c p  5.95  0 78 45 17848 15 297989 17499 1.7 12 7 1 2 20% 20283 3554 29%
c 
c  seconds  reductions    conflicts         size  tier2      variables
c         MB      restarts       redundant     glue  trail        remaining
c          level        rate          size/glue tier1  irredundant
c 
c u  5.95  0 78 45 17848 15 297989 17257 1.7 12 7 1 2 20% 20283 3554 29%
c v  5.96  0 78 45 17848 15 297989 17094 1.7 12 7 1 2 20% 20283 3554 29%
c F  5.99  0 78 45 18072 15 300046 18961 1.7 12 7 1 2 20% 20283 3554 29%
c -  6.20  0 77 46 19429 14 311636 19566 1.7 12 7 1 2 20% 20283 3554 29%
c p  6.20  0 77 46 19429 14 311636 19625 1.7 12 7 1 2 20% 20283 3554 29%
c u  6.22  0 77 46 19429 14 311636 19320 1.7 12 7 1 2 20% 20283 3554 29%
c v  6.22  0 77 46 19429 14 311636 19156 1.7 12 7 1 2 20% 20283 3554 29%
c w  6.22  0 77 46 19429 14 311636 19156 1.7 12 7 1 2 20% 20283 3554 29%
c B  6.48  0 77 46 21275 14 325048 31319 1.8 12 7 1 2 20% 20283 3554 29%
c }  6.48  0 77 46 21298 14 325131 31398 1.8 12 7 1 2 20% 20283 3554 29%
c [  6.48  0 159 46 21298  1 325131 31398 2.1 53 25 1 2 50% 20283 3554 29%
c -  6.49  0 158 47 21298  1 325592 21285 2.1 53 25 1 2 50% 20283 3554 29%
c p  6.49  0 158 47 21298  1 325592 21364 2.1 53 25 1 2 50% 20283 3554 29%
c u  6.50  0 158 47 21298  1 325592 20902 2.1 53 25 1 2 50% 20283 3554 29%
c v  6.50  0 158 47 21298  1 325592 20716 2.1 53 25 1 2 50% 20283 3554 29%
c w  6.50  0 158 47 21298  1 325592 20716 2.1 53 25 1 2 50% 20283 3554 29%
c t  6.50  0 158 47 21298  1 325592 20715 2.1 53 25 1 2 50% 20283 3554 29%
c e  6.52  0 158 47 21298  1 325592 18115 2.1 53 25 1 2 50% 20506 3432 28%
c s  6.52  0 158 47 21298  1 325592 18046 2.1 53 25 1 2 50% 20478 3432 28%
c e  6.52  0 158 47 21298  1 325592 17998 2.1 53 25 1 2 50% 20476 3427 28%
c 
c  seconds   reductions    conflicts         size   tier2      variables
c         MB       restarts       redundant     glue   trail        remaining
c           level        rate          size/glue  tier1  irredundant
c 
c -  6.84  0 162 48 21298  1 339858 19614 2.2 54 24 1 2 51% 20476 3427 28%
c 2  6.84  0 162 48 21298  1 339858 19610 2.2 54 24 1 2 51% 20476 3427 28%
c p  6.85  0 162 48 21298  1 339858 19669 2.2 54 24 1 2 51% 20476 3427 28%
c u  6.85  0 162 48 21298  1 339858 19578 2.2 54 24 1 2 51% 20476 3427 28%
c v  6.85  0 162 48 21298  1 339858 19483 2.2 54 24 1 2 51% 20476 3427 28%
c w  6.85  0 162 48 21298  1 339858 19482 2.2 54 24 1 2 51% 20476 3427 28%
c x  6.85  0 162 48 21298  1 339858 19482 2.2 54 24 1 2 51% 20472 3427 28%
c t  6.85  0 162 48 21298  1 339858 19481 2.2 54 24 1 2 51% 20472 3427 28%
c f  6.86  0 162 48 21298  1 339858 19466 2.2 54 24 1 2 51% 20436 3442 28%
c I  7.02  0 162 48 21300  1 351049 29674 2.2 54 24 1 2 50% 20436 3442 28%
c -  7.07  0 161 49 21302  1 354433 19337 2.2 53 24 1 2 49% 20436 3442 28%
c p  7.07  0 161 49 21302  1 354433 19340 2.2 53 24 1 2 49% 20436 3442 28%
c f  7.07  0 161 49 21302  1 354433 19338 2.2 53 24 1 2 49% 20435 3443 28%
c -  7.35  0 161 50 21311  1 369317 20101 2.2 54 24 1 2 46% 20435 3443 28%
c p  7.35  0 161 50 21311  1 369317 20135 2.2 54 24 1 2 46% 20435 3443 28%
c u  7.36  0 161 50 21311  1 369317 19818 2.2 54 24 1 2 46% 20435 3443 28%
c v  7.36  0 161 50 21311  1 369317 19578 2.2 54 24 1 2 46% 20435 3443 28%
c w  7.36  0 161 50 21311  1 369317 19577 2.2 54 24 1 2 46% 20435 3443 28%
c f  7.37  0 161 50 21311  1 369317 19576 2.2 54 24 1 2 46% 20433 3444 28%
c ]  7.44  0 162 50 21312  1 372288 22397 2.2 55 25 1 2 47% 20433 3444 28%
c 
c  seconds  reductions    conflicts         size  tier2      variables
c         MB      restarts       redundant     glue  trail        remaining
c          level        rate          size/glue tier1  irredundant
c 
c {  7.44  0 77 50 21312 14 372288 22397 1.8 12 7 1 2 20% 20433 3444 28%
c W  7.57  0 77 50 22016 14 378050 27620 1.7 12 7 1 2 20% 20433 3444 28%
c -  7.69  0 76 51 22809 14 384510 21791 1.8 12 7 1 2 20% 20433 3444 28%
c p  7.69  0 76 51 22809 14 384510 21820 1.8 12 7 1 2 20% 20433 3444 28%
c u  7.72  0 76 51 22809 14 384510 21557 1.8 12 7 1 2 20% 20433 3444 28%
c v  7.72  0 76 51 22809 14 384510 21370 1.8 12 7 1 2 20% 20433 3444 28%
c w  7.72  0 76 51 22809 14 384510 21370 1.8 12 7 1 2 20% 20433 3444 28%
c ^  7.78  0 76 51 23192 14 387486 24055 1.8 12 7 1 2 19% 20433 3444 28%
c -  8.04  0 77 52 25060 14 400012 23370 1.7 12 7 1 2 19% 20433 3444 28%
c p  8.04  0 77 52 25060 14 400012 23396 1.7 12 7 1 2 19% 20433 3444 28%
c u  8.05  0 77 52 25060 14 400012 23097 1.7 12 7 1 2 19% 20433 3444 28%
c v  8.05  0 77 52 25060 14 400012 22846 1.7 12 7 1 2 19% 20433 3444 28%
c }  8.14  0 77 52 25713 14 404719 27146 1.7 13 7 1 2 19% 20433 3444 28%
c [  8.14  0 162 52 25713  1 404719 27146 2.2 55 25 1 2 47% 20433 3444 28%
c B  8.16  0 161 52 25713  1 406051 28432 2.2 54 25 1 2 47% 20433 3444 28%
c -  8.33  0 162 53 25715  1 415823 23971 2.2 54 25 1 2 47% 20433 3444 28%
c p  8.33  0 162 53 25715  1 415823 23995 2.2 54 25 1 2 47% 20433 3444 28%
c u  8.34  0 162 53 25715  1 415823 23690 2.2 54 25 1 2 47% 20433 3444 28%
c v  8.34  0 162 53 25715  1 415823 23477 2.2 54 25 1 2 47% 20433 3444 28%
c w  8.34  0 162 53 25715  1 415823 23477 2.2 54 25 1 2 47% 20433 3444 28%
c 
c  seconds   reductions    conflicts         size   tier2      variables
c         MB       restarts       redundant     glue   trail        remaining
c           level        rate          size/glue  tier1  irredundant
c 
c -  8.47  0 150 54 25724  1 431945 23745 2.2 49 22 1 2 40% 20433 3444 28%
c t  8.47  0 150 54 25724  1 431945 23744 2.2 49 22 1 2 40% 20433 3444 28%
c W  8.52  0 147 54 25726  1 435052 26264 2.2 48 22 1 2 39% 20433 3444 28%
c -  8.65  0 148 55 25729  1 448376 23095 2.2 45 21 1 2 37% 20433 3444 28%
c e  8.71  0 146 55 25730  1 454276 21472 2.2 44 20 1 2 36% 21282 3166 26%
c s  8.71  0 146 55 25730  1 454276 21328 2.2 44 20 1 2 36% 21201 3166 26%
c e  8.71  0 146 55 25730  1 454276 20591 2.2 44 20 1 2 36% 21243 3126 26%
c O  8.83  0 148 55 25730  1 465053 30390 2.2 42 20 1 2 51% 21243 3126 26%
c -  8.84  0 148 56 25730  1 465116 19199 2.2 42 20 1 2 51% 21243 3126 26%
c 2  8.84  0 148 56 25730  1 465116 19188 2.2 42 20 1 2 51% 21243 3126 26%
c p  8.84  0 148 56 25730  1 465116 19190 2.2 42 20 1 2 51% 21243 3126 26%
c u  8.84  0 148 56 25730  1 465116 18803 2.2 42 20 1 2 51% 21243 3126 26%
c v  8.84  0 148 56 25730  1 465116 18800 2.2 42 20 1 2 51% 21243 3126 26%
c w  8.84  0 148 56 25730  1 465116 18800 2.2 42 20 1 2 51% 21243 3126 26%
c t  8.84  0 148 56 25730  1 465116 18800 2.2 42 20 1 2 51% 21242 3126 26%
c f  8.85  0 148 56 25730  1 465116 18800 2.2 42 20 1 2 51% 21177 3139 26%
c -  9.01  0 149 57 25739  1 482168 20478 2.1 40 19 1 2 37% 21177 3139 26%
c p  9.01  0 149 57 25739  1 482168 20530 2.1 40 19 1 2 37% 21177 3139 26%
c f  9.03  0 149 57 25739  1 482168 20525 2.1 40 19 1 2 37% 21112 3152 26%
c B  9.14  0 149 57 25745  1 496055 32917 2.1 38 18 1 2 33% 21112 3152 26%
c 
c  seconds   reductions    conflicts         size   tier2      variables
c         MB       restarts       redundant     glue   trail        remaining
c           level        rate          size/glue  tier1  irredundant
c 
c -  9.17  0 148 58 25745  1 499527 21703 2.1 37 18 1 2 31% 21112 3152 26%
c ]  9.26  0 148 58 25751  1 510579 31029 2.0 35 17 1 2 30% 21112 3152 26%
c {  9.26  0 77 58 25751 14 510579 31029 1.7 13 7 1 2 22% 21112 3152 26%
c -  9.37  0 77 59 26457 14 517198 23759 1.7 13 7 1 2 22% 21112 3152 26%
c p  9.37  0 77 59 26457 14 517198 23761 1.7 13 7 1 2 22% 21112 3152 26%
c u  9.37  0 77 59 26457 14 517198 23507 1.7 13 7 1 2 22% 21112 3152 26%
c v  9.37  0 77 59 26457 14 517198 23308 1.7 13 7 1 2 22% 21112 3152 26%
c #  9.57  0 77 59 27767 14 528058 33164 1.8 13 7 1 2 21% 21112 3152 26%
c e  9.65  0 77 59 28267 14 531685 36394 1.8 13 7 1 2 21% 21118 3148 26%
c s  9.65  0 77 59 28267 14 531685 36391 1.8 13 7 1 2 21% 21116 3148 26%
c -  9.74  0 77 60 28743 14 535177 25704 1.8 13 7 1 2 21% 21115 3148 26%
c 2  9.74  0 77 60 28743 14 535177 25703 1.8 13 7 1 2 21% 21115 3148 26%
c p  9.74  0 77 60 28743 14 535177 25750 1.8 13 7 1 2 21% 21115 3148 26%
c u  9.75  0 77 60 28743 14 535177 25235 1.8 13 7 1 2 21% 21115 3148 26%
c v  9.75  0 77 60 28743 14 535177 24869 1.8 13 7 1 2 21% 21115 3148 26%
c w  9.75  0 77 60 28743 14 535177 24869 1.8 13 7 1 2 21% 21115 3148 26%
c } 10.03  0 76 60 30617 13 550943 39109 1.8 13 7 1 2 21% 21115 3148 26%
c [ 10.03  0 148 60 30617  1 550943 39109 2.0 35 17 1 2 30% 21115 3148 26%
c - 10.05  0 146 61 30618  1 553465 26834 2.0 35 17 1 2 30% 21115 3148 26%
c p 10.06  0 146 61 30618  1 553465 26869 2.0 35 17 1 2 30% 21115 3148 26%
c 
c  seconds   reductions    conflicts         size   tier2      variables
c         MB       restarts       redundant     glue   trail        remaining
c           level        rate          size/glue  tier1  irredundant
c 
c u 10.06  0 146 61 30618  1 553465 26633 2.0 35 17 1 2 30% 21115 3148 26%
c v 10.07  0 146 61 30618  1 553465 26349 2.0 35 17 1 2 30% 21115 3148 26%
c w 10.07  0 146 61 30618  1 553465 26348 2.0 35 17 1 2 30% 21115 3148 26%
c W 10.16  0 144 61 30622  1 561059 33070 2.0 34 16 1 2 29% 21115 3148 26%
c - 10.25  0 144 62 30626  1 572064 27991 2.0 32 16 1 2 28% 21115 3148 26%
c p 10.25  0 144 62 30626  1 572064 28005 2.0 32 16 1 2 28% 21115 3148 26%
c - 10.49  0 142 63 30627  1 590974 26669 1.9 33 17 1 2 26% 21115 3148 26%
c p 10.49  0 142 63 30627  1 590974 26692 1.9 33 17 1 2 26% 21115 3148 26%
c u 10.50  0 142 63 30627  1 590974 26351 1.9 33 17 1 2 26% 21115 3148 26%
c v 10.50  0 142 63 30627  1 590974 26346 1.9 33 17 1 2 26% 21115 3148 26%
c w 10.50  0 142 63 30627  1 590974 26346 1.9 33 17 1 2 26% 21115 3148 26%
c t 10.50  0 142 63 30627  1 590974 26345 1.9 33 17 1 2 26% 21115 3148 26%
c I 10.54  0 142 63 30628  1 595061 29929 1.9 33 17 1 2 26% 21115 3148 26%
c - 10.78  0 140 64 30628  1 610197 26131 2.0 34 17 1 2 28% 21115 3148 26%
c p 10.78  0 140 64 30628  1 610197 26162 2.0 34 17 1 2 28% 21115 3148 26%
c ^ 10.84  0 139 64 30628  1 614061 29359 2.0 34 17 1 2 28% 21115 3148 26%
c - 11.02  0 132 65 30629  1 629725 26631 2.0 33 17 1 2 26% 21115 3148 26%
c u 11.04  0 132 65 30629  1 629725 26454 2.0 33 17 1 2 26% 21115 3148 26%
c v 11.04  0 132 65 30629  1 629725 26450 2.0 33 17 1 2 26% 21115 3148 26%
c w 11.04  0 132 65 30629  1 629725 26449 2.0 33 17 1 2 26% 21115 3148 26%
c 
c  seconds   reductions    conflicts         size   tier2      variables
c         MB       restarts       redundant     glue   trail        remaining
c           level        rate          size/glue  tier1  irredundant
c 
c B 11.05  0 132 65 30629  1 630062 26762 2.0 33 17 1 2 26% 21115 3148 26%
c ] 11.29  0 133 65 30629  1 643112 38979 2.1 38 18 1 2 29% 21115 3148 26%
c { 11.29  0 76 65 30629 13 643112 38979 1.8 13 7 1 2 21% 21115 3148 26%
c - 11.43  0 76 66 31687 14 649563 28053 1.8 13 7 1 2 21% 21115 3148 26%
c p 11.44  0 76 66 31687 14 649563 28081 1.8 13 7 1 2 21% 21115 3148 26%
c u 11.44  0 76 66 31687 14 649563 27822 1.8 13 7 1 2 21% 21115 3148 26%
c v 11.45  0 76 66 31687 14 649563 27700 1.8 13 7 1 2 21% 21115 3148 26%
c B 11.77  0 76 66 33899 14 666063 42752 1.8 13 8 1 2 20% 21115 3148 26%
c - 11.87  0 76 67 34417 14 669711 29839 1.8 13 8 1 2 20% 21115 3148 26%
c p 11.87  0 76 67 34417 14 669711 29865 1.8 13 8 1 2 20% 21115 3148 26%
c u 11.88  0 76 67 34417 14 669711 29610 1.8 13 8 1 2 20% 21115 3148 26%
c v 11.88  0 76 67 34417 14 669711 29185 1.8 13 8 1 2 20% 21115 3148 26%
c w 11.88  0 76 67 34417 14 669711 29184 1.8 13 8 1 2 20% 21115 3148 26%
c } 12.12  0 77 67 35956 14 680759 39276 1.8 14 8 1 2 20% 21115 3148 26%
c [ 12.12  0 133 67 35956  1 680759 39276 2.1 38 18 1 2 29% 21115 3148 26%
c - 12.47  0 134 68 35956  1 690169 31360 2.2 42 19 1 2 32% 21115 3148 26%
c p 12.47  0 134 68 35956  1 690169 31381 2.2 42 19 1 2 32% 21115 3148 26%
c u 12.48  0 134 68 35956  1 690169 31031 2.2 42 19 1 2 32% 21115 3148 26%
c v 12.48  0 134 68 35956  1 690169 30877 2.2 42 19 1 2 32% 21115 3148 26%
c w 12.48  0 134 68 35956  1 690169 30876 2.2 42 19 1 2 32% 21115 3148 26%
c 
c  seconds   reductions    conflicts         size   tier2      variables
c         MB       restarts       redundant     glue   trail        remaining
c           level        rate          size/glue  tier1  irredundant
c 
c e 12.76  0 136 68 35956  1 701926 27785 2.3 44 20 1 2 35% 23087 2859 23%
c ^ 12.76  0 136 68 35956  1 701926 27785 2.3 44 20 1 2 35% 23087 2859 23%
c W 12.84  0 135 68 35956  1 703065 28812 2.3 44 20 1 2 35% 23087 2859 23%
c - 12.94  0 135 69 35956  1 710938 25269 2.3 44 19 1 2 35% 23087 2859 23%
c 2 12.94  0 135 69 35956  1 710938 25264 2.3 44 19 1 2 35% 23087 2859 23%
c p 12.94  0 135 69 35956  1 710938 25299 2.3 44 19 1 2 35% 23087 2859 23%
c u 12.95  0 135 69 35956  1 710938 25174 2.3 44 19 1 2 35% 23087 2859 23%
c v 12.95  0 135 69 35956  1 710938 25125 2.3 44 19 1 2 35% 23087 2859 23%
c w 12.95  0 135 69 35956  1 710938 25125 2.3 44 19 1 2 35% 23087 2859 23%
c - 13.38  0 138 70 35956  1 732017 27060 2.2 47 21 1 2 37% 23087 2859 23%
c p 13.38  0 138 70 35956  1 732017 27089 2.2 47 21 1 2 37% 23087 2859 23%
c u 13.39  0 138 70 35956  1 732017 26922 2.2 47 21 1 2 37% 23087 2859 23%
c v 13.39  0 138 70 35956  1 732017 26782 2.2 47 21 1 2 37% 23087 2859 23%
c w 13.39  0 138 70 35956  1 732017 26781 2.2 47 21 1 2 37% 23087 2859 23%
c O 13.54  0 140 70 35962  1 741067 35278 2.2 47 21 1 2 37% 23087 2859 23%
c ] 13.58  0 139 70 35963  1 743335 37456 2.2 47 21 1 2 37% 23087 2859 23%
c { 13.58  0 77 70 35963 14 743335 37456 1.8 14 8 1 2 20% 23087 2859 23%
c - 13.77  0 77 71 37177 13 753406 29120 1.8 14 8 1 2 20% 23087 2859 23%
c p 13.77  0 77 71 37177 13 753406 29145 1.8 14 8 1 2 20% 23087 2859 23%
c u 13.77  0 77 71 37177 13 753406 28982 1.8 14 8 1 2 20% 23087 2859 23%
c 
c  seconds  reductions    conflicts         size  tier2      variables
c         MB      restarts       redundant     glue  trail        remaining
c          level        rate          size/glue tier1  irredundant
c 
c v 13.78  0 77 71 37177 13 753406 28773 1.8 14 8 1 2 20% 23087 2859 23%
c w 13.78  0 77 71 37177 13 753406 28773 1.8 14 8 1 2 20% 23087 2859 23%
c - 14.24  0 77 72 40136 13 775105 30999 1.8 14 8 1 2 19% 23086 2859 23%
c p 14.24  0 77 72 40136 13 775105 31020 1.8 14 8 1 2 19% 23086 2859 23%
c u 14.29  0 77 72 40136 13 775105 30336 1.8 14 8 1 2 19% 23086 2859 23%
c v 14.30  0 77 72 40136 13 775105 29918 1.8 14 8 1 2 19% 23086 2859 23%
c W 14.44  0 77 72 40937 14 780068 34461 1.8 14 8 1 2 19% 23085 2859 23%
c } 14.60  0 76 72 41632 13 789773 43248 1.8 14 8 1 2 19% 23085 2859 23%
c [ 14.60  0 139 72 41632  1 789773 43248 2.2 47 21 1 2 37% 23085 2859 23%
c - 14.74  0 140 73 41636  1 797116 32205 2.2 47 21 1 2 37% 23085 2859 23%
c p 14.74  0 140 73 41636  1 797116 32220 2.2 47 21 1 2 37% 23085 2859 23%
c u 14.75  0 140 73 41636  1 797116 32086 2.2 47 21 1 2 37% 23085 2859 23%
c v 14.76  0 140 73 41636  1 797116 31822 2.2 47 21 1 2 37% 23085 2859 23%
c w 14.76  0 140 73 41636  1 797116 31818 2.2 47 21 1 2 37% 23085 2859 23%
c e 14.96  0 141 73 41639  1 804385 20858 2.2 48 22 1 2 38% 27704 2490 20%
c s 14.97  0 141 73 41639  1 804385 20155 2.2 48 22 1 2 38% 26870 2490 20%
c e 14.98  0 141 73 41639  1 804385 19473 2.2 48 22 1 2 38% 27128 2465 20%
c - 15.12  0 138 74 41644  1 819437 20048 2.1 45 21 1 2 27% 27128 2465 20%
c 2 15.12  0 138 74 41644  1 819437 20047 2.1 45 21 1 2 27% 27128 2465 20%
c p 15.12  0 138 74 41644  1 819437 20061 2.1 45 21 1 2 27% 27128 2465 20%
c 
c  seconds   reductions    conflicts         size   tier2      variables
c         MB       restarts       redundant     glue   trail        remaining
c           level        rate          size/glue  tier1  irredundant
c 
c B 15.14  0 138 74 41645  1 820071 20642 2.1 45 21 1 2 27% 27128 2465 20%
c - 15.32  0 135 75 41655  1 842067 21756 2.1 41 19 1 2 24% 27128 2465 20%
c p 15.32  0 135 75 41655  1 842067 21771 2.1 41 19 1 2 24% 27128 2465 20%
c u 15.33  0 135 75 41655  1 842067 21361 2.1 41 19 1 2 24% 27128 2465 20%
c v 15.33  0 135 75 41655  1 842067 21163 2.1 41 19 1 2 24% 27128 2465 20%
c w 15.33  0 135 75 41655  1 842067 21160 2.1 41 19 1 2 24% 27128 2465 20%
c W 15.55  0 138 75 41656  1 861072 38180 2.0 39 19 1 2 26% 27128 2465 20%
c - 15.59  0 138 76 41656  1 865009 21735 2.0 38 19 1 2 26% 27128 2465 20%
c p 15.59  0 138 76 41656  1 865009 21737 2.0 38 19 1 2 26% 27128 2465 20%
c - 15.82  0 138 77 41670  1 888260 23241 2.0 36 18 1 2 27% 27128 2465 20%
c p 15.82  0 138 77 41670  1 888260 23255 2.0 36 18 1 2 27% 27128 2465 20%
c u 15.83  0 138 77 41670  1 888260 22849 2.0 36 18 1 2 27% 27128 2465 20%
c v 15.83  0 138 77 41670  1 888260 22635 2.0 36 18 1 2 27% 27128 2465 20%
c w 15.83  0 138 77 41670  1 888260 22634 2.0 36 18 1 2 27% 27128 2465 20%
c I 16.00  0 136 77 41674  1 903073 35935 2.0 35 18 1 2 26% 27128 2465 20%
c - 16.11  0 135 78 41678  1 911822 24619 2.0 35 18 1 2 27% 27128 2465 20%
c p 16.11  0 135 78 41678  1 911822 24629 2.0 35 18 1 2 27% 27128 2465 20%
c ] 16.25  0 136 78 41685  1 923700 35595 2.0 35 18 1 2 28% 27128 2465 20%
c { 16.25  0 76 78 41685 13 923700 35595 1.8 14 8 1 2 24% 27128 2465 20%
c s 16.35  0 76 78 42140 13 928950 39286 1.8 14 8 1 2 23% 26611 2465 20%
c 
c  seconds  reductions    conflicts         size  tier2      variables
c         MB      restarts       redundant     glue  trail        remaining
c          level        rate          size/glue tier1  irredundant
c 
c t 16.35  0 76 78 42140 13 928950 39286 1.8 14 8 1 2 23% 26609 2465 20%
c e 16.36  0 76 78 42140 13 928950 34932 1.8 14 8 1 2 23% 26881 2437 20%
c s 16.38  0 76 78 42140 13 928950 34630 1.8 14 8 1 2 23% 26788 2437 20%
c - 16.49  0 75 79 42673 13 935697 23579 1.8 14 8 1 2 23% 26788 2437 20%
c p 16.49  0 75 79 42673 13 935697 23588 1.8 14 8 1 2 23% 26788 2437 20%
c u 16.50  0 75 79 42673 13 935697 23179 1.8 14 8 1 2 23% 26788 2437 20%
c v 16.50  0 75 79 42673 13 935697 22926 1.8 14 8 1 2 23% 26788 2437 20%
c x 16.51  0 75 79 42673 13 935697 22926 1.8 14 8 1 2 23% 26776 2437 20%
c F 16.66  0 74 79 43650 12 946074 32263 1.8 14 8 1 2 22% 26776 2437 20%
c - 16.94  0 75 80 45372 12 959879 26461 1.8 14 8 1 2 22% 26776 2437 20%
c p 16.95  0 75 80 45372 12 959879 26471 1.8 14 8 1 2 22% 26776 2437 20%
c u 16.96  0 75 80 45372 12 959879 26089 1.8 14 8 1 2 22% 26776 2437 20%
c v 16.96  0 75 80 45372 12 959879 25744 1.8 14 8 1 2 22% 26776 2437 20%
c } 17.38  0 75 80 48152 13 979347 43417 1.8 15 8 1 2 21% 26776 2437 20%
c [ 17.38  0 136 80 48152  1 979347 43417 2.0 35 18 1 2 28% 26776 2437 20%
c - 17.45  0 136 81 48153  1 984373 28031 1.9 35 18 1 2 29% 26776 2437 20%
c p 17.45  0 136 81 48153  1 984373 28041 1.9 35 18 1 2 29% 26776 2437 20%
c u 17.50  0 136 81 48153  1 984373 27617 1.9 35 18 1 2 29% 26776 2437 20%
c v 17.50  0 136 81 48153  1 984373 27316 1.9 35 18 1 2 29% 26776 2437 20%
c w 17.50  0 136 81 48153  1 984373 27314 1.9 35 18 1 2 29% 26776 2437 20%
c 
c  seconds   reductions    conflicts         size   tier2      variables
c         MB       restarts       redundant     glue   trail        remaining
c           level        rate          size/glue  tier1  irredundant
c 
c B 17.59  0 137 81 48154  1 990075 32725 2.0 36 18 1 2 30% 26776 2437 20%
c ] 17.74  0 135 81 48154  1 1000003 42125 2.0 37 19 1 2 30% 26776 2437 20%
c ? 17.74  0 135 81 48154  1 1000003 42125 2.0 37 19 1 2 30% 26776 2437 20%
c 
c --- [ result ] -------------------------------------------------------------
c 
c UNKNOWN
c 
c --- [ run-time profiling ] -------------------------------------------------
c 
c process time taken by individual solving procedures
c (percentage relative to process time for solving)
c 
c        16.10   90.76% search
c         9.27   52.27% stable
c         6.47   36.51% unstable
c         1.64    9.22% simplify
c         0.39    2.18% vivify
c         0.36    2.04% sweep
c         0.35    1.97% walk
c         0.25    1.41% factor
c         0.18    1.04% congruence
c         0.15    0.85% elim
c         0.10    0.54% subsume
c         0.05    0.26% preprocess
c         0.04    0.20% probe
c         0.03    0.18% ternary
c         0.02    0.09% backbone
c         0.01    0.06% fastelim
c         0.01    0.04% parse
c         0.00    0.01% lucky
c   =================================
c        17.73   99.96% solve
c 
c last line shows process time for solving
c (percentage relative to total process time)
c 
c --- [ statistics ] ---------------------------------------------------------
c 
c chronological:            274957        27.50 %  of conflicts
c conflicts:               1000003     56391.62    per second
c backbone:                1111341      8571.85 %  of vars
c decisions:               5593719    315437.92    per second
c eliminated:                 7541        58.16 %  of all variables
c factored:                    713        28.91 %  of variables
c fixed:                       948         7.31 %  of all variables
c learned:                  951879        95.19 %  per conflict
c learned_lits:           33684786       100.00 %  learned literals
c minimized:                     0         0.00 %  learned literals
c shrunken:                1201076         3.57 %  learned literals
c minishrunken:            2602514         7.73 %  learned literals
c otfs:                      32936         3.29 %  of conflict
c propagations:           94199678         5.31 M  per second
c reduced:                  776730        77.67 %  per conflict
c rephased:                     44     22727.34    interval
c restarts:                  48154        20.77    interval
c stabilizing:                  17        62.86 %  of conflicts
c substituted:                2039        15.73 %  of all variables
c sweep equivs:                512        12.06 %  of swept variables
c subsumed:                  58992         5.48 %  of all clauses
c strengthened:              50443         4.68 %  of all clauses
c ticks:                1245215716        13.52    propagation
c vivified:                  11042         1.03 %  of all clauses
c walked:                       13     76923.31    interval
c weakened:                  46600         2.97    average size
c congruence:                   30     33333.43    interval
c 
c seconds are measured in process time for solving
c 
c --- [ glue usage ] ---------------------------------------------------------
c 
c focused glue 1 used 1499170 clauses 70.25% accumulated 70.25% tier1
c focused glue 2 used 310508 clauses 14.55% accumulated 84.80% tier2
c 
c stable glue 1 used 2682758 clauses 50.73% accumulated 50.73% tier1
c stable glue 2 used 732266 clauses 13.84% accumulated 64.58% tier2
c 
c 
c --- [ resources ] ----------------------------------------------------------
c 
c total process time since initialization:        17.74    seconds
c total real time since initialization:           17.78    seconds
c maximum resident set size of process:        77040.00    MB
c 
c --- [ shutting down ] ------------------------------------------------------
c 
c exit 0
