c --- [ banner ] -------------------------------------------------------------
c 
c CaDiCaL SAT Solver
c Copyright (c) 2016-2025
c A. Biere, M. Fleury, N. Froleyks, K. Fazekas, F. Pollitt, T. Faller
c JKU Linz, University of Freiburg, TU Wien
c 
c Version 3.0.0
c Apple clang version 17.0.0 (clang-1700.6.3.2) -Wall -Wextra -O3 -DNDEBUG -DNCLOSEFROM
c Tue Dec 23 21:53:38 UTC 2025 Darwin Tahoe-arm64.local 25.2.0 arm64
c 
c --- [ limit ] --------------------------------------------------------------
c 
c setting conflict limit to 1000000 conflicts (due to '1000000')
c 
c --- [ parsing input ] ------------------------------------------------------
c 
c reading DIMACS file from '/tmp/sr59_cnfs/aux_force_sr59_n32_bit31_m17149975_fillffffffff.cnf'
c opening file to read '/tmp/sr59_cnfs/aux_force_sr59_n32_bit31_m17149975_fillffffffff.cnf'
c found 'p cnf 12336 51511' header
c parsed 51511 clauses in 0.01 seconds process time
c 
c --- [ options ] ------------------------------------------------------------
c 
c   --seed=13                      (different from default '0')
c 
c --- [ solving ] ------------------------------------------------------------
c 
c time measured in process time since initialization
c 
c  seconds  reduction conflicts       size tier2       variables
c         MB    restarts   redundant    glue  trail         remaining
c          level     rate       size/glu tier1  irredundant
c 
c *  0.01  0  0 0   0  0    0    0 0.0 0 0 2 6  0% 50998 11855 96%
c (  0.01  0  0 0   0  0    0    0 0.0 0 0 2 6  0% 50998 11855 96%
c .  0.01  0  0 0   0  0    0    0 0.0 0 0 2 6  0% 49974 11855 96%
c c  0.03  0  0 0   0  0    0    0 0.0 0 0 2 6  0% 47282 11393 92%
c d  0.03  0  0 0   0  0    0    0 0.0 0 0 2 6  0% 43238 10059 82%
c 2  0.03  0  0 0   0  0    0    0 0.0 0 0 2 6  0% 43094 10059 82%
c f  0.04  0  0 0   0  0    0    0 0.0 0 0 2 6  0% 42828 10325 84%
c e  0.05  0  0 0   0  0    0    0 0.0 0 0 2 6  0% 28841 5304 43%
c P  0.06  0  0 0   0  0    0    0 0.0 0 0 2 6  0% 28841 5304 43%
c )  0.06  0  0 0   0  0    0    0 0.0 0 0 2 6  0% 28841 5304 43%
c {  0.06  0  0 0   0  0    0    0 0.0 0 0 2 6  0% 28841 5304 43%
c -  0.06  0 945 1   8 35  302  246 1.5 4 3 2 6 19% 28841 5304 43%
c -  0.06  0 444 2  20 23  736  572 1.6 4 3 2 6 14% 28841 5304 43%
c }  0.06  0 371 2  37 22 1002  795 1.7 4 3 2 6 13% 28841 5304 43%
c [  0.06  0  0 2  37  0 1002  795 0.0 0 0 2 6  0% 28841 5304 43%
c O  0.07  0 1917 2  37 1918 1003  796 2.0 8 4 2 6 39% 28841 5304 43%
c ]  0.07  0 1914 2  37  9 1268 1022 1.9 55 29 2 6 41% 28841 5304 43%
c {  0.07  0 371 2  37 22 1268 1022 1.7 4 3 2 6 13% 28841 5304 43%
c -  0.07  0 334 3  71 22 1415  938 1.6 4 3 2 6 13% 28841 5304 43%
c p  0.08  0 243 3 209 23 2216 1597 1.6 5 3 2 6 27% 28829 5289 43%
c 
c  seconds   reduction conflicts       size tier2      variables
c         MB     restarts   redundant    glue  trail        remaining
c           level     rate       size/glu tier1  irredundant
c 
c c  0.09  0 243 3 209 23 2216 1597 1.6 5 3 2 6 27% 28805 5289 43%
c d  0.09  0 243 3 209 23 2216 1582 1.6 5 3 2 6 27% 28787 5280 43%
c t  0.09  0 243 3 209 23 2216 1582 1.6 5 3 2 6 27% 28786 5280 43%
c -  0.10  0 235 4 244 24 2355 1534 1.6 5 3 2 6 24% 28786 5280 43%
c }  0.10  0 234 4 245 24 2357 1536 1.6 5 3 2 6 24% 28786 5280 43%
c [  0.10  0 1914 4 245  9 2357 1536 1.9 55 29 2 6 97% 28786 5280 43%
c I  0.10  0 659 4 245  4 3006 2094 2.0 28 14 2 6 38% 28786 5280 43%
c -  0.11  0 450 5 246  4 3570 2097 1.9 23 12 2 6 33% 28786 5280 43%
c s  0.11  0 363 5 246  3 4210 2609 1.9 21 11 2 6 31% 28778 5280 43%
c t  0.12  0 363 5 246  3 4210 2609 1.9 21 11 2 6 31% 28775 5280 43%
c e  0.13  0 363 5 246  3 4210 2398 1.9 21 11 2 6 31% 28739 4987 40%
c s  0.13  0 363 5 246  3 4210 2340 1.9 21 11 2 6 31% 28617 4987 40%
c ]  0.14  0 343 5 247  3 4519 2622 1.9 21 11 2 6 31% 28617 4987 40%
c {  0.14  0 234 5 247 24 4519 2622 1.6 5 3 2 6 24% 28617 4987 40%
c c  0.15  0 228 5 300 25 4716 2753 1.6 5 3 2 6 23% 28589 4976 40%
c d  0.15  0 228 5 300 25 4716 2749 1.6 5 3 2 6 23% 28581 4972 40%
c =  0.15  0 228 5 300 25 4716 2749 1.6 5 3 2 6 23% 28525 4930 40%
c -  0.16  0 208 6 378 25 5063 2182 1.6 5 3 2 3 19% 28525 4930 40%
c O  0.17  0 176 6 506 22 6007 2964 1.6 6 3 2 3 15% 28525 4930 40%
c }  0.17  0 159 6 628 22 6748 3607 1.6 6 4 2 3 14% 28525 4930 40%
c 
c  seconds   reduction conflicts       size   tier2      variables
c         MB     restarts   redundant     glue   trail        remaining
c           level     rate       size/glue  tier1  irredundant
c 
c [  0.17  0 343 6 628  3 6748 3607 1.9 21 11 2 6 31% 28525 4930 40%
c -  0.18  0 334 7 628  3 6841 3065 1.9 21 11 2 6 31% 28525 4930 40%
c c  0.19  0 302 7 628  3 7319 3428 2.1 24 12 3 9 32% 28473 4917 40%
c d  0.19  0 302 7 628  3 7319 3382 2.1 24 12 3 9 32% 28451 4906 40%
c =  0.20  0 302 7 628  3 7319 3382 2.1 24 12 3 9 32% 28411 4876 40%
c f  0.20  0 302 7 628  3 7319 3382 2.1 24 12 3 9 31% 28227 5056 41%
c -  0.22  0 228 8 629  3 8908 3518 2.0 20 10 3 9 24% 28227 5056 41%
c B  0.23  0 218 8 630  3 10009 4448 2.1 25 12 2 3 26% 28227 5056 41%
c ]  0.24  0 212 8 630  3 10321 4731 2.1 24 12 2 3 26% 28227 5056 41%
c {  0.24  0 159 8 630 22 10321 4731 1.6 6 4 2 3 14% 28227 5056 41%
c -  0.25  0 141 9 736 20 11267 4178 1.6 6 4 2 3 13% 28227 5056 41%
c d  0.27  0 126 9 945 18 12802 5104 1.6 6 4 2 3 13% 28225 5024 41%
c =  0.27  0 126 9 945 18 12802 4969 1.6 6 4 2 3 13% 28201 4918 40%
c t  0.27  0 126 9 945 18 12802 4968 1.6 6 4 2 3 13% 28201 4918 40%
c -  0.29  0 118 10 1186 18 13920 3800 1.6 6 4 1 2 13% 28201 4918 40%
c s  0.30  0 115 10 1243 18 14296 3940 1.6 6 4 1 2 14% 27068 4918 40%
c t  0.30  0 115 10 1243 18 14296 3935 1.6 6 4 1 2 14% 27068 4918 40%
c e  0.31  0 115 10 1243 18 14296 3575 1.6 6 4 1 2 14% 27063 4736 38%
c s  0.31  0 115 10 1243 18 14296 3509 1.6 6 4 1 2 14% 26885 4736 38%
c }  0.31  0 116 10 1265 18 14407 3610 1.6 7 4 1 2 14% 26882 4736 38%
c 
c  seconds   reductions   conflicts       size   tier2      variables
c         MB      restarts     redundant     glue   trail        remaining
c           level       rate        size/glue  tier1  irredundant
c 
c [  0.31  0 212 10 1265  3 14407 3610 2.1 24 12 2 3 29% 26882 4736 38%
c W  0.32  0 204 10 1265  3 15011 4175 2.1 25 12 2 3 30% 26882 4736 38%
c 2  0.33  0 201 10 1266  3 15669 4745 2.1 25 12 2 3 31% 26882 4736 38%
c d  0.33  0 201 10 1266  3 15669 4730 2.1 25 12 2 3 31% 26882 4729 38%
c c  0.34  0 201 10 1266  3 15669 4730 2.1 25 12 2 3 31% 26802 4729 38%
c d  0.34  0 201 10 1266  3 15669 4709 2.1 25 12 2 3 31% 26790 4723 38%
c =  0.34  0 201 10 1266  3 15669 4709 2.1 25 12 2 3 31% 26789 4706 38%
c f  0.35  0 201 10 1266  3 15669 4709 2.1 25 12 2 3 31% 26748 4744 38%
c -  0.37  0 199 11 1266  3 16869 3652 2.1 28 14 2 3 31% 26748 4744 38%
c c  0.40  0 185 11 1267  3 18609 5135 2.1 26 12 2 3 29% 26694 4737 38%
c =  0.40  0 185 11 1267  3 18609 5117 2.1 26 12 2 3 29% 26632 4694 38%
c u  0.41  0 185 11 1267  3 18609 4661 2.1 26 12 2 3 29% 26628 4694 38%
c v  0.41  0 185 11 1267  3 18609 4603 2.1 26 12 2 3 29% 26628 4694 38%
c w  0.41  0 185 11 1267  3 18609 4599 2.1 26 12 2 3 29% 26628 4694 38%
c x  0.41  0 185 11 1267  3 18609 4598 2.1 26 12 2 3 29% 26583 4694 38%
c t  0.41  0 185 11 1267  3 18609 4597 2.1 26 12 2 3 29% 26581 4694 38%
c ]  0.42  0 185 11 1267  3 19229 5168 2.2 28 13 2 3 30% 26581 4694 38%
c {  0.42  0 116 11 1267 18 19229 5168 1.6 7 4 1 2 14% 26581 4694 38%
c -  0.44  0 111 12 1444 18 20116 3864 1.6 7 4 1 2 14% 26581 4694 38%
c #  0.45  0 109 12 1657 19 21014 4678 1.6 7 4 1 2 14% 26581 4694 38%
c 
c  seconds   reductions   conflicts       size tier2      variables
c         MB      restarts     redundant    glue  trail        remaining
c           level       rate        size/glu tier1  irredundant
c 
c d  0.46  0 107 12 1802 19 21621 5186 1.6 7 4 1 2 14% 26581 4689 38%
c c  0.46  0 107 12 1802 19 21621 5186 1.6 7 4 1 2 14% 26532 4689 38%
c d  0.46  0 107 12 1802 19 21621 5174 1.6 7 4 1 2 14% 26524 4685 38%
c 2  0.46  0 107 12 1802 19 21621 5172 1.6 7 4 1 2 14% 26524 4685 38%
c =  0.47  0 107 12 1802 19 21621 5172 1.6 7 4 1 2 14% 26452 4584 37%
c f  0.47  0 107 12 1802 19 21621 5169 1.6 7 4 1 2 14% 26424 4608 37%
c -  0.50  0 102 13 2237 19 23665 4784 1.6 7 5 1 2 14% 26424 4608 37%
c }  0.51  0 102 13 2335 19 24056 5134 1.6 7 5 1 2 14% 26424 4608 37%
c [  0.51  0 185 13 2335  3 24056 5134 2.2 28 13 2 3 29% 26424 4608 37%
c =  0.53  0 182 13 2335  3 24697 5719 2.1 28 13 2 3 30% 26412 4531 37%
c -  0.57  0 173 14 2336  2 27510 5323 2.2 30 14 2 3 30% 26412 4531 37%
c 2  0.57  0 172 14 2337  2 27836 5606 2.2 30 13 2 3 29% 26410 4531 37%
c =  0.58  0 172 14 2337  2 27836 5581 2.2 30 13 2 3 29% 26397 4488 36%
c f  0.58  0 172 14 2337  2 27836 5576 2.2 30 13 2 3 29% 26367 4501 36%
c O  0.59  0 172 14 2337  2 28016 5728 2.2 30 13 2 3 29% 26367 4501 36%
c s  0.60  0 168 14 2338  2 29326 6820 2.2 29 13 2 3 29% 24896 4501 36%
c t  0.60  0 168 14 2338  2 29326 6819 2.2 29 13 2 3 29% 24896 4501 36%
c e  0.61  0 168 14 2338  2 29326 6129 2.2 29 13 2 3 29% 22219 4050 33%
c s  0.61  0 168 14 2338  2 29326 6098 2.2 29 13 2 3 29% 22176 4050 33%
c -  0.64  0 165 15 2339  2 31658 5163 2.2 29 13 2 3 34% 22170 4050 33%
c 
c  seconds   reductions   conflicts       size   tier2      variables
c         MB      restarts     redundant     glue   trail        remaining
c           level       rate        size/glue  tier1  irredundant
c 
c 2  0.64  0 165 15 2339  2 31658 5147 2.2 29 13 2 3 34% 22170 4050 33%
c u  0.65  0 165 15 2339  2 31658 4211 2.2 29 13 2 3 34% 22170 4050 33%
c v  0.65  0 165 15 2339  2 31658 4181 2.2 29 13 2 3 34% 22170 4050 33%
c w  0.65  0 165 15 2339  2 31658 4180 2.2 29 13 2 3 34% 22170 4050 33%
c ]  0.67  0 163 15 2341  2 33977 6282 2.2 28 13 2 3 38% 22170 4050 33%
c {  0.67  0 102 15 2341 19 33977 6282 1.6 7 5 1 2 17% 22170 4050 33%
c B  0.69  0 99 15 2611 19 36018 8073 1.6 8 5 1 2 17% 22170 4050 33%
c -  0.70  0 99 16 2633 19 36107 5105 1.6 8 5 1 2 17% 22170 4050 33%
c d  0.70  0 99 16 2633 19 36107 5096 1.6 8 5 1 2 17% 22170 4047 33%
c f  0.70  0 99 16 2633 19 36107 5092 1.6 8 5 1 2 17% 22151 4060 33%
c -  0.76  0 93 17 3473 18 40857 6195 1.6 8 5 1 2 16% 22151 4060 33%
c p  0.76  0 93 17 3473 18 40857 6222 1.6 8 5 1 2 16% 22151 4060 33%
c f  0.77  0 93 17 3473 18 40857 6216 1.6 8 5 1 2 16% 22151 4066 33%
c }  0.78  0 93 17 3596 18 41579 6850 1.6 8 5 1 2 17% 22151 4066 33%
c [  0.78  0 163 17 3596  2 41579 6850 2.2 28 13 2 3 38% 22151 4066 33%
c B  0.83  0 164 17 3597  2 45019 9984 2.1 31 15 2 3 39% 22151 4066 33%
c -  0.84  0 162 18 3597  2 45910 6891 2.1 30 14 2 3 37% 22151 4066 33%
c d  0.84  0 162 18 3597  2 45910 6883 2.1 30 14 2 3 37% 22151 4065 33%
c u  0.85  0 162 18 3597  2 45910 6546 2.1 30 14 2 3 37% 22149 4065 33%
c v  0.85  0 162 18 3597  2 45910 6390 2.1 30 14 2 3 37% 22149 4065 33%
c 
c  seconds   reductions   conflicts       size   tier2      variables
c         MB      restarts     redundant     glue   trail        remaining
c           level       rate        size/glue  tier1  irredundant
c 
c w  0.85  0 162 18 3597  2 45910 6390 2.1 30 14 2 3 37% 22149 4065 33%
c s  0.91  0 159 18 3598  2 48947 9066 2.2 33 15 2 3 37% 22116 4065 33%
c t  0.91  0 159 18 3598  2 48947 9065 2.2 33 15 2 3 37% 22116 4065 33%
c e  0.91  0 159 18 3598  2 48947 8531 2.2 33 15 2 3 37% 22108 4049 33%
c s  0.91  0 159 18 3598  2 48947 8506 2.2 33 15 2 3 37% 22100 4049 33%
c -  0.94  0 160 19 3598  2 51267 6509 2.2 33 15 2 3 39% 22099 4049 33%
c 2  0.95  0 160 19 3598  2 51267 6503 2.2 33 15 2 3 39% 22099 4049 33%
c f  0.95  0 160 19 3598  2 51267 6493 2.2 33 15 2 3 39% 22093 4055 33%
c ]  0.96  0 157 19 3598  2 52940 7952 2.2 32 15 2 3 37% 22093 4055 33%
c {  0.96  0 93 19 3598 18 52940 7952 1.6 8 5 1 2 17% 22093 4055 33%
c W  1.00  0 91 19 3971 18 55020 9818 1.6 8 5 1 2 17% 22093 4055 33%
c -  1.03  0 90 20 4373 18 56927 7741 1.6 8 5 1 2 17% 22093 4055 33%
c d  1.04  0 90 20 4373 18 56927 7731 1.6 8 5 1 2 17% 22093 4053 33%
c p  1.04  0 90 20 4373 18 56927 7883 1.6 8 5 1 2 17% 22093 4053 33%
c f  1.05  0 90 20 4373 18 56927 7871 1.6 8 5 1 2 17% 22093 4061 33%
c }  1.11  0 89 20 5171 18 61219 11740 1.6 9 5 1 2 17% 22093 4061 33%
c [  1.11  0 157 20 5171  2 61219 11740 2.2 32 15 2 3 37% 22093 4061 33%
c -  1.15  0 156 21 5171  2 62892 8837 2.2 34 15 2 3 37% 22093 4061 33%
c p  1.15  0 156 21 5171  2 62892 8832 2.2 34 15 2 3 37% 22093 4060 33%
c u  1.15  0 156 21 5171  2 62892 8086 2.2 34 15 2 3 37% 22093 4060 33%
c 
c  seconds   reductions   conflicts       size   tier2      variables
c         MB      restarts     redundant     glue   trail        remaining
c           level       rate        size/glue  tier1  irredundant
c 
c v  1.16  0 156 21 5171  2 62892 7845 2.2 34 15 2 3 37% 22093 4060 33%
c w  1.16  0 156 21 5171  2 62892 7845 2.2 34 15 2 3 37% 22093 4060 33%
c f  1.16  0 156 21 5171  2 62892 7845 2.2 34 15 2 3 37% 22089 4062 33%
c W  1.21  0 157 21 5173  2 66021 10720 2.2 35 16 2 3 37% 22089 4062 33%
c -  1.28  0 154 22 5175  2 69162 8624 2.2 37 17 2 3 38% 22089 4062 33%
c p  1.28  0 154 22 5175  2 69162 8749 2.2 37 17 2 3 38% 22089 4061 33%
c c  1.28  0 154 22 5175  2 69162 8749 2.2 37 17 2 3 38% 22083 4061 33%
c f  1.29  0 154 22 5175  2 69162 8686 2.2 37 17 2 3 37% 22107 4084 33%
c ]  1.35  0 156 22 5177  2 72288 11629 2.2 40 18 1 2 38% 22107 4084 33%
c {  1.35  0 89 22 5177 18 72288 11629 1.6 9 5 1 2 17% 22107 4084 33%
c s  1.37  0 89 22 5380 18 73431 12542 1.6 9 5 1 2 17% 22107 4084 33%
c e  1.38  0 89 22 5380 18 73431 11934 1.6 9 5 1 2 17% 22100 4076 33%
c s  1.38  0 89 22 5380 18 73431 11904 1.6 9 5 1 2 17% 22099 4076 33%
c -  1.41  0 88 23 5749 18 75736 9081 1.6 9 5 1 2 17% 22099 4076 33%
c d  1.42  0 88 23 5749 18 75736 9072 1.6 9 5 1 2 17% 22098 4071 33%
c p  1.42  0 88 23 5749 18 75736 9282 1.6 9 5 1 2 17% 22098 4071 33%
c 2  1.42  0 88 23 5749 18 75736 9281 1.6 9 5 1 2 17% 22096 4071 33%
c u  1.42  0 88 23 5749 18 75736 8845 1.6 9 5 1 2 17% 22096 4071 33%
c v  1.42  0 88 23 5749 18 75736 8680 1.6 9 5 1 2 17% 22096 4071 33%
c w  1.42  0 88 23 5749 18 75736 8680 1.6 9 5 1 2 17% 22096 4071 33%
c 
c  seconds  reductions   conflicts       size tier2      variables
c         MB     restarts     redundant    glue  trail        remaining
c          level       rate        size/glu tier1  irredundant
c 
c f  1.42  0 88 23 5749 18 75736 8642 1.6 9 5 1 2 17% 22088 4095 33%
c F  1.46  0 88 23 6213 18 78022 10739 1.6 9 5 1 2 17% 22088 4095 33%
c -  1.53  0 86 24 6924 18 82616 9947 1.7 9 6 1 2 17% 22088 4095 33%
c p  1.53  0 86 24 6924 18 82616 9983 1.7 9 6 1 2 17% 22088 4094 33%
c =  1.55  0 86 24 6924 18 82616 9983 1.7 9 6 1 2 17% 22085 4090 33%
c 2  1.55  0 86 24 6924 18 82616 9982 1.7 9 6 1 2 17% 22085 4090 33%
c }  1.56  0 86 24 7020 18 83035 10358 1.7 9 6 1 2 17% 22085 4090 33%
c [  1.56  0 156 24 7020  2 83035 10358 2.2 40 18 1 2 38% 22085 4090 33%
c -  1.67  0 155 25 7023  2 89803 10727 2.2 41 19 1 2 38% 22085 4090 33%
c p  1.67  0 155 25 7023  2 89803 10837 2.2 41 19 1 2 38% 22085 4090 33%
c u  1.67  0 155 25 7023  2 89803 10274 2.2 41 19 1 2 38% 22085 4090 33%
c v  1.67  0 155 25 7023  2 89803 10131 2.2 41 19 1 2 38% 22085 4090 33%
c w  1.67  0 155 25 7023  2 89803 10129 2.2 41 19 1 2 38% 22085 4090 33%
c x  1.68  0 155 25 7023  2 89803 10129 2.2 41 19 1 2 38% 22063 4090 33%
c t  1.68  0 155 25 7023  2 89803 10128 2.2 41 19 1 2 38% 22063 4090 33%
c f  1.68  0 155 25 7023  2 89803 10123 2.2 41 19 1 2 38% 22064 4094 33%
c I  1.69  0 156 25 7024  2 91024 11175 2.2 41 19 1 2 38% 22064 4094 33%
c -  1.79  0 153 26 7028  2 97295 10217 2.1 41 19 1 2 37% 22064 4094 33%
c p  1.79  0 153 26 7028  2 97295 10218 2.1 41 19 1 2 37% 22064 4094 33%
c =  1.80  0 153 26 7028  2 97295 10176 2.1 41 19 1 2 37% 21844 4036 33%
c 
c  seconds   reductions   conflicts        size   tier2      variables
c         MB      restarts      redundant     glue   trail        remaining
c           level       rate         size/glue  tier1  irredundant
c 
c ]  1.85  0 153 26 7028  2 99357 12117 2.2 42 20 1 2 38% 21844 4036 33%
c {  1.85  0 86 26 7028 18 99357 12117 1.7 9 6 1 2 17% 21844 4036 33%
c s  1.91  0 85 26 7540 18 102697 14950 1.7 9 6 1 2 17% 21675 4036 33%
c e  1.91  0 85 26 7540 18 102697 13439 1.7 9 6 1 2 17% 20971 3883 31%
c s  1.92  0 85 26 7540 18 102697 13407 1.7 9 6 1 2 17% 20967 3883 31%
c B  1.95  0 84 26 7905 17 105026 15507 1.7 10 6 1 2 17% 20967 3883 31%
c -  1.96  0 84 27 7923 17 105093 10609 1.7 10 6 1 2 17% 20967 3883 31%
c p  1.96  0 84 27 7923 17 105093 10712 1.7 10 6 1 2 17% 20967 3882 31%
c c  1.97  0 84 27 7923 17 105093 10712 1.7 10 6 1 2 17% 20961 3882 31%
c d  1.97  0 84 27 7923 17 105093 10710 1.7 10 6 1 2 17% 20959 3881 31%
c 2  1.97  0 84 27 7923 17 105093 10710 1.7 10 6 1 2 17% 20957 3881 31%
c =  1.98  0 84 27 7923 17 105093 10709 1.7 10 6 1 2 17% 20948 3875 31%
c u  1.98  0 84 27 7923 17 105093 10363 1.7 10 6 1 2 17% 20948 3875 31%
c v  1.99  0 84 27 7923 17 105093 10271 1.7 10 6 1 2 17% 20948 3875 31%
c 2  1.99  0 84 27 7923 17 105093 10269 1.7 10 6 1 2 17% 20948 3875 31%
c f  1.99  0 84 27 7923 17 105093 10269 1.7 10 6 1 2 17% 20912 3909 32%
c }  2.10  0 83 27 9038 17 112681 17102 1.7 10 6 1 2 17% 20912 3909 32%
c [  2.10  0 153 27 9038  2 112681 17102 2.2 42 20 1 2 38% 20912 3909 32%
c -  2.11  0 153 28 9038  2 113199 11896 2.2 42 19 1 2 37% 20912 3909 32%
c p  2.11  0 153 28 9038  2 113199 12011 2.2 42 19 1 2 37% 20912 3909 32%
c 
c  seconds   reductions   conflicts         size   tier2      variables
c         MB      restarts       redundant     glue   trail        remaining
c           level       rate          size/glue  tier1  irredundant
c 
c B  2.27  0 156 28 9039  2 120027 18554 2.1 46 22 1 2 37% 20912 3909 32%
c -  2.31  0 156 29 9039  2 121611 12545 2.1 47 23 1 2 37% 20912 3909 32%
c p  2.31  0 156 29 9039  2 121611 12546 2.1 47 23 1 2 37% 20912 3909 32%
c u  2.32  0 156 29 9039  2 121611 12194 2.1 47 23 1 2 37% 20912 3909 32%
c v  2.33  0 156 29 9039  2 121611 12063 2.1 47 23 1 2 37% 20912 3909 32%
c w  2.33  0 156 29 9039  2 121611 12057 2.1 47 23 1 2 37% 20912 3909 32%
c ]  2.47  0 158 29 9040  2 127425 17590 2.1 50 24 1 2 37% 20912 3909 32%
c {  2.47  0 83 29 9040 17 127425 17590 1.7 10 6 1 2 17% 20912 3909 32%
c -  2.53  0 83 30 9442 17 130329 12343 1.7 10 6 1 2 17% 20912 3909 32%
c p  2.53  0 83 30 9442 17 130329 12590 1.7 10 6 1 2 17% 20912 3909 32%
c f  2.55  0 83 30 9442 17 130329 12582 1.7 10 6 1 2 17% 20917 3912 32%
c W  2.68  0 83 30 10365 17 136028 17813 1.7 10 6 1 2 17% 20917 3912 32%
c s  2.70  0 83 30 10493 17 136759 18306 1.7 10 6 1 2 17% 20915 3912 32%
c t  2.71  0 83 30 10493 17 136759 18306 1.7 10 6 1 2 17% 20913 3912 32%
c e  2.71  0 83 30 10493 17 136759 17499 1.7 10 6 1 2 17% 20242 3753 30%
c s  2.71  0 83 30 10493 17 136759 17445 1.7 10 6 1 2 17% 20215 3753 30%
c e  2.71  0 83 30 10493 17 136759 17437 1.7 10 6 1 2 17% 20214 3752 30%
c -  2.76  0 82 31 10818 16 139358 13233 1.7 10 6 1 2 18% 20214 3752 30%
c 2  2.76  0 82 31 10818 16 139358 13222 1.7 10 6 1 2 18% 20214 3752 30%
c p  2.76  0 82 31 10818 16 139358 13233 1.7 10 6 1 2 18% 20214 3752 30%
c 
c  seconds  reductions    conflicts         size  tier2      variables
c         MB      restarts       redundant     glue  trail        remaining
c          level        rate          size/glue tier1  irredundant
c 
c u  2.77  0 82 31 10818 16 139358 12607 1.7 10 6 1 2 18% 20214 3752 30%
c v  2.77  0 82 31 10818 16 139358 12360 1.7 10 6 1 2 18% 20214 3752 30%
c f  2.77  0 82 31 10818 16 139358 12360 1.7 10 6 1 2 17% 20179 3781 31%
c }  2.82  0 82 31 11263 16 142506 15254 1.7 10 6 1 2 19% 20179 3781 31%
c [  2.82  0 158 31 11263  2 142506 15254 2.1 50 24 1 2 41% 20179 3781 31%
c -  2.95  0 154 32 11263  2 148690 13874 2.1 50 23 1 2 42% 20179 3781 31%
c p  2.95  0 154 32 11263  2 148690 14037 2.1 50 23 1 2 42% 20179 3778 31%
c c  2.96  0 154 32 11263  2 148690 14037 2.1 50 23 1 2 42% 20173 3778 31%
c f  2.96  0 154 32 11263  2 148690 14030 2.1 50 23 1 2 42% 20167 3781 31%
c W  3.06  0 154 32 11263  2 153029 18206 2.1 51 24 1 2 41% 20167 3781 31%
c -  3.15  0 155 33 11266  2 158330 14132 2.1 51 24 1 2 42% 20167 3781 31%
c =  3.16  0 155 33 11266  2 158330 14118 2.1 51 24 1 2 42% 20151 3762 30%
c u  3.16  0 155 33 11266  2 158330 13729 2.1 51 24 1 2 42% 20143 3762 30%
c v  3.17  0 155 33 11266  2 158330 13480 2.1 51 24 1 2 42% 20143 3762 30%
c w  3.17  0 155 33 11266  2 158330 13479 2.1 51 24 1 2 42% 20143 3762 30%
c ]  3.28  0 157 33 11270  2 164697 19519 2.1 51 24 1 2 42% 20143 3762 30%
c {  3.28  0 82 33 11270 16 164697 19519 1.7 10 6 1 2 19% 20143 3762 30%
c -  3.34  0 82 34 11693 16 168278 14269 1.7 10 6 1 2 19% 20143 3762 30%
c p  3.34  0 82 34 11693 16 168278 14429 1.7 10 6 1 2 19% 20143 3762 30%
c f  3.35  0 82 34 11693 16 168278 14426 1.7 10 6 1 2 19% 20145 3763 31%
c 
c  seconds  reductions    conflicts         size  tier2      variables
c         MB      restarts       redundant     glue  trail        remaining
c          level        rate          size/glue tier1  irredundant
c 
c #  3.40  0 82 34 12142 16 171036 16963 1.7 11 6 1 2 19% 20145 3763 31%
c s  3.47  0 81 34 12742 16 175634 20901 1.7 11 6 1 2 19% 20101 3763 31%
c e  3.48  0 81 34 12742 16 175634 20898 1.7 11 6 1 2 19% 20100 3762 30%
c s  3.48  0 81 34 12742 16 175634 20832 1.7 11 6 1 2 19% 20100 3762 30%
c -  3.55  0 81 35 13235 16 178533 15624 1.7 11 6 1 2 19% 20100 3762 30%
c p  3.55  0 81 35 13235 16 178533 15642 1.7 11 6 1 2 19% 20100 3762 30%
c =  3.57  0 81 35 13235 16 178533 15642 1.7 11 6 1 2 19% 20099 3761 30%
c u  3.57  0 81 35 13235 16 178533 15188 1.7 11 6 1 2 19% 20099 3761 30%
c v  3.58  0 81 35 13235 16 178533 14962 1.7 11 6 1 2 19% 20099 3761 30%
c x  3.58  0 81 35 13235 16 178533 14960 1.7 11 6 1 2 19% 20094 3761 30%
c }  3.64  0 81 35 13786 16 181470 17666 1.7 11 6 1 2 20% 20094 3761 30%
c [  3.64  0 157 35 13786  2 181470 17666 2.1 51 24 1 2 42% 20094 3761 30%
c -  3.83  0 157 36 13790  2 189096 16171 2.2 53 25 1 2 44% 20094 3761 30%
c p  3.83  0 157 36 13790  2 189096 16296 2.2 53 25 1 2 44% 20094 3761 30%
c u  3.85  0 157 36 13790  2 189096 16089 2.2 53 25 1 2 44% 20094 3761 30%
c v  3.85  0 157 36 13790  2 189096 15960 2.2 53 25 1 2 44% 20094 3761 30%
c w  3.85  0 157 36 13790  2 189096 15958 2.2 53 25 1 2 44% 20094 3761 30%
c t  3.85  0 157 36 13790  2 189096 15950 2.2 53 25 1 2 44% 20093 3761 30%
c O  3.88  0 158 36 13791  2 190044 16853 2.2 53 25 1 2 43% 20093 3761 30%
c -  4.09  0 157 37 13794  2 199967 15933 2.1 55 26 1 2 43% 20093 3761 30%
c 
c  seconds   reductions    conflicts         size   tier2      variables
c         MB       restarts       redundant     glue   trail        remaining
c           level        rate          size/glue  tier1  irredundant
c 
c p  4.09  0 157 37 13794  2 199967 15949 2.1 55 26 1 2 43% 20093 3761 30%
c ]  4.20  0 157 37 13795  2 205032 20611 2.1 55 26 1 2 43% 20093 3761 30%
c {  4.20  0 81 37 13795 16 205032 20611 1.7 11 6 1 2 20% 20093 3761 30%
c B  4.29  0 81 37 14589 16 210045 25210 1.7 11 6 1 2 20% 20093 3761 30%
c -  4.31  0 81 38 14755 16 211146 16692 1.7 11 6 1 2 20% 20093 3761 30%
c p  4.31  0 81 38 14755 16 211146 16797 1.7 11 6 1 2 20% 20093 3761 30%
c u  4.34  0 81 38 14755 16 211146 16214 1.7 11 6 1 2 20% 20093 3761 30%
c v  4.34  0 81 38 14755 16 211146 16085 1.7 11 6 1 2 20% 20093 3761 30%
c s  4.49  0 81 38 15849 16 219152 23232 1.7 11 7 1 2 20% 20093 3761 30%
c e  4.49  0 81 38 15849 16 219152 23226 1.7 11 7 1 2 20% 20092 3760 30%
c s  4.49  0 81 38 15849 16 219152 23183 1.7 11 7 1 2 20% 20092 3760 30%
c ^  4.50  0 81 38 15849 16 219152 23183 1.7 11 7 1 2 20% 20092 3760 30%
c -  4.56  0 80 39 16280 15 222638 17573 1.7 11 7 1 2 20% 20092 3760 30%
c p  4.56  0 80 39 16280 15 222638 17598 1.7 11 7 1 2 20% 20092 3760 30%
c u  4.57  0 80 39 16280 15 222638 17453 1.7 11 7 1 2 20% 20092 3760 30%
c v  4.57  0 80 39 16280 15 222638 17276 1.7 11 7 1 2 20% 20092 3760 30%
c w  4.57  0 80 39 16280 15 222638 17275 1.7 11 7 1 2 20% 20092 3760 30%
c }  4.61  0 80 39 16570 15 225218 19598 1.7 11 7 1 2 20% 20092 3760 30%
c [  4.61  0 157 39 16570  2 225218 19598 2.1 55 26 1 2 43% 20092 3760 30%
c B  4.71  0 157 39 16574  2 231046 25117 2.1 54 26 1 2 43% 20092 3760 30%
c 
c  seconds   reductions    conflicts         size   tier2      variables
c         MB       restarts       redundant     glue   trail        remaining
c           level        rate          size/glue  tier1  irredundant
c 
c -  4.76  0 156 40 16576  2 234434 18364 2.1 54 26 1 2 42% 20092 3760 30%
c p  4.76  0 156 40 16576  2 234434 18454 2.1 54 26 1 2 42% 20092 3760 30%
c -  4.99  0 158 41 16583  2 246540 18329 2.1 54 26 1 2 42% 20092 3760 30%
c p  4.99  0 158 41 16583  2 246540 18357 2.1 54 26 1 2 42% 20092 3760 30%
c u  5.01  0 158 41 16583  2 246540 18143 2.1 54 26 1 2 42% 20092 3760 30%
c v  5.01  0 158 41 16583  2 246540 18137 2.1 54 26 1 2 42% 20092 3760 30%
c w  5.01  0 158 41 16583  2 246540 18137 2.1 54 26 1 2 42% 20092 3760 30%
c x  5.02  0 158 41 16583  2 246540 18137 2.1 54 26 1 2 42% 20082 3760 30%
c W  5.14  0 157 41 16584  2 253048 23785 2.1 53 26 1 2 42% 20082 3760 30%
c -  5.27  0 158 42 16584  1 258955 17598 2.1 54 26 1 2 43% 20082 3760 30%
c ]  5.28  0 158 42 16584  1 259266 17892 2.1 54 26 1 2 43% 20082 3760 30%
c {  5.28  0 80 42 16584 15 259266 17892 1.7 11 7 1 2 20% 20082 3760 30%
c s  5.44  0 80 42 17775 15 267509 25290 1.7 11 7 1 2 19% 20082 3760 30%
c e  5.45  0 80 42 17775 15 267509 19585 1.7 11 7 1 2 19% 20295 3536 29%
c s  5.45  0 80 42 17775 15 267509 19500 1.7 11 7 1 2 19% 20212 3536 29%
c e  5.45  0 80 42 17775 15 267509 19486 1.7 11 7 1 2 19% 20190 3531 29%
c -  5.52  0 80 43 18269 15 271678 16291 1.7 11 7 1 2 19% 20190 3531 29%
c 2  5.52  0 80 43 18269 15 271678 16212 1.7 11 7 1 2 19% 20190 3531 29%
c p  5.53  0 80 43 18269 15 271678 16304 1.7 11 7 1 2 19% 20190 3531 29%
c u  5.53  0 80 43 18269 15 271678 15793 1.7 11 7 1 2 19% 20190 3531 29%
c 
c  seconds  reductions    conflicts         size  tier2      variables
c         MB      restarts       redundant     glue  trail        remaining
c          level        rate          size/glue tier1  irredundant
c 
c v  5.54  0 80 43 18269 15 271678 15595 1.7 11 7 1 2 19% 20190 3531 29%
c w  5.54  0 80 43 18269 15 271678 15595 1.7 11 7 1 2 19% 20190 3531 29%
c f  5.54  0 80 43 18269 15 271678 15589 1.7 11 7 1 2 19% 20149 3554 29%
c W  5.62  0 80 43 18803 15 276053 19610 1.7 12 7 1 2 19% 20149 3554 29%
c }  5.76  0 80 43 19791 15 284309 27163 1.7 12 7 1 2 19% 20149 3554 29%
c [  5.76  0 158 43 19791  1 284309 27163 2.1 54 26 1 2 43% 20149 3554 29%
c -  5.77  0 158 44 19792  1 284708 18204 2.1 54 26 1 2 43% 20149 3554 29%
c p  5.77  0 158 44 19792  1 284708 18289 2.1 54 26 1 2 43% 20149 3554 29%
c u  5.77  0 158 44 19792  1 284708 17966 2.1 54 26 1 2 43% 20149 3554 29%
c v  5.77  0 158 44 19792  1 284708 17898 2.1 54 26 1 2 43% 20149 3554 29%
c w  5.77  0 158 44 19792  1 284708 17896 2.1 54 26 1 2 43% 20149 3554 29%
c -  6.03  0 156 45 19792  1 298047 18763 2.1 54 26 1 2 42% 20149 3554 29%
c I  6.08  0 156 45 19792  1 300055 20667 2.1 54 26 1 2 42% 20149 3554 29%
c -  6.44  0 154 46 19793  1 311696 18435 2.2 59 27 1 2 44% 20149 3554 29%
c p  6.44  0 154 46 19793  1 311696 18517 2.2 59 27 1 2 44% 20149 3554 29%
c u  6.46  0 154 46 19793  1 311696 17950 2.2 59 27 1 2 44% 20149 3554 29%
c v  6.46  0 154 46 19793  1 311696 17699 2.2 59 27 1 2 44% 20149 3554 29%
c w  6.46  0 154 46 19793  1 311696 17695 2.2 59 27 1 2 44% 20149 3554 29%
c ]  6.50  0 155 46 19793  1 313054 18960 2.2 59 27 1 2 44% 20149 3554 29%
c {  6.50  0 80 46 19793 15 313054 18960 1.7 12 7 1 2 19% 20149 3554 29%
c 
c  seconds  reductions    conflicts         size  tier2      variables
c         MB      restarts       redundant     glue  trail        remaining
c          level        rate          size/glue tier1  irredundant
c 
c s  6.66  0 79 46 21005 14 322850 27747 1.7 12 7 1 2 19% 20148 3554 29%
c e  6.67  0 79 46 21005 14 322850 27380 1.7 12 7 1 2 19% 20154 3548 29%
c s  6.67  0 79 46 21005 14 322850 27327 1.7 12 7 1 2 19% 20151 3548 29%
c F  6.72  0 79 46 21358 14 325056 29332 1.7 12 7 1 2 19% 20151 3548 29%
c -  6.74  0 79 47 21476 14 325653 19458 1.7 12 7 1 2 19% 20151 3548 29%
c 2  6.74  0 79 47 21476 14 325653 19456 1.7 12 7 1 2 19% 20151 3548 29%
c p  6.74  0 79 47 21476 14 325653 19520 1.7 12 7 1 2 19% 20151 3548 29%
c u  6.75  0 79 47 21476 14 325653 19303 1.7 12 7 1 2 19% 20151 3548 29%
c v  6.75  0 79 47 21476 14 325653 19168 1.7 12 7 1 2 19% 20151 3548 29%
c -  7.01  0 78 48 23245 14 339919 21483 1.7 12 7 1 2 18% 20151 3548 29%
c p  7.02  0 78 48 23245 14 339919 21542 1.7 12 7 1 2 18% 20151 3548 29%
c u  7.02  0 78 48 23245 14 339919 21274 1.7 12 7 1 2 18% 20151 3548 29%
c v  7.02  0 78 48 23245 14 339919 21155 1.7 12 7 1 2 18% 20151 3548 29%
c w  7.02  0 78 48 23245 14 339919 21155 1.7 12 7 1 2 18% 20151 3548 29%
c t  7.03  0 78 48 23245 14 339919 21154 1.7 12 7 1 2 18% 20150 3548 29%
c }  7.03  0 78 48 23268 14 340064 21287 1.7 12 7 1 2 18% 20150 3548 29%
c [  7.03  0 155 48 23268  1 340064 21287 2.2 59 27 1 2 44% 20150 3548 29%
c B  7.29  0 151 48 23268  1 351057 31734 2.3 60 26 1 2 44% 20150 3548 29%
c -  7.38  0 151 49 23268  1 354494 21823 2.3 61 27 1 2 44% 20150 3548 29%
c p  7.38  0 151 49 23268  1 354494 21878 2.3 61 27 1 2 44% 20150 3548 29%
c 
c  seconds   reductions    conflicts         size   tier2      variables
c         MB       restarts       redundant     glue   trail        remaining
c           level        rate          size/glue  tier1  irredundant
c 
c u  7.39  0 151 49 23268  1 354494 21707 2.3 61 27 1 2 44% 20150 3548 29%
c v  7.39  0 151 49 23268  1 354494 21586 2.3 61 27 1 2 44% 20150 3548 29%
c w  7.39  0 151 49 23268  1 354494 21584 2.3 61 27 1 2 44% 20150 3548 29%
c -  7.73  0 153 50 23274  1 369379 21003 2.3 61 27 1 2 43% 20150 3548 29%
c p  7.73  0 153 50 23274  1 369379 21019 2.3 61 27 1 2 43% 20150 3548 29%
c u  7.75  0 153 50 23274  1 369379 20848 2.3 61 27 1 2 43% 20150 3548 29%
c f  7.75  0 153 50 23274  1 369379 20847 2.3 61 27 1 2 43% 20149 3549 29%
c W  7.86  0 150 50 23278  1 378061 28103 2.3 57 25 1 2 42% 20149 3549 29%
c s  7.90  0 147 50 23281  1 382989 32128 2.3 55 24 1 2 40% 20149 3549 29%
c e  7.91  0 147 50 23281  1 382989 32126 2.3 55 24 1 2 40% 20150 3548 29%
c s  7.91  0 147 50 23281  1 382989 32059 2.3 55 24 1 2 40% 20150 3548 29%
c ^  7.92  0 147 50 23281  1 382989 32059 2.3 55 24 1 2 40% 20150 3548 29%
c -  7.94  0 147 51 23282  1 384573 21577 2.3 54 24 1 2 40% 20150 3548 29%
c p  7.94  0 147 51 23282  1 384573 21593 2.3 54 24 1 2 40% 20150 3548 29%
c t  7.94  0 147 51 23282  1 384573 21593 2.3 54 24 1 2 40% 20149 3548 29%
c ]  7.94  0 147 51 23282  1 385131 22070 2.3 54 24 1 2 40% 20149 3548 29%
c {  7.94  0 78 51 23282 14 385131 22070 1.7 12 7 1 2 18% 20149 3548 29%
c -  8.25  0 79 52 25528 14 400077 24129 1.7 12 7 1 2 18% 20149 3548 29%
c p  8.25  0 79 52 25528 14 400077 24180 1.7 12 7 1 2 18% 20149 3548 29%
c u  8.26  0 79 52 25528 14 400077 23814 1.7 12 7 1 2 18% 20149 3548 29%
c 
c  seconds  reductions    conflicts         size  tier2      variables
c         MB      restarts       redundant     glue  trail        remaining
c          level        rate          size/glue tier1  irredundant
c 
c v  8.27  0 79 52 25528 14 400077 23597 1.7 12 7 1 2 18% 20149 3548 29%
c B  8.37  0 78 52 26152 14 406062 29086 1.8 12 7 1 2 18% 20149 3548 29%
c -  8.47  0 78 53 26559 13 415890 26070 1.8 12 7 1 2 18% 20149 3548 29%
c p  8.47  0 78 53 26559 13 415890 26106 1.8 12 7 1 2 18% 20149 3548 29%
c t  8.47  0 78 53 26559 13 415890 26105 1.8 12 7 1 2 18% 20149 3548 29%
c }  8.52  0 78 53 26835 13 420348 30027 1.8 12 7 1 2 18% 20149 3548 29%
c [  8.52  0 147 53 26835  1 420348 30027 2.3 54 24 1 2 40% 20149 3548 29%
c -  8.80  0 147 54 26837  1 432014 27086 2.3 55 24 1 2 42% 20149 3548 29%
c d  8.80  0 147 54 26837  1 432014 27084 2.3 55 24 1 2 42% 20149 3547 29%
c p  8.80  0 147 54 26837  1 432014 27094 2.3 55 24 1 2 42% 20149 3547 29%
c u  8.81  0 147 54 26837  1 432014 26714 2.3 55 24 1 2 42% 20149 3547 29%
c v  8.81  0 147 54 26837  1 432014 26270 2.3 55 24 1 2 42% 20149 3547 29%
c w  8.81  0 147 54 26837  1 432014 26270 2.3 55 24 1 2 42% 20149 3547 29%
c O  8.88  0 148 54 26839  1 435064 29179 2.3 56 24 1 2 42% 20149 3547 29%
c s  9.13  0 148 54 26846  1 448138 41323 2.3 54 24 1 2 41% 20149 3547 29%
c e  9.14  0 148 54 26846  1 448138 33249 2.3 54 24 1 2 41% 20395 3411 28%
c s  9.15  0 148 54 26846  1 448138 33172 2.3 54 24 1 2 41% 20378 3411 28%
c e  9.15  0 148 54 26846  1 448138 33158 2.3 54 24 1 2 41% 20378 3410 28%
c -  9.17  0 148 55 26846  1 448445 23211 2.3 54 24 1 2 40% 20378 3410 28%
c 2  9.17  0 148 55 26846  1 448445 23207 2.3 54 24 1 2 40% 20378 3410 28%
c 
c  seconds   reductions    conflicts         size   tier2      variables
c         MB       restarts       redundant     glue   trail        remaining
c           level        rate          size/glue  tier1  irredundant
c 
c p  9.17  0 148 55 26846  1 448445 23246 2.3 54 24 1 2 40% 20378 3410 28%
c u  9.17  0 148 55 26846  1 448445 23062 2.3 54 24 1 2 40% 20378 3410 28%
c v  9.17  0 148 55 26846  1 448445 23055 2.3 54 24 1 2 40% 20378 3410 28%
c w  9.17  0 148 55 26846  1 448445 23053 2.3 54 24 1 2 40% 20378 3410 28%
c t  9.18  0 148 55 26846  1 448445 23053 2.3 54 24 1 2 40% 20377 3410 28%
c f  9.18  0 148 55 26846  1 448445 23050 2.3 54 24 1 2 40% 20352 3417 28%
c ]  9.48  0 149 55 26851  1 461849 35711 2.3 55 24 1 2 49% 20352 3417 28%
c {  9.48  0 78 55 26851 13 461849 35711 1.8 12 7 1 2 20% 20352 3417 28%
c W  9.57  0 77 55 27110 13 465065 38621 1.8 12 7 1 2 20% 20352 3417 28%
c -  9.58  0 77 56 27125 13 465188 24987 1.8 12 7 1 2 20% 20352 3417 28%
c p  9.58  0 77 56 27125 13 465188 25018 1.8 12 7 1 2 20% 20352 3417 28%
c u  9.61  0 77 56 27125 13 465188 24910 1.8 12 7 1 2 20% 20352 3417 28%
c v  9.61  0 77 56 27125 13 465188 24861 1.8 12 7 1 2 20% 20352 3417 28%
c w  9.61  0 77 56 27125 13 465188 24861 1.8 12 7 1 2 20% 20352 3417 28%
c f  9.62  0 77 56 27125 13 465188 24856 1.8 12 7 1 2 20% 20348 3420 28%
c -  9.98  0 78 57 29838 13 482240 26692 1.8 13 7 1 2 20% 20348 3420 28%
c p  9.99  0 78 57 29838 13 482240 26721 1.8 13 7 1 2 20% 20348 3420 28%
c u  9.99  0 78 57 29838 13 482240 26318 1.8 13 7 1 2 20% 20348 3420 28%
c v 10.00  0 78 57 29838 13 482240 25973 1.8 13 7 1 2 20% 20348 3420 28%
c } 10.19  0 77 57 31193 13 492461 35206 1.8 13 7 1 2 20% 20348 3420 28%
c 
c  seconds   reductions    conflicts         size   tier2      variables
c         MB       restarts       redundant     glue   trail        remaining
c           level        rate          size/glue  tier1  irredundant
c 
c [ 10.19  0 149 57 31193  1 492461 35206 2.3 55 24 1 2 49% 20348 3420 28%
c B 10.25  0 147 57 31193  1 496068 38682 2.3 55 24 1 2 48% 20348 3420 28%
c - 10.35  0 148 58 31194  1 499600 27608 2.3 56 24 1 2 49% 20348 3420 28%
c p 10.36  0 148 58 31194  1 499600 27632 2.3 56 24 1 2 49% 20348 3420 28%
c u 10.36  0 148 58 31194  1 499600 27313 2.3 56 24 1 2 49% 20348 3420 28%
c v 10.37  0 148 58 31194  1 499600 27106 2.3 56 24 1 2 49% 20348 3420 28%
c w 10.37  0 148 58 31194  1 499600 27103 2.3 56 24 1 2 49% 20348 3420 28%
c - 10.70  0 152 59 31198  1 517271 27792 2.2 56 25 1 2 48% 20348 3420 28%
c p 10.71  0 152 59 31198  1 517271 27813 2.2 56 25 1 2 48% 20348 3420 28%
c s 10.77  0 153 59 31200  1 520355 30392 2.2 56 25 1 2 48% 20346 3420 28%
c e 10.77  0 153 59 31200  1 520355 30367 2.2 56 25 1 2 48% 20349 3418 28%
c s 10.78  0 153 59 31200  1 520355 30300 2.2 56 25 1 2 48% 20347 3418 28%
c W 10.89  0 152 59 31204  1 528071 37235 2.2 53 24 1 2 44% 20346 3418 28%
c - 11.03  0 152 60 31208  1 535252 27728 2.2 53 24 1 2 44% 20346 3418 28%
c 2 11.03  0 152 60 31208  1 535252 27727 2.2 53 24 1 2 44% 20346 3418 28%
c p 11.03  0 152 60 31208  1 535252 27738 2.2 53 24 1 2 44% 20346 3418 28%
c u 11.04  0 152 60 31208  1 535252 27518 2.2 53 24 1 2 44% 20346 3418 28%
c v 11.04  0 152 60 31208  1 535252 27491 2.2 53 24 1 2 44% 20346 3418 28%
c w 11.04  0 152 60 31208  1 535252 27490 2.2 53 24 1 2 44% 20346 3418 28%
c ] 11.34  0 154 60 31209  1 545124 36828 2.2 57 26 1 2 47% 20346 3418 28%
c 
c  seconds  reductions    conflicts         size  tier2      variables
c         MB      restarts       redundant     glue  trail        remaining
c          level        rate          size/glue tier1  irredundant
c 
c { 11.34  0 77 60 31209 13 545124 36828 1.8 13 7 1 2 20% 20346 3418 28%
c - 11.41  0 77 61 31444 12 553543 29340 1.8 13 7 1 2 20% 20346 3418 28%
c p 11.42  0 77 61 31444 12 553543 29349 1.8 13 7 1 2 20% 20346 3418 28%
c u 11.42  0 77 61 31444 12 553543 29142 1.8 13 7 1 2 20% 20346 3418 28%
c v 11.42  0 77 61 31444 12 553543 29083 1.8 13 7 1 2 20% 20346 3418 28%
c w 11.42  0 77 61 31444 12 553543 29083 1.8 13 7 1 2 20% 20346 3418 28%
c # 11.48  0 77 61 31651 12 561074 35700 1.8 13 7 1 2 20% 20346 3418 28%
c - 11.60  0 76 62 32098 11 572145 31153 1.8 13 7 1 2 19% 20346 3418 28%
c p 11.60  0 76 62 32098 11 572145 31164 1.8 13 7 1 2 19% 20346 3418 28%
c - 11.83  0 76 63 33089 10 591055 32422 1.8 13 7 1 2 19% 20346 3418 28%
c d 11.83  0 76 63 33089 10 591055 32413 1.8 13 7 1 2 19% 20346 3417 28%
c p 11.84  0 76 63 33089 10 591055 32421 1.8 13 7 1 2 19% 20346 3417 28%
c 2 11.84  0 76 63 33089 10 591055 32420 1.8 13 7 1 2 19% 20346 3417 28%
c u 11.86  0 76 63 33089 10 591055 32283 1.8 13 7 1 2 19% 20346 3417 28%
c B 11.91  0 76 63 33347 10 595075 35888 1.8 13 7 1 2 19% 20346 3417 28%
c s 11.95  0 76 63 33432 10 597561 37437 1.8 13 7 1 2 19% 20346 3417 28%
c s 11.96  0 76 63 33432 10 597561 37253 1.8 13 7 1 2 19% 20346 3417 28%
c ^ 11.96  0 76 63 33432 10 597561 37253 1.8 13 7 1 2 19% 20346 3417 28%
c - 12.12  0 76 64 34159  9 610275 33430 1.8 13 7 1 2 19% 20346 3417 28%
c p 12.12  0 76 64 34159  9 610275 33444 1.8 13 7 1 2 19% 20346 3417 28%
c 
c  seconds  reductions    conflicts         size  tier2      variables
c         MB      restarts       redundant     glue  trail        remaining
c          level        rate          size/glue tier1  irredundant
c 
c } 12.23  0 75 64 34715  9 619989 42116 1.8 13 7 1 2 18% 20346 3417 28%
c [ 12.23  0 154 64 34715  1 619989 42116 2.2 57 26 1 2 47% 20346 3417 28%
c - 12.39  0 152 65 34721  1 629808 35627 2.2 55 25 1 2 45% 20346 3417 28%
c p 12.40  0 152 65 34721  1 629808 35630 2.2 55 25 1 2 45% 20346 3417 28%
c u 12.40  0 152 65 34721  1 629808 35401 2.2 55 25 1 2 45% 20346 3417 28%
c v 12.41  0 152 65 34721  1 629808 35114 2.2 55 25 1 2 45% 20346 3417 28%
c w 12.41  0 152 65 34721  1 629808 35113 2.2 55 25 1 2 45% 20346 3417 28%
c I 12.42  0 152 65 34721  1 630078 35369 2.2 55 25 1 2 45% 20346 3417 28%
c - 12.83  0 151 66 34730  1 649648 35928 2.2 56 25 1 2 45% 20346 3417 28%
c p 12.83  0 151 66 34730  1 649648 35937 2.2 56 25 1 2 45% 20346 3417 28%
c u 12.84  0 151 66 34730  1 649648 35896 2.2 56 25 1 2 45% 20346 3417 28%
c v 12.84  0 151 66 34730  1 649648 35783 2.2 56 25 1 2 45% 20346 3417 28%
c w 12.84  0 151 66 34730  1 649648 35782 2.2 56 25 1 2 45% 20346 3417 28%
c B 13.23  0 149 66 34731  1 666079 51551 2.2 57 26 1 2 44% 20346 3417 28%
c - 13.31  0 149 67 34731  1 669800 34344 2.2 57 26 1 2 44% 20346 3417 28%
c p 13.31  0 149 67 34731  1 669800 34351 2.2 57 26 1 2 44% 20346 3417 28%
c u 13.32  0 149 67 34731  1 669800 34136 2.2 57 26 1 2 44% 20346 3417 28%
c v 13.32  0 149 67 34731  1 669800 34127 2.2 57 26 1 2 44% 20346 3417 28%
c w 13.32  0 149 67 34731  1 669800 34126 2.2 57 26 1 2 44% 20346 3417 28%
c ] 13.44  0 149 67 34732  1 674880 38989 2.2 57 26 1 2 44% 20346 3417 28%
c 
c  seconds  reductions    conflicts         size  tier2      variables
c         MB      restarts       redundant     glue  trail        remaining
c          level        rate          size/glue tier1  irredundant
c 
c { 13.44  0 75 67 34732  9 674880 38989 1.8 13 7 1 2 18% 20346 3417 28%
c s 13.56  0 75 67 35554  9 679932 43376 1.8 13 7 1 2 18% 20346 3417 28%
c e 13.58  0 75 67 35554  9 679932 29389 1.8 13 7 1 2 18% 21310 3071 25%
c s 13.59  0 75 67 35554  9 679932 29285 1.8 13 7 1 2 18% 21237 3071 25%
c e 13.59  0 75 67 35554  9 679932 29148 1.8 13 7 1 2 18% 21261 3061 25%
c - 13.77  0 75 68 36929 10 690260 27266 1.8 13 7 1 2 18% 21261 3061 25%
c 2 13.78  0 75 68 36929 10 690260 27261 1.8 13 7 1 2 18% 21261 3061 25%
c p 13.78  0 75 68 36929 10 690260 27304 1.8 13 7 1 2 18% 21261 3061 25%
c u 13.78  0 75 68 36929 10 690260 27143 1.8 13 7 1 2 18% 21261 3061 25%
c v 13.78  0 75 68 36929 10 690260 27142 1.8 13 7 1 2 18% 21261 3061 25%
c w 13.78  0 75 68 36929 10 690260 27142 1.8 13 7 1 2 18% 21261 3061 25%
c f 13.79  0 75 68 36929 10 690260 27130 1.8 13 7 1 2 18% 21167 3082 25%
c W 14.07  0 75 68 38539 10 703080 38773 1.8 13 7 1 2 17% 21167 3082 25%
c - 14.24  0 74 69 39519 10 711031 30710 1.8 13 7 1 2 17% 21167 3082 25%
c p 14.24  0 74 69 39519 10 711031 30748 1.8 13 7 1 2 17% 21167 3082 25%
c u 14.25  0 74 69 39519 10 711031 30469 1.8 13 7 1 2 17% 21167 3082 25%
c v 14.25  0 74 69 39519 10 711031 30288 1.8 13 7 1 2 17% 21167 3082 25%
c } 14.39  0 74 69 40513 10 718630 37214 1.8 13 7 1 2 17% 21167 3082 25%
c [ 14.39  0 149 69 40513  1 718630 37214 2.2 57 26 1 2 48% 21167 3082 25%
c - 14.73  0 148 70 40513  1 732112 32089 2.2 60 27 1 2 48% 21167 3082 25%
c 
c  seconds   reductions    conflicts         size   tier2      variables
c         MB       restarts       redundant     glue   trail        remaining
c           level        rate          size/glue  tier1  irredundant
c 
c p 14.73  0 148 70 40513  1 732112 32120 2.2 60 27 1 2 48% 21167 3082 25%
c u 14.74  0 148 70 40513  1 732112 31819 2.2 60 27 1 2 48% 21167 3082 25%
c v 14.74  0 148 70 40513  1 732112 31619 2.2 60 27 1 2 48% 21167 3082 25%
c w 14.74  0 148 70 40513  1 732112 31617 2.2 60 27 1 2 48% 21167 3082 25%
c W 14.95  0 149 70 40513  1 741082 40074 2.2 60 27 1 2 48% 21167 3082 25%
c - 15.23  0 149 71 40514  1 753502 32217 2.2 61 28 1 2 47% 21167 3082 25%
c p 15.24  0 149 71 40514  1 753502 32240 2.2 61 28 1 2 47% 21167 3082 25%
c u 15.27  0 149 71 40514  1 753502 31937 2.2 61 28 1 2 47% 21167 3082 25%
c v 15.27  0 149 71 40514  1 753502 31748 2.2 61 28 1 2 47% 21167 3082 25%
c w 15.27  0 149 71 40514  1 753502 31748 2.2 61 28 1 2 47% 21167 3082 25%
c ] 15.77  0 150 71 40514  1 774183 51312 2.3 63 27 1 2 50% 21167 3082 25%
c { 15.77  0 74 71 40514 10 774183 51312 1.8 13 7 1 2 17% 21167 3082 25%
c s 15.80  0 74 71 40598 10 775003 51820 1.8 13 7 1 2 17% 21157 3082 25%
c e 15.81  0 74 71 40598 10 775003 49536 1.8 13 7 1 2 17% 21173 3075 25%
c s 15.82  0 74 71 40598 10 775003 49438 1.8 13 7 1 2 17% 21165 3075 25%
c - 15.83  0 74 72 40618 10 775204 31365 1.8 13 7 1 2 17% 21165 3075 25%
c 2 15.83  0 74 72 40618 10 775204 31364 1.8 13 7 1 2 17% 21165 3075 25%
c p 15.83  0 74 72 40618 10 775204 31380 1.8 13 7 1 2 17% 21165 3075 25%
c u 15.84  0 74 72 40618 10 775204 31276 1.8 13 7 1 2 17% 21165 3075 25%
c v 15.84  0 74 72 40618 10 775204 31193 1.8 13 7 1 2 17% 21165 3075 25%
c 
c  seconds  reductions    conflicts         size  tier2      variables
c         MB      restarts       redundant     glue  trail        remaining
c          level        rate          size/glue tier1  irredundant
c 
c w 15.84  0 74 72 40618 10 775204 31193 1.8 13 7 1 2 17% 21165 3075 25%
c F 15.93  0 74 72 41173 10 780083 35675 1.8 13 7 1 2 17% 21165 3075 25%
c - 16.31  0 73 73 43593 11 797215 34378 1.8 13 7 1 2 17% 21165 3075 25%
c p 16.31  0 73 73 43593 11 797215 34390 1.8 13 7 1 2 17% 21165 3075 25%
c u 16.32  0 73 73 43593 11 797215 34105 1.8 13 7 1 2 17% 21165 3075 25%
c v 16.32  0 73 73 43593 11 797215 33850 1.8 13 7 1 2 17% 21165 3075 25%
c } 16.70  0 73 73 46193 11 814093 49334 1.8 13 7 1 2 17% 21165 3075 25%
c [ 16.70  0 150 73 46193  1 814093 49334 2.3 63 27 1 2 50% 21165 3075 25%
c - 16.87  0 149 74 46193  1 819536 35669 2.3 64 28 1 2 49% 21165 3075 25%
c p 16.87  0 149 74 46193  1 819536 35681 2.3 64 28 1 2 49% 21165 3075 25%
c u 16.88  0 149 74 46193  1 819536 35479 2.3 64 28 1 2 49% 21165 3075 25%
c v 16.88  0 149 74 46193  1 819536 35210 2.3 64 28 1 2 49% 21165 3075 25%
c w 16.88  0 149 74 46193  1 819536 35209 2.3 64 28 1 2 49% 21165 3075 25%
c O 16.90  0 149 74 46193  1 820084 35734 2.3 64 28 1 2 49% 21165 3075 25%
c - 17.35  0 140 75 46193  1 842168 35983 2.4 63 27 1 2 48% 21165 3075 25%
c p 17.35  0 140 75 46193  1 842168 35995 2.4 63 27 1 2 48% 21165 3075 25%
c u 17.36  0 140 75 46193  1 842168 35764 2.4 63 27 1 2 48% 21165 3075 25%
c v 17.36  0 140 75 46193  1 842168 35545 2.4 63 27 1 2 48% 21165 3075 25%
c w 17.36  0 140 75 46193  1 842168 35544 2.4 63 27 1 2 48% 21165 3075 25%
c B 17.78  0 139 75 46197  1 861085 53525 2.3 62 27 1 2 47% 21165 3075 25%
c 
c  seconds   reductions    conflicts         size   tier2      variables
c         MB       restarts       redundant     glue   trail        remaining
c           level        rate          size/glue  tier1  irredundant
c 
c - 17.82  0 139 76 46200  1 865110 35142 2.3 60 27 1 2 46% 21165 3075 25%
c p 17.82  0 139 76 46200  1 865110 35154 2.3 60 27 1 2 46% 21165 3075 25%
c u 17.84  0 139 76 46200  1 865110 35100 2.3 60 27 1 2 46% 21165 3075 25%
c v 17.84  0 139 76 46200  1 865110 35098 2.3 60 27 1 2 46% 21165 3075 25%
c w 17.84  0 139 76 46200  1 865110 35097 2.3 60 27 1 2 46% 21165 3075 25%
c f 17.84  0 139 76 46200  1 865110 35095 2.3 60 27 1 2 46% 21162 3076 25%
c s 17.94  0 139 76 46205  1 875192 43853 2.3 57 25 1 2 44% 21162 3076 25%
c s 17.95  0 139 76 46205  1 875192 43793 2.3 57 25 1 2 44% 21162 3076 25%
c ^ 17.95  0 139 76 46205  1 875192 43793 2.3 57 25 1 2 44% 21162 3076 25%
c - 18.07  0 133 77 46208  1 888364 35377 2.2 52 24 1 2 40% 21162 3076 25%
c p 18.07  0 133 77 46208  1 888364 35388 2.2 52 24 1 2 40% 21162 3076 25%
c W 18.26  0 133 77 46215  1 903086 48237 2.2 48 22 1 2 38% 21162 3076 25%
c ] 18.28  0 133 77 46217  1 905602 50373 2.2 48 22 1 2 37% 21162 3076 25%
c { 18.28  0 73 77 46217 11 905602 50373 1.8 13 7 1 2 17% 21162 3076 25%
c - 18.41  0 74 78 47094 12 911927 36803 1.8 13 7 1 2 18% 21162 3076 25%
c p 18.41  0 74 78 47094 12 911927 36806 1.8 13 7 1 2 18% 21162 3076 25%
c u 18.42  0 74 78 47094 12 911927 36684 1.8 13 7 1 2 18% 21162 3076 25%
c v 18.42  0 74 78 47094 12 911927 36539 1.8 13 7 1 2 18% 21162 3076 25%
c - 18.99  0 73 79 50429 12 935801 39577 1.8 14 8 1 2 18% 21162 3076 25%
c p 18.99  0 73 79 50429 12 935801 39586 1.8 14 8 1 2 18% 21162 3076 25%
c 
c  seconds  reductions    conflicts         size  tier2      variables
c         MB      restarts       redundant     glue  trail        remaining
c          level        rate          size/glue tier1  irredundant
c 
c u 19.00  0 73 79 50429 12 935801 39391 1.8 14 8 1 2 18% 21162 3076 25%
c v 19.01  0 73 79 50429 12 935801 39056 1.8 14 8 1 2 18% 21162 3076 25%
c w 19.01  0 73 79 50429 12 935801 39055 1.8 14 8 1 2 18% 21162 3076 25%
c B 19.22  0 73 79 51845 12 946088 48452 1.8 14 8 1 2 18% 21162 3076 25%
c } 19.27  0 73 79 52146 12 947726 49984 1.8 14 8 1 2 18% 21162 3076 25%
c [ 19.27  0 133 79 52146  1 947726 49984 2.2 48 22 1 2 37% 21162 3076 25%
c - 19.36  0 130 80 52152  1 959985 41001 2.2 44 20 1 2 35% 21162 3076 25%
c p 19.36  0 130 80 52152  1 959985 41012 2.2 44 20 1 2 35% 21162 3076 25%
c u 19.40  0 130 80 52152  1 959985 40862 2.2 44 20 1 2 35% 21162 3076 25%
c v 19.40  0 130 80 52152  1 959985 40622 2.2 44 20 1 2 35% 21162 3076 25%
c w 19.40  0 130 80 52152  1 959985 40621 2.2 44 20 1 2 35% 21162 3076 25%
c s 19.61  0 119 80 52153  1 980922 58478 2.1 40 19 1 2 31% 21162 3076 25%
c e 19.62  0 119 80 52153  1 980922 47305 2.1 40 19 1 2 31% 22830 2837 23%
c s 19.64  0 119 80 52153  1 980922 47044 2.1 40 19 1 2 31% 22677 2837 23%
c e 19.64  0 119 80 52153  1 980922 46985 2.1 40 19 1 2 31% 22700 2833 23%
c - 19.72  0 121 81 52153  1 984479 35417 2.1 40 19 1 2 31% 22700 2833 23%
c 2 19.72  0 121 81 52153  1 984479 35415 2.1 40 19 1 2 31% 22699 2833 23%
c p 19.72  0 121 81 52153  1 984479 35428 2.1 40 19 1 2 31% 22699 2833 23%
c f 19.73  0 121 81 52153  1 984479 35428 2.1 40 19 1 2 31% 22681 2835 23%
c I 19.86  0 123 81 52158  1 990091 40764 2.1 42 20 1 2 32% 22681 2835 23%
c 
c  seconds   reductions     conflicts         size   tier2      variables
c         MB       restarts        redundant     glue   trail        remaining
c           level        rate           size/glue  tier1  irredundant
c 
c ] 20.01  0 124 81 52163  1 1000000 50007 2.1 42 20 1 2 32% 22681 2835 23%
c ? 20.01  0 124 81 52163  1 1000000 50007 2.1 42 20 1 2 32% 22681 2835 23%
c 
c --- [ result ] -------------------------------------------------------------
c 
c UNKNOWN
c 
c --- [ run-time profiling ] -------------------------------------------------
c 
c process time taken by individual solving procedures
c (percentage relative to process time for solving)
c 
c        18.27   91.32% search
c        10.71   53.56% stable
c         7.16   35.81% unstable
c         1.73    8.67% simplify
c         0.40    2.01% vivify
c         0.39    1.94% walk
c         0.32    1.62% sweep
c         0.30    1.50% subsume
c         0.22    1.12% factor
c         0.15    0.73% congruence
c         0.12    0.60% elim
c         0.05    0.24% preprocess
c         0.04    0.21% probe
c         0.03    0.17% ternary
c         0.02    0.08% backbone
c         0.01    0.05% fastelim
c         0.01    0.04% parse
c         0.00    0.01% lucky
c   =================================
c        20.00   99.96% solve
c 
c last line shows process time for solving
c (percentage relative to total process time)
c 
c --- [ statistics ] ---------------------------------------------------------
c 
c chronological:            288576        28.86 %  of conflicts
c conflicts:               1000000     49989.28    per second
c backbone:                1134973      8679.82 %  of vars
c decisions:               5930420    296457.42    per second
c eliminated:                 7267        55.58 %  of all variables
c factored:                    740        23.98 %  of variables
c fixed:                       943         7.21 %  of all variables
c learned:                  955513        95.55 %  per conflict
c learned_lits:           38858015       100.00 %  learned literals
c minimized:                     0         0.00 %  learned literals
c shrunken:                1355777         3.49 %  learned literals
c minishrunken:            3441543         8.86 %  learned literals
c otfs:                      28128         2.81 %  of conflict
c propagations:          110104419         5.50 M  per second
c reduced:                  793841        79.38 %  per conflict
c rephased:                     44     22727.27    interval
c restarts:                  52163        19.17    interval
c stabilizing:                  20        56.63 %  of conflicts
c substituted:                2031        15.53 %  of all variables
c sweep equivs:                528        12.64 %  of swept variables
c subsumed:                  53688         5.04 %  of all clauses
c strengthened:              59158         5.55 %  of all clauses
c ticks:                1375134549        12.76    propagation
c vivified:                   6469         0.61 %  of all clauses
c walked:                       13     76923.08    interval
c weakened:                  43647         2.92    average size
c congruence:                   24     41666.67    interval
c 
c seconds are measured in process time for solving
c 
c --- [ glue usage ] ---------------------------------------------------------
c 
c focused glue 1 used 1821359 clauses 70.25% accumulated 70.25% tier1
c focused glue 2 used 372775 clauses 14.37% accumulated 84.63% tier2
c 
c stable glue 1 used 2954650 clauses 54.59% accumulated 54.59% tier1
c stable glue 2 used 693958 clauses 12.82% accumulated 67.42% tier2
c 
c 
c --- [ resources ] ----------------------------------------------------------
c 
c total process time since initialization:        20.01    seconds
c total real time since initialization:           20.06    seconds
c maximum resident set size of process:        70064.00    MB
c 
c --- [ shutting down ] ------------------------------------------------------
c 
c exit 0
