c --- [ banner ] -------------------------------------------------------------
c 
c CaDiCaL SAT Solver
c Copyright (c) 2016-2025
c A. Biere, M. Fleury, N. Froleyks, K. Fazekas, F. Pollitt, T. Faller
c JKU Linz, University of Freiburg, TU Wien
c 
c Version 3.0.0
c Apple clang version 17.0.0 (clang-1700.6.3.2) -Wall -Wextra -O3 -DNDEBUG -DNCLOSEFROM
c Tue Dec 23 21:53:38 UTC 2025 Darwin Tahoe-arm64.local 25.2.0 arm64
c 
c --- [ limit ] --------------------------------------------------------------
c 
c setting conflict limit to 1000000 conflicts (due to '1000000')
c 
c --- [ parsing input ] ------------------------------------------------------
c 
c reading DIMACS file from '/tmp/sr59_cnfs/aux_force_sr59_n32_bit19_m51ca0b34_fill55555555.cnf'
c opening file to read '/tmp/sr59_cnfs/aux_force_sr59_n32_bit19_m51ca0b34_fill55555555.cnf'
c found 'p cnf 12284 51301' header
c parsed 51301 clauses in 0.01 seconds process time
c 
c --- [ options ] ------------------------------------------------------------
c 
c   --seed=1                       (different from default '0')
c 
c --- [ solving ] ------------------------------------------------------------
c 
c time measured in process time since initialization
c 
c  seconds  reduction conflicts       size tier2       variables
c         MB    restarts   redundant    glue  trail         remaining
c          level     rate       size/glu tier1  irredundant
c 
c *  0.01  0  0 0   0  0    0    0 0.0 0 0 2 6  0% 50788 11803 96%
c (  0.01  0  0 0   0  0    0    0 0.0 0 0 2 6  0% 50788 11803 96%
c .  0.01  0  0 0   0  0    0    0 0.0 0 0 2 6  0% 49764 11803 96%
c c  0.03  0  0 0   0  0    0    0 0.0 0 0 2 6  0% 47028 11332 92%
c d  0.03  0  0 0   0  0    0    0 0.0 0 0 2 6  0% 42928 9976 81%
c 2  0.03  0  0 0   0  0    0    0 0.0 0 0 2 6  0% 42768 9976 81%
c f  0.04  0  0 0   0  0    0    0 0.0 0 0 2 6  0% 42494 10250 83%
c e  0.05  0  0 0   0  0    0    0 0.0 0 0 2 6  0% 28603 5263 43%
c P  0.06  0  0 0   0  0    0    0 0.0 0 0 2 6  0% 28603 5263 43%
c )  0.06  0  0 0   0  0    0    0 0.0 0 0 2 6  0% 28603 5263 43%
c {  0.06  0  0 0   0  0    0    0 0.0 0 0 2 6  0% 28603 5263 43%
c -  0.06  0 974 1   8 35  304  243 1.5 4 3 2 6 19% 28603 5263 43%
c -  0.06  0 470 2  31 24  739  603 1.6 4 3 2 6 15% 28603 5263 43%
c }  0.06  0 372 2  60 24 1001  840 1.6 4 3 2 6 14% 28603 5263 43%
c [  0.06  0  0 2  60  0 1001  840 0.0 0 0 2 6  0% 28603 5263 43%
c O  0.06  0 1907 2  60 1908 1002  841 2.2 9 4 2 6 39% 28603 5263 43%
c -  0.07  0 1888 3  60  7 1419  924 2.0 40 20 2 6 39% 28603 5263 43%
c ]  0.07  0 1886 3  60  5 1653 1128 2.0 45 23 2 6 39% 28603 5263 43%
c {  0.07  0 372 3  60 24 1653 1128 1.6 4 3 2 6 14% 28603 5263 43%
c c  0.09  0 355 3 118 26 2214 1590 1.6 5 3 2 6  5% 28565 5249 43%
c 
c  seconds   reduction conflicts       size tier2      variables
c         MB     restarts   redundant    glue  trail        remaining
c           level     rate       size/glu tier1  irredundant
c 
c d  0.09  0 355 3 118 26 2214 1582 1.6 5 3 2 6  5% 28547 5240 43%
c 2  0.09  0 355 3 118 26 2214 1582 1.6 5 3 2 6  5% 28543 5240 43%
c -  0.09  0 328 4 119 24 2361 1377 1.6 5 3 2 6  4% 28543 5240 43%
c O  0.10  0 266 4 213 23 3004 1922 1.6 5 3 2 6 12% 28543 5240 43%
c -  0.10  0 233 5 296 22 3575 2209 1.6 5 3 2 6 13% 28543 5240 43%
c }  0.11  0 207 5 346 20 4065 2594 1.6 5 3 2 6 12% 28543 5240 43%
c [  0.11  0 1886 5 346  5 4065 2594 2.0 45 23 2 6 93% 28543 5240 43%
c s  0.11  0 1556 5 346  4 4212 2723 2.0 40 20 2 6 86% 28537 5240 43%
c t  0.11  0 1556 5 346  4 4212 2723 2.0 40 20 2 6 86% 28535 5240 43%
c e  0.13  0 1556 5 346  4 4212 2510 2.0 40 20 2 6 86% 28497 4965 40%
c s  0.13  0 1556 5 346  4 4212 2440 2.0 40 20 2 6 86% 28399 4965 40%
c e  0.13  0 1556 5 346  4 4212 2425 2.0 40 20 2 6 86% 28378 4962 40%
c c  0.14  0 1003 5 347  4 4714 2757 2.0 27 14 2 6 60% 28284 4934 40%
c d  0.14  0 1003 5 347  4 4714 2709 2.0 27 14 2 6 60% 28250 4917 40%
c =  0.15  0 1003 5 347  4 4714 2709 2.0 27 14 2 6 60% 28198 4878 40%
c -  0.15  0 819 6 347  4 5069 2549 2.0 25 12 4 11 55% 28198 4878 40%
c I  0.17  0 575 6 348  3 6007 3381 2.6 36 14 3 11 47% 28198 4878 40%
c ]  0.17  0 557 6 348  4 6112 3470 2.6 35 14 3 10 46% 28198 4878 40%
c {  0.17  0 207 6 348 20 6112 3470 1.6 5 3 2 6 12% 28198 4878 40%
c -  0.18  0 184 7 494 20 6849 3341 1.6 5 3 2 6 12% 28198 4878 40%
c 
c  seconds   reduction conflicts       size tier2      variables
c         MB     restarts   redundant    glue  trail        remaining
c           level     rate       size/glu tier1  irredundant
c 
c d  0.18  0 172 7 590 20 7318 3600 1.6 6 4 2 3 11% 28198 4861 40%
c c  0.19  0 172 7 590 20 7318 3600 1.6 6 4 2 3 11% 28116 4861 40%
c d  0.19  0 172 7 590 20 7318 3505 1.6 6 4 2 3 11% 28086 4846 39%
c =  0.20  0 172 7 590 20 7318 3505 1.6 6 4 2 3 11% 28042 4813 39%
c t  0.20  0 172 7 590 20 7318 3504 1.6 6 4 2 3 11% 28042 4813 39%
c f  0.20  0 172 7 590 20 7318 3503 1.6 6 4 2 3 11% 27840 5006 41%
c -  0.22  0 146 8 922 20 8917 3768 1.6 6 4 2 3 11% 27840 5006 41%
c }  0.23  0 138 8 1080 20 9743 4434 1.6 6 4 2 3 11% 27840 5006 41%
c [  0.23  0 557 8 1080  4 9743 4434 2.6 35 14 3 10 44% 27840 5006 41%
c B  0.23  0 522 8 1080  3 10009 4645 2.5 34 13 3 10 44% 27840 5006 41%
c d  0.23  0 521 8 1080  3 10016 4402 2.5 34 13 3 10 44% 27840 4968 40%
c c  0.24  0 521 8 1080  3 10016 4402 2.5 34 13 3 10 44% 27763 4968 40%
c d  0.24  0 521 8 1080  3 10016 4332 2.5 34 13 3 10 44% 27737 4955 40%
c 2  0.24  0 521 8 1080  3 10016 4332 2.5 34 13 3 10 44% 27730 4955 40%
c =  0.25  0 521 8 1080  3 10016 4332 2.5 34 13 3 10 44% 27702 4880 40%
c -  0.26  0 381 9 1080  3 11277 4289 2.5 27 11 3 10 12% 27702 4880 40%
c c  0.28  0 303 9 1082  3 12803 5549 2.4 24 10 3 10 17% 27690 4878 40%
c -  0.29  0 267 10 1083  3 13931 5068 2.3 23 10 2 3 18% 27688 4877 40%
c e  0.30  0 257 10 1083  3 14276 4794 2.3 22 10 2 3 18% 27649 4680 38%
c s  0.30  0 257 10 1083  3 14276 4744 2.3 22 10 2 3 18% 27406 4680 38%
c 
c  seconds   reductions   conflicts       size   tier2      variables
c         MB      restarts     redundant     glue   trail        remaining
c           level       rate        size/glue  tier1  irredundant
c 
c W  0.32  0 247 10 1083  3 15012 5364 2.3 22 10 2 3 21% 27405 4680 38%
c 2  0.32  0 235 10 1083  3 15669 5870 2.2 21 10 2 3 21% 27405 4680 38%
c d  0.32  0 235 10 1083  3 15669 5857 2.2 21 10 2 3 21% 27405 4678 38%
c c  0.33  0 235 10 1083  3 15669 5857 2.2 21 10 2 3 21% 27383 4678 38%
c =  0.34  0 235 10 1083  3 15669 5848 2.2 21 10 2 3 21% 27378 4641 38%
c f  0.34  0 235 10 1083  3 15669 5847 2.2 21 10 2 3 20% 27346 4671 38%
c -  0.35  0 216 11 1084  3 16882 5353 2.2 21 9 2 3 20% 27346 4671 38%
c ]  0.36  0 196 11 1084  2 18340 6502 2.1 20 9 2 3 18% 27346 4671 38%
c {  0.36  0 138 11 1084 20 18340 6502 1.6 6 4 2 3 13% 27346 4671 38%
c c  0.38  0 135 11 1134 19 18609 6700 1.6 6 4 2 3 13% 27320 4664 38%
c t  0.38  0 135 11 1134 19 18609 6694 1.6 6 4 2 3 13% 27315 4662 38%
c -  0.40  0 124 12 1461 19 20131 6406 1.6 7 4 2 3 13% 27315 4662 38%
c #  0.41  0 119 12 1661 19 21014 7181 1.6 7 4 2 3 13% 27315 4662 38%
c d  0.42  0 116 12 1810 19 21619 7696 1.6 7 4 1 2 13% 27315 4659 38%
c c  0.43  0 116 12 1810 19 21619 7695 1.6 7 4 1 2 13% 27281 4659 38%
c d  0.43  0 116 12 1810 19 21619 7684 1.6 7 4 1 2 13% 27275 4656 38%
c =  0.44  0 116 12 1810 19 21619 7684 1.6 7 4 1 2 13% 27175 4581 37%
c u  0.44  0 116 12 1810 19 21619 7178 1.6 7 4 1 2 13% 27162 4581 37%
c v  0.44  0 116 12 1810 19 21619 7080 1.6 7 4 1 2 13% 27162 4581 37%
c w  0.44  0 116 12 1810 19 21619 7074 1.6 7 4 1 2 13% 27162 4581 37%
c 
c  seconds   reductions   conflicts       size tier2      variables
c         MB      restarts     redundant    glue  trail        remaining
c           level       rate        size/glu tier1  irredundant
c 
c x  0.44  0 116 12 1810 19 21619 7069 1.6 7 4 1 2 13% 27041 4581 37%
c }  0.47  0 108 12 2199 19 23487 8712 1.6 7 5 1 2 13% 27041 4581 37%
c [  0.47  0 196 12 2199  2 23487 8712 2.1 20 9 2 3 18% 27041 4581 37%
c -  0.48  0 195 13 2199  2 23679 5700 2.1 20 9 2 3 18% 27041 4581 37%
c d  0.49  0 194 13 2199  2 24695 6595 2.2 21 10 2 3 20% 27041 4579 37%
c c  0.50  0 194 13 2199  2 24695 6595 2.2 21 10 2 3 20% 27019 4579 37%
c =  0.50  0 194 13 2199  2 24695 6578 2.2 21 10 2 3 20% 26995 4504 37%
c t  0.50  0 194 13 2199  2 24695 6577 2.2 21 10 2 3 20% 26995 4504 37%
c f  0.51  0 194 13 2199  2 24695 6569 2.2 21 10 2 3 20% 26964 4536 37%
c -  0.54  0 190 14 2201  2 27526 5799 2.1 23 11 2 3 23% 26964 4536 37%
c t  0.55  0 190 14 2201  2 27833 6067 2.1 23 11 2 3 23% 26963 4536 37%
c O  0.55  0 189 14 2202  2 28016 6223 2.1 23 11 2 3 23% 26963 4536 37%
c e  0.57  0 182 14 2202  2 29576 6700 2.0 23 11 2 3 23% 26948 4450 36%
c s  0.57  0 182 14 2202  2 29576 6673 2.0 23 11 2 3 23% 26841 4450 36%
c e  0.57  0 182 14 2202  2 29576 6673 2.0 23 11 2 3 23% 26835 4449 36%
c -  0.60  0 181 15 2204  2 31674 5332 2.0 25 12 2 3 24% 26835 4449 36%
c 2  0.60  0 181 15 2204  2 31674 5319 2.0 25 12 2 3 24% 26835 4449 36%
c d  0.60  0 181 15 2204  2 31674 5315 2.0 25 12 2 3 24% 26834 4447 36%
c 2  0.60  0 181 15 2204  2 31674 5315 2.0 25 12 2 3 24% 26832 4447 36%
c =  0.61  0 181 15 2204  2 31674 5315 2.0 25 12 2 3 24% 26415 4353 35%
c 
c  seconds   reductions   conflicts       size   tier2      variables
c         MB      restarts     redundant     glue   trail        remaining
c           level       rate        size/glue  tier1  irredundant
c 
c ]  0.64  0 179 15 2206  2 35437 8515 2.0 25 12 2 3 29% 26415 4353 35%
c {  0.64  0 108 15 2206 19 35437 8515 1.6 7 5 1 2 14% 26415 4353 35%
c B  0.65  0 107 15 2326 19 36018 9031 1.6 7 5 1 2 14% 26415 4353 35%
c -  0.65  0 107 16 2350 19 36123 5757 1.6 7 5 1 2 14% 26415 4353 35%
c 2  0.66  0 107 16 2350 19 36123 5757 1.6 7 5 1 2 14% 26413 4353 35%
c c  0.66  0 107 16 2350 19 36123 5757 1.6 7 5 1 2 14% 26407 4353 35%
c f  0.67  0 107 16 2350 19 36123 5750 1.6 7 5 1 2 14% 26365 4368 36%
c -  0.73  0 97 17 3092 18 40875 6875 1.6 8 5 1 2 15% 26365 4368 36%
c d  0.73  0 97 17 3092 18 40875 6867 1.6 8 5 1 2 15% 26363 4365 36%
c p  0.73  0 97 17 3092 18 40875 6879 1.6 8 5 1 2 15% 26363 4365 36%
c c  0.73  0 97 17 3092 18 40875 6879 1.6 8 5 1 2 15% 26355 4365 36%
c u  0.74  0 97 17 3092 18 40875 5994 1.6 8 5 1 2 15% 26304 4364 36%
c v  0.74  0 97 17 3092 18 40875 5964 1.6 8 5 1 2 15% 26304 4364 36%
c f  0.74  0 97 17 3092 18 40875 5958 1.6 8 5 1 2 15% 26302 4372 36%
c }  0.78  0 93 17 3658 17 43896 8647 1.6 8 5 1 2 15% 26302 4372 36%
c [  0.78  0 179 17 3658  2 43896 8647 2.0 25 12 2 3 29% 26302 4372 36%
c B  0.80  0 177 17 3658  2 45019 9684 2.0 26 13 2 3 32% 26302 4372 36%
c -  0.81  0 177 18 3658  2 45929 6920 2.0 26 13 2 3 31% 26302 4372 36%
c p  0.81  0 177 18 3658  2 45929 6902 2.0 26 13 2 3 31% 26298 4366 36%
c c  0.82  0 177 18 3658  2 45929 6902 2.0 26 13 2 3 31% 26266 4366 36%
c 
c  seconds   reductions   conflicts       size   tier2      variables
c         MB      restarts     redundant     glue   trail        remaining
c           level       rate        size/glue  tier1  irredundant
c 
c =  0.82  0 177 18 3658  2 45929 6860 2.0 26 13 2 3 31% 26238 4347 35%
c t  0.83  0 177 18 3658  2 45929 6859 2.0 26 13 2 3 31% 26238 4347 35%
c 2  0.83  0 177 18 3658  2 45929 6858 2.0 26 13 2 3 31% 26234 4347 35%
c f  0.83  0 177 18 3658  2 45929 6856 2.0 26 13 2 3 31% 26231 4352 35%
c e  0.89  0 166 18 3659  2 50317 10466 2.0 28 14 2 3 29% 22421 3981 32%
c s  0.89  0 166 18 3659  2 50317 10460 2.0 28 14 2 3 29% 22410 3981 32%
c e  0.89  0 166 18 3659  2 50317 10459 2.0 28 14 2 3 29% 22407 3980 32%
c -  0.90  0 166 19 3659  2 51288 6980 2.0 28 14 2 3 29% 22407 3980 32%
c 2  0.90  0 166 19 3659  2 51288 6976 2.0 28 14 2 3 29% 22407 3980 32%
c c  0.90  0 166 19 3659  2 51288 6933 2.0 28 14 2 3 29% 22397 3977 32%
c d  0.90  0 166 19 3659  2 51288 6925 2.0 28 14 2 3 29% 22395 3976 32%
c 2  0.90  0 166 19 3659  2 51288 6925 2.0 28 14 2 3 29% 22393 3976 32%
c ]  1.00  0 156 19 3659  2 54761 10190 2.3 32 14 2 3 31% 22393 3976 32%
c {  1.00  0 93 19 3659 17 54761 10190 1.6 8 5 1 2 15% 22393 3976 32%
c W  1.01  0 93 19 3681 17 55020 10416 1.6 8 5 1 2 15% 22393 3976 32%
c -  1.04  0 90 20 3922 17 56949 7548 1.6 8 5 1 2 15% 22393 3976 32%
c p  1.04  0 90 20 3922 17 56949 7704 1.6 8 5 1 2 15% 22393 3976 32%
c u  1.05  0 90 20 3922 17 56949 6935 1.6 8 5 1 2 15% 22148 3976 32%
c v  1.05  0 90 20 3922 17 56949 6920 1.6 8 5 1 2 15% 22148 3976 32%
c x  1.05  0 90 20 3922 17 56949 6919 1.6 8 5 1 2 15% 22135 3976 32%
c 
c  seconds  reductions   conflicts       size tier2      variables
c         MB     restarts     redundant    glue  trail        remaining
c          level       rate        size/glu tier1  irredundant
c 
c f  1.05  0 90 20 3922 17 56949 6909 1.6 8 5 1 2 15% 22123 3991 32%
c -  1.12  0 85 21 4743 16 62914 8157 1.6 9 5 1 2 14% 22123 3991 32%
c p  1.12  0 85 21 4743 16 62914 8128 1.6 9 5 1 2 14% 22117 3988 32%
c =  1.13  0 85 21 4743 16 62914 8125 1.6 9 5 1 2 14% 22117 3986 32%
c f  1.13  0 85 21 4743 16 62914 8123 1.6 9 5 1 2 14% 22110 3989 32%
c F  1.18  0 84 21 5332 16 66021 10889 1.6 9 5 1 2 15% 22110 3989 32%
c }  1.19  0 82 21 5454 16 67527 12185 1.7 9 5 1 2 14% 22110 3989 32%
c [  1.19  0 156 21 5454  2 67527 12185 2.3 32 14 2 3 31% 22110 3989 32%
c -  1.21  0 155 22 5454  2 69186 9289 2.2 33 15 2 3 30% 22110 3989 32%
c e  1.33  0 156 22 5459  2 75249 14276 2.2 34 16 1 2 31% 22057 3971 32%
c s  1.33  0 156 22 5459  2 75249 14268 2.2 34 16 1 2 31% 22052 3971 32%
c -  1.34  0 155 23 5459  2 75762 9503 2.2 34 16 1 2 31% 22051 3971 32%
c 2  1.34  0 155 23 5459  2 75762 9500 2.2 34 16 1 2 31% 22051 3971 32%
c p  1.34  0 155 23 5459  2 75762 9584 2.2 34 16 1 2 31% 22051 3971 32%
c u  1.34  0 155 23 5459  2 75762 8967 2.2 34 16 1 2 31% 22047 3971 32%
c v  1.34  0 155 23 5459  2 75762 8862 2.2 34 16 1 2 31% 22047 3971 32%
c w  1.34  0 155 23 5459  2 75762 8862 2.2 34 16 1 2 31% 22047 3971 32%
c t  1.34  0 155 23 5459  2 75762 8861 2.2 34 16 1 2 31% 22047 3971 32%
c f  1.35  0 155 23 5459  2 75762 8816 2.2 34 16 1 2 31% 22067 3994 33%
c W  1.39  0 155 23 5461  2 78023 10890 2.2 35 16 1 2 32% 22067 3994 33%
c 
c  seconds   reductions   conflicts       size   tier2      variables
c         MB      restarts     redundant     glue   trail        remaining
c           level       rate        size/glue  tier1  irredundant
c 
c -  1.47  0 156 24 5462  2 82643 8952 2.2 38 18 1 2 33% 22067 3994 33%
c p  1.48  0 156 24 5462  2 82643 9022 2.2 38 18 1 2 33% 22067 3994 33%
c =  1.48  0 156 24 5462  2 82643 9015 2.2 38 18 1 2 33% 22028 3985 32%
c f  1.49  0 156 24 5462  2 82643 8989 2.2 38 18 1 2 33% 22042 3997 33%
c ]  1.50  0 156 24 5463  2 83589 9879 2.2 38 18 1 2 33% 22042 3997 33%
c {  1.50  0 82 24 5463 16 83589 9879 1.7 9 5 1 2 14% 22042 3997 33%
c -  1.57  0 79 25 6100 15 89831 10456 1.7 9 5 1 2 14% 22042 3997 33%
c p  1.57  0 79 25 6100 15 89831 10568 1.7 9 5 1 2 14% 22042 3996 33%
c f  1.58  0 79 25 6100 15 89831 10518 1.7 9 5 1 2 14% 22064 4014 33%
c B  1.60  0 79 25 6349 15 91024 11576 1.7 9 5 1 2 14% 22064 4014 33%
c -  1.71  0 78 26 7579 15 97324 11939 1.7 9 6 1 2 14% 22064 4014 33%
c p  1.71  0 78 26 7579 15 97324 12091 1.7 9 6 1 2 14% 22064 4014 33%
c u  1.71  0 78 26 7579 15 97324 11227 1.7 9 6 1 2 14% 22064 4014 33%
c v  1.72  0 78 26 7579 15 97324 11028 1.7 9 6 1 2 14% 22064 4014 33%
c f  1.72  0 78 26 7579 15 97324 11005 1.7 9 6 1 2 14% 22076 4024 33%
c }  1.73  0 78 26 7711 15 98078 11681 1.7 9 6 1 2 14% 22075 4024 33%
c [  1.73  0 156 26 7711  2 98078 11681 2.2 38 18 1 2 33% 22075 4024 33%
c e  1.90  0 157 26 7715  2 104930 17976 2.1 43 20 1 2 34% 22064 4016 33%
c s  1.90  0 157 26 7715  2 104930 17976 2.1 43 20 1 2 34% 22060 4016 33%
c e  1.90  0 157 26 7715  2 104930 17969 2.1 43 20 1 2 34% 22057 4015 33%
c 
c  seconds   reductions   conflicts         size   tier2      variables
c         MB      restarts       redundant     glue   trail        remaining
c           level       rate          size/glue  tier1  irredundant
c 
c I  1.91  0 157 26 7715  2 105026 18058 2.2 43 20 1 2 68% 22057 4015 33%
c -  1.92  0 157 27 7715  2 105123 11726 2.2 43 20 1 2 53% 22057 4015 33%
c p  1.92  0 157 27 7715  2 105123 11837 2.2 43 20 1 2 53% 22057 4015 33%
c =  1.93  0 157 27 7715  2 105123 11832 2.2 43 20 1 2 53% 22053 4010 33%
c f  1.93  0 157 27 7715  2 105123 11824 2.2 43 20 1 2 53% 22059 4012 33%
c -  2.05  0 154 28 7717  2 113230 11758 2.2 43 20 1 2 45% 22059 4012 33%
c p  2.05  0 154 28 7717  2 113230 11745 2.2 43 20 1 2 45% 22059 4010 33%
c =  2.06  0 154 28 7717  2 113230 11673 2.2 43 20 1 2 45% 22059 3991 32%
c u  2.06  0 154 28 7717  2 113230 11386 2.2 43 20 1 2 45% 22058 3991 32%
c v  2.06  0 154 28 7717  2 113230 11373 2.2 43 20 1 2 45% 22058 3991 32%
c w  2.06  0 154 28 7717  2 113230 11373 2.2 43 20 1 2 45% 22058 3991 32%
c x  2.06  0 154 28 7717  2 113230 11366 2.2 43 20 1 2 45% 21979 3991 32%
c f  2.07  0 154 28 7717  2 113230 11366 2.2 43 20 1 2 45% 21969 3993 33%
c ]  2.12  0 155 28 7717  2 117462 15237 2.2 43 19 1 2 42% 21969 3993 33%
c {  2.12  0 78 28 7717 15 117462 15237 1.7 9 6 1 2 16% 21969 3993 33%
c W  2.17  0 77 28 8141 15 120029 17497 1.7 9 6 1 2 16% 21969 3993 33%
c -  2.19  0 77 29 8407 15 121643 12020 1.7 10 6 1 2 16% 21969 3993 33%
c p  2.20  0 77 29 8407 15 121643 12117 1.7 10 6 1 2 16% 21969 3993 33%
c -  2.35  0 75 30 9794 15 130363 13533 1.7 10 6 1 2 16% 21969 3993 33%
c p  2.35  0 75 30 9794 15 130363 13614 1.7 10 6 1 2 16% 21969 3993 33%
c 
c  seconds  reductions   conflicts         size  tier2      variables
c         MB     restarts       redundant     glue  trail        remaining
c          level       rate          size/glue tier1  irredundant
c 
c u  2.36  0 75 30 9794 15 130363 12934 1.7 10 6 1 2 16% 21898 3993 33%
c v  2.36  0 75 30 9794 15 130363 12861 1.7 10 6 1 2 16% 21898 3993 33%
c t  2.36  0 75 30 9794 15 130363 12860 1.7 10 6 1 2 16% 21898 3993 33%
c }  2.43  0 74 30 10408 15 134647 16679 1.7 10 6 1 2 16% 21898 3993 33%
c [  2.43  0 155 30 10408  2 134647 16679 2.2 43 19 1 2 42% 21898 3993 33%
c B  2.45  0 155 30 10409  2 136031 17963 2.2 43 19 1 2 43% 21898 3993 33%
c e  2.53  0 157 30 10409  2 139340 21021 2.2 44 20 1 2 43% 21890 3987 32%
c ^  2.53  0 157 30 10409  2 139340 21021 2.2 44 20 1 2 43% 21890 3987 32%
c -  2.54  0 157 31 10409  2 139390 14094 2.2 44 20 1 2 43% 21890 3987 32%
c p  2.54  0 157 31 10409  2 139390 14100 2.2 44 20 1 2 43% 21890 3987 32%
c -  2.82  0 159 32 10409  2 148725 14266 2.2 50 23 1 2 43% 21888 3987 32%
c p  2.82  0 159 32 10409  2 148725 14406 2.2 50 23 1 2 43% 21883 3986 32%
c u  2.83  0 159 32 10409  2 148725 14089 2.2 50 23 1 2 43% 21883 3986 32%
c v  2.83  0 159 32 10409  2 148725 13954 2.2 50 23 1 2 43% 21883 3986 32%
c w  2.83  0 159 32 10409  2 148725 13952 2.2 50 23 1 2 43% 21883 3986 32%
c x  2.83  0 159 32 10409  2 148725 13950 2.2 50 23 1 2 43% 21718 3986 32%
c t  2.83  0 159 32 10409  2 148725 13945 2.2 50 23 1 2 43% 21718 3986 32%
c ]  2.88  0 160 32 10409  2 150235 15331 2.2 51 23 1 2 44% 21718 3986 32%
c {  2.88  0 74 32 10409 15 150235 15331 1.7 10 6 1 2 16% 21718 3986 32%
c #  2.92  0 74 32 10694 15 153034 17808 1.7 10 6 1 2 16% 21718 3986 32%
c 
c  seconds  reductions    conflicts         size  tier2      variables
c         MB      restarts       redundant     glue  trail        remaining
c          level        rate          size/glue tier1  irredundant
c 
c -  3.02  0 74 33 11870 15 158369 14853 1.7 10 6 1 2 16% 21718 3986 32%
c p  3.03  0 74 33 11870 15 158369 14919 1.7 10 6 1 2 16% 21718 3986 32%
c u  3.03  0 74 33 11870 15 158369 14474 1.7 10 6 1 2 16% 21622 3986 32%
c v  3.03  0 74 33 11870 15 158369 14467 1.7 10 6 1 2 16% 21622 3986 32%
c w  3.03  0 74 33 11870 15 158369 14466 1.7 10 6 1 2 16% 21622 3986 32%
c }  3.21  0 74 33 13548 15 168116 23322 1.7 11 6 1 2 16% 21622 3986 32%
c [  3.21  0 160 33 13548  2 168116 23322 2.2 51 23 1 2 44% 21622 3986 32%
c -  3.22  0 160 34 13548  2 168317 15935 2.2 51 23 1 2 44% 21622 3986 32%
c p  3.22  0 160 34 13548  2 168317 15996 2.2 51 23 1 2 44% 21622 3986 32%
c =  3.24  0 160 34 13548  2 168317 15973 2.2 51 23 1 2 44% 21602 3957 32%
c u  3.25  0 160 34 13548  2 168317 15738 2.2 51 23 1 2 44% 21602 3957 32%
c v  3.25  0 160 34 13548  2 168317 15563 2.2 51 23 1 2 44% 21602 3957 32%
c w  3.25  0 160 34 13548  2 168317 15562 2.2 51 23 1 2 44% 21602 3957 32%
c 2  3.25  0 160 34 13548  2 168317 15560 2.2 51 23 1 2 44% 21598 3957 32%
c W  3.33  0 159 34 13550  2 171037 18143 2.2 51 24 1 2 44% 21598 3957 32%
c -  3.43  0 157 35 13555  2 178573 16085 2.2 50 23 1 2 41% 21598 3957 32%
c p  3.43  0 157 35 13555  2 178573 16153 2.2 50 23 1 2 41% 21598 3957 32%
c t  3.43  0 157 35 13555  2 178573 16152 2.2 50 23 1 2 41% 21598 3957 32%
c f  3.43  0 157 35 13555  2 178573 16147 2.2 50 23 1 2 41% 21601 3958 32%
c e  3.45  0 157 35 13555  2 178651 13877 2.2 50 23 1 2 40% 21786 3729 30%
c 
c  seconds   reductions    conflicts         size   tier2      variables
c         MB       restarts       redundant     glue   trail        remaining
c           level        rate          size/glue  tier1  irredundant
c 
c ^  3.45  0 157 35 13555  2 178651 13877 2.2 50 23 1 2 40% 21786 3729 30%
c -  3.64  0 160 36 13561  2 189137 14501 2.2 50 23 1 2 41% 21786 3729 30%
c 2  3.64  0 160 36 13561  2 189137 14500 2.2 50 23 1 2 41% 21786 3729 30%
c p  3.64  0 160 36 13561  2 189137 14501 2.2 50 23 1 2 41% 21786 3729 30%
c =  3.66  0 160 36 13561  2 189137 14429 2.2 50 23 1 2 41% 21541 3690 30%
c u  3.66  0 160 36 13561  2 189137 14242 2.2 50 23 1 2 41% 21495 3690 30%
c v  3.66  0 160 36 13561  2 189137 14221 2.2 50 23 1 2 41% 21495 3690 30%
c w  3.66  0 160 36 13561  2 189137 14218 2.2 50 23 1 2 41% 21495 3690 30%
c x  3.66  0 160 36 13561  2 189137 14217 2.2 50 23 1 2 41% 21478 3690 30%
c t  3.66  0 160 36 13561  2 189137 14217 2.2 50 23 1 2 41% 21477 3690 30%
c O  3.69  0 160 36 13561  2 190039 15075 2.2 51 23 1 2 41% 21477 3690 30%
c -  3.84  0 156 37 13563  2 200009 15132 2.2 50 23 1 2 40% 21477 3690 30%
c p  3.85  0 156 37 13563  2 200009 15251 2.2 50 23 1 2 40% 21477 3690 30%
c ]  3.89  0 154 37 13563  2 202885 17925 2.2 49 22 1 2 39% 21477 3690 30%
c {  3.89  0 74 37 13563 15 202885 17925 1.7 11 6 1 2 16% 21477 3690 30%
c B  4.01  0 73 37 14584 15 210041 24387 1.7 11 6 1 2 16% 21477 3690 30%
c -  4.04  0 73 38 14859 15 211191 16598 1.7 11 6 1 2 16% 21477 3690 30%
c p  4.04  0 73 38 14859 15 211191 16602 1.7 11 6 1 2 16% 21477 3690 30%
c u  4.05  0 73 38 14859 15 211191 16049 1.7 11 6 1 2 16% 21373 3690 30%
c v  4.05  0 73 38 14859 15 211191 15843 1.7 11 6 1 2 16% 21373 3690 30%
c 
c  seconds  reductions    conflicts         size  tier2      variables
c         MB      restarts       redundant     glue  trail        remaining
c          level        rate          size/glue tier1  irredundant
c 
c w  4.05  0 73 38 14859 15 211191 15843 1.7 11 6 1 2 16% 21373 3690 30%
c -  4.25  0 73 39 16724 15 222679 17470 1.7 11 6 1 2 16% 21372 3690 30%
c p  4.26  0 73 39 16724 15 222679 17565 1.7 11 6 1 2 16% 21372 3690 30%
c u  4.29  0 73 39 16724 15 222679 17250 1.7 11 6 1 2 16% 21372 3690 30%
c v  4.29  0 73 39 16724 15 222679 17043 1.7 11 6 1 2 16% 21372 3690 30%
c t  4.33  0 73 39 17046 15 224489 18695 1.7 11 6 1 2 16% 21371 3690 30%
c e  4.34  0 73 39 17046 15 224489 16886 1.7 11 6 1 2 16% 20082 3351 27%
c s  4.34  0 73 39 17046 15 224489 16833 1.7 11 6 1 2 16% 20055 3351 27%
c e  4.34  0 73 39 17046 15 224489 16831 1.7 11 6 1 2 16% 20053 3349 27%
c }  4.36  0 73 39 17157 15 225704 17898 1.7 11 6 1 2 21% 20053 3349 27%
c [  4.36  0 154 39 17157  2 225704 17898 2.2 49 22 1 2 47% 20053 3349 27%
c B  4.51  0 154 39 17161  2 231044 22963 2.3 52 23 1 2 48% 20053 3349 27%
c -  4.61  0 155 40 17163  2 234477 16984 2.3 53 23 1 2 48% 20053 3349 27%
c 2  4.61  0 155 40 17163  2 234477 16980 2.3 53 23 1 2 48% 20053 3349 27%
c p  4.61  0 155 40 17163  2 234477 17016 2.3 53 23 1 2 48% 20053 3349 27%
c u  4.62  0 155 40 17163  2 234477 16555 2.3 53 23 1 2 48% 20053 3349 27%
c v  4.62  0 155 40 17163  2 234477 16450 2.3 53 23 1 2 48% 20053 3349 27%
c w  4.62  0 155 40 17163  2 234477 16449 2.3 53 23 1 2 48% 20053 3349 27%
c f  4.63  0 155 40 17163  2 234477 16443 2.3 53 23 1 2 48% 19997 3366 27%
c -  4.91  0 156 41 17170  2 246583 17005 2.3 56 24 1 2 49% 19997 3366 27%
c 
c  seconds   reductions    conflicts         size   tier2      variables
c         MB       restarts       redundant     glue   trail        remaining
c           level        rate          size/glue  tier1  irredundant
c 
c p  4.91  0 156 41 17170  2 246583 17037 2.3 56 24 1 2 49% 19997 3366 27%
c u  4.92  0 156 41 17170  2 246583 16894 2.3 56 24 1 2 49% 19997 3366 27%
c v  4.92  0 156 41 17170  2 246583 16788 2.3 56 24 1 2 49% 19997 3366 27%
c w  4.92  0 156 41 17170  2 246583 16787 2.3 56 24 1 2 49% 19997 3366 27%
c x  4.92  0 156 41 17170  2 246583 16787 2.3 56 24 1 2 49% 19996 3366 27%
c t  4.92  0 156 41 17170  2 246583 16786 2.3 56 24 1 2 49% 19996 3366 27%
c W  5.10  0 157 41 17172  2 253046 22741 2.3 57 25 1 2 50% 19996 3366 27%
c ]  5.13  0 154 41 17172  2 256595 25733 2.3 55 24 1 2 48% 19996 3366 27%
c {  5.13  0 73 41 17172 15 256595 25733 1.7 11 6 1 2 21% 19996 3366 27%
c -  5.17  0 73 42 17508 15 258997 17529 1.7 11 7 1 2 19% 19996 3366 27%
c p  5.17  0 73 42 17508 15 258997 17550 1.7 11 7 1 2 19% 19996 3366 27%
c -  5.41  0 73 43 19560 15 271719 19449 1.7 11 7 1 2 19% 19996 3366 27%
c p  5.42  0 73 43 19560 15 271719 19486 1.7 11 7 1 2 19% 19996 3366 27%
c u  5.42  0 73 43 19560 15 271719 18823 1.7 11 7 1 2 19% 19996 3366 27%
c v  5.43  0 73 43 19560 15 271719 18513 1.7 11 7 1 2 19% 19996 3366 27%
c w  5.43  0 73 43 19560 15 271719 18513 1.7 11 7 1 2 19% 19996 3366 27%
c t  5.43  0 73 43 19560 15 271719 18511 1.7 11 7 1 2 19% 19996 3366 27%
c W  5.51  0 72 43 20266 15 276047 22461 1.7 11 7 1 2 19% 19996 3366 27%
c e  5.52  0 72 43 20282 15 276131 22524 1.7 11 7 1 2 19% 19998 3364 27%
c s  5.52  0 72 43 20282 15 276131 22522 1.7 11 7 1 2 19% 19996 3364 27%
c 
c  seconds  reductions    conflicts         size  tier2      variables
c         MB      restarts       redundant     glue  trail        remaining
c          level        rate          size/glue tier1  irredundant
c 
c }  5.65  0 72 43 21517 15 282219 28072 1.7 12 7 1 2 19% 19996 3364 27%
c [  5.65  0 154 43 21517  2 282219 28072 2.3 55 24 1 2 48% 19996 3364 27%
c -  5.71  0 153 44 21517  2 284750 19964 2.3 55 24 1 2 48% 19996 3364 27%
c p  5.71  0 153 44 21517  2 284750 19997 2.3 55 24 1 2 48% 19996 3364 27%
c u  5.71  0 153 44 21517  2 284750 19693 2.3 55 24 1 2 48% 19996 3364 27%
c v  5.72  0 153 44 21517  2 284750 19456 2.3 55 24 1 2 48% 19996 3364 27%
c w  5.72  0 153 44 21517  2 284750 19455 2.3 55 24 1 2 48% 19996 3364 27%
c -  5.95  0 153 45 21518  2 298091 20421 2.3 54 24 1 2 49% 19996 3364 27%
c p  5.95  0 153 45 21518  2 298091 20438 2.3 54 24 1 2 49% 19996 3364 27%
c t  5.96  0 153 45 21518  2 298091 20437 2.3 54 24 1 2 49% 19996 3364 27%
c I  6.00  0 154 45 21518  2 300049 22265 2.3 55 24 1 2 49% 19996 3364 27%
c -  6.26  0 151 46 21519  1 311741 20058 2.3 56 25 1 2 47% 19996 3364 27%
c p  6.26  0 151 46 21519  1 311741 20069 2.3 56 25 1 2 47% 19996 3364 27%
c u  6.29  0 151 46 21519  1 311741 19632 2.3 56 25 1 2 47% 19996 3364 27%
c v  6.29  0 151 46 21519  1 311741 19619 2.3 56 25 1 2 47% 19996 3364 27%
c w  6.29  0 151 46 21519  1 311741 19618 2.3 56 25 1 2 47% 19996 3364 27%
c ]  6.52  0 153 46 21519  1 323954 31148 2.2 56 25 1 2 47% 19996 3364 27%
c {  6.52  0 72 46 21519 15 323954 31148 1.7 12 7 1 2 19% 19996 3364 27%
c F  6.54  0 72 46 21692 15 325050 32156 1.7 12 7 1 2 19% 19996 3364 27%
c -  6.55  0 72 47 21722 15 325704 19868 1.7 12 7 1 2 18% 19996 3364 27%
c 
c  seconds  reductions    conflicts         size  tier2      variables
c         MB      restarts       redundant     glue  trail        remaining
c          level        rate          size/glue tier1  irredundant
c 
c p  6.55  0 72 47 21722 15 325704 19889 1.7 12 7 1 2 18% 19996 3364 27%
c -  6.84  0 72 48 24113 15 339971 21631 1.7 12 7 1 2 18% 19996 3364 27%
c p  6.84  0 72 48 24113 15 339971 21652 1.7 12 7 1 2 18% 19996 3364 27%
c u  6.85  0 72 48 24113 15 339971 21176 1.7 12 7 1 2 18% 19996 3364 27%
c v  6.85  0 72 48 24113 15 339971 20965 1.7 12 7 1 2 18% 19996 3364 27%
c t  6.86  0 72 48 24113 15 339971 20964 1.7 12 7 1 2 18% 19996 3364 27%
c B  7.08  0 72 48 26018 15 351051 31076 1.7 12 7 1 2 18% 19996 3364 27%
c }  7.10  0 72 48 26156 15 352110 32043 1.7 12 7 1 2 18% 19996 3364 27%
c [  7.10  0 153 48 26156  1 352110 32043 2.2 56 25 1 2 47% 19996 3364 27%
c -  7.13  0 151 49 26156  1 354549 22602 2.2 56 25 1 2 46% 19996 3364 27%
c p  7.13  0 151 49 26156  1 354549 22624 2.2 56 25 1 2 46% 19996 3364 27%
c u  7.14  0 151 49 26156  1 354549 22481 2.2 56 25 1 2 46% 19996 3364 27%
c v  7.14  0 151 49 26156  1 354549 22297 2.2 56 25 1 2 46% 19996 3364 27%
c w  7.14  0 151 49 26156  1 354549 22295 2.2 56 25 1 2 46% 19996 3364 27%
c x  7.14  0 151 49 26156  1 354549 22295 2.2 56 25 1 2 46% 19947 3364 27%
c e  7.15  0 151 49 26156  1 354549 22290 2.2 56 25 1 2 46% 19949 3363 27%
c ^  7.15  0 151 49 26156  1 354549 22290 2.2 56 25 1 2 46% 19949 3363 27%
c -  7.56  0 154 50 26159  1 369436 23382 2.3 61 27 1 2 48% 19949 3363 27%
c p  7.56  0 154 50 26159  1 369436 23400 2.3 61 27 1 2 48% 19949 3363 27%
c u  7.56  0 154 50 26159  1 369436 23140 2.3 61 27 1 2 48% 19949 3363 27%
c 
c  seconds   reductions    conflicts         size   tier2      variables
c         MB       restarts       redundant     glue   trail        remaining
c           level        rate          size/glue  tier1  irredundant
c 
c v  7.57  0 154 50 26159  1 369436 22999 2.3 61 27 1 2 48% 19949 3363 27%
c w  7.57  0 154 50 26159  1 369436 22999 2.3 61 27 1 2 48% 19949 3363 27%
c B  7.70  0 151 50 26163  1 378055 30823 2.3 59 26 1 2 47% 19949 3363 27%
c -  7.75  0 149 51 26169  1 384631 22470 2.3 56 25 1 2 46% 19949 3363 27%
c p  7.75  0 149 51 26169  1 384631 22471 2.3 56 25 1 2 46% 19949 3363 27%
c -  7.98  0 151 52 26172  1 400135 22595 2.2 54 24 1 2 44% 19949 3363 27%
c p  7.98  0 151 52 26172  1 400135 22615 2.2 54 24 1 2 44% 19949 3363 27%
c u  7.98  0 151 52 26172  1 400135 22465 2.2 54 24 1 2 44% 19949 3363 27%
c v  7.98  0 151 52 26172  1 400135 22460 2.2 54 24 1 2 44% 19949 3363 27%
c w  7.98  0 151 52 26172  1 400135 22460 2.2 54 24 1 2 44% 19949 3363 27%
c W  8.09  0 151 52 26176  1 406057 27518 2.2 52 23 1 2 44% 19949 3363 27%
c ]  8.20  0 149 52 26179  1 412840 33920 2.2 52 23 1 2 44% 19949 3363 27%
c {  8.20  0 72 52 26179 15 412840 33920 1.7 12 7 1 2 18% 19949 3363 27%
c -  8.26  0 72 53 26589 15 415951 23650 1.7 12 7 1 2 18% 19949 3363 27%
c p  8.26  0 72 53 26589 15 415951 23651 1.7 12 7 1 2 18% 19949 3363 27%
c t  8.26  0 72 53 26589 15 415951 23650 1.7 12 7 1 2 18% 19949 3363 27%
c e  8.28  0 72 53 26611 15 416194 20098 1.7 12 7 1 2 18% 20840 3078 25%
c s  8.28  0 72 53 26611 15 416194 19939 1.7 12 7 1 2 18% 20784 3078 25%
c e  8.29  0 72 53 26611 15 416194 19487 1.7 12 7 1 2 18% 20840 3049 25%
c -  8.58  0 72 54 28882 14 432074 22262 1.7 13 7 1 2 18% 20840 3049 25%
c 
c  seconds  reductions    conflicts         size  tier2      variables
c         MB      restarts       redundant     glue  trail        remaining
c          level        rate          size/glue tier1  irredundant
c 
c 2  8.58  0 72 54 28882 14 432074 22253 1.7 13 7 1 2 18% 20838 3049 25%
c p  8.58  0 72 54 28882 14 432074 22312 1.7 13 7 1 2 18% 20838 3049 25%
c u  8.59  0 72 54 28882 14 432074 21774 1.7 13 7 1 2 18% 20838 3049 25%
c v  8.59  0 72 54 28882 14 432074 21433 1.7 13 7 1 2 18% 20838 3049 25%
c w  8.59  0 72 54 28882 14 432074 21433 1.7 13 7 1 2 18% 20838 3049 25%
c t  8.59  0 72 54 28882 14 432074 21433 1.7 13 7 1 2 18% 20837 3049 25%
c f  8.60  0 72 54 28882 14 432074 21430 1.7 13 7 1 2 18% 20720 3070 25%
c W  8.67  0 72 54 29308 14 435058 24145 1.7 13 7 1 2 18% 20720 3070 25%
c -  8.91  0 71 55 30988 14 448507 23709 1.7 13 7 1 2 18% 20720 3070 25%
c p  8.91  0 71 55 30988 14 448507 23752 1.7 13 7 1 2 18% 20720 3070 25%
c u  8.92  0 71 55 30988 14 448507 23254 1.7 13 7 1 2 18% 20720 3070 25%
c v  8.92  0 71 55 30988 14 448507 22982 1.7 13 7 1 2 18% 20720 3070 25%
c w  8.92  0 71 55 30988 14 448507 22981 1.7 13 7 1 2 18% 20720 3070 25%
c f  8.92  0 71 55 30988 14 448507 22978 1.7 13 7 1 2 18% 20718 3071 25%
c }  8.96  0 71 55 31277 14 450706 24974 1.7 13 7 1 2 18% 20718 3071 25%
c [  8.96  0 149 55 31277  1 450706 24974 2.2 52 23 1 2 44% 20718 3071 25%
c O  9.13  0 147 55 31284  1 465059 37925 2.2 50 22 1 2 42% 20718 3071 25%
c -  9.13  0 147 56 31284  1 465252 24801 2.2 50 22 1 2 42% 20718 3071 25%
c p  9.14  0 147 56 31284  1 465252 24831 2.2 50 22 1 2 42% 20718 3071 25%
c -  9.25  0 135 57 31285  1 482304 25087 2.2 44 20 1 2 37% 20718 3071 25%
c 
c  seconds   reductions    conflicts         size   tier2      variables
c         MB       restarts       redundant     glue   trail        remaining
c           level        rate          size/glue  tier1  irredundant
c 
c u  9.26  0 135 57 31285  1 482304 24978 2.2 44 20 1 2 37% 20718 3071 25%
c v  9.26  0 135 57 31285  1 482304 24977 2.2 44 20 1 2 37% 20718 3071 25%
c w  9.26  0 135 57 31285  1 482304 24977 2.2 44 20 1 2 37% 20718 3071 25%
c ^  9.32  0 137 57 31285  1 488293 30237 2.2 43 20 1 2 37% 20718 3071 25%
c B  9.38  0 135 57 31290  1 496061 37039 2.2 41 19 1 2 35% 20718 3071 25%
c -  9.40  0 132 58 31292  1 499666 24877 2.2 40 18 1 2 34% 20718 3071 25%
c -  9.58  0 130 59 31300  1 517338 25424 2.1 38 18 1 2 32% 20718 3071 25%
c W  9.73  0 131 59 31303  1 528062 35154 2.1 38 18 1 2 32% 20718 3071 25%
c -  9.81  0 131 60 31307  1 535320 25683 2.1 37 18 1 2 32% 20718 3071 25%
c p  9.81  0 131 60 31307  1 535320 25711 2.1 37 18 1 2 32% 20718 3071 25%
c u  9.81  0 131 60 31307  1 535320 25508 2.1 37 18 1 2 32% 20718 3071 25%
c v  9.81  0 131 60 31307  1 535320 25505 2.1 37 18 1 2 32% 20718 3071 25%
c w  9.81  0 131 60 31307  1 535320 25504 2.1 37 18 1 2 32% 20718 3071 25%
c -  9.99  0 127 61 31315  1 553612 25996 2.0 34 17 1 2 30% 20718 3071 25%
c I 10.06  0 126 61 31316  1 561064 32464 2.0 34 17 1 2 29% 20718 3071 25%
c s 10.17  0 128 61 31316  1 565409 36000 2.1 35 17 1 2 31% 20706 3071 25%
c t 10.17  0 128 61 31316  1 565409 36000 2.1 35 17 1 2 31% 20702 3071 25%
c e 10.18  0 128 61 31316  1 565409 27186 2.1 35 17 1 2 31% 22304 2830 23%
c s 10.19  0 128 61 31316  1 565409 26716 2.1 35 17 1 2 31% 22031 2830 23%
c e 10.20  0 128 61 31316  1 565409 25736 2.1 35 17 1 2 31% 22066 2820 23%
c 
c  seconds   reductions    conflicts         size   tier2      variables
c         MB       restarts       redundant     glue   trail        remaining
c           level        rate          size/glue  tier1  irredundant
c 
c ] 10.22  0 128 61 31316  1 566297 26587 2.1 35 17 1 2 47% 22066 2820 23%
c { 10.22  0 71 61 31316 14 566297 26587 1.7 13 7 1 2 21% 22066 2820 23%
c - 10.29  0 71 62 31803 14 572213 22664 1.7 13 7 1 2 21% 22065 2820 23%
c 2 10.29  0 71 62 31803 14 572213 22663 1.7 13 7 1 2 21% 22065 2820 23%
c p 10.29  0 71 62 31803 14 572213 22682 1.7 13 7 1 2 21% 22065 2820 23%
c u 10.30  0 71 62 31803 14 572213 22427 1.7 13 7 1 2 21% 22065 2820 23%
c v 10.30  0 71 62 31803 14 572213 22335 1.7 13 7 1 2 21% 22065 2820 23%
c w 10.30  0 71 62 31803 14 572213 22335 1.7 13 7 1 2 21% 22065 2820 23%
c f 10.30  0 71 62 31803 14 572213 22335 1.7 13 7 1 2 21% 22047 2822 23%
c - 10.61  0 70 63 33925 13 591124 25927 1.8 13 7 1 2 20% 22047 2822 23%
c p 10.61  0 70 63 33925 13 591124 25944 1.8 13 7 1 2 20% 22047 2822 23%
c u 10.62  0 70 63 33925 13 591124 25616 1.8 13 7 1 2 20% 22047 2822 23%
c v 10.62  0 70 63 33925 13 591124 25437 1.8 13 7 1 2 20% 22047 2822 23%
c # 10.68  0 70 63 34282 13 595070 29038 1.8 13 7 1 2 20% 22047 2822 23%
c - 10.98  0 70 64 36399 13 610345 27538 1.8 13 8 1 2 20% 22047 2822 23%
c p 10.98  0 70 64 36399 13 610345 27555 1.8 13 8 1 2 20% 22047 2822 23%
c u 11.03  0 70 64 36399 13 610345 27125 1.8 13 8 1 2 20% 22047 2822 23%
c v 11.03  0 70 64 36399 13 610345 26781 1.8 13 8 1 2 20% 22047 2822 23%
c t 11.03  0 70 64 36399 13 610345 26780 1.8 13 8 1 2 20% 22047 2822 23%
c } 11.08  0 71 64 36761 13 612534 28825 1.8 13 8 1 2 20% 22047 2822 23%
c 
c  seconds   reductions    conflicts         size   tier2      variables
c         MB       restarts       redundant     glue   trail        remaining
c           level        rate          size/glue  tier1  irredundant
c 
c [ 11.08  0 128 64 36761  1 612534 28825 2.1 35 17 1 2 47% 22047 2822 23%
c - 11.30  0 127 65 36762  1 629877 28001 2.1 36 17 1 2 38% 22046 2822 23%
c p 11.30  0 127 65 36762  1 629877 28015 2.1 36 17 1 2 38% 22046 2822 23%
c B 11.31  0 127 65 36762  1 630071 28190 2.1 36 17 1 2 38% 22046 2822 23%
c - 11.77  0 132 66 36762  1 649718 27435 2.1 43 20 1 2 45% 22046 2822 23%
c p 11.78  0 132 66 36762  1 649718 27449 2.1 43 20 1 2 45% 22046 2822 23%
c u 11.79  0 132 66 36762  1 649718 27149 2.1 43 20 1 2 45% 22046 2822 23%
c v 11.79  0 132 66 36762  1 649718 26898 2.1 43 20 1 2 45% 22046 2822 23%
c w 11.79  0 132 66 36762  1 649718 26897 2.1 43 20 1 2 45% 22046 2822 23%
c ^ 11.85  0 133 66 36762  1 654451 31136 2.1 42 20 1 2 45% 22046 2822 23%
c W 12.09  0 135 66 36763  1 666074 42113 2.1 44 21 1 2 43% 22046 2822 23%
c - 12.14  0 135 67 36763  1 669869 26761 2.1 44 21 1 2 42% 22046 2822 23%
c p 12.14  0 135 67 36763  1 669869 26773 2.1 44 21 1 2 42% 22046 2822 23%
c - 12.45  0 137 68 36763  1 690330 27248 2.1 45 21 1 2 43% 22046 2822 23%
c p 12.45  0 137 68 36763  1 690330 27258 2.1 45 21 1 2 43% 22046 2822 23%
c u 12.46  0 137 68 36763  1 690330 27004 2.1 45 21 1 2 43% 22046 2822 23%
c v 12.46  0 137 68 36763  1 690330 26996 2.1 45 21 1 2 43% 22046 2822 23%
c w 12.46  0 137 68 36763  1 690330 26995 2.1 45 21 1 2 43% 22046 2822 23%
c ] 12.50  0 138 68 36763  1 693002 29454 2.1 45 21 1 2 43% 22046 2822 23%
c { 12.50  0 71 68 36763 13 693002 29454 1.8 13 8 1 2 20% 22046 2822 23%
c 
c  seconds  reductions    conflicts         size  tier2      variables
c         MB      restarts       redundant     glue  trail        remaining
c          level        rate          size/glue tier1  irredundant
c 
c B 12.67  0 71 68 38131 13 703075 38696 1.8 13 8 1 2 19% 22046 2822 23%
c - 12.85  0 71 69 39236 13 711101 29405 1.8 14 8 1 2 19% 22046 2822 23%
c p 12.85  0 71 69 39236 13 711101 29416 1.8 14 8 1 2 19% 22046 2822 23%
c u 12.86  0 71 69 39236 13 711101 29274 1.8 14 8 1 2 19% 22046 2822 23%
c v 12.87  0 71 69 39236 13 711101 28984 1.8 14 8 1 2 19% 22046 2822 23%
c w 12.87  0 71 69 39236 13 711101 28984 1.8 14 8 1 2 19% 22046 2822 23%
c - 13.28  0 70 70 41935 13 732187 31313 1.8 14 8 1 2 19% 22046 2822 23%
c p 13.29  0 70 70 41935 13 732187 31324 1.8 14 8 1 2 19% 22046 2822 23%
c u 13.29  0 70 70 41935 13 732187 31155 1.8 14 8 1 2 19% 22046 2822 23%
c v 13.30  0 70 70 41935 13 732187 30924 1.8 14 8 1 2 19% 22046 2822 23%
c x 13.30  0 70 70 41935 13 732187 30924 1.8 14 8 1 2 19% 22009 2822 23%
c } 13.40  0 70 70 42677 13 737911 36199 1.8 14 8 1 2 19% 22009 2822 23%
c [ 13.40  0 138 70 42677  1 737911 36199 2.1 45 21 1 2 43% 22009 2822 23%
c O 13.44  0 138 70 42677  1 741077 39194 2.1 44 21 1 2 43% 22009 2822 23%
c e 13.60  0 135 70 42677  1 749356 22183 2.1 44 21 1 2 41% 26841 2432 20%
c - 13.66  0 134 71 42677  1 753578 17891 2.1 44 21 1 2 29% 26841 2432 20%
c 2 13.66  0 134 71 42677  1 753578 17890 2.1 44 21 1 2 29% 26841 2432 20%
c p 13.67  0 134 71 42677  1 753578 17904 2.1 44 21 1 2 29% 26841 2432 20%
c u 13.67  0 134 71 42677  1 753578 17622 2.1 44 21 1 2 29% 26841 2432 20%
c v 13.67  0 134 71 42677  1 753578 17573 2.1 44 21 1 2 29% 26841 2432 20%
c 
c  seconds   reductions    conflicts         size   tier2      variables
c         MB       restarts       redundant     glue   trail        remaining
c           level        rate          size/glue  tier1  irredundant
c 
c w 13.67  0 134 71 42677  1 753578 17572 2.1 44 21 1 2 29% 26841 2432 20%
c - 14.12  0 133 72 42683  1 775280 20667 2.0 48 24 1 2 36% 26841 2432 20%
c p 14.12  0 133 72 42683  1 775280 20677 2.0 48 24 1 2 36% 26841 2432 20%
c u 14.14  0 133 72 42683  1 775280 20348 2.0 48 24 1 2 36% 26841 2432 20%
c v 14.15  0 133 72 42683  1 775280 20269 2.0 48 24 1 2 36% 26841 2432 20%
c w 14.15  0 133 72 42683  1 775280 20252 2.0 48 24 1 2 36% 26841 2432 20%
c B 14.22  0 133 72 42684  1 780078 24774 2.0 48 23 1 2 36% 26841 2432 20%
c - 14.43  0 133 73 42692  1 797292 21935 2.0 46 23 1 2 34% 26841 2432 20%
c p 14.43  0 133 73 42692  1 797292 21938 2.0 46 23 1 2 34% 26841 2432 20%
c - 14.70  0 135 74 42703  1 819614 23233 2.0 44 22 1 2 34% 26841 2432 20%
c p 14.70  0 135 74 42703  1 819614 23239 2.0 44 22 1 2 34% 26841 2432 20%
c u 14.71  0 135 74 42703  1 819614 22683 2.0 44 22 1 2 34% 26841 2432 20%
c v 14.71  0 135 74 42703  1 819614 22512 2.0 44 22 1 2 34% 26841 2432 20%
c w 14.71  0 135 74 42703  1 819614 22511 2.0 44 22 1 2 34% 26841 2432 20%
c W 14.79  0 135 74 42704  1 820080 22946 2.0 44 22 1 2 34% 26841 2432 20%
c ] 15.13  0 139 74 42708  1 837779 39381 2.0 48 24 1 2 40% 26840 2432 20%
c { 15.13  0 70 74 42708 13 837779 39381 1.8 14 8 1 2 22% 26840 2432 20%
c - 15.19  0 70 75 43084 12 842247 23859 1.8 14 8 1 2 21% 26839 2432 20%
c p 15.19  0 70 75 43084 12 842247 23865 1.8 14 8 1 2 21% 26839 2432 20%
c u 15.20  0 70 75 43084 12 842247 23724 1.8 14 8 1 2 21% 26839 2432 20%
c 
c  seconds  reductions    conflicts         size  tier2      variables
c         MB      restarts       redundant     glue  trail        remaining
c          level        rate          size/glue tier1  irredundant
c 
c v 15.20  0 70 75 43084 12 842247 23596 1.8 14 8 1 2 21% 26839 2432 20%
c W 15.52  0 70 75 45074 12 861081 40629 1.8 14 8 1 2 21% 26834 2432 20%
c - 15.60  0 70 76 45588 12 865190 26314 1.8 14 8 1 2 21% 26834 2432 20%
c p 15.61  0 70 76 45588 12 865190 26319 1.8 14 8 1 2 21% 26834 2432 20%
c u 15.61  0 70 76 45588 12 865190 26041 1.8 14 8 1 2 21% 26834 2432 20%
c v 15.62  0 70 76 45588 12 865190 25686 1.8 14 8 1 2 21% 26834 2432 20%
c w 15.62  0 70 76 45588 12 865190 25686 1.8 14 8 1 2 21% 26834 2432 20%
c s 15.66  0 70 76 45803 12 867141 27385 1.8 14 8 1 2 21% 26774 2432 20%
c e 15.66  0 70 76 45803 12 867141 27382 1.8 14 8 1 2 21% 26786 2431 20%
c - 16.04  0 69 77 48021 11 888443 28186 1.8 14 8 1 2 20% 26786 2431 20%
c p 16.05  0 69 77 48021 11 888443 28191 1.8 14 8 1 2 20% 26786 2431 20%
c u 16.05  0 69 77 48021 11 888443 27864 1.8 14 8 1 2 20% 26786 2431 20%
c v 16.06  0 69 77 48021 11 888443 27537 1.8 14 8 1 2 20% 26786 2431 20%
c } 16.22  0 69 77 49149 11 898036 36206 1.8 14 8 1 2 20% 26786 2431 20%
c [ 16.22  0 139 77 49149  1 898036 36206 2.0 48 24 1 2 40% 26786 2431 20%
c I 16.29  0 139 77 49149  1 903082 41009 2.0 48 24 1 2 41% 26786 2431 20%
c - 16.45  0 137 78 49149  1 912007 29324 2.0 48 24 1 2 38% 26786 2431 20%
c p 16.45  0 137 78 49149  1 912007 29328 2.0 48 24 1 2 38% 26786 2431 20%
c u 16.46  0 137 78 49149  1 912007 28956 2.0 48 24 1 2 38% 26786 2431 20%
c v 16.46  0 137 78 49149  1 912007 28766 2.0 48 24 1 2 38% 26786 2431 20%
c 
c  seconds   reductions    conflicts         size   tier2      variables
c         MB       restarts       redundant     glue   trail        remaining
c           level        rate          size/glue  tier1  irredundant
c 
c w 16.46  0 137 78 49149  1 912007 28765 2.0 48 24 1 2 38% 26786 2431 20%
c - 16.74  0 133 79 49163  1 935881 29249 1.9 44 23 1 2 35% 26786 2431 20%
c p 16.75  0 133 79 49163  1 935881 29253 1.9 44 23 1 2 35% 26786 2431 20%
c B 16.93  0 134 79 49164  1 946083 38845 2.0 46 23 1 2 37% 26786 2431 20%
c - 17.08  0 134 80 49172  1 960066 29450 2.0 44 22 1 2 36% 26786 2431 20%
c p 17.08  0 134 80 49172  1 960066 29454 2.0 44 22 1 2 36% 26786 2431 20%
c u 17.08  0 134 80 49172  1 960066 29387 2.0 44 22 1 2 36% 26786 2431 20%
c v 17.09  0 134 80 49172  1 960066 29151 2.0 44 22 1 2 36% 26786 2431 20%
c w 17.09  0 134 80 49172  1 960066 29151 2.0 44 22 1 2 36% 26786 2431 20%
c x 17.09  0 134 80 49172  1 960066 29151 2.0 44 22 1 2 36% 26630 2431 20%
c - 17.51  0 137 81 49180  1 984561 29555 1.9 46 24 1 2 37% 26630 2431 20%
c p 17.51  0 137 81 49180  1 984561 29558 1.9 46 24 1 2 37% 26630 2431 20%
c W 17.64  0 135 81 49180  1 990085 34664 1.9 46 24 1 2 37% 26630 2431 20%
c e 17.66  0 135 81 49180  1 991770 35777 1.9 45 24 1 2 37% 26654 2429 20%
c s 17.66  0 135 81 49180  1 991770 35767 1.9 45 24 1 2 37% 26649 2429 20%
c ] 17.75  0 136 81 49181  1 1000000 43141 1.9 44 23 1 2 37% 26649 2429 20%
c ? 17.75  0 136 81 49181  1 1000000 43141 1.9 44 23 1 2 37% 26649 2429 20%
c 
c --- [ result ] -------------------------------------------------------------
c 
c UNKNOWN
c 
c --- [ run-time profiling ] -------------------------------------------------
c 
c process time taken by individual solving procedures
c (percentage relative to process time for solving)
c 
c        16.26   91.68% search
c         9.94   56.01% stable
c         5.93   33.40% unstable
c         1.47    8.31% simplify
c         0.40    2.25% walk
c         0.36    2.01% vivify
c         0.31    1.77% sweep
c         0.24    1.35% factor
c         0.16    0.91% congruence
c         0.14    0.77% elim
c         0.07    0.39% subsume
c         0.05    0.26% preprocess
c         0.04    0.20% probe
c         0.03    0.17% ternary
c         0.01    0.08% backbone
c         0.01    0.06% fastelim
c         0.01    0.04% parse
c         0.00    0.01% lucky
c   =================================
c        17.74   99.96% solve
c 
c last line shows process time for solving
c (percentage relative to total process time)
c 
c --- [ statistics ] ---------------------------------------------------------
c 
c chronological:            278580        27.86 %  of conflicts
c conflicts:               1000000     56370.20    per second
c backbone:                1045994      8065.34 %  of vars
c decisions:               5313934    299547.50    per second
c eliminated:                 7485        57.71 %  of all variables
c factored:                    685        28.15 %  of variables
c fixed:                       953         7.35 %  of all variables
c learned:                  951807        95.18 %  per conflict
c learned_lits:           37185975       100.00 %  learned literals
c minimized:                     0         0.00 %  learned literals
c shrunken:                1397204         3.76 %  learned literals
c minishrunken:            3054747         8.21 %  learned literals
c otfs:                      32981         3.30 %  of conflict
c propagations:           90885113         5.12 M  per second
c reduced:                  798739        79.87 %  per conflict
c rephased:                     44     22727.27    interval
c restarts:                  49181        20.33    interval
c stabilizing:                  16        63.75 %  of conflicts
c substituted:                2102        16.21 %  of all variables
c sweep equivs:                542        13.28 %  of swept variables
c subsumed:                  54841         5.10 %  of all clauses
c strengthened:              46222         4.30 %  of all clauses
c ticks:                1212335917        13.65    propagation
c vivified:                  10807         1.01 %  of all clauses
c walked:                       14     71428.57    interval
c weakened:                  46763         2.97    average size
c congruence:                   25     40000.00    interval
c 
c seconds are measured in process time for solving
c 
c --- [ glue usage ] ---------------------------------------------------------
c 
c focused glue 1 used 1466262 clauses 70.60% accumulated 70.60% tier1
c focused glue 2 used 304346 clauses 14.65% accumulated 85.25% tier2
c 
c stable glue 1 used 2772142 clauses 50.09% accumulated 50.09% tier1
c stable glue 2 used 797165 clauses 14.40% accumulated 64.50% tier2
c 
c 
c --- [ resources ] ----------------------------------------------------------
c 
c total process time since initialization:        17.75    seconds
c total real time since initialization:           17.79    seconds
c maximum resident set size of process:        80000.00    MB
c 
c --- [ shutting down ] ------------------------------------------------------
c 
c exit 0
