c ---- [ banner ] ------------------------------------------------------------
c
c Kissat SAT Solver
c 
c Copyright (c) 2021-2024 Armin Biere University of Freiburg
c Copyright (c) 2019-2021 Armin Biere Johannes Kepler University Linz
c 
c Version 4.0.4 unknown
c Apple clang version 17.0.0 (clang-1700.3.19.1) -W -Wall -O3 -DNDEBUG
c Thu Oct 16 20:09:41 UTC 2025 Darwin Tahoe-arm64.local 25.0.0 arm64
c
c ---- [ parsing ] -----------------------------------------------------------
c
c opened and reading DIMACS file:
c
c   headline_hunt/bets/cascade_aux_encoding/cnfs/aux_expose_sr61_n32_bit13_m4d9f691c_fill55555555.cnf
c
c parsed 'p cnf 12872 53915' header
c closing input after reading 982622 bytes (960 KB)
c finished parsing after 0.00 seconds
c
c ---- [ options ] -----------------------------------------------------------
c
c --seed=5                         (different from default '0')
c
c ---- [ limits ] ------------------------------------------------------------
c
c conflict limit set to 50000 conflicts
c
c ---- [ solving ] -----------------------------------------------------------
c
c seconds switched rate     size/glue tier1  binary         remaining
c        MB reductions conflicts size  tier2    irredundant
c         level restarts redundant glue  trail         variables
c
c *  0.00  9 0 0 0  0 0   0   0 0.0 0 0 0 0 0% 3608 50242 12871 100%
c (  0.01  9 0 0 0  0 0   0   0 0.0 0 0 0 0 0% 3608 50242 12871 100%
c .  0.01  9 0 0 0  0 0   0   0 0.0 0 0 0 0 0% 3608 50242 12871 100%
c c  0.02 15 0 0 0  0 0   0   0 0.0 0 0 0 0 0% 5834 43457 10894 85%
c d  0.02 15 0 0 0  0 0   0   0 0.0 0 0 0 0 0% 3160 43457 10894 85%
c =  0.04 15 0 0 0  0 0   0   0 0.0 0 0 0 0 0% 3102 43457 10890 85%
c d  0.04 15 0 0 0  0 0   0   0 0.0 0 0 0 0 0% 3094 43457 10890 85%
c f  0.05 15 0 0 0  0 0   0   0 0.0 0 0 0 0 0% 3224 43195 10956 85%
c )  0.05 15 0 0 0  0 0   0   0 0.0 0 0 0 0 0% 3224 43195 10956 85%
c {  0.05 15 0 0 0  0 0   0   0 0.0 0 0 2 6 0% 3224 43195 10956 85%
c -  0.05 15 224 0 1 211 43 1000 706 1.5 4 3 2 6 8% 3342 43195 10956 85%
c }  0.05 15 224 1 1 211 43 1000 706 1.5 4 3 2 6 8% 3342 43195 10956 85%
c [  0.05 15 0 1 1 211 0 1000 706 0.0 0 0 2 6 0% 3342 43195 10956 85%
c B  0.06 15 431 1 1 211 420 1001 707 1.5 3 2 2 6 4% 3342 43195 10956 85%
c -  0.06 15 383 1 2 211 4 2000 1340 1.8 7 4 2 5 4% 3353 43195 10956 85%
c W  0.06 15 383 1 2 211 4 2002 1342 1.8 7 4 2 5 4% 3353 43195 10956 85%
c c  0.07 15 386 1 2 212 6 2550 1727 1.8 7 4 2 5 7% 3387 43083 10928 85%
c d  0.07 15 386 1 2 212 6 2550 1721 1.8 7 4 2 5 7% 3331 43083 10928 85%
c u  0.08 15 386 1 2 212 6 2550 1280 1.8 7 4 2 5 7% 3322 43083 10928 85%
c v  0.08 15 386 1 2 212 6 2550 1019 1.8 7 4 2 5 7% 3322 43083 10928 85%
c
c seconds   switched  rate       size/glue tier1  binary         remaining
c        MB  reductions conflicts     size  tier2    irredundant
c          level restarts   redundant   glue  trail         variables
c
c w  0.08 15 386 1 2 212 6 2550 1000 1.8 7 4 2 5 7% 3322 43083 10928 85%
c x  0.08 15 386 1 2 212 6 2550 1000 1.8 7 4 2 5 7% 3322 42996 10928 85%
c t  0.10 15 386 1 2 212 6 2550 1000 1.8 7 4 2 5 7% 3317 42996 10928 85%
c u  0.11 15 386 1 2 212 6 2550 937 1.8 7 4 2 5 7% 3317 42996 10928 85%
c v  0.11 15 386 1 2 212 6 2550 880 1.8 7 4 2 5 7% 3317 42996 10928 85%
c w  0.11 15 386 1 2 212 6 2550 875 1.8 7 4 2 5 7% 3317 42996 10928 85%
c -  0.11 15 294 1 3 212 6 3414 1367 1.7 8 5 2 6 6% 3333 42996 10928 85%
c ]  0.12 15 320 2 3 213 6 3857 1701 1.7 10 6 2 6 8% 3338 42996 10928 85%
c {  0.12 15 224 2 3 213 43 3857 1701 1.5 4 3 2 6 8% 3338 42996 10928 85%
c }  0.13 15 198 3 3 464 44 4857 2499 1.5 5 3 2 6 9% 3416 42994 10928 85%
c [  0.13 15 320 3 3 464 6 4857 2499 1.7 10 6 2 6 8% 3416 42994 10928 85%
c I  0.13 15 320 3 3 464 6 4857 2499 1.7 10 6 2 6 8% 3416 42994 10928 85%
c -  0.13 15 307 3 4 464 6 5146 2437 1.6 10 6 2 7 9% 3421 42994 10928 85%
c ]  0.14 15 291 4 4 465 6 6761 3791 1.8 14 7 2 7 14% 3443 42994 10928 85%
c {  0.14 15 198 4 4 465 44 6761 3791 1.5 5 3 2 6 9% 3443 42994 10928 85%
c i  0.14 16 188 4 4 540 43 7129 4058 1.6 5 3 2 6 9% 3476 42993 10927 85%
c -  0.14 16 187 4 5 544 42 7148 3439 1.6 5 3 2 6 9% 3475 42993 10927 85%
c d  0.16 16 163 4 5 769 40 7855 3992 1.8 7 4 2 6 9% 3529 42969 10913 85%
c u  0.16 16 163 4 5 769 40 7855 3226 1.8 7 4 2 6 9% 3537 42969 10913 85%
c v  0.17 16 163 4 5 769 40 7855 2867 1.8 7 4 2 6 9% 3539 42969 10913 85%
c
c seconds   switched   rate       size/glue tier1  binary         remaining
c        MB  reductions conflicts      size  tier2    irredundant
c          level restarts    redundant   glue  trail         variables
c
c w  0.17 16 163 4 5 769 40 7855 2863 1.8 7 4 2 6 9% 3539 42969 10913 85%
c x  0.17 16 163 4 5 769 40 7855 2863 1.8 7 4 2 6 9% 3600 42801 10913 85%
c =  0.18 16 163 4 5 769 40 7855 2863 1.8 7 4 2 6 9% 3780 42801 10823 84%
c d  0.18 16 163 4 5 769 40 7855 2848 1.8 7 4 2 6 9% 3577 42801 10818 84%
c t  0.19 16 163 4 5 769 40 7855 2848 1.8 7 4 2 6 9% 3562 42801 10818 84%
c f  0.19 16 163 4 5 769 40 7855 2848 1.8 7 4 2 6 9% 3576 42775 10826 84%
c c  0.20 16 163 4 5 769 40 7855 2830 1.8 7 4 2 6 9% 3592 42738 10816 84%
c d  0.20 16 163 4 5 769 40 7855 2830 1.8 7 4 2 6 9% 3574 42738 10816 84%
c u  0.20 16 163 4 5 769 40 7855 2733 1.8 7 4 2 6 9% 3573 42738 10816 84%
c v  0.20 16 163 4 5 769 40 7855 2622 1.8 7 4 2 6 9% 3574 42738 10816 84%
c w  0.21 16 163 4 5 769 40 7855 2558 1.8 7 4 2 6 9% 3574 42738 10816 84%
c x  0.21 16 163 4 5 769 40 7855 2558 1.8 7 4 2 6 9% 3654 42537 10816 84%
c =  0.22 16 163 4 5 769 40 7855 2558 1.8 7 4 2 6 9% 3764 42525 10758 84%
c d  0.22 16 163 4 5 769 40 7855 2515 1.8 7 4 2 6 9% 3633 42525 10758 84%
c t  0.22 16 163 4 5 769 40 7855 2515 1.8 7 4 2 6 9% 3629 42525 10758 84%
c }  0.27 16 146 5 5 1111 37 9113 3587 1.9 11 6 1 4 10% 3725 42521 10758 84%
c [  0.27 16 291 5 5 1111 6 9113 3587 1.8 14 7 2 7 14% 3725 42521 10758 84%
c B  0.27 16 291 5 5 1111 6 9113 3587 1.8 14 7 2 7 14% 3725 42521 10758 84%
c -  0.27 16 293 5 6 1111 5 9384 3191 1.8 15 8 2 10 15% 3728 42521 10758 84%
c o  0.28 16 297 5 6 1112 5 10158 3924 2.0 20 10 2 10 17% 3732 42521 10758 84%
c
c seconds   switched   rate        size/glue  tier1     binary         remaining
c        MB  reductions  conflicts       size   tier2      irredundant
c          level  restarts    redundant     glue    trail         variables
c
c ]  0.34 18 274 6 6 1112 4 11074 4778 2.3 33 14 2 10 19% 3737 42521 10758 84%
c {  0.34 18 146 6 6 1112 37 11074 4778 1.9 11 6 1 4 10% 3737 42521 10758 84%
c -  0.36 21 140 6 7 1177 34 11834 4306 1.9 11 6 1 4 10% 3810 42514 10758 84%
c s  0.39 21 129 6 7 1364 32 12749 5087 2.0 12 6 1 4 11% 3875 41862 10758 84%
c e  0.41 21 129 6 7 1364 32 12749 5087 2.0 12 6 1 4 11% 2520 39963 7081 55%
c s  0.41 21 129 6 7 1364 32 12749 5087 2.0 12 6 1 4 11% 2532 39783 7081 55%
c e  0.42 21 129 6 7 1364 32 12749 5087 2.0 12 6 1 4 11% 2434 39877 7050 55%
c ^  0.42 21 129 6 7 1364 32 12749 5087 2.0 12 6 1 4 11% 2434 39877 7050 55%
c -  0.46 21 118 6 8 1609 29 14479 3699 2.0 13 6 1 4 11% 2535 39874 7050 55%
c }  0.47 21 114 7 8 1748 28 15143 4308 2.0 13 7 1 4 11% 2553 39874 7050 55%
c [  0.47 21 274 7 8 1748 4 15143 4308 2.3 33 14 2 10 19% 2553 39874 7050 55%
c W  0.48 21 274 7 8 1748 4 15143 4308 2.3 33 14 2 10 19% 2553 39874 7050 55%
c ]  0.60 21 255 8 8 1748 4 15884 5016 2.8 48 17 2 10 22% 2555 39874 7050 55%
c {  0.60 21 114 8 8 1748 28 15884 5016 2.0 13 7 1 4 11% 2555 39874 7050 55%
c u  0.61 21 114 8 8 1799 28 16094 4913 2.0 13 7 1 4 11% 2567 39874 7050 55%
c v  0.61 21 114 8 8 1799 28 16094 4389 2.0 13 7 1 4 11% 2571 39874 7050 55%
c w  0.63 21 114 8 8 1799 28 16094 4213 2.0 13 7 1 4 11% 2571 39874 7050 55%
c x  0.64 21 114 8 8 1799 28 16094 4211 2.0 13 7 1 4 11% 2612 39545 7050 55%
c =  0.69 22 114 8 8 1799 28 16094 4211 2.0 13 7 1 4 11% 2646 39545 7033 55%
c d  0.69 22 114 8 8 1799 28 16094 4206 2.0 13 7 1 4 11% 2610 39545 7033 55%
c
c seconds   switched    rate        size/glue tier1    binary        remaining
c        MB  reductions   conflicts       size  tier2     irredundant
c          level  restarts     redundant    glue   trail        variables
c
c t  0.69 22 114 8 8 1799 28 16094 4206 2.0 13 7 1 4 11% 2573 39545 7033 55%
c f  0.70 22 114 8 8 1799 28 16094 4206 2.0 13 7 1 4 11% 2592 39493 7044 55%
c b  0.70 22 114 8 8 1799 28 16094 4206 2.0 13 7 1 4 11% 2592 39493 7043 55%
c u  0.71 22 114 8 8 1799 28 16094 4143 2.0 13 7 1 4 11% 2596 39493 7043 55%
c v  0.71 22 114 8 8 1799 28 16094 3992 2.0 13 7 1 4 11% 2599 39493 7043 55%
c w  0.73 22 114 8 8 1799 28 16094 3733 2.0 13 7 1 4 11% 2599 39493 7043 55%
c x  0.74 22 114 8 8 1799 28 16094 3732 2.0 13 7 1 4 11% 2617 39251 7043 55%
c t  0.79 22 114 8 8 1799 28 16094 3732 2.0 13 7 1 4 11% 2611 39251 7043 55%
c -  0.88 22 113 8 9 2082 28 17307 4147 1.9 17 9 1 3 12% 2626 39251 7043 55%
c o  1.05 22 109 8 9 2728 27 20162 6764 1.8 22 12 1 3 15% 2669 39250 7043 55%
c -  1.06 22 111 8 10 2744 27 20307 5897 1.8 22 12 1 3 15% 2675 39250 7043 55%
c }  1.16 22 110 9 10 3105 27 22043 7529 1.9 24 13 1 3 15% 2694 39250 7043 55%
c [  1.16 22 255 9 10 3105 4 22043 7529 2.8 48 17 2 10 22% 2694 39250 7043 55%
c O  1.36 22 241 9 10 3105 4 22672 8152 3.0 61 21 2 10 27% 2694 39250 7043 55%
c -  1.50 22 227 9 11 3106 4 23469 6535 2.8 68 25 1 4 29% 2694 39250 7043 55%
c ]  1.56 22 224 10 11 3106 4 23724 6784 2.7 71 26 1 4 30% 2694 39250 7043 55%
c {  1.56 22 110 10 11 3106 27 23724 6784 1.9 24 13 1 3 15% 2694 39250 7043 55%
c s  1.66 22 110 10 11 3485 27 25564 8505 1.9 26 14 1 3 16% 2710 39188 7043 55%
c e  1.68 22 110 10 11 3485 27 25564 8505 1.9 26 14 1 3 16% 2152 39964 6723 52%
c 2  1.68 22 110 10 11 3485 27 25564 8505 1.9 26 14 1 3 16% 2151 39964 6723 52%
c
c seconds    switched     rate        size/glue  tier1    binary        remaining
c        MB    reductions   conflicts       size   tier2     irredundant
c          level    restarts     redundant     glue   trail        variables
c
c s  1.68 22 110 10 11 3485 27 25564 8505 1.9 26 14 1 3 16% 2215 39704 6723 52%
c ^  1.68 22 110 10 11 3485 27 25564 8505 1.9 26 14 1 3 16% 2215 39704 6723 52%
c -  1.74 22 110 10 12 3690 26 26786 5808 1.9 27 14 1 3 16% 2221 39704 6723 52%
c u  1.79 22 109 10 12 3815 26 27507 5932 1.9 28 14 1 3 17% 2229 39704 6723 52%
c v  1.80 22 109 10 12 3815 26 27507 5325 1.9 28 14 1 3 17% 2231 39704 6723 52%
c w  1.82 22 109 10 12 3815 26 27507 4993 1.9 28 14 1 3 17% 2231 39704 6723 52%
c x  1.84 22 109 10 12 3815 26 27507 4988 1.9 28 14 1 3 17% 2268 39252 6723 52%
c t  1.84 22 109 10 12 3815 26 27507 4988 1.9 28 14 1 3 17% 2260 39252 6723 52%
c f  1.84 22 109 10 12 3815 26 27507 4988 1.9 28 14 1 3 17% 2307 39120 6748 52%
c u  1.85 22 109 10 12 3815 26 27507 4842 1.9 28 14 1 3 17% 2309 39120 6748 52%
c v  1.85 22 109 10 12 3815 26 27507 4695 1.9 28 14 1 3 17% 2309 39120 6748 52%
c w  1.86 22 109 10 12 3815 26 27507 4553 1.9 28 14 1 3 17% 2309 39120 6748 52%
c x  1.88 22 109 10 12 3815 26 27507 4553 1.9 28 14 1 3 17% 2316 39049 6748 52%
c =  2.00 22 109 10 12 3815 26 27507 4553 1.9 28 14 1 3 17% 2992 38981 6410 50%
c d  2.00 22 109 10 12 3815 26 27507 4107 1.9 28 14 1 3 17% 2297 38981 6410 50%
c t  2.01 22 109 10 12 3815 26 27507 4107 1.9 28 14 1 3 17% 2289 38981 6410 50%
c -  2.11 22 110 10 13 4107 25 30250 5245 2.0 29 15 1 3 17% 2303 38981 6410 50%
c }  2.17 22 112 11 13 4326 24 32353 7203 2.0 29 15 1 3 17% 2324 38981 6410 50%
c [  2.17 22 224 11 13 4326 4 32353 7203 2.7 71 26 1 4 30% 2324 38981 6410 50%
c B  2.19 22 222 11 13 4326 4 32433 7280 2.7 72 27 1 4 31% 2324 38981 6410 50%
c
c seconds    switched    rate        size/glue  tier1    binary        remaining
c        MB    reductions  conflicts       size   tier2     irredundant
c          level    restarts    redundant     glue   trail        variables
c
c -  2.41 22 202 11 14 4327 3 33855 6258 2.7 81 30 1 3 33% 2324 38981 6410 50%
c ]  2.57 22 193 12 14 4328 3 34737 7092 2.7 88 33 1 3 36% 2324 38981 6410 50%
c {  2.57 22 112 12 14 4328 24 34737 7092 2.0 29 15 1 3 17% 2324 38981 6410 50%
c -  2.70 22 115 12 15 4716 23 37596 7143 2.0 30 15 1 3 17% 2345 38981 6410 50%
c o  2.83 22 116 12 15 5098 23 40163 9578 2.0 32 16 1 3 18% 2355 38981 6410 50%
c -  2.92 22 115 12 16 5377 23 41469 8153 2.0 32 16 1 3 18% 2357 38981 6410 50%
c u  2.94 22 117 12 16 5394 22 42213 7934 2.0 32 16 1 3 18% 2384 38978 6410 50%
c v  2.95 22 117 12 16 5394 22 42213 7100 2.0 32 16 1 3 18% 2386 38978 6410 50%
c w  2.96 22 117 12 16 5394 22 42213 6697 2.0 32 16 1 3 18% 2386 38978 6410 50%
c =  3.07 22 117 12 16 5394 22 42213 6697 2.0 32 16 1 3 18% 3528 38978 5839 45%
c d  3.08 22 117 12 16 5394 22 42213 6682 2.0 32 16 1 3 18% 2386 38978 5839 45%
c t  3.08 22 117 12 16 5394 22 42213 6682 2.0 32 16 1 3 18% 2328 38978 5839 45%
c u  3.09 22 117 12 16 5394 22 42213 6452 2.0 32 16 1 3 18% 2329 38978 5839 45%
c v  3.10 22 117 12 16 5394 22 42213 6215 2.0 32 16 1 3 18% 2329 38978 5839 45%
c w  3.10 22 117 12 16 5394 22 42213 6075 2.0 32 16 1 3 18% 2329 38978 5839 45%
c x  3.12 22 117 12 16 5394 22 42213 6073 2.0 32 16 1 3 18% 2333 32751 5839 45%
c t  3.14 22 117 12 16 5394 22 42213 6073 2.0 32 16 1 3 18% 2331 32751 5839 45%
c -  3.17 23 118 12 17 5405 20 45469 6842 2.0 31 15 1 3 19% 2354 32751 5839 45%
c }  3.18 23 118 13 17 5407 20 46216 7528 2.0 31 15 1 3 19% 2358 32751 5839 45%
c [  3.18 23 193 13 17 5407 3 46216 7528 2.7 88 33 1 3 36% 2358 32751 5839 45%
c
c seconds    switched    rate        size/glue  tier1    binary        remaining
c        MB    reductions  conflicts       size   tier2     irredundant
c          level    restarts    redundant     glue   trail        variables
c
c W  3.19 23 193 13 17 5407 3 46216 7528 2.7 88 33 1 3 36% 2358 32751 5839 45%
c -  3.24 23 170 13 18 5409 3 49592 7772 2.6 78 30 1 4 33% 2366 32751 5839 45%
c ]  3.24 23 168 13 18 5409 3 50004 8174 2.6 77 30 1 4 33% 2366 32751 5839 45%
c ?  3.24 23 118 13 18 5409 20 50004 8174 2.0 31 15 1 3 19% 2366 32751 5839 45%
c
c ---- [ result ] ------------------------------------------------------------
c
s UNKNOWN
c
c ---- [ profiling ] ---------------------------------------------------------
c
c           2.39   73.76 %  search
c           1.32   40.56 %  focused
c           1.08   33.20 %  stable
c           0.80   24.76 %  simplify
c           0.78   23.91 %  probe
c           0.41   12.50 %  sweep
c           0.24    7.46 %  vivify
c           0.05    1.56 %  eliminate
c           0.05    1.48 %  factor
c           0.04    1.31 %  congruence
c           0.04    1.25 %  preprocess
c           0.03    0.86 %  substitute
c           0.02    0.50 %  walking
c           0.01    0.44 %  reduce
c           0.01    0.31 %  subsume
c           0.01    0.19 %  transitive
c           0.00    0.12 %  parse
c           0.00    0.11 %  lucky
c           0.00    0.11 %  backbone
c =============================================
c           3.24  100.00 %  total
c
c ---- [ statistics ] --------------------------------------------------------
c
c chronological:                          631                1 %  conflicts
c conflicts:                            50004            15407.56 per second
c congruent:                             1758               14 %  variables
c decisions:                           733691               14.67 per conflict
c eliminated:                            4028               31 %  variables
c factored:                               110                1 %  variables
c iterations:                               1                0 %  variables
c propagations:                      33892052         10443040    per second
c reductions:                              18             2778    interval
c reordered:                                3            16668    interval
c rephased:                                 8             6250    interval
c restarts:                              5409                9    interval
c strengthened:                           470                0 %  checks
c substituted:                           2468               19 %  variables
c subsumed:                              1076                0 %  checks
c switched:                                13             3846    interval
c vivified:                             21055                9 %  checks
c walks:                                    3            16668    interval
c
c ---- [ glue usage ] --------------------------------------------------------
c
c focused glue 1 used 162425 clauses 70.29% accumulated 70.29% tier1
c focused glue 2 used  35833 clauses 15.51% accumulated 85.80%
c focused glue 3 used  11989 clauses  5.19% accumulated 90.99% tier2
c
c stable glue 1 used 167293 clauses 69.02% accumulated 69.02% tier1
c stable glue 2 used  34618 clauses 14.28% accumulated 83.30%
c stable glue 3 used  13559 clauses  5.59% accumulated 88.90%
c stable glue 4 used   6176 clauses  2.55% accumulated 91.44% tier2
c
c ---- [ resources ] ---------------------------------------------------------
c
c maximum-resident-set-size:      24175968256 bytes      23056 MB
c process-time:                             3s               3.24 seconds
c
c ---- [ shutting down ] -----------------------------------------------------
c
c exit 0
