c ---- [ banner ] ------------------------------------------------------------
c
c Kissat SAT Solver
c 
c Copyright (c) 2021-2024 Armin Biere University of Freiburg
c Copyright (c) 2019-2021 Armin Biere Johannes Kepler University Linz
c 
c Version 4.0.4 unknown
c Apple clang version 17.0.0 (clang-1700.3.19.1) -W -Wall -O3 -DNDEBUG
c Thu Oct 16 20:09:41 UTC 2025 Darwin Tahoe-arm64.local 25.0.0 arm64
c
c ---- [ parsing ] -----------------------------------------------------------
c
c opened and reading DIMACS file:
c
c   cnfs_n32/sr61_n32_bit13_m4d9f691c_fill55555555_enf0.cnf
c
c parsed 'p cnf 11269 47090' header
c closing input after reading 851342 bytes (831 KB)
c finished parsing after 0.00 seconds
c
c ---- [ options ] -----------------------------------------------------------
c
c --seed=5                         (different from default '0')
c
c ---- [ limits ] ------------------------------------------------------------
c
c conflict limit set to 50000 conflicts
c
c ---- [ solving ] -----------------------------------------------------------
c
c seconds switched rate     size/glue tier1  binary         remaining
c        MB reductions conflicts size  tier2    irredundant
c         level restarts redundant glue  trail         variables
c
c *  0.00  8 0 0 0  0 0   0   0 0.0 0 0 0 0 0% 3730 43295 11268 100%
c (  0.00  8 0 0 0  0 0   0   0 0.0 0 0 0 0 0% 3730 43295 11268 100%
c .  0.01  8 0 0 0  0 0   0   0 0.0 0 0 0 0 0% 3730 43295 11268 100%
c c  0.01 13 0 0 0  0 0   0   0 0.0 0 0 0 0 0% 4774 41434 10520 93%
c d  0.01 13 0 0 0  0 0   0   0 0.0 0 0 0 0 0% 3278 41434 10520 93%
c =  0.03 13 0 0 0  0 0   0   0 0.0 0 0 0 0 0% 3228 41434 10512 93%
c d  0.03 13 0 0 0  0 0   0   0 0.0 0 0 0 0 0% 3212 41434 10512 93%
c f  0.04 13 0 0 0  0 0   0   0 0.0 0 0 0 0 0% 3340 41172 10578 94%
c )  0.04 13 0 0 0  0 0   0   0 0.0 0 0 0 0 0% 3340 41172 10578 94%
c {  0.04 13 0 0 0  0 0   0   0 0.0 0 0 2 6 0% 3340 41172 10578 94%
c -  0.05 13 171 0 1 214 40 1002 726 1.6 5 3 2 5 8% 3437 41172 10578 94%
c }  0.05 13 171 1 1 214 40 1002 726 1.6 5 3 2 5 8% 3437 41172 10578 94%
c [  0.05 13 0 1 1 214 0 1002 726 0.0 0 0 2 6 0% 3437 41172 10578 94%
c B  0.05 13 0 1 1 214 0 1002 726 0.0 0 0 2 6 0% 3437 41172 10578 94%
c -  0.06 14 397 1 2 214 3 2002 1447 2.8 47 17 2 12 28% 3455 41172 10578 94%
c W  0.07 14 397 1 2 214 3 2004 1449 2.8 47 17 2 12 28% 3455 41172 10578 94%
c ]  0.07 14 397 2 2 214 3 2004 1449 2.8 47 17 2 12 28% 3455 41172 10578 94%
c {  0.07 14 171 2 2 214 40 2004 1449 1.6 5 3 2 5 8% 3455 41172 10578 94%
c d  0.08 14 180 2 2 318 41 2557 1911 1.6 6 4 2 5 9% 3494 41172 10575 94%
c u  0.08 14 180 2 2 318 41 2557 1570 1.6 6 4 2 5 9% 3495 41172 10575 94%
c
c seconds   switched   rate       size/glue tier1  binary         remaining
c        MB  reductions conflicts      size  tier2    irredundant
c          level restarts    redundant   glue  trail         variables
c
c v  0.08 14 180 2 2 318 41 2557 1418 1.6 6 4 2 5 9% 3496 41172 10575 94%
c w  0.09 14 180 2 2 318 41 2557 1311 1.6 6 4 2 5 9% 3496 41172 10575 94%
c x  0.09 14 180 2 2 318 41 2557 1311 1.6 6 4 2 5 9% 3496 41055 10575 94%
c =  0.10 14 180 2 2 318 41 2557 1311 1.6 6 4 2 5 9% 3676 41055 10485 93%
c d  0.10 14 180 2 2 318 41 2557 1310 1.6 6 4 2 5 9% 3496 41055 10485 93%
c t  0.10 14 180 2 2 318 41 2557 1310 1.6 6 4 2 5 9% 3487 41055 10485 93%
c u  0.11 14 180 2 2 318 41 2557 1263 1.6 6 4 2 5 9% 3487 41055 10485 93%
c v  0.11 14 180 2 2 318 41 2557 1221 1.6 6 4 2 5 9% 3487 41055 10485 93%
c w  0.11 14 180 2 2 318 41 2557 1171 1.6 6 4 2 5 9% 3487 41055 10485 93%
c }  0.13 14 177 3 2 472 46 3005 1545 1.6 6 4 2 5 9% 3505 41055 10485 93%
c [  0.13 14 397 3 2 472 3 3005 1545 2.8 47 17 2 12 28% 3505 41055 10485 93%
c -  0.14 14 329 3 3 472 4 3416 1732 2.6 39 15 2 15 24% 3508 41055 10485 93%
c I  0.14 14 238 3 3 473 3 4266 2458 2.3 33 14 2 15 17% 3510 41055 10485 93%
c ]  0.15 14 278 4 3 473 3 4927 3073 2.3 36 16 2 20 24% 3520 41055 10485 93%
c {  0.15 14 177 4 3 473 46 4927 3073 1.6 6 4 2 5 9% 3520 41055 10485 93%
c -  0.16 14 181 4 4 561 50 5148 2897 1.6 7 4 2 6 10% 3533 41055 10485 93%
c -  0.21 17 153 4 5 1117 44 7151 4112 1.9 11 6 1 5 12% 3654 41055 10485 93%
c }  0.21 17 154 5 5 1155 44 7280 4226 1.9 12 6 1 5 12% 3663 41055 10485 93%
c [  0.21 17 278 5 5 1155 3 7280 4226 2.3 36 16 2 20 24% 3663 41055 10485 93%
c c  0.29 19 253 5 5 1155 3 7874 4798 3.3 66 20 2 20 28% 3665 41049 10483 93%
c
c seconds   switched   rate       size/glue  tier1     binary         remaining
c        MB  reductions conflicts       size   tier2      irredundant
c          level  restarts   redundant     glue    trail         variables
c
c d  0.29 19 253 5 5 1155 3 7874 4798 3.3 66 20 2 20 28% 3661 41049 10483 93%
c u  0.29 19 253 5 5 1155 3 7874 4402 3.3 66 20 2 20 28% 3667 41049 10483 93%
c v  0.29 19 253 5 5 1155 3 7874 3796 3.3 66 20 2 20 28% 3668 41049 10483 93%
c w  0.30 20 253 5 5 1155 3 7874 3794 3.3 66 20 2 20 28% 3668 41049 10483 93%
c x  0.31 20 253 5 5 1155 3 7874 3794 3.3 66 20 2 20 28% 3668 40598 10483 93%
c d  0.31 20 253 5 5 1155 3 7874 3786 3.3 66 20 2 20 28% 3666 40598 10482 93%
c t  0.31 20 253 5 5 1155 3 7874 3786 3.3 66 20 2 20 28% 3658 40598 10482 93%
c f  0.31 20 253 5 5 1155 3 7874 3786 3.3 66 20 2 20 28% 3661 40592 10485 93%
c B  0.32 20 248 5 5 1155 3 8037 3935 3.3 68 21 2 20 28% 3667 40592 10485 93%
c ]  0.33 20 242 6 5 1155 3 8251 4137 3.2 67 21 2 20 27% 3669 40592 10485 93%
c {  0.33 20 154 6 5 1155 44 8251 4137 1.9 12 6 1 5 12% 3669 40592 10485 93%
c -  0.35 20 149 6 6 1284 39 9387 4316 1.9 13 7 1 5 12% 3739 40592 10485 93%
c o  0.36 20 147 6 6 1355 37 10003 4864 1.9 13 7 1 5 13% 3775 40592 10485 93%
c -  0.41 20 140 6 7 1643 34 11836 5679 2.0 14 7 1 5 13% 3843 40592 10485 93%
c }  0.43 20 139 7 7 1738 33 12321 6123 2.0 15 7 1 5 13% 3861 40592 10485 93%
c [  0.43 20 242 7 7 1738 3 12321 6123 3.2 67 21 2 20 27% 3861 40592 10485 93%
c s  0.50 20 230 7 7 1738 3 12778 6568 3.4 83 24 2 20 30% 3863 40512 10485 93%
c e  0.52 20 230 7 7 1738 3 12778 6568 3.4 83 24 2 20 30% 2106 38841 6688 59%
c s  0.52 20 230 7 7 1738 3 12778 6568 3.4 83 24 2 20 30% 2117 38546 6688 59%
c e  0.53 20 230 7 7 1738 3 12778 6568 3.4 83 24 2 20 30% 2113 38548 6669 59%
c
c seconds   switched   rate        size/glue  tier1     binary        remaining
c        MB  reductions  conflicts       size   tier2      irredundant
c          level  restarts    redundant     glue    trail        variables
c
c ^  0.53 20 230 7 7 1738 3 12778 6568 3.4 83 24 2 20 30% 2113 38548 6669 59%
c ]  0.59 20 218 8 7 1739 3 13508 3559 3.0 94 31 2 20 32% 2116 38548 6669 59%
c {  0.59 20 139 8 7 1739 33 13508 3559 2.0 15 7 1 5 13% 2116 38548 6669 59%
c -  0.62 21 137 8 8 1968 33 14481 3907 2.1 16 8 1 4 14% 2141 38548 6669 59%
c d  0.68 21 136 8 8 2372 33 16133 5442 2.1 18 9 1 4 14% 2161 38546 6668 59%
c u  0.68 21 136 8 8 2372 33 16133 5134 2.1 18 9 1 4 14% 2169 38546 6668 59%
c v  0.68 21 136 8 8 2372 33 16133 4458 2.1 18 9 1 4 14% 2171 38546 6668 59%
c w  0.70 21 136 8 8 2372 33 16133 4414 2.1 18 9 1 4 14% 2171 38546 6668 59%
c x  0.71 21 136 8 8 2372 33 16133 4414 2.1 18 9 1 4 14% 2173 38364 6668 59%
c =  0.76 21 136 8 8 2372 33 16133 4414 2.1 18 9 1 4 14% 2201 38333 6654 59%
c d  0.76 21 136 8 8 2372 33 16133 4401 2.1 18 9 1 4 14% 2163 38333 6654 59%
c t  0.76 21 136 8 8 2372 33 16133 4401 2.1 18 9 1 4 14% 2151 38333 6654 59%
c f  0.78 21 136 8 8 2372 33 16133 4401 2.1 18 9 1 4 14% 2170 38288 6664 59%
c u  0.78 21 136 8 8 2372 33 16133 4350 2.1 18 9 1 4 14% 2170 38288 6664 59%
c v  0.78 21 136 8 8 2372 33 16133 4227 2.1 18 9 1 4 14% 2170 38288 6664 59%
c w  0.80 21 136 8 8 2372 33 16133 4199 2.1 18 9 1 4 14% 2170 38288 6664 59%
c x  0.81 21 136 8 8 2372 33 16133 4199 2.1 18 9 1 4 14% 2170 38231 6664 59%
c =  0.86 21 136 8 8 2372 33 16133 4199 2.1 18 9 1 4 14% 2208 38231 6645 59%
c d  0.86 21 136 8 8 2372 33 16133 4189 2.1 18 9 1 4 14% 2168 38231 6645 59%
c t  0.86 21 136 8 8 2372 33 16133 4189 2.1 18 9 1 4 14% 2149 38231 6645 59%
c
c seconds   switched    rate        size/glue tier1    binary        remaining
c        MB  reductions   conflicts       size  tier2     irredundant
c          level  restarts     redundant    glue   trail        variables
c
c f  0.86 21 136 8 8 2372 33 16133 4189 2.1 18 9 1 4 14% 2152 38224 6647 59%
c -  0.90 21 135 8 9 2604 33 17311 4763 2.1 20 9 1 4 15% 2168 38224 6647 59%
c }  0.94 21 145 9 9 2819 30 19667 6932 2.1 19 9 1 4 16% 2211 38224 6647 59%
c [  0.94 21 218 9 9 2819 3 19667 6932 3.0 94 31 2 20 32% 2211 38224 6647 59%
c W  0.95 21 218 9 9 2819 3 19667 6932 3.0 94 31 2 20 32% 2211 38224 6647 59%
c -  1.04 21 211 9 10 2819 3 20311 5688 3.0 107 36 1 6 35% 2211 38224 6647 59%
c o  1.12 21 208 9 10 2820 3 20698 6063 3.0 117 39 1 6 37% 2211 38224 6647 59%
c ]  1.15 21 199 10 10 2821 3 22600 7817 2.9 100 35 1 6 36% 2224 38224 6647 59%
c {  1.15 21 145 10 10 2821 30 22600 7817 2.1 19 9 1 4 16% 2224 38224 6647 59%
c -  1.18 21 145 10 11 2952 30 23474 6197 2.1 20 10 1 4 16% 2241 38224 6647 59%
c s  1.23 21 143 10 11 3252 29 25621 8130 2.0 20 10 1 4 16% 2290 38161 6647 59%
c e  1.24 21 143 10 11 3252 29 25621 8130 2.0 20 10 1 4 16% 2042 38461 6515 58%
c s  1.24 21 143 10 11 3252 29 25621 8130 2.0 20 10 1 4 16% 2058 38380 6515 58%
c e  1.24 21 143 10 11 3252 29 25621 8130 2.0 20 10 1 4 16% 2056 38383 6514 58%
c ^  1.24 21 143 10 11 3252 29 25621 8130 2.0 20 10 1 4 16% 2056 38383 6514 58%
c -  1.27 21 143 10 12 3377 28 26790 6601 2.0 20 10 1 4 16% 2079 38383 6514 58%
c c  1.30 21 142 10 12 3528 29 27569 7330 2.1 21 10 1 4 16% 2089 38359 6511 58%
c d  1.30 21 142 10 12 3528 29 27569 7291 2.1 21 10 1 4 16% 2083 38359 6511 58%
c u  1.31 21 142 10 12 3528 29 27569 6780 2.1 21 10 1 4 16% 2086 38359 6511 58%
c v  1.31 21 142 10 12 3528 29 27569 5769 2.1 21 10 1 4 16% 2088 38359 6511 58%
c
c seconds    switched     rate        size/glue  tier1    binary        remaining
c        MB    reductions   conflicts       size   tier2     irredundant
c          level    restarts     redundant     glue   trail        variables
c
c w  1.33 21 142 10 12 3528 29 27569 5469 2.1 21 10 1 4 16% 2088 38359 6511 58%
c =  1.38 21 142 10 12 3528 29 27569 5469 2.1 21 10 1 4 16% 2140 38359 6485 58%
c d  1.38 21 142 10 12 3528 29 27569 5438 2.1 21 10 1 4 16% 2087 38359 6485 58%
c t  1.38 21 142 10 12 3528 29 27569 5438 2.1 21 10 1 4 16% 2072 38359 6485 58%
c f  1.38 21 142 10 12 3528 29 27569 5438 2.1 21 10 1 4 16% 2120 38235 6508 58%
c u  1.39 21 142 10 12 3528 29 27569 5317 2.1 21 10 1 4 16% 2121 38235 6508 58%
c v  1.39 21 142 10 12 3528 29 27569 5122 2.1 21 10 1 4 16% 2121 38235 6508 58%
c w  1.40 21 142 10 12 3528 29 27569 5036 2.1 21 10 1 4 16% 2121 38235 6508 58%
c x  1.42 21 142 10 12 3528 29 27569 5036 2.1 21 10 1 4 16% 2122 37827 6508 58%
c =  1.47 21 142 10 12 3528 29 27569 5036 2.1 21 10 1 4 16% 2786 37703 6176 55%
c d  1.47 21 142 10 12 3528 29 27569 4874 2.1 21 10 1 4 16% 2105 37703 6176 55%
c t  1.47 21 142 10 12 3528 29 27569 4874 2.1 21 10 1 4 16% 2097 37703 6176 55%
c -  1.52 21 142 10 13 3788 27 30254 5879 2.0 21 10 1 5 17% 2122 37703 6176 55%
c }  1.54 21 142 11 13 3890 27 31227 6749 2.0 21 10 1 5 17% 2125 37703 6176 55%
c [  1.54 21 199 11 13 3890 3 31227 6749 2.9 100 35 1 6 36% 2125 37703 6176 55%
c O  1.54 21 199 11 13 3890 3 31227 6749 2.9 100 35 1 6 36% 2125 37703 6176 55%
c ]  1.75 22 187 12 13 3892 2 33628 9032 2.8 122 44 1 5 40% 2126 37703 6176 55%
c {  1.75 22 142 12 13 3892 27 33628 9032 2.0 21 10 1 5 17% 2126 37703 6176 55%
c -  1.76 22 142 12 14 3918 27 33861 7001 2.0 21 10 1 5 17% 2127 37703 6176 55%
c -  1.80 22 135 12 15 4076 24 37603 7733 2.0 20 10 1 5 16% 2163 37703 6176 55%
c
c seconds    switched     rate         size/glue  tier1    binary        remaining
c        MB    reductions   conflicts        size   tier2     irredundant
c          level    restarts      redundant     glue   trail        variables
c
c o  1.85 22 136 12 15 4373 23 40700 10478 2.0 21 10 1 5 17% 2176 37703 6176 55%
c -  1.87 22 136 12 16 4497 23 41475 8751 2.0 21 10 1 5 17% 2182 37703 6176 55%
c d  1.90 22 136 12 16 4652 24 42309 9494 2.0 21 10 1 5 17% 2176 37703 6170 55%
c u  1.91 22 136 12 16 4652 24 42309 8677 2.0 21 10 1 5 17% 2186 37703 6170 55%
c v  1.91 22 136 12 16 4652 24 42309 6849 2.0 21 10 1 5 17% 2194 37703 6170 55%
c w  1.93 22 136 12 16 4652 24 42309 6755 2.0 21 10 1 5 17% 2194 37703 6170 55%
c x  1.94 22 136 12 16 4652 24 42309 6752 2.0 21 10 1 5 17% 2196 35712 6170 55%
c =  1.99 22 136 12 16 4652 24 42309 6752 2.0 21 10 1 5 17% 2278 35712 6129 54%
c d  1.99 22 136 12 16 4652 24 42309 6396 2.0 21 10 1 5 17% 2171 35712 6129 54%
c t  1.99 22 136 12 16 4652 24 42309 6396 2.0 21 10 1 5 17% 2159 35712 6129 54%
c u  2.00 22 136 12 16 4652 24 42309 6239 2.0 21 10 1 5 17% 2160 35712 6129 54%
c v  2.01 22 136 12 16 4652 24 42309 5997 2.0 21 10 1 5 17% 2160 35712 6129 54%
c w  2.02 22 136 12 16 4652 24 42309 5954 2.0 21 10 1 5 17% 2160 35712 6129 54%
c x  2.03 22 136 12 16 4652 24 42309 5952 2.0 21 10 1 5 17% 2164 35185 6129 54%
c =  2.08 22 136 12 16 4652 24 42309 5952 2.0 21 10 1 5 17% 2540 35185 5941 53%
c d  2.09 22 136 12 16 4652 24 42309 5487 2.0 21 10 1 5 17% 2157 35185 5941 53%
c t  2.09 22 136 12 16 4652 24 42309 5487 2.0 21 10 1 5 17% 2127 35185 5941 53%
c }  2.12 22 135 13 16 4780 22 45108 8082 2.0 21 10 1 5 19% 2137 35185 5941 53%
c [  2.12 22 187 13 16 4780 2 45108 8082 2.8 122 44 1 5 40% 2137 35185 5941 53%
c B  2.12 22 187 13 16 4780 2 45108 8082 2.8 122 44 1 5 40% 2137 35185 5941 53%
c
c seconds    switched    rate        size/glue   tier1    binary        remaining
c        MB    reductions  conflicts       size    tier2     irredundant
c          level    restarts    redundant      glue   trail        variables
c
c -  2.15 22 185 13 17 4780 2 45476 6533 2.8 123 44 1 5 40% 2137 35185 5941 53%
c ]  2.31 22 179 14 17 4782 2 47259 8262 2.8 131 47 1 5 42% 2139 35185 5941 53%
c {  2.31 22 135 14 17 4782 22 47259 8262 2.0 21 10 1 5 19% 2139 35185 5941 53%
c -  2.34 22 133 14 18 4885 21 49600 7892 2.0 21 10 1 6 19% 2152 35185 5941 53%
c }  2.34 22 132 14 18 4889 21 50001 8244 2.0 21 10 1 6 19% 2153 35185 5941 53%
c ?  2.34 22 132 14 18 4889 21 50001 8244 2.0 21 10 1 6 19% 2153 35185 5941 53%
c
c ---- [ result ] ------------------------------------------------------------
c
s UNKNOWN
c
c ---- [ profiling ] ---------------------------------------------------------
c
c           1.59   68.15 %  search
c           0.85   36.55 %  stable
c           0.74   31.61 %  focused
c           0.71   30.18 %  simplify
c           0.68   29.12 %  probe
c           0.35   14.83 %  sweep
c           0.23    9.65 %  vivify
c           0.05    2.16 %  eliminate
c           0.04    1.73 %  factor
c           0.03    1.45 %  preprocess
c           0.03    1.33 %  congruence
c           0.03    1.24 %  substitute
c           0.01    0.61 %  reduce
c           0.01    0.39 %  subsume
c           0.01    0.31 %  walking
c           0.01    0.22 %  transitive
c           0.00    0.16 %  parse
c           0.00    0.13 %  backbone
c           0.00    0.05 %  lucky
c =============================================
c           2.34  100.00 %  total
c
c ---- [ statistics ] --------------------------------------------------------
c
c chronological:                          573                1 %  conflicts
c conflicts:                            50001            21364.52 per second
c congruent:                              753                7 %  variables
c decisions:                           810198               16.20 per conflict
c eliminated:                            3949               35 %  variables
c factored:                               104                1 %  variables
c propagations:                      25255362         10791160    per second
c reductions:                              18             2778    interval
c reordered:                                3            16667    interval
c rephased:                                 7             7143    interval
c restarts:                              4889               10    interval
c strengthened:                           282                0 %  checks
c substituted:                           1482               13 %  variables
c subsumed:                               492                0 %  checks
c switched:                                14             3572    interval
c vivified:                             15786                9 %  checks
c walks:                                    2            25000    interval
c
c ---- [ glue usage ] --------------------------------------------------------
c
c focused glue 1   used 71290 clauses 58.11% accumulated 58.11% tier1
c focused glue 2   used 23587 clauses 19.23% accumulated 77.33%
c focused glue 3-4 used 11921 clauses  9.72% accumulated 87.05%
c focused glue 5   used  3122 clauses  2.54% accumulated 89.60%
c focused glue 6   used  2190 clauses  1.79% accumulated 91.38% tier2
c
c stable glue 1 used 147237 clauses 69.67% accumulated 69.67% tier1
c stable glue 2 used  29507 clauses 13.96% accumulated 83.63%
c stable glue 3 used   8858 clauses  4.19% accumulated 87.82%
c stable glue 4 used   4751 clauses  2.25% accumulated 90.07% tier2
c
c ---- [ resources ] ---------------------------------------------------------
c
c maximum-resident-set-size:      23588765696 bytes      22496 MB
c process-time:                             2s               2.34 seconds
c
c ---- [ shutting down ] -----------------------------------------------------
c
c exit 0
