c ---- [ banner ] ------------------------------------------------------------
c
c Kissat SAT Solver
c 
c Copyright (c) 2021-2024 Armin Biere University of Freiburg
c Copyright (c) 2019-2021 Armin Biere Johannes Kepler University Linz
c 
c Version 4.0.4 unknown
c Apple clang version 17.0.0 (clang-1700.3.19.1) -W -Wall -O3 -DNDEBUG
c Thu Oct 16 20:09:41 UTC 2025 Darwin Tahoe-arm64.local 25.0.0 arm64
c
c ---- [ parsing ] -----------------------------------------------------------
c
c opened and reading DIMACS file:
c
c   headline_hunt/bets/cascade_aux_encoding/cnfs/aux_expose_sr61_n32_bit10_m3304caa0_fill80000000.cnf
c
c parsed 'p cnf 12816 53698' header
c closing input after reading 977741 bytes (955 KB)
c finished parsing after 0.00 seconds
c
c ---- [ options ] -----------------------------------------------------------
c
c --seed=5                         (different from default '0')
c
c ---- [ limits ] ------------------------------------------------------------
c
c conflict limit set to 50000 conflicts
c
c ---- [ solving ] -----------------------------------------------------------
c
c seconds switched rate     size/glue tier1  binary         remaining
c        MB reductions conflicts size  tier2    irredundant
c         level restarts redundant glue  trail         variables
c
c *  0.00  9 0 0 0  0 0   0   0 0.0 0 0 0 0 0% 3570 50063 12815 100%
c (  0.01  9 0 0 0  0 0   0   0 0.0 0 0 0 0 0% 3570 50063 12815 100%
c .  0.01  9 0 0 0  0 0   0   0 0.0 0 0 0 0 0% 3570 50063 12815 100%
c c  0.02 14 0 0 0  0 0   0   0 0.0 0 0 0 0 0% 5778 43296 10847 85%
c d  0.02 14 0 0 0  0 0   0   0 0.0 0 0 0 0 0% 3122 43296 10847 85%
c =  0.03 14 0 0 0  0 0   0   0 0.0 0 0 0 0 0% 3078 43296 10842 85%
c d  0.03 14 0 0 0  0 0   0   0 0.0 0 0 0 0 0% 3068 43296 10842 85%
c f  0.04 15 0 0 0  0 0   0   0 0.0 0 0 0 0 0% 3198 43034 10908 85%
c )  0.05 15 0 0 0  0 0   0   0 0.0 0 0 0 0 0% 3198 43034 10908 85%
c {  0.05 15 0 0 0  0 0   0   0 0.0 0 0 2 6 0% 3198 43034 10908 85%
c -  0.06 15 216 0 1 254 47 1003 712 1.6 5 3 2 5 10% 3322 43024 10908 85%
c }  0.06 15 216 1 1 254 47 1003 712 1.6 5 3 2 5 10% 3322 43024 10908 85%
c [  0.06 15 0 1 1 254 0 1003 712 0.0 0 0 2 6 0% 3322 43024 10908 85%
c B  0.06 15 0 1 1 254 0 1003 712 0.0 0 0 2 6 0% 3322 43024 10908 85%
c -  0.06 15 430 1 2 254 2 2005 1337 1.9 9 5 2 6 5% 3325 43024 10908 85%
c W  0.06 15 430 1 2 254 2 2005 1337 1.9 9 5 2 6 5% 3325 43024 10908 85%
c c  0.07 15 401 1 2 255 5 2555 1758 1.8 8 4 2 6 6% 3369 42899 10875 85%
c d  0.08 15 401 1 2 255 5 2555 1726 1.8 8 4 2 6 6% 3307 42899 10875 85%
c u  0.08 15 401 1 2 255 5 2555 1324 1.8 8 4 2 6 6% 3304 42899 10875 85%
c v  0.08 15 401 1 2 255 5 2555 1097 1.8 8 4 2 6 6% 3304 42899 10875 85%
c
c seconds   switched  rate       size/glue tier1  binary         remaining
c        MB  reductions conflicts     size  tier2    irredundant
c          level restarts   redundant   glue  trail         variables
c
c w  0.08 15 401 1 2 255 5 2555 1010 1.8 8 4 2 6 6% 3304 42899 10875 85%
c x  0.08 15 401 1 2 255 5 2555 1010 1.8 8 4 2 6 6% 3304 42780 10875 85%
c t  0.10 15 401 1 2 255 5 2555 1010 1.8 8 4 2 6 6% 3301 42780 10875 85%
c u  0.11 15 401 1 2 255 5 2555 958 1.8 8 4 2 6 6% 3301 42780 10875 85%
c v  0.11 15 401 1 2 255 5 2555 892 1.8 8 4 2 6 6% 3301 42780 10875 85%
c w  0.11 15 401 1 2 255 5 2555 854 1.8 8 4 2 6 6% 3301 42780 10875 85%
c -  0.12 15 300 1 3 255 6 3419 1325 1.7 8 5 2 6 6% 3346 42780 10875 85%
c I  0.12 15 253 1 3 256 6 4264 1963 1.7 9 5 2 6 7% 3366 42780 10875 85%
c ]  0.13 15 314 2 3 256 6 5005 2562 1.6 12 7 2 7 10% 3375 42780 10875 85%
c {  0.13 15 216 2 3 256 47 5005 2562 1.6 5 3 2 5 10% 3375 42780 10875 85%
c -  0.13 15 209 2 4 305 48 5151 2260 1.6 5 3 2 5 10% 3399 42775 10875 85%
c }  0.14 15 162 3 4 410 36 6008 2880 1.7 5 3 2 5 9% 3526 42762 10875 85%
c [  0.14 15 314 3 4 410 6 6008 2880 1.6 12 7 2 7 10% 3526 42762 10875 85%
c ]  0.15 15 291 4 4 410 6 6546 3371 1.8 15 8 2 7 11% 3539 42761 10875 85%
c {  0.15 15 162 4 4 410 36 6546 3371 1.7 5 3 2 5 9% 3539 42761 10875 85%
c -  0.16 15 152 4 5 626 37 7153 3315 1.8 7 4 2 4 9% 3598 42754 10875 85%
c d  0.18 15 137 4 5 857 36 7861 3899 1.8 9 5 2 4 9% 3602 42750 10853 85%
c u  0.19 15 137 4 5 857 36 7861 3111 1.8 9 5 2 4 9% 3609 42750 10853 85%
c v  0.19 15 137 4 5 857 36 7861 2872 1.8 9 5 2 4 9% 3610 42750 10853 85%
c w  0.19 15 137 4 5 857 36 7861 2852 1.8 9 5 2 4 9% 3610 42750 10853 85%
c
c seconds   switched   rate       size/glue tier1  binary         remaining
c        MB  reductions conflicts      size  tier2    irredundant
c          level restarts    redundant   glue  trail         variables
c
c x  0.19 16 137 4 5 857 36 7861 2852 1.8 9 5 2 4 9% 3646 42681 10853 85%
c d  0.21 16 137 4 5 857 36 7861 2846 1.8 9 5 2 4 9% 3640 42681 10850 85%
c t  0.21 16 137 4 5 857 36 7861 2846 1.8 9 5 2 4 9% 3631 42681 10850 85%
c f  0.21 16 137 4 5 857 36 7861 2846 1.8 9 5 2 4 9% 3646 42653 10858 85%
c c  0.22 16 137 4 5 857 36 7861 2829 1.8 9 5 2 4 9% 3669 42585 10844 85%
c d  0.22 16 137 4 5 857 36 7861 2829 1.8 9 5 2 4 9% 3641 42585 10844 85%
c u  0.22 16 137 4 5 857 36 7861 2707 1.8 9 5 2 4 9% 3647 42585 10844 85%
c v  0.22 16 137 4 5 857 36 7861 2629 1.8 9 5 2 4 9% 3648 42585 10844 85%
c w  0.23 16 137 4 5 857 36 7861 2471 1.8 9 5 2 4 9% 3648 42585 10844 85%
c d  0.23 16 137 4 5 857 36 7861 2471 1.8 9 5 2 4 9% 3646 42585 10843 85%
c t  0.23 16 137 4 5 857 36 7861 2471 1.8 9 5 2 4 9% 3644 42585 10843 85%
c f  0.23 16 137 4 5 857 36 7861 2471 1.8 9 5 2 4 9% 3652 42573 10847 85%
c }  0.27 16 127 5 5 1124 35 8898 3377 1.8 12 7 1 3 11% 3709 42570 10847 85%
c [  0.27 16 291 5 5 1124 6 8898 3377 1.8 15 8 2 7 11% 3709 42570 10847 85%
c B  0.27 16 291 5 5 1124 6 8898 3377 1.8 15 8 2 7 11% 3709 42570 10847 85%
c ]  0.36 16 276 6 5 1124 6 9243 3717 2.4 31 13 2 7 15% 3709 42570 10847 85%
c {  0.36 16 127 6 5 1124 35 9243 3717 1.8 12 7 1 3 11% 3709 42570 10847 85%
c -  0.36 16 135 6 6 1127 34 9389 3152 1.8 12 7 1 3 11% 3725 42570 10847 85%
c o  0.38 16 132 6 6 1184 31 10118 3770 1.9 13 7 1 3 11% 3773 42568 10847 85%
c -  0.43 18 119 6 7 1473 28 11838 4552 2.0 14 7 1 3 11% 3849 42565 10847 85%
c
c seconds   switched    rate        size/glue tier1    binary         remaining
c        MB  reductions   conflicts       size  tier2     irredundant
c          level  restarts     redundant    glue   trail         variables
c
c s  0.47 18 114 6 7 1662 27 12752 5394 2.1 15 7 1 3 12% 3871 42368 10847 85%
c e  0.49 18 114 6 7 1662 27 12752 5394 2.1 15 7 1 3 12% 2633 40739 7194 56%
c 2  0.49 18 114 6 7 1662 27 12752 5394 2.1 15 7 1 3 12% 2632 40739 7194 56%
c s  0.49 18 114 6 7 1662 27 12752 5394 2.1 15 7 1 3 12% 2648 40490 7194 56%
c e  0.50 18 114 6 7 1662 27 12752 5394 2.1 15 7 1 3 12% 2560 40337 7128 56%
c ^  0.50 18 114 6 7 1662 27 12752 5394 2.1 15 7 1 3 12% 2560 40337 7128 56%
c }  0.51 21 112 7 7 1758 26 13312 3554 2.1 16 8 1 3 12% 2578 40337 7128 56%
c [  0.51 21 276 7 7 1758 6 13312 3554 2.4 31 13 2 7 15% 2578 40337 7128 56%
c ]  0.67 21 246 8 7 1758 5 14197 4396 2.3 50 22 2 7 22% 2578 40337 7128 56%
c {  0.67 21 112 8 7 1758 26 14197 4396 2.1 16 8 1 3 12% 2578 40337 7128 56%
c -  0.68 21 111 8 8 1828 26 14483 3921 2.1 16 8 1 3 12% 2584 40337 7128 56%
c c  0.78 21 109 8 8 2217 26 16101 5366 2.0 20 10 1 3 13% 2610 40330 7127 56%
c d  0.78 21 109 8 8 2217 26 16101 5365 2.0 20 10 1 3 13% 2603 40330 7124 56%
c u  0.79 21 109 8 8 2217 26 16101 4948 2.0 20 10 1 3 13% 2610 40330 7124 56%
c v  0.79 21 109 8 8 2217 26 16101 4501 2.0 20 10 1 3 13% 2610 40330 7124 56%
c w  0.83 21 109 8 8 2217 26 16101 4139 2.0 20 10 1 3 13% 2610 40330 7124 56%
c t  0.83 21 109 8 8 2217 26 16101 4139 2.0 20 10 1 3 13% 2603 40330 7124 56%
c f  0.84 21 109 8 8 2217 26 16101 4139 2.0 20 10 1 3 13% 2625 40274 7136 56%
c b  0.84 21 109 8 8 2217 26 16101 4139 2.0 20 10 1 3 13% 2625 40274 7134 56%
c u  0.85 21 109 8 8 2217 26 16101 4034 2.0 20 10 1 3 13% 2627 40274 7134 56%
c
c seconds   switched    rate        size/glue  tier1    binary        remaining
c        MB  reductions   conflicts       size   tier2     irredundant
c          level  restarts     redundant     glue   trail        variables
c
c v  0.85 21 109 8 8 2217 26 16101 3926 2.0 20 10 1 3 13% 2627 40274 7134 56%
c w  0.88 21 109 8 8 2217 26 16101 3768 2.0 20 10 1 3 13% 2627 40274 7134 56%
c x  0.89 21 109 8 8 2217 26 16101 3764 2.0 20 10 1 3 13% 2721 39572 7134 56%
c =  0.96 21 109 8 8 2217 26 16101 3764 2.0 20 10 1 3 13% 2747 39546 7121 56%
c d  0.96 21 109 8 8 2217 26 16101 3756 2.0 20 10 1 3 13% 2714 39546 7121 56%
c t  0.96 21 109 8 8 2217 26 16101 3756 2.0 20 10 1 3 13% 2689 39546 7121 56%
c -  1.01 21 109 8 9 2474 26 17311 4075 2.0 21 11 1 3 14% 2698 39546 7121 56%
c o  1.14 21 109 8 9 3013 26 20121 6699 2.0 24 12 1 3 15% 2726 39546 7121 56%
c -  1.15 21 109 8 10 3050 26 20312 5737 2.0 24 12 1 3 15% 2726 39546 7121 56%
c }  1.15 21 109 9 10 3050 26 20356 5778 2.0 24 12 1 3 15% 2726 39546 7121 56%
c [  1.15 21 246 9 10 3050 5 20356 5778 2.3 50 22 2 7 22% 2726 39546 7121 56%
c W  1.16 21 246 9 10 3050 5 20356 5778 2.3 50 22 2 7 22% 2726 39546 7121 56%
c ]  1.47 21 211 10 10 3051 4 21893 7229 2.4 79 32 2 7 31% 2726 39546 7121 56%
c {  1.47 21 109 10 10 3051 26 21893 7229 2.0 24 12 1 3 15% 2726 39546 7121 56%
c -  1.57 22 108 10 11 3397 26 23474 6897 2.0 26 13 1 3 15% 2741 39546 7121 56%
c s  1.72 22 107 10 11 3859 26 25557 8880 1.9 28 15 1 3 16% 2749 39442 7121 56%
c e  1.74 22 107 10 11 3859 26 25557 8880 1.9 28 15 1 3 16% 2102 40307 6769 53%
c s  1.74 22 107 10 11 3859 26 25557 8880 1.9 28 15 1 3 16% 2181 40058 6769 53%
c e  1.74 22 107 10 11 3859 26 25557 8880 1.9 28 15 1 3 16% 2171 40072 6765 53%
c ^  1.74 22 107 10 11 3859 26 25557 8880 1.9 28 15 1 3 16% 2171 40072 6765 53%
c
c seconds    switched     rate        size/glue  tier1    binary        remaining
c        MB    reductions   conflicts       size   tier2     irredundant
c          level    restarts     redundant     glue   trail        variables
c
c -  1.81 22 107 10 12 4097 26 26790 6179 1.9 29 15 1 3 16% 2173 40072 6765 53%
c c  1.86 22 109 10 12 4244 26 27507 6840 1.9 29 15 1 3 17% 2178 40070 6764 53%
c d  1.86 22 109 10 12 4244 26 27507 6839 1.9 29 15 1 3 17% 2176 40070 6764 53%
c u  1.86 22 109 10 12 4244 26 27507 6309 1.9 29 15 1 3 17% 2178 40070 6764 53%
c v  1.87 22 109 10 12 4244 26 27507 5719 1.9 29 15 1 3 17% 2178 40070 6764 53%
c w  1.89 22 109 10 12 4244 26 27507 5222 1.9 29 15 1 3 17% 2178 40070 6764 53%
c t  1.89 22 109 10 12 4244 26 27507 5222 1.9 29 15 1 3 17% 2176 40070 6764 53%
c f  1.90 22 109 10 12 4244 26 27507 5222 1.9 29 15 1 3 17% 2255 39857 6804 53%
c u  1.90 22 109 10 12 4244 26 27507 5121 1.9 29 15 1 3 17% 2255 39857 6804 53%
c v  1.90 22 109 10 12 4244 26 27507 4969 1.9 29 15 1 3 17% 2255 39857 6804 53%
c w  1.92 22 109 10 12 4244 26 27507 4757 1.9 29 15 1 3 17% 2255 39857 6804 53%
c x  1.94 22 109 10 12 4244 26 27507 4744 1.9 29 15 1 3 17% 2281 39512 6804 53%
c =  2.05 22 109 10 12 4244 26 27507 4744 1.9 29 15 1 3 17% 2963 39477 6463 50%
c d  2.05 22 109 10 12 4244 26 27507 4595 1.9 29 15 1 3 17% 2267 39477 6463 50%
c t  2.05 22 109 10 12 4244 26 27507 4595 1.9 29 15 1 3 17% 2227 39477 6463 50%
c -  2.18 22 108 10 13 4650 25 30254 5998 2.0 31 16 1 3 17% 2235 39477 6463 50%
c }  2.19 22 108 11 13 4678 25 30521 6249 2.0 31 16 1 3 17% 2236 39477 6463 50%
c [  2.19 22 211 11 13 4678 4 30521 6249 2.4 79 32 2 7 31% 2236 39477 6463 50%
c O  2.19 22 211 11 13 4678 4 30521 6249 2.4 79 32 2 7 31% 2236 39477 6463 50%
c ]  2.72 22 172 12 13 4680 3 33719 9272 2.4 99 42 2 7 38% 2237 39477 6463 50%
c
c seconds    switched     rate        size/glue  tier1    binary        remaining
c        MB    reductions   conflicts       size   tier2     irredundant
c          level    restarts     redundant     glue   trail        variables
c
c {  2.72 22 108 12 13 4680 25 33719 9272 2.0 31 16 1 3 17% 2237 39477 6463 50%
c -  2.73 22 108 12 14 4710 25 33860 7092 2.0 31 16 1 3 17% 2238 39477 6463 50%
c -  2.91 23 113 12 15 5259 24 37602 8283 2.0 33 16 1 3 18% 2249 39477 6463 50%
c o  3.05 23 113 12 15 5665 23 40177 10760 2.0 34 17 1 3 18% 2258 39477 6463 50%
c -  3.12 23 113 12 16 5882 23 41474 9768 2.0 34 17 1 3 18% 2262 39477 6463 50%
c u  3.16 23 112 12 16 5961 23 42206 9784 2.0 34 17 1 3 18% 2270 39477 6463 50%
c v  3.17 23 112 12 16 5961 23 42206 8906 2.0 34 17 1 3 18% 2271 39477 6463 50%
c w  3.20 23 112 12 16 5961 23 42206 8075 2.0 34 17 1 3 18% 2271 39477 6463 50%
c =  3.34 23 112 12 16 5961 23 42206 8075 2.0 34 17 1 3 18% 3143 39469 6027 47%
c d  3.34 23 112 12 16 5961 23 42206 7987 2.0 34 17 1 3 18% 2262 39469 6027 47%
c t  3.34 23 112 12 16 5961 23 42206 7987 2.0 34 17 1 3 18% 2228 39469 6027 47%
c c  3.35 23 112 12 16 5961 23 42206 7987 2.0 34 17 1 3 18% 2232 39467 6025 47%
c d  3.35 23 112 12 16 5961 23 42206 7987 2.0 34 17 1 3 18% 2228 39467 6025 47%
c u  3.36 23 112 12 16 5961 23 42206 7814 2.0 34 17 1 3 18% 2225 39467 6025 47%
c v  3.36 23 112 12 16 5961 23 42206 7575 2.0 34 17 1 3 18% 2226 39467 6025 47%
c w  3.39 23 112 12 16 5961 23 42206 7150 2.0 34 17 1 3 18% 2226 39467 6025 47%
c =  3.42 23 112 12 16 5961 23 42206 7150 2.0 34 17 1 3 18% 2628 39467 5824 45%
c d  3.42 23 112 12 16 5961 23 42206 7150 2.0 34 17 1 3 18% 2226 39467 5824 45%
c t  3.42 23 112 12 16 5961 23 42206 7150 2.0 34 17 1 3 18% 2218 39467 5824 45%
c }  3.45 23 115 13 16 5972 21 45198 9899 2.0 34 17 1 3 18% 2239 39467 5824 45%
c
c seconds    switched    rate        size/glue  tier1    binary        remaining
c        MB    reductions  conflicts       size   tier2     irredundant
c          level    restarts    redundant     glue   trail        variables
c
c [  3.45 23 172 13 16 5972 3 45198 9899 2.4 99 42 2 7 38% 2239 39467 5824 45%
c B  3.45 23 172 13 16 5972 3 45198 9899 2.4 99 42 2 7 38% 2239 39467 5824 45%
c -  3.46 23 171 13 17 5972 3 45475 7667 2.4 98 41 1 5 38% 2239 39467 5824 45%
c -  3.52 23 153 13 18 5975 3 49599 8413 2.4 85 36 1 6 34% 2253 39466 5824 45%
c ]  3.53 23 151 13 18 5975 3 50002 8801 2.4 84 35 1 6 34% 2254 39466 5824 45%
c ?  3.53 23 115 13 18 5975 21 50002 8801 2.0 34 17 1 3 18% 2254 39466 5824 45%
c
c ---- [ result ] ------------------------------------------------------------
c
s UNKNOWN
c
c ---- [ profiling ] ---------------------------------------------------------
c
c           2.66   75.50 %  search
c           1.47   41.72 %  focused
c           1.19   33.78 %  stable
c           0.82   23.17 %  simplify
c           0.80   22.63 %  probe
c           0.39   10.94 %  sweep
c           0.26    7.47 %  vivify
c           0.06    1.66 %  congruence
c           0.05    1.42 %  factor
c           0.05    1.38 %  eliminate
c           0.04    1.11 %  preprocess
c           0.03    0.86 %  substitute
c           0.01    0.42 %  reduce
c           0.01    0.28 %  subsume
c           0.01    0.25 %  walking
c           0.01    0.17 %  transitive
c           0.00    0.11 %  parse
c           0.00    0.10 %  backbone
c           0.00    0.10 %  lucky
c =============================================
c           3.53  100.00 %  total
c
c ---- [ statistics ] --------------------------------------------------------
c
c chronological:                          575                1 %  conflicts
c conflicts:                            50002            14168.28 per second
c congruent:                             1761               14 %  variables
c decisions:                           769450               15.39 per conflict
c eliminated:                            4075               32 %  variables
c factored:                               130                1 %  variables
c propagations:                      37318632         10574397    per second
c reductions:                              18             2778    interval
c reordered:                                3            16667    interval
c rephased:                                 7             7143    interval
c restarts:                              5975                8    interval
c strengthened:                           598                0 %  checks
c substituted:                           2402               19 %  variables
c subsumed:                               702                0 %  checks
c switched:                                13             3846    interval
c vivified:                             16958               12 %  checks
c walks:                                    2            25001    interval
c
c ---- [ glue usage ] --------------------------------------------------------
c
c focused glue 1 used 155539 clauses 67.63% accumulated 67.63% tier1
c focused glue 2 used  39810 clauses 17.31% accumulated 84.93%
c focused glue 3 used  13465 clauses  5.85% accumulated 90.79% tier2
c
c stable glue 1   used 111984 clauses 62.13% accumulated 62.13% tier1
c stable glue 2   used  25903 clauses 14.37% accumulated 76.50%
c stable glue 3-4 used  19505 clauses 10.82% accumulated 87.32%
c stable glue 5   used   4376 clauses  2.43% accumulated 89.75%
c stable glue 6   used   2695 clauses  1.50% accumulated 91.25% tier2
c
c ---- [ resources ] ---------------------------------------------------------
c
c maximum-resident-set-size:      24612175872 bytes      23472 MB
c process-time:                             4s               3.53 seconds
c
c ---- [ shutting down ] -----------------------------------------------------
c
c exit 0
