c ---- [ banner ] ------------------------------------------------------------
c
c Kissat SAT Solver
c 
c Copyright (c) 2021-2024 Armin Biere University of Freiburg
c Copyright (c) 2019-2021 Armin Biere Johannes Kepler University Linz
c 
c Version 4.0.4 unknown
c Apple clang version 17.0.0 (clang-1700.3.19.1) -W -Wall -O3 -DNDEBUG
c Thu Oct 16 20:09:41 UTC 2025 Darwin Tahoe-arm64.local 25.0.0 arm64
c
c ---- [ parsing ] -----------------------------------------------------------
c
c opened and reading DIMACS file:
c
c   headline_hunt/bets/cascade_aux_encoding/cnfs/aux_force_sr61_n32_bit13_m4d9f691c_fill55555555.cnf
c
c parsed 'p cnf 12872 53915' header
c closing input after reading 980899 bytes (958 KB)
c finished parsing after 0.00 seconds
c
c ---- [ options ] -----------------------------------------------------------
c
c --seed=5                         (different from default '0')
c
c ---- [ limits ] ------------------------------------------------------------
c
c conflict limit set to 50000 conflicts
c
c ---- [ solving ] -----------------------------------------------------------
c
c seconds switched rate     size/glue tier1  binary         remaining
c        MB reductions conflicts size  tier2    irredundant
c         level restarts redundant glue  trail         variables
c
c *  0.00  9 0 0 0  0 0   0   0 0.0 0 0 0 0 0% 3160 50242 12391 96%
c (  0.00  9 0 0 0  0 0   0   0 0.0 0 0 0 0 0% 3160 50242 12391 96%
c .  0.01  9 0 0 0  0 0   0   0 0.0 0 0 0 0 0% 4056 48322 12391 96%
c c  0.02 14 0 0 0  0 0   0   0 0.0 0 0 0 0 0% 5850 42457 10588 82%
c d  0.02 14 0 0 0  0 0   0   0 0.0 0 0 0 0 0% 3160 42457 10588 82%
c =  0.03 14 0 0 0  0 0   0   0 0.0 0 0 0 0 0% 3022 42457 10584 82%
c d  0.03 14 0 0 0  0 0   0   0 0.0 0 0 0 0 0% 3014 42457 10584 82%
c f  0.04 14 0 0 0  0 0   0   0 0.0 0 0 0 0 0% 3345 41886 10762 84%
c )  0.04 14 0 0 0  0 0   0   0 0.0 0 0 0 0 0% 3345 41886 10762 84%
c {  0.04 14 0 0 0  0 0   0   0 0.0 0 0 2 6 0% 3345 41886 10762 84%
c -  0.05 14 264 0 1 230 67 1001 766 1.5 4 3 2 4 11% 3421 41886 10762 84%
c }  0.05 14 264 1 1 230 67 1001 766 1.5 4 3 2 4 11% 3421 41886 10762 84%
c [  0.05 14 0 1 1 230 0 1001 766 0.0 0 0 2 6 0% 3421 41886 10762 84%
c B  0.05 14 0 1 1 230 0 1001 766 0.0 0 0 2 6 0% 3421 41886 10762 84%
c -  0.06 14 434 1 2 230 2 2004 1449 1.3 18 13 5 18 6% 3427 41886 10762 84%
c W  0.06 14 434 1 2 230 2 2004 1449 1.3 18 13 5 18 6% 3427 41886 10762 84%
c c  0.07 14 396 1 2 231 6 2554 1778 1.4 14 10 5 18 8% 3556 41654 10703 83%
c d  0.07 14 396 1 2 231 6 2554 1611 1.4 14 10 5 18 8% 3423 41654 10695 83%
c u  0.08 14 396 1 2 231 6 2554 1288 1.4 14 10 5 18 8% 3427 41654 10695 83%
c v  0.08 14 396 1 2 231 6 2554 1224 1.4 14 10 5 18 8% 3428 41654 10695 83%
c
c seconds   switched  rate      size/glue  tier1    binary         remaining
c        MB  reductions conflicts     size   tier2     irredundant
c          level restarts   redundant    glue   trail         variables
c
c w  0.08 14 396 1 2 231 6 2554 989 1.4 14 10 5 18 8% 3429 41654 10695 83%
c x  0.08 14 396 1 2 231 6 2554 989 1.4 14 10 5 18 8% 3429 41528 10695 83%
c =  0.10 15 396 1 2 231 6 2554 989 1.4 14 10 5 18 8% 3455 41528 10682 83%
c d  0.10 15 396 1 2 231 6 2554 986 1.4 14 10 5 18 8% 3427 41528 10681 83%
c f  0.10 15 396 1 2 231 6 2554 986 1.4 14 10 5 18 8% 3431 41522 10683 83%
c c  0.11 15 396 1 2 231 6 2554 985 1.4 14 10 5 18 8% 3437 41506 10679 83%
c d  0.11 15 396 1 2 231 6 2554 985 1.4 14 10 5 18 8% 3429 41506 10679 83%
c u  0.11 15 396 1 2 231 6 2554 939 1.4 14 10 5 18 8% 3431 41506 10679 83%
c v  0.11 15 396 1 2 231 6 2554 917 1.4 14 10 5 18 8% 3431 41506 10679 83%
c w  0.11 15 396 1 2 231 6 2554 816 1.4 14 10 5 18 8% 3431 41506 10679 83%
c =  0.13 15 396 1 2 231 6 2554 816 1.4 14 10 5 18 8% 3479 41506 10655 83%
c d  0.13 15 396 1 2 231 6 2554 798 1.4 14 10 5 18 8% 3423 41506 10655 83%
c t  0.13 15 396 1 2 231 6 2554 798 1.4 14 10 5 18 8% 3421 41506 10655 83%
c -  0.14 15 282 1 3 231 9 3419 1361 1.5 11 8 2 10 8% 3430 41506 10655 83%
c I  0.14 15 282 1 3 232 8 4265 2031 1.5 12 8 2 10 12% 3454 41506 10655 83%
c ]  0.14 15 282 2 3 232 8 4374 2127 1.5 12 8 2 10 12% 3462 41506 10655 83%
c {  0.14 15 264 2 3 232 67 4374 2127 1.5 4 3 2 4 11% 3462 41506 10655 83%
c -  0.15 15 184 2 4 395 48 5151 2469 1.6 5 3 2 4 10% 3596 41486 10655 83%
c }  0.15 15 171 3 4 444 45 5374 2635 1.6 5 3 2 4 10% 3629 41481 10655 83%
c [  0.15 15 282 3 4 444 8 5374 2635 1.5 12 8 2 10 12% 3629 41481 10655 83%
c
c seconds   switched  rate       size/glue tier1    binary         remaining
c        MB  reductions conflicts      size  tier2     irredundant
c          level restarts   redundant    glue   trail         variables
c
c -  0.16 15 239 3 5 445 6 7151 3577 1.7 14 8 2 9 15% 3656 41481 10655 83%
c ]  0.17 15 221 4 5 445 6 7738 3963 1.7 13 8 2 9 14% 3661 41481 10655 83%
c {  0.17 15 171 4 5 445 45 7738 3963 1.6 5 3 2 4 10% 3661 41481 10655 83%
c d  0.17 15 166 4 5 490 45 7867 4057 1.6 5 3 2 4 10% 3661 41481 10648 83%
c u  0.17 15 166 4 5 490 45 7867 3330 1.6 5 3 2 4 10% 3666 41481 10648 83%
c v  0.18 15 166 4 5 490 45 7867 3012 1.6 5 3 2 4 10% 3666 41481 10648 83%
c w  0.18 15 166 4 5 490 45 7867 2797 1.6 5 3 2 4 10% 3666 41481 10648 83%
c x  0.18 15 166 4 5 490 45 7867 2797 1.6 5 3 2 4 10% 3734 41284 10648 83%
c =  0.19 15 166 4 5 490 45 7867 2797 1.6 5 3 2 4 10% 3784 41284 10623 83%
c d  0.20 15 166 4 5 490 45 7867 2790 1.6 5 3 2 4 10% 3726 41284 10623 83%
c t  0.20 15 166 4 5 490 45 7867 2790 1.6 5 3 2 4 10% 3717 41284 10623 83%
c f  0.20 15 166 4 5 490 45 7867 2790 1.6 5 3 2 4 10% 3721 41276 10627 83%
c c  0.21 15 166 4 5 490 45 7867 2790 1.6 5 3 2 4 10% 3723 41272 10626 83%
c d  0.21 15 166 4 5 490 45 7867 2790 1.6 5 3 2 4 10% 3721 41272 10626 83%
c u  0.21 15 166 4 5 490 45 7867 2558 1.6 5 3 2 4 10% 3724 41272 10626 83%
c v  0.21 15 166 4 5 490 45 7867 2439 1.6 5 3 2 4 10% 3724 41272 10626 83%
c w  0.21 15 166 4 5 490 45 7867 2318 1.6 5 3 2 4 10% 3724 41272 10626 83%
c x  0.22 15 166 4 5 490 45 7867 2318 1.6 5 3 2 4 10% 3883 40755 10626 83%
c =  0.23 15 166 4 5 490 45 7867 2318 1.6 5 3 2 4 10% 3885 40755 10625 83%
c d  0.23 15 166 4 5 490 45 7867 2318 1.6 5 3 2 4 10% 3883 40755 10625 83%
c
c seconds   switched   rate       size/glue tier1   binary         remaining
c        MB  reductions conflicts      size  tier2     irredundant
c          level restarts    redundant   glue   trail         variables
c
c t  0.23 15 166 4 5 490 45 7867 2318 1.6 5 3 2 4 10% 3869 40755 10625 83%
c -  0.26 15 124 4 6 983 37 9387 3204 1.7 6 4 2 5 10% 3969 40751 10625 83%
c o  0.27 15 116 4 6 1146 35 10001 3718 1.7 7 4 2 5 10% 4007 40751 10625 83%
c }  0.27 15 116 5 6 1171 35 10091 3803 1.7 7 4 2 5 10% 4008 40751 10625 83%
c [  0.27 15 221 5 6 1171 6 10091 3803 1.7 13 8 2 9 14% 4008 40751 10625 83%
c B  0.27 15 221 5 6 1171 6 10091 3803 1.7 13 8 2 9 14% 4008 40751 10625 83%
c -  0.28 15 215 5 7 1172 5 11836 4565 1.7 14 8 2 9 15% 4022 40751 10625 83%
c s  0.29 15 218 5 7 1173 5 12766 5384 1.7 14 8 2 9 16% 4026 40567 10625 83%
c e  0.31 20 218 5 7 1173 5 12766 5384 1.7 14 8 2 9 16% 2631 35437 6507 51%
c s  0.31 20 218 5 7 1173 5 12766 5384 1.7 14 8 2 9 16% 2640 35099 6507 51%
c e  0.32 20 218 5 7 1173 5 12766 5384 1.7 14 8 2 9 16% 2369 35354 6417 50%
c ^  0.32 20 218 5 7 1173 5 12766 5384 1.7 14 8 2 9 16% 2369 35354 6417 50%
c -  0.32 20 193 5 8 1173 4 14482 3769 1.7 14 8 2 10 14% 2382 35354 6417 50%
c W  0.33 20 182 5 8 1174 4 15621 4732 1.7 14 8 2 10 14% 2392 35354 6417 50%
c d  0.33 20 177 5 8 1175 4 16121 5142 1.7 13 8 2 10 13% 2374 35352 6407 50%
c u  0.34 20 177 5 8 1175 4 16121 4714 1.7 13 8 2 10 13% 2376 35352 6407 50%
c v  0.34 20 177 5 8 1175 4 16121 4403 1.7 13 8 2 10 13% 2377 35352 6407 50%
c w  0.34 20 177 5 8 1175 4 16121 4372 1.7 13 8 2 10 13% 2377 35352 6407 50%
c x  0.34 20 177 5 8 1175 4 16121 4371 1.7 13 8 2 10 13% 2379 35291 6407 50%
c =  0.36 20 177 5 8 1175 4 16121 4371 1.7 13 8 2 10 13% 2497 35291 6348 49%
c
c seconds   switched   rate        size/glue tier1     binary        remaining
c        MB  reductions  conflicts       size  tier2      irredundant
c          level  restarts    redundant    glue    trail        variables
c
c d  0.36 20 177 5 8 1175 4 16121 4348 1.7 13 8 2 10 13% 2377 35291 6347 49%
c t  0.36 20 177 5 8 1175 4 16121 4348 1.7 13 8 2 10 13% 2372 35291 6347 49%
c f  0.36 20 177 5 8 1175 4 16121 4348 1.7 13 8 2 10 13% 2377 35279 6350 49%
c u  0.37 20 177 5 8 1175 4 16121 3955 1.7 13 8 2 10 13% 2389 35279 6350 49%
c v  0.37 20 177 5 8 1175 4 16121 3699 1.7 13 8 2 10 13% 2390 35279 6350 49%
c w  0.37 20 177 5 8 1175 4 16121 3658 1.7 13 8 2 10 13% 2390 35279 6350 49%
c x  0.38 20 177 5 8 1175 4 16121 3658 1.7 13 8 2 10 13% 2390 35030 6350 49%
c d  0.39 20 177 5 8 1175 4 16121 3654 1.7 13 8 2 10 13% 2382 35030 6346 49%
c f  0.40 20 177 5 8 1175 4 16121 3654 1.7 13 8 2 10 13% 2401 34986 6356 49%
c -  0.40 20 175 5 9 1176 4 17310 4046 1.7 13 8 2 9 13% 2413 34986 6356 49%
c -  0.42 20 177 5 10 1177 3 20310 5468 1.8 14 8 2 9 14% 2432 34986 6356 49%
c O  0.43 20 172 5 10 1177 3 23149 7831 1.8 15 8 2 9 15% 2437 34986 6356 49%
c o  0.43 20 172 5 10 1177 3 23149 7831 1.8 15 8 2 9 15% 2437 34986 6356 49%
c -  0.44 20 171 5 11 1177 3 23473 6522 1.8 15 8 2 10 15% 2437 34986 6356 49%
c ]  0.44 20 170 6 11 1177 3 23502 6551 1.8 15 9 2 10 15% 2437 34986 6356 49%
c {  0.44 20 116 6 11 1177 35 23502 6551 1.7 7 4 2 5 10% 2437 34986 6356 49%
c s  0.46 20 96 6 11 1606 29 25671 8389 1.7 7 4 2 5 10% 2554 34773 6356 49%
c e  0.48 20 96 6 11 1606 29 25671 8389 1.7 7 4 2 5 10% 2047 34673 5896 46%
c s  0.48 20 96 6 11 1606 29 25671 8389 1.7 7 4 2 5 10% 2134 34320 5896 46%
c e  0.48 20 96 6 11 1606 29 25671 8389 1.7 7 4 2 5 10% 2118 34139 5857 46%
c
c seconds  switched     rate        size/glue tier1   binary        remaining
c        MB  reductions   conflicts      size  tier2     irredundant
c         level   restarts     redundant   glue   trail        variables
c
c ^  0.48 20 96 6 11 1606 29 25671 8389 1.7 7 4 2 5 10% 2118 34139 5857 46%
c -  0.50 20 91 6 12 1830 27 26789 5818 1.7 7 4 2 4 10% 2147 34139 5857 46%
c }  0.50 20 88 7 12 1972 25 27571 6515 1.7 8 4 2 4 10% 2166 34139 5857 46%
c [  0.50 20 170 7 12 1972 3 27571 6515 1.8 15 9 2 10 15% 2166 34139 5857 46%
c c  0.51 20 170 7 12 1972 3 27612 6556 1.8 15 9 2 10 15% 2168 34113 5853 45%
c d  0.51 20 170 7 12 1972 3 27612 6546 1.8 15 9 2 10 15% 2154 34113 5850 45%
c u  0.52 20 170 7 12 1972 3 27612 5874 1.8 15 9 2 10 15% 2169 34113 5850 45%
c v  0.52 20 170 7 12 1972 3 27612 5366 1.8 15 9 2 10 15% 2170 34113 5850 45%
c w  0.52 20 170 7 12 1972 3 27612 5305 1.8 15 9 2 10 15% 2170 34113 5850 45%
c x  0.52 20 170 7 12 1972 3 27612 5303 1.8 15 9 2 10 15% 2174 34036 5850 45%
c d  0.52 20 170 7 12 1972 3 27612 5280 1.8 15 9 2 10 15% 2158 34036 5842 45%
c t  0.53 20 170 7 12 1972 3 27612 5280 1.8 15 9 2 10 15% 2150 34036 5842 45%
c f  0.53 20 170 7 12 1972 3 27612 5280 1.8 15 9 2 10 15% 2248 33752 5893 46%
c u  0.53 20 170 7 12 1972 3 27612 4883 1.8 15 9 2 10 15% 2256 33752 5893 46%
c v  0.54 20 170 7 12 1972 3 27612 4610 1.8 15 9 2 10 15% 2257 33752 5893 46%
c w  0.54 20 170 7 12 1972 3 27612 4592 1.8 15 9 2 10 15% 2257 33752 5893 46%
c x  0.54 20 170 7 12 1972 3 27612 4589 1.8 15 9 2 10 15% 2259 33680 5893 46%
c =  0.56 20 170 7 12 1972 3 27612 4589 1.8 15 9 2 10 15% 2375 33680 5835 45%
c d  0.56 20 170 7 12 1972 3 27612 4282 1.8 15 9 2 10 15% 2234 33680 5835 45%
c t  0.56 20 170 7 12 1972 3 27612 4282 1.8 15 9 2 10 15% 2229 33680 5835 45%
c
c seconds   switched    rate        size/glue  tier1     binary        remaining
c        MB   reductions  conflicts       size   tier2      irredundant
c          level   restarts    redundant     glue    trail        variables
c
c -  0.60 20 163 7 13 1974 3 30253 5643 1.9 19 10 2 11 17% 2248 33680 5835 45%
c B  0.63 20 156 7 13 1975 3 32911 8077 1.9 25 13 2 11 18% 2257 33680 5835 45%
c ]  0.63 20 156 8 13 1976 3 32925 8090 1.9 25 13 2 11 18% 2257 33680 5835 45%
c {  0.63 20 88 8 13 1976 25 32925 8090 1.7 8 4 2 4 10% 2257 33680 5835 45%
c -  0.65 20 85 8 14 2188 25 33858 7205 1.7 8 5 2 4 10% 2271 33679 5835 45%
c -  0.71 20 79 8 15 3169 24 37599 8723 1.7 9 5 1 4 10% 2307 33679 5835 45%
c }  0.74 20 78 9 15 3594 24 39085 10117 1.7 9 5 1 4 10% 2314 33679 5835 45%
c [  0.74 20 156 9 15 3594 3 39085 10117 1.9 25 13 2 11 18% 2314 33679 5835 45%
c -  0.78 21 151 9 16 3596 3 41471 9968 2.0 29 14 2 12 19% 2320 33679 5835 45%
c u  0.80 21 149 9 16 3596 3 42447 10089 2.0 30 15 2 12 19% 2323 33679 5835 45%
c v  0.81 21 149 9 16 3596 3 42447 9298 2.0 30 15 2 12 19% 2325 33679 5835 45%
c w  0.81 21 149 9 16 3596 3 42447 9291 2.0 30 15 2 12 19% 2325 33679 5835 45%
c x  0.82 21 149 9 16 3596 3 42447 9287 2.0 30 15 2 12 19% 2354 33330 5835 45%
c =  0.85 21 149 9 16 3596 3 42447 9287 2.0 30 15 2 12 19% 2366 33325 5829 45%
c d  0.85 21 149 9 16 3596 3 42447 9286 2.0 30 15 2 12 19% 2353 33325 5829 45%
c t  0.85 21 149 9 16 3596 3 42447 9286 2.0 30 15 2 12 19% 2337 33325 5829 45%
c u  0.86 21 149 9 16 3596 3 42447 9152 2.0 30 15 2 12 19% 2337 33325 5829 45%
c v  0.87 21 149 9 16 3596 3 42447 8483 2.0 30 15 2 12 19% 2337 33325 5829 45%
c w  0.87 21 149 9 16 3596 3 42447 8479 2.0 30 15 2 12 19% 2337 33325 5829 45%
c x  0.88 21 149 9 16 3596 3 42447 8478 2.0 30 15 2 12 19% 2364 33142 5829 45%
c
c seconds   switched    rate        size/glue  tier1     binary        remaining
c        MB   reductions  conflicts       size   tier2      irredundant
c          level   restarts    redundant     glue    trail        variables
c
c =  0.91 21 149 9 16 3596 3 42447 8478 2.0 30 15 2 12 19% 3042 33137 5490 43%
c d  0.91 21 149 9 16 3596 3 42447 8465 2.0 30 15 2 12 19% 2357 33137 5490 43%
c t  0.91 21 149 9 16 3596 3 42447 8465 2.0 30 15 2 12 19% 2356 33137 5490 43%
c o  0.93 21 147 9 16 3597 3 43271 9265 2.0 31 15 2 12 19% 2356 33137 5490 43%
c W  0.95 21 142 9 16 3598 3 45133 11008 2.1 31 15 2 12 20% 2357 33137 5490 43%
c -  0.96 21 142 9 17 3599 3 45473 8622 2.1 31 15 2 12 20% 2357 33137 5490 43%
c ]  1.02 21 136 10 17 3600 3 49005 12024 2.1 35 16 2 12 21% 2363 33137 5490 43%
c {  1.02 21 78 10 17 3600 24 49005 12024 1.7 9 5 1 4 10% 2363 33137 5490 43%
c -  1.03 21 77 10 18 3732 23 49598 9374 1.7 10 6 1 4 10% 2367 33137 5490 43%
c }  1.04 21 77 10 18 3832 23 50000 9766 1.7 10 6 1 4 10% 2368 33137 5490 43%
c ?  1.04 21 77 10 18 3832 23 50000 9766 1.7 10 6 1 4 10% 2368 33137 5490 43%
c
c ---- [ result ] ------------------------------------------------------------
c
s UNKNOWN
c
c ---- [ profiling ] ---------------------------------------------------------
c
c           0.56   53.97 %  search
c           0.43   41.90 %  simplify
c           0.41   39.88 %  probe
c           0.32   31.24 %  stable
c           0.24   22.73 %  focused
c           0.17   16.76 %  sweep
c           0.12   11.58 %  vivify
c           0.05    4.54 %  eliminate
c           0.04    4.20 %  congruence
c           0.04    3.74 %  factor
c           0.04    3.61 %  preprocess
c           0.03    2.72 %  substitute
c           0.01    1.39 %  reduce
c           0.01    0.98 %  walking
c           0.01    0.90 %  subsume
c           0.01    0.54 %  transitive
c           0.00    0.39 %  parse
c           0.00    0.34 %  backbone
c           0.00    0.12 %  lucky
c =============================================
c           1.04  100.00 %  total
c
c ---- [ statistics ] --------------------------------------------------------
c
c chronological:                          410                1 %  conflicts
c conflicts:                            50000            48161.95 per second
c congruent:                             1643               13 %  variables
c decisions:                           435242                8.70 per conflict
c eliminated:                            4707               37 %  variables
c factored:                               248                2 %  variables
c propagations:                       9013355          8682015    per second
c reductions:                              18             2778    interval
c reordered:                                3            16667    interval
c rephased:                                 8             6250    interval
c restarts:                              3832               13    interval
c strengthened:                           597                0 %  checks
c substituted:                           1983               15 %  variables
c subsumed:                               992                0 %  checks
c switched:                                10             5000    interval
c vivified:                             14997               14 %  checks
c walks:                                    3            16667    interval
c
c ---- [ glue usage ] --------------------------------------------------------
c
c focused glue 1 used 20051 clauses 56.57% accumulated 56.57% tier1
c focused glue 2 used  9027 clauses 25.47% accumulated 82.04%
c focused glue 3 used  2533 clauses  7.15% accumulated 89.19%
c focused glue 4 used  1132 clauses  3.19% accumulated 92.38% tier2
c
c stable glue 2    used 36596 clauses 20.56% accumulated 59.12% tier1
c stable glue 3    used 14526 clauses  8.16% accumulated 67.28%
c stable glue 4-10 used 36219 clauses 20.35% accumulated 87.63%
c stable glue 11   used  2571 clauses  1.44% accumulated 89.08%
c stable glue 12   used  2159 clauses  1.21% accumulated 90.29% tier2
c
c ---- [ resources ] ---------------------------------------------------------
c
c maximum-resident-set-size:      22682796032 bytes      21632 MB
c process-time:                             1s               1.04 seconds
c
c ---- [ shutting down ] -----------------------------------------------------
c
c exit 0
