c ---- [ banner ] ------------------------------------------------------------
c
c Kissat SAT Solver
c 
c Copyright (c) 2021-2024 Armin Biere University of Freiburg
c Copyright (c) 2019-2021 Armin Biere Johannes Kepler University Linz
c 
c Version 4.0.4 unknown
c Apple clang version 17.0.0 (clang-1700.3.19.1) -W -Wall -O3 -DNDEBUG
c Thu Oct 16 20:09:41 UTC 2025 Darwin Tahoe-arm64.local 25.0.0 arm64
c
c ---- [ parsing ] -----------------------------------------------------------
c
c opened and reading DIMACS file:
c
c   cnfs_n32/sr61_n32_bit10_m3304caa0_fill80000000_enf0.cnf
c
c parsed 'p cnf 11211 46873' header
c closing input after reading 846515 bytes (827 KB)
c finished parsing after 0.00 seconds
c
c ---- [ options ] -----------------------------------------------------------
c
c --seed=5                         (different from default '0')
c
c ---- [ limits ] ------------------------------------------------------------
c
c conflict limit set to 50000 conflicts
c
c ---- [ solving ] -----------------------------------------------------------
c
c seconds switched rate     size/glue tier1  binary         remaining
c        MB reductions conflicts size  tier2    irredundant
c         level restarts redundant glue  trail         variables
c
c *  0.00  8 0 0 0  0 0   0   0 0.0 0 0 0 0 0% 3684 43124 11210 100%
c (  0.00  8 0 0 0  0 0   0   0 0.0 0 0 0 0 0% 3684 43124 11210 100%
c .  0.01  8 0 0 0  0 0   0   0 0.0 0 0 0 0 0% 3684 43124 11210 100%
c c  0.01 13 0 0 0  0 0   0   0 0.0 0 0 0 0 0% 4702 41297 10475 93%
c d  0.02 13 0 0 0  0 0   0   0 0.0 0 0 0 0 0% 3232 41297 10475 93%
c =  0.03 13 0 0 0  0 0   0   0 0.0 0 0 0 0 0% 3190 41297 10469 93%
c d  0.03 13 0 0 0  0 0   0   0 0.0 0 0 0 0 0% 3178 41297 10469 93%
c f  0.04 13 0 0 0  0 0   0   0 0.0 0 0 0 0 0% 3307 41035 10535 94%
c )  0.04 13 0 0 0  0 0   0   0 0.0 0 0 0 0 0% 3307 41035 10535 94%
c {  0.04 13 0 0 0  0 0   0   0 0.0 0 0 2 6 0% 3307 41035 10535 94%
c -  0.05 13 175 0 1 238 49 1000 718 1.6 6 4 2 6 10% 3406 41035 10535 94%
c }  0.05 13 175 1 1 238 49 1000 718 1.6 6 4 2 6 10% 3406 41035 10535 94%
c [  0.05 13 0 1 1 238 0 1000 718 0.0 0 0 2 6 0% 3406 41035 10535 94%
c B  0.05 13 21 1 1 238 17 1001 719 1.5 3 2 2 6 0% 3406 41035 10535 94%
c -  0.06 13 305 1 2 238 5 2000 1559 1.9 24 13 2 20 25% 3428 41035 10535 94%
c W  0.06 13 305 1 2 238 5 2004 1562 1.9 24 13 2 20 25% 3428 41035 10535 94%
c ]  0.07 14 280 2 2 239 6 2547 2048 1.8 22 12 2 18 22% 3429 41035 10535 94%
c {  0.07 14 175 2 2 239 49 2547 2048 1.6 6 4 2 6 10% 3429 41035 10535 94%
c c  0.08 14 177 2 2 243 50 2557 2055 1.6 6 4 2 6 10% 3442 40967 10518 94%
c d  0.08 14 177 2 2 243 50 2557 2050 1.6 6 4 2 6 10% 3408 40967 10518 94%
c
c seconds   switched   rate       size/glue tier1   binary         remaining
c        MB  reductions conflicts      size  tier2     irredundant
c          level restarts    redundant   glue   trail         variables
c
c u  0.08 14 177 2 2 243 50 2557 1732 1.6 6 4 2 6 10% 3407 40967 10518 94%
c v  0.08 14 177 2 2 243 50 2557 1569 1.6 6 4 2 6 10% 3407 40967 10518 94%
c w  0.09 14 177 2 2 243 50 2557 1442 1.6 6 4 2 6 10% 3407 40967 10518 94%
c x  0.09 14 177 2 2 243 50 2557 1442 1.6 6 4 2 6 10% 3407 40896 10518 94%
c =  0.10 14 177 2 2 243 50 2557 1442 1.6 6 4 2 6 10% 3597 40896 10423 93%
c d  0.10 14 177 2 2 243 50 2557 1418 1.6 6 4 2 6 10% 3404 40896 10423 93%
c t  0.10 14 177 2 2 243 50 2557 1418 1.6 6 4 2 6 10% 3373 40896 10423 93%
c f  0.11 14 177 2 2 243 50 2557 1418 1.6 6 4 2 6 10% 3381 40879 10429 93%
c u  0.12 14 177 2 2 243 50 2557 1384 1.6 6 4 2 6 10% 3381 40879 10429 93%
c v  0.12 14 177 2 2 243 50 2557 1352 1.6 6 4 2 6 10% 3381 40879 10429 93%
c w  0.12 14 177 2 2 243 50 2557 1295 1.6 6 4 2 6 10% 3381 40879 10429 93%
c -  0.14 14 189 2 3 358 41 3415 1898 1.6 6 4 2 6 11% 3412 40879 10429 93%
c }  0.15 14 187 3 3 394 42 3547 1998 1.6 6 4 2 6 11% 3418 40879 10429 93%
c [  0.15 14 280 3 3 394 6 3547 1998 1.8 22 12 2 18 22% 3418 40879 10429 93%
c I  0.15 14 247 3 3 394 5 4263 2656 1.8 20 11 2 18 20% 3418 40879 10429 93%
c ]  0.16 14 263 4 3 394 5 4530 2910 1.9 25 13 2 18 24% 3421 40879 10429 93%
c {  0.16 14 187 4 3 394 42 4530 2910 1.6 6 4 2 6 11% 3421 40879 10429 93%
c -  0.18 14 174 4 4 588 43 5148 3044 1.7 10 6 1 5 12% 3474 40879 10429 93%
c }  0.23 15 156 5 4 1024 40 6882 4603 1.9 17 9 1 5 14% 3554 40879 10429 93%
c [  0.23 15 263 5 4 1024 5 6882 4603 1.9 25 13 2 18 24% 3554 40879 10429 93%
c
c seconds   switched   rate       size/glue  tier1     binary         remaining
c        MB  reductions conflicts       size   tier2      irredundant
c          level  restarts   redundant     glue    trail         variables
c
c -  0.23 15 286 5 5 1024 5 7149 4271 1.9 26 14 2 17 23% 3560 40879 10429 93%
c d  0.25 17 324 5 5 1024 4 7875 4969 1.9 30 16 2 17 21% 3560 40879 10426 93%
c u  0.25 17 324 5 5 1024 4 7875 4562 1.9 30 16 2 17 21% 3562 40879 10426 93%
c v  0.25 17 324 5 5 1024 4 7875 3892 1.9 30 16 2 17 21% 3565 40879 10426 93%
c w  0.26 17 324 5 5 1024 4 7875 3879 1.9 30 16 2 17 21% 3565 40879 10426 93%
c x  0.26 17 324 5 5 1024 4 7875 3879 1.9 30 16 2 17 21% 3565 40715 10426 93%
c t  0.26 17 324 5 5 1024 4 7875 3879 1.9 30 16 2 17 21% 3563 40715 10426 93%
c c  0.28 17 324 5 5 1024 4 7875 3879 1.9 30 16 2 17 21% 3567 40707 10424 93%
c d  0.28 17 324 5 5 1024 4 7875 3878 1.9 30 16 2 17 21% 3563 40707 10424 93%
c u  0.28 17 324 5 5 1024 4 7875 3829 1.9 30 16 2 17 21% 3563 40707 10424 93%
c v  0.28 17 324 5 5 1024 4 7875 3717 1.9 30 16 2 17 21% 3563 40707 10424 93%
c w  0.29 17 324 5 5 1024 4 7875 3705 1.9 30 16 2 17 21% 3563 40707 10424 93%
c x  0.29 17 324 5 5 1024 4 7875 3705 1.9 30 16 2 17 21% 3563 40616 10424 93%
c B  0.33 17 316 5 5 1025 4 8035 3859 2.2 35 16 2 17 22% 3566 40616 10424 93%
c ]  0.39 17 296 6 5 1025 4 8493 4302 2.4 51 21 2 17 25% 3577 40616 10424 93%
c {  0.39 17 156 6 5 1025 40 8493 4302 1.9 17 9 1 5 14% 3577 40616 10424 93%
c -  0.40 20 154 6 6 1056 35 9385 4187 1.9 16 9 1 4 14% 3630 40616 10424 93%
c o  0.41 20 158 6 6 1077 33 10008 4746 1.9 16 8 1 4 15% 3661 40616 10424 93%
c -  0.45 20 151 6 7 1245 29 11835 5479 2.0 17 8 1 4 15% 3719 40616 10424 93%
c }  0.47 20 148 7 7 1332 28 12562 6121 2.0 17 9 1 4 15% 3745 40616 10424 93%
c
c seconds   switched   rate        size/glue  tier1     binary         remaining
c        MB  reductions  conflicts       size   tier2      irredundant
c          level  restarts    redundant     glue    trail         variables
c
c [  0.47 20 296 7 7 1332 4 12562 6121 2.4 51 21 2 17 25% 3745 40616 10424 93%
c s  0.50 20 287 7 7 1332 4 12780 6333 2.5 55 22 2 17 26% 3748 40357 10424 93%
c e  0.52 20 287 7 7 1332 4 12780 6333 2.5 55 22 2 17 26% 1989 38682 6648 59%
c s  0.53 20 287 7 7 1332 4 12780 6333 2.5 55 22 2 17 26% 1992 38433 6648 59%
c e  0.53 20 287 7 7 1332 4 12780 6333 2.5 55 22 2 17 26% 1985 38436 6628 59%
c ^  0.53 20 287 7 7 1332 4 12780 6333 2.5 55 22 2 17 26% 1985 38436 6628 59%
c ]  0.61 20 270 8 7 1332 4 13354 3395 2.6 76 29 2 17 30% 1986 38436 6628 59%
c {  0.61 20 148 8 7 1332 28 13354 3395 2.0 17 9 1 4 15% 1986 38436 6628 59%
c -  0.64 20 145 8 8 1584 29 14480 3867 2.0 19 9 1 4 15% 2001 38436 6628 59%
c d  0.70 20 142 8 8 1892 29 16133 5424 2.0 21 10 1 4 16% 2015 38436 6627 59%
c u  0.71 20 142 8 8 1892 29 16133 5155 2.0 21 10 1 4 16% 2021 38436 6627 59%
c v  0.71 20 142 8 8 1892 29 16133 4499 2.0 21 10 1 4 16% 2023 38436 6627 59%
c w  0.73 20 142 8 8 1892 29 16133 4451 2.0 21 10 1 4 16% 2023 38436 6627 59%
c x  0.74 20 142 8 8 1892 29 16133 4451 2.0 21 10 1 4 16% 2024 38250 6627 59%
c t  0.74 20 142 8 8 1892 29 16133 4451 2.0 21 10 1 4 16% 2016 38250 6627 59%
c f  0.75 20 142 8 8 1892 29 16133 4451 2.0 21 10 1 4 16% 2040 38202 6639 59%
c b  0.75 20 142 8 8 1892 29 16133 4451 2.0 21 10 1 4 16% 2040 38202 6638 59%
c u  0.75 20 142 8 8 1892 29 16133 4399 2.0 21 10 1 4 16% 2040 38202 6638 59%
c v  0.76 20 142 8 8 1892 29 16133 4299 2.0 21 10 1 4 16% 2040 38202 6638 59%
c w  0.78 20 142 8 8 1892 29 16133 4266 2.0 21 10 1 4 16% 2040 38202 6638 59%
c
c seconds   switched    rate        size/glue  tier1    binary        remaining
c        MB  reductions   conflicts       size   tier2     irredundant
c          level  restarts     redundant     glue   trail        variables
c
c x  0.79 20 142 8 8 1892 29 16133 4266 2.0 21 10 1 4 16% 2041 38182 6638 59%
c -  0.81 20 143 8 9 1990 28 17308 4814 2.0 21 10 1 4 16% 2060 38182 6638 59%
c }  0.89 20 140 9 9 2388 28 19513 6883 2.0 23 11 1 4 16% 2095 38182 6638 59%
c [  0.89 20 270 9 9 2388 4 19513 6883 2.6 76 29 2 17 30% 2095 38182 6638 59%
c W  0.89 20 270 9 9 2388 4 19513 6883 2.6 76 29 2 17 30% 2095 38182 6638 59%
c -  0.96 20 253 9 10 2388 3 20309 5708 2.6 86 34 1 6 32% 2097 38182 6638 59%
c o  1.10 20 233 9 10 2390 3 21591 6920 2.6 104 40 1 6 35% 2099 38182 6638 59%
c ]  1.11 20 231 10 10 2390 3 21804 7128 2.6 103 40 1 6 35% 2099 38182 6638 59%
c {  1.11 20 140 10 10 2390 28 21804 7128 2.0 23 11 1 4 16% 2099 38182 6638 59%
c -  1.18 21 139 10 11 2734 28 23471 6506 2.1 24 12 1 4 17% 2116 38182 6638 59%
c s  1.25 21 137 10 11 3084 28 25628 8558 2.1 25 12 1 4 17% 2130 38179 6638 59%
c e  1.27 21 137 10 11 3084 28 25628 8558 2.1 25 12 1 4 17% 1896 38490 6517 58%
c s  1.27 21 137 10 11 3084 28 25628 8558 2.1 25 12 1 4 17% 1917 38434 6517 58%
c ^  1.27 21 137 10 11 3084 28 25628 8558 2.1 25 12 1 4 17% 1917 38434 6517 58%
c -  1.31 21 138 10 12 3272 28 26787 7004 2.1 26 12 1 4 17% 1924 38434 6517 58%
c u  1.35 21 138 10 12 3414 28 27572 7214 2.1 27 13 1 4 17% 1931 38434 6517 58%
c v  1.36 21 138 10 12 3414 28 27572 6227 2.1 27 13 1 4 17% 1932 38434 6517 58%
c w  1.37 21 138 10 12 3414 28 27572 5709 2.1 27 13 1 4 17% 1932 38434 6517 58%
c =  1.45 21 138 10 12 3414 28 27572 5709 2.1 27 13 1 4 17% 2058 38434 6454 58%
c d  1.45 21 138 10 12 3414 28 27572 5633 2.1 27 13 1 4 17% 1922 38434 6454 58%
c
c seconds    switched     rate        size/glue  tier1    binary        remaining
c        MB    reductions   conflicts       size   tier2     irredundant
c          level    restarts     redundant     glue   trail        variables
c
c t  1.45 21 138 10 12 3414 28 27572 5633 2.1 27 13 1 4 17% 1917 38434 6454 58%
c f  1.45 21 138 10 12 3414 28 27572 5633 2.1 27 13 1 4 17% 1966 38298 6482 58%
c u  1.46 21 138 10 12 3414 28 27572 5465 2.1 27 13 1 4 17% 1967 38298 6482 58%
c v  1.46 21 138 10 12 3414 28 27572 5208 2.1 27 13 1 4 17% 1967 38298 6482 58%
c w  1.48 21 138 10 12 3414 28 27572 5026 2.1 27 13 1 4 17% 1967 38298 6482 58%
c x  1.50 21 138 10 12 3414 28 27572 5026 2.1 27 13 1 4 17% 1981 37614 6482 58%
c d  1.50 21 138 10 12 3414 28 27572 5026 2.1 27 13 1 4 17% 1979 37614 6481 58%
c t  1.50 21 138 10 12 3414 28 27572 5026 2.1 27 13 1 4 17% 1968 37614 6481 58%
c -  1.60 21 138 10 13 3888 28 30254 6041 2.1 28 13 1 4 18% 1986 37614 6481 58%
c }  1.61 21 137 11 13 3922 28 30431 6209 2.1 28 13 1 4 18% 1988 37614 6481 58%
c [  1.61 21 231 11 13 3922 3 30431 6209 2.6 103 40 1 6 35% 1988 37614 6481 58%
c O  1.61 21 231 11 13 3922 3 30431 6209 2.6 103 40 1 6 35% 1988 37614 6481 58%
c -  1.87 22 199 11 14 3924 3 33860 6826 2.6 120 46 1 5 38% 1993 37614 6481 58%
c ]  1.98 22 189 12 14 3926 2 35855 8756 2.5 117 46 1 5 36% 1994 37614 6481 58%
c {  1.98 22 137 12 14 3926 28 35855 8756 2.1 28 13 1 4 18% 1994 37614 6481 58%
c -  2.05 22 138 12 15 4216 28 37602 7369 2.1 29 14 1 4 18% 2000 37614 6481 58%
c -  2.15 22 141 12 16 4588 26 41474 8410 2.1 30 14 1 4 19% 2025 37614 6481 58%
c o  2.15 22 141 12 16 4613 26 41592 8524 2.1 30 14 1 4 19% 2025 37614 6481 58%
c u  2.17 22 142 12 16 4637 26 42317 8570 2.1 29 14 1 4 19% 2033 37614 6481 58%
c v  2.17 22 142 12 16 4637 26 42317 7417 2.1 29 14 1 4 19% 2033 37614 6481 58%
c
c seconds    switched     rate        size/glue  tier1    binary        remaining
c        MB    reductions   conflicts       size   tier2     irredundant
c          level    restarts     redundant     glue   trail        variables
c
c w  2.18 22 142 12 16 4637 26 42317 6996 2.1 29 14 1 4 19% 2033 37614 6481 58%
c x  2.20 22 142 12 16 4637 26 42317 6996 2.1 29 14 1 4 19% 2033 37552 6481 58%
c =  2.29 22 142 12 16 4637 26 42317 6996 2.1 29 14 1 4 19% 2601 37390 6197 55%
c d  2.29 22 142 12 16 4637 26 42317 6831 2.1 29 14 1 4 19% 2028 37390 6197 55%
c t  2.29 22 142 12 16 4637 26 42317 6831 2.1 29 14 1 4 19% 2019 37390 6197 55%
c u  2.30 22 142 12 16 4637 26 42317 6694 2.1 29 14 1 4 19% 2019 37390 6197 55%
c v  2.31 22 142 12 16 4637 26 42317 6441 2.1 29 14 1 4 19% 2019 37390 6197 55%
c w  2.32 22 142 12 16 4637 26 42317 6309 2.1 29 14 1 4 19% 2019 37390 6197 55%
c =  2.39 22 142 12 16 4637 26 42317 6309 2.1 29 14 1 4 19% 2121 37390 6146 55%
c d  2.40 22 142 12 16 4637 26 42317 6306 2.1 29 14 1 4 19% 2019 37390 6146 55%
c -  2.43 22 142 12 17 4684 24 45475 6666 2.1 28 14 1 5 20% 2035 37390 6146 55%
c }  2.44 22 143 13 17 4712 23 47336 8284 2.1 28 13 1 5 21% 2044 37390 6146 55%
c [  2.44 22 189 13 17 4712 2 47336 8284 2.5 117 46 1 5 36% 2044 37390 6146 55%
c B  2.44 22 189 13 17 4712 2 47336 8284 2.5 117 46 1 5 36% 2044 37390 6146 55%
c -  2.67 22 182 13 18 4714 2 49600 7431 2.6 129 49 1 5 39% 2045 37390 6146 55%
c ]  2.67 22 181 14 18 4714 2 49694 7522 2.6 129 50 1 5 39% 2045 37390 6146 55%
c {  2.67 22 143 14 18 4714 23 49694 7522 2.1 28 13 1 5 21% 2045 37390 6146 55%
c }  2.68 22 143 14 18 4746 23 50000 7819 2.1 28 13 1 5 21% 2045 37390 6146 55%
c ?  2.68 22 143 14 18 4746 23 50000 7819 2.1 28 13 1 5 21% 2045 37390 6146 55%
c
c ---- [ result ] ------------------------------------------------------------
c
s UNKNOWN
c
c ---- [ profiling ] ---------------------------------------------------------
c
c           1.97   73.32 %  search
c           1.06   39.46 %  stable
c           0.91   33.86 %  focused
c           0.68   25.22 %  simplify
c           0.65   24.34 %  probe
c           0.30   11.05 %  sweep
c           0.24    9.01 %  vivify
c           0.05    1.84 %  eliminate
c           0.04    1.41 %  factor
c           0.04    1.41 %  congruence
c           0.03    1.27 %  preprocess
c           0.03    1.11 %  substitute
c           0.01    0.51 %  reduce
c           0.01    0.33 %  subsume
c           0.01    0.27 %  walking
c           0.01    0.23 %  transitive
c           0.00    0.14 %  parse
c           0.00    0.13 %  backbone
c           0.00    0.04 %  lucky
c =============================================
c           2.68  100.00 %  total
c
c ---- [ statistics ] --------------------------------------------------------
c
c chronological:                          504                1 %  conflicts
c conflicts:                            50000            18624.60 per second
c congruent:                              754                7 %  variables
c decisions:                           823401               16.47 per conflict
c eliminated:                            3917               35 %  variables
c factored:                               112                1 %  variables
c propagations:                      29581074         11018711    per second
c reductions:                              18             2778    interval
c reordered:                                3            16667    interval
c rephased:                                 7             7143    interval
c restarts:                              4746               11    interval
c strengthened:                           242                0 %  checks
c substituted:                           1258               11 %  variables
c subsumed:                               543                0 %  checks
c switched:                                14             3571    interval
c vivified:                             13677                7 %  checks
c walks:                                    2            25000    interval
c
c ---- [ glue usage ] --------------------------------------------------------
c
c focused glue 1   used 89659 clauses 62.64% accumulated 62.64% tier1
c focused glue 2   used 24404 clauses 17.05% accumulated 79.69%
c focused glue 3-4 used 11321 clauses  7.91% accumulated 87.59%
c focused glue 5   used  3043 clauses  2.13% accumulated 89.72%
c focused glue 6   used  2352 clauses  1.64% accumulated 91.36% tier2
c
c stable glue 1 used 158808 clauses 68.89% accumulated 68.89% tier1
c stable glue 2 used  30194 clauses 13.10% accumulated 81.99%
c stable glue 3 used  10779 clauses  4.68% accumulated 86.67%
c stable glue 4 used   6364 clauses  2.76% accumulated 89.43%
c stable glue 5 used   3956 clauses  1.72% accumulated 91.14% tier2
c
c ---- [ resources ] ---------------------------------------------------------
c
c maximum-resident-set-size:      23639097344 bytes      22544 MB
c process-time:                             3s               2.68 seconds
c
c ---- [ shutting down ] -----------------------------------------------------
c
c exit 0
