c ---- [ banner ] ------------------------------------------------------------
c
c Kissat SAT Solver
c 
c Copyright (c) 2021-2024 Armin Biere University of Freiburg
c Copyright (c) 2019-2021 Armin Biere Johannes Kepler University Linz
c 
c Version 4.0.4 unknown
c Apple clang version 17.0.0 (clang-1700.3.19.1) -W -Wall -O3 -DNDEBUG
c Thu Oct 16 20:09:41 UTC 2025 Darwin Tahoe-arm64.local 25.0.0 arm64
c
c ---- [ parsing ] -----------------------------------------------------------
c
c opened and reading DIMACS file:
c
c   cnfs_n32/sr61_n32_bit19_m51ca0b34_fill55555555_enf0.cnf
c
c parsed 'p cnf 11237 46978' header
c closing input after reading 848854 bytes (829 KB)
c finished parsing after 0.00 seconds
c
c ---- [ options ] -----------------------------------------------------------
c
c --seed=5                         (different from default '0')
c
c ---- [ limits ] ------------------------------------------------------------
c
c conflict limit set to 50000 conflicts
c
c ---- [ solving ] -----------------------------------------------------------
c
c seconds switched rate     size/glue tier1  binary         remaining
c        MB reductions conflicts size  tier2    irredundant
c         level restarts redundant glue  trail         variables
c
c *  0.00  8 0 0 0  0 0   0   0 0.0 0 0 0 0 0% 3698 43215 11236 100%
c (  0.00  8 0 0 0  0 0   0   0 0.0 0 0 0 0 0% 3698 43215 11236 100%
c .  0.01  8 0 0 0  0 0   0   0 0.0 0 0 0 0 0% 3698 43215 11236 100%
c c  0.01 13 0 0 0  0 0   0   0 0.0 0 0 0 0 0% 4742 41351 10488 93%
c d  0.01 13 0 0 0  0 0   0   0 0.0 0 0 0 0 0% 3246 41351 10488 93%
c =  0.03 13 0 0 0  0 0   0   0 0.0 0 0 0 0 0% 3204 41351 10477 93%
c d  0.03 13 0 0 0  0 0   0   0 0.0 0 0 0 0 0% 3182 41351 10477 93%
c f  0.04 13 0 0 0  0 0   0   0 0.0 0 0 0 0 0% 3309 41089 10543 94%
c )  0.04 13 0 0 0  0 0   0   0 0.0 0 0 0 0 0% 3309 41089 10543 94%
c {  0.04 13 0 0 0  0 0   0   0 0.0 0 0 2 6 0% 3309 41089 10543 94%
c -  0.05 13 147 0 1 190 35 1006 648 1.6 5 3 2 5 7% 3437 41089 10543 94%
c }  0.05 13 147 1 1 190 35 1006 648 1.6 5 3 2 5 7% 3437 41089 10543 94%
c [  0.05 13 0 1 1 190 0 1006 648 0.0 0 0 2 6 0% 3437 41089 10543 94%
c B  0.05 13 0 1 1 190 0 1006 648 0.0 0 0 2 6 0% 3437 41089 10543 94%
c ]  0.06 14 307 2 1 190 5 1913 1483 2.3 34 15 5 20 27% 3450 41089 10543 94%
c {  0.06 14 147 2 1 190 35 1913 1483 1.6 5 3 2 5 7% 3450 41089 10543 94%
c -  0.06 14 150 2 2 207 35 2007 1463 1.6 5 3 2 5 8% 3458 41089 10543 94%
c c  0.08 14 159 2 2 384 42 2556 1906 1.6 5 3 2 5 8% 3532 40910 10498 93%
c d  0.08 14 159 2 2 384 42 2556 1849 1.6 5 3 2 5 8% 3442 40910 10498 93%
c u  0.08 14 159 2 2 384 42 2556 1451 1.6 5 3 2 5 8% 3436 40910 10498 93%
c
c seconds   switched   rate       size/glue tier1  binary         remaining
c        MB  reductions conflicts      size  tier2    irredundant
c          level restarts    redundant   glue  trail         variables
c
c v  0.08 14 159 2 2 384 42 2556 1326 1.6 5 3 2 5 8% 3437 40910 10498 93%
c w  0.08 14 159 2 2 384 42 2556 1202 1.6 5 3 2 5 8% 3437 40910 10498 93%
c x  0.09 14 159 2 2 384 42 2556 1202 1.6 5 3 2 5 8% 3437 40786 10498 93%
c d  0.10 14 159 2 2 384 42 2556 1200 1.6 5 3 2 5 8% 3435 40786 10497 93%
c t  0.10 14 159 2 2 384 42 2556 1200 1.6 5 3 2 5 8% 3434 40786 10497 93%
c u  0.11 14 159 2 2 384 42 2556 1155 1.6 5 3 2 5 8% 3437 40786 10497 93%
c v  0.11 14 159 2 2 384 42 2556 1136 1.6 5 3 2 5 8% 3437 40786 10497 93%
c w  0.12 14 159 2 2 384 42 2556 1096 1.6 5 3 2 5 8% 3437 40786 10497 93%
c d  0.12 14 159 2 2 384 42 2556 1093 1.6 5 3 2 5 8% 3431 40786 10494 93%
c }  0.13 14 159 3 2 519 46 2915 1413 1.5 5 4 2 5 9% 3434 40786 10494 93%
c [  0.13 14 307 3 2 519 5 2915 1413 2.3 34 15 5 20 27% 3434 40786 10494 93%
c W  0.13 14 307 3 2 519 5 2915 1413 2.3 34 15 5 20 27% 3434 40786 10494 93%
c -  0.14 14 280 3 3 519 4 3421 1760 2.0 43 21 3 28 25% 3443 40786 10494 93%
c ]  0.15 14 267 4 3 519 4 3942 2264 1.9 48 25 3 28 24% 3447 40786 10494 93%
c {  0.15 14 159 4 3 519 46 3942 2264 1.5 5 4 2 5 9% 3447 40786 10494 93%
c -  0.18 14 144 4 4 1002 48 5153 3000 1.8 9 5 2 6 10% 3521 40786 10494 93%
c }  0.21 14 138 5 4 1302 45 6294 4030 2.0 14 7 2 6 12% 3579 40786 10494 93%
c [  0.21 14 267 5 4 1302 4 6294 4030 1.9 48 25 3 28 24% 3579 40786 10494 93%
c I  0.21 14 267 5 4 1302 4 6294 4030 1.9 48 25 3 28 24% 3579 40786 10494 93%
c -  0.28 17 227 5 5 1302 4 7153 4007 2.3 72 31 1 12 27% 3588 40786 10494 93%
c
c seconds   switched   rate       size/glue  tier1     binary         remaining
c        MB  reductions conflicts       size   tier2      irredundant
c          level  restarts   redundant     glue    trail         variables
c
c ]  0.31 17 221 6 5 1303 3 7435 4286 2.3 78 33 1 12 28% 3588 40786 10494 93%
c {  0.31 17 138 6 5 1303 45 7435 4286 2.0 14 7 2 6 12% 3588 40786 10494 93%
c d  0.32 17 136 6 5 1345 43 7874 4661 2.0 14 7 2 6 12% 3616 40786 10491 93%
c u  0.32 17 136 6 5 1345 43 7874 4068 2.0 14 7 2 6 12% 3620 40786 10491 93%
c v  0.32 17 136 6 5 1345 43 7874 3653 2.0 14 7 2 6 12% 3620 40786 10491 93%
c w  0.33 19 136 6 5 1345 43 7874 3637 2.0 14 7 2 6 12% 3620 40786 10491 93%
c x  0.34 19 136 6 5 1345 43 7874 3637 2.0 14 7 2 6 12% 3620 40673 10491 93%
c =  0.36 19 136 6 5 1345 43 7874 3637 2.0 14 7 2 6 12% 3890 40673 10356 92%
c d  0.36 19 136 6 5 1345 43 7874 3574 2.0 14 7 2 6 12% 3609 40673 10356 92%
c t  0.36 19 136 6 5 1345 43 7874 3574 2.0 14 7 2 6 12% 3606 40673 10356 92%
c u  0.38 19 136 6 5 1345 43 7874 3500 2.0 14 7 2 6 12% 3606 40673 10356 92%
c v  0.38 19 136 6 5 1345 43 7874 3406 2.0 14 7 2 6 12% 3606 40673 10356 92%
c w  0.39 19 136 6 5 1345 43 7874 3135 2.0 14 7 2 6 12% 3606 40673 10356 92%
c -  0.46 19 132 6 6 1560 37 9389 3786 2.1 15 7 1 5 12% 3662 40673 10356 92%
c o  0.48 19 131 6 6 1706 36 10000 4355 2.1 15 7 1 5 12% 3681 40673 10356 92%
c }  0.52 19 136 7 6 1896 34 11504 5715 2.1 15 7 1 5 13% 3742 40673 10356 92%
c [  0.52 19 221 7 6 1896 3 11504 5715 2.3 78 33 1 12 28% 3742 40673 10356 92%
c B  0.52 19 221 7 6 1896 3 11504 5715 2.3 78 33 1 12 28% 3742 40673 10356 92%
c -  0.54 19 212 7 7 1896 3 11838 5059 2.4 83 35 1 9 29% 3744 40673 10356 92%
c ]  0.65 19 201 8 7 1897 3 12601 5806 2.5 104 41 1 9 34% 3746 40673 10356 92%
c
c seconds   switched    rate        size/glue tier1    binary         remaining
c        MB  reductions   conflicts       size  tier2     irredundant
c          level  restarts     redundant    glue   trail         variables
c
c {  0.65 19 136 8 7 1897 34 12601 5806 2.1 15 7 1 5 13% 3746 40673 10356 92%
c s  0.66 19 136 8 7 1943 34 12779 5948 2.1 16 8 1 5 13% 3751 40024 10356 92%
c e  0.68 20 136 8 7 1943 34 12779 5948 2.1 16 8 1 5 13% 1907 38376 6559 58%
c s  0.68 20 136 8 7 1943 34 12779 5948 2.1 16 8 1 5 13% 1913 38119 6559 58%
c e  0.69 20 136 8 7 1943 34 12779 5948 2.1 16 8 1 5 13% 1911 38120 6543 58%
c ^  0.69 20 136 8 7 1943 34 12779 5948 2.1 16 8 1 5 13% 1911 38120 6543 58%
c -  0.75 20 134 8 8 2344 34 14483 3716 2.1 19 9 1 4 14% 1938 38120 6543 58%
c u  0.80 20 133 8 8 2664 33 16131 5034 2.1 21 10 1 4 15% 1960 38120 6543 58%
c v  0.81 20 133 8 8 2664 33 16131 4371 2.1 21 10 1 4 15% 1961 38120 6543 58%
c w  0.83 20 133 8 8 2664 33 16131 3915 2.1 21 10 1 4 15% 1961 38120 6543 58%
c t  0.83 20 133 8 8 2664 33 16131 3915 2.1 21 10 1 4 15% 1954 38120 6543 58%
c f  0.84 20 133 8 8 2664 33 16131 3915 2.1 21 10 1 4 15% 1989 38035 6560 58%
c b  0.85 20 133 8 8 2664 33 16131 3915 2.1 21 10 1 4 15% 1989 38035 6558 58%
c u  0.85 20 133 8 8 2664 33 16131 3852 2.1 21 10 1 4 15% 1990 38035 6558 58%
c v  0.85 20 133 8 8 2664 33 16131 3716 2.1 21 10 1 4 15% 1990 38035 6558 58%
c w  0.87 20 133 8 8 2664 33 16131 3674 2.1 21 10 1 4 15% 1990 38035 6558 58%
c x  0.88 20 133 8 8 2664 33 16131 3673 2.1 21 10 1 4 15% 1993 37816 6558 58%
c =  0.92 21 133 8 8 2664 33 16131 3673 2.1 21 10 1 4 15% 2205 37816 6452 57%
c d  0.92 21 133 8 8 2664 33 16131 3618 2.1 21 10 1 4 15% 1989 37816 6452 57%
c t  0.93 21 133 8 8 2664 33 16131 3618 2.1 21 10 1 4 15% 1961 37816 6452 57%
c
c seconds   switched    rate        size/glue  tier1    binary        remaining
c        MB  reductions   conflicts       size   tier2     irredundant
c          level  restarts     redundant     glue   trail        variables
c
c f  0.93 21 133 8 8 2664 33 16131 3618 2.1 21 10 1 4 15% 1982 37773 6463 58%
c -  0.96 21 134 8 9 2855 33 17312 4016 2.1 21 10 1 4 15% 1994 37773 6463 58%
c }  1.00 21 134 9 9 3107 32 18760 5386 2.1 22 10 1 4 16% 2008 37773 6463 58%
c [  1.00 21 201 9 9 3107 3 18760 5386 2.5 104 41 1 9 34% 2008 37773 6463 58%
c W  1.01 21 201 9 9 3107 3 18760 5386 2.5 104 41 1 9 34% 2008 37773 6463 58%
c -  1.06 21 184 9 10 3108 3 20312 5333 2.3 96 41 1 8 30% 2010 37773 6463 58%
c o  1.13 21 178 9 10 3109 2 20857 5847 2.5 108 43 1 8 33% 2010 37773 6463 58%
c -  1.20 21 175 9 11 3110 2 23476 5943 2.4 99 40 1 9 34% 2011 37773 6463 58%
c ]  1.23 21 172 10 11 3112 2 25172 7576 2.4 92 39 1 9 32% 2014 37773 6463 58%
c {  1.23 21 134 10 11 3112 32 25172 7576 2.1 22 10 1 4 16% 2014 37773 6463 58%
c s  1.26 21 133 10 11 3226 32 25634 8018 2.1 22 11 1 4 16% 2019 37193 6463 58%
c e  1.27 21 133 10 11 3226 32 25634 8018 2.1 22 11 1 4 16% 1721 37603 6293 56%
c s  1.27 21 133 10 11 3226 32 25634 8018 2.1 22 11 1 4 16% 1734 37551 6293 56%
c ^  1.27 21 133 10 11 3226 32 25634 8018 2.1 22 11 1 4 16% 1734 37551 6293 56%
c -  1.31 21 135 10 12 3438 32 26792 6148 2.1 23 11 1 4 16% 1744 37551 6293 56%
c u  1.35 21 136 10 12 3575 32 27581 6449 2.1 24 11 1 4 17% 1753 37551 6293 56%
c v  1.35 21 136 10 12 3575 32 27581 5659 2.1 24 11 1 4 17% 1754 37551 6293 56%
c w  1.37 21 136 10 12 3575 32 27581 5088 2.1 24 11 1 4 17% 1754 37551 6293 56%
c =  1.42 21 136 10 12 3575 32 27581 5088 2.1 24 11 1 4 17% 2058 37477 6141 55%
c d  1.42 21 136 10 12 3575 32 27581 4854 2.1 24 11 1 4 17% 1746 37477 6141 55%
c
c seconds    switched     rate        size/glue  tier1    binary        remaining
c        MB    reductions   conflicts       size   tier2     irredundant
c          level    restarts     redundant     glue   trail        variables
c
c t  1.42 21 136 10 12 3575 32 27581 4854 2.1 24 11 1 4 17% 1735 37477 6141 55%
c f  1.42 21 136 10 12 3575 32 27581 4854 2.1 24 11 1 4 17% 1809 37277 6182 55%
c u  1.43 21 136 10 12 3575 32 27581 4760 2.1 24 11 1 4 17% 1811 37277 6182 55%
c v  1.43 21 136 10 12 3575 32 27581 4614 2.1 24 11 1 4 17% 1811 37277 6182 55%
c w  1.44 21 136 10 12 3575 32 27581 4462 2.1 24 11 1 4 17% 1811 37277 6182 55%
c x  1.46 21 136 10 12 3575 32 27581 4459 2.1 24 11 1 4 17% 1819 36276 6182 55%
c =  1.50 21 136 10 12 3575 32 27581 4459 2.1 24 11 1 4 17% 2275 36230 5954 53%
c d  1.50 21 136 10 12 3575 32 27581 4374 2.1 24 11 1 4 17% 1815 36230 5954 53%
c t  1.51 21 136 10 12 3575 32 27581 4374 2.1 24 11 1 4 17% 1800 36230 5954 53%
c -  1.56 21 134 10 13 3829 30 30256 5686 2.1 24 11 1 5 17% 1811 36230 5954 53%
c }  1.60 21 137 11 13 3947 26 33799 8927 2.1 23 11 1 6 19% 1850 36230 5954 53%
c [  1.60 21 172 11 13 3947 2 33799 8927 2.4 92 39 1 9 32% 1850 36230 5954 53%
c O  1.60 21 172 11 13 3947 2 33799 8927 2.4 92 39 1 9 32% 1850 36230 5954 53%
c -  1.61 21 171 11 14 3947 2 33861 7572 2.4 92 39 1 10 32% 1850 36230 5954 53%
c ]  1.81 21 165 12 14 3949 2 36053 9691 2.5 110 44 1 10 37% 1851 36230 5954 53%
c {  1.81 21 137 12 14 3949 26 36053 9691 2.1 23 11 1 6 19% 1851 36230 5954 53%
c -  1.84 21 136 12 15 4090 25 37602 8527 2.1 24 11 1 6 19% 1862 36230 5954 53%
c o  1.95 22 136 12 15 4685 26 40858 11638 2.1 25 12 1 6 19% 1877 36230 5954 53%
c -  1.96 22 136 12 16 4708 25 41474 9657 2.1 25 12 1 5 20% 1881 36230 5954 53%
c u  1.97 22 136 12 16 4718 25 42361 9733 2.1 25 12 1 5 20% 1888 36230 5954 53%
c
c seconds    switched     rate        size/glue  tier1    binary        remaining
c        MB    reductions   conflicts       size   tier2     irredundant
c          level    restarts     redundant     glue   trail        variables
c
c v  1.98 22 136 12 16 4718 25 42361 8172 2.1 25 12 1 5 20% 1889 36230 5954 53%
c w  1.99 22 136 12 16 4718 25 42361 7599 2.1 25 12 1 5 20% 1889 36230 5954 53%
c x  2.00 22 136 12 16 4718 25 42361 7599 2.1 25 12 1 5 20% 1893 34921 5954 53%
c =  2.06 22 136 12 16 4718 25 42361 7599 2.1 25 12 1 5 20% 1923 34921 5939 53%
c d  2.06 22 136 12 16 4718 25 42361 7549 2.1 25 12 1 5 20% 1888 34921 5939 53%
c t  2.07 22 136 12 16 4718 25 42361 7549 2.1 25 12 1 5 20% 1879 34921 5939 53%
c u  2.07 22 136 12 16 4718 25 42361 7403 2.1 25 12 1 5 20% 1882 34921 5939 53%
c v  2.08 22 136 12 16 4718 25 42361 7027 2.1 25 12 1 5 20% 1885 34921 5939 53%
c w  2.09 22 136 12 16 4718 25 42361 6855 2.1 25 12 1 5 20% 1885 34921 5939 53%
c x  2.11 22 136 12 16 4718 25 42361 6855 2.1 25 12 1 5 20% 1885 34309 5939 53%
c =  2.17 22 136 12 16 4718 25 42361 6855 2.1 25 12 1 5 20% 2855 34309 5454 49%
c d  2.17 22 136 12 16 4718 25 42361 6300 2.1 25 12 1 5 20% 1877 34309 5454 49%
c t  2.17 22 136 12 16 4718 25 42361 6300 2.1 25 12 1 5 20% 1823 34309 5454 49%
c f  2.17 22 136 12 16 4718 25 42361 6300 2.1 25 12 1 5 20% 1827 34299 5456 49%
c -  2.21 22 133 12 17 4754 22 45474 7496 2.2 25 12 1 7 22% 1852 34299 5456 49%
c }  2.23 22 134 13 17 4787 21 47532 9369 2.2 25 11 1 7 23% 1865 34299 5456 49%
c [  2.23 22 165 13 17 4787 2 47532 9369 2.5 110 44 1 10 37% 1865 34299 5456 49%
c B  2.23 22 165 13 17 4787 2 47532 9369 2.5 110 44 1 10 37% 1865 34299 5456 49%
c -  2.31 22 162 13 18 4789 2 49600 8515 2.4 109 45 1 10 36% 1867 34299 5456 49%
c ]  2.32 22 161 13 18 4789 2 50001 8895 2.4 107 45 1 10 36% 1867 34299 5456 49%
c
c seconds    switched     rate        size/glue  tier1    binary        remaining
c        MB    reductions   conflicts       size   tier2     irredundant
c          level    restarts     redundant     glue   trail        variables
c
c ?  2.32 22 134 13 18 4789 21 50001 8895 2.2 25 11 1 7 23% 1867 34299 5456 49%
c
c ---- [ result ] ------------------------------------------------------------
c
s UNKNOWN
c
c ---- [ profiling ] ---------------------------------------------------------
c
c           1.55   66.72 %  search
c           0.78   33.58 %  stable
c           0.77   33.14 %  focused
c           0.73   31.57 %  simplify
c           0.71   30.59 %  probe
c           0.35   14.93 %  sweep
c           0.24   10.48 %  vivify
c           0.05    2.16 %  eliminate
c           0.05    1.98 %  factor
c           0.04    1.55 %  congruence
c           0.03    1.50 %  preprocess
c           0.03    1.26 %  substitute
c           0.02    0.66 %  reduce
c           0.01    0.43 %  subsume
c           0.01    0.28 %  walking
c           0.01    0.25 %  transitive
c           0.00    0.16 %  parse
c           0.00    0.15 %  backbone
c           0.00    0.05 %  lucky
c =============================================
c           2.32  100.00 %  total
c
c ---- [ statistics ] --------------------------------------------------------
c
c chronological:                          484                1 %  conflicts
c conflicts:                            50001            21562.69 per second
c congruent:                              793                7 %  variables
c decisions:                           767367               15.35 per conflict
c eliminated:                            3983               35 %  variables
c factored:                               137                1 %  variables
c propagations:                      24949337         10759284    per second
c reductions:                              18             2778    interval
c reordered:                                3            16667    interval
c rephased:                                 7             7143    interval
c restarts:                              4789               10    interval
c strengthened:                           408                0 %  checks
c substituted:                           1932               17 %  variables
c subsumed:                              1519                0 %  checks
c switched:                                13             3846    interval
c vivified:                             17802               10 %  checks
c walks:                                    2            25000    interval
c
c ---- [ glue usage ] --------------------------------------------------------
c
c focused glue 1   used 60481 clauses 54.18% accumulated 54.18% tier1
c focused glue 2   used 22482 clauses 20.14% accumulated 74.32%
c focused glue 3-5 used 14555 clauses 13.04% accumulated 87.36%
c focused glue 6   used  2150 clauses  1.93% accumulated 89.29%
c focused glue 7   used  1633 clauses  1.46% accumulated 90.75% tier2
c
c stable glue 1   used 100582 clauses 55.69% accumulated 55.69% tier1
c stable glue 2   used  31801 clauses 17.61% accumulated 73.30%
c stable glue 3-8 used  28649 clauses 15.86% accumulated 89.16%
c stable glue 9   used   1069 clauses  0.59% accumulated 89.76%
c stable glue 10  used   1388 clauses  0.77% accumulated 90.52% tier2
c
c ---- [ resources ] ---------------------------------------------------------
c
c maximum-resident-set-size:      23454547968 bytes      22368 MB
c process-time:                             2s               2.32 seconds
c
c ---- [ shutting down ] -----------------------------------------------------
c
c exit 0
