c ---- [ banner ] ------------------------------------------------------------
c
c Kissat SAT Solver
c 
c Copyright (c) 2021-2024 Armin Biere University of Freiburg
c Copyright (c) 2019-2021 Armin Biere Johannes Kepler University Linz
c 
c Version 4.0.4 unknown
c Apple clang version 17.0.0 (clang-1700.3.19.1) -W -Wall -O3 -DNDEBUG
c Thu Oct 16 20:09:41 UTC 2025 Darwin Tahoe-arm64.local 25.0.0 arm64
c
c ---- [ parsing ] -----------------------------------------------------------
c
c opened and reading DIMACS file:
c
c   headline_hunt/bets/cascade_aux_encoding/cnfs/aux_expose_sr61_n32_bit19_m51ca0b34_fill55555555.cnf
c
c parsed 'p cnf 12850 53838' header
c closing input after reading 980989 bytes (958 KB)
c finished parsing after 0.00 seconds
c
c ---- [ options ] -----------------------------------------------------------
c
c --seed=5                         (different from default '0')
c
c ---- [ limits ] ------------------------------------------------------------
c
c conflict limit set to 50000 conflicts
c
c ---- [ solving ] -----------------------------------------------------------
c
c seconds switched rate     size/glue tier1  binary         remaining
c        MB reductions conflicts size  tier2    irredundant
c         level restarts redundant glue  trail         variables
c
c *  0.00  9 0 0 0  0 0   0   0 0.0 0 0 0 0 0% 3586 50187 12849 100%
c (  0.01  9 0 0 0  0 0   0   0 0.0 0 0 0 0 0% 3586 50187 12849 100%
c .  0.01  9 0 0 0  0 0   0   0 0.0 0 0 0 0 0% 3586 50187 12849 100%
c c  0.02 14 0 0 0  0 0   0   0 0.0 0 0 0 0 0% 5798 43427 10879 85%
c d  0.02 14 0 0 0  0 0   0   0 0.0 0 0 0 0 0% 3138 43427 10879 85%
c =  0.04 14 0 0 0  0 0   0   0 0.0 0 0 0 0 0% 3104 43421 10864 85%
c d  0.04 14 0 0 0  0 0   0   0 0.0 0 0 0 0 0% 3074 43421 10864 85%
c f  0.05 15 0 0 0  0 0   0   0 0.0 0 0 0 0 0% 3201 43159 10930 85%
c )  0.05 15 0 0 0  0 0   0   0 0.0 0 0 0 0 0% 3201 43159 10930 85%
c {  0.05 15 0 0 0  0 0   0   0 0.0 0 0 2 6 0% 3201 43159 10930 85%
c -  0.06 15 189 0 1 206 41 1000 760 1.5 4 3 2 5 6% 3304 43158 10930 85%
c }  0.06 15 189 1 1 206 41 1000 760 1.5 4 3 2 5 6% 3304 43158 10930 85%
c [  0.06 15 0 1 1 206 0 1000 760 0.0 0 0 2 6 0% 3304 43158 10930 85%
c B  0.06 15 544 1 1 206 432 1001 761 1.5 3 2 2 6 10% 3304 43158 10930 85%
c -  0.06 15 471 1 2 206 3 2001 1440 1.5 11 8 2 9 5% 3313 43158 10930 85%
c W  0.07 15 471 1 2 206 3 2004 1442 1.5 11 8 2 9 5% 3313 43158 10930 85%
c c  0.08 15 395 1 2 207 5 2552 1830 1.5 10 7 2 9 5% 3345 43054 10904 85%
c d  0.08 15 395 1 2 207 5 2552 1821 1.5 10 7 2 9 5% 3293 43054 10904 85%
c u  0.08 15 395 1 2 207 5 2552 1472 1.5 10 7 2 9 5% 3291 43054 10904 85%
c v  0.08 15 395 1 2 207 5 2552 1299 1.5 10 7 2 9 5% 3291 43054 10904 85%
c
c seconds   switched  rate       size/glue tier1   binary         remaining
c        MB  reductions conflicts      size  tier2    irredundant
c          level restarts   redundant    glue  trail         variables
c
c w  0.08 15 395 1 2 207 5 2552 1119 1.5 10 7 2 9 5% 3291 43054 10904 85%
c x  0.09 15 395 1 2 207 5 2552 1119 1.5 10 7 2 9 5% 3291 42985 10904 85%
c t  0.10 15 395 1 2 207 5 2552 1119 1.5 10 7 2 9 5% 3290 42985 10904 85%
c u  0.11 15 395 1 2 207 5 2552 1080 1.5 10 7 2 9 5% 3290 42985 10904 85%
c v  0.11 15 395 1 2 207 5 2552 1028 1.5 10 7 2 9 5% 3290 42985 10904 85%
c w  0.12 15 395 1 2 207 5 2552 932 1.5 10 7 2 9 5% 3290 42985 10904 85%
c -  0.12 15 354 1 3 207 5 3416 1393 1.7 10 6 2 8 7% 3310 42985 10904 85%
c ]  0.12 15 394 2 3 208 6 4116 1966 1.6 10 6 2 8 10% 3322 42985 10904 85%
c {  0.12 15 189 2 3 208 41 4116 1966 1.5 4 3 2 5 6% 3322 42985 10904 85%
c i  0.13 15 165 2 3 459 43 4867 2583 1.5 5 3 2 5 7% 3377 42983 10903 85%
c }  0.14 15 163 3 3 558 45 5116 2805 1.5 5 3 2 5 7% 3383 42983 10903 85%
c [  0.14 15 394 3 3 558 6 5116 2805 1.6 10 6 2 8 10% 3383 42983 10903 85%
c I  0.14 15 394 3 3 558 6 5116 2805 1.6 10 6 2 8 10% 3383 42983 10903 85%
c -  0.14 15 392 3 4 558 6 5148 2524 1.6 10 6 2 8 10% 3384 42983 10903 85%
c ]  0.15 15 376 4 4 559 5 6672 3848 1.9 15 8 2 8 18% 3416 42978 10903 85%
c {  0.15 15 163 4 4 559 45 6672 3848 1.5 5 3 2 5 7% 3416 42978 10903 85%
c -  0.16 15 153 4 5 661 42 7148 3504 1.5 5 3 2 5 7% 3456 42976 10903 85%
c d  0.16 15 139 4 5 767 39 7857 3709 1.6 5 3 2 5 6% 3457 42954 10865 85%
c b  0.16 15 139 4 5 767 39 7857 3709 1.6 5 3 2 5 6% 3457 42954 10861 85%
c u  0.17 15 139 4 5 767 39 7857 2973 1.6 5 3 2 5 6% 3471 42954 10861 85%
c
c seconds   switched   rate       size/glue tier1  binary         remaining
c        MB  reductions conflicts      size  tier2    irredundant
c          level restarts    redundant   glue  trail         variables
c
c v  0.17 15 139 4 5 767 39 7857 2615 1.6 5 3 2 5 6% 3475 42954 10861 85%
c w  0.17 15 139 4 5 767 39 7857 2461 1.6 5 3 2 5 6% 3476 42954 10861 85%
c x  0.17 15 139 4 5 767 39 7857 2461 1.6 5 3 2 5 6% 3551 42822 10861 85%
c =  0.19 15 139 4 5 767 39 7857 2461 1.6 5 3 2 5 6% 3975 42786 10645 83%
c d  0.19 15 139 4 5 767 39 7857 2368 1.6 5 3 2 5 6% 3537 42786 10642 83%
c t  0.19 15 139 4 5 767 39 7857 2368 1.6 5 3 2 5 6% 3486 42786 10642 83%
c f  0.19 15 139 4 5 767 39 7857 2368 1.6 5 3 2 5 6% 3515 42724 10661 83%
c c  0.20 15 139 4 5 767 39 7857 2363 1.6 5 3 2 5 6% 3506 42704 10656 83%
c d  0.20 15 139 4 5 767 39 7857 2363 1.6 5 3 2 5 6% 3496 42704 10656 83%
c u  0.21 15 139 4 5 767 39 7857 2211 1.6 5 3 2 5 6% 3501 42704 10656 83%
c v  0.21 15 139 4 5 767 39 7857 2084 1.6 5 3 2 5 6% 3501 42704 10656 83%
c w  0.21 15 139 4 5 767 39 7857 2033 1.6 5 3 2 5 6% 3501 42704 10656 83%
c x  0.22 15 139 4 5 767 39 7857 2033 1.6 5 3 2 5 6% 3651 42214 10656 83%
c =  0.23 16 139 4 5 767 39 7857 2033 1.6 5 3 2 5 6% 3725 42202 10617 83%
c d  0.23 16 139 4 5 767 39 7857 1974 1.6 5 3 2 5 6% 3637 42202 10617 83%
c t  0.23 16 139 4 5 767 39 7857 1974 1.6 5 3 2 5 6% 3630 42202 10617 83%
c }  0.25 16 127 5 5 1036 35 9025 2836 1.6 5 4 2 5 7% 3699 42202 10617 83%
c [  0.25 16 376 5 5 1036 5 9025 2836 1.9 15 8 2 8 18% 3699 42202 10617 83%
c B  0.25 16 376 5 5 1036 5 9025 2836 1.9 15 8 2 8 18% 3699 42202 10617 83%
c ]  0.27 16 365 6 5 1036 5 9192 2985 2.2 19 9 2 8 19% 3705 42202 10617 83%
c
c seconds   switched    rate       size/glue tier1  binary         remaining
c        MB  reductions  conflicts      size  tier2    irredundant
c          level  restarts    redundant   glue  trail         variables
c
c {  0.27 16 127 6 5 1036 35 9192 2985 1.6 5 4 2 5 7% 3705 42202 10617 83%
c -  0.27 16 126 6 6 1057 35 9384 2746 1.6 6 4 2 5 7% 3734 42202 10617 83%
c o  0.28 16 122 6 6 1190 33 10024 3272 1.6 6 4 2 5 7% 3791 42200 10617 83%
c -  0.32 18 108 6 7 1629 30 11833 4311 1.8 8 4 2 4 7% 3926 42196 10617 83%
c s  0.35 18 103 6 7 1894 29 12752 5175 1.9 9 5 2 4 8% 3953 41048 10617 83%
c e  0.37 18 103 6 7 1894 29 12752 5175 1.9 9 5 2 4 8% 2561 39262 6959 54%
c s  0.38 18 103 6 7 1894 29 12752 5175 1.9 9 5 2 4 8% 2572 38963 6959 54%
c e  0.38 18 103 6 7 1894 29 12752 5175 1.9 9 5 2 4 8% 2361 39166 6891 54%
c ^  0.38 18 103 6 7 1894 29 12752 5175 1.9 9 5 2 4 8% 2361 39166 6891 54%
c }  0.39 18 101 7 7 2038 29 13261 3035 1.9 9 5 2 4 8% 2375 39166 6891 54%
c [  0.39 18 365 7 7 2038 5 13261 3035 2.2 19 9 2 8 19% 2375 39166 6891 54%
c ]  0.50 18 334 8 7 2038 5 13815 3573 2.6 39 15 2 8 24% 2375 39166 6891 54%
c {  0.50 18 101 8 7 2038 29 13815 3573 1.9 9 5 2 4 8% 2375 39166 6891 54%
c -  0.54 21 100 8 8 2219 29 14479 3484 1.9 10 6 1 4 8% 2401 39166 6891 54%
c d  0.61 21 101 8 8 2642 29 16099 4954 1.9 14 7 1 4 10% 2450 39162 6890 54%
c u  0.61 21 101 8 8 2642 29 16099 4618 1.9 14 7 1 4 10% 2452 39162 6890 54%
c v  0.62 21 101 8 8 2642 29 16099 3985 1.9 14 7 1 4 10% 2457 39162 6890 54%
c w  0.64 21 101 8 8 2642 29 16099 3976 1.9 14 7 1 4 10% 2457 39162 6890 54%
c x  0.64 21 101 8 8 2642 29 16099 3974 1.9 14 7 1 4 10% 2476 38766 6890 54%
c d  0.69 21 101 8 8 2642 29 16099 3972 1.9 14 7 1 4 10% 2472 38766 6888 54%
c
c seconds   switched    rate        size/glue tier1    binary        remaining
c        MB  reductions   conflicts       size  tier2     irredundant
c          level  restarts     redundant    glue   trail        variables
c
c t  0.69 21 101 8 8 2642 29 16099 3972 1.9 14 7 1 4 10% 2462 38766 6888 54%
c f  0.71 21 101 8 8 2642 29 16099 3972 1.9 14 7 1 4 10% 2495 38695 6905 54%
c u  0.71 21 101 8 8 2642 29 16099 3905 1.9 14 7 1 4 10% 2496 38695 6905 54%
c v  0.71 21 101 8 8 2642 29 16099 3785 1.9 14 7 1 4 10% 2498 38695 6905 54%
c w  0.73 21 101 8 8 2642 29 16099 3562 1.9 14 7 1 4 10% 2499 38695 6905 54%
c x  0.74 21 101 8 8 2642 29 16099 3562 1.9 14 7 1 4 10% 2518 38497 6905 54%
c d  0.74 21 101 8 8 2642 29 16099 3562 1.9 14 7 1 4 10% 2514 38497 6903 54%
c t  0.74 21 101 8 8 2642 29 16099 3562 1.9 14 7 1 4 10% 2508 38497 6903 54%
c -  0.80 21 100 8 9 2934 29 17307 3998 1.9 15 8 1 3 11% 2525 38497 6903 54%
c }  0.95 21 104 9 9 3556 29 19976 6472 1.9 20 10 1 3 13% 2569 38497 6903 54%
c [  0.95 21 334 9 9 3556 5 19976 6472 2.6 39 15 2 8 24% 2569 38497 6903 54%
c W  0.95 21 334 9 9 3556 5 19976 6472 2.6 39 15 2 8 24% 2569 38497 6903 54%
c -  1.01 21 320 9 10 3556 5 20308 5466 2.6 46 18 1 6 26% 2570 38497 6903 54%
c ]  1.27 21 274 10 10 3557 4 21652 6734 2.7 74 28 1 6 33% 2572 38497 6903 54%
c {  1.27 21 104 10 10 3557 29 21652 6734 1.9 20 10 1 3 13% 2572 38497 6903 54%
c o  1.27 21 104 10 10 3562 29 21668 6746 1.9 20 10 1 3 13% 2576 38497 6903 54%
c -  1.36 21 104 10 11 3906 28 23470 6578 1.9 21 11 1 3 13% 2587 38497 6903 54%
c s  1.49 22 104 10 11 4401 28 25579 8594 1.9 24 12 1 3 14% 2597 38483 6903 54%
c e  1.50 22 104 10 11 4401 28 25579 8594 1.9 24 12 1 3 14% 2113 39181 6611 51%
c s  1.51 22 104 10 11 4401 28 25579 8594 1.9 24 12 1 3 14% 2187 38944 6611 51%
c
c seconds    switched     rate        size/glue  tier1    binary        remaining
c        MB    reductions   conflicts       size   tier2     irredundant
c          level    restarts     redundant     glue   trail        variables
c
c e  1.51 22 104 10 11 4401 28 25579 8594 1.9 24 12 1 3 14% 2174 38962 6606 51%
c ^  1.51 22 104 10 11 4401 28 25579 8594 1.9 24 12 1 3 14% 2174 38962 6606 51%
c -  1.57 22 104 10 12 4644 28 26786 6379 1.9 25 13 1 3 15% 2180 38962 6606 51%
c u  1.62 22 104 10 12 4764 27 27525 6512 1.9 25 13 1 3 15% 2193 38962 6606 51%
c v  1.62 22 104 10 12 4764 27 27525 5821 1.9 25 13 1 3 15% 2195 38962 6606 51%
c w  1.64 22 104 10 12 4764 27 27525 5371 1.9 25 13 1 3 15% 2196 38962 6606 51%
c x  1.66 22 104 10 12 4764 27 27525 5369 1.9 25 13 1 3 15% 2207 38543 6606 51%
c =  1.77 22 104 10 12 4764 27 27525 5369 1.9 25 13 1 3 15% 2425 38527 6497 51%
c d  1.77 22 104 10 12 4764 27 27525 5303 1.9 25 13 1 3 15% 2188 38527 6497 51%
c t  1.77 22 104 10 12 4764 27 27525 5303 1.9 25 13 1 3 15% 2165 38527 6497 51%
c f  1.78 22 104 10 12 4764 27 27525 5303 1.9 25 13 1 3 15% 2212 38387 6524 51%
c u  1.78 22 104 10 12 4764 27 27525 5168 1.9 25 13 1 3 15% 2213 38387 6524 51%
c v  1.78 22 104 10 12 4764 27 27525 4992 1.9 25 13 1 3 15% 2214 38387 6524 51%
c w  1.80 22 104 10 12 4764 27 27525 4819 1.9 25 13 1 3 15% 2214 38387 6524 51%
c x  1.81 22 104 10 12 4764 27 27525 4819 1.9 25 13 1 3 15% 2214 37793 6524 51%
c =  1.92 22 104 10 12 4764 27 27525 4819 1.9 25 13 1 3 15% 3010 37721 6126 48%
c d  1.92 22 104 10 12 4764 27 27525 4662 1.9 25 13 1 3 15% 2199 37721 6126 48%
c t  1.93 22 104 10 12 4764 27 27525 4662 1.9 25 13 1 3 15% 2175 37721 6126 48%
c -  2.04 22 106 10 13 5168 26 30250 5997 1.9 27 14 1 3 16% 2202 37721 6126 48%
c }  2.04 22 106 11 13 5172 26 30279 6026 1.9 27 14 1 3 16% 2202 37721 6126 48%
c
c seconds    switched    rate        size/glue  tier1    binary        remaining
c        MB    reductions  conflicts       size   tier2     irredundant
c          level    restarts    redundant     glue   trail        variables
c
c [  2.04 22 274 11 13 5172 4 30279 6026 2.7 74 28 1 6 33% 2202 37721 6126 48%
c O  2.04 22 274 11 13 5172 4 30279 6026 2.7 74 28 1 6 33% 2202 37721 6126 48%
c ]  2.48 23 219 12 13 5174 3 33243 8889 2.7 105 39 1 6 40% 2204 37721 6126 48%
c {  2.48 23 106 12 13 5174 26 33243 8889 1.9 27 14 1 3 16% 2204 37721 6126 48%
c -  2.51 23 106 12 14 5293 26 33857 7146 1.9 27 14 1 3 16% 2204 37721 6126 48%
c -  2.69 23 108 12 15 5902 25 37600 8347 2.0 29 15 1 3 17% 2218 37721 6126 48%
c -  2.82 23 109 12 16 6265 24 41472 9723 2.0 30 15 1 3 18% 2236 37721 6126 48%
c o  2.82 23 109 12 16 6266 23 41770 10007 2.0 30 15 1 3 18% 2236 37721 6126 48%
c u  2.84 23 109 12 16 6316 23 42264 9825 2.0 30 15 1 3 18% 2237 37721 6126 48%
c v  2.85 23 109 12 16 6316 23 42264 8822 2.0 30 15 1 3 18% 2238 37721 6126 48%
c w  2.87 23 109 12 16 6316 23 42264 8043 2.0 30 15 1 3 18% 2238 37721 6126 48%
c x  2.89 23 109 12 16 6316 23 42264 8041 2.0 30 15 1 3 18% 2239 35003 6126 48%
c =  2.96 23 109 12 16 6316 23 42264 8041 2.0 30 15 1 3 18% 3021 35003 5735 45%
c d  2.97 23 109 12 16 6316 23 42264 7847 2.0 30 15 1 3 18% 2239 35003 5735 45%
c t  2.97 23 109 12 16 6316 23 42264 7847 2.0 30 15 1 3 18% 2193 35003 5735 45%
c f  2.97 23 109 12 16 6316 23 42264 7847 2.0 30 15 1 3 18% 2194 34999 5736 45%
c u  2.98 23 109 12 16 6316 23 42264 7596 2.0 30 15 1 3 18% 2194 34999 5736 45%
c v  2.98 23 109 12 16 6316 23 42264 7307 2.0 30 15 1 3 18% 2194 34999 5736 45%
c w  3.00 23 109 12 16 6316 23 42264 6966 2.0 30 15 1 3 18% 2194 34999 5736 45%
c x  3.02 23 109 12 16 6316 23 42264 6966 2.0 30 15 1 3 18% 2194 32350 5736 45%
c
c seconds    switched     rate        size/glue  tier1    binary        remaining
c        MB    reductions   conflicts       size   tier2     irredundant
c          level    restarts     redundant     glue   trail        variables
c
c }  3.17 23 109 13 16 6320 22 44722 9164 2.1 30 14 1 3 19% 2210 32350 5736 45%
c [  3.17 23 219 13 16 6320 3 44722 9164 2.7 105 39 1 6 40% 2210 32350 5736 45%
c B  3.17 23 219 13 16 6320 3 44722 9164 2.7 105 39 1 6 40% 2210 32350 5736 45%
c -  3.18 23 210 13 17 6320 3 45472 7397 2.7 100 37 1 4 39% 2210 32350 5736 45%
c -  3.25 23 179 13 18 6323 3 49595 8314 2.7 85 32 1 5 34% 2218 32350 5736 45%
c ]  3.25 23 177 13 18 6323 3 50000 8691 2.7 85 31 1 5 34% 2218 32350 5736 45%
c ?  3.25 23 109 13 18 6323 22 50000 8691 2.1 30 14 1 3 19% 2218 32350 5736 45%
c
c ---- [ result ] ------------------------------------------------------------
c
s UNKNOWN
c
c ---- [ profiling ] ---------------------------------------------------------
c
c           2.25   69.29 %  search
c           1.24   38.04 %  focused
c           1.02   31.25 %  stable
c           0.95   29.15 %  simplify
c           0.93   28.66 %  probe
c           0.52   16.04 %  sweep
c           0.28    8.52 %  vivify
c           0.05    1.55 %  factor
c           0.05    1.47 %  eliminate
c           0.04    1.32 %  congruence
c           0.04    1.30 %  preprocess
c           0.03    0.93 %  substitute
c           0.02    0.47 %  reduce
c           0.01    0.30 %  subsume
c           0.01    0.28 %  walking
c           0.01    0.18 %  transitive
c           0.00    0.14 %  parse
c           0.00    0.13 %  lucky
c           0.00    0.11 %  backbone
c =============================================
c           3.25  100.00 %  total
c
c ---- [ statistics ] --------------------------------------------------------
c
c chronological:                          573                1 %  conflicts
c conflicts:                            50000            15359.93 per second
c congruent:                             1745               14 %  variables
c decisions:                           787431               15.75 per conflict
c eliminated:                            4023               31 %  variables
c factored:                               130                1 %  variables
c iterations:                               1                0 %  variables
c propagations:                      32075343          9853498    per second
c reductions:                              18             2778    interval
c reordered:                                3            16667    interval
c rephased:                                 7             7143    interval
c restarts:                              6323                8    interval
c strengthened:                           600                0 %  checks
c substituted:                           2563               20 %  variables
c subsumed:                              1606                0 %  checks
c switched:                                13             3846    interval
c vivified:                             22842                8 %  checks
c walks:                                    2            25000    interval
c
c ---- [ glue usage ] --------------------------------------------------------
c
c focused glue 1 used 137122 clauses 66.79% accumulated 66.79% tier1
c focused glue 2 used  35962 clauses 17.52% accumulated 84.30%
c focused glue 3 used  13029 clauses  6.35% accumulated 90.65% tier2
c
c stable glue 1 used 128087 clauses 65.84% accumulated 65.84% tier1
c stable glue 2 used  30121 clauses 15.48% accumulated 81.32%
c stable glue 3 used  11580 clauses  5.95% accumulated 87.27%
c stable glue 4 used   4949 clauses  2.54% accumulated 89.81%
c stable glue 5 used   3271 clauses  1.68% accumulated 91.50% tier2
c
c ---- [ resources ] ---------------------------------------------------------
c
c maximum-resident-set-size:      25048383488 bytes      23888 MB
c process-time:                             3s               3.25 seconds
c
c ---- [ shutting down ] -----------------------------------------------------
c
c exit 0
