c ---- [ banner ] ------------------------------------------------------------
c
c Kissat SAT Solver
c 
c Copyright (c) 2021-2024 Armin Biere University of Freiburg
c Copyright (c) 2019-2021 Armin Biere Johannes Kepler University Linz
c 
c Version 4.0.4 unknown
c Apple clang version 17.0.0 (clang-1700.3.19.1) -W -Wall -O3 -DNDEBUG
c Thu Oct 16 20:09:41 UTC 2025 Darwin Tahoe-arm64.local 25.0.0 arm64
c
c ---- [ parsing ] -----------------------------------------------------------
c
c opened and reading DIMACS file:
c
c   headline_hunt/bets/cascade_aux_encoding/cnfs/aux_force_sr61_n32_bit10_m3304caa0_fill80000000.cnf
c
c parsed 'p cnf 12816 53698' header
c closing input after reading 976018 bytes (953 KB)
c finished parsing after 0.00 seconds
c
c ---- [ options ] -----------------------------------------------------------
c
c --seed=5                         (different from default '0')
c
c ---- [ limits ] ------------------------------------------------------------
c
c conflict limit set to 50000 conflicts
c
c ---- [ solving ] -----------------------------------------------------------
c
c seconds switched rate     size/glue tier1  binary         remaining
c        MB reductions conflicts size  tier2    irredundant
c         level restarts redundant glue  trail         variables
c
c *  0.00  9 0 0 0  0 0   0   0 0.0 0 0 0 0 0% 3122 50063 12335 96%
c (  0.01  9 0 0 0  0 0   0   0 0.0 0 0 0 0 0% 3122 50063 12335 96%
c .  0.01  9 0 0 0  0 0   0   0 0.0 0 0 0 0 0% 4018 48143 12335 96%
c c  0.02 14 0 0 0  0 0   0   0 0.0 0 0 0 0 0% 5804 42265 10531 82%
c d  0.02 14 0 0 0  0 0   0   0 0.0 0 0 0 0 0% 3122 42265 10531 82%
c =  0.03 14 0 0 0  0 0   0   0 0.0 0 0 0 0 0% 2986 42265 10529 82%
c d  0.03 14 0 0 0  0 0   0   0 0.0 0 0 0 0 0% 2982 42265 10529 82%
c f  0.04 14 0 0 0  0 0   0   0 0.0 0 0 0 0 0% 3318 41688 10709 84%
c )  0.05 14 0 0 0  0 0   0   0 0.0 0 0 0 0 0% 3318 41688 10709 84%
c {  0.05 14 0 0 0  0 0   0   0 0.0 0 0 2 6 0% 3318 41688 10709 84%
c -  0.06 14 265 0 1 231 62 1000 789 1.5 4 3 2 5 11% 3386 41688 10709 84%
c }  0.06 14 265 1 1 231 62 1000 789 1.5 4 3 2 5 11% 3386 41688 10709 84%
c [  0.06 14 0 1 1 231 0 1000 789 0.0 0 0 2 6 0% 3386 41688 10709 84%
c B  0.06 14 159 1 1 231 5 1002 791 1.2 6 5 2 6 9% 3386 41688 10709 84%
c -  0.06 14 444 1 2 231 2 2000 1406 1.4 19 14 3 16 6% 3391 41688 10709 84%
c W  0.06 14 444 1 2 231 2 2003 1407 1.4 19 14 3 16 6% 3391 41688 10709 84%
c c  0.08 14 461 1 2 232 5 2555 1848 1.4 15 11 3 15 10% 3414 41662 10701 83%
c d  0.08 14 461 1 2 232 5 2555 1844 1.4 15 11 3 15 10% 3383 41662 10693 83%
c u  0.08 14 461 1 2 232 5 2555 1518 1.4 15 11 3 15 10% 3385 41662 10693 83%
c v  0.08 14 461 1 2 232 5 2555 1420 1.4 15 11 3 15 10% 3385 41662 10693 83%
c
c seconds   switched  rate       size/glue  tier1     binary         remaining
c        MB  reductions conflicts      size   tier2      irredundant
c          level restarts   redundant     glue    trail         variables
c
c w  0.08 14 461 1 2 232 5 2555 1260 1.4 15 11 3 15 10% 3385 41662 10693 83%
c x  0.09 14 461 1 2 232 5 2555 1260 1.4 15 11 3 15 10% 3385 41585 10693 83%
c u  0.10 14 461 1 2 232 5 2555 1238 1.4 15 11 3 15 10% 3385 41585 10693 83%
c v  0.10 14 461 1 2 232 5 2555 1218 1.4 15 11 3 15 10% 3385 41585 10693 83%
c w  0.11 14 461 1 2 232 5 2555 1145 1.4 15 11 3 15 10% 3385 41585 10693 83%
c -  0.11 14 360 1 3 232 5 3414 1663 1.5 14 9 3 14 11% 3412 41585 10693 83%
c I  0.12 14 281 1 3 233 5 4263 2234 1.5 12 8 3 14 9% 3449 41585 10693 83%
c ]  0.12 14 305 2 3 233 5 4583 2503 1.5 12 8 2 12 13% 3463 41585 10693 83%
c {  0.12 14 265 2 3 233 62 4583 2503 1.5 4 3 2 5 11% 3463 41585 10693 83%
c -  0.12 14 203 2 4 334 49 5146 2704 1.5 4 3 2 4 9% 3501 41585 10693 83%
c }  0.13 14 179 3 4 369 42 5583 3062 1.6 5 3 2 4 9% 3520 41585 10693 83%
c [  0.13 14 305 3 4 369 5 5583 3062 1.5 12 8 2 12 13% 3520 41585 10693 83%
c -  0.14 14 241 3 5 370 6 7147 3948 1.5 10 7 2 11 11% 3573 41585 10693 83%
c ]  0.14 14 235 4 5 370 6 7327 4101 1.5 11 7 2 11 11% 3578 41585 10693 83%
c {  0.14 14 179 4 5 370 42 7327 4101 1.6 5 3 2 4 9% 3578 41585 10693 83%
c c  0.15 15 159 4 5 564 40 7868 4539 1.6 5 3 2 4 9% 3670 41425 10643 83%
c d  0.15 15 159 4 5 564 40 7868 4435 1.6 5 3 2 4 9% 3544 41425 10631 83%
c u  0.16 15 159 4 5 564 40 7868 3528 1.6 5 3 2 4 9% 3548 41425 10631 83%
c v  0.16 15 159 4 5 564 40 7868 3238 1.6 5 3 2 4 9% 3548 41425 10631 83%
c w  0.16 15 159 4 5 564 40 7868 3032 1.6 5 3 2 4 9% 3548 41425 10631 83%
c
c seconds   switched   rate       size/glue tier1  binary         remaining
c        MB  reductions conflicts      size  tier2    irredundant
c          level restarts    redundant   glue  trail         variables
c
c x  0.16 15 159 4 5 564 40 7868 3032 1.6 5 3 2 4 9% 3597 41346 10631 83%
c =  0.18 15 159 4 5 564 40 7868 3032 1.6 5 3 2 4 9% 3729 41346 10565 82%
c d  0.18 15 159 4 5 564 40 7868 2934 1.6 5 3 2 4 9% 3590 41346 10565 82%
c t  0.18 15 159 4 5 564 40 7868 2934 1.6 5 3 2 4 9% 3586 41346 10565 82%
c f  0.18 15 159 4 5 564 40 7868 2934 1.6 5 3 2 4 9% 3591 41337 10569 82%
c c  0.19 15 159 4 5 564 40 7868 2922 1.6 5 3 2 4 9% 3596 41325 10566 82%
c d  0.19 15 159 4 5 564 40 7868 2922 1.6 5 3 2 4 9% 3590 41325 10566 82%
c u  0.19 15 159 4 5 564 40 7868 2789 1.6 5 3 2 4 9% 3590 41325 10566 82%
c v  0.20 15 159 4 5 564 40 7868 2694 1.6 5 3 2 4 9% 3590 41325 10566 82%
c w  0.20 15 159 4 5 564 40 7868 2596 1.6 5 3 2 4 9% 3590 41325 10566 82%
c x  0.20 15 159 4 5 564 40 7868 2596 1.6 5 3 2 4 9% 3710 41010 10566 82%
c =  0.22 15 159 4 5 564 40 7868 2596 1.6 5 3 2 4 9% 3878 41010 10482 82%
c d  0.22 15 159 4 5 564 40 7868 2431 1.6 5 3 2 4 9% 3701 41010 10482 82%
c t  0.22 15 159 4 5 564 40 7868 2431 1.6 5 3 2 4 9% 3696 41010 10482 82%
c -  0.24 15 127 4 6 1021 35 9385 3358 1.7 6 4 2 4 9% 3817 41009 10482 82%
c }  0.25 15 123 5 6 1103 34 9681 3616 1.7 6 4 2 4 9% 3822 41009 10482 82%
c [  0.25 15 235 5 6 1103 6 9681 3616 1.5 11 7 2 11 11% 3822 41009 10482 82%
c B  0.25 15 235 5 6 1103 6 9681 3616 1.5 11 7 2 11 11% 3822 41009 10482 82%
c o  0.26 15 210 5 6 1104 5 10730 4598 2.3 18 8 2 11 14% 3839 41009 10482 82%
c ]  0.29 15 200 6 6 1104 5 11277 5124 2.3 26 11 2 11 15% 3840 41009 10482 82%
c
c seconds   switched    rate        size/glue tier1  binary         remaining
c        MB  reductions   conflicts      size  tier2    irredundant
c          level  restarts     redundant   glue  trail         variables
c
c {  0.29 15 123 6 6 1104 34 11277 5124 1.7 6 4 2 4 9% 3840 41009 10482 82%
c -  0.30 15 115 6 7 1240 32 11834 4753 1.7 6 4 2 4 9% 3887 41008 10482 82%
c s  0.32 15 104 6 7 1464 30 12770 5579 1.7 7 4 2 4 9% 3934 40300 10482 82%
c e  0.34 18 104 6 7 1464 30 12770 5579 1.7 7 4 2 4 9% 2392 34844 6338 49%
c s  0.35 18 104 6 7 1464 30 12770 5579 1.7 7 4 2 4 9% 2398 34622 6338 49%
c e  0.35 18 104 6 7 1464 30 12770 5579 1.7 7 4 2 4 9% 2325 34255 6242 49%
c ^  0.35 18 104 6 7 1464 30 12770 5579 1.7 7 4 2 4 9% 2325 34255 6242 49%
c -  0.37 18 95 6 8 1776 26 14479 4134 1.7 7 4 2 4 9% 2388 34255 6242 49%
c }  0.39 18 92 7 8 1970 26 15346 4915 1.7 7 4 2 4 10% 2420 34255 6242 49%
c [  0.39 18 200 7 8 1970 5 15346 4915 2.3 26 11 2 11 15% 2420 34255 6242 49%
c W  0.39 18 200 7 8 1970 5 15346 4915 2.3 26 11 2 11 15% 2420 34255 6242 49%
c d  0.40 18 188 7 8 1970 5 16121 5637 2.4 28 12 2 11 17% 2424 34253 6241 49%
c u  0.40 18 188 7 8 1970 5 16121 4816 2.4 28 12 2 11 17% 2434 34253 6241 49%
c v  0.41 18 188 7 8 1970 5 16121 4462 2.4 28 12 2 11 17% 2434 34253 6241 49%
c w  0.41 18 188 7 8 1970 5 16121 4437 2.4 28 12 2 11 17% 2434 34253 6241 49%
c x  0.42 18 188 7 8 1970 5 16121 4437 2.4 28 12 2 11 17% 2435 34067 6241 49%
c t  0.44 18 188 7 8 1970 5 16121 4437 2.4 28 12 2 11 17% 2423 34067 6241 49%
c f  0.45 18 188 7 8 1970 5 16121 4437 2.4 28 12 2 11 17% 2438 34036 6249 49%
c u  0.46 18 188 7 8 1970 5 16121 4321 2.4 28 12 2 11 17% 2440 34036 6249 49%
c v  0.46 18 188 7 8 1970 5 16121 4256 2.4 28 12 2 11 17% 2440 34036 6249 49%
c
c seconds   switched   rate        size/glue  tier1     binary        remaining
c        MB  reductions  conflicts       size   tier2      irredundant
c          level  restarts    redundant     glue    trail        variables
c
c w  0.47 18 188 7 8 1970 5 16121 4126 2.4 28 12 2 11 17% 2440 34036 6249 49%
c x  0.47 18 188 7 8 1970 5 16121 4125 2.4 28 12 2 11 17% 2441 34010 6249 49%
c t  0.47 18 188 7 8 1970 5 16121 4125 2.4 28 12 2 11 17% 2440 34010 6249 49%
c f  0.48 18 188 7 8 1970 5 16121 4125 2.4 28 12 2 11 17% 2448 33994 6253 49%
c -  0.50 18 179 7 9 1971 4 17310 4487 2.3 29 13 2 10 17% 2456 33994 6253 49%
c -  0.54 18 160 7 10 1973 4 20312 5799 2.4 36 15 2 11 22% 2464 33994 6253 49%
c ]  0.55 18 158 8 10 1974 4 20934 6395 2.4 37 16 2 11 22% 2464 33994 6253 49%
c {  0.55 18 92 8 10 1974 26 20934 6395 1.7 7 4 2 4 10% 2464 33994 6253 49%
c o  0.55 18 92 8 10 1978 26 20948 6408 1.7 8 4 2 4 10% 2464 33994 6253 49%
c -  0.59 20 86 8 11 2560 25 23474 6727 1.8 8 5 1 4 10% 2568 33993 6253 49%
c s  0.63 20 83 8 11 3122 24 25698 8705 1.8 9 5 1 4 11% 2620 33960 6253 49%
c e  0.65 20 83 8 11 3122 24 25698 8705 1.8 9 5 1 4 11% 2006 34747 5845 46%
c 2  0.65 20 83 8 11 3122 24 25698 8705 1.8 9 5 1 4 11% 2005 34747 5845 46%
c s  0.65 20 83 8 11 3122 24 25698 8705 1.8 9 5 1 4 11% 2049 34392 5845 46%
c e  0.65 20 83 8 11 3122 24 25698 8705 1.8 9 5 1 4 11% 2041 34335 5830 45%
c ^  0.65 20 83 8 11 3122 24 25698 8705 1.8 9 5 1 4 11% 2041 34335 5830 45%
c -  0.67 20 83 8 12 3334 24 26791 5913 1.8 9 5 1 4 11% 2060 34335 5830 45%
c }  0.68 20 83 9 12 3422 24 27093 6192 1.8 9 5 1 4 11% 2064 34335 5830 45%
c [  0.68 20 158 9 12 3422 4 27093 6192 2.4 37 16 2 11 22% 2064 34335 5830 45%
c O  0.68 20 158 9 12 3422 4 27093 6192 2.4 37 16 2 11 22% 2064 34335 5830 45%
c
c seconds   switched    rate        size/glue  tier1     binary        remaining
c        MB   reductions  conflicts       size   tier2      irredundant
c          level   restarts    redundant     glue    trail        variables
c
c d  0.68 20 155 9 12 3422 4 27632 6683 2.4 37 16 2 11 22% 2056 34335 5825 45%
c u  0.69 20 155 9 12 3422 4 27632 6181 2.4 37 16 2 11 22% 2058 34335 5825 45%
c v  0.69 20 155 9 12 3422 4 27632 5430 2.4 37 16 2 11 22% 2066 34335 5825 45%
c w  0.70 20 155 9 12 3422 4 27632 5293 2.4 37 16 2 11 22% 2066 34335 5825 45%
c =  0.73 20 155 9 12 3422 4 27632 5293 2.4 37 16 2 11 22% 2116 34335 5800 45%
c d  0.73 20 155 9 12 3422 4 27632 5241 2.4 37 16 2 11 22% 2047 34335 5799 45%
c t  0.73 20 155 9 12 3422 4 27632 5241 2.4 37 16 2 11 22% 2042 34335 5799 45%
c f  0.74 20 155 9 12 3422 4 27632 5241 2.4 37 16 2 11 22% 2150 34016 5855 46%
c u  0.74 20 155 9 12 3422 4 27632 5156 2.4 37 16 2 11 22% 2152 34016 5855 46%
c v  0.74 20 155 9 12 3422 4 27632 4986 2.4 37 16 2 11 22% 2152 34016 5855 46%
c w  0.75 20 155 9 12 3422 4 27632 4913 2.4 37 16 2 11 22% 2152 34016 5855 46%
c x  0.76 20 155 9 12 3422 4 27632 4912 2.4 37 16 2 11 22% 2161 33750 5855 46%
c =  0.78 20 155 9 12 3422 4 27632 4912 2.4 37 16 2 11 22% 2523 33748 5674 44%
c d  0.78 20 155 9 12 3422 4 27632 4848 2.4 37 16 2 11 22% 2152 33748 5674 44%
c t  0.79 20 155 9 12 3422 4 27632 4848 2.4 37 16 2 11 22% 2148 33748 5674 44%
c -  0.83 20 145 9 13 3424 3 30255 5788 2.3 39 17 2 12 24% 2156 33748 5674 44%
c -  0.88 20 135 9 14 3427 3 33860 6871 2.2 41 18 2 13 24% 2160 33748 5674 44%
c B  0.93 20 130 9 14 3428 3 36854 9708 2.3 44 19 2 13 24% 2160 33748 5674 44%
c ]  0.94 21 130 10 14 3428 3 37294 10137 2.3 44 19 2 13 24% 2161 33748 5674 44%
c {  0.94 21 83 10 14 3428 24 37294 10137 1.8 9 5 1 4 11% 2161 33748 5674 44%
c
c seconds   switched     rate        size/glue tier1   binary        remaining
c        MB   reductions   conflicts      size  tier2     irredundant
c         level    restarts     redundant   glue   trail        variables
c
c -  0.94 21 83 10 15 3511 24 37601 7735 1.8 9 5 1 4 11% 2163 33748 5674 44%
c o  1.00 21 79 10 15 4260 23 40948 10857 1.8 10 6 1 4 11% 2188 33747 5674 44%
c -  1.01 21 79 10 16 4360 23 41473 9543 1.8 10 6 1 3 11% 2195 33747 5674 44%
c u  1.04 21 79 10 16 4589 22 42469 9912 1.8 10 6 1 3 11% 2207 33747 5674 44%
c v  1.05 21 79 10 16 4589 22 42469 9197 1.8 10 6 1 3 11% 2207 33747 5674 44%
c w  1.05 21 79 10 16 4589 22 42469 9151 1.8 10 6 1 3 11% 2207 33747 5674 44%
c x  1.05 21 79 10 16 4589 22 42469 9151 1.8 10 6 1 3 11% 2229 33096 5674 44%
c =  1.09 21 79 10 16 4589 22 42469 9151 1.8 10 6 1 3 11% 2233 33095 5672 44%
c d  1.09 21 79 10 16 4589 22 42469 9151 1.8 10 6 1 3 11% 2227 33095 5672 44%
c t  1.09 21 79 10 16 4589 22 42469 9151 1.8 10 6 1 3 11% 2215 33095 5672 44%
c f  1.09 21 79 10 16 4589 22 42469 9151 1.8 10 6 1 3 11% 2216 33091 5673 44%
c u  1.10 21 79 10 16 4589 22 42469 9083 1.8 10 6 1 3 11% 2216 33091 5673 44%
c v  1.10 21 79 10 16 4589 22 42469 8768 1.8 10 6 1 3 11% 2219 33091 5673 44%
c w  1.11 21 79 10 16 4589 22 42469 8694 1.8 10 6 1 3 11% 2219 33091 5673 44%
c x  1.11 21 79 10 16 4589 22 42469 8687 1.8 10 6 1 3 11% 2222 32838 5673 44%
c =  1.14 21 79 10 16 4589 22 42469 8687 1.8 10 6 1 3 11% 2592 32838 5488 43%
c d  1.14 21 79 10 16 4589 22 42469 8631 1.8 10 6 1 3 11% 2218 32838 5488 43%
c t  1.15 21 79 10 16 4589 22 42469 8631 1.8 10 6 1 3 11% 2216 32838 5488 43%
c -  1.20 21 77 10 17 5176 22 45473 9613 1.8 11 6 1 4 11% 2229 32838 5488 43%
c }  1.21 21 77 11 17 5267 22 45921 10024 1.8 11 6 1 4 11% 2230 32838 5488 43%
c
c seconds    switched    rate         size/glue  tier1     binary        remaining
c        MB    reductions  conflicts        size   tier2      irredundant
c          level    restarts     redundant     glue    trail        variables
c
c [  1.21 21 130 11 17 5267 3 45921 10024 2.3 44 19 2 13 24% 2230 32838 5488 43%
c W  1.26 21 125 11 17 5269 3 49076 13034 2.3 45 19 2 13 25% 2235 32838 5488 43%
c -  1.26 21 124 11 18 5269 3 49596 10750 2.3 44 19 2 13 25% 2235 32838 5488 43%
c ]  1.27 21 124 11 18 5269 3 50000 11148 2.3 45 19 2 13 25% 2235 32838 5488 43%
c ?  1.27 21 77 11 18 5269 22 50000 11148 1.8 11 6 1 4 11% 2235 32838 5488 43%
c
c ---- [ result ] ------------------------------------------------------------
c
s UNKNOWN
c
c ---- [ profiling ] ---------------------------------------------------------
c
c           0.74   57.91 %  search
c           0.49   38.48 %  simplify
c           0.47   36.70 %  probe
c           0.37   29.33 %  focused
c           0.36   28.58 %  stable
c           0.20   15.72 %  sweep
c           0.14   11.17 %  vivify
c           0.05    4.02 %  eliminate
c           0.05    3.78 %  congruence
c           0.04    3.17 %  preprocess
c           0.04    3.17 %  factor
c           0.03    2.15 %  substitute
c           0.01    1.17 %  reduce
c           0.01    0.84 %  walking
c           0.01    0.73 %  subsume
c           0.01    0.44 %  transitive
c           0.00    0.31 %  parse
c           0.00    0.27 %  backbone
c           0.00    0.11 %  lucky
c =============================================
c           1.27  100.00 %  total
c
c ---- [ statistics ] --------------------------------------------------------
c
c chronological:                          466                1 %  conflicts
c conflicts:                            50000            39340.90 per second
c congruent:                             1636               13 %  variables
c decisions:                           554938               11.10 per conflict
c eliminated:                            4663               36 %  variables
c factored:                               253                2 %  variables
c propagations:                      12195432          9595585    per second
c reductions:                              18             2778    interval
c reordered:                                3            16667    interval
c rephased:                                 8             6250    interval
c restarts:                              5269                9    interval
c strengthened:                           377                0 %  checks
c substituted:                           1973               15 %  variables
c subsumed:                              1266                0 %  checks
c switched:                                11             4545    interval
c vivified:                             13789               12 %  checks
c walks:                                    3            16667    interval
c
c ---- [ glue usage ] --------------------------------------------------------
c
c focused glue 1 used 39132 clauses 61.55% accumulated 61.55% tier1
c focused glue 2 used 13782 clauses 21.68% accumulated 83.22%
c focused glue 3 used  4158 clauses  6.54% accumulated 89.76%
c focused glue 4 used  1930 clauses  3.04% accumulated 92.80% tier2
c
c stable glue 2    used 33988 clauses 19.91% accumulated 60.57% tier1
c stable glue 3    used 14507 clauses  8.50% accumulated 69.07%
c stable glue 4-11 used 33411 clauses 19.57% accumulated 88.64%
c stable glue 12   used  1695 clauses  0.99% accumulated 89.63%
c stable glue 13   used  1510 clauses  0.88% accumulated 90.52% tier2
c
c ---- [ resources ] ---------------------------------------------------------
c
c maximum-resident-set-size:      22414360576 bytes      21376 MB
c process-time:                             1s               1.27 seconds
c
c ---- [ shutting down ] -----------------------------------------------------
c
c exit 0
