c ---- [ banner ] ------------------------------------------------------------
c
c Kissat SAT Solver
c 
c Copyright (c) 2021-2024 Armin Biere University of Freiburg
c Copyright (c) 2019-2021 Armin Biere Johannes Kepler University Linz
c 
c Version 4.0.4 unknown
c Apple clang version 17.0.0 (clang-1700.3.19.1) -W -Wall -O3 -DNDEBUG
c Thu Oct 16 20:09:41 UTC 2025 Darwin Tahoe-arm64.local 25.0.0 arm64
c
c ---- [ parsing ] -----------------------------------------------------------
c
c opened and reading DIMACS file:
c
c   headline_hunt/bets/cascade_aux_encoding/cnfs/aux_force_sr61_n32_bit19_m51ca0b34_fill55555555.cnf
c
c parsed 'p cnf 12850 53838' header
c closing input after reading 979266 bytes (956 KB)
c finished parsing after 0.00 seconds
c
c ---- [ options ] -----------------------------------------------------------
c
c --seed=5                         (different from default '0')
c
c ---- [ limits ] ------------------------------------------------------------
c
c conflict limit set to 50000 conflicts
c
c ---- [ solving ] -----------------------------------------------------------
c
c seconds switched rate     size/glue tier1  binary         remaining
c        MB reductions conflicts size  tier2    irredundant
c         level restarts redundant glue  trail         variables
c
c *  0.00  9 0 0 0  0 0   0   0 0.0 0 0 0 0 0% 3138 50187 12369 96%
c (  0.00  9 0 0 0  0 0   0   0 0.0 0 0 0 0 0% 3138 50187 12369 96%
c .  0.01  9 0 0 0  0 0   0   0 0.0 0 0 0 0 0% 4034 48267 12369 96%
c c  0.02 14 0 0 0  0 0   0   0 0.0 0 0 0 0 0% 5856 42319 10540 82%
c d  0.02 14 0 0 0  0 0   0   0 0.0 0 0 0 0 0% 3138 42319 10540 82%
c =  0.03 14 0 0 0  0 0   0   0 0.0 0 0 0 0 0% 3078 42313 10490 82%
c d  0.03 14 0 0 0  0 0   0   0 0.0 0 0 0 0 0% 2978 42313 10490 82%
c f  0.04 14 0 0 0  0 0   0   0 0.0 0 0 0 0 0% 3311 41728 10670 83%
c )  0.04 14 0 0 0  0 0   0   0 0.0 0 0 0 0 0% 3311 41728 10670 83%
c {  0.04 14 0 0 0  0 0   0   0 0.0 0 0 2 6 0% 3311 41728 10670 83%
c -  0.05 14 260 0 1 216 58 1000 790 1.5 4 3 2 5 10% 3374 41728 10670 83%
c }  0.05 14 260 1 1 216 58 1000 790 1.5 4 3 2 5 10% 3374 41728 10670 83%
c [  0.05 14 0 1 1 216 0 1000 790 0.0 0 0 2 6 0% 3374 41728 10670 83%
c B  0.05 14 500 1 1 216 498 1001 791 1.5 3 2 2 6 7% 3374 41728 10670 83%
c -  0.06 14 387 1 2 216 3 2000 1453 1.7 17 10 2 13 7% 3384 41728 10670 83%
c W  0.06 16 387 1 2 216 3 2002 1455 1.7 17 10 2 13 7% 3384 41728 10670 83%
c c  0.07 16 399 1 2 217 6 2555 1892 1.7 14 8 2 13 11% 3413 41694 10660 83%
c d  0.07 16 399 1 2 217 6 2555 1884 1.7 14 8 2 13 11% 3378 41694 10652 83%
c u  0.08 16 399 1 2 217 6 2555 1553 1.7 14 8 2 13 11% 3390 41694 10652 83%
c v  0.08 16 399 1 2 217 6 2555 1419 1.7 14 8 2 13 11% 3390 41694 10652 83%
c
c seconds   switched  rate       size/glue tier1     binary         remaining
c        MB  reductions conflicts      size  tier2      irredundant
c          level restarts   redundant    glue    trail         variables
c
c w  0.08 16 399 1 2 217 6 2555 1253 1.7 14 8 2 13 11% 3390 41694 10652 83%
c x  0.08 16 399 1 2 217 6 2555 1253 1.7 14 8 2 13 11% 3390 41535 10652 83%
c d  0.10 16 399 1 2 217 6 2555 1253 1.7 14 8 2 13 11% 3384 41535 10649 83%
c u  0.10 16 399 1 2 217 6 2555 1203 1.7 14 8 2 13 11% 3385 41535 10649 83%
c v  0.10 16 399 1 2 217 6 2555 1145 1.7 14 8 2 13 11% 3385 41535 10649 83%
c w  0.10 16 399 1 2 217 6 2555 1086 1.7 14 8 2 13 11% 3385 41535 10649 83%
c -  0.11 16 349 1 3 217 4 3414 1590 1.6 16 10 2 14 13% 3398 41535 10649 83%
c ]  0.11 16 295 2 3 218 4 4031 2041 1.6 15 9 2 14 12% 3411 41535 10649 83%
c {  0.11 16 260 2 3 218 58 4031 2041 1.5 4 3 2 5 10% 3411 41535 10649 83%
c }  0.13 16 183 3 3 486 46 5031 2881 1.6 5 3 2 4 10% 3483 41534 10649 83%
c [  0.13 16 295 3 3 486 4 5031 2881 1.6 15 9 2 14 12% 3483 41534 10649 83%
c I  0.13 16 295 3 3 486 4 5031 2881 1.6 15 9 2 14 12% 3483 41534 10649 83%
c -  0.13 16 299 3 4 486 4 5146 2696 1.6 14 9 2 13 13% 3486 41534 10649 83%
c ]  0.14 16 304 4 4 486 4 5710 3212 1.8 18 10 2 13 18% 3501 41533 10649 83%
c {  0.14 16 183 4 4 486 46 5710 3212 1.6 5 3 2 4 10% 3501 41533 10649 83%
c -  0.16 16 136 4 5 920 38 7146 3812 1.7 6 4 2 5 9% 3629 41513 10649 83%
c c  0.18 18 123 4 5 1082 35 7869 4377 1.7 6 4 2 5 9% 3727 41427 10621 83%
c d  0.18 18 123 4 5 1082 35 7869 4346 1.7 6 4 2 5 9% 3645 41427 10608 83%
c u  0.18 18 123 4 5 1082 35 7869 3633 1.7 6 4 2 5 9% 3662 41427 10608 83%
c v  0.18 18 123 4 5 1082 35 7869 3320 1.7 6 4 2 5 9% 3663 41427 10608 83%
c
c seconds   switched    rate       size/glue tier1  binary         remaining
c        MB  reductions  conflicts      size  tier2    irredundant
c          level  restarts    redundant   glue  trail         variables
c
c w  0.19 18 123 4 5 1082 35 7869 3235 1.7 6 4 2 5 9% 3663 41427 10608 83%
c x  0.19 18 123 4 5 1082 35 7869 3235 1.7 6 4 2 5 9% 3708 41309 10608 83%
c =  0.20 18 123 4 5 1082 35 7869 3235 1.7 6 4 2 5 9% 3718 41309 10603 83%
c d  0.20 18 123 4 5 1082 35 7869 3230 1.7 6 4 2 5 9% 3701 41309 10600 82%
c t  0.21 18 123 4 5 1082 35 7869 3230 1.7 6 4 2 5 9% 3682 41309 10600 82%
c f  0.21 18 123 4 5 1082 35 7869 3230 1.7 6 4 2 5 9% 3694 41287 10606 83%
c c  0.22 18 123 4 5 1082 35 7869 3221 1.7 6 4 2 5 9% 3699 41263 10603 83%
c d  0.22 18 123 4 5 1082 35 7869 3221 1.7 6 4 2 5 9% 3693 41263 10603 83%
c u  0.22 18 123 4 5 1082 35 7869 3115 1.7 6 4 2 5 9% 3697 41263 10603 83%
c v  0.22 18 123 4 5 1082 35 7869 3032 1.7 6 4 2 5 9% 3697 41263 10603 83%
c w  0.22 18 123 4 5 1082 35 7869 2874 1.7 6 4 2 5 9% 3697 41263 10603 83%
c x  0.23 18 123 4 5 1082 35 7869 2874 1.7 6 4 2 5 9% 3761 40990 10603 83%
c =  0.24 18 123 4 5 1082 35 7869 2874 1.7 6 4 2 5 9% 3921 40990 10523 82%
c d  0.24 18 123 4 5 1082 35 7869 2772 1.7 6 4 2 5 9% 3746 40990 10522 82%
c t  0.24 18 123 4 5 1082 35 7869 2772 1.7 6 4 2 5 9% 3734 40990 10522 82%
c }  0.25 18 121 5 5 1137 34 8062 2939 1.7 6 4 2 5 9% 3744 40989 10522 82%
c [  0.25 18 304 5 5 1137 4 8062 2939 1.8 18 10 2 13 18% 3744 40989 10522 82%
c B  0.26 18 269 5 5 1137 4 8802 3603 2.0 20 10 2 13 19% 3751 40989 10522 82%
c -  0.27 18 249 5 6 1138 4 9386 3523 2.1 21 10 2 13 20% 3754 40989 10522 82%
c o  0.28 18 228 5 6 1139 4 10307 4353 2.2 22 10 2 13 21% 3757 40989 10522 82%
c
c seconds   switched   rate        size/glue  tier1     binary         remaining
c        MB  reductions  conflicts       size   tier2      irredundant
c          level  restarts    redundant     glue    trail         variables
c
c ]  0.29 18 222 6 6 1139 4 10562 4590 2.2 25 12 2 13 21% 3759 40989 10522 82%
c {  0.29 18 121 6 6 1139 34 10562 4590 1.7 6 4 2 5 9% 3759 40989 10522 82%
c -  0.30 18 106 6 7 1292 29 11836 4980 1.8 7 4 2 4 9% 3832 40980 10522 82%
c s  0.32 18 99 6 7 1492 27 12769 5815 1.8 7 4 2 4 9% 3871 40505 10522 82%
c e  0.34 19 99 6 7 1492 27 12769 5815 1.8 7 4 2 4 9% 2398 35187 6399 50%
c s  0.35 19 99 6 7 1492 27 12769 5815 1.8 7 4 2 4 9% 2405 34961 6399 50%
c e  0.35 19 99 6 7 1492 27 12769 5815 1.8 7 4 2 4 9% 2352 34509 6300 49%
c ^  0.35 19 99 6 7 1492 27 12769 5815 1.8 7 4 2 4 9% 2352 34509 6300 49%
c -  0.38 19 89 6 8 1915 25 14481 4056 1.8 8 4 2 4 9% 2417 34505 6300 49%
c }  0.38 19 89 7 8 1955 25 14631 4180 1.8 8 4 2 4 9% 2426 34505 6300 49%
c [  0.38 19 222 7 8 1955 4 14631 4180 2.2 25 12 2 13 21% 2426 34505 6300 49%
c W  0.38 19 222 7 8 1955 4 14631 4180 2.2 25 12 2 13 21% 2426 34505 6300 49%
c d  0.41 19 197 7 8 1956 3 16122 5607 2.1 30 14 2 13 22% 2432 34504 6299 49%
c u  0.42 19 197 7 8 1956 3 16122 4885 2.1 30 14 2 13 22% 2440 34504 6299 49%
c v  0.42 19 197 7 8 1956 3 16122 4575 2.1 30 14 2 13 22% 2440 34504 6299 49%
c w  0.43 19 197 7 8 1956 3 16122 4569 2.1 30 14 2 13 22% 2440 34504 6299 49%
c x  0.43 19 197 7 8 1956 3 16122 4568 2.1 30 14 2 13 22% 2456 34315 6299 49%
c d  0.45 19 197 7 8 1956 3 16122 4567 2.1 30 14 2 13 22% 2454 34315 6298 49%
c t  0.46 19 197 7 8 1956 3 16122 4567 2.1 30 14 2 13 22% 2437 34315 6298 49%
c f  0.46 19 197 7 8 1956 3 16122 4567 2.1 30 14 2 13 22% 2457 34268 6308 49%
c
c seconds   switched   rate        size/glue  tier1     binary        remaining
c        MB  reductions  conflicts       size   tier2      irredundant
c          level  restarts    redundant     glue    trail        variables
c
c c  0.47 19 197 7 8 1956 3 16122 4566 2.1 30 14 2 13 22% 2458 34264 6307 49%
c d  0.47 19 197 7 8 1956 3 16122 4566 2.1 30 14 2 13 22% 2456 34264 6307 49%
c u  0.47 19 197 7 8 1956 3 16122 4456 2.1 30 14 2 13 22% 2458 34264 6307 49%
c v  0.48 19 197 7 8 1956 3 16122 4378 2.1 30 14 2 13 22% 2458 34264 6307 49%
c w  0.48 19 197 7 8 1956 3 16122 4376 2.1 30 14 2 13 22% 2458 34264 6307 49%
c x  0.49 19 197 7 8 1956 3 16122 4376 2.1 30 14 2 13 22% 2461 34199 6307 49%
c t  0.49 19 197 7 8 1956 3 16122 4376 2.1 30 14 2 13 22% 2459 34199 6307 49%
c f  0.49 19 197 7 8 1956 3 16122 4376 2.1 30 14 2 13 22% 2465 34187 6310 49%
c -  0.53 19 184 7 9 1957 3 17311 4498 2.1 33 15 2 13 23% 2469 34187 6310 49%
c ]  0.56 19 171 8 9 1958 3 18977 6063 2.3 37 16 2 13 25% 2471 34187 6310 49%
c {  0.56 19 89 8 9 1958 25 18977 6063 1.8 8 4 2 4 9% 2471 34187 6310 49%
c o  0.58 22 86 8 9 2302 24 20309 7253 1.8 8 5 2 4 9% 2503 34186 6310 49%
c -  0.58 22 86 8 10 2302 24 20312 5960 1.8 8 5 2 4 9% 2503 34186 6310 49%
c -  0.64 22 81 8 11 2968 23 23474 7344 1.8 9 5 1 4 10% 2593 34186 6310 49%
c }  0.67 22 80 9 11 3377 23 25137 8806 1.8 9 5 1 4 10% 2628 34186 6310 49%
c [  0.67 22 171 9 11 3377 3 25137 8806 2.3 37 16 2 13 25% 2628 34186 6310 49%
c O  0.67 22 171 9 11 3377 3 25137 8806 2.3 37 16 2 13 25% 2628 34186 6310 49%
c s  0.68 22 167 9 11 3377 3 25691 9333 2.3 38 16 2 13 26% 2629 34149 6310 49%
c e  0.69 22 167 9 11 3377 3 25691 9333 2.3 38 16 2 13 26% 2028 34638 5885 46%
c s  0.69 22 167 9 11 3377 3 25691 9333 2.3 38 16 2 13 26% 2095 34207 5885 46%
c
c seconds   switched    rate        size/glue  tier1     binary        remaining
c        MB   reductions  conflicts       size   tier2      irredundant
c          level   restarts    redundant     glue    trail        variables
c
c e  0.69 22 167 9 11 3377 3 25691 9333 2.3 38 16 2 13 26% 2067 34023 5842 45%
c ^  0.69 22 167 9 11 3377 3 25691 9333 2.3 38 16 2 13 26% 2067 34023 5842 45%
c -  0.71 22 161 9 12 3378 3 26790 6003 2.3 38 16 2 13 26% 2075 34023 5842 45%
c d  0.72 22 157 9 12 3379 3 27629 6801 2.3 39 16 2 13 27% 2071 34021 5838 45%
c u  0.72 22 157 9 12 3379 3 27629 6347 2.3 39 16 2 13 27% 2085 34021 5838 45%
c v  0.73 22 157 9 12 3379 3 27629 5547 2.3 39 16 2 13 27% 2092 34021 5838 45%
c w  0.73 22 157 9 12 3379 3 27629 5529 2.3 39 16 2 13 27% 2092 34021 5838 45%
c x  0.74 22 157 9 12 3379 3 27629 5529 2.3 39 16 2 13 27% 2099 33842 5838 45%
c =  0.77 22 157 9 12 3379 3 27629 5529 2.3 39 16 2 13 27% 2283 33842 5746 45%
c d  0.77 22 157 9 12 3379 3 27629 5468 2.3 39 16 2 13 27% 2059 33842 5744 45%
c t  0.77 22 157 9 12 3379 3 27629 5468 2.3 39 16 2 13 27% 2046 33842 5744 45%
c f  0.78 22 157 9 12 3379 3 27629 5468 2.3 39 16 2 13 27% 2114 33648 5780 45%
c u  0.78 22 157 9 12 3379 3 27629 5382 2.3 39 16 2 13 27% 2116 33648 5780 45%
c v  0.78 22 157 9 12 3379 3 27629 5210 2.3 39 16 2 13 27% 2116 33648 5780 45%
c w  0.79 22 157 9 12 3379 3 27629 5126 2.3 39 16 2 13 27% 2116 33648 5780 45%
c x  0.80 22 157 9 12 3379 3 27629 5125 2.3 39 16 2 13 27% 2145 33456 5780 45%
c =  0.82 22 157 9 12 3379 3 27629 5125 2.3 39 16 2 13 27% 2191 33456 5757 45%
c d  0.83 22 157 9 12 3379 3 27629 5098 2.3 39 16 2 13 27% 2137 33456 5757 45%
c t  0.83 22 157 9 12 3379 3 27629 5098 2.3 39 16 2 13 27% 2130 33456 5757 45%
c -  0.86 22 146 9 13 3380 3 30255 5897 2.4 38 16 2 13 28% 2142 33456 5757 45%
c
c seconds   switched    rate        size/glue  tier1     binary        remaining
c        MB   reductions  conflicts       size   tier2      irredundant
c          level   restarts    redundant     glue    trail        variables
c
c -  0.92 22 136 9 14 3383 2 33861 7010 2.4 41 17 2 13 28% 2150 33456 5757 45%
c B  0.94 22 134 9 14 3383 2 34899 7990 2.4 42 18 2 13 28% 2152 33456 5757 45%
c ]  0.94 22 133 10 14 3383 2 35546 8581 2.4 41 17 2 13 28% 2156 33456 5757 45%
c {  0.94 22 80 10 14 3383 23 35546 8581 1.8 9 5 1 4 10% 2156 33456 5757 45%
c -  0.98 22 78 10 15 3818 22 37602 8444 1.8 10 5 1 3 10% 2175 33456 5757 45%
c o  1.03 22 77 10 15 4444 22 40314 10990 1.8 10 6 1 3 11% 2193 33456 5757 45%
c -  1.06 22 76 10 16 4725 22 41474 10128 1.8 10 6 1 3 11% 2204 33456 5757 45%
c c  1.09 22 75 10 16 4985 22 42473 11073 1.8 11 6 1 3 11% 2211 33432 5751 45%
c d  1.09 22 75 10 16 4985 22 42473 11024 1.8 11 6 1 3 11% 2195 33432 5748 45%
c u  1.09 22 75 10 16 4985 22 42473 10341 1.8 11 6 1 3 11% 2203 33432 5748 45%
c v  1.10 22 75 10 16 4985 22 42473 9442 1.8 11 6 1 3 11% 2204 33432 5748 45%
c w  1.10 22 75 10 16 4985 22 42473 9418 1.8 11 6 1 3 11% 2204 33432 5748 45%
c x  1.11 22 75 10 16 4985 22 42473 9414 1.8 11 6 1 3 11% 2206 33282 5748 45%
c =  1.14 22 75 10 16 4985 22 42473 9414 1.8 11 6 1 3 11% 2630 33276 5536 43%
c d  1.14 22 75 10 16 4985 22 42473 9397 1.8 11 6 1 3 11% 2194 33276 5534 43%
c t  1.14 22 75 10 16 4985 22 42473 9397 1.8 11 6 1 3 11% 2185 33276 5534 43%
c f  1.15 22 75 10 16 4985 22 42473 9397 1.8 11 6 1 3 11% 2189 33262 5536 43%
c u  1.15 22 75 10 16 4985 22 42473 9310 1.8 11 6 1 3 11% 2192 33262 5536 43%
c v  1.16 22 75 10 16 4985 22 42473 8905 1.8 11 6 1 3 11% 2194 33262 5536 43%
c w  1.16 22 75 10 16 4985 22 42473 8870 1.8 11 6 1 3 11% 2194 33262 5536 43%
c
c seconds   switched     rate        size/glue tier1    binary        remaining
c        MB   reductions   conflicts       size  tier2     irredundant
c         level    restarts     redundant    glue   trail        variables
c
c x  1.17 22 75 10 16 4985 22 42473 8867 1.8 11 6 1 3 11% 2196 32304 5536 43%
c =  1.20 22 75 10 16 4985 22 42473 8867 1.8 11 6 1 3 11% 2470 32294 5399 42%
c d  1.20 22 75 10 16 4985 22 42473 8834 1.8 11 6 1 3 11% 2184 32294 5399 42%
c t  1.21 22 75 10 16 4985 22 42473 8834 1.8 11 6 1 3 11% 2171 32294 5399 42%
c }  1.24 22 75 11 16 5335 21 44173 10427 1.8 11 6 1 3 11% 2175 32294 5399 42%
c [  1.24 22 133 11 16 5335 2 44173 10427 2.4 41 17 2 13 28% 2175 32294 5399 42%
c -  1.26 22 128 11 17 5336 2 45475 9793 2.4 40 17 2 13 27% 2175 32294 5399 42%
c W  1.28 22 127 11 17 5337 2 47121 11326 2.4 40 17 2 13 27% 2178 32294 5399 42%
c -  1.32 22 124 11 18 5339 2 49601 10794 2.4 41 17 2 13 27% 2182 32294 5399 42%
c ]  1.33 22 123 11 18 5339 2 50000 11186 2.4 41 17 2 13 27% 2182 32294 5399 42%
c ?  1.33 22 75 11 18 5339 21 50000 11186 1.8 11 6 1 3 11% 2182 32294 5399 42%
c
c ---- [ result ] ------------------------------------------------------------
c
s UNKNOWN
c
c ---- [ profiling ] ---------------------------------------------------------
c
c           0.78   58.90 %  search
c           0.50   37.80 %  simplify
c           0.48   35.94 %  probe
c           0.39   29.58 %  stable
c           0.39   29.32 %  focused
c           0.20   15.08 %  sweep
c           0.14   10.88 %  vivify
c           0.05    3.89 %  eliminate
c           0.05    3.81 %  congruence
c           0.04    3.24 %  factor
c           0.04    2.89 %  preprocess
c           0.03    2.23 %  substitute
c           0.02    1.23 %  reduce
c           0.01    0.78 %  walking
c           0.01    0.70 %  subsume
c           0.01    0.44 %  transitive
c           0.00    0.31 %  parse
c           0.00    0.26 %  backbone
c           0.00    0.08 %  lucky
c =============================================
c           1.33  100.00 %  total
c
c ---- [ statistics ] --------------------------------------------------------
c
c chronological:                          496                1 %  conflicts
c conflicts:                            50000            37660.05 per second
c congruent:                             1646               13 %  variables
c decisions:                           537278               10.75 per conflict
c eliminated:                            4690               36 %  variables
c factored:                               237                2 %  variables
c propagations:                      12247712          9224988    per second
c reductions:                              18             2778    interval
c reordered:                                3            16667    interval
c rephased:                                 8             6250    interval
c restarts:                              5339                9    interval
c strengthened:                           435                0 %  checks
c substituted:                           2046               16 %  variables
c subsumed:                              1090                0 %  checks
c switched:                                11             4545    interval
c vivified:                             13671               12 %  checks
c walks:                                    3            16667    interval
c
c ---- [ glue usage ] --------------------------------------------------------
c
c focused glue 1 used 41525 clauses 62.49% accumulated 62.49% tier1
c focused glue 2 used 14324 clauses 21.56% accumulated 84.05%
c focused glue 3 used  4376 clauses  6.59% accumulated 90.64% tier2
c
c stable glue 2    used 30443 clauses 19.99% accumulated 62.25% tier1
c stable glue 3    used 12744 clauses  8.37% accumulated 70.62%
c stable glue 4-11 used 27984 clauses 18.37% accumulated 88.99%
c stable glue 12   used  1519 clauses  1.00% accumulated 89.99%
c stable glue 13   used  1265 clauses  0.83% accumulated 90.82% tier2
c
c ---- [ resources ] ---------------------------------------------------------
c
c maximum-resident-set-size:      23639097344 bytes      22544 MB
c process-time:                             1s               1.33 seconds
c
c ---- [ shutting down ] -----------------------------------------------------
c
c exit 0
