c --- [ banner ] -------------------------------------------------------------
c 
c CaDiCaL SAT Solver
c Copyright (c) 2016-2025
c A. Biere, M. Fleury, N. Froleyks, K. Fazekas, F. Pollitt, T. Faller
c JKU Linz, University of Freiburg, TU Wien
c 
c Version 3.0.0
c Apple clang version 17.0.0 (clang-1700.6.3.2) -Wall -Wextra -O3 -DNDEBUG -DNCLOSEFROM
c Tue Dec 23 21:53:38 UTC 2025 Darwin Tahoe-arm64.local 25.2.0 arm64
c 
c --- [ limit ] --------------------------------------------------------------
c 
c setting conflict limit to 50000 conflicts (due to '50000')
c 
c --- [ parsing input ] ------------------------------------------------------
c 
c reading DIMACS file from 'headline_hunt/bets/cascade_aux_encoding/cnfs/aux_force_sr61_n32_bit10_m3304caa0_fill80000000.cnf'
c opening file to read 'headline_hunt/bets/cascade_aux_encoding/cnfs/aux_force_sr61_n32_bit10_m3304caa0_fill80000000.cnf'
c found 'p cnf 12816 53698' header
c parsed 53698 clauses in 0.01 seconds process time
c 
c --- [ options ] ------------------------------------------------------------
c 
c   --seed=5                       (different from default '0')
c 
c --- [ solving ] ------------------------------------------------------------
c 
c time measured in process time since initialization
c 
c  seconds  reduction conflicts       size tier2       variables
c         MB    restarts   redundant    glue  trail         remaining
c          level     rate       size/glu tier1  irredundant
c 
c *  0.01  0  0 0   0  0    0    0 0.0 0 0 2 6  0% 53185 12335 96%
c (  0.01  0  0 0   0  0    0    0 0.0 0 0 2 6  0% 53185 12335 96%
c .  0.01  0  0 0   0  0    0    0 0.0 0 0 2 6  0% 52161 12335 96%
c c  0.03  0  0 0   0  0    0    0 0.0 0 0 2 6  0% 49455 11871 93%
c d  0.03  0  0 0   0  0    0    0 0.0 0 0 2 6  0% 45387 10531 82%
c 2  0.03  0  0 0   0  0    0    0 0.0 0 0 2 6  0% 45247 10531 82%
c f  0.04  0  0 0   0  0    0    0 0.0 0 0 2 6  0% 44979 10799 84%
c e  0.05  0  0 0   0  0    0    0 0.0 0 0 2 6  0% 37158 6826 53%
c s  0.06  0  0 0   0  0    0    0 0.0 0 0 2 6  0% 37155 6826 53%
c s  0.06  0  0 0   0  0    0    0 0.0 0 0 2 6  0% 37141 6826 53%
c s  0.06  0  0 0   0  0    0    0 0.0 0 0 2 6  0% 37141 6826 53%
c P  0.07  0  0 0   0  0    0    0 0.0 0 0 2 6  0% 37141 6826 53%
c )  0.07  0  0 0   0  0    0    0 0.0 0 0 2 6  0% 37141 6826 53%
c {  0.07  0  0 0   0  0    0    0 0.0 0 0 2 6  0% 37141 6826 53%
c -  0.07  0 873 1   6 13  300  238 1.6 4 2 2 6 16% 37141 6826 53%
c -  0.07  0 637 2  68 56  733  586 1.5 4 3 2 6 16% 37141 6826 53%
c }  0.08  0 491 2  95 45 1002  817 1.5 4 3 2 6 15% 37141 6826 53%
c [  0.08  0  0 2  95  0 1002  817 0.0 0 0 2 6  0% 37141 6826 53%
c O  0.08  0 189 2  95 190 1003  818 1.5 3 2 2 6 17% 37141 6826 53%
c -  0.09  0 480 3  95  2 1410  909 1.8 34 19 2 6 25% 37141 6826 53%
c 
c  seconds   reduction conflicts       size   tier2      variables
c         MB     restarts   redundant     glue   trail        remaining
c           level     rate       size/glue  tier1  irredundant
c 
c ]  0.09  0 479 3  95  2 1773 1206 1.7 30 18 2 6 25% 37141 6826 53%
c {  0.09  0 491 3  95 45 1773 1206 1.5 4 3 2 6 15% 37141 6826 53%
c 2  0.10  0 356 3 212 36 2233 1601 1.6 5 3 2 6  9% 37079 6826 53%
c c  0.11  0 356 3 212 36 2233 1594 1.6 5 3 2 6  9% 37055 6818 53%
c d  0.11  0 356 3 212 36 2233 1591 1.6 5 3 2 6  9% 37047 6814 53%
c 2  0.11  0 356 3 212 36 2233 1591 1.6 5 3 2 6  9% 37045 6814 53%
c -  0.12  0 333 4 235 35 2348 1316 1.6 5 3 2 6  9% 37045 6814 53%
c O  0.12  0 252 4 384 29 3004 1882 1.6 7 4 2 6 11% 37045 6814 53%
c }  0.13  0 215 4 494 26 3487 2322 1.7 8 4 2 6 11% 37045 6814 53%
c [  0.13  0 479 4 494  2 3487 2322 1.7 30 18 2 6 47% 37045 6814 53%
c -  0.13  0 445 5 494  2 3560 1988 1.7 30 17 2 6 47% 37045 6814 53%
c s  0.15  0 317 5 495  2 4217 2571 1.9 35 18 2 6 39% 37021 6814 53%
c t  0.15  0 317 5 495  2 4217 2571 1.9 35 18 2 6 39% 37020 6814 53%
c e  0.17  0 317 5 495  2 4217 1950 1.9 35 18 2 6 39% 36908 6320 49%
c s  0.17  0 317 5 495  2 4217 1928 1.9 35 18 2 6 39% 36777 6320 49%
c 2  0.18  0 271 5 495  3 4733 2349 1.9 29 15 2 6 33% 36776 6320 49%
c c  0.19  0 271 5 495  3 4733 2316 1.9 29 15 2 6 33% 36744 6308 49%
c d  0.19  0 271 5 495  3 4733 2306 1.9 29 15 2 6 33% 36736 6304 49%
c 2  0.19  0 271 5 495  3 4733 2305 1.9 29 15 2 6 33% 36736 6304 49%
c =  0.20  0 271 5 495  3 4733 2305 1.9 29 15 2 6 33% 36652 6241 49%
c 
c  seconds   reduction conflicts       size   tier2       variables
c         MB     restarts   redundant     glue    trail        remaining
c           level     rate       size/glue  tier1   irredundant
c 
c -  0.21  0 252 6 496  3 5052 2117 2.0 28 14 3 14 33% 36652 6241 49%
c ]  0.22  0 216 6 496  3 5874 2864 2.3 34 15 3 12 31% 36652 6241 49%
c {  0.22  0 215 6 496 26 5874 2864 1.7 8 4 2 6 11% 36652 6241 49%
c #  0.23  0 210 6 525 27 6005 2983 1.7 8 4 2 6 11% 36652 6241 49%
c -  0.24  0 176 7 644 23 6828 2572 1.7 8 5 2 3 11% 36652 6241 49%
c c  0.25  0 162 7 679 21 7336 2816 1.8 8 5 2 3 10% 36566 6219 49%
c d  0.25  0 162 7 679 21 7336 2742 1.8 8 5 2 3 10% 36534 6203 48%
c =  0.26  0 162 7 679 21 7336 2742 1.8 8 5 2 3 10% 36498 6147 48%
c 2  0.26  0 162 7 679 21 7336 2742 1.8 8 5 2 3 10% 36496 6147 48%
c f  0.27  0 162 7 679 21 7336 2742 1.8 8 5 2 3 10% 36214 6424 50%
c -  0.29  0 134 8 913 19 8893 3142 1.8 9 5 2 3 10% 36214 6424 50%
c B  0.31  0 121 8 1103 18 10007 4129 1.8 9 5 2 3 10% 36214 6424 50%
c d  0.31  0 121 8 1103 17 10033 4108 1.8 9 5 2 3 10% 36214 6416 50%
c c  0.32  0 121 8 1103 17 10033 4108 1.8 9 5 2 3 10% 36196 6416 50%
c =  0.33  0 121 8 1103 17 10033 4102 1.8 9 5 2 3 10% 36187 6350 50%
c }  0.33  0 120 8 1111 17 10077 4142 1.8 9 5 2 3 22% 36187 6350 50%
c [  0.33  0 216 8 1111  3 10077 4142 2.3 34 15 3 12 33% 36187 6350 50%
c -  0.36  0 180 9 1111  2 11251 3871 2.4 36 15 3 12 34% 36187 6350 50%
c d  0.39  0 158 9 1113  2 12819 5336 2.6 38 15 3 12 32% 36187 6349 50%
c c  0.40  0 158 9 1113  2 12819 5336 2.6 38 15 3 12 32% 36184 6349 50%
c 
c  seconds   reductions  conflicts       size   tier2       variables
c         MB     restarts     redundant     glue    trail        remaining
c           level      rate        size/glue  tier1   irredundant
c 
c =  0.41  0 158 9 1113  2 12819 5329 2.6 38 15 3 12 32% 36124 6304 49%
c f  0.42  0 158 9 1113  2 12819 5325 2.6 38 15 3 12 32% 36074 6356 50%
c ]  0.44  0 151 9 1114  2 13854 6291 2.6 37 14 2 3 31% 36074 6356 50%
c {  0.44  0 120 9 1114 17 13854 6291 1.8 9 5 2 3 21% 36074 6356 50%
c -  0.44  0 120 10 1129 18 13902 4475 1.8 9 5 2 3 17% 36074 6356 50%
c e  0.46  0 117 10 1210 17 14382 4180 1.8 9 5 2 3 14% 36044 6036 47%
c s  0.46  0 117 10 1210 17 14382 4138 1.8 9 5 2 3 14% 35705 6036 47%
c W  0.48  0 112 10 1274 16 15010 4674 1.8 9 5 2 3 12% 35699 6036 47%
c 2  0.49  0 108 10 1381 16 15684 5245 1.8 9 5 2 3 12% 35699 6036 47%
c c  0.50  0 108 10 1381 16 15684 5228 1.8 9 5 2 3 12% 35683 6030 47%
c d  0.50  0 108 10 1381 16 15684 5222 1.8 9 5 2 3 12% 35679 6028 47%
c 2  0.50  0 108 10 1381 16 15684 5222 1.8 9 5 2 3 12% 35677 6028 47%
c =  0.51  0 108 10 1381 16 15684 5222 1.8 9 5 2 3 12% 35613 5970 47%
c -  0.53  0 102 11 1616 16 16850 4863 1.8 10 5 2 3 12% 35613 5970 47%
c d  0.56  0 96 11 1886 15 18626 6366 1.8 10 6 2 3 11% 35609 5958 46%
c c  0.57  0 96 11 1886 15 18626 6366 1.8 10 6 2 3 11% 35553 5958 46%
c d  0.57  0 96 11 1886 15 18626 6332 1.8 10 6 2 3 11% 35539 5951 46%
c 2  0.57  0 96 11 1886 15 18626 6332 1.8 10 6 2 3 11% 35535 5951 46%
c =  0.58  0 96 11 1886 15 18626 6332 1.8 10 6 2 3 11% 35531 5866 46%
c u  0.58  0 96 11 1886 15 18626 5576 1.8 10 6 2 3 11% 35525 5866 46%
c 
c  seconds  reductions   conflicts       size  tier2      variables
c         MB     restarts     redundant     glue  trail        remaining
c          level       rate        size/glue tier1  irredundant
c 
c v  0.59  0 96 11 1886 15 18626 5449 1.8 10 6 2 3 11% 35525 5866 46%
c w  0.59  0 96 11 1886 15 18626 5443 1.8 10 6 2 3 11% 35525 5866 46%
c x  0.59  0 96 11 1886 15 18626 5443 1.8 10 6 2 3 11% 35482 5866 46%
c t  0.59  0 96 11 1886 15 18626 5442 1.8 10 6 2 3 11% 35482 5866 46%
c 2  0.59  0 96 11 1886 15 18626 5442 1.8 10 6 2 3 11% 35480 5866 46%
c f  0.59  0 96 11 1886 15 18626 5437 1.8 10 6 2 3 11% 35425 5924 46%
c -  0.62  0 92 12 2104 15 20095 5183 1.8 10 6 2 3 12% 35425 5924 46%
c }  0.62  0 92 12 2110 15 20220 5296 1.8 10 6 2 3 12% 35425 5924 46%
c [  0.62  0 151 12 2110  2 20220 5296 2.6 37 14 2 3 30% 35425 5924 46%
c I  0.64  0 144 12 2110  2 21012 6021 2.6 39 15 2 3 30% 35425 5924 46%
c d  0.65  0 138 12 2110  2 21636 6528 2.5 37 15 2 3 29% 35425 5916 46%
c c  0.66  0 138 12 2110  2 21636 6528 2.5 37 15 2 3 29% 35351 5916 46%
c d  0.66  0 138 12 2110  2 21636 6507 2.5 37 15 2 3 29% 35339 5910 46%
c =  0.66  0 138 12 2110  2 21636 6507 2.5 37 15 2 3 29% 35330 5853 46%
c -  0.72  0 129 13 2111  2 23641 5898 2.6 41 16 2 3 28% 35330 5853 46%
c =  0.76  0 126 13 2111  2 24712 6903 2.6 43 17 2 3 28% 35328 5851 46%
c f  0.76  0 126 13 2111  2 24712 6897 2.6 43 17 2 3 28% 35317 5864 46%
c ]  0.82  0 122 13 2112  2 27115 9161 2.6 44 17 2 3 27% 35317 5864 46%
c {  0.82  0 92 13 2112 15 27115 9161 1.8 10 6 2 3 12% 35317 5864 46%
c -  0.83  0 91 14 2181 15 27484 6606 1.8 10 6 2 3 12% 35317 5864 46%
c 
c  seconds  reductions   conflicts       size  tier2      variables
c         MB     restarts     redundant     glue  trail        remaining
c          level       rate        size/glue tier1  irredundant
c 
c d  0.83  0 90 14 2237 14 27850 6905 1.8 10 6 2 3 12% 35313 5857 46%
c =  0.84  0 90 14 2237 14 27850 6849 1.8 10 6 2 3 12% 35313 5852 46%
c F  0.85  0 89 14 2277 14 28013 6999 1.8 10 6 2 3 12% 35313 5852 46%
c t  0.88  0 85 14 2608 14 29768 8603 1.8 10 6 2 3 11% 35313 5852 46%
c e  0.89  0 85 14 2608 14 29768 8425 1.8 10 6 2 3 11% 31031 5443 42%
c s  0.89  0 85 14 2608 14 29768 8413 1.8 10 6 2 3 11% 31000 5443 42%
c e  0.89  0 85 14 2608 14 29768 8405 1.8 10 6 2 3 11% 30942 5436 42%
c -  0.93  0 81 15 2988 14 31631 7662 1.8 11 6 2 3 13% 30942 5436 42%
c 2  0.93  0 81 15 2988 14 31631 7658 1.8 11 6 2 3 13% 30942 5436 42%
c d  0.93  0 81 15 2988 14 31631 7643 1.8 11 6 2 3 13% 30942 5434 42%
c p  0.94  0 81 15 2988 14 31631 7659 1.8 11 6 2 3 13% 30942 5434 42%
c u  0.96  0 81 15 2988 14 31631 6661 1.8 11 6 2 3 13% 30654 5434 42%
c v  0.96  0 81 15 2988 14 31631 6423 1.8 11 6 2 3 13% 30654 5434 42%
c w  0.96  0 81 15 2988 14 31631 6423 1.8 11 6 2 3 13% 30654 5434 42%
c t  0.96  0 81 15 2988 14 31631 6422 1.8 11 6 2 3 13% 30654 5434 42%
c f  0.97  0 81 15 2988 14 31631 6410 1.8 11 6 2 3 13% 30646 5451 43%
c }  1.03  0 78 15 3559 13 35208 9697 1.8 11 6 2 3 14% 30646 5451 43%
c [  1.03  0 122 15 3559  2 35208 9697 2.6 44 17 2 3 32% 30646 5451 43%
c B  1.05  0 121 15 3560  2 36015 10469 2.7 44 17 2 3 31% 30646 5451 43%
c -  1.06  0 120 16 3560  2 36077 7818 2.6 44 17 2 3 31% 30646 5451 43%
c 
c  seconds   reductions   conflicts       size   tier2      variables
c         MB      restarts     redundant     glue   trail        remaining
c           level       rate        size/glue  tier1  irredundant
c 
c d  1.06  0 120 16 3560  2 36077 7791 2.6 44 17 2 3 31% 30646 5446 42%
c p  1.06  0 120 16 3560  2 36077 7852 2.6 44 17 2 3 31% 30646 5446 42%
c 2  1.06  0 120 16 3560  2 36077 7851 2.6 44 17 2 3 31% 30644 5446 42%
c f  1.06  0 120 16 3560  2 36077 7841 2.6 44 17 2 3 31% 30583 5507 43%
c -  1.19  0 113 17 3564  2 40825 8619 2.6 47 18 2 3 31% 30583 5507 43%
c p  1.19  0 113 17 3564  2 40825 8635 2.6 47 18 2 3 31% 30583 5507 43%
c f  1.20  0 113 17 3564  2 40825 8627 2.6 47 18 2 3 31% 30580 5518 43%
c ]  1.28  0 112 17 3565  2 44697 12365 2.6 46 18 2 3 31% 30580 5518 43%
c {  1.28  0 78 17 3565 13 44697 12365 1.8 11 6 2 3 14% 30580 5518 43%
c B  1.29  0 77 17 3633 13 45017 12660 1.8 11 6 2 3 14% 30580 5518 43%
c -  1.31  0 77 18 3787 13 45877 9326 1.8 11 6 2 3 14% 30580 5518 43%
c p  1.31  0 77 18 3787 13 45877 9503 1.8 11 6 2 3 14% 30580 5518 43%
c u  1.33  0 77 18 3787 13 45877 9025 1.8 11 6 2 3 14% 30580 5518 43%
c v  1.33  0 77 18 3787 13 45877 8919 1.8 11 6 2 3 14% 30580 5518 43%
c x  1.33  0 77 18 3787 13 45877 8917 1.8 11 6 2 3 14% 30565 5518 43%
c f  1.34  0 77 18 3787 13 45877 8911 1.8 11 6 2 3 14% 30568 5521 43%
c e  1.44  0 73 18 4635 14 49843 12217 1.8 12 7 2 3 14% 30555 5502 43%
c s  1.44  0 73 18 4635 14 49843 12203 1.8 12 7 2 3 14% 30547 5502 43%
c e  1.44  0 73 18 4635 14 49843 12129 1.8 12 7 2 3 14% 30545 5501 43%
c }  1.44  0 73 18 4672 14 50000 12274 1.8 12 7 2 3 14% 30545 5501 43%
c 
c  seconds  reductions   conflicts        size  tier2      variables
c         MB     restarts      redundant     glue  trail        remaining
c          level       rate         size/glue tier1  irredundant
c 
c ?  1.44  0 73 18 4672 14 50000 12274 1.8 12 7 2 3 14% 30545 5501 43%
c 
c --- [ result ] -------------------------------------------------------------
c 
c UNKNOWN
c 
c --- [ run-time profiling ] -------------------------------------------------
c 
c process time taken by individual solving procedures
c (percentage relative to process time for solving)
c 
c         1.01   70.55% search
c         0.51   35.85% stable
c         0.49   34.09% unstable
c         0.42   29.28% simplify
c         0.12    8.12% congruence
c         0.08    5.50% sweep
c         0.06    4.38% factor
c         0.06    3.88% preprocess
c         0.04    3.12% elim
c         0.03    1.90% vivify
c         0.02    1.17% subsume
c         0.02    1.16% fastelim
c         0.01    0.55% parse
c         0.01    0.50% walk
c         0.00    0.33% backbone
c         0.00    0.18% ternary
c         0.00    0.16% probe
c         0.00    0.11% lucky
c   =================================
c         1.44   99.45% solve
c 
c last line shows process time for solving
c (percentage relative to total process time)
c 
c --- [ statistics ] ---------------------------------------------------------
c 
c chronological:             18259        36.52 %  of conflicts
c conflicts:                 50000     34826.17    per second
c backbone:                 324718      2391.85 %  of vars
c decisions:                392687    273515.67    per second
c eliminated:                 5223        38.47 %  of all variables
c factored:                    760        13.75 %  of variables
c fixed:                       945         6.96 %  of all variables
c learned:                   46871        93.74 %  per conflict
c learned_lits:            1518688       100.00 %  learned literals
c minimized:                     0         0.00 %  learned literals
c shrunken:                  57688         3.80 %  learned literals
c minishrunken:             134529         8.86 %  learned literals
c otfs:                       1959         3.92 %  of conflict
c propagations:            9099555         6.34 M  per second
c reduced:                   28084        56.17 %  per conflict
c rephased:                      9      5555.56    interval
c restarts:                   4672        10.70    interval
c stabilizing:                   5        45.85 %  of conflicts
c substituted:                1907        14.05 %  of all variables
c sweep equivs:                432        52.75 %  of swept variables
c subsumed:                   8061         5.71 %  of all clauses
c strengthened:               4242         3.01 %  of all clauses
c ticks:                  77776819         8.75    propagation
c vivified:                   2244         1.59 %  of all clauses
c walked:                        1     50000.00    interval
c weakened:                  35578         2.91    average size
c congruence:                   12      4166.67    interval
c 
c seconds are measured in process time for solving
c 
c --- [ glue usage ] ---------------------------------------------------------
c 
c focused glue 1 used 64082 clauses 65.87% accumulated 65.87% tier1
c focused glue 2 used 18530 clauses 19.04% accumulated 84.92% tier2
c 
c stable glue 2 used 34275 clauses 19.18% accumulated 71.02% tier1
c stable glue 3 used 11025 clauses 6.170% accumulated 77.19% tier2
c 
c 
c --- [ resources ] ----------------------------------------------------------
c 
c total process time since initialization:         1.44    seconds
c total real time since initialization:            1.46    seconds
c maximum resident set size of process:        39472.00    MB
c 
c --- [ shutting down ] ------------------------------------------------------
c 
c exit 0
