c --- [ banner ] -------------------------------------------------------------
c 
c CaDiCaL SAT Solver
c Copyright (c) 2016-2025
c A. Biere, M. Fleury, N. Froleyks, K. Fazekas, F. Pollitt, T. Faller
c JKU Linz, University of Freiburg, TU Wien
c 
c Version 3.0.0
c Apple clang version 17.0.0 (clang-1700.6.3.2) -Wall -Wextra -O3 -DNDEBUG -DNCLOSEFROM
c Tue Dec 23 21:53:38 UTC 2025 Darwin Tahoe-arm64.local 25.2.0 arm64
c 
c --- [ limit ] --------------------------------------------------------------
c 
c setting conflict limit to 50000 conflicts (due to '50000')
c 
c --- [ parsing input ] ------------------------------------------------------
c 
c reading DIMACS file from 'cnfs_n32/sr61_n32_bit19_m51ca0b34_fill55555555_enf0.cnf'
c opening file to read 'cnfs_n32/sr61_n32_bit19_m51ca0b34_fill55555555_enf0.cnf'
c found 'p cnf 11237 46978' header
c parsed 46978 clauses in 0.01 seconds process time
c 
c --- [ options ] ------------------------------------------------------------
c 
c   --seed=5                       (different from default '0')
c 
c --- [ solving ] ------------------------------------------------------------
c 
c time measured in process time since initialization
c 
c  seconds  reduction conflicts       size tier2       variables
c         MB    restarts   redundant    glue  trail         remaining
c          level     rate       size/glu tier1  irredundant
c 
c *  0.01  0  0 0   0  0    0    0 0.0 0 0 2 6  0% 46913 11236 100%
c (  0.01  0  0 0   0  0    0    0 0.0 0 0 2 6  0% 46913 11236 100%
c .  0.01  0  0 0   0  0    0    0 0.0 0 0 2 6  0% 46913 11236 100%
c c  0.02  0  0 0   0  0    0    0 0.0 0 0 2 6  0% 46093 11236 100%
c d  0.02  0  0 0   0  0    0    0 0.0 0 0 2 6  0% 44597 10488 93%
c 2  0.02  0  0 0   0  0    0    0 0.0 0 0 2 6  0% 44533 10488 93%
c f  0.04  0  0 0   0  0    0    0 0.0 0 0 2 6  0% 44467 10554 94%
c e  0.05  0  0 0   0  0    0    0 0.0 0 0 2 6  0% 41025 7200 64%
c P  0.05  0  0 0   0  0    0    0 0.0 0 0 2 6  0% 41025 7200 64%
c )  0.05  0  0 0   0  0    0    0 0.0 0 0 2 6  0% 41025 7200 64%
c {  0.05  0  0 0   0  0    0    0 0.0 0 0 2 6  0% 41025 7200 64%
c -  0.06  0 458 1  39 60  300  228 1.4 6 4 2 6 11% 41025 7200 64%
c -  0.06  0 229 2  83 32  733  475 1.5 6 4 2 6  7% 41025 7200 64%
c }  0.06  0 187 2 104 26 1001  678 1.5 6 4 2 6  6% 41025 7200 64%
c [  0.06  0  0 2 104  0 1001  678 0.0 0 0 2 6  0% 41025 7200 64%
c O  0.06  0 1092 2 104 1093 1002  679 2.4 155 64 2 6 40% 41025 7200 64%
c ]  0.07  0 1083 2 104 20 1061  734 2.1 204 98 2 6 40% 41025 7200 64%
c {  0.07  0 187 2 104 26 1061  734 1.5 6 4 2 6  6% 41025 7200 64%
c -  0.09  0 170 3 183 27 1410  829 2.2 19 9 2 6  8% 41025 7200 64%
c }  0.11  0 169 3 193 27 1446  863 2.5 28 11 2 6  9% 41025 7200 64%
c 
c  seconds    reduction conflicts        size   tier2      variables
c         MB      restarts   redundant      glue   trail        remaining
c           level      rate       size/glue   tier1  irredundant
c 
c [  0.11  0 1083 3 193 20 1446  863 2.1 204 98 2 6 40% 41025 7200 64%
c ]  0.15  0 465 3 193  8 1549  966 3.0 273 91 2 6 47% 41025 7200 64%
c {  0.15  0 169 3 193 27 1549  966 2.5 28 11 2 6  9% 41025 7200 64%
c 2  0.20  0 155 3 286 23 2182 1555 2.6 44 17 2 6 28% 40966 7200 64%
c d  0.20  0 155 3 286 23 2182 1530 2.6 44 17 2 6 28% 40874 7131 63%
c p  0.20  0 155 3 286 23 2182 1543 2.6 44 17 2 6 28% 40874 7131 63%
c c  0.21  0 155 3 286 23 2182 1543 2.6 44 17 2 6 28% 40845 7131 63%
c d  0.21  0 155 3 286 23 2182 1539 2.6 44 17 2 6 28% 40815 7116 63%
c 2  0.21  0 155 3 286 23 2182 1539 2.6 44 17 2 6 28% 40803 7116 63%
c =  0.23  0 155 3 286 23 2182 1533 2.6 44 17 2 6 28% 40766 7022 62%
c t  0.23  0 155 3 286 23 2182 1533 2.6 44 17 2 6 28% 40764 7022 62%
c f  0.24  0 155 3 286 23 2182 1533 2.6 44 17 2 6 28% 40762 7024 63%
c -  0.25  0 150 4 302 23 2348 1161 2.6 44 17 2 6 21% 40762 7024 63%
c }  0.26  0 149 4 341 22 2596 1380 2.5 46 18 2 6 24% 40762 7024 63%
c [  0.26  0 465 4 341  8 2596 1380 3.0 273 91 2 6 74% 40762 7024 63%
c I  0.27  0 256 4 341  3 3005 1768 2.7 114 43 2 6 36% 40762 7024 63%
c ]  0.35  0 210 4 341  3 3323 2073 3.1 150 49 2 6 43% 40762 7024 63%
c {  0.35  0 149 4 341 22 3323 2073 2.5 46 18 2 6 24% 40762 7024 63%
c -  0.36  0 145 5 356 21 3560 1512 2.6 47 18 2 6 24% 40762 7024 63%
c s  0.40  0 139 5 422 20 4125 2033 2.6 47 19 2 6 23% 40256 7024 63%
c 
c  seconds   reduction conflicts       size   tier2      variables
c         MB     restarts   redundant     glue   trail        remaining
c           level     rate       size/glue  tier1  irredundant
c 
c t  0.40  0 139 5 422 20 4125 2033 2.6 47 19 2 6 23% 40251 7024 63%
c e  0.42  0 139 5 422 20 4125 1507 2.6 47 19 2 6 23% 40150 6445 57%
c s  0.42  0 139 5 422 20 4125 1501 2.6 47 19 2 6 23% 40105 6445 57%
c e  0.42  0 139 5 422 20 4125 1501 2.6 47 19 2 6 23% 40104 6442 57%
c p  0.47  0 136 5 492 19 4682 2630 2.7 54 20 2 6 24% 40104 6442 57%
c u  0.49  0 136 5 492 19 4682 2253 2.7 54 20 2 6 24% 40104 6442 57%
c v  0.50  0 136 5 492 19 4682 2029 2.7 54 20 2 6 24% 40104 6442 57%
c w  0.50  0 136 5 492 19 4682 2028 2.7 54 20 2 6 24% 40104 6442 57%
c t  0.50  0 136 5 492 19 4682 2027 2.7 54 20 2 6 24% 40104 6442 57%
c f  0.51  0 136 5 492 19 4682 1999 2.7 54 20 2 6 23% 39682 6885 61%
c }  0.55  0 135 5 537 19 5002 2306 2.7 59 22 1 2 24% 39682 6885 61%
c [  0.55  0 210 5 537  3 5002 2306 3.1 150 49 2 6 41% 39682 6885 61%
c -  0.56  0 207 6 537  3 5052 1014 3.1 158 52 1 2 42% 39682 6885 61%
c ]  0.71  0 175 6 538  2 5876 1781 2.7 158 59 1 2 42% 39682 6885 61%
c {  0.71  0 135 6 538 19 5876 1781 2.7 59 22 1 2 24% 39682 6885 61%
c O  0.72  0 134 6 567 19 6006 1897 2.7 60 22 1 2 24% 39682 6885 61%
c -  0.76  0 132 7 643 18 6828 1434 2.7 59 22 1 2 23% 39682 6885 61%
c p  0.78  0 131 7 676 17 7285 1858 2.6 59 23 1 2 22% 39682 6885 61%
c f  0.79  0 131 7 676 17 7285 1856 2.6 59 23 1 2 22% 39632 6934 62%
c -  0.91  0 130 8 882 17 8894 1927 2.6 63 24 1 2 23% 39632 6934 62%
c 
c  seconds   reduction conflicts       size   tier2      variables
c         MB     restarts   redundant     glue   trail        remaining
c           level     rate       size/glue  tier1  irredundant
c 
c }  0.92  0 129 8 894 17 9001 2026 2.6 63 24 1 2 23% 39632 6934 62%
c [  0.92  0 175 8 894  2 9001 2026 2.7 158 59 1 2 42% 39632 6934 62%
c p  1.11  0 157 8 895  2 9982 4099 2.8 160 58 1 2 41% 39632 6934 62%
c =  1.14  0 157 8 895  2 9982 4094 2.8 160 58 1 2 41% 39629 6912 62%
c u  1.15  0 157 8 895  2 9982 3685 2.8 160 58 1 2 41% 39628 6912 62%
c v  1.15  0 157 8 895  2 9982 3532 2.8 160 58 1 2 41% 39628 6912 62%
c w  1.16  0 157 8 895  2 9982 3525 2.8 160 58 1 2 41% 39628 6912 62%
c 2  1.16  0 157 8 895  2 9982 3516 2.8 160 58 1 2 41% 39612 6912 62%
c f  1.18  0 157 8 895  2 9982 3487 2.8 160 58 1 2 41% 39611 6941 62%
c B  1.19  0 157 8 895  2 10009 3514 2.8 160 58 1 2 52% 39611 6941 62%
c ]  1.24  0 154 8 895  2 10410 3869 2.7 159 59 1 2 42% 39611 6941 62%
c {  1.24  0 129 8 895 17 10410 3869 2.6 63 24 1 2 25% 39611 6941 62%
c -  1.28  0 129 9 957 16 11253 2035 2.6 63 24 1 2 25% 39611 6941 62%
c d  1.35  0 129 9 1047 15 12766 3453 2.5 62 24 1 2 24% 39610 6940 62%
c p  1.35  0 129 9 1047 15 12766 3506 2.5 62 24 1 2 24% 39610 6940 62%
c 2  1.35  0 129 9 1047 15 12766 3505 2.5 62 24 1 2 24% 39610 6940 62%
c =  1.36  0 129 9 1047 15 12766 3505 2.5 62 24 1 2 24% 39606 6936 62%
c f  1.37  0 129 9 1047 15 12766 3505 2.5 62 24 1 2 24% 39571 6967 62%
c -  1.44  0 129 10 1184 15 13906 2561 2.5 64 25 1 2 25% 39571 6967 62%
c s  1.51  0 128 10 1307 15 14679 3248 2.5 67 26 1 2 25% 39507 6967 62%
c 
c  seconds   reductions   conflicts       size   tier2      variables
c         MB      restarts     redundant     glue   trail        remaining
c           level       rate        size/glue  tier1  irredundant
c 
c e  1.53  0 128 10 1307 15 14679 2253 2.5 67 26 1 2 25% 39491 6520 58%
c s  1.53  0 128 10 1307 15 14679 2229 2.5 67 26 1 2 25% 39080 6520 58%
c #  1.55  0 128 10 1339 15 15010 2544 2.5 67 26 1 2 25% 39064 6520 58%
c }  1.56  0 127 10 1345 15 15178 2701 2.5 67 26 1 2 25% 39064 6520 58%
c [  1.56  0 154 10 1345  2 15178 2701 2.7 159 59 1 2 42% 39064 6520 58%
c 2  1.64  0 152 10 1345  2 15631 3036 2.8 165 59 1 2 47% 39064 6520 58%
c p  1.64  0 152 10 1345  2 15631 3266 2.8 165 59 1 2 47% 39064 6520 58%
c u  1.67  0 152 10 1345  2 15631 2960 2.8 165 59 1 2 47% 39064 6520 58%
c v  1.67  0 152 10 1345  2 15631 2779 2.8 165 59 1 2 47% 39064 6520 58%
c w  1.67  0 152 10 1345  2 15631 2779 2.8 165 59 1 2 47% 39064 6520 58%
c x  1.68  0 152 10 1345  2 15631 2779 2.8 165 59 1 2 47% 39054 6520 58%
c f  1.69  0 152 10 1345  2 15631 2646 2.8 165 59 1 2 46% 39120 6587 59%
c -  1.93  0 151 11 1346  2 16855 1967 2.5 171 68 1 2 50% 39120 6587 59%
c ]  1.96  0 150 11 1346  2 16997 2104 2.5 172 68 1 2 50% 39120 6587 59%
c {  1.96  0 127 11 1346 15 16997 2104 2.5 67 26 1 2 25% 39120 6587 59%
c p  2.06  0 126 11 1528 15 18572 4229 2.5 68 27 1 2 25% 39120 6587 59%
c u  2.07  0 126 11 1528 15 18572 4049 2.5 68 27 1 2 25% 39122 6587 59%
c v  2.07  0 126 11 1528 15 18572 3792 2.5 68 27 1 2 25% 39122 6587 59%
c w  2.08  0 126 11 1528 15 18572 3791 2.5 68 27 1 2 25% 39122 6587 59%
c t  2.08  0 126 11 1528 15 18572 3791 2.5 68 27 1 2 25% 39120 6587 59%
c 
c  seconds   reductions   conflicts       size   tier2      variables
c         MB      restarts     redundant     glue   trail        remaining
c           level       rate        size/glue  tier1  irredundant
c 
c f  2.09  0 126 11 1528 15 18572 3516 2.5 68 27 1 2 24% 39258 6723 60%
c -  2.19  0 126 12 1650 15 20100 2535 2.5 68 27 1 2 24% 39258 6723 60%
c B  2.23  0 127 12 1696 14 21011 3397 2.5 67 27 1 2 24% 39258 6723 60%
c p  2.25  0 127 12 1720 14 21582 4034 2.5 67 27 1 2 24% 39258 6723 60%
c f  2.26  0 127 12 1720 14 21582 4001 2.5 67 27 1 2 24% 39279 6734 60%
c -  2.38  0 127 13 1868 13 23645 3211 2.5 68 27 1 2 23% 39279 6734 60%
c }  2.40  0 126 13 1898 13 23960 3500 2.5 68 27 1 2 23% 39279 6734 60%
c [  2.40  0 150 13 1898  2 23960 3500 2.5 172 68 1 2 49% 39279 6734 60%
c u  2.47  0 150 13 1899  2 24658 3769 2.5 166 66 1 2 45% 39279 6734 60%
c v  2.47  0 150 13 1899  2 24658 3484 2.5 166 66 1 2 45% 39279 6734 60%
c w  2.47  0 150 13 1899  2 24658 3475 2.5 166 66 1 2 45% 39279 6734 60%
c -  2.78  0 147 14 1901  2 27490 3202 2.4 153 62 1 2 38% 39279 6734 60%
c p  2.87  0 147 14 1901  2 27799 3845 2.4 156 64 1 2 39% 39279 6734 60%
c u  2.88  0 147 14 1901  2 27799 3695 2.4 156 64 1 2 39% 39279 6734 60%
c v  2.88  0 147 14 1901  2 27799 3534 2.4 156 64 1 2 39% 39279 6734 60%
c w  2.88  0 147 14 1901  2 27799 3529 2.4 156 64 1 2 39% 39279 6734 60%
c f  2.89  0 147 14 1901  2 27799 3502 2.4 156 64 1 2 39% 39297 6743 60%
c W  2.96  0 147 14 1901  2 28012 3662 2.4 156 64 1 2 39% 39297 6743 60%
c ]  2.99  0 147 14 1901  2 28144 3781 2.4 156 65 1 2 39% 39297 6743 60%
c {  2.99  0 126 14 1901 13 28144 3781 2.5 68 27 1 2 23% 39297 6743 60%
c 
c  seconds   reductions   conflicts       size   tier2      variables
c         MB      restarts     redundant     glue   trail        remaining
c           level       rate        size/glue  tier1  irredundant
c 
c s  3.13  0 127 14 2113 13 30177 5629 2.5 70 28 1 2 24% 39297 6743 60%
c t  3.14  0 127 14 2113 13 30177 5629 2.5 70 28 1 2 24% 39295 6743 60%
c e  3.14  0 127 14 2113 13 30177 5624 2.5 70 28 1 2 24% 39288 6734 60%
c s  3.14  0 127 14 2113 13 30177 5623 2.5 70 28 1 2 24% 39287 6734 60%
c -  3.30  0 127 15 2271 13 31635 3641 2.5 73 29 1 2 24% 39287 6734 60%
c p  3.30  0 127 15 2271 13 31635 3901 2.5 73 29 1 2 24% 39287 6734 60%
c u  3.34  0 127 15 2271 13 31635 3650 2.5 73 29 1 2 24% 39287 6734 60%
c v  3.34  0 127 15 2271 13 31635 3460 2.5 73 29 1 2 24% 39287 6734 60%
c f  3.35  0 127 15 2271 13 31635 3456 2.5 73 29 1 2 24% 39290 6735 60%
c }  3.55  0 127 15 2512 12 35102 6694 2.5 73 29 1 2 24% 39290 6735 60%
c [  3.55  0 147 15 2512  2 35102 6694 2.4 156 65 1 2 39% 39290 6735 60%
c O  3.77  0 148 15 2512  2 36014 7584 2.5 165 65 1 2 42% 39290 6735 60%
c -  3.78  0 148 16 2512  2 36083 4106 2.5 164 65 1 2 41% 39290 6735 60%
c p  3.78  0 148 16 2512  2 36083 4276 2.5 164 65 1 2 41% 39290 6735 60%
c u  3.78  0 148 16 2512  2 36083 3986 2.5 164 65 1 2 41% 39290 6735 60%
c v  3.79  0 148 16 2512  2 36083 3785 2.5 164 65 1 2 41% 39290 6735 60%
c w  3.79  0 148 16 2512  2 36083 3785 2.5 164 65 1 2 41% 39290 6735 60%
c t  3.79  0 148 16 2512  2 36083 3785 2.5 164 65 1 2 41% 39289 6735 60%
c ]  4.17  0 145 16 2512  1 37413 5063 2.6 174 66 1 2 44% 39289 6735 60%
c {  4.17  0 127 16 2512 12 37413 5063 2.5 73 29 1 2 24% 39289 6735 60%
c 
c  seconds   reductions   conflicts       size   tier2      variables
c         MB      restarts     redundant     glue   trail        remaining
c           level       rate        size/glue  tier1  irredundant
c 
c -  4.37  0 127 17 2772 12 40832 4442 2.5 73 30 1 2 24% 39289 6735 60%
c p  4.37  0 127 17 2772 12 40832 4700 2.5 73 30 1 2 24% 39289 6735 60%
c u  4.38  0 127 17 2772 12 40832 4409 2.5 73 30 1 2 24% 39289 6735 60%
c v  4.38  0 127 17 2772 12 40832 4177 2.5 73 30 1 2 24% 39289 6735 60%
c w  4.38  0 127 17 2772 12 40832 4177 2.5 73 30 1 2 24% 39289 6735 60%
c }  4.79  0 127 17 3148 11 43165 6424 2.6 84 33 1 2 27% 39289 6735 60%
c [  4.79  0 145 17 3148  1 43165 6424 2.6 174 66 1 2 44% 39289 6735 60%
c B  5.10  0 143 17 3149  1 45015 8198 2.6 174 66 1 2 44% 39289 6735 60%
c -  5.21  0 144 18 3150  1 45884 4643 2.6 172 66 1 2 44% 39289 6735 60%
c p  5.22  0 144 18 3150  1 45884 4890 2.6 172 66 1 2 44% 39289 6735 60%
c u  5.22  0 144 18 3150  1 45884 4695 2.6 172 66 1 2 44% 39289 6735 60%
c v  5.23  0 144 18 3150  1 45884 4440 2.6 172 66 1 2 44% 39289 6735 60%
c w  5.23  0 144 18 3150  1 45884 4436 2.6 172 66 1 2 44% 39289 6735 60%
c ]  5.59  0 144 18 3151  1 47757 6228 2.6 177 67 1 2 45% 39289 6735 60%
c {  5.59  0 127 18 3151 11 47757 6228 2.6 84 33 1 2 27% 39289 6735 60%
c }  5.64  0 127 18 3180 11 50000 8394 2.5 81 32 1 2 26% 39289 6735 60%
c ?  5.64  0 127 18 3180 11 50000 8394 2.5 81 32 1 2 26% 39289 6735 60%
c 
c --- [ result ] -------------------------------------------------------------
c 
c UNKNOWN
c 
c --- [ run-time profiling ] -------------------------------------------------
c 
c process time taken by individual solving procedures
c (percentage relative to process time for solving)
c 
c         5.09   90.29% search
c         2.80   49.62% stable
c         2.24   39.71% unstable
c         0.54    9.67% simplify
c         0.12    2.17% sweep
c         0.12    2.04% factor
c         0.11    2.04% vivify
c         0.06    1.13% congruence
c         0.05    0.92% walk
c         0.04    0.79% preprocess
c         0.04    0.76% elim
c         0.02    0.34% subsume
c         0.01    0.20% fastelim
c         0.01    0.19% ternary
c         0.01    0.18% probe
c         0.01    0.13% parse
c         0.01    0.10% backbone
c         0.00    0.04% lucky
c   =================================
c         5.63   99.87% solve
c 
c last line shows process time for solving
c (percentage relative to total process time)
c 
c --- [ statistics ] ---------------------------------------------------------
c 
c chronological:             13333        26.67 %  of conflicts
c conflicts:                 50000      8875.62    per second
c backbone:                 345604      2860.72 %  of vars
c decisions:                397087     70487.87    per second
c eliminated:                 4392        36.35 %  of all variables
c factored:                    844        11.73 %  of variables
c fixed:                         1         0.01 %  of all variables
c learned:                   47890        95.78 %  per conflict
c learned_lits:            7652824       100.00 %  learned literals
c minimized:                     0         0.00 %  learned literals
c shrunken:                 407776         5.33 %  learned literals
c minishrunken:            1899037        24.81 %  learned literals
c otfs:                        861         1.72 %  of conflict
c propagations:           48616003         8.63 M  per second
c reduced:                   32402        64.80 %  per conflict
c rephased:                      9      5555.56    interval
c restarts:                   3180        15.72    interval
c stabilizing:                   9        31.96 %  of conflicts
c substituted:                 953         7.89 %  of all variables
c sweep equivs:                120         5.10 %  of swept variables
c subsumed:                   4826         3.47 %  of all clauses
c strengthened:               3379         2.43 %  of all clauses
c ticks:                 310436018         6.52    propagation
c vivified:                   1572         1.13 %  of all clauses
c walked:                        1     50000.00    interval
c weakened:                  28951         2.88    average size
c congruence:                    6      8333.33    interval
c 
c seconds are measured in process time for solving
c 
c --- [ glue usage ] ---------------------------------------------------------
c 
c focused glue 1 used 120987 clauses 62.28% accumulated 62.28% tier1
c focused glue 2 used 28384 clauses 14.61% accumulated 76.90% tier2
c 
c stable glue 1 used 133026 clauses 66.82% accumulated 66.82% tier1
c stable glue 2 used 22094 clauses 11.09% accumulated 77.91% tier2
c 
c 
c --- [ resources ] ----------------------------------------------------------
c 
c total process time since initialization:         5.64    seconds
c total real time since initialization:            5.67    seconds
c maximum resident set size of process:        45328.00    MB
c 
c --- [ shutting down ] ------------------------------------------------------
c 
c exit 0
