c --- [ banner ] -------------------------------------------------------------
c 
c CaDiCaL SAT Solver
c Copyright (c) 2016-2025
c A. Biere, M. Fleury, N. Froleyks, K. Fazekas, F. Pollitt, T. Faller
c JKU Linz, University of Freiburg, TU Wien
c 
c Version 3.0.0
c Apple clang version 17.0.0 (clang-1700.6.3.2) -Wall -Wextra -O3 -DNDEBUG -DNCLOSEFROM
c Tue Dec 23 21:53:38 UTC 2025 Darwin Tahoe-arm64.local 25.2.0 arm64
c 
c --- [ limit ] --------------------------------------------------------------
c 
c setting conflict limit to 50000 conflicts (due to '50000')
c 
c --- [ parsing input ] ------------------------------------------------------
c 
c reading DIMACS file from 'cnfs_n32/sr61_n32_bit13_m4d9f691c_fill55555555_enf0.cnf'
c opening file to read 'cnfs_n32/sr61_n32_bit13_m4d9f691c_fill55555555_enf0.cnf'
c found 'p cnf 11269 47090' header
c parsed 47090 clauses in 0.01 seconds process time
c 
c --- [ options ] ------------------------------------------------------------
c 
c   --seed=5                       (different from default '0')
c 
c --- [ solving ] ------------------------------------------------------------
c 
c time measured in process time since initialization
c 
c  seconds  reduction conflicts       size tier2       variables
c         MB    restarts   redundant    glue  trail         remaining
c          level     rate       size/glu tier1  irredundant
c 
c *  0.01  0  0 0   0  0    0    0 0.0 0 0 2 6  0% 47025 11268 100%
c (  0.01  0  0 0   0  0    0    0 0.0 0 0 2 6  0% 47025 11268 100%
c .  0.01  0  0 0   0  0    0    0 0.0 0 0 2 6  0% 47025 11268 100%
c c  0.02  0  0 0   0  0    0    0 0.0 0 0 2 6  0% 46208 11268 100%
c d  0.03  0  0 0   0  0    0    0 0.0 0 0 2 6  0% 44712 10520 93%
c 2  0.03  0  0 0   0  0    0    0 0.0 0 0 2 6  0% 44646 10520 93%
c f  0.04  0  0 0   0  0    0    0 0.0 0 0 2 6  0% 44580 10586 94%
c e  0.06  0  0 0   0  0    0    0 0.0 0 0 2 6  0% 41102 7226 64%
c P  0.06  0  0 0   0  0    0    0 0.0 0 0 2 6  0% 41102 7226 64%
c )  0.06  0  0 0   0  0    0    0 0.0 0 0 2 6  0% 41102 7226 64%
c {  0.06  0  0 0   0  0    0    0 0.0 0 0 2 6  0% 41102 7226 64%
c -  0.06  0 346 1  26 43  300  225 1.5 6 4 2 6  7% 41102 7226 64%
c -  0.07  0 195 2  56 23  735  507 1.6 7 4 2 6  5% 41102 7226 64%
c }  0.07  0 151 2  56 17 1005  690 1.6 6 4 2 6  4% 41102 7226 64%
c [  0.07  0  0 2  56  0 1005  690 0.0 0 0 2 6  0% 41102 7226 64%
c O  0.07  0 1101 2  56 1102 1006  691 2.0 266 131 2 6 50% 41102 7226 64%
c ]  0.08  0 1093 2  56 36 1036  720 1.9 205 111 2 6 43% 41102 7226 64%
c {  0.08  0 151 2  56 17 1036  720 1.6 6 4 2 6  4% 41102 7226 64%
c -  0.09  0 145 3 147 20 1414  890 1.7 8 5 2 6  6% 41102 7226 64%
c }  0.10  0 138 3 201 21 1623 1088 2.1 15 7 2 6  6% 41102 7226 64%
c 
c  seconds    reduction conflicts        size    tier2      variables
c         MB      restarts   redundant       glue   trail        remaining
c           level      rate       size/glue    tier1  irredundant
c 
c [  0.10  0 1093 3 201 36 1623 1088 1.9 205 111 2 6 43% 41102 7226 64%
c ]  0.12  0 222 3 201  5 1929 1385 2.6 136 52 2 6 23% 41102 7226 64%
c {  0.12  0 138 3 201 21 1929 1385 2.1 15 7 2 6  6% 41102 7226 64%
c 2  0.14  0 134 3 270 22 2183 1618 2.4 22 9 2 6 23% 41041 7226 64%
c d  0.15  0 134 3 270 22 2183 1550 2.4 22 9 2 6 23% 40977 7171 64%
c c  0.16  0 134 3 270 22 2183 1550 2.4 22 9 2 6 23% 40906 7171 64%
c d  0.16  0 134 3 270 22 2183 1483 2.4 22 9 2 6 23% 40870 7153 63%
c 2  0.16  0 134 3 270 22 2183 1483 2.4 22 9 2 6 23% 40862 7153 63%
c =  0.17  0 134 3 270 22 2183 1483 2.4 22 9 2 6 23% 40850 7085 63%
c t  0.17  0 134 3 270 22 2183 1483 2.4 22 9 2 6 23% 40849 7085 63%
c -  0.18  0 133 4 306 22 2354 1150 2.4 23 10 2 6 21% 40849 7085 63%
c }  0.20  0 133 4 328 22 2437 1232 2.5 33 13 2 6 29% 40849 7085 63%
c [  0.20  0 222 4 328  5 2437 1232 2.6 136 52 2 6 37% 40849 7085 63%
c ]  0.26  0 185 4 328  3 2707 1496 2.9 181 62 2 6 47% 40849 7085 63%
c {  0.26  0 133 4 328 22 2707 1496 2.5 33 13 2 6 29% 40849 7085 63%
c O  0.29  0 129 4 384 22 3008 1774 2.5 42 17 2 6 29% 40849 7085 63%
c -  0.33  0 128 5 457 21 3566 1547 2.5 47 18 2 6 27% 40849 7085 63%
c }  0.35  0 126 5 501 20 3803 1767 2.6 49 19 2 6 26% 40849 7085 63%
c [  0.35  0 185 5 501  3 3803 1767 2.9 181 62 2 6 47% 40849 7085 63%
c s  0.44  0 168 5 501  3 4125 2069 3.0 197 66 2 6 51% 40346 7085 63%
c 
c  seconds   reduction conflicts        size   tier2      variables
c         MB     restarts   redundant      glue   trail        remaining
c           level     rate       size/glue   tier1  irredundant
c 
c t  0.44  0 168 5 501  3 4125 2069 3.0 197 66 2 6 51% 40340 7085 63%
c e  0.46  0 168 5 501  3 4125 1470 3.0 197 66 2 6 51% 40280 6514 58%
c s  0.46  0 168 5 501  3 4125 1466 3.0 197 66 2 6 51% 40223 6514 58%
c e  0.46  0 168 5 501  3 4125 1466 3.0 197 66 2 6 51% 40222 6509 58%
c ]  0.49  0 167 5 501  3 4226 1562 2.9 200 70 2 6 51% 40222 6509 58%
c {  0.49  0 126 5 501 20 4226 1562 2.6 49 19 2 6 26% 40222 6509 58%
c p  0.52  0 126 5 562 20 4686 2595 2.6 53 21 2 6 26% 40222 6509 58%
c =  0.56  0 126 5 562 20 4686 2594 2.6 53 21 2 6 26% 40169 6467 57%
c u  0.56  0 126 5 562 20 4686 2280 2.6 53 21 2 6 26% 40166 6467 57%
c v  0.56  0 126 5 562 20 4686 2041 2.6 53 21 2 6 26% 40166 6467 57%
c w  0.57  0 126 5 562 20 4686 2040 2.6 53 21 2 6 26% 40166 6467 57%
c x  0.57  0 126 5 562 20 4686 2040 2.6 53 21 2 6 26% 40153 6467 57%
c 2  0.57  0 126 5 562 20 4686 2039 2.6 53 21 2 6 26% 40153 6467 57%
c f  0.59  0 126 5 562 20 4686 2022 2.6 53 21 2 6 24% 39665 6963 62%
c -  0.61  0 124 6 592 19 5059 1044 2.5 53 21 1 2 23% 39665 6963 62%
c #  0.68  0 123 6 708 18 6009 1914 2.6 56 22 1 2 24% 39665 6963 62%
c }  0.70  0 123 6 733 18 6232 2121 2.6 57 22 1 2 24% 39665 6963 62%
c [  0.70  0 167 6 733  3 6232 2121 2.9 200 70 2 6 48% 39665 6963 62%
c -  0.86  0 160 7 734  2 6838 1494 2.6 211 80 2 6 51% 39665 6963 62%
c ]  0.88  0 159 7 734  2 6878 1531 2.6 212 81 2 6 52% 39665 6963 62%
c 
c  seconds   reduction conflicts       size   tier2      variables
c         MB     restarts   redundant     glue   trail        remaining
c           level     rate       size/glue  tier1  irredundant
c 
c {  0.88  0 123 7 734 18 6878 1531 2.6 57 22 1 2 24% 39665 6963 62%
c p  0.92  0 122 7 809 19 7289 2307 2.6 59 23 1 2 24% 39665 6961 62%
c =  0.94  0 122 7 809 19 7289 2305 2.6 59 23 1 2 24% 39659 6950 62%
c t  0.94  0 122 7 809 19 7289 2304 2.6 59 23 1 2 24% 39656 6950 62%
c 2  0.94  0 122 7 809 19 7289 2303 2.6 59 23 1 2 24% 39650 6950 62%
c f  0.95  0 122 7 809 19 7289 2297 2.6 59 23 1 2 24% 39625 6977 62%
c -  1.04  0 121 8 949 17 8905 2000 2.5 61 24 1 2 22% 39625 6977 62%
c p  1.09  0 120 8 1017 16 9987 3568 2.5 61 25 1 2 22% 39625 6977 62%
c =  1.11  0 120 8 1017 16 9987 3568 2.5 61 25 1 2 22% 39624 6976 62%
c u  1.12  0 120 8 1017 16 9987 3187 2.5 61 25 1 2 22% 39624 6976 62%
c v  1.12  0 120 8 1017 16 9987 2979 2.5 61 25 1 2 22% 39624 6976 62%
c w  1.13  0 120 8 1017 16 9987 2972 2.5 61 25 1 2 22% 39624 6976 62%
c t  1.13  0 120 8 1017 16 9987 2972 2.5 61 25 1 2 22% 39623 6976 62%
c f  1.14  0 120 8 1017 16 9987 2956 2.5 61 25 1 2 22% 39598 7017 62%
c B  1.14  0 120 8 1021 16 10010 2977 2.5 61 25 1 2 22% 39598 7017 62%
c }  1.15  0 120 8 1031 16 10042 3009 2.5 62 25 1 2 22% 39598 7017 62%
c [  1.15  0 159 8 1031  2 10042 3009 2.6 212 81 2 6 51% 39598 7017 62%
c -  1.28  0 157 9 1032  2 11266 1932 2.5 176 72 2 6 42% 39598 7017 62%
c p  1.36  0 148 9 1033  2 12771 3498 2.3 142 61 2 6 33% 39598 7017 62%
c f  1.38  0 148 9 1033  2 12771 3498 2.3 142 61 2 6 33% 39592 7021 62%
c 
c  seconds   reductions  conflicts        size   tier2      variables
c         MB     restarts     redundant      glue   trail        remaining
c           level      rate        size/glue   tier1  irredundant
c 
c ]  1.43  0 148 9 1033  2 12968 3682 2.3 146 62 2 6 34% 39592 7021 62%
c {  1.43  0 120 9 1033 16 12968 3682 2.5 62 25 1 2 22% 39592 7021 62%
c -  1.54  0 121 10 1181 16 13921 2347 2.5 69 27 1 2 23% 39592 7021 62%
c s  1.60  0 121 10 1260 16 14636 2997 2.5 70 28 1 2 24% 39525 7021 62%
c e  1.61  0 121 10 1260 16 14636 1995 2.5 70 28 1 2 24% 39501 6536 58%
c s  1.61  0 121 10 1260 16 14636 1983 2.5 70 28 1 2 24% 39054 6536 58%
c e  1.62  0 121 10 1260 16 14636 1982 2.5 70 28 1 2 24% 39044 6535 58%
c W  1.66  0 122 10 1264 15 15011 2305 2.5 69 27 1 2 20% 39044 6535 58%
c 2  1.70  0 123 10 1315 15 15636 2794 2.5 69 27 1 2 23% 39044 6535 58%
c p  1.70  0 123 10 1315 15 15636 2893 2.5 69 27 1 2 23% 39044 6535 58%
c u  1.70  0 123 10 1315 15 15636 2672 2.5 69 27 1 2 23% 39044 6535 58%
c v  1.70  0 123 10 1315 15 15636 2469 2.5 69 27 1 2 23% 39044 6535 58%
c w  1.71  0 123 10 1315 15 15636 2467 2.5 69 27 1 2 23% 39044 6535 58%
c x  1.71  0 123 10 1315 15 15636 2467 2.5 69 27 1 2 23% 39034 6535 58%
c t  1.71  0 123 10 1315 15 15636 2467 2.5 69 27 1 2 23% 39030 6535 58%
c f  1.72  0 123 10 1315 15 15636 2423 2.5 69 27 1 2 23% 39035 6569 58%
c }  1.78  0 123 10 1376 15 16202 2952 2.5 70 28 1 2 26% 39035 6569 58%
c [  1.78  0 148 10 1376  2 16202 2952 2.3 146 62 2 6 41% 39035 6569 58%
c -  1.91  0 145 11 1376  2 16870 1890 2.4 150 62 2 6 41% 39034 6569 58%
c ]  2.12  0 143 11 1377  2 17527 2532 2.5 161 64 2 6 45% 39034 6569 58%
c 
c  seconds   reductions   conflicts       size   tier2      variables
c         MB      restarts     redundant     glue   trail        remaining
c           level       rate        size/glue  tier1  irredundant
c 
c {  2.12  0 123 11 1377 15 17527 2532 2.5 70 28 1 2 26% 39034 6569 58%
c p  2.18  0 124 11 1475 15 18579 4319 2.5 70 28 1 2 25% 39034 6569 58%
c =  2.22  0 124 11 1475 15 18579 4318 2.5 70 28 1 2 25% 39029 6564 58%
c u  2.23  0 124 11 1475 15 18579 4151 2.5 70 28 1 2 25% 39029 6564 58%
c v  2.23  0 124 11 1475 15 18579 3989 2.5 70 28 1 2 25% 39029 6564 58%
c w  2.24  0 124 11 1475 15 18579 3986 2.5 70 28 1 2 25% 39029 6564 58%
c t  2.24  0 124 11 1475 15 18579 3986 2.5 70 28 1 2 25% 39028 6564 58%
c f  2.25  0 124 11 1475 15 18579 3615 2.5 70 28 1 2 24% 39207 6749 60%
c -  2.35  0 123 12 1614 14 20117 2463 2.5 72 28 1 2 25% 39207 6749 60%
c F  2.38  0 122 12 1638 14 21012 3288 2.5 71 28 1 2 24% 39207 6749 60%
c p  2.44  0 122 12 1717 14 21590 3895 2.5 72 29 1 2 25% 39207 6749 60%
c f  2.46  0 122 12 1717 14 21590 3887 2.5 72 29 1 2 25% 39212 6752 60%
c }  2.54  0 122 12 1827 14 22201 4462 2.5 74 30 1 2 26% 39212 6752 60%
c [  2.54  0 143 12 1827  2 22201 4462 2.5 161 64 2 6 43% 39212 6752 60%
c ]  2.95  0 142 12 1828  1 23643 5837 2.5 180 71 2 6 49% 39212 6752 60%
c {  2.95  0 122 12 1828 14 23643 5837 2.5 74 30 1 2 26% 39212 6752 60%
c -  2.95  0 122 13 1834 14 23663 3012 2.5 74 30 1 2 26% 39212 6752 60%
c p  3.01  0 123 13 1887 13 24666 4383 2.5 74 29 1 2 26% 39212 6752 60%
c u  3.01  0 123 13 1887 13 24666 4019 2.5 74 29 1 2 26% 39212 6752 60%
c v  3.01  0 123 13 1887 13 24666 3736 2.5 74 29 1 2 26% 39212 6752 60%
c 
c  seconds   reductions   conflicts       size   tier2      variables
c         MB      restarts     redundant     glue   trail        remaining
c           level       rate        size/glue  tier1  irredundant
c 
c w  3.03  0 123 13 1887 13 24666 3726 2.5 74 29 1 2 26% 39212 6752 60%
c f  3.03  0 123 13 1887 13 24666 3641 2.5 74 29 1 2 26% 39269 6780 60%
c -  3.17  0 123 14 2086 13 27512 3177 2.5 73 30 1 2 25% 39269 6780 60%
c p  3.18  0 123 14 2086 13 27804 3461 2.5 73 29 1 2 25% 39269 6780 60%
c B  3.21  0 123 14 2097 12 28013 3662 2.5 73 29 1 2 25% 39269 6780 60%
c s  3.29  0 123 14 2189 12 30110 5632 2.4 71 29 1 2 24% 39262 6780 60%
c t  3.30  0 123 14 2189 12 30110 5632 2.4 71 29 1 2 24% 39258 6780 60%
c e  3.30  0 123 14 2189 12 30110 5573 2.4 71 29 1 2 24% 39245 6758 60%
c s  3.30  0 123 14 2189 12 30110 5565 2.4 71 29 1 2 24% 39240 6758 60%
c -  3.42  0 124 15 2369 12 31658 3858 2.4 73 30 1 2 25% 39238 6758 60%
c 2  3.42  0 124 15 2369 12 31658 3857 2.4 73 30 1 2 25% 39238 6758 60%
c d  3.42  0 124 15 2369 12 31658 3856 2.4 73 30 1 2 25% 39237 6757 60%
c p  3.43  0 124 15 2369 12 31658 4174 2.4 73 30 1 2 25% 39237 6757 60%
c u  3.44  0 124 15 2369 12 31658 3770 2.4 73 30 1 2 25% 39237 6757 60%
c v  3.44  0 124 15 2369 12 31658 3471 2.4 73 30 1 2 25% 39237 6757 60%
c f  3.45  0 124 15 2369 12 31658 3469 2.4 73 30 1 2 25% 39236 6760 60%
c }  3.45  0 124 15 2371 12 31667 3478 2.4 73 30 1 2 25% 39236 6760 60%
c [  3.45  0 142 15 2371  1 31667 3478 2.5 180 71 2 6 49% 39236 6760 60%
c I  3.83  0 138 15 2372  1 36014 7662 2.5 154 61 2 6 42% 39236 6760 60%
c -  3.85  0 138 16 2372  1 36107 3819 2.5 153 61 2 6 42% 39236 6760 60%
c 
c  seconds   reductions   conflicts        size   tier2      variables
c         MB      restarts     redundant      glue   trail        remaining
c           level       rate        size/glue   tier1  irredundant
c 
c p  3.85  0 138 16 2372  1 36107 3886 2.5 153 61 2 6 42% 39236 6760 60%
c u  3.86  0 138 16 2372  1 36107 3740 2.5 153 61 2 6 42% 39236 6760 60%
c v  3.86  0 138 16 2372  1 36107 3517 2.5 153 61 2 6 42% 39236 6760 60%
c w  3.86  0 138 16 2372  1 36107 3507 2.5 153 61 2 6 42% 39236 6760 60%
c ]  3.97  0 138 16 2372  1 36584 3956 2.5 156 62 2 6 43% 39236 6760 60%
c {  3.97  0 124 16 2372 12 36584 3956 2.4 73 30 1 2 25% 39236 6760 60%
c -  4.21  0 125 17 2696 12 40857 4159 2.4 74 30 1 2 25% 39236 6760 60%
c p  4.21  0 125 17 2696 12 40857 4456 2.4 74 30 1 2 25% 39236 6760 60%
c u  4.25  0 125 17 2696 12 40857 4184 2.4 74 30 1 2 25% 39236 6760 60%
c v  4.25  0 125 17 2696 12 40857 3949 2.4 74 30 1 2 25% 39236 6760 60%
c w  4.25  0 125 17 2696 12 40857 3949 2.4 74 30 1 2 25% 39236 6760 60%
c W  4.45  0 125 17 2836 11 45015 7898 2.4 72 30 1 2 24% 39236 6760 60%
c -  4.47  0 125 18 2843 10 45911 4440 2.4 71 29 1 2 24% 39236 6760 60%
c }  4.58  0 125 18 2987 11 47557 5989 2.4 71 29 1 2 24% 39236 6760 60%
c [  4.58  0 138 18 2987  1 47557 5989 2.5 156 62 2 6 43% 39236 6760 60%
c ]  4.92  0 141 18 2990  1 50000 8341 2.6 157 61 2 6 42% 39236 6760 60%
c ?  4.92  0 141 18 2990  1 50000 8341 2.6 157 61 2 6 42% 39236 6760 60%
c 
c --- [ result ] -------------------------------------------------------------
c 
c UNKNOWN
c 
c --- [ run-time profiling ] -------------------------------------------------
c 
c process time taken by individual solving procedures
c (percentage relative to process time for solving)
c 
c         4.34   88.35% search
c         2.23   45.52% stable
c         2.02   41.20% unstable
c         0.57   11.60% simplify
c         0.16    3.33% sweep
c         0.11    2.16% factor
c         0.10    2.14% vivify
c         0.08    1.56% walk
c         0.06    1.30% congruence
c         0.05    0.98% preprocess
c         0.05    0.92% elim
c         0.02    0.40% subsume
c         0.01    0.24% fastelim
c         0.01    0.19% ternary
c         0.01    0.18% probe
c         0.01    0.15% parse
c         0.01    0.12% backbone
c         0.00    0.07% lucky
c   =================================
c         4.91   99.84% solve
c 
c last line shows process time for solving
c (percentage relative to total process time)
c 
c --- [ statistics ] ---------------------------------------------------------
c 
c chronological:             12929        25.86 %  of conflicts
c conflicts:                 50000     10182.82    per second
c backbone:                 346478      2850.26 %  of vars
c decisions:                398634     81184.40    per second
c eliminated:                 4444        36.56 %  of all variables
c factored:                    887        13.07 %  of variables
c fixed:                         1         0.01 %  of all variables
c learned:                   47854        95.71 %  per conflict
c learned_lits:            6499120       100.00 %  learned literals
c minimized:                     0         0.00 %  learned literals
c shrunken:                 360021         5.54 %  learned literals
c minishrunken:            1493336        22.98 %  learned literals
c otfs:                        845         1.69 %  of conflict
c propagations:           40983870         8.35 M  per second
c reduced:                   32867        65.73 %  per conflict
c rephased:                      9      5555.56    interval
c restarts:                   2990        16.72    interval
c stabilizing:                  10        29.28 %  of conflicts
c substituted:                 951         7.82 %  of all variables
c sweep equivs:                127         3.92 %  of swept variables
c subsumed:                   4839         3.48 %  of all clauses
c strengthened:               3512         2.53 %  of all clauses
c ticks:                 268138884         6.70    propagation
c vivified:                   1659         1.19 %  of all clauses
c walked:                        2     25000.00    interval
c weakened:                  29180         2.88    average size
c congruence:                    6      8333.33    interval
c 
c seconds are measured in process time for solving
c 
c --- [ glue usage ] ---------------------------------------------------------
c 
c focused glue 1 used 118941 clauses 60.51% accumulated 60.51% tier1
c focused glue 2 used 27738 clauses 14.11% accumulated 74.62% tier2
c 
c stable glue 1 used 105287 clauses 61.27% accumulated 61.27% tier1
c stable glue 2 used 22263 clauses 12.95% accumulated 74.23% tier2
c 
c 
c --- [ resources ] ----------------------------------------------------------
c 
c total process time since initialization:         4.92    seconds
c total real time since initialization:            4.95    seconds
c maximum resident set size of process:        46800.00    MB
c 
c --- [ shutting down ] ------------------------------------------------------
c 
c exit 0
