c --- [ banner ] -------------------------------------------------------------
c 
c CaDiCaL SAT Solver
c Copyright (c) 2016-2025
c A. Biere, M. Fleury, N. Froleyks, K. Fazekas, F. Pollitt, T. Faller
c JKU Linz, University of Freiburg, TU Wien
c 
c Version 3.0.0
c Apple clang version 17.0.0 (clang-1700.6.3.2) -Wall -Wextra -O3 -DNDEBUG -DNCLOSEFROM
c Tue Dec 23 21:53:38 UTC 2025 Darwin Tahoe-arm64.local 25.2.0 arm64
c 
c --- [ limit ] --------------------------------------------------------------
c 
c setting conflict limit to 50000 conflicts (due to '50000')
c 
c --- [ parsing input ] ------------------------------------------------------
c 
c reading DIMACS file from 'headline_hunt/bets/cascade_aux_encoding/cnfs/aux_force_sr61_n32_bit19_m51ca0b34_fill55555555.cnf'
c opening file to read 'headline_hunt/bets/cascade_aux_encoding/cnfs/aux_force_sr61_n32_bit19_m51ca0b34_fill55555555.cnf'
c found 'p cnf 12850 53838' header
c parsed 53838 clauses in 0.01 seconds process time
c 
c --- [ options ] ------------------------------------------------------------
c 
c   --seed=5                       (different from default '0')
c 
c --- [ solving ] ------------------------------------------------------------
c 
c time measured in process time since initialization
c 
c  seconds  reduction conflicts       size tier2       variables
c         MB    restarts   redundant    glue  trail         remaining
c          level     rate       size/glu tier1  irredundant
c 
c *  0.01  0  0 0   0  0    0    0 0.0 0 0 2 6  0% 53325 12369 96%
c (  0.01  0  0 0   0  0    0    0 0.0 0 0 2 6  0% 53325 12369 96%
c .  0.01  0  0 0   0  0    0    0 0.0 0 0 2 6  0% 52301 12369 96%
c c  0.03  0  0 0   0  0    0    0 0.0 0 0 2 6  0% 49561 11898 93%
c d  0.03  0  0 0   0  0    0    0 0.0 0 0 2 6  0% 45457 10540 82%
c 2  0.03  0  0 0   0  0    0    0 0.0 0 0 2 6  0% 45297 10540 82%
c f  0.04  0  0 0   0  0    0    0 0.0 0 0 2 6  0% 45023 10814 84%
c e  0.06  0  0 0   0  0    0    0 0.0 0 0 2 6  0% 37096 6817 53%
c s  0.06  0  0 0   0  0    0    0 0.0 0 0 2 6  0% 37088 6817 53%
c s  0.06  0  0 0   0  0    0    0 0.0 0 0 2 6  0% 37078 6817 53%
c s  0.06  0  0 0   0  0    0    0 0.0 0 0 2 6  0% 37078 6817 53%
c P  0.07  0  0 0   0  0    0    0 0.0 0 0 2 6  0% 37078 6817 53%
c )  0.07  0  0 0   0  0    0    0 0.0 0 0 2 6  0% 37078 6817 53%
c {  0.07  0  0 0   0  0    0    0 0.0 0 0 2 6  0% 37078 6817 53%
c -  0.07  0 1089 1  20 56  303  233 1.5 4 3 2 6 20% 37078 6817 53%
c -  0.07  0 531 2  68 40  739  593 1.5 5 3 2 6 16% 37078 6817 53%
c }  0.08  0 435 2  86 34 1001  822 1.6 5 3 2 6 16% 37078 6817 53%
c [  0.08  0  0 2  86  0 1001  822 0.0 0 0 2 6  0% 37078 6817 53%
c O  0.08  0 507 2  86 508 1002  823 2.3 14 6 2 6 25% 37078 6817 53%
c -  0.08  0 484 3  86  3 1419  956 1.9 29 16 2 6 25% 37078 6817 53%
c 
c  seconds   reduction conflicts       size   tier2      variables
c         MB     restarts   redundant     glue   trail        remaining
c           level     rate       size/glue  tier1  irredundant
c 
c ]  0.09  0 482 3  86  2 1785 1292 1.9 34 18 2 6 25% 37078 6817 53%
c {  0.09  0 435 3  86 34 1785 1292 1.6 5 3 2 6 16% 37078 6817 53%
c 2  0.10  0 328 3 162 28 2234 1678 1.7 6 4 2 6  9% 37016 6817 53%
c d  0.10  0 328 3 162 28 2234 1674 1.7 6 4 2 6  9% 37000 6805 53%
c p  0.10  0 328 3 162 28 2234 1675 1.7 6 4 2 6  9% 37000 6805 53%
c c  0.11  0 328 3 162 28 2234 1675 1.7 6 4 2 6  9% 36993 6805 53%
c d  0.11  0 328 3 162 28 2234 1674 1.7 6 4 2 6  9% 36977 6797 53%
c 2  0.11  0 328 3 162 28 2234 1674 1.7 6 4 2 6  9% 36971 6797 53%
c -  0.12  0 308 4 185 27 2361 1371 1.7 6 4 2 6 11% 36971 6797 53%
c O  0.12  0 233 4 263 22 3005 1931 1.8 8 4 2 6 12% 36971 6797 53%
c -  0.13  0 196 5 355 20 3575 2056 1.8 8 4 2 6 11% 36971 6797 53%
c }  0.13  0 185 5 379 19 3808 2253 1.8 8 4 2 6 12% 36971 6797 53%
c [  0.13  0 482 5 379  2 3808 2253 1.9 34 18 2 6 48% 36971 6797 53%
c s  0.14  0 350 5 380  2 4217 2590 2.0 31 15 2 6 44% 36945 6797 53%
c t  0.14  0 350 5 380  2 4217 2590 2.0 31 15 2 6 44% 36942 6797 53%
c e  0.16  0 350 5 380  2 4217 2031 2.0 31 15 2 6 44% 36842 6317 49%
c s  0.16  0 350 5 380  2 4217 2007 2.0 31 15 2 6 44% 36697 6317 49%
c e  0.16  0 350 5 380  2 4217 2005 2.0 31 15 2 6 44% 36697 6315 49%
c 2  0.17  0 288 5 380  3 4735 2416 2.0 25 13 2 6 34% 36697 6315 49%
c c  0.18  0 288 5 380  3 4735 2396 2.0 25 13 2 6 34% 36633 6303 49%
c 
c  seconds   reduction conflicts       size   tier2      variables
c         MB     restarts   redundant     glue   trail        remaining
c           level     rate       size/glue  tier1  irredundant
c 
c d  0.18  0 288 5 380  3 4735 2378 2.0 25 13 2 6 34% 36615 6294 49%
c =  0.19  0 288 5 380  3 4735 2378 2.0 25 13 2 6 34% 36543 6240 49%
c -  0.21  0 264 6 380  2 5070 2111 2.2 35 16 2 3 33% 36543 6240 49%
c ]  0.21  0 263 6 380  2 5092 2133 2.2 35 16 2 3 33% 36543 6240 49%
c {  0.21  0 185 6 380 19 5092 2133 1.8 8 4 2 6 12% 36543 6240 49%
c #  0.22  0 154 6 544 17 6007 2948 1.8 9 5 2 3 11% 36543 6240 49%
c -  0.23  0 134 7 636 15 6850 2725 1.8 9 5 2 3 10% 36543 6240 49%
c =  0.25  0 126 7 740 15 7338 3151 1.8 9 5 2 3 10% 36491 6132 48%
c f  0.26  0 126 7 740 15 7338 3151 1.8 9 5 2 3  9% 36203 6420 50%
c -  0.27  0 110 8 826 12 8919 3610 1.8 9 5 2 3  9% 36203 6420 50%
c B  0.29  0 103 8 1032 12 10008 4558 1.8 10 5 2 3  9% 36203 6420 50%
c d  0.29  0 102 8 1032 12 10035 4556 1.8 10 5 2 3  9% 36203 6414 50%
c =  0.30  0 102 8 1032 12 10035 4556 1.8 10 5 2 3  9% 36202 6393 50%
c }  0.30  0 102 8 1045 12 10200 4700 1.8 10 5 2 3 16% 36202 6393 50%
c [  0.30  0 263 8 1045  2 10200 4700 2.2 35 16 2 3 35% 36202 6393 50%
c -  0.34  0 214 9 1046  2 11281 4314 2.4 39 16 2 3 33% 36202 6393 50%
c ]  0.37  0 200 9 1046  2 11851 4882 2.5 43 17 2 3 32% 36202 6393 50%
c {  0.37  0 102 9 1046 12 11851 4882 1.8 10 5 2 3 16% 36202 6393 50%
c c  0.40  0 97 9 1134 12 12820 5684 1.8 10 5 2 3 11% 36182 6388 50%
c d  0.40  0 97 9 1134 12 12820 5644 1.8 10 5 2 3 11% 36174 6384 50%
c 
c  seconds  reductions  conflicts       size  tier2      variables
c         MB    restarts     redundant     glue  trail        remaining
c          level      rate        size/glue tier1  irredundant
c 
c =  0.41  0 97 9 1134 12 12820 5644 1.8 10 5 2 3 11% 36062 6300 49%
c f  0.41  0 97 9 1134 12 12820 5643 1.8 10 5 2 3 11% 35996 6365 50%
c -  0.43  0 92 10 1319 12 13936 4155 1.8 10 5 1 2 11% 35996 6365 50%
c e  0.45  0 90 10 1421 12 14373 3785 1.8 10 5 1 2 11% 35983 6039 47%
c s  0.45  0 90 10 1421 12 14373 3764 1.8 10 5 1 2 11% 35673 6039 47%
c e  0.46  0 90 10 1421 12 14373 3753 1.8 10 5 1 2 11% 35670 6037 47%
c W  0.48  0 88 10 1502 12 15009 4327 1.9 10 5 1 2 11% 35670 6037 47%
c 2  0.48  0 87 10 1578 12 15686 4875 1.9 10 6 1 2 11% 35669 6037 47%
c d  0.48  0 87 10 1578 12 15686 4797 1.9 10 6 1 2 11% 35669 6022 47%
c c  0.49  0 87 10 1578 12 15686 4797 1.9 10 6 1 2 11% 35639 6022 47%
c =  0.50  0 87 10 1578 12 15686 4769 1.9 10 6 1 2 11% 35609 5933 46%
c u  0.51  0 87 10 1578 12 15686 4095 1.9 10 6 1 2 11% 35572 5933 46%
c v  0.51  0 87 10 1578 12 15686 3986 1.9 10 6 1 2 11% 35572 5933 46%
c w  0.51  0 87 10 1578 12 15686 3980 1.9 10 6 1 2 11% 35572 5933 46%
c x  0.51  0 87 10 1578 12 15686 3980 1.9 10 6 1 2 11% 35535 5933 46%
c t  0.51  0 87 10 1578 12 15686 3979 1.9 10 6 1 2 11% 35535 5933 46%
c -  0.52  0 84 11 1685 11 16890 3351 1.9 10 6 1 2 11% 35535 5933 46%
c 2  0.54  0 82 11 1900 11 18627 4876 1.9 10 6 1 2 11% 35533 5933 46%
c d  0.54  0 82 11 1900 11 18627 4817 1.9 10 6 1 2 11% 35533 5921 46%
c c  0.55  0 82 11 1900 11 18627 4817 1.9 10 6 1 2 11% 35452 5921 46%
c 
c  seconds  reductions   conflicts       size  tier2      variables
c         MB     restarts     redundant     glue  trail        remaining
c          level       rate        size/glue tier1  irredundant
c 
c d  0.55  0 82 11 1900 11 18627 4792 1.9 10 6 1 2 11% 35432 5911 46%
c 2  0.56  0 82 11 1900 11 18627 4792 1.9 10 6 1 2 11% 35431 5911 46%
c =  0.56  0 82 11 1900 11 18627 4792 1.9 10 6 1 2 11% 35431 5859 46%
c f  0.57  0 82 11 1900 11 18627 4786 1.9 10 6 1 2 11% 35403 5890 46%
c }  0.58  0 81 11 1988 11 19173 5288 1.9 10 6 1 2 11% 35402 5890 46%
c [  0.58  0 200 11 1988  2 19173 5288 2.5 43 17 2 3 32% 35402 5890 46%
c -  0.60  0 187 12 1989  2 20139 4090 2.5 44 17 2 3 32% 35402 5890 46%
c I  0.61  0 184 12 1990  2 21010 4922 2.4 44 18 2 3 30% 35402 5890 46%
c c  0.63  0 175 12 1990  2 21637 5494 2.4 43 18 1 2 30% 35384 5890 46%
c =  0.64  0 175 12 1990  2 21637 5494 2.4 43 18 1 2 30% 35371 5864 46%
c -  0.70  0 163 13 1991  2 23686 4518 2.5 50 20 1 2 31% 35371 5864 46%
c =  0.73  0 158 13 1992  2 24713 5427 2.5 52 20 1 2 32% 35369 5851 46%
c 2  0.74  0 158 13 1992  2 24713 5427 2.5 52 20 1 2 32% 35364 5851 46%
c f  0.74  0 158 13 1992  2 24713 5423 2.5 52 20 1 2 32% 35356 5861 46%
c ]  0.76  0 153 13 1992  2 25509 6155 2.6 55 21 1 2 32% 35356 5861 46%
c {  0.76  0 81 13 1992 11 25509 6155 1.9 10 6 1 2 11% 35356 5861 46%
c -  0.80  0 77 14 2340 11 27534 4996 1.9 11 6 1 2 11% 35356 5861 46%
c d  0.80  0 77 14 2376 11 27852 5157 1.9 11 6 1 2 11% 35356 5849 46%
c F  0.82  0 76 14 2400 11 28013 5290 1.9 11 6 1 2 11% 35356 5849 46%
c e  0.86  0 75 14 2743 11 29751 6614 1.9 11 6 1 2 13% 31066 5438 42%
c 
c  seconds  reductions   conflicts       size  tier2      variables
c         MB     restarts     redundant     glue  trail        remaining
c          level       rate        size/glue tier1  irredundant
c 
c s  0.86  0 75 14 2743 11 29751 6609 1.9 11 6 1 2 13% 31020 5438 42%
c -  0.89  0 74 15 3030 11 31682 5764 1.9 11 6 1 2 13% 31020 5438 42%
c 2  0.89  0 74 15 3030 11 31682 5763 1.9 11 6 1 2 13% 31020 5438 42%
c d  0.89  0 74 15 3030 11 31682 5611 1.9 11 6 1 2 13% 31020 5424 42%
c p  0.89  0 74 15 3030 11 31682 5623 1.9 11 6 1 2 13% 31020 5424 42%
c c  0.90  0 74 15 3030 11 31682 5623 1.9 11 6 1 2 13% 30980 5424 42%
c d  0.90  0 74 15 3030 11 31682 5598 1.9 11 6 1 2 13% 30970 5419 42%
c 2  0.90  0 74 15 3030 11 31682 5598 1.9 11 6 1 2 13% 30968 5419 42%
c u  0.91  0 74 15 3030 11 31682 4427 1.9 11 6 1 2 13% 30680 5419 42%
c v  0.91  0 74 15 3030 11 31682 4368 1.9 11 6 1 2 13% 30680 5419 42%
c t  0.91  0 74 15 3030 11 31682 4363 1.9 11 6 1 2 13% 30680 5419 42%
c f  0.92  0 74 15 3030 11 31682 4353 1.9 11 6 1 2 13% 30648 5450 42%
c }  0.96  0 72 15 3404 11 35009 7303 1.9 11 6 1 2 14% 30648 5450 42%
c [  0.96  0 153 15 3404  2 35009 7303 2.6 55 21 1 2 35% 30648 5450 42%
c B  0.98  0 149 15 3404  2 36014 8289 2.5 53 21 1 2 34% 30648 5450 42%
c -  0.99  0 148 16 3404  2 36133 5536 2.5 53 21 1 2 34% 30648 5450 42%
c d  0.99  0 148 16 3404  2 36133 5513 2.5 53 21 1 2 34% 30648 5445 42%
c c  1.00  0 148 16 3404  2 36133 5513 2.5 53 21 1 2 34% 30623 5445 42%
c d  1.00  0 148 16 3404  2 36133 5498 2.5 53 21 1 2 34% 30615 5441 42%
c 2  1.00  0 148 16 3404  2 36133 5498 2.5 53 21 1 2 34% 30613 5441 42%
c 
c  seconds   reductions   conflicts       size   tier2      variables
c         MB      restarts     redundant     glue   trail        remaining
c           level       rate        size/glue  tier1  irredundant
c 
c t  1.01  0 148 16 3404  2 36133 5497 2.5 53 21 1 2 34% 30611 5441 42%
c f  1.01  0 148 16 3404  2 36133 5493 2.5 53 21 1 2 33% 30563 5493 43%
c -  1.12  0 139 17 3407  2 40887 6014 2.3 52 22 1 2 32% 30563 5493 43%
c p  1.12  0 139 17 3407  2 40887 6029 2.3 52 22 1 2 32% 30563 5493 43%
c c  1.13  0 139 17 3407  2 40887 6028 2.3 52 22 1 2 32% 30564 5493 43%
c d  1.13  0 139 17 3407  2 40887 6028 2.3 52 22 1 2 32% 30562 5492 43%
c 2  1.13  0 139 17 3407  2 40887 6027 2.3 52 22 1 2 32% 30562 5492 43%
c f  1.13  0 139 17 3407  2 40887 6021 2.3 52 22 1 2 32% 30549 5511 43%
c ]  1.22  0 134 17 3410  2 44494 9450 2.3 53 23 1 2 32% 30549 5511 43%
c {  1.22  0 72 17 3410 11 44494 9450 1.9 11 6 1 2 13% 30549 5511 43%
c B  1.23  0 72 17 3543 11 45015 9920 1.9 11 6 1 2 13% 30549 5511 43%
c -  1.25  0 72 18 3675 11 45942 6497 1.9 11 6 1 2 14% 30549 5511 43%
c d  1.25  0 72 18 3675 11 45942 6478 1.9 11 6 1 2 14% 30549 5509 43%
c p  1.25  0 72 18 3675 11 45942 6657 1.9 11 6 1 2 14% 30549 5509 43%
c c  1.26  0 72 18 3675 11 45942 6657 1.9 11 6 1 2 14% 30537 5509 43%
c d  1.26  0 72 18 3675 11 45942 6647 1.9 11 6 1 2 14% 30533 5507 43%
c 2  1.26  0 72 18 3675 11 45942 6647 1.9 11 6 1 2 14% 30529 5507 43%
c u  1.27  0 72 18 3675 11 45942 6005 1.9 11 6 1 2 14% 30529 5507 43%
c v  1.27  0 72 18 3675 11 45942 5843 1.9 11 6 1 2 14% 30529 5507 43%
c x  1.27  0 72 18 3675 11 45942 5843 1.9 11 6 1 2 14% 30502 5507 43%
c 
c  seconds  reductions   conflicts       size  tier2      variables
c         MB     restarts     redundant     glue  trail        remaining
c          level       rate        size/glue tier1  irredundant
c 
c t  1.27  0 72 18 3675 11 45942 5842 1.9 11 6 1 2 14% 30502 5507 43%
c f  1.27  0 72 18 3675 11 45942 5834 1.9 11 6 1 2 14% 30500 5515 43%
c e  1.35  0 70 18 4275 11 49848 9193 1.9 12 6 1 2 14% 30483 5483 43%
c s  1.35  0 70 18 4275 11 49848 9182 1.9 12 6 1 2 14% 30460 5483 43%
c }  1.35  0 70 18 4312 11 50000 9317 1.9 12 6 1 2 14% 30456 5483 43%
c ?  1.35  0 70 18 4312 11 50000 9317 1.9 12 6 1 2 14% 30456 5483 43%
c 
c --- [ result ] -------------------------------------------------------------
c 
c UNKNOWN
c 
c --- [ run-time profiling ] -------------------------------------------------
c 
c process time taken by individual solving procedures
c (percentage relative to process time for solving)
c 
c         0.94   70.10% search
c         0.48   35.76% stable
c         0.45   33.65% unstable
c         0.40   29.72% simplify
c         0.12    8.82% congruence
c         0.07    5.09% sweep
c         0.06    4.62% factor
c         0.06    4.19% preprocess
c         0.04    3.17% elim
c         0.02    1.73% vivify
c         0.02    1.21% fastelim
c         0.02    1.17% subsume
c         0.01    0.59% parse
c         0.01    0.57% walk
c         0.00    0.36% backbone
c         0.00    0.15% probe
c         0.00    0.12% lucky
c         0.00    0.11% ternary
c   =================================
c         1.35   99.40% solve
c 
c last line shows process time for solving
c (percentage relative to total process time)
c 
c --- [ statistics ] ---------------------------------------------------------
c 
c chronological:             18229        36.46 %  of conflicts
c conflicts:                 50000     37156.60    per second
c backbone:                 323735      2375.51 %  of vars
c decisions:                350197    260242.59    per second
c eliminated:                 5250        38.52 %  of all variables
c factored:                    778        13.05 %  of variables
c fixed:                       952         6.99 %  of all variables
c learned:                   46285        92.57 %  per conflict
c learned_lits:            1538353       100.00 %  learned literals
c minimized:                     0         0.00 %  learned literals
c shrunken:                  75823         4.93 %  learned literals
c minishrunken:             146290         9.51 %  learned literals
c otfs:                       2469         4.94 %  of conflict
c propagations:            9005830         6.69 M  per second
c reduced:                   30415        60.83 %  per conflict
c rephased:                      9      5555.56    interval
c restarts:                   4312        11.60    interval
c stabilizing:                   5        38.14 %  of conflicts
c substituted:                1943        14.26 %  of all variables
c sweep equivs:                436        65.76 %  of swept variables
c subsumed:                   8179         5.81 %  of all clauses
c strengthened:               4552         3.23 %  of all clauses
c ticks:                  73822125         8.39    propagation
c vivified:                   1982         1.41 %  of all clauses
c walked:                        1     50000.00    interval
c weakened:                  35791         2.91    average size
c congruence:                   13      3846.15    interval
c 
c seconds are measured in process time for solving
c 
c --- [ glue usage ] ---------------------------------------------------------
c 
c focused glue 1 used 74906 clauses 66.67% accumulated 66.67% tier1
c focused glue 2 used 20585 clauses 18.32% accumulated 85.00% tier2
c 
c stable glue 1 used 84633 clauses 54.01% accumulated 54.01% tier1
c stable glue 2 used 25730 clauses 16.42% accumulated 70.43% tier2
c 
c 
c --- [ resources ] ----------------------------------------------------------
c 
c total process time since initialization:         1.35    seconds
c total real time since initialization:            1.36    seconds
c maximum resident set size of process:        36448.00    MB
c 
c --- [ shutting down ] ------------------------------------------------------
c 
c exit 0
