c --- [ banner ] -------------------------------------------------------------
c 
c CaDiCaL SAT Solver
c Copyright (c) 2016-2025
c A. Biere, M. Fleury, N. Froleyks, K. Fazekas, F. Pollitt, T. Faller
c JKU Linz, University of Freiburg, TU Wien
c 
c Version 3.0.0
c Apple clang version 17.0.0 (clang-1700.6.3.2) -Wall -Wextra -O3 -DNDEBUG -DNCLOSEFROM
c Tue Dec 23 21:53:38 UTC 2025 Darwin Tahoe-arm64.local 25.2.0 arm64
c 
c --- [ limit ] --------------------------------------------------------------
c 
c setting conflict limit to 50000 conflicts (due to '50000')
c 
c --- [ parsing input ] ------------------------------------------------------
c 
c reading DIMACS file from 'headline_hunt/bets/cascade_aux_encoding/cnfs/aux_expose_sr61_n32_bit13_m4d9f691c_fill55555555.cnf'
c opening file to read 'headline_hunt/bets/cascade_aux_encoding/cnfs/aux_expose_sr61_n32_bit13_m4d9f691c_fill55555555.cnf'
c found 'p cnf 12872 53915' header
c parsed 53915 clauses in 0.01 seconds process time
c 
c --- [ options ] ------------------------------------------------------------
c 
c   --seed=5                       (different from default '0')
c 
c --- [ solving ] ------------------------------------------------------------
c 
c time measured in process time since initialization
c 
c  seconds  reduction conflicts       size tier2       variables
c         MB    restarts   redundant    glue  trail         remaining
c          level     rate       size/glu tier1  irredundant
c 
c *  0.01  0  0 0   0  0    0    0 0.0 0 0 2 6  0% 53850 12871 100%
c (  0.01  0  0 0   0  0    0    0 0.0 0 0 2 6  0% 53850 12871 100%
c .  0.01  0  0 0   0  0    0    0 0.0 0 0 2 6  0% 53850 12871 100%
c c  0.03  0  0 0   0  0    0    0 0.0 0 0 2 6  0% 51339 12231 95%
c d  0.03  0  0 0   0  0    0    0 0.0 0 0 2 6  0% 46617 10894 85%
c 2  0.03  0  0 0   0  0    0    0 0.0 0 0 2 6  0% 46551 10894 85%
c f  0.05  0  0 0   0  0    0    0 0.0 0 0 2 6  0% 46485 10960 85%
c e  0.06  0  0 0   0  0    0    0 0.0 0 0 2 6  0% 43296 7623 59%
c s  0.06  0  0 0   0  0    0    0 0.0 0 0 2 6  0% 43285 7623 59%
c s  0.07  0  0 0   0  0    0    0 0.0 0 0 2 6  0% 43280 7623 59%
c P  0.07  0  0 0   0  0    0    0 0.0 0 0 2 6  0% 43280 7623 59%
c )  0.07  0  0 0   0  0    0    0 0.0 0 0 2 6  0% 43280 7623 59%
c {  0.07  0  0 0   0  0    0    0 0.0 0 0 2 6  0% 43280 7623 59%
c -  0.08  0 795 1  31 38  301  204 1.4 4 3 2 6 14% 43280 7623 59%
c -  0.08  0 598 2  54 63  737  557 1.5 4 3 2 6 16% 43280 7623 59%
c }  0.08  0 474 2  74 51 1002  774 1.5 5 3 2 6 14% 43280 7623 59%
c [  0.08  0  0 2  74  0 1002  774 0.0 0 0 2 6  0% 43280 7623 59%
c O  0.08  0 527 2  74 528 1003  775 2.0 175 88 2 6 40% 43280 7623 59%
c ]  0.09  0 519 2  74 21 1028  799 2.0 173 88 2 6 43% 43280 7623 59%
c {  0.09  0 474 2  74 51 1028  799 1.5 5 3 2 6 14% 43280 7623 59%
c 
c  seconds   reduction conflicts       size tier2      variables
c         MB     restarts   redundant    glue  trail        remaining
c           level     rate       size/glu tier1  irredundant
c 
c -  0.10  0 384 3 161 48 1415 1036 1.5 5 3 2 6 14% 43280 7623 59%
c 2  0.11  0 266 3 274 36 2242 1637 1.5 6 4 2 6  5% 43218 7623 59%
c d  0.11  0 266 3 274 36 2242 1508 1.5 6 4 2 6  5% 43102 7526 58%
c c  0.12  0 266 3 274 36 2242 1508 1.5 6 4 2 6  5% 42992 7526 58%
c d  0.12  0 266 3 274 36 2242 1446 1.5 6 4 2 6  5% 42944 7502 58%
c 2  0.12  0 266 3 274 36 2242 1445 1.5 6 4 2 6  5% 42930 7502 58%
c t  0.12  0 266 3 274 36 2242 1445 1.5 6 4 2 6  5% 42929 7502 58%
c -  0.13  0 258 4 287 35 2356 1281 1.5 6 4 2 6  5% 42929 7502 58%
c O  0.13  0 215 4 324 29 3004 1737 1.6 6 4 2 6  4% 42929 7502 58%
c -  0.13  0 194 5 446 28 3572 1917 1.6 6 4 2 6  4% 42929 7502 58%
c s  0.14  0 182 5 509 27 4132 2347 1.6 6 4 2 6  5% 42912 7502 58%
c t  0.15  0 182 5 509 27 4132 2347 1.6 6 4 2 6  5% 42908 7502 58%
c e  0.16  0 182 5 509 27 4132 2261 1.6 6 4 2 6  5% 42732 7024 55%
c s  0.16  0 182 5 509 27 4132 2206 1.6 6 4 2 6  5% 42704 7024 55%
c e  0.17  0 182 5 509 27 4132 2126 1.6 6 4 2 6  5% 42671 7020 55%
c }  0.17  0 179 5 527 26 4356 2293 1.6 6 4 2 6  6% 42671 7020 55%
c [  0.17  0 519 5 527 21 4356 2293 2.0 173 88 2 6 72% 42671 7020 55%
c d  0.19  0 151 5 527  3 4744 2428 2.2 71 33 2 6 22% 42641 6979 54%
c c  0.20  0 151 5 527  3 4744 2428 2.2 71 33 2 6 22% 42524 6979 54%
c d  0.20  0 151 5 527  3 4744 2360 2.2 71 33 2 6 22% 42494 6964 54%
c 
c  seconds   reduction conflicts       size   tier2      variables
c         MB     restarts   redundant     glue   trail        remaining
c           level     rate       size/glue  tier1  irredundant
c 
c 2  0.20  0 151 5 527  3 4744 2360 2.2 71 33 2 6 22% 42492 6964 54%
c =  0.21  0 151 5 527  3 4744 2325 2.2 71 33 2 6 22% 42472 6946 54%
c ]  0.23  0 137 5 527  2 4885 2444 2.7 86 32 2 6 26% 42472 6946 54%
c {  0.23  0 179 5 527 26 4885 2444 1.6 6 4 2 6  6% 42472 6946 54%
c -  0.23  0 176 6 557 26 5066 1790 1.6 6 4 2 3  6% 42472 6946 54%
c #  0.23  0 155 6 562 22 6008 2414 1.6 6 4 2 3  5% 42469 6946 54%
c -  0.24  0 146 7 683 22 6846 2515 1.6 6 4 2 3  5% 42469 6946 54%
c d  0.25  0 141 7 750 21 7347 2431 1.6 6 4 2 3  6% 42462 6885 53%
c c  0.26  0 141 7 750 21 7347 2431 1.6 6 4 2 3  6% 42210 6885 53%
c d  0.26  0 141 7 750 21 7347 2256 1.6 6 4 2 3  6% 42138 6849 53%
c 2  0.26  0 141 7 750 21 7347 2255 1.6 6 4 2 3  6% 42130 6849 53%
c -  0.27  0 129 8 876 20 8914 2632 1.6 6 4 2 3  6% 42130 6849 53%
c B  0.28  0 123 8 1022 19 10009 3411 1.6 6 4 2 3  6% 42130 6849 53%
c d  0.28  0 123 8 1032 19 10046 2889 1.6 6 4 2 3  6% 42130 6756 52%
c c  0.29  0 123 8 1032 19 10046 2889 1.6 6 4 2 3  6% 41759 6756 52%
c d  0.29  0 123 8 1032 19 10046 2737 1.6 6 4 2 3  6% 41683 6718 52%
c 2  0.30  0 123 8 1032 19 10046 2737 1.6 6 4 2 3  6% 41677 6718 52%
c f  0.31  0 123 8 1032 19 10046 2737 1.6 6 4 2 3  6% 41388 7006 54%
c -  0.32  0 117 9 1205 19 11274 2853 1.6 6 4 2 3  6% 41388 7006 54%
c }  0.33  0 116 9 1254 19 11493 3048 1.6 7 4 2 3  7% 41388 7006 54%
c 
c  seconds   reductions  conflicts       size   tier2      variables
c         MB     restarts     redundant     glue   trail        remaining
c           level      rate        size/glue  tier1  irredundant
c 
c [  0.33  0 137 9 1254  2 11493 3048 2.7 86 32 2 6 28% 41388 7006 54%
c ]  0.40  0 124 9 1254  2 11721 3267 3.0 118 39 2 6 39% 41388 7006 54%
c {  0.40  0 116 9 1254 19 11721 3267 1.6 7 4 2 3  7% 41388 7006 54%
c }  0.50  0 115 9 1350 18 12090 3606 1.6 11 7 2 3 12% 41388 7006 54%
c [  0.50  0 124 9 1350  2 12090 3606 3.0 118 39 2 6 39% 41388 7006 54%
c ]  0.63  0 115 9 1351  2 12463 3953 2.7 128 47 2 6 47% 41388 7006 54%
c {  0.63  0 115 9 1351 18 12463 3953 1.6 11 7 2 3 12% 41388 7006 54%
c d  0.67  0 114 9 1449 19 12830 4158 1.7 13 7 2 3 13% 41388 6980 54%
c p  0.68  0 114 9 1449 19 12830 4998 1.7 13 7 2 3 13% 41388 6980 54%
c c  0.69  0 114 9 1449 19 12830 4998 1.7 13 7 2 3 13% 41296 6980 54%
c d  0.69  0 114 9 1449 19 12830 4951 1.7 13 7 2 3 13% 41266 6965 54%
c 2  0.69  0 114 9 1449 19 12830 4951 1.7 13 7 2 3 13% 41262 6965 54%
c u  0.70  0 114 9 1449 19 12830 3768 1.7 13 7 2 3 13% 41235 6965 54%
c v  0.70  0 114 9 1449 19 12830 3635 1.7 13 7 2 3 13% 41235 6965 54%
c w  0.71  0 114 9 1449 19 12830 3634 1.7 13 7 2 3 13% 41235 6965 54%
c x  0.71  0 114 9 1449 19 12830 3634 1.7 13 7 2 3 13% 40961 6965 54%
c t  0.71  0 114 9 1449 19 12830 3634 1.7 13 7 2 3 13% 40958 6965 54%
c f  0.72  0 114 9 1449 19 12830 3620 1.7 13 7 2 3 13% 40857 7070 55%
c }  0.86  0 112 9 1699 19 13857 4568 2.0 20 10 1 2 16% 40857 7070 55%
c [  0.86  0 115 9 1699  2 13857 4568 2.7 128 47 2 6 47% 40857 7070 55%
c 
c  seconds   reductions   conflicts        size   tier2      variables
c         MB      restarts     redundant      glue   trail        remaining
c           level       rate        size/glue   tier1  irredundant
c 
c -  0.89  0 114 10 1699  2 13930 2414 2.8 132 48 2 6 49% 40857 7070 55%
c ]  1.06  0 109 10 1699  2 14300 2783 2.9 148 51 2 6 57% 40857 7070 55%
c {  1.06  0 112 10 1699 19 14300 2783 2.0 20 10 1 2 16% 40857 7070 55%
c s  1.16  0 111 10 1761 18 14548 2984 2.1 24 11 1 2 19% 39961 7070 55%
c t  1.16  0 111 10 1761 18 14548 2984 2.1 24 11 1 2 19% 39959 7070 55%
c e  1.18  0 111 10 1761 18 14548 2545 2.1 24 11 1 2 19% 39694 6710 52%
c s  1.18  0 111 10 1761 18 14548 2533 2.1 24 11 1 2 19% 39382 6710 52%
c e  1.18  0 111 10 1761 18 14548 2532 2.1 24 11 1 2 19% 39373 6708 52%
c }  1.33  0 111 10 1870 18 14988 2898 2.2 31 14 1 2 23% 39373 6708 52%
c [  1.33  0 109 10 1870  2 14988 2898 2.9 148 51 2 6 57% 39373 6708 52%
c I  1.34  0 109 10 1870  2 15010 2913 2.9 148 51 2 6 56% 39373 6708 52%
c 2  1.62  0 111 10 1871  2 15695 3535 2.7 157 59 2 6 60% 39373 6708 52%
c d  1.62  0 111 10 1871  2 15695 3519 2.7 157 59 2 6 60% 39373 6700 52%
c p  1.62  0 111 10 1871  2 15695 4369 2.7 157 59 2 6 60% 39373 6700 52%
c c  1.63  0 111 10 1871  2 15695 4369 2.7 157 59 2 6 60% 39334 6700 52%
c =  1.69  0 111 10 1871  2 15695 4349 2.7 157 59 2 6 60% 39319 6685 52%
c u  1.70  0 111 10 1871  2 15695 4079 2.7 157 59 2 6 60% 39319 6685 52%
c v  1.70  0 111 10 1871  2 15695 4013 2.7 157 59 2 6 60% 39319 6685 52%
c w  1.72  0 111 10 1871  2 15695 3868 2.7 157 59 2 6 60% 39319 6685 52%
c t  1.72  0 111 10 1871  2 15695 3867 2.7 157 59 2 6 60% 39314 6685 52%
c 
c  seconds   reductions   conflicts        size   tier2      variables
c         MB      restarts     redundant      glue   trail        remaining
c           level       rate        size/glue   tier1  irredundant
c 
c 2  1.72  0 111 10 1871  2 15695 3866 2.7 157 59 2 6 60% 39314 6685 52%
c f  1.73  0 111 10 1871  2 15695 3673 2.7 157 59 2 6 59% 39273 6895 54%
c ]  1.76  0 111 10 1871  2 15750 3725 2.7 158 59 2 6 59% 39273 6895 54%
c {  1.76  0 111 10 1871 18 15750 3725 2.2 31 14 1 2 22% 39273 6895 54%
c }  2.09  0 110 10 2091 17 16629 4604 2.4 45 19 1 2 30% 39273 6895 54%
c [  2.09  0 111 10 2091  2 16629 4604 2.7 158 59 2 6 59% 39273 6895 54%
c -  2.16  0 109 11 2091  2 16880 2229 2.7 160 59 2 6 59% 39273 6895 54%
c ]  2.49  0 106 11 2091  1 17917 3114 2.8 169 61 2 6 61% 39273 6895 54%
c {  2.49  0 110 11 2091 17 17917 3114 2.4 45 19 1 2 30% 39273 6895 54%
c d  2.74  0 109 11 2276 16 18636 3739 2.4 53 22 1 2 34% 39273 6893 54%
c p  2.74  0 109 11 2276 16 18636 4463 2.4 53 22 1 2 34% 39273 6893 54%
c c  2.75  0 109 11 2276 16 18636 4462 2.4 53 22 1 2 34% 39255 6893 54%
c d  2.76  0 109 11 2276 16 18636 4461 2.4 53 22 1 2 34% 39249 6890 54%
c =  2.82  0 109 11 2276 16 18636 4461 2.4 53 22 1 2 34% 39242 6883 53%
c u  2.83  0 109 11 2276 16 18636 4397 2.4 53 22 1 2 34% 39242 6883 53%
c v  2.83  0 109 11 2276 16 18636 4348 2.4 53 22 1 2 34% 39242 6883 53%
c w  2.85  0 109 11 2276 16 18636 4336 2.4 53 22 1 2 34% 39242 6883 53%
c x  2.85  0 109 11 2276 16 18636 4336 2.4 53 22 1 2 34% 39238 6883 53%
c t  2.85  0 109 11 2276 16 18636 4336 2.4 53 22 1 2 34% 39237 6883 53%
c 2  2.85  0 109 11 2276 16 18636 4335 2.4 53 22 1 2 34% 39237 6883 53%
c 
c  seconds   reductions   conflicts       size   tier2      variables
c         MB      restarts     redundant     glue   trail        remaining
c           level       rate        size/glue  tier1  irredundant
c 
c f  2.86  0 109 11 2276 16 18636 4244 2.4 53 22 1 2 34% 39286 6925 54%
c -  3.00  0 108 12 2492 16 20128 2736 2.4 55 23 1 2 33% 39285 6925 54%
c }  3.03  0 107 12 2524 16 20290 2889 2.4 56 23 1 2 33% 39285 6925 54%
c [  3.03  0 106 12 2524  1 20290 2889 2.8 169 61 2 6 60% 39285 6925 54%
c B  3.37  0 105 12 2525  1 21011 3594 2.8 175 63 2 6 64% 39285 6925 54%
c ]  3.56  0 104 12 2525  1 21540 4107 2.8 175 63 1 2 64% 39285 6925 54%
c {  3.56  0 107 12 2525 16 21540 4107 2.4 56 23 1 2 33% 39285 6925 54%
c p  3.59  0 107 12 2553 16 21647 4781 2.4 56 23 1 2 33% 39285 6924 54%
c c  3.60  0 107 12 2553 16 21647 4781 2.4 56 23 1 2 33% 39280 6924 54%
c d  3.60  0 107 12 2553 16 21647 4779 2.4 56 23 1 2 33% 39278 6923 54%
c 2  3.60  0 107 12 2553 16 21647 4779 2.4 56 23 1 2 33% 39276 6923 54%
c =  3.64  0 107 12 2553 16 21647 4740 2.4 56 23 1 2 33% 39234 6783 53%
c u  3.65  0 107 12 2553 16 21647 4571 2.4 56 23 1 2 33% 38933 6783 53%
c v  3.65  0 107 12 2553 16 21647 4443 2.4 56 23 1 2 33% 38933 6783 53%
c w  3.67  0 107 12 2553 16 21647 4423 2.4 56 23 1 2 33% 38933 6783 53%
c t  3.67  0 107 12 2553 16 21647 4422 2.4 56 23 1 2 33% 38928 6783 53%
c 2  3.67  0 107 12 2553 16 21647 4419 2.4 56 23 1 2 33% 38916 6783 53%
c f  3.68  0 107 12 2553 16 21647 4377 2.4 56 23 1 2 33% 38931 6807 53%
c -  4.16  0 106 13 2956 14 23675 2974 2.5 68 28 1 2 37% 38931 6807 53%
c }  4.21  0 106 13 2988 14 23807 3104 2.5 69 28 1 2 38% 38931 6807 53%
c 
c  seconds   reductions   conflicts        size   tier2      variables
c         MB      restarts     redundant      glue   trail        remaining
c           level       rate        size/glue   tier1  irredundant
c 
c [  4.21  0 104 13 2988  1 23807 3104 2.8 175 63 1 2 64% 38931 6807 53%
c p  4.57  0 103 13 2989  1 24723 4539 2.8 182 65 1 2 66% 38931 6807 53%
c c  4.58  0 103 13 2989  1 24723 4539 2.8 182 65 1 2 66% 38935 6807 53%
c d  4.58  0 103 13 2989  1 24723 4536 2.8 182 65 1 2 66% 38929 6804 53%
c 2  4.58  0 103 13 2989  1 24723 4536 2.8 182 65 1 2 66% 38923 6804 53%
c =  4.63  0 103 13 2989  1 24723 4503 2.8 182 65 1 2 66% 38808 6568 51%
c u  4.64  0 103 13 2989  1 24723 4286 2.8 182 65 1 2 66% 38578 6568 51%
c v  4.64  0 103 13 2989  1 24723 4178 2.8 182 65 1 2 66% 38578 6568 51%
c w  4.66  0 103 13 2989  1 24723 4114 2.8 182 65 1 2 66% 38578 6568 51%
c t  4.66  0 103 13 2989  1 24723 4111 2.8 182 65 1 2 66% 38573 6568 51%
c 2  4.66  0 103 13 2989  1 24723 4107 2.8 182 65 1 2 66% 38560 6568 51%
c f  4.67  0 103 13 2989  1 24723 4105 2.8 182 65 1 2 66% 38549 6576 51%
c ]  4.96  0 107 13 2990  1 25735 5034 2.6 181 71 1 2 68% 38549 6576 51%
c {  4.96  0 106 13 2990 14 25735 5034 2.5 69 28 1 2 43% 38549 6576 51%
c -  5.03  0 106 14 3029 13 27521 3164 2.4 67 28 1 2 40% 38549 6576 51%
c p  5.06  0 106 14 3055 13 27861 4005 2.4 67 28 1 2 39% 38549 6576 51%
c u  5.10  0 106 14 3055 13 27861 3854 2.4 67 28 1 2 39% 38546 6576 51%
c v  5.10  0 106 14 3055 13 27861 3666 2.4 67 28 1 2 39% 38546 6576 51%
c w  5.10  0 106 14 3055 13 27861 3660 2.4 67 28 1 2 39% 38546 6576 51%
c x  5.11  0 106 14 3055 13 27861 3658 2.4 67 28 1 2 39% 38248 6576 51%
c 
c  seconds   reductions   conflicts       size   tier2      variables
c         MB      restarts     redundant     glue   trail        remaining
c           level       rate        size/glue  tier1  irredundant
c 
c t  5.11  0 106 14 3055 13 27861 3658 2.4 67 28 1 2 39% 38247 6576 51%
c f  5.11  0 106 14 3055 13 27861 3653 2.4 67 28 1 2 39% 38249 6579 51%
c W  5.21  0 106 14 3057 13 28012 3791 2.4 67 28 1 2 39% 38249 6579 51%
c s  5.27  0 108 14 3094 12 29868 5524 2.4 66 27 1 2 37% 36701 6579 51%
c t  5.27  0 108 14 3094 12 29868 5524 2.4 66 27 1 2 37% 36700 6579 51%
c e  5.28  0 108 14 3094 12 29868 4877 2.4 66 27 1 2 37% 35090 6242 48%
c s  5.28  0 108 14 3094 12 29868 4874 2.4 66 27 1 2 37% 35071 6242 48%
c -  5.40  0 107 15 3256 12 31668 3545 2.4 66 27 1 2 36% 35069 6242 48%
c 2  5.40  0 107 15 3256 12 31668 3533 2.4 66 27 1 2 36% 35069 6242 48%
c p  5.40  0 107 15 3256 12 31668 3534 2.4 66 27 1 2 36% 35069 6242 48%
c t  5.40  0 107 15 3256 12 31668 3534 2.4 66 27 1 2 36% 35066 6242 48%
c f  5.41  0 107 15 3256 12 31668 3534 2.4 66 27 1 2 36% 35027 6281 49%
c F  5.73  0 105 15 3739 12 36013 7631 2.5 68 28 1 2 34% 35027 6281 49%
c -  5.74  0 105 16 3745 12 36116 4466 2.5 68 28 1 2 34% 35027 6281 49%
c p  5.75  0 105 16 3745 12 36116 4916 2.5 68 28 1 2 34% 35027 6281 49%
c u  5.79  0 105 16 3745 12 36116 4242 2.5 68 28 1 2 34% 35027 6281 49%
c v  5.79  0 105 16 3745 12 36116 3935 2.5 68 28 1 2 34% 35027 6281 49%
c w  5.79  0 105 16 3745 12 36116 3935 2.5 68 28 1 2 34% 35027 6281 49%
c f  5.79  0 105 16 3745 12 36116 3927 2.5 68 28 1 2 34% 35031 6285 49%
c }  5.87  0 104 16 3825 11 37660 5388 2.5 68 28 1 2 33% 35031 6285 49%
c 
c  seconds   reductions   conflicts        size   tier2      variables
c         MB      restarts     redundant      glue   trail        remaining
c           level       rate        size/glue   tier1  irredundant
c 
c [  5.87  0 107 16 3825  1 37660 5388 2.6 181 71 1 2 68% 35031 6285 49%
c -  6.61  0 104 17 3826  1 40870 4368 2.8 182 65 1 2 63% 35031 6285 49%
c p  6.62  0 104 17 3826  1 40870 4814 2.8 182 65 1 2 63% 35031 6285 49%
c u  6.63  0 104 17 3826  1 40870 4538 2.8 182 65 1 2 63% 35031 6285 49%
c v  6.63  0 104 17 3826  1 40870 4278 2.8 182 65 1 2 63% 35031 6285 49%
c w  6.63  0 104 17 3826  1 40870 4276 2.8 182 65 1 2 63% 35031 6285 49%
c x  6.63  0 104 17 3826  1 40870 4275 2.8 182 65 1 2 63% 34948 6285 49%
c f  6.64  0 104 17 3826  1 40870 4271 2.8 182 65 1 2 63% 34951 6286 49%
c ]  6.67  0 104 17 3826  1 41064 4449 2.8 181 65 1 2 63% 34951 6286 49%
c {  6.67  0 104 17 3826 11 41064 4449 2.5 68 28 1 2 33% 34951 6286 49%
c B  6.78  0 107 17 3898 10 45016 8122 2.4 64 26 1 2 31% 34951 6286 49%
c -  6.85  0 106 18 3997 10 45925 4798 2.4 65 26 1 2 31% 34951 6286 49%
c p  6.85  0 106 18 3997 10 45925 4966 2.4 65 26 1 2 31% 34951 6286 49%
c s  7.06  0 106 18 4262 10 49790 8607 2.4 65 27 1 2 30% 34918 6286 49%
c e  7.07  0 106 18 4262 10 49790 7639 2.4 65 27 1 2 30% 34916 6189 48%
c s  7.07  0 106 18 4262 10 49790 7595 2.4 65 27 1 2 30% 34891 6189 48%
c }  7.09  0 106 18 4281 10 50001 7791 2.4 65 27 1 2 30% 34890 6189 48%
c ?  7.09  0 106 18 4281 10 50001 7791 2.4 65 27 1 2 30% 34890 6189 48%
c 
c --- [ result ] -------------------------------------------------------------
c 
c UNKNOWN
c 
c --- [ run-time profiling ] -------------------------------------------------
c 
c process time taken by individual solving procedures
c (percentage relative to process time for solving)
c 
c         6.23   87.91% search
c         3.11   43.87% stable
c         3.02   42.65% unstable
c         0.85   12.06% simplify
c         0.27    3.81% sweep
c         0.17    2.39% vivify
c         0.13    1.88% congruence
c         0.10    1.44% factor
c         0.09    1.32% walk
c         0.06    0.85% preprocess
c         0.05    0.71% elim
c         0.03    0.40% subsume
c         0.02    0.22% fastelim
c         0.01    0.20% probe
c         0.01    0.14% ternary
c         0.01    0.11% parse
c         0.01    0.09% backbone
c         0.00    0.06% lucky
c   =================================
c         7.08   99.89% solve
c 
c last line shows process time for solving
c (percentage relative to total process time)
c 
c --- [ statistics ] ---------------------------------------------------------
c 
c chronological:             13313        26.63 %  of conflicts
c conflicts:                 50001      7060.58    per second
c backbone:                 406269      2973.72 %  of vars
c decisions:                419291     59207.57    per second
c eliminated:                 4615        33.78 %  of all variables
c factored:                    790        11.93 %  of variables
c fixed:                       641         4.69 %  of all variables
c learned:                   46577        93.15 %  per conflict
c learned_lits:            8437154       100.00 %  learned literals
c minimized:                     0         0.00 %  learned literals
c shrunken:                 847794        10.05 %  learned literals
c minishrunken:            3433071        40.69 %  learned literals
c otfs:                       2474         4.95 %  of conflict
c propagations:           64223143         9.07 M  per second
c reduced:                   28718        57.43 %  per conflict
c rephased:                      9      5555.67    interval
c restarts:                   4281        11.68    interval
c stabilizing:                  10        20.38 %  of conflicts
c substituted:                2217        16.23 %  of all variables
c sweep equivs:                411         7.44 %  of swept variables
c subsumed:                  13314         8.69 %  of all clauses
c strengthened:               6528         4.26 %  of all clauses
c ticks:                 420501677         6.73    propagation
c vivified:                   4176         2.73 %  of all clauses
c walked:                        1     50001.00    interval
c weakened:                  33760         2.86    average size
c congruence:                   12      4166.75    interval
c 
c seconds are measured in process time for solving
c 
c --- [ glue usage ] ---------------------------------------------------------
c 
c focused glue 1 used 289782 clauses 74.90% accumulated 74.90% tier1
c focused glue 2 used 43802 clauses 11.32% accumulated 86.22% tier2
c 
c stable glue 1 used 244674 clauses 82.91% accumulated 82.91% tier1
c stable glue 2 used 24683 clauses 8.364% accumulated 91.28% tier2
c 
c 
c --- [ resources ] ----------------------------------------------------------
c 
c total process time since initialization:         7.09    seconds
c total real time since initialization:            7.12    seconds
c maximum resident set size of process:        57808.00    MB
c 
c --- [ shutting down ] ------------------------------------------------------
c 
c exit 0
