c --- [ banner ] -------------------------------------------------------------
c 
c CaDiCaL SAT Solver
c Copyright (c) 2016-2025
c A. Biere, M. Fleury, N. Froleyks, K. Fazekas, F. Pollitt, T. Faller
c JKU Linz, University of Freiburg, TU Wien
c 
c Version 3.0.0
c Apple clang version 17.0.0 (clang-1700.6.3.2) -Wall -Wextra -O3 -DNDEBUG -DNCLOSEFROM
c Tue Dec 23 21:53:38 UTC 2025 Darwin Tahoe-arm64.local 25.2.0 arm64
c 
c --- [ limit ] --------------------------------------------------------------
c 
c setting conflict limit to 50000 conflicts (due to '50000')
c 
c --- [ parsing input ] ------------------------------------------------------
c 
c reading DIMACS file from 'headline_hunt/bets/cascade_aux_encoding/cnfs/aux_force_sr61_n32_bit13_m4d9f691c_fill55555555.cnf'
c opening file to read 'headline_hunt/bets/cascade_aux_encoding/cnfs/aux_force_sr61_n32_bit13_m4d9f691c_fill55555555.cnf'
c found 'p cnf 12872 53915' header
c parsed 53915 clauses in 0.01 seconds process time
c 
c --- [ options ] ------------------------------------------------------------
c 
c   --seed=5                       (different from default '0')
c 
c --- [ solving ] ------------------------------------------------------------
c 
c time measured in process time since initialization
c 
c  seconds  reduction conflicts       size tier2       variables
c         MB    restarts   redundant    glue  trail         remaining
c          level     rate       size/glu tier1  irredundant
c 
c *  0.01  0  0 0   0  0    0    0 0.0 0 0 2 6  0% 53402 12391 96%
c (  0.01  0  0 0   0  0    0    0 0.0 0 0 2 6  0% 53402 12391 96%
c .  0.01  0  0 0   0  0    0    0 0.0 0 0 2 6  0% 52378 12391 96%
c c  0.03  0  0 0   0  0    0    0 0.0 0 0 2 6  0% 49675 11932 93%
c d  0.03  0  0 0   0  0    0    0 0.0 0 0 2 6  0% 45617 10588 82%
c 2  0.03  0  0 0   0  0    0    0 0.0 0 0 2 6  0% 45471 10588 82%
c f  0.04  0  0 0   0  0    0    0 0.0 0 0 2 6  0% 45205 10854 84%
c e  0.06  0  0 0   0  0    0    0 0.0 0 0 2 6  0% 37249 6847 53%
c s  0.06  0  0 0   0  0    0    0 0.0 0 0 2 6  0% 37243 6847 53%
c s  0.06  0  0 0   0  0    0    0 0.0 0 0 2 6  0% 37233 6847 53%
c P  0.07  0  0 0   0  0    0    0 0.0 0 0 2 6  0% 37233 6847 53%
c )  0.07  0  0 0   0  0    0    0 0.0 0 0 2 6  0% 37233 6847 53%
c {  0.07  0  0 0   0  0    0    0 0.0 0 0 2 6  0% 37233 6847 53%
c -  0.07  0 876 1   6 13  300  238 1.6 4 2 2 6 16% 37233 6847 53%
c -  0.07  0 638 2  33 48  737  578 1.5 4 3 2 6 15% 37233 6847 53%
c }  0.07  0 510 2  56 44 1001  811 1.5 4 3 2 6 15% 37233 6847 53%
c [  0.07  0  0 2  56  0 1001  811 0.0 0 0 2 6  0% 37233 6847 53%
c O  0.07  0 190 2  56 191 1002  812 1.3 8 6 2 6 17% 37233 6847 53%
c -  0.08  0 466 3  56  2 1418  933 1.9 20 11 2 6 24% 37233 6847 53%
c ]  0.08  0 469 3  56  2 1770 1263 1.8 23 13 2 6 24% 37233 6847 53%
c 
c  seconds   reduction conflicts       size tier2      variables
c         MB     restarts   redundant    glue  trail        remaining
c           level     rate       size/glu tier1  irredundant
c 
c {  0.08  0 510 3  56 44 1770 1263 1.5 4 3 2 6 15% 37233 6847 53%
c 2  0.09  0 397 3 102 34 2235 1678 1.5 4 3 2 6 18% 37171 6847 53%
c p  0.09  0 397 3 102 34 2235 1658 1.5 4 3 2 6 18% 37163 6837 53%
c c  0.10  0 397 3 102 34 2235 1658 1.5 4 3 2 6 18% 37120 6837 53%
c d  0.10  0 397 3 102 34 2235 1642 1.5 4 3 2 6 18% 37104 6829 53%
c 2  0.10  0 397 3 102 34 2235 1642 1.5 4 3 2 6 18% 37102 6829 53%
c t  0.10  0 397 3 102 34 2235 1642 1.5 4 3 2 6 18% 37101 6829 53%
c -  0.11  0 376 4 125 33 2365 1413 1.5 4 3 2 6 16% 37101 6829 53%
c O  0.12  0 289 4 267 29 3005 1951 1.6 5 3 2 6 14% 37101 6829 53%
c }  0.12  0 269 4 315 28 3212 2126 1.6 6 4 2 6 13% 37101 6829 53%
c [  0.12  0 469 4 315  2 3212 2126 1.8 23 13 2 6 46% 37101 6829 53%
c -  0.13  0 352 5 316  2 3583 2002 2.5 33 13 2 6 45% 37101 6829 53%
c s  0.15  0 286 5 316  2 4217 2591 2.1 35 17 2 6 35% 37083 6829 53%
c t  0.15  0 286 5 316  2 4217 2591 2.1 35 17 2 6 35% 37079 6829 53%
c e  0.16  0 286 5 316  2 4217 1962 2.1 35 17 2 6 35% 36922 6336 49%
c s  0.16  0 286 5 316  2 4217 1905 2.1 35 17 2 6 35% 36832 6336 49%
c ]  0.17  0 281 5 316  2 4296 1977 2.0 36 17 2 6 34% 36830 6336 49%
c {  0.17  0 269 5 316 28 4296 1977 1.6 6 4 2 6 13% 36830 6336 49%
c c  0.19  0 234 5 410 25 4738 2313 1.6 6 4 2 6 12% 36792 6319 49%
c d  0.19  0 234 5 410 25 4738 2300 1.6 6 4 2 6 12% 36770 6308 49%
c 
c  seconds   reduction conflicts       size tier2      variables
c         MB     restarts   redundant    glue  trail        remaining
c           level     rate       size/glu tier1  irredundant
c 
c =  0.19  0 234 5 410 25 4738 2300 1.6 6 4 2 6 12% 36686 6245 49%
c -  0.20  0 215 6 439 24 5082 1907 1.6 6 4 2 3 11% 36686 6245 49%
c #  0.21  0 181 6 654 22 6006 2701 1.7 7 4 2 3 11% 36686 6245 49%
c -  0.22  0 161 7 763 20 6869 2755 1.7 7 4 2 3 11% 36686 6245 49%
c }  0.23  0 154 7 850 20 7212 3052 1.7 7 4 2 3 11% 36686 6245 49%
c [  0.23  0 281 7 850  2 7212 3052 2.0 36 17 2 6 34% 36686 6245 49%
c c  0.24  0 267 7 850  2 7342 3072 2.0 34 17 2 6 32% 36624 6229 48%
c d  0.24  0 267 7 850  2 7342 3026 2.0 34 17 2 6 32% 36604 6219 48%
c =  0.25  0 267 7 850  2 7342 3026 2.0 34 17 2 6 32% 36564 6156 48%
c t  0.25  0 267 7 850  2 7342 3024 2.0 34 17 2 6 32% 36564 6156 48%
c f  0.25  0 267 7 850  2 7342 3024 2.0 34 17 2 6 31% 36285 6427 50%
c -  0.29  0 215 8 851  2 8941 3193 2.1 35 17 2 6 26% 36285 6427 50%
c I  0.31  0 196 8 852  2 10008 4173 2.1 36 17 2 4 24% 36285 6427 50%
c c  0.32  0 195 8 852  2 10039 4202 2.1 36 17 2 4 24% 36273 6427 50%
c =  0.33  0 195 8 852  2 10039 4202 2.1 36 17 2 4 24% 36270 6370 49%
c ]  0.34  0 191 8 852  2 10265 4411 2.1 35 17 2 4 36% 36270 6370 49%
c {  0.34  0 154 8 852 20 10265 4411 1.7 7 4 2 3 11% 36270 6370 49%
c -  0.35  0 140 9 1027 19 11304 3857 1.7 8 4 2 3 12% 36270 6370 49%
c d  0.38  0 124 9 1298 18 12823 4911 1.7 8 5 2 3 12% 36268 6345 49%
c c  0.39  0 124 9 1298 18 12823 4911 1.7 8 5 2 3 12% 36196 6345 49%
c 
c  seconds   reductions  conflicts       size tier2      variables
c         MB     restarts     redundant    glue  trail        remaining
c           level      rate        size/glu tier1  irredundant
c 
c d  0.39  0 124 9 1298 18 12823 4866 1.7 8 5 2 3 12% 36176 6335 49%
c 2  0.39  0 124 9 1298 18 12823 4865 1.7 8 5 2 3 12% 36172 6335 49%
c =  0.39  0 124 9 1298 18 12823 4865 1.7 8 5 2 3 12% 36116 6293 49%
c f  0.40  0 124 9 1298 18 12823 4861 1.7 8 5 2 3 12% 36072 6340 49%
c -  0.42  0 115 10 1522 17 13963 3669 1.7 8 5 1 2 12% 36072 6340 49%
c e  0.44  0 112 10 1591 17 14374 3391 1.7 8 5 1 2 12% 36038 6009 47%
c s  0.44  0 112 10 1591 17 14374 3339 1.7 8 5 1 2 12% 35667 6009 47%
c }  0.45  0 111 10 1619 17 14540 3477 1.7 9 5 1 2 12% 35659 6009 47%
c [  0.45  0 191 10 1619  2 14540 3477 2.1 35 17 2 4 35% 35659 6009 47%
c B  0.46  0 182 10 1619  2 15011 3920 2.1 35 17 2 4 36% 35659 6009 47%
c 2  0.46  0 175 10 1620  2 15688 4501 2.1 34 16 2 4 27% 35659 6009 47%
c c  0.48  0 175 10 1620  2 15688 4487 2.1 34 16 2 4 27% 35609 6002 47%
c d  0.48  0 175 10 1620  2 15688 4457 2.1 34 16 2 4 27% 35599 5997 47%
c =  0.48  0 175 10 1620  2 15688 4457 2.1 34 16 2 4 27% 35535 5925 46%
c -  0.51  0 167 11 1621  2 16917 3386 2.0 35 17 2 4 25% 35535 5925 46%
c c  0.56  0 162 11 1622  2 18628 4988 2.0 37 19 2 4 23% 35523 5925 46%
c =  0.57  0 162 11 1622  2 18628 4988 2.0 37 19 2 4 23% 35513 5869 46%
c u  0.57  0 162 11 1622  2 18628 4274 2.0 37 19 2 4 23% 35513 5869 46%
c v  0.57  0 162 11 1622  2 18628 4192 2.0 37 19 2 4 23% 35513 5869 46%
c w  0.58  0 162 11 1622  2 18628 4191 2.0 37 19 2 4 23% 35513 5869 46%
c 
c  seconds   reductions   conflicts       size   tier2      variables
c         MB      restarts     redundant     glue   trail        remaining
c           level       rate        size/glue  tier1  irredundant
c 
c x  0.58  0 162 11 1622  2 18628 4191 2.0 37 19 2 4 23% 35480 5869 46%
c t  0.58  0 162 11 1622  2 18628 4190 2.0 37 19 2 4 23% 35480 5869 46%
c f  0.58  0 162 11 1622  2 18628 4188 2.0 37 19 2 4 23% 35431 5920 46%
c ]  0.61  0 156 11 1622  2 19898 5313 2.0 38 19 2 4 22% 35430 5920 46%
c {  0.61  0 111 11 1622 17 19898 5313 1.7 9 5 1 2 11% 35430 5920 46%
c -  0.62  0 110 12 1677 17 20168 2984 1.7 9 5 1 2 11% 35430 5920 46%
c B  0.63  0 106 12 1856 16 21012 3754 1.7 9 5 1 2 11% 35430 5920 46%
c d  0.64  0 104 12 1964 16 21641 4299 1.7 9 5 1 2 11% 35413 5912 46%
c c  0.65  0 104 12 1964 16 21641 4299 1.7 9 5 1 2 11% 35400 5912 46%
c =  0.66  0 104 12 1964 16 21641 4297 1.7 9 5 1 2 11% 35387 5835 45%
c -  0.69  0 97 13 2295 16 23718 4017 1.7 9 5 1 2 11% 35387 5835 45%
c c  0.72  0 95 13 2467 15 24718 4896 1.7 9 5 1 2 12% 35381 5832 45%
c d  0.72  0 95 13 2467 15 24718 4887 1.7 9 5 1 2 12% 35379 5831 45%
c t  0.73  0 95 13 2467 15 24718 4886 1.7 9 5 1 2 12% 35379 5831 45%
c f  0.73  0 95 13 2467 15 24718 4882 1.7 9 5 1 2 12% 35357 5848 45%
c }  0.76  0 90 13 2801 15 26845 6785 1.8 10 6 1 2 12% 35357 5848 45%
c [  0.76  0 156 13 2801  2 26845 6785 2.0 38 19 2 4 22% 35357 5848 45%
c -  0.78  0 151 14 2801  2 27569 4941 2.0 38 19 2 4 22% 35357 5848 45%
c W  0.81  0 149 14 2801  2 28014 5364 2.1 39 19 2 4 23% 35357 5848 45%
c e  0.86  0 145 14 2802  2 29789 6632 2.2 43 19 2 4 23% 31109 5444 42%
c 
c  seconds   reductions   conflicts       size   tier2      variables
c         MB      restarts     redundant     glue   trail        remaining
c           level       rate        size/glue  tier1  irredundant
c 
c s  0.86  0 145 14 2802  2 29789 6626 2.2 43 19 2 4 23% 31083 5444 42%
c e  0.86  0 145 14 2802  2 29789 6625 2.2 43 19 2 4 23% 31079 5442 42%
c -  0.93  0 141 15 2804  2 31723 5313 2.2 48 22 2 4 30% 31079 5442 42%
c 2  0.93  0 141 15 2804  2 31723 5309 2.2 48 22 2 4 30% 31079 5442 42%
c p  0.93  0 141 15 2804  2 31723 5332 2.2 48 22 2 4 30% 31079 5441 42%
c =  0.94  0 141 15 2804  2 31723 5332 2.2 48 22 2 4 30% 31075 5378 42%
c u  0.95  0 141 15 2804  2 31723 4349 2.2 48 22 2 4 30% 30790 5378 42%
c v  0.95  0 141 15 2804  2 31723 4269 2.2 48 22 2 4 30% 30790 5378 42%
c w  0.95  0 141 15 2804  2 31723 4269 2.2 48 22 2 4 30% 30790 5378 42%
c t  0.95  0 141 15 2804  2 31723 4266 2.2 48 22 2 4 30% 30790 5378 42%
c f  0.95  0 141 15 2804  2 31723 4252 2.2 48 22 2 4 30% 30767 5402 42%
c ]  0.99  0 138 15 2804  2 33172 5645 2.2 49 22 2 4 32% 30767 5402 42%
c {  0.99  0 90 15 2804 15 33172 5645 1.8 10 6 1 2 14% 30767 5402 42%
c W  1.04  0 85 15 3317 14 36017 8210 1.8 10 6 1 2 14% 30767 5402 42%
c -  1.04  0 85 16 3341 14 36176 5253 1.8 10 6 1 2 14% 30767 5402 42%
c d  1.04  0 85 16 3341 14 36176 5245 1.8 10 6 1 2 14% 30753 5399 42%
c p  1.04  0 85 16 3341 14 36176 5303 1.8 10 6 1 2 14% 30753 5399 42%
c t  1.06  0 85 16 3341 14 36176 5303 1.8 10 6 1 2 14% 30747 5398 42%
c f  1.06  0 85 16 3341 14 36176 5296 1.8 10 6 1 2 14% 30736 5416 42%
c -  1.15  0 79 17 4208 14 40930 6333 1.8 11 6 1 2 14% 30736 5416 42%
c 
c  seconds  reductions   conflicts       size  tier2      variables
c         MB     restarts     redundant     glue  trail        remaining
c          level       rate        size/glue tier1  irredundant
c 
c d  1.15  0 79 17 4208 14 40930 6320 1.8 11 6 1 2 14% 30736 5414 42%
c p  1.15  0 79 17 4208 14 40930 6486 1.8 11 6 1 2 14% 30736 5414 42%
c 2  1.15  0 79 17 4208 14 40930 6486 1.8 11 6 1 2 14% 30734 5414 42%
c f  1.16  0 79 17 4208 14 40930 6478 1.8 11 6 1 2 14% 30683 5469 42%
c }  1.16  0 79 17 4269 14 41170 6697 1.8 11 6 1 2 14% 30683 5469 42%
c [  1.16  0 138 17 4269  2 41170 6697 2.2 49 22 2 4 31% 30683 5469 42%
c O  1.24  0 130 17 4272  2 45018 10374 2.3 48 21 2 4 30% 30683 5469 42%
c -  1.26  0 127 18 4273  2 45988 7037 2.4 49 21 2 4 30% 30683 5469 42%
c p  1.26  0 127 18 4273  2 45988 7097 2.4 49 21 2 4 30% 30683 5469 42%
c u  1.28  0 127 18 4273  2 45988 6456 2.4 49 21 2 4 30% 30683 5469 42%
c v  1.28  0 127 18 4273  2 45988 6280 2.4 49 21 2 4 30% 30683 5469 42%
c w  1.28  0 127 18 4273  2 45988 6280 2.4 49 21 2 4 30% 30683 5469 42%
c x  1.28  0 127 18 4273  2 45988 6277 2.4 49 21 2 4 30% 30635 5469 42%
c t  1.28  0 127 18 4273  2 45988 6276 2.4 49 21 2 4 30% 30635 5469 42%
c f  1.29  0 127 18 4273  2 45988 6272 2.4 49 21 2 4 30% 30635 5473 43%
c e  1.40  0 127 18 4273  2 49899 8490 2.5 53 21 2 4 32% 30615 5443 42%
c ^  1.41  0 127 18 4273  2 49899 8490 2.5 53 21 2 4 32% 30615 5443 42%
c ]  1.41  0 128 18 4273  2 50002 8588 2.5 53 21 2 4 32% 30615 5443 42%
c ?  1.41  0 128 18 4273  2 50002 8588 2.5 53 21 2 4 32% 30615 5443 42%
c 
c --- [ result ] -------------------------------------------------------------
c 
c UNKNOWN
c 
c --- [ run-time profiling ] -------------------------------------------------
c 
c process time taken by individual solving procedures
c (percentage relative to process time for solving)
c 
c         0.99   70.66% search
c         0.58   41.73% stable
c         0.41   29.16% simplify
c         0.39   27.53% unstable
c         0.12    8.45% congruence
c         0.08    5.58% sweep
c         0.06    4.49% factor
c         0.06    3.97% preprocess
c         0.04    2.89% elim
c         0.03    1.85% vivify
c         0.02    1.27% walk
c         0.02    1.12% subsume
c         0.01    1.07% fastelim
c         0.01    0.56% parse
c         0.00    0.35% backbone
c         0.00    0.15% probe
c         0.00    0.12% lucky
c         0.00    0.09% ternary
c   =================================
c         1.40   99.43% solve
c 
c last line shows process time for solving
c (percentage relative to total process time)
c 
c --- [ statistics ] ---------------------------------------------------------
c 
c chronological:             17994        35.99 %  of conflicts
c conflicts:                 50002     35675.58    per second
c backbone:                 337489      2476.98 %  of vars
c decisions:                379292    270618.41    per second
c eliminated:                 5267        38.66 %  of all variables
c factored:                    753        13.58 %  of variables
c fixed:                       941         6.91 %  of all variables
c learned:                   46777        93.55 %  per conflict
c learned_lits:            1749997       100.00 %  learned literals
c minimized:                     0         0.00 %  learned literals
c shrunken:                  64456         3.68 %  learned literals
c minishrunken:             164914         9.42 %  learned literals
c otfs:                       2027         4.05 %  of conflict
c propagations:            9118471         6.51 M  per second
c reduced:                   30330        60.66 %  per conflict
c rephased:                      9      5555.78    interval
c restarts:                   4273        11.70    interval
c stabilizing:                   6        50.00 %  of conflicts
c substituted:                1974        14.49 %  of all variables
c sweep equivs:                489        58.99 %  of swept variables
c subsumed:                   7780         5.51 %  of all clauses
c strengthened:               4059         2.88 %  of all clauses
c ticks:                  74208842         8.33    propagation
c vivified:                   1768         1.25 %  of all clauses
c walked:                        2     25001.00    interval
c weakened:                  35946         2.91    average size
c congruence:                   12      4166.83    interval
c 
c seconds are measured in process time for solving
c 
c --- [ glue usage ] ---------------------------------------------------------
c 
c focused glue 1 used 51363 clauses 66.26% accumulated 66.26% tier1
c focused glue 2 used 14698 clauses 18.96% accumulated 85.22% tier2
c 
c stable glue 1 used 107624 clauses 53.12% accumulated 53.12% tier1
c stable glue 2 used 35315 clauses 17.43% accumulated 70.55% tier2
c 
c 
c --- [ resources ] ----------------------------------------------------------
c 
c total process time since initialization:         1.41    seconds
c total real time since initialization:            1.42    seconds
c maximum resident set size of process:        40240.00    MB
c 
c --- [ shutting down ] ------------------------------------------------------
c 
c exit 0
