c --- [ banner ] -------------------------------------------------------------
c 
c CaDiCaL SAT Solver
c Copyright (c) 2016-2025
c A. Biere, M. Fleury, N. Froleyks, K. Fazekas, F. Pollitt, T. Faller
c JKU Linz, University of Freiburg, TU Wien
c 
c Version 3.0.0
c Apple clang version 17.0.0 (clang-1700.6.3.2) -Wall -Wextra -O3 -DNDEBUG -DNCLOSEFROM
c Tue Dec 23 21:53:38 UTC 2025 Darwin Tahoe-arm64.local 25.2.0 arm64
c 
c --- [ limit ] --------------------------------------------------------------
c 
c setting time limit to 60 seconds real time (due to '-t 60')
c 
c --- [ parsing input ] ------------------------------------------------------
c 
c reading DIMACS file from '/Users/mac/Desktop/sha256_review/headline_hunt/bets/cascade_aux_encoding/cnfs/aux_force_sr61_n32_bit31_m17149975_fillffffffff.cnf'
c opening file to read '/Users/mac/Desktop/sha256_review/headline_hunt/bets/cascade_aux_encoding/cnfs/aux_force_sr61_n32_bit31_m17149975_fillffffffff.cnf'
c found 'p cnf 13516 56135' header
c parsed 56135 clauses in 0.02 seconds process time
c 
c --- [ options ] ------------------------------------------------------------
c 
c   --binary=false                 (different from default 'true')
c   --seed=1                       (different from default '0')
c 
c --- [ solving ] ------------------------------------------------------------
c 
c time measured in process time since initialization
c 
c  seconds  reduction conflicts       size tier2       variables
c         MB    restarts   redundant    glue  trail         remaining
c          level     rate       size/glu tier1  irredundant
c 
c *  0.02  0  0 0   0  0    0    0 0.0 0 0 2 6  0% 55622 13035 96%
c (  0.02  0  0 0   0  0    0    0 0.0 0 0 2 6  0% 55622 13035 96%
c .  0.02  0  0 0   0  0    0    0 0.0 0 0 2 6  0% 54598 13035 96%
c c  0.05  0  0 0   0  0    0    0 0.0 0 0 2 6  0% 51650 12259 91%
c d  0.06  0  0 0   0  0    0    0 0.0 0 0 2 6  0% 46538 10861 80%
c 2  0.06  0  0 0   0  0    0    0 0.0 0 0 2 6  0% 46394 10861 80%
c f  0.08  0  0 0   0  0    0    0 0.0 0 0 2 6  0% 46128 11127 82%
c e  0.09  0  0 0   0  0    0    0 0.0 0 0 2 6  0% 37378 6868 51%
c s  0.09  0  0 0   0  0    0    0 0.0 0 0 2 6  0% 37375 6868 51%
c s  0.10  0  0 0   0  0    0    0 0.0 0 0 2 6  0% 37370 6868 51%
c s  0.10  0  0 0   0  0    0    0 0.0 0 0 2 6  0% 37370 6868 51%
c P  0.10  0  0 0   0  0    0    0 0.0 0 0 2 6  0% 37370 6868 51%
c )  0.10  0  0 0   0  0    0    0 0.0 0 0 2 6  0% 37370 6868 51%
c {  0.11  0  0 0   0  0    0    0 0.0 0 0 2 6  0% 37370 6868 51%
c -  0.11  0 1221 1  16 52  300  235 1.4 4 3 2 6 22% 37370 6868 51%
c -  0.12  0 590 2  51 38  735  593 1.5 5 3 2 6 18% 37370 6868 51%
c }  0.12  0 458 2  61 30 1001  798 1.5 5 3 2 6 17% 37370 6868 51%
c [  0.12  0  0 2  61  0 1001  798 0.0 0 0 2 6  0% 37370 6868 51%
c O  0.12  0 507 2  61 508 1002  799 1.9 19 10 2 6 26% 37370 6868 51%
c -  0.13  0 496 3  61  3 1413  905 2.0 35 17 2 6 27% 37370 6868 51%
c 
c  seconds   reduction conflicts       size   tier2      variables
c         MB     restarts   redundant     glue   trail        remaining
c           level     rate       size/glue  tier1  irredundant
c 
c ]  0.13  0 495 3  61  2 1474  958 2.0 34 17 2 6 27% 37370 6868 51%
c {  0.13  0 458 3  61 30 1474  958 1.5 5 3 2 6 17% 37370 6868 51%
c 2  0.14  0 299 3 178 23 2251 1634 1.6 6 4 2 6 10% 37308 6868 51%
c p  0.14  0 299 3 178 23 2251 1571 1.6 6 4 2 6 10% 37300 6845 51%
c c  0.16  0 299 3 178 23 2251 1571 1.6 6 4 2 6 10% 37268 6845 51%
c t  0.16  0 299 3 178 23 2251 1558 1.6 6 4 2 6 10% 37241 6832 51%
c -  0.16  0 286 4 197 23 2352 1349 1.6 6 4 2 6  9% 37241 6832 51%
c O  0.17  0 230 4 310 20 3003 1906 1.7 6 4 2 6 13% 37241 6832 51%
c }  0.17  0 220 4 335 20 3152 2024 1.7 6 4 2 6 12% 37241 6832 51%
c [  0.17  0 495 4 335  2 3152 2024 2.0 34 17 2 6 55% 37241 6832 51%
c -  0.19  0 318 5 335  2 3565 1986 2.7 44 17 2 6 41% 37241 6832 51%
c s  0.21  0 237 5 336  2 4187 2567 2.9 51 18 2 6 39% 37226 6832 51%
c t  0.21  0 237 5 336  2 4187 2567 2.9 51 18 2 6 39% 37223 6832 51%
c e  0.23  0 237 5 336  2 4187 1875 2.9 51 18 2 6 39% 37146 6346 47%
c s  0.23  0 237 5 336  2 4187 1849 2.9 51 18 2 6 39% 36947 6346 47%
c ]  0.24  0 238 5 336  2 4235 1893 2.9 50 17 2 6 39% 36947 6346 47%
c {  0.24  0 220 5 336 20 4235 1893 1.7 6 4 2 6 12% 36947 6346 47%
c 2  0.25  0 193 5 455 19 4751 2337 1.7 7 4 2 6 11% 36947 6346 47%
c c  0.26  0 193 5 455 19 4751 2312 1.7 7 4 2 6 11% 36921 6340 47%
c d  0.26  0 193 5 455 19 4751 2299 1.7 7 4 2 6 11% 36907 6333 47%
c 
c  seconds   reduction conflicts       size tier2      variables
c         MB     restarts   redundant    glue  trail        remaining
c           level     rate       size/glu tier1  irredundant
c 
c =  0.27  0 193 5 455 19 4751 2299 1.7 7 4 2 6 11% 36799 6252 46%
c -  0.27  0 184 6 471 18 5057 1937 1.7 7 4 2 3 11% 36799 6252 46%
c #  0.29  0 158 6 623 17 6006 2724 1.7 7 4 2 3 10% 36799 6252 46%
c -  0.30  0 144 7 753 16 6834 2776 1.7 8 5 2 3 10% 36799 6252 46%
c c  0.32  0 136 7 820 16 7359 3184 1.7 8 5 2 3 10% 36737 6244 46%
c d  0.32  0 136 7 820 16 7359 3134 1.7 8 5 2 3 10% 36721 6236 46%
c =  0.33  0 136 7 820 16 7359 3134 1.7 8 5 2 3 10% 36709 6154 46%
c 2  0.33  0 136 7 820 16 7359 3134 1.7 8 5 2 3 10% 36707 6154 46%
c f  0.34  0 136 7 820 16 7359 3134 1.7 8 5 2 3 10% 36424 6432 48%
c }  0.35  0 132 7 893 16 7743 3467 1.7 8 5 2 3 13% 36424 6432 48%
c [  0.35  0 238 7 893  2 7743 3467 2.9 50 17 2 6 41% 36424 6432 48%
c -  0.36  0 180 8 894  2 8900 3374 2.7 40 15 2 6 33% 36424 6432 48%
c I  0.41  0 160 8 894  2 10008 4401 2.9 41 14 2 4 31% 36424 6432 48%
c c  0.42  0 159 8 894  2 10057 4445 2.9 41 14 2 4 30% 36412 6432 48%
c =  0.43  0 159 8 894  2 10057 4445 2.9 41 14 2 4 30% 36387 6397 47%
c ]  0.44  0 153 8 894  2 10379 4738 2.8 40 14 2 4 31% 36387 6397 47%
c {  0.44  0 132 8 894 16 10379 4738 1.7 8 5 2 3 13% 36387 6397 47%
c -  0.45  0 121 9 1059 15 11258 4046 1.7 8 5 2 3 11% 36387 6397 47%
c d  0.48  0 109 9 1367 15 12845 5410 1.7 9 5 2 3 11% 36387 6391 47%
c c  0.49  0 109 9 1367 15 12845 5410 1.7 9 5 2 3 11% 36343 6391 47%
c 
c  seconds   reductions  conflicts       size tier2      variables
c         MB     restarts     redundant    glue  trail        remaining
c           level      rate        size/glu tier1  irredundant
c 
c d  0.49  0 109 9 1367 15 12845 5378 1.7 9 5 2 3 11% 36331 6385 47%
c 2  0.49  0 109 9 1367 15 12845 5378 1.7 9 5 2 3 11% 36329 6385 47%
c =  0.50  0 109 9 1367 15 12845 5378 1.7 9 5 2 3 11% 36241 6319 47%
c f  0.51  0 109 9 1367 15 12845 5378 1.7 9 5 2 3 11% 36181 6378 47%
c -  0.54  0 104 10 1617 15 13911 3987 1.7 9 5 1 2 12% 36181 6378 47%
c s  0.55  0 102 10 1712 15 14354 4183 1.7 9 5 1 2 12% 35137 6378 47%
c t  0.55  0 102 10 1712 15 14354 4182 1.7 9 5 1 2 12% 35136 6378 47%
c e  0.56  0 102 10 1712 15 14354 3495 1.7 9 5 1 2 12% 35126 6052 45%
c s  0.56  0 102 10 1712 15 14354 3440 1.7 9 5 1 2 12% 34830 6052 45%
c e  0.57  0 102 10 1712 15 14354 3440 1.7 9 5 1 2 12% 34819 6051 45%
c }  0.57  0 100 10 1789 15 14710 3766 1.7 9 5 1 2 12% 34819 6051 45%
c [  0.57  0 153 10 1789  2 14710 3766 2.8 40 14 2 4 31% 34819 6051 45%
c B  0.58  0 148 10 1790  2 15010 4047 2.8 39 14 2 4 30% 34819 6051 45%
c 2  0.60  0 142 10 1790  2 15710 4680 2.8 39 14 2 4 29% 34819 6051 45%
c c  0.61  0 142 10 1790  2 15710 4665 2.8 39 14 2 4 29% 34808 6044 45%
c =  0.62  0 142 10 1790  2 15710 4655 2.8 39 14 2 4 29% 34788 5945 44%
c u  0.62  0 142 10 1790  2 15710 4125 2.8 39 14 2 4 29% 34777 5945 44%
c v  0.63  0 142 10 1790  2 15710 4040 2.8 39 14 2 4 29% 34777 5945 44%
c w  0.63  0 142 10 1790  2 15710 4038 2.8 39 14 2 4 29% 34777 5945 44%
c x  0.63  0 142 10 1790  2 15710 4038 2.8 39 14 2 4 29% 34743 5945 44%
c 
c  seconds   reductions   conflicts       size   tier2      variables
c         MB      restarts     redundant     glue   trail        remaining
c           level       rate        size/glue  tier1  irredundant
c 
c -  0.66  0 135 11 1791  2 16859 3130 2.7 41 15 2 4 28% 34743 5945 44%
c 2  0.70  0 129 11 1792  2 18650 4830 2.8 47 17 2 4 28% 34741 5945 44%
c d  0.71  0 129 11 1792  2 18650 4823 2.8 47 17 2 4 28% 34741 5943 44%
c c  0.72  0 129 11 1792  2 18650 4823 2.8 47 17 2 4 28% 34686 5943 44%
c =  0.73  0 129 11 1792  2 18650 4819 2.8 47 17 2 4 28% 34669 5876 43%
c f  0.73  0 129 11 1792  2 18650 4819 2.8 47 17 2 4 28% 34629 5914 44%
c -  0.77  0 126 12 1793  2 20106 3616 2.8 46 17 2 4 27% 34629 5914 44%
c ]  0.77  0 126 12 1793  2 20115 3624 2.8 46 17 2 4 27% 34629 5914 44%
c {  0.77  0 100 12 1793 15 20115 3624 1.7 9 5 1 2 12% 34629 5914 44%
c B  0.78  0 97 12 1923 15 21012 4417 1.7 10 6 1 2 12% 34629 5914 44%
c d  0.80  0 96 12 2025 14 21661 4963 1.7 10 6 1 2 12% 34624 5904 44%
c c  0.81  0 96 12 2025 14 21661 4963 1.7 10 6 1 2 12% 34584 5904 44%
c d  0.81  0 96 12 2025 14 21661 4929 1.7 10 6 1 2 12% 34572 5898 44%
c 2  0.81  0 96 12 2025 14 21661 4928 1.7 10 6 1 2 12% 34568 5898 44%
c =  0.82  0 96 12 2025 14 21661 4928 1.7 10 6 1 2 12% 34562 5890 44%
c t  0.82  0 96 12 2025 14 21661 4928 1.7 10 6 1 2 12% 34561 5890 44%
c -  0.85  0 90 13 2353 14 23650 4424 1.8 10 6 1 2 12% 34561 5890 44%
c d  0.87  0 88 13 2508 14 24740 5334 1.8 10 6 1 2 12% 34561 5881 44%
c c  0.88  0 88 13 2508 14 24740 5334 1.8 10 6 1 2 12% 34553 5881 44%
c d  0.88  0 88 13 2508 14 24740 5333 1.8 10 6 1 2 12% 34551 5880 44%
c 
c  seconds  reductions   conflicts       size  tier2      variables
c         MB     restarts     redundant     glue  trail        remaining
c          level       rate        size/glue tier1  irredundant
c 
c 2  0.88  0 88 13 2508 14 24740 5333 1.8 10 6 1 2 12% 34549 5880 44%
c =  0.89  0 88 13 2508 14 24740 5333 1.8 10 6 1 2 12% 34549 5824 43%
c f  0.90  0 88 13 2508 14 24740 5329 1.8 10 6 1 2 12% 34538 5837 43%
c -  0.95  0 83 14 2942 13 27494 5263 1.8 11 6 1 2 13% 34538 5837 43%
c d  0.96  0 83 14 3026 13 27878 5576 1.8 11 6 1 2 13% 34538 5833 43%
c c  0.97  0 83 14 3026 13 27878 5576 1.8 11 6 1 2 13% 34508 5833 43%
c d  0.97  0 83 14 3026 13 27878 5566 1.8 11 6 1 2 13% 34498 5828 43%
c 2  0.97  0 83 14 3026 13 27878 5566 1.8 11 6 1 2 13% 34492 5828 43%
c =  0.98  0 83 14 3026 13 27878 5562 1.8 11 6 1 2 13% 34473 5822 43%
c }  0.98  0 83 14 3033 13 27938 5617 1.8 11 6 1 2 13% 34473 5822 43%
c [  0.98  0 126 14 3033  2 27938 5617 2.8 46 17 2 4 30% 34473 5822 43%
c W  1.00  0 126 14 3033  2 28013 5688 2.8 46 17 2 4 30% 34473 5822 43%
c e  1.03  0 126 14 3033  2 29502 6955 2.7 45 16 2 4 30% 31018 5413 40%
c s  1.03  0 126 14 3033  2 29502 6945 2.7 45 16 2 4 30% 31000 5413 40%
c -  1.07  0 120 15 3034  2 31639 5803 2.7 44 16 2 4 28% 31000 5413 40%
c 2  1.07  0 120 15 3034  2 31639 5800 2.7 44 16 2 4 28% 31000 5413 40%
c d  1.07  0 120 15 3034  2 31639 5792 2.7 44 16 2 4 28% 31000 5412 40%
c =  1.09  0 120 15 3034  2 31639 5782 2.7 44 16 2 4 28% 30992 5408 40%
c u  1.10  0 120 15 3034  2 31639 4729 2.7 44 16 2 4 28% 30677 5408 40%
c v  1.10  0 120 15 3034  2 31639 4646 2.7 44 16 2 4 28% 30677 5408 40%
c 
c  seconds   reductions   conflicts       size   tier2      variables
c         MB      restarts     redundant     glue   trail        remaining
c           level       rate        size/glue  tier1  irredundant
c 
c w  1.10  0 120 15 3034  2 31639 4644 2.7 44 16 2 4 28% 30677 5408 40%
c f  1.11  0 120 15 3034  2 31639 4642 2.7 44 16 2 4 28% 30667 5416 40%
c O  1.21  0 119 15 3037  2 36014 8772 2.5 46 19 2 4 28% 30667 5416 40%
c -  1.22  0 118 16 3037  2 36086 5136 2.5 46 19 2 4 28% 30667 5416 40%
c p  1.22  0 118 16 3037  2 36086 5141 2.5 46 19 2 4 28% 30661 5414 40%
c f  1.23  0 118 16 3037  2 36086 5141 2.5 46 19 2 4 27% 30627 5448 40%
c ]  1.26  0 118 16 3038  2 37272 6255 2.4 47 19 2 4 28% 30627 5448 40%
c {  1.26  0 83 16 3038 13 37272 6255 1.8 11 6 1 2 13% 30627 5448 40%
c -  1.33  0 79 17 3685 13 40836 6058 1.8 11 6 1 2 13% 30627 5448 40%
c p  1.34  0 79 17 3685 13 40836 6097 1.8 11 6 1 2 13% 30627 5448 40%
c c  1.34  0 79 17 3685 13 40836 6097 1.8 11 6 1 2 13% 30620 5448 40%
c f  1.35  0 79 17 3685 13 40836 6083 1.8 11 6 1 2 13% 30592 5483 41%
c W  1.44  0 76 17 4391 13 45015 9922 1.8 12 6 1 2 14% 30592 5483 41%
c -  1.46  0 75 18 4576 13 45887 7151 1.8 12 6 1 2 14% 30592 5483 41%
c d  1.46  0 75 18 4576 13 45887 7144 1.8 12 6 1 2 14% 30592 5482 41%
c p  1.46  0 75 18 4576 13 45887 7434 1.8 12 6 1 2 14% 30592 5482 41%
c =  1.49  0 75 18 4576 13 45887 7432 1.8 12 6 1 2 14% 30592 5481 41%
c u  1.49  0 75 18 4576 13 45887 6782 1.8 12 6 1 2 14% 30592 5481 41%
c v  1.50  0 75 18 4576 13 45887 6604 1.8 12 6 1 2 14% 30592 5481 41%
c w  1.50  0 75 18 4576 13 45887 6603 1.8 12 6 1 2 14% 30592 5481 41%
c 
c  seconds  reductions   conflicts       size  tier2      variables
c         MB     restarts     redundant     glue  trail        remaining
c          level       rate        size/glue tier1  irredundant
c 
c x  1.50  0 75 18 4576 13 45887 6603 1.8 12 6 1 2 14% 30564 5481 41%
c f  1.50  0 75 18 4576 13 45887 6601 1.8 12 6 1 2 14% 30565 5482 41%
c }  1.51  0 75 18 4624 13 46160 6859 1.8 12 7 1 2 14% 30565 5482 41%
c [  1.51  0 118 18 4624  2 46160 6859 2.4 47 19 2 4 27% 30565 5482 41%
c e  1.61  0 114 18 4626  2 49645 9981 2.4 48 20 2 4 27% 30517 5468 40%
c s  1.61  0 114 18 4626  2 49645 9979 2.4 48 20 2 4 27% 30510 5468 40%
c -  1.66  0 114 19 4626  2 51243 7159 2.4 50 21 2 4 27% 30508 5468 40%
c 2  1.66  0 114 19 4626  2 51243 7156 2.4 50 21 2 4 27% 30508 5468 40%
c p  1.66  0 114 19 4626  2 51243 7187 2.4 50 21 2 4 27% 30508 5468 40%
c f  1.68  0 114 19 4626  2 51243 7177 2.4 50 21 2 4 27% 30513 5473 40%
c B  1.82  0 112 19 4627  2 55017 10796 2.4 56 23 2 4 28% 30513 5473 40%
c ]  1.83  0 112 19 4627  2 56570 12203 2.4 55 23 2 4 28% 30513 5473 40%
c {  1.83  0 75 19 4627 13 56570 12203 1.8 12 7 1 2 14% 30513 5473 40%
c -  1.85  0 75 20 4712 13 56903 7400 1.8 12 7 1 2 14% 30513 5473 40%
c u  1.86  0 75 20 4712 13 56903 6846 1.8 12 7 1 2 14% 30513 5473 40%
c v  1.86  0 75 20 4712 13 56903 6696 1.8 12 7 1 2 14% 30513 5473 40%
c -  1.98  0 72 21 5536 12 62866 7952 1.8 12 7 1 2 14% 30513 5473 40%
c p  1.98  0 72 21 5536 12 62866 8117 1.8 12 7 1 2 14% 30513 5473 40%
c =  1.99  0 72 21 5536 12 62866 8117 1.8 12 7 1 2 14% 30510 5470 40%
c 2  1.99  0 72 21 5536 12 62866 8114 1.8 12 7 1 2 14% 30510 5470 40%
c 
c  seconds  reductions   conflicts       size  tier2      variables
c         MB     restarts     redundant     glue  trail        remaining
c          level       rate        size/glue tier1  irredundant
c 
c f  2.00  0 72 21 5536 12 62866 8045 1.8 12 7 1 2 14% 30549 5494 41%
c F  2.06  0 71 21 6093 12 66018 10928 1.8 13 7 1 2 14% 30549 5494 41%
c }  2.11  0 70 21 6486 12 68296 13019 1.8 13 7 1 2 14% 30549 5494 41%
c [  2.11  0 112 21 6486  2 68296 13019 2.4 55 23 2 4 28% 30549 5494 41%
c -  2.14  0 111 22 6486  2 69134 9162 2.4 55 23 2 4 28% 30549 5494 41%
c p  2.14  0 111 22 6486  2 69134 9715 2.4 55 23 2 4 28% 30549 5494 41%
c =  2.16  0 111 22 6486  2 69134 9715 2.4 55 23 2 4 28% 30546 5491 41%
c u  2.17  0 111 22 6486  2 69134 9204 2.4 55 23 2 4 28% 30546 5491 41%
c v  2.17  0 111 22 6486  2 69134 8981 2.4 55 23 2 4 28% 30546 5491 41%
c w  2.17  0 111 22 6486  2 69134 8981 2.4 55 23 2 4 28% 30546 5491 41%
c 2  2.17  0 111 22 6486  2 69134 8980 2.4 55 23 2 4 28% 30546 5491 41%
c f  2.17  0 111 22 6486  2 69134 8870 2.4 55 23 2 4 28% 30604 5541 41%
c t  2.34  0 110 22 6488  1 74448 13994 2.5 57 23 1 2 28% 30603 5541 41%
c e  2.34  0 110 22 6488  1 74448 13991 2.5 57 23 1 2 28% 30597 5533 41%
c ^  2.35  0 110 22 6488  1 74448 13991 2.5 57 23 1 2 28% 30597 5533 41%
c -  2.39  0 110 23 6489  1 75707 9302 2.4 58 24 1 2 28% 30597 5533 41%
c p  2.40  0 110 23 6489  1 75707 9394 2.4 58 24 1 2 28% 30597 5533 41%
c =  2.42  0 110 23 6489  1 75707 9393 2.4 58 24 1 2 28% 30594 5530 41%
c 2  2.42  0 110 23 6489  1 75707 9391 2.4 58 24 1 2 28% 30594 5530 41%
c W  2.52  0 110 23 6490  1 78019 11610 2.4 59 24 1 2 28% 30594 5530 41%
c 
c  seconds   reductions   conflicts        size   tier2      variables
c         MB      restarts      redundant     glue   trail        remaining
c           level       rate         size/glue  tier1  irredundant
c 
c ]  2.61  0 108 23 6492  1 81218 14688 2.4 60 25 1 2 28% 30594 5530 41%
c {  2.61  0 70 23 6492 12 81218 14688 1.8 13 7 1 2 14% 30594 5530 41%
c -  2.64  0 70 24 6686 12 82585 9654 1.8 13 7 1 2 14% 30594 5530 41%
c p  2.65  0 70 24 6686 12 82585 9655 1.8 13 7 1 2 14% 30594 5530 41%
c =  2.66  0 70 24 6686 12 82585 9655 1.8 13 7 1 2 14% 30593 5529 41%
c u  2.66  0 70 24 6686 12 82585 9130 1.8 13 7 1 2 14% 30593 5529 41%
c v  2.67  0 70 24 6686 12 82585 9013 1.8 13 7 1 2 14% 30593 5529 41%
c x  2.67  0 70 24 6686 12 82585 9009 1.8 13 7 1 2 14% 30576 5529 41%
c t  2.67  0 70 24 6686 12 82585 9008 1.8 13 7 1 2 14% 30576 5529 41%
c 2  2.67  0 70 24 6686 12 82585 9007 1.8 13 7 1 2 14% 30576 5529 41%
c -  2.85  0 68 25 7790 12 89769 10315 1.9 13 7 1 2 14% 30576 5529 41%
c p  2.85  0 68 25 7790 12 89769 10618 1.9 13 7 1 2 14% 30576 5529 41%
c f  2.87  0 68 25 7790 12 89769 10610 1.9 13 7 1 2 14% 30580 5530 41%
c B  2.90  0 68 25 7976 12 91020 11738 1.9 13 7 1 2 14% 30580 5530 41%
c }  3.00  0 67 25 8599 12 95166 15553 1.9 14 7 1 2 14% 30580 5530 41%
c [  3.00  0 108 25 8599  1 95166 15553 2.4 60 25 1 2 28% 30580 5530 41%
c -  3.07  0 107 26 8600  1 97261 11485 2.5 62 25 1 2 28% 30580 5530 41%
c p  3.07  0 107 26 8600  1 97261 11771 2.5 62 25 1 2 28% 30580 5530 41%
c u  3.08  0 107 26 8600  1 97261 11261 2.5 62 25 1 2 28% 30568 5530 41%
c v  3.08  0 107 26 8600  1 97261 11001 2.5 62 25 1 2 28% 30568 5530 41%
c 
c  seconds   reductions   conflicts        size   tier2      variables
c         MB      restarts      redundant     glue   trail        remaining
c           level       rate         size/glue  tier1  irredundant
c 
c w  3.08  0 107 26 8600  1 97261 11001 2.5 62 25 1 2 28% 30568 5530 41%
c e  3.31  0 105 26 8604  1 104057 9981 2.5 63 25 1 2 29% 30888 5158 38%
c s  3.31  0 105 26 8604  1 104057 9899 2.5 63 25 1 2 29% 30757 5158 38%
c e  3.31  0 105 26 8604  1 104057 9563 2.5 63 25 1 2 29% 30715 5131 38%
c I  3.34  0 105 26 8605  1 105022 10473 2.5 62 25 1 2 17% 30715 5131 38%
c -  3.34  0 105 27 8605  1 105058 8138 2.5 62 25 1 2 17% 30715 5131 38%
c 2  3.34  0 105 27 8605  1 105058 8060 2.5 62 25 1 2 17% 30715 5131 38%
c p  3.34  0 105 27 8605  1 105058 8060 2.5 62 25 1 2 17% 30715 5131 38%
c t  3.37  0 105 27 8605  1 105058 8060 2.5 62 25 1 2 17% 30714 5131 38%
c f  3.38  0 105 27 8605  1 105058 8059 2.5 62 25 1 2 17% 30636 5169 38%
c ]  3.57  0 101 27 8607  1 111031 13650 2.5 61 24 1 2 21% 30636 5169 38%
c {  3.57  0 67 27 8607 12 111031 13650 1.9 14 7 1 2 17% 30636 5169 38%
c -  3.61  0 66 28 8804 12 113163 9822 1.9 14 7 1 2 16% 30636 5169 38%
c p  3.61  0 66 28 8804 12 113163 10237 1.9 14 7 1 2 16% 30636 5169 38%
c u  3.62  0 66 28 8804 12 113163 9785 1.9 14 7 1 2 16% 30636 5169 38%
c v  3.62  0 66 28 8804 12 113163 9718 1.9 14 7 1 2 16% 30636 5169 38%
c w  3.62  0 66 28 8804 12 113163 9717 1.9 14 7 1 2 16% 30636 5169 38%
c x  3.63  0 66 28 8804 12 113163 9706 1.9 14 7 1 2 16% 30566 5169 38%
c t  3.63  0 66 28 8804 12 113163 9706 1.9 14 7 1 2 16% 30563 5169 38%
c f  3.63  0 66 28 8804 12 113163 9700 1.9 14 7 1 2 16% 30552 5175 38%
c 
c  seconds  reductions   conflicts         size  tier2      variables
c         MB     restarts       redundant     glue  trail        remaining
c          level       rate          size/glue tier1  irredundant
c 
c W  3.80  0 66 28 9685 11 120025 15979 1.9 14 7 1 2 16% 30552 5175 38%
c -  3.84  0 65 29 9895 11 121573 10834 1.9 14 7 1 2 16% 30552 5175 38%
c p  3.84  0 65 29 9895 11 121573 10835 1.9 14 7 1 2 16% 30552 5175 38%
c }  4.06  0 64 29 11031 11 130258 18822 1.9 15 8 1 2 16% 30552 5175 38%
c [  4.06  0 101 29 11031  1 130258 18822 2.5 61 24 1 2 21% 30552 5175 38%
c -  4.07  0 101 30 11031  1 130289 12234 2.5 61 24 1 2 21% 30552 5175 38%
c p  4.07  0 101 30 11031  1 130289 12628 2.5 61 24 1 2 21% 30552 5175 38%
c u  4.10  0 101 30 11031  1 130289 12240 2.5 61 24 1 2 21% 30398 5175 38%
c v  4.10  0 101 30 11031  1 130289 12095 2.5 61 24 1 2 21% 30398 5175 38%
c w  4.11  0 101 30 11031  1 130289 12095 2.5 61 24 1 2 21% 30398 5175 38%
c x  4.11  0 101 30 11031  1 130289 12095 2.5 61 24 1 2 21% 30229 5175 38%
c t  4.11  0 101 30 11031  1 130289 12095 2.5 61 24 1 2 21% 30227 5175 38%
c B  4.29  0 100 30 11032  1 136026 17548 2.5 61 25 1 2 26% 30227 5175 38%
c -  4.41  0 99 31 11032  1 139312 12494 2.6 62 24 1 2 28% 30227 5175 38%
c t  4.41  0 99 31 11032  1 139312 12491 2.6 62 24 1 2 28% 30226 5175 38%
c e  4.45  0 99 31 11033  1 140201 12744 2.6 63 24 1 2 28% 30231 5126 38%
c s  4.45  0 99 31 11033  1 140201 12740 2.6 63 24 1 2 28% 30211 5126 38%
c e  4.46  0 99 31 11033  1 140201 12731 2.6 63 24 1 2 28% 30209 5122 38%
c -  4.73  0 98 32 11033  1 148643 11955 2.6 63 24 1 2 30% 30209 5122 38%
c 2  4.73  0 98 32 11033  1 148643 11954 2.6 63 24 1 2 30% 30209 5122 38%
c 
c  seconds  reductions    conflicts         size   tier2      variables
c         MB      restarts       redundant     glue   trail        remaining
c          level        rate          size/glue  tier1  irredundant
c 
c p  4.73  0 98 32 11033  1 148643 12286 2.6 63 24 1 2 30% 30209 5122 38%
c u  4.75  0 98 32 11033  1 148643 11660 2.6 63 24 1 2 30% 30205 5122 38%
c v  4.75  0 98 32 11033  1 148643 11378 2.6 63 24 1 2 30% 30205 5122 38%
c w  4.76  0 98 32 11033  1 148643 11377 2.6 63 24 1 2 30% 30205 5122 38%
c f  4.76  0 98 32 11033  1 148643 11372 2.6 63 24 1 2 30% 30159 5147 38%
c ]  4.91  0 97 32 11033  1 153027 15617 2.6 62 24 1 2 30% 30159 5147 38%
c {  4.91  0 64 32 11033 11 153027 15617 1.9 15 8 1 2 16% 30159 5147 38%
c W  4.91  0 64 32 11034 11 153028 15618 1.9 15 8 1 2 16% 30159 5147 38%
c -  5.00  0 63 33 11515 11 158281 12427 1.9 15 8 1 2 16% 30159 5147 38%
c p  5.00  0 63 33 11515 11 158281 12458 1.9 15 8 1 2 16% 30159 5147 38%
c -  5.23  0 62 34 12727 10 168227 14064 2.0 15 8 1 2 15% 30159 5147 38%
c p  5.23  0 62 34 12727 10 168227 14404 2.0 15 8 1 2 15% 30159 5147 38%
c u  5.26  0 62 34 12727 10 168227 14119 2.0 15 8 1 2 15% 30159 5147 38%
c v  5.26  0 62 34 12727 10 168227 13990 2.0 15 8 1 2 15% 30159 5147 38%
c w  5.26  0 62 34 12727 10 168227 13990 2.0 15 8 1 2 15% 30159 5147 38%
c x  5.27  0 62 34 12727 10 168227 13985 2.0 15 8 1 2 15% 30147 5147 38%
c f  5.27  0 62 34 12727 10 168227 13983 2.0 15 8 1 2 15% 30144 5149 38%
c #  5.34  0 62 34 13128 10 171031 16551 2.0 15 8 1 2 15% 30144 5149 38%
c }  5.46  0 62 34 13764 10 176128 21203 2.0 15 8 1 2 15% 30144 5149 38%
c [  5.46  0 97 34 13764  1 176128 21203 2.6 62 24 1 2 30% 30144 5149 38%
c 
c  seconds  reductions    conflicts         size   tier2      variables
c         MB      restarts       redundant     glue   trail        remaining
c          level        rate          size/glue  tier1  irredundant
c 
c -  5.52  0 96 35 13764  1 178480 15047 2.6 62 24 1 2 31% 30144 5149 38%
c p  5.52  0 96 35 13764  1 178480 15079 2.6 62 24 1 2 31% 30144 5149 38%
c e  5.61  0 96 35 13766  1 181165 17153 2.6 61 24 1 2 30% 30146 5132 38%
c s  5.61  0 96 35 13766  1 181165 17148 2.6 61 24 1 2 30% 30134 5132 38%
c e  5.61  0 96 35 13766  1 181165 17148 2.6 61 24 1 2 30% 30132 5131 38%
c -  5.82  0 96 36 13771  1 189041 15664 2.6 61 24 1 2 30% 30132 5131 38%
c 2  5.82  0 96 36 13771  1 189041 15661 2.6 61 24 1 2 30% 30132 5131 38%
c p  5.83  0 96 36 13771  1 189041 15977 2.6 61 24 1 2 30% 30132 5131 38%
c u  5.83  0 96 36 13771  1 189041 15417 2.6 61 24 1 2 30% 29929 5131 38%
c v  5.84  0 96 36 13771  1 189041 15178 2.6 61 24 1 2 30% 29929 5131 38%
c w  5.84  0 96 36 13771  1 189041 15178 2.6 61 24 1 2 30% 29929 5131 38%
c f  5.84  0 96 36 13771  1 189041 15178 2.6 61 24 1 2 30% 29927 5132 38%
c O  5.87  0 96 36 13771  1 190032 16109 2.6 61 24 1 2 29% 29927 5132 38%
c -  6.16  0 96 37 13777  1 199910 15359 2.5 61 24 1 2 29% 29927 5132 38%
c p  6.17  0 96 37 13777  1 199910 15367 2.5 61 24 1 2 29% 29927 5132 38%
c ]  6.27  0 96 37 13778  1 203268 18605 2.5 60 24 1 2 28% 29927 5132 38%
c {  6.27  0 62 37 13778 10 203268 18605 2.0 15 8 1 2 15% 29927 5132 38%
c B  6.46  0 61 37 14830 10 210033 24847 2.0 15 8 1 2 15% 29927 5132 38%
c -  6.50  0 61 38 14989 10 211087 16377 2.0 15 8 1 2 15% 29927 5132 38%
c p  6.50  0 61 38 14989 10 211087 16714 2.0 15 8 1 2 15% 29927 5132 38%
c 
c  seconds  reductions    conflicts         size  tier2      variables
c         MB      restarts       redundant     glue  trail        remaining
c          level        rate          size/glue tier1  irredundant
c 
c u  6.52  0 61 38 14989 10 211087 16164 2.0 15 8 1 2 15% 29927 5132 38%
c v  6.53  0 61 38 14989 10 211087 15846 2.0 15 8 1 2 15% 29927 5132 38%
c w  6.53  0 61 38 14989 10 211087 15845 2.0 15 8 1 2 15% 29927 5132 38%
c t  6.53  0 61 38 14989 10 211087 15844 2.0 15 8 1 2 15% 29927 5132 38%
c -  6.81  0 61 39 16371 10 222573 17045 2.0 16 8 1 2 15% 29927 5132 38%
c p  6.81  0 61 39 16371 10 222573 17200 2.0 16 8 1 2 15% 29927 5132 38%
c =  6.84  0 61 39 16371 10 222573 17178 2.0 16 8 1 2 15% 29729 5082 38%
c u  6.85  0 61 39 16371 10 222573 17054 2.0 16 8 1 2 15% 29637 5082 38%
c v  6.85  0 61 39 16371 10 222573 16964 2.0 16 8 1 2 15% 29637 5082 38%
c x  6.86  0 61 39 16371 10 222573 16964 2.0 16 8 1 2 15% 29590 5082 38%
c }  6.95  0 61 39 16841 10 225931 20039 2.0 16 8 1 2 15% 29590 5082 38%
c [  6.95  0 96 39 16841  1 225931 20039 2.5 60 24 1 2 28% 29590 5082 38%
c e  7.02  0 96 39 16841  1 227137 21152 2.5 61 24 1 2 28% 28189 4868 36%
c ^  7.02  0 96 39 16841  1 227137 21152 2.5 61 24 1 2 28% 28189 4868 36%
c B  7.14  0 96 39 16842  1 231034 24917 2.5 61 24 1 2 29% 28189 4868 36%
c -  7.27  0 96 40 16842  1 234367 17982 2.5 63 25 1 2 29% 28189 4868 36%
c p  7.27  0 96 40 16842  1 234367 18167 2.5 63 25 1 2 29% 28189 4868 36%
c u  7.28  0 96 40 16842  1 234367 17784 2.5 63 25 1 2 29% 28189 4868 36%
c v  7.28  0 96 40 16842  1 234367 17666 2.5 63 25 1 2 29% 28189 4868 36%
c w  7.28  0 96 40 16842  1 234367 17662 2.5 63 25 1 2 29% 28189 4868 36%
c 
c  seconds  reductions    conflicts         size   tier2      variables
c         MB      restarts       redundant     glue   trail        remaining
c          level        rate          size/glue  tier1  irredundant
c 
c t  7.28  0 96 40 16842  1 234367 17661 2.5 63 25 1 2 29% 28189 4868 36%
c -  7.65  0 95 41 16849  1 246473 17895 2.5 63 25 1 2 29% 28189 4868 36%
c p  7.66  0 95 41 16849  1 246473 18047 2.5 63 25 1 2 29% 28189 4868 36%
c u  7.66  0 95 41 16849  1 246473 17900 2.5 63 25 1 2 29% 28189 4868 36%
c v  7.66  0 95 41 16849  1 246473 17808 2.5 63 25 1 2 29% 28189 4868 36%
c w  7.66  0 95 41 16849  1 246473 17806 2.5 63 25 1 2 29% 28189 4868 36%
c W  7.94  0 95 41 16853  1 253035 24149 2.5 63 25 1 2 28% 28189 4868 36%
c ]  8.01  0 95 41 16855  1 254806 25858 2.5 63 25 1 2 28% 28189 4868 36%
c {  8.01  0 61 41 16855 10 254806 25858 2.0 16 8 1 2 15% 28189 4868 36%
c -  8.13  0 61 42 17368 10 258884 18511 2.0 16 8 1 2 15% 28189 4868 36%
c p  8.13  0 61 42 17368 10 258884 18697 2.0 16 8 1 2 15% 28189 4868 36%
c u  8.17  0 61 42 17368 10 258884 18488 2.0 16 8 1 2 15% 28189 4868 36%
c v  8.17  0 61 42 17368 10 258884 18382 2.0 16 8 1 2 15% 28189 4868 36%
c w  8.17  0 61 42 17368 10 258884 18382 2.0 16 8 1 2 15% 28189 4868 36%
c -  8.53  0 60 43 18957 10 271604 19806 2.0 16 8 1 2 15% 28189 4868 36%
c p  8.53  0 60 43 18957 10 271604 20142 2.0 16 8 1 2 15% 28189 4868 36%
c u  8.54  0 60 43 18957 10 271604 19943 2.0 16 8 1 2 15% 28189 4868 36%
c v  8.54  0 60 43 18957 10 271604 19829 2.0 16 8 1 2 15% 28189 4868 36%
c W  8.69  0 60 43 19641 10 276036 23935 2.0 16 8 1 2 15% 28189 4868 36%
c e  8.77  0 60 43 19907 10 277813 21883 2.0 16 8 1 2 15% 28652 4609 34%
c 
c  seconds  reductions    conflicts         size  tier2      variables
c         MB      restarts       redundant     glue  trail        remaining
c          level        rate          size/glue tier1  irredundant
c 
c s  8.77  0 60 43 19907 10 277813 21795 2.0 16 8 1 2 15% 28579 4609 34%
c e  8.77  0 60 43 19907 10 277813 21794 2.0 16 8 1 2 15% 28573 4606 34%
c }  8.84  0 60 43 20160 10 280779 24516 2.0 16 8 1 2 18% 28573 4606 34%
c [  8.84  0 95 43 20160  1 280779 24516 2.5 63 25 1 2 32% 28573 4606 34%
c -  8.96  0 94 44 20161  1 284633 18812 2.5 63 25 1 2 32% 28573 4606 34%
c 2  8.96  0 94 44 20161  1 284633 18808 2.5 63 25 1 2 32% 28573 4606 34%
c p  8.96  0 94 44 20161  1 284633 19060 2.5 63 25 1 2 32% 28573 4606 34%
c u  8.97  0 94 44 20161  1 284633 18625 2.5 63 25 1 2 32% 28573 4606 34%
c v  8.97  0 94 44 20161  1 284633 18498 2.5 63 25 1 2 32% 28573 4606 34%
c w  8.97  0 94 44 20161  1 284633 18498 2.5 63 25 1 2 32% 28573 4606 34%
c f  8.98  0 94 44 20161  1 284633 18488 2.5 63 25 1 2 32% 28529 4623 34%
c -  9.42  0 93 45 20163  1 297973 19146 2.5 66 27 1 2 31% 28529 4623 34%
c p  9.42  0 93 45 20163  1 297973 19322 2.5 66 27 1 2 31% 28529 4623 34%
c u  9.44  0 93 45 20163  1 297973 19180 2.5 66 27 1 2 31% 28529 4623 34%
c v  9.44  0 93 45 20163  1 297973 19064 2.5 66 27 1 2 31% 28529 4623 34%
c w  9.44  0 93 45 20163  1 297973 19064 2.5 66 27 1 2 31% 28529 4623 34%
c I  9.51  0 93 45 20163  1 300037 21013 2.5 66 27 1 2 31% 28529 4623 34%
c -  9.90  0 92 46 20164  1 311621 18239 2.5 66 26 1 2 31% 28529 4623 34%
c p  9.90  0 92 46 20164  1 311621 18319 2.5 66 26 1 2 31% 28529 4623 34%
c u  9.93  0 92 46 20164  1 311621 18154 2.5 66 26 1 2 31% 28529 4623 34%
c 
c  seconds  reductions    conflicts         size   tier2      variables
c         MB      restarts       redundant     glue   trail        remaining
c          level        rate          size/glue  tier1  irredundant
c 
c v  9.94  0 92 46 20164  1 311621 18019 2.5 66 26 1 2 31% 28529 4623 34%
c w  9.94  0 92 46 20164  1 311621 18017 2.5 66 26 1 2 31% 28529 4623 34%
c t  9.94  0 92 46 20164  1 311621 18016 2.5 66 26 1 2 31% 28529 4623 34%
c ] 10.12  0 91 46 20164  1 317106 23334 2.5 67 27 1 2 31% 28529 4623 34%
c { 10.12  0 60 46 20164 10 317106 23334 2.0 16 8 1 2 18% 28529 4623 34%
c F 10.34  0 60 46 21128 10 325038 30587 2.0 17 8 1 2 16% 28529 4623 34%
c - 10.36  0 60 47 21147 10 325577 19497 2.0 17 8 1 2 16% 28529 4623 34%
c p 10.36  0 60 47 21147 10 325577 19745 2.0 17 8 1 2 16% 28529 4623 34%
c u 10.37  0 60 47 21147 10 325577 19439 2.0 17 8 1 2 16% 28529 4623 34%
c v 10.37  0 60 47 21147 10 325577 19338 2.0 17 8 1 2 16% 28529 4623 34%
c w 10.37  0 60 47 21147 10 325577 19338 2.0 17 8 1 2 16% 28529 4623 34%
c e 10.64  0 59 47 22379  9 335744 28748 2.0 17 8 1 2 16% 28533 4621 34%
c ^ 10.65  0 59 47 22379  9 335744 28748 2.0 17 8 1 2 16% 28533 4621 34%
c - 10.78  0 59 48 22929  9 339841 21228 2.0 17 8 1 2 16% 28533 4621 34%
c p 10.78  0 59 48 22929  9 339841 21473 2.0 17 8 1 2 16% 28533 4621 34%
c u 10.79  0 59 48 22929  9 339841 21345 2.0 17 8 1 2 16% 28533 4621 34%
c v 10.79  0 59 48 22929  9 339841 21195 2.0 17 8 1 2 16% 28533 4621 34%
c x 10.80  0 59 48 22929  9 339841 21195 2.0 17 8 1 2 16% 28532 4621 34%
c } 11.02  0 59 48 23867  9 348447 29048 2.0 17 8 1 2 16% 28532 4621 34%
c [ 11.02  0 91 48 23867  1 348447 29048 2.5 67 27 1 2 31% 28532 4621 34%
c 
c  seconds  reductions    conflicts         size   tier2      variables
c         MB      restarts       redundant     glue   trail        remaining
c          level        rate          size/glue  tier1  irredundant
c 
c B 11.09  0 91 48 23867  1 351040 31560 2.5 66 27 1 2 31% 28532 4621 34%
c - 11.24  0 91 49 23867  1 354414 22545 2.5 67 27 1 2 31% 28532 4621 34%
c p 11.24  0 91 49 23867  1 354414 22785 2.5 67 27 1 2 31% 28532 4621 34%
c u 11.25  0 91 49 23867  1 354414 22515 2.5 67 27 1 2 31% 28532 4621 34%
c v 11.25  0 91 49 23867  1 354414 22411 2.5 67 27 1 2 31% 28532 4621 34%
c w 11.25  0 91 49 23867  1 354414 22408 2.5 67 27 1 2 31% 28532 4621 34%
c - 11.76  0 90 50 23867  1 369297 22373 2.5 68 27 1 2 31% 28532 4621 34%
c p 11.76  0 90 50 23867  1 369297 22616 2.5 68 27 1 2 31% 28532 4621 34%
c u 11.77  0 90 50 23867  1 369297 22340 2.5 68 27 1 2 31% 28532 4621 34%
c v 11.78  0 90 50 23867  1 369297 22215 2.5 68 27 1 2 31% 28532 4621 34%
c w 11.78  0 90 50 23867  1 369297 22215 2.5 68 27 1 2 31% 28532 4621 34%
c W 12.17  0 91 50 23869  1 378043 30696 2.5 68 28 1 2 30% 28532 4621 34%
c - 12.36  0 91 51 23873  1 384489 21553 2.5 68 27 1 2 30% 28532 4621 34%
c p 12.37  0 91 51 23873  1 384489 21791 2.5 68 27 1 2 30% 28532 4621 34%
c u 12.41  0 91 51 23873  1 384489 21690 2.5 68 27 1 2 30% 28532 4621 34%
c v 12.41  0 91 51 23873  1 384489 21553 2.5 68 27 1 2 30% 28532 4621 34%
c w 12.41  0 91 51 23873  1 384489 21553 2.5 68 27 1 2 30% 28532 4621 34%
c ] 12.48  0 91 51 23874  1 386791 23794 2.5 67 27 1 2 30% 28532 4621 34%
c { 12.48  0 59 51 23874  9 386791 23794 2.0 17 8 1 2 16% 28532 4621 34%
c e 12.88  0 59 51 25379  9 398777 23228 2.0 17 9 1 2 16% 29744 4195 31%
c 
c  seconds  reductions    conflicts         size  tier2      variables
c         MB      restarts       redundant     glue  trail        remaining
c          level        rate          size/glue tier1  irredundant
c 
c s 12.89  0 59 51 25379  9 398777 23051 2.0 17 9 1 2 16% 29640 4195 31%
c e 12.89  0 59 51 25379  9 398777 23019 2.0 17 9 1 2 16% 29742 4156 31%
c - 12.93  0 59 52 25490  9 399992 17294 2.0 17 9 1 2 16% 29742 4156 31%
c 2 12.93  0 59 52 25490  9 399992 17288 2.0 17 9 1 2 16% 29742 4156 31%
c p 12.93  0 59 52 25490  9 399992 17381 2.0 17 9 1 2 16% 29742 4156 31%
c u 12.94  0 59 52 25490  9 399992 17068 2.0 17 9 1 2 16% 29742 4156 31%
c v 12.94  0 59 52 25490  9 399992 16844 2.0 17 9 1 2 16% 29742 4156 31%
c w 12.94  0 59 52 25490  9 399992 16844 2.0 17 9 1 2 16% 29742 4156 31%
c t 12.94  0 59 52 25490  9 399992 16844 2.0 17 9 1 2 16% 29740 4156 31%
c f 12.96  0 59 52 25490  9 399992 16837 2.0 17 9 1 2 16% 29652 4175 31%
c B 13.08  0 59 52 26007  9 406047 22413 2.0 17 9 1 2 16% 29652 4175 31%
c - 13.36  0 59 53 27088  9 415804 20265 2.0 17 9 1 2 17% 29652 4175 31%
c p 13.36  0 59 53 27088  9 415804 20345 2.0 17 9 1 2 17% 29652 4175 31%
c u 13.38  0 59 53 27088  9 415804 20061 2.0 17 9 1 2 17% 29652 4175 31%
c v 13.38  0 59 53 27088  9 415804 19924 2.0 17 9 1 2 17% 29652 4175 31%
c } 13.58  0 59 53 27978  9 423091 26663 2.0 17 9 1 2 17% 29652 4175 31%
c [ 13.58  0 91 53 27978  1 423091 26663 2.5 67 27 1 2 33% 29652 4175 31%
c - 13.86  0 91 54 27984  1 431925 21881 2.5 67 27 1 2 33% 29652 4175 31%
c p 13.86  0 91 54 27984  1 431925 21950 2.5 67 27 1 2 33% 29652 4175 31%
c u 13.87  0 91 54 27984  1 431925 21628 2.5 67 27 1 2 33% 29652 4175 31%
c 
c  seconds  reductions    conflicts         size   tier2      variables
c         MB      restarts       redundant     glue   trail        remaining
c          level        rate          size/glue  tier1  irredundant
c 
c v 13.87  0 91 54 27984  1 431925 21562 2.5 67 27 1 2 33% 29652 4175 31%
c w 13.87  0 91 54 27984  1 431925 21560 2.5 67 27 1 2 33% 29652 4175 31%
c O 13.97  0 90 54 27985  1 435048 24574 2.5 67 27 1 2 33% 29652 4175 31%
c - 14.35  0 91 55 27989  1 448355 21896 2.5 66 27 1 2 33% 29652 4175 31%
c p 14.35  0 91 55 27989  1 448355 21962 2.5 66 27 1 2 33% 29652 4175 31%
c u 14.36  0 91 55 27989  1 448355 21689 2.5 66 27 1 2 33% 29652 4175 31%
c v 14.36  0 91 55 27989  1 448355 21589 2.5 66 27 1 2 33% 29652 4175 31%
c w 14.36  0 91 55 27989  1 448355 21586 2.5 66 27 1 2 33% 29652 4175 31%
c B 14.89  0 90 55 27999  1 465050 37701 2.4 66 27 1 2 33% 29652 4175 31%
c - 14.90  0 91 56 27999  1 465098 21067 2.4 66 27 1 2 33% 29652 4175 31%
c p 14.90  0 91 56 27999  1 465098 21134 2.4 66 27 1 2 33% 29652 4175 31%
c u 14.91  0 91 56 27999  1 465098 21014 2.4 66 27 1 2 33% 29652 4175 31%
c v 14.91  0 91 56 27999  1 465098 20870 2.4 66 27 1 2 33% 29652 4175 31%
c w 14.91  0 91 56 27999  1 465098 20869 2.4 66 27 1 2 33% 29652 4175 31%
c e 15.17  0 91 56 28001  1 472602 27919 2.4 67 27 1 2 32% 29663 4172 31%
c s 15.17  0 91 56 28001  1 472602 27919 2.4 67 27 1 2 32% 29662 4172 31%
c ] 15.21  0 91 56 28001  1 473572 28842 2.4 67 27 1 2 32% 29662 4172 31%
c { 15.21  0 59 56 28001  9 473572 28842 2.0 17 9 1 2 17% 29662 4172 31%
c - 15.48  0 59 57 28875  9 482148 22399 2.0 18 9 1 2 16% 29662 4172 31%
c p 15.48  0 59 57 28875  9 482148 22465 2.0 18 9 1 2 16% 29662 4172 31%
c 
c  seconds  reductions    conflicts         size  tier2      variables
c         MB      restarts       redundant     glue  trail        remaining
c          level        rate          size/glue tier1  irredundant
c 
c u 15.53  0 59 57 28875  9 482148 22207 2.0 18 9 1 2 16% 29662 4172 31%
c v 15.54  0 59 57 28875  9 482148 22018 2.0 18 9 1 2 16% 29662 4172 31%
c W 16.03  0 59 57 30480  9 496052 34832 2.0 18 9 1 2 16% 29662 4172 31%
c - 16.16  0 59 58 30854  9 499507 24389 2.0 18 9 1 2 16% 29662 4172 31%
c p 16.16  0 59 58 30854  9 499507 24455 2.0 18 9 1 2 16% 29662 4172 31%
c u 16.17  0 59 58 30854  9 499507 24199 2.0 18 9 1 2 16% 29662 4172 31%
c v 16.18  0 59 58 30854  9 499507 23983 2.0 18 9 1 2 16% 29662 4172 31%
c w 16.18  0 59 58 30854  9 499507 23983 2.0 18 9 1 2 16% 29662 4172 31%
c } 16.54  0 59 58 32207  9 511884 35474 2.0 18 9 1 2 16% 29662 4172 31%
c [ 16.54  0 91 58 32207  1 511884 35474 2.4 67 27 1 2 32% 29662 4172 31%
c - 16.71  0 89 59 32207  1 517176 25859 2.5 67 27 1 2 32% 29662 4172 31%
c p 16.71  0 89 59 32207  1 517176 25922 2.5 67 27 1 2 32% 29662 4172 31%
c u 16.72  0 89 59 32207  1 517176 25703 2.5 67 27 1 2 32% 29662 4172 31%
c v 16.73  0 89 59 32207  1 517176 25580 2.5 67 27 1 2 32% 29662 4172 31%
c w 16.73  0 89 59 32207  1 517176 25580 2.5 67 27 1 2 32% 29662 4172 31%
c W 17.12  0 89 59 32208  1 528053 36161 2.5 67 27 1 2 33% 29662 4172 31%
c - 17.42  0 88 60 32209  1 535155 25944 2.5 68 27 1 2 33% 29662 4172 31%
c p 17.42  0 88 60 32209  1 535155 26008 2.5 68 27 1 2 33% 29662 4172 31%
c u 17.43  0 88 60 32209  1 535155 25689 2.5 68 27 1 2 33% 29662 4172 31%
c v 17.43  0 88 60 32209  1 535155 25550 2.5 68 27 1 2 33% 29662 4172 31%
c 
c  seconds  reductions    conflicts         size   tier2      variables
c         MB      restarts       redundant     glue   trail        remaining
c          level        rate          size/glue  tier1  irredundant
c 
c w 17.43  0 88 60 32209  1 535155 25548 2.5 68 27 1 2 33% 29662 4172 31%
c - 18.13  0 89 61 32221  1 553444 24318 2.4 68 28 1 2 32% 29662 4172 31%
c p 18.13  0 89 61 32221  1 553444 24379 2.4 68 28 1 2 32% 29662 4172 31%
c u 18.14  0 89 61 32221  1 553444 24330 2.4 68 28 1 2 32% 29662 4172 31%
c v 18.14  0 89 61 32221  1 553444 24215 2.4 68 28 1 2 32% 29662 4172 31%
c w 18.14  0 89 61 32221  1 553444 24213 2.4 68 28 1 2 32% 29662 4172 31%
c x 18.15  0 89 61 32221  1 553444 24213 2.4 68 28 1 2 32% 29661 4172 31%
c ^ 18.16  0 89 61 32221  1 553444 24213 2.4 68 28 1 2 32% 29661 4172 31%
c ] 18.42  0 89 61 32223  1 560420 30873 2.4 69 29 1 2 32% 29661 4172 31%
c { 18.42  0 59 61 32223  9 560420 30873 2.0 18 9 1 2 16% 29661 4172 31%
c # 18.44  0 59 61 32264  9 561054 31456 2.0 18 9 1 2 16% 29661 4172 31%
c - 18.80  0 58 62 33386  9 572043 26175 2.0 18 9 1 2 16% 29661 4172 31%
c p 18.80  0 58 62 33386  9 572043 26237 2.0 18 9 1 2 16% 29661 4172 31%
c u 18.82  0 58 62 33386  9 572043 26036 2.0 18 9 1 2 16% 29660 4172 31%
c v 18.83  0 58 62 33386  9 572043 25836 2.0 18 9 1 2 16% 29660 4172 31%
c - 19.46  0 58 63 35435  9 590951 28254 2.0 18 9 1 2 16% 29660 4172 31%
c p 19.46  0 58 63 35435  9 590951 28317 2.0 18 9 1 2 16% 29660 4172 31%
c u 19.47  0 58 63 35435  9 590951 28079 2.0 18 9 1 2 16% 29660 4172 31%
c v 19.48  0 58 63 35435  9 590951 27929 2.0 18 9 1 2 16% 29660 4172 31%
c B 19.60  0 58 63 35849  8 595056 31730 2.0 18 9 1 2 16% 29660 4172 31%
c 
c  seconds  reductions    conflicts         size  tier2      variables
c         MB      restarts       redundant     glue  trail        remaining
c          level        rate          size/glue tier1  irredundant
c 
c } 19.80  0 58 63 36557  8 600881 37158 2.0 18 9 1 2 16% 29660 4172 31%
c [ 19.80  0 89 63 36557  1 600881 37158 2.4 69 29 1 2 32% 29660 4172 31%
c - 20.08  0 88 64 36560  1 610170 29416 2.4 68 28 1 2 32% 29660 4172 31%
c p 20.08  0 88 64 36560  1 610170 29479 2.4 68 28 1 2 32% 29660 4172 31%
c u 20.10  0 88 64 36560  1 610170 29349 2.4 68 28 1 2 32% 29660 4172 31%
c v 20.10  0 88 64 36560  1 610170 29212 2.4 68 28 1 2 32% 29660 4172 31%
c w 20.10  0 88 64 36560  1 610170 29211 2.4 68 28 1 2 32% 29660 4172 31%
c - 20.84  0 88 65 36571  1 629698 29290 2.4 69 28 1 2 32% 29660 4172 31%
c p 20.85  0 88 65 36571  1 629698 29351 2.4 69 28 1 2 32% 29660 4172 31%
c u 20.86  0 88 65 36571  1 629698 29087 2.4 69 28 1 2 32% 29660 4172 31%
c v 20.86  0 88 65 36571  1 629698 28966 2.4 69 28 1 2 32% 29660 4172 31%
c w 20.86  0 88 65 36571  1 629698 28966 2.4 69 28 1 2 32% 29660 4172 31%
c I 20.88  0 88 65 36571  1 630057 29317 2.4 69 28 1 2 32% 29660 4172 31%
c e 21.24  0 88 65 36572  1 638338 25155 2.4 69 28 1 2 32% 32077 3822 28%
c s 21.25  0 88 65 36572  1 638338 24825 2.4 69 28 1 2 32% 31879 3822 28%
c e 21.26  0 88 65 36572  1 638338 24350 2.4 69 28 1 2 32% 31916 3813 28%
c - 21.75  0 89 66 36573  1 649536 21972 2.4 71 29 1 2 32% 31916 3813 28%
c 2 21.75  0 89 66 36573  1 649536 21968 2.4 71 29 1 2 32% 31915 3813 28%
c p 21.75  0 89 66 36573  1 649536 22012 2.4 71 29 1 2 32% 31915 3813 28%
c u 21.76  0 89 66 36573  1 649536 21897 2.4 71 29 1 2 32% 31915 3813 28%
c 
c  seconds  reductions    conflicts         size   tier2      variables
c         MB      restarts       redundant     glue   trail        remaining
c          level        rate          size/glue  tier1  irredundant
c 
c v 21.76  0 89 66 36573  1 649536 21727 2.4 71 29 1 2 32% 31915 3813 28%
c w 21.76  0 89 66 36573  1 649536 21726 2.4 71 29 1 2 32% 31915 3813 28%
c f 21.78  0 89 66 36573  1 649536 21726 2.4 71 29 1 2 32% 31769 3829 28%
c ] 22.06  0 89 66 36574  1 658897 30777 2.4 71 29 1 2 31% 31769 3829 28%
c { 22.06  0 58 66 36574  8 658897 30777 2.0 18 9 1 2 16% 31769 3829 28%
c W 22.38  0 58 66 37140  8 666058 37334 2.0 18 9 1 2 16% 31769 3829 28%
c - 22.50  0 58 67 37468  8 669684 24878 2.0 18 9 1 2 16% 31769 3829 28%
c p 22.51  0 58 67 37468  8 669684 24940 2.0 18 9 1 2 16% 31769 3829 28%
c u 22.52  0 58 67 37468  8 669684 24736 2.0 18 9 1 2 16% 31769 3829 28%
c v 22.53  0 58 67 37468  8 669684 24589 2.0 18 9 1 2 16% 31769 3829 28%
c - 23.17  0 58 68 39432  8 690142 27339 2.0 18 9 1 2 16% 31769 3829 28%
c p 23.17  0 58 68 39432  8 690142 27397 2.0 18 9 1 2 16% 31769 3829 28%
c u 23.19  0 58 68 39432  8 690142 27016 2.0 18 9 1 2 16% 31769 3829 28%
c v 23.19  0 58 68 39432  8 690142 26824 2.0 18 9 1 2 16% 31769 3829 28%
c w 23.19  0 58 68 39432  8 690142 26824 2.0 18 9 1 2 16% 31769 3829 28%
c F 23.60  0 58 68 40850  8 703062 38774 2.0 19 9 1 2 16% 31769 3829 28%
c } 23.75  0 58 68 41353  8 707325 42764 2.0 19 9 1 2 16% 31769 3829 28%
c [ 23.75  0 89 68 41353  1 707325 42764 2.4 71 29 1 2 31% 31769 3829 28%
c - 23.89  0 89 69 41353  1 710913 29075 2.4 70 29 1 2 31% 31769 3829 28%
c p 23.89  0 89 69 41353  1 710913 29132 2.4 70 29 1 2 31% 31769 3829 28%
c 
c  seconds  reductions    conflicts         size   tier2      variables
c         MB      restarts       redundant     glue   trail        remaining
c          level        rate          size/glue  tier1  irredundant
c 
c u 23.90  0 89 69 41353  1 710913 28793 2.4 70 29 1 2 31% 31769 3829 28%
c v 23.91  0 89 69 41353  1 710913 28631 2.4 70 29 1 2 31% 31769 3829 28%
c w 23.91  0 89 69 41353  1 710913 28631 2.4 70 29 1 2 31% 31769 3829 28%
c x 23.91  0 89 69 41353  1 710913 28631 2.4 70 29 1 2 31% 31698 3829 28%
c - 24.56  0 90 70 41353  1 731992 28946 2.4 70 29 1 2 30% 31698 3829 28%
c p 24.57  0 90 70 41353  1 731992 29003 2.4 70 29 1 2 30% 31698 3829 28%
c u 24.58  0 90 70 41353  1 731992 28894 2.4 70 29 1 2 30% 31698 3829 28%
c v 24.58  0 90 70 41353  1 731992 28799 2.4 70 29 1 2 30% 31698 3829 28%
c w 24.58  0 90 70 41353  1 731992 28799 2.4 70 29 1 2 30% 31698 3829 28%
c e 24.72  0 90 70 41353  1 736428 31787 2.4 69 29 1 2 30% 31794 3815 28%
c s 24.72  0 90 70 41353  1 736428 31784 2.4 69 29 1 2 30% 31780 3815 28%
c B 24.89  0 91 70 41354  1 741064 36272 2.4 68 28 1 2 30% 31779 3815 28%
c - 25.34  0 90 71 41354  1 753382 27007 2.4 68 28 1 2 30% 31779 3815 28%
c 2 25.34  0 90 71 41354  1 753382 27006 2.4 68 28 1 2 30% 31779 3815 28%
c p 25.34  0 90 71 41354  1 753382 27058 2.4 68 28 1 2 30% 31779 3815 28%
c u 25.35  0 90 71 41354  1 753382 26790 2.4 68 28 1 2 30% 31779 3815 28%
c v 25.36  0 90 71 41354  1 753382 26579 2.4 68 28 1 2 30% 31779 3815 28%
c w 25.36  0 90 71 41354  1 753382 26578 2.4 68 28 1 2 30% 31779 3815 28%
c ] 26.06  0 88 71 41354  1 773562 46119 2.4 67 28 1 2 29% 31779 3815 28%
c { 26.06  0 58 71 41354  8 773562 46119 2.0 19 9 1 2 16% 31779 3815 28%
c 
c  seconds  reductions    conflicts         size  tier2      variables
c         MB      restarts       redundant     glue  trail        remaining
c          level        rate          size/glue tier1  irredundant
c 
c - 26.13  0 58 72 41480  8 775082 27467 2.0 19 9 1 2 16% 31779 3815 28%
c p 26.13  0 58 72 41480  8 775082 27519 2.0 19 9 1 2 16% 31779 3815 28%
c u 26.20  0 58 72 41480  8 775082 27264 2.0 19 9 1 2 16% 31779 3815 28%
c v 26.20  0 58 72 41480  8 775082 27080 2.0 19 9 1 2 16% 31779 3815 28%
c w 26.20  0 58 72 41480  8 775082 27080 2.0 19 9 1 2 16% 31779 3815 28%
c B 26.35  0 58 72 41989  8 780067 31700 2.0 19 9 1 2 15% 31779 3815 28%
c - 27.05  0 58 73 44133  8 797093 30080 2.0 19 9 1 2 15% 31779 3815 28%
c p 27.05  0 58 73 44133  8 797093 30132 2.0 19 9 1 2 15% 31779 3815 28%
c u 27.07  0 58 73 44133  8 797093 29873 2.0 19 9 1 2 15% 31779 3815 28%
c v 27.07  0 58 73 44133  8 797093 29592 2.0 19 9 1 2 15% 31779 3815 28%
c w 27.07  0 58 73 44133  8 797093 29591 2.0 19 9 1 2 15% 31779 3815 28%
c } 27.88  0 58 73 46599  8 818499 49393 2.0 19 10 1 2 15% 31779 3815 28%
c [ 27.88  0 88 73 46599  1 818499 49393 2.4 67 28 1 2 29% 31779 3815 28%
c - 27.92  0 88 74 46599  1 819413 32185 2.4 67 28 1 2 29% 31779 3815 28%
c p 27.92  0 88 74 46599  1 819413 32236 2.4 67 28 1 2 29% 31779 3815 28%
c u 27.94  0 88 74 46599  1 819413 32033 2.4 67 28 1 2 29% 31779 3815 28%
c v 27.94  0 88 74 46599  1 819413 31879 2.4 67 28 1 2 29% 31779 3815 28%
c w 27.95  0 88 74 46599  1 819413 31878 2.4 67 28 1 2 29% 31779 3815 28%
c W 28.11  0 88 74 46599  1 820069 32505 2.4 67 28 1 2 29% 31779 3815 28%
c ^ 28.87  0 89 74 46599  1 840415 52263 2.4 69 29 1 2 29% 31779 3815 28%
c 
c  seconds  reductions    conflicts         size   tier2      variables
c         MB      restarts       redundant     glue   trail        remaining
c          level        rate          size/glue  tier1  irredundant
c 
c - 28.95  0 89 75 46599  1 842044 32533 2.4 69 29 1 2 29% 31779 3815 28%
c p 28.96  0 89 75 46599  1 842044 32585 2.4 69 29 1 2 29% 31779 3815 28%
c u 28.97  0 89 75 46599  1 842044 32344 2.4 69 29 1 2 29% 31779 3815 28%
c v 28.97  0 89 75 46599  1 842044 32224 2.4 69 29 1 2 29% 31779 3815 28%
c w 28.98  0 89 75 46599  1 842044 32223 2.4 69 29 1 2 29% 31779 3815 28%
c O 29.75  0 89 75 46606  1 861071 50749 2.4 71 30 1 2 29% 31779 3815 28%
c - 29.88  0 88 76 46608  1 864984 30019 2.4 70 30 1 2 29% 31779 3815 28%
c p 29.89  0 88 76 46608  1 864984 30071 2.4 70 30 1 2 29% 31779 3815 28%
c u 29.90  0 88 76 46608  1 864984 29839 2.4 70 30 1 2 29% 31779 3815 28%
c v 29.90  0 88 76 46608  1 864984 29600 2.4 70 30 1 2 29% 31779 3815 28%
c w 29.90  0 88 76 46608  1 864984 29600 2.4 70 30 1 2 29% 31779 3815 28%
c - 30.69  0 87 77 46617  1 888235 30900 2.4 68 28 1 2 29% 31779 3815 28%
c p 30.69  0 87 77 46617  1 888235 30952 2.4 68 28 1 2 29% 31779 3815 28%
c u 30.70  0 87 77 46617  1 888235 30900 2.4 68 28 1 2 29% 31779 3815 28%
c v 30.70  0 87 77 46617  1 888235 30769 2.4 68 28 1 2 29% 31779 3815 28%
c w 30.70  0 87 77 46617  1 888235 30769 2.4 68 28 1 2 29% 31779 3815 28%
c ] 30.71  0 87 77 46617  1 888235 30769 2.4 68 28 1 2 29% 31779 3815 28%
c { 30.71  0 58 77 46617  8 888235 30769 2.0 19 10 1 2 15% 31779 3815 28%
c W 31.33  0 58 77 48247  8 903072 44612 2.0 19 10 1 2 15% 31779 3815 28%
c - 31.71  0 58 78 49237  8 911796 33945 2.0 20 10 1 2 15% 31779 3815 28%
c 
c  seconds  reductions    conflicts         size   tier2      variables
c         MB      restarts       redundant     glue   trail        remaining
c          level        rate          size/glue  tier1  irredundant
c 
c p 31.72  0 58 78 49237  8 911796 33997 2.0 20 10 1 2 15% 31779 3815 28%
c u 31.73  0 58 78 49237  8 911796 33837 2.0 20 10 1 2 15% 31779 3815 28%
c v 31.74  0 58 78 49237  8 911796 33641 2.0 20 10 1 2 15% 31779 3815 28%
c x 31.74  0 58 78 49237  8 911796 33641 2.0 20 10 1 2 15% 31777 3815 28%
c } 32.71  0 58 78 51850  8 935193 55300 2.0 20 10 1 2 15% 31777 3815 28%
c [ 32.71  0 87 78 51850  1 935193 55300 2.4 68 28 1 2 29% 31777 3815 28%
c - 32.75  0 87 79 51850  1 935669 36260 2.4 68 28 1 2 29% 31777 3815 28%
c p 32.75  0 87 79 51850  1 935669 36310 2.4 68 28 1 2 29% 31777 3815 28%
c u 32.77  0 87 79 51850  1 935669 36003 2.4 68 28 1 2 29% 31777 3815 28%
c v 32.78  0 87 79 51850  1 935669 35831 2.4 68 28 1 2 29% 31777 3815 28%
c w 32.78  0 87 79 51850  1 935669 35831 2.4 68 28 1 2 29% 31777 3815 28%
c B 33.18  0 88 79 51856  1 946073 45818 2.4 68 29 1 2 29% 31777 3815 28%
c e 33.42  0 88 79 51860  1 950515 24204 2.4 68 29 1 2 28% 38037 3311 24%
c s 33.44  0 88 79 51860  1 950515 23372 2.4 68 29 1 2 28% 37321 3311 24%
c e 33.45  0 88 79 51860  1 950515 22717 2.4 68 29 1 2 28% 37410 3303 24%
c - 33.73  0 88 80 51862  1 959852 21622 2.4 66 28 1 2 30% 37410 3303 24%
c p 33.73  0 88 80 51862  1 959852 21639 2.4 66 28 1 2 30% 37410 3303 24%
c u 33.74  0 88 80 51862  1 959852 21244 2.4 66 28 1 2 30% 37410 3303 24%
c v 33.75  0 88 80 51862  1 959852 20990 2.4 66 28 1 2 30% 37410 3303 24%
c w 33.75  0 88 80 51862  1 959852 20990 2.4 66 28 1 2 30% 37410 3303 24%
c 
c  seconds  reductions    conflicts         size   tier2      variables
c         MB      restarts       redundant     glue   trail        remaining
c          level        rate          size/glue  tier1  irredundant
c 
c - 34.91  0 88 81 51866  1 984346 23651 2.4 68 29 1 2 31% 37410 3303 24%
c p 34.91  0 88 81 51866  1 984346 23666 2.4 68 29 1 2 31% 37410 3303 24%
c u 34.98  0 88 81 51866  1 984346 23151 2.4 68 29 1 2 31% 37410 3303 24%
c v 34.98  0 88 81 51866  1 984346 22987 2.4 68 29 1 2 31% 37410 3303 24%
c w 34.98  0 88 81 51866  1 984346 22985 2.4 68 29 1 2 31% 37410 3303 24%
c t 34.98  0 88 81 51866  1 984346 22985 2.4 68 29 1 2 31% 37409 3303 24%
c W 35.23  0 88 81 51869  1 990074 28490 2.4 67 28 1 2 30% 37409 3303 24%
c - 35.92  0 88 82 51878  1 1009150 23892 2.4 68 29 1 2 31% 37409 3303 24%
c p 35.92  0 88 82 51878  1 1009150 23908 2.4 68 29 1 2 31% 37409 3303 24%
c u 35.93  0 88 82 51878  1 1009150 23616 2.4 68 29 1 2 31% 37409 3303 24%
c v 35.94  0 88 82 51878  1 1009150 23411 2.4 68 29 1 2 31% 37409 3303 24%
c w 35.94  0 88 82 51878  1 1009150 23409 2.4 68 29 1 2 31% 37409 3303 24%
c ] 36.20  0 87 82 51880  1 1016837 30861 2.3 68 29 1 2 31% 37409 3303 24%
c { 36.20  0 58 82 51880  8 1016837 30861 2.0 20 10 1 2 20% 37409 3303 24%
c - 36.74  0 59 83 53189  8 1034264 26185 2.0 20 10 1 2 19% 37408 3303 24%
c p 36.75  0 59 83 53189  8 1034264 26200 2.0 20 10 1 2 19% 37408 3303 24%
c u 36.77  0 59 83 53189  8 1034264 25930 2.0 20 10 1 2 19% 37408 3303 24%
c v 36.77  0 59 83 53189  8 1034264 25796 2.0 20 10 1 2 19% 37408 3303 24%
c w 36.77  0 59 83 53189  8 1034264 25796 2.0 20 10 1 2 19% 37408 3303 24%
c # 36.80  0 59 83 53249  8 1035076 26552 2.0 20 10 1 2 19% 37408 3303 24%
c 
c  seconds  reductions     conflicts         size   tier2      variables
c         MB      restarts        redundant     glue   trail        remaining
c          level        rate           size/glue  tier1  irredundant
c 
c - 37.59  0 59 84 55366  8 1059688 28819 2.0 20 10 1 2 19% 37407 3303 24%
c p 37.59  0 59 84 55366  8 1059688 28835 2.0 20 10 1 2 19% 37407 3303 24%
c u 37.61  0 59 84 55366  8 1059688 28496 2.0 20 10 1 2 19% 37407 3303 24%
c v 37.62  0 59 84 55366  8 1059688 28232 2.0 20 10 1 2 19% 37407 3303 24%
c B 38.38  0 59 84 57590  8 1081077 48148 2.0 20 10 1 2 18% 37406 3303 24%
c } 38.45  0 59 84 57728  8 1082953 49866 2.0 20 10 1 2 18% 37406 3303 24%
c [ 38.45  0 87 84 57728  1 1082953 49866 2.3 68 29 1 2 31% 37406 3303 24%
c s 38.51  0 87 84 57729  1 1083576 49589 2.3 68 29 1 2 31% 37106 3303 24%
c e 38.52  0 87 84 57729  1 1083576 44694 2.3 68 29 1 2 31% 37284 3289 24%
c s 38.55  0 87 84 57729  1 1083576 44349 2.3 68 29 1 2 31% 37248 3289 24%
c - 38.62  0 87 85 57729  1 1085423 27547 2.3 68 29 1 2 31% 37248 3289 24%
c p 38.62  0 87 85 57729  1 1085423 27563 2.3 68 29 1 2 31% 37248 3289 24%
c u 38.64  0 87 85 57729  1 1085423 27291 2.3 68 29 1 2 31% 37248 3289 24%
c v 38.65  0 87 85 57729  1 1085423 27080 2.3 68 29 1 2 31% 37248 3289 24%
c w 38.65  0 87 85 57729  1 1085423 27078 2.3 68 29 1 2 31% 37248 3289 24%
c - 39.66  0 87 86 57741  1 1111468 29029 2.2 68 30 1 2 31% 37248 3289 24%
c p 39.66  0 87 86 57741  1 1111468 29045 2.2 68 30 1 2 31% 37248 3289 24%
c u 39.68  0 87 86 57741  1 1111468 28603 2.2 68 30 1 2 31% 37248 3289 24%
c v 39.68  0 87 86 57741  1 1111468 28455 2.2 68 30 1 2 31% 37248 3289 24%
c w 39.68  0 87 86 57741  1 1111468 28453 2.2 68 30 1 2 31% 37248 3289 24%
c 
c  seconds  reductions     conflicts         size   tier2      variables
c         MB      restarts        redundant     glue   trail        remaining
c          level        rate           size/glue  tier1  irredundant
c 
c I 40.28  0 88 86 57742  1 1128078 44564 2.2 68 31 1 2 31% 37248 3289 24%
c - 40.70  0 87 87 57743  1 1137825 26497 2.2 68 31 1 2 31% 37248 3289 24%
c p 40.71  0 87 87 57743  1 1137825 26513 2.2 68 31 1 2 31% 37248 3289 24%
c u 40.72  0 87 87 57743  1 1137825 26296 2.2 68 31 1 2 31% 37248 3289 24%
c v 40.73  0 87 87 57743  1 1137825 26003 2.2 68 31 1 2 31% 37248 3289 24%
c w 40.73  0 87 87 57743  1 1137825 26002 2.2 68 31 1 2 31% 37248 3289 24%
c - 41.82  0 87 88 57743  1 1164493 25865 2.2 70 32 1 2 30% 37248 3289 24%
c p 41.83  0 87 88 57743  1 1164493 25881 2.2 70 32 1 2 30% 37248 3289 24%
c u 41.84  0 87 88 57743  1 1164493 25770 2.2 70 32 1 2 30% 37248 3289 24%
c v 41.84  0 87 88 57743  1 1164493 25511 2.2 70 32 1 2 30% 37248 3289 24%
c w 41.84  0 87 88 57743  1 1164493 25511 2.2 70 32 1 2 30% 37248 3289 24%
c x 41.85  0 87 88 57743  1 1164493 25511 2.2 70 32 1 2 30% 37232 3289 24%
c ] 41.87  0 87 88 57744  1 1165087 26090 2.2 70 32 1 2 30% 37232 3289 24%
c { 41.87  0 59 88 57744  8 1165087 26090 2.0 20 10 1 2 18% 37232 3289 24%
c W 42.37  0 59 88 58714  8 1176079 36241 2.0 20 10 1 2 18% 37232 3289 24%
c - 42.93  0 59 89 60061  8 1191471 29927 2.0 20 10 1 2 18% 37232 3289 24%
c p 42.94  0 59 89 60061  8 1191471 29943 2.0 20 10 1 2 18% 37232 3289 24%
c u 42.95  0 59 89 60061  8 1191471 29736 2.0 20 10 1 2 18% 37232 3289 24%
c v 42.96  0 59 89 60061  8 1191471 29460 2.0 20 10 1 2 18% 37232 3289 24%
c w 42.96  0 59 89 60061  8 1191471 29460 2.0 20 10 1 2 18% 37232 3289 24%
c 
c  seconds  reductions     conflicts         size   tier2      variables
c         MB      restarts        redundant     glue   trail        remaining
c          level        rate           size/glue  tier1  irredundant
c 
c - 43.99  0 59 90 62709  8 1218759 32958 2.0 20 10 1 2 18% 37232 3289 24%
c p 44.00  0 59 90 62709  8 1218759 32974 2.0 20 10 1 2 18% 37232 3289 24%
c u 44.02  0 59 90 62709  8 1218759 32491 2.0 20 10 1 2 18% 37232 3289 24%
c v 44.02  0 59 90 62709  8 1218759 32205 2.0 20 10 1 2 18% 37232 3289 24%
c s 44.21  0 59 90 63176  8 1223636 36231 2.0 20 10 1 2 18% 37210 3289 24%
c s 44.25  0 59 90 63176  8 1223636 36086 2.0 20 10 1 2 18% 37208 3289 24%
c F 44.30  0 59 90 63317  8 1225081 37428 2.0 20 10 1 2 18% 37208 3289 24%
c } 44.56  0 59 90 64076  8 1231807 43655 2.0 20 10 1 2 18% 37208 3289 24%
c [ 44.56  0 87 90 64076  1 1231807 43655 2.2 70 32 1 2 30% 37208 3289 24%
c - 45.09  0 87 91 64085  1 1246360 34141 2.2 70 32 1 2 30% 37208 3289 24%
c p 45.10  0 87 91 64085  1 1246360 34157 2.2 70 32 1 2 30% 37208 3289 24%
c u 45.19  0 87 91 64085  1 1246360 34006 2.2 70 32 1 2 30% 37208 3289 24%
c v 45.19  0 87 91 64085  1 1246360 33739 2.2 70 32 1 2 30% 37208 3289 24%
c w 45.19  0 87 91 64085  1 1246360 33738 2.2 70 32 1 2 30% 37208 3289 24%
c - 46.36  0 88 92 64097  1 1274270 34174 2.1 71 33 1 2 31% 37208 3289 24%
c p 46.37  0 88 92 64097  1 1274270 34188 2.1 71 33 1 2 31% 37208 3289 24%
c u 46.38  0 88 92 64097  1 1274270 34030 2.1 71 33 1 2 31% 37208 3289 24%
c v 46.39  0 88 92 64097  1 1274270 33755 2.1 71 33 1 2 31% 37208 3289 24%
c w 46.39  0 88 92 64097  1 1274270 33751 2.1 71 33 1 2 31% 37208 3289 24%
c B 46.42  0 88 92 64097  1 1275082 34537 2.1 71 33 1 2 31% 37208 3289 24%
c 
c  seconds  reductions     conflicts         size   tier2      variables
c         MB      restarts        redundant     glue   trail        remaining
c          level        rate           size/glue  tier1  irredundant
c 
c - 47.43  0 87 93 64106  1 1302491 32155 2.1 68 32 1 2 30% 37208 3289 24%
c p 47.44  0 87 93 64106  1 1302491 32170 2.1 68 32 1 2 30% 37208 3289 24%
c u 47.45  0 87 93 64106  1 1302491 31978 2.1 68 32 1 2 30% 37208 3289 24%
c v 47.45  0 87 93 64106  1 1302491 31764 2.1 68 32 1 2 30% 37208 3289 24%
c w 47.46  0 87 93 64106  1 1302491 31764 2.1 68 32 1 2 30% 37208 3289 24%
c ] 48.19  0 86 93 64112  1 1322325 50971 2.1 67 31 1 2 30% 37208 3289 24%
c { 48.19  0 59 93 64112  8 1322325 50971 2.0 20 10 1 2 18% 37208 3289 24%
c B 48.35  0 59 93 64472  8 1326083 54456 2.0 20 10 1 2 18% 37208 3289 24%
c - 48.61  0 59 94 64935  8 1331022 34068 2.0 20 10 1 2 18% 37208 3289 24%
c p 48.61  0 59 94 64935  8 1331022 34083 2.0 20 10 1 2 18% 37208 3289 24%
c u 48.63  0 59 94 64935  8 1331022 33976 2.0 20 10 1 2 18% 37208 3289 24%
c v 48.63  0 59 94 64935  8 1331022 33670 2.0 20 10 1 2 18% 37208 3289 24%
c w 48.63  0 59 94 64935  8 1331022 33669 2.0 20 10 1 2 18% 37208 3289 24%
c - 49.88  0 59 95 67898  8 1359864 37208 2.0 21 10 1 2 18% 37208 3289 24%
c p 49.88  0 59 95 67898  8 1359864 37222 2.0 21 10 1 2 18% 37208 3289 24%
c u 49.91  0 59 95 67898  8 1359864 37023 2.0 21 10 1 2 18% 37208 3289 24%
c v 49.92  0 59 95 67898  8 1359864 36668 2.0 21 10 1 2 18% 37208 3289 24%
c s 50.35  0 59 95 68905  8 1370632 46309 2.0 21 10 1 2 18% 37199 3289 24%
c s 50.39  0 59 95 68905  8 1370632 46190 2.0 21 10 1 2 18% 37197 3289 24%
c W 50.95  0 59 95 69694  8 1378086 53168 2.0 21 11 1 2 18% 37197 3289 24%
c 
c  seconds  reductions     conflicts         size   tier2      variables
c         MB      restarts        redundant     glue   trail        remaining
c          level        rate           size/glue  tier1  irredundant
c 
c } 51.18  0 59 95 70243  8 1382283 57097 2.0 21 11 1 2 18% 37197 3289 24%
c [ 51.18  0 86 95 70243  1 1382283 57097 2.1 67 31 1 2 30% 37197 3289 24%
c - 51.54  0 86 96 70246  1 1389018 39431 2.1 67 31 1 2 30% 37197 3289 24%
c p 51.54  0 86 96 70246  1 1389018 39446 2.1 67 31 1 2 30% 37197 3289 24%
c u 51.57  0 86 96 70246  1 1389018 39000 2.1 67 31 1 2 30% 37197 3289 24%
c v 51.58  0 86 96 70246  1 1389018 38604 2.1 67 31 1 2 30% 37197 3289 24%
c w 51.58  0 86 96 70246  1 1389018 38604 2.1 67 31 1 2 30% 37197 3289 24%
c - 52.64  0 86 97 70259  1 1418482 40027 2.1 64 30 1 2 30% 37197 3289 24%
c p 52.64  0 86 97 70259  1 1418482 40042 2.1 64 30 1 2 30% 37197 3289 24%
c u 52.66  0 86 97 70259  1 1418482 39904 2.1 64 30 1 2 30% 37197 3289 24%
c v 52.67  0 86 97 70259  1 1418482 39685 2.1 64 30 1 2 30% 37197 3289 24%
c w 52.67  0 86 97 70259  1 1418482 39683 2.1 64 30 1 2 30% 37197 3289 24%
c W 53.22  0 86 97 70266  1 1431088 51813 2.1 64 30 1 2 30% 37197 3289 24%
c - 53.96  0 85 98 70268  1 1448257 37491 2.1 64 31 1 2 29% 37197 3289 24%
c p 53.96  0 85 98 70268  1 1448257 37506 2.1 64 31 1 2 29% 37197 3289 24%
c u 53.98  0 85 98 70268  1 1448257 37375 2.1 64 31 1 2 29% 37197 3289 24%
c v 53.99  0 85 98 70268  1 1448257 37099 2.1 64 31 1 2 29% 37197 3289 24%
c w 53.99  0 85 98 70268  1 1448257 37095 2.1 64 31 1 2 29% 37197 3289 24%
c ] 55.05  0 85 98 70269  1 1474044 62013 2.1 64 31 1 2 29% 37197 3289 24%
c { 55.05  0 59 98 70269  8 1474044 62013 2.0 21 11 1 2 18% 37197 3289 24%
c 
c  seconds  reductions     conflicts         size   tier2      variables
c         MB      restarts        redundant     glue   trail        remaining
c          level        rate           size/glue  tier1  irredundant
c 
c - 55.30  0 59 99 70696  8 1478343 37567 2.0 21 11 1 2 18% 37197 3289 24%
c p 55.31  0 59 99 70696  8 1478343 37582 2.0 21 11 1 2 18% 37197 3289 24%
c u 55.32  0 59 99 70696  8 1478343 37470 2.0 21 11 1 2 18% 37197 3289 24%
c v 55.33  0 59 99 70696  8 1478343 37304 2.0 21 11 1 2 18% 37197 3289 24%
c w 55.33  0 59 99 70696  8 1478343 37304 2.0 21 11 1 2 18% 37197 3289 24%
c x 55.33  0 59 99 70696  8 1478343 37304 2.0 21 11 1 2 18% 37100 3289 24%
c # 55.59  0 59 99 71363  8 1485090 43634 2.0 21 11 1 2 18% 37100 3289 24%
c - 56.74  0 60 100 73809  8 1508739 41403 2.0 21 11 1 2 18% 37100 3289 24%
c p 56.74  0 60 100 73809  8 1508739 41419 2.0 21 11 1 2 18% 37100 3289 24%
c u 56.77  0 60 100 73809  8 1508739 41212 2.0 21 11 1 2 18% 37100 3289 24%
c v 56.78  0 60 100 73809  8 1508739 40841 2.0 21 11 1 2 18% 37100 3289 24%
c w 56.78  0 60 100 73809  8 1508739 40841 2.0 21 11 1 2 18% 37100 3289 24%
c s 57.55  0 60 100 75601  8 1524609 55276 2.0 22 11 1 2 18% 37097 3289 24%
c e 57.56  0 60 100 75601  8 1524609 54970 2.0 22 11 1 2 18% 37180 3282 24%
c s 57.61  0 60 100 75601  8 1524609 54861 2.0 22 11 1 2 18% 37168 3282 24%
c } 58.11  0 60 100 76512  8 1533050 62795 2.0 22 11 1 2 18% 37168 3282 24%
c [ 58.11  0 85 100 76512  1 1533050 62795 2.1 64 31 1 2 29% 37168 3282 24%
c - 58.39  0 84 101 76512  1 1539447 43503 2.1 64 31 1 2 29% 37168 3282 24%
c p 58.40  0 84 101 76512  1 1539447 43519 2.1 64 31 1 2 29% 37168 3282 24%
c u 58.43  0 84 101 76512  1 1539447 43227 2.1 64 31 1 2 29% 37168 3282 24%
c 
c  seconds   reductions     conflicts         size   tier2      variables
c         MB       restarts        redundant     glue   trail        remaining
c          level         rate           size/glue  tier1  irredundant
c 
c v 58.44  0 84 101 76512  1 1539447 42910 2.1 64 31 1 2 29% 37168 3282 24%
c w 58.44  0 84 101 76512  1 1539447 42910 2.1 64 31 1 2 29% 37168 3282 24%
c O 58.48  0 84 101 76512  1 1540093 43531 2.1 64 31 1 2 29% 37168 3282 24%
c ] 59.77  0 86 101 76513  1 1568938 71464 2.1 68 32 1 2 30% 37168 3282 24%
c ? 59.77  0 86 101 76513  1 1568938 71464 2.1 68 32 1 2 30% 37168 3282 24%
c 
c --- [ result ] -------------------------------------------------------------
c 
c UNKNOWN
c 
c --- [ run-time profiling ] -------------------------------------------------
c 
c process time taken by individual solving procedures
c (percentage relative to process time for solving)
c 
c        55.97   93.67% search
c        31.90   53.40% stable
c        22.80   38.16% unstable
c         3.78    6.32% simplify
c         1.26    2.11% vivify
c         1.26    2.11% walk
c         0.60    1.01% sweep
c         0.55    0.92% factor
c         0.42    0.70% subsume
c         0.27    0.45% elim
c         0.25    0.42% congruence
c         0.09    0.16% ternary
c         0.09    0.14% probe
c         0.08    0.14% preprocess
c         0.03    0.04% backbone
c         0.02    0.03% fastelim
c         0.02    0.03% parse
c         0.00    0.01% lucky
c   =================================
c        59.75   99.97% solve
c 
c last line shows process time for solving
c (percentage relative to total process time)
c 
c --- [ statistics ] ---------------------------------------------------------
c 
c chronological:            403873        25.74 %  of conflicts
c conflicts:               1568938     26259.36    per second
c backbone:                1501926     10391.08 %  of vars
c decisions:               6719495    112464.36    per second
c eliminated:                 7825        54.14 %  of all variables
c factored:                    938        28.39 %  of variables
c fixed:                      1257         8.70 %  of all variables
c learned:                 1517443        96.72 %  per conflict
c learned_lits:           84873884       100.00 %  learned literals
c minimized:                     0         0.00 %  learned literals
c shrunken:                4918206         5.79 %  learned literals
c minishrunken:            9105426        10.73 %  learned literals
c otfs:                      25352         1.62 %  of conflict
c propagations:          208590020         3.49 M  per second
c reduced:                 1301964        82.98 %  per conflict
c rephased:                     55     28526.15    interval
c restarts:                  76513        20.51    interval
c stabilizing:                  23        56.21 %  of conflicts
c substituted:                2090        14.46 %  of all variables
c sweep equivs:                558        10.18 %  of swept variables
c subsumed:                  50940         3.03 %  of all clauses
c strengthened:              65650         3.91 %  of all clauses
c ticks:                3576638856        17.55    propagation
c vivified:                  19951         1.19 %  of all clauses
c walked:                       17     92290.47    interval
c weakened:                  48793         2.94    average size
c congruence:                   25     62757.52    interval
c 
c seconds are measured in process time for solving
c 
c --- [ glue usage ] ---------------------------------------------------------
c 
c focused glue 1 used 3229691 clauses 68.70% accumulated 68.70% tier1
c focused glue 2 used 773178 clauses 16.44% accumulated 85.15% tier2
c 
c stable glue 1 used 7027030 clauses 56.83% accumulated 56.83% tier1
c stable glue 2 used 1934077 clauses 15.64% accumulated 72.47% tier2
c 
c 
c --- [ resources ] ----------------------------------------------------------
c 
c total process time since initialization:        59.77    seconds
c total real time since initialization:           60.01    seconds
c maximum resident set size of process:       102800.00    MB
c 
c --- [ shutting down ] ------------------------------------------------------
c 
c exit 0
c Timeout reached! 😅 This instance is a real thinker.
c 🚧 🚧 🚧 Please consider contributing it to the page
c https://mysolvertimesout.org/#sat in order to improve
c automated reasoning. 🚧 🚧 🚧
