c --- [ banner ] -------------------------------------------------------------
c 
c CaDiCaL SAT Solver
c Copyright (c) 2016-2025
c A. Biere, M. Fleury, N. Froleyks, K. Fazekas, F. Pollitt, T. Faller
c JKU Linz, University of Freiburg, TU Wien
c 
c Version 3.0.0
c Apple clang version 17.0.0 (clang-1700.6.3.2) -Wall -Wextra -O3 -DNDEBUG -DNCLOSEFROM
c Tue Dec 23 21:53:38 UTC 2025 Darwin Tahoe-arm64.local 25.2.0 arm64
c 
c --- [ limit ] --------------------------------------------------------------
c 
c setting time limit to 60 seconds real time (due to '-t 60')
c 
c --- [ parsing input ] ------------------------------------------------------
c 
c reading DIMACS file from '/tmp/F365_bit31_sr61_full_inj.cnf'
c opening file to read '/tmp/F365_bit31_sr61_full_inj.cnf'
c found 'p cnf 13516 56167' header
c parsed 56167 clauses in 0.02 seconds process time
c 
c --- [ options ] ------------------------------------------------------------
c 
c   --binary=false                 (different from default 'true')
c   --seed=1                       (different from default '0')
c 
c --- [ solving ] ------------------------------------------------------------
c 
c time measured in process time since initialization
c 
c  seconds  reduction conflicts       size tier2       variables
c         MB    restarts   redundant    glue  trail         remaining
c          level     rate       size/glu tier1  irredundant
c 
c *  0.02  0  0 0   0  0    0    0 0.0 0 0 2 6  0% 55652 13034 96%
c (  0.02  0  0 0   0  0    0    0 0.0 0 0 2 6  0% 55652 13034 96%
c .  0.02  0  0 0   0  0    0    0 0.0 0 0 2 6  0% 54626 13034 96%
c c  0.05  0  0 0   0  0    0    0 0.0 0 0 2 6  0% 51676 12259 91%
c d  0.05  0  0 0   0  0    0    0 0.0 0 0 2 6  0% 46568 10861 80%
c 2  0.06  0  0 0   0  0    0    0 0.0 0 0 2 6  0% 46424 10861 80%
c f  0.07  0  0 0   0  0    0    0 0.0 0 0 2 6  0% 46158 11127 82%
c e  0.09  0  0 0   0  0    0    0 0.0 0 0 2 6  0% 38419 7051 52%
c s  0.10  0  0 0   0  0    0    0 0.0 0 0 2 6  0% 38418 7051 52%
c s  0.10  0  0 0   0  0    0    0 0.0 0 0 2 6  0% 38410 7051 52%
c s  0.10  0  0 0   0  0    0    0 0.0 0 0 2 6  0% 38410 7051 52%
c P  0.11  0  0 0   0  0    0    0 0.0 0 0 2 6  0% 38410 7051 52%
c )  0.11  0  0 0   0  0    0    0 0.0 0 0 2 6  0% 38410 7051 52%
c {  0.11  0  0 0   0  0    0    0 0.0 0 0 2 6  0% 38410 7051 52%
c -  0.11  0 1131 1  29 50  300  236 1.5 4 3 2 6 21% 38410 7051 52%
c -  0.12  0 492 2  66 27  733  574 1.5 5 3 2 6 16% 38410 7051 52%
c }  0.12  0 386 2  82 22 1004  810 1.6 5 3 2 6 15% 38410 7051 52%
c [  0.12  0  0 2  82  0 1004  810 0.0 0 0 2 6  0% 38410 7051 52%
c O  0.12  0 97 2  82 98 1005  811 2.4 208 86 2 6 43% 38410 7051 52%
c ]  0.13  0 99 2  82  4 1121  906 2.6 91 34 2 6 30% 38410 7051 52%
c 
c  seconds   reduction conflicts       size tier2      variables
c         MB     restarts   redundant    glue  trail        remaining
c           level     rate       size/glu tier1  irredundant
c 
c {  0.13  0 386 2  82 22 1121  906 1.6 5 3 2 6 15% 38410 7051 52%
c -  0.13  0 314 3 144 21 1411  992 1.6 5 3 2 6 15% 38410 7051 52%
c 2  0.15  0 209 3 312 18 2253 1721 1.7 6 4 2 6  8% 38348 7051 52%
c p  0.15  0 209 3 312 18 2253 1716 1.7 6 4 2 6  8% 38340 7043 52%
c c  0.16  0 209 3 312 18 2253 1716 1.7 6 4 2 6  8% 38322 7043 52%
c d  0.16  0 209 3 312 18 2253 1714 1.7 6 4 2 6  8% 38310 7037 52%
c 2  0.17  0 209 3 312 18 2253 1714 1.7 6 4 2 6  8% 38308 7037 52%
c }  0.17  0 208 3 312 18 2262 1723 1.7 6 4 2 6  8% 38308 7037 52%
c [  0.17  0 99 3 312  4 2262 1723 2.6 91 34 2 6 58% 38308 7037 52%
c -  0.17  0 94 4 312  5 2350 1570 2.5 56 22 2 6 37% 38308 7037 52%
c ]  0.19  0 99 4 312  2 2856 2033 3.4 62 18 2 6 34% 38308 7037 52%
c {  0.19  0 208 4 312 18 2856 2033 1.7 6 4 2 6  8% 38308 7037 52%
c O  0.19  0 205 4 315 17 3006 2166 1.7 6 4 2 6 19% 38308 7037 52%
c -  0.20  0 183 5 349 16 3561 2197 1.7 6 4 2 6 14% 38308 7037 52%
c s  0.21  0 165 5 390 14 4189 2715 1.7 6 4 2 6 12% 38293 7037 52%
c t  0.21  0 165 5 390 14 4189 2715 1.7 6 4 2 6 12% 38292 7037 52%
c e  0.23  0 165 5 390 14 4189 2292 1.7 6 4 2 6 12% 38236 6558 49%
c s  0.23  0 165 5 390 14 4189 2254 1.7 6 4 2 6 12% 38103 6558 49%
c c  0.26  0 148 5 538 14 4754 2672 1.7 7 4 2 6 11% 38034 6535 48%
c d  0.26  0 148 5 538 14 4754 2644 1.7 7 4 2 6 11% 38014 6525 48%
c 
c  seconds   reduction conflicts       size tier2      variables
c         MB     restarts   redundant    glue  trail        remaining
c           level     rate       size/glu tier1  irredundant
c 
c =  0.27  0 148 5 538 14 4754 2644 1.7 7 4 2 6 11% 37910 6447 48%
c -  0.28  0 143 6 589 14 5052 2266 1.7 7 4 2 3 12% 37910 6447 48%
c }  0.29  0 129 6 784 14 5950 3069 1.7 7 4 2 3 12% 37910 6447 48%
c [  0.30  0 99 6 784  2 5950 3069 3.4 62 18 2 6 34% 37910 6447 48%
c I  0.30  0 99 6 784  3 6009 3124 3.3 58 17 2 6 33% 37910 6447 48%
c -  0.31  0 99 7 785  3 6828 2952 2.9 48 17 2 3 27% 37910 6447 48%
c c  0.34  0 101 7 785  2 7358 3406 2.6 48 19 2 3 25% 37896 6445 48%
c =  0.35  0 101 7 785  2 7358 3394 2.6 48 19 2 3 25% 37875 6340 47%
c t  0.35  0 101 7 785  2 7358 3392 2.6 48 19 2 3 25% 37875 6340 47%
c 2  0.35  0 101 7 785  2 7358 3392 2.6 48 19 2 3 25% 37873 6340 47%
c f  0.36  0 101 7 785  2 7358 3392 2.6 48 19 2 3 24% 37586 6627 49%
c ]  0.38  0 104 7 786  2 8758 4640 2.4 41 17 2 3 26% 37586 6627 49%
c {  0.38  0 129 7 786 14 8758 4640 1.7 7 4 2 3 11% 37586 6627 49%
c -  0.39  0 127 8 819 14 8898 3355 1.7 7 4 2 3 11% 37586 6627 49%
c #  0.40  0 115 8 1018 14 10010 4274 1.7 8 5 2 3 11% 37586 6627 49%
c d  0.40  0 115 8 1027 14 10056 4257 1.7 8 5 2 3 11% 37586 6620 49%
c c  0.42  0 115 8 1027 14 10056 4257 1.7 8 5 2 3 11% 37545 6620 49%
c d  0.42  0 115 8 1027 14 10056 4220 1.7 8 5 2 3 11% 37535 6615 49%
c 2  0.42  0 115 8 1027 14 10056 4220 1.7 8 5 2 3 11% 37534 6615 49%
c =  0.43  0 115 8 1027 14 10056 4220 1.7 8 5 2 3 11% 37528 6610 49%
c 
c  seconds   reductions  conflicts       size tier2      variables
c         MB     restarts     redundant    glue  trail        remaining
c           level      rate        size/glu tier1  irredundant
c 
c -  0.45  0 105 9 1274 14 11257 4157 1.7 8 5 2 3 11% 37528 6610 49%
c }  0.47  0 98 9 1509 14 12728 5456 1.7 9 5 2 3 11% 37528 6610 49%
c [  0.47  0 104 9 1509  2 12728 5456 2.4 41 17 2 3 26% 37528 6610 49%
c c  0.49  0 102 9 1509  2 12841 5486 2.4 40 17 2 3 25% 37508 6599 49%
c d  0.49  0 102 9 1509  2 12841 5466 2.4 40 17 2 3 25% 37498 6594 49%
c =  0.50  0 102 9 1509  2 12841 5466 2.4 40 17 2 3 25% 37402 6522 48%
c f  0.51  0 102 9 1509  2 12841 5463 2.4 40 17 2 3 25% 37354 6567 49%
c -  0.53  0 106 10 1510  2 13909 4951 2.4 38 16 2 3 29% 37354 6567 49%
c s  0.55  0 105 10 1510  2 14346 5042 2.4 37 15 2 3 29% 36208 6567 49%
c t  0.55  0 105 10 1510  2 14346 5041 2.4 37 15 2 3 29% 36208 6567 49%
c e  0.56  0 105 10 1510  2 14346 4225 2.4 37 15 2 3 29% 36193 6238 46%
c s  0.56  0 105 10 1510  2 14346 4121 2.4 37 15 2 3 29% 35895 6238 46%
c e  0.56  0 105 10 1510  2 14346 4108 2.4 37 15 2 3 29% 35885 6236 46%
c B  0.58  0 108 10 1511  2 15011 4723 2.4 36 15 2 3 26% 35885 6236 46%
c 2  0.59  0 106 10 1511  2 15707 5348 2.4 37 15 2 3 28% 35885 6236 46%
c c  0.60  0 106 10 1511  2 15707 5342 2.4 37 15 2 3 28% 35862 6233 46%
c d  0.60  0 106 10 1511  2 15707 5321 2.4 37 15 2 3 28% 35856 6230 46%
c 2  0.61  0 106 10 1511  2 15707 5321 2.4 37 15 2 3 28% 35854 6230 46%
c =  0.61  0 106 10 1511  2 15707 5321 2.4 37 15 2 3 28% 35834 6168 46%
c u  0.62  0 106 10 1511  2 15707 4786 2.4 37 15 2 3 28% 35834 6168 46%
c 
c  seconds   reductions   conflicts       size   tier2      variables
c         MB      restarts     redundant     glue   trail        remaining
c           level       rate        size/glue  tier1  irredundant
c 
c v  0.62  0 106 10 1511  2 15707 4668 2.4 37 15 2 3 28% 35834 6168 46%
c w  0.62  0 106 10 1511  2 15707 4663 2.4 37 15 2 3 28% 35834 6168 46%
c x  0.62  0 106 10 1511  2 15707 4663 2.4 37 15 2 3 28% 35822 6168 46%
c -  0.64  0 105 11 1512  2 16857 3838 2.4 38 16 2 3 31% 35822 6168 46%
c ]  0.68  0 106 11 1513  2 18381 5287 2.5 41 16 2 3 32% 35822 6168 46%
c {  0.68  0 98 11 1513 14 18381 5287 1.7 9 5 2 3 12% 35822 6168 46%
c d  0.68  0 96 11 1577 14 18647 5472 1.7 9 5 2 3 12% 35822 6158 46%
c c  0.70  0 96 11 1577 14 18647 5472 1.7 9 5 2 3 12% 35759 6158 46%
c d  0.70  0 96 11 1577 14 18647 5448 1.7 9 5 2 3 12% 35745 6151 46%
c 2  0.70  0 96 11 1577 14 18647 5448 1.7 9 5 2 3 12% 35743 6151 46%
c =  0.71  0 96 11 1577 14 18647 5448 1.7 9 5 2 3 12% 35739 6100 45%
c -  0.73  0 91 12 1841 14 20102 4700 1.8 9 5 2 3 12% 35739 6100 45%
c B  0.74  0 90 12 1897 13 21013 5465 1.8 9 5 2 3 12% 35739 6100 45%
c 2  0.76  0 89 12 2012 13 21657 6038 1.8 9 5 1 2 12% 35737 6100 45%
c d  0.76  0 89 12 2012 13 21657 6021 1.8 9 5 1 2 12% 35737 6097 45%
c c  0.77  0 89 12 2012 13 21657 6021 1.8 9 5 1 2 12% 35725 6097 45%
c =  0.78  0 89 12 2012 13 21657 6021 1.8 9 5 1 2 12% 35714 6042 45%
c f  0.79  0 89 12 2012 13 21657 6012 1.8 9 5 1 2 12% 35651 6110 45%
c -  0.83  0 84 13 2373 13 23647 4901 1.8 10 5 1 2 12% 35651 6110 45%
c }  0.84  0 82 13 2553 13 24450 5633 1.8 10 6 1 2 12% 35651 6110 45%
c 
c  seconds   reductions   conflicts       size   tier2      variables
c         MB      restarts     redundant     glue   trail        remaining
c           level       rate        size/glue  tier1  irredundant
c 
c [  0.84  0 106 13 2553  2 24450 5633 2.5 41 16 2 3 32% 35651 6110 45%
c d  0.85  0 106 13 2553  2 24734 5862 2.5 40 16 2 3 31% 35645 6102 45%
c c  0.86  0 106 13 2553  2 24734 5861 2.5 40 16 2 3 31% 35627 6102 45%
c d  0.86  0 106 13 2553  2 24734 5845 2.5 40 16 2 3 31% 35623 6100 45%
c 2  0.86  0 106 13 2553  2 24734 5845 2.5 40 16 2 3 31% 35621 6100 45%
c =  0.87  0 106 13 2553  2 24734 5845 2.5 40 16 2 3 31% 35615 6070 45%
c -  0.96  0 108 14 2553  2 27491 5274 2.3 44 19 2 3 28% 35615 6070 45%
c =  0.99  0 108 14 2553  2 27873 5635 2.3 44 19 2 3 28% 35615 6036 45%
c f  1.00  0 108 14 2553  2 27873 5635 2.3 44 19 2 3 28% 35593 6053 45%
c W  1.02  0 108 14 2553  2 28016 5751 2.3 44 19 2 3 28% 35593 6053 45%
c s  1.06  0 108 14 2555  2 29496 6958 2.4 46 19 2 3 29% 33889 6053 45%
c e  1.07  0 108 14 2555  2 29496 6303 2.4 46 19 2 3 29% 31262 5625 42%
c s  1.08  0 108 14 2555  2 29496 6260 2.4 46 19 2 3 29% 31233 5625 42%
c e  1.08  0 108 14 2555  2 29496 6259 2.4 46 19 2 3 29% 31227 5623 42%
c ]  1.09  0 108 14 2555  2 29977 6717 2.4 46 19 2 3 29% 31227 5623 42%
c {  1.09  0 82 14 2555 13 29977 6717 1.8 10 6 1 2 14% 31227 5623 42%
c -  1.13  0 79 15 2913 13 31636 5332 1.8 10 6 1 2 14% 31227 5623 42%
c 2  1.13  0 79 15 2913 13 31636 5325 1.8 10 6 1 2 14% 31227 5623 42%
c d  1.13  0 79 15 2913 13 31636 5320 1.8 10 6 1 2 14% 31227 5621 42%
c u  1.15  0 79 15 2913 13 31636 4120 1.8 10 6 1 2 14% 31227 5621 42%
c 
c  seconds  reductions   conflicts       size  tier2      variables
c         MB     restarts     redundant     glue  trail        remaining
c          level       rate        size/glue tier1  irredundant
c 
c v  1.15  0 79 15 2913 13 31636 4107 1.8 10 6 1 2 14% 31227 5621 42%
c f  1.15  0 79 15 2913 13 31636 4102 1.8 10 6 1 2 14% 31196 5636 42%
c W  1.23  0 74 15 3571 12 36017 8022 1.8 11 6 1 2 14% 31196 5636 42%
c -  1.23  0 74 16 3582 12 36082 5306 1.8 11 6 1 2 14% 31196 5636 42%
c d  1.23  0 74 16 3582 12 36082 5292 1.8 11 6 1 2 14% 31196 5633 42%
c p  1.23  0 74 16 3582 12 36082 5306 1.8 11 6 1 2 14% 31196 5633 42%
c c  1.24  0 74 16 3582 12 36082 5306 1.8 11 6 1 2 14% 31185 5633 42%
c f  1.25  0 74 16 3582 12 36082 5297 1.8 11 6 1 2 14% 31144 5677 42%
c }  1.29  0 72 16 3946 12 38197 7235 1.8 11 6 1 2 14% 31144 5677 42%
c [  1.29  0 108 16 3946  2 38197 7235 2.4 46 19 2 3 29% 31144 5677 42%
c -  1.38  0 108 17 3948  2 40831 6259 2.4 47 20 2 3 27% 31144 5677 42%
c d  1.38  0 108 17 3948  2 40831 6251 2.4 47 20 2 3 27% 31139 5672 42%
c p  1.38  0 108 17 3948  2 40831 6441 2.4 47 20 2 3 27% 31139 5672 42%
c =  1.40  0 108 17 3948  2 40831 6440 2.4 47 20 2 3 27% 31140 5668 42%
c f  1.41  0 108 17 3948  2 40831 6427 2.4 47 20 2 3 27% 31119 5702 42%
c O  1.51  0 106 17 3951  2 45018 10401 2.4 47 20 2 3 28% 31119 5702 42%
c -  1.53  0 105 18 3951  2 45884 6909 2.4 47 20 2 3 29% 31119 5702 42%
c p  1.53  0 105 18 3951  2 45884 6963 2.4 47 20 2 3 29% 31115 5699 42%
c =  1.54  0 105 18 3951  2 45884 6932 2.4 47 20 2 3 29% 31106 5695 42%
c u  1.55  0 105 18 3951  2 45884 6370 2.4 47 20 2 3 29% 31106 5695 42%
c 
c  seconds   reductions   conflicts       size   tier2      variables
c         MB      restarts     redundant     glue   trail        remaining
c           level       rate        size/glue  tier1  irredundant
c 
c v  1.55  0 105 18 3951  2 45884 6198 2.4 47 20 2 3 29% 31106 5695 42%
c w  1.55  0 105 18 3951  2 45884 6196 2.4 47 20 2 3 29% 31106 5695 42%
c x  1.55  0 105 18 3951  2 45884 6196 2.4 47 20 2 3 29% 31103 5695 42%
c 2  1.55  0 105 18 3951  2 45884 6195 2.4 47 20 2 3 29% 31103 5695 42%
c f  1.56  0 105 18 3951  2 45884 6193 2.4 47 20 2 3 29% 31104 5696 42%
c ]  1.57  0 105 18 3951  2 46546 6798 2.4 46 20 2 3 28% 31104 5696 42%
c {  1.57  0 72 18 3951 12 46546 6798 1.8 11 6 1 2 14% 31104 5696 42%
c s  1.62  0 71 18 4360 12 49284 9208 1.8 11 6 1 2 14% 31066 5696 42%
c t  1.62  0 71 18 4360 12 49284 9208 1.8 11 6 1 2 14% 31065 5696 42%
c e  1.63  0 71 18 4360 12 49284 9024 1.8 11 6 1 2 14% 31037 5672 42%
c s  1.63  0 71 18 4360 12 49284 8996 1.8 11 6 1 2 14% 31032 5672 42%
c -  1.68  0 69 19 4761 12 51239 7104 1.8 11 6 1 2 14% 31031 5672 42%
c 2  1.68  0 69 19 4761 12 51239 7103 1.8 11 6 1 2 14% 31031 5672 42%
c d  1.68  0 69 19 4761 12 51239 7093 1.8 11 6 1 2 14% 31031 5669 42%
c p  1.69  0 69 19 4761 12 51239 7258 1.8 11 6 1 2 14% 31031 5669 42%
c =  1.71  0 69 19 4761 12 51239 7258 1.8 11 6 1 2 14% 31027 5667 42%
c 2  1.71  0 69 19 4761 12 51239 7257 1.8 11 6 1 2 14% 31027 5667 42%
c f  1.71  0 69 19 4761 12 51239 7242 1.8 11 6 1 2 14% 31031 5678 42%
c F  1.80  0 68 19 5402 12 55019 10701 1.8 12 6 1 2 14% 31031 5678 42%
c }  1.82  0 67 19 5532 12 55660 11297 1.8 12 7 1 2 14% 31031 5678 42%
c 
c  seconds   reductions   conflicts        size   tier2      variables
c         MB      restarts      redundant     glue   trail        remaining
c           level       rate         size/glue  tier1  irredundant
c 
c [  1.82  0 105 19 5532  2 55660 11297 2.4 46 20 2 3 28% 31031 5678 42%
c -  1.85  0 105 20 5532  2 56898 8179 2.4 47 19 2 3 30% 31031 5678 42%
c d  1.85  0 105 20 5532  2 56898 8177 2.4 47 19 2 3 30% 31031 5677 42%
c =  1.87  0 105 20 5532  2 56898 8176 2.4 47 19 2 3 30% 31026 5670 42%
c u  1.87  0 105 20 5532  2 56898 7652 2.4 47 19 2 3 30% 31026 5670 42%
c v  1.87  0 105 20 5532  2 56898 7413 2.4 47 19 2 3 30% 31026 5670 42%
c w  1.87  0 105 20 5532  2 56898 7413 2.4 47 19 2 3 30% 31026 5670 42%
c t  1.88  0 105 20 5532  2 56898 7412 2.4 47 19 2 3 30% 31026 5670 42%
c 2  1.88  0 105 20 5532  2 56898 7407 2.4 47 19 2 3 30% 31026 5670 42%
c f  1.88  0 105 20 5532  2 56898 7405 2.4 47 19 2 3 30% 31027 5671 42%
c -  2.06  0 105 21 5533  2 62861 8075 2.6 51 20 2 3 31% 31027 5671 42%
c p  2.06  0 105 21 5533  2 62861 8243 2.6 51 20 2 3 31% 31027 5671 42%
c =  2.08  0 105 21 5533  2 62861 8178 2.6 51 20 2 3 31% 30795 5608 41%
c 2  2.08  0 105 21 5533  2 62861 8177 2.6 51 20 2 3 31% 30795 5608 41%
c f  2.08  0 105 21 5533  2 62861 8119 2.6 51 20 2 3 31% 30827 5628 42%
c ]  2.17  0 105 21 5533  1 65558 10702 2.6 53 21 2 3 32% 30827 5628 42%
c {  2.17  0 67 21 5533 12 65558 10702 1.8 12 7 1 2 14% 30827 5628 42%
c B  2.18  0 67 21 5598 12 66023 11129 1.8 12 7 1 2 14% 30827 5628 42%
c -  2.25  0 66 22 6090 12 69129 8785 1.9 12 7 1 2 14% 30827 5628 42%
c p  2.26  0 66 22 6090 12 69129 9391 1.9 12 7 1 2 14% 30827 5628 42%
c 
c  seconds  reductions   conflicts       size  tier2      variables
c         MB     restarts     redundant     glue  trail        remaining
c          level       rate        size/glue tier1  irredundant
c 
c =  2.28  0 66 22 6090 12 69129 9391 1.9 12 7 1 2 14% 30823 5622 42%
c u  2.29  0 66 22 6090 12 69129 8791 1.9 12 7 1 2 14% 30821 5622 42%
c v  2.29  0 66 22 6090 12 69129 8607 1.9 12 7 1 2 14% 30821 5622 42%
c w  2.29  0 66 22 6090 12 69129 8607 1.9 12 7 1 2 14% 30821 5622 42%
c t  2.29  0 66 22 6090 12 69129 8606 1.9 12 7 1 2 14% 30821 5622 42%
c 2  2.29  0 66 22 6090 12 69129 8603 1.9 12 7 1 2 14% 30821 5622 42%
c f  2.30  0 66 22 6090 12 69129 8491 1.9 12 7 1 2 14% 30880 5673 42%
c s  2.39  0 64 22 6719 12 73805 12621 1.9 13 7 1 2 14% 30710 5673 42%
c e  2.40  0 64 22 6719 12 73805 12397 1.9 13 7 1 2 14% 29306 5439 40%
c s  2.40  0 64 22 6719 12 73805 12375 1.9 13 7 1 2 14% 29301 5439 40%
c -  2.46  0 64 23 7053 12 75703 9244 1.9 13 7 1 2 14% 29301 5439 40%
c 2  2.46  0 64 23 7053 12 75703 9243 1.9 13 7 1 2 14% 29301 5439 40%
c p  2.46  0 64 23 7053 12 75703 9363 1.9 13 7 1 2 14% 29301 5439 40%
c f  2.48  0 64 23 7053 12 75703 9361 1.9 13 7 1 2 14% 29296 5446 40%
c }  2.52  0 64 23 7319 12 77429 10963 1.9 13 7 1 2 14% 29296 5446 40%
c [  2.52  0 105 23 7319  1 77429 10963 2.6 53 21 2 3 32% 29296 5446 40%
c B  2.53  0 104 23 7319  2 78024 11531 2.6 53 20 2 3 32% 29296 5446 40%
c -  2.65  0 105 24 7322  1 82584 10203 2.5 54 22 2 3 32% 29296 5446 40%
c p  2.65  0 105 24 7322  1 82584 10386 2.5 54 22 2 3 32% 29296 5446 40%
c u  2.66  0 105 24 7322  1 82584 10078 2.5 54 22 2 3 32% 29296 5446 40%
c 
c  seconds   reductions   conflicts       size   tier2      variables
c         MB      restarts     redundant     glue   trail        remaining
c           level       rate        size/glue  tier1  irredundant
c 
c v  2.66  0 105 24 7322  1 82584 9981 2.5 54 22 2 3 32% 29296 5446 40%
c w  2.66  0 105 24 7322  1 82584 9978 2.5 54 22 2 3 32% 29296 5446 40%
c x  2.66  0 105 24 7322  1 82584 9978 2.5 54 22 2 3 32% 29269 5446 40%
c f  2.66  0 105 24 7322  1 82584 9974 2.5 54 22 2 3 32% 29270 5449 40%
c -  2.93  0 104 25 7326  1 89769 10147 2.5 60 24 2 3 32% 29270 5449 40%
c p  2.93  0 104 25 7326  1 89769 10476 2.5 60 24 2 3 32% 29270 5449 40%
c ]  2.99  0 104 25 7326  1 90932 11609 2.5 60 24 2 3 33% 29270 5449 40%
c {  2.99  0 64 25 7326 12 90932 11609 1.9 13 7 1 2 14% 29270 5449 40%
c W  3.02  0 64 25 7350 12 91025 11698 1.9 13 7 1 2 14% 29270 5449 40%
c -  3.18  0 63 26 8392 12 97260 11059 1.9 13 7 1 2 15% 29270 5449 40%
c p  3.18  0 63 26 8392 12 97260 11077 1.9 13 7 1 2 15% 29270 5449 40%
c u  3.20  0 63 26 8392 12 97260 10360 1.9 13 7 1 2 15% 29270 5449 40%
c v  3.20  0 63 26 8392 12 97260 10078 1.9 13 7 1 2 15% 29270 5449 40%
c s  3.33  0 62 26 9110 11 102960 15174 1.9 14 7 1 2 15% 29243 5449 40%
c e  3.33  0 62 26 9110 11 102960 14368 1.9 14 7 1 2 15% 29232 5418 40%
c s  3.34  0 62 26 9110 11 102960 14346 1.9 14 7 1 2 15% 29230 5418 40%
c #  3.38  0 62 26 9319 11 105026 16225 1.9 14 7 1 2 15% 29230 5418 40%
c -  3.39  0 62 27 9328 11 105056 11004 1.9 14 7 1 2 15% 29230 5418 40%
c p  3.39  0 62 27 9328 11 105056 11263 1.9 14 7 1 2 15% 29230 5418 40%
c f  3.40  0 62 27 9328 11 105056 11256 1.9 14 7 1 2 15% 29210 5445 40%
c 
c  seconds  reductions   conflicts         size  tier2      variables
c         MB     restarts       redundant     glue  trail        remaining
c          level       rate          size/glue tier1  irredundant
c 
c }  3.40  0 62 27 9368 11 105377 11538 1.9 14 7 1 2 15% 29210 5445 40%
c [  3.40  0 104 27 9368  1 105377 11538 2.5 60 24 2 3 32% 29210 5445 40%
c -  3.61  0 103 28 9374  1 113162 12046 2.5 59 23 2 3 32% 29210 5445 40%
c p  3.61  0 103 28 9374  1 113162 12385 2.5 59 23 2 3 32% 29210 5445 40%
c u  3.63  0 103 28 9374  1 113162 12200 2.5 59 23 2 3 32% 29210 5445 40%
c v  3.63  0 103 28 9374  1 113162 12102 2.5 59 23 2 3 32% 29210 5445 40%
c w  3.63  0 103 28 9374  1 113162 12100 2.5 59 23 2 3 32% 29210 5445 40%
c x  3.64  0 103 28 9374  1 113162 12099 2.5 59 23 2 3 32% 29202 5445 40%
c t  3.64  0 103 28 9374  1 113162 12099 2.5 59 23 2 3 32% 29201 5445 40%
c f  3.64  0 103 28 9374  1 113162 12096 2.5 59 23 2 3 32% 29203 5446 40%
c W  3.91  0 103 28 9376  1 120027 18752 2.5 63 25 2 3 33% 29203 5446 40%
c -  3.96  0 103 29 9376  1 121571 11717 2.5 63 25 2 3 33% 29203 5446 40%
c p  3.96  0 103 29 9376  1 121571 11718 2.5 63 25 2 3 33% 29203 5446 40%
c ]  4.01  0 103 29 9376  1 122589 12701 2.5 64 26 2 3 33% 29203 5446 40%
c {  4.01  0 62 29 9376 11 122589 12701 1.9 14 7 1 2 15% 29203 5446 40%
c -  4.23  0 61 30 10500 11 130288 12913 1.9 14 7 1 2 15% 29203 5446 40%
c p  4.23  0 61 30 10500 11 130288 13477 1.9 14 7 1 2 15% 29203 5446 40%
c u  4.24  0 61 30 10500 11 130288 12813 1.9 14 7 1 2 15% 29203 5446 40%
c v  4.25  0 61 30 10500 11 130288 12526 1.9 14 7 1 2 15% 29203 5446 40%
c f  4.25  0 61 30 10500 11 130288 12515 1.9 14 7 1 2 15% 29211 5449 40%
c 
c  seconds  reductions    conflicts         size  tier2      variables
c         MB      restarts       redundant     glue  trail        remaining
c          level        rate          size/glue tier1  irredundant
c 
c B  4.42  0 61 30 11408 11 136030 17822 1.9 14 7 1 2 15% 29211 5449 40%
c s  4.47  0 61 30 11624 11 137003 18598 1.9 14 7 1 2 15% 29199 5449 40%
c t  4.47  0 61 30 11624 11 137003 18598 1.9 14 7 1 2 15% 29198 5449 40%
c e  4.47  0 61 30 11624 11 137003 17487 1.9 14 7 1 2 15% 29194 5408 40%
c s  4.48  0 61 30 11624 11 137003 17449 1.9 14 7 1 2 15% 29175 5408 40%
c e  4.48  0 61 30 11624 11 137003 17442 1.9 14 7 1 2 15% 29169 5407 40%
c }  4.51  0 61 30 11724 11 137848 18211 1.9 14 7 1 2 15% 29169 5407 40%
c [  4.51  0 103 30 11724  1 137848 18211 2.5 64 26 2 3 33% 29169 5407 40%
c -  4.56  0 103 31 11724  1 139312 13012 2.5 64 25 2 3 33% 29169 5407 40%
c 2  4.56  0 103 31 11724  1 139312 13004 2.5 64 25 2 3 33% 29169 5407 40%
c p  4.57  0 103 31 11724  1 139312 13093 2.5 64 25 2 3 33% 29169 5407 40%
c c  4.58  0 103 31 11724  1 139312 13092 2.5 64 25 2 3 33% 29170 5407 40%
c d  4.58  0 103 31 11724  1 139312 13092 2.5 64 25 2 3 33% 29168 5406 40%
c u  4.58  0 103 31 11724  1 139312 12871 2.5 64 25 2 3 33% 29168 5406 40%
c v  4.59  0 103 31 11724  1 139312 12780 2.5 64 25 2 3 33% 29168 5406 40%
c w  4.59  0 103 31 11724  1 139312 12779 2.5 64 25 2 3 33% 29168 5406 40%
c f  4.59  0 103 31 11724  1 139312 12779 2.5 64 25 2 3 33% 29135 5439 40%
c -  4.93  0 101 32 11725  1 148644 13668 2.6 67 26 2 3 32% 29135 5439 40%
c p  4.94  0 101 32 11725  1 148644 14140 2.6 67 26 2 3 32% 29135 5439 40%
c =  4.96  0 101 32 11725  1 148644 14140 2.6 67 26 2 3 32% 29134 5438 40%
c 
c  seconds   reductions    conflicts         size   tier2      variables
c         MB       restarts       redundant     glue   trail        remaining
c           level        rate          size/glue  tier1  irredundant
c 
c 2  4.96  0 101 32 11725  1 148644 14139 2.6 67 26 2 3 32% 29134 5438 40%
c I  5.10  0 100 32 11725  1 153031 18327 2.6 67 26 2 3 33% 29134 5438 40%
c ]  5.22  0 99 32 11725  1 156274 21486 2.6 66 26 2 3 32% 29134 5438 40%
c {  5.22  0 61 32 11725 11 156274 21486 1.9 14 7 1 2 15% 29134 5438 40%
c -  5.27  0 60 33 11974 11 158282 14014 1.9 14 7 1 2 15% 29134 5438 40%
c p  5.28  0 60 33 11974 11 158282 14059 1.9 14 7 1 2 15% 29134 5438 40%
c u  5.28  0 60 33 11974 11 158282 13645 1.9 14 7 1 2 15% 29134 5438 40%
c v  5.29  0 60 33 11974 11 158282 13494 1.9 14 7 1 2 15% 29134 5438 40%
c x  5.29  0 60 33 11974 11 158282 13494 1.9 14 7 1 2 15% 28971 5438 40%
c t  5.29  0 60 33 11974 11 158282 13494 1.9 14 7 1 2 15% 28970 5438 40%
c f  5.29  0 60 33 11974 11 158282 13494 1.9 14 7 1 2 15% 28968 5440 40%
c -  5.56  0 61 34 13343 11 168228 15026 1.9 15 8 1 2 15% 28968 5440 40%
c p  5.56  0 61 34 13343 11 168228 15539 1.9 15 8 1 2 15% 28968 5440 40%
c u  5.60  0 61 34 13343 11 168228 15385 1.9 15 8 1 2 15% 28968 5440 40%
c v  5.60  0 61 34 13343 11 168228 15227 1.9 15 8 1 2 15% 28968 5440 40%
c W  5.71  0 60 34 13650 11 171032 17787 1.9 15 8 1 2 15% 28968 5440 40%
c }  5.82  0 61 34 14219 11 174952 21394 1.9 15 8 1 2 15% 28968 5440 40%
c [  5.82  0 99 34 14219  1 174952 21394 2.6 66 26 2 3 32% 28968 5440 40%
c s  5.85  0 98 34 14219  1 175909 22172 2.6 66 25 2 3 32% 28886 5440 40%
c e  5.86  0 98 34 14219  1 175909 20653 2.6 66 25 2 3 32% 28842 5360 40%
c 
c  seconds  reductions    conflicts         size   tier2      variables
c         MB      restarts       redundant     glue   trail        remaining
c          level        rate          size/glue  tier1  irredundant
c 
c s  5.86  0 98 34 14219  1 175909 20595 2.6 66 25 2 3 32% 28830 5360 40%
c e  5.87  0 98 34 14219  1 175909 20595 2.6 66 25 2 3 32% 28827 5359 40%
c -  5.95  0 98 35 14221  1 178481 15441 2.6 65 25 2 3 32% 28827 5359 40%
c p  5.95  0 98 35 14221  1 178481 15482 2.6 65 25 2 3 32% 28827 5359 40%
c u  5.96  0 98 35 14221  1 178481 15357 2.6 65 25 2 3 32% 28827 5359 40%
c v  5.96  0 98 35 14221  1 178481 15288 2.6 65 25 2 3 32% 28827 5359 40%
c w  5.96  0 98 35 14221  1 178481 15285 2.6 65 25 2 3 32% 28827 5359 40%
c x  5.96  0 98 35 14221  1 178481 15285 2.6 65 25 2 3 32% 28815 5359 40%
c f  5.96  0 98 35 14221  1 178481 15285 2.6 65 25 2 3 32% 28735 5434 40%
c -  6.31  0 98 36 14226  1 189043 16186 2.5 64 26 2 3 31% 28735 5434 40%
c p  6.31  0 98 36 14226  1 189043 16624 2.5 64 26 2 3 31% 28735 5434 40%
c u  6.32  0 98 36 14226  1 189043 16360 2.5 64 26 2 3 31% 28735 5434 40%
c v  6.32  0 98 36 14226  1 189043 16265 2.5 64 26 2 3 31% 28735 5434 40%
c w  6.32  0 98 36 14226  1 189043 16265 2.5 64 26 2 3 31% 28735 5434 40%
c B  6.36  0 98 36 14227  1 190034 17232 2.5 64 26 2 3 30% 28735 5434 40%
c ]  6.62  0 98 36 14233  1 197867 24783 2.5 65 26 2 3 31% 28735 5434 40%
c {  6.62  0 61 36 14233 11 197867 24783 1.9 15 8 1 2 15% 28735 5434 40%
c -  6.69  0 61 37 14537 11 199912 16284 2.0 15 8 1 2 15% 28735 5434 40%
c p  6.70  0 61 37 14537 11 199912 16399 2.0 15 8 1 2 15% 28735 5434 40%
c u  6.73  0 61 37 14537 11 199912 16160 2.0 15 8 1 2 15% 28735 5434 40%
c 
c  seconds  reductions    conflicts         size  tier2      variables
c         MB      restarts       redundant     glue  trail        remaining
c          level        rate          size/glue tier1  irredundant
c 
c v  6.73  0 61 37 14537 11 199912 16056 2.0 15 8 1 2 15% 28735 5434 40%
c F  7.02  0 60 37 15901 10 210035 25404 2.0 15 8 1 2 15% 28735 5434 40%
c -  7.05  0 60 38 15974 10 211089 17412 2.0 15 8 1 2 15% 28735 5434 40%
c p  7.05  0 60 38 15974 10 211089 17926 2.0 15 8 1 2 15% 28735 5434 40%
c u  7.07  0 60 38 15974 10 211089 17830 2.0 15 8 1 2 15% 28735 5434 40%
c v  7.07  0 60 38 15974 10 211089 17733 2.0 15 8 1 2 15% 28735 5434 40%
c w  7.07  0 60 38 15974 10 211089 17733 2.0 15 8 1 2 15% 28735 5434 40%
c x  7.07  0 60 38 15974 10 211089 17733 2.0 15 8 1 2 15% 28713 5434 40%
c t  7.07  0 60 38 15974 10 211089 17733 2.0 15 8 1 2 15% 28712 5434 40%
c f  7.08  0 60 38 15974 10 211089 17728 2.0 15 8 1 2 15% 28715 5436 40%
c }  7.28  0 60 38 16963 10 218259 24327 2.0 15 8 1 2 15% 28715 5436 40%
c [  7.28  0 98 38 16963  1 218259 24327 2.5 65 26 2 3 31% 28715 5436 40%
c s  7.32  0 98 38 16963  1 219602 25422 2.5 64 26 2 3 30% 28713 5436 40%
c e  7.33  0 98 38 16963  1 219602 24923 2.5 64 26 2 3 30% 28712 5422 40%
c s  7.34  0 98 38 16963  1 219602 24893 2.5 64 26 2 3 30% 28699 5422 40%
c -  7.42  0 97 39 16964  1 222575 18332 2.5 64 26 2 3 31% 28699 5422 40%
c p  7.43  0 97 39 16964  1 222575 18488 2.5 64 26 2 3 31% 28699 5422 40%
c u  7.44  0 97 39 16964  1 222575 18261 2.5 64 26 2 3 31% 28699 5422 40%
c v  7.44  0 97 39 16964  1 222575 18122 2.5 64 26 2 3 31% 28699 5422 40%
c w  7.44  0 97 39 16964  1 222575 18121 2.5 64 26 2 3 31% 28699 5422 40%
c 
c  seconds  reductions    conflicts         size   tier2      variables
c         MB      restarts       redundant     glue   trail        remaining
c          level        rate          size/glue  tier1  irredundant
c 
c f  7.44  0 97 39 16964  1 222575 18118 2.5 64 26 2 3 30% 28690 5434 40%
c W  7.79  0 98 39 16965  1 231036 26360 2.5 67 26 2 3 30% 28690 5434 40%
c -  7.89  0 98 40 16967  1 234369 18569 2.5 67 26 2 3 30% 28690 5434 40%
c p  7.89  0 98 40 16967  1 234369 18959 2.5 67 26 2 3 30% 28690 5434 40%
c u  7.90  0 98 40 16967  1 234369 18670 2.5 67 26 2 3 30% 28690 5434 40%
c v  7.90  0 98 40 16967  1 234369 18552 2.5 67 26 2 3 30% 28690 5434 40%
c w  7.90  0 98 40 16967  1 234369 18552 2.5 67 26 2 3 30% 28690 5434 40%
c ]  8.30  0 96 40 16974  1 246129 29911 2.5 68 27 2 3 30% 28690 5434 40%
c {  8.30  0 60 40 16974 10 246129 29911 2.0 15 8 1 2 15% 28690 5434 40%
c -  8.32  0 60 41 17040 10 246471 17897 2.0 15 8 1 2 15% 28690 5434 40%
c p  8.32  0 60 41 17040 10 246471 18074 2.0 15 8 1 2 15% 28690 5434 40%
c u  8.36  0 60 41 17040 10 246471 17825 2.0 15 8 1 2 15% 28690 5434 40%
c v  8.36  0 60 41 17040 10 246471 17685 2.0 15 8 1 2 15% 28690 5434 40%
c w  8.36  0 60 41 17040 10 246471 17684 2.0 15 8 1 2 15% 28690 5434 40%
c t  8.36  0 60 41 17040 10 246471 17671 2.0 15 8 1 2 15% 28690 5434 40%
c B  8.54  0 60 41 17934 10 253038 23733 2.0 16 8 1 2 15% 28690 5434 40%
c -  8.73  0 60 42 18690 10 258882 19341 2.0 16 8 1 2 16% 28690 5434 40%
c p  8.73  0 60 42 18690 10 258882 19744 2.0 16 8 1 2 16% 28690 5434 40%
c u  8.73  0 60 42 18690 10 258882 19642 2.0 16 8 1 2 16% 28690 5434 40%
c v  8.74  0 60 42 18690 10 258882 19551 2.0 16 8 1 2 16% 28690 5434 40%
c 
c  seconds  reductions    conflicts         size  tier2      variables
c         MB      restarts       redundant     glue  trail        remaining
c          level        rate          size/glue tier1  irredundant
c 
c w  8.74  0 60 42 18690 10 258882 19551 2.0 16 8 1 2 16% 28690 5434 40%
c x  8.74  0 60 42 18690 10 258882 19551 2.0 16 8 1 2 16% 28684 5434 40%
c s  9.04  0 60 42 19947 10 267685 27540 2.0 16 8 1 2 16% 28681 5434 40%
c e  9.04  0 60 42 19947 10 267685 27501 2.0 16 8 1 2 16% 28673 5427 40%
c s  9.05  0 60 42 19947 10 267685 27466 2.0 16 8 1 2 16% 28672 5427 40%
c }  9.08  0 60 42 20058 10 268550 28279 2.0 16 8 1 2 16% 28672 5427 40%
c [  9.08  0 96 42 20058  1 268550 28279 2.5 68 27 2 3 30% 28672 5427 40%
c -  9.17  0 95 43 20060  1 271604 20538 2.5 68 27 2 3 30% 28672 5427 40%
c p  9.18  0 95 43 20060  1 271604 20976 2.5 68 27 2 3 30% 28672 5427 40%
c u  9.19  0 95 43 20060  1 271604 20720 2.5 68 27 2 3 30% 28672 5427 40%
c v  9.20  0 95 43 20060  1 271604 20531 2.5 68 27 2 3 30% 28672 5427 40%
c w  9.20  0 95 43 20060  1 271604 20531 2.5 68 27 2 3 30% 28672 5427 40%
c f  9.20  0 95 43 20060  1 271604 20531 2.5 68 27 2 3 30% 28670 5429 40%
c O  9.32  0 94 43 20062  1 276039 24803 2.5 66 26 2 3 30% 28670 5429 40%
c -  9.60  0 92 44 20063  1 284634 20942 2.5 66 26 2 3 30% 28670 5429 40%
c p  9.60  0 92 44 20063  1 284634 21039 2.5 66 26 2 3 30% 28670 5429 40%
c u  9.61  0 92 44 20063  1 284634 20802 2.5 66 26 2 3 30% 28670 5429 40%
c v  9.61  0 92 44 20063  1 284634 20733 2.5 66 26 2 3 30% 28670 5429 40%
c w  9.61  0 92 44 20063  1 284634 20733 2.5 66 26 2 3 30% 28670 5429 40%
c - 10.12  0 91 45 20064  1 297971 20179 2.6 70 26 2 3 30% 28670 5429 40%
c 
c  seconds  reductions    conflicts         size   tier2      variables
c         MB      restarts       redundant     glue   trail        remaining
c          level        rate          size/glue  tier1  irredundant
c 
c p 10.12  0 91 45 20064  1 297971 20609 2.6 70 26 2 3 30% 28670 5429 40%
c u 10.14  0 91 45 20064  1 297971 20380 2.6 70 26 2 3 30% 28670 5429 40%
c v 10.14  0 91 45 20064  1 297971 20248 2.6 70 26 2 3 30% 28670 5429 40%
c w 10.14  0 91 45 20064  1 297971 20248 2.6 70 26 2 3 30% 28670 5429 40%
c t 10.14  0 91 45 20064  1 297971 20247 2.6 70 26 2 3 30% 28670 5429 40%
c f 10.14  0 91 45 20064  1 297971 20244 2.6 70 26 2 3 30% 28672 5430 40%
c ] 10.20  0 92 45 20064  1 299483 21724 2.7 70 26 2 3 30% 28672 5430 40%
c { 10.20  0 60 45 20064 10 299483 21724 2.0 16 8 1 2 16% 28672 5430 40%
c W 10.27  0 60 45 20158 10 300042 22235 2.0 16 8 1 2 16% 28672 5430 40%
c - 10.65  0 60 46 21794 10 311617 21502 2.0 16 8 1 2 16% 28672 5430 40%
c p 10.66  0 60 46 21794 10 311617 21931 2.0 16 8 1 2 16% 28672 5430 40%
c u 10.71  0 60 46 21794 10 311617 21735 2.0 16 8 1 2 16% 28672 5430 40%
c v 10.72  0 60 46 21794 10 311617 21546 2.0 16 8 1 2 16% 28672 5430 40%
c w 10.72  0 60 46 21794 10 311617 21546 2.0 16 8 1 2 16% 28672 5430 40%
c s 11.02  0 59 46 23048 10 320518 29602 2.0 17 8 1 2 16% 28672 5430 40%
c t 11.02  0 59 46 23048 10 320518 29601 2.0 17 8 1 2 16% 28672 5430 40%
c s 11.04  0 59 46 23048 10 320518 29554 2.0 17 8 1 2 16% 28672 5430 40%
c ^ 11.04  0 59 46 23048 10 320518 29554 2.0 17 8 1 2 16% 28672 5430 40%
c } 11.14  0 59 46 23435 10 323096 31946 2.0 17 8 1 2 16% 28672 5430 40%
c [ 11.14  0 92 46 23435  1 323096 31946 2.7 70 26 2 3 30% 28672 5430 40%
c 
c  seconds  reductions    conflicts         size   tier2      variables
c         MB      restarts       redundant     glue   trail        remaining
c          level        rate          size/glue  tier1  irredundant
c 
c B 11.19  0 91 46 23435  1 325045 33810 2.7 70 26 2 3 30% 28672 5430 40%
c - 11.21  0 91 47 23435  1 325572 22882 2.7 69 26 2 3 30% 28672 5430 40%
c p 11.21  0 91 47 23435  1 325572 23380 2.7 69 26 2 3 30% 28672 5430 40%
c u 11.22  0 91 47 23435  1 325572 23213 2.7 69 26 2 3 30% 28672 5430 40%
c v 11.22  0 91 47 23435  1 325572 23080 2.7 69 26 2 3 30% 28672 5430 40%
c w 11.23  0 91 47 23435  1 325572 23077 2.7 69 26 2 3 30% 28672 5430 40%
c - 11.79  0 90 48 23436  1 339838 23349 2.7 71 26 1 2 31% 28671 5430 40%
c p 11.79  0 90 48 23436  1 339838 23489 2.7 71 26 1 2 31% 28671 5430 40%
c u 11.80  0 90 48 23436  1 339838 23300 2.7 71 26 1 2 31% 28671 5430 40%
c v 11.81  0 90 48 23436  1 339838 23214 2.7 71 26 1 2 31% 28671 5430 40%
c w 11.81  0 90 48 23436  1 339838 23214 2.7 71 26 1 2 31% 28671 5430 40%
c W 12.34  0 90 48 23436  1 351046 33813 2.6 71 28 1 2 30% 28671 5430 40%
c ] 12.46  0 90 48 23436  1 353941 36565 2.5 71 28 1 2 30% 28671 5430 40%
c { 12.46  0 59 48 23436 10 353941 36565 2.0 17 8 1 2 16% 28671 5430 40%
c - 12.49  0 59 49 23516 10 354411 21986 2.0 17 8 1 2 16% 28671 5430 40%
c p 12.50  0 59 49 23516 10 354411 22466 2.0 17 8 1 2 16% 28671 5430 40%
c u 12.52  0 59 49 23516 10 354411 22350 2.0 17 8 1 2 16% 28671 5430 40%
c v 12.52  0 59 49 23516 10 354411 22298 2.0 17 8 1 2 16% 28671 5430 40%
c - 13.02  0 59 50 25256 10 369294 23775 2.0 17 8 1 2 16% 28671 5430 40%
c p 13.02  0 59 50 25256 10 369294 24301 2.0 17 8 1 2 16% 28671 5430 40%
c 
c  seconds  reductions    conflicts         size  tier2      variables
c         MB      restarts       redundant     glue  trail        remaining
c          level        rate          size/glue tier1  irredundant
c 
c u 13.03  0 59 50 25256 10 369294 24076 2.0 17 8 1 2 16% 28671 5430 40%
c v 13.04  0 59 50 25256 10 369294 23888 2.0 17 8 1 2 16% 28671 5430 40%
c # 13.31  0 59 50 26181 10 378048 31960 2.0 17 9 1 2 16% 28671 5430 40%
c s 13.33  0 59 50 26192 10 378133 31866 2.0 17 9 1 2 16% 28671 5430 40%
c e 13.34  0 59 50 26192 10 378133 22842 2.0 17 9 1 2 16% 29116 4952 37%
c s 13.36  0 59 50 26192 10 378133 22762 2.0 17 9 1 2 16% 29004 4952 37%
c e 13.36  0 59 50 26192 10 378133 22641 2.0 17 9 1 2 16% 28979 4940 37%
c } 13.52  0 59 50 26685 10 383953 28041 2.0 17 9 1 2 18% 28979 4940 37%
c [ 13.52  0 90 50 26685  1 383953 28041 2.5 71 28 1 2 37% 28979 4940 37%
c - 13.53  0 90 51 26685  1 384487 19780 2.5 71 28 1 2 36% 28979 4940 37%
c 2 13.53  0 90 51 26685  1 384487 19704 2.5 71 28 1 2 36% 28979 4940 37%
c p 13.53  0 90 51 26685  1 384487 20050 2.5 71 28 1 2 36% 28979 4940 37%
c u 13.55  0 90 51 26685  1 384487 19920 2.5 71 28 1 2 36% 28979 4940 37%
c v 13.55  0 90 51 26685  1 384487 19737 2.5 71 28 1 2 36% 28979 4940 37%
c w 13.55  0 90 51 26685  1 384487 19736 2.5 71 28 1 2 36% 28979 4940 37%
c t 13.55  0 90 51 26685  1 384487 19736 2.5 71 28 1 2 36% 28976 4940 37%
c f 13.56  0 90 51 26685  1 384487 19725 2.5 71 28 1 2 36% 28896 4983 37%
c - 14.09  0 90 52 26692  1 399988 21389 2.6 72 28 1 2 36% 28896 4983 37%
c p 14.10  0 90 52 26692  1 399988 21725 2.6 72 28 1 2 36% 28896 4983 37%
c u 14.14  0 90 52 26692  1 399988 21446 2.6 72 28 1 2 36% 28896 4983 37%
c 
c  seconds  reductions    conflicts         size   tier2      variables
c         MB      restarts       redundant     glue   trail        remaining
c          level        rate          size/glue  tier1  irredundant
c 
c v 14.14  0 90 52 26692  1 399988 21273 2.6 72 28 1 2 36% 28896 4983 37%
c w 14.14  0 90 52 26692  1 399988 21272 2.6 72 28 1 2 36% 28896 4983 37%
c f 14.15  0 90 52 26692  1 399988 21270 2.6 72 28 1 2 36% 28896 4984 37%
c I 14.34  0 90 52 26695  1 406049 27069 2.6 71 28 1 2 35% 28896 4984 37%
c - 14.70  0 89 53 26700  1 415799 20827 2.5 71 28 1 2 35% 28896 4984 37%
c p 14.70  0 89 53 26700  1 415799 20963 2.5 71 28 1 2 35% 28896 4984 37%
c u 14.71  0 89 53 26700  1 415799 20894 2.5 71 28 1 2 35% 28896 4984 37%
c v 14.71  0 89 53 26700  1 415799 20857 2.5 71 28 1 2 35% 28896 4984 37%
c w 14.71  0 89 53 26700  1 415799 20856 2.5 71 28 1 2 35% 28896 4984 37%
c ] 15.06  0 89 53 26702  1 424832 29628 2.6 72 28 1 2 35% 28896 4984 37%
c { 15.06  0 59 53 26702 10 424832 29628 2.0 17 9 1 2 18% 28896 4984 37%
c - 15.28  0 59 54 27378  9 431919 21939 2.0 17 9 1 2 18% 28896 4984 37%
c p 15.29  0 59 54 27378  9 431919 22255 2.0 17 9 1 2 18% 28896 4984 37%
c u 15.30  0 59 54 27378  9 431919 22007 2.0 17 9 1 2 18% 28896 4984 37%
c v 15.30  0 59 54 27378  9 431919 21858 2.0 17 9 1 2 18% 28896 4984 37%
c w 15.30  0 59 54 27378  9 431919 21858 2.0 17 9 1 2 18% 28896 4984 37%
c B 15.39  0 59 54 27737  9 435050 24741 2.0 17 9 1 2 18% 28896 4984 37%
c s 15.70  0 59 54 28777  9 444497 33266 2.0 17 9 1 2 18% 28882 4984 37%
c t 15.70  0 59 54 28777  9 444497 33265 2.0 17 9 1 2 18% 28881 4984 37%
c e 15.71  0 59 54 28777  9 444497 33195 2.0 17 9 1 2 18% 28887 4976 37%
c 
c  seconds  reductions    conflicts         size  tier2      variables
c         MB      restarts       redundant     glue  trail        remaining
c          level        rate          size/glue tier1  irredundant
c 
c s 15.72  0 59 54 28777  9 444497 33150 2.0 17 9 1 2 18% 28884 4976 37%
c - 15.87  0 59 55 29240  9 448349 23534 2.0 18 9 1 2 18% 28883 4976 37%
c 2 15.87  0 59 55 29240  9 448349 23533 2.0 18 9 1 2 18% 28883 4976 37%
c p 15.87  0 59 55 29240  9 448349 23840 2.0 18 9 1 2 18% 28883 4976 37%
c u 15.88  0 59 55 29240  9 448349 23573 2.0 18 9 1 2 18% 28883 4976 37%
c v 15.89  0 59 55 29240  9 448349 23382 2.0 18 9 1 2 18% 28883 4976 37%
c w 15.89  0 59 55 29240  9 448349 23382 2.0 18 9 1 2 18% 28883 4976 37%
c f 15.89  0 59 55 29240  9 448349 23380 2.0 18 9 1 2 18% 28881 4978 37%
c } 16.22  0 59 55 30442  9 459482 33648 2.0 18 9 1 2 17% 28881 4978 37%
c [ 16.22  0 89 55 30442  1 459482 33648 2.6 72 28 1 2 35% 28881 4978 37%
c B 16.40  0 89 55 30446  1 465051 39057 2.6 71 28 1 2 35% 28881 4978 37%
c - 16.40  0 89 56 30446  1 465088 25068 2.6 71 28 1 2 35% 28881 4978 37%
c p 16.41  0 89 56 30446  1 465088 25370 2.6 71 28 1 2 35% 28881 4978 37%
c u 16.43  0 89 56 30446  1 465088 25213 2.6 71 28 1 2 35% 28881 4978 37%
c v 16.43  0 89 56 30446  1 465088 25076 2.6 71 28 1 2 35% 28881 4978 37%
c w 16.43  0 89 56 30446  1 465088 25076 2.6 71 28 1 2 35% 28881 4978 37%
c - 17.16  0 89 57 30454  1 482137 25092 2.5 74 30 1 2 35% 28881 4978 37%
c p 17.17  0 89 57 30454  1 482137 25385 2.5 74 30 1 2 35% 28881 4978 37%
c u 17.18  0 89 57 30454  1 482137 25045 2.5 74 30 1 2 35% 28881 4978 37%
c v 17.18  0 89 57 30454  1 482137 24857 2.5 74 30 1 2 35% 28881 4978 37%
c 
c  seconds  reductions    conflicts         size   tier2      variables
c         MB      restarts       redundant     glue   trail        remaining
c          level        rate          size/glue  tier1  irredundant
c 
c w 17.18  0 89 57 30454  1 482137 24857 2.5 74 30 1 2 35% 28881 4978 37%
c t 17.18  0 89 57 30454  1 482137 24856 2.5 74 30 1 2 35% 28881 4978 37%
c W 17.83  0 89 57 30456  1 496053 38252 2.5 73 30 1 2 34% 28881 4978 37%
c - 17.98  0 89 58 30456  1 499496 23544 2.5 73 30 1 2 34% 28881 4978 37%
c p 17.98  0 89 58 30456  1 499496 23837 2.5 73 30 1 2 34% 28881 4978 37%
c u 17.99  0 89 58 30456  1 499496 23784 2.5 73 30 1 2 34% 28881 4978 37%
c v 17.99  0 89 58 30456  1 499496 23563 2.5 73 30 1 2 34% 28881 4978 37%
c w 17.99  0 89 58 30456  1 499496 23562 2.5 73 30 1 2 34% 28881 4978 37%
c t 17.99  0 89 58 30456  1 499496 23561 2.5 73 30 1 2 34% 28881 4978 37%
c ] 18.07  0 89 58 30456  1 501271 25289 2.4 73 30 1 2 34% 28881 4978 37%
c { 18.07  0 59 58 30456  9 501271 25289 2.0 18 9 1 2 17% 28881 4978 37%
c s 18.57  0 59 58 32060  9 515538 38344 2.0 18 9 1 2 18% 28881 4978 37%
c s 18.59  0 59 58 32060  9 515538 38308 2.0 18 9 1 2 18% 28881 4978 37%
c ^ 18.59  0 59 58 32060  9 515538 38308 2.0 18 9 1 2 18% 28881 4978 37%
c - 18.65  0 59 59 32193  9 517165 25875 2.0 18 9 1 2 18% 28881 4978 37%
c p 18.66  0 59 59 32193  9 517165 26169 2.0 18 9 1 2 18% 28881 4978 37%
c u 18.68  0 59 59 32193  9 517165 25976 2.0 18 9 1 2 18% 28881 4978 37%
c v 18.69  0 59 59 32193  9 517165 25839 2.0 18 9 1 2 18% 28881 4978 37%
c w 18.69  0 59 59 32193  9 517165 25839 2.0 18 9 1 2 18% 28881 4978 37%
c W 19.10  0 59 59 33577  9 528054 36015 2.0 18 9 1 2 18% 28881 4978 37%
c 
c  seconds  reductions    conflicts         size  tier2      variables
c         MB      restarts       redundant     glue  trail        remaining
c          level        rate          size/glue tier1  irredundant
c 
c } 19.38  0 59 59 34425  9 534416 41969 2.0 18 9 1 2 18% 28881 4978 37%
c [ 19.38  0 89 59 34425  1 534416 41969 2.4 73 30 1 2 34% 28881 4978 37%
c - 19.40  0 89 60 34425  1 535144 28018 2.4 73 30 1 2 34% 28881 4978 37%
c p 19.41  0 89 60 34425  1 535144 28307 2.4 73 30 1 2 34% 28881 4978 37%
c u 19.42  0 89 60 34425  1 535144 28155 2.4 73 30 1 2 34% 28881 4978 37%
c v 19.42  0 89 60 34425  1 535144 28023 2.4 73 30 1 2 34% 28881 4978 37%
c w 19.42  0 89 60 34425  1 535144 28022 2.4 73 30 1 2 34% 28881 4978 37%
c x 19.43  0 89 60 34425  1 535144 28022 2.4 73 30 1 2 34% 28877 4978 37%
c - 20.14  0 88 61 34432  1 553433 28439 2.4 72 30 1 2 34% 28877 4978 37%
c p 20.14  0 88 61 34432  1 553433 28714 2.4 72 30 1 2 34% 28877 4978 37%
c u 20.15  0 88 61 34432  1 553433 28419 2.4 72 30 1 2 34% 28877 4978 37%
c v 20.16  0 88 61 34432  1 553433 28221 2.4 72 30 1 2 34% 28877 4978 37%
c w 20.16  0 88 61 34432  1 553433 28220 2.4 72 30 1 2 34% 28877 4978 37%
c t 20.16  0 88 61 34432  1 553433 28220 2.4 72 30 1 2 34% 28876 4978 37%
c O 20.40  0 88 61 34438  1 561055 35645 2.4 71 29 1 2 33% 28876 4978 37%
c - 20.83  0 89 62 34440  1 572032 26740 2.4 72 30 1 2 34% 28876 4978 37%
c p 20.83  0 89 62 34440  1 572032 27016 2.4 72 30 1 2 34% 28876 4978 37%
c u 20.84  0 89 62 34440  1 572032 26943 2.4 72 30 1 2 34% 28876 4978 37%
c v 20.85  0 89 62 34440  1 572032 26715 2.4 72 30 1 2 34% 28876 4978 37%
c w 20.85  0 89 62 34440  1 572032 26714 2.4 72 30 1 2 34% 28876 4978 37%
c 
c  seconds  reductions    conflicts         size   tier2      variables
c         MB      restarts       redundant     glue   trail        remaining
c          level        rate          size/glue  tier1  irredundant
c 
c ] 21.36  0 89 62 34447  1 585017 39290 2.3 71 30 1 2 33% 28876 4978 37%
c { 21.36  0 59 62 34447  9 585017 39290 2.0 18 9 1 2 18% 28876 4978 37%
c - 21.64  0 59 63 35124  9 590940 28010 2.0 18 9 1 2 18% 28876 4978 37%
c p 21.64  0 59 63 35124  9 590940 28289 2.0 18 9 1 2 18% 28876 4978 37%
c u 21.65  0 59 63 35124  9 590940 28115 2.0 18 9 1 2 18% 28876 4978 37%
c v 21.66  0 59 63 35124  9 590940 27973 2.0 18 9 1 2 18% 28876 4978 37%
c w 21.66  0 59 63 35124  9 590940 27973 2.0 18 9 1 2 18% 28876 4978 37%
c s 21.70  0 59 63 35180  9 591634 28413 2.0 18 9 1 2 18% 28873 4978 37%
c e 21.72  0 59 63 35180  9 591634 25812 2.0 18 9 1 2 18% 29301 4724 35%
c s 21.74  0 59 63 35180  9 591634 25764 2.0 18 9 1 2 18% 29261 4724 35%
c F 21.85  0 59 63 35588  9 595057 28977 2.0 18 9 1 2 18% 29257 4724 35%
c - 22.39  0 59 64 37230  9 610158 28040 2.0 18 9 1 2 17% 29257 4724 35%
c p 22.40  0 59 64 37230  9 610158 28278 2.0 18 9 1 2 17% 29257 4724 35%
c u 22.42  0 59 64 37230  9 610158 28040 2.0 18 9 1 2 17% 29257 4724 35%
c v 22.43  0 59 64 37230  9 610158 27818 2.0 18 9 1 2 17% 29257 4724 35%
c f 22.44  0 59 64 37230  9 610158 27805 2.0 18 9 1 2 17% 29211 4743 35%
c } 22.88  0 59 64 38643  9 623366 40030 2.0 19 9 1 2 17% 29211 4743 35%
c [ 22.88  0 89 64 38643  1 623366 40030 2.3 71 30 1 2 33% 29211 4743 35%
c - 23.10  0 89 65 38647  1 629687 29829 2.3 69 30 1 2 33% 29211 4743 35%
c p 23.11  0 89 65 38647  1 629687 30062 2.3 69 30 1 2 33% 29211 4743 35%
c 
c  seconds  reductions    conflicts         size   tier2      variables
c         MB      restarts       redundant     glue   trail        remaining
c          level        rate          size/glue  tier1  irredundant
c 
c u 23.12  0 89 65 38647  1 629687 29781 2.3 69 30 1 2 33% 29211 4743 35%
c v 23.12  0 89 65 38647  1 629687 29687 2.3 69 30 1 2 33% 29211 4743 35%
c w 23.12  0 89 65 38647  1 629687 29687 2.3 69 30 1 2 33% 29211 4743 35%
c B 23.14  0 89 65 38647  1 630060 30042 2.3 69 30 1 2 33% 29211 4743 35%
c - 23.87  0 90 66 38652  1 649525 30377 2.3 67 29 1 2 32% 29211 4743 35%
c p 23.87  0 90 66 38652  1 649525 30608 2.3 67 29 1 2 32% 29211 4743 35%
c u 23.89  0 90 66 38652  1 649525 30390 2.3 67 29 1 2 32% 29211 4743 35%
c v 23.89  0 90 66 38652  1 649525 30254 2.3 67 29 1 2 32% 29211 4743 35%
c w 23.89  0 90 66 38652  1 649525 30253 2.3 67 29 1 2 32% 29211 4743 35%
c W 24.89  0 88 66 38653  1 666061 46173 2.4 72 30 1 2 31% 29211 4743 35%
c ] 25.05  0 88 66 38653  1 669600 49621 2.4 72 30 1 2 31% 29211 4743 35%
c { 25.05  0 59 66 38653  9 669600 49621 2.0 19 9 1 2 17% 29211 4743 35%
c - 25.06  0 59 67 38660  9 669674 28912 2.0 19 9 1 2 17% 29211 4743 35%
c p 25.06  0 59 67 38660  9 669674 29142 2.0 19 9 1 2 17% 29211 4743 35%
c = 25.13  0 59 67 38660  9 669674 29142 2.0 19 9 1 2 17% 29211 4741 35%
c u 25.14  0 59 67 38660  9 669674 29006 2.0 19 9 1 2 17% 29211 4741 35%
c v 25.15  0 59 67 38660  9 669674 28728 2.0 19 9 1 2 17% 29211 4741 35%
c s 25.38  0 59 67 39387  9 675819 34162 2.0 19 9 1 2 17% 29207 4741 35%
c e 25.39  0 59 67 39387  9 675819 34152 2.0 19 9 1 2 17% 29208 4740 35%
c s 25.40  0 59 67 39387  9 675819 34104 2.0 19 9 1 2 17% 29206 4740 35%
c 
c  seconds  reductions    conflicts         size  tier2      variables
c         MB      restarts       redundant     glue  trail        remaining
c          level        rate          size/glue tier1  irredundant
c 
c - 26.02  0 59 68 41112  9 690133 30970 2.0 19 9 1 2 17% 29205 4740 35%
c 2 26.02  0 59 68 41112  9 690133 30969 2.0 19 9 1 2 17% 29205 4740 35%
c p 26.03  0 59 68 41112  9 690133 31202 2.0 19 9 1 2 17% 29205 4740 35%
c u 26.04  0 59 68 41112  9 690133 31056 2.0 19 9 1 2 17% 29205 4740 35%
c v 26.04  0 59 68 41112  9 690133 30881 2.0 19 9 1 2 17% 29205 4740 35%
c w 26.04  0 59 68 41112  9 690133 30881 2.0 19 9 1 2 17% 29205 4740 35%
c x 26.05  0 59 68 41112  9 690133 30881 2.0 19 9 1 2 17% 29204 4740 35%
c B 26.53  0 59 68 42494  9 703063 42942 2.0 19 9 1 2 17% 29204 4740 35%
c } 26.77  0 59 68 43109  9 707921 47509 2.0 19 9 1 2 17% 29204 4740 35%
c [ 26.77  0 88 68 43109  1 707921 47509 2.4 72 30 1 2 31% 29204 4740 35%
c - 26.86  0 87 69 43109  1 710901 33215 2.4 72 30 1 2 31% 29204 4740 35%
c p 26.87  0 87 69 43109  1 710901 33446 2.4 72 30 1 2 31% 29204 4740 35%
c u 26.88  0 87 69 43109  1 710901 33237 2.4 72 30 1 2 31% 29204 4740 35%
c v 26.89  0 87 69 43109  1 710901 33078 2.4 72 30 1 2 31% 29204 4740 35%
c w 26.89  0 87 69 43109  1 710901 33077 2.4 72 30 1 2 31% 29204 4740 35%
c - 27.95  0 86 70 43109  1 731980 33156 2.5 74 30 1 2 31% 29204 4740 35%
c p 27.96  0 86 70 43109  1 731980 33387 2.5 74 30 1 2 31% 29204 4740 35%
c u 27.97  0 86 70 43109  1 731980 33183 2.5 74 30 1 2 31% 29204 4740 35%
c v 27.97  0 86 70 43109  1 731980 32980 2.5 74 30 1 2 31% 29204 4740 35%
c w 27.98  0 86 70 43109  1 731980 32979 2.5 74 30 1 2 31% 29204 4740 35%
c 
c  seconds  reductions    conflicts         size   tier2      variables
c         MB      restarts       redundant     glue   trail        remaining
c          level        rate          size/glue  tier1  irredundant
c 
c I 28.30  0 86 70 43110  1 741065 41797 2.5 73 30 1 2 31% 29204 4740 35%
c - 28.83  0 85 71 43110  1 753368 30849 2.5 73 29 1 2 31% 29204 4740 35%
c p 28.83  0 85 71 43110  1 753368 31075 2.5 73 29 1 2 31% 29204 4740 35%
c u 28.89  0 85 71 43110  1 753368 31028 2.5 73 29 1 2 31% 29204 4740 35%
c v 28.89  0 85 71 43110  1 753368 30981 2.5 73 29 1 2 31% 29204 4740 35%
c w 28.90  0 85 71 43110  1 753368 30979 2.5 73 29 1 2 31% 29204 4740 35%
c ] 29.26  0 85 71 43110  1 763221 40597 2.5 73 29 1 2 31% 29204 4740 35%
c { 29.26  0 59 71 43110  9 763221 40597 2.0 19 9 1 2 17% 29204 4740 35%
c s 29.36  0 59 71 43305  9 765010 42109 2.0 19 9 1 2 17% 29198 4740 35%
c e 29.37  0 59 71 43305  9 765010 42109 2.0 19 9 1 2 17% 29200 4738 35%
c s 29.38  0 59 71 43305  9 765010 42063 2.0 19 9 1 2 17% 29198 4738 35%
c - 29.83  0 59 72 44403  9 775068 32853 2.0 19 9 1 2 17% 29198 4738 35%
c p 29.84  0 59 72 44403  9 775068 33076 2.0 19 9 1 2 17% 29198 4738 35%
c u 29.85  0 59 72 44403  9 775068 32971 2.0 19 9 1 2 17% 29198 4738 35%
c v 29.86  0 59 72 44403  9 775068 32788 2.0 19 9 1 2 17% 29198 4738 35%
c w 29.86  0 59 72 44403  9 775068 32787 2.0 19 9 1 2 17% 29198 4738 35%
c W 30.16  0 59 72 45004  9 780066 37434 2.0 19 10 1 2 17% 29198 4738 35%
c - 30.98  0 59 73 47044  9 797077 35236 2.0 20 10 1 2 17% 29198 4738 35%
c p 30.98  0 59 73 47044  9 797077 35463 2.0 20 10 1 2 17% 29198 4738 35%
c u 31.01  0 59 73 47044  9 797077 35156 2.0 20 10 1 2 17% 29198 4738 35%
c 
c  seconds  reductions    conflicts         size   tier2      variables
c         MB      restarts       redundant     glue   trail        remaining
c          level        rate          size/glue  tier1  irredundant
c 
c v 31.02  0 59 73 47044  9 797077 34824 2.0 20 10 1 2 17% 29198 4738 35%
c } 31.25  0 59 73 47722  9 802741 40109 2.0 20 10 1 2 17% 29198 4738 35%
c [ 31.25  0 85 73 47722  1 802741 40109 2.5 73 29 1 2 31% 29198 4738 35%
c - 31.81  0 82 74 47722  1 819396 35951 2.6 72 28 1 2 31% 29198 4738 35%
c p 31.82  0 82 74 47722  1 819396 36175 2.6 72 28 1 2 31% 29198 4738 35%
c u 31.83  0 82 74 47722  1 819396 36092 2.6 72 28 1 2 31% 29198 4738 35%
c v 31.84  0 82 74 47722  1 819396 35994 2.6 72 28 1 2 31% 29198 4738 35%
c w 31.84  0 82 74 47722  1 819396 35992 2.6 72 28 1 2 31% 29198 4738 35%
c B 31.87  0 83 74 47722  1 820068 36642 2.5 72 28 1 2 31% 29198 4738 35%
c - 32.80  0 84 75 47724  1 842026 35252 2.5 70 28 1 2 31% 29198 4738 35%
c p 32.80  0 84 75 47724  1 842026 35475 2.5 70 28 1 2 31% 29198 4738 35%
c u 32.81  0 84 75 47724  1 842026 35364 2.5 70 28 1 2 31% 29198 4738 35%
c v 32.82  0 84 75 47724  1 842026 35133 2.5 70 28 1 2 31% 29198 4738 35%
c w 32.82  0 84 75 47724  1 842026 35132 2.5 70 28 1 2 31% 29198 4738 35%
c W 33.70  0 85 75 47735  1 861069 53643 2.5 71 28 1 2 31% 29198 4738 35%
c - 33.94  0 85 76 47736  1 864967 34204 2.5 72 29 1 2 31% 29198 4738 35%
c p 33.95  0 85 76 47736  1 864967 34423 2.5 72 29 1 2 31% 29198 4738 35%
c u 34.04  0 85 76 47736  1 864967 34372 2.5 72 29 1 2 31% 29198 4738 35%
c v 34.04  0 85 76 47736  1 864967 34252 2.5 72 29 1 2 31% 29198 4738 35%
c w 34.05  0 85 76 47736  1 864967 34250 2.5 72 29 1 2 31% 29198 4738 35%
c 
c  seconds  reductions    conflicts         size   tier2      variables
c         MB      restarts       redundant     glue   trail        remaining
c          level        rate          size/glue  tier1  irredundant
c 
c ] 34.12  0 85 76 47737  1 866406 35658 2.5 71 29 1 2 31% 29198 4738 35%
c { 34.12  0 59 76 47737  9 866406 35658 2.0 20 10 1 2 17% 29198 4738 35%
c - 35.12  0 59 77 49831  9 888219 37046 2.0 20 10 1 2 17% 29198 4738 35%
c p 35.12  0 59 77 49831  9 888219 37274 2.0 20 10 1 2 17% 29198 4738 35%
c u 35.14  0 59 77 49831  9 888219 37158 2.0 20 10 1 2 17% 29198 4738 35%
c v 35.14  0 59 77 49831  9 888219 37051 2.0 20 10 1 2 17% 29198 4738 35%
c x 35.15  0 59 77 49831  9 888219 37051 2.0 20 10 1 2 17% 29162 4738 35%
c s 35.19  0 59 77 49831  9 888219 36740 2.0 20 10 1 2 17% 29162 4738 35%
c e 35.19  0 59 77 49831  9 888219 36721 2.0 20 10 1 2 17% 29163 4737 35%
c s 35.22  0 59 77 49831  9 888219 36651 2.0 20 10 1 2 17% 29163 4737 35%
c ^ 35.22  0 59 77 49831  9 888219 36651 2.0 20 10 1 2 17% 29163 4737 35%
c # 35.89  0 60 77 51612  9 903070 50536 2.0 20 10 1 2 17% 29163 4737 35%
c } 36.21  0 60 77 52307  9 909130 56240 2.0 20 10 1 2 17% 29163 4737 35%
c [ 36.21  0 85 77 52307  1 909130 56240 2.5 71 29 1 2 31% 29163 4737 35%
c - 36.32  0 85 78 52307  1 911781 39178 2.5 71 28 1 2 31% 29163 4737 35%
c p 36.32  0 85 78 52307  1 911781 39407 2.5 71 28 1 2 31% 29163 4737 35%
c u 36.35  0 85 78 52307  1 911781 39204 2.5 71 28 1 2 31% 29163 4737 35%
c v 36.35  0 85 78 52307  1 911781 38923 2.5 71 28 1 2 31% 29163 4737 35%
c w 36.36  0 85 78 52307  1 911781 38922 2.5 71 28 1 2 31% 29163 4737 35%
c - 37.39  0 86 79 52320  1 935654 39406 2.5 72 29 1 2 31% 29163 4737 35%
c 
c  seconds  reductions    conflicts         size   tier2      variables
c         MB      restarts       redundant     glue   trail        remaining
c          level        rate          size/glue  tier1  irredundant
c 
c p 37.39  0 86 79 52320  1 935654 39633 2.5 72 29 1 2 31% 29163 4737 35%
c u 37.40  0 86 79 52320  1 935654 39498 2.5 72 29 1 2 31% 29163 4737 35%
c v 37.41  0 86 79 52320  1 935654 39299 2.5 72 29 1 2 31% 29163 4737 35%
c w 37.41  0 86 79 52320  1 935654 39299 2.5 72 29 1 2 31% 29163 4737 35%
c O 37.84  0 86 79 52322  1 946072 49383 2.5 72 29 1 2 31% 29163 4737 35%
c - 38.42  0 86 80 52323  1 959837 37287 2.5 71 29 1 2 31% 29163 4737 35%
c p 38.43  0 86 80 52323  1 959837 37512 2.5 71 29 1 2 31% 29163 4737 35%
c u 38.44  0 86 80 52323  1 959837 37434 2.5 71 29 1 2 31% 29163 4737 35%
c v 38.44  0 86 80 52323  1 959837 37167 2.5 71 29 1 2 31% 29163 4737 35%
c w 38.45  0 86 80 52323  1 959837 37166 2.5 71 29 1 2 31% 29163 4737 35%
c ] 39.09  0 86 80 52330  1 975349 52170 2.4 70 29 1 2 31% 29163 4737 35%
c { 39.09  0 60 80 52330  9 975349 52170 2.0 20 10 1 2 17% 29163 4737 35%
c - 39.59  0 60 81 53339  9 984329 38615 2.0 21 10 1 2 18% 29163 4737 35%
c p 39.59  0 60 81 53339  9 984329 38841 2.0 21 10 1 2 18% 29163 4737 35%
c u 39.61  0 60 81 53339  9 984329 38727 2.0 21 10 1 2 18% 29163 4737 35%
c v 39.61  0 60 81 53339  9 984329 38512 2.0 21 10 1 2 18% 29163 4737 35%
c s 39.79  0 60 81 53676  9 987859 41625 2.0 21 10 1 2 18% 29163 4737 35%
c e 39.81  0 60 81 53676  9 987859 31334 2.0 21 10 1 2 18% 30492 4292 32%
c s 39.84  0 60 81 53676  9 987859 31227 2.0 21 10 1 2 18% 30408 4292 32%
c e 39.84  0 60 81 53676  9 987859 31176 2.0 21 10 1 2 18% 30517 4251 31%
c 
c  seconds  reductions    conflicts         size   tier2      variables
c         MB      restarts       redundant     glue   trail        remaining
c          level        rate          size/glue  tier1  irredundant
c 
c B 39.92  0 60 81 53856  9 990074 33241 2.0 21 10 1 2 19% 30517 4251 31%
c - 40.63  0 61 82 55333  8 1009132 33378 2.1 21 10 1 2 20% 30517 4251 31%
c 2 40.63  0 61 82 55333  8 1009132 33377 2.1 21 10 1 2 20% 30517 4251 31%
c p 40.63  0 61 82 55333  8 1009132 33482 2.1 21 10 1 2 20% 30517 4251 31%
c u 40.74  0 61 82 55333  8 1009132 33264 2.1 21 10 1 2 20% 30517 4251 31%
c v 40.75  0 61 82 55333  8 1009132 33011 2.1 21 10 1 2 20% 30517 4251 31%
c w 40.75  0 61 82 55333  8 1009132 33010 2.1 21 10 1 2 20% 30517 4251 31%
c t 40.75  0 61 82 55333  8 1009132 33010 2.1 21 10 1 2 20% 30515 4251 31%
c f 40.77  0 61 82 55333  8 1009132 33003 2.1 21 10 1 2 20% 30422 4271 32%
c } 41.49  0 61 82 57005  8 1028277 50765 2.1 21 10 1 2 19% 30422 4271 32%
c [ 41.49  0 86 82 57005  1 1028277 50765 2.4 70 29 1 2 36% 30422 4271 32%
c - 41.72  0 86 83 57008  1 1034245 36137 2.5 70 28 1 2 36% 30422 4271 32%
c p 41.72  0 86 83 57008  1 1034245 36232 2.5 70 28 1 2 36% 30422 4271 32%
c u 41.75  0 86 83 57008  1 1034245 35777 2.5 70 28 1 2 36% 30422 4271 32%
c v 41.76  0 86 83 57008  1 1034245 35608 2.5 70 28 1 2 36% 30422 4271 32%
c w 41.76  0 86 83 57008  1 1034245 35607 2.5 70 28 1 2 36% 30422 4271 32%
c B 41.79  0 86 83 57008  1 1035076 36410 2.5 70 28 1 2 36% 30422 4271 32%
c - 42.65  0 87 84 57019  1 1059669 36554 2.4 68 28 1 2 35% 30422 4271 32%
c p 42.65  0 87 84 57019  1 1059669 36645 2.4 68 28 1 2 35% 30422 4271 32%
c u 42.66  0 87 84 57019  1 1059669 36453 2.4 68 28 1 2 35% 30422 4271 32%
c 
c  seconds  reductions     conflicts         size   tier2      variables
c         MB      restarts        redundant     glue   trail        remaining
c          level        rate           size/glue  tier1  irredundant
c 
c v 42.67  0 87 84 57019  1 1059669 36246 2.4 68 28 1 2 35% 30422 4271 32%
c w 42.67  0 87 84 57019  1 1059669 36245 2.4 68 28 1 2 35% 30422 4271 32%
c W 43.74  0 86 84 57028  1 1081077 56917 2.4 68 28 1 2 34% 30422 4271 32%
c - 43.95  0 86 85 57028  1 1085404 35053 2.4 68 28 1 2 34% 30422 4271 32%
c p 43.95  0 86 85 57028  1 1085404 35139 2.4 68 28 1 2 34% 30422 4271 32%
c u 43.97  0 86 85 57028  1 1085404 35016 2.4 68 28 1 2 34% 30422 4271 32%
c v 43.97  0 86 85 57028  1 1085404 34826 2.4 68 28 1 2 34% 30422 4271 32%
c w 43.97  0 86 85 57028  1 1085404 34824 2.4 68 28 1 2 34% 30422 4271 32%
c s 44.68  0 84 85 57029  1 1101611 50206 2.4 69 29 1 2 34% 30407 4271 32%
c e 44.69  0 84 85 57029  1 1101611 49932 2.4 69 29 1 2 34% 30425 4266 32%
c s 44.71  0 84 85 57029  1 1101611 49873 2.4 69 29 1 2 34% 30413 4266 32%
c ] 44.94  0 84 85 57030  1 1107350 55412 2.4 68 29 1 2 34% 30413 4266 32%
c { 44.94  0 61 85 57030  8 1107350 55412 2.1 21 10 1 2 19% 30413 4266 32%
c - 45.16  0 61 86 57435  8 1111449 35282 2.1 21 10 1 2 19% 30413 4266 32%
c p 45.16  0 61 86 57435  8 1111449 35363 2.1 21 10 1 2 19% 30413 4266 32%
c u 45.18  0 61 86 57435  8 1111449 35103 2.1 21 10 1 2 19% 30413 4266 32%
c v 45.19  0 61 86 57435  8 1111449 34830 2.1 21 10 1 2 19% 30413 4266 32%
c w 45.19  0 61 86 57435  8 1111449 34830 2.1 21 10 1 2 19% 30413 4266 32%
c W 45.89  0 61 86 58971  8 1128078 50433 2.1 21 10 1 2 19% 30413 4266 32%
c - 46.39  0 61 87 59966  8 1137805 38262 2.1 21 10 1 2 19% 30413 4266 32%
c 
c  seconds  reductions     conflicts         size   tier2      variables
c         MB      restarts        redundant     glue   trail        remaining
c          level        rate           size/glue  tier1  irredundant
c 
c p 46.40  0 61 87 59966  8 1137805 38345 2.1 21 10 1 2 19% 30413 4266 32%
c u 46.42  0 61 87 59966  8 1137805 38221 2.1 21 10 1 2 19% 30413 4266 32%
c v 46.42  0 61 87 59966  8 1137805 37954 2.1 21 10 1 2 19% 30413 4266 32%
c } 47.39  0 61 87 62052  8 1159414 58326 2.1 21 10 1 2 19% 30413 4266 32%
c [ 47.39  0 84 87 62052  1 1159414 58326 2.4 68 29 1 2 34% 30413 4266 32%
c - 47.60  0 84 88 62052  1 1164471 40588 2.4 68 28 1 2 34% 30413 4266 32%
c p 47.60  0 84 88 62052  1 1164471 40668 2.4 68 28 1 2 34% 30413 4266 32%
c u 47.62  0 84 88 62052  1 1164471 40364 2.4 68 28 1 2 34% 30413 4266 32%
c v 47.63  0 84 88 62052  1 1164471 40195 2.4 68 28 1 2 34% 30413 4266 32%
c w 47.63  0 84 88 62052  1 1164471 40193 2.4 68 28 1 2 34% 30413 4266 32%
c I 48.05  0 84 88 62052  1 1176080 51431 2.4 67 28 1 2 33% 30413 4266 32%
c - 48.73  0 83 89 62055  1 1191450 40783 2.4 68 28 1 2 33% 30413 4266 32%
c p 48.73  0 83 89 62055  1 1191450 40864 2.4 68 28 1 2 33% 30413 4266 32%
c u 48.82  0 83 89 62055  1 1191450 40779 2.4 68 28 1 2 33% 30413 4266 32%
c v 48.82  0 83 89 62055  1 1191450 40624 2.4 68 28 1 2 33% 30413 4266 32%
c w 48.82  0 83 89 62055  1 1191450 40622 2.4 68 28 1 2 33% 30413 4266 32%
c - 50.01  0 84 90 62067  1 1218738 38516 2.3 68 30 1 2 32% 30413 4266 32%
c p 50.01  0 84 90 62067  1 1218738 38599 2.3 68 30 1 2 32% 30413 4266 32%
c u 50.03  0 84 90 62067  1 1218738 38458 2.3 68 30 1 2 32% 30413 4266 32%
c v 50.04  0 84 90 62067  1 1218738 38204 2.3 68 30 1 2 32% 30413 4266 32%
c 
c  seconds  reductions     conflicts         size   tier2      variables
c         MB      restarts        redundant     glue   trail        remaining
c          level        rate           size/glue  tier1  irredundant
c 
c w 50.04  0 84 90 62067  1 1218738 38202 2.3 68 30 1 2 32% 30413 4266 32%
c B 50.28  0 85 90 62070  1 1225082 44368 2.3 68 30 1 2 32% 30413 4266 32%
c ] 50.86  0 85 90 62079  1 1239614 58437 2.3 67 30 1 2 32% 30413 4266 32%
c { 50.86  0 61 90 62079  8 1239614 58437 2.1 21 10 1 2 19% 30413 4266 32%
c - 51.28  0 61 91 62795  8 1246338 39995 2.1 22 10 1 2 19% 30413 4266 32%
c p 51.29  0 61 91 62795  8 1246338 40077 2.1 22 10 1 2 19% 30413 4266 32%
c u 51.31  0 61 91 62795  8 1246338 39869 2.1 22 10 1 2 19% 30413 4266 32%
c v 51.31  0 61 91 62795  8 1246338 39575 2.1 22 10 1 2 19% 30413 4266 32%
c w 51.31  0 61 91 62795  8 1246338 39575 2.1 22 10 1 2 19% 30413 4266 32%
c - 52.79  0 61 92 65693  8 1274248 42922 2.1 22 11 1 2 20% 30413 4266 32%
c p 52.79  0 61 92 65693  8 1274248 43005 2.1 22 11 1 2 20% 30413 4266 32%
c u 52.82  0 61 92 65693  8 1274248 42833 2.1 22 11 1 2 20% 30413 4266 32%
c v 52.84  0 61 92 65693  8 1274248 42482 2.1 22 11 1 2 20% 30413 4266 32%
c F 52.88  0 61 92 65754  8 1275083 43262 2.1 22 11 1 2 20% 30413 4266 32%
c } 53.66  0 61 92 67213  8 1289686 57045 2.1 22 11 1 2 20% 30413 4266 32%
c [ 53.66  0 85 92 67213  1 1289686 57045 2.3 67 30 1 2 32% 30413 4266 32%
c - 54.21  0 85 93 67216  1 1302470 44905 2.3 67 29 1 2 32% 30413 4266 32%
c p 54.22  0 85 93 67216  1 1302470 44984 2.3 67 29 1 2 32% 30413 4266 32%
c u 54.24  0 85 93 67216  1 1302470 44902 2.3 67 29 1 2 32% 30413 4266 32%
c v 54.25  0 85 93 67216  1 1302470 44678 2.3 67 29 1 2 32% 30413 4266 32%
c 
c  seconds  reductions     conflicts         size   tier2      variables
c         MB      restarts        redundant     glue   trail        remaining
c          level        rate           size/glue  tier1  irredundant
c 
c w 54.25  0 85 93 67216  1 1302470 44677 2.3 67 29 1 2 32% 30413 4266 32%
c W 55.53  0 84 93 67221  1 1326086 67632 2.3 69 30 1 2 32% 30413 4266 32%
c - 55.75  0 84 94 67224  1 1331001 44755 2.3 68 30 1 2 32% 30413 4266 32%
c p 55.76  0 84 94 67224  1 1331001 44834 2.3 68 30 1 2 32% 30413 4266 32%
c u 55.79  0 84 94 67224  1 1331001 44546 2.3 68 30 1 2 32% 30413 4266 32%
c v 55.79  0 84 94 67224  1 1331001 44385 2.3 68 30 1 2 32% 30413 4266 32%
c w 55.80  0 84 94 67224  1 1331001 44383 2.3 68 30 1 2 32% 30413 4266 32%
c - 57.12  0 84 95 67237  1 1359843 42255 2.3 70 30 1 2 33% 30413 4266 32%
c p 57.12  0 84 95 67237  1 1359843 42335 2.3 70 30 1 2 33% 30413 4266 32%
c u 57.14  0 84 95 67237  1 1359843 42200 2.3 70 30 1 2 33% 30413 4266 32%
c v 57.15  0 84 95 67237  1 1359843 41885 2.3 70 30 1 2 33% 30413 4266 32%
c w 57.15  0 84 95 67237  1 1359843 41885 2.3 70 30 1 2 33% 30413 4266 32%
c ] 57.50  0 84 95 67240  1 1367955 49694 2.3 69 30 1 2 32% 30413 4266 32%
c { 57.50  0 61 95 67240  8 1367955 49694 2.1 22 11 1 2 20% 30413 4266 32%
c B 58.04  0 61 95 68139  8 1378087 59291 2.1 22 11 1 2 20% 30413 4266 32%
c - 58.67  0 61 96 69104  8 1388996 45101 2.1 23 11 1 2 20% 30413 4266 32%
c p 58.67  0 61 96 69104  8 1388996 45176 2.1 23 11 1 2 20% 30413 4266 32%
c u 58.69  0 61 96 69104  8 1388996 45062 2.1 23 11 1 2 20% 30413 4266 32%
c v 58.70  0 61 96 69104  8 1388996 44802 2.1 23 11 1 2 20% 30413 4266 32%
c w 58.70  0 61 96 69104  8 1388996 44801 2.1 23 11 1 2 20% 30413 4266 32%
c 
c  seconds  reductions     conflicts         size   tier2      variables
c         MB      restarts        redundant     glue   trail        remaining
c          level        rate           size/glue  tier1  irredundant
c 
c } 59.76  0 62 96 71223  8 1410025 64702 2.1 23 11 1 2 20% 30413 4266 32%
c ? 59.76  0 62 96 71223  8 1410025 64702 2.1 23 11 1 2 20% 30413 4266 32%
c 
c --- [ result ] -------------------------------------------------------------
c 
c UNKNOWN
c 
c --- [ run-time profiling ] -------------------------------------------------
c 
c process time taken by individual solving procedures
c (percentage relative to process time for solving)
c 
c        55.73   93.28% search
c        31.01   51.90% stable
c        23.50   39.33% unstable
c         4.01    6.71% simplify
c         1.28    2.14% vivify
c         1.22    2.04% walk
c         0.76    1.28% sweep
c         0.51    0.85% factor
c         0.48    0.81% subsume
c         0.29    0.49% congruence
c         0.19    0.32% elim
c         0.12    0.20% probe
c         0.10    0.17% ternary
c         0.09    0.15% preprocess
c         0.03    0.05% backbone
c         0.03    0.04% fastelim
c         0.02    0.03% parse
c         0.00    0.01% lucky
c   =================================
c        59.74   99.97% solve
c 
c last line shows process time for solving
c (percentage relative to total process time)
c 
c --- [ statistics ] ---------------------------------------------------------
c 
c chronological:            372803        26.44 %  of conflicts
c conflicts:               1410025     23601.16    per second
c backbone:                1614234     11033.73 %  of vars
c decisions:               6243899    104511.10    per second
c eliminated:                 6996        47.82 %  of all variables
c factored:                   1114        26.08 %  of variables
c fixed:                      1257         8.59 %  of all variables
c learned:                 1366489        96.91 %  per conflict
c learned_lits:           80081949       100.00 %  learned literals
c minimized:                     0         0.00 %  learned literals
c shrunken:                5035297         6.29 %  learned literals
c minishrunken:            9198860        11.49 %  learned literals
c otfs:                      18835         1.34 %  of conflict
c propagations:          238672871         3.99 M  per second
c reduced:                 1212227        85.97 %  per conflict
c rephased:                     52     27115.87    interval
c restarts:                  71223        19.80    interval
c stabilizing:                  24        56.31 %  of conflicts
c substituted:                2111        14.43 %  of all variables
c sweep equivs:                578         9.67 %  of swept variables
c subsumed:                  42496         2.81 %  of all clauses
c strengthened:              54836         3.62 %  of all clauses
c ticks:                3563608290        15.29    propagation
c vivified:                  15462         1.02 %  of all clauses
c walked:                       16     88126.56    interval
c weakened:                  43780         2.89    average size
c congruence:                   26     54231.73    interval
c 
c seconds are measured in process time for solving
c 
c --- [ glue usage ] ---------------------------------------------------------
c 
c focused glue 1 used 3395974 clauses 73.63% accumulated 73.63% tier1
c focused glue 2 used 647504 clauses 14.04% accumulated 87.67% tier2
c 
c stable glue 1 used 7146536 clauses 61.61% accumulated 61.61% tier1
c stable glue 2 used 1532415 clauses 13.21% accumulated 74.82% tier2
c 
c 
c --- [ resources ] ----------------------------------------------------------
c 
c total process time since initialization:        59.76    seconds
c total real time since initialization:           60.01    seconds
c maximum resident set size of process:        95776.00    MB
c 
c --- [ shutting down ] ------------------------------------------------------
c 
c exit 0
c Timeout reached! 😅 This instance is a real thinker.
c 🚧 🚧 🚧 Please consider contributing it to the page
c https://mysolvertimesout.org/#sat in order to improve
c automated reasoning. 🚧 🚧 🚧
