c --- [ banner ] -------------------------------------------------------------
c 
c CaDiCaL SAT Solver
c Copyright (c) 2016-2025
c A. Biere, M. Fleury, N. Froleyks, K. Fazekas, F. Pollitt, T. Faller
c JKU Linz, University of Freiburg, TU Wien
c 
c Version 3.0.0
c Apple clang version 17.0.0 (clang-1700.6.3.2) -Wall -Wextra -O3 -DNDEBUG -DNCLOSEFROM
c Tue Dec 23 21:53:38 UTC 2025 Darwin Tahoe-arm64.local 25.2.0 arm64
c 
c --- [ limit ] --------------------------------------------------------------
c 
c setting time limit to 60 seconds real time (due to '-t 60')
c 
c --- [ parsing input ] ------------------------------------------------------
c 
c reading DIMACS file from '/Users/mac/Desktop/sha256_review/headline_hunt/bets/cascade_aux_encoding/cnfs/aux_force_sr60_n32_bit31_m17149975_fillffffffff.cnf'
c opening file to read '/Users/mac/Desktop/sha256_review/headline_hunt/bets/cascade_aux_encoding/cnfs/aux_force_sr60_n32_bit31_m17149975_fillffffffff.cnf'
c found 'p cnf 13248 54919' header
c parsed 54919 clauses in 0.02 seconds process time
c 
c --- [ options ] ------------------------------------------------------------
c 
c   --binary=false                 (different from default 'true')
c   --seed=2                       (different from default '0')
c 
c --- [ solving ] ------------------------------------------------------------
c 
c time measured in process time since initialization
c 
c  seconds  reduction conflicts       size tier2       variables
c         MB    restarts   redundant    glue  trail         remaining
c          level     rate       size/glu tier1  irredundant
c 
c *  0.02  0  0 0   0  0    0    0 0.0 0 0 2 6  0% 54406 12767 96%
c (  0.02  0  0 0   0  0    0    0 0.0 0 0 2 6  0% 54406 12767 96%
c .  0.02  0  0 0   0  0    0    0 0.0 0 0 2 6  0% 53382 12767 96%
c c  0.05  0  0 0   0  0    0    0 0.0 0 0 2 6  0% 50434 11991 91%
c d  0.06  0  0 0   0  0    0    0 0.0 0 0 2 6  0% 45322 10593 80%
c 2  0.06  0  0 0   0  0    0    0 0.0 0 0 2 6  0% 45178 10593 80%
c f  0.07  0  0 0   0  0    0    0 0.0 0 0 2 6  0% 44912 10859 82%
c e  0.09  0  0 0   0  0    0    0 0.0 0 0 2 6  0% 33415 6152 46%
c P  0.09  0  0 0   0  0    0    0 0.0 0 0 2 6  0% 33415 6152 46%
c )  0.09  0  0 0   0  0    0    0 0.0 0 0 2 6  0% 33415 6152 46%
c {  0.09  0  0 0   0  0    0    0 0.0 0 0 2 6  0% 33415 6152 46%
c -  0.10  0 1221 1  16 52  300  235 1.4 4 3 2 6 22% 33415 6152 46%
c -  0.10  0 577 2  37 35  734  595 1.6 5 3 2 6 18% 33415 6152 46%
c }  0.10  0 475 2  44 33 1003  811 1.6 5 3 2 6 18% 33415 6152 46%
c [  0.10  0  0 2  44  0 1003  811 0.0 0 0 2 6  0% 33415 6152 46%
c O  0.10  0 979 2  44 980 1004  812 1.8 14 8 2 6 31% 33415 6152 46%
c -  0.11  0 948 3  44  4 1414  926 1.9 34 18 2 6 32% 33415 6152 46%
c ]  0.11  0 947 3  44  3 1511 1019 2.0 37 19 2 6 32% 33415 6152 46%
c {  0.11  0 475 3  44 33 1511 1019 1.6 5 3 2 6 18% 33415 6152 46%
c 2  0.13  0 309 3 221 28 2242 1640 1.7 6 4 2 6 12% 33356 6152 46%
c 
c  seconds   reduction conflicts       size tier2      variables
c         MB     restarts   redundant    glue  trail        remaining
c           level     rate       size/glu tier1  irredundant
c 
c p  0.13  0 309 3 221 28 2242 1627 1.7 6 4 2 6 12% 33344 6140 46%
c c  0.15  0 309 3 221 28 2242 1627 1.7 6 4 2 6 12% 33322 6140 46%
c d  0.15  0 309 3 221 28 2242 1621 1.7 6 4 2 6 12% 33314 6136 46%
c t  0.15  0 309 3 221 28 2242 1621 1.7 6 4 2 6 12% 33313 6136 46%
c -  0.15  0 296 4 233 28 2354 1396 1.7 6 4 2 6 12% 33313 6136 46%
c }  0.16  0 239 4 308 24 2919 1884 1.7 6 4 2 6 11% 33313 6136 46%
c [  0.16  0 947 4 308  3 2919 1884 2.0 37 19 2 6 69% 33313 6136 46%
c I  0.16  0 822 4 308  3 3007 1966 2.0 35 17 2 6 62% 33313 6136 46%
c -  0.16  0 466 5 309  2 3566 2021 1.9 26 14 2 6 41% 33313 6136 46%
c s  0.18  0 349 5 309  2 4183 2596 2.0 26 13 2 6 45% 33300 6136 46%
c t  0.18  0 349 5 309  2 4183 2596 2.0 26 13 2 6 45% 33296 6136 46%
c e  0.20  0 349 5 309  2 4183 2280 2.0 26 13 2 6 45% 33260 5736 43%
c s  0.20  0 349 5 309  2 4183 2273 2.0 26 13 2 6 45% 33130 5736 43%
c 2  0.22  0 316 5 310  2 4743 2779 1.9 29 15 2 6 40% 33128 5736 43%
c c  0.23  0 316 5 310  2 4743 2740 1.9 29 15 2 6 40% 33114 5730 43%
c d  0.23  0 316 5 310  2 4743 2724 1.9 29 15 2 6 40% 33100 5723 43%
c =  0.23  0 316 5 310  2 4743 2724 1.9 29 15 2 6 40% 33032 5672 43%
c -  0.24  0 284 6 310  2 5059 2094 1.9 27 14 4 14 36% 33032 5672 43%
c B  0.25  0 224 6 310  2 6009 2875 1.8 23 13 3 11 28% 33032 5672 43%
c ]  0.25  0 222 6 310  2 6098 2959 1.8 23 12 3 10 28% 33032 5672 43%
c 
c  seconds   reduction conflicts       size tier2      variables
c         MB     restarts   redundant    glue  trail        remaining
c           level     rate       size/glu tier1  irredundant
c 
c {  0.25  0 239 6 310 24 6098 2959 1.7 6 4 2 6 11% 33032 5672 43%
c -  0.26  0 197 7 482 22 6837 2933 1.7 7 4 2 6 10% 33032 5672 43%
c c  0.28  0 179 7 584 21 7347 3367 1.7 7 4 2 3 10% 33018 5667 43%
c =  0.29  0 179 7 584 21 7347 3360 1.7 7 4 2 3 10% 32982 5641 43%
c }  0.31  0 144 7 862 20 8849 4633 1.7 8 5 2 3 10% 32982 5641 43%
c [  0.31  0 222 7 862  2 8849 4633 1.8 23 12 3 10 28% 32982 5641 43%
c -  0.31  0 219 8 862  2 8906 3454 1.8 23 12 3 10 28% 32982 5641 43%
c W  0.35  0 195 8 863  2 10012 4515 2.1 28 14 2 5 27% 32982 5641 43%
c 2  0.35  0 195 8 863  2 10046 4545 2.1 28 14 2 5 27% 32981 5641 43%
c =  0.36  0 195 8 863  2 10046 4545 2.1 28 14 2 5 27% 32955 5532 42%
c f  0.37  0 195 8 863  2 10046 4545 2.1 28 14 2 5 26% 32670 5807 44%
c -  0.39  0 179 9 864  2 11265 3877 2.1 28 13 2 5 25% 32670 5807 44%
c ]  0.41  0 166 9 865  2 12588 5073 2.1 28 13 2 5 24% 32670 5807 44%
c {  0.41  0 144 9 865 20 12588 5073 1.7 8 5 2 3  9% 32670 5807 44%
c d  0.42  0 140 9 917 20 12831 5268 1.7 8 5 2 3  9% 32670 5803 44%
c 2  0.42  0 140 9 917 20 12831 5268 1.7 8 5 2 3  9% 32668 5803 44%
c -  0.44  0 132 10 1105 19 13918 4476 1.7 9 5 2 3 10% 32668 5803 44%
c e  0.45  0 129 10 1135 18 14304 4159 1.7 9 5 2 3 10% 32653 5538 42%
c s  0.45  0 129 10 1135 18 14304 4140 1.7 9 5 2 3 10% 32390 5538 42%
c e  0.46  0 129 10 1135 18 14304 4136 1.7 9 5 2 3 10% 32385 5537 42%
c 
c  seconds   reductions   conflicts       size tier2      variables
c         MB      restarts     redundant    glue  trail        remaining
c           level       rate        size/glu tier1  irredundant
c 
c O  0.47  0 122 10 1287 18 15015 4786 1.7 9 5 2 3 11% 32385 5537 42%
c 2  0.49  0 117 10 1427 18 15697 5370 1.7 9 5 2 3 12% 32385 5537 42%
c d  0.49  0 117 10 1427 18 15697 5269 1.7 9 5 2 3 12% 32385 5524 42%
c c  0.50  0 117 10 1427 18 15697 5269 1.7 9 5 2 3 12% 32311 5524 42%
c d  0.50  0 117 10 1427 18 15697 5247 1.7 9 5 2 3 12% 32293 5515 42%
c 2  0.50  0 117 10 1427 18 15697 5247 1.7 9 5 2 3 12% 32291 5515 42%
c =  0.51  0 117 10 1427 18 15697 5247 1.7 9 5 2 3 12% 32199 5446 41%
c f  0.51  0 117 10 1427 18 15697 5245 1.7 9 5 2 3 12% 32190 5457 41%
c -  0.53  0 111 11 1571 17 16868 4803 1.7 9 5 2 3 11% 32190 5457 41%
c }  0.54  0 105 11 1647 16 17911 5697 1.7 9 6 2 3 11% 32190 5457 41%
c [  0.54  0 166 11 1647  2 17911 5697 2.1 28 13 2 5 27% 32190 5457 41%
c d  0.56  0 162 11 1647  2 18638 6304 2.1 29 14 2 5 30% 32186 5441 41%
c c  0.57  0 162 11 1647  2 18638 6304 2.1 29 14 2 5 30% 32128 5441 41%
c d  0.57  0 162 11 1647  2 18638 6271 2.1 29 14 2 5 30% 32112 5433 41%
c =  0.57  0 162 11 1647  2 18638 6230 2.1 29 14 2 5 30% 32072 5370 41%
c u  0.58  0 162 11 1647  2 18638 5613 2.1 29 14 2 5 30% 32059 5370 41%
c v  0.58  0 162 11 1647  2 18638 5507 2.1 29 14 2 5 30% 32059 5370 41%
c w  0.58  0 162 11 1647  2 18638 5504 2.1 29 14 2 5 30% 32059 5370 41%
c x  0.59  0 162 11 1647  2 18638 5503 2.1 29 14 2 5 30% 32016 5370 41%
c -  0.61  0 167 12 1648  2 20116 4716 2.1 29 14 2 5 28% 32016 5370 41%
c 
c  seconds   reductions   conflicts       size   tier2      variables
c         MB      restarts     redundant     glue   trail        remaining
c           level       rate        size/glue  tier1  irredundant
c 
c O  0.63  0 170 12 1648  2 21016 5584 2.0 31 15 2 5 28% 32016 5370 41%
c 2  0.63  0 165 12 1648  2 21648 6121 2.0 30 15 2 4 28% 32014 5370 41%
c c  0.65  0 165 12 1648  2 21648 6118 2.0 30 15 2 4 28% 31968 5369 41%
c d  0.65  0 165 12 1648  2 21648 6108 2.0 30 15 2 4 28% 31960 5365 40%
c =  0.65  0 165 12 1648  2 21648 6097 2.0 30 15 2 4 28% 31960 5319 40%
c -  0.69  0 157 13 1649  2 23664 5236 2.1 30 15 2 4 28% 31960 5319 40%
c c  0.71  0 151 13 1650  2 24724 6053 2.1 29 14 2 4 27% 31892 5316 40%
c f  0.71  0 151 13 1650  2 24724 6047 2.1 29 14 2 4 27% 31846 5337 40%
c ]  0.73  0 151 13 1650  2 25355 6638 2.1 30 14 2 4 27% 31846 5337 40%
c {  0.73  0 105 13 1650 16 25355 6638 1.7 9 6 2 3 11% 31846 5337 40%
c -  0.77  0 99 14 2053 16 27510 6312 1.7 10 6 2 3 12% 31846 5337 40%
c d  0.77  0 98 14 2082 16 27862 6540 1.7 10 6 2 3 12% 31842 5329 40%
c c  0.78  0 98 14 2082 16 27862 6540 1.7 10 6 2 3 12% 31822 5329 40%
c d  0.78  0 98 14 2082 16 27862 6519 1.7 10 6 2 3 12% 31814 5325 40%
c 2  0.79  0 98 14 2082 16 27862 6519 1.7 10 6 2 3 12% 31808 5325 40%
c =  0.80  0 98 14 2082 16 27862 6518 1.7 10 6 2 3 12% 31794 5254 40%
c t  0.80  0 98 14 2082 16 27862 6518 1.7 10 6 2 3 12% 31793 5254 40%
c #  0.80  0 98 14 2107 16 28019 6658 1.7 10 6 2 3 12% 31793 5254 40%
c t  0.83  0 94 14 2285 15 29593 8076 1.7 10 6 2 3 12% 31793 5254 40%
c e  0.84  0 94 14 2285 15 29593 7850 1.7 10 6 2 3 12% 31476 5186 39%
c 
c  seconds  reductions   conflicts       size  tier2      variables
c         MB     restarts     redundant     glue  trail        remaining
c          level       rate        size/glue tier1  irredundant
c 
c s  0.84  0 94 14 2285 15 29593 7837 1.7 10 6 2 3 12% 31429 5186 39%
c e  0.84  0 94 14 2285 15 29593 7837 1.7 10 6 2 3 12% 31429 5185 39%
c -  0.87  0 89 15 2491 14 31658 7525 1.8 10 6 2 3 12% 31429 5185 39%
c d  0.87  0 89 15 2491 14 31658 7489 1.8 10 6 2 3 12% 31429 5180 39%
c c  0.88  0 89 15 2491 14 31658 7489 1.8 10 6 2 3 12% 31401 5180 39%
c d  0.88  0 89 15 2491 14 31658 7470 1.8 10 6 2 3 12% 31393 5176 39%
c 2  0.88  0 89 15 2491 14 31658 7470 1.8 10 6 2 3 12% 31391 5176 39%
c =  0.89  0 89 15 2491 14 31658 7470 1.8 10 6 2 3 12% 31390 5174 39%
c f  0.90  0 89 15 2491 14 31658 7460 1.8 10 6 2 3 12% 31326 5234 40%
c }  0.92  0 86 15 2667 14 33506 9081 1.8 10 6 2 3 11% 31326 5234 40%
c [  0.92  0 151 15 2667  2 33506 9081 2.1 30 14 2 4 27% 31326 5234 40%
c B  0.96  0 144 15 2669  2 36021 11438 2.1 30 14 2 4 26% 31326 5234 40%
c -  0.96  0 143 16 2669  2 36107 8423 2.1 30 14 2 4 26% 31326 5234 40%
c u  0.99  0 143 16 2669  2 36107 7497 2.1 30 14 2 4 26% 31273 5234 40%
c v  0.99  0 143 16 2669  2 36107 7278 2.1 30 14 2 4 26% 31273 5234 40%
c w  0.99  0 143 16 2669  2 36107 7278 2.1 30 14 2 4 26% 31273 5234 40%
c -  1.06  0 138 17 2672  2 40859 7873 2.1 30 14 2 4 27% 31273 5234 40%
c d  1.06  0 138 17 2672  2 40859 7824 2.1 30 14 2 4 27% 31273 5228 39%
c f  1.07  0 138 17 2672  2 40859 7824 2.1 30 14 2 4 26% 31226 5259 40%
c ]  1.14  0 138 17 2672  2 43792 10537 2.3 34 15 2 4 29% 31226 5259 40%
c 
c  seconds  reductions   conflicts        size  tier2      variables
c         MB     restarts      redundant     glue  trail        remaining
c          level       rate         size/glue tier1  irredundant
c 
c {  1.14  0 86 17 2672 14 43792 10537 1.8 10 6 2 3 11% 31226 5259 40%
c B  1.16  0 85 17 2855 14 45022 11633 1.8 10 6 2 3 12% 31226 5259 40%
c -  1.17  0 84 18 2946 13 45912 8659 1.8 10 6 2 3 11% 31226 5259 40%
c d  1.17  0 84 18 2946 13 45912 8627 1.8 10 6 2 3 11% 31222 5254 40%
c p  1.17  0 84 18 2946 13 45912 8652 1.8 10 6 2 3 11% 31222 5254 40%
c c  1.18  0 84 18 2946 13 45912 8652 1.8 10 6 2 3 11% 31220 5254 40%
c =  1.20  0 84 18 2946 13 45912 8632 1.8 10 6 2 3 11% 31214 5247 40%
c f  1.20  0 84 18 2946 13 45912 8624 1.8 10 6 2 3 11% 31213 5256 40%
c e  1.29  0 80 18 3607 13 50391 12192 1.8 11 6 2 3 12% 31195 5230 39%
c s  1.29  0 80 18 3607 13 50391 12186 1.8 11 6 2 3 12% 31183 5230 39%
c -  1.31  0 79 19 3721 13 51269 9898 1.8 11 6 2 3 11% 31183 5230 39%
c 2  1.31  0 79 19 3721 13 51269 9894 1.8 11 6 2 3 11% 31183 5230 39%
c p  1.31  0 79 19 3721 13 51269 9862 1.8 11 6 2 3 11% 31179 5224 39%
c c  1.32  0 79 19 3721 13 51269 9862 1.8 11 6 2 3 11% 31159 5224 39%
c d  1.32  0 79 19 3721 13 51269 9840 1.8 11 6 2 3 11% 31151 5220 39%
c 2  1.32  0 79 19 3721 13 51269 9840 1.8 11 6 2 3 11% 31149 5220 39%
c =  1.33  0 79 19 3721 13 51269 9838 1.8 11 6 2 3 11% 31148 5216 39%
c u  1.34  0 79 19 3721 13 51269 9456 1.8 11 6 2 3 11% 31112 5216 39%
c v  1.34  0 79 19 3721 13 51269 9362 1.8 11 6 2 3 11% 31112 5216 39%
c x  1.34  0 79 19 3721 13 51269 9362 1.8 11 6 2 3 11% 30601 5216 39%
c 
c  seconds  reductions   conflicts       size  tier2      variables
c         MB     restarts     redundant     glue  trail        remaining
c          level       rate        size/glue tier1  irredundant
c 
c 2  1.34  0 79 19 3721 13 51269 9361 1.8 11 6 2 3 11% 30601 5216 39%
c f  1.35  0 79 19 3721 13 51269 9361 1.8 11 6 2 3 11% 30584 5231 39%
c }  1.39  0 77 19 4070 13 53371 11284 1.8 11 6 2 3 11% 30584 5231 39%
c [  1.39  0 138 19 4070  2 53371 11284 2.3 34 15 2 4 29% 30584 5231 39%
c W  1.43  0 137 19 4071  2 55024 12843 2.3 34 15 2 4 29% 30584 5231 39%
c -  1.47  0 132 20 4071  2 56932 10585 2.4 35 15 2 4 29% 30584 5231 39%
c p  1.47  0 132 20 4071  2 56932 10601 2.4 35 15 2 4 29% 30584 5231 39%
c =  1.49  0 132 20 4071  2 56932 10563 2.4 35 15 2 4 29% 30578 5224 39%
c f  1.50  0 132 20 4071  2 56932 10561 2.4 35 15 2 4 29% 30577 5227 39%
c -  1.68  0 136 21 4072  2 62899 10970 2.5 42 17 2 4 31% 30577 5227 39%
c p  1.68  0 136 21 4072  2 62899 11266 2.5 42 17 2 4 31% 30577 5227 39%
c =  1.70  0 136 21 4072  2 62899 11242 2.5 42 17 2 4 31% 30230 5169 39%
c f  1.70  0 136 21 4072  2 62899 11234 2.5 42 17 2 4 31% 30234 5173 39%
c ]  1.72  0 137 21 4072  2 63564 11864 2.5 42 17 2 4 31% 30234 5173 39%
c {  1.72  0 77 21 4072 13 63564 11864 1.8 11 6 2 3 11% 30234 5173 39%
c W  1.78  0 76 21 4532 13 66026 14124 1.8 11 6 2 3 12% 30234 5173 39%
c -  1.84  0 74 22 5088 13 69168 12205 1.8 11 6 2 3 11% 30234 5173 39%
c d  1.84  0 74 22 5088 13 69168 12200 1.8 11 6 2 3 11% 30234 5172 39%
c p  1.85  0 74 22 5088 13 69168 12207 1.8 11 6 2 3 11% 30234 5172 39%
c =  1.87  0 74 22 5088 13 69168 12206 1.8 11 6 2 3 11% 30233 5170 39%
c 
c  seconds  reductions   conflicts        size  tier2      variables
c         MB     restarts      redundant     glue  trail        remaining
c          level       rate         size/glue tier1  irredundant
c 
c u  1.88  0 74 22 5088 13 69168 11423 1.8 11 6 2 3 11% 30030 5170 39%
c v  1.88  0 74 22 5088 13 69168 11219 1.8 11 6 2 3 11% 30030 5170 39%
c 2  1.88  0 74 22 5088 13 69168 11218 1.8 11 6 2 3 11% 30030 5170 39%
c }  1.98  0 72 22 5792 13 74238 15848 1.8 11 6 1 2 12% 30030 5170 39%
c [  1.98  0 137 22 5792  2 74238 15848 2.5 42 17 2 4 31% 30030 5170 39%
c -  2.02  0 136 23 5794  2 75742 10559 2.5 43 17 2 4 31% 30030 5170 39%
c d  2.02  0 136 23 5794  2 75742 10555 2.5 43 17 2 4 31% 30030 5169 39%
c p  2.02  0 136 23 5794  2 75742 10713 2.5 43 17 2 4 31% 30030 5169 39%
c 2  2.02  0 136 23 5794  2 75742 10713 2.5 43 17 2 4 31% 30029 5169 39%
c =  2.03  0 136 23 5794  2 75742 10683 2.5 43 17 2 4 31% 30025 5160 39%
c t  2.03  0 136 23 5794  2 75742 10682 2.5 43 17 2 4 31% 30025 5160 39%
c f  2.04  0 136 23 5794  2 75742 10621 2.5 43 17 2 4 30% 30059 5183 39%
c t  2.05  0 136 23 5794  2 76150 11008 2.5 43 17 2 4 30% 30058 5183 39%
c e  2.06  0 136 23 5794  2 76150 10907 2.5 43 17 2 4 30% 29691 5133 39%
c s  2.06  0 136 23 5794  2 76150 10906 2.5 43 17 2 4 30% 29679 5133 39%
c I  2.09  0 136 23 5795  2 78028 12639 2.4 42 18 2 4 29% 29678 5133 39%
c -  2.17  0 132 24 5798  2 82622 10513 2.4 41 17 2 4 30% 29678 5133 39%
c 2  2.17  0 132 24 5798  2 82622 10512 2.4 41 17 2 4 30% 29678 5133 39%
c p  2.17  0 132 24 5798  2 82622 10518 2.4 41 17 2 4 30% 29678 5133 39%
c f  2.19  0 132 24 5798  2 82622 10516 2.4 41 17 2 4 30% 29679 5134 39%
c 
c  seconds   reductions   conflicts        size   tier2      variables
c         MB      restarts      redundant     glue   trail        remaining
c           level       rate         size/glue  tier1  irredundant
c 
c -  2.35  0 132 25 5801  2 89810 10358 2.3 42 18 2 4 33% 29679 5134 39%
c p  2.35  0 132 25 5801  2 89810 10585 2.3 42 18 2 4 33% 29679 5134 39%
c u  2.36  0 132 25 5801  2 89810 10044 2.3 42 18 2 4 33% 29590 5134 39%
c v  2.37  0 132 25 5801  2 89810 10022 2.3 42 18 2 4 33% 29590 5134 39%
c w  2.37  0 132 25 5801  2 89810 10019 2.3 42 18 2 4 33% 29590 5134 39%
c f  2.37  0 132 25 5801  2 89810 9968 2.3 42 18 2 4 32% 29616 5159 39%
c B  2.39  0 131 25 5802  2 91029 11044 2.3 42 18 2 4 32% 29616 5159 39%
c ]  2.42  0 130 25 5803  2 92175 12131 2.3 42 18 2 4 32% 29616 5159 39%
c {  2.42  0 72 25 5803 13 92175 12131 1.8 11 6 1 2 13% 29616 5159 39%
c -  2.51  0 72 26 6402 12 97303 10890 1.8 12 7 1 2 13% 29616 5159 39%
c p  2.51  0 72 26 6402 12 97303 11211 1.8 12 7 1 2 13% 29616 5156 39%
c =  2.53  0 72 26 6402 12 97303 11192 1.8 12 7 1 2 13% 29496 5131 39%
c f  2.53  0 72 26 6402 12 97303 11163 1.8 12 7 1 2 13% 29512 5144 39%
c F  2.68  0 71 26 7465 12 105036 18210 1.8 12 7 1 2 13% 29512 5144 39%
c -  2.68  0 71 27 7471 12 105101 12161 1.8 12 7 1 2 13% 29512 5144 39%
c p  2.68  0 71 27 7471 12 105101 12165 1.8 12 7 1 2 13% 29512 5144 39%
c u  2.71  0 71 27 7471 12 105101 11701 1.8 12 7 1 2 13% 29456 5144 39%
c v  2.71  0 71 27 7471 12 105101 11507 1.8 12 7 1 2 13% 29456 5144 39%
c w  2.71  0 71 27 7471 12 105101 11507 1.8 12 7 1 2 13% 29456 5144 39%
c x  2.71  0 71 27 7471 12 105101 11507 1.8 12 7 1 2 13% 29123 5144 39%
c 
c  seconds  reductions   conflicts         size  tier2      variables
c         MB     restarts       redundant     glue  trail        remaining
c          level       rate          size/glue tier1  irredundant
c 
c t  2.71  0 71 27 7471 12 105101 11506 1.8 12 7 1 2 13% 29122 5144 39%
c t  2.75  0 71 27 7677 12 106530 12811 1.8 12 7 1 2 13% 29122 5144 39%
c e  2.75  0 71 27 7677 12 106530 12807 1.8 12 7 1 2 13% 28748 5095 38%
c s  2.75  0 71 27 7677 12 106530 12807 1.8 12 7 1 2 13% 28740 5095 38%
c e  2.76  0 71 27 7677 12 106530 12807 1.8 12 7 1 2 13% 28720 5092 38%
c }  2.78  0 71 27 7818 12 107467 13689 1.8 12 7 1 2 13% 28720 5092 38%
c [  2.78  0 130 27 7818  2 107467 13689 2.3 42 18 2 4 32% 28720 5092 38%
c -  2.91  0 130 28 7820  2 113207 12361 2.2 43 20 2 4 32% 28720 5092 38%
c p  2.92  0 130 28 7820  2 113207 12559 2.2 43 20 2 4 32% 28720 5092 38%
c f  2.92  0 130 28 7820  2 113207 12553 2.2 43 20 2 4 32% 28724 5094 38%
c W  3.06  0 129 28 7821  2 120041 18901 2.2 44 20 2 4 33% 28724 5094 38%
c -  3.08  0 127 29 7821  2 121618 12307 2.2 43 20 2 4 31% 28724 5094 38%
c p  3.08  0 127 29 7821  2 121618 12330 2.2 43 20 2 4 31% 28724 5094 38%
c =  3.10  0 127 29 7821  2 121618 12330 2.2 43 20 2 4 31% 28724 5093 38%
c u  3.11  0 127 29 7821  2 121618 12028 2.2 43 20 2 4 31% 28617 5093 38%
c w  3.11  0 127 29 7821  2 121618 12007 2.2 43 20 2 4 31% 28617 5093 38%
c ]  3.31  0 126 29 7822  1 129212 19151 2.2 45 20 2 4 33% 28617 5093 38%
c {  3.31  0 71 29 7822 12 129212 19151 1.8 12 7 1 2 13% 28617 5093 38%
c -  3.35  0 70 30 8028 12 130337 12218 1.8 12 7 1 2 13% 28617 5093 38%
c p  3.35  0 70 30 8028 12 130337 12537 1.8 12 7 1 2 13% 28617 5093 38%
c 
c  seconds  reductions   conflicts         size  tier2      variables
c         MB     restarts       redundant     glue  trail        remaining
c          level       rate          size/glue tier1  irredundant
c 
c =  3.36  0 70 30 8028 12 130337 12527 1.8 12 7 1 2 13% 28601 5087 38%
c f  3.37  0 70 30 8028 12 130337 12521 1.8 12 7 1 2 13% 28605 5089 38%
c B  3.47  0 70 30 8699 12 136042 17738 1.8 12 7 1 2 14% 28605 5089 38%
c -  3.54  0 70 31 9061 12 139362 13622 1.8 12 7 1 2 14% 28605 5089 38%
c p  3.54  0 70 31 9061 12 139362 13626 1.8 12 7 1 2 14% 28605 5089 38%
c u  3.57  0 70 31 9061 12 139362 13023 1.8 12 7 1 2 14% 28605 5089 38%
c v  3.57  0 70 31 9061 12 139362 12843 1.8 12 7 1 2 14% 28605 5089 38%
c w  3.57  0 70 31 9061 12 139362 12843 1.8 12 7 1 2 14% 28605 5089 38%
c e  3.62  0 70 31 9270 11 141471 14526 1.8 12 7 1 2 14% 24982 4586 35%
c s  3.62  0 70 31 9270 11 141471 14526 1.8 12 7 1 2 14% 24982 4586 35%
c ^  3.62  0 70 31 9270 11 141471 14526 1.8 12 7 1 2 14% 24982 4586 35%
c }  3.75  0 69 31 10117 11 147874 20414 1.8 12 7 1 2 16% 24982 4586 35%
c [  3.75  0 126 31 10117  1 147874 20414 2.2 45 20 2 4 37% 24982 4586 35%
c -  3.77  0 126 32 10117  1 148695 14088 2.2 44 20 2 4 37% 24982 4586 35%
c p  3.77  0 126 32 10117  1 148695 14535 2.2 44 20 2 4 37% 24982 4586 35%
c O  3.86  0 126 32 10117  1 153045 18625 2.2 45 20 2 4 38% 24982 4586 35%
c -  3.96  0 124 33 10118  1 158335 14647 2.2 45 20 2 4 38% 24982 4586 35%
c p  3.97  0 124 33 10118  1 158335 14673 2.2 45 20 2 4 38% 24982 4586 35%
c u  3.99  0 124 33 10118  1 158335 14282 2.2 45 20 2 4 38% 24981 4586 35%
c v  3.99  0 124 33 10118  1 158335 14050 2.2 45 20 2 4 38% 24981 4586 35%
c 
c  seconds   reductions    conflicts         size   tier2      variables
c         MB       restarts       redundant     glue   trail        remaining
c           level        rate          size/glue  tier1  irredundant
c 
c w  3.99  0 124 33 10118  1 158335 14050 2.2 45 20 2 4 38% 24981 4586 35%
c -  4.19  0 124 34 10124  1 168282 13969 2.2 45 20 2 4 37% 24981 4586 35%
c p  4.20  0 124 34 10124  1 168282 13971 2.2 45 20 2 4 37% 24981 4586 35%
c B  4.26  0 124 34 10125  1 171047 16532 2.2 45 20 2 4 37% 24981 4586 35%
c ]  4.39  0 123 34 10130  1 178465 23497 2.1 44 21 2 4 36% 24981 4586 35%
c {  4.39  0 69 34 10130 11 178465 23497 1.8 12 7 1 2 16% 24981 4586 35%
c -  4.39  0 69 35 10147 11 178537 14296 1.8 12 7 1 2 16% 24981 4586 35%
c p  4.39  0 69 35 10147 11 178537 14449 1.8 12 7 1 2 16% 24981 4586 35%
c u  4.40  0 69 35 10147 11 178537 14217 1.8 12 7 1 2 16% 24981 4586 35%
c v  4.40  0 69 35 10147 11 178537 14216 1.8 12 7 1 2 16% 24981 4586 35%
c x  4.40  0 69 35 10147 11 178537 14209 1.8 12 7 1 2 16% 24916 4586 35%
c t  4.44  0 69 35 10347 11 180601 16076 1.8 12 7 1 2 16% 24916 4586 35%
c e  4.45  0 69 35 10347 11 180601 13301 1.8 12 7 1 2 16% 25184 4285 32%
c ^  4.46  0 69 35 10347 11 180601 13301 1.8 12 7 1 2 16% 25184 4285 32%
c -  4.62  0 69 36 11304 11 189101 13730 1.8 12 7 1 2 15% 25184 4285 32%
c p  4.62  0 69 36 11304 11 189101 13838 1.8 12 7 1 2 15% 25184 4285 32%
c t  4.64  0 69 36 11304 11 189101 13838 1.8 12 7 1 2 15% 25183 4285 32%
c W  4.69  0 68 36 11376 11 190048 14722 1.8 12 7 1 2 15% 25183 4285 32%
c -  4.87  0 67 37 12533 11 199972 15464 1.8 13 7 1 2 14% 25183 4285 32%
c p  4.88  0 67 37 12533 11 199972 15604 1.8 13 7 1 2 14% 25183 4285 32%
c 
c  seconds  reductions    conflicts         size  tier2      variables
c         MB      restarts       redundant     glue  trail        remaining
c          level        rate          size/glue tier1  irredundant
c 
c u  4.88  0 67 37 12533 11 199972 14896 1.8 13 7 1 2 14% 25088 4285 32%
c v  4.89  0 67 37 12533 11 199972 14622 1.8 13 7 1 2 14% 25088 4285 32%
c f  4.89  0 67 37 12533 11 199972 14621 1.8 13 7 1 2 14% 25086 4286 32%
c }  4.97  0 67 37 13045 11 203538 17892 1.8 13 7 1 2 14% 25086 4286 32%
c [  4.97  0 123 37 13045  1 203538 17892 2.1 44 21 2 4 36% 25086 4286 32%
c W  5.12  0 124 37 13047  1 210049 24076 2.1 45 21 2 4 35% 25086 4286 32%
c -  5.15  0 124 38 13047  1 211152 15839 2.1 45 21 2 4 35% 25086 4286 32%
c p  5.15  0 124 38 13047  1 211152 15942 2.1 45 21 2 4 35% 25086 4286 32%
c -  5.41  0 123 39 13052  1 222640 15896 2.1 46 22 2 4 34% 25086 4286 32%
c p  5.41  0 123 39 13052  1 222640 15897 2.1 46 22 2 4 34% 25086 4286 32%
c u  5.41  0 123 39 13052  1 222640 15673 2.1 46 22 2 4 34% 25086 4286 32%
c v  5.41  0 123 39 13052  1 222640 15540 2.1 46 22 2 4 34% 25086 4286 32%
c w  5.41  0 123 39 13052  1 222640 15540 2.1 46 22 2 4 34% 25086 4286 32%
c x  5.42  0 123 39 13052  1 222640 15539 2.1 46 22 2 4 34% 24956 4286 32%
c t  5.42  0 123 39 13052  1 222640 15538 2.1 46 22 2 4 34% 24954 4286 32%
c e  5.52  0 124 39 13054  1 226595 16431 2.1 46 23 2 4 34% 25360 4019 30%
c s  5.52  0 124 39 13054  1 226595 16396 2.1 46 23 2 4 34% 25318 4019 30%
c e  5.52  0 124 39 13054  1 226595 16396 2.1 46 23 2 4 34% 25316 4018 30%
c I  5.61  0 124 39 13056  1 231050 20556 2.1 46 23 2 4 33% 25316 4018 30%
c -  5.66  0 123 40 13058  1 234440 14218 2.1 46 22 2 4 30% 25316 4018 30%
c 
c  seconds   reductions    conflicts         size   tier2      variables
c         MB       restarts       redundant     glue   trail        remaining
c           level        rate          size/glue  tier1  irredundant
c 
c 2  5.66  0 123 40 13058  1 234440 14216 2.1 46 22 2 4 30% 25316 4018 30%
c p  5.66  0 123 40 13058  1 234440 14380 2.1 46 22 2 4 30% 25316 4018 30%
c f  5.69  0 123 40 13058  1 234440 14367 2.1 46 22 2 4 30% 25000 4098 31%
c ]  5.81  0 122 40 13061  1 240624 20055 2.1 45 22 2 4 29% 25000 4098 31%
c {  5.81  0 67 40 13061 11 240624 20055 1.8 13 7 1 2 16% 25000 4098 31%
c -  5.92  0 67 41 13692 10 246545 15919 1.8 13 7 1 2 16% 25000 4098 31%
c p  5.92  0 67 41 13692 10 246545 15924 1.8 13 7 1 2 16% 25000 4098 31%
c u  5.93  0 67 41 13692 10 246545 15435 1.8 13 7 1 2 16% 24990 4098 31%
c v  5.93  0 67 41 13692 10 246545 15310 1.8 13 7 1 2 16% 24990 4098 31%
c f  5.93  0 67 41 13692 10 246545 15310 1.8 13 7 1 2 16% 24946 4109 31%
c #  6.04  0 66 41 14386 10 253051 21219 1.8 13 7 1 2 15% 24946 4109 31%
c -  6.16  0 66 42 15064 10 258958 17029 1.8 13 7 1 2 15% 24946 4109 31%
c p  6.17  0 66 42 15064 10 258958 17187 1.8 13 7 1 2 15% 24946 4109 31%
c u  6.17  0 66 42 15064 10 258958 17014 1.8 13 7 1 2 15% 24946 4109 31%
c v  6.17  0 66 42 15064 10 258958 16853 1.8 13 7 1 2 15% 24946 4109 31%
c w  6.17  0 66 42 15064 10 258958 16853 1.8 13 7 1 2 15% 24946 4109 31%
c f  6.18  0 66 42 15064 10 258958 16851 1.8 13 7 1 2 15% 24945 4110 31%
c }  6.37  0 65 42 16215 10 269419 26295 1.8 13 7 1 2 15% 24945 4110 31%
c [  6.37  0 122 42 16215  1 269419 26295 2.1 45 22 2 4 28% 24945 4110 31%
c -  6.42  0 122 43 16216  1 271679 18307 2.1 45 22 2 4 30% 24945 4110 31%
c 
c  seconds   reductions    conflicts         size   tier2      variables
c         MB       restarts       redundant     glue   trail        remaining
c           level        rate          size/glue  tier1  irredundant
c 
c p  6.42  0 122 43 16216  1 271679 18322 2.1 45 22 2 4 30% 24945 4110 31%
c u  6.42  0 122 43 16216  1 271679 18144 2.1 45 22 2 4 30% 24945 4110 31%
c v  6.42  0 122 43 16216  1 271679 18067 2.1 45 22 2 4 30% 24945 4110 31%
c w  6.42  0 122 43 16216  1 271679 18067 2.1 45 22 2 4 30% 24945 4110 31%
c x  6.43  0 122 43 16216  1 271679 18064 2.1 45 22 2 4 30% 24937 4110 31%
c f  6.43  0 122 43 16216  1 271679 18064 2.1 45 22 2 4 30% 24934 4111 31%
c B  6.55  0 123 43 16216  1 276052 22295 2.1 46 22 2 4 30% 24934 4111 31%
c e  6.62  0 123 43 16217  1 279706 25564 2.1 46 22 2 4 31% 24934 4105 31%
c s  6.62  0 123 43 16217  1 279706 25557 2.1 46 22 2 4 31% 24931 4105 31%
c -  6.72  0 123 44 16217  1 284710 18665 2.1 46 22 2 4 33% 24931 4105 31%
c 2  6.72  0 123 44 16217  1 284710 18664 2.1 46 22 2 4 33% 24931 4105 31%
c p  6.73  0 123 44 16217  1 284710 18804 2.1 46 22 2 4 33% 24931 4105 31%
c -  7.20  0 128 45 16218  1 298049 17768 2.1 50 24 2 4 35% 24931 4105 31%
c p  7.20  0 128 45 16218  1 298049 17903 2.1 50 24 2 4 35% 24931 4105 31%
c u  7.24  0 128 45 16218  1 298049 17221 2.1 50 24 2 4 35% 24828 4105 31%
c v  7.24  0 128 45 16218  1 298049 17207 2.1 50 24 2 4 35% 24828 4105 31%
c w  7.24  0 128 45 16218  1 298049 17207 2.1 50 24 2 4 35% 24828 4105 31%
c t  7.24  0 128 45 16218  1 298049 17206 2.1 50 24 2 4 35% 24828 4105 31%
c ]  7.29  0 128 45 16218  1 299433 18534 2.1 50 24 2 4 35% 24828 4105 31%
c {  7.29  0 65 45 16218 10 299433 18534 1.8 13 7 1 2 15% 24828 4105 31%
c 
c  seconds  reductions    conflicts         size  tier2      variables
c         MB      restarts       redundant     glue  trail        remaining
c          level        rate          size/glue tier1  irredundant
c 
c B  7.30  0 65 45 16285 10 300054 19097 1.8 13 7 1 2 15% 24828 4105 31%
c -  7.54  0 65 46 17590 10 311698 18680 1.8 13 7 1 2 15% 24828 4105 31%
c p  7.54  0 65 46 17590 10 311698 18809 1.8 13 7 1 2 15% 24828 4105 31%
c u  7.55  0 65 46 17590 10 311698 18630 1.8 13 7 1 2 15% 24828 4105 31%
c v  7.55  0 65 46 17590 10 311698 18449 1.8 13 7 1 2 15% 24828 4105 31%
c W  7.92  0 65 46 19124 10 325057 30742 1.8 13 8 1 2 15% 24828 4105 31%
c -  7.95  0 65 47 19213 10 325656 20291 1.8 13 8 1 2 15% 24828 4105 31%
c p  7.95  0 65 47 19213 10 325656 20417 1.8 13 8 1 2 15% 24828 4105 31%
c u  7.97  0 65 47 19213 10 325656 20106 1.8 13 8 1 2 15% 24828 4105 31%
c v  7.98  0 65 47 19213 10 325656 19940 1.8 13 8 1 2 15% 24828 4105 31%
c w  7.98  0 65 47 19213 10 325656 19940 1.8 13 8 1 2 15% 24828 4105 31%
c }  8.05  0 65 47 19600 10 328716 22762 1.8 13 8 1 2 15% 24828 4105 31%
c [  8.05  0 128 47 19600  1 328716 22762 2.1 50 24 2 4 35% 24828 4105 31%
c ^  8.25  0 126 47 19600  1 336961 30544 2.1 50 24 2 4 36% 24828 4105 31%
c -  8.31  0 126 48 19600  1 339922 20682 2.1 50 23 2 4 36% 24828 4105 31%
c p  8.32  0 126 48 19600  1 339922 20746 2.1 50 23 2 4 36% 24828 4105 31%
c W  8.67  0 124 48 19600  1 351058 31266 2.2 52 23 2 4 36% 24828 4105 31%
c -  8.76  0 124 49 19600  1 354497 20400 2.2 52 23 2 4 35% 24828 4105 31%
c p  8.76  0 124 49 19600  1 354497 20458 2.2 52 23 2 4 35% 24828 4105 31%
c u  8.77  0 124 49 19600  1 354497 20260 2.2 52 23 2 4 35% 24828 4105 31%
c 
c  seconds   reductions    conflicts         size   tier2      variables
c         MB       restarts       redundant     glue   trail        remaining
c           level        rate          size/glue  tier1  irredundant
c 
c v  8.77  0 124 49 19600  1 354497 20181 2.2 52 23 2 4 35% 24828 4105 31%
c w  8.77  0 124 49 19600  1 354497 20181 2.2 52 23 2 4 35% 24828 4105 31%
c x  8.77  0 124 49 19600  1 354497 20181 2.2 52 23 2 4 35% 24825 4105 31%
c -  9.07  0 122 50 19607  1 369384 20111 2.2 51 23 2 4 34% 24825 4105 31%
c p  9.07  0 122 50 19607  1 369384 20174 2.2 51 23 2 4 34% 24825 4105 31%
c ]  9.20  0 121 50 19610  1 375671 26070 2.2 50 23 2 4 34% 24825 4105 31%
c {  9.20  0 65 50 19610 10 375671 26070 1.8 13 8 1 2 15% 24825 4105 31%
c F  9.26  0 65 50 19943 10 378059 28267 1.8 13 8 1 2 15% 24825 4105 31%
c -  9.42  0 64 51 20688 10 384579 21532 1.8 13 8 1 2 15% 24825 4105 31%
c p  9.42  0 64 51 20688 10 384579 21598 1.8 13 8 1 2 15% 24825 4105 31%
c u  9.46  0 64 51 20688 10 384579 21082 1.8 13 8 1 2 15% 24825 4105 31%
c v  9.46  0 64 51 20688 10 384579 20834 1.8 13 8 1 2 15% 24825 4105 31%
c w  9.46  0 64 51 20688 10 384579 20834 1.8 13 8 1 2 15% 24825 4105 31%
c e  9.81  0 64 51 22286 10 399278 26292 1.8 14 8 1 2 16% 25998 3748 28%
c ^  9.81  0 64 51 22286 10 399278 26292 1.8 14 8 1 2 16% 25998 3748 28%
c -  9.83  0 64 52 22339 10 400084 18772 1.8 14 8 1 2 15% 25998 3748 28%
c 2  9.83  0 64 52 22339 10 400084 18768 1.8 14 8 1 2 15% 25998 3748 28%
c p  9.83  0 64 52 22339 10 400084 18855 1.8 14 8 1 2 15% 25998 3748 28%
c u  9.84  0 64 52 22339 10 400084 18647 1.8 14 8 1 2 15% 25933 3748 28%
c v  9.85  0 64 52 22339 10 400084 18490 1.8 14 8 1 2 15% 25933 3748 28%
c 
c  seconds  reductions    conflicts         size  tier2      variables
c         MB      restarts       redundant     glue  trail        remaining
c          level        rate          size/glue tier1  irredundant
c 
c t  9.85  0 64 52 22339 10 400084 18490 1.8 14 8 1 2 15% 25932 3748 28%
c B  9.99  0 64 52 22805  9 406060 23936 1.8 14 8 1 2 16% 25932 3748 28%
c } 10.07  0 64 52 23254  9 410194 27743 1.8 14 8 1 2 16% 25932 3748 28%
c [ 10.07  0 121 52 23254  1 410194 27743 2.2 50 23 2 4 34% 25932 3748 28%
c - 10.20  0 120 53 23258  1 415897 21039 2.2 50 23 2 4 34% 25932 3748 28%
c p 10.20  0 120 53 23258  1 415897 21107 2.2 50 23 2 4 34% 25932 3748 28%
c u 10.21  0 120 53 23258  1 415897 20934 2.2 50 23 2 4 34% 25932 3748 28%
c v 10.21  0 120 53 23258  1 415897 20839 2.2 50 23 2 4 34% 25932 3748 28%
c w 10.21  0 120 53 23258  1 415897 20837 2.2 50 23 2 4 34% 25932 3748 28%
c - 10.58  0 119 54 23263  1 432021 21999 2.2 49 23 2 4 33% 25932 3748 28%
c p 10.59  0 119 54 23263  1 432021 22059 2.2 49 23 2 4 33% 25932 3748 28%
c u 10.60  0 119 54 23263  1 432021 21870 2.2 49 23 2 4 33% 25932 3748 28%
c v 10.60  0 119 54 23263  1 432021 21794 2.2 49 23 2 4 33% 25932 3748 28%
c w 10.60  0 119 54 23263  1 432021 21793 2.2 49 23 2 4 33% 25932 3748 28%
c O 10.68  0 119 54 23265  1 435062 24651 2.2 50 23 2 4 33% 25932 3748 28%
c - 11.09  0 120 55 23273  1 448453 21542 2.2 52 23 2 4 35% 25932 3748 28%
c p 11.09  0 120 55 23273  1 448453 21589 2.2 52 23 2 4 35% 25932 3748 28%
c u 11.10  0 120 55 23273  1 448453 21405 2.2 52 23 2 4 35% 25932 3748 28%
c v 11.11  0 120 55 23273  1 448453 21278 2.2 52 23 2 4 35% 25932 3748 28%
c w 11.11  0 120 55 23273  1 448453 21276 2.2 52 23 2 4 35% 25932 3748 28%
c 
c  seconds   reductions    conflicts         size   tier2      variables
c         MB       restarts       redundant     glue   trail        remaining
c           level        rate          size/glue  tier1  irredundant
c 
c x 11.11  0 120 55 23273  1 448453 21276 2.2 52 23 2 4 35% 25917 3748 28%
c ] 11.41  0 121 55 23274  1 457145 29577 2.2 54 24 2 4 36% 25917 3748 28%
c { 11.41  0 64 55 23274  9 457145 29577 1.8 14 8 1 2 16% 25917 3748 28%
c W 11.68  0 64 55 24095  9 465063 36812 1.8 14 8 1 2 15% 25917 3748 28%
c - 11.69  0 64 56 24121  9 465195 22145 1.8 14 8 1 2 15% 25917 3748 28%
c p 11.69  0 64 56 24121  9 465195 22193 1.8 14 8 1 2 15% 25917 3748 28%
c u 11.71  0 64 56 24121  9 465195 21783 1.8 14 8 1 2 15% 25917 3748 28%
c v 11.71  0 64 56 24121  9 465195 21558 1.8 14 8 1 2 15% 25917 3748 28%
c e 11.87  0 64 56 24843  9 471929 20086 1.8 14 8 1 2 15% 28321 3399 26%
c ^ 11.88  0 64 56 24843  9 471929 20086 1.8 14 8 1 2 15% 28321 3399 26%
c - 12.07  0 64 57 25647  9 482249 18754 1.8 14 8 1 2 17% 28321 3399 26%
c 2 12.07  0 64 57 25647  9 482249 18753 1.8 14 8 1 2 17% 28321 3399 26%
c p 12.07  0 64 57 25647  9 482249 18796 1.8 14 8 1 2 17% 28321 3399 26%
c u 12.07  0 64 57 25647  9 482249 18443 1.8 14 8 1 2 17% 28321 3399 26%
c v 12.08  0 64 57 25647  9 482249 18254 1.8 14 8 1 2 17% 28321 3399 26%
c w 12.08  0 64 57 25647  9 482249 18254 1.8 14 8 1 2 17% 28321 3399 26%
c # 12.34  0 64 57 26878  9 496065 30807 1.8 14 8 1 2 16% 28321 3399 26%
c - 12.42  0 64 58 27237  9 499611 21121 1.8 14 8 1 2 16% 28321 3399 26%
c p 12.43  0 64 58 27237  9 499611 21163 1.8 14 8 1 2 16% 28321 3399 26%
c u 12.46  0 64 58 27237  9 499611 20852 1.8 14 8 1 2 16% 28321 3399 26%
c 
c  seconds  reductions    conflicts         size  tier2      variables
c         MB      restarts       redundant     glue  trail        remaining
c          level        rate          size/glue tier1  irredundant
c 
c v 12.46  0 64 58 27237  9 499611 20617 1.8 14 8 1 2 16% 28321 3399 26%
c w 12.46  0 64 58 27237  9 499611 20617 1.8 14 8 1 2 16% 28321 3399 26%
c } 12.52  0 64 58 27468  9 502507 23305 1.8 14 8 1 2 16% 28321 3399 26%
c [ 12.52  0 121 58 27468  1 502507 23305 2.2 54 24 2 4 43% 28321 3399 26%
c - 12.84  0 114 59 27469  1 517282 21819 2.3 54 24 2 4 43% 28321 3399 26%
c p 12.84  0 114 59 27469  1 517282 21859 2.3 54 24 2 4 43% 28321 3399 26%
c B 13.12  0 115 59 27473  1 528066 31958 2.3 55 24 2 4 43% 28321 3399 26%
c - 13.33  0 116 60 27476  1 535263 21435 2.3 56 25 2 4 43% 28321 3399 26%
c p 13.33  0 116 60 27476  1 535263 21470 2.3 56 25 2 4 43% 28321 3399 26%
c u 13.34  0 116 60 27476  1 535263 20940 2.3 56 25 2 4 43% 28321 3399 26%
c v 13.35  0 116 60 27476  1 535263 20548 2.3 56 25 2 4 43% 28321 3399 26%
c w 13.35  0 116 60 27476  1 535263 20544 2.3 56 25 2 4 43% 28321 3399 26%
c - 13.95  0 117 61 27484  1 553553 20820 2.3 59 26 2 4 43% 28321 3399 26%
c p 13.95  0 117 61 27484  1 553553 20854 2.3 59 26 2 4 43% 28321 3399 26%
c u 13.96  0 117 61 27484  1 553553 20741 2.3 59 26 2 4 43% 28321 3399 26%
c v 13.96  0 117 61 27484  1 553553 20630 2.3 59 26 2 4 43% 28321 3399 26%
c w 13.96  0 117 61 27484  1 553553 20628 2.3 59 26 2 4 43% 28321 3399 26%
c ] 14.04  0 118 61 27484  1 556092 23049 2.3 59 26 2 4 43% 28321 3399 26%
c { 14.04  0 64 61 27484  9 556092 23049 1.8 14 8 1 2 16% 28321 3399 26%
c e 14.10  0 64 61 27610  9 557573 12450 1.8 14 8 1 2 16% 33717 2978 22%
c 
c  seconds  reductions    conflicts         size  tier2      variables
c         MB      restarts       redundant     glue  trail        remaining
c          level        rate          size/glue tier1  irredundant
c 
c B 14.15  0 64 61 27827  9 561069 15590 1.8 14 8 1 2 18% 33717 2978 22%
c - 14.29  0 64 62 28427  8 572153 14998 1.8 14 8 1 2 15% 33717 2978 22%
c 2 14.29  0 64 62 28427  8 572153 14997 1.8 14 8 1 2 15% 33717 2978 22%
c p 14.30  0 64 62 28427  8 572153 15015 1.8 14 8 1 2 15% 33717 2978 22%
c u 14.30  0 64 62 28427  8 572153 14789 1.8 14 8 1 2 15% 33717 2978 22%
c v 14.30  0 64 62 28427  8 572153 14727 1.8 14 8 1 2 15% 33717 2978 22%
c w 14.30  0 64 62 28427  8 572153 14727 1.8 14 8 1 2 15% 33717 2978 22%
c x 14.30  0 64 62 28427  8 572153 14727 1.8 14 8 1 2 15% 33688 2978 22%
c f 14.32  0 64 62 28427  8 572153 14727 1.8 14 8 1 2 15% 33669 2979 22%
c - 14.66  0 63 63 30082  8 591063 18347 1.8 14 8 1 2 15% 33669 2979 22%
c p 14.66  0 63 63 30082  8 591063 18366 1.8 14 8 1 2 15% 33669 2979 22%
c u 14.67  0 63 63 30082  8 591063 17841 1.8 14 8 1 2 15% 33666 2979 22%
c v 14.67  0 63 63 30082  8 591063 17694 1.8 14 8 1 2 15% 33666 2979 22%
c W 14.82  0 63 63 30531  8 595072 21314 1.8 14 8 1 2 15% 33666 2979 22%
c - 15.16  0 62 64 32111  8 610284 20268 1.8 14 8 1 2 15% 33666 2979 22%
c p 15.16  0 62 64 32111  8 610284 20286 1.8 14 8 1 2 15% 33666 2979 22%
c u 15.18  0 62 64 32111  8 610284 19744 1.8 14 8 1 2 15% 33667 2979 22%
c v 15.18  0 62 64 32111  8 610284 19525 1.8 14 8 1 2 15% 33667 2979 22%
c } 15.25  0 62 64 32422  8 613131 22108 1.8 14 8 1 2 15% 33667 2979 22%
c [ 15.25  0 118 64 32422  1 613131 22108 2.3 59 26 2 4 49% 33667 2979 22%
c 
c  seconds   reductions    conflicts         size   tier2      variables
c         MB       restarts       redundant     glue   trail        remaining
c           level        rate          size/glue  tier1  irredundant
c 
c - 15.53  0 116 65 32432  1 629814 21052 2.2 56 25 2 4 47% 33667 2979 22%
c p 15.53  0 116 65 32432  1 629814 21070 2.2 56 25 2 4 47% 33667 2979 22%
c t 15.54  0 116 65 32432  1 629814 21070 2.2 56 25 2 4 47% 33666 2979 22%
c W 15.57  0 116 65 32432  1 630073 21318 2.2 56 25 2 4 47% 33666 2979 22%
c - 15.99  0 115 66 32438  1 649654 21002 2.2 54 25 2 4 44% 33666 2979 22%
c p 15.99  0 115 66 32438  1 649654 21020 2.2 54 25 2 4 44% 33666 2979 22%
c u 16.03  0 115 66 32438  1 649654 20417 2.2 54 25 2 4 44% 33666 2979 22%
c v 16.04  0 115 66 32438  1 649654 20156 2.2 54 25 2 4 44% 33666 2979 22%
c w 16.04  0 115 66 32438  1 649654 20156 2.2 54 25 2 4 44% 33666 2979 22%
c s 16.52  0 113 66 32438  1 662607 32659 2.2 57 26 2 4 43% 33539 2979 22%
c e 16.53  0 113 66 32438  1 662607 32573 2.2 57 26 2 4 43% 33582 2976 22%
c I 16.58  0 112 66 32439  1 666074 35821 2.2 56 26 2 4 42% 33582 2976 22%
c - 16.65  0 112 67 32439  1 669806 20099 2.2 56 26 2 4 42% 33582 2976 22%
c p 16.65  0 112 67 32439  1 669806 20117 2.2 56 26 2 4 42% 33582 2976 22%
c u 16.66  0 112 67 32439  1 669806 19850 2.2 56 26 2 4 42% 33582 2976 22%
c v 16.66  0 112 67 32439  1 669806 19621 2.2 56 26 2 4 42% 33582 2976 22%
c w 16.67  0 112 67 32439  1 669806 19621 2.2 56 26 2 4 42% 33582 2976 22%
c ] 16.91  0 112 67 32439  1 682482 31460 2.2 55 25 2 4 42% 33582 2976 22%
c { 16.91  0 62 67 32439  8 682482 31460 1.8 14 8 1 2 15% 33582 2976 22%
c - 17.07  0 62 68 33295  8 690267 21427 1.8 14 8 1 2 15% 33582 2976 22%
c 
c  seconds  reductions    conflicts         size  tier2      variables
c         MB      restarts       redundant     glue  trail        remaining
c          level        rate          size/glue tier1  irredundant
c 
c p 17.07  0 62 68 33295  8 690267 21445 1.8 14 8 1 2 15% 33582 2976 22%
c u 17.08  0 62 68 33295  8 690267 21173 1.8 14 8 1 2 15% 33582 2976 22%
c v 17.08  0 62 68 33295  8 690267 21023 1.8 14 8 1 2 15% 33582 2976 22%
c F 17.37  0 62 68 34881  8 703075 32683 1.8 14 8 1 2 15% 33582 2976 22%
c - 17.64  0 62 69 36171  9 711040 23429 1.8 14 8 1 2 15% 33582 2976 22%
c p 17.64  0 62 69 36171  9 711040 23447 1.8 14 8 1 2 15% 33582 2976 22%
c u 17.65  0 62 69 36171  9 711040 23044 1.8 14 8 1 2 15% 33582 2976 22%
c v 17.66  0 62 69 36171  9 711040 22756 1.8 14 8 1 2 15% 33582 2976 22%
c } 18.04  0 61 69 38120  9 727372 37576 1.8 15 8 1 2 15% 33582 2976 22%
c [ 18.04  0 112 69 38120  1 727372 37576 2.2 55 25 2 4 42% 33582 2976 22%
c - 18.17  0 111 70 38120  1 732120 25000 2.2 54 25 2 4 41% 33582 2976 22%
c p 18.17  0 111 70 38120  1 732120 25018 2.2 54 25 2 4 41% 33582 2976 22%
c u 18.18  0 111 70 38120  1 732120 24761 2.2 54 25 2 4 41% 33582 2976 22%
c v 18.18  0 111 70 38120  1 732120 24631 2.2 54 25 2 4 41% 33582 2976 22%
c w 18.18  0 111 70 38120  1 732120 24631 2.2 54 25 2 4 41% 33582 2976 22%
c x 18.19  0 111 70 38120  1 732120 24615 2.2 54 25 2 4 41% 33432 2976 22%
c B 18.49  0 112 70 38120  1 741078 33061 2.3 57 25 2 4 43% 33432 2976 22%
c - 18.89  0 112 71 38121  1 753512 25418 2.3 60 25 2 4 43% 33432 2976 22%
c p 18.89  0 112 71 38121  1 753512 25432 2.3 60 25 2 4 43% 33432 2976 22%
c u 18.90  0 112 71 38121  1 753512 25185 2.3 60 25 2 4 43% 33432 2976 22%
c 
c  seconds   reductions    conflicts         size   tier2      variables
c         MB       restarts       redundant     glue   trail        remaining
c           level        rate          size/glue  tier1  irredundant
c 
c v 18.91  0 112 71 38121  1 753512 25010 2.3 60 25 2 4 43% 33432 2976 22%
c w 18.91  0 112 71 38121  1 753512 25010 2.3 60 25 2 4 43% 33432 2976 22%
c s 19.48  0 114 71 38121  1 774487 45104 2.3 59 26 2 4 41% 33416 2976 22%
c - 19.52  0 114 72 38121  1 775214 23859 2.3 59 26 2 4 41% 33416 2976 22%
c p 19.52  0 114 72 38121  1 775214 23872 2.3 59 26 2 4 41% 33416 2976 22%
c u 19.53  0 114 72 38121  1 775214 23701 2.3 59 26 2 4 41% 33416 2976 22%
c v 19.53  0 114 72 38121  1 775214 23473 2.3 59 26 2 4 41% 33416 2976 22%
c w 19.53  0 114 72 38121  1 775214 23471 2.3 59 26 2 4 41% 33416 2976 22%
c W 19.78  0 115 72 38121  1 780080 28152 2.2 59 26 2 4 41% 33416 2976 22%
c ] 20.07  0 115 72 38121  1 791186 38672 2.3 60 26 2 4 41% 33416 2976 22%
c { 20.07  0 61 72 38121  9 791186 38672 1.8 15 8 1 2 15% 33416 2976 22%
c - 20.21  0 61 73 38518  9 797226 25018 1.8 15 8 1 2 15% 33416 2976 22%
c p 20.21  0 61 73 38518  9 797226 25034 1.8 15 8 1 2 15% 33416 2976 22%
c u 20.22  0 61 73 38518  9 797226 24822 1.8 15 8 1 2 15% 33416 2976 22%
c v 20.22  0 61 73 38518  9 797226 24685 1.8 15 8 1 2 15% 33416 2976 22%
c w 20.22  0 61 73 38518  9 797226 24685 1.8 15 8 1 2 15% 33416 2976 22%
c - 20.83  0 61 74 41152  9 819547 27463 1.8 15 8 1 2 15% 33416 2976 22%
c p 20.83  0 61 74 41152  9 819547 27479 1.8 15 8 1 2 15% 33416 2976 22%
c u 20.85  0 61 74 41152  9 819547 27216 1.8 15 8 1 2 15% 33416 2976 22%
c v 20.86  0 61 74 41152  9 819547 27035 1.8 15 8 1 2 15% 33416 2976 22%
c 
c  seconds  reductions    conflicts         size  tier2      variables
c         MB      restarts       redundant     glue  trail        remaining
c          level        rate          size/glue tier1  irredundant
c 
c w 20.86  0 61 74 41152  9 819547 27035 1.8 15 8 1 2 15% 33416 2976 22%
c B 20.88  0 61 74 41221  9 820082 27540 1.8 15 8 1 2 15% 33416 2976 22%
c } 21.41  0 61 74 43663  9 838044 44025 1.8 15 8 1 2 16% 33416 2976 22%
c [ 21.41  0 115 74 43663  1 838044 44025 2.3 60 26 2 4 41% 33416 2976 22%
c - 21.56  0 114 75 43663  1 842180 29064 2.3 60 26 2 4 41% 33416 2976 22%
c p 21.56  0 114 75 43663  1 842180 29080 2.3 60 26 2 4 41% 33416 2976 22%
c u 21.63  0 114 75 43663  1 842180 28762 2.3 60 26 2 4 41% 33416 2976 22%
c v 21.64  0 114 75 43663  1 842180 28546 2.3 60 26 2 4 41% 33416 2976 22%
c w 21.64  0 114 75 43663  1 842180 28543 2.3 60 26 2 4 41% 33416 2976 22%
c O 22.23  0 115 75 43667  1 861087 46557 2.2 61 28 2 4 40% 33416 2976 22%
c - 22.30  0 114 76 43669  1 865123 29183 2.2 60 27 2 4 40% 33416 2976 22%
c p 22.30  0 114 76 43669  1 865123 29199 2.2 60 27 2 4 40% 33416 2976 22%
c u 22.31  0 114 76 43669  1 865123 29022 2.2 60 27 2 4 40% 33416 2976 22%
c v 22.32  0 114 76 43669  1 865123 28880 2.2 60 27 2 4 40% 33416 2976 22%
c w 22.32  0 114 76 43669  1 865123 28879 2.2 60 27 2 4 40% 33416 2976 22%
c - 22.96  0 113 77 43678  1 888375 27934 2.2 59 27 2 4 39% 33416 2976 22%
c p 22.96  0 113 77 43678  1 888375 27950 2.2 59 27 2 4 39% 33416 2976 22%
c u 22.97  0 113 77 43678  1 888375 27803 2.2 59 27 2 4 39% 33416 2976 22%
c v 22.98  0 113 77 43678  1 888375 27591 2.2 59 27 2 4 39% 33416 2976 22%
c w 22.98  0 113 77 43678  1 888375 27591 2.2 59 27 2 4 39% 33416 2976 22%
c 
c  seconds   reductions    conflicts         size   tier2      variables
c         MB       restarts       redundant     glue   trail        remaining
c           level        rate          size/glue  tier1  irredundant
c 
c B 23.35  0 112 77 43686  1 903088 41599 2.1 58 27 2 4 38% 33416 2976 22%
c - 23.53  0 113 78 43692  1 911939 28250 2.1 56 27 2 4 38% 33416 2976 22%
c p 23.54  0 113 78 43692  1 911939 28267 2.1 56 27 2 4 38% 33416 2976 22%
c u 23.54  0 113 78 43692  1 911939 28200 2.1 56 27 2 4 38% 33416 2976 22%
c v 23.54  0 113 78 43692  1 911939 28128 2.1 56 27 2 4 38% 33416 2976 22%
c w 23.54  0 113 78 43692  1 911939 28128 2.1 56 27 2 4 38% 33416 2976 22%
c x 23.55  0 113 78 43692  1 911939 28127 2.1 56 27 2 4 38% 33337 2976 22%
c ] 23.56  0 113 78 43692  1 912142 28318 2.1 56 27 2 4 38% 33337 2976 22%
c { 23.56  0 61 78 43692  9 912142 28318 1.8 15 8 1 2 16% 33337 2976 22%
c - 24.34  0 62 79 46923  9 935814 30997 1.8 15 9 1 2 16% 33337 2976 22%
c p 24.34  0 62 79 46923  9 935814 31014 1.8 15 9 1 2 16% 33337 2976 22%
c u 24.35  0 62 79 46923  9 935814 30790 1.8 15 9 1 2 16% 33337 2976 22%
c v 24.36  0 62 79 46923  9 935814 30607 1.8 15 9 1 2 16% 33337 2976 22%
c w 24.36  0 62 79 46923  9 935814 30607 1.8 15 9 1 2 16% 33337 2976 22%
c W 24.82  0 62 79 48297 10 946089 40076 1.8 15 9 1 2 16% 33337 2976 22%
c } 25.17  0 62 79 49649 10 955600 48854 1.8 16 9 1 2 16% 33337 2976 22%
c [ 25.17  0 113 79 49649  1 955600 48854 2.1 56 27 2 4 38% 33337 2976 22%
c - 25.26  0 112 80 49650  1 959998 32854 2.1 56 26 2 4 38% 33337 2976 22%
c p 25.26  0 112 80 49650  1 959998 32871 2.1 56 26 2 4 38% 33337 2976 22%
c u 25.28  0 112 80 49650  1 959998 32626 2.1 56 26 2 4 38% 33337 2976 22%
c 
c  seconds   reductions    conflicts         size   tier2      variables
c         MB       restarts       redundant     glue   trail        remaining
c           level        rate          size/glue  tier1  irredundant
c 
c v 25.29  0 112 80 49650  1 959998 32395 2.1 56 26 2 4 38% 33337 2976 22%
c w 25.29  0 112 80 49650  1 959998 32395 2.1 56 26 2 4 38% 33337 2976 22%
c - 25.94  0 113 81 49652  1 984494 32868 2.0 57 28 2 4 36% 33337 2976 22%
c p 25.94  0 113 81 49652  1 984494 32885 2.0 57 28 2 4 36% 33337 2976 22%
c u 25.96  0 113 81 49652  1 984494 32842 2.0 57 28 2 4 36% 33337 2976 22%
c v 25.96  0 113 81 49652  1 984494 32714 2.0 57 28 2 4 36% 33337 2976 22%
c w 25.96  0 113 81 49652  1 984494 32713 2.0 57 28 2 4 36% 33337 2976 22%
c W 26.17  0 114 81 49656  1 990091 38009 2.0 58 28 1 2 37% 33337 2976 22%
c - 26.87  0 115 82 49665  1 1009301 30962 2.0 61 30 1 2 38% 33337 2976 22%
c p 26.87  0 115 82 49665  1 1009301 30980 2.0 61 30 1 2 38% 33337 2976 22%
c u 26.88  0 115 82 49665  1 1009301 30837 2.0 61 30 1 2 38% 33337 2976 22%
c v 26.89  0 115 82 49665  1 1009301 30832 2.0 61 30 1 2 38% 33337 2976 22%
c w 26.89  0 115 82 49665  1 1009301 30831 2.0 61 30 1 2 38% 33337 2976 22%
c e 27.25  0 116 82 49667  1 1018727 39966 2.0 62 31 1 2 37% 33361 2974 22%
c s 27.25  0 116 82 49667  1 1018727 39965 2.0 62 31 1 2 37% 33356 2974 22%
c ] 27.61  0 117 82 49673  1 1028103 48871 2.0 64 31 1 2 38% 33356 2974 22%
c { 27.61  0 62 82 49673 10 1028103 48871 1.8 16 9 1 2 16% 33356 2974 22%
c - 27.85  0 62 83 50412 10 1034416 31925 1.8 16 9 1 2 16% 33356 2974 22%
c p 27.85  0 62 83 50412 10 1034416 31943 1.8 16 9 1 2 16% 33356 2974 22%
c u 27.86  0 62 83 50412 10 1034416 31838 1.8 16 9 1 2 16% 33356 2974 22%
c 
c  seconds  reductions     conflicts         size  tier2      variables
c         MB      restarts        redundant     glue  trail        remaining
c          level        rate           size/glue tier1  irredundant
c 
c v 27.87  0 62 83 50412 10 1034416 31583 1.8 16 9 1 2 16% 33356 2974 22%
c w 27.87  0 62 83 50412 10 1034416 31583 1.8 16 9 1 2 16% 33356 2974 22%
c # 27.89  0 62 83 50517 10 1035094 32216 1.8 16 9 1 2 16% 33356 2974 22%
c - 28.73  0 63 84 53570 10 1059843 34619 1.8 16 9 1 2 17% 33356 2974 22%
c p 28.74  0 63 84 53570 10 1059843 34637 1.8 16 9 1 2 17% 33356 2974 22%
c u 28.75  0 63 84 53570 10 1059843 34531 1.8 16 9 1 2 17% 33356 2974 22%
c v 28.76  0 63 84 53570 10 1059843 34363 1.8 16 9 1 2 17% 33356 2974 22%
c w 28.76  0 63 84 53570 10 1059843 34363 1.8 16 9 1 2 17% 33356 2974 22%
c } 29.30  0 63 84 55773 10 1075038 48402 1.8 16 9 1 2 17% 33355 2974 22%
c [ 29.30  0 117 84 55773  1 1075038 48402 2.0 64 31 1 2 38% 33355 2974 22%
c I 29.44  0 116 84 55776  1 1081095 53957 2.0 63 31 1 2 38% 33355 2974 22%
c - 29.54  0 115 85 55779  1 1085581 36663 2.0 62 30 1 2 37% 33355 2974 22%
c p 29.54  0 115 85 55779  1 1085581 36680 2.0 62 30 1 2 37% 33355 2974 22%
c u 29.62  0 115 85 55779  1 1085581 36407 2.0 62 30 1 2 37% 33355 2974 22%
c v 29.63  0 115 85 55779  1 1085581 36184 2.0 62 30 1 2 37% 33355 2974 22%
c w 29.63  0 115 85 55779  1 1085581 36184 2.0 62 30 1 2 37% 33355 2974 22%
c - 30.59  0 115 86 55782  1 1111628 36184 1.9 63 34 1 2 34% 33355 2974 22%
c p 30.60  0 115 86 55782  1 1111628 36201 1.9 63 34 1 2 34% 33355 2974 22%
c u 30.61  0 115 86 55782  1 1111628 36162 1.9 63 34 1 2 34% 33355 2974 22%
c v 30.62  0 115 86 55782  1 1111628 35946 1.9 63 34 1 2 34% 33355 2974 22%
c 
c  seconds   reductions     conflicts         size   tier2      variables
c         MB       restarts        redundant     glue   trail        remaining
c           level        rate           size/glue  tier1  irredundant
c 
c w 30.62  0 115 86 55782  1 1111628 35939 1.9 63 34 1 2 34% 33355 2974 22%
c B 31.09  0 117 86 55783  1 1128099 51533 1.9 63 34 1 2 36% 33355 2974 22%
c - 31.43  0 118 87 55783  1 1137989 33951 1.9 63 34 1 2 36% 33355 2974 22%
c p 31.44  0 118 87 55783  1 1137989 33967 1.9 63 34 1 2 36% 33355 2974 22%
c u 31.45  0 118 87 55783  1 1137989 33914 1.9 63 34 1 2 36% 33355 2974 22%
c v 31.45  0 118 87 55783  1 1137989 33909 1.9 63 34 1 2 36% 33355 2974 22%
c w 31.45  0 118 87 55783  1 1137989 33908 1.9 63 34 1 2 36% 33355 2974 22%
c x 31.45  0 118 87 55783  1 1137989 33908 1.9 63 34 1 2 36% 33312 2974 22%
c s 31.84  0 117 87 55786  1 1151253 46374 1.9 63 34 1 2 36% 33311 2974 22%
c ] 31.89  0 117 87 55786  1 1151964 47064 1.9 63 34 1 2 36% 33311 2974 22%
c { 31.89  0 63 87 55786 10 1151964 47064 1.8 16 9 1 2 17% 33311 2974 22%
c - 32.34  0 64 88 57168 10 1164659 35972 1.8 16 9 1 2 17% 33311 2974 22%
c p 32.34  0 64 88 57168 10 1164659 35989 1.8 16 9 1 2 17% 33311 2974 22%
c u 32.36  0 64 88 57168 10 1164659 35915 1.8 16 9 1 2 17% 33311 2974 22%
c v 32.36  0 64 88 57168 10 1164659 35750 1.8 16 9 1 2 17% 33311 2974 22%
c w 32.36  0 64 88 57168 10 1164659 35749 1.8 16 9 1 2 17% 33311 2974 22%
c B 32.73  0 64 88 58499 10 1176100 46388 1.8 17 9 1 2 17% 33311 2974 22%
c - 33.31  0 64 89 60207 10 1191638 38676 1.8 17 9 1 2 17% 33311 2974 22%
c p 33.31  0 64 89 60207 10 1191638 38694 1.8 17 9 1 2 17% 33311 2974 22%
c u 33.33  0 64 89 60207 10 1191638 38501 1.8 17 9 1 2 17% 33311 2974 22%
c 
c  seconds  reductions     conflicts         size  tier2      variables
c         MB      restarts        redundant     glue  trail        remaining
c          level        rate           size/glue tier1  irredundant
c 
c v 33.34  0 64 89 60207 10 1191638 38268 1.8 17 9 1 2 17% 33311 2974 22%
c } 33.84  0 63 89 61714  9 1209469 54588 1.9 17 9 1 2 17% 33311 2974 22%
c [ 33.84  0 117 89 61714  1 1209469 54588 1.9 63 34 1 2 36% 33311 2974 22%
c - 34.15  0 117 90 61719  1 1218930 40302 1.9 63 33 1 2 36% 33311 2974 22%
c p 34.15  0 117 90 61719  1 1218930 40320 1.9 63 33 1 2 36% 33311 2974 22%
c u 34.16  0 117 90 61719  1 1218930 40176 1.9 63 33 1 2 36% 33311 2974 22%
c v 34.17  0 117 90 61719  1 1218930 40029 1.9 63 33 1 2 36% 33311 2974 22%
c w 34.17  0 117 90 61719  1 1218930 40029 1.9 63 33 1 2 36% 33311 2974 22%
c W 34.65  0 117 90 61724  1 1225102 45911 1.9 64 33 1 2 37% 33311 2974 22%
c - 35.38  0 117 91 61732  1 1246532 40043 1.9 64 33 1 2 37% 33311 2974 22%
c p 35.38  0 117 91 61732  1 1246532 40061 1.9 64 33 1 2 37% 33311 2974 22%
c u 35.40  0 117 91 61732  1 1246532 39965 1.9 64 33 1 2 37% 33311 2974 22%
c v 35.40  0 117 91 61732  1 1246532 39777 1.9 64 33 1 2 37% 33311 2974 22%
c w 35.40  0 117 91 61732  1 1246532 39777 1.9 64 33 1 2 37% 33311 2974 22%
c - 36.33  0 117 92 61742  1 1274444 38114 2.0 65 33 1 2 38% 33311 2974 22%
c p 36.33  0 117 92 61742  1 1274444 38131 2.0 65 33 1 2 38% 33311 2974 22%
c u 36.34  0 117 92 61742  1 1274444 38075 2.0 65 33 1 2 38% 33311 2974 22%
c v 36.34  0 117 92 61742  1 1274444 38062 2.0 65 33 1 2 38% 33311 2974 22%
c w 36.34  0 117 92 61742  1 1274444 38059 2.0 65 33 1 2 38% 33311 2974 22%
c O 36.37  0 117 92 61742  1 1275103 38706 2.0 64 33 1 2 38% 33311 2974 22%
c 
c  seconds   reductions     conflicts         size   tier2      variables
c         MB       restarts        redundant     glue   trail        remaining
c           level        rate           size/glue  tier1  irredundant
c 
c ] 37.05  0 112 92 61749  1 1300592 62957 2.0 61 31 1 2 38% 33311 2974 22%
c { 37.05  0 63 92 61749  9 1300592 62957 1.9 17 9 1 2 17% 33311 2974 22%
c - 37.17  0 63 93 62066 10 1302666 38756 1.9 17 9 1 2 17% 33311 2974 22%
c p 37.18  0 63 93 62066 10 1302666 38772 1.9 17 9 1 2 17% 33311 2974 22%
c u 37.19  0 63 93 62066 10 1302666 38699 1.9 17 9 1 2 17% 33311 2974 22%
c v 37.19  0 63 93 62066 10 1302666 38532 1.9 17 9 1 2 17% 33311 2974 22%
c w 37.19  0 63 93 62066 10 1302666 38531 1.9 17 9 1 2 17% 33311 2974 22%
c W 38.25  0 64 93 65355 10 1326104 60425 1.8 17 9 1 2 18% 33311 2974 22%
c - 38.54  0 64 94 66184 10 1331199 41332 1.8 17 9 1 2 18% 33311 2974 22%
c p 38.55  0 64 94 66184 10 1331199 41349 1.8 17 9 1 2 18% 33311 2974 22%
c u 38.57  0 64 94 66184 10 1331199 41193 1.8 17 9 1 2 18% 33311 2974 22%
c v 38.58  0 64 94 66184 10 1331199 40917 1.8 17 9 1 2 18% 33311 2974 22%
c w 38.58  0 64 94 66184 10 1331199 40916 1.8 17 9 1 2 18% 33311 2974 22%
c } 39.25  0 65 94 68363 10 1348816 57402 1.8 18 10 1 2 18% 33311 2974 22%
c [ 39.25  0 112 94 68363  1 1348816 57402 2.0 61 31 1 2 38% 33311 2974 22%
c - 39.54  0 112 95 68370  1 1360045 42985 2.0 59 30 1 2 37% 33311 2974 22%
c p 39.55  0 112 95 68370  1 1360045 43002 2.0 59 30 1 2 37% 33311 2974 22%
c u 39.56  0 112 95 68370  1 1360045 42864 2.0 59 30 1 2 37% 33311 2974 22%
c v 39.57  0 112 95 68370  1 1360045 42652 2.0 59 30 1 2 37% 33311 2974 22%
c w 39.57  0 112 95 68370  1 1360045 42651 2.0 59 30 1 2 37% 33311 2974 22%
c 
c  seconds   reductions     conflicts         size   tier2      variables
c         MB       restarts        redundant     glue   trail        remaining
c           level        rate           size/glue  tier1  irredundant
c 
c B 40.15  0 111 95 68377  1 1378105 59889 2.0 57 29 1 2 37% 33311 2974 22%
c - 40.52  0 113 96 68382  1 1389200 43238 2.0 58 29 1 2 38% 33311 2974 22%
c p 40.52  0 113 96 68382  1 1389200 43254 2.0 58 29 1 2 38% 33311 2974 22%
c u 40.58  0 113 96 68382  1 1389200 43224 2.0 58 29 1 2 38% 33311 2974 22%
c v 40.58  0 113 96 68382  1 1389200 43107 2.0 58 29 1 2 38% 33311 2974 22%
c w 40.58  0 113 96 68382  1 1389200 43106 2.0 58 29 1 2 38% 33311 2974 22%
c - 41.65  0 116 97 68387  1 1418668 41903 1.9 61 33 1 2 38% 33311 2974 22%
c p 41.65  0 116 97 68387  1 1418668 41919 1.9 61 33 1 2 38% 33311 2974 22%
c u 41.67  0 116 97 68387  1 1418668 41836 1.9 61 33 1 2 38% 33311 2974 22%
c v 41.67  0 116 97 68387  1 1418668 41782 1.9 61 33 1 2 38% 33311 2974 22%
c w 41.68  0 116 97 68387  1 1418668 41780 1.9 61 33 1 2 38% 33311 2974 22%
c x 41.68  0 116 97 68387  1 1418668 41780 1.9 61 33 1 2 38% 33303 2974 22%
c W 42.26  0 116 97 68388  1 1431107 53751 2.0 64 32 1 2 39% 33303 2974 22%
c s 42.50  0 116 97 68388  1 1437070 59504 2.0 64 32 1 2 39% 33302 2974 22%
c e 42.50  0 116 97 68388  1 1437070 59175 2.0 64 32 1 2 39% 33316 2973 22%
c ] 42.74  0 115 97 68388  1 1443723 65465 2.0 64 32 1 2 39% 33316 2973 22%
c { 42.74  0 65 97 68388 10 1443723 65465 1.8 18 10 1 2 18% 33316 2973 22%
c - 42.98  0 65 98 69004 10 1448444 41710 1.8 18 10 1 2 18% 33316 2973 22%
c p 42.98  0 65 98 69004 10 1448444 41726 1.8 18 10 1 2 18% 33316 2973 22%
c u 43.00  0 65 98 69004 10 1448444 41685 1.8 18 10 1 2 18% 33316 2973 22%
c 
c  seconds  reductions     conflicts         size   tier2      variables
c         MB      restarts        redundant     glue   trail        remaining
c          level        rate           size/glue  tier1  irredundant
c 
c v 43.00  0 65 98 69004 10 1448444 41684 1.8 18 10 1 2 18% 33316 2973 22%
c w 43.00  0 65 98 69004 10 1448444 41683 1.8 18 10 1 2 18% 33316 2973 22%
c - 44.23  0 66 99 72070 10 1478531 44901 1.9 18 10 1 2 19% 33316 2973 22%
c p 44.23  0 66 99 72070 10 1478531 44917 1.9 18 10 1 2 19% 33316 2973 22%
c u 44.26  0 66 99 72070 10 1478531 44830 1.9 18 10 1 2 19% 33316 2973 22%
c v 44.26  0 66 99 72070 10 1478531 44664 1.9 18 10 1 2 19% 33316 2973 22%
c w 44.26  0 66 99 72070 10 1478531 44664 1.9 18 10 1 2 19% 33316 2973 22%
c F 44.50  0 66 99 72767 10 1485110 50794 1.9 18 10 1 2 19% 33316 2973 22%
c } 45.17  0 66 99 74536 10 1502137 66545 1.9 18 10 1 2 19% 33316 2973 22%
c [ 45.17  0 115 99 74536  1 1502137 66545 2.0 64 32 1 2 39% 33316 2973 22%
c - 45.37  0 114 100 74536  1 1508931 46787 2.0 64 32 1 2 40% 33316 2973 22%
c p 45.38  0 114 100 74536  1 1508931 46803 2.0 64 32 1 2 40% 33316 2973 22%
c u 45.40  0 114 100 74536  1 1508931 46627 2.0 64 32 1 2 40% 33316 2973 22%
c v 45.41  0 114 100 74536  1 1508931 46386 2.0 64 32 1 2 40% 33316 2973 22%
c w 45.41  0 114 100 74536  1 1508931 46386 2.0 64 32 1 2 40% 33316 2973 22%
c - 46.51  0 117 101 74537  1 1539640 46251 2.1 66 31 1 2 39% 33314 2973 22%
c p 46.51  0 117 101 74537  1 1539640 46267 2.1 66 31 1 2 39% 33314 2973 22%
c u 46.52  0 117 101 74537  1 1539640 46251 2.1 66 31 1 2 39% 33314 2973 22%
c v 46.53  0 117 101 74537  1 1539640 45980 2.1 66 31 1 2 39% 33314 2973 22%
c w 46.53  0 117 101 74537  1 1539640 45978 2.1 66 31 1 2 39% 33314 2973 22%
c 
c  seconds    reductions     conflicts         size   tier2      variables
c         MB        restarts        redundant     glue   trail        remaining
c           level         rate           size/glue  tier1  irredundant
c 
c I 46.54  0 117 101 74537  1 1540111 46368 2.1 65 31 1 2 39% 33314 2973 22%
c - 47.78  0 124 102 74537  1 1570660 43131 2.2 66 30 1 2 40% 33314 2973 22%
c p 47.79  0 124 102 74537  1 1570660 43147 2.2 66 30 1 2 40% 33314 2973 22%
c u 47.81  0 124 102 74537  1 1570660 43010 2.2 66 30 1 2 40% 33314 2973 22%
c v 47.81  0 124 102 74537  1 1570660 42998 2.2 66 30 1 2 40% 33314 2973 22%
c w 47.81  0 124 102 74537  1 1570660 42998 2.2 66 30 1 2 40% 33314 2973 22%
c ] 48.60  0 124 102 74538  1 1586002 57997 2.2 69 32 1 2 39% 33314 2973 22%
c { 48.60  0 66 102 74538 10 1586002 57997 1.9 18 10 1 2 19% 33314 2973 22%
c B 49.00  0 66 102 75489 10 1596112 67405 1.9 18 10 1 2 19% 33314 2973 22%
c - 49.23  0 66 103 76035 10 1601991 45963 1.9 18 10 1 2 19% 33314 2973 22%
c p 49.24  0 66 103 76035 10 1601991 45979 1.9 18 10 1 2 19% 33314 2973 22%
c u 49.26  0 66 103 76035 10 1601991 45939 1.9 18 10 1 2 19% 33314 2973 22%
c v 49.27  0 66 103 76035 10 1601991 45709 1.9 18 10 1 2 19% 33314 2973 22%
c w 49.27  0 66 103 76035 10 1601991 45709 1.9 18 10 1 2 19% 33314 2973 22%
c - 50.62  0 67 104 79494  9 1633633 48198 1.9 19 10 1 2 19% 33314 2973 22%
c p 50.63  0 67 104 79494  9 1633633 48214 1.9 19 10 1 2 19% 33314 2973 22%
c u 50.65  0 67 104 79494  9 1633633 48021 1.9 19 10 1 2 19% 33314 2973 22%
c v 50.66  0 67 104 79494  9 1633633 47754 1.9 19 10 1 2 19% 33314 2973 22%
c w 50.66  0 67 104 79494  9 1633633 47753 1.9 19 10 1 2 19% 33314 2973 22%
c } 51.27  0 67 104 81188 10 1649089 62131 1.9 19 10 1 2 19% 33314 2973 22%
c 
c  seconds    reductions     conflicts         size   tier2      variables
c         MB        restarts        redundant     glue   trail        remaining
c           level         rate           size/glue  tier1  irredundant
c 
c [ 51.27  0 124 104 81188  1 1649089 62131 2.2 69 32 1 2 39% 33314 2973 22%
c B 51.37  0 123 104 81188  1 1653114 65983 2.2 68 31 1 2 39% 33314 2973 22%
c - 51.74  0 121 105 81188  1 1665586 49515 2.2 66 30 1 2 39% 33314 2973 22%
c p 51.74  0 121 105 81188  1 1665586 49532 2.2 66 30 1 2 39% 33314 2973 22%
c u 51.76  0 121 105 81188  1 1665586 49400 2.2 66 30 1 2 39% 33314 2973 22%
c v 51.77  0 121 105 81188  1 1665586 49308 2.2 66 30 1 2 39% 33314 2973 22%
c w 51.77  0 121 105 81188  1 1665586 49307 2.2 66 30 1 2 39% 33314 2973 22%
c - 53.09  0 119 106 81188  1 1697853 48794 2.2 70 32 1 2 39% 33314 2973 22%
c p 53.10  0 119 106 81188  1 1697853 48811 2.2 70 32 1 2 39% 33314 2973 22%
c u 53.12  0 119 106 81188  1 1697853 48790 2.2 70 32 1 2 39% 33314 2973 22%
c v 53.12  0 119 106 81188  1 1697853 48556 2.2 70 32 1 2 39% 33314 2973 22%
c w 53.12  0 119 106 81188  1 1697853 48554 2.2 70 32 1 2 39% 33314 2973 22%
c W 53.87  0 118 106 81188  1 1711115 61206 2.2 70 32 1 2 40% 33314 2973 22%
c - 54.77  0 116 107 81188  1 1730428 45775 2.3 73 32 1 2 42% 33314 2973 22%
c p 54.77  0 116 107 81188  1 1730428 45792 2.3 73 32 1 2 42% 33314 2973 22%
c u 54.79  0 116 107 81188  1 1730428 45713 2.3 73 32 1 2 42% 33314 2973 22%
c ] 55.41  0 115 107 81188  1 1745085 59643 2.3 75 32 1 2 44% 33314 2973 22%
c { 55.41  0 67 107 81188 10 1745085 59643 1.9 19 10 1 2 19% 33314 2973 22%
c - 56.20  0 68 108 83089  9 1763315 48338 1.9 19 10 1 2 20% 33314 2973 22%
c p 56.21  0 68 108 83089  9 1763315 48354 1.9 19 10 1 2 20% 33314 2973 22%
c 
c  seconds   reductions     conflicts         size   tier2      variables
c         MB       restarts        redundant     glue   trail        remaining
c          level         rate           size/glue  tier1  irredundant
c 
c u 56.32  0 68 108 83089  9 1763315 48323 1.9 19 10 1 2 20% 33314 2973 22%
c v 56.33  0 68 108 83089  9 1763315 48171 1.9 19 10 1 2 20% 33314 2973 22%
c w 56.33  0 68 108 83089  9 1763315 48171 1.9 19 10 1 2 20% 33314 2973 22%
c x 56.35  0 68 108 83089  9 1763315 48153 1.9 19 10 1 2 20% 33260 2973 22%
c W 56.66  0 68 108 83731  9 1770116 54506 1.9 19 10 1 2 20% 33260 2973 22%
c - 57.96  0 68 109 86832 10 1796512 51165 1.9 19 10 1 2 20% 33260 2973 22%
c p 57.96  0 68 109 86832 10 1796512 51181 1.9 19 10 1 2 20% 33260 2973 22%
c u 57.99  0 68 109 86832 10 1796512 50988 1.9 19 10 1 2 20% 33252 2973 22%
c v 58.00  0 68 109 86832 10 1796512 50635 1.9 19 10 1 2 20% 33252 2973 22%
c } 58.50  0 68 109 88049  9 1809336 62605 1.9 19 10 1 2 20% 33252 2973 22%
c [ 58.50  0 115 109 88049  1 1809336 62605 2.3 75 32 1 2 44% 33252 2973 22%
c - 59.25  0 113 110 88049  1 1830020 52241 2.3 73 32 1 2 42% 33252 2973 22%
c p 59.25  0 113 110 88049  1 1830020 52257 2.3 73 32 1 2 42% 33252 2973 22%
c u 59.28  0 113 110 88049  1 1830020 52108 2.3 73 32 1 2 42% 33252 2973 22%
c v 59.29  0 113 110 88049  1 1830020 51983 2.3 73 32 1 2 42% 33252 2973 22%
c w 59.29  0 113 110 88049  1 1830020 51981 2.3 73 32 1 2 42% 33252 2973 22%
c O 59.31  0 113 110 88049  1 1830117 52075 2.3 73 32 1 2 42% 33252 2973 22%
c ] 59.78  0 112 110 88049  1 1841929 63527 2.2 72 32 1 2 40% 33252 2973 22%
c ? 59.78  0 112 110 88049  1 1841929 63527 2.2 72 32 1 2 40% 33252 2973 22%
c 
c --- [ result ] -------------------------------------------------------------
c 
c UNKNOWN
c 
c --- [ run-time profiling ] -------------------------------------------------
c 
c process time taken by individual solving procedures
c (percentage relative to process time for solving)
c 
c        56.32   94.23% search
c        32.04   53.62% stable
c        22.79   38.14% unstable
c         3.44    5.76% simplify
c         1.48    2.47% walk
c         1.25    2.09% vivify
c         0.69    1.15% sweep
c         0.50    0.84% factor
c         0.25    0.42% congruence
c         0.22    0.37% elim
c         0.12    0.19% subsume
c         0.10    0.17% ternary
c         0.08    0.13% probe
c         0.07    0.12% preprocess
c         0.02    0.04% backbone
c         0.02    0.03% parse
c         0.01    0.02% fastelim
c         0.00    0.01% lucky
c   =================================
c        59.76   99.97% solve
c 
c last line shows process time for solving
c (percentage relative to total process time)
c 
c --- [ statistics ] ---------------------------------------------------------
c 
c chronological:            482767        26.21 %  of conflicts
c conflicts:               1841929     30819.98    per second
c backbone:                1483713     10514.58 %  of vars
c decisions:               8570862    143411.48    per second
c eliminated:                 7781        55.14 %  of all variables
c factored:                    863        28.96 %  of variables
c fixed:                      1257         8.91 %  of all variables
c learned:                 1778437        96.55 %  per conflict
c learned_lits:           88301752       100.00 %  learned literals
c minimized:                     0         0.00 %  learned literals
c shrunken:                4348867         4.93 %  learned literals
c minishrunken:            8559453         9.69 %  learned literals
c otfs:                      35040         1.90 %  of conflict
c propagations:          201918305         3.38 M  per second
c reduced:                 1591302        86.39 %  per conflict
c rephased:                     60     30698.82    interval
c restarts:                  88049        20.92    interval
c stabilizing:                  24        57.78 %  of conflicts
c substituted:                2100        14.88 %  of all variables
c sweep equivs:                552        10.98 %  of swept variables
c subsumed:                  73304         3.80 %  of all clauses
c strengthened:              54460         2.82 %  of all clauses
c ticks:                3660035119        18.49    propagation
c vivified:                  23005         1.19 %  of all clauses
c walked:                       19     96943.63    interval
c weakened:                  48110         2.96    average size
c congruence:                   27     68219.59    interval
c 
c seconds are measured in process time for solving
c 
c --- [ glue usage ] ---------------------------------------------------------
c 
c focused glue 1 used 3348036 clauses 67.51% accumulated 67.51% tier1
c focused glue 2 used 802589 clauses 16.18% accumulated 83.69% tier2
c 
c stable glue 1 used 6293995 clauses 52.81% accumulated 52.81% tier1
c stable glue 2 used 1693377 clauses 14.21% accumulated 67.02% tier2
c 
c 
c --- [ resources ] ----------------------------------------------------------
c 
c total process time since initialization:        59.78    seconds
c total real time since initialization:           60.01    seconds
c maximum resident set size of process:       127024.00    MB
c 
c --- [ shutting down ] ------------------------------------------------------
c 
c exit 0
c Timeout reached! 😅 This instance is a real thinker.
c 🚧 🚧 🚧 Please consider contributing it to the page
c https://mysolvertimesout.org/#sat in order to improve
c automated reasoning. 🚧 🚧 🚧
