c --- [ banner ] -------------------------------------------------------------
c 
c CaDiCaL SAT Solver
c Copyright (c) 2016-2025
c A. Biere, M. Fleury, N. Froleyks, K. Fazekas, F. Pollitt, T. Faller
c JKU Linz, University of Freiburg, TU Wien
c 
c Version 3.0.0
c Apple clang version 17.0.0 (clang-1700.6.3.2) -Wall -Wextra -O3 -DNDEBUG -DNCLOSEFROM
c Tue Dec 23 21:53:38 UTC 2025 Darwin Tahoe-arm64.local 25.2.0 arm64
c 
c --- [ limit ] --------------------------------------------------------------
c 
c setting time limit to 60 seconds real time (due to '-t 60')
c 
c --- [ parsing input ] ------------------------------------------------------
c 
c reading DIMACS file from '/Users/mac/Desktop/sha256_review/headline_hunt/bets/cascade_aux_encoding/cnfs/aux_force_sr60_n32_bit31_m17149975_fillffffffff.cnf'
c opening file to read '/Users/mac/Desktop/sha256_review/headline_hunt/bets/cascade_aux_encoding/cnfs/aux_force_sr60_n32_bit31_m17149975_fillffffffff.cnf'
c found 'p cnf 13248 54919' header
c parsed 54919 clauses in 0.02 seconds process time
c 
c --- [ options ] ------------------------------------------------------------
c 
c   --binary=false                 (different from default 'true')
c 
c --- [ solving ] ------------------------------------------------------------
c 
c time measured in process time since initialization
c 
c  seconds  reduction conflicts       size tier2       variables
c         MB    restarts   redundant    glue  trail         remaining
c          level     rate       size/glu tier1  irredundant
c 
c *  0.02  0  0 0   0  0    0    0 0.0 0 0 2 6  0% 54406 12767 96%
c (  0.02  0  0 0   0  0    0    0 0.0 0 0 2 6  0% 54406 12767 96%
c .  0.02  0  0 0   0  0    0    0 0.0 0 0 2 6  0% 53382 12767 96%
c c  0.05  0  0 0   0  0    0    0 0.0 0 0 2 6  0% 50434 11991 91%
c d  0.05  0  0 0   0  0    0    0 0.0 0 0 2 6  0% 45322 10593 80%
c 2  0.06  0  0 0   0  0    0    0 0.0 0 0 2 6  0% 45178 10593 80%
c f  0.07  0  0 0   0  0    0    0 0.0 0 0 2 6  0% 44912 10859 82%
c e  0.09  0  0 0   0  0    0    0 0.0 0 0 2 6  0% 33415 6152 46%
c P  0.09  0  0 0   0  0    0    0 0.0 0 0 2 6  0% 33415 6152 46%
c )  0.09  0  0 0   0  0    0    0 0.0 0 0 2 6  0% 33415 6152 46%
c {  0.09  0  0 0   0  0    0    0 0.0 0 0 2 6  0% 33415 6152 46%
c -  0.10  0 1221 1  16 52  300  235 1.4 4 3 2 6 22% 33415 6152 46%
c -  0.10  0 577 2  37 35  734  595 1.6 5 3 2 6 18% 33415 6152 46%
c }  0.10  0 475 2  44 33 1003  811 1.6 5 3 2 6 18% 33415 6152 46%
c [  0.10  0  0 2  44  0 1003  811 0.0 0 0 2 6  0% 33415 6152 46%
c O  0.10  0 979 2  44 980 1004  812 1.8 14 8 2 6 31% 33415 6152 46%
c -  0.11  0 948 3  44  4 1414  926 1.9 34 18 2 6 32% 33415 6152 46%
c ]  0.11  0 947 3  44  3 1511 1019 2.0 37 19 2 6 32% 33415 6152 46%
c {  0.11  0 475 3  44 33 1511 1019 1.6 5 3 2 6 18% 33415 6152 46%
c 2  0.13  0 309 3 221 28 2242 1640 1.7 6 4 2 6 12% 33356 6152 46%
c 
c  seconds   reduction conflicts       size tier2      variables
c         MB     restarts   redundant    glue  trail        remaining
c           level     rate       size/glu tier1  irredundant
c 
c p  0.13  0 309 3 221 28 2242 1627 1.7 6 4 2 6 12% 33344 6140 46%
c c  0.14  0 309 3 221 28 2242 1627 1.7 6 4 2 6 12% 33322 6140 46%
c d  0.14  0 309 3 221 28 2242 1621 1.7 6 4 2 6 12% 33314 6136 46%
c t  0.14  0 309 3 221 28 2242 1621 1.7 6 4 2 6 12% 33313 6136 46%
c -  0.15  0 296 4 233 28 2354 1396 1.7 6 4 2 6 12% 33313 6136 46%
c }  0.15  0 239 4 308 24 2919 1884 1.7 6 4 2 6 11% 33313 6136 46%
c [  0.15  0 947 4 308  3 2919 1884 2.0 37 19 2 6 69% 33313 6136 46%
c I  0.15  0 822 4 308  3 3007 1966 2.0 35 17 2 6 62% 33313 6136 46%
c -  0.16  0 466 5 309  2 3566 2021 1.9 26 14 2 6 41% 33313 6136 46%
c s  0.17  0 349 5 309  2 4183 2596 2.0 26 13 2 6 45% 33300 6136 46%
c t  0.18  0 349 5 309  2 4183 2596 2.0 26 13 2 6 45% 33296 6136 46%
c e  0.19  0 349 5 309  2 4183 2280 2.0 26 13 2 6 45% 33260 5736 43%
c s  0.19  0 349 5 309  2 4183 2273 2.0 26 13 2 6 45% 33130 5736 43%
c 2  0.21  0 316 5 310  2 4743 2779 1.9 29 15 2 6 40% 33128 5736 43%
c c  0.22  0 316 5 310  2 4743 2740 1.9 29 15 2 6 40% 33114 5730 43%
c d  0.22  0 316 5 310  2 4743 2724 1.9 29 15 2 6 40% 33100 5723 43%
c =  0.23  0 316 5 310  2 4743 2724 1.9 29 15 2 6 40% 33032 5672 43%
c -  0.23  0 284 6 310  2 5059 2094 1.9 27 14 4 14 36% 33032 5672 43%
c B  0.24  0 224 6 310  2 6009 2875 1.8 23 13 3 11 28% 33032 5672 43%
c ]  0.24  0 222 6 310  2 6098 2959 1.8 23 12 3 10 28% 33032 5672 43%
c 
c  seconds   reduction conflicts       size tier2      variables
c         MB     restarts   redundant    glue  trail        remaining
c           level     rate       size/glu tier1  irredundant
c 
c {  0.24  0 239 6 310 24 6098 2959 1.7 6 4 2 6 11% 33032 5672 43%
c -  0.25  0 197 7 482 22 6837 2933 1.7 7 4 2 6 10% 33032 5672 43%
c c  0.27  0 179 7 584 21 7347 3367 1.7 7 4 2 3 10% 33018 5667 43%
c =  0.28  0 179 7 584 21 7347 3360 1.7 7 4 2 3 10% 32982 5641 43%
c }  0.30  0 144 7 862 20 8849 4633 1.7 8 5 2 3 10% 32982 5641 43%
c [  0.30  0 222 7 862  2 8849 4633 1.8 23 12 3 10 28% 32982 5641 43%
c -  0.30  0 219 8 862  2 8906 3454 1.8 23 12 3 10 28% 32982 5641 43%
c W  0.34  0 195 8 863  2 10012 4515 2.1 28 14 2 5 27% 32982 5641 43%
c 2  0.34  0 195 8 863  2 10046 4543 2.1 28 14 2 5 27% 32981 5641 43%
c =  0.36  0 195 8 863  2 10046 4543 2.1 28 14 2 5 27% 32955 5532 42%
c f  0.37  0 195 8 863  2 10046 4543 2.1 28 14 2 5 26% 32670 5807 44%
c -  0.39  0 173 9 864  2 11268 3887 2.1 28 13 2 5 25% 32670 5807 44%
c t  0.40  0 149 9 865  2 12830 5261 2.1 26 12 2 5 23% 32670 5807 44%
c ]  0.40  0 149 9 865  2 13169 5546 2.1 25 12 2 5 23% 32670 5807 44%
c {  0.40  0 144 9 865 20 13169 5546 1.7 8 5 2 3  9% 32670 5807 44%
c -  0.42  0 136 10 993 19 13921 4574 1.7 9 5 2 3 10% 32670 5807 44%
c e  0.44  0 132 10 1056 19 14303 4169 1.7 9 5 2 3 10% 32659 5544 42%
c s  0.44  0 132 10 1056 19 14303 4144 1.7 9 5 2 3 10% 32397 5544 42%
c O  0.45  0 127 10 1091 18 15016 4741 1.7 9 5 2 3 11% 32392 5544 42%
c 2  0.46  0 121 10 1144 17 15695 5282 1.7 9 5 2 3 10% 32392 5544 42%
c 
c  seconds   reductions   conflicts       size tier2      variables
c         MB      restarts     redundant    glue  trail        remaining
c           level       rate        size/glu tier1  irredundant
c 
c d  0.46  0 121 10 1144 17 15695 5186 1.7 9 5 2 3 10% 32367 5532 42%
c c  0.47  0 121 10 1144 17 15695 5186 1.7 9 5 2 3 10% 32343 5532 42%
c =  0.48  0 121 10 1144 17 15695 5164 1.7 9 5 2 3 10% 32297 5499 42%
c -  0.50  0 113 11 1310 16 16874 4974 1.7 9 5 2 3 11% 32295 5499 42%
c d  0.52  0 107 11 1502 15 18636 6376 1.7 9 5 2 3 11% 32289 5485 41%
c c  0.53  0 107 11 1502 15 18636 6376 1.7 9 5 2 3 11% 32267 5485 41%
c d  0.53  0 107 11 1502 15 18636 6347 1.7 9 5 2 3 11% 32253 5478 41%
c 2  0.53  0 107 11 1502 15 18636 6346 1.7 9 5 2 3 11% 32251 5478 41%
c =  0.54  0 107 11 1502 15 18636 6346 1.7 9 5 2 3 11% 32187 5430 41%
c f  0.54  0 107 11 1502 15 18636 6342 1.7 9 5 2 3 11% 32161 5451 41%
c }  0.56  0 105 11 1602 15 19292 6929 1.7 9 5 2 3 11% 32161 5451 41%
c [  0.56  0 149 11 1602  2 19292 6929 2.1 25 12 2 5 26% 32161 5451 41%
c -  0.58  0 146 12 1603  2 20122 5983 2.3 30 13 2 5 27% 32161 5451 41%
c O  0.60  0 146 12 1603  2 21018 6829 2.3 32 14 2 5 27% 32161 5451 41%
c =  0.63  0 143 12 1603  2 21648 7341 2.3 32 14 2 3 27% 32129 5381 41%
c u  0.64  0 143 12 1603  2 21648 6756 2.3 32 14 2 3 27% 32123 5381 41%
c v  0.64  0 143 12 1603  2 21648 6606 2.3 32 14 2 3 27% 32123 5381 41%
c w  0.64  0 143 12 1603  2 21648 6603 2.3 32 14 2 3 27% 32123 5381 41%
c x  0.64  0 143 12 1603  2 21648 6602 2.3 32 14 2 3 27% 32058 5381 41%
c t  0.64  0 143 12 1603  2 21648 6601 2.3 32 14 2 3 27% 32058 5381 41%
c 
c  seconds   reductions   conflicts       size   tier2      variables
c         MB      restarts     redundant     glue   trail        remaining
c           level       rate        size/glue  tier1  irredundant
c 
c -  0.69  0 153 13 1603  2 23670 5699 2.1 35 16 2 3 26% 32058 5381 41%
c ]  0.70  0 155 13 1603  2 24195 6202 2.1 35 17 2 3 26% 32058 5381 41%
c {  0.70  0 105 13 1603 15 24195 6202 1.7 9 5 2 3 11% 32058 5381 41%
c d  0.71  0 103 13 1721 15 24724 6633 1.7 9 5 2 3 12% 32053 5376 41%
c =  0.72  0 103 13 1721 15 24724 6633 1.7 9 5 2 3 12% 32053 5346 40%
c f  0.73  0 103 13 1721 15 24724 6629 1.7 9 5 2 3 12% 32015 5368 41%
c -  0.78  0 97 14 2286 16 27516 6658 1.7 10 6 2 3 12% 32014 5368 41%
c d  0.79  0 96 14 2358 16 27862 6829 1.7 10 6 2 3 12% 32008 5351 40%
c c  0.80  0 96 14 2358 16 27862 6829 1.7 10 6 2 3 12% 31912 5351 40%
c d  0.80  0 96 14 2358 16 27862 6742 1.7 10 6 2 3 12% 31886 5338 40%
c 2  0.80  0 96 14 2358 16 27862 6742 1.7 10 6 2 3 12% 31878 5338 40%
c =  0.81  0 96 14 2358 16 27862 6742 1.7 10 6 2 3 12% 31853 5241 40%
c #  0.81  0 96 14 2377 16 28019 6886 1.7 10 6 2 3 12% 31853 5241 40%
c e  0.85  0 93 14 2646 15 29584 8004 1.7 10 6 2 3 12% 27613 4826 36%
c s  0.85  0 93 14 2646 15 29584 7988 1.7 10 6 2 3 12% 27586 4826 36%
c e  0.85  0 93 14 2646 15 29584 7988 1.7 10 6 2 3 12% 27582 4825 36%
c }  0.87  0 92 14 2746 15 30446 8766 1.8 10 6 2 3 20% 27581 4825 36%
c [  0.87  0 155 14 2746  2 30446 8766 2.1 35 17 2 3 30% 27581 4825 36%
c -  0.89  0 154 15 2748  2 31662 7408 2.1 35 17 2 3 31% 27581 4825 36%
c 2  0.89  0 154 15 2748  2 31662 7404 2.1 35 17 2 3 31% 27581 4825 36%
c 
c  seconds   reductions   conflicts       size   tier2      variables
c         MB      restarts     redundant     glue   trail        remaining
c           level       rate        size/glue  tier1  irredundant
c 
c d  0.89  0 154 15 2748  2 31662 7351 2.1 35 17 2 3 31% 27577 4818 36%
c c  0.90  0 154 15 2748  2 31662 7350 2.1 35 17 2 3 31% 27544 4818 36%
c d  0.90  0 154 15 2748  2 31662 7322 2.1 35 17 2 3 31% 27538 4815 36%
c =  0.91  0 154 15 2748  2 31662 7322 2.1 35 17 2 3 31% 27538 4781 36%
c f  0.92  0 154 15 2748  2 31662 7314 2.1 35 17 2 3 30% 27480 4843 37%
c B  0.99  0 147 15 2751  2 36020 11299 2.1 37 18 2 3 30% 27480 4843 37%
c -  0.99  0 147 16 2751  2 36110 7897 2.1 37 18 2 3 30% 27480 4843 37%
c d  1.00  0 147 16 2751  2 36110 7877 2.1 37 18 2 3 30% 27480 4842 37%
c c  1.00  0 147 16 2751  2 36110 7877 2.1 37 18 2 3 30% 27472 4842 37%
c d  1.00  0 147 16 2751  2 36110 7867 2.1 37 18 2 3 30% 27470 4841 37%
c 2  1.00  0 147 16 2751  2 36110 7867 2.1 37 18 2 3 30% 27468 4841 37%
c u  1.02  0 147 16 2751  2 36110 6902 2.1 37 18 2 3 30% 27161 4841 37%
c v  1.02  0 147 16 2751  2 36110 6634 2.1 37 18 2 3 30% 27161 4841 37%
c w  1.02  0 147 16 2751  2 36110 6634 2.1 37 18 2 3 30% 27161 4841 37%
c -  1.10  0 143 17 2753  2 40860 7087 2.1 39 19 2 4 30% 27161 4841 37%
c c  1.11  0 143 17 2753  2 40860 7070 2.1 39 19 2 4 30% 27133 4837 37%
c d  1.11  0 143 17 2753  2 40860 7062 2.1 39 19 2 4 30% 27125 4833 36%
c 2  1.11  0 143 17 2753  2 40860 7062 2.1 39 19 2 4 30% 27117 4833 36%
c f  1.12  0 143 17 2753  2 40860 7062 2.1 39 19 2 4 30% 27103 4847 37%
c ]  1.14  0 144 17 2753  2 42000 8103 2.1 40 19 2 4 30% 27103 4847 37%
c 
c  seconds  reductions   conflicts       size  tier2      variables
c         MB     restarts     redundant     glue  trail        remaining
c          level       rate        size/glue tier1  irredundant
c 
c {  1.14  0 92 17 2753 15 42000 8103 1.8 10 6 2 3 20% 27103 4847 37%
c B  1.18  0 89 17 3181 15 45022 10830 1.8 11 6 2 3 17% 27103 4847 37%
c -  1.20  0 88 18 3373 15 45914 8343 1.8 11 6 2 3 16% 27103 4847 37%
c p  1.20  0 88 18 3373 15 45914 8361 1.8 11 6 2 3 16% 27098 4844 37%
c c  1.21  0 88 18 3373 15 45914 8361 1.8 11 6 2 3 16% 27085 4844 37%
c d  1.21  0 88 18 3373 15 45914 8348 1.8 11 6 2 3 16% 27079 4841 37%
c 2  1.21  0 88 18 3373 15 45914 8348 1.8 11 6 2 3 16% 27075 4841 37%
c f  1.23  0 88 18 3373 15 45914 8338 1.8 11 6 2 3 16% 27074 4851 37%
c e  1.29  0 84 18 3847 14 49707 11335 1.8 11 6 2 3 17% 27046 4818 36%
c s  1.29  0 84 18 3847 14 49707 11328 1.8 11 6 2 3 17% 27028 4818 36%
c -  1.33  0 83 19 4117 14 51270 9620 1.8 11 6 2 3 16% 27027 4818 36%
c 2  1.33  0 83 19 4117 14 51270 9617 1.8 11 6 2 3 16% 27027 4818 36%
c p  1.33  0 83 19 4117 14 51270 9748 1.8 11 6 2 3 16% 27027 4818 36%
c u  1.34  0 83 19 4117 14 51270 9312 1.8 11 6 2 3 16% 27021 4818 36%
c v  1.34  0 83 19 4117 14 51270 9236 1.8 11 6 2 3 16% 27021 4818 36%
c x  1.35  0 83 19 4117 14 51270 9236 1.8 11 6 2 3 16% 26869 4818 36%
c f  1.35  0 83 19 4117 14 51270 9234 1.8 11 6 2 3 16% 26865 4822 36%
c }  1.36  0 83 19 4172 14 51638 9564 1.8 11 6 2 3 17% 26865 4822 36%
c [  1.36  0 144 19 4172  2 51638 9564 2.1 40 19 2 4 30% 26865 4822 36%
c W  1.44  0 143 19 4173  2 55023 12668 2.1 40 19 2 4 31% 26865 4822 36%
c 
c  seconds   reductions   conflicts        size   tier2      variables
c         MB      restarts      redundant     glue   trail        remaining
c           level       rate         size/glue  tier1  irredundant
c 
c -  1.47  0 143 20 4173  2 56930 10001 2.1 40 19 2 4 31% 26865 4822 36%
c d  1.47  0 143 20 4173  2 56930 9995 2.1 40 19 2 4 31% 26865 4821 36%
c 2  1.48  0 143 20 4173  2 56930 9995 2.1 40 19 2 4 31% 26864 4821 36%
c -  1.56  0 140 21 4175  2 62897 10498 2.1 39 19 2 4 31% 26864 4821 36%
c =  1.58  0 140 21 4175  2 62897 10496 2.1 39 19 2 4 31% 26864 4818 36%
c I  1.66  0 141 21 4177  2 66027 13368 2.0 41 21 2 4 31% 26864 4818 36%
c ]  1.68  0 139 21 4178  2 67520 14731 2.0 40 20 2 4 30% 26864 4818 36%
c {  1.68  0 83 21 4178 14 67520 14731 1.8 11 6 2 3 17% 26864 4818 36%
c -  1.72  0 81 22 4463 14 69166 11617 1.8 11 6 2 3 16% 26864 4818 36%
c p  1.72  0 81 22 4463 14 69166 11777 1.8 11 6 2 3 16% 26864 4818 36%
c u  1.72  0 81 22 4463 14 69166 11306 1.8 11 6 2 3 16% 26864 4818 36%
c v  1.72  0 81 22 4463 14 69166 11188 1.8 11 6 2 3 16% 26864 4818 36%
c f  1.73  0 81 22 4463 14 69166 11180 1.8 11 6 2 3 16% 26868 4822 36%
c e  1.82  0 78 22 5092 13 74587 15958 1.8 11 6 1 2 16% 26861 4821 36%
c ^  1.82  0 78 22 5092 13 74587 15958 1.8 11 6 1 2 16% 26861 4821 36%
c -  1.86  0 77 23 5379 13 75741 10510 1.8 12 6 1 2 16% 26861 4821 36%
c p  1.86  0 77 23 5379 13 75741 10507 1.8 12 6 1 2 16% 26861 4820 36%
c =  1.88  0 77 23 5379 13 75741 10483 1.8 12 6 1 2 16% 26856 4813 36%
c 2  1.88  0 77 23 5379 13 75741 10482 1.8 12 6 1 2 16% 26856 4813 36%
c W  1.93  0 76 23 5764 13 78028 12575 1.8 12 6 1 2 16% 26856 4813 36%
c 
c  seconds  reductions   conflicts        size  tier2      variables
c         MB     restarts      redundant     glue  trail        remaining
c          level       rate         size/glue tier1  irredundant
c 
c }  1.95  0 76 23 5923 13 78777 13266 1.8 12 6 1 2 16% 26856 4813 36%
c [  1.95  0 139 23 5923  2 78777 13266 2.0 40 20 2 4 30% 26856 4813 36%
c -  2.02  0 137 24 5925  2 82625 10941 2.0 40 20 2 4 31% 26856 4813 36%
c d  2.02  0 137 24 5925  2 82625 10928 2.0 40 20 2 4 31% 26856 4812 36%
c p  2.02  0 137 24 5925  2 82625 11089 2.0 40 20 2 4 31% 26856 4812 36%
c c  2.03  0 137 24 5925  2 82625 11089 2.0 40 20 2 4 31% 26846 4812 36%
c d  2.03  0 137 24 5925  2 82625 11085 2.0 40 20 2 4 31% 26844 4811 36%
c 2  2.03  0 137 24 5925  2 82625 11085 2.0 40 20 2 4 31% 26842 4811 36%
c u  2.05  0 137 24 5925  2 82625 10598 2.0 40 20 2 4 31% 26842 4811 36%
c v  2.05  0 137 24 5925  2 82625 10450 2.0 40 20 2 4 31% 26842 4811 36%
c w  2.05  0 137 24 5925  2 82625 10449 2.0 40 20 2 4 31% 26842 4811 36%
c -  2.19  0 135 25 5928  2 89811 10502 2.0 40 20 2 4 31% 26842 4811 36%
c p  2.19  0 135 25 5928  2 89811 10510 2.0 40 20 2 4 31% 26842 4811 36%
c B  2.21  0 134 25 5929  2 91029 11608 2.0 40 20 2 4 31% 26842 4811 36%
c ]  2.35  0 137 25 5932  2 95906 16214 2.1 43 21 2 4 32% 26842 4811 36%
c {  2.35  0 76 25 5932 13 95906 16214 1.8 12 6 1 2 16% 26842 4811 36%
c -  2.38  0 75 26 6191 13 97303 10807 1.8 12 7 1 2 16% 26842 4811 36%
c p  2.39  0 75 26 6191 13 97303 11331 1.8 12 7 1 2 16% 26842 4811 36%
c =  2.41  0 75 26 6191 13 97303 11331 1.8 12 7 1 2 16% 26841 4810 36%
c u  2.42  0 75 26 6191 13 97303 10874 1.8 12 7 1 2 16% 26841 4810 36%
c 
c  seconds  reductions   conflicts        size  tier2      variables
c         MB     restarts      redundant     glue  trail        remaining
c          level       rate         size/glue tier1  irredundant
c 
c w  2.42  0 75 26 6191 13 97303 10873 1.8 12 7 1 2 16% 26841 4810 36%
c x  2.42  0 75 26 6191 13 97303 10869 1.8 12 7 1 2 16% 26757 4810 36%
c t  2.42  0 75 26 6191 13 97303 10868 1.8 12 7 1 2 16% 26757 4810 36%
c 2  2.42  0 75 26 6191 13 97303 10867 1.8 12 7 1 2 16% 26757 4810 36%
c f  2.43  0 75 26 6191 13 97303 10859 1.8 12 7 1 2 16% 26761 4812 36%
c e  2.56  0 73 26 7094 13 104325 13418 1.8 12 7 1 2 16% 26922 4552 34%
c ^  2.56  0 73 26 7094 13 104325 13418 1.8 12 7 1 2 16% 26922 4552 34%
c F  2.58  0 73 26 7175 13 105030 14056 1.8 12 7 1 2 16% 26922 4552 34%
c -  2.58  0 73 27 7183 13 105103 9763 1.8 12 7 1 2 16% 26922 4552 34%
c p  2.58  0 73 27 7183 13 105103 9765 1.8 12 7 1 2 16% 26922 4552 34%
c =  2.60  0 73 27 7183 13 105103 9765 1.8 12 7 1 2 16% 26921 4551 34%
c f  2.61  0 73 27 7183 13 105103 9765 1.8 12 7 1 2 16% 26913 4553 34%
c }  2.73  0 73 27 8007 12 112953 16870 1.8 12 7 1 2 16% 26913 4553 34%
c [  2.73  0 137 27 8007  2 112953 16870 2.1 43 21 2 4 32% 26913 4553 34%
c -  2.73  0 137 28 8007  2 113207 11325 2.1 43 21 2 4 32% 26913 4553 34%
c p  2.73  0 137 28 8007  2 113207 11522 2.1 43 21 2 4 32% 26900 4551 34%
c u  2.76  0 137 28 8007  2 113207 11039 2.1 43 21 2 4 32% 26871 4551 34%
c v  2.76  0 137 28 8007  2 113207 10825 2.1 43 21 2 4 32% 26871 4551 34%
c w  2.76  0 137 28 8007  2 113207 10825 2.1 43 21 2 4 32% 26871 4551 34%
c f  2.76  0 137 28 8007  2 113207 10820 2.1 43 21 2 4 32% 26870 4553 34%
c 
c  seconds   reductions   conflicts         size   tier2      variables
c         MB      restarts       redundant     glue   trail        remaining
c           level       rate          size/glue  tier1  irredundant
c 
c W  2.96  0 135 28 8008  2 120031 17299 2.1 45 22 2 4 32% 26870 4553 34%
c -  3.00  0 135 29 8008  2 121618 11533 2.1 45 22 2 4 32% 26870 4553 34%
c p  3.01  0 135 29 8008  2 121618 11727 2.1 45 22 2 4 32% 26870 4553 34%
c c  3.01  0 135 29 8008  2 121618 11727 2.1 45 22 2 4 32% 26880 4553 34%
c -  3.18  0 135 30 8009  2 130336 11418 2.1 45 22 2 4 32% 26878 4552 34%
c u  3.20  0 135 30 8009  2 130336 11093 2.1 45 22 2 4 32% 26878 4552 34%
c v  3.20  0 135 30 8009  2 130336 11046 2.1 45 22 2 4 32% 26878 4552 34%
c w  3.20  0 135 30 8009  2 130336 11045 2.1 45 22 2 4 32% 26878 4552 34%
c x  3.20  0 135 30 8009  2 130336 11039 2.1 45 22 2 4 32% 26821 4552 34%
c ]  3.30  0 134 30 8009  1 135742 16118 2.0 45 22 2 4 31% 26821 4552 34%
c {  3.30  0 73 30 8009 12 135742 16118 1.8 12 7 1 2 16% 26821 4552 34%
c B  3.31  0 73 30 8051 12 136033 16391 1.8 12 7 1 2 16% 26821 4552 34%
c -  3.37  0 72 31 8439 12 139361 11983 1.8 12 7 1 2 16% 26821 4552 34%
c p  3.37  0 72 31 8439 12 139361 11985 1.8 12 7 1 2 16% 26821 4552 34%
c t  3.40  0 72 31 8502 12 140225 12749 1.8 12 7 1 2 16% 26820 4552 34%
c e  3.41  0 72 31 8502 12 140225 11091 1.8 12 7 1 2 16% 27325 4224 32%
c ^  3.41  0 72 31 8502 12 140225 11091 1.8 12 7 1 2 16% 27325 4224 32%
c -  3.54  0 71 32 9283 11 148694 11957 1.8 13 7 1 2 17% 27325 4224 32%
c p  3.55  0 71 32 9283 11 148694 12131 1.8 13 7 1 2 17% 27325 4224 32%
c u  3.55  0 71 32 9283 11 148694 11687 1.8 13 7 1 2 17% 27215 4224 32%
c 
c  seconds  reductions   conflicts         size  tier2      variables
c         MB     restarts       redundant     glue  trail        remaining
c          level       rate          size/glue tier1  irredundant
c 
c v  3.56  0 71 32 9283 11 148694 11447 1.8 13 7 1 2 17% 27215 4224 32%
c W  3.64  0 71 32 9679 11 153034 15350 1.9 13 7 1 2 16% 27215 4224 32%
c -  3.73  0 70 33 10275 11 158334 12841 1.9 13 7 1 2 16% 27215 4224 32%
c d  3.73  0 70 33 10275 11 158334 12833 1.9 13 7 1 2 16% 27215 4223 32%
c p  3.74  0 70 33 10275 11 158334 12835 1.9 13 7 1 2 16% 27215 4223 32%
c }  3.77  0 70 33 10375 11 158795 13270 1.9 13 7 1 2 16% 27215 4223 32%
c [  3.77  0 134 33 10375  1 158795 13270 2.0 45 22 2 4 36% 27215 4223 32%
c -  3.95  0 129 34 10378  1 168281 13655 2.1 45 22 2 4 36% 27215 4223 32%
c p  3.95  0 129 34 10378  1 168281 13815 2.1 45 22 2 4 36% 27215 4223 32%
c u  3.97  0 129 34 10378  1 168281 13391 2.1 45 22 2 4 36% 27216 4223 32%
c v  3.97  0 129 34 10378  1 168281 13198 2.1 45 22 2 4 36% 27216 4223 32%
c w  3.97  0 129 34 10378  1 168281 13197 2.1 45 22 2 4 36% 27216 4223 32%
c O  4.02  0 128 34 10381  1 171035 15755 2.1 44 21 2 4 36% 27216 4223 32%
c -  4.17  0 125 35 10384  1 178536 13240 2.1 44 21 2 4 35% 27216 4223 32%
c p  4.17  0 125 35 10384  1 178536 13242 2.1 44 21 2 4 35% 27216 4223 32%
c e  4.30  0 126 35 10388  1 183322 12250 2.1 46 22 2 4 36% 28175 3923 30%
c ^  4.30  0 126 35 10388  1 183322 12250 2.1 46 22 2 4 36% 28175 3923 30%
c -  4.41  0 127 36 10389  1 189099 10877 2.0 46 23 2 4 35% 28175 3923 30%
c p  4.41  0 127 36 10389  1 189099 10951 2.0 46 23 2 4 35% 28175 3923 30%
c u  4.41  0 127 36 10389  1 189099 10576 2.0 46 23 2 4 35% 28173 3923 30%
c 
c  seconds   reductions    conflicts         size   tier2      variables
c         MB       restarts       redundant     glue   trail        remaining
c           level        rate          size/glue  tier1  irredundant
c 
c v  4.41  0 127 36 10389  1 189099 10566 2.0 46 23 2 4 35% 28173 3923 30%
c w  4.41  0 127 36 10389  1 189099 10566 2.0 46 23 2 4 35% 28173 3923 30%
c x  4.42  0 127 36 10389  1 189099 10555 2.0 46 23 2 4 35% 28006 3923 30%
c ]  4.44  0 127 36 10390  1 189629 11044 2.0 46 23 2 4 35% 28006 3923 30%
c {  4.44  0 70 36 10390 11 189629 11044 1.9 13 7 1 2 16% 28006 3923 30%
c #  4.44  0 70 36 10408 11 190037 11401 1.9 13 7 1 2 16% 28006 3923 30%
c -  4.57  0 68 37 11255 10 199970 12771 1.8 13 7 1 2 15% 28006 3923 30%
c B  4.76  0 67 37 12513 10 210038 21779 1.8 13 7 1 2 15% 27995 3920 30%
c -  4.79  0 67 38 12607 10 211149 14405 1.8 13 7 1 2 15% 27995 3920 30%
c p  4.79  0 67 38 12607 10 211149 14465 1.8 13 7 1 2 15% 27992 3919 30%
c u  4.81  0 67 38 12607 10 211149 14014 1.8 13 7 1 2 15% 27861 3919 30%
c v  4.81  0 67 38 12607 10 211149 13820 1.8 13 7 1 2 15% 27861 3919 30%
c }  4.93  0 66 38 13361 10 217455 19506 1.8 13 7 1 2 15% 27861 3919 30%
c [  4.93  0 127 38 13361  1 217455 19506 2.0 46 23 2 4 35% 27861 3919 30%
c -  5.01  0 125 39 13361  1 222637 15210 2.0 46 23 2 4 35% 27861 3919 30%
c B  5.17  0 123 39 13365  1 231039 22914 2.0 45 22 2 4 33% 27861 3919 30%
c -  5.29  0 123 40 13368  1 234433 15857 2.0 46 22 2 4 33% 27861 3919 30%
c p  5.29  0 123 40 13368  1 234433 15912 2.0 46 22 2 4 33% 27861 3919 30%
c u  5.29  0 123 40 13368  1 234433 15498 2.0 46 22 2 4 33% 27861 3919 30%
c v  5.29  0 123 40 13368  1 234433 15326 2.0 46 22 2 4 33% 27861 3919 30%
c 
c  seconds   reductions    conflicts         size   tier2      variables
c         MB       restarts       redundant     glue   trail        remaining
c           level        rate          size/glue  tier1  irredundant
c 
c x  5.30  0 123 40 13368  1 234433 15324 2.0 46 22 2 4 33% 27796 3919 30%
c e  5.33  0 123 40 13368  1 234524 12192 2.0 46 22 2 4 33% 30245 3558 27%
c ^  5.33  0 123 40 13368  1 234524 12192 2.0 46 22 2 4 33% 30245 3558 27%
c -  5.52  0 121 41 13374  1 246538 12880 2.0 45 22 2 4 33% 30245 3558 27%
c W  5.68  0 121 41 13376  1 253041 18986 2.0 45 22 2 4 31% 30245 3558 27%
c ]  5.77  0 122 41 13376  1 257073 22835 2.0 45 22 2 4 32% 30245 3558 27%
c {  5.77  0 66 41 13376 10 257073 22835 1.8 13 7 1 2 17% 30245 3558 27%
c -  5.80  0 66 42 13591 10 258953 13859 1.8 13 7 1 2 17% 30245 3558 27%
c p  5.80  0 66 42 13591 10 258953 13892 1.8 13 7 1 2 17% 30245 3558 27%
c u  5.83  0 66 42 13591 10 258953 13503 1.8 13 7 1 2 17% 30245 3558 27%
c v  5.83  0 66 42 13591 10 258953 13326 1.8 13 7 1 2 17% 30245 3558 27%
c -  6.05  0 65 43 14979 10 271674 15143 1.8 13 7 1 2 17% 30245 3558 27%
c p  6.05  0 65 43 14979 10 271674 15174 1.8 13 7 1 2 17% 30245 3558 27%
c W  6.14  0 65 43 15326  9 276045 18989 1.8 13 7 1 2 16% 30245 3558 27%
c -  6.31  0 64 44 16380  9 284704 16619 1.8 13 7 1 2 16% 30245 3558 27%
c p  6.32  0 64 44 16380  9 284704 16648 1.8 13 7 1 2 16% 30245 3558 27%
c u  6.32  0 64 44 16380  9 284704 16053 1.8 13 7 1 2 16% 30245 3558 27%
c v  6.33  0 64 44 16380  9 284704 15688 1.8 13 7 1 2 16% 30245 3558 27%
c }  6.38  0 64 44 16707  9 288315 18894 1.8 13 7 1 2 16% 30245 3558 27%
c [  6.38  0 122 44 16707  1 288315 18894 2.0 45 22 2 4 32% 30245 3558 27%
c 
c  seconds   reductions    conflicts         size   tier2      variables
c         MB       restarts       redundant     glue   trail        remaining
c           level        rate          size/glue  tier1  irredundant
c 
c e  6.56  0 121 44 16708  1 296277 12396 2.1 45 22 2 4 33% 35212 3160 24%
c -  6.59  0 121 45 16708  1 298044 9585 2.1 45 22 2 4 28% 35212 3160 24%
c f  6.60  0 121 45 16708  1 298044 9585 2.1 45 22 2 4 28% 35193 3161 24%
c I  6.64  0 120 45 16708  1 300046 11479 2.1 45 22 2 4 25% 35193 3161 24%
c -  6.81  0 118 46 16709  1 311692 11595 2.1 45 22 2 4 31% 35193 3161 24%
c p  6.81  0 118 46 16709  1 311692 11598 2.1 45 22 2 4 31% 35193 3161 24%
c u  6.81  0 118 46 16709  1 311692 11179 2.1 45 22 2 4 31% 35193 3161 24%
c v  6.82  0 118 46 16709  1 311692 11070 2.1 45 22 2 4 31% 35193 3161 24%
c w  6.82  0 118 46 16709  1 311692 11070 2.1 45 22 2 4 31% 35193 3161 24%
c x  6.82  0 118 46 16709  1 311692 11070 2.1 45 22 2 4 31% 35106 3161 24%
c B  7.04  0 120 46 16709  1 325048 23522 2.1 45 22 2 4 34% 35106 3161 24%
c -  7.06  0 120 47 16709  1 325651 11816 2.1 45 22 2 4 33% 35106 3161 24%
c p  7.06  0 120 47 16709  1 325651 11817 2.1 45 22 2 4 33% 35106 3161 24%
c -  7.34  0 119 48 16709  1 339917 12041 2.1 47 22 2 4 35% 35106 3161 24%
c p  7.34  0 119 48 16709  1 339917 12044 2.1 47 22 2 4 35% 35106 3161 24%
c u  7.37  0 119 48 16709  1 339917 11488 2.1 47 22 2 4 35% 35106 3161 24%
c v  7.37  0 119 48 16709  1 339917 11283 2.1 47 22 2 4 35% 35106 3161 24%
c w  7.37  0 119 48 16709  1 339917 11278 2.1 47 22 2 4 35% 35106 3161 24%
c ]  7.43  0 119 48 16710  1 343077 14239 2.1 47 23 2 4 34% 35106 3161 24%
c {  7.43  0 64 48 16710  9 343077 14239 1.8 13 7 1 2 18% 35106 3161 24%
c 
c  seconds  reductions    conflicts         size  tier2      variables
c         MB      restarts       redundant     glue  trail        remaining
c          level        rate          size/glue tier1  irredundant
c 
c F  7.53  0 63 48 17285  9 351049 21226 1.8 13 7 1 2 17% 35106 3161 24%
c -  7.60  0 63 49 17661  9 354492 13457 1.8 13 7 1 2 17% 35106 3161 24%
c p  7.61  0 63 49 17661  9 354492 13460 1.8 13 7 1 2 17% 35106 3161 24%
c -  7.88  0 62 50 19150  9 369376 15537 1.8 13 7 1 2 17% 35106 3161 24%
c p  7.88  0 62 50 19150  9 369376 15540 1.8 13 7 1 2 17% 35106 3161 24%
c u  7.89  0 62 50 19150  9 369376 14883 1.8 13 7 1 2 17% 35106 3161 24%
c v  7.89  0 62 50 19150  9 369376 14535 1.8 13 7 1 2 17% 35106 3161 24%
c w  7.90  0 62 50 19150  9 369376 14535 1.8 13 7 1 2 17% 35106 3161 24%
c s  7.98  0 62 50 19534  9 372796 17613 1.8 13 7 1 2 17% 34989 3161 24%
c e  7.99  0 62 50 19534  9 372796 17469 1.8 13 7 1 2 17% 35030 3158 24%
c B  8.10  0 62 50 20099  9 378051 22159 1.8 13 7 1 2 16% 35030 3158 24%
c }  8.17  0 61 50 20457  9 381443 25130 1.8 13 7 1 2 16% 35030 3158 24%
c [  8.17  0 119 50 20457  1 381443 25130 2.1 47 23 2 4 34% 35030 3158 24%
c -  8.23  0 120 51 20459  1 384570 16521 2.1 47 22 2 4 34% 35030 3158 24%
c p  8.23  0 120 51 20459  1 384570 16524 2.1 47 22 2 4 34% 35030 3158 24%
c -  8.53  0 116 52 20469  1 400074 17459 2.0 46 23 2 4 30% 35030 3158 24%
c p  8.53  0 116 52 20469  1 400074 17460 2.0 46 23 2 4 30% 35030 3158 24%
c u  8.54  0 116 52 20469  1 400074 16942 2.0 46 23 2 4 30% 35030 3158 24%
c v  8.54  0 116 52 20469  1 400074 16641 2.0 46 23 2 4 30% 35030 3158 24%
c w  8.54  0 116 52 20469  1 400074 16641 2.0 46 23 2 4 30% 35030 3158 24%
c 
c  seconds   reductions    conflicts         size   tier2      variables
c         MB       restarts       redundant     glue   trail        remaining
c           level        rate          size/glue  tier1  irredundant
c 
c W  8.75  0 117 52 20470  1 406054 22319 2.0 46 23 2 4 30% 35030 3158 24%
c -  8.95  0 117 53 20473  1 415886 16761 2.0 46 23 2 4 30% 35030 3158 24%
c p  8.95  0 117 53 20473  1 415886 16764 2.0 46 23 2 4 30% 35030 3158 24%
c ]  9.30  0 118 53 20482  1 431936 31909 2.0 47 24 2 4 31% 35030 3158 24%
c {  9.30  0 61 53 20482  9 431936 31909 1.8 13 7 1 2 16% 35030 3158 24%
c -  9.31  0 61 54 20496  9 432009 17368 1.8 13 7 1 2 16% 35030 3158 24%
c p  9.31  0 61 54 20496  9 432009 17360 1.8 13 7 1 2 16% 35030 3157 24%
c u  9.32  0 61 54 20496  9 432009 17033 1.8 13 7 1 2 16% 35030 3157 24%
c v  9.32  0 61 54 20496  9 432009 16834 1.8 13 7 1 2 16% 35030 3157 24%
c x  9.33  0 61 54 20496  9 432009 16828 1.8 13 7 1 2 16% 34804 3157 24%
c W  9.39  0 61 54 20841  9 435056 19555 1.8 14 7 1 2 16% 34804 3157 24%
c -  9.70  0 60 55 22665  9 448441 19073 1.8 14 7 1 2 16% 34804 3157 24%
c p  9.70  0 60 55 22665  9 448441 19076 1.8 14 7 1 2 16% 34804 3157 24%
c u  9.75  0 60 55 22665  9 448441 18815 1.8 14 7 1 2 16% 34801 3157 24%
c v  9.75  0 60 55 22665  9 448441 18616 1.8 14 7 1 2 16% 34801 3157 24%
c e  9.92  0 60 55 23554  9 456113 25020 1.8 14 8 1 2 16% 34845 3148 24%
c s  9.92  0 60 55 23554  9 456113 25012 1.8 14 8 1 2 16% 34786 3148 24%
c e  9.93  0 60 55 23554  9 456113 24990 1.8 14 8 1 2 16% 34801 3147 24%
c } 10.14  0 60 55 24688  9 462781 31025 1.8 14 8 1 2 15% 34801 3147 24%
c [ 10.14  0 118 55 24688  1 462781 31025 2.0 47 24 2 4 31% 34801 3147 24%
c 
c  seconds   reductions    conflicts         size   tier2      variables
c         MB       restarts       redundant     glue   trail        remaining
c           level        rate          size/glue  tier1  irredundant
c 
c O 10.18  0 117 55 24690  1 465058 33185 2.0 47 24 2 4 31% 34801 3147 24%
c - 10.19  0 117 56 24690  1 465183 20079 2.0 47 24 2 4 31% 34801 3147 24%
c p 10.19  0 117 56 24690  1 465183 20082 2.0 47 24 2 4 31% 34801 3147 24%
c u 10.21  0 117 56 24690  1 465183 19721 2.0 47 24 2 4 31% 34801 3147 24%
c v 10.21  0 117 56 24690  1 465183 19516 2.0 47 24 2 4 31% 34801 3147 24%
c w 10.21  0 117 56 24690  1 465183 19516 2.0 47 24 2 4 31% 34801 3147 24%
c - 10.53  0 117 57 24693  1 482236 20475 2.0 47 24 2 4 32% 34801 3147 24%
c p 10.53  0 117 57 24693  1 482236 20478 2.0 47 24 2 4 32% 34801 3147 24%
c B 10.97  0 116 57 24693  1 496060 33693 2.0 50 24 2 4 33% 34801 3147 24%
c - 11.11  0 117 58 24696  1 499598 19775 2.0 50 25 2 4 33% 34801 3147 24%
c p 11.11  0 117 58 24696  1 499598 19778 2.0 50 25 2 4 33% 34801 3147 24%
c u 11.13  0 117 58 24696  1 499598 19336 2.0 50 25 2 4 33% 34801 3147 24%
c v 11.13  0 117 58 24696  1 499598 19161 2.0 50 25 2 4 33% 34801 3147 24%
c w 11.13  0 117 58 24696  1 499598 19161 2.0 50 25 2 4 33% 34801 3147 24%
c ] 11.53  0 119 58 24705  1 514203 32897 2.0 52 26 2 4 35% 34801 3147 24%
c { 11.53  0 60 58 24705  9 514203 32897 1.8 14 8 1 2 15% 34801 3147 24%
c - 11.61  0 60 59 25076  9 517268 19942 1.8 14 8 1 2 16% 34801 3147 24%
c p 11.61  0 60 59 25076  9 517268 19945 1.8 14 8 1 2 16% 34801 3147 24%
c # 11.84  0 60 59 26360  9 528061 29660 1.8 14 8 1 2 15% 34801 3147 24%
c - 12.04  0 59 60 27426  9 535249 22139 1.8 14 8 1 2 15% 34801 3147 24%
c 
c  seconds  reductions    conflicts         size  tier2      variables
c         MB      restarts       redundant     glue  trail        remaining
c          level        rate          size/glue tier1  irredundant
c 
c p 12.05  0 59 60 27426  9 535249 22142 1.8 14 8 1 2 15% 34801 3147 24%
c u 12.06  0 59 60 27426  9 535249 21816 1.8 14 8 1 2 15% 34801 3147 24%
c v 12.06  0 59 60 27426  9 535249 21468 1.8 14 8 1 2 15% 34801 3147 24%
c w 12.06  0 59 60 27426  9 535249 21468 1.8 14 8 1 2 15% 34801 3147 24%
c } 12.42  0 59 60 29133  9 549903 34715 1.8 14 8 1 2 15% 34801 3147 24%
c [ 12.42  0 119 60 29133  1 549903 34715 2.0 52 26 2 4 35% 34801 3147 24%
c - 12.50  0 118 61 29135  1 553540 23248 2.0 52 26 2 4 34% 34801 3147 24%
c p 12.50  0 118 61 29135  1 553540 23251 2.0 52 26 2 4 34% 34801 3147 24%
c u 12.51  0 118 61 29135  1 553540 23120 2.0 52 26 2 4 34% 34801 3147 24%
c v 12.51  0 118 61 29135  1 553540 22979 2.0 52 26 2 4 34% 34801 3147 24%
c w 12.51  0 118 61 29135  1 553540 22974 2.0 52 26 2 4 34% 34801 3147 24%
c x 12.51  0 118 61 29135  1 553540 22913 2.0 52 26 2 4 34% 34710 3147 24%
c W 12.77  0 117 61 29136  1 561063 29991 2.0 52 27 2 4 34% 34710 3147 24%
c - 13.00  0 116 62 29142  1 572140 23578 2.0 52 27 2 4 33% 34710 3147 24%
c p 13.01  0 116 62 29142  1 572140 23581 2.0 52 27 2 4 33% 34710 3147 24%
c - 13.37  0 115 63 29151  1 591049 22742 1.9 50 26 2 4 31% 34710 3147 24%
c p 13.37  0 115 63 29151  1 591049 22745 1.9 50 26 2 4 31% 34710 3147 24%
c = 13.40  0 115 63 29151  1 591049 22737 1.9 50 26 2 4 31% 34558 3110 23%
c u 13.40  0 115 63 29151  1 591049 22361 1.9 50 26 2 4 31% 34542 3110 23%
c v 13.40  0 115 63 29151  1 591049 22346 1.9 50 26 2 4 31% 34542 3110 23%
c 
c  seconds   reductions    conflicts         size   tier2      variables
c         MB       restarts       redundant     glue   trail        remaining
c           level        rate          size/glue  tier1  irredundant
c 
c w 13.40  0 115 63 29151  1 591049 22345 1.9 50 26 2 4 31% 34542 3110 23%
c I 13.52  0 115 63 29151  1 595065 26165 1.9 51 26 2 4 31% 34542 3110 23%
c - 13.80  0 113 64 29152  1 610268 22695 2.0 51 26 2 4 32% 34542 3110 23%
c p 13.80  0 113 64 29152  1 610268 22698 2.0 51 26 2 4 32% 34542 3110 23%
c ] 13.99  0 114 64 29153  1 618470 30487 1.9 51 26 2 4 32% 34542 3110 23%
c { 13.99  0 59 64 29153  9 618470 30487 1.8 14 8 1 2 15% 34542 3110 23%
c - 14.31  0 59 65 30788  9 629800 24433 1.8 14 8 1 2 15% 34541 3110 23%
c p 14.31  0 59 65 30788  9 629800 24436 1.8 14 8 1 2 15% 34541 3110 23%
c u 14.33  0 59 65 30788  9 629800 24243 1.8 14 8 1 2 15% 34541 3110 23%
c v 14.33  0 59 65 30788  9 629800 23996 1.8 14 8 1 2 15% 34541 3110 23%
c B 14.35  0 59 65 30848  9 630068 24237 1.8 14 8 1 2 15% 34541 3110 23%
c e 14.68  0 59 65 32494  9 643337 35381 1.8 15 8 1 2 15% 32932 2935 22%
c - 14.87  0 60 66 33280  9 649641 25532 1.8 15 8 1 2 15% 32932 2935 22%
c p 14.87  0 60 66 33280  9 649641 25535 1.8 15 8 1 2 15% 32932 2935 22%
c u 14.88  0 60 66 33280  9 649641 25317 1.8 15 8 1 2 15% 32928 2935 22%
c v 14.88  0 60 66 33280  9 649641 25119 1.8 15 8 1 2 15% 32928 2935 22%
c w 14.88  0 60 66 33280  9 649641 25119 1.8 15 8 1 2 15% 32928 2935 22%
c x 14.89  0 60 66 33280  9 649641 25030 1.8 15 8 1 2 15% 32649 2935 22%
c f 14.90  0 60 66 33280  9 649641 25030 1.8 15 8 1 2 15% 32607 2937 22%
c } 15.02  0 60 66 33920  9 655248 30133 1.8 15 8 1 2 15% 32607 2937 22%
c 
c  seconds   reductions    conflicts         size   tier2      variables
c         MB       restarts       redundant     glue   trail        remaining
c           level        rate          size/glue  tier1  irredundant
c 
c [ 15.02  0 114 66 33920  1 655248 30133 1.9 51 26 2 4 32% 32607 2937 22%
c B 15.23  0 110 66 33920  1 666069 40349 2.0 51 25 2 4 32% 32607 2937 22%
c - 15.36  0 110 67 33920  1 669791 26339 2.0 51 26 2 4 32% 32607 2937 22%
c p 15.36  0 110 67 33920  1 669791 26342 2.0 51 26 2 4 32% 32607 2937 22%
c u 15.40  0 110 67 33920  1 669791 26072 2.0 51 26 2 4 32% 32588 2937 22%
c v 15.40  0 110 67 33920  1 669791 25926 2.0 51 26 2 4 32% 32588 2937 22%
c w 15.40  0 110 67 33920  1 669791 25923 2.0 51 26 2 4 32% 32588 2937 22%
c - 15.88  0 110 68 33921  1 690251 25390 2.1 54 26 2 4 34% 32588 2937 22%
c p 15.89  0 110 68 33921  1 690251 25391 2.1 54 26 2 4 34% 32588 2937 22%
c u 15.89  0 110 68 33921  1 690251 25349 2.1 54 26 2 4 34% 32588 2937 22%
c v 15.89  0 110 68 33921  1 690251 25250 2.1 54 26 2 4 34% 32588 2937 22%
c w 15.89  0 110 68 33921  1 690251 25250 2.1 54 26 2 4 34% 32588 2937 22%
c x 15.90  0 110 68 33921  1 690251 25241 2.1 54 26 2 4 34% 32491 2937 22%
c W 16.39  0 113 68 33921  1 703070 37614 2.0 54 27 2 4 33% 32491 2937 22%
c - 16.65  0 114 69 33921  1 711021 24330 2.1 56 27 2 4 34% 32491 2937 22%
c p 16.65  0 114 69 33921  1 711021 24331 2.1 56 27 2 4 34% 32491 2937 22%
c u 16.66  0 114 69 33921  1 711021 24216 2.1 56 27 2 4 34% 32490 2937 22%
c v 16.66  0 114 69 33921  1 711021 24207 2.1 56 27 2 4 34% 32490 2937 22%
c w 16.66  0 114 69 33921  1 711021 24206 2.1 56 27 2 4 34% 32490 2937 22%
c ] 16.78  0 114 69 33921  1 717703 30428 2.1 55 27 2 4 34% 32490 2937 22%
c 
c  seconds  reductions    conflicts         size  tier2      variables
c         MB      restarts       redundant     glue  trail        remaining
c          level        rate          size/glue tier1  irredundant
c 
c { 16.78  0 60 69 33921  9 717703 30428 1.8 15 8 1 2 15% 32490 2937 22%
c - 17.13  0 60 70 35699  9 732101 26444 1.8 15 8 1 2 16% 32490 2937 22%
c p 17.13  0 60 70 35699  9 732101 26445 1.8 15 8 1 2 16% 32490 2937 22%
c u 17.14  0 60 70 35699  9 732101 26279 1.8 15 8 1 2 16% 32490 2937 22%
c v 17.14  0 60 70 35699  9 732101 26151 1.8 15 8 1 2 16% 32490 2937 22%
c W 17.40  0 60 70 36941  9 741072 34296 1.8 15 8 1 2 16% 32490 2937 22%
c e 17.61  0 60 70 37849  9 747979 38692 1.8 15 8 1 2 16% 32642 2920 22%
c - 17.82  0 60 71 38729 10 753491 27402 1.8 15 8 1 2 16% 32641 2920 22%
c p 17.82  0 60 71 38729 10 753491 27403 1.8 15 8 1 2 16% 32641 2920 22%
c u 17.84  0 60 71 38729 10 753491 27245 1.8 15 8 1 2 16% 32641 2920 22%
c v 17.84  0 60 71 38729 10 753491 27004 1.8 15 8 1 2 16% 32641 2920 22%
c x 17.84  0 60 71 38729 10 753491 26988 1.8 15 8 1 2 16% 32438 2920 22%
c f 17.85  0 60 71 38729 10 753491 26988 1.8 15 8 1 2 16% 32417 2921 22%
c } 17.97  0 60 71 39368 10 758061 31128 1.8 16 8 1 2 15% 32417 2921 22%
c [ 17.97  0 114 71 39368  1 758061 31128 2.1 55 27 2 4 34% 32417 2921 22%
c - 18.40  0 109 72 39368  1 775191 28430 2.1 55 26 2 4 34% 32417 2921 22%
c p 18.40  0 109 72 39368  1 775191 28431 2.1 55 26 2 4 34% 32417 2921 22%
c u 18.45  0 109 72 39368  1 775191 28119 2.1 55 26 2 4 34% 32417 2921 22%
c v 18.45  0 109 72 39368  1 775191 27964 2.1 55 26 2 4 34% 32417 2921 22%
c w 18.45  0 109 72 39368  1 775191 27963 2.1 55 26 2 4 34% 32417 2921 22%
c 
c  seconds   reductions    conflicts         size   tier2      variables
c         MB       restarts       redundant     glue   trail        remaining
c           level        rate          size/glue  tier1  irredundant
c 
c O 18.53  0 109 72 39368  1 780074 32517 2.1 54 25 2 4 34% 32417 2921 22%
c - 18.92  0 108 73 39371  1 797202 27539 2.2 55 25 2 4 35% 32417 2921 22%
c p 18.92  0 108 73 39371  1 797202 27540 2.2 55 25 2 4 35% 32417 2921 22%
c - 19.55  0 110 74 39382  1 819523 27174 2.1 57 27 2 4 35% 32417 2921 22%
c p 19.55  0 110 74 39382  1 819523 27175 2.1 57 27 2 4 35% 32417 2921 22%
c u 19.56  0 110 74 39382  1 819523 27108 2.1 57 27 2 4 35% 32417 2921 22%
c v 19.56  0 110 74 39382  1 819523 27093 2.1 57 27 2 4 35% 32417 2921 22%
c w 19.56  0 110 74 39382  1 819523 27087 2.1 57 27 2 4 35% 32417 2921 22%
c x 19.57  0 110 74 39382  1 819523 27086 2.1 57 27 2 4 35% 32381 2921 22%
c B 19.58  0 110 74 39383  1 820075 27615 2.1 57 27 2 4 35% 32381 2921 22%
c ] 19.96  0 112 74 39386  1 831548 38401 2.2 60 28 2 4 37% 32381 2921 22%
c { 19.96  0 60 74 39386 10 831548 38401 1.8 16 8 1 2 15% 32381 2921 22%
c - 20.24  0 61 75 40732 10 842155 28815 1.8 16 9 1 2 16% 32381 2921 22%
c p 20.24  0 61 75 40732 10 842155 28816 1.8 16 9 1 2 16% 32381 2921 22%
c u 20.25  0 61 75 40732 10 842155 28687 1.8 16 9 1 2 16% 32381 2921 22%
c v 20.26  0 61 75 40732 10 842155 28531 1.8 16 9 1 2 16% 32381 2921 22%
c w 20.26  0 61 75 40732 10 842155 28531 1.8 16 9 1 2 16% 32381 2921 22%
c e 20.77  0 61 75 43002 10 859426 43227 1.8 16 9 1 2 15% 32625 2902 22%
c F 20.85  0 61 75 43266 10 861079 44732 1.8 16 9 1 2 15% 32625 2902 22%
c - 21.02  0 61 76 43995 10 865098 30300 1.8 16 9 1 2 15% 32625 2902 22%
c 
c  seconds  reductions    conflicts         size  tier2      variables
c         MB      restarts       redundant     glue  trail        remaining
c          level        rate          size/glue tier1  irredundant
c 
c p 21.03  0 61 76 43995 10 865098 30301 1.8 16 9 1 2 15% 32625 2902 22%
c u 21.04  0 61 76 43995 10 865098 29991 1.8 16 9 1 2 15% 32625 2902 22%
c v 21.05  0 61 76 43995 10 865098 29642 1.8 16 9 1 2 15% 32625 2902 22%
c } 21.30  0 61 76 45190 10 873717 37566 1.8 16 9 1 2 15% 32625 2902 22%
c [ 21.30  0 112 76 45190  1 873717 37566 2.2 60 28 2 4 37% 32625 2902 22%
c - 21.62  0 111 77 45199  1 888351 31618 2.1 57 27 2 4 35% 32625 2902 22%
c p 21.62  0 111 77 45199  1 888351 31619 2.1 57 27 2 4 35% 32625 2902 22%
c u 21.63  0 111 77 45199  1 888351 31462 2.1 57 27 2 4 35% 32625 2902 22%
c v 21.63  0 111 77 45199  1 888351 31335 2.1 57 27 2 4 35% 32625 2902 22%
c w 21.63  0 111 77 45199  1 888351 31334 2.1 57 27 2 4 35% 32625 2902 22%
c W 22.15  0 111 77 45202  1 903080 45438 2.1 56 27 2 4 34% 32624 2902 22%
c - 22.35  0 110 78 45203  1 911916 31619 2.1 55 27 2 4 34% 32624 2902 22%
c p 22.35  0 110 78 45203  1 911916 31620 2.1 55 27 2 4 34% 32624 2902 22%
c u 22.39  0 110 78 45203  1 911916 31533 2.1 55 27 2 4 34% 32624 2902 22%
c v 22.40  0 110 78 45203  1 911916 31388 2.1 55 27 2 4 34% 32624 2902 22%
c w 22.40  0 110 78 45203  1 911916 31388 2.1 55 27 2 4 34% 32624 2902 22%
c - 23.00  0 109 79 45213  1 935790 30405 2.0 55 27 2 4 34% 32624 2902 22%
c p 23.00  0 109 79 45213  1 935790 30406 2.0 55 27 2 4 34% 32624 2902 22%
c u 23.01  0 109 79 45213  1 935790 30296 2.0 55 27 2 4 34% 32624 2902 22%
c v 23.01  0 109 79 45213  1 935790 30285 2.0 55 27 2 4 34% 32624 2902 22%
c 
c  seconds   reductions    conflicts         size   tier2      variables
c         MB       restarts       redundant     glue   trail        remaining
c           level        rate          size/glue  tier1  irredundant
c 
c w 23.01  0 109 79 45213  1 935790 30284 2.0 55 27 2 4 34% 32624 2902 22%
c I 23.33  0 110 79 45218  1 946081 40018 2.0 56 28 2 4 34% 32624 2902 22%
c ] 23.48  0 111 79 45218  1 952563 46213 2.0 56 28 2 4 33% 32624 2902 22%
c { 23.48  0 61 79 45218 10 952563 46213 1.8 16 9 1 2 15% 32624 2902 22%
c - 23.73  0 61 80 46170 10 959974 31735 1.8 16 9 1 2 16% 32624 2902 22%
c p 23.73  0 61 80 46170 10 959974 31736 1.8 16 9 1 2 16% 32624 2902 22%
c u 23.75  0 61 80 46170 10 959974 31596 1.8 16 9 1 2 16% 32624 2902 22%
c v 23.75  0 61 80 46170 10 959974 31417 1.8 16 9 1 2 16% 32624 2902 22%
c w 23.75  0 61 80 46170 10 959974 31417 1.8 16 9 1 2 16% 32624 2902 22%
c - 24.55  0 62 81 49216 10 984468 33868 1.8 16 9 1 2 16% 32624 2902 22%
c p 24.56  0 62 81 49216 10 984468 33869 1.8 16 9 1 2 16% 32624 2902 22%
c u 24.57  0 62 81 49216 10 984468 33739 1.8 16 9 1 2 16% 32624 2902 22%
c v 24.57  0 62 81 49216 10 984468 33492 1.8 16 9 1 2 16% 32624 2902 22%
c w 24.57  0 62 81 49216 10 984468 33491 1.8 16 9 1 2 16% 32624 2902 22%
c x 24.58  0 62 81 49216 10 984468 33490 1.8 16 9 1 2 16% 32579 2902 22%
c B 24.75  0 62 81 49959 10 990082 38657 1.8 16 9 1 2 16% 32579 2902 22%
c } 24.98  0 62 81 50944 10 996736 44853 1.8 17 9 1 2 16% 32579 2902 22%
c [ 24.98  0 111 81 50944  1 996736 44853 2.0 56 28 2 4 33% 32579 2902 22%
c - 25.25  0 111 82 50951  1 1009274 35228 2.0 55 27 2 4 34% 32579 2902 22%
c p 25.25  0 111 82 50951  1 1009274 35229 2.0 55 27 2 4 34% 32579 2902 22%
c 
c  seconds   reductions     conflicts         size   tier2      variables
c         MB       restarts        redundant     glue   trail        remaining
c           level        rate           size/glue  tier1  irredundant
c 
c u 25.26  0 111 82 50951  1 1009274 35002 2.0 55 27 2 4 34% 32579 2902 22%
c v 25.27  0 111 82 50951  1 1009274 34808 2.0 55 27 2 4 34% 32579 2902 22%
c w 25.27  0 111 82 50951  1 1009274 34806 2.0 55 27 2 4 34% 32579 2902 22%
c - 26.03  0 111 83 50960  1 1034392 35098 2.0 56 28 2 4 33% 32579 2902 22%
c p 26.03  0 111 83 50960  1 1034392 35099 2.0 56 28 2 4 33% 32579 2902 22%
c u 26.05  0 111 83 50960  1 1034392 35034 2.0 56 28 2 4 33% 32579 2902 22%
c v 26.05  0 111 83 50960  1 1034392 34838 2.0 56 28 2 4 33% 32579 2902 22%
c w 26.06  0 111 83 50960  1 1034392 34837 2.0 56 28 2 4 33% 32579 2902 22%
c B 26.07  0 111 83 50960  1 1035087 35510 2.0 56 28 2 4 33% 32579 2902 22%
c - 26.97  0 109 84 50961  1 1059819 33588 1.9 58 31 2 4 31% 32579 2902 22%
c p 26.97  0 109 84 50961  1 1059819 33589 1.9 58 31 2 4 31% 32579 2902 22%
c u 26.98  0 109 84 50961  1 1059819 33484 1.9 58 31 2 4 31% 32579 2902 22%
c v 26.98  0 109 84 50961  1 1059819 33481 1.9 58 31 2 4 31% 32579 2902 22%
c w 26.99  0 109 84 50961  1 1059819 33481 1.9 58 31 2 4 31% 32579 2902 22%
c ] 27.22  0 108 84 50961  1 1069985 43099 1.9 57 30 2 4 31% 32579 2902 22%
c { 27.22  0 62 84 50961 10 1069985 43099 1.8 17 9 1 2 16% 32579 2902 22%
c W 27.79  0 62 84 52778 10 1081088 53396 1.8 17 9 1 2 16% 32579 2902 22%
c - 27.97  0 62 85 53272 10 1085555 35040 1.8 17 9 1 2 16% 32579 2902 22%
c p 27.97  0 62 85 53272 10 1085555 35041 1.8 17 9 1 2 16% 32579 2902 22%
c u 28.06  0 62 85 53272 10 1085555 34894 1.8 17 9 1 2 16% 32579 2902 22%
c 
c  seconds  reductions     conflicts         size  tier2      variables
c         MB      restarts        redundant     glue  trail        remaining
c          level        rate           size/glue tier1  irredundant
c 
c v 28.06  0 62 85 53272 10 1085555 34567 1.8 17 9 1 2 16% 32579 2902 22%
c w 28.06  0 62 85 53272 10 1085555 34567 1.8 17 9 1 2 16% 32579 2902 22%
c e 28.75  0 63 85 55919 11 1103787 51053 1.8 17 10 1 2 16% 32592 2901 22%
c s 28.75  0 63 85 55919 11 1103787 51051 1.8 17 10 1 2 16% 32588 2901 22%
c } 29.11  0 63 85 57100 11 1110527 57298 1.8 17 10 1 2 16% 32588 2901 22%
c [ 29.11  0 108 85 57100  1 1110527 57298 1.9 57 30 2 4 31% 32588 2901 22%
c - 29.14  0 108 86 57100  1 1111603 36782 1.9 57 30 2 4 31% 32588 2901 22%
c p 29.14  0 108 86 57100  1 1111603 36783 1.9 57 30 2 4 31% 32588 2901 22%
c u 29.16  0 108 86 57100  1 1111603 36640 1.9 57 30 2 4 31% 32588 2901 22%
c v 29.16  0 108 86 57100  1 1111603 36409 1.9 57 30 2 4 31% 32588 2901 22%
c w 29.16  0 108 86 57100  1 1111603 36409 1.9 57 30 2 4 31% 32588 2901 22%
c x 29.17  0 108 86 57100  1 1111603 36403 1.9 57 30 2 4 31% 32554 2901 22%
c W 29.70  0 108 86 57105  1 1128089 51885 1.9 56 30 2 4 31% 32554 2901 22%
c - 29.96  0 108 87 57110  1 1137961 37369 1.9 56 30 2 4 31% 32554 2901 22%
c p 29.96  0 108 87 57110  1 1137961 37370 1.9 56 30 2 4 31% 32554 2901 22%
c u 29.98  0 108 87 57110  1 1137961 37264 1.9 56 30 2 4 31% 32512 2901 22%
c v 29.98  0 108 87 57110  1 1137961 37108 1.9 56 30 2 4 31% 32512 2901 22%
c w 29.98  0 108 87 57110  1 1137961 37108 1.9 56 30 2 4 31% 32512 2901 22%
c - 30.64  0 107 88 57122  1 1164629 36176 1.9 55 29 2 4 30% 32512 2901 22%
c p 30.65  0 107 88 57122  1 1164629 36177 1.9 55 29 2 4 30% 32512 2901 22%
c 
c  seconds   reductions     conflicts         size   tier2      variables
c         MB       restarts        redundant     glue   trail        remaining
c           level        rate           size/glue  tier1  irredundant
c 
c u 30.66  0 107 88 57122  1 1164629 36093 1.9 55 29 2 4 30% 32512 2901 22%
c O 30.95  0 109 88 57128  1 1176093 46894 1.9 56 29 2 4 32% 32512 2901 22%
c - 31.39  0 107 89 57131  1 1191609 36357 1.9 56 29 2 4 31% 32512 2901 22%
c p 31.40  0 107 89 57131  1 1191609 36358 1.9 56 29 2 4 31% 32512 2901 22%
c u 31.40  0 107 89 57131  1 1191609 36320 1.9 56 29 2 4 31% 32512 2901 22%
c v 31.40  0 107 89 57131  1 1191609 36310 1.9 56 29 2 4 31% 32512 2901 22%
c w 31.41  0 107 89 57131  1 1191609 36310 1.9 56 29 2 4 31% 32512 2901 22%
c ] 31.72  0 107 89 57131  1 1201470 45705 1.9 56 29 2 4 31% 32512 2901 22%
c { 31.72  0 63 89 57131 11 1201470 45705 1.8 17 10 1 2 16% 32512 2901 22%
c - 32.51  0 64 90 59602 11 1218899 38249 1.8 18 10 1 2 16% 32512 2901 22%
c p 32.51  0 64 90 59602 11 1218899 38250 1.8 18 10 1 2 16% 32512 2901 22%
c u 32.53  0 64 90 59602 11 1218899 38143 1.8 18 10 1 2 16% 32512 2901 22%
c v 32.54  0 64 90 59602 11 1218899 37898 1.8 18 10 1 2 16% 32512 2901 22%
c w 32.54  0 64 90 59602 11 1218899 37898 1.8 18 10 1 2 16% 32512 2901 22%
c # 32.75  0 64 90 60495 11 1225094 43678 1.8 18 10 1 2 16% 32512 2901 22%
c e 33.25  0 65 90 62162 11 1236397 53827 1.8 18 10 1 2 17% 32538 2899 22%
c } 33.59  0 65 90 63292 11 1242550 59550 1.8 18 10 1 2 17% 32538 2899 22%
c [ 33.59  0 107 90 63292  1 1242550 59550 1.9 56 29 2 4 31% 32538 2899 22%
c - 33.67  0 107 91 63292  1 1246499 39239 1.9 55 29 2 4 30% 32538 2899 22%
c p 33.67  0 107 91 63292  1 1246499 39240 1.9 55 29 2 4 30% 32538 2899 22%
c 
c  seconds   reductions     conflicts         size   tier2      variables
c         MB       restarts        redundant     glue   trail        remaining
c           level        rate           size/glue  tier1  irredundant
c 
c u 33.69  0 107 91 63292  1 1246499 39113 1.9 55 29 2 4 30% 32538 2899 22%
c v 33.70  0 107 91 63292  1 1246499 38733 1.9 55 29 2 4 30% 32538 2899 22%
c w 33.70  0 107 91 63292  1 1246499 38731 1.9 55 29 2 4 30% 32538 2899 22%
c - 34.76  0 109 92 63307  1 1274411 39875 1.9 57 31 1 2 30% 32538 2899 22%
c p 34.76  0 109 92 63307  1 1274411 39876 1.9 57 31 1 2 30% 32538 2899 22%
c u 34.77  0 109 92 63307  1 1274411 39726 1.9 57 31 1 2 30% 32538 2899 22%
c v 34.78  0 109 92 63307  1 1274411 39544 1.9 57 31 1 2 30% 32538 2899 22%
c w 34.78  0 109 92 63307  1 1274411 39541 1.9 57 31 1 2 30% 32538 2899 22%
c x 34.78  0 109 92 63307  1 1274411 39450 1.9 57 31 1 2 30% 32375 2899 22%
c B 34.81  0 109 92 63307  1 1275096 40115 1.9 58 31 1 2 30% 32375 2899 22%
c - 35.70  0 112 93 63321  1 1302636 38705 1.9 60 31 1 2 32% 32375 2899 22%
c p 35.71  0 112 93 63321  1 1302636 38706 1.9 60 31 1 2 32% 32375 2899 22%
c u 35.75  0 112 93 63321  1 1302636 38686 1.9 60 31 1 2 32% 32336 2899 22%
c v 35.75  0 112 93 63321  1 1302636 38676 1.9 60 31 1 2 32% 32336 2899 22%
c w 35.75  0 112 93 63321  1 1302636 38674 1.9 60 31 1 2 32% 32336 2899 22%
c ] 36.41  0 110 93 63323  1 1323445 58486 1.9 58 31 1 2 32% 32336 2899 22%
c { 36.41  0 65 93 63323 11 1323445 58486 1.8 18 10 1 2 17% 32336 2899 22%
c B 36.52  0 65 93 63638 11 1326098 60965 1.8 18 10 1 2 17% 32336 2899 22%
c - 36.78  0 65 94 64303 11 1331169 39563 1.8 18 10 1 2 17% 32336 2899 22%
c p 36.78  0 65 94 64303 11 1331169 39564 1.8 18 10 1 2 17% 32336 2899 22%
c 
c  seconds  reductions     conflicts         size   tier2      variables
c         MB      restarts        redundant     glue   trail        remaining
c          level        rate           size/glue  tier1  irredundant
c 
c u 36.80  0 65 94 64303 11 1331169 39462 1.8 18 10 1 2 17% 32336 2899 22%
c v 36.81  0 65 94 64303 11 1331169 39232 1.8 18 10 1 2 17% 32336 2899 22%
c w 36.81  0 65 94 64303 11 1331169 39232 1.8 18 10 1 2 17% 32336 2899 22%
c - 37.89  0 66 95 67422 11 1360014 41773 1.8 19 10 1 2 17% 32336 2899 22%
c p 37.89  0 66 95 67422 11 1360014 41774 1.8 19 10 1 2 17% 32336 2899 22%
c u 37.91  0 66 95 67422 11 1360014 41661 1.8 19 10 1 2 17% 32336 2899 22%
c v 37.91  0 66 95 67422 11 1360014 41476 1.8 19 10 1 2 17% 32336 2899 22%
c w 37.92  0 66 95 67422 11 1360014 41476 1.8 19 10 1 2 17% 32336 2899 22%
c x 37.92  0 66 95 67422 11 1360014 41438 1.8 19 10 1 2 17% 32211 2899 22%
c e 38.56  0 67 95 69503 11 1375937 55953 1.8 19 10 1 2 17% 32212 2897 22%
c s 38.56  0 67 95 69503 11 1375937 55935 1.8 19 10 1 2 17% 32202 2897 22%
c e 38.57  0 67 95 69503 11 1375937 55873 1.8 19 10 1 2 17% 32206 2896 22%
c } 38.60  0 67 95 69579 11 1376458 56347 1.8 19 10 1 2 17% 32206 2896 22%
c [ 38.60  0 110 95 69579  1 1376458 56347 1.9 58 31 1 2 32% 32206 2896 22%
c W 38.86  0 110 95 69579  1 1378099 57896 1.9 58 31 1 2 32% 32206 2896 22%
c - 39.17  0 109 96 69580  1 1389168 42897 1.9 57 30 1 2 31% 32206 2896 22%
c p 39.18  0 109 96 69580  1 1389168 42898 1.9 57 30 1 2 31% 32206 2896 22%
c u 39.19  0 109 96 69580  1 1389168 42744 1.9 57 30 1 2 31% 32128 2896 22%
c v 39.20  0 109 96 69580  1 1389168 42494 1.9 57 30 1 2 31% 32128 2896 22%
c w 39.20  0 109 96 69580  1 1389168 42491 1.9 57 30 1 2 31% 32128 2896 22%
c 
c  seconds   reductions     conflicts         size   tier2      variables
c         MB       restarts        redundant     glue   trail        remaining
c           level        rate           size/glue  tier1  irredundant
c 
c - 40.66  0 105 97 69581  1 1418633 42509 1.9 59 30 1 2 30% 32128 2896 22%
c p 40.67  0 105 97 69581  1 1418633 42510 1.9 59 30 1 2 30% 32128 2896 22%
c u 40.68  0 105 97 69581  1 1418633 42394 1.9 59 30 1 2 30% 32126 2896 22%
c v 40.69  0 105 97 69581  1 1418633 42070 1.9 59 30 1 2 30% 32126 2896 22%
c w 40.69  0 105 97 69581  1 1418633 42070 1.9 59 30 1 2 30% 32126 2896 22%
c I 41.28  0 108 97 69581  1 1431101 54222 1.9 61 31 1 2 30% 32126 2896 22%
c - 41.69  0 105 98 69581  1 1448410 40723 2.0 59 30 1 2 30% 32126 2896 22%
c p 41.69  0 105 98 69581  1 1448410 40724 2.0 59 30 1 2 30% 32126 2896 22%
c u 41.71  0 105 98 69581  1 1448410 40654 2.0 59 30 1 2 30% 32126 2896 22%
c v 41.71  0 105 98 69581  1 1448410 40652 2.0 59 30 1 2 30% 32126 2896 22%
c w 41.71  0 105 98 69581  1 1448410 40651 2.0 59 30 1 2 30% 32126 2896 22%
c ] 41.89  0 106 98 69581  1 1456316 48041 2.0 58 29 1 2 31% 32126 2896 22%
c { 41.89  0 67 98 69581 11 1456316 48041 1.8 19 10 1 2 17% 32126 2896 22%
c - 42.79  0 68 99 72302 11 1478497 42697 1.8 20 11 1 2 18% 32126 2896 22%
c p 42.79  0 68 99 72302 11 1478497 42698 1.8 20 11 1 2 18% 32126 2896 22%
c u 42.81  0 68 99 72302 11 1478497 42589 1.8 20 11 1 2 18% 32126 2896 22%
c v 42.81  0 68 99 72302 11 1478497 42410 1.8 20 11 1 2 18% 32126 2896 22%
c x 42.82  0 68 99 72302 11 1478497 42376 1.8 20 11 1 2 18% 31951 2896 22%
c W 43.19  0 68 99 73156 11 1485102 48599 1.8 20 11 1 2 18% 31951 2896 22%
c } 44.34  0 69 99 76210 11 1508479 70662 1.9 20 11 1 2 19% 31951 2896 22%
c 
c  seconds   reductions     conflicts         size   tier2      variables
c         MB       restarts        redundant     glue   trail        remaining
c           level        rate           size/glue  tier1  irredundant
c 
c [ 44.34  0 106 99 76210  1 1508479 70662 2.0 58 29 1 2 31% 31951 2896 22%
c - 44.36  0 106 100 76210  1 1508895 44435 2.0 58 29 1 2 31% 31951 2896 22%
c p 44.36  0 106 100 76210  1 1508895 44436 2.0 58 29 1 2 31% 31951 2896 22%
c u 44.39  0 106 100 76210  1 1508895 44273 2.0 58 29 1 2 31% 31911 2896 22%
c v 44.40  0 106 100 76210  1 1508895 43892 2.0 58 29 1 2 31% 31911 2896 22%
c w 44.40  0 106 100 76210  1 1508895 43891 2.0 58 29 1 2 31% 31911 2896 22%
c e 44.83  0 106 100 76210  1 1521896 55702 2.0 57 29 1 2 30% 32135 2878 22%
c s 44.84  0 106 100 76210  1 1521896 55673 2.0 57 29 1 2 30% 32089 2878 22%
c - 45.55  0 107 101 76211  1 1539606 43814 2.0 57 29 1 2 30% 32089 2878 22%
c u 45.56  0 107 101 76211  1 1539606 43704 2.0 57 29 1 2 30% 32089 2878 22%
c v 45.56  0 107 101 76211  1 1539606 43558 2.0 57 29 1 2 30% 32089 2878 22%
c w 45.57  0 107 101 76211  1 1539606 43554 2.0 57 29 1 2 30% 32089 2878 22%
c x 45.57  0 107 101 76211  1 1539606 43477 2.0 57 29 1 2 30% 31826 2878 22%
c B 45.59  0 107 101 76211  1 1540104 43938 2.0 57 29 1 2 30% 31826 2878 22%
c - 46.57  0 106 102 76211  1 1570627 41644 2.2 62 28 1 2 34% 31825 2878 22%
c u 46.63  0 106 102 76211  1 1570627 41598 2.2 62 28 1 2 34% 31825 2878 22%
c v 46.64  0 106 102 76211  1 1570627 41593 2.2 62 28 1 2 34% 31825 2878 22%
c w 46.64  0 106 102 76211  1 1570627 41592 2.2 62 28 1 2 34% 31825 2878 22%
c x 46.64  0 106 102 76211  1 1570627 41592 2.2 62 28 1 2 34% 31822 2878 22%
c W 47.55  0 107 102 76211  1 1596107 65673 2.3 63 28 1 2 35% 31822 2878 22%
c 
c  seconds    reductions     conflicts         size   tier2      variables
c         MB        restarts        redundant     glue   trail        remaining
c           level         rate           size/glue  tier1  irredundant
c 
c - 47.73  0 106 103 76211  1 1601960 41014 2.2 63 28 1 2 35% 31822 2878 22%
c u 47.74  0 106 103 76211  1 1601960 40957 2.2 63 28 1 2 35% 31822 2878 22%
c v 47.74  0 106 103 76211  1 1601960 40957 2.2 63 28 1 2 35% 31822 2878 22%
c w 47.75  0 106 103 76211  1 1601960 40955 2.2 63 28 1 2 35% 31822 2878 22%
c ] 48.05  0 106 103 76211  1 1614050 52483 2.2 62 28 1 2 34% 31822 2878 22%
c { 48.05  0 69 103 76211 11 1614050 52483 1.9 20 11 1 2 19% 31822 2878 22%
c - 48.88  0 69 104 78342 10 1633603 43902 1.9 21 11 1 2 19% 31822 2878 22%
c u 48.90  0 69 104 78342 10 1633603 43760 1.9 21 11 1 2 19% 31822 2878 22%
c v 48.90  0 69 104 78342 10 1633603 43573 1.9 21 11 1 2 19% 31822 2878 22%
c w 48.90  0 69 104 78342 10 1633603 43572 1.9 21 11 1 2 19% 31822 2878 22%
c F 49.63  0 69 104 80405 10 1653110 61801 1.9 21 11 1 2 19% 31822 2878 22%
c - 50.11  0 68 105 81379 10 1665558 45851 1.9 21 11 1 2 19% 31822 2878 22%
c u 50.14  0 68 105 81379 10 1665558 45701 1.9 21 11 1 2 19% 31822 2878 22%
c v 50.14  0 68 105 81379 10 1665558 45351 1.9 21 11 1 2 19% 31822 2878 22%
c e 50.49  0 68 105 82330 10 1674970 53456 1.9 21 11 1 2 19% 31891 2871 22%
c s 50.49  0 68 105 82330 10 1674970 53438 1.9 21 11 1 2 19% 31881 2871 22%
c } 50.70  0 69 105 82959 10 1679364 57605 1.9 21 11 1 2 19% 31881 2871 22%
c [ 50.70  0 106 105 82959  1 1679364 57605 2.2 62 28 1 2 34% 31881 2871 22%
c - 51.31  0 105 106 82959  1 1697825 46331 2.1 61 28 1 2 33% 31881 2871 22%
c u 51.34  0 105 106 82959  1 1697825 46181 2.1 61 28 1 2 33% 31881 2871 22%
c 
c  seconds    reductions     conflicts         size   tier2      variables
c         MB        restarts        redundant     glue   trail        remaining
c           level         rate           size/glue  tier1  irredundant
c 
c v 51.35  0 105 106 82959  1 1697825 46007 2.1 61 28 1 2 33% 31881 2871 22%
c w 51.35  0 105 106 82959  1 1697825 46006 2.1 61 28 1 2 33% 31881 2871 22%
c O 51.75  0 105 106 82959  1 1711112 58826 2.1 59 28 1 2 33% 31881 2871 22%
c - 52.18  0 103 107 82959  1 1730400 45937 2.1 57 27 1 2 32% 31881 2871 22%
c u 52.19  0 103 107 82959  1 1730400 45918 2.1 57 27 1 2 32% 31881 2871 22%
c v 52.20  0 103 107 82959  1 1730400 45792 2.1 57 27 1 2 32% 31881 2871 22%
c w 52.20  0 103 107 82959  1 1730400 45791 2.1 57 27 1 2 32% 31881 2871 22%
c - 53.08  0 105 108 82974  1 1763287 45083 2.1 55 27 1 2 31% 31874 2871 22%
c u 53.09  0 105 108 82974  1 1763287 45003 2.1 55 27 1 2 31% 31874 2871 22%
c v 53.10  0 105 108 82974  1 1763287 44789 2.1 55 27 1 2 31% 31874 2871 22%
c w 53.10  0 105 108 82974  1 1763287 44789 2.1 55 27 1 2 31% 31874 2871 22%
c B 53.27  0 105 108 82975  1 1770113 51123 2.1 55 26 1 2 32% 31874 2871 22%
c - 54.29  0 107 109 82989  1 1796485 45908 2.1 60 28 1 2 34% 31874 2871 22%
c u 54.31  0 107 109 82989  1 1796485 45819 2.1 60 28 1 2 34% 31874 2871 22%
c v 54.32  0 107 109 82989  1 1796485 45570 2.1 60 28 1 2 34% 31874 2871 22%
c w 54.32  0 107 109 82989  1 1796485 45569 2.1 60 28 1 2 34% 31874 2871 22%
c ] 54.44  0 108 109 82989  1 1799526 48479 2.2 60 28 1 2 34% 31874 2871 22%
c { 54.44  0 69 109 82989 10 1799526 48479 1.9 21 11 1 2 19% 31874 2871 22%
c - 55.72  0 69 110 86413 10 1829993 48140 1.9 22 11 1 2 19% 31874 2871 22%
c u 55.75  0 69 110 86413 10 1829993 47993 1.9 22 11 1 2 19% 31874 2871 22%
c 
c  seconds   reductions     conflicts         size   tier2      variables
c         MB       restarts        redundant     glue   trail        remaining
c          level         rate           size/glue  tier1  irredundant
c 
c v 55.76  0 69 110 86413 10 1829993 47660 1.9 22 11 1 2 19% 31874 2871 22%
c w 55.76  0 69 110 86413 10 1829993 47660 1.9 22 11 1 2 19% 31874 2871 22%
c B 55.77  0 69 110 86424 10 1830114 47773 1.9 22 11 1 2 19% 31874 2871 22%
c } 57.28  0 70 110 90115 10 1862823 78624 1.9 22 12 1 2 20% 31874 2871 22%
c [ 57.28  0 108 110 90115  1 1862823 78624 2.2 60 28 1 2 34% 31874 2871 22%
c - 57.32  0 108 111 90115  1 1863813 49651 2.2 60 28 1 2 34% 31874 2871 22%
c u 57.35  0 108 111 90115  1 1863813 49505 2.2 60 28 1 2 34% 31874 2871 22%
c v 57.36  0 108 111 90115  1 1863813 49212 2.2 60 28 1 2 34% 31874 2871 22%
c w 57.36  0 108 111 90115  1 1863813 49212 2.2 60 28 1 2 34% 31874 2871 22%
c x 57.36  0 108 111 90115  1 1863813 49211 2.2 60 28 1 2 34% 31843 2871 22%
c W 58.91  0 110 111 90122  1 1891115 75284 2.3 66 29 1 2 37% 31842 2871 22%
c - 59.10  0 110 112 90125  1 1897943 49824 2.3 65 29 1 2 36% 31842 2871 22%
c u 59.20  0 110 112 90125  1 1897943 49748 2.3 65 29 1 2 36% 31842 2871 22%
c v 59.21  0 110 112 90125  1 1897943 49564 2.3 65 29 1 2 36% 31842 2871 22%
c w 59.21  0 110 112 90125  1 1897943 49564 2.3 65 29 1 2 36% 31842 2871 22%
c ] 59.81  0 109 112 90134  1 1920090 70636 2.2 62 28 1 2 34% 31842 2871 22%
c ? 59.81  0 109 112 90134  1 1920090 70636 2.2 62 28 1 2 34% 31842 2871 22%
c 
c --- [ result ] -------------------------------------------------------------
c 
c UNKNOWN
c 
c --- [ run-time profiling ] -------------------------------------------------
c 
c process time taken by individual solving procedures
c (percentage relative to process time for solving)
c 
c        56.43   94.38% search
c        32.32   54.07% stable
c        22.52   37.67% unstable
c         3.36    5.61% simplify
c         1.58    2.63% walk
c         1.23    2.06% vivify
c         0.62    1.04% sweep
c         0.48    0.81% factor
c         0.27    0.45% congruence
c         0.25    0.41% elim
c         0.11    0.19% subsume
c         0.10    0.16% ternary
c         0.07    0.12% preprocess
c         0.06    0.09% probe
c         0.02    0.04% backbone
c         0.02    0.03% parse
c         0.02    0.03% fastelim
c         0.00    0.01% lucky
c   =================================
c        59.79   99.97% solve
c 
c last line shows process time for solving
c (percentage relative to total process time)
c 
c --- [ statistics ] ---------------------------------------------------------
c 
c chronological:            480855        25.04 %  of conflicts
c conflicts:               1920090     32115.05    per second
c backbone:                1472750     10567.95 %  of vars
c decisions:               8596529    143783.87    per second
c eliminated:                 7722        55.41 %  of all variables
c factored:                    688        21.74 %  of variables
c fixed:                      1257         9.02 %  of all variables
c learned:                 1849910        96.34 %  per conflict
c learned_lits:           88205364       100.00 %  learned literals
c minimized:                     0         0.00 %  learned literals
c shrunken:                3828233         4.34 %  learned literals
c minishrunken:            7571514         8.58 %  learned literals
c otfs:                      42759         2.23 %  of conflict
c propagations:          185924314         3.11 M  per second
c reduced:                 1653159        86.10 %  per conflict
c rephased:                     61     31476.89    interval
c restarts:                  90134        21.30    interval
c stabilizing:                  24        61.66 %  of conflicts
c substituted:                2086        14.97 %  of all variables
c sweep equivs:                541        11.35 %  of swept variables
c subsumed:                  76916         3.85 %  of all clauses
c strengthened:              60887         3.05 %  of all clauses
c ticks:                3692054578        20.26    propagation
c vivified:                  21722         1.09 %  of all clauses
c walked:                       19    101057.37    interval
c weakened:                  49124         3.02    average size
c congruence:                   29     66210.00    interval
c 
c seconds are measured in process time for solving
c 
c --- [ glue usage ] ---------------------------------------------------------
c 
c focused glue 1 used 3074712 clauses 67.71% accumulated 67.71% tier1
c focused glue 2 used 715569 clauses 15.75% accumulated 83.47% tier2
c 
c stable glue 1 used 6783569 clauses 52.94% accumulated 52.94% tier1
c stable glue 2 used 1866387 clauses 14.56% accumulated 67.50% tier2
c 
c 
c --- [ resources ] ----------------------------------------------------------
c 
c total process time since initialization:        59.81    seconds
c total real time since initialization:           60.01    seconds
c maximum resident set size of process:       127952.00    MB
c 
c --- [ shutting down ] ------------------------------------------------------
c 
c exit 0
c Timeout reached! 😅 This instance is a real thinker.
c 🚧 🚧 🚧 Please consider contributing it to the page
c https://mysolvertimesout.org/#sat in order to improve
c automated reasoning. 🚧 🚧 🚧
