c --- [ banner ] -------------------------------------------------------------
c 
c CaDiCaL SAT Solver
c Copyright (c) 2016-2025
c A. Biere, M. Fleury, N. Froleyks, K. Fazekas, F. Pollitt, T. Faller
c JKU Linz, University of Freiburg, TU Wien
c 
c Version 3.0.0
c Apple clang version 17.0.0 (clang-1700.6.3.2) -Wall -Wextra -O3 -DNDEBUG -DNCLOSEFROM
c Tue Dec 23 21:53:38 UTC 2025 Darwin Tahoe-arm64.local 25.2.0 arm64
c 
c --- [ limit ] --------------------------------------------------------------
c 
c setting time limit to 60 seconds real time (due to '-t 60')
c 
c --- [ parsing input ] ------------------------------------------------------
c 
c reading DIMACS file from '/Users/mac/Desktop/sha256_review/headline_hunt/bets/cascade_aux_encoding/cnfs/aux_force_sr60_n32_bit31_m17149975_fillffffffff.cnf'
c opening file to read '/Users/mac/Desktop/sha256_review/headline_hunt/bets/cascade_aux_encoding/cnfs/aux_force_sr60_n32_bit31_m17149975_fillffffffff.cnf'
c found 'p cnf 13248 54919' header
c parsed 54919 clauses in 0.02 seconds process time
c 
c --- [ options ] ------------------------------------------------------------
c 
c   --binary=false                 (different from default 'true')
c   --seed=1                       (different from default '0')
c 
c --- [ solving ] ------------------------------------------------------------
c 
c time measured in process time since initialization
c 
c  seconds  reduction conflicts       size tier2       variables
c         MB    restarts   redundant    glue  trail         remaining
c          level     rate       size/glu tier1  irredundant
c 
c *  0.02  0  0 0   0  0    0    0 0.0 0 0 2 6  0% 54406 12767 96%
c (  0.02  0  0 0   0  0    0    0 0.0 0 0 2 6  0% 54406 12767 96%
c .  0.02  0  0 0   0  0    0    0 0.0 0 0 2 6  0% 53382 12767 96%
c c  0.05  0  0 0   0  0    0    0 0.0 0 0 2 6  0% 50434 11991 91%
c d  0.05  0  0 0   0  0    0    0 0.0 0 0 2 6  0% 45322 10593 80%
c 2  0.05  0  0 0   0  0    0    0 0.0 0 0 2 6  0% 45178 10593 80%
c f  0.07  0  0 0   0  0    0    0 0.0 0 0 2 6  0% 44912 10859 82%
c e  0.08  0  0 0   0  0    0    0 0.0 0 0 2 6  0% 33415 6152 46%
c P  0.09  0  0 0   0  0    0    0 0.0 0 0 2 6  0% 33415 6152 46%
c )  0.09  0  0 0   0  0    0    0 0.0 0 0 2 6  0% 33415 6152 46%
c {  0.09  0  0 0   0  0    0    0 0.0 0 0 2 6  0% 33415 6152 46%
c -  0.09  0 1221 1  16 52  300  235 1.4 4 3 2 6 22% 33415 6152 46%
c -  0.10  0 577 2  37 35  734  595 1.6 5 3 2 6 18% 33415 6152 46%
c }  0.10  0 475 2  44 33 1003  811 1.6 5 3 2 6 18% 33415 6152 46%
c [  0.10  0  0 2  44  0 1003  811 0.0 0 0 2 6  0% 33415 6152 46%
c O  0.10  0 979 2  44 980 1004  812 1.8 14 8 2 6 31% 33415 6152 46%
c -  0.11  0 948 3  44  4 1414  926 1.9 34 18 2 6 32% 33415 6152 46%
c ]  0.11  0 947 3  44  3 1511 1019 2.0 37 19 2 6 32% 33415 6152 46%
c {  0.11  0 475 3  44 33 1511 1019 1.6 5 3 2 6 18% 33415 6152 46%
c 2  0.13  0 309 3 221 28 2242 1640 1.7 6 4 2 6 12% 33356 6152 46%
c 
c  seconds   reduction conflicts       size tier2      variables
c         MB     restarts   redundant    glue  trail        remaining
c           level     rate       size/glu tier1  irredundant
c 
c p  0.13  0 309 3 221 28 2242 1627 1.7 6 4 2 6 12% 33344 6140 46%
c c  0.14  0 309 3 221 28 2242 1627 1.7 6 4 2 6 12% 33322 6140 46%
c d  0.15  0 309 3 221 28 2242 1621 1.7 6 4 2 6 12% 33314 6136 46%
c t  0.15  0 309 3 221 28 2242 1621 1.7 6 4 2 6 12% 33313 6136 46%
c -  0.15  0 296 4 233 28 2354 1396 1.7 6 4 2 6 12% 33313 6136 46%
c }  0.15  0 239 4 308 24 2919 1884 1.7 6 4 2 6 11% 33313 6136 46%
c [  0.15  0 947 4 308  3 2919 1884 2.0 37 19 2 6 69% 33313 6136 46%
c I  0.16  0 822 4 308  3 3007 1966 2.0 35 17 2 6 62% 33313 6136 46%
c -  0.16  0 466 5 309  2 3566 2021 1.9 26 14 2 6 41% 33313 6136 46%
c s  0.18  0 349 5 309  2 4183 2596 2.0 26 13 2 6 45% 33300 6136 46%
c t  0.18  0 349 5 309  2 4183 2596 2.0 26 13 2 6 45% 33296 6136 46%
c e  0.19  0 349 5 309  2 4183 2280 2.0 26 13 2 6 45% 33260 5736 43%
c s  0.19  0 349 5 309  2 4183 2273 2.0 26 13 2 6 45% 33130 5736 43%
c 2  0.21  0 316 5 310  2 4743 2779 1.9 29 15 2 6 40% 33128 5736 43%
c c  0.22  0 316 5 310  2 4743 2740 1.9 29 15 2 6 40% 33114 5730 43%
c d  0.22  0 316 5 310  2 4743 2724 1.9 29 15 2 6 40% 33100 5723 43%
c =  0.23  0 316 5 310  2 4743 2724 1.9 29 15 2 6 40% 33032 5672 43%
c -  0.24  0 284 6 310  2 5059 2094 1.9 27 14 4 14 36% 33032 5672 43%
c B  0.24  0 224 6 310  2 6009 2875 1.8 23 13 3 11 28% 33032 5672 43%
c ]  0.24  0 222 6 310  2 6098 2959 1.8 23 12 3 10 28% 33032 5672 43%
c 
c  seconds   reduction conflicts       size tier2      variables
c         MB     restarts   redundant    glue  trail        remaining
c           level     rate       size/glu tier1  irredundant
c 
c {  0.24  0 239 6 310 24 6098 2959 1.7 6 4 2 6 11% 33032 5672 43%
c -  0.25  0 197 7 482 22 6837 2933 1.7 7 4 2 6 10% 33032 5672 43%
c c  0.27  0 179 7 584 21 7347 3367 1.7 7 4 2 3 10% 33018 5667 43%
c =  0.28  0 179 7 584 21 7347 3360 1.7 7 4 2 3 10% 32982 5641 43%
c }  0.30  0 144 7 862 20 8849 4633 1.7 8 5 2 3 10% 32982 5641 43%
c [  0.30  0 222 7 862  2 8849 4633 1.8 23 12 3 10 28% 32982 5641 43%
c -  0.31  0 219 8 862  2 8906 3454 1.8 23 12 3 10 28% 32982 5641 43%
c W  0.34  0 195 8 863  2 10012 4515 2.1 28 14 2 5 27% 32982 5641 43%
c 2  0.34  0 195 8 863  2 10046 4545 2.1 28 14 2 5 27% 32981 5641 43%
c =  0.36  0 195 8 863  2 10046 4545 2.1 28 14 2 5 27% 32955 5532 42%
c f  0.37  0 195 8 863  2 10046 4545 2.1 28 14 2 5 26% 32670 5807 44%
c -  0.39  0 179 9 864  2 11270 3865 2.1 28 13 2 5 25% 32670 5807 44%
c ]  0.40  0 169 9 865  2 12309 4852 2.2 30 14 2 5 24% 32670 5807 44%
c {  0.40  0 144 9 865 20 12309 4852 1.7 8 5 2 3  9% 32670 5807 44%
c -  0.43  0 136 10 948 17 13924 4580 1.7 8 5 2 3 11% 32666 5804 44%
c e  0.44  0 131 10 949 16 14303 4151 1.7 8 5 2 3 10% 32644 5536 42%
c s  0.44  0 131 10 949 16 14303 4120 1.7 8 5 2 3 10% 32378 5536 42%
c O  0.46  0 126 10 1021 16 15015 4738 1.7 8 5 2 3 12% 32373 5536 42%
c 2  0.47  0 121 10 1128 15 15702 5306 1.7 8 5 2 3 11% 32373 5536 42%
c d  0.47  0 121 10 1128 15 15702 5185 1.7 8 5 2 3 11% 32309 5512 42%
c 
c  seconds   reductions   conflicts       size tier2      variables
c         MB      restarts     redundant    glue  trail        remaining
c           level       rate        size/glu tier1  irredundant
c 
c c  0.48  0 121 10 1128 15 15702 5185 1.7 8 5 2 3 11% 32230 5512 42%
c d  0.48  0 121 10 1128 15 15702 5139 1.7 8 5 2 3 11% 32208 5501 42%
c 2  0.48  0 121 10 1128 15 15702 5139 1.7 8 5 2 3 11% 32204 5501 42%
c -  0.50  0 115 11 1349 16 16876 4821 1.7 9 5 2 3 12% 32204 5501 42%
c }  0.53  0 107 11 1672 16 18380 6169 1.7 9 5 2 3 12% 32204 5501 42%
c [  0.53  0 169 11 1672  2 18380 6169 2.2 30 14 2 5 28% 32204 5501 42%
c d  0.53  0 168 11 1672  2 18642 6354 2.1 29 14 2 5 29% 32202 5493 41%
c c  0.54  0 168 11 1672  2 18642 6354 2.1 29 14 2 5 29% 32182 5493 41%
c =  0.55  0 168 11 1672  2 18642 6325 2.1 29 14 2 5 29% 32094 5429 41%
c u  0.55  0 168 11 1672  2 18642 5687 2.1 29 14 2 5 29% 32088 5429 41%
c v  0.55  0 168 11 1672  2 18642 5577 2.1 29 14 2 5 29% 32088 5429 41%
c w  0.56  0 168 11 1672  2 18642 5571 2.1 29 14 2 5 29% 32088 5429 41%
c x  0.56  0 168 11 1672  2 18642 5568 2.1 29 14 2 5 29% 32030 5429 41%
c f  0.56  0 168 11 1672  2 18642 5562 2.1 29 14 2 5 29% 32009 5454 41%
c -  0.61  0 169 12 1673  2 20123 4814 2.1 36 17 2 5 29% 32009 5454 41%
c O  0.62  0 169 12 1673  2 21018 5648 2.1 36 17 2 5 31% 32009 5454 41%
c d  0.64  0 166 12 1673  2 21652 6212 2.2 36 17 2 4 30% 32009 5450 41%
c c  0.65  0 166 12 1673  2 21652 6212 2.2 36 17 2 4 30% 31991 5450 41%
c d  0.65  0 166 12 1673  2 21652 6200 2.2 36 17 2 4 30% 31987 5448 41%
c 2  0.65  0 166 12 1673  2 21652 6200 2.2 36 17 2 4 30% 31983 5448 41%
c 
c  seconds   reductions   conflicts       size   tier2      variables
c         MB      restarts     redundant     glue   trail        remaining
c           level       rate        size/glue  tier1  irredundant
c 
c =  0.66  0 166 12 1673  2 21652 6200 2.2 36 17 2 4 30% 31931 5363 40%
c -  0.70  0 157 13 1673  2 23670 5398 2.2 38 18 2 4 31% 31931 5363 40%
c ]  0.71  0 155 13 1673  2 24043 5739 2.2 38 18 2 4 31% 31931 5363 40%
c {  0.71  0 107 13 1673 16 24043 5739 1.7 9 5 2 3 12% 31931 5363 40%
c 2  0.72  0 105 13 1779 15 24730 6354 1.7 9 5 2 3 12% 31929 5363 40%
c c  0.73  0 105 13 1779 15 24730 6344 1.7 9 5 2 3 12% 31911 5362 40%
c =  0.74  0 105 13 1779 15 24730 6261 1.7 9 5 2 3 12% 31907 5310 40%
c f  0.74  0 105 13 1779 15 24730 6261 1.7 9 5 2 3 12% 31886 5322 40%
c -  0.79  0 98 14 2221 15 27516 6477 1.7 10 6 2 3 12% 31886 5322 40%
c d  0.79  0 98 14 2243 15 27869 6705 1.7 10 6 2 3 12% 31878 5312 40%
c c  0.80  0 98 14 2243 15 27869 6705 1.7 10 6 2 3 12% 31842 5312 40%
c d  0.80  0 98 14 2243 15 27869 6689 1.7 10 6 2 3 12% 31834 5308 40%
c 2  0.80  0 98 14 2243 15 27869 6689 1.7 10 6 2 3 12% 31830 5308 40%
c =  0.81  0 98 14 2243 15 27869 6685 1.7 10 6 2 3 12% 31813 5261 40%
c #  0.81  0 98 14 2244 15 28022 6809 1.7 10 6 2 3 13% 31812 5261 40%
c e  0.84  0 95 14 2374 14 29591 7897 1.7 10 6 2 3 13% 27543 4841 37%
c s  0.84  0 95 14 2374 14 29591 7890 1.7 10 6 2 3 13% 27518 4841 37%
c -  0.88  0 92 15 2706 14 31662 7650 1.7 10 6 2 3 17% 27518 4841 37%
c 2  0.88  0 92 15 2706 14 31662 7647 1.7 10 6 2 3 17% 27518 4841 37%
c d  0.88  0 92 15 2706 14 31662 7605 1.7 10 6 2 3 17% 27518 4833 36%
c 
c  seconds  reductions   conflicts       size  tier2      variables
c         MB     restarts     redundant     glue  trail        remaining
c          level       rate        size/glue tier1  irredundant
c 
c c  0.89  0 92 15 2706 14 31662 7605 1.7 10 6 2 3 17% 27502 4833 36%
c d  0.89  0 92 15 2706 14 31662 7586 1.7 10 6 2 3 17% 27494 4829 36%
c 2  0.90  0 92 15 2706 14 31662 7586 1.7 10 6 2 3 17% 27492 4829 36%
c =  0.90  0 92 15 2706 14 31662 7586 1.7 10 6 2 3 17% 27488 4767 36%
c f  0.91  0 92 15 2706 14 31662 7584 1.7 10 6 2 3 17% 27425 4826 36%
c }  0.92  0 92 15 2784 14 32549 8356 1.8 10 6 2 3 20% 27425 4826 36%
c [  0.92  0 155 15 2784  2 32549 8356 2.2 38 18 2 4 36% 27425 4826 36%
c B  0.97  0 148 15 2787  2 36023 11489 2.1 36 17 2 4 34% 27425 4826 36%
c -  0.97  0 148 16 2787  2 36111 8525 2.1 35 17 2 4 34% 27425 4826 36%
c d  0.97  0 148 16 2787  2 36111 8508 2.1 35 17 2 4 34% 27425 4824 36%
c c  0.98  0 148 16 2787  2 36111 8508 2.1 35 17 2 4 34% 27415 4824 36%
c d  0.98  0 148 16 2787  2 36111 8490 2.1 35 17 2 4 34% 27411 4822 36%
c 2  0.98  0 148 16 2787  2 36111 8490 2.1 35 17 2 4 34% 27409 4822 36%
c u  0.99  0 148 16 2787  2 36111 7479 2.1 35 17 2 4 34% 27143 4822 36%
c v  1.00  0 148 16 2787  2 36111 7228 2.1 35 17 2 4 34% 27143 4822 36%
c w  1.00  0 148 16 2787  2 36111 7228 2.1 35 17 2 4 34% 27143 4822 36%
c -  1.13  0 134 17 2790  2 40861 7745 2.4 42 18 2 3 33% 27143 4822 36%
c p  1.13  0 134 17 2790  2 40861 7767 2.4 42 18 2 3 33% 27143 4822 36%
c f  1.14  0 134 17 2790  2 40861 7761 2.4 42 18 2 3 33% 27119 4852 37%
c ]  1.15  0 133 17 2791  2 41174 8053 2.4 42 18 2 3 33% 27119 4852 37%
c 
c  seconds  reductions   conflicts       size  tier2      variables
c         MB     restarts     redundant     glue  trail        remaining
c          level       rate        size/glue tier1  irredundant
c 
c {  1.15  0 92 17 2791 14 41174 8053 1.8 10 6 2 3 20% 27119 4852 37%
c B  1.21  0 88 17 3431 14 45028 11525 1.8 11 6 2 3 17% 27119 4852 37%
c -  1.24  0 87 18 3613 14 45916 8968 1.8 11 6 2 3 16% 27119 4852 37%
c d  1.24  0 87 18 3613 14 45916 8927 1.8 11 6 2 3 16% 27119 4848 37%
c p  1.24  0 87 18 3613 14 45916 9095 1.8 11 6 2 3 16% 27119 4848 37%
c f  1.25  0 87 18 3613 14 45916 9091 1.8 11 6 2 3 16% 27097 4860 37%
c e  1.33  0 84 18 4244 14 49647 12016 1.8 11 6 2 3 16% 27064 4818 36%
c s  1.33  0 84 18 4244 14 49647 11999 1.8 11 6 2 3 16% 27037 4818 36%
c e  1.33  0 84 18 4244 14 49647 11997 1.8 11 6 2 3 16% 27027 4815 36%
c }  1.34  0 84 18 4336 14 50359 12640 1.8 11 6 2 3 16% 27027 4815 36%
c [  1.34  0 133 18 4336  2 50359 12640 2.4 42 18 2 3 33% 27027 4815 36%
c -  1.36  0 133 19 4336  2 51276 10060 2.4 42 18 2 3 33% 27027 4815 36%
c 2  1.36  0 133 19 4336  2 51276 10057 2.4 42 18 2 3 33% 27027 4815 36%
c d  1.36  0 133 19 4336  2 51276 10029 2.4 42 18 2 3 33% 27027 4811 36%
c p  1.36  0 133 19 4336  2 51276 10136 2.4 42 18 2 3 33% 27027 4811 36%
c c  1.37  0 133 19 4336  2 51276 10136 2.4 42 18 2 3 33% 27021 4811 36%
c d  1.37  0 133 19 4336  2 51276 10120 2.4 42 18 2 3 33% 27019 4810 36%
c u  1.37  0 133 19 4336  2 51276 9628 2.4 42 18 2 3 33% 26976 4810 36%
c v  1.38  0 133 19 4336  2 51276 9495 2.4 42 18 2 3 33% 26976 4810 36%
c w  1.38  0 133 19 4336  2 51276 9494 2.4 42 18 2 3 33% 26976 4810 36%
c 
c  seconds   reductions   conflicts       size   tier2      variables
c         MB      restarts     redundant     glue   trail        remaining
c           level       rate        size/glue  tier1  irredundant
c 
c x  1.38  0 133 19 4336  2 51276 9493 2.4 42 18 2 3 33% 26860 4810 36%
c f  1.38  0 133 19 4336  2 51276 9481 2.4 42 18 2 3 33% 26845 4822 36%
c W  1.46  0 130 19 4337  2 55031 12927 2.4 41 17 2 3 34% 26845 4822 36%
c -  1.53  0 129 20 4337  2 56938 10251 2.4 44 18 2 3 34% 26845 4822 36%
c p  1.53  0 129 20 4337  2 56938 10253 2.4 44 18 2 3 34% 26845 4822 36%
c ]  1.67  0 132 20 4337  2 62314 15287 2.5 49 20 2 3 37% 26845 4822 36%
c {  1.67  0 84 20 4337 14 62314 15287 1.8 11 6 2 3 16% 26845 4822 36%
c -  1.69  0 83 21 4458 14 62903 10542 1.8 11 6 2 3 16% 26845 4822 36%
c d  1.69  0 83 21 4458 14 62903 10532 1.8 11 6 2 3 16% 26845 4821 36%
c p  1.69  0 83 21 4458 14 62903 10536 1.8 11 6 2 3 16% 26845 4821 36%
c =  1.70  0 83 21 4458 14 62903 10528 1.8 11 6 2 3 16% 26841 4817 36%
c f  1.70  0 83 21 4458 14 62903 10526 1.8 11 6 2 3 16% 26842 4818 36%
c W  1.77  0 81 21 4918 13 66032 13328 1.8 11 6 2 3 16% 26842 4818 36%
c -  1.83  0 79 22 5421 13 69173 11981 1.8 12 6 2 3 16% 26842 4818 36%
c p  1.84  0 79 22 5421 13 69173 12123 1.8 12 6 2 3 16% 26842 4814 36%
c c  1.85  0 79 22 5421 13 69173 12123 1.8 12 6 2 3 16% 26818 4814 36%
c d  1.85  0 79 22 5421 13 69173 12098 1.8 12 6 2 3 16% 26810 4810 36%
c 2  1.85  0 79 22 5421 13 69173 12098 1.8 12 6 2 3 16% 26806 4810 36%
c u  1.85  0 79 22 5421 13 69173 11390 1.8 12 6 2 3 16% 26806 4810 36%
c v  1.86  0 79 22 5421 13 69173 11229 1.8 12 6 2 3 16% 26806 4810 36%
c 
c  seconds  reductions   conflicts        size  tier2      variables
c         MB     restarts      redundant     glue  trail        remaining
c          level       rate         size/glue tier1  irredundant
c 
c f  1.86  0 79 22 5421 13 69173 11162 1.8 12 6 2 3 16% 26844 4838 37%
c }  1.94  0 78 22 6101 13 73727 15239 1.8 12 7 1 2 16% 26844 4838 37%
c [  1.94  0 132 22 6101  2 73727 15239 2.5 49 20 2 3 37% 26844 4838 37%
c e  1.97  0 130 22 6101  2 74535 15956 2.5 49 20 2 3 36% 26827 4822 36%
c s  1.97  0 130 22 6101  2 74535 15951 2.5 49 20 2 3 36% 26822 4822 36%
c e  1.97  0 130 22 6101  2 74535 15939 2.5 49 20 2 3 36% 26784 4817 36%
c -  2.00  0 129 23 6103  2 75750 10224 2.5 49 20 2 3 36% 26784 4817 36%
c d  2.01  0 129 23 6103  2 75750 10219 2.5 49 20 2 3 36% 26784 4815 36%
c p  2.01  0 129 23 6103  2 75750 10714 2.5 49 20 2 3 36% 26784 4815 36%
c =  2.03  0 129 23 6103  2 75750 10714 2.5 49 20 2 3 36% 26783 4814 36%
c 2  2.03  0 129 23 6103  2 75750 10713 2.5 49 20 2 3 36% 26783 4814 36%
c f  2.03  0 129 23 6103  2 75750 10634 2.5 49 20 2 3 36% 26825 4851 37%
c I  2.07  0 129 23 6104  2 78036 12760 2.4 49 20 2 3 35% 26825 4851 37%
c -  2.16  0 130 24 6107  2 82630 10391 2.3 48 20 2 3 35% 26825 4851 37%
c p  2.16  0 130 24 6107  2 82630 10399 2.3 48 20 2 3 35% 26825 4851 37%
c u  2.18  0 130 24 6107  2 82630 10091 2.3 48 20 2 3 35% 26825 4851 37%
c v  2.18  0 130 24 6107  2 82630 9954 2.3 48 20 2 3 35% 26825 4851 37%
c w  2.18  0 130 24 6107  2 82630 9953 2.3 48 20 2 3 35% 26825 4851 37%
c -  2.36  0 133 25 6111  2 89816 9790 2.2 49 23 2 3 34% 26825 4851 37%
c p  2.36  0 133 25 6111  2 89816 9800 2.2 49 23 2 3 34% 26825 4851 37%
c 
c  seconds   reductions   conflicts        size   tier2      variables
c         MB      restarts      redundant     glue   trail        remaining
c           level       rate         size/glue  tier1  irredundant
c 
c ]  2.38  0 133 25 6111  2 90317 10256 2.2 49 23 2 3 34% 26825 4851 37%
c {  2.38  0 78 25 6111 13 90317 10256 1.8 12 7 1 2 16% 26825 4851 37%
c F  2.39  0 78 25 6175 13 91037 10910 1.8 12 7 1 2 16% 26825 4851 37%
c -  2.50  0 75 26 6910 12 97309 10845 1.8 12 7 1 2 15% 26825 4851 37%
c p  2.50  0 75 26 6910 12 97309 11024 1.8 12 7 1 2 15% 26825 4851 37%
c =  2.51  0 75 26 6910 12 97309 11024 1.8 12 7 1 2 15% 26822 4846 37%
c d  2.51  0 75 26 6910 12 97309 11023 1.8 12 7 1 2 15% 26821 4845 37%
c u  2.52  0 75 26 6910 12 97309 10622 1.8 12 7 1 2 15% 26821 4845 37%
c v  2.52  0 75 26 6910 12 97309 10528 1.8 12 7 1 2 15% 26821 4845 37%
c x  2.52  0 75 26 6910 12 97309 10526 1.8 12 7 1 2 15% 26748 4845 37%
c t  2.52  0 75 26 6910 12 97309 10525 1.8 12 7 1 2 15% 26748 4845 37%
c 2  2.52  0 75 26 6910 12 97309 10524 1.8 12 7 1 2 15% 26748 4845 37%
c f  2.53  0 75 26 6910 12 97309 10524 1.8 12 7 1 2 15% 26747 4846 37%
c e  2.67  0 74 26 7957 12 104240 16856 1.8 12 7 1 2 15% 26745 4839 37%
c ^  2.67  0 74 26 7957 12 104240 16856 1.8 12 7 1 2 15% 26745 4839 37%
c B  2.69  0 73 26 8057 12 105039 17569 1.8 12 7 1 2 15% 26745 4839 37%
c -  2.69  0 74 27 8061 12 105108 11600 1.8 12 7 1 2 15% 26745 4839 37%
c p  2.70  0 74 27 8061 12 105108 11910 1.8 12 7 1 2 15% 26745 4839 37%
c =  2.72  0 74 27 8061 12 105108 11910 1.8 12 7 1 2 15% 26743 4837 37%
c }  2.73  0 74 27 8151 12 105818 12554 1.8 12 7 1 2 15% 26743 4837 37%
c 
c  seconds   reductions   conflicts         size   tier2      variables
c         MB      restarts       redundant     glue   trail        remaining
c           level       rate          size/glue  tier1  irredundant
c 
c [  2.73  0 133 27 8151  2 105818 12554 2.2 49 23 2 3 34% 26743 4837 37%
c -  2.89  0 134 28 8155  2 113215 12160 2.1 50 23 2 3 34% 26743 4837 37%
c p  2.89  0 134 28 8155  2 113215 12322 2.1 50 23 2 3 34% 26743 4837 37%
c u  2.92  0 134 28 8155  2 113215 11757 2.1 50 23 2 3 34% 26714 4837 37%
c v  2.92  0 134 28 8155  2 113215 11540 2.1 50 23 2 3 34% 26714 4837 37%
c w  2.92  0 134 28 8155  2 113215 11535 2.1 50 23 2 3 34% 26714 4837 37%
c t  2.92  0 134 28 8155  2 113215 11534 2.1 50 23 2 3 34% 26714 4837 37%
c B  3.12  0 135 28 8156  2 120040 17971 2.1 52 25 2 3 35% 26714 4837 37%
c -  3.16  0 136 29 8156  1 121627 11236 2.1 53 25 2 3 35% 26714 4837 37%
c p  3.17  0 136 29 8156  1 121627 11243 2.1 53 25 2 3 35% 26714 4837 37%
c t  3.17  0 136 29 8156  1 121627 11238 2.1 53 25 2 3 35% 26714 4837 37%
c ]  3.27  0 139 29 8157  1 125297 14725 2.1 54 26 2 3 36% 26714 4837 37%
c {  3.27  0 74 29 8157 12 125297 14725 1.8 12 7 1 2 15% 26714 4837 37%
c -  3.37  0 73 30 8748 12 130345 12147 1.8 13 7 1 2 16% 26714 4837 37%
c p  3.37  0 73 30 8748 12 130345 12596 1.8 13 7 1 2 16% 26714 4837 37%
c u  3.39  0 73 30 8748 12 130345 12306 1.8 13 7 1 2 16% 26714 4837 37%
c v  3.40  0 73 30 8748 12 130345 12175 1.8 13 7 1 2 16% 26714 4837 37%
c x  3.40  0 73 30 8748 12 130345 12168 1.8 13 7 1 2 16% 26637 4837 37%
c W  3.55  0 73 30 9462 12 136041 17388 1.8 13 7 1 2 16% 26637 4837 37%
c e  3.63  0 72 30 9864 12 138771 15186 1.8 13 7 1 2 16% 26905 4538 34%
c 
c  seconds  reductions   conflicts         size  tier2      variables
c         MB     restarts       redundant     glue  trail        remaining
c          level       rate          size/glue tier1  irredundant
c 
c ^  3.63  0 72 30 9864 12 138771 15186 1.8 13 7 1 2 16% 26905 4538 34%
c -  3.64  0 72 31 9911 12 139373 10874 1.8 13 7 1 2 16% 26905 4538 34%
c d  3.64  0 72 31 9911 12 139373 10862 1.8 13 7 1 2 16% 26905 4537 34%
c p  3.64  0 72 31 9911 12 139373 10889 1.8 13 7 1 2 16% 26905 4537 34%
c 2  3.64  0 72 31 9911 12 139373 10888 1.8 13 7 1 2 16% 26905 4537 34%
c t  3.64  0 72 31 9911 12 139373 10888 1.8 13 7 1 2 16% 26904 4537 34%
c f  3.65  0 72 31 9911 12 139373 10888 1.8 13 7 1 2 16% 26900 4538 34%
c }  3.75  0 72 31 10457 11 145930 16836 1.8 13 7 1 2 16% 26900 4538 34%
c [  3.75  0 139 31 10457  1 145930 16836 2.1 54 26 2 3 36% 26900 4538 34%
c -  3.80  0 138 32 10457  1 148710 12485 2.1 54 26 2 3 35% 26900 4538 34%
c p  3.81  0 138 32 10457  1 148710 12704 2.1 54 26 2 3 35% 26900 4538 34%
c u  3.82  0 138 32 10457  1 148710 12277 2.1 54 26 2 3 35% 26874 4538 34%
c v  3.82  0 138 32 10457  1 148710 12150 2.1 54 26 2 3 35% 26874 4538 34%
c w  3.82  0 138 32 10457  1 148710 12150 2.1 54 26 2 3 35% 26874 4538 34%
c x  3.82  0 138 32 10457  1 148710 12137 2.1 54 26 2 3 35% 26714 4538 34%
c t  3.82  0 138 32 10457  1 148710 12136 2.1 54 26 2 3 35% 26714 4538 34%
c f  3.83  0 138 32 10457  1 148710 12135 2.1 54 26 2 3 35% 26712 4539 34%
c W  3.93  0 138 32 10457  1 153043 16208 2.1 53 25 2 3 35% 26712 4539 34%
c -  4.11  0 138 33 10457  1 158350 12654 2.1 56 27 2 3 34% 26712 4539 34%
c p  4.11  0 138 33 10457  1 158350 12689 2.1 56 27 2 3 34% 26712 4539 34%
c 
c  seconds   reductions    conflicts         size   tier2      variables
c         MB       restarts       redundant     glue   trail        remaining
c           level        rate          size/glue  tier1  irredundant
c 
c -  4.36  0 135 34 10463  1 168298 12345 2.0 55 27 2 3 33% 26712 4539 34%
c p  4.36  0 135 34 10463  1 168298 12539 2.0 55 27 2 3 33% 26712 4539 34%
c u  4.36  0 135 34 10463  1 168298 12094 2.0 55 27 2 3 33% 26700 4539 34%
c v  4.36  0 135 34 10463  1 168298 12001 2.0 55 27 2 3 33% 26700 4539 34%
c w  4.36  0 135 34 10463  1 168298 12001 2.0 55 27 2 3 33% 26700 4539 34%
c t  4.36  0 135 34 10463  1 168298 12000 2.0 55 27 2 3 33% 26700 4539 34%
c O  4.40  0 135 34 10464  1 171046 14445 2.0 54 27 2 3 32% 26700 4539 34%
c ]  4.42  0 135 34 10464  1 172006 15328 2.0 54 26 2 3 33% 26700 4539 34%
c {  4.42  0 72 34 10464 11 172006 15328 1.8 13 7 1 2 16% 26700 4539 34%
c -  4.53  0 72 35 11230 11 178554 13299 1.8 13 7 1 2 16% 26700 4539 34%
c p  4.54  0 72 35 11230 11 178554 13334 1.8 13 7 1 2 16% 26700 4539 34%
c t  4.56  0 71 35 11347 11 179855 14522 1.8 13 7 1 2 15% 26692 4539 34%
c e  4.58  0 71 35 11347 11 179855 13258 1.8 13 7 1 2 15% 27020 4250 32%
c s  4.58  0 71 35 11347 11 179855 13206 1.8 13 7 1 2 15% 26953 4250 32%
c e  4.58  0 71 35 11347 11 179855 13206 1.8 13 7 1 2 15% 26949 4248 32%
c -  4.77  0 70 36 12372 11 189120 13866 1.8 13 7 1 2 14% 26949 4248 32%
c 2  4.77  0 70 36 12372 11 189120 13862 1.8 13 7 1 2 14% 26949 4248 32%
c p  4.78  0 70 36 12372 11 189120 14013 1.8 13 7 1 2 14% 26949 4248 32%
c u  4.78  0 70 36 12372 11 189120 13608 1.8 13 7 1 2 14% 26939 4248 32%
c v  4.78  0 70 36 12372 11 189120 13446 1.8 13 7 1 2 14% 26939 4248 32%
c 
c  seconds  reductions    conflicts         size  tier2      variables
c         MB      restarts       redundant     glue  trail        remaining
c          level        rate          size/glue tier1  irredundant
c 
c x  4.79  0 70 36 12372 11 189120 13443 1.8 13 7 1 2 14% 26762 4248 32%
c f  4.80  0 70 36 12372 11 189120 13430 1.8 13 7 1 2 14% 26401 4336 33%
c #  4.81  0 70 36 12455 11 190051 14256 1.8 13 7 1 2 15% 26401 4336 33%
c }  4.94  0 69 36 13248 10 197283 20862 1.8 13 7 1 2 15% 26401 4336 33%
c [  4.94  0 135 36 13248  1 197283 20862 2.0 54 26 2 3 38% 26401 4336 33%
c -  5.00  0 134 37 13249  1 199991 14735 2.0 53 26 2 3 38% 26401 4336 33%
c p  5.00  0 134 37 13249  1 199991 14767 2.0 53 26 2 3 38% 26398 4335 33%
c =  5.02  0 134 37 13249  1 199991 14756 2.0 53 26 2 3 38% 26267 4302 32%
c B  5.21  0 133 37 13255  1 210052 24089 2.0 52 26 2 4 36% 26267 4302 32%
c -  5.24  0 133 38 13255  1 211171 15275 2.0 52 26 2 4 36% 26267 4302 32%
c p  5.24  0 133 38 13255  1 211171 15412 2.0 52 26 2 4 36% 26267 4302 32%
c u  5.25  0 133 38 13255  1 211171 15049 2.0 52 26 2 4 36% 26161 4302 32%
c v  5.25  0 133 38 13255  1 211171 14840 2.0 52 26 2 4 36% 26161 4302 32%
c w  5.25  0 133 38 13255  1 211171 14840 2.0 52 26 2 4 36% 26161 4302 32%
c t  5.25  0 133 38 13255  1 211171 14839 2.0 52 26 2 4 36% 26161 4302 32%
c -  5.58  0 132 39 13259  1 222661 14390 2.1 55 27 2 4 37% 26161 4302 32%
c p  5.58  0 132 39 13259  1 222661 14393 2.1 55 27 2 4 37% 26161 4302 32%
c =  5.60  0 132 39 13259  1 222661 14389 2.1 55 27 2 4 37% 26142 4296 32%
c e  5.75  0 134 39 13262  1 227832 19092 2.1 56 27 2 4 38% 24717 4083 31%
c s  5.75  0 134 39 13262  1 227832 19090 2.1 56 27 2 4 38% 24713 4083 31%
c 
c  seconds   reductions    conflicts         size   tier2      variables
c         MB       restarts       redundant     glue   trail        remaining
c           level        rate          size/glue  tier1  irredundant
c 
c ]  5.78  0 134 39 13262  1 228702 19925 2.1 56 27 2 4 38% 24713 4083 31%
c {  5.78  0 69 39 13262 10 228702 19925 1.8 13 7 1 2 15% 24713 4083 31%
c B  5.83  0 69 39 13575 10 231053 22073 1.8 13 7 1 2 15% 24713 4083 31%
c -  5.89  0 68 40 13865 10 234457 15502 1.8 13 7 1 2 14% 24713 4083 31%
c 2  5.89  0 68 40 13865 10 234457 15501 1.8 13 7 1 2 14% 24713 4083 31%
c p  5.89  0 68 40 13865 10 234457 15643 1.8 13 7 1 2 14% 24713 4083 31%
c u  5.92  0 68 40 13865 10 234457 15091 1.8 13 7 1 2 14% 24713 4083 31%
c v  5.92  0 68 40 13865 10 234457 14844 1.8 13 7 1 2 14% 24713 4083 31%
c w  5.92  0 68 40 13865 10 234457 14844 1.8 13 7 1 2 14% 24713 4083 31%
c -  6.13  0 67 41 15090 10 246562 16629 1.8 13 7 1 2 14% 24713 4083 31%
c p  6.14  0 67 41 15090 10 246562 16658 1.8 13 7 1 2 14% 24713 4083 31%
c u  6.14  0 67 41 15090 10 246562 16564 1.8 13 7 1 2 14% 24713 4083 31%
c v  6.14  0 67 41 15090 10 246562 16500 1.8 13 7 1 2 14% 24713 4083 31%
c W  6.30  0 66 41 15696 10 253055 22387 1.8 13 7 1 2 14% 24713 4083 31%
c }  6.41  0 66 41 16313 10 258206 27061 1.8 13 7 1 2 14% 24713 4083 31%
c [  6.41  0 134 41 16313  1 258206 27061 2.1 56 27 2 4 38% 24713 4083 31%
c -  6.43  0 134 42 16314  1 258976 17728 2.1 56 27 2 4 38% 24713 4083 31%
c p  6.43  0 134 42 16314  1 258976 17842 2.1 56 27 2 4 38% 24713 4083 31%
c u  6.46  0 134 42 16314  1 258976 17634 2.1 56 27 2 4 38% 24713 4083 31%
c v  6.47  0 134 42 16314  1 258976 17468 2.1 56 27 2 4 38% 24713 4083 31%
c 
c  seconds   reductions    conflicts         size   tier2      variables
c         MB       restarts       redundant     glue   trail        remaining
c           level        rate          size/glue  tier1  irredundant
c 
c w  6.47  0 134 42 16314  1 258976 17468 2.1 56 27 2 4 38% 24713 4083 31%
c t  6.47  0 134 42 16314  1 258976 17467 2.1 56 27 2 4 38% 24713 4083 31%
c -  6.81  0 134 43 16321  1 271700 18105 2.1 58 28 2 4 38% 24713 4083 31%
c p  6.81  0 134 43 16321  1 271700 18136 2.1 58 28 2 4 38% 24713 4083 31%
c W  6.97  0 135 43 16322  1 276056 22230 2.1 58 28 2 4 38% 24713 4083 31%
c ^  7.10  0 135 43 16322  1 279785 25736 2.0 58 29 2 4 37% 24713 4083 31%
c -  7.26  0 134 44 16323  1 284733 17254 2.1 59 29 2 4 38% 24713 4083 31%
c p  7.26  0 134 44 16323  1 284733 17367 2.1 59 29 2 4 38% 24713 4083 31%
c u  7.26  0 134 44 16323  1 284733 16828 2.1 59 29 2 4 38% 24713 4083 31%
c v  7.26  0 134 44 16323  1 284733 16821 2.1 59 29 2 4 38% 24713 4083 31%
c w  7.27  0 134 44 16323  1 284733 16820 2.1 59 29 2 4 38% 24713 4083 31%
c ]  7.41  0 135 44 16323  1 288800 20685 2.1 61 29 2 4 39% 24713 4083 31%
c {  7.41  0 66 44 16323 10 288800 20685 1.8 13 7 1 2 14% 24713 4083 31%
c -  7.58  0 66 45 17260 10 298076 18085 1.8 13 8 1 2 14% 24713 4083 31%
c p  7.58  0 66 45 17260 10 298076 18151 1.8 13 8 1 2 14% 24713 4083 31%
c u  7.61  0 66 45 17260 10 298076 17977 1.8 13 8 1 2 14% 24713 4083 31%
c v  7.61  0 66 45 17260 10 298076 17829 1.8 13 8 1 2 14% 24713 4083 31%
c F  7.65  0 65 45 17450 10 300057 19617 1.8 13 8 1 2 14% 24713 4083 31%
c -  7.88  0 65 46 18643  9 311725 19585 1.8 14 8 1 2 14% 24713 4083 31%
c p  7.89  0 65 46 18643  9 311725 19696 1.8 14 8 1 2 14% 24713 4083 31%
c 
c  seconds  reductions    conflicts         size  tier2      variables
c         MB      restarts       redundant     glue  trail        remaining
c          level        rate          size/glue tier1  irredundant
c 
c u  7.89  0 65 46 18643  9 311725 19450 1.8 14 8 1 2 14% 24713 4083 31%
c v  7.90  0 65 46 18643  9 311725 19331 1.8 14 8 1 2 14% 24713 4083 31%
c x  7.90  0 65 46 18643  9 311725 19331 1.8 14 8 1 2 14% 24712 4083 31%
c }  8.14  0 64 46 19818  9 320851 27689 1.8 14 8 1 2 14% 24712 4083 31%
c [  8.14  0 135 46 19818  1 320851 27689 2.1 61 29 2 4 39% 24712 4083 31%
c I  8.23  0 134 46 19818  1 325058 31666 2.1 60 28 2 4 39% 24712 4083 31%
c -  8.25  0 133 47 19818  1 325686 20508 2.1 60 28 2 4 39% 24712 4083 31%
c p  8.26  0 133 47 19818  1 325686 20570 2.1 60 28 2 4 39% 24712 4083 31%
c u  8.27  0 133 47 19818  1 325686 20313 2.1 60 28 2 4 39% 24712 4083 31%
c v  8.27  0 133 47 19818  1 325686 20165 2.1 60 28 2 4 39% 24712 4083 31%
c w  8.27  0 133 47 19818  1 325686 20163 2.1 60 28 2 4 39% 24712 4083 31%
c t  8.52  0 130 47 19819  1 336932 30706 2.1 58 27 2 4 37% 24712 4083 31%
c e  8.54  0 130 47 19819  1 336932 20723 2.1 58 27 2 4 37% 25788 3754 28%
c ^  8.54  0 130 47 19819  1 336932 20723 2.1 58 27 2 4 37% 25788 3754 28%
c -  8.61  0 130 48 19819  1 339955 16273 2.1 58 27 2 4 34% 25788 3754 28%
c 2  8.61  0 130 48 19819  1 339955 16269 2.1 58 27 2 4 34% 25788 3754 28%
c p  8.61  0 130 48 19819  1 339955 16278 2.1 58 27 2 4 34% 25788 3754 28%
c t  8.61  0 130 48 19819  1 339955 16278 2.1 58 27 2 4 34% 25787 3754 28%
c B  8.81  0 128 48 19819  1 351059 26376 2.1 57 26 2 4 41% 25787 3754 28%
c -  8.93  0 128 49 19819  1 354531 17042 2.1 57 27 2 4 37% 25787 3754 28%
c 
c  seconds   reductions    conflicts         size   tier2      variables
c         MB       restarts       redundant     glue   trail        remaining
c           level        rate          size/glue  tier1  irredundant
c 
c p  8.93  0 128 49 19819  1 354531 17122 2.1 57 27 2 4 37% 25787 3754 28%
c u  8.96  0 128 49 19819  1 354531 16848 2.1 57 27 2 4 37% 25787 3754 28%
c v  8.96  0 128 49 19819  1 354531 16714 2.1 57 27 2 4 37% 25787 3754 28%
c w  8.96  0 128 49 19819  1 354531 16713 2.1 57 27 2 4 37% 25787 3754 28%
c -  9.28  0 126 50 19822  1 369416 17279 2.1 56 27 2 4 36% 25787 3754 28%
c p  9.28  0 126 50 19822  1 369416 17297 2.1 56 27 2 4 36% 25787 3754 28%
c ]  9.33  0 126 50 19823  1 371035 18835 2.1 56 27 2 4 35% 25787 3754 28%
c {  9.33  0 64 50 19823  9 371035 18835 1.8 14 8 1 2 17% 25787 3754 28%
c B  9.45  0 64 50 20489  9 378061 25257 1.8 14 8 1 2 17% 25787 3754 28%
c -  9.61  0 64 51 21396  9 384610 19450 1.8 14 8 1 2 17% 25787 3754 28%
c p  9.62  0 64 51 21396  9 384610 19517 1.8 14 8 1 2 17% 25787 3754 28%
c u  9.63  0 64 51 21396  9 384610 19021 1.8 14 8 1 2 17% 25787 3754 28%
c v  9.63  0 64 51 21396  9 384610 18703 1.8 14 8 1 2 17% 25787 3754 28%
c - 10.05  0 64 52 23438 10 400114 20503 1.8 14 8 1 2 17% 25787 3754 28%
c p 10.05  0 64 52 23438 10 400114 20568 1.8 14 8 1 2 17% 25787 3754 28%
c u 10.06  0 64 52 23438 10 400114 20220 1.8 14 8 1 2 17% 25787 3754 28%
c v 10.06  0 64 52 23438 10 400114 19981 1.8 14 8 1 2 17% 25787 3754 28%
c e 10.16  0 64 52 23800 10 403658 17430 1.8 14 8 1 2 17% 28263 3399 26%
c ^ 10.16  0 64 52 23800 10 403658 17430 1.8 14 8 1 2 17% 28263 3399 26%
c } 10.17  0 64 52 23867 10 404308 18030 1.8 14 8 1 2 17% 28263 3399 26%
c 
c  seconds   reductions    conflicts         size   tier2      variables
c         MB       restarts       redundant     glue   trail        remaining
c           level        rate          size/glue  tier1  irredundant
c 
c [ 10.17  0 126 52 23867  1 404308 18030 2.1 56 27 2 4 35% 28263 3399 26%
c W 10.27  0 126 52 23868  1 406064 19706 2.1 55 27 2 4 35% 28263 3399 26%
c - 10.50  0 125 53 23873  1 415927 17293 2.1 55 26 2 4 34% 28263 3399 26%
c p 10.50  0 125 53 23873  1 415927 17340 2.1 55 26 2 4 34% 28263 3398 26%
c u 10.50  0 125 53 23873  1 415927 17154 2.1 55 26 2 4 34% 28263 3398 26%
c v 10.50  0 125 53 23873  1 415927 17090 2.1 55 26 2 4 34% 28263 3398 26%
c w 10.51  0 125 53 23873  1 415927 17090 2.1 55 26 2 4 34% 28263 3398 26%
c - 10.93  0 125 54 23878  1 432052 17778 2.1 56 27 2 4 35% 28262 3398 26%
c p 10.93  0 125 54 23878  1 432052 17832 2.1 56 27 2 4 35% 28262 3398 26%
c u 10.97  0 125 54 23878  1 432052 17607 2.1 56 27 2 4 35% 28262 3398 26%
c v 10.97  0 125 54 23878  1 432052 17504 2.1 56 27 2 4 35% 28262 3398 26%
c w 10.97  0 125 54 23878  1 432052 17500 2.1 56 27 2 4 35% 28262 3398 26%
c O 11.06  0 125 54 23880  1 435065 20375 2.1 56 27 2 4 35% 28262 3398 26%
c - 11.37  0 125 55 23888  1 448485 17705 2.1 55 27 2 4 35% 28262 3398 26%
c p 11.37  0 125 55 23888  1 448485 17754 2.1 55 27 2 4 35% 28262 3398 26%
c ] 11.69  0 124 55 23893  1 462836 31320 2.1 54 26 2 4 34% 28262 3398 26%
c { 11.69  0 64 55 23893 10 462836 31320 1.8 14 8 1 2 17% 28262 3398 26%
c W 11.76  0 64 55 24090  9 465066 33353 1.8 14 8 1 2 17% 28262 3398 26%
c - 11.76  0 64 56 24104  9 465227 18474 1.8 14 8 1 2 17% 28262 3398 26%
c p 11.77  0 64 56 24104  9 465227 18498 1.8 14 8 1 2 17% 28262 3398 26%
c 
c  seconds  reductions    conflicts         size  tier2      variables
c         MB      restarts       redundant     glue  trail        remaining
c          level        rate          size/glue tier1  irredundant
c 
c u 11.78  0 64 56 24104  9 465227 18122 1.8 14 8 1 2 17% 28262 3398 26%
c v 11.78  0 64 56 24104  9 465227 17863 1.8 14 8 1 2 17% 28262 3398 26%
c w 11.78  0 64 56 24104  9 465227 17863 1.8 14 8 1 2 17% 28262 3398 26%
c - 12.10  0 63 57 25601  9 482278 20294 1.8 14 8 1 2 16% 28262 3398 26%
c p 12.10  0 63 57 25601  9 482278 20345 1.8 14 8 1 2 16% 28262 3398 26%
c u 12.11  0 63 57 25601  9 482278 19966 1.8 14 8 1 2 16% 28262 3398 26%
c v 12.11  0 63 57 25601  9 482278 19756 1.8 14 8 1 2 16% 28262 3398 26%
c e 12.16  0 63 57 25671  9 483109 11535 1.8 14 8 1 2 16% 33710 2971 22%
c # 12.32  0 63 57 26334  9 496067 22943 1.8 14 8 1 2 15% 33710 2971 22%
c - 12.39  0 63 58 26574  8 499639 15040 1.8 14 8 1 2 15% 33710 2971 22%
c 2 12.39  0 63 58 26574  8 499639 15039 1.8 14 8 1 2 15% 33710 2971 22%
c p 12.39  0 63 58 26574  8 499639 15061 1.8 14 8 1 2 15% 33710 2971 22%
c } 12.69  0 62 58 28067  8 516002 29820 1.8 14 8 1 2 15% 33710 2971 22%
c [ 12.69  0 124 58 28067  1 516002 29820 2.1 54 26 2 4 43% 33710 2971 22%
c - 12.71  0 124 59 28067  1 517310 17661 2.1 54 26 2 4 42% 33710 2971 22%
c p 12.72  0 124 59 28067  1 517310 17682 2.1 54 26 2 4 42% 33710 2971 22%
c u 12.73  0 124 59 28067  1 517310 17100 2.1 54 26 2 4 42% 33710 2971 22%
c v 12.73  0 124 59 28067  1 517310 16832 2.1 54 26 2 4 42% 33710 2971 22%
c w 12.73  0 124 59 28067  1 517310 16832 2.1 54 26 2 4 42% 33710 2971 22%
c t 12.73  0 124 59 28067  1 517310 16832 2.1 54 26 2 4 42% 33709 2971 22%
c 
c  seconds   reductions    conflicts         size   tier2      variables
c         MB       restarts       redundant     glue   trail        remaining
c           level        rate          size/glue  tier1  irredundant
c 
c B 12.91  0 123 59 28068  1 528069 26914 2.1 52 25 2 4 41% 33709 2971 22%
c - 13.19  0 124 60 28068  1 535292 18070 2.1 56 26 2 4 43% 33709 2971 22%
c p 13.19  0 124 60 28068  1 535292 18090 2.1 56 26 2 4 43% 33709 2971 22%
c u 13.22  0 124 60 28068  1 535292 17639 2.1 56 26 2 4 43% 33709 2971 22%
c v 13.23  0 124 60 28068  1 535292 17525 2.1 56 26 2 4 43% 33709 2971 22%
c w 13.23  0 124 60 28068  1 535292 17524 2.1 56 26 2 4 43% 33709 2971 22%
c - 13.74  0 124 61 28078  1 553582 17380 2.1 58 27 2 4 42% 33709 2971 22%
c p 13.74  0 124 61 28078  1 553582 17397 2.1 58 27 2 4 42% 33709 2971 22%
c u 13.75  0 124 61 28078  1 553582 17032 2.1 58 27 2 4 42% 33709 2971 22%
c v 13.75  0 124 61 28078  1 553582 16900 2.1 58 27 2 4 42% 33709 2971 22%
c w 13.75  0 124 61 28078  1 553582 16898 2.1 58 27 2 4 42% 33709 2971 22%
c x 13.75  0 124 61 28078  1 553582 16898 2.1 58 27 2 4 42% 33587 2971 22%
c W 14.06  0 124 61 28082  1 561073 24051 2.1 60 28 2 4 43% 33587 2971 22%
c ] 14.28  0 123 61 28083  1 568455 31185 2.1 60 29 2 4 41% 33587 2971 22%
c { 14.28  0 62 61 28083  8 568455 31185 1.8 14 8 1 2 15% 33587 2971 22%
c - 14.36  0 62 62 28345  8 572184 18097 1.8 14 8 1 2 15% 33587 2971 22%
c p 14.36  0 62 62 28345  8 572184 18115 1.8 14 8 1 2 15% 33587 2971 22%
c u 14.36  0 62 62 28345  8 572184 17666 1.8 14 8 1 2 15% 33587 2971 22%
c v 14.37  0 62 62 28345  8 572184 17457 1.8 14 8 1 2 15% 33587 2971 22%
c s 14.52  0 62 62 29005  8 581226 25584 1.8 14 8 1 2 15% 33482 2971 22%
c 
c  seconds  reductions    conflicts         size  tier2      variables
c         MB      restarts       redundant     glue  trail        remaining
c          level        rate          size/glue tier1  irredundant
c 
c e 14.52  0 62 62 29005  8 581226 25502 1.8 14 8 1 2 15% 33510 2969 22%
c - 14.75  0 61 63 30108  8 591095 20114 1.8 14 8 1 2 15% 33510 2969 22%
c p 14.75  0 61 63 30108  8 591095 20131 1.8 14 8 1 2 15% 33510 2969 22%
c u 14.76  0 61 63 30108  8 591095 19862 1.8 14 8 1 2 15% 33510 2969 22%
c v 14.76  0 61 63 30108  8 591095 19708 1.8 14 8 1 2 15% 33510 2969 22%
c B 14.85  0 61 63 30547  8 595074 23314 1.8 14 8 1 2 15% 33510 2969 22%
c - 15.22  0 61 64 32368  8 610316 21665 1.8 14 8 1 2 15% 33510 2969 22%
c p 15.22  0 61 64 32368  8 610316 21683 1.8 14 8 1 2 15% 33510 2969 22%
c u 15.23  0 61 64 32368  8 610316 21288 1.8 14 8 1 2 15% 33510 2969 22%
c v 15.24  0 61 64 32368  8 610316 21016 1.8 14 8 1 2 15% 33510 2969 22%
c } 15.35  0 61 64 33002  8 615487 25623 1.8 14 8 1 2 15% 33510 2969 22%
c [ 15.35  0 123 64 33002  1 615487 25623 2.1 60 29 2 4 41% 33510 2969 22%
c - 15.78  0 123 65 33009  1 629849 22328 2.1 62 30 2 4 42% 33510 2969 22%
c p 15.78  0 123 65 33009  1 629849 22345 2.1 62 30 2 4 42% 33510 2969 22%
c u 15.79  0 123 65 33009  1 629849 22066 2.1 62 30 2 4 42% 33510 2969 22%
c v 15.79  0 123 65 33009  1 629849 21908 2.1 62 30 2 4 42% 33510 2969 22%
c w 15.79  0 123 65 33009  1 629849 21900 2.1 62 30 2 4 42% 33510 2969 22%
c I 15.81  0 123 65 33009  1 630075 22116 2.1 62 30 2 4 42% 33510 2969 22%
c - 16.21  0 122 66 33017  1 649689 22007 2.1 60 29 2 4 41% 33510 2969 22%
c p 16.21  0 122 66 33017  1 649689 22024 2.1 60 29 2 4 41% 33510 2969 22%
c 
c  seconds   reductions    conflicts         size   tier2      variables
c         MB       restarts       redundant     glue   trail        remaining
c           level        rate          size/glue  tier1  irredundant
c 
c B 16.68  0 121 66 33018  1 666077 37317 2.2 62 28 2 4 43% 33510 2969 22%
c - 16.79  0 121 67 33019  1 669839 21368 2.1 62 29 2 4 42% 33510 2969 22%
c p 16.79  0 121 67 33019  1 669839 21385 2.1 62 29 2 4 42% 33510 2969 22%
c u 16.82  0 121 67 33019  1 669839 20912 2.1 62 29 2 4 42% 33510 2969 22%
c v 16.82  0 121 67 33019  1 669839 20541 2.1 62 29 2 4 42% 33510 2969 22%
c w 16.82  0 121 67 33019  1 669839 20540 2.1 62 29 2 4 42% 33510 2969 22%
c ] 17.04  0 121 67 33019  1 680624 30640 2.2 62 29 2 4 43% 33510 2969 22%
c { 17.04  0 61 67 33019  8 680624 30640 1.8 14 8 1 2 15% 33510 2969 22%
c - 17.27  0 61 68 34086  8 690299 22501 1.8 14 8 1 2 15% 33510 2969 22%
c p 17.27  0 61 68 34086  8 690299 22518 1.8 14 8 1 2 15% 33510 2969 22%
c u 17.28  0 61 68 34086  8 690299 22399 1.8 14 8 1 2 15% 33510 2969 22%
c v 17.28  0 61 68 34086  8 690299 22317 1.8 14 8 1 2 15% 33510 2969 22%
c w 17.28  0 61 68 34086  8 690299 22317 1.8 14 8 1 2 15% 33510 2969 22%
c W 17.71  0 60 68 35855  9 703079 34037 1.8 15 8 1 2 15% 33510 2969 22%
c - 17.95  0 60 69 36902  9 711072 24516 1.8 15 8 1 2 15% 33510 2969 22%
c p 17.96  0 60 69 36902  9 711072 24533 1.8 15 8 1 2 15% 33510 2969 22%
c u 17.97  0 60 69 36902  9 711072 24286 1.8 15 8 1 2 15% 33510 2969 22%
c v 17.97  0 60 69 36902  9 711072 24118 1.8 15 8 1 2 15% 33510 2969 22%
c x 17.98  0 60 69 36902  9 711072 24118 1.8 15 8 1 2 15% 33384 2969 22%
c } 18.32  0 60 69 38599  9 724088 35999 1.8 15 8 1 2 16% 33384 2969 22%
c 
c  seconds   reductions    conflicts         size   tier2      variables
c         MB       restarts       redundant     glue   trail        remaining
c           level        rate          size/glue  tier1  irredundant
c 
c [ 18.32  0 121 69 38599  1 724088 35999 2.2 62 29 2 4 43% 33384 2969 22%
c - 18.46  0 119 70 38599  1 732154 25718 2.2 61 28 2 4 42% 33384 2969 22%
c p 18.46  0 119 70 38599  1 732154 25735 2.2 61 28 2 4 42% 33384 2969 22%
c u 18.47  0 119 70 38599  1 732154 25560 2.2 61 28 2 4 42% 33384 2969 22%
c v 18.47  0 119 70 38599  1 732154 25394 2.2 61 28 2 4 42% 33384 2969 22%
c w 18.48  0 119 70 38599  1 732154 25391 2.2 61 28 2 4 42% 33384 2969 22%
c W 18.66  0 120 70 38599  1 741080 33716 2.1 59 28 2 4 42% 33384 2969 22%
c - 18.93  0 118 71 38600  1 753546 25950 2.1 59 27 2 4 42% 33384 2969 22%
c p 18.94  0 118 71 38600  1 753546 25967 2.1 59 27 2 4 42% 33384 2969 22%
c - 19.40  0 117 72 38600  1 775247 23985 2.1 58 28 2 4 42% 33384 2969 22%
c p 19.40  0 117 72 38600  1 775247 24002 2.1 58 28 2 4 42% 33384 2969 22%
c u 19.41  0 117 72 38600  1 775247 23731 2.1 58 28 2 4 42% 33384 2969 22%
c v 19.41  0 117 72 38600  1 775247 23723 2.1 58 28 2 4 42% 33384 2969 22%
c w 19.41  0 117 72 38600  1 775247 23717 2.1 58 28 2 4 42% 33384 2969 22%
c O 19.56  0 117 72 38600  1 780082 28388 2.1 58 28 2 4 42% 33384 2969 22%
c - 19.96  0 114 73 38600  1 797261 23773 2.1 59 27 2 4 41% 33384 2969 22%
c p 19.97  0 114 73 38600  1 797261 23790 2.1 59 27 2 4 41% 33384 2969 22%
c u 19.98  0 114 73 38600  1 797261 23720 2.1 59 27 2 4 41% 33384 2969 22%
c v 19.98  0 114 73 38600  1 797261 23707 2.1 59 27 2 4 41% 33384 2969 22%
c w 19.98  0 114 73 38600  1 797261 23706 2.1 59 27 2 4 41% 33384 2969 22%
c 
c  seconds   reductions    conflicts         size   tier2      variables
c         MB       restarts       redundant     glue   trail        remaining
c           level        rate          size/glue  tier1  irredundant
c 
c e 20.01  0 115 73 38600  1 798013 24403 2.1 59 27 2 4 41% 33408 2967 22%
c s 20.01  0 115 73 38600  1 798013 24396 2.1 59 27 2 4 41% 33399 2967 22%
c ] 20.32  0 117 73 38600  1 810336 36162 2.1 58 27 2 4 40% 33399 2967 22%
c { 20.32  0 60 73 38600  9 810336 36162 1.8 15 8 1 2 16% 33399 2967 22%
c - 20.55  0 60 74 39502  9 819583 26096 1.8 15 8 1 2 15% 33399 2967 22%
c p 20.55  0 60 74 39502  9 819583 26113 1.8 15 8 1 2 15% 33399 2967 22%
c u 20.56  0 60 74 39502  9 819583 25955 1.8 15 8 1 2 15% 33399 2967 22%
c v 20.57  0 60 74 39502  9 819583 25845 1.8 15 8 1 2 15% 33399 2967 22%
c F 20.58  0 60 74 39557  9 820083 26304 1.8 15 8 1 2 16% 33399 2967 22%
c - 21.20  0 60 75 42238  9 842216 28543 1.8 15 8 1 2 16% 33398 2967 22%
c p 21.21  0 60 75 42238  9 842216 28560 1.8 15 8 1 2 16% 33398 2967 22%
c u 21.27  0 60 75 42238  9 842216 28280 1.8 15 8 1 2 16% 33398 2967 22%
c v 21.28  0 60 75 42238  9 842216 27991 1.8 15 8 1 2 16% 33398 2967 22%
c w 21.28  0 60 75 42238  9 842216 27991 1.8 15 8 1 2 16% 33398 2967 22%
c } 21.70  0 61 75 44131  9 858577 42901 1.8 15 9 1 2 16% 33398 2967 22%
c [ 21.70  0 117 75 44131  1 858577 42901 2.1 58 27 2 4 40% 33398 2967 22%
c B 21.75  0 116 75 44131  1 861085 45292 2.1 57 27 2 4 40% 33398 2967 22%
c - 21.87  0 116 76 44134  1 865160 30301 2.1 58 27 2 4 41% 33398 2967 22%
c p 21.88  0 116 76 44134  1 865160 30318 2.1 58 27 2 4 41% 33398 2967 22%
c u 21.89  0 116 76 44134  1 865160 30030 2.1 58 27 2 4 41% 33398 2967 22%
c 
c  seconds   reductions    conflicts         size   tier2      variables
c         MB       restarts       redundant     glue   trail        remaining
c           level        rate          size/glue  tier1  irredundant
c 
c v 21.89  0 116 76 44134  1 865160 29909 2.1 58 27 2 4 41% 33398 2967 22%
c w 21.89  0 116 76 44134  1 865160 29908 2.1 58 27 2 4 41% 33398 2967 22%
c - 22.72  0 116 77 44146  1 888414 30498 2.1 61 29 2 4 40% 33398 2967 22%
c p 22.72  0 116 77 44146  1 888414 30515 2.1 61 29 2 4 40% 33398 2967 22%
c u 22.74  0 116 77 44146  1 888414 30456 2.1 61 29 2 4 40% 33398 2967 22%
c v 22.74  0 116 77 44146  1 888414 30242 2.1 61 29 2 4 40% 33398 2967 22%
c w 22.75  0 116 77 44146  1 888414 30240 2.1 61 29 2 4 40% 33398 2967 22%
c W 23.38  0 118 77 44152  1 903086 44274 2.1 63 30 2 4 40% 33398 2967 22%
c - 23.66  0 118 78 44156  1 911979 28864 2.1 64 30 2 4 40% 33398 2967 22%
c p 23.66  0 118 78 44156  1 911979 28881 2.1 64 30 2 4 40% 33398 2967 22%
c u 23.67  0 118 78 44156  1 911979 28811 2.1 64 30 2 4 40% 33398 2967 22%
c v 23.67  0 118 78 44156  1 911979 28599 2.1 64 30 2 4 40% 33398 2967 22%
c w 23.68  0 118 78 44156  1 911979 28598 2.1 64 30 2 4 40% 33398 2967 22%
c x 23.68  0 118 78 44156  1 911979 28598 2.1 64 30 2 4 40% 33386 2967 22%
c ] 23.99  0 119 78 44161  1 921352 37557 2.1 64 31 2 4 40% 33386 2967 22%
c { 23.99  0 61 78 44161  9 921352 37557 1.8 15 9 1 2 16% 33386 2967 22%
c - 24.45  0 60 79 45866  9 935854 30916 1.8 15 9 1 2 16% 33386 2967 22%
c p 24.46  0 60 79 45866  9 935854 30934 1.8 15 9 1 2 16% 33386 2967 22%
c u 24.47  0 60 79 45866  9 935854 30777 1.8 15 9 1 2 16% 33385 2967 22%
c v 24.47  0 60 79 45866  9 935854 30681 1.8 15 9 1 2 16% 33385 2967 22%
c 
c  seconds  reductions    conflicts         size  tier2      variables
c         MB      restarts       redundant     glue  trail        remaining
c          level        rate          size/glue tier1  irredundant
c 
c w 24.47  0 60 79 45866  9 935854 30681 1.8 15 9 1 2 16% 33385 2967 22%
c B 24.76  0 60 79 47228  9 946087 40037 1.8 16 9 1 2 16% 33385 2967 22%
c - 25.31  0 61 80 49405 10 960039 33077 1.8 16 9 1 2 16% 33385 2967 22%
c p 25.31  0 61 80 49405 10 960039 33095 1.8 16 9 1 2 16% 33385 2967 22%
c u 25.33  0 61 80 49405 10 960039 32881 1.8 16 9 1 2 16% 33385 2967 22%
c v 25.34  0 61 80 49405 10 960039 32625 1.8 16 9 1 2 16% 33385 2967 22%
c } 25.50  0 61 80 50094 10 965634 37808 1.8 16 9 1 2 16% 33385 2967 22%
c [ 25.50  0 119 80 50094  1 965634 37808 2.1 64 31 2 4 40% 33385 2967 22%
c - 26.06  0 118 81 50095  1 984535 33898 2.1 63 30 2 4 39% 33385 2967 22%
c p 26.06  0 118 81 50095  1 984535 33916 2.1 63 30 2 4 39% 33385 2967 22%
c u 26.08  0 118 81 50095  1 984535 33748 2.1 63 30 2 4 39% 33385 2967 22%
c v 26.08  0 118 81 50095  1 984535 33622 2.1 63 30 2 4 39% 33385 2967 22%
c w 26.08  0 118 81 50095  1 984535 33622 2.1 63 30 2 4 39% 33385 2967 22%
c I 26.28  0 118 81 50096  1 990088 39007 2.1 63 30 2 4 38% 33385 2967 22%
c - 26.80  0 114 82 50108  1 1009341 33443 2.0 61 30 2 4 37% 33385 2967 22%
c p 26.80  0 114 82 50108  1 1009341 33461 2.0 61 30 2 4 37% 33385 2967 22%
c u 26.81  0 114 82 50108  1 1009341 33349 2.0 61 30 2 4 37% 33385 2967 22%
c v 26.81  0 114 82 50108  1 1009341 33168 2.0 61 30 2 4 37% 33385 2967 22%
c w 26.82  0 114 82 50108  1 1009341 33167 2.0 61 30 2 4 37% 33385 2967 22%
c - 27.40  0 116 83 50117  1 1034460 32920 2.0 58 29 2 4 36% 33381 2967 22%
c 
c  seconds   reductions     conflicts         size   tier2      variables
c         MB       restarts        redundant     glue   trail        remaining
c           level        rate           size/glue  tier1  irredundant
c 
c p 27.41  0 116 83 50117  1 1034460 32939 2.0 58 29 2 4 36% 33381 2967 22%
c u 27.41  0 116 83 50117  1 1034460 32873 2.0 58 29 2 4 36% 33381 2967 22%
c v 27.41  0 116 83 50117  1 1034460 32872 2.0 58 29 2 4 36% 33381 2967 22%
c w 27.41  0 116 83 50117  1 1034460 32872 2.0 58 29 2 4 36% 33381 2967 22%
c B 27.42  0 115 83 50117  1 1035089 33391 2.0 58 29 2 4 36% 33381 2967 22%
c s 27.56  0 117 83 50122  1 1042486 40198 2.0 57 28 2 4 36% 33377 2967 22%
c e 27.56  0 117 83 50122  1 1042486 39984 2.0 57 28 2 4 36% 33391 2966 22%
c ] 27.82  0 119 83 50125  1 1053506 50323 2.0 57 28 2 4 35% 33391 2966 22%
c { 27.82  0 61 83 50125 10 1053506 50323 1.8 16 9 1 2 16% 33391 2966 22%
c - 28.03  0 61 84 51007 10 1059887 34264 1.8 16 9 1 2 16% 33391 2966 22%
c p 28.03  0 61 84 51007 10 1059887 34283 1.8 16 9 1 2 16% 33391 2966 22%
c u 28.08  0 61 84 51007 10 1059887 34212 1.8 16 9 1 2 16% 33391 2966 22%
c v 28.08  0 61 84 51007 10 1059887 33984 1.8 16 9 1 2 16% 33391 2966 22%
c w 28.08  0 61 84 51007 10 1059887 33984 1.8 16 9 1 2 16% 33391 2966 22%
c W 28.84  0 62 84 53231  9 1081091 53390 1.8 16 9 1 2 17% 33391 2966 22%
c - 29.06  0 62 85 54032 10 1085625 36614 1.8 16 9 1 2 17% 33391 2966 22%
c p 29.06  0 62 85 54032 10 1085625 36633 1.8 16 9 1 2 17% 33391 2966 22%
c u 29.08  0 62 85 54032 10 1085625 36478 1.8 16 9 1 2 17% 33391 2966 22%
c v 29.09  0 62 85 54032 10 1085625 36247 1.8 16 9 1 2 17% 33391 2966 22%
c } 29.68  0 63 85 56268 10 1103829 52989 1.8 17 9 1 2 17% 33390 2966 22%
c 
c  seconds   reductions     conflicts         size   tier2      variables
c         MB       restarts        redundant     glue   trail        remaining
c           level        rate           size/glue  tier1  irredundant
c 
c [ 29.68  0 119 85 56268  1 1103829 52989 2.0 57 28 2 4 35% 33390 2966 22%
c - 29.86  0 116 86 56269  1 1111673 37818 2.0 56 27 2 4 36% 33390 2966 22%
c p 29.87  0 116 86 56269  1 1111673 37837 2.0 56 27 2 4 36% 33390 2966 22%
c u 29.88  0 116 86 56269  1 1111673 37679 2.0 56 27 2 4 36% 33390 2966 22%
c v 29.89  0 116 86 56269  1 1111673 37401 2.0 56 27 2 4 36% 33390 2966 22%
c w 29.89  0 116 86 56269  1 1111673 37399 2.0 56 27 2 4 36% 33390 2966 22%
c W 30.35  0 117 86 56270  1 1128093 52988 2.1 56 27 2 4 37% 33390 2966 22%
c - 30.66  0 117 87 56270  1 1138032 37741 2.1 57 27 2 4 38% 33390 2966 22%
c p 30.66  0 117 87 56270  1 1138032 37760 2.1 57 27 2 4 38% 33390 2966 22%
c u 30.66  0 117 87 56270  1 1138032 37738 2.1 57 27 2 4 38% 33390 2966 22%
c v 30.67  0 117 87 56270  1 1138032 37629 2.1 57 27 2 4 38% 33390 2966 22%
c w 30.67  0 117 87 56270  1 1138032 37628 2.1 57 27 2 4 38% 33390 2966 22%
c x 30.67  0 117 87 56270  1 1138032 37619 2.1 57 27 2 4 38% 33362 2966 22%
c - 31.63  0 117 88 56276  1 1164702 35722 2.2 61 28 2 4 41% 33362 2966 22%
c p 31.63  0 117 88 56276  1 1164702 35739 2.2 61 28 2 4 41% 33362 2966 22%
c u 31.65  0 117 88 56276  1 1164702 35651 2.2 61 28 2 4 41% 33362 2966 22%
c v 31.65  0 117 88 56276  1 1164702 35644 2.2 61 28 2 4 41% 33362 2966 22%
c w 31.65  0 117 88 56276  1 1164702 35644 2.2 61 28 2 4 41% 33362 2966 22%
c e 31.98  0 117 88 56281  1 1175220 44703 2.2 62 29 2 4 41% 33398 2963 22%
c s 31.98  0 117 88 56281  1 1175220 44687 2.2 62 29 2 4 41% 33387 2963 22%
c 
c  seconds   reductions     conflicts         size   tier2      variables
c         MB       restarts        redundant     glue   trail        remaining
c           level        rate           size/glue  tier1  irredundant
c 
c O 32.01  0 117 88 56282  1 1176095 45508 2.2 62 29 2 4 41% 33387 2963 22%
c - 32.36  0 117 89 56285  1 1191685 35465 2.2 60 28 2 4 40% 33387 2963 22%
c p 32.36  0 117 89 56285  1 1191685 35482 2.2 60 28 2 4 40% 33387 2963 22%
c u 32.37  0 117 89 56285  1 1191685 35417 2.2 60 28 2 4 40% 33387 2963 22%
c v 32.37  0 117 89 56285  1 1191685 35412 2.2 60 28 2 4 40% 33387 2963 22%
c w 32.37  0 117 89 56285  1 1191685 35411 2.2 60 28 2 4 40% 33387 2963 22%
c ] 32.46  0 117 89 56288  1 1195636 39082 2.2 59 27 2 4 40% 33387 2963 22%
c { 32.46  0 63 89 56288 10 1195636 39082 1.8 17 9 1 2 17% 33387 2963 22%
c - 33.35  0 64 90 59403 10 1218978 38441 1.8 17 9 1 2 18% 33387 2963 22%
c p 33.36  0 64 90 59403 10 1218978 38459 1.8 17 9 1 2 18% 33387 2963 22%
c u 33.38  0 64 90 59403 10 1218978 38344 1.8 17 9 1 2 18% 33387 2963 22%
c v 33.38  0 64 90 59403 10 1218978 38091 1.8 17 9 1 2 18% 33387 2963 22%
c # 33.59  0 64 90 60268 10 1225098 43766 1.8 17 9 1 2 18% 33387 2963 22%
c } 34.31  0 65 90 62810 10 1243007 60395 1.8 17 10 1 2 18% 33387 2963 22%
c [ 34.31  0 117 90 62810  1 1243007 60395 2.2 59 27 2 4 40% 33387 2963 22%
c - 34.41  0 116 91 62813  1 1246580 40426 2.2 59 27 2 4 40% 33387 2963 22%
c p 34.41  0 116 91 62813  1 1246580 40443 2.2 59 27 2 4 40% 33387 2963 22%
c u 34.43  0 116 91 62813  1 1246580 40248 2.2 59 27 2 4 40% 33387 2963 22%
c v 34.44  0 116 91 62813  1 1246580 39904 2.2 59 27 2 4 40% 33387 2963 22%
c w 34.44  0 116 91 62813  1 1246580 39902 2.2 59 27 2 4 40% 33387 2963 22%
c 
c  seconds   reductions     conflicts         size   tier2      variables
c         MB       restarts        redundant     glue   trail        remaining
c           level        rate           size/glue  tier1  irredundant
c 
c - 35.35  0 116 92 62823  1 1274492 40745 2.1 60 28 2 4 40% 33387 2963 22%
c p 35.35  0 116 92 62823  1 1274492 40761 2.1 60 28 2 4 40% 33387 2963 22%
c u 35.37  0 116 92 62823  1 1274492 40661 2.1 60 28 2 4 40% 33387 2963 22%
c v 35.37  0 116 92 62823  1 1274492 40537 2.1 60 28 2 4 40% 33387 2963 22%
c w 35.38  0 116 92 62823  1 1274492 40533 2.1 60 28 2 4 40% 33387 2963 22%
c B 35.40  0 116 92 62823  1 1275099 41101 2.1 60 28 2 4 40% 33387 2963 22%
c - 36.71  0 118 93 62831  1 1302717 39115 2.1 65 30 2 4 40% 33387 2963 22%
c p 36.72  0 118 93 62831  1 1302717 39132 2.1 65 30 2 4 40% 33387 2963 22%
c u 36.73  0 118 93 62831  1 1302717 39032 2.1 65 30 2 4 40% 33387 2963 22%
c v 36.73  0 118 93 62831  1 1302717 38886 2.1 65 30 2 4 40% 33387 2963 22%
c w 36.73  0 118 93 62831  1 1302717 38886 2.1 65 30 2 4 40% 33387 2963 22%
c ] 37.21  0 118 93 62838  1 1315920 51496 2.1 64 30 2 4 40% 33387 2963 22%
c { 37.21  0 65 93 62838 10 1315920 51496 1.8 17 10 1 2 18% 33387 2963 22%
c B 37.60  0 65 93 63983 10 1326100 61017 1.8 17 10 1 2 19% 33387 2963 22%
c - 37.83  0 65 94 64483 10 1331252 40837 1.8 17 10 1 2 19% 33387 2963 22%
c p 37.83  0 65 94 64483 10 1331252 40854 1.8 17 10 1 2 19% 33387 2963 22%
c u 37.93  0 65 94 64483 10 1331252 40769 1.8 17 10 1 2 19% 33387 2963 22%
c v 37.93  0 65 94 64483 10 1331252 40588 1.8 17 10 1 2 19% 33387 2963 22%
c - 39.15  0 67 95 68220 10 1360096 43005 1.8 18 10 1 2 19% 33387 2963 22%
c p 39.15  0 67 95 68220 10 1360096 43022 1.8 18 10 1 2 19% 33387 2963 22%
c 
c  seconds  reductions     conflicts         size   tier2      variables
c         MB      restarts        redundant     glue   trail        remaining
c          level        rate           size/glue  tier1  irredundant
c 
c u 39.18  0 67 95 68220 10 1360096 42861 1.8 18 10 1 2 19% 33387 2963 22%
c v 39.19  0 67 95 68220 10 1360096 42529 1.8 18 10 1 2 19% 33387 2963 22%
c } 39.45  0 67 95 69087 10 1368774 50652 1.8 18 10 1 2 19% 33387 2963 22%
c [ 39.45  0 118 95 69087  1 1368774 50652 2.1 64 30 2 4 40% 33387 2963 22%
c W 40.02  0 117 95 69090  1 1378101 59678 2.1 63 30 2 4 39% 33387 2963 22%
c - 40.39  0 115 96 69095  1 1389251 43906 2.1 61 29 2 4 38% 33387 2963 22%
c p 40.39  0 115 96 69095  1 1389251 43923 2.1 61 29 2 4 38% 33387 2963 22%
c u 40.41  0 115 96 69095  1 1389251 43768 2.1 61 29 2 4 38% 33387 2963 22%
c v 40.42  0 115 96 69095  1 1389251 43574 2.1 61 29 2 4 38% 33387 2963 22%
c w 40.42  0 115 96 69095  1 1389251 43572 2.1 61 29 2 4 38% 33387 2963 22%
c - 41.48  0 114 97 69103  1 1418718 43281 2.1 63 30 2 4 37% 33387 2963 22%
c p 41.48  0 114 97 69103  1 1418718 43298 2.1 63 30 2 4 37% 33387 2963 22%
c u 41.50  0 114 97 69103  1 1418718 43284 2.1 63 30 2 4 37% 33387 2963 22%
c v 41.50  0 114 97 69103  1 1418718 43144 2.1 63 30 2 4 37% 33387 2963 22%
c w 41.50  0 114 97 69103  1 1418718 43144 2.1 63 30 2 4 37% 33387 2963 22%
c x 41.51  0 114 97 69103  1 1418718 43124 2.1 63 30 2 4 37% 33276 2963 22%
c I 41.90  0 115 97 69104  1 1431103 54778 2.1 63 30 2 4 38% 33276 2963 22%
c - 42.45  0 111 98 69104  1 1448495 42362 2.2 63 29 1 2 38% 33276 2963 22%
c p 42.45  0 111 98 69104  1 1448495 42375 2.2 63 29 1 2 38% 33276 2963 22%
c u 42.47  0 111 98 69104  1 1448495 42309 2.2 63 29 1 2 38% 33247 2963 22%
c 
c  seconds   reductions     conflicts         size   tier2      variables
c         MB       restarts        redundant     glue   trail        remaining
c           level        rate           size/glue  tier1  irredundant
c 
c v 42.47  0 111 98 69104  1 1448495 42299 2.2 63 29 1 2 38% 33247 2963 22%
c w 42.47  0 111 98 69104  1 1448495 42299 2.2 63 29 1 2 38% 33247 2963 22%
c ] 42.90  0 111 98 69105  1 1461387 54601 2.1 63 30 1 2 38% 33247 2963 22%
c { 42.90  0 67 98 69105 10 1461387 54601 1.8 18 10 1 2 19% 33247 2963 22%
c e 42.93  0 67 98 69134 10 1461743 54305 1.8 18 10 1 2 19% 33337 2952 22%
c s 42.93  0 67 98 69134 10 1461743 54230 1.8 18 10 1 2 19% 33293 2952 22%
c e 42.93  0 67 98 69134 10 1461743 53854 1.8 18 10 1 2 19% 33307 2951 22%
c - 43.66  0 67 99 71056 10 1478584 43617 1.8 18 10 1 2 19% 33306 2951 22%
c p 43.66  0 67 99 71056 10 1478584 43634 1.8 18 10 1 2 19% 33306 2951 22%
c u 43.68  0 67 99 71056 10 1478584 43562 1.8 18 10 1 2 19% 33305 2951 22%
c v 43.69  0 67 99 71056 10 1478584 43331 1.8 18 10 1 2 19% 33305 2951 22%
c w 43.69  0 67 99 71056 10 1478584 43331 1.8 18 10 1 2 19% 33305 2951 22%
c W 44.03  0 67 99 71748 10 1485104 49441 1.8 18 10 1 2 20% 33305 2951 22%
c - 45.04  0 68 100 74329 10 1508984 45813 1.9 19 10 1 2 20% 33305 2951 22%
c p 45.04  0 68 100 74329 10 1508984 45830 1.9 19 10 1 2 20% 33305 2951 22%
c u 45.07  0 68 100 74329 10 1508984 45642 1.9 19 10 1 2 20% 33305 2951 22%
c v 45.08  0 68 100 74329 10 1508984 45368 1.9 19 10 1 2 20% 33305 2951 22%
c w 45.08  0 68 100 74329 10 1508984 45366 1.9 19 10 1 2 20% 33305 2951 22%
c } 45.50  0 68 100 75552 10 1519153 54915 1.8 19 10 1 2 20% 33305 2951 22%
c [ 45.50  0 111 100 75552  1 1519153 54915 2.1 63 30 1 2 38% 33305 2951 22%
c 
c  seconds    reductions     conflicts         size   tier2      variables
c         MB        restarts        redundant     glue   trail        remaining
c           level         rate           size/glue  tier1  irredundant
c 
c - 46.20  0 108 101 75552  1 1539694 46756 2.1 62 29 1 2 37% 33305 2951 22%
c p 46.20  0 108 101 75552  1 1539694 46772 2.1 62 29 1 2 37% 33305 2951 22%
c u 46.22  0 108 101 75552  1 1539694 46676 2.1 62 29 1 2 37% 33305 2951 22%
c v 46.22  0 108 101 75552  1 1539694 46456 2.1 62 29 1 2 37% 33305 2951 22%
c w 46.23  0 108 101 75552  1 1539694 46451 2.1 62 29 1 2 37% 33305 2951 22%
c B 46.25  0 108 101 75552  1 1540105 46845 2.1 62 29 1 2 37% 33305 2951 22%
c - 47.31  0 108 102 75552  1 1570715 46191 2.2 64 29 1 2 40% 33305 2951 22%
c p 47.31  0 108 102 75552  1 1570715 46208 2.2 64 29 1 2 40% 33305 2951 22%
c u 47.33  0 108 102 75552  1 1570715 46167 2.2 64 29 1 2 40% 33305 2951 22%
c v 47.34  0 108 102 75552  1 1570715 45976 2.2 64 29 1 2 40% 33305 2951 22%
c w 47.34  0 108 102 75552  1 1570715 45973 2.2 64 29 1 2 40% 33305 2951 22%
c W 48.43  0 108 102 75553  1 1596106 70150 2.3 67 29 1 2 42% 33305 2951 22%
c - 48.65  0 108 103 75553  1 1602047 44385 2.3 67 29 1 2 41% 33305 2951 22%
c p 48.65  0 108 103 75553  1 1602047 44401 2.3 67 29 1 2 41% 33305 2951 22%
c u 48.67  0 108 103 75553  1 1602047 44320 2.3 67 29 1 2 41% 33305 2951 22%
c v 48.67  0 108 103 75553  1 1602047 44320 2.3 67 29 1 2 41% 33305 2951 22%
c w 48.67  0 108 103 75553  1 1602047 44320 2.3 67 29 1 2 41% 33305 2951 22%
c ] 49.09  0 107 103 75553  1 1613697 55614 2.2 66 30 1 2 40% 33305 2951 22%
c { 49.09  0 68 103 75553 10 1613697 55614 1.8 19 10 1 2 20% 33305 2951 22%
c - 49.99  0 68 104 77562 10 1633690 46577 1.9 19 10 1 2 20% 33305 2951 22%
c 
c  seconds   reductions     conflicts         size   tier2      variables
c         MB       restarts        redundant     glue   trail        remaining
c          level         rate           size/glue  tier1  irredundant
c 
c p 49.99  0 68 104 77562 10 1633690 46594 1.9 19 10 1 2 20% 33305 2951 22%
c u 50.01  0 68 104 77562 10 1633690 46503 1.9 19 10 1 2 20% 33305 2951 22%
c v 50.02  0 68 104 77562 10 1633690 46267 1.9 19 10 1 2 20% 33305 2951 22%
c w 50.02  0 68 104 77562 10 1633690 46267 1.9 19 10 1 2 20% 33305 2951 22%
c F 50.78  0 69 104 79739 10 1653107 64463 1.9 19 10 1 2 20% 33305 2951 22%
c - 51.45  0 70 105 81231 10 1665643 48496 1.9 19 10 1 2 21% 33305 2951 22%
c p 51.45  0 70 105 81231 10 1665643 48513 1.9 19 10 1 2 21% 33305 2951 22%
c u 51.59  0 70 105 81231 10 1665643 48376 1.9 19 10 1 2 21% 33305 2951 22%
c v 51.60  0 70 105 81231 10 1665643 48068 1.9 19 10 1 2 21% 33305 2951 22%
c w 51.60  0 70 105 81231 10 1665643 48068 1.9 19 10 1 2 21% 33305 2951 22%
c } 51.88  0 69 105 82054 10 1673669 55509 1.9 19 10 1 2 21% 33305 2951 22%
c [ 51.88  0 107 105 82054  1 1673669 55509 2.2 66 30 1 2 40% 33305 2951 22%
c - 52.88  0 105 106 82054  1 1697909 49853 2.3 67 30 1 2 40% 33305 2951 22%
c p 52.88  0 105 106 82054  1 1697909 49870 2.3 67 30 1 2 40% 33305 2951 22%
c u 52.91  0 105 106 82054  1 1697909 49780 2.3 67 30 1 2 40% 33305 2951 22%
c v 52.91  0 105 106 82054  1 1697909 49595 2.3 67 30 1 2 40% 33305 2951 22%
c w 52.91  0 105 106 82054  1 1697909 49595 2.3 67 30 1 2 40% 33305 2951 22%
c O 53.32  0 105 106 82054  1 1711108 62171 2.2 66 30 1 2 40% 33305 2951 22%
c - 54.40  0 104 107 82054  1 1730486 48373 2.4 73 30 1 2 44% 33305 2951 22%
c p 54.40  0 104 107 82054  1 1730486 48390 2.4 73 30 1 2 44% 33305 2951 22%
c 
c  seconds    reductions     conflicts         size   tier2      variables
c         MB        restarts        redundant     glue   trail        remaining
c           level         rate           size/glue  tier1  irredundant
c 
c u 54.42  0 104 107 82054  1 1730486 48353 2.4 73 30 1 2 44% 33304 2951 22%
c v 54.43  0 104 107 82054  1 1730486 48064 2.4 73 30 1 2 44% 33304 2951 22%
c w 54.43  0 104 107 82054  1 1730486 48063 2.4 73 30 1 2 44% 33304 2951 22%
c ] 55.53  0 105 107 82054  1 1752359 69210 2.3 72 32 1 2 41% 33304 2951 22%
c { 55.53  0 69 107 82054 10 1752359 69210 1.9 19 10 1 2 21% 33304 2951 22%
c - 56.02  0 69 108 83002  9 1763372 48552 1.9 19 10 1 2 21% 33304 2951 22%
c p 56.02  0 69 108 83002  9 1763372 48569 1.9 19 10 1 2 21% 33304 2951 22%
c u 56.04  0 69 108 83002  9 1763372 48502 1.9 19 10 1 2 21% 33304 2951 22%
c v 56.05  0 69 108 83002  9 1763372 48383 1.9 19 10 1 2 21% 33304 2951 22%
c w 56.05  0 69 108 83002  9 1763372 48383 1.9 19 10 1 2 21% 33304 2951 22%
c x 56.05  0 69 108 83002  9 1763372 48295 1.9 19 10 1 2 21% 33026 2951 22%
c B 56.25  0 69 108 83442  9 1770110 54582 1.9 20 10 1 2 21% 33026 2951 22%
c e 56.51  0 69 108 84062  9 1776430 59750 1.9 20 10 1 2 21% 33182 2936 22%
c - 57.48  0 69 109 86258  9 1796573 50323 1.9 20 10 1 2 21% 33182 2936 22%
c p 57.48  0 69 109 86258  9 1796573 50337 1.9 20 10 1 2 21% 33182 2936 22%
c u 57.50  0 69 109 86258  9 1796573 50261 1.9 20 10 1 2 21% 33139 2936 22%
c v 57.52  0 69 109 86258  9 1796573 49936 1.9 20 10 1 2 21% 33139 2936 22%
c } 58.48  0 70 109 88832  9 1818736 70770 1.9 20 11 1 2 21% 33139 2936 22%
c [ 58.48  0 105 109 88832  1 1818736 70770 2.3 72 32 1 2 41% 33139 2936 22%
c - 58.84  0 104 110 88832  1 1830083 52074 2.3 71 31 1 2 42% 33139 2936 22%
c 
c  seconds    reductions     conflicts         size   tier2      variables
c         MB        restarts        redundant     glue   trail        remaining
c           level         rate           size/glue  tier1  irredundant
c 
c p 58.85  0 104 110 88832  1 1830083 52088 2.3 71 31 1 2 42% 33139 2936 22%
c u 58.87  0 104 110 88832  1 1830083 51959 2.3 71 31 1 2 42% 33138 2936 22%
c v 58.88  0 104 110 88832  1 1830083 51707 2.3 71 31 1 2 42% 33138 2936 22%
c w 58.88  0 104 110 88832  1 1830083 51706 2.3 71 31 1 2 42% 33138 2936 22%
c B 58.89  0 104 110 88832  1 1830112 51735 2.3 71 31 1 2 42% 33138 2936 22%
c ] 59.79  0 103 110 88839  1 1854045 74696 2.3 69 31 1 2 41% 33138 2936 22%
c ? 59.79  0 103 110 88839  1 1854045 74696 2.3 69 31 1 2 41% 33138 2936 22%
c 
c --- [ result ] -------------------------------------------------------------
c 
c UNKNOWN
c 
c --- [ run-time profiling ] -------------------------------------------------
c 
c process time taken by individual solving procedures
c (percentage relative to process time for solving)
c 
c        56.39   94.34% search
c        32.27   53.98% stable
c        22.89   38.30% unstable
c         3.38    5.66% simplify
c         1.23    2.05% vivify
c         1.23    2.05% walk
c         0.67    1.11% sweep
c         0.50    0.84% factor
c         0.25    0.42% congruence
c         0.23    0.38% elim
c         0.11    0.18% subsume
c         0.09    0.15% ternary
c         0.08    0.13% probe
c         0.07    0.11% preprocess
c         0.02    0.04% backbone
c         0.02    0.03% parse
c         0.02    0.03% fastelim
c         0.00    0.00% lucky
c   =================================
c        59.78   99.97% solve
c 
c last line shows process time for solving
c (percentage relative to total process time)
c 
c --- [ statistics ] ---------------------------------------------------------
c 
c chronological:            485369        26.18 %  of conflicts
c conflicts:               1854045     31016.29    per second
c backbone:                1458858     10349.45 %  of vars
c decisions:               8578080    143502.59    per second
c eliminated:                 7817        55.46 %  of all variables
c factored:                    848        28.53 %  of variables
c fixed:                      1257         8.92 %  of all variables
c learned:                 1787231        96.40 %  per conflict
c learned_lits:           90180749       100.00 %  learned literals
c minimized:                     0         0.00 %  learned literals
c shrunken:                4297622         4.77 %  learned literals
c minishrunken:            8593594         9.53 %  learned literals
c otfs:                      38436         2.07 %  of conflict
c propagations:          200942028         3.36 M  per second
c reduced:                 1589399        85.73 %  per conflict
c rephased:                     60     30900.75    interval
c restarts:                  88839        20.87    interval
c stabilizing:                  24        57.95 %  of conflicts
c substituted:                2086        14.80 %  of all variables
c sweep equivs:                538        10.79 %  of swept variables
c subsumed:                  71837         3.71 %  of all clauses
c strengthened:              56948         2.94 %  of all clauses
c ticks:                3661279495        18.59    propagation
c vivified:                  21150         1.09 %  of all clauses
c walked:                       18    103002.50    interval
c weakened:                  48782         2.96    average size
c congruence:                   28     66215.89    interval
c 
c seconds are measured in process time for solving
c 
c --- [ glue usage ] ---------------------------------------------------------
c 
c focused glue 1 used 3260983 clauses 67.50% accumulated 67.50% tier1
c focused glue 2 used 769785 clauses 15.93% accumulated 83.43% tier2
c 
c stable glue 1 used 6179007 clauses 52.00% accumulated 52.00% tier1
c stable glue 2 used 1784073 clauses 15.01% accumulated 67.02% tier2
c 
c 
c --- [ resources ] ----------------------------------------------------------
c 
c total process time since initialization:        59.79    seconds
c total real time since initialization:           60.01    seconds
c maximum resident set size of process:       132352.00    MB
c 
c --- [ shutting down ] ------------------------------------------------------
c 
c exit 0
c Timeout reached! 😅 This instance is a real thinker.
c 🚧 🚧 🚧 Please consider contributing it to the page
c https://mysolvertimesout.org/#sat in order to improve
c automated reasoning. 🚧 🚧 🚧
