c --- [ banner ] -------------------------------------------------------------
c 
c CaDiCaL SAT Solver
c Copyright (c) 2016-2025
c A. Biere, M. Fleury, N. Froleyks, K. Fazekas, F. Pollitt, T. Faller
c JKU Linz, University of Freiburg, TU Wien
c 
c Version 3.0.0
c Apple clang version 17.0.0 (clang-1700.6.3.2) -Wall -Wextra -O3 -DNDEBUG -DNCLOSEFROM
c Tue Dec 23 21:53:38 UTC 2025 Darwin Tahoe-arm64.local 25.2.0 arm64
c 
c --- [ limit ] --------------------------------------------------------------
c 
c setting time limit to 60 seconds real time (due to '-t 60')
c 
c --- [ parsing input ] ------------------------------------------------------
c 
c reading DIMACS file from '/tmp/F366_sr60_bit31_inj.cnf'
c opening file to read '/tmp/F366_sr60_bit31_inj.cnf'
c found 'p cnf 13248 54951' header
c parsed 54951 clauses in 0.02 seconds process time
c 
c --- [ options ] ------------------------------------------------------------
c 
c   --binary=false                 (different from default 'true')
c   --seed=1                       (different from default '0')
c 
c --- [ solving ] ------------------------------------------------------------
c 
c time measured in process time since initialization
c 
c  seconds  reduction conflicts       size tier2       variables
c         MB    restarts   redundant    glue  trail         remaining
c          level     rate       size/glu tier1  irredundant
c 
c *  0.02  0  0 0   0  0    0    0 0.0 0 0 2 6  0% 54436 12766 96%
c (  0.02  0  0 0   0  0    0    0 0.0 0 0 2 6  0% 54436 12766 96%
c .  0.02  0  0 0   0  0    0    0 0.0 0 0 2 6  0% 53410 12766 96%
c c  0.05  0  0 0   0  0    0    0 0.0 0 0 2 6  0% 50460 11991 91%
c d  0.05  0  0 0   0  0    0    0 0.0 0 0 2 6  0% 45352 10593 80%
c 2  0.05  0  0 0   0  0    0    0 0.0 0 0 2 6  0% 45208 10593 80%
c f  0.07  0  0 0   0  0    0    0 0.0 0 0 2 6  0% 44942 10859 82%
c e  0.09  0  0 0   0  0    0    0 0.0 0 0 2 6  0% 34456 6335 48%
c s  0.09  0  0 0   0  0    0    0 0.0 0 0 2 6  0% 34455 6335 48%
c s  0.09  0  0 0   0  0    0    0 0.0 0 0 2 6  0% 34455 6335 48%
c P  0.10  0  0 0   0  0    0    0 0.0 0 0 2 6  0% 34455 6335 48%
c )  0.10  0  0 0   0  0    0    0 0.0 0 0 2 6  0% 34455 6335 48%
c {  0.10  0  0 0   0  0    0    0 0.0 0 0 2 6  0% 34455 6335 48%
c -  0.10  0 1219 1  16 52  300  235 1.4 4 3 2 6 22% 34455 6335 48%
c -  0.11  0 584 2  47 36  734  582 1.5 5 3 2 6 18% 34455 6335 48%
c }  0.11  0 528 2  61 45 1001  801 1.5 5 3 2 6 18% 34455 6335 48%
c [  0.11  0  0 2  61  0 1001  801 0.0 0 0 2 6  0% 34455 6335 48%
c O  0.11  0 808 2  61 809 1002  802 1.8 14 8 2 6 32% 34455 6335 48%
c -  0.12  0 790 3  61  3 1411  906 2.0 47 23 2 6 32% 34455 6335 48%
c ]  0.12  0 789 3  61  3 1576 1047 2.0 45 23 2 6 32% 34455 6335 48%
c 
c  seconds   reduction conflicts       size tier2      variables
c         MB     restarts   redundant    glue  trail        remaining
c           level     rate       size/glu tier1  irredundant
c 
c {  0.12  0 528 3  61 45 1576 1047 1.5 5 3 2 6 18% 34455 6335 48%
c 2  0.13  0 345 3 174 34 2242 1627 1.5 5 3 2 6 11% 34393 6335 48%
c p  0.14  0 345 3 174 34 2242 1588 1.5 5 3 2 6 11% 34381 6318 48%
c c  0.15  0 345 3 174 34 2242 1588 1.5 5 3 2 6 11% 34337 6318 48%
c d  0.15  0 345 3 174 34 2242 1579 1.5 5 3 2 6 11% 34311 6305 48%
c 2  0.15  0 345 3 174 34 2242 1579 1.5 5 3 2 6 11% 34309 6305 48%
c -  0.15  0 328 4 194 33 2350 1366 1.5 5 3 2 6 11% 34309 6305 48%
c O  0.16  0 257 4 299 28 3006 1893 1.6 6 4 2 6 10% 34309 6305 48%
c -  0.17  0 223 5 375 25 3561 2122 1.6 6 4 2 6 11% 34309 6305 48%
c }  0.17  0 221 5 383 25 3590 2149 1.6 6 4 2 6 11% 34309 6305 48%
c [  0.17  0 789 5 383  3 3590 2149 2.0 45 23 2 6 68% 34309 6305 48%
c s  0.18  0 445 5 384  2 4186 2661 2.1 36 17 2 6 56% 34306 6305 48%
c t  0.18  0 445 5 384  2 4186 2661 2.1 36 17 2 6 56% 34305 6305 48%
c e  0.20  0 445 5 384  2 4186 2326 2.1 36 17 2 6 56% 34276 5896 45%
c s  0.20  0 445 5 384  2 4186 2325 2.1 36 17 2 6 56% 34113 5896 45%
c c  0.22  0 348 5 384  2 4742 2795 2.1 33 16 2 6 43% 34077 5885 44%
c =  0.23  0 348 5 384  2 4742 2775 2.1 33 16 2 6 43% 33993 5826 44%
c -  0.24  0 316 6 384  2 5052 2303 2.1 32 15 4 13 42% 33993 5826 44%
c I  0.25  0 245 6 385  3 6007 3124 2.1 26 12 3 10 33% 33993 5826 44%
c ]  0.25  0 234 6 385  3 6270 3361 2.1 26 12 3 9 32% 33993 5826 44%
c 
c  seconds   reduction conflicts       size tier2      variables
c         MB     restarts   redundant    glue  trail        remaining
c           level     rate       size/glu tier1  irredundant
c 
c {  0.25  0 221 6 385 25 6270 3361 1.6 6 4 2 6 11% 33993 5826 44%
c -  0.27  0 198 7 518 24 6828 3102 1.6 7 4 2 6 11% 33993 5826 44%
c c  0.28  0 180 7 642 23 7347 3552 1.6 7 4 2 3 11% 33975 5824 44%
c =  0.29  0 180 7 642 23 7347 3547 1.6 7 4 2 3 11% 33931 5792 44%
c t  0.29  0 180 7 642 23 7347 3546 1.6 7 4 2 3 11% 33931 5792 44%
c f  0.30  0 180 7 642 23 7347 3546 1.6 7 4 2 3 10% 33693 6028 46%
c -  0.33  0 153 8 921 21 8894 3571 1.7 8 5 2 3 12% 33693 6028 46%
c }  0.33  0 150 8 960 21 9153 3795 1.7 8 5 2 3 12% 33693 6028 46%
c [  0.33  0 234 8 960  3 9153 3795 2.1 26 12 3 9 31% 33693 6028 46%
c B  0.34  0 205 8 960  2 10009 4557 2.3 27 12 3 9 31% 33693 6028 46%
c c  0.36  0 203 8 960  2 10044 4543 2.3 27 12 3 9 30% 33651 6022 45%
c d  0.36  0 203 8 960  2 10044 4512 2.3 27 12 3 9 30% 33643 6018 45%
c =  0.37  0 203 8 960  2 10044 4512 2.3 27 12 3 9 30% 33626 5916 45%
c -  0.39  0 178 9 961  2 11251 3970 2.3 29 12 3 9 28% 33626 5916 45%
c -  0.44  0 169 10 963  2 13902 4267 2.2 30 13 2 4 28% 33626 5916 45%
c ]  0.45  0 170 10 963  2 14307 4641 2.3 30 13 2 4 30% 33626 5916 45%
c {  0.45  0 150 10 963 21 14307 4641 1.7 8 5 2 3 12% 33626 5916 45%
c s  0.45  0 150 10 964 21 14317 4491 1.7 8 5 2 3 12% 32601 5916 45%
c t  0.46  0 150 10 964 21 14317 4490 1.7 8 5 2 3 12% 32601 5916 45%
c e  0.47  0 150 10 964 21 14317 4261 1.7 8 5 2 3 12% 32601 5694 43%
c 
c  seconds   reductions  conflicts       size tier2      variables
c         MB      restarts    redundant    glue  trail        remaining
c           level      rate        size/glu tier1  irredundant
c 
c s  0.47  0 150 10 964 21 14317 4216 1.7 8 5 2 3 12% 32397 5694 43%
c #  0.49  0 141 10 1116 21 15011 4836 1.7 8 5 2 3 13% 32393 5694 43%
c 2  0.50  0 135 10 1238 20 15693 5429 1.7 9 5 2 3 13% 32393 5694 43%
c f  0.51  0 135 10 1238 20 15693 5427 1.7 9 5 2 3 13% 32347 5737 43%
c -  0.53  0 126 11 1454 20 16849 4837 1.7 9 5 2 3 13% 32347 5737 43%
c c  0.57  0 118 11 1753 19 18633 6348 1.7 10 6 2 3 15% 32295 5719 43%
c d  0.57  0 118 11 1753 19 18633 6293 1.7 10 6 2 3 15% 32281 5712 43%
c =  0.58  0 118 11 1753 19 18633 6293 1.7 10 6 2 3 15% 32181 5637 43%
c u  0.59  0 118 11 1753 19 18633 5691 1.7 10 6 2 3 15% 32175 5637 43%
c v  0.59  0 118 11 1753 19 18633 5563 1.7 10 6 2 3 15% 32175 5637 43%
c w  0.59  0 118 11 1753 19 18633 5557 1.7 10 6 2 3 15% 32175 5637 43%
c x  0.59  0 118 11 1753 19 18633 5556 1.7 10 6 2 3 15% 32165 5637 43%
c t  0.59  0 118 11 1753 19 18633 5555 1.7 10 6 2 3 15% 32165 5637 43%
c }  0.60  0 116 11 1816 18 19320 6134 1.7 10 6 2 3 15% 32165 5637 43%
c [  0.60  0 170 11 1816  2 19320 6134 2.3 30 13 2 4 34% 32165 5637 43%
c -  0.61  0 165 12 1817  2 20095 5025 2.3 30 13 2 4 33% 32165 5637 43%
c W  0.65  0 163 12 1817  2 21014 5897 2.3 35 15 2 4 34% 32165 5637 43%
c d  0.66  0 162 12 1817  2 21643 6471 2.3 36 15 2 4 34% 32165 5632 43%
c c  0.68  0 162 12 1817  2 21643 6471 2.3 36 15 2 4 34% 32145 5632 43%
c d  0.68  0 162 12 1817  2 21643 6455 2.3 36 15 2 4 34% 32139 5629 42%
c 
c  seconds   reductions   conflicts       size   tier2      variables
c         MB      restarts     redundant     glue   trail        remaining
c           level       rate        size/glue  tier1  irredundant
c 
c 2  0.68  0 162 12 1817  2 21643 6455 2.3 36 15 2 4 34% 32137 5629 42%
c =  0.69  0 162 12 1817  2 21643 6426 2.3 36 15 2 4 34% 32100 5565 42%
c f  0.69  0 162 12 1817  2 21643 6426 2.3 36 15 2 4 34% 32042 5605 42%
c -  0.75  0 155 13 1817  2 23639 5629 2.3 39 17 2 4 32% 32042 5605 42%
c =  0.78  0 149 13 1818  2 24721 6581 2.3 38 17 2 4 31% 32038 5585 42%
c ]  0.79  0 149 13 1820  2 26254 7902 2.2 38 17 2 4 30% 32038 5585 42%
c {  0.79  0 116 13 1820 18 26254 7902 1.7 10 6 2 3 15% 32038 5585 42%
c -  0.82  0 110 14 2030 17 27482 6337 1.7 10 6 2 3 15% 32038 5585 42%
c =  0.83  0 109 14 2071 17 27861 6642 1.8 10 6 2 3 15% 32026 5506 42%
c f  0.84  0 109 14 2071 17 27861 6642 1.8 10 6 2 3 15% 32003 5522 42%
c B  0.84  0 109 14 2078 17 28015 6769 1.8 10 6 2 3 15% 32003 5522 42%
c s  0.87  0 104 14 2260 16 29368 7796 1.8 10 6 2 3 15% 30837 5522 42%
c t  0.87  0 104 14 2260 16 29368 7794 1.8 10 6 2 3 15% 30837 5522 42%
c e  0.87  0 104 14 2260 16 29368 6937 1.8 10 6 2 3 15% 30596 5390 41%
c s  0.87  0 104 14 2260 16 29368 6890 1.8 10 6 2 3 15% 30527 5390 41%
c e  0.88  0 104 14 2260 16 29368 6890 1.8 10 6 2 3 15% 30516 5389 41%
c -  0.92  0 100 15 2576 16 31628 6866 1.8 10 6 2 3 15% 30516 5389 41%
c 2  0.92  0 100 15 2576 16 31628 6847 1.8 10 6 2 3 15% 30516 5389 41%
c d  0.92  0 100 15 2576 16 31628 6830 1.8 10 6 2 3 15% 30516 5384 41%
c c  0.93  0 100 15 2576 16 31628 6830 1.8 10 6 2 3 15% 30481 5384 41%
c 
c  seconds   reductions   conflicts       size  tier2      variables
c         MB      restarts     redundant     glue  trail        remaining
c           level       rate        size/glue tier1  irredundant
c 
c d  0.93  0 100 15 2576 16 31628 6812 1.8 10 6 2 3 15% 30473 5380 41%
c 2  0.93  0 100 15 2576 16 31628 6812 1.8 10 6 2 3 15% 30469 5380 41%
c =  0.94  0 100 15 2576 16 31628 6812 1.8 10 6 2 3 15% 30428 5365 40%
c }  0.99  0 95 15 2949 15 34594 9447 1.8 11 6 2 3 15% 30428 5365 40%
c [  0.99  0 149 15 2949  2 34594 9447 2.2 38 17 2 4 30% 30428 5365 40%
c O  1.01  0 144 15 2949  2 36016 10759 2.3 38 17 2 4 30% 30428 5365 40%
c -  1.01  0 143 16 2949  2 36076 7975 2.3 38 17 2 4 30% 30428 5365 40%
c d  1.01  0 143 16 2949  2 36076 7920 2.3 38 17 2 4 30% 30420 5355 40%
c c  1.02  0 143 16 2949  2 36076 7920 2.3 38 17 2 4 30% 30401 5355 40%
c =  1.03  0 143 16 2949  2 36076 7910 2.3 38 17 2 4 30% 30395 5351 40%
c u  1.04  0 143 16 2949  2 36076 6910 2.3 38 17 2 4 30% 30354 5351 40%
c v  1.04  0 143 16 2949  2 36076 6667 2.3 38 17 2 4 30% 30354 5351 40%
c w  1.04  0 143 16 2949  2 36076 6667 2.3 38 17 2 4 30% 30354 5351 40%
c 2  1.04  0 143 16 2949  2 36076 6666 2.3 38 17 2 4 30% 30354 5351 40%
c f  1.05  0 143 16 2949  2 36076 6666 2.3 38 17 2 4 30% 30276 5418 41%
c -  1.14  0 141 17 2952  2 40824 7332 2.1 39 19 2 3 29% 30276 5418 41%
c d  1.14  0 141 17 2952  2 40824 7316 2.1 39 19 2 3 29% 30276 5416 41%
c c  1.14  0 141 17 2952  2 40824 7316 2.1 39 19 2 3 29% 30266 5416 41%
c d  1.15  0 141 17 2952  2 40824 7312 2.1 39 19 2 3 29% 30264 5415 41%
c 2  1.15  0 141 17 2952  2 40824 7312 2.1 39 19 2 3 29% 30262 5415 41%
c 
c  seconds   reductions   conflicts        size   tier2      variables
c         MB      restarts      redundant     glue   trail        remaining
c           level       rate         size/glue  tier1  irredundant
c 
c B  1.26  0 143 17 2953  2 45017 11225 2.3 45 20 2 3 32% 30262 5415 41%
c ]  1.27  0 143 17 2954  2 45276 11463 2.3 46 20 2 3 32% 30262 5415 41%
c {  1.27  0 95 17 2954 15 45276 11463 1.8 11 6 2 3 15% 30262 5415 41%
c -  1.29  0 94 18 3086 15 45879 7725 1.8 11 6 2 3 15% 30262 5415 41%
c p  1.29  0 94 18 3086 15 45879 7729 1.8 11 6 2 3 15% 30262 5415 41%
c f  1.30  0 94 18 3086 15 45879 7727 1.8 11 6 2 3 15% 30248 5430 41%
c s  1.36  0 90 18 3501 14 49380 10691 1.8 11 6 2 3 15% 30184 5430 41%
c t  1.36  0 90 18 3501 14 49380 10691 1.8 11 6 2 3 15% 30183 5430 41%
c e  1.37  0 90 18 3501 14 49380 10483 1.8 11 6 2 3 15% 27790 5057 38%
c s  1.37  0 90 18 3501 14 49380 10448 1.8 11 6 2 3 15% 27782 5057 38%
c -  1.41  0 89 19 3727 14 51233 8951 1.8 11 6 2 3 21% 27780 5057 38%
c 2  1.41  0 89 19 3727 14 51233 8948 1.8 11 6 2 3 21% 27780 5057 38%
c p  1.42  0 89 19 3727 14 51233 8976 1.8 11 6 2 3 21% 27772 5054 38%
c =  1.43  0 89 19 3727 14 51233 8976 1.8 11 6 2 3 21% 27771 5053 38%
c u  1.43  0 89 19 3727 14 51233 8653 1.8 11 6 2 3 21% 27771 5053 38%
c v  1.43  0 89 19 3727 14 51233 8572 1.8 11 6 2 3 21% 27771 5053 38%
c 2  1.44  0 89 19 3727 14 51233 8571 1.8 11 6 2 3 21% 27771 5053 38%
c f  1.44  0 89 19 3727 14 51233 8565 1.8 11 6 2 3 21% 27772 5058 38%
c W  1.53  0 86 19 4326 14 55018 12034 1.8 12 6 2 3 18% 27772 5058 38%
c }  1.55  0 86 19 4421 14 56294 13176 1.8 12 6 2 3 18% 27771 5058 38%
c 
c  seconds   reductions   conflicts        size   tier2      variables
c         MB      restarts      redundant     glue   trail        remaining
c           level       rate         size/glue  tier1  irredundant
c 
c [  1.55  0 143 19 4421  2 56294 13176 2.3 46 20 2 3 37% 27771 5058 38%
c -  1.56  0 143 20 4421  2 56891 10158 2.3 45 20 2 3 37% 27771 5058 38%
c d  1.56  0 143 20 4421  2 56891 10107 2.3 45 20 2 3 37% 27771 5052 38%
c p  1.56  0 143 20 4421  2 56891 10334 2.3 45 20 2 3 37% 27771 5052 38%
c c  1.57  0 143 20 4421  2 56891 10334 2.3 45 20 2 3 37% 27723 5052 38%
c d  1.57  0 143 20 4421  2 56891 10293 2.3 45 20 2 3 37% 27711 5046 38%
c 2  1.57  0 143 20 4421  2 56891 10293 2.3 45 20 2 3 37% 27709 5046 38%
c =  1.58  0 143 20 4421  2 56891 10291 2.3 45 20 2 3 37% 27703 5038 38%
c 2  1.59  0 143 20 4421  2 56891 10288 2.3 45 20 2 3 37% 27703 5038 38%
c f  1.59  0 143 20 4421  2 56891 10286 2.3 45 20 2 3 37% 27702 5041 38%
c -  1.68  0 139 21 4421  2 62853 10598 2.3 46 20 2 3 37% 27702 5041 38%
c W  1.77  0 139 21 4423  2 66021 13562 2.2 46 21 2 3 36% 27702 5041 38%
c -  1.82  0 136 22 4425  2 69122 10784 2.1 45 21 2 3 35% 27702 5041 38%
c u  1.83  0 136 22 4425  2 69122 10254 2.1 45 21 2 3 35% 27702 5041 38%
c v  1.83  0 136 22 4425  2 69122 10105 2.1 45 21 2 3 35% 27702 5041 38%
c w  1.83  0 136 22 4425  2 69122 10104 2.1 45 21 2 3 35% 27702 5041 38%
c f  1.83  0 136 22 4425  2 69122 10102 2.1 45 21 2 3 35% 27703 5042 38%
c s  1.93  0 136 22 4428  2 73958 14462 2.1 46 21 2 4 35% 27688 5042 38%
c e  1.93  0 136 22 4428  2 73958 14418 2.1 46 21 2 4 35% 27675 5033 38%
c s  1.94  0 136 22 4428  2 73958 14393 2.1 46 21 2 4 35% 27675 5033 38%
c 
c  seconds   reductions   conflicts        size   tier2      variables
c         MB      restarts      redundant     glue   trail        remaining
c           level       rate         size/glue  tier1  irredundant
c 
c ^  1.94  0 136 22 4428  2 73958 14393 2.1 46 21 2 4 35% 27675 5033 38%
c ]  1.94  0 136 22 4428  2 74024 14455 2.1 46 21 2 4 35% 27675 5033 38%
c {  1.94  0 86 22 4428 14 74024 14455 1.8 12 6 2 3 18% 27675 5033 38%
c -  1.97  0 84 23 4689 13 75694 10974 1.8 12 6 2 3 18% 27675 5033 38%
c p  1.98  0 84 23 4689 13 75694 11042 1.8 12 6 2 3 18% 27675 5033 38%
c =  1.99  0 84 23 4689 13 75694 11042 1.8 12 6 2 3 18% 27674 5032 38%
c 2  1.99  0 84 23 4689 13 75694 11041 1.8 12 6 2 3 18% 27674 5032 38%
c F  2.04  0 83 23 5049 13 78022 13164 1.8 12 7 2 3 18% 27674 5032 38%
c -  2.13  0 80 24 5612 13 82574 12805 1.8 12 7 2 3 17% 27674 5032 38%
c p  2.13  0 80 24 5612 13 82574 12807 1.8 12 7 2 3 17% 27674 5032 38%
c =  2.14  0 80 24 5612 13 82574 12807 1.8 12 7 2 3 17% 27673 5031 38%
c u  2.15  0 80 24 5612 13 82574 12405 1.8 12 7 2 3 17% 27673 5031 38%
c v  2.15  0 80 24 5612 13 82574 12311 1.8 12 7 2 3 17% 27673 5031 38%
c 2  2.15  0 80 24 5612 13 82574 12310 1.8 12 7 2 3 17% 27673 5031 38%
c }  2.24  0 78 24 6255 13 86860 16228 1.8 12 7 2 3 16% 27673 5031 38%
c [  2.24  0 136 24 6255  2 86860 16228 2.1 46 21 2 4 35% 27673 5031 38%
c -  2.30  0 133 25 6255  2 89758 13856 2.1 46 21 2 4 34% 27673 5031 38%
c p  2.31  0 133 25 6255  2 89758 14049 2.1 46 21 2 4 34% 27673 5031 38%
c =  2.32  0 133 25 6255  2 89758 14038 2.1 46 21 2 4 34% 27668 5028 38%
c f  2.33  0 133 25 6255  2 89758 14033 2.1 46 21 2 4 34% 27671 5029 38%
c 
c  seconds   reductions   conflicts        size   tier2      variables
c         MB      restarts      redundant     glue   trail        remaining
c           level       rate         size/glue  tier1  irredundant
c 
c I  2.35  0 134 25 6256  2 91026 15234 2.1 45 21 2 4 33% 27671 5029 38%
c -  2.45  0 132 26 6261  2 97248 14586 2.1 43 20 2 4 33% 27671 5029 38%
c p  2.45  0 132 26 6261  2 97248 14612 2.1 43 20 2 4 33% 27671 5029 38%
c s  2.61  0 131 26 6263  2 103468 20298 2.1 44 21 2 4 34% 27663 5029 38%
c e  2.63  0 131 26 6263  2 103468 16025 2.1 44 21 2 4 34% 27868 4780 36%
c s  2.63  0 131 26 6263  2 103468 15960 2.1 44 21 2 4 34% 27722 4780 36%
c B  2.68  0 132 26 6263  2 105029 17454 2.1 44 21 2 4 34% 27704 4780 36%
c -  2.68  0 132 27 6263  2 105044 12845 2.1 44 21 2 4 34% 27704 4780 36%
c 2  2.68  0 132 27 6263  2 105044 12829 2.1 44 21 2 4 34% 27704 4780 36%
c p  2.68  0 132 27 6263  2 105044 13104 2.1 44 21 2 4 34% 27704 4780 36%
c u  2.68  0 132 27 6263  2 105044 12743 2.1 44 21 2 4 34% 27704 4780 36%
c v  2.69  0 132 27 6263  2 105044 12613 2.1 44 21 2 4 34% 27704 4780 36%
c w  2.69  0 132 27 6263  2 105044 12613 2.1 44 21 2 4 34% 27704 4780 36%
c x  2.69  0 132 27 6263  2 105044 12613 2.1 44 21 2 4 34% 27638 4780 36%
c t  2.69  0 132 27 6263  2 105044 12613 2.1 44 21 2 4 34% 27631 4780 36%
c f  2.70  0 132 27 6263  2 105044 12605 2.1 44 21 2 4 34% 27595 4802 36%
c ]  2.73  0 133 27 6263  2 106247 13744 2.1 44 21 2 4 33% 27595 4802 36%
c {  2.73  0 78 27 6263 13 106247 13744 1.8 12 7 2 3 16% 27595 4802 36%
c -  2.85  0 74 28 6989 12 113146 14624 1.8 12 7 2 3 15% 27595 4802 36%
c p  2.85  0 74 28 6989 12 113146 14658 1.8 12 7 2 3 15% 27595 4802 36%
c 
c  seconds  reductions   conflicts         size  tier2      variables
c         MB     restarts       redundant     glue  trail        remaining
c          level       rate          size/glue tier1  irredundant
c 
c =  2.87  0 74 28 6989 12 113146 14658 1.8 12 7 2 3 15% 27595 4801 36%
c f  2.87  0 74 28 6989 12 113146 14658 1.8 12 7 2 3 15% 27591 4803 36%
c B  3.01  0 72 28 7864 12 120030 20922 1.8 13 7 2 3 15% 27591 4803 36%
c -  3.05  0 72 29 8141 12 121555 16550 1.8 13 7 2 3 15% 27591 4803 36%
c d  3.05  0 72 29 8141 12 121555 16548 1.8 13 7 2 3 15% 27591 4802 36%
c p  3.06  0 72 29 8141 12 121555 16936 1.8 13 7 2 3 15% 27591 4802 36%
c 2  3.06  0 72 29 8141 12 121555 16935 1.8 13 7 2 3 15% 27591 4802 36%
c =  3.08  0 72 29 8141 12 121555 16935 1.8 13 7 2 3 15% 27591 4801 36%
c u  3.08  0 72 29 8141 12 121555 16321 1.8 13 7 2 3 15% 27591 4801 36%
c v  3.09  0 72 29 8141 12 121555 16153 1.8 13 7 2 3 15% 27591 4801 36%
c w  3.09  0 72 29 8141 12 121555 16153 1.8 13 7 2 3 15% 27591 4801 36%
c t  3.09  0 72 29 8141 12 121555 16152 1.8 13 7 2 3 15% 27591 4801 36%
c f  3.09  0 72 29 8141 12 121555 16133 1.8 13 7 2 3 15% 27602 4804 36%
c }  3.11  0 72 29 8286 12 122411 16934 1.8 13 7 2 3 15% 27602 4804 36%
c [  3.11  0 133 29 8286  2 122411 16934 2.1 44 21 2 4 33% 27602 4804 36%
c -  3.24  0 128 30 8287  2 130272 17068 2.1 42 20 2 4 32% 27602 4804 36%
c p  3.25  0 128 30 8287  2 130272 17068 2.1 42 20 2 4 32% 27602 4804 36%
c W  3.43  0 131 30 8287  2 136031 22414 2.2 45 21 2 4 33% 27602 4804 36%
c s  3.49  0 131 30 8287  1 138959 24899 2.2 45 21 2 4 34% 27561 4804 36%
c e  3.50  0 131 30 8287  1 138959 22149 2.2 45 21 2 4 34% 27563 4761 36%
c 
c  seconds   reductions   conflicts         size   tier2      variables
c         MB      restarts       redundant     glue   trail        remaining
c           level       rate          size/glue  tier1  irredundant
c 
c s  3.51  0 131 30 8287  1 138959 22054 2.2 45 21 2 4 34% 27549 4761 36%
c -  3.52  0 131 31 8287  2 139298 16409 2.1 45 21 2 4 34% 27549 4761 36%
c u  3.53  0 131 31 8287  2 139298 16231 2.1 45 21 2 4 34% 27549 4761 36%
c v  3.53  0 131 31 8287  2 139298 16170 2.1 45 21 2 4 34% 27549 4761 36%
c w  3.53  0 131 31 8287  2 139298 16169 2.1 45 21 2 4 34% 27549 4761 36%
c x  3.54  0 131 31 8287  2 139298 16169 2.1 45 21 2 4 34% 27546 4761 36%
c f  3.54  0 131 31 8287  2 139298 16169 2.1 45 21 2 4 34% 27542 4763 36%
c -  3.74  0 131 32 8290  1 148630 16891 2.2 45 21 2 4 34% 27542 4763 36%
c p  3.74  0 131 32 8290  1 148630 17038 2.2 45 21 2 4 34% 27542 4763 36%
c =  3.75  0 131 32 8290  1 148630 17022 2.2 45 21 2 4 34% 27542 4707 36%
c ]  3.77  0 132 32 8291  1 149234 17591 2.2 45 21 2 4 34% 27542 4707 36%
c {  3.77  0 72 32 8291 12 149234 17591 1.8 13 7 2 3 15% 27542 4707 36%
c W  3.86  0 71 32 8799 12 153032 21082 1.8 13 7 2 3 15% 27542 4707 36%
c -  3.99  0 70 33 9572 12 158268 18921 1.8 13 7 2 3 15% 27542 4707 36%
c d  3.99  0 70 33 9572 12 158268 18917 1.8 13 7 2 3 15% 27542 4706 36%
c p  3.99  0 70 33 9572 12 158268 19151 1.8 13 7 2 3 15% 27542 4706 36%
c =  4.02  0 70 33 9572 12 158268 19151 1.8 13 7 2 3 15% 27542 4705 36%
c u  4.03  0 70 33 9572 12 158268 18797 1.8 13 7 2 3 15% 27526 4705 36%
c v  4.03  0 70 33 9572 12 158268 18687 1.8 13 7 2 3 15% 27526 4705 36%
c w  4.03  0 70 33 9572 12 158268 18687 1.8 13 7 2 3 15% 27526 4705 36%
c 
c  seconds  reductions    conflicts         size  tier2      variables
c         MB      restarts       redundant     glue  trail        remaining
c          level        rate          size/glue tier1  irredundant
c 
c }  4.22  0 68 33 10719 12 166700 26290 1.8 13 7 2 3 15% 27526 4705 36%
c [  4.22  0 132 33 10719  1 166700 26290 2.2 45 21 2 4 34% 27526 4705 36%
c -  4.26  0 131 34 10720  1 168215 20472 2.1 45 21 2 4 34% 27526 4705 36%
c p  4.26  0 131 34 10720  1 168215 20552 2.1 45 21 2 4 34% 27526 4705 36%
c =  4.28  0 131 34 10720  1 168215 20534 2.1 45 21 2 4 34% 27318 4652 35%
c O  4.34  0 132 34 10722  1 171037 23151 2.2 45 21 2 4 34% 27318 4652 35%
c -  4.48  0 130 35 10725  1 178469 21170 2.1 44 21 2 4 34% 27318 4652 35%
c p  4.48  0 130 35 10725  1 178469 21251 2.1 44 21 2 4 34% 27318 4652 35%
c u  4.52  0 130 35 10725  1 178469 20833 2.1 44 21 2 4 34% 27281 4652 35%
c v  4.52  0 130 35 10725  1 178469 20718 2.1 44 21 2 4 34% 27281 4652 35%
c w  4.52  0 130 35 10725  1 178469 20718 2.1 44 21 2 4 34% 27281 4652 35%
c t  4.52  0 130 35 10725  1 178469 20712 2.1 44 21 2 4 34% 27281 4652 35%
c s  4.56  0 130 35 10726  1 179482 21263 2.1 44 21 2 4 34% 26784 4652 35%
c e  4.57  0 130 35 10726  1 179482 21088 2.1 44 21 2 4 34% 25419 4435 33%
c s  4.57  0 130 35 10726  1 179482 20988 2.1 44 21 2 4 34% 25418 4435 33%
c -  4.78  0 131 36 10730  1 189032 20042 2.1 46 22 2 4 41% 25418 4435 33%
c p  4.78  0 131 36 10730  1 189032 20250 2.1 46 22 2 4 41% 25418 4435 33%
c f  4.79  0 131 36 10730  1 189032 20250 2.1 46 22 2 4 41% 25414 4437 33%
c B  4.81  0 131 36 10730  1 190038 21206 2.1 46 22 2 4 39% 25414 4437 33%
c ]  5.01  0 133 36 10733  1 199604 30166 2.1 47 22 2 4 42% 25414 4437 33%
c 
c  seconds  reductions    conflicts         size  tier2      variables
c         MB      restarts       redundant     glue  trail        remaining
c          level        rate          size/glue tier1  irredundant
c 
c {  5.01  0 68 36 10733 12 199604 30166 1.8 13 7 2 3 17% 25414 4437 33%
c -  5.02  0 68 37 10753 12 199901 20716 1.8 13 7 2 3 17% 25414 4437 33%
c p  5.02  0 68 37 10753 12 199901 20720 1.8 13 7 2 3 17% 25414 4437 33%
c u  5.05  0 68 37 10753 12 199901 20456 1.8 13 7 2 3 17% 25414 4437 33%
c v  5.05  0 68 37 10753 12 199901 20396 1.8 13 7 2 3 17% 25414 4437 33%
c x  5.05  0 68 37 10753 12 199901 20396 1.8 13 7 2 3 17% 25382 4437 33%
c #  5.28  0 67 37 11930 11 210040 29638 1.8 13 7 1 2 16% 25382 4437 33%
c -  5.31  0 67 38 12071 11 211080 18487 1.8 13 7 1 2 16% 25382 4437 33%
c p  5.31  0 67 38 12071 11 211080 18788 1.8 13 7 1 2 16% 25382 4437 33%
c u  5.32  0 67 38 12071 11 211080 18354 1.8 13 7 1 2 16% 25382 4437 33%
c v  5.32  0 67 38 12071 11 211080 18165 1.8 13 7 1 2 16% 25382 4437 33%
c t  5.32  0 67 38 12071 11 211080 18163 1.8 13 7 1 2 16% 25382 4437 33%
c -  5.56  0 66 39 13279 11 222566 18560 1.8 13 7 1 2 16% 25382 4437 33%
c p  5.56  0 66 39 13279 11 222566 18605 1.8 13 7 1 2 16% 25382 4437 33%
c u  5.57  0 66 39 13279 11 222566 18485 1.8 13 7 1 2 16% 25382 4437 33%
c v  5.57  0 66 39 13279 11 222566 18367 1.8 13 7 1 2 16% 25382 4437 33%
c w  5.57  0 66 39 13279 11 222566 18367 1.8 13 7 1 2 16% 25382 4437 33%
c x  5.57  0 66 39 13279 11 222566 18367 1.8 13 7 1 2 16% 25349 4437 33%
c t  5.57  0 66 39 13279 11 222566 18366 1.8 13 7 1 2 16% 25349 4437 33%
c }  5.58  0 66 39 13308 11 222787 18569 1.8 13 7 1 2 16% 25349 4437 33%
c 
c  seconds   reductions    conflicts         size   tier2      variables
c         MB       restarts       redundant     glue   trail        remaining
c           level        rate          size/glue  tier1  irredundant
c 
c [  5.58  0 133 39 13308  1 222787 18569 2.1 47 22 2 4 42% 25349 4437 33%
c s  5.62  0 132 39 13310  1 224823 20154 2.1 46 22 2 4 41% 25304 4437 33%
c e  5.63  0 132 39 13310  1 224823 20153 2.1 46 22 2 4 41% 25253 4399 33%
c s  5.63  0 132 39 13310  1 224823 20107 2.1 46 22 2 4 41% 25232 4399 33%
c e  5.64  0 132 39 13310  1 224823 20107 2.1 46 22 2 4 41% 25224 4398 33%
c W  5.80  0 130 39 13312  1 231041 25887 2.1 46 22 2 4 38% 25224 4398 33%
c -  5.85  0 130 40 13315  1 234360 18606 2.1 46 22 2 4 36% 25224 4398 33%
c p  5.86  0 130 40 13315  1 234360 18722 2.1 46 22 2 4 36% 25224 4398 33%
c f  5.88  0 130 40 13315  1 234360 18722 2.1 46 22 2 4 36% 25190 4415 33%
c -  6.13  0 129 41 13320  1 246462 17971 2.1 46 22 2 4 37% 25190 4415 33%
c p  6.14  0 129 41 13320  1 246462 18118 2.1 46 22 2 4 37% 25190 4415 33%
c u  6.15  0 129 41 13320  1 246462 17779 2.1 46 22 2 4 37% 25190 4415 33%
c v  6.15  0 129 41 13320  1 246462 17769 2.1 46 22 2 4 37% 25190 4415 33%
c w  6.15  0 129 41 13320  1 246462 17769 2.1 46 22 2 4 37% 25190 4415 33%
c I  6.32  0 129 41 13321  1 253043 24046 2.1 48 23 2 4 39% 25190 4415 33%
c -  6.45  0 128 42 13321  1 258873 17160 2.1 48 23 2 4 40% 25190 4415 33%
c p  6.45  0 128 42 13321  1 258873 17334 2.1 48 23 2 4 40% 25190 4415 33%
c f  6.46  0 128 42 13321  1 258873 17330 2.1 48 23 2 4 40% 25190 4417 33%
c ]  6.53  0 127 42 13321  1 262947 21209 2.1 48 23 2 4 39% 25190 4417 33%
c {  6.53  0 66 42 13321 11 262947 21209 1.8 13 7 1 2 16% 25190 4417 33%
c 
c  seconds  reductions    conflicts         size  tier2      variables
c         MB      restarts       redundant     glue  trail        remaining
c          level        rate          size/glue tier1  irredundant
c 
c -  6.69  0 66 43 14165 10 271592 18661 1.8 14 7 1 2 17% 25190 4417 33%
c p  6.69  0 66 43 14165 10 271592 18752 1.8 14 7 1 2 17% 25190 4417 33%
c u  6.70  0 66 43 14165 10 271592 18229 1.8 14 7 1 2 17% 25190 4417 33%
c v  6.70  0 66 43 14165 10 271592 18019 1.8 14 7 1 2 17% 25190 4417 33%
c s  6.78  0 66 43 14586 10 275221 21144 1.8 14 7 1 2 17% 25184 4417 33%
c e  6.79  0 66 43 14586 10 275221 21143 1.8 14 7 1 2 17% 25184 4412 33%
c s  6.79  0 66 43 14586 10 275221 21118 1.8 14 7 1 2 17% 25173 4412 33%
c B  6.82  0 65 43 14672 10 276045 21877 1.8 14 7 1 2 17% 25173 4412 33%
c -  7.04  0 65 44 15883 10 284622 19539 1.8 14 8 1 2 17% 25173 4412 33%
c d  7.04  0 65 44 15883 10 284622 19530 1.8 14 8 1 2 17% 25173 4411 33%
c p  7.04  0 65 44 15883 10 284622 19753 1.8 14 8 1 2 17% 25173 4411 33%
c u  7.08  0 65 44 15883 10 284622 19577 1.8 14 8 1 2 17% 25173 4411 33%
c v  7.08  0 65 44 15883 10 284622 19473 1.8 14 8 1 2 17% 25173 4411 33%
c w  7.08  0 65 44 15883 10 284622 19472 1.8 14 8 1 2 17% 25173 4411 33%
c x  7.09  0 65 44 15883 10 284622 19472 1.8 14 8 1 2 17% 25169 4411 33%
c t  7.09  0 65 44 15883 10 284622 19472 1.8 14 8 1 2 17% 25161 4411 33%
c f  7.09  0 65 44 15883 10 284622 19472 1.8 14 8 1 2 17% 25156 4413 33%
c }  7.22  0 65 44 16646 10 290668 25009 1.8 14 8 1 2 17% 25156 4413 33%
c [  7.22  0 127 44 16646  1 290668 25009 2.1 48 23 2 4 39% 25156 4413 33%
c -  7.36  0 127 45 16647  1 297959 20371 2.1 47 22 2 4 39% 25156 4413 33%
c 
c  seconds   reductions    conflicts         size   tier2      variables
c         MB       restarts       redundant     glue   trail        remaining
c           level        rate          size/glue  tier1  irredundant
c 
c p  7.36  0 127 45 16647  1 297959 20469 2.1 47 22 2 4 39% 25156 4413 33%
c B  7.41  0 127 45 16647  1 300046 22418 2.1 47 22 2 4 39% 25156 4413 33%
c -  7.82  0 127 46 16647  1 311606 20278 2.3 52 23 2 4 42% 25156 4413 33%
c p  7.82  0 127 46 16647  1 311606 20453 2.3 52 23 2 4 42% 25156 4413 33%
c u  7.83  0 127 46 16647  1 311606 19916 2.3 52 23 2 4 42% 25156 4413 33%
c v  7.83  0 127 46 16647  1 311606 19642 2.3 52 23 2 4 42% 25156 4413 33%
c w  7.84  0 127 46 16647  1 311606 19641 2.3 52 23 2 4 42% 25156 4413 33%
c t  7.84  0 127 46 16647  1 311606 19640 2.3 52 23 2 4 42% 25156 4413 33%
c W  8.31  0 127 46 16647  1 325048 32403 2.2 54 24 2 4 41% 25156 4413 33%
c -  8.34  0 127 47 16647  1 325561 18649 2.2 54 24 2 4 41% 25156 4413 33%
c p  8.34  0 127 47 16647  1 325561 18798 2.2 54 24 2 4 41% 25156 4413 33%
c u  8.35  0 127 47 16647  1 325561 18683 2.2 54 24 2 4 41% 25156 4413 33%
c v  8.35  0 127 47 16647  1 325561 18669 2.2 54 24 2 4 41% 25156 4413 33%
c w  8.35  0 127 47 16647  1 325561 18662 2.2 54 24 2 4 41% 25156 4413 33%
c ]  8.41  0 127 47 16647  1 326693 19759 2.2 55 24 2 4 41% 25156 4413 33%
c {  8.41  0 65 47 16647 10 326693 19759 1.8 14 8 1 2 17% 25156 4413 33%
c s  8.51  0 65 47 17108 10 330494 23062 1.8 14 8 1 2 17% 25137 4413 33%
c e  8.52  0 65 47 17108 10 330494 23054 1.8 14 8 1 2 17% 25149 4398 33%
c s  8.52  0 65 47 17108 10 330494 23035 1.8 14 8 1 2 17% 25144 4398 33%
c e  8.53  0 65 47 17108 10 330494 23035 1.8 14 8 1 2 17% 25145 4397 33%
c 
c  seconds  reductions    conflicts         size  tier2      variables
c         MB      restarts       redundant     glue  trail        remaining
c          level        rate          size/glue tier1  irredundant
c 
c -  8.74  0 65 48 18098 10 339825 20305 1.8 14 8 1 2 17% 25145 4397 33%
c p  8.74  0 65 48 18098 10 339825 20419 1.8 14 8 1 2 17% 25145 4397 33%
c u  8.76  0 65 48 18098 10 339825 20195 1.8 14 8 1 2 17% 25145 4397 33%
c v  8.76  0 65 48 18098 10 339825 20065 1.8 14 8 1 2 17% 25145 4397 33%
c W  8.99  0 65 48 19107 10 351051 30083 1.8 14 8 1 2 17% 25145 4397 33%
c -  9.09  0 65 49 19641 10 354400 21626 1.8 14 8 1 2 17% 25145 4397 33%
c p  9.09  0 65 49 19641 10 354400 21845 1.8 14 8 1 2 17% 25145 4397 33%
c u  9.13  0 65 49 19641 10 354400 21748 1.8 14 8 1 2 17% 25145 4397 33%
c v  9.13  0 65 49 19641 10 354400 21605 1.8 14 8 1 2 17% 25145 4397 33%
c }  9.27  0 65 49 20397 10 360514 27171 1.8 14 8 1 2 18% 25145 4397 33%
c [  9.27  0 127 49 20397  1 360514 27171 2.2 55 24 2 4 41% 25145 4397 33%
c -  9.46  0 125 50 20401  1 369282 22636 2.2 54 24 2 4 41% 25145 4397 33%
c p  9.46  0 125 50 20401  1 369282 22676 2.2 54 24 2 4 41% 25145 4397 33%
c u  9.47  0 125 50 20401  1 369282 22491 2.2 54 24 2 4 41% 25145 4397 33%
c v  9.47  0 125 50 20401  1 369282 22392 2.2 54 24 2 4 41% 25145 4397 33%
c w  9.47  0 125 50 20401  1 369282 22391 2.2 54 24 2 4 41% 25145 4397 33%
c O  9.64  0 123 50 20405  1 378052 30650 2.2 52 23 2 4 39% 25145 4397 33%
c -  9.81  0 121 51 20410  1 384477 22920 2.2 52 24 2 4 38% 25145 4397 33%
c p  9.81  0 121 51 20410  1 384477 23092 2.2 52 24 2 4 38% 25145 4397 33%
c s  9.99  0 120 51 20412  1 390871 28870 2.2 51 24 2 4 38% 25144 4397 33%
c 
c  seconds   reductions    conflicts         size   tier2      variables
c         MB       restarts       redundant     glue   trail        remaining
c           level        rate          size/glue  tier1  irredundant
c 
c s 10.01  0 120 51 20412  1 390871 28812 2.2 51 24 2 4 38% 25144 4397 33%
c ^ 10.01  0 120 51 20412  1 390871 28812 2.2 51 24 2 4 38% 25144 4397 33%
c - 10.23  0 119 52 20414  1 399978 22560 2.1 51 24 2 4 38% 25144 4397 33%
c p 10.23  0 119 52 20414  1 399978 22594 2.1 51 24 2 4 38% 25144 4397 33%
c u 10.24  0 119 52 20414  1 399978 22182 2.1 51 24 2 4 38% 25144 4397 33%
c v 10.24  0 119 52 20414  1 399978 21968 2.1 51 24 2 4 38% 25144 4397 33%
c w 10.24  0 119 52 20414  1 399978 21968 2.1 51 24 2 4 38% 25144 4397 33%
c B 10.37  0 118 52 20418  1 406054 27703 2.1 51 24 2 4 37% 25144 4397 33%
c ] 10.50  0 120 52 20419  1 409725 31262 2.1 52 24 2 4 37% 25144 4397 33%
c { 10.50  0 65 52 20419 10 409725 31262 1.8 14 8 1 2 18% 25144 4397 33%
c - 10.66  0 65 53 21116 10 415789 23141 1.8 15 8 1 2 18% 25144 4397 33%
c p 10.66  0 65 53 21116 10 415789 23341 1.8 15 8 1 2 18% 25144 4397 33%
c u 10.67  0 65 53 21116 10 415789 23243 1.8 15 8 1 2 18% 25144 4397 33%
c v 10.67  0 65 53 21116 10 415789 23090 1.8 15 8 1 2 18% 25144 4397 33%
c - 11.16  0 65 54 23225 10 431909 24692 1.8 15 8 1 2 18% 25144 4397 33%
c p 11.16  0 65 54 23225 10 431909 24888 1.8 15 8 1 2 18% 25144 4397 33%
c u 11.18  0 65 54 23225 10 431909 24661 1.8 15 8 1 2 18% 25144 4397 33%
c v 11.18  0 65 54 23225 10 431909 24457 1.8 15 8 1 2 18% 25144 4397 33%
c F 11.27  0 65 54 23668 10 435056 27364 1.8 15 8 1 2 18% 25144 4397 33%
c } 11.46  0 65 54 24557 10 441182 33018 1.8 15 8 1 2 18% 25144 4397 33%
c 
c  seconds   reductions    conflicts         size   tier2      variables
c         MB       restarts       redundant     glue   trail        remaining
c           level        rate          size/glue  tier1  irredundant
c 
c [ 11.46  0 120 54 24557  1 441182 33018 2.1 52 24 2 4 37% 25144 4397 33%
c - 11.67  0 120 55 24562  1 448338 25744 2.1 52 25 2 4 36% 25144 4397 33%
c p 11.68  0 120 55 24562  1 448338 25927 2.1 52 25 2 4 36% 25144 4397 33%
c u 11.69  0 120 55 24562  1 448338 25796 2.1 52 25 2 4 36% 25144 4397 33%
c v 11.69  0 120 55 24562  1 448338 25649 2.1 52 25 2 4 36% 25144 4397 33%
c w 11.70  0 120 55 24562  1 448338 25645 2.1 52 25 2 4 36% 25144 4397 33%
c s 12.00  0 120 55 24565  1 456279 32930 2.0 53 26 2 4 35% 25144 4397 33%
c e 12.02  0 120 55 24565  1 456279 23408 2.0 53 26 2 4 35% 25670 4086 31%
c s 12.02  0 120 55 24565  1 456279 23328 2.0 53 26 2 4 35% 25614 4086 31%
c e 12.03  0 120 55 24565  1 456279 23325 2.0 53 26 2 4 35% 25607 4083 31%
c W 12.33  0 119 55 24566  1 465058 31670 2.0 53 27 1 2 35% 25607 4083 31%
c - 12.34  0 119 56 24566  1 465078 20494 2.0 53 27 1 2 35% 25607 4083 31%
c 2 12.34  0 119 56 24566  1 465078 20493 2.0 53 27 1 2 35% 25607 4083 31%
c p 12.34  0 119 56 24566  1 465078 20569 2.0 53 27 1 2 35% 25607 4083 31%
c u 12.35  0 119 56 24566  1 465078 20292 2.0 53 27 1 2 35% 25607 4083 31%
c v 12.35  0 119 56 24566  1 465078 20190 2.0 53 27 1 2 35% 25607 4083 31%
c w 12.36  0 119 56 24566  1 465078 20187 2.0 53 27 1 2 35% 25607 4083 31%
c f 12.36  0 119 56 24566  1 465078 20181 2.0 53 27 1 2 35% 25583 4092 31%
c - 13.02  0 119 57 24568  1 482128 20551 2.2 59 27 1 2 37% 25583 4092 31%
c p 13.02  0 119 57 24568  1 482128 20616 2.2 59 27 1 2 37% 25583 4092 31%
c 
c  seconds   reductions    conflicts         size   tier2      variables
c         MB       restarts       redundant     glue   trail        remaining
c           level        rate          size/glue  tier1  irredundant
c 
c u 13.03  0 119 57 24568  1 482128 20401 2.2 59 27 1 2 37% 25583 4092 31%
c v 13.03  0 119 57 24568  1 482128 20347 2.2 59 27 1 2 37% 25583 4092 31%
c w 13.03  0 119 57 24568  1 482128 20347 2.2 59 27 1 2 37% 25583 4092 31%
c f 13.03  0 119 57 24568  1 482128 20345 2.2 59 27 1 2 37% 25582 4093 31%
c ] 13.05  0 119 57 24569  1 482798 20989 2.2 59 27 1 2 37% 25582 4093 31%
c { 13.05  0 65 57 24569 10 482798 20989 1.8 15 8 1 2 18% 25582 4093 31%
c B 13.33  0 65 57 25829 10 496059 33252 1.8 15 8 1 2 17% 25582 4093 31%
c - 13.43  0 65 58 26206 10 499486 22917 1.8 15 8 1 2 17% 25582 4093 31%
c p 13.43  0 65 58 26206 10 499486 22979 1.8 15 8 1 2 17% 25582 4093 31%
c u 13.44  0 65 58 26206 10 499486 22716 1.8 15 8 1 2 17% 25582 4093 31%
c v 13.44  0 65 58 26206 10 499486 22562 1.8 15 8 1 2 17% 25582 4093 31%
c - 13.89  0 65 59 28160 10 517156 24707 1.8 15 8 1 2 17% 25582 4093 31%
c p 13.90  0 65 59 28160 10 517156 24767 1.8 15 8 1 2 17% 25582 4093 31%
c u 13.91  0 65 59 28160 10 517156 24457 1.8 15 8 1 2 17% 25582 4093 31%
c v 13.91  0 65 59 28160 10 517156 24214 1.8 15 8 1 2 17% 25582 4093 31%
c w 13.91  0 65 59 28160 10 517156 24214 1.8 15 8 1 2 17% 25582 4093 31%
c } 14.10  0 65 59 29014 10 525726 32012 1.8 15 8 1 2 17% 25582 4093 31%
c [ 14.10  0 119 59 29014  1 525726 32012 2.2 59 27 1 2 37% 25582 4093 31%
c I 14.14  0 118 59 29015  1 528060 34221 2.2 59 27 1 2 37% 25582 4093 31%
c s 14.21  0 118 59 29017  1 530448 36163 2.2 58 27 2 4 37% 25557 4093 31%
c 
c  seconds   reductions    conflicts         size   tier2      variables
c         MB       restarts       redundant     glue   trail        remaining
c           level        rate          size/glue  tier1  irredundant
c 
c e 14.21  0 118 59 29017  1 530448 36161 2.2 58 27 2 4 37% 25551 4087 31%
c s 14.23  0 118 59 29017  1 530448 36070 2.2 58 27 2 4 37% 25543 4087 31%
c e 14.23  0 118 59 29017  1 530448 36068 2.2 58 27 2 4 37% 25545 4086 31%
c - 14.36  0 118 60 29018  1 535135 25433 2.2 58 27 2 4 36% 25545 4086 31%
c p 14.36  0 118 60 29018  1 535135 25489 2.2 58 27 2 4 36% 25545 4086 31%
c u 14.37  0 118 60 29018  1 535135 25312 2.2 58 27 2 4 36% 25545 4086 31%
c v 14.37  0 118 60 29018  1 535135 25179 2.2 58 27 2 4 36% 25545 4086 31%
c w 14.37  0 118 60 29018  1 535135 25178 2.2 58 27 2 4 36% 25545 4086 31%
c t 14.37  0 118 60 29018  1 535135 25177 2.2 58 27 2 4 36% 25545 4086 31%
c - 14.94  0 118 61 29026  1 553425 25746 2.3 60 27 2 4 37% 25545 4086 31%
c p 14.94  0 118 61 29026  1 553425 25790 2.3 60 27 2 4 37% 25545 4086 31%
c u 14.94  0 118 61 29026  1 553425 25691 2.3 60 27 2 4 37% 25545 4086 31%
c v 14.95  0 118 61 29026  1 553425 25559 2.3 60 27 2 4 37% 25545 4086 31%
c w 14.95  0 118 61 29026  1 553425 25558 2.3 60 27 2 4 37% 25545 4086 31%
c x 14.95  0 118 61 29026  1 553425 25558 2.3 60 27 2 4 37% 25545 4086 31%
c B 15.20  0 118 61 29030  1 561062 32857 2.3 61 27 2 4 37% 25545 4086 31%
c - 15.59  0 118 62 29036  1 572025 24741 2.3 62 27 2 4 38% 25545 4086 31%
c p 15.59  0 118 62 29036  1 572025 24787 2.3 62 27 2 4 38% 25545 4086 31%
c u 15.63  0 118 62 29036  1 572025 24589 2.3 62 27 2 4 38% 25545 4086 31%
c v 15.63  0 118 62 29036  1 572025 24525 2.3 62 27 2 4 38% 25545 4086 31%
c 
c  seconds   reductions    conflicts         size   tier2      variables
c         MB       restarts       redundant     glue   trail        remaining
c           level        rate          size/glue  tier1  irredundant
c 
c w 15.63  0 118 62 29036  1 572025 24524 2.3 62 27 2 4 38% 25545 4086 31%
c ] 15.79  0 119 62 29039  1 576587 28884 2.3 63 28 2 4 38% 25545 4086 31%
c { 15.79  0 65 62 29039 10 576587 28884 1.8 15 8 1 2 17% 25545 4086 31%
c - 16.19  0 65 63 30767 10 590936 26403 1.8 15 8 1 2 17% 25545 4086 31%
c p 16.19  0 65 63 30767 10 590936 26448 1.8 15 8 1 2 17% 25545 4086 31%
c u 16.20  0 65 63 30767 10 590936 26277 1.8 15 8 1 2 17% 25545 4086 31%
c v 16.21  0 65 63 30767 10 590936 26046 1.8 15 8 1 2 17% 25545 4086 31%
c w 16.21  0 65 63 30767 10 590936 26046 1.8 15 8 1 2 17% 25545 4086 31%
c W 16.40  0 65 63 31306 10 595063 29893 1.8 15 8 1 2 17% 25545 4086 31%
c s 16.90  0 65 63 33432 10 609779 43318 1.8 16 9 1 2 17% 25541 4086 31%
c e 16.91  0 65 63 33432 10 609779 43318 1.8 16 9 1 2 17% 25543 4085 31%
c s 16.92  0 65 63 33432 10 609779 43262 1.8 16 9 1 2 17% 25542 4085 31%
c - 16.95  0 65 64 33513 10 610154 28029 1.8 16 9 1 2 17% 25542 4085 31%
c p 16.96  0 65 64 33513 10 610154 28076 1.8 16 9 1 2 17% 25542 4085 31%
c u 16.97  0 65 64 33513 10 610154 27798 1.8 16 9 1 2 17% 25542 4085 31%
c v 16.98  0 65 64 33513 10 610154 27532 1.8 16 9 1 2 17% 25542 4085 31%
c w 16.98  0 65 64 33513 10 610154 27531 1.8 16 9 1 2 17% 25542 4085 31%
c } 17.08  0 66 64 34026 10 613950 31078 1.8 16 9 1 2 17% 25542 4085 31%
c [ 17.08  0 119 64 34026  1 613950 31078 2.3 63 28 2 4 38% 25542 4085 31%
c - 17.51  0 121 65 34029  1 629683 28753 2.2 61 28 2 4 37% 25542 4085 31%
c 
c  seconds   reductions    conflicts         size   tier2      variables
c         MB       restarts       redundant     glue   trail        remaining
c           level        rate          size/glue  tier1  irredundant
c 
c p 17.52  0 121 65 34029  1 629683 28798 2.2 61 28 2 4 37% 25542 4085 31%
c u 17.54  0 121 65 34029  1 629683 28645 2.2 61 28 2 4 37% 25542 4085 31%
c v 17.54  0 121 65 34029  1 629683 28458 2.2 61 28 2 4 37% 25542 4085 31%
c w 17.54  0 121 65 34029  1 629683 28458 2.2 61 28 2 4 37% 25542 4085 31%
c W 17.58  0 121 65 34029  1 630064 28809 2.2 61 27 2 4 37% 25542 4085 31%
c - 18.25  0 114 66 34030  1 649522 28368 2.3 61 27 2 4 36% 25542 4085 31%
c p 18.26  0 114 66 34030  1 649522 28412 2.3 61 27 2 4 36% 25542 4085 31%
c u 18.27  0 114 66 34030  1 649522 28251 2.3 61 27 2 4 36% 25542 4085 31%
c v 18.27  0 114 66 34030  1 649522 28056 2.3 61 27 2 4 36% 25542 4085 31%
c w 18.27  0 114 66 34030  1 649522 28053 2.3 61 27 2 4 36% 25542 4085 31%
c O 18.77  0 114 66 34030  1 666066 43692 2.3 63 27 1 2 36% 25542 4085 31%
c - 18.86  0 114 67 34030  1 669671 27808 2.3 62 27 1 2 36% 25542 4085 31%
c p 18.87  0 114 67 34030  1 669671 27848 2.3 62 27 1 2 36% 25542 4085 31%
c u 18.88  0 114 67 34030  1 669671 27760 2.3 62 27 1 2 36% 25542 4085 31%
c v 18.88  0 114 67 34030  1 669671 27759 2.3 62 27 1 2 36% 25542 4085 31%
c w 18.88  0 114 67 34030  1 669671 27758 2.3 62 27 1 2 36% 25542 4085 31%
c ] 18.89  0 114 67 34030  1 670399 28465 2.3 62 27 1 2 36% 25542 4085 31%
c { 18.89  0 66 67 34030 10 670399 28465 1.8 16 9 1 2 17% 25542 4085 31%
c - 19.59  0 66 68 37037 10 690132 30130 1.8 16 9 1 2 17% 25542 4085 31%
c p 19.59  0 66 68 37037 10 690132 30167 1.8 16 9 1 2 17% 25542 4085 31%
c 
c  seconds  reductions    conflicts         size  tier2      variables
c         MB      restarts       redundant     glue  trail        remaining
c          level        rate          size/glue tier1  irredundant
c 
c u 19.61  0 66 68 37037 10 690132 30015 1.8 16 9 1 2 17% 25542 4085 31%
c v 19.61  0 66 68 37037 10 690132 29889 1.8 16 9 1 2 17% 25542 4085 31%
c w 19.61  0 66 68 37037 10 690132 29888 1.8 16 9 1 2 17% 25542 4085 31%
c x 19.61  0 66 68 37037 10 690132 29888 1.8 16 9 1 2 17% 25542 4085 31%
c s 19.75  0 66 68 37571 10 694402 33635 1.8 16 9 1 2 17% 25539 4085 31%
c s 19.77  0 66 68 37571 10 694402 33585 1.8 16 9 1 2 17% 25539 4085 31%
c ^ 19.77  0 66 68 37571 10 694402 33585 1.8 16 9 1 2 17% 25539 4085 31%
c # 20.05  0 66 68 38691 10 703067 41648 1.8 16 9 1 2 17% 25539 4085 31%
c } 20.25  0 67 68 39455 11 708361 46615 1.8 16 9 1 2 17% 25539 4085 31%
c [ 20.25  0 114 68 39455  1 708361 46615 2.3 62 27 1 2 36% 25539 4085 31%
c - 20.31  0 113 69 39455  1 710900 31607 2.3 61 26 1 2 36% 25539 4085 31%
c p 20.32  0 113 69 39455  1 710900 31646 2.3 61 26 1 2 36% 25539 4085 31%
c u 20.33  0 113 69 39455  1 710900 31428 2.3 61 26 1 2 36% 25539 4085 31%
c v 20.33  0 113 69 39455  1 710900 31189 2.3 61 26 1 2 36% 25539 4085 31%
c w 20.34  0 113 69 39455  1 710900 31187 2.3 61 26 1 2 36% 25539 4085 31%
c - 21.06  0 109 70 39456  1 731978 31855 2.2 61 28 1 2 34% 25539 4085 31%
c p 21.06  0 109 70 39456  1 731978 31896 2.2 61 28 1 2 34% 25539 4085 31%
c u 21.12  0 109 70 39456  1 731978 31732 2.2 61 28 1 2 34% 25539 4085 31%
c v 21.13  0 109 70 39456  1 731978 31557 2.2 61 28 1 2 34% 25539 4085 31%
c w 21.13  0 109 70 39456  1 731978 31556 2.2 61 28 1 2 34% 25539 4085 31%
c 
c  seconds   reductions    conflicts         size   tier2      variables
c         MB       restarts       redundant     glue   trail        remaining
c           level        rate          size/glue  tier1  irredundant
c 
c B 21.41  0 109 70 39456  1 741070 40268 2.2 61 28 1 2 33% 25539 4085 31%
c - 21.94  0 110 71 39456  1 753369 30350 2.3 65 29 1 2 36% 25539 4085 31%
c p 21.94  0 110 71 39456  1 753369 30388 2.3 65 29 1 2 36% 25539 4085 31%
c u 21.95  0 110 71 39456  1 753369 30331 2.3 65 29 1 2 36% 25539 4085 31%
c v 21.95  0 110 71 39456  1 753369 30328 2.3 65 29 1 2 36% 25539 4085 31%
c w 21.95  0 110 71 39456  1 753369 30327 2.3 65 29 1 2 36% 25539 4085 31%
c ] 22.41  0 111 71 39456  1 767909 44169 2.3 66 29 1 2 37% 25539 4085 31%
c { 22.41  0 67 71 39456 11 767909 44169 1.8 16 9 1 2 17% 25539 4085 31%
c - 22.62  0 67 72 40242 10 775072 31455 1.8 16 9 1 2 17% 25539 4085 31%
c p 22.62  0 67 72 40242 10 775072 31494 1.8 16 9 1 2 17% 25539 4085 31%
c u 22.63  0 67 72 40242 10 775072 31408 1.8 16 9 1 2 17% 25539 4085 31%
c v 22.63  0 67 72 40242 10 775072 31160 1.8 16 9 1 2 17% 25539 4085 31%
c B 22.79  0 67 72 40920 10 780072 35795 1.8 17 9 1 2 17% 25539 4085 31%
c s 22.96  0 67 72 41639 11 784308 39545 1.8 17 9 1 2 18% 25539 4085 31%
c e 22.97  0 67 72 41639 11 784308 32079 1.8 17 9 1 2 18% 26614 3721 28%
c s 22.99  0 67 72 41639 11 784308 32001 1.8 17 9 1 2 18% 26520 3721 28%
c e 23.00  0 67 72 41639 11 784308 30563 1.8 17 9 1 2 18% 26615 3687 28%
c - 23.43  0 68 73 43397 11 797082 28078 1.8 17 9 1 2 21% 26615 3687 28%
c p 23.44  0 68 73 43397 11 797082 28117 1.8 17 9 1 2 21% 26615 3687 28%
c u 23.45  0 68 73 43397 11 797082 27905 1.8 17 9 1 2 21% 26615 3687 28%
c 
c  seconds  reductions    conflicts         size  tier2      variables
c         MB      restarts       redundant     glue  trail        remaining
c          level        rate          size/glue tier1  irredundant
c 
c v 23.46  0 68 73 43397 11 797082 27576 1.8 17 9 1 2 21% 26615 3687 28%
c f 23.47  0 68 73 43397 11 797082 27558 1.8 17 9 1 2 21% 26543 3705 28%
c } 24.01  0 68 73 45600 11 814404 43751 1.8 17 9 1 2 21% 26543 3705 28%
c [ 24.01  0 111 73 45600  1 814404 43751 2.3 66 29 1 2 45% 26543 3705 28%
c - 24.21  0 111 74 45600  1 819402 30304 2.3 67 29 1 2 44% 26543 3705 28%
c p 24.22  0 111 74 45600  1 819402 30343 2.3 67 29 1 2 44% 26543 3705 28%
c u 24.23  0 111 74 45600  1 819402 29907 2.3 67 29 1 2 44% 26543 3705 28%
c v 24.24  0 111 74 45600  1 819402 29644 2.3 67 29 1 2 44% 26543 3705 28%
c w 24.24  0 111 74 45600  1 819402 29644 2.3 67 29 1 2 44% 26543 3705 28%
c W 24.43  0 111 74 45600  1 820074 30294 2.3 67 29 1 2 44% 26543 3705 28%
c - 25.29  0 114 75 45608  1 842032 30701 2.2 67 30 1 2 42% 26543 3705 28%
c p 25.29  0 114 75 45608  1 842032 30738 2.2 67 30 1 2 42% 26543 3705 28%
c u 25.31  0 114 75 45608  1 842032 30514 2.2 67 30 1 2 42% 26543 3705 28%
c v 25.32  0 114 75 45608  1 842032 30297 2.2 67 30 1 2 42% 26543 3705 28%
c w 25.32  0 114 75 45608  1 842032 30295 2.2 67 30 1 2 42% 26543 3705 28%
c I 25.90  0 112 75 45615  1 861076 48506 2.2 65 30 1 2 40% 26543 3705 28%
c - 26.02  0 111 76 45618  1 864973 30018 2.2 65 30 1 2 40% 26543 3705 28%
c p 26.02  0 111 76 45618  1 864973 30053 2.2 65 30 1 2 40% 26543 3705 28%
c u 26.03  0 111 76 45618  1 864973 30016 2.2 65 30 1 2 40% 26543 3705 28%
c v 26.03  0 111 76 45618  1 864973 29857 2.2 65 30 1 2 40% 26543 3705 28%
c 
c  seconds   reductions    conflicts         size   tier2      variables
c         MB       restarts       redundant     glue   trail        remaining
c           level        rate          size/glue  tier1  irredundant
c 
c w 26.03  0 111 76 45618  1 864973 29855 2.2 65 30 1 2 40% 26543 3705 28%
c x 26.04  0 111 76 45618  1 864973 29854 2.2 65 30 1 2 40% 26478 3705 28%
c ] 26.44  0 110 76 45628  1 882566 46662 2.1 61 29 1 2 38% 26478 3705 28%
c { 26.44  0 68 76 45628 11 882566 46662 1.8 17 9 1 2 21% 26478 3705 28%
c s 26.64  0 69 76 46212 11 886970 50522 1.8 17 9 1 2 21% 26460 3705 28%
c e 26.65  0 69 76 46212 11 886970 45222 1.8 17 9 1 2 21% 26546 3683 28%
c s 26.67  0 69 76 46212 11 886970 45154 1.8 17 9 1 2 21% 26514 3683 28%
c e 26.67  0 69 76 46212 11 886970 44639 1.8 17 9 1 2 21% 26524 3679 28%
c - 26.72  0 69 77 46328 11 888224 28939 1.8 17 9 1 2 21% 26524 3679 28%
c p 26.72  0 69 77 46328 11 888224 28970 1.8 17 9 1 2 21% 26524 3679 28%
c u 26.73  0 69 77 46328 11 888224 28698 1.8 17 9 1 2 21% 26524 3679 28%
c v 26.73  0 69 77 46328 11 888224 28430 1.8 17 9 1 2 21% 26524 3679 28%
c w 26.73  0 69 77 46328 11 888224 28429 1.8 17 9 1 2 21% 26524 3679 28%
c f 26.74  0 69 77 46328 11 888224 28429 1.8 17 9 1 2 21% 26514 3681 28%
c W 27.25  0 69 77 48072 11 903077 42374 1.8 17 10 1 2 21% 26514 3681 28%
c - 27.56  0 69 78 49127 11 911785 31657 1.8 18 10 1 2 21% 26514 3681 28%
c p 27.56  0 69 78 49127 11 911785 31687 1.8 18 10 1 2 21% 26514 3681 28%
c u 27.58  0 69 78 49127 11 911785 31521 1.8 18 10 1 2 21% 26514 3681 28%
c v 27.59  0 69 78 49127 11 911785 31298 1.8 18 10 1 2 21% 26514 3681 28%
c } 28.32  0 69 78 51616 10 935191 53245 1.8 18 10 1 2 21% 26514 3681 28%
c 
c  seconds   reductions    conflicts         size   tier2      variables
c         MB       restarts       redundant     glue   trail        remaining
c           level        rate          size/glue  tier1  irredundant
c 
c [ 28.32  0 110 78 51616  1 935191 53245 2.1 61 29 1 2 38% 26514 3681 28%
c - 28.34  0 110 79 51616  1 935656 33614 2.1 61 28 1 2 38% 26514 3681 28%
c p 28.35  0 110 79 51616  1 935656 33642 2.1 61 28 1 2 38% 26514 3681 28%
c u 28.43  0 110 79 51616  1 935656 33250 2.1 61 28 1 2 38% 26514 3681 28%
c v 28.44  0 110 79 51616  1 935656 32987 2.1 61 28 1 2 38% 26514 3681 28%
c w 28.44  0 110 79 51616  1 935656 32986 2.1 61 28 1 2 38% 26514 3681 28%
c B 28.68  0 107 79 51618  1 946080 42555 2.1 59 28 1 2 36% 26514 3681 28%
c - 29.24  0 108 80 51619  1 959839 33721 2.3 63 27 1 2 39% 26514 3681 28%
c p 29.24  0 108 80 51619  1 959839 33749 2.3 63 27 1 2 39% 26514 3681 28%
c u 29.26  0 108 80 51619  1 959839 33713 2.3 63 27 1 2 39% 26514 3681 28%
c v 29.26  0 108 80 51619  1 959839 33591 2.3 63 27 1 2 39% 26514 3681 28%
c w 29.26  0 108 80 51619  1 959839 33589 2.3 63 27 1 2 39% 26514 3681 28%
c - 30.14  0 111 81 51632  1 984331 32683 2.3 64 28 1 2 39% 26514 3681 28%
c p 30.14  0 111 81 51632  1 984331 32709 2.3 64 28 1 2 39% 26514 3681 28%
c u 30.15  0 111 81 51632  1 984331 32548 2.3 64 28 1 2 39% 26514 3681 28%
c v 30.16  0 111 81 51632  1 984331 32286 2.3 64 28 1 2 39% 26514 3681 28%
c w 30.16  0 111 81 51632  1 984331 32285 2.3 64 28 1 2 39% 26514 3681 28%
c W 30.37  0 111 81 51633  1 990081 37697 2.3 63 28 1 2 39% 26514 3681 28%
c s 30.58  0 112 81 51634  1 995269 42421 2.2 63 28 1 2 39% 26498 3681 28%
c e 30.58  0 112 81 51634  1 995269 41998 2.2 63 28 1 2 39% 26506 3679 28%
c 
c  seconds   reductions    conflicts         size   tier2      variables
c         MB       restarts       redundant     glue   trail        remaining
c           level        rate          size/glue  tier1  irredundant
c 
c s 30.60  0 112 81 51634  1 995269 41918 2.2 63 28 1 2 39% 26502 3679 28%
c - 31.05  0 113 82 51641  1 1009135 32887 2.2 63 28 1 2 39% 26502 3679 28%
c p 31.05  0 113 82 51641  1 1009135 32912 2.2 63 28 1 2 39% 26502 3679 28%
c u 31.07  0 113 82 51641  1 1009135 32809 2.2 63 28 1 2 39% 26502 3679 28%
c v 31.07  0 113 82 51641  1 1009135 32618 2.2 63 28 1 2 39% 26502 3679 28%
c w 31.07  0 113 82 51641  1 1009135 32617 2.2 63 28 1 2 39% 26502 3679 28%
c ] 31.20  0 113 82 51643  1 1013177 36471 2.3 63 28 1 2 39% 26502 3679 28%
c { 31.20  0 69 82 51643 10 1013177 36471 1.8 18 10 1 2 21% 26502 3679 28%
c - 31.95  0 70 83 54109 10 1034249 35078 1.9 18 10 1 2 21% 26502 3679 28%
c p 31.95  0 70 83 54109 10 1034249 35103 1.9 18 10 1 2 21% 26502 3679 28%
c u 31.97  0 70 83 54109 10 1034249 34933 1.9 18 10 1 2 21% 26502 3679 28%
c v 31.97  0 70 83 54109 10 1034249 34695 1.9 18 10 1 2 21% 26502 3679 28%
c w 31.97  0 70 83 54109 10 1034249 34695 1.9 18 10 1 2 21% 26502 3679 28%
c F 32.00  0 70 83 54169 10 1035084 35494 1.9 18 10 1 2 21% 26502 3679 28%
c - 32.99  0 71 84 57367 10 1059676 36538 1.9 19 10 1 2 22% 26502 3679 28%
c p 32.99  0 71 84 57367 10 1059676 36563 1.9 19 10 1 2 22% 26502 3679 28%
c u 33.01  0 71 84 57367 10 1059676 36310 1.9 19 10 1 2 22% 26502 3679 28%
c v 33.02  0 71 84 57367 10 1059676 35942 1.9 19 10 1 2 22% 26502 3679 28%
c } 33.23  0 71 84 58100 10 1066045 41954 1.9 19 10 1 2 22% 26502 3679 28%
c [ 33.23  0 113 84 58100  1 1066045 41954 2.3 63 28 1 2 39% 26502 3679 28%
c 
c  seconds   reductions     conflicts         size   tier2      variables
c         MB       restarts        redundant     glue   trail        remaining
c           level        rate           size/glue  tier1  irredundant
c 
c O 33.69  0 113 84 58106  1 1081085 56273 2.3 62 27 1 2 40% 26502 3679 28%
c - 33.86  0 113 85 58107  1 1085412 37287 2.3 62 27 1 2 40% 26502 3679 28%
c p 33.87  0 113 85 58107  1 1085412 37311 2.3 62 27 1 2 40% 26502 3679 28%
c u 33.87  0 113 85 58107  1 1085412 37174 2.3 62 27 1 2 40% 26502 3679 28%
c v 33.88  0 113 85 58107  1 1085412 37077 2.3 62 27 1 2 40% 26502 3679 28%
c w 33.88  0 113 85 58107  1 1085412 37074 2.3 62 27 1 2 40% 26502 3679 28%
c x 33.88  0 113 85 58107  1 1085412 37074 2.3 62 27 1 2 40% 26494 3679 28%
c s 34.65  0 112 85 58108  1 1109219 59620 2.3 62 27 1 2 40% 26485 3679 28%
c e 34.66  0 112 85 58108  1 1109219 59391 2.3 62 27 1 2 40% 26497 3676 28%
c s 34.68  0 112 85 58108  1 1109219 59324 2.3 62 27 1 2 40% 26497 3676 28%
c ^ 34.68  0 112 85 58108  1 1109219 59324 2.3 62 27 1 2 40% 26497 3676 28%
c - 34.78  0 112 86 58108  1 1111457 36720 2.3 62 27 1 2 40% 26497 3676 28%
c p 34.78  0 112 86 58108  1 1111457 36743 2.3 62 27 1 2 40% 26497 3676 28%
c u 34.80  0 112 86 58108  1 1111457 36685 2.3 62 27 1 2 40% 26497 3676 28%
c v 34.80  0 112 86 58108  1 1111457 36466 2.3 62 27 1 2 40% 26497 3676 28%
c w 34.80  0 112 86 58108  1 1111457 36466 2.3 62 27 1 2 40% 26497 3676 28%
c B 35.31  0 112 86 58108  1 1128086 52215 2.3 62 27 1 2 40% 26497 3676 28%
c - 35.73  0 113 87 58111  1 1137816 35985 2.4 65 27 1 2 41% 26497 3676 28%
c p 35.73  0 113 87 58111  1 1137816 36007 2.4 65 27 1 2 41% 26497 3676 28%
c u 35.75  0 113 87 58111  1 1137816 35881 2.4 65 27 1 2 41% 26497 3676 28%
c 
c  seconds   reductions     conflicts         size   tier2      variables
c         MB       restarts        redundant     glue   trail        remaining
c           level        rate           size/glue  tier1  irredundant
c 
c v 35.75  0 113 87 58111  1 1137816 35717 2.4 65 27 1 2 41% 26497 3676 28%
c w 35.75  0 113 87 58111  1 1137816 35717 2.4 65 27 1 2 41% 26497 3676 28%
c ] 36.26  0 114 87 58118  1 1151400 48750 2.4 66 28 1 2 42% 26497 3676 28%
c { 36.26  0 71 87 58118 10 1151400 48750 1.9 19 10 1 2 22% 26497 3676 28%
c - 36.73  0 71 88 59374 10 1164484 37582 1.9 19 10 1 2 22% 26497 3676 28%
c p 36.73  0 71 88 59374 10 1164484 37603 1.9 19 10 1 2 22% 26497 3676 28%
c u 36.74  0 71 88 59374 10 1164484 37508 1.9 19 10 1 2 22% 26497 3676 28%
c v 36.75  0 71 88 59374 10 1164484 37311 1.9 19 10 1 2 22% 26497 3676 28%
c w 36.75  0 71 88 59374 10 1164484 37310 1.9 19 10 1 2 22% 26497 3676 28%
c B 37.16  0 72 88 60783 10 1176089 48319 1.9 19 10 1 2 22% 26497 3676 28%
c - 37.89  0 72 89 62824 10 1191462 39325 1.9 19 10 1 2 22% 26497 3676 28%
c p 37.89  0 72 89 62824 10 1191462 39344 1.9 19 10 1 2 22% 26497 3676 28%
c u 38.01  0 72 89 62824 10 1191462 39156 1.9 19 10 1 2 22% 26497 3676 28%
c v 38.02  0 72 89 62824 10 1191462 38814 1.9 19 10 1 2 22% 26497 3676 28%
c w 38.02  0 72 89 62824 10 1191462 38814 1.9 19 10 1 2 22% 26497 3676 28%
c } 38.63  0 73 89 64624 10 1208887 55273 1.9 20 10 1 2 23% 26497 3676 28%
c [ 38.63  0 114 89 64624  1 1208887 55273 2.4 66 28 1 2 42% 26497 3676 28%
c - 39.02  0 116 90 64629  1 1218750 40276 2.4 66 28 1 2 42% 26497 3676 28%
c p 39.02  0 116 90 64629  1 1218750 40294 2.4 66 28 1 2 42% 26497 3676 28%
c u 39.04  0 116 90 64629  1 1218750 40142 2.4 66 28 1 2 42% 26497 3676 28%
c 
c  seconds   reductions     conflicts         size   tier2      variables
c         MB       restarts        redundant     glue   trail        remaining
c           level        rate           size/glue  tier1  irredundant
c 
c v 39.05  0 116 90 64629  1 1218750 39833 2.4 66 28 1 2 42% 26497 3676 28%
c w 39.05  0 116 90 64629  1 1218750 39830 2.4 66 28 1 2 42% 26497 3676 28%
c W 39.39  0 117 90 64629  1 1225090 45533 2.4 65 27 1 2 42% 26497 3676 28%
c s 39.55  0 117 90 64632  1 1228905 49017 2.4 65 28 1 2 42% 26497 3676 28%
c e 39.57  0 117 90 64632  1 1228905 35096 2.4 65 28 1 2 42% 28293 3416 26%
c s 39.59  0 117 90 64632  1 1228905 34980 2.4 65 28 1 2 42% 28111 3416 26%
c e 39.60  0 117 90 64632  1 1228905 34960 2.4 65 28 1 2 42% 28121 3414 26%
c - 40.34  0 119 91 64642  1 1246349 33096 2.3 67 29 1 2 42% 28121 3414 26%
c p 40.35  0 119 91 64642  1 1246349 33103 2.3 67 29 1 2 42% 28121 3414 26%
c u 40.36  0 119 91 64642  1 1246349 33034 2.3 67 29 1 2 42% 28121 3414 26%
c v 40.36  0 119 91 64642  1 1246349 32778 2.3 67 29 1 2 42% 28121 3414 26%
c w 40.37  0 119 91 64642  1 1246349 32777 2.3 67 29 1 2 42% 28121 3414 26%
c f 40.39  0 119 91 64642  1 1246349 32777 2.3 67 29 1 2 42% 28022 3425 26%
c - 41.38  0 118 92 64645  1 1274259 33739 2.4 70 29 1 2 44% 28022 3425 26%
c p 41.39  0 118 92 64645  1 1274259 33749 2.4 70 29 1 2 44% 28022 3425 26%
c u 41.40  0 118 92 64645  1 1274259 33447 2.4 70 29 1 2 44% 28022 3425 26%
c v 41.40  0 118 92 64645  1 1274259 33226 2.4 70 29 1 2 44% 28022 3425 26%
c w 41.40  0 118 92 64645  1 1274259 33222 2.4 70 29 1 2 44% 28022 3425 26%
c I 41.42  0 118 92 64645  1 1275091 34000 2.4 70 29 1 2 44% 28022 3425 26%
c - 42.19  0 116 93 64660  1 1302481 34493 2.3 66 29 1 2 41% 28022 3425 26%
c 
c  seconds   reductions     conflicts         size   tier2      variables
c         MB       restarts        redundant     glue   trail        remaining
c           level        rate           size/glue  tier1  irredundant
c 
c p 42.19  0 116 93 64660  1 1302481 34502 2.3 66 29 1 2 41% 28022 3425 26%
c u 42.20  0 116 93 64660  1 1302481 34354 2.3 66 29 1 2 41% 28022 3425 26%
c v 42.20  0 116 93 64660  1 1302481 34168 2.3 66 29 1 2 41% 28022 3425 26%
c w 42.21  0 116 93 64660  1 1302481 34164 2.3 66 29 1 2 41% 28022 3425 26%
c ] 42.51  0 116 93 64662  1 1311945 43296 2.3 66 29 1 2 41% 28022 3425 26%
c { 42.51  0 73 93 64662 10 1311945 43296 1.9 20 10 1 2 23% 28022 3425 26%
c W 43.05  0 73 93 65988 10 1326093 56657 1.9 20 10 1 2 23% 28022 3425 26%
c - 43.27  0 73 94 66475 10 1331013 36625 1.9 20 10 1 2 23% 28022 3425 26%
c p 43.27  0 73 94 66475 10 1331013 36630 1.9 20 10 1 2 23% 28022 3425 26%
c u 43.29  0 73 94 66475 10 1331013 36468 1.9 20 10 1 2 23% 28022 3425 26%
c v 43.30  0 73 94 66475 10 1331013 36209 1.9 20 10 1 2 23% 28022 3425 26%
c w 43.30  0 73 94 66475 10 1331013 36209 1.9 20 10 1 2 23% 28022 3425 26%
c - 44.46  0 73 95 69742 10 1359855 38548 1.9 20 11 1 2 22% 28022 3425 26%
c p 44.46  0 73 95 69742 10 1359855 38552 1.9 20 11 1 2 22% 28022 3425 26%
c u 44.48  0 73 95 69742 10 1359855 38344 1.9 20 11 1 2 22% 28022 3425 26%
c v 44.48  0 73 95 69742 10 1359855 38059 1.9 20 11 1 2 22% 28022 3425 26%
c w 44.48  0 73 95 69742 10 1359855 38059 1.9 20 11 1 2 22% 28022 3425 26%
c x 44.49  0 73 95 69742 10 1359855 38059 1.9 20 11 1 2 22% 27995 3425 26%
c s 44.61  0 73 95 70049 10 1362758 40498 1.9 20 11 1 2 22% 27926 3425 26%
c e 44.62  0 73 95 70049 10 1362758 40209 1.9 20 11 1 2 22% 27946 3419 26%
c 
c  seconds  reductions     conflicts         size   tier2      variables
c         MB      restarts        redundant     glue   trail        remaining
c          level        rate           size/glue  tier1  irredundant
c 
c s 44.64  0 73 95 70049 10 1362758 40118 1.9 20 11 1 2 22% 27937 3419 26%
c # 45.22  0 73 95 71742 10 1378095 54662 1.9 20 11 1 2 22% 27937 3419 26%
c } 45.22  0 73 95 71744 10 1378132 54695 1.9 20 11 1 2 22% 27937 3419 26%
c [ 45.22  0 116 95 71744  1 1378132 54695 2.3 66 29 1 2 41% 27937 3419 26%
c - 45.48  0 114 96 71749  1 1389008 39313 2.3 64 28 1 2 40% 27937 3419 26%
c p 45.48  0 114 96 71749  1 1389008 39317 2.3 64 28 1 2 40% 27937 3419 26%
c u 45.50  0 114 96 71749  1 1389008 39233 2.3 64 28 1 2 40% 27937 3419 26%
c v 45.51  0 114 96 71749  1 1389008 38989 2.3 64 28 1 2 40% 27937 3419 26%
c w 45.51  0 114 96 71749  1 1389008 38988 2.3 64 28 1 2 40% 27937 3419 26%
c - 46.50  0 110 97 71758  1 1418473 39773 2.2 63 28 1 2 38% 27937 3419 26%
c p 46.50  0 110 97 71758  1 1418473 39777 2.2 63 28 1 2 38% 27937 3419 26%
c u 46.52  0 110 97 71758  1 1418473 39550 2.2 63 28 1 2 38% 27937 3419 26%
c v 46.52  0 110 97 71758  1 1418473 39321 2.2 63 28 1 2 38% 27937 3419 26%
c w 46.52  0 110 97 71758  1 1418473 39317 2.2 63 28 1 2 38% 27937 3419 26%
c B 46.95  0 110 97 71759  1 1431096 51526 2.3 63 28 1 2 38% 27937 3419 26%
c - 47.59  0 109 98 71759  1 1448248 38682 2.3 65 28 1 2 39% 27937 3419 26%
c p 47.59  0 109 98 71759  1 1448248 38686 2.3 65 28 1 2 39% 27937 3419 26%
c u 47.61  0 109 98 71759  1 1448248 38648 2.3 65 28 1 2 39% 27937 3419 26%
c v 47.62  0 109 98 71759  1 1448248 38411 2.3 65 28 1 2 39% 27937 3419 26%
c w 47.62  0 109 98 71759  1 1448248 38411 2.3 65 28 1 2 39% 27937 3419 26%
c 
c  seconds   reductions     conflicts         size   tier2      variables
c         MB       restarts        redundant     glue   trail        remaining
c           level        rate           size/glue  tier1  irredundant
c 
c - 48.50  0 108 99 71760  1 1478333 38382 2.4 63 26 1 2 39% 27937 3419 26%
c p 48.50  0 108 99 71760  1 1478333 38386 2.4 63 26 1 2 39% 27937 3419 26%
c u 48.51  0 108 99 71760  1 1478333 38314 2.4 63 26 1 2 39% 27937 3419 26%
c v 48.51  0 108 99 71760  1 1478333 38174 2.4 63 26 1 2 39% 27937 3419 26%
c w 48.51  0 108 99 71760  1 1478333 38169 2.4 63 26 1 2 39% 27937 3419 26%
c W 48.89  0 109 99 71760  1 1485098 44645 2.4 63 26 1 2 40% 27937 3419 26%
c ] 49.03  0 110 99 71760  1 1488805 48280 2.4 63 27 1 2 40% 27937 3419 26%
c { 49.03  0 73 99 71760 10 1488805 48280 1.9 20 11 1 2 22% 27937 3419 26%
c - 49.84  0 74 100 73753 10 1508729 40734 1.9 20 11 1 2 22% 27937 3419 26%
c p 49.84  0 74 100 73753 10 1508729 40738 1.9 20 11 1 2 22% 27937 3419 26%
c u 49.95  0 74 100 73753 10 1508729 40668 1.9 20 11 1 2 22% 27937 3419 26%
c v 49.96  0 74 100 73753 10 1508729 40353 1.9 20 11 1 2 22% 27937 3419 26%
c - 51.18  0 74 101 76754  9 1539436 42692 1.9 21 11 1 2 22% 27937 3419 26%
c p 51.18  0 74 101 76754  9 1539436 42696 1.9 21 11 1 2 22% 27937 3419 26%
c u 51.20  0 74 101 76754  9 1539436 42522 1.9 21 11 1 2 22% 27937 3419 26%
c v 51.21  0 74 101 76754  9 1539436 42175 1.9 21 11 1 2 22% 27937 3419 26%
c B 51.24  0 74 101 76817  9 1540099 42802 1.9 21 11 1 2 22% 27937 3419 26%
c } 51.94  0 74 101 78607  9 1559964 61578 1.9 21 11 1 2 22% 27937 3419 26%
c [ 51.94  0 110 101 78607  1 1559964 61578 2.4 63 27 1 2 40% 27937 3419 26%
c - 52.17  0 108 102 78607  1 1570454 43371 2.4 61 26 1 2 39% 27937 3419 26%
c 
c  seconds    reductions     conflicts         size   tier2      variables
c         MB        restarts        redundant     glue   trail        remaining
c           level         rate           size/glue  tier1  irredundant
c 
c p 52.18  0 108 102 78607  1 1570454 43375 2.4 61 26 1 2 39% 27937 3419 26%
c u 52.19  0 108 102 78607  1 1570454 43236 2.4 61 26 1 2 39% 27937 3419 26%
c v 52.20  0 108 102 78607  1 1570454 42996 2.4 61 26 1 2 39% 27937 3419 26%
c w 52.20  0 108 102 78607  1 1570454 42993 2.4 61 26 1 2 39% 27937 3419 26%
c O 53.23  0 110 102 78607  1 1596100 67322 2.6 66 26 1 2 42% 27937 3419 26%
c - 53.40  0 109 103 78608  1 1601783 43794 2.5 66 26 1 2 41% 27937 3419 26%
c p 53.40  0 109 103 78608  1 1601783 43798 2.5 66 26 1 2 41% 27937 3419 26%
c u 53.41  0 109 103 78608  1 1601783 43765 2.5 66 26 1 2 41% 27937 3419 26%
c v 53.42  0 109 103 78608  1 1601783 43524 2.5 66 26 1 2 41% 27937 3419 26%
c w 53.42  0 109 103 78608  1 1601783 43524 2.5 66 26 1 2 41% 27937 3419 26%
c - 54.60  0 106 104 78608  1 1633424 41589 2.5 66 26 1 2 39% 27937 3419 26%
c p 54.60  0 106 104 78608  1 1633424 41593 2.5 66 26 1 2 39% 27937 3419 26%
c u 54.62  0 106 104 78608  1 1633424 41477 2.5 66 26 1 2 39% 27937 3419 26%
c v 54.62  0 106 104 78608  1 1633424 41472 2.5 66 26 1 2 39% 27937 3419 26%
c w 54.62  0 106 104 78608  1 1633424 41469 2.5 66 26 1 2 39% 27937 3419 26%
c B 55.36  0 106 104 78608  1 1653102 60216 2.5 67 27 1 2 40% 27937 3419 26%
c - 55.69  0 105 105 78608  1 1665375 40732 2.4 65 27 1 2 39% 27937 3419 26%
c p 55.70  0 105 105 78608  1 1665375 40737 2.4 65 27 1 2 39% 27937 3419 26%
c u 55.72  0 105 105 78608  1 1665375 40731 2.4 65 27 1 2 39% 27937 3419 26%
c v 55.72  0 105 105 78608  1 1665375 40726 2.4 65 27 1 2 39% 27937 3419 26%
c 
c  seconds    reductions     conflicts         size   tier2      variables
c         MB        restarts        redundant     glue   trail        remaining
c           level         rate           size/glue  tier1  irredundant
c 
c w 55.72  0 105 105 78608  1 1665375 40726 2.4 65 27 1 2 39% 27937 3419 26%
c ] 56.02  0 104 105 78608  1 1678933 53574 2.4 62 26 1 2 38% 27937 3419 26%
c { 56.02  0 74 105 78608  9 1678933 53574 1.9 21 11 1 2 22% 27937 3419 26%
c - 56.81  0 73 106 80413  9 1697638 43424 1.9 21 11 1 2 22% 27937 3419 26%
c p 56.82  0 73 106 80413  9 1697638 43429 1.9 21 11 1 2 22% 27937 3419 26%
c u 56.83  0 73 106 80413  9 1697638 43349 1.9 21 11 1 2 22% 27937 3419 26%
c v 56.84  0 73 106 80413  9 1697638 43201 1.9 21 11 1 2 22% 27937 3419 26%
c s 56.89  0 73 106 80413  9 1697638 42839 1.9 21 11 1 2 22% 27932 3419 26%
c s 56.92  0 73 106 80413  9 1697638 42693 1.9 21 11 1 2 22% 27932 3419 26%
c W 57.58  0 73 106 81688  9 1711103 55425 1.9 21 11 1 2 22% 27932 3419 26%
c - 58.52  0 73 107 83890  9 1730211 45367 1.9 21 11 1 2 21% 27932 3419 26%
c p 58.53  0 73 107 83890  9 1730211 45372 1.9 21 11 1 2 21% 27932 3419 26%
c u 58.55  0 73 107 83890  9 1730211 45216 1.9 21 11 1 2 21% 27932 3419 26%
c v 58.56  0 73 107 83890  9 1730211 44827 1.9 21 11 1 2 21% 27932 3419 26%
c w 58.56  0 73 107 83890  9 1730211 44827 1.9 21 11 1 2 21% 27932 3419 26%
c } 59.38  0 74 107 86041  9 1751679 65165 1.9 21 11 1 2 21% 27932 3419 26%
c [ 59.38  0 104 107 86041  1 1751679 65165 2.4 62 26 1 2 38% 27932 3419 26%
c - 59.71  0 103 108 86041  1 1763097 46421 2.3 61 26 1 2 37% 27932 3419 26%
c p 59.71  0 103 108 86041  1 1763097 46425 2.3 61 26 1 2 37% 27932 3419 26%
c u 59.74  0 103 108 86041  1 1763097 46288 2.3 61 26 1 2 37% 27932 3419 26%
c 
c  seconds    reductions     conflicts         size   tier2      variables
c         MB        restarts        redundant     glue   trail        remaining
c           level         rate           size/glue  tier1  irredundant
c 
c v 59.74  0 103 108 86041  1 1763097 46125 2.3 61 26 1 2 37% 27932 3419 26%
c w 59.74  0 103 108 86041  1 1763097 46123 2.3 61 26 1 2 37% 27932 3419 26%
c ] 59.81  0 102 108 86041  1 1765492 48385 2.3 61 26 1 2 36% 27932 3419 26%
c ? 59.81  0 102 108 86041  1 1765492 48385 2.3 61 26 1 2 36% 27932 3419 26%
c 
c --- [ result ] -------------------------------------------------------------
c 
c UNKNOWN
c 
c --- [ run-time profiling ] -------------------------------------------------
c 
c process time taken by individual solving procedures
c (percentage relative to process time for solving)
c 
c        55.81   93.35% search
c        31.23   52.24% stable
c        23.26   38.90% unstable
c         3.98    6.65% simplify
c         1.31    2.20% walk
c         1.26    2.10% vivify
c         0.74    1.23% sweep
c         0.62    1.04% subsume
c         0.48    0.80% factor
c         0.25    0.41% congruence
c         0.20    0.34% elim
c         0.10    0.16% ternary
c         0.09    0.15% probe
c         0.08    0.13% preprocess
c         0.03    0.04% backbone
c         0.02    0.03% fastelim
c         0.02    0.03% parse
c         0.00    0.00% lucky
c   =================================
c        59.79   99.97% solve
c 
c last line shows process time for solving
c (percentage relative to total process time)
c 
c --- [ statistics ] ---------------------------------------------------------
c 
c chronological:            473005        26.79 %  of conflicts
c conflicts:               1765492     29527.95    per second
c backbone:                1535100     10937.66 %  of vars
c decisions:               8510493    142338.47    per second
c eliminated:                 7258        51.71 %  of all variables
c factored:                    787        21.16 %  of variables
c fixed:                      1257         8.96 %  of all variables
c learned:                 1708565        96.78 %  per conflict
c learned_lits:           86492384       100.00 %  learned literals
c minimized:                     0         0.00 %  learned literals
c shrunken:                3851884         4.45 %  learned literals
c minishrunken:            8542894         9.88 %  learned literals
c otfs:                      28777         1.63 %  of conflict
c propagations:          234463030         3.92 M  per second
c reduced:                 1528653        86.59 %  per conflict
c rephased:                     58     30439.52    interval
c restarts:                  86041        20.52    interval
c stabilizing:                  23        58.08 %  of conflicts
c substituted:                2101        14.97 %  of all variables
c sweep equivs:                558         9.99 %  of swept variables
c subsumed:                  64161         3.48 %  of all clauses
c strengthened:              74038         4.02 %  of all clauses
c ticks:                3613477970        15.74    propagation
c vivified:                  15365         0.83 %  of all clauses
c walked:                       18     98082.89    interval
c weakened:                  44356         2.91    average size
c congruence:                   26     67903.54    interval
c 
c seconds are measured in process time for solving
c 
c --- [ glue usage ] ---------------------------------------------------------
c 
c focused glue 1 used 3427408 clauses 68.99% accumulated 68.99% tier1
c focused glue 2 used 751459 clauses 15.12% accumulated 84.12% tier2
c 
c stable glue 1 used 6224833 clauses 53.66% accumulated 53.66% tier1
c stable glue 2 used 1760828 clauses 15.18% accumulated 68.84% tier2
c 
c 
c --- [ resources ] ----------------------------------------------------------
c 
c total process time since initialization:        59.81    seconds
c total real time since initialization:           60.01    seconds
c maximum resident set size of process:       102416.00    MB
c 
c --- [ shutting down ] ------------------------------------------------------
c 
c exit 0
c Timeout reached! 😅 This instance is a real thinker.
c 🚧 🚧 🚧 Please consider contributing it to the page
c https://mysolvertimesout.org/#sat in order to improve
c automated reasoning. 🚧 🚧 🚧
