c --- [ banner ] -------------------------------------------------------------
c 
c CaDiCaL SAT Solver
c Copyright (c) 2016-2025
c A. Biere, M. Fleury, N. Froleyks, K. Fazekas, F. Pollitt, T. Faller
c JKU Linz, University of Freiburg, TU Wien
c 
c Version 3.0.0
c Apple clang version 17.0.0 (clang-1700.6.3.2) -Wall -Wextra -O3 -DNDEBUG -DNCLOSEFROM
c Tue Dec 23 21:53:38 UTC 2025 Darwin Tahoe-arm64.local 25.2.0 arm64
c 
c --- [ limit ] --------------------------------------------------------------
c 
c setting time limit to 60 seconds real time (due to '-t 60')
c 
c --- [ parsing input ] ------------------------------------------------------
c 
c reading DIMACS file from '/tmp/F366_sr60_bit31_inj.cnf'
c opening file to read '/tmp/F366_sr60_bit31_inj.cnf'
c found 'p cnf 13248 54951' header
c parsed 54951 clauses in 0.02 seconds process time
c 
c --- [ options ] ------------------------------------------------------------
c 
c   --binary=false                 (different from default 'true')
c   --seed=2                       (different from default '0')
c 
c --- [ solving ] ------------------------------------------------------------
c 
c time measured in process time since initialization
c 
c  seconds  reduction conflicts       size tier2       variables
c         MB    restarts   redundant    glue  trail         remaining
c          level     rate       size/glu tier1  irredundant
c 
c *  0.02  0  0 0   0  0    0    0 0.0 0 0 2 6  0% 54436 12766 96%
c (  0.02  0  0 0   0  0    0    0 0.0 0 0 2 6  0% 54436 12766 96%
c .  0.02  0  0 0   0  0    0    0 0.0 0 0 2 6  0% 53410 12766 96%
c c  0.04  0  0 0   0  0    0    0 0.0 0 0 2 6  0% 50460 11991 91%
c d  0.05  0  0 0   0  0    0    0 0.0 0 0 2 6  0% 45352 10593 80%
c 2  0.05  0  0 0   0  0    0    0 0.0 0 0 2 6  0% 45208 10593 80%
c f  0.07  0  0 0   0  0    0    0 0.0 0 0 2 6  0% 44942 10859 82%
c e  0.08  0  0 0   0  0    0    0 0.0 0 0 2 6  0% 34456 6335 48%
c s  0.09  0  0 0   0  0    0    0 0.0 0 0 2 6  0% 34455 6335 48%
c s  0.09  0  0 0   0  0    0    0 0.0 0 0 2 6  0% 34455 6335 48%
c P  0.10  0  0 0   0  0    0    0 0.0 0 0 2 6  0% 34455 6335 48%
c )  0.10  0  0 0   0  0    0    0 0.0 0 0 2 6  0% 34455 6335 48%
c {  0.10  0  0 0   0  0    0    0 0.0 0 0 2 6  0% 34455 6335 48%
c -  0.10  0 1219 1  16 52  300  235 1.4 4 3 2 6 22% 34455 6335 48%
c -  0.11  0 584 2  47 36  734  582 1.5 5 3 2 6 18% 34455 6335 48%
c }  0.11  0 528 2  61 45 1001  801 1.5 5 3 2 6 18% 34455 6335 48%
c [  0.11  0  0 2  61  0 1001  801 0.0 0 0 2 6  0% 34455 6335 48%
c O  0.11  0 808 2  61 809 1002  802 1.8 14 8 2 6 32% 34455 6335 48%
c -  0.12  0 790 3  61  3 1411  906 2.0 47 23 2 6 32% 34455 6335 48%
c ]  0.12  0 789 3  61  3 1576 1047 2.0 45 23 2 6 32% 34455 6335 48%
c 
c  seconds   reduction conflicts       size tier2      variables
c         MB     restarts   redundant    glue  trail        remaining
c           level     rate       size/glu tier1  irredundant
c 
c {  0.12  0 528 3  61 45 1576 1047 1.5 5 3 2 6 18% 34455 6335 48%
c 2  0.13  0 345 3 174 34 2242 1627 1.5 5 3 2 6 11% 34393 6335 48%
c p  0.14  0 345 3 174 34 2242 1588 1.5 5 3 2 6 11% 34381 6318 48%
c c  0.15  0 345 3 174 34 2242 1588 1.5 5 3 2 6 11% 34337 6318 48%
c d  0.15  0 345 3 174 34 2242 1579 1.5 5 3 2 6 11% 34311 6305 48%
c 2  0.15  0 345 3 174 34 2242 1579 1.5 5 3 2 6 11% 34309 6305 48%
c -  0.15  0 328 4 194 33 2350 1366 1.5 5 3 2 6 11% 34309 6305 48%
c O  0.16  0 257 4 299 28 3006 1893 1.6 6 4 2 6 10% 34309 6305 48%
c -  0.17  0 223 5 375 25 3561 2122 1.6 6 4 2 6 11% 34309 6305 48%
c }  0.17  0 221 5 383 25 3590 2149 1.6 6 4 2 6 11% 34309 6305 48%
c [  0.17  0 789 5 383  3 3590 2149 2.0 45 23 2 6 68% 34309 6305 48%
c s  0.18  0 445 5 384  2 4186 2661 2.1 36 17 2 6 56% 34306 6305 48%
c t  0.18  0 445 5 384  2 4186 2661 2.1 36 17 2 6 56% 34305 6305 48%
c e  0.20  0 445 5 384  2 4186 2326 2.1 36 17 2 6 56% 34276 5896 45%
c s  0.20  0 445 5 384  2 4186 2325 2.1 36 17 2 6 56% 34113 5896 45%
c c  0.22  0 348 5 384  2 4742 2795 2.1 33 16 2 6 43% 34077 5885 44%
c =  0.23  0 348 5 384  2 4742 2775 2.1 33 16 2 6 43% 33993 5826 44%
c -  0.24  0 316 6 384  2 5052 2303 2.1 32 15 4 13 42% 33993 5826 44%
c I  0.25  0 245 6 385  3 6007 3124 2.1 26 12 3 10 33% 33993 5826 44%
c ]  0.25  0 234 6 385  3 6270 3361 2.1 26 12 3 9 32% 33993 5826 44%
c 
c  seconds   reduction conflicts       size tier2      variables
c         MB     restarts   redundant    glue  trail        remaining
c           level     rate       size/glu tier1  irredundant
c 
c {  0.25  0 221 6 385 25 6270 3361 1.6 6 4 2 6 11% 33993 5826 44%
c -  0.26  0 198 7 518 24 6828 3102 1.6 7 4 2 6 11% 33993 5826 44%
c c  0.28  0 180 7 642 23 7347 3552 1.6 7 4 2 3 11% 33975 5824 44%
c =  0.29  0 180 7 642 23 7347 3547 1.6 7 4 2 3 11% 33931 5792 44%
c t  0.29  0 180 7 642 23 7347 3546 1.6 7 4 2 3 11% 33931 5792 44%
c f  0.29  0 180 7 642 23 7347 3546 1.6 7 4 2 3 10% 33693 6028 46%
c -  0.32  0 153 8 921 21 8894 3571 1.7 8 5 2 3 12% 33693 6028 46%
c }  0.33  0 150 8 960 21 9153 3795 1.7 8 5 2 3 12% 33693 6028 46%
c [  0.33  0 234 8 960  3 9153 3795 2.1 26 12 3 9 31% 33693 6028 46%
c B  0.34  0 205 8 960  2 10009 4557 2.3 27 12 3 9 31% 33693 6028 46%
c c  0.35  0 203 8 960  2 10044 4543 2.3 27 12 3 9 30% 33651 6022 45%
c d  0.35  0 203 8 960  2 10044 4512 2.3 27 12 3 9 30% 33643 6018 45%
c =  0.36  0 203 8 960  2 10044 4512 2.3 27 12 3 9 30% 33626 5916 45%
c -  0.39  0 178 9 961  2 11251 3970 2.3 29 12 3 9 28% 33626 5916 45%
c -  0.44  0 169 10 963  2 13902 4267 2.2 30 13 2 4 28% 33626 5916 45%
c ]  0.45  0 170 10 963  2 14307 4641 2.3 30 13 2 4 30% 33626 5916 45%
c {  0.45  0 150 10 963 21 14307 4641 1.7 8 5 2 3 12% 33626 5916 45%
c s  0.45  0 150 10 964 21 14317 4491 1.7 8 5 2 3 12% 32601 5916 45%
c t  0.45  0 150 10 964 21 14317 4490 1.7 8 5 2 3 12% 32601 5916 45%
c e  0.46  0 150 10 964 21 14317 4261 1.7 8 5 2 3 12% 32601 5694 43%
c 
c  seconds   reductions  conflicts       size tier2      variables
c         MB      restarts    redundant    glue  trail        remaining
c           level      rate        size/glu tier1  irredundant
c 
c s  0.47  0 150 10 964 21 14317 4216 1.7 8 5 2 3 12% 32397 5694 43%
c #  0.49  0 141 10 1116 21 15011 4836 1.7 8 5 2 3 13% 32393 5694 43%
c 2  0.49  0 135 10 1205 20 15694 5424 1.7 9 5 2 3 15% 32393 5694 43%
c f  0.50  0 135 10 1205 20 15694 5422 1.7 9 5 2 3 14% 32346 5738 43%
c -  0.52  0 126 11 1378 19 16849 4877 1.8 9 5 2 3 14% 32346 5738 43%
c d  0.55  0 116 11 1677 18 18636 6256 1.8 9 5 2 3 14% 32346 5703 43%
c c  0.56  0 116 11 1677 18 18636 6256 1.8 9 5 2 3 14% 32242 5703 43%
c d  0.56  0 116 11 1677 18 18636 6211 1.8 9 5 2 3 14% 32218 5691 43%
c 2  0.56  0 116 11 1677 18 18636 6211 1.8 9 5 2 3 14% 32216 5691 43%
c =  0.57  0 116 11 1677 18 18636 6211 1.8 9 5 2 3 14% 32124 5622 42%
c u  0.58  0 116 11 1677 18 18636 5643 1.8 9 5 2 3 14% 32077 5622 42%
c v  0.58  0 116 11 1677 18 18636 5521 1.8 9 5 2 3 14% 32077 5622 42%
c w  0.58  0 116 11 1677 18 18636 5517 1.8 9 5 2 3 14% 32077 5622 42%
c x  0.58  0 116 11 1677 18 18636 5517 1.8 9 5 2 3 14% 32043 5622 42%
c t  0.58  0 116 11 1677 18 18636 5515 1.8 9 5 2 3 14% 32043 5622 42%
c }  0.59  0 112 11 1802 18 19500 6272 1.8 10 5 2 3 14% 32043 5622 42%
c [  0.59  0 170 11 1802  2 19500 6272 2.3 30 13 2 4 34% 32043 5622 42%
c -  0.60  0 163 12 1803  2 20094 4975 2.2 30 13 2 4 33% 32043 5622 42%
c W  0.64  0 158 12 1803  2 21012 5827 2.3 33 14 2 4 33% 32043 5622 42%
c d  0.65  0 157 12 1803  2 21646 6368 2.2 33 15 2 4 32% 32027 5614 42%
c 
c  seconds   reductions   conflicts       size   tier2      variables
c         MB      restarts     redundant     glue   trail        remaining
c           level       rate        size/glue  tier1  irredundant
c 
c c  0.66  0 157 12 1803  2 21646 6368 2.2 33 15 2 4 32% 32003 5614 42%
c =  0.67  0 157 12 1803  2 21646 6359 2.2 33 15 2 4 32% 31958 5532 42%
c 2  0.67  0 157 12 1803  2 21646 6359 2.2 33 15 2 4 32% 31956 5532 42%
c f  0.68  0 157 12 1803  2 21646 6357 2.2 33 15 2 4 32% 31929 5559 42%
c -  0.72  0 150 13 1803  2 23637 5508 1.9 36 18 2 4 31% 31929 5559 42%
c =  0.75  0 148 13 1804  2 24723 6452 2.0 35 18 2 4 31% 31919 5521 42%
c ]  0.79  0 147 13 1806  2 26786 8369 1.9 36 18 2 4 31% 31919 5521 42%
c {  0.79  0 112 13 1806 18 26786 8369 1.8 10 5 2 3 14% 31919 5521 42%
c -  0.81  0 110 14 1983 18 27480 6058 1.8 10 6 2 3 14% 31919 5521 42%
c d  0.82  0 108 14 2035 18 27862 6364 1.7 10 6 2 3 14% 31919 5518 42%
c =  0.83  0 108 14 2035 18 27862 6354 1.7 10 6 2 3 14% 31910 5460 41%
c f  0.83  0 108 14 2035 18 27862 6352 1.7 10 6 2 3 14% 31883 5478 41%
c B  0.84  0 108 14 2060 18 28017 6478 1.7 10 6 2 3 14% 31883 5478 41%
c s  0.86  0 103 14 2310 17 29368 7531 1.7 10 6 2 3 14% 30590 5478 41%
c t  0.86  0 103 14 2310 17 29368 7529 1.7 10 6 2 3 14% 30590 5478 41%
c e  0.87  0 103 14 2310 17 29368 6707 1.7 10 6 2 3 14% 27951 5001 38%
c s  0.87  0 103 14 2310 17 29368 6650 1.7 10 6 2 3 14% 27896 5001 38%
c e  0.88  0 103 14 2310 17 29368 6650 1.7 10 6 2 3 14% 27883 5000 38%
c -  0.91  0 99 15 2598 16 31625 6613 1.8 10 6 2 3 18% 27883 5000 38%
c 2  0.91  0 99 15 2598 16 31625 6595 1.8 10 6 2 3 18% 27883 5000 38%
c 
c  seconds  reductions   conflicts       size  tier2      variables
c         MB     restarts     redundant     glue  trail        remaining
c          level       rate        size/glue tier1  irredundant
c 
c d  0.92  0 99 15 2598 16 31625 6583 1.8 10 6 2 3 18% 27871 4991 38%
c c  0.93  0 99 15 2598 16 31625 6583 1.8 10 6 2 3 18% 27860 4991 38%
c d  0.93  0 99 15 2598 16 31625 6580 1.8 10 6 2 3 18% 27856 4989 38%
c 2  0.93  0 99 15 2598 16 31625 6580 1.8 10 6 2 3 18% 27854 4989 38%
c u  0.94  0 99 15 2598 16 31625 5717 1.8 10 6 2 3 18% 27854 4989 38%
c v  0.94  0 99 15 2598 16 31625 5503 1.8 10 6 2 3 18% 27854 4989 38%
c }  0.99  0 91 15 3001 15 35710 9126 1.8 11 6 2 3 15% 27853 4989 38%
c [  0.99  0 147 15 3001  2 35710 9126 1.9 36 18 2 4 36% 27853 4989 38%
c O  1.00  0 145 15 3001  2 36021 9419 2.0 35 18 2 4 36% 27853 4989 38%
c -  1.00  0 145 16 3001  2 36070 7033 1.9 35 18 2 4 35% 27853 4989 38%
c d  1.00  0 145 16 3001  2 36070 7011 1.9 35 18 2 4 35% 27851 4985 38%
c c  1.01  0 145 16 3001  2 36070 7011 1.9 35 18 2 4 35% 27846 4985 38%
c f  1.02  0 145 16 3001  2 36070 6998 1.9 35 18 2 4 35% 27788 5040 38%
c -  1.10  0 139 17 3004  2 40820 7827 2.0 36 18 2 4 33% 27788 5040 38%
c B  1.19  0 143 17 3005  2 45023 11813 1.9 37 19 2 4 33% 27788 5040 38%
c -  1.20  0 141 18 3005  2 45872 8310 1.9 37 19 2 4 32% 27788 5040 38%
c f  1.21  0 141 18 3005  2 45872 8310 1.9 37 19 2 4 32% 27767 5061 38%
c ]  1.25  0 140 18 3006  2 48164 10502 1.9 36 19 2 4 31% 27767 5061 38%
c {  1.25  0 91 18 3006 15 48164 10502 1.8 11 6 2 3 14% 27767 5061 38%
c s  1.27  0 90 18 3081 14 49207 11283 1.8 11 6 2 3 15% 27734 5061 38%
c 
c  seconds  reductions   conflicts        size  tier2      variables
c         MB     restarts      redundant     glue  trail        remaining
c          level       rate         size/glue tier1  irredundant
c 
c t  1.27  0 90 18 3081 14 49207 11283 1.8 11 6 2 3 15% 27733 5061 38%
c e  1.27  0 90 18 3081 14 49207 10968 1.8 11 6 2 3 15% 27720 5046 38%
c s  1.27  0 90 18 3081 14 49207 10925 1.8 11 6 2 3 15% 27712 5046 38%
c -  1.32  0 89 19 3379 14 51226 9274 1.8 11 6 2 3 16% 27712 5046 38%
c 2  1.32  0 89 19 3379 14 51226 9271 1.8 11 6 2 3 16% 27712 5046 38%
c d  1.32  0 89 19 3379 14 51226 9266 1.8 11 6 2 3 16% 27707 5042 38%
c p  1.32  0 89 19 3379 14 51226 9273 1.8 11 6 2 3 16% 27707 5042 38%
c c  1.33  0 89 19 3379 14 51226 9273 1.8 11 6 2 3 16% 27697 5042 38%
c d  1.33  0 89 19 3379 14 51226 9272 1.8 11 6 2 3 16% 27695 5041 38%
c 2  1.33  0 89 19 3379 14 51226 9272 1.8 11 6 2 3 16% 27693 5041 38%
c u  1.34  0 89 19 3379 14 51226 8859 1.8 11 6 2 3 16% 27693 5041 38%
c v  1.34  0 89 19 3379 14 51226 8749 1.8 11 6 2 3 16% 27693 5041 38%
c f  1.34  0 89 19 3379 14 51226 8745 1.8 11 6 2 3 16% 27691 5045 38%
c W  1.43  0 85 19 3981 14 55024 12219 1.8 11 6 2 3 16% 27691 5045 38%
c -  1.47  0 84 20 4307 14 56884 10329 1.8 11 6 2 3 16% 27691 5045 38%
c d  1.47  0 84 20 4307 14 56884 10321 1.8 11 6 2 3 16% 27687 5041 38%
c p  1.47  0 84 20 4307 14 56884 10625 1.8 11 6 2 3 16% 27687 5041 38%
c =  1.50  0 84 20 4307 14 56884 10623 1.8 11 6 2 3 16% 27687 5040 38%
c f  1.50  0 84 20 4307 14 56884 10619 1.8 11 6 2 3 16% 27689 5042 38%
c }  1.52  0 83 20 4460 14 58030 11659 1.8 11 6 2 3 16% 27689 5042 38%
c 
c  seconds   reductions   conflicts        size   tier2      variables
c         MB      restarts      redundant     glue   trail        remaining
c           level       rate         size/glue  tier1  irredundant
c 
c [  1.52  0 140 20 4460  2 58030 11659 1.9 36 19 2 4 31% 27689 5042 38%
c -  1.60  0 135 21 4460  2 62846 10980 2.0 37 19 2 4 33% 27689 5042 38%
c W  1.66  0 134 21 4462  2 66025 13979 2.0 37 19 2 4 33% 27689 5042 38%
c -  1.73  0 131 22 4464  2 69114 11441 2.0 38 19 2 4 32% 27689 5042 38%
c p  1.74  0 131 22 4464  2 69114 11467 2.0 38 19 2 4 32% 27689 5042 38%
c =  1.75  0 131 22 4464  2 69114 11467 2.0 38 19 2 4 32% 27688 5041 38%
c u  1.76  0 131 22 4464  2 69114 10851 2.0 38 19 2 4 32% 27688 5041 38%
c v  1.76  0 131 22 4464  2 69114 10701 2.0 38 19 2 4 32% 27688 5041 38%
c w  1.76  0 131 22 4464  2 69114 10700 2.0 38 19 2 4 32% 27688 5041 38%
c 2  1.77  0 131 22 4464  2 69114 10699 2.0 38 19 2 4 32% 27688 5041 38%
c f  1.77  0 131 22 4464  2 69114 10689 2.0 38 19 2 4 32% 27693 5046 38%
c s  1.84  0 131 22 4467  2 73780 14839 2.0 37 18 2 4 32% 27688 5046 38%
c e  1.84  0 131 22 4467  2 73780 14838 2.0 37 18 2 4 32% 27652 5037 38%
c s  1.84  0 131 22 4467  2 73780 14809 2.0 37 18 2 4 32% 27648 5037 38%
c ]  1.88  0 131 22 4467  2 74794 15804 2.0 37 18 2 4 32% 27647 5037 38%
c {  1.88  0 83 22 4467 14 74794 15804 1.8 11 6 2 3 16% 27647 5037 38%
c -  1.90  0 82 23 4619 14 75686 11624 1.8 11 6 2 3 16% 27647 5037 38%
c =  1.91  0 82 23 4619 14 75686 11624 1.8 11 6 2 3 16% 27646 5036 38%
c 2  1.91  0 82 23 4619 14 75686 11623 1.8 11 6 2 3 16% 27646 5036 38%
c f  1.92  0 82 23 4619 14 75686 11622 1.8 11 6 2 3 16% 27643 5040 38%
c 
c  seconds  reductions   conflicts        size  tier2      variables
c         MB     restarts      redundant     glue  trail        remaining
c          level       rate         size/glue tier1  irredundant
c 
c F  1.96  0 80 23 4993 14 78026 13750 1.8 12 6 2 3 16% 27643 5040 38%
c -  2.06  0 77 24 5691 13 82564 13307 1.8 12 7 2 3 15% 27643 5040 38%
c p  2.06  0 77 24 5691 13 82564 13308 1.8 12 7 2 3 15% 27643 5040 38%
c =  2.08  0 77 24 5691 13 82564 13308 1.8 12 7 2 3 15% 27642 5039 38%
c u  2.09  0 77 24 5691 13 82564 12997 1.8 12 7 2 3 15% 27642 5039 38%
c v  2.09  0 77 24 5691 13 82564 12936 1.8 12 7 2 3 15% 27642 5039 38%
c w  2.09  0 77 24 5691 13 82564 12936 1.8 12 7 2 3 15% 27642 5039 38%
c 2  2.09  0 77 24 5691 13 82564 12935 1.8 12 7 2 3 15% 27642 5039 38%
c f  2.09  0 77 24 5691 13 82564 12933 1.8 12 7 2 3 15% 27643 5040 38%
c }  2.18  0 75 24 6274 13 86278 16250 1.8 12 7 2 3 15% 27643 5040 38%
c [  2.18  0 131 24 6274  2 86278 16250 2.0 37 18 2 4 32% 27643 5040 38%
c -  2.24  0 129 25 6276  2 89748 14239 2.0 37 19 2 4 32% 27643 5040 38%
c p  2.25  0 129 25 6276  2 89748 14389 2.0 37 19 2 4 32% 27643 5040 38%
c f  2.27  0 129 25 6276  2 89748 14325 2.0 37 19 2 4 32% 27677 5067 38%
c I  2.31  0 130 25 6277  2 91028 15522 2.0 38 19 2 4 32% 27677 5067 38%
c -  2.40  0 130 26 6281  2 97238 14990 2.0 37 18 2 4 32% 27677 5067 38%
c p  2.40  0 130 26 6281  2 97238 15001 2.0 37 18 2 4 32% 27677 5067 38%
c s  2.58  0 132 26 6282  2 103258 20590 2.1 40 19 2 4 32% 27675 5067 38%
c e  2.59  0 132 26 6282  2 103258 20469 2.1 40 19 2 4 32% 27658 5058 38%
c s  2.60  0 132 26 6282  2 103258 20428 2.1 40 19 2 4 32% 27658 5058 38%
c 
c  seconds   reductions   conflicts         size   tier2      variables
c         MB      restarts       redundant     glue   trail        remaining
c           level       rate          size/glue  tier1  irredundant
c 
c ]  2.63  0 132 26 6282  2 103951 21100 2.0 40 20 2 4 32% 27658 5058 38%
c {  2.63  0 75 26 6282 13 103951 21100 1.8 12 7 2 3 15% 27658 5058 38%
c B  2.65  0 75 26 6399 13 105029 22075 1.8 12 7 2 3 15% 27658 5058 38%
c -  2.65  0 75 27 6401 13 105033 15308 1.8 12 7 2 3 15% 27658 5058 38%
c p  2.65  0 75 27 6401 13 105033 15859 1.8 12 7 2 3 15% 27658 5058 38%
c u  2.67  0 75 27 6401 13 105033 15525 1.8 12 7 2 3 15% 27658 5058 38%
c v  2.68  0 75 27 6401 13 105033 15436 1.8 12 7 2 3 15% 27658 5058 38%
c x  2.68  0 75 27 6401 13 105033 15436 1.8 12 7 2 3 15% 27575 5058 38%
c f  2.69  0 75 27 6401 13 105033 15356 1.8 12 7 2 3 15% 27615 5098 38%
c -  2.87  0 72 28 7598 13 113135 16621 1.8 12 7 2 3 15% 27615 5098 38%
c p  2.87  0 72 28 7598 13 113135 16624 1.8 12 7 2 3 15% 27615 5098 38%
c }  2.99  0 71 28 8279 13 118265 21274 1.8 12 7 2 3 15% 27615 5098 38%
c [  2.99  0 132 28 8279  2 118265 21274 2.0 40 20 2 4 32% 27615 5098 38%
c B  3.02  0 130 28 8279  2 120030 22933 2.1 40 20 2 4 32% 27615 5098 38%
c -  3.06  0 130 29 8279  2 121543 18170 2.1 41 20 2 4 32% 27615 5098 38%
c p  3.06  0 130 29 8279  2 121543 18433 2.1 41 20 2 4 32% 27615 5098 38%
c u  3.08  0 130 29 8279  2 121543 17810 2.1 41 20 2 4 32% 27615 5098 38%
c v  3.08  0 130 29 8279  2 121543 17697 2.1 41 20 2 4 32% 27615 5098 38%
c w  3.08  0 130 29 8279  2 121543 17697 2.1 41 20 2 4 32% 27615 5098 38%
c -  3.27  0 132 30 8280  2 130259 17932 2.1 43 20 2 4 34% 27615 5098 38%
c 
c  seconds   reductions   conflicts         size   tier2      variables
c         MB      restarts       redundant     glue   trail        remaining
c           level       rate          size/glue  tier1  irredundant
c 
c p  3.28  0 132 30 8280  2 130259 18135 2.1 43 20 2 4 34% 27615 5098 38%
c W  3.53  0 134 30 8280  1 136034 23700 2.0 47 23 2 4 34% 27615 5098 38%
c s  3.59  0 134 30 8280  1 137573 24939 2.0 48 24 2 4 34% 27573 5098 38%
c e  3.60  0 134 30 8280  1 137573 22686 2.0 48 24 2 4 34% 27562 5043 38%
c s  3.61  0 134 30 8280  1 137573 22621 2.0 48 24 2 4 34% 27554 5043 38%
c ]  3.64  0 134 30 8280  1 138644 23633 2.0 48 24 2 4 34% 27554 5043 38%
c {  3.64  0 71 30 8280 13 138644 23633 1.8 12 7 2 3 15% 27554 5043 38%
c -  3.65  0 70 31 8352 12 139283 17000 1.8 12 7 2 3 15% 27554 5043 38%
c p  3.65  0 70 31 8352 12 139283 17073 1.8 12 7 2 3 15% 27551 5042 38%
c u  3.66  0 70 31 8352 12 139283 16922 1.8 12 7 2 3 15% 27551 5042 38%
c v  3.66  0 70 31 8352 12 139283 16816 1.8 12 7 2 3 15% 27551 5042 38%
c x  3.67  0 70 31 8352 12 139283 16813 1.8 12 7 2 3 15% 27547 5042 38%
c f  3.67  0 70 31 8352 12 139283 16813 1.8 12 7 2 3 15% 27491 5098 38%
c -  3.88  0 69 32 9542 12 148615 19035 1.8 13 7 2 3 15% 27491 5098 38%
c p  3.88  0 69 32 9542 12 148615 19415 1.8 13 7 2 3 15% 27491 5098 38%
c t  3.88  0 69 32 9542 12 148615 19415 1.8 13 7 2 3 15% 27490 5098 38%
c f  3.89  0 69 32 9542 12 148615 19408 1.8 13 7 2 3 15% 27495 5100 38%
c W  4.02  0 69 32 10264 12 153036 23444 1.8 13 7 2 3 15% 27495 5100 38%
c }  4.08  0 68 32 10630 12 155349 25588 1.8 13 7 2 3 15% 27495 5100 38%
c [  4.08  0 134 32 10630  1 155349 25588 2.0 48 24 2 4 34% 27495 5100 38%
c 
c  seconds   reductions    conflicts         size   tier2      variables
c         MB       restarts       redundant     glue   trail        remaining
c           level        rate          size/glue  tier1  irredundant
c 
c -  4.13  0 133 33 10631  1 158252 20895 2.0 48 24 2 4 34% 27495 5100 38%
c p  4.13  0 133 33 10631  1 158252 20927 2.0 48 24 2 4 34% 27492 5099 38%
c u  4.14  0 133 33 10631  1 158252 20525 2.0 48 24 2 4 34% 27492 5099 38%
c v  4.14  0 133 33 10631  1 158252 20388 2.0 48 24 2 4 34% 27492 5099 38%
c w  4.14  0 133 33 10631  1 158252 20387 2.0 48 24 2 4 34% 27492 5099 38%
c f  4.15  0 133 33 10631  1 158252 20387 2.0 48 24 2 4 34% 27490 5101 39%
c -  4.39  0 130 34 10637  1 168197 21113 2.0 49 24 2 4 33% 27490 5101 39%
c p  4.40  0 130 34 10637  1 168197 21245 2.0 49 24 2 4 33% 27490 5101 39%
c c  4.40  0 130 34 10637  1 168197 21245 2.0 49 24 2 4 33% 27488 5101 39%
c =  4.43  0 130 34 10637  1 168197 21245 2.0 49 24 2 4 33% 27482 5096 38%
c t  4.43  0 130 34 10637  1 168197 21245 2.0 49 24 2 4 33% 27480 5096 38%
c 2  4.43  0 130 34 10637  1 168197 21242 2.0 49 24 2 4 33% 27480 5096 38%
c f  4.43  0 130 34 10637  1 168197 21242 2.0 49 24 2 4 33% 27478 5098 38%
c O  4.48  0 130 34 10638  1 171037 23877 2.0 48 24 2 4 34% 27478 5098 38%
c s  4.68  0 128 34 10643  1 176773 28938 2.0 49 24 2 4 34% 27464 5098 38%
c e  4.68  0 128 34 10643  1 176773 28829 2.0 49 24 2 4 34% 27454 5035 38%
c s  4.69  0 128 34 10643  1 176773 28756 2.0 49 24 2 4 34% 27421 5035 38%
c -  4.75  0 128 35 10643  1 178450 21092 2.0 49 24 2 4 34% 27419 5035 38%
c p  4.75  0 128 35 10643  1 178450 21329 2.0 49 24 2 4 34% 27419 5035 38%
c u  4.76  0 128 35 10643  1 178450 20830 2.0 49 24 2 4 34% 27419 5035 38%
c 
c  seconds   reductions    conflicts         size   tier2      variables
c         MB       restarts       redundant     glue   trail        remaining
c           level        rate          size/glue  tier1  irredundant
c 
c v  4.76  0 128 35 10643  1 178450 20712 2.0 49 24 2 4 34% 27419 5035 38%
c w  4.76  0 128 35 10643  1 178450 20711 2.0 49 24 2 4 34% 27419 5035 38%
c f  4.76  0 128 35 10643  1 178450 20711 2.0 49 24 2 4 33% 27380 5074 38%
c ]  4.84  0 128 35 10644  1 181858 24012 2.0 49 24 2 4 33% 27380 5074 38%
c {  4.84  0 68 35 10644 12 181858 24012 1.8 13 7 2 3 15% 27380 5074 38%
c -  5.02  0 68 36 11493 12 189011 22181 1.8 13 7 2 3 15% 27380 5074 38%
c p  5.02  0 68 36 11493 12 189011 22208 1.8 13 7 2 3 15% 27380 5074 38%
c f  5.05  0 68 36 11493 12 189011 22207 1.8 13 7 2 3 15% 27380 5075 38%
c #  5.07  0 68 36 11597 12 190038 23130 1.8 13 7 2 3 15% 27380 5075 38%
c -  5.33  0 67 37 12922 12 199880 24135 1.8 13 7 2 3 16% 27380 5075 38%
c p  5.34  0 67 37 12922 12 199880 24538 1.8 13 7 2 3 16% 27380 5075 38%
c u  5.36  0 67 37 12922 12 199880 24306 1.8 13 7 2 3 16% 27380 5075 38%
c v  5.36  0 67 37 12922 12 199880 24191 1.8 13 7 2 3 16% 27380 5075 38%
c x  5.36  0 67 37 12922 12 199880 24180 1.8 13 7 2 3 16% 27295 5075 38%
c f  5.37  0 67 37 12922 12 199880 24175 1.8 13 7 2 3 16% 27298 5077 38%
c }  5.40  0 67 37 13100 12 201041 25255 1.8 13 7 2 3 16% 27298 5077 38%
c [  5.40  0 128 37 13100  1 201041 25255 2.0 49 24 2 4 33% 27298 5077 38%
c B  5.68  0 130 37 13101  1 210042 33864 2.0 50 25 2 4 32% 27298 5077 38%
c -  5.71  0 130 38 13102  1 211058 24917 2.0 50 25 2 4 32% 27298 5077 38%
c d  5.71  0 130 38 13102  1 211058 24910 2.0 50 25 2 4 32% 27298 5076 38%
c 
c  seconds   reductions    conflicts         size   tier2      variables
c         MB       restarts       redundant     glue   trail        remaining
c           level        rate          size/glue  tier1  irredundant
c 
c p  5.71  0 130 38 13102  1 211058 24937 2.0 50 25 2 4 32% 27298 5076 38%
c 2  5.71  0 130 38 13102  1 211058 24936 2.0 50 25 2 4 32% 27298 5076 38%
c t  5.71  0 130 38 13102  1 211058 24935 2.0 50 25 2 4 32% 27298 5076 38%
c s  5.95  0 129 38 13108  1 220787 33689 2.0 49 25 2 4 32% 27263 5076 38%
c t  5.95  0 129 38 13108  1 220787 33674 2.0 49 25 2 4 32% 27262 5076 38%
c e  5.96  0 129 38 13108  1 220787 33591 2.0 49 25 2 4 32% 27216 5034 38%
c s  5.97  0 129 38 13108  1 220787 33498 2.0 49 25 2 4 32% 27200 5034 38%
c e  5.98  0 129 38 13108  1 220787 33498 2.0 49 25 2 4 32% 27199 5033 38%
c -  6.01  0 129 39 13108  1 222545 24918 2.0 49 25 2 4 32% 27199 5033 38%
c 2  6.01  0 129 39 13108  1 222545 24917 2.0 49 25 2 4 32% 27199 5033 38%
c p  6.01  0 129 39 13108  1 222545 25023 2.0 49 25 2 4 32% 27199 5033 38%
c =  6.03  0 129 39 13108  1 222545 25009 2.0 49 25 2 4 32% 27195 4975 38%
c u  6.04  0 129 39 13108  1 222545 24669 2.0 49 25 2 4 32% 27195 4975 38%
c v  6.04  0 129 39 13108  1 222545 24499 2.0 49 25 2 4 32% 27195 4975 38%
c w  6.04  0 129 39 13108  1 222545 24499 2.0 49 25 2 4 32% 27195 4975 38%
c f  6.05  0 129 39 13108  1 222545 24499 2.0 49 25 2 4 31% 27159 5008 38%
c W  6.27  0 129 39 13114  1 231044 32601 2.0 48 25 2 4 31% 27159 5008 38%
c ]  6.29  0 128 39 13115  1 232040 33521 2.0 48 25 2 4 31% 27159 5008 38%
c {  6.29  0 67 39 13115 12 232040 33521 1.8 13 7 2 3 15% 27159 5008 38%
c -  6.36  0 67 40 13438 11 234339 25465 1.8 13 7 2 3 16% 27159 5008 38%
c 
c  seconds  reductions    conflicts         size  tier2      variables
c         MB      restarts       redundant     glue  trail        remaining
c          level        rate          size/glue tier1  irredundant
c 
c p  6.36  0 67 40 13438 11 234339 25696 1.8 13 7 2 3 16% 27159 5008 38%
c -  6.70  0 66 41 14984 11 246442 27536 1.8 14 8 2 3 16% 27159 5008 38%
c p  6.71  0 66 41 14984 11 246442 27893 1.8 14 8 2 3 16% 27159 5008 38%
c =  6.75  0 66 41 14984 11 246442 27876 1.8 14 8 2 3 16% 26955 4956 37%
c u  6.77  0 66 41 14984 11 246442 27554 1.8 14 8 2 3 16% 26937 4956 37%
c v  6.77  0 66 41 14984 11 246442 27469 1.8 14 8 2 3 16% 26937 4956 37%
c w  6.77  0 66 41 14984 11 246442 27469 1.8 14 8 2 3 16% 26937 4956 37%
c x  6.77  0 66 41 14984 11 246442 27469 1.8 14 8 2 3 16% 26776 4956 37%
c f  6.78  0 66 41 14984 11 246442 27449 1.8 14 8 2 3 16% 26789 4962 37%
c }  6.96  0 66 41 15923 11 252427 32982 1.8 14 8 2 3 16% 26789 4962 37%
c [  6.96  0 128 41 15923  1 252427 32982 2.0 48 25 2 4 31% 26789 4962 37%
c I  6.97  0 128 41 15923  1 253045 33569 2.0 48 24 2 4 31% 26789 4962 37%
c -  7.11  0 127 42 15924  1 258853 28810 2.0 48 24 2 4 31% 26789 4962 37%
c d  7.12  0 127 42 15924  1 258853 28801 2.0 48 24 2 4 31% 26789 4961 37%
c p  7.12  0 127 42 15924  1 258853 28896 2.0 48 24 2 4 31% 26789 4961 37%
c 2  7.12  0 127 42 15924  1 258853 28894 2.0 48 24 2 4 31% 26789 4961 37%
c =  7.15  0 127 42 15924  1 258853 28894 2.0 48 24 2 4 31% 26786 4954 37%
c u  7.16  0 127 42 15924  1 258853 28648 2.0 48 24 2 4 31% 26621 4954 37%
c v  7.16  0 127 42 15924  1 258853 28590 2.0 48 24 2 4 31% 26621 4954 37%
c w  7.16  0 127 42 15924  1 258853 28589 2.0 48 24 2 4 31% 26621 4954 37%
c 
c  seconds   reductions    conflicts         size   tier2      variables
c         MB       restarts       redundant     glue   trail        remaining
c           level        rate          size/glue  tier1  irredundant
c 
c 2  7.17  0 127 42 15924  1 258853 28588 2.0 48 24 2 4 31% 26621 4954 37%
c s  7.48  0 126 42 15925  1 269469 38117 2.0 48 25 2 4 31% 26414 4954 37%
c e  7.49  0 126 42 15925  1 269469 37979 2.0 48 25 2 4 31% 25041 4722 36%
c s  7.50  0 126 42 15925  1 269469 37855 2.0 48 25 2 4 31% 25038 4722 36%
c e  7.50  0 126 42 15925  1 269469 37855 2.0 48 25 2 4 31% 25028 4720 36%
c -  7.56  0 127 43 15925  1 271573 28638 2.0 48 25 2 4 38% 25028 4720 36%
c p  7.57  0 127 43 15925  1 271573 28854 2.0 48 25 2 4 38% 25028 4720 36%
c t  7.59  0 127 43 15925  1 271573 28854 2.0 48 25 2 4 38% 25026 4720 36%
c f  7.59  0 127 43 15925  1 271573 28845 2.0 48 25 2 4 38% 25023 4730 36%
c B  7.67  0 126 43 15925  1 276046 33037 2.0 48 24 2 4 36% 25023 4730 36%
c -  7.98  0 123 44 15926  1 284601 28866 2.0 49 25 2 4 33% 25023 4730 36%
c p  7.98  0 123 44 15926  1 284601 29002 2.0 49 25 2 4 33% 25023 4730 36%
c u  7.99  0 123 44 15926  1 284601 28704 2.0 49 25 2 4 33% 25023 4730 36%
c v  7.99  0 123 44 15926  1 284601 28616 2.0 49 25 2 4 33% 25023 4730 36%
c w  7.99  0 123 44 15926  1 284601 28614 2.0 49 25 2 4 33% 25023 4730 36%
c ]  8.07  0 123 44 15926  1 286480 30422 2.0 49 25 2 4 33% 25023 4730 36%
c {  8.07  0 66 44 15926 11 286480 30422 1.8 14 8 2 3 18% 25023 4730 36%
c -  8.48  0 66 45 17509 11 297940 30280 1.8 14 8 2 3 18% 25023 4730 36%
c p  8.49  0 66 45 17509 11 297940 30538 1.8 14 8 2 3 18% 25023 4730 36%
c u  8.55  0 66 45 17509 11 297940 30349 1.8 14 8 2 3 18% 25023 4730 36%
c 
c  seconds  reductions    conflicts         size  tier2      variables
c         MB      restarts       redundant     glue  trail        remaining
c          level        rate          size/glue tier1  irredundant
c 
c v  8.55  0 66 45 17509 11 297940 30291 1.8 14 8 2 3 18% 25023 4730 36%
c w  8.55  0 66 45 17509 11 297940 30291 1.8 14 8 2 3 18% 25023 4730 36%
c t  8.55  0 66 45 17509 11 297940 30289 1.8 14 8 2 3 18% 25023 4730 36%
c f  8.56  0 66 45 17509 11 297940 30282 1.8 14 8 2 3 18% 25027 4733 36%
c B  8.63  0 66 45 17855 11 300050 32254 1.8 14 8 2 3 18% 25027 4733 36%
c }  8.90  0 66 45 19090 11 308437 39996 1.8 14 8 2 3 18% 25027 4733 36%
c [  8.90  0 123 45 19090  1 308437 39996 2.0 49 25 2 4 33% 25027 4733 36%
c -  8.97  0 123 46 19090  1 311585 31938 2.0 49 25 2 4 34% 25027 4733 36%
c p  8.97  0 123 46 19090  1 311585 32329 2.0 49 25 2 4 34% 25027 4733 36%
c c  8.98  0 123 46 19090  1 311585 32328 2.0 49 25 2 4 34% 25028 4733 36%
c d  8.98  0 123 46 19090  1 311585 32328 2.0 49 25 2 4 34% 25026 4732 36%
c u  8.99  0 123 46 19090  1 311585 31854 2.0 49 25 2 4 34% 25026 4732 36%
c v  9.00  0 123 46 19090  1 311585 31765 2.0 49 25 2 4 34% 25026 4732 36%
c w  9.00  0 123 46 19090  1 311585 31765 2.0 49 25 2 4 34% 25026 4732 36%
c s  9.35  0 121 46 19090  1 322417 41610 2.0 51 26 2 4 36% 25026 4732 36%
c e  9.35  0 121 46 19090  1 322417 41608 2.0 51 26 2 4 36% 25026 4731 36%
c s  9.37  0 121 46 19090  1 322417 41508 2.0 51 26 2 4 36% 25025 4731 36%
c W  9.52  0 121 46 19090  1 325051 44024 2.0 52 26 2 4 36% 25025 4731 36%
c -  9.53  0 121 47 19090  1 325540 31456 2.0 52 26 2 4 36% 25025 4731 36%
c 2  9.53  0 121 47 19090  1 325540 31455 2.0 52 26 2 4 36% 25025 4731 36%
c 
c  seconds   reductions    conflicts         size   tier2      variables
c         MB       restarts       redundant     glue   trail        remaining
c           level        rate          size/glue  tier1  irredundant
c 
c -  9.87  0 119 48 19093  1 339804 31506 2.0 50 25 1 2 37% 25025 4731 36%
c p  9.88  0 119 48 19093  1 339804 31645 2.0 50 25 1 2 37% 25025 4731 36%
c =  9.89  0 119 48 19093  1 339804 31645 2.0 50 25 1 2 37% 25025 4730 36%
c u  9.91  0 119 48 19093  1 339804 31387 2.0 50 25 1 2 37% 25025 4730 36%
c v  9.91  0 119 48 19093  1 339804 31242 2.0 50 25 1 2 37% 25025 4730 36%
c w  9.91  0 119 48 19093  1 339804 31241 2.0 50 25 1 2 37% 25025 4730 36%
c t  9.91  0 119 48 19093  1 339804 31240 2.0 50 25 1 2 37% 25024 4730 36%
c 2  9.91  0 119 48 19093  1 339804 31239 2.0 50 25 1 2 37% 25024 4730 36%
c f  9.92  0 119 48 19093  1 339804 31238 2.0 50 25 1 2 37% 25024 4731 36%
c ] 10.23  0 118 48 19099  1 350829 41724 2.0 50 25 1 2 37% 25024 4731 36%
c { 10.23  0 66 48 19099 11 350829 41724 1.8 14 8 2 3 18% 25024 4731 36%
c W 10.25  0 66 48 19132 11 351053 41933 1.8 14 8 2 3 18% 25024 4731 36%
c - 10.37  0 66 49 19651 11 354378 32271 1.8 14 8 2 3 18% 25024 4731 36%
c p 10.37  0 66 49 19651 11 354378 32575 1.8 14 8 2 3 18% 25024 4731 36%
c u 10.38  0 66 49 19651 11 354378 32422 1.8 14 8 2 3 18% 25024 4731 36%
c v 10.39  0 66 49 19651 11 354378 32315 1.8 14 8 2 3 18% 25024 4731 36%
c w 10.39  0 66 49 19651 11 354378 32315 1.8 14 8 2 3 18% 25024 4731 36%
c t 10.39  0 66 49 19651 11 354378 32314 1.8 14 8 2 3 18% 25024 4731 36%
c - 10.88  0 66 50 21658 11 369261 34376 1.8 15 8 2 3 18% 25024 4731 36%
c p 10.88  0 66 50 21658 11 369261 34738 1.8 15 8 2 3 18% 25024 4731 36%
c 
c  seconds  reductions    conflicts         size  tier2      variables
c         MB      restarts       redundant     glue  trail        remaining
c          level        rate          size/glue tier1  irredundant
c 
c = 10.93  0 66 50 21658 11 369261 34738 1.8 15 8 2 3 18% 25020 4727 36%
c u 10.95  0 66 50 21658 11 369261 34572 1.8 15 8 2 3 18% 25020 4727 36%
c v 10.95  0 66 50 21658 11 369261 34481 1.8 15 8 2 3 18% 25020 4727 36%
c x 10.96  0 66 50 21658 11 369261 34481 1.8 15 8 2 3 18% 25018 4727 36%
c } 11.22  0 66 50 22790 12 375409 40203 1.8 15 8 2 3 18% 25018 4727 36%
c [ 11.22  0 118 50 22790  1 375409 40203 2.0 50 25 1 2 37% 25018 4727 36%
c O 11.31  0 118 50 22791  1 378054 42766 2.0 50 25 1 2 37% 25018 4727 36%
c s 11.40  0 118 50 22793  1 380093 44312 2.0 50 25 1 2 36% 25018 4727 36%
c e 11.40  0 118 50 22793  1 380093 44310 2.0 50 25 1 2 36% 25018 4722 36%
c s 11.43  0 118 50 22793  1 380093 44219 2.0 50 25 1 2 36% 25018 4722 36%
c ^ 11.43  0 118 50 22793  1 380093 44219 2.0 50 25 1 2 36% 25018 4722 36%
c - 11.62  0 117 51 22795  1 384454 35472 2.0 50 25 1 2 36% 25018 4722 36%
c p 11.62  0 117 51 22795  1 384454 35819 2.0 50 25 1 2 36% 25018 4722 36%
c u 11.67  0 117 51 22795  1 384454 35446 2.0 50 25 1 2 36% 25018 4722 36%
c v 11.68  0 117 51 22795  1 384454 35359 2.0 50 25 1 2 36% 25018 4722 36%
c w 11.68  0 117 51 22795  1 384454 35359 2.0 50 25 1 2 36% 25018 4722 36%
c t 11.68  0 117 51 22795  1 384454 35356 2.0 50 25 1 2 36% 25018 4722 36%
c - 12.14  0 114 52 22800  1 399955 35396 2.1 52 25 1 2 38% 25018 4722 36%
c p 12.14  0 114 52 22800  1 399955 35397 2.1 52 25 1 2 38% 25018 4722 36%
c B 12.36  0 115 52 22803  1 406056 41234 2.1 53 26 1 2 38% 25018 4722 36%
c 
c  seconds   reductions    conflicts         size   tier2      variables
c         MB       restarts       redundant     glue   trail        remaining
c           level        rate          size/glue  tier1  irredundant
c 
c - 12.67  0 115 53 22810  1 415765 35097 2.1 54 26 1 2 39% 25018 4722 36%
c p 12.68  0 115 53 22810  1 415765 35408 2.1 54 26 1 2 39% 25018 4722 36%
c u 12.73  0 115 53 22810  1 415765 35214 2.1 54 26 1 2 39% 25018 4722 36%
c v 12.74  0 115 53 22810  1 415765 35080 2.1 54 26 1 2 39% 25018 4722 36%
c w 12.74  0 115 53 22810  1 415765 35077 2.1 54 26 1 2 39% 25018 4722 36%
c ] 12.81  0 114 53 22810  1 419391 38506 2.1 54 26 1 2 39% 25018 4722 36%
c { 12.81  0 66 53 22810 12 419391 38506 1.8 15 8 2 3 18% 25018 4722 36%
c - 13.31  0 66 54 24934 12 431884 36896 1.8 15 9 2 3 19% 25018 4722 36%
c p 13.31  0 66 54 24934 12 431884 37210 1.8 15 9 2 3 19% 25018 4722 36%
c u 13.33  0 66 54 24934 12 431884 36975 1.8 15 9 2 3 19% 25018 4722 36%
c v 13.33  0 66 54 24934 12 431884 36861 1.8 15 9 2 3 19% 25018 4722 36%
c w 13.33  0 66 54 24934 12 431884 36861 1.8 15 9 2 3 19% 25018 4722 36%
c t 13.33  0 66 54 24934 12 431884 36860 1.8 15 9 2 3 19% 25018 4722 36%
c F 13.46  0 66 54 25493 12 435058 39839 1.8 15 9 2 3 19% 25018 4722 36%
c s 13.77  0 66 54 26732 12 442636 46345 1.8 15 9 2 3 19% 25018 4722 36%
c e 13.79  0 66 54 26732 12 442636 36287 1.8 15 9 2 3 19% 25371 4346 33%
c s 13.81  0 66 54 26732 12 442636 36192 1.8 15 9 2 3 19% 25302 4346 33%
c } 13.87  0 66 54 26979 12 444228 37673 1.8 16 9 2 3 19% 25277 4346 33%
c [ 13.87  0 114 54 26979  1 444228 37673 2.1 54 26 1 2 39% 25277 4346 33%
c - 13.95  0 114 55 26980  1 448314 31668 2.1 53 26 1 2 39% 25277 4346 33%
c 
c  seconds   reductions    conflicts         size   tier2      variables
c         MB       restarts       redundant     glue   trail        remaining
c           level        rate          size/glue  tier1  irredundant
c 
c 2 13.95  0 114 55 26980  1 448314 31634 2.1 53 26 1 2 39% 25277 4346 33%
c p 13.95  0 114 55 26980  1 448314 31836 2.1 53 26 1 2 39% 25277 4346 33%
c u 13.97  0 114 55 26980  1 448314 31544 2.1 53 26 1 2 39% 25277 4346 33%
c v 13.97  0 114 55 26980  1 448314 31357 2.1 53 26 1 2 39% 25277 4346 33%
c w 13.97  0 114 55 26980  1 448314 31357 2.1 53 26 1 2 39% 25277 4346 33%
c t 13.97  0 114 55 26980  1 448314 31357 2.1 53 26 1 2 39% 25275 4346 33%
c f 13.98  0 114 55 26980  1 448314 31339 2.1 53 26 1 2 38% 25225 4379 33%
c - 14.47  0 112 56 26981  1 465055 32952 2.0 52 25 1 2 36% 25225 4379 33%
c p 14.47  0 112 56 26981  1 465055 33154 2.0 52 25 1 2 36% 25225 4379 33%
c = 14.50  0 112 56 26981  1 465055 33154 2.0 52 25 1 2 36% 25224 4378 33%
c u 14.51  0 112 56 26981  1 465055 33014 2.0 52 25 1 2 36% 25224 4378 33%
c v 14.51  0 112 56 26981  1 465055 32934 2.0 52 25 1 2 36% 25224 4378 33%
c w 14.51  0 112 56 26981  1 465055 32931 2.0 52 25 1 2 36% 25224 4378 33%
c x 14.52  0 112 56 26981  1 465055 32931 2.0 52 25 1 2 36% 25223 4378 33%
c 2 14.52  0 112 56 26981  1 465055 32930 2.0 52 25 1 2 36% 25223 4378 33%
c f 14.52  0 112 56 26981  1 465055 32928 2.0 52 25 1 2 36% 25223 4379 33%
c W 14.62  0 112 56 26981  1 465061 32933 2.0 52 25 1 2 36% 25223 4379 33%
c - 15.01  0 110 57 26988  1 482103 33193 2.0 50 25 1 2 33% 25223 4379 33%
c p 15.02  0 110 57 26988  1 482103 33196 2.0 50 25 1 2 33% 25223 4379 33%
c I 15.40  0 109 57 26996  1 496062 46392 2.0 50 25 1 2 32% 25223 4379 33%
c 
c  seconds   reductions    conflicts         size   tier2      variables
c         MB       restarts       redundant     glue   trail        remaining
c           level        rate          size/glue  tier1  irredundant
c 
c - 15.47  0 108 58 26996  1 499461 33852 2.0 50 25 1 2 32% 25223 4379 33%
c p 15.47  0 108 58 26996  1 499461 34052 2.0 50 25 1 2 32% 25223 4379 33%
c = 15.51  0 108 58 26996  1 499461 34052 2.0 50 25 1 2 32% 25222 4378 33%
c u 15.52  0 108 58 26996  1 499461 33689 2.0 50 25 1 2 32% 25222 4378 33%
c v 15.53  0 108 58 26996  1 499461 33486 2.0 50 25 1 2 32% 25222 4378 33%
c w 15.53  0 108 58 26996  1 499461 33486 2.0 50 25 1 2 32% 25222 4378 33%
c ] 15.55  0 108 58 26996  1 499989 33995 2.0 50 25 1 2 32% 25222 4378 33%
c { 15.55  0 66 58 26996 12 499989 33995 1.8 16 9 2 3 19% 25222 4378 33%
c s 16.03  0 67 58 28876 12 513759 46522 1.8 16 9 2 3 19% 25220 4378 33%
c e 16.03  0 67 58 28876 12 513759 46482 1.8 16 9 2 3 19% 25227 4371 33%
c s 16.05  0 67 58 28876 12 513759 46401 1.8 16 9 2 3 19% 25226 4371 33%
c - 16.23  0 67 59 29473 12 517131 35699 1.8 16 9 2 3 19% 25226 4371 33%
c 2 16.23  0 67 59 29473 12 517131 35698 1.8 16 9 2 3 19% 25226 4371 33%
c p 16.23  0 67 59 29473 12 517131 35883 1.8 16 9 2 3 19% 25226 4371 33%
c u 16.31  0 67 59 29473 12 517131 35694 1.8 16 9 2 3 19% 25226 4371 33%
c v 16.31  0 67 59 29473 12 517131 35505 1.8 16 9 2 3 19% 25226 4371 33%
c w 16.31  0 67 59 29473 12 517131 35504 1.8 16 9 2 3 19% 25226 4371 33%
c f 16.32  0 67 59 29473 12 517131 35504 1.8 16 9 2 3 19% 25224 4372 33%
c B 16.67  0 67 59 30876 12 528064 45734 1.8 16 9 2 3 19% 25224 4372 33%
c } 16.81  0 67 59 31391 12 531585 49010 1.8 16 9 1 2 19% 25224 4372 33%
c 
c  seconds   reductions    conflicts         size   tier2      variables
c         MB       restarts       redundant     glue   trail        remaining
c           level        rate          size/glue  tier1  irredundant
c 
c [ 16.81  0 108 59 31391  1 531585 49010 2.0 50 25 1 2 32% 25224 4372 33%
c - 16.89  0 108 60 31392  1 535110 31705 2.0 49 25 1 2 32% 25224 4372 33%
c p 16.90  0 108 60 31392  1 535110 31878 2.0 49 25 1 2 32% 25224 4372 33%
c u 16.91  0 108 60 31392  1 535110 31589 2.0 49 25 1 2 32% 25224 4372 33%
c v 16.92  0 108 60 31392  1 535110 31248 2.0 49 25 1 2 32% 25224 4372 33%
c w 16.92  0 108 60 31392  1 535110 31248 2.0 49 25 1 2 32% 25224 4372 33%
c - 17.34  0 108 61 31403  1 553401 30360 2.0 49 25 1 2 32% 25224 4372 33%
c p 17.35  0 108 61 31403  1 553401 30531 2.0 49 25 1 2 32% 25224 4372 33%
c u 17.38  0 108 61 31403  1 553401 30464 2.0 49 25 1 2 32% 25224 4372 33%
c v 17.38  0 108 61 31403  1 553401 30360 2.0 49 25 1 2 32% 25224 4372 33%
c w 17.38  0 108 61 31403  1 553401 30359 2.0 49 25 1 2 32% 25224 4372 33%
c t 17.38  0 108 61 31403  1 553401 30357 2.0 49 25 1 2 32% 25223 4372 33%
c B 17.56  0 109 61 31406  1 561065 37560 1.9 49 25 1 2 32% 25223 4372 33%
c - 17.94  0 109 62 31407  1 571999 28534 2.0 51 25 1 2 33% 25223 4372 33%
c p 17.95  0 109 62 31407  1 571999 28688 2.0 51 25 1 2 33% 25223 4372 33%
c u 17.96  0 109 62 31407  1 571999 28563 2.0 51 25 1 2 33% 25223 4372 33%
c v 17.96  0 109 62 31407  1 571999 28561 2.0 51 25 1 2 33% 25223 4372 33%
c w 17.96  0 109 62 31407  1 571999 28560 2.0 51 25 1 2 33% 25223 4372 33%
c s 18.47  0 109 62 31408  1 589626 45000 2.1 53 25 1 2 35% 25223 4372 33%
c e 18.48  0 109 62 31408  1 589626 44849 2.1 53 25 1 2 35% 25225 4370 33%
c 
c  seconds   reductions    conflicts         size   tier2      variables
c         MB       restarts       redundant     glue   trail        remaining
c           level        rate          size/glue  tier1  irredundant
c 
c s 18.49  0 109 62 31408  1 589626 44815 2.1 53 25 1 2 35% 25225 4370 33%
c ^ 18.49  0 109 62 31408  1 589626 44815 2.1 53 25 1 2 35% 25225 4370 33%
c - 18.54  0 109 63 31408  1 590908 27445 2.1 53 26 1 2 34% 25225 4370 33%
c p 18.54  0 109 63 31408  1 590908 27541 2.1 53 26 1 2 34% 25225 4370 33%
c u 18.55  0 109 63 31408  1 590908 27434 2.1 53 26 1 2 34% 25225 4370 33%
c v 18.55  0 109 63 31408  1 590908 27430 2.1 53 26 1 2 34% 25225 4370 33%
c w 18.55  0 109 63 31408  1 590908 27429 2.1 53 26 1 2 34% 25225 4370 33%
c x 18.55  0 109 63 31408  1 590908 27429 2.1 53 26 1 2 34% 25223 4370 33%
c W 18.72  0 109 63 31408  1 595066 31214 2.1 52 25 1 2 34% 25223 4370 33%
c ] 18.82  0 109 63 31408  1 598581 34554 2.1 53 25 1 2 35% 25223 4370 33%
c { 18.82  0 67 63 31408 12 598581 34554 1.8 16 9 1 2 19% 25223 4370 33%
c - 19.14  0 67 64 32584 11 610125 29192 1.8 17 9 1 2 19% 25223 4370 33%
c p 19.15  0 67 64 32584 11 610125 29345 1.8 17 9 1 2 19% 25223 4370 33%
c u 19.21  0 67 64 32584 11 610125 29190 1.8 17 9 1 2 19% 25223 4370 33%
c v 19.21  0 67 64 32584 11 610125 29078 1.8 17 9 1 2 19% 25223 4370 33%
c - 19.84  0 68 65 34951 11 629652 30857 1.8 17 9 1 2 19% 25223 4370 33%
c p 19.84  0 68 65 34951 11 629652 31009 1.8 17 9 1 2 19% 25223 4370 33%
c u 19.86  0 68 65 34951 11 629652 30718 1.8 17 9 1 2 19% 25223 4370 33%
c v 19.86  0 68 65 34951 11 629652 30477 1.8 17 9 1 2 19% 25223 4370 33%
c W 19.91  0 68 65 35040 11 630069 30876 1.8 17 9 1 2 19% 25223 4370 33%
c 
c  seconds  reductions    conflicts         size  tier2      variables
c         MB      restarts       redundant     glue  trail        remaining
c          level        rate          size/glue tier1  irredundant
c 
c } 20.26  0 69 65 36375 11 641820 41872 1.8 17 9 1 2 20% 25223 4370 33%
c [ 20.26  0 109 65 36375  1 641820 41872 2.1 53 25 1 2 35% 25223 4370 33%
c - 20.42  0 108 66 36375  1 649489 31630 2.1 53 25 1 2 35% 25223 4370 33%
c p 20.42  0 108 66 36375  1 649489 31771 2.1 53 25 1 2 35% 25223 4370 33%
c u 20.43  0 108 66 36375  1 649489 31662 2.1 53 25 1 2 35% 25223 4370 33%
c v 20.43  0 108 66 36375  1 649489 31529 2.1 53 25 1 2 35% 25223 4370 33%
c w 20.43  0 108 66 36375  1 649489 31528 2.1 53 25 1 2 35% 25223 4370 33%
c O 20.98  0 109 66 36376  1 666070 47450 2.2 54 25 1 2 35% 25223 4370 33%
c - 21.13  0 109 67 36376  1 669636 31884 2.2 55 25 1 2 35% 25223 4370 33%
c p 21.14  0 109 67 36376  1 669636 32022 2.2 55 25 1 2 35% 25223 4370 33%
c u 21.15  0 109 67 36376  1 669636 31856 2.2 55 25 1 2 35% 25223 4370 33%
c v 21.15  0 109 67 36376  1 669636 31689 2.2 55 25 1 2 35% 25223 4370 33%
c w 21.15  0 109 67 36376  1 669636 31689 2.2 55 25 1 2 35% 25223 4370 33%
c s 21.20  0 109 67 36376  1 670561 32313 2.2 54 25 1 2 35% 25219 4370 33%
c e 21.21  0 109 67 36376  1 670561 29410 2.2 54 25 1 2 35% 25574 4175 32%
c s 21.23  0 109 67 36376  1 670561 29336 2.2 54 25 1 2 35% 25555 4175 32%
c - 22.02  0 110 68 36376  1 690093 28755 2.2 56 26 1 2 36% 25555 4175 32%
c 2 22.02  0 110 68 36376  1 690093 28753 2.2 56 26 1 2 36% 25555 4175 32%
c p 22.03  0 110 68 36376  1 690093 28863 2.2 56 26 1 2 36% 25555 4175 32%
c u 22.09  0 110 68 36376  1 690093 28704 2.2 56 26 1 2 36% 25555 4175 32%
c 
c  seconds   reductions    conflicts         size   tier2      variables
c         MB       restarts       redundant     glue   trail        remaining
c           level        rate          size/glue  tier1  irredundant
c 
c v 22.10  0 110 68 36376  1 690093 28430 2.2 56 26 1 2 36% 25555 4175 32%
c w 22.10  0 110 68 36376  1 690093 28429 2.2 56 26 1 2 36% 25555 4175 32%
c t 22.10  0 110 68 36376  1 690093 28429 2.2 56 26 1 2 36% 25554 4175 32%
c f 22.11  0 110 68 36376  1 690093 28413 2.2 56 26 1 2 36% 25528 4188 32%
c ] 22.37  0 110 68 36376  1 697129 35178 2.1 57 27 1 2 34% 25528 4188 32%
c { 22.37  0 69 68 36376 11 697129 35178 1.8 17 9 1 2 22% 25528 4188 32%
c # 22.54  0 69 68 36978 11 703071 40676 1.8 17 9 1 2 22% 25528 4188 32%
c - 22.84  0 69 69 38004 11 710860 30098 1.8 17 9 1 2 22% 25528 4188 32%
c p 22.84  0 69 69 38004 11 710860 30203 1.8 17 9 1 2 22% 25528 4188 32%
c u 22.86  0 69 69 38004 11 710860 29944 1.8 17 9 1 2 22% 25528 4188 32%
c v 22.86  0 69 69 38004 11 710860 29771 1.8 17 9 1 2 22% 25528 4188 32%
c - 23.49  0 69 70 40130 11 731938 31866 1.9 18 9 1 2 22% 25528 4188 32%
c p 23.50  0 69 70 40130 11 731938 31973 1.9 18 9 1 2 22% 25528 4188 32%
c u 23.51  0 69 70 40130 11 731938 31814 1.9 18 9 1 2 22% 25528 4188 32%
c v 23.51  0 69 70 40130 11 731938 31657 1.9 18 9 1 2 22% 25528 4188 32%
c w 23.51  0 69 70 40130 11 731938 31657 1.9 18 9 1 2 22% 25528 4188 32%
c x 23.52  0 69 70 40130 11 731938 31657 1.9 18 9 1 2 22% 25473 4188 32%
c B 23.82  0 69 70 41294 11 741072 40224 1.9 18 10 1 2 22% 25473 4188 32%
c } 23.93  0 69 70 41681 11 744517 43478 1.9 18 10 1 2 22% 25473 4188 32%
c [ 23.93  0 110 70 41681  1 744517 43478 2.1 57 27 1 2 34% 25473 4188 32%
c 
c  seconds   reductions    conflicts         size   tier2      variables
c         MB       restarts       redundant     glue   trail        remaining
c           level        rate          size/glue  tier1  irredundant
c 
c - 24.15  0 107 71 41681  1 753328 32956 2.1 56 26 1 2 36% 25473 4188 32%
c p 24.15  0 107 71 41681  1 753328 33059 2.1 56 26 1 2 36% 25473 4188 32%
c u 24.17  0 107 71 41681  1 753328 32832 2.1 56 26 1 2 36% 25473 4188 32%
c v 24.18  0 107 71 41681  1 753328 32631 2.1 56 26 1 2 36% 25473 4188 32%
c w 24.18  0 107 71 41681  1 753328 32630 2.1 56 26 1 2 36% 25473 4188 32%
c s 24.38  0 108 71 41681  1 759430 38102 2.2 56 26 1 2 37% 25471 4188 32%
c e 24.39  0 108 71 41681  1 759430 38062 2.2 56 26 1 2 37% 25473 4186 32%
c s 24.41  0 108 71 41681  1 759430 37976 2.2 56 26 1 2 37% 25472 4186 32%
c - 25.05  0 109 72 41681  1 775028 32653 2.1 57 27 1 2 35% 25472 4186 32%
c p 25.06  0 109 72 41681  1 775028 32750 2.1 57 27 1 2 35% 25472 4186 32%
c u 25.07  0 109 72 41681  1 775028 32575 2.1 57 27 1 2 35% 25472 4186 32%
c v 25.07  0 109 72 41681  1 775028 32370 2.1 57 27 1 2 35% 25472 4186 32%
c w 25.08  0 109 72 41681  1 775028 32368 2.1 57 27 1 2 35% 25472 4186 32%
c B 25.29  0 110 72 41684  1 780073 37194 2.1 59 27 1 2 37% 25472 4186 32%
c - 26.19  0 112 73 41694  1 797037 31263 2.2 66 29 1 2 41% 25472 4186 32%
c p 26.20  0 112 73 41694  1 797037 31356 2.2 66 29 1 2 41% 25472 4186 32%
c u 26.27  0 112 73 41694  1 797037 31158 2.2 66 29 1 2 41% 25472 4186 32%
c v 26.27  0 112 73 41694  1 797037 31125 2.2 66 29 1 2 41% 25472 4186 32%
c w 26.27  0 112 73 41694  1 797037 31124 2.2 66 29 1 2 41% 25472 4186 32%
c ] 26.46  0 112 73 41696  1 802113 35925 2.3 66 29 1 2 42% 25472 4186 32%
c 
c  seconds  reductions    conflicts         size   tier2      variables
c         MB      restarts       redundant     glue   trail        remaining
c          level        rate          size/glue  tier1  irredundant
c 
c { 26.46  0 69 73 41696 11 802113 35925 1.9 18 10 1 2 22% 25472 4186 32%
c - 27.03  0 70 74 43549 10 819356 33175 1.9 18 10 1 2 22% 25472 4186 32%
c p 27.03  0 70 74 43549 10 819356 33269 1.9 18 10 1 2 22% 25472 4186 32%
c u 27.05  0 70 74 43549 10 819356 33134 1.9 18 10 1 2 22% 25472 4186 32%
c v 27.05  0 70 74 43549 10 819356 32914 1.9 18 10 1 2 22% 25472 4186 32%
c t 27.05  0 70 74 43549 10 819356 32913 1.9 18 10 1 2 22% 25472 4186 32%
c W 27.22  0 70 74 43592 10 820077 33586 1.9 18 10 1 2 22% 25472 4186 32%
c - 27.98  0 71 75 45997 10 841985 35112 1.9 18 10 1 2 22% 25472 4186 32%
c p 27.99  0 71 75 45997 10 841985 35203 1.9 18 10 1 2 22% 25472 4186 32%
c u 28.00  0 71 75 45997 10 841985 35015 1.9 18 10 1 2 22% 25472 4186 32%
c v 28.01  0 71 75 45997 10 841985 34808 1.9 18 10 1 2 22% 25472 4186 32%
c w 28.01  0 71 75 45997 10 841985 34807 1.9 18 10 1 2 22% 25472 4186 32%
c } 28.40  0 71 75 47364 10 853984 46155 1.9 18 10 1 2 22% 25472 4186 32%
c [ 28.40  0 112 75 47364  1 853984 46155 2.3 66 29 1 2 42% 25472 4186 32%
c W 28.61  0 111 75 47364  1 861078 52862 2.3 65 28 1 2 41% 25472 4186 32%
c - 28.72  0 111 76 47367  1 864924 35691 2.3 64 28 1 2 40% 25472 4186 32%
c p 28.73  0 111 76 47367  1 864924 35783 2.3 64 28 1 2 40% 25472 4186 32%
c u 28.74  0 111 76 47367  1 864924 35630 2.3 64 28 1 2 40% 25472 4186 32%
c v 28.74  0 111 76 47367  1 864924 35445 2.3 64 28 1 2 40% 25472 4186 32%
c w 28.74  0 111 76 47367  1 864924 35444 2.3 64 28 1 2 40% 25472 4186 32%
c 
c  seconds   reductions    conflicts         size   tier2      variables
c         MB       restarts       redundant     glue   trail        remaining
c           level        rate          size/glue  tier1  irredundant
c 
c - 29.54  0 111 77 47379  1 888174 35444 2.2 64 29 1 2 40% 25472 4186 32%
c p 29.55  0 111 77 47379  1 888174 35533 2.2 64 29 1 2 40% 25472 4186 32%
c u 29.56  0 111 77 47379  1 888174 35441 2.2 64 29 1 2 40% 25472 4186 32%
c v 29.56  0 111 77 47379  1 888174 35237 2.2 64 29 1 2 40% 25472 4186 32%
c w 29.56  0 111 77 47379  1 888174 35234 2.2 64 29 1 2 40% 25472 4186 32%
c I 30.10  0 110 77 47380  1 903079 49468 2.2 65 29 1 2 41% 25472 4186 32%
c - 30.40  0 108 78 47380  1 911737 34307 2.2 64 29 1 2 40% 25472 4186 32%
c p 30.40  0 108 78 47380  1 911737 34396 2.2 64 29 1 2 40% 25472 4186 32%
c u 30.41  0 108 78 47380  1 911737 34317 2.2 64 29 1 2 40% 25472 4186 32%
c v 30.41  0 108 78 47380  1 911737 34307 2.2 64 29 1 2 40% 25472 4186 32%
c w 30.41  0 108 78 47380  1 911737 34306 2.2 64 29 1 2 40% 25472 4186 32%
c x 30.41  0 108 78 47380  1 911737 34306 2.2 64 29 1 2 40% 25471 4186 32%
c s 30.44  0 108 78 47380  1 911737 34055 2.2 64 29 1 2 40% 25471 4186 32%
c s 30.46  0 108 78 47380  1 911737 34015 2.2 64 29 1 2 40% 25471 4186 32%
c ^ 30.47  0 108 78 47380  1 911737 34015 2.2 64 29 1 2 40% 25471 4186 32%
c ] 31.09  0 108 78 47393  1 932696 53894 2.2 63 28 1 2 40% 25471 4186 32%
c { 31.09  0 71 78 47393 10 932696 53894 1.9 18 10 1 2 22% 25471 4186 32%
c - 31.21  0 71 79 47700 10 935608 35025 1.9 19 10 1 2 22% 25471 4186 32%
c p 31.21  0 71 79 47700 10 935608 35116 1.9 19 10 1 2 22% 25471 4186 32%
c u 31.28  0 71 79 47700 10 935608 35033 1.9 19 10 1 2 22% 25471 4186 32%
c 
c  seconds  reductions    conflicts         size   tier2      variables
c         MB      restarts       redundant     glue   trail        remaining
c          level        rate          size/glue  tier1  irredundant
c 
c v 31.29  0 71 79 47700 10 935608 34827 1.9 19 10 1 2 22% 25471 4186 32%
c F 31.64  0 72 79 48939 10 946081 44736 1.9 19 10 1 2 23% 25471 4186 32%
c - 32.16  0 71 80 50315 10 959789 37326 1.9 19 10 1 2 23% 25471 4186 32%
c p 32.16  0 71 80 50315 10 959789 37409 1.9 19 10 1 2 23% 25471 4186 32%
c u 32.18  0 71 80 50315 10 959789 37276 1.9 19 10 1 2 23% 25471 4186 32%
c v 32.19  0 71 80 50315 10 959789 37094 1.9 19 10 1 2 23% 25471 4186 32%
c w 32.19  0 71 80 50315 10 959789 37093 1.9 19 10 1 2 23% 25471 4186 32%
c - 33.17  0 72 81 53111 10 984282 38542 1.9 19 10 1 2 23% 25471 4186 32%
c p 33.18  0 72 81 53111 10 984282 38631 1.9 19 10 1 2 23% 25471 4186 32%
c u 33.20  0 72 81 53111 10 984282 38448 1.9 19 10 1 2 23% 25471 4186 32%
c v 33.20  0 72 81 53111 10 984282 38108 1.9 19 10 1 2 23% 25471 4186 32%
c } 33.22  0 72 81 53138 10 984580 38397 1.9 19 10 1 2 23% 25471 4186 32%
c [ 33.22  0 108 81 53138  1 984580 38397 2.2 63 28 1 2 40% 25471 4186 32%
c B 33.41  0 107 81 53140  1 990084 43718 2.2 62 28 1 2 38% 25471 4186 32%
c - 34.32  0 109 82 53147  1 1009084 39037 2.2 67 30 1 2 41% 25471 4186 32%
c p 34.33  0 109 82 53147  1 1009084 39117 2.2 67 30 1 2 41% 25471 4186 32%
c u 34.34  0 109 82 53147  1 1009084 39030 2.2 67 30 1 2 41% 25471 4186 32%
c v 34.35  0 109 82 53147  1 1009084 38784 2.2 67 30 1 2 41% 25471 4186 32%
c w 34.35  0 109 82 53147  1 1009084 38784 2.2 67 30 1 2 41% 25471 4186 32%
c s 34.45  0 109 82 53148  1 1010737 40135 2.2 68 30 1 2 41% 25471 4186 32%
c 
c  seconds   reductions     conflicts         size   tier2      variables
c         MB       restarts        redundant     glue   trail        remaining
c           level        rate           size/glue  tier1  irredundant
c 
c e 34.47  0 109 82 53148  1 1010737 32797 2.2 68 30 1 2 41% 26633 3800 29%
c s 34.49  0 109 82 53148  1 1010737 32725 2.2 68 30 1 2 41% 26553 3800 29%
c e 34.49  0 109 82 53148  1 1010737 31284 2.2 68 30 1 2 41% 26677 3756 28%
c - 35.23  0 110 83 53156  1 1034199 31356 2.2 65 30 1 2 37% 26677 3756 28%
c 2 35.23  0 110 83 53156  1 1034199 31355 2.2 65 30 1 2 37% 26677 3756 28%
c p 35.23  0 110 83 53156  1 1034199 31449 2.2 65 30 1 2 37% 26677 3756 28%
c u 35.24  0 110 83 53156  1 1034199 31363 2.2 65 30 1 2 37% 26677 3756 28%
c v 35.24  0 110 83 53156  1 1034199 31212 2.2 65 30 1 2 37% 26677 3756 28%
c w 35.24  0 110 83 53156  1 1034199 31211 2.2 65 30 1 2 37% 26677 3756 28%
c t 35.24  0 110 83 53156  1 1034199 31211 2.2 65 30 1 2 37% 26676 3756 28%
c f 35.26  0 110 83 53156  1 1034199 31202 2.2 65 30 1 2 37% 26585 3776 29%
c W 35.43  0 110 83 53156  1 1035086 32062 2.2 65 30 1 2 36% 26585 3776 29%
c - 36.30  0 107 84 53157  1 1059624 31630 2.1 64 30 1 2 38% 26585 3776 29%
c p 36.30  0 107 84 53157  1 1059624 31716 2.1 64 30 1 2 38% 26585 3776 29%
c u 36.31  0 107 84 53157  1 1059624 31421 2.1 64 30 1 2 38% 26585 3776 29%
c v 36.31  0 107 84 53157  1 1059624 31238 2.1 64 30 1 2 38% 26585 3776 29%
c w 36.32  0 107 84 53157  1 1059624 31233 2.1 64 30 1 2 38% 26585 3776 29%
c ] 36.42  0 107 84 53157  1 1062617 34131 2.1 64 30 1 2 38% 26585 3776 29%
c { 36.42  0 72 84 53157 10 1062617 34131 1.9 19 10 1 2 25% 26585 3776 29%
c B 36.95  0 73 84 54497 10 1081087 51491 1.9 19 10 1 2 25% 26585 3776 29%
c 
c  seconds  reductions     conflicts         size   tier2      variables
c         MB      restarts        redundant     glue   trail        remaining
c          level        rate           size/glue  tier1  irredundant
c 
c - 37.13  0 72 85 54929  9 1085358 34017 1.9 19 10 1 2 25% 26585 3776 29%
c p 37.13  0 72 85 54929  9 1085358 34086 1.9 19 10 1 2 25% 26585 3776 29%
c u 37.15  0 72 85 54929  9 1085358 33814 1.9 19 10 1 2 25% 26585 3776 29%
c v 37.15  0 72 85 54929  9 1085358 33642 1.9 19 10 1 2 25% 26585 3776 29%
c - 38.05  0 73 86 57250  9 1111403 35966 1.9 20 10 1 2 25% 26585 3776 29%
c p 38.05  0 73 86 57250  9 1111403 36032 1.9 20 10 1 2 25% 26585 3776 29%
c u 38.14  0 73 86 57250  9 1111403 35756 1.9 20 10 1 2 25% 26585 3776 29%
c v 38.15  0 73 86 57250  9 1111403 35563 1.9 20 10 1 2 25% 26585 3776 29%
c w 38.15  0 73 86 57250  9 1111403 35563 1.9 20 10 1 2 25% 26585 3776 29%
c s 38.56  0 73 86 58365  9 1123872 46929 1.9 20 10 1 2 25% 26574 3776 29%
c e 38.56  0 73 86 58365  9 1123872 46561 1.9 20 10 1 2 25% 26596 3768 28%
c s 38.59  0 73 86 58365  9 1123872 46493 1.9 20 10 1 2 25% 26587 3768 28%
c W 38.82  0 73 86 58751  9 1128088 50496 1.9 20 10 1 2 25% 26586 3768 28%
c } 38.97  0 73 86 59190  9 1131659 53867 1.9 20 10 1 2 25% 26586 3768 28%
c [ 38.97  0 107 86 59190  1 1131659 53867 2.1 64 30 1 2 38% 26586 3768 28%
c - 39.12  0 105 87 59190  1 1137758 36817 2.2 63 29 1 2 38% 26586 3768 28%
c 2 39.12  0 105 87 59190  1 1137758 36816 2.2 63 29 1 2 38% 26586 3768 28%
c p 39.13  0 105 87 59190  1 1137758 36881 2.2 63 29 1 2 38% 26586 3768 28%
c u 39.14  0 105 87 59190  1 1137758 36790 2.2 63 29 1 2 38% 26586 3768 28%
c v 39.14  0 105 87 59190  1 1137758 36631 2.2 63 29 1 2 38% 26586 3768 28%
c 
c  seconds   reductions     conflicts         size   tier2      variables
c         MB       restarts        redundant     glue   trail        remaining
c           level        rate           size/glue  tier1  irredundant
c 
c w 39.14  0 105 87 59190  1 1137758 36629 2.2 63 29 1 2 38% 26586 3768 28%
c - 40.17  0 110 88 59199  1 1164424 37391 2.2 64 29 1 2 41% 26586 3768 28%
c p 40.18  0 110 88 59199  1 1164424 37448 2.2 64 29 1 2 41% 26586 3768 28%
c u 40.21  0 110 88 59199  1 1164424 37266 2.2 64 29 1 2 41% 26586 3768 28%
c v 40.21  0 110 88 59199  1 1164424 37114 2.2 64 29 1 2 41% 26586 3768 28%
c w 40.22  0 110 88 59199  1 1164424 37111 2.2 64 29 1 2 41% 26586 3768 28%
c O 40.62  0 110 88 59205  1 1176090 48187 2.3 65 29 1 2 42% 26586 3768 28%
c - 41.06  0 109 89 59211  1 1191402 35842 2.2 63 28 1 2 40% 26586 3768 28%
c p 41.06  0 109 89 59211  1 1191402 35895 2.2 63 28 1 2 40% 26586 3768 28%
c u 41.07  0 109 89 59211  1 1191402 35733 2.2 63 28 1 2 40% 26586 3768 28%
c v 41.08  0 109 89 59211  1 1191402 35474 2.2 63 28 1 2 40% 26586 3768 28%
c w 41.08  0 109 89 59211  1 1191402 35474 2.2 63 28 1 2 40% 26586 3768 28%
c - 42.24  0 110 90 59221  1 1218689 35678 2.4 68 29 1 2 43% 26586 3768 28%
c p 42.25  0 110 90 59221  1 1218689 35728 2.4 68 29 1 2 43% 26586 3768 28%
c u 42.27  0 110 90 59221  1 1218689 35596 2.4 68 29 1 2 43% 26586 3768 28%
c v 42.27  0 110 90 59221  1 1218689 35479 2.4 68 29 1 2 43% 26586 3768 28%
c w 42.27  0 110 90 59221  1 1218689 35479 2.4 68 29 1 2 43% 26586 3768 28%
c t 42.27  0 110 90 59221  1 1218689 35478 2.4 68 29 1 2 43% 26586 3768 28%
c ] 42.44  0 111 90 59221  1 1222742 39367 2.4 69 29 1 2 44% 26586 3768 28%
c { 42.44  0 73 90 59221  9 1222742 39367 1.9 20 10 1 2 25% 26586 3768 28%
c 
c  seconds  reductions     conflicts         size   tier2      variables
c         MB      restarts        redundant     glue   trail        remaining
c          level        rate           size/glue  tier1  irredundant
c 
c # 42.52  0 73 90 59492  9 1225092 41582 1.9 20 10 1 2 25% 26586 3768 28%
c s 43.10  0 73 90 60937  9 1242263 57526 1.9 20 10 1 2 25% 26586 3768 28%
c s 43.12  0 73 90 60937  9 1242263 57485 1.9 20 10 1 2 25% 26586 3768 28%
c ^ 43.12  0 73 90 60937  9 1242263 57485 1.9 20 10 1 2 25% 26586 3768 28%
c - 43.29  0 73 91 61331  9 1246287 38057 1.9 20 10 1 2 25% 26586 3768 28%
c p 43.29  0 73 91 61331  9 1246287 38109 1.9 20 10 1 2 25% 26586 3768 28%
c u 43.31  0 73 91 61331  9 1246287 37942 1.9 20 10 1 2 25% 26586 3768 28%
c v 43.32  0 73 91 61331  9 1246287 37671 1.9 20 10 1 2 25% 26586 3768 28%
c w 43.32  0 73 91 61331  9 1246287 37670 1.9 20 10 1 2 25% 26586 3768 28%
c - 44.42  0 73 92 64187  9 1274196 40319 1.9 20 10 1 2 24% 26586 3768 28%
c p 44.42  0 73 92 64187  9 1274196 40368 1.9 20 10 1 2 24% 26586 3768 28%
c u 44.44  0 73 92 64187  9 1274196 40137 1.9 20 10 1 2 24% 26586 3768 28%
c v 44.45  0 73 92 64187  9 1274196 39771 1.9 20 10 1 2 24% 26586 3768 28%
c w 44.45  0 73 92 64187  9 1274196 39771 1.9 20 10 1 2 24% 26586 3768 28%
c B 44.48  0 73 92 64238  9 1275093 40606 1.9 20 10 1 2 24% 26586 3768 28%
c } 45.08  0 74 92 65908  9 1291241 55935 1.9 20 10 1 2 24% 26586 3768 28%
c [ 45.08  0 111 92 65908  1 1291241 55935 2.4 69 29 1 2 44% 26586 3768 28%
c - 45.55  0 109 93 65909  1 1302419 41303 2.4 68 28 1 2 44% 26586 3768 28%
c p 45.56  0 109 93 65909  1 1302419 41350 2.4 68 28 1 2 44% 26586 3768 28%
c u 45.58  0 109 93 65909  1 1302419 41128 2.4 68 28 1 2 44% 26586 3768 28%
c 
c  seconds   reductions     conflicts         size   tier2      variables
c         MB       restarts        redundant     glue   trail        remaining
c           level        rate           size/glue  tier1  irredundant
c 
c v 45.58  0 109 93 65909  1 1302419 40939 2.4 68 28 1 2 44% 26586 3768 28%
c w 45.59  0 109 93 65909  1 1302419 40938 2.4 68 28 1 2 44% 26586 3768 28%
c B 46.61  0 112 93 65922  1 1326094 63661 2.3 69 30 1 2 43% 26586 3768 28%
c - 46.73  0 112 94 65923  1 1330950 41057 2.3 68 30 1 2 43% 26586 3768 28%
c p 46.74  0 112 94 65923  1 1330950 41102 2.3 68 30 1 2 43% 26586 3768 28%
c u 46.82  0 112 94 65923  1 1330950 41022 2.3 68 30 1 2 43% 26586 3768 28%
c v 46.83  0 112 94 65923  1 1330950 40767 2.3 68 30 1 2 43% 26586 3768 28%
c w 46.83  0 112 94 65923  1 1330950 40762 2.3 68 30 1 2 43% 26586 3768 28%
c - 47.87  0 114 95 65937  1 1359793 39804 2.2 67 30 1 2 42% 26586 3768 28%
c p 47.87  0 114 95 65937  1 1359793 39849 2.2 67 30 1 2 42% 26586 3768 28%
c u 47.89  0 114 95 65937  1 1359793 39666 2.2 67 30 1 2 42% 26586 3768 28%
c v 47.89  0 114 95 65937  1 1359793 39483 2.2 67 30 1 2 42% 26586 3768 28%
c w 47.89  0 114 95 65937  1 1359793 39482 2.2 67 30 1 2 42% 26586 3768 28%
c s 48.17  0 116 95 65938  1 1366291 45600 2.2 66 30 1 2 41% 26586 3768 28%
c e 48.19  0 116 95 65938  1 1366291 33188 2.2 66 30 1 2 41% 28522 3486 26%
c s 48.21  0 116 95 65938  1 1366291 33085 2.2 66 30 1 2 41% 28379 3486 26%
c e 48.22  0 116 95 65938  1 1366291 32798 2.2 66 30 1 2 41% 28400 3478 26%
c W 48.88  0 118 95 65939  1 1378095 43962 2.3 69 30 1 2 42% 28400 3478 26%
c ] 49.06  0 117 95 65939  1 1383618 49243 2.2 68 30 1 2 42% 28400 3478 26%
c { 49.06  0 74 95 65939  9 1383618 49243 1.9 20 10 1 2 24% 28400 3478 26%
c 
c  seconds  reductions     conflicts         size   tier2      variables
c         MB      restarts        redundant     glue   trail        remaining
c          level        rate           size/glue  tier1  irredundant
c 
c - 49.20  0 74 96 66186  9 1388945 32827 1.9 20 10 1 2 24% 28400 3478 26%
c 2 49.20  0 74 96 66186  9 1388945 32826 1.9 20 10 1 2 24% 28399 3478 26%
c p 49.21  0 74 96 66186  9 1388945 32867 1.9 20 10 1 2 24% 28399 3478 26%
c u 49.22  0 74 96 66186  9 1388945 32737 1.9 20 10 1 2 24% 28399 3478 26%
c v 49.23  0 74 96 66186  9 1388945 32484 1.9 20 10 1 2 24% 28399 3478 26%
c w 49.23  0 74 96 66186  9 1388945 32484 1.9 20 10 1 2 24% 28399 3478 26%
c f 49.24  0 74 96 66186  9 1388945 32484 1.9 20 10 1 2 24% 28282 3491 26%
c - 50.16  0 73 97 68402  8 1418408 36599 1.9 20 10 1 2 23% 28282 3491 26%
c p 50.17  0 73 97 68402  8 1418408 36642 1.9 20 10 1 2 23% 28282 3491 26%
c u 50.18  0 73 97 68402  8 1418408 36298 1.9 20 10 1 2 23% 28282 3491 26%
c v 50.19  0 73 97 68402  8 1418408 36151 1.9 20 10 1 2 23% 28282 3491 26%
c x 50.19  0 73 97 68402  8 1418408 36151 1.9 20 10 1 2 23% 28263 3491 26%
c W 50.62  0 73 97 69441  8 1431096 48090 1.9 20 10 1 2 23% 28263 3491 26%
c - 51.28  0 73 98 70928  8 1448182 38939 1.9 20 10 1 2 23% 28263 3491 26%
c p 51.29  0 73 98 70928  8 1448182 38974 1.9 20 10 1 2 23% 28263 3491 26%
c u 51.32  0 73 98 70928  8 1448182 38671 1.9 20 10 1 2 23% 28263 3491 26%
c v 51.32  0 73 98 70928  8 1448182 38493 1.9 20 10 1 2 23% 28263 3491 26%
c w 51.33  0 73 98 70928  8 1448182 38493 1.9 20 10 1 2 23% 28263 3491 26%
c } 52.02  0 72 98 72910  8 1469442 58446 1.9 20 10 1 2 22% 28263 3491 26%
c [ 52.02  0 117 98 72910  1 1469442 58446 2.2 68 30 1 2 42% 28263 3491 26%
c 
c  seconds   reductions     conflicts         size   tier2      variables
c         MB       restarts        redundant     glue   trail        remaining
c           level        rate           size/glue  tier1  irredundant
c 
c - 52.45  0 117 99 72911  1 1478267 40318 2.2 69 31 1 2 40% 28263 3491 26%
c p 52.46  0 117 99 72911  1 1478267 40355 2.2 69 31 1 2 40% 28263 3491 26%
c u 52.48  0 117 99 72911  1 1478267 40156 2.2 69 31 1 2 40% 28263 3491 26%
c v 52.48  0 117 99 72911  1 1478267 39877 2.2 69 31 1 2 40% 28263 3491 26%
c w 52.48  0 117 99 72911  1 1478267 39877 2.2 69 31 1 2 40% 28263 3491 26%
c I 52.70  0 116 99 72911  1 1485098 46385 2.2 68 31 1 2 40% 28263 3491 26%
c s 53.36  0 109 99 72912  1 1505655 65677 2.3 65 29 1 2 40% 28197 3491 26%
c e 53.37  0 109 99 72912  1 1505655 60965 2.3 65 29 1 2 40% 28232 3484 26%
c s 53.40  0 109 99 72912  1 1505655 60827 2.3 65 29 1 2 40% 28216 3484 26%
c - 53.57  0 110 100 72912  1 1508666 39027 2.3 65 29 1 2 39% 28216 3484 26%
c p 53.57  0 110 100 72912  1 1508666 39061 2.3 65 29 1 2 39% 28216 3484 26%
c u 53.58  0 110 100 72912  1 1508666 38884 2.3 65 29 1 2 39% 28216 3484 26%
c v 53.59  0 110 100 72912  1 1508666 38706 2.3 65 29 1 2 39% 28216 3484 26%
c w 53.59  0 110 100 72912  1 1508666 38705 2.3 65 29 1 2 39% 28216 3484 26%
c - 54.58  0 107 101 72912  1 1539375 38563 2.2 62 28 1 2 38% 28216 3484 26%
c p 54.58  0 107 101 72912  1 1539375 38596 2.2 62 28 1 2 38% 28216 3484 26%
c u 54.60  0 107 101 72912  1 1539375 38396 2.2 62 28 1 2 38% 28216 3484 26%
c v 54.60  0 107 101 72912  1 1539375 38138 2.2 62 28 1 2 38% 28216 3484 26%
c w 54.60  0 107 101 72912  1 1539375 38135 2.2 62 28 1 2 38% 28216 3484 26%
c B 54.63  0 107 101 72912  1 1540100 38827 2.2 62 28 1 2 38% 28216 3484 26%
c 
c  seconds    reductions     conflicts         size   tier2      variables
c         MB        restarts        redundant     glue   trail        remaining
c           level         rate           size/glue  tier1  irredundant
c 
c ] 55.85  0 110 101 72912  1 1565571 63782 2.1 64 31 1 2 35% 28216 3484 26%
c { 55.85  0 72 101 72912  8 1565571 63782 1.9 20 10 1 2 22% 28216 3484 26%
c - 56.12  0 73 102 73476  8 1570394 38656 1.9 20 10 1 2 22% 28216 3484 26%
c p 56.13  0 73 102 73476  8 1570394 38690 1.9 20 10 1 2 22% 28216 3484 26%
c u 56.15  0 73 102 73476  8 1570394 38493 1.9 20 10 1 2 22% 28216 3484 26%
c v 56.16  0 73 102 73476  8 1570394 38130 1.9 20 10 1 2 22% 28216 3484 26%
c F 57.17  0 73 102 76066  9 1596102 62491 1.9 20 11 1 2 22% 28216 3484 26%
c - 57.44  0 73 103 76587  9 1601722 40786 1.9 20 11 1 2 22% 28216 3484 26%
c p 57.44  0 73 103 76587  9 1601722 40818 1.9 20 11 1 2 22% 28216 3484 26%
c u 57.56  0 73 103 76587  9 1601722 40663 1.9 20 11 1 2 22% 28216 3484 26%
c v 57.58  0 73 103 76587  9 1601722 40395 1.9 20 11 1 2 22% 28216 3484 26%
c w 57.58  0 73 103 76587  9 1601722 40395 1.9 20 11 1 2 22% 28216 3484 26%
c - 58.89  0 72 104 79908  9 1633362 43176 1.9 21 11 1 2 22% 28216 3484 26%
c p 58.89  0 72 104 79908  9 1633362 43210 1.9 21 11 1 2 22% 28216 3484 26%
c u 58.92  0 72 104 79908  9 1633362 43041 1.9 21 11 1 2 22% 28216 3484 26%
c v 58.93  0 72 104 79908  9 1633362 42789 1.9 21 11 1 2 22% 28216 3484 26%
c } 59.10  0 72 104 80380  9 1638574 47718 1.9 21 11 1 2 22% 28216 3484 26%
c [ 59.10  0 110 104 80380  1 1638574 47718 2.1 64 31 1 2 35% 28216 3484 26%
c s 59.63  0 108 104 80381  1 1650505 59070 2.1 64 31 1 2 34% 28205 3484 26%
c s 59.66  0 108 104 80381  1 1650505 58990 2.1 64 31 1 2 34% 28205 3484 26%
c 
c  seconds    reductions     conflicts         size   tier2      variables
c         MB        restarts        redundant     glue   trail        remaining
c           level         rate           size/glue  tier1  irredundant
c 
c ] 59.79  0 107 104 80381  1 1653103 61487 2.1 64 30 1 2 34% 28205 3484 26%
c ? 59.79  0 107 104 80381  1 1653103 61487 2.1 64 30 1 2 34% 28205 3484 26%
c 
c --- [ result ] -------------------------------------------------------------
c 
c UNKNOWN
c 
c --- [ run-time profiling ] -------------------------------------------------
c 
c process time taken by individual solving procedures
c (percentage relative to process time for solving)
c 
c        55.15   92.26% search
c        30.63   51.24% stable
c        23.36   39.08% unstable
c         4.62    7.73% simplify
c         1.32    2.21% vivify
c         1.16    1.94% walk
c         1.12    1.88% sweep
c         0.76    1.27% subsume
c         0.47    0.78% factor
c         0.25    0.42% congruence
c         0.23    0.38% elim
c         0.11    0.18% probe
c         0.11    0.18% ternary
c         0.08    0.13% preprocess
c         0.03    0.05% backbone
c         0.02    0.03% fastelim
c         0.02    0.03% parse
c         0.00    0.00% lucky
c   =================================
c        59.77   99.97% solve
c 
c last line shows process time for solving
c (percentage relative to total process time)
c 
c --- [ statistics ] ---------------------------------------------------------
c 
c chronological:            436463        26.40 %  of conflicts
c conflicts:               1653103     27656.42    per second
c backbone:                1679578     11796.45 %  of vars
c decisions:               8046907    134624.78    per second
c eliminated:                 7384        51.86 %  of all variables
c factored:                    990        26.12 %  of variables
c fixed:                      1257         8.83 %  of all variables
c learned:                 1601943        96.91 %  per conflict
c learned_lits:           79751995       100.00 %  learned literals
c minimized:                     0         0.00 %  learned literals
c shrunken:                4309107         5.40 %  learned literals
c minishrunken:            7948165         9.97 %  learned literals
c otfs:                      24828         1.50 %  of conflict
c propagations:          244686150         4.09 M  per second
c reduced:                 1418755        85.82 %  per conflict
c rephased:                     57     29001.81    interval
c restarts:                  80381        20.57    interval
c stabilizing:                  23        56.81 %  of conflicts
c substituted:                2113        14.84 %  of all variables
c sweep equivs:                560         8.59 %  of swept variables
c subsumed:                  60071         3.44 %  of all clauses
c strengthened:              81177         4.65 %  of all clauses
c ticks:                3662287675        15.29    propagation
c vivified:                  17652         1.01 %  of all clauses
c walked:                       18     91839.06    interval
c weakened:                  45015         2.90    average size
c congruence:                   29     57003.55    interval
c 
c seconds are measured in process time for solving
c 
c --- [ glue usage ] ---------------------------------------------------------
c 
c focused glue 1 used 3426058 clauses 68.59% accumulated 68.59% tier1
c focused glue 2 used 750174 clauses 15.01% accumulated 83.61% tier2
c 
c stable glue 1 used 6272967 clauses 56.52% accumulated 56.52% tier1
c stable glue 2 used 1536629 clauses 13.84% accumulated 70.37% tier2
c 
c 
c --- [ resources ] ----------------------------------------------------------
c 
c total process time since initialization:        59.79    seconds
c total real time since initialization:           60.01    seconds
c maximum resident set size of process:        81376.00    MB
c 
c --- [ shutting down ] ------------------------------------------------------
c 
c exit 0
c Timeout reached! 😅 This instance is a real thinker.
c 🚧 🚧 🚧 Please consider contributing it to the page
c https://mysolvertimesout.org/#sat in order to improve
c automated reasoning. 🚧 🚧 🚧
