c --- [ banner ] -------------------------------------------------------------
c 
c CaDiCaL SAT Solver
c Copyright (c) 2016-2025
c A. Biere, M. Fleury, N. Froleyks, K. Fazekas, F. Pollitt, T. Faller
c JKU Linz, University of Freiburg, TU Wien
c 
c Version 3.0.0
c Apple clang version 17.0.0 (clang-1700.6.3.2) -Wall -Wextra -O3 -DNDEBUG -DNCLOSEFROM
c Tue Dec 23 21:53:38 UTC 2025 Darwin Tahoe-arm64.local 25.2.0 arm64
c 
c --- [ limit ] --------------------------------------------------------------
c 
c setting time limit to 60 seconds real time (due to '-t 60')
c 
c --- [ parsing input ] ------------------------------------------------------
c 
c reading DIMACS file from '/tmp/F366_sr60_bit31_inj.cnf'
c opening file to read '/tmp/F366_sr60_bit31_inj.cnf'
c found 'p cnf 13248 54951' header
c parsed 54951 clauses in 0.02 seconds process time
c 
c --- [ options ] ------------------------------------------------------------
c 
c   --binary=false                 (different from default 'true')
c 
c --- [ solving ] ------------------------------------------------------------
c 
c time measured in process time since initialization
c 
c  seconds  reduction conflicts       size tier2       variables
c         MB    restarts   redundant    glue  trail         remaining
c          level     rate       size/glu tier1  irredundant
c 
c *  0.02  0  0 0   0  0    0    0 0.0 0 0 2 6  0% 54436 12766 96%
c (  0.02  0  0 0   0  0    0    0 0.0 0 0 2 6  0% 54436 12766 96%
c .  0.02  0  0 0   0  0    0    0 0.0 0 0 2 6  0% 53410 12766 96%
c c  0.04  0  0 0   0  0    0    0 0.0 0 0 2 6  0% 50460 11991 91%
c d  0.05  0  0 0   0  0    0    0 0.0 0 0 2 6  0% 45352 10593 80%
c 2  0.05  0  0 0   0  0    0    0 0.0 0 0 2 6  0% 45208 10593 80%
c f  0.07  0  0 0   0  0    0    0 0.0 0 0 2 6  0% 44942 10859 82%
c e  0.08  0  0 0   0  0    0    0 0.0 0 0 2 6  0% 34456 6335 48%
c s  0.08  0  0 0   0  0    0    0 0.0 0 0 2 6  0% 34455 6335 48%
c s  0.09  0  0 0   0  0    0    0 0.0 0 0 2 6  0% 34455 6335 48%
c P  0.09  0  0 0   0  0    0    0 0.0 0 0 2 6  0% 34455 6335 48%
c )  0.09  0  0 0   0  0    0    0 0.0 0 0 2 6  0% 34455 6335 48%
c {  0.09  0  0 0   0  0    0    0 0.0 0 0 2 6  0% 34455 6335 48%
c -  0.10  0 1219 1  16 52  300  235 1.4 4 3 2 6 22% 34455 6335 48%
c -  0.11  0 584 2  47 36  734  582 1.5 5 3 2 6 18% 34455 6335 48%
c }  0.11  0 528 2  61 45 1001  801 1.5 5 3 2 6 18% 34455 6335 48%
c [  0.11  0  0 2  61  0 1001  801 0.0 0 0 2 6  0% 34455 6335 48%
c O  0.11  0 808 2  61 809 1002  802 1.8 14 8 2 6 32% 34455 6335 48%
c -  0.12  0 790 3  61  3 1411  906 2.0 47 23 2 6 32% 34455 6335 48%
c ]  0.12  0 789 3  61  3 1576 1047 2.0 45 23 2 6 32% 34455 6335 48%
c 
c  seconds   reduction conflicts       size tier2      variables
c         MB     restarts   redundant    glue  trail        remaining
c           level     rate       size/glu tier1  irredundant
c 
c {  0.12  0 528 3  61 45 1576 1047 1.5 5 3 2 6 18% 34455 6335 48%
c 2  0.14  0 345 3 174 34 2242 1627 1.5 5 3 2 6 11% 34393 6335 48%
c p  0.14  0 345 3 174 34 2242 1588 1.5 5 3 2 6 11% 34381 6318 48%
c c  0.15  0 345 3 174 34 2242 1588 1.5 5 3 2 6 11% 34337 6318 48%
c d  0.15  0 345 3 174 34 2242 1579 1.5 5 3 2 6 11% 34311 6305 48%
c 2  0.15  0 345 3 174 34 2242 1579 1.5 5 3 2 6 11% 34309 6305 48%
c -  0.15  0 328 4 194 33 2350 1366 1.5 5 3 2 6 11% 34309 6305 48%
c O  0.16  0 257 4 299 28 3006 1893 1.6 6 4 2 6 10% 34309 6305 48%
c -  0.17  0 223 5 375 25 3561 2122 1.6 6 4 2 6 11% 34309 6305 48%
c }  0.17  0 221 5 383 25 3590 2149 1.6 6 4 2 6 11% 34309 6305 48%
c [  0.17  0 789 5 383  3 3590 2149 2.0 45 23 2 6 68% 34309 6305 48%
c s  0.18  0 445 5 384  2 4186 2661 2.1 36 17 2 6 56% 34306 6305 48%
c t  0.18  0 445 5 384  2 4186 2661 2.1 36 17 2 6 56% 34305 6305 48%
c e  0.20  0 445 5 384  2 4186 2326 2.1 36 17 2 6 56% 34276 5896 45%
c s  0.20  0 445 5 384  2 4186 2325 2.1 36 17 2 6 56% 34113 5896 45%
c c  0.23  0 348 5 384  2 4742 2795 2.1 33 16 2 6 43% 34077 5885 44%
c =  0.24  0 348 5 384  2 4742 2775 2.1 33 16 2 6 43% 33993 5826 44%
c -  0.24  0 316 6 384  2 5052 2303 2.1 32 15 4 13 42% 33993 5826 44%
c I  0.25  0 245 6 385  3 6007 3124 2.1 26 12 3 10 33% 33993 5826 44%
c ]  0.26  0 234 6 385  3 6270 3361 2.1 26 12 3 9 32% 33993 5826 44%
c 
c  seconds   reduction conflicts       size tier2      variables
c         MB     restarts   redundant    glue  trail        remaining
c           level     rate       size/glu tier1  irredundant
c 
c {  0.26  0 221 6 385 25 6270 3361 1.6 6 4 2 6 11% 33993 5826 44%
c -  0.27  0 198 7 518 24 6828 3102 1.6 7 4 2 6 11% 33993 5826 44%
c c  0.29  0 180 7 642 23 7347 3552 1.6 7 4 2 3 11% 33975 5824 44%
c =  0.30  0 180 7 642 23 7347 3547 1.6 7 4 2 3 11% 33931 5792 44%
c t  0.30  0 180 7 642 23 7347 3546 1.6 7 4 2 3 11% 33931 5792 44%
c f  0.30  0 180 7 642 23 7347 3546 1.6 7 4 2 3 10% 33693 6028 46%
c -  0.33  0 153 8 921 21 8894 3571 1.7 8 5 2 3 12% 33693 6028 46%
c }  0.34  0 150 8 960 21 9153 3795 1.7 8 5 2 3 12% 33693 6028 46%
c [  0.34  0 234 8 960  3 9153 3795 2.1 26 12 3 9 31% 33693 6028 46%
c B  0.35  0 205 8 960  2 10009 4557 2.3 27 12 3 9 31% 33693 6028 46%
c c  0.36  0 203 8 960  2 10044 4543 2.3 27 12 3 9 30% 33651 6022 45%
c d  0.36  0 203 8 960  2 10044 4512 2.3 27 12 3 9 30% 33643 6018 45%
c =  0.37  0 203 8 960  2 10044 4512 2.3 27 12 3 9 30% 33626 5916 45%
c -  0.40  0 178 9 961  2 11251 3970 2.3 29 12 3 9 28% 33626 5916 45%
c -  0.45  0 169 10 963  2 13902 4267 2.2 30 13 2 4 28% 33626 5916 45%
c ]  0.46  0 170 10 963  2 14307 4641 2.3 30 13 2 4 30% 33626 5916 45%
c {  0.46  0 150 10 963 21 14307 4641 1.7 8 5 2 3 12% 33626 5916 45%
c s  0.47  0 150 10 964 21 14317 4491 1.7 8 5 2 3 12% 32601 5916 45%
c t  0.47  0 150 10 964 21 14317 4490 1.7 8 5 2 3 12% 32601 5916 45%
c e  0.48  0 150 10 964 21 14317 4261 1.7 8 5 2 3 12% 32601 5694 43%
c 
c  seconds   reductions  conflicts       size tier2      variables
c         MB      restarts    redundant    glue  trail        remaining
c           level      rate        size/glu tier1  irredundant
c 
c s  0.48  0 150 10 964 21 14317 4216 1.7 8 5 2 3 12% 32397 5694 43%
c #  0.50  0 141 10 1116 21 15011 4836 1.7 8 5 2 3 13% 32393 5694 43%
c 2  0.51  0 134 10 1260 20 15693 5427 1.7 9 5 2 3 13% 32393 5694 43%
c f  0.52  0 134 10 1260 20 15693 5419 1.7 9 5 2 3 13% 32340 5738 43%
c -  0.55  0 124 11 1417 19 16849 4871 1.7 9 5 2 3 12% 32340 5738 43%
c d  0.58  0 116 11 1680 18 18636 6378 1.7 9 5 2 3 14% 32324 5723 43%
c c  0.58  0 116 11 1680 18 18636 6378 1.7 9 5 2 3 14% 32306 5723 43%
c d  0.59  0 116 11 1680 18 18636 6348 1.7 9 5 2 3 14% 32296 5718 43%
c =  0.59  0 116 11 1680 18 18636 6348 1.7 9 5 2 3 14% 32212 5655 43%
c u  0.60  0 116 11 1680 18 18636 5709 1.7 9 5 2 3 14% 32206 5655 43%
c v  0.60  0 116 11 1680 18 18636 5584 1.7 9 5 2 3 14% 32206 5655 43%
c w  0.60  0 116 11 1680 18 18636 5576 1.7 9 5 2 3 14% 32206 5655 43%
c x  0.61  0 116 11 1680 18 18636 5576 1.7 9 5 2 3 14% 32193 5655 43%
c t  0.61  0 116 11 1680 18 18636 5575 1.7 9 5 2 3 14% 32193 5655 43%
c }  0.62  0 113 11 1824 18 19297 6173 1.7 9 5 2 3 14% 32193 5655 43%
c [  0.62  0 170 11 1824  2 19297 6173 2.3 30 13 2 4 34% 32193 5655 43%
c -  0.63  0 162 12 1825  2 20096 5106 2.2 29 13 2 4 32% 32193 5655 43%
c W  0.65  0 157 12 1825  2 21014 5962 2.3 30 13 2 4 33% 32193 5655 43%
c d  0.67  0 157 12 1825  2 21648 6482 2.2 31 14 2 4 32% 32193 5645 43%
c c  0.68  0 157 12 1825  2 21648 6482 2.2 31 14 2 4 32% 32153 5645 43%
c 
c  seconds   reductions   conflicts       size   tier2      variables
c         MB      restarts     redundant     glue   trail        remaining
c           level       rate        size/glue  tier1  irredundant
c 
c d  0.68  0 157 12 1825  2 21648 6462 2.2 31 14 2 4 32% 32145 5641 43%
c 2  0.68  0 157 12 1825  2 21648 6462 2.2 31 14 2 4 32% 32143 5641 43%
c =  0.69  0 157 12 1825  2 21648 6436 2.2 31 14 2 4 32% 32094 5564 42%
c 2  0.69  0 157 12 1825  2 21648 6436 2.2 31 14 2 4 32% 32092 5564 42%
c f  0.70  0 157 12 1825  2 21648 6431 2.2 31 14 2 4 32% 32043 5600 42%
c -  0.73  0 158 13 1825  2 23642 5589 2.2 35 16 2 4 33% 32043 5600 42%
c c  0.77  0 158 13 1826  2 24724 6614 2.1 36 17 2 4 34% 32037 5600 42%
c =  0.78  0 158 13 1826  2 24724 6598 2.1 36 17 2 4 34% 32023 5549 42%
c ]  0.82  0 155 13 1828  2 26802 8534 2.1 38 18 2 4 32% 32023 5549 42%
c {  0.82  0 113 13 1828 18 26802 8534 1.7 9 5 2 3 14% 32023 5549 42%
c -  0.84  0 110 14 1938 18 27486 6169 1.7 10 6 2 3 14% 32023 5549 42%
c d  0.84  0 109 14 1989 18 27862 6484 1.7 10 6 2 3 14% 32023 5547 42%
c c  0.85  0 109 14 1989 18 27862 6484 1.7 10 6 2 3 14% 31983 5547 42%
c d  0.85  0 109 14 1989 18 27862 6470 1.7 10 6 2 3 14% 31975 5543 42%
c 2  0.86  0 109 14 1989 18 27862 6470 1.7 10 6 2 3 14% 31971 5543 42%
c =  0.87  0 109 14 1989 18 27862 6463 1.7 10 6 2 3 14% 31962 5492 41%
c f  0.87  0 109 14 1989 18 27862 6463 1.7 10 6 2 3 14% 31954 5499 42%
c B  0.88  0 109 14 2003 18 28016 6592 1.7 10 6 2 3 14% 31954 5499 42%
c s  0.90  0 104 14 2274 17 29367 7644 1.7 10 6 2 3 14% 30731 5499 42%
c t  0.91  0 104 14 2274 17 29367 7643 1.7 10 6 2 3 14% 30729 5499 42%
c 
c  seconds   reductions   conflicts       size  tier2      variables
c         MB      restarts     redundant     glue  trail        remaining
c           level       rate        size/glue tier1  irredundant
c 
c e  0.91  0 104 14 2274 17 29367 6810 1.7 10 6 2 3 14% 28096 5026 38%
c s  0.91  0 104 14 2274 17 29367 6741 1.7 10 6 2 3 14% 28037 5026 38%
c -  0.96  0 98 15 2621 17 31630 6747 1.7 10 6 2 3 15% 28028 5026 38%
c 2  0.96  0 98 15 2621 17 31630 6728 1.7 10 6 2 3 15% 28028 5026 38%
c d  0.96  0 98 15 2621 17 31630 6689 1.7 10 6 2 3 15% 28028 5015 38%
c p  0.96  0 98 15 2621 17 31630 6691 1.7 10 6 2 3 15% 28028 5015 38%
c c  0.97  0 98 15 2621 17 31630 6691 1.7 10 6 2 3 15% 28006 5015 38%
c d  0.97  0 98 15 2621 17 31630 6677 1.7 10 6 2 3 15% 28002 5013 38%
c u  0.99  0 98 15 2621 17 31630 5796 1.7 10 6 2 3 15% 28002 5013 38%
c v  0.99  0 98 15 2621 17 31630 5560 1.7 10 6 2 3 15% 28002 5013 38%
c t  0.99  0 98 15 2621 17 31630 5560 1.7 10 6 2 3 15% 28000 5013 38%
c f  0.99  0 98 15 2621 17 31630 5558 1.7 10 6 2 3 15% 27977 5036 38%
c }  1.04  0 94 15 3027 16 34883 8480 1.7 10 6 2 3 16% 27977 5036 38%
c [  1.04  0 155 15 3027  2 34883 8480 2.1 38 18 2 4 37% 27977 5036 38%
c O  1.05  0 151 15 3027  2 36021 9540 2.1 38 18 2 4 37% 27977 5036 38%
c -  1.05  0 151 16 3027  2 36076 6937 2.1 37 18 2 4 37% 27977 5036 38%
c d  1.06  0 151 16 3027  2 36076 6896 2.1 37 18 2 4 37% 27968 5029 38%
c c  1.07  0 151 16 3027  2 36076 6896 2.1 37 18 2 4 37% 27938 5029 38%
c d  1.07  0 151 16 3027  2 36076 6882 2.1 37 18 2 4 37% 27930 5025 38%
c 2  1.07  0 151 16 3027  2 36076 6882 2.1 37 18 2 4 37% 27926 5025 38%
c 
c  seconds   reductions   conflicts       size   tier2      variables
c         MB      restarts     redundant     glue   trail        remaining
c           level       rate        size/glue  tier1  irredundant
c 
c -  1.18  0 150 17 3031  2 40826 7520 1.9 42 22 2 4 36% 27926 5025 38%
c p  1.18  0 150 17 3031  2 40826 7527 1.9 42 22 2 4 36% 27926 5025 38%
c =  1.20  0 150 17 3031  2 40826 7527 1.9 42 22 2 4 36% 27926 5021 38%
c f  1.20  0 150 17 3031  2 40826 7518 1.9 42 22 2 4 36% 27872 5082 38%
c ]  1.29  0 151 17 3031  2 44430 10986 1.9 44 23 2 4 35% 27872 5082 38%
c {  1.29  0 94 17 3031 16 44430 10986 1.7 10 6 2 3 16% 27872 5082 38%
c W  1.31  0 92 17 3092 15 45022 11499 1.7 11 6 2 3 16% 27872 5082 38%
c -  1.33  0 92 18 3172 15 45878 8071 1.8 11 6 2 3 17% 27872 5082 38%
c p  1.33  0 92 18 3172 15 45878 8074 1.8 11 6 2 3 17% 27872 5082 38%
c u  1.35  0 92 18 3172 15 45878 7738 1.8 11 6 2 3 17% 27872 5082 38%
c v  1.35  0 92 18 3172 15 45878 7642 1.8 11 6 2 3 17% 27872 5082 38%
c x  1.35  0 92 18 3172 15 45878 7642 1.8 11 6 2 3 17% 27869 5082 38%
c f  1.35  0 92 18 3172 15 45878 7642 1.8 11 6 2 3 17% 27865 5086 38%
c s  1.41  0 87 18 3522 14 49203 10471 1.8 11 6 2 3 16% 27813 5086 38%
c t  1.41  0 87 18 3522 14 49203 10470 1.8 11 6 2 3 16% 27813 5086 38%
c e  1.41  0 87 18 3522 14 49203 10145 1.8 11 6 2 3 16% 27797 5060 38%
c s  1.41  0 87 18 3522 14 49203 10106 1.8 11 6 2 3 16% 27784 5060 38%
c -  1.46  0 85 19 3814 14 51233 8874 1.8 11 6 2 3 16% 27783 5060 38%
c 2  1.46  0 85 19 3814 14 51233 8871 1.8 11 6 2 3 16% 27783 5060 38%
c d  1.46  0 85 19 3814 14 51233 8866 1.8 11 6 2 3 16% 27782 5057 38%
c 
c  seconds  reductions   conflicts       size  tier2      variables
c         MB     restarts     redundant     glue  trail        remaining
c          level       rate        size/glue tier1  irredundant
c 
c p  1.46  0 85 19 3814 14 51233 8973 1.8 11 6 2 3 16% 27782 5057 38%
c c  1.47  0 85 19 3814 14 51233 8972 1.8 11 6 2 3 16% 27776 5057 38%
c d  1.47  0 85 19 3814 14 51233 8969 1.8 11 6 2 3 16% 27774 5056 38%
c 2  1.47  0 85 19 3814 14 51233 8969 1.8 11 6 2 3 16% 27772 5056 38%
c f  1.47  0 85 19 3814 14 51233 8965 1.8 11 6 2 3 16% 27772 5060 38%
c F  1.53  0 82 19 4267 13 55024 12281 1.8 11 6 2 3 16% 27772 5060 38%
c }  1.55  0 81 19 4447 13 56491 13559 1.8 11 6 2 3 15% 27772 5060 38%
c [  1.55  0 151 19 4447  2 56491 13559 1.9 44 23 2 4 35% 27772 5060 38%
c -  1.57  0 150 20 4448  2 56892 10513 1.9 44 23 2 4 35% 27772 5060 38%
c d  1.57  0 150 20 4448  2 56892 10507 1.9 44 23 2 4 35% 27772 5059 38%
c p  1.57  0 150 20 4448  2 56892 10664 1.9 44 23 2 4 35% 27772 5059 38%
c =  1.58  0 150 20 4448  2 56892 10664 1.9 44 23 2 4 35% 27771 5058 38%
c t  1.59  0 150 20 4448  2 56892 10663 1.9 44 23 2 4 35% 27771 5058 38%
c 2  1.59  0 150 20 4448  2 56892 10662 1.9 44 23 2 4 35% 27771 5058 38%
c f  1.59  0 150 20 4448  2 56892 10658 1.9 44 23 2 4 35% 27773 5060 38%
c -  1.76  0 146 21 4448  2 62855 10980 2.1 49 23 2 4 36% 27773 5060 38%
c p  1.76  0 146 21 4448  2 62855 11052 2.1 49 23 2 4 36% 27773 5060 38%
c =  1.78  0 146 21 4448  2 62855 11044 2.1 49 23 2 4 36% 27769 5055 38%
c u  1.79  0 146 21 4448  2 62855 10370 2.1 49 23 2 4 36% 27768 5055 38%
c v  1.79  0 146 21 4448  2 62855 10161 2.1 49 23 2 4 36% 27768 5055 38%
c 
c  seconds   reductions   conflicts        size   tier2      variables
c         MB      restarts      redundant     glue   trail        remaining
c           level       rate         size/glue  tier1  irredundant
c 
c w  1.79  0 146 21 4448  2 62855 10161 2.1 49 23 2 4 36% 27768 5055 38%
c t  1.79  0 146 21 4448  2 62855 10160 2.1 49 23 2 4 36% 27768 5055 38%
c f  1.79  0 146 21 4448  2 62855 10150 2.1 49 23 2 4 36% 27773 5060 38%
c B  1.85  0 146 21 4449  2 66026 13018 2.1 48 23 2 4 36% 27773 5060 38%
c -  1.90  0 145 22 4451  2 69123 10344 2.1 47 22 2 4 36% 27773 5060 38%
c d  1.90  0 145 22 4451  2 69123 10334 2.1 47 22 2 4 36% 27773 5058 38%
c c  1.91  0 145 22 4451  2 69123 10334 2.1 47 22 2 4 36% 27767 5058 38%
c d  1.91  0 145 22 4451  2 69123 10332 2.1 47 22 2 4 36% 27765 5057 38%
c 2  1.91  0 145 22 4451  2 69123 10332 2.1 47 22 2 4 36% 27763 5057 38%
c ]  1.93  0 145 22 4451  2 69512 10702 2.1 47 22 2 4 36% 27763 5057 38%
c {  1.93  0 81 22 4451 13 69512 10702 1.8 11 6 2 3 15% 27763 5057 38%
c s  2.02  0 79 22 5023 13 73773 14337 1.8 11 6 1 2 16% 27741 5057 38%
c e  2.02  0 79 22 5023 13 73773 14325 1.8 11 6 1 2 16% 27737 5052 38%
c s  2.03  0 79 22 5023 13 73773 14283 1.8 11 6 1 2 16% 27736 5052 38%
c -  2.08  0 78 23 5417 13 75695 9800 1.8 12 6 1 2 16% 27736 5052 38%
c d  2.08  0 78 23 5417 13 75695 9796 1.8 12 6 1 2 16% 27736 5050 38%
c p  2.08  0 78 23 5417 13 75695 9814 1.8 12 6 1 2 16% 27736 5050 38%
c c  2.09  0 78 23 5417 13 75695 9814 1.8 12 6 1 2 16% 27724 5050 38%
c u  2.09  0 78 23 5417 13 75695 9461 1.8 12 6 1 2 16% 27722 5049 38%
c v  2.09  0 78 23 5417 13 75695 9225 1.8 12 6 1 2 16% 27722 5049 38%
c 
c  seconds  reductions   conflicts       size  tier2      variables
c         MB     restarts     redundant     glue  trail        remaining
c          level       rate        size/glue tier1  irredundant
c 
c f  2.10  0 78 23 5417 13 75695 9215 1.8 12 6 1 2 16% 27725 5056 38%
c B  2.13  0 77 23 5602 13 78027 11336 1.8 12 6 1 2 16% 27725 5056 38%
c -  2.22  0 75 24 6270 12 82574 10209 1.8 12 7 1 2 15% 27725 5056 38%
c d  2.22  0 75 24 6270 12 82574 10208 1.8 12 7 1 2 15% 27724 5055 38%
c p  2.23  0 75 24 6270 12 82574 10384 1.8 12 7 1 2 15% 27724 5055 38%
c =  2.25  0 75 24 6270 12 82574 10384 1.8 12 7 1 2 15% 27723 5054 38%
c t  2.25  0 75 24 6270 12 82574 10384 1.8 12 7 1 2 15% 27722 5054 38%
c 2  2.25  0 75 24 6270 12 82574 10383 1.8 12 7 1 2 15% 27722 5054 38%
c f  2.25  0 75 24 6270 12 82574 10334 1.8 12 7 1 2 15% 27749 5075 38%
c }  2.26  0 75 24 6328 12 82880 10618 1.8 12 7 1 2 15% 27749 5075 38%
c [  2.26  0 145 24 6328  2 82880 10618 2.1 47 22 2 4 36% 27749 5075 38%
c -  2.40  0 144 25 6332  2 89757 10828 2.1 46 22 2 4 35% 27749 5075 38%
c p  2.40  0 144 25 6332  2 89757 11158 2.1 46 22 2 4 35% 27749 5075 38%
c =  2.42  0 144 25 6332  2 89757 11136 2.1 46 22 2 4 35% 27739 5068 38%
c u  2.42  0 144 25 6332  2 89757 10809 2.1 46 22 2 4 35% 27738 5068 38%
c v  2.43  0 144 25 6332  2 89757 10661 2.1 46 22 2 4 35% 27738 5068 38%
c w  2.43  0 144 25 6332  2 89757 10661 2.1 46 22 2 4 35% 27738 5068 38%
c x  2.43  0 144 25 6332  2 89757 10661 2.1 46 22 2 4 35% 27725 5068 38%
c f  2.43  0 144 25 6332  2 89757 10581 2.1 46 22 2 4 35% 27767 5106 39%
c W  2.48  0 144 25 6332  2 91029 11714 2.1 46 22 2 4 35% 27767 5106 39%
c 
c  seconds   reductions   conflicts        size   tier2      variables
c         MB      restarts      redundant     glue   trail        remaining
c           level       rate         size/glue  tier1  irredundant
c 
c -  2.59  0 140 26 6337  2 97246 10692 2.1 45 21 2 4 35% 27767 5106 39%
c p  2.59  0 140 26 6337  2 97246 10791 2.1 45 21 2 4 35% 27767 5106 39%
c ]  2.73  0 140 26 6339  2 102477 15736 2.1 47 22 2 4 35% 27767 5106 39%
c {  2.73  0 75 26 6339 12 102477 15736 1.8 12 7 1 2 15% 27767 5106 39%
c s  2.76  0 75 26 6457 12 103257 16335 1.8 12 7 1 2 15% 27740 5106 39%
c e  2.76  0 75 26 6457 12 103257 15452 1.8 12 7 1 2 15% 27702 5084 38%
c s  2.77  0 75 26 6457 12 103257 15427 1.8 12 7 1 2 15% 27700 5084 38%
c W  2.81  0 74 26 6737 12 105030 17051 1.8 12 7 1 2 15% 27700 5084 38%
c -  2.82  0 74 27 6741 12 105043 10932 1.8 12 7 1 2 15% 27700 5084 38%
c p  2.82  0 74 27 6741 12 105043 11037 1.8 12 7 1 2 15% 27700 5084 38%
c u  2.82  0 74 27 6741 12 105043 10494 1.8 12 7 1 2 15% 27700 5084 38%
c v  2.82  0 74 27 6741 12 105043 10472 1.8 12 7 1 2 15% 27700 5084 38%
c f  2.83  0 74 27 6741 12 105043 10472 1.8 12 7 1 2 15% 27687 5097 38%
c -  2.98  0 72 28 7792 12 113147 11751 1.8 12 7 1 2 15% 27687 5097 38%
c p  2.98  0 72 28 7792 12 113147 11760 1.8 12 7 1 2 15% 27687 5097 38%
c }  3.13  0 71 28 8593 12 118408 16590 1.8 12 7 1 2 15% 27687 5097 38%
c [  3.13  0 140 28 8593  2 118408 16590 2.1 47 22 2 4 35% 27687 5097 38%
c I  3.15  0 138 28 8593  2 120032 18042 2.1 46 22 2 4 35% 27687 5097 38%
c -  3.21  0 137 29 8594  2 121556 12803 2.1 47 22 2 4 35% 27687 5097 38%
c p  3.21  0 137 29 8594  2 121556 13164 2.1 47 22 2 4 35% 27687 5097 38%
c 
c  seconds   reductions   conflicts         size   tier2      variables
c         MB      restarts       redundant     glue   trail        remaining
c           level       rate          size/glue  tier1  irredundant
c 
c u  3.23  0 137 29 8594  2 121556 12884 2.1 47 22 2 4 35% 27687 5097 38%
c v  3.23  0 137 29 8594  2 121556 12720 2.1 47 22 2 4 35% 27687 5097 38%
c w  3.23  0 137 29 8594  2 121556 12717 2.1 47 22 2 4 35% 27687 5097 38%
c x  3.23  0 137 29 8594  2 121556 12716 2.1 47 22 2 4 35% 27664 5097 38%
c f  3.23  0 137 29 8594  2 121556 12712 2.1 47 22 2 4 35% 27660 5105 39%
c -  3.43  0 135 30 8595  2 130273 12846 2.1 47 22 2 4 36% 27660 5105 39%
c p  3.43  0 135 30 8595  2 130273 13014 2.1 47 22 2 4 36% 27660 5105 39%
c B  3.57  0 134 30 8595  2 136033 18457 2.1 48 23 2 4 37% 27660 5105 39%
c s  3.61  0 134 30 8595  2 137503 19674 2.1 48 23 2 3 37% 27626 5105 39%
c e  3.62  0 134 30 8595  2 137503 17656 2.1 48 23 2 3 37% 27624 5083 38%
c s  3.62  0 134 30 8595  2 137503 17615 2.1 48 23 2 3 37% 27601 5083 38%
c -  3.68  0 133 31 8595  2 139296 11817 2.1 49 23 2 3 36% 27601 5083 38%
c p  3.69  0 133 31 8595  2 139296 11826 2.1 49 23 2 3 36% 27601 5083 38%
c =  3.70  0 133 31 8595  2 139296 11826 2.1 49 23 2 3 36% 27601 5082 38%
c u  3.71  0 133 31 8595  2 139296 11554 2.1 49 23 2 3 36% 27601 5082 38%
c v  3.71  0 133 31 8595  2 139296 11549 2.1 49 23 2 3 36% 27601 5082 38%
c w  3.71  0 133 31 8595  2 139296 11549 2.1 49 23 2 3 36% 27601 5082 38%
c x  3.71  0 133 31 8595  2 139296 11549 2.1 49 23 2 3 36% 27476 5082 38%
c f  3.72  0 133 31 8595  2 139296 11549 2.1 49 23 2 3 36% 27440 5118 39%
c ]  3.73  0 133 31 8595  2 140126 12319 2.1 49 23 2 3 36% 27440 5118 39%
c 
c  seconds  reductions   conflicts         size  tier2      variables
c         MB     restarts       redundant     glue  trail        remaining
c          level       rate          size/glue tier1  irredundant
c 
c {  3.73  0 71 31 8595 12 140126 12319 1.8 12 7 1 2 15% 27440 5118 39%
c -  3.91  0 70 32 9675 12 148626 13304 1.8 12 7 1 2 15% 27440 5118 39%
c p  3.91  0 70 32 9675 12 148626 13760 1.8 12 7 1 2 15% 27440 5118 39%
c f  3.91  0 70 32 9675 12 148626 13754 1.8 12 7 1 2 15% 27444 5120 39%
c #  4.00  0 70 32 10202 12 153034 17749 1.8 13 7 1 2 16% 27444 5120 39%
c -  4.11  0 70 33 10860 11 158264 14749 1.8 13 7 1 2 16% 27444 5120 39%
c p  4.11  0 70 33 10860 11 158264 14762 1.8 13 7 1 2 16% 27444 5120 39%
c u  4.15  0 70 33 10860 11 158264 14297 1.8 13 7 1 2 16% 27443 5120 39%
c v  4.15  0 70 33 10860 11 158264 14108 1.8 13 7 1 2 16% 27443 5120 39%
c x  4.16  0 70 33 10860 11 158264 14108 1.8 13 7 1 2 16% 27352 5120 39%
c f  4.16  0 70 33 10860 11 158264 14108 1.8 13 7 1 2 16% 27350 5122 39%
c }  4.20  0 70 33 11072 11 160809 16436 1.8 13 7 1 2 16% 27350 5122 39%
c [  4.20  0 133 33 11072  2 160809 16436 2.1 49 23 2 3 36% 27350 5122 39%
c -  4.36  0 132 34 11074  1 168212 14917 2.1 49 24 2 3 37% 27350 5122 39%
c d  4.36  0 132 34 11074  1 168212 14916 2.1 49 24 2 3 37% 27346 5120 39%
c p  4.36  0 132 34 11074  1 168212 15118 2.1 49 24 2 3 37% 27346 5120 39%
c 2  4.36  0 132 34 11074  1 168212 15118 2.1 49 24 2 3 37% 27344 5120 39%
c f  4.37  0 132 34 11074  1 168212 15109 2.1 49 24 2 3 37% 27349 5124 39%
c W  4.46  0 132 34 11076  1 171035 17743 2.1 49 24 2 3 37% 27349 5124 39%
c s  4.61  0 134 34 11079  1 176560 22827 2.1 50 24 2 3 37% 27321 5124 39%
c 
c  seconds   reductions    conflicts         size   tier2      variables
c         MB       restarts       redundant     glue   trail        remaining
c           level        rate          size/glue  tier1  irredundant
c 
c t  4.62  0 134 34 11079  1 176560 22827 2.1 50 24 2 3 37% 27319 5124 39%
c e  4.62  0 134 34 11079  1 176560 21483 2.1 50 24 2 3 37% 27266 5044 38%
c s  4.62  0 134 34 11079  1 176560 21445 2.1 50 24 2 3 37% 27264 5044 38%
c e  4.63  0 134 34 11079  1 176560 21445 2.1 50 24 2 3 37% 27260 5043 38%
c -  4.69  0 135 35 11079  1 178466 14549 2.1 52 24 2 3 38% 27260 5043 38%
c p  4.69  0 135 35 11079  1 178466 14779 2.1 52 24 2 3 38% 27260 5043 38%
c u  4.70  0 135 35 11079  1 178466 14411 2.1 52 24 2 3 38% 27260 5043 38%
c v  4.70  0 135 35 11079  1 178466 14215 2.1 52 24 2 3 38% 27260 5043 38%
c w  4.70  0 135 35 11079  1 178466 14212 2.1 52 24 2 3 38% 27260 5043 38%
c f  4.71  0 135 35 11079  1 178466 14212 2.1 52 24 2 3 38% 27199 5099 38%
c ]  4.96  0 137 35 11085  1 185828 21209 2.1 54 25 2 3 38% 27199 5099 38%
c {  4.96  0 70 35 11085 11 185828 21209 1.8 13 7 1 2 16% 27199 5099 38%
c -  5.02  0 70 36 11420 11 189028 15117 1.8 13 7 1 2 16% 27199 5099 38%
c p  5.03  0 70 36 11420 11 189028 15261 1.8 13 7 1 2 16% 27199 5099 38%
c =  5.05  0 70 36 11420 11 189028 15251 1.8 13 7 1 2 16% 27195 5041 38%
c B  5.08  0 70 36 11538 11 190036 16176 1.8 13 7 1 2 16% 27195 5041 38%
c -  5.30  0 69 37 12790 11 199897 16784 1.8 13 7 1 2 16% 27195 5041 38%
c p  5.30  0 69 37 12790 11 199897 17048 1.8 13 7 1 2 16% 27195 5041 38%
c u  5.31  0 69 37 12790 11 199897 16565 1.8 13 7 1 2 16% 27195 5041 38%
c v  5.31  0 69 37 12790 11 199897 16366 1.8 13 7 1 2 16% 27195 5041 38%
c 
c  seconds  reductions    conflicts         size  tier2      variables
c         MB      restarts       redundant     glue  trail        remaining
c          level        rate          size/glue tier1  irredundant
c 
c x  5.31  0 69 37 12790 11 199897 16366 1.8 13 7 1 2 16% 27000 5041 38%
c f  5.32  0 69 37 12790 11 199897 16362 1.8 13 7 1 2 16% 27002 5043 38%
c }  5.51  0 68 37 13799 11 209224 24929 1.8 13 7 1 2 16% 27002 5043 38%
c [  5.51  0 137 37 13799  1 209224 24929 2.1 54 25 2 3 38% 27002 5043 38%
c O  5.52  0 136 37 13799  1 210038 25699 2.1 54 25 2 3 38% 27002 5043 38%
c -  5.55  0 135 38 13800  1 211075 17573 2.1 54 25 2 3 38% 27002 5043 38%
c p  5.55  0 135 38 13800  1 211075 17698 2.1 54 25 2 3 38% 27002 5043 38%
c =  5.58  0 135 38 13800  1 211075 17680 2.1 54 25 2 3 38% 26795 4991 38%
c s  5.83  0 134 38 13801  1 220383 26323 2.1 53 25 2 3 37% 26451 4991 38%
c e  5.84  0 134 38 13801  1 220383 26184 2.1 53 25 2 3 37% 25089 4722 36%
c s  5.84  0 134 38 13801  1 220383 26132 2.1 53 25 2 3 37% 25061 4722 36%
c -  5.90  0 133 39 13801  1 222560 17988 2.1 53 25 2 3 25% 25061 4722 36%
c 2  5.90  0 133 39 13801  1 222560 17987 2.1 53 25 2 3 25% 25061 4722 36%
c p  5.90  0 133 39 13801  1 222560 18217 2.1 53 25 2 3 25% 25061 4722 36%
c =  5.92  0 133 39 13801  1 222560 18217 2.1 53 25 2 3 25% 25060 4721 36%
c u  5.93  0 133 39 13801  1 222560 17847 2.1 53 25 2 3 25% 25060 4721 36%
c v  5.94  0 133 39 13801  1 222560 17639 2.1 53 25 2 3 25% 25060 4721 36%
c w  5.94  0 133 39 13801  1 222560 17639 2.1 53 25 2 3 25% 25060 4721 36%
c f  5.94  0 133 39 13801  1 222560 17633 2.1 53 25 2 3 25% 25036 4751 36%
c B  6.11  0 133 39 13807  1 231039 25702 2.1 52 25 2 3 34% 25036 4751 36%
c 
c  seconds   reductions    conflicts         size   tier2      variables
c         MB       restarts       redundant     glue   trail        remaining
c           level        rate          size/glue  tier1  irredundant
c 
c -  6.20  0 133 40 13808  1 234356 17356 2.1 52 25 2 3 34% 25036 4751 36%
c p  6.20  0 133 40 13808  1 234356 17471 2.1 52 25 2 3 34% 25036 4751 36%
c t  6.22  0 133 40 13808  1 234356 17471 2.1 52 25 2 3 34% 25035 4751 36%
c ]  6.45  0 133 40 13814  1 242850 25580 2.1 53 26 2 3 37% 25035 4751 36%
c {  6.45  0 68 40 13814 11 242850 25580 1.8 13 7 1 2 18% 25035 4751 36%
c -  6.53  0 68 41 14221 11 246460 18031 1.8 13 7 1 2 18% 25035 4751 36%
c d  6.53  0 68 41 14221 11 246460 18021 1.8 13 7 1 2 18% 25035 4750 36%
c p  6.53  0 68 41 14221 11 246460 18132 1.8 13 7 1 2 18% 25035 4750 36%
c u  6.54  0 68 41 14221 11 246460 17583 1.8 13 7 1 2 18% 25035 4750 36%
c v  6.54  0 68 41 14221 11 246460 17321 1.8 13 7 1 2 18% 25035 4750 36%
c w  6.54  0 68 41 14221 11 246460 17319 1.8 13 7 1 2 18% 25035 4750 36%
c W  6.72  0 68 41 14951 11 253040 23406 1.8 13 7 1 2 17% 25035 4750 36%
c -  6.86  0 67 42 15632 10 258873 19056 1.8 13 7 1 2 17% 25035 4750 36%
c p  6.87  0 67 42 15632 10 258873 19302 1.8 13 7 1 2 17% 25035 4750 36%
c u  6.90  0 67 42 15632 10 258873 19204 1.8 13 7 1 2 17% 25035 4750 36%
c v  6.90  0 67 42 15632 10 258873 19128 1.8 13 7 1 2 17% 25035 4750 36%
c w  6.90  0 67 42 15632 10 258873 19127 1.8 13 7 1 2 17% 25035 4750 36%
c s  7.14  0 67 42 16816 10 268543 27746 1.8 13 8 1 2 17% 25035 4750 36%
c t  7.14  0 67 42 16816 10 268543 27740 1.8 13 8 1 2 17% 25035 4750 36%
c e  7.15  0 67 42 16816 10 268543 27731 1.8 13 8 1 2 17% 25034 4747 36%
c 
c  seconds  reductions    conflicts         size  tier2      variables
c         MB      restarts       redundant     glue  trail        remaining
c          level        rate          size/glue tier1  irredundant
c 
c s  7.16  0 67 42 16816 10 268543 27674 1.8 13 8 1 2 17% 25034 4747 36%
c ^  7.16  0 67 42 16816 10 268543 27674 1.8 13 8 1 2 17% 25034 4747 36%
c }  7.19  0 67 42 16960 10 269576 28621 1.8 13 8 1 2 17% 25034 4747 36%
c [  7.19  0 133 42 16960  1 269576 28621 2.1 53 26 2 3 37% 25034 4747 36%
c -  7.23  0 133 43 16961  1 271594 20152 2.1 52 25 2 3 38% 25034 4747 36%
c p  7.23  0 133 43 16961  1 271594 20345 2.1 52 25 2 3 38% 25034 4747 36%
c u  7.23  0 133 43 16961  1 271594 20074 2.1 52 25 2 3 38% 25034 4747 36%
c v  7.24  0 133 43 16961  1 271594 19934 2.1 52 25 2 3 38% 25034 4747 36%
c w  7.24  0 133 43 16961  1 271594 19932 2.1 52 25 2 3 38% 25034 4747 36%
c W  7.34  0 133 43 16962  1 276043 24153 2.1 52 25 2 3 37% 25034 4747 36%
c -  7.52  0 132 44 16963  1 284624 20210 2.1 53 25 2 3 37% 25034 4747 36%
c p  7.52  0 132 44 16963  1 284624 20360 2.1 53 25 2 3 37% 25034 4747 36%
c -  7.85  0 130 45 16963  1 297962 18632 2.1 54 25 2 3 38% 25034 4747 36%
c p  7.85  0 130 45 16963  1 297962 18665 2.1 54 25 2 3 38% 25034 4747 36%
c u  7.88  0 130 45 16963  1 297962 18296 2.1 54 25 2 3 38% 25034 4747 36%
c v  7.88  0 130 45 16963  1 297962 18288 2.1 54 25 2 3 38% 25034 4747 36%
c w  7.88  0 130 45 16963  1 297962 18288 2.1 54 25 2 3 38% 25034 4747 36%
c I  7.94  0 131 45 16963  1 300044 20250 2.1 53 25 2 3 38% 25034 4747 36%
c -  8.34  0 130 46 16964  1 311608 18619 2.3 56 25 2 3 41% 25034 4747 36%
c p  8.34  0 130 46 16964  1 311608 18928 2.3 56 25 2 3 41% 25034 4747 36%
c 
c  seconds   reductions    conflicts         size   tier2      variables
c         MB       restarts       redundant     glue   trail        remaining
c           level        rate          size/glue  tier1  irredundant
c 
c u  8.35  0 130 46 16964  1 311608 18811 2.3 56 25 2 3 41% 25034 4747 36%
c v  8.35  0 130 46 16964  1 311608 18794 2.3 56 25 2 3 41% 25034 4747 36%
c w  8.35  0 130 46 16964  1 311608 18792 2.3 56 25 2 3 41% 25034 4747 36%
c t  8.35  0 130 46 16964  1 311608 18791 2.3 56 25 2 3 41% 25034 4747 36%
c ]  8.36  0 130 46 16964  1 311730 18904 2.2 56 25 2 3 41% 25034 4747 36%
c {  8.36  0 67 46 16964 10 311730 18904 1.8 13 8 1 2 17% 25034 4747 36%
c s  8.59  0 67 46 17999 10 321317 27658 1.8 13 8 1 2 18% 25034 4747 36%
c e  8.61  0 67 46 17999 10 321317 21545 1.8 13 8 1 2 18% 25381 4353 33%
c s  8.62  0 67 46 17999 10 321317 21509 1.8 13 8 1 2 18% 25313 4353 33%
c e  8.62  0 67 46 17999 10 321317 21508 1.8 13 8 1 2 18% 25288 4352 33%
c F  8.70  0 67 46 18409 10 325047 24934 1.8 13 8 1 2 17% 25288 4352 33%
c -  8.71  0 67 47 18482 10 325565 17377 1.8 13 8 1 2 17% 25288 4352 33%
c 2  8.71  0 67 47 18482 10 325565 17339 1.8 13 8 1 2 17% 25288 4352 33%
c p  8.72  0 67 47 18482 10 325565 17519 1.8 13 8 1 2 17% 25288 4352 33%
c u  8.72  0 67 47 18482 10 325565 17305 1.8 13 8 1 2 17% 25288 4352 33%
c v  8.72  0 67 47 18482 10 325565 17185 1.8 13 8 1 2 17% 25288 4352 33%
c t  8.73  0 67 47 18482 10 325565 17185 1.8 13 8 1 2 17% 25286 4352 33%
c f  8.74  0 67 47 18482 10 325565 17176 1.8 13 8 1 2 17% 25234 4381 33%
c -  9.04  0 66 48 19983 10 339829 19530 1.8 14 8 1 2 17% 25234 4381 33%
c p  9.04  0 66 48 19983 10 339829 19712 1.8 14 8 1 2 17% 25234 4381 33%
c 
c  seconds  reductions    conflicts         size  tier2      variables
c         MB      restarts       redundant     glue  trail        remaining
c          level        rate          size/glue tier1  irredundant
c 
c u  9.05  0 66 48 19983 10 339829 19386 1.8 14 8 1 2 17% 25234 4381 33%
c v  9.05  0 66 48 19983 10 339829 19234 1.8 14 8 1 2 17% 25234 4381 33%
c w  9.05  0 66 48 19983 10 339829 19234 1.8 14 8 1 2 17% 25234 4381 33%
c f  9.05  0 66 48 19983 10 339829 19230 1.8 14 8 1 2 17% 25234 4383 33%
c }  9.18  0 66 48 20655 10 346595 25448 1.8 14 8 1 2 17% 25234 4383 33%
c [  9.18  0 130 48 20655  1 346595 25448 2.2 56 25 2 3 41% 25234 4383 33%
c B  9.27  0 129 48 20655  1 351048 29633 2.3 55 24 2 3 42% 25234 4383 33%
c -  9.38  0 129 49 20655  1 354404 20721 2.2 56 25 2 3 41% 25234 4383 33%
c p  9.38  0 129 49 20655  1 354404 20789 2.2 56 25 2 3 41% 25234 4383 33%
c u  9.41  0 129 49 20655  1 354404 20565 2.2 56 25 2 3 41% 25234 4383 33%
c v  9.41  0 129 49 20655  1 354404 20483 2.2 56 25 2 3 41% 25234 4383 33%
c w  9.42  0 129 49 20655  1 354404 20482 2.2 56 25 2 3 41% 25234 4383 33%
c -  9.92  0 127 50 20656  1 369286 20661 2.3 59 26 2 3 41% 25234 4383 33%
c p  9.92  0 127 50 20656  1 369286 20789 2.3 59 26 2 3 41% 25234 4383 33%
c u  9.93  0 127 50 20656  1 369286 20525 2.3 59 26 2 3 41% 25234 4383 33%
c v  9.93  0 127 50 20656  1 369286 20349 2.3 59 26 2 3 41% 25234 4383 33%
c w  9.94  0 127 50 20656  1 369286 20349 2.3 59 26 2 3 41% 25234 4383 33%
c W 10.32  0 128 50 20662  1 378051 28661 2.3 61 27 2 3 41% 25234 4383 33%
c s 10.48  0 128 50 20663  1 382246 32473 2.3 61 27 2 3 41% 25230 4383 33%
c e 10.48  0 128 50 20663  1 382246 32441 2.3 61 27 2 3 41% 25234 4377 33%
c 
c  seconds   reductions    conflicts         size   tier2      variables
c         MB       restarts       redundant     glue   trail        remaining
c           level        rate          size/glue  tier1  irredundant
c 
c s 10.50  0 128 50 20663  1 382246 32374 2.3 61 27 2 3 41% 25231 4377 33%
c - 10.55  0 128 51 20665  1 384478 20026 2.3 61 27 2 3 40% 25231 4377 33%
c p 10.55  0 128 51 20665  1 384478 20117 2.3 61 27 2 3 40% 25231 4377 33%
c u 10.56  0 128 51 20665  1 384478 19849 2.3 61 27 2 3 40% 25231 4377 33%
c v 10.57  0 128 51 20665  1 384478 19669 2.3 61 27 2 3 40% 25231 4377 33%
c w 10.57  0 128 51 20665  1 384478 19666 2.3 61 27 2 3 40% 25231 4377 33%
c f 10.57  0 128 51 20665  1 384478 19666 2.3 61 27 2 3 40% 25227 4379 33%
c ] 10.57  0 128 51 20665  1 384538 19725 2.3 61 27 2 3 40% 25227 4379 33%
c { 10.57  0 66 51 20665 10 384538 19725 1.8 14 8 1 2 17% 25227 4379 33%
c - 10.96  0 66 52 22423 10 399979 21901 1.8 14 8 1 2 17% 25227 4379 33%
c p 10.97  0 66 52 22423 10 399979 22035 1.8 14 8 1 2 17% 25227 4379 33%
c u 10.98  0 66 52 22423 10 399979 21878 1.8 14 8 1 2 17% 25227 4379 33%
c v 10.98  0 66 52 22423 10 399979 21718 1.8 14 8 1 2 17% 25227 4379 33%
c x 10.98  0 66 52 22423 10 399979 21718 1.8 14 8 1 2 17% 25227 4379 33%
c B 11.14  0 66 52 23169 10 406054 27345 1.8 14 8 1 2 17% 25227 4379 33%
c - 11.44  0 65 53 24384 10 415789 23326 1.8 14 8 1 2 17% 25227 4379 33%
c p 11.44  0 65 53 24384 10 415789 23456 1.8 14 8 1 2 17% 25227 4379 33%
c u 11.45  0 65 53 24384 10 415789 23128 1.8 14 8 1 2 17% 25227 4379 33%
c v 11.46  0 65 53 24384 10 415789 22958 1.8 14 8 1 2 17% 25227 4379 33%
c w 11.46  0 65 53 24384 10 415789 22958 1.8 14 8 1 2 17% 25227 4379 33%
c 
c  seconds  reductions    conflicts         size  tier2      variables
c         MB      restarts       redundant     glue  trail        remaining
c          level        rate          size/glue tier1  irredundant
c 
c f 11.46  0 65 53 24384 10 415789 22954 1.8 14 8 1 2 17% 25229 4380 33%
c } 11.56  0 65 53 24872 10 419584 26486 1.8 14 8 1 2 17% 25229 4380 33%
c [ 11.56  0 128 53 24872  1 419584 26486 2.3 61 27 2 3 40% 25229 4380 33%
c - 11.84  0 126 54 24877  1 431909 23849 2.2 59 26 2 3 38% 25229 4380 33%
c p 11.85  0 126 54 24877  1 431909 23926 2.2 59 26 2 3 38% 25229 4380 33%
c = 11.88  0 126 54 24877  1 431909 23926 2.2 59 26 2 3 38% 25228 4378 33%
c u 11.88  0 126 54 24877  1 431909 23720 2.2 59 26 2 3 38% 25228 4378 33%
c v 11.88  0 126 54 24877  1 431909 23633 2.2 59 26 2 3 38% 25228 4378 33%
c w 11.89  0 126 54 24877  1 431909 23633 2.2 59 26 2 3 38% 25228 4378 33%
c O 12.01  0 127 54 24877  1 435055 26711 2.2 59 27 2 3 38% 25228 4378 33%
c s 12.31  0 126 54 24884  1 447953 38528 2.2 59 26 2 3 37% 25224 4378 33%
c e 12.32  0 126 54 24884  1 447953 38511 2.2 59 26 2 3 37% 25224 4375 33%
c s 12.33  0 126 54 24884  1 447953 38449 2.2 59 26 2 3 37% 25223 4375 33%
c - 12.36  0 126 55 24884  1 448341 23399 2.2 59 26 2 3 37% 25223 4375 33%
c p 12.36  0 126 55 24884  1 448341 23446 2.2 59 26 2 3 37% 25223 4375 33%
c u 12.37  0 126 55 24884  1 448341 23301 2.2 59 26 2 3 37% 25223 4375 33%
c v 12.37  0 126 55 24884  1 448341 23178 2.2 59 26 2 3 37% 25223 4375 33%
c w 12.37  0 126 55 24884  1 448341 23173 2.2 59 26 2 3 37% 25223 4375 33%
c B 12.76  0 125 55 24892  1 465056 38908 2.2 57 26 1 2 37% 25223 4375 33%
c - 12.77  0 125 56 24892  1 465081 23028 2.2 57 26 1 2 37% 25223 4375 33%
c 
c  seconds   reductions    conflicts         size   tier2      variables
c         MB       restarts       redundant     glue   trail        remaining
c           level        rate          size/glue  tier1  irredundant
c 
c p 12.77  0 125 56 24892  1 465081 23104 2.2 57 26 1 2 37% 25223 4375 33%
c u 12.78  0 125 56 24892  1 465081 22974 2.2 57 26 1 2 37% 25223 4375 33%
c v 12.78  0 125 56 24892  1 465081 22836 2.2 57 26 1 2 37% 25223 4375 33%
c w 12.78  0 125 56 24892  1 465081 22836 2.2 57 26 1 2 37% 25223 4375 33%
c ] 13.04  0 126 56 24892  1 470706 28366 2.2 59 27 1 2 36% 25223 4375 33%
c { 13.04  0 65 56 24892 10 470706 28366 1.8 14 8 1 2 17% 25223 4375 33%
c - 13.33  0 65 57 25951 10 482133 24702 1.8 14 8 1 2 17% 25223 4375 33%
c p 13.33  0 65 57 25951 10 482133 24831 1.8 14 8 1 2 17% 25223 4375 33%
c u 13.38  0 65 57 25951 10 482133 24535 1.8 14 8 1 2 17% 25223 4375 33%
c v 13.39  0 65 57 25951 10 482133 24393 1.8 14 8 1 2 17% 25223 4375 33%
c t 13.39  0 65 57 25951 10 482133 24390 1.8 14 8 1 2 17% 25223 4375 33%
c W 13.79  0 65 57 27345  9 496058 37137 1.8 14 8 1 2 17% 25223 4375 33%
c - 13.91  0 65 58 27888 10 499491 26508 1.8 14 8 1 2 16% 25223 4375 33%
c p 13.91  0 65 58 27888 10 499491 26626 1.8 14 8 1 2 16% 25223 4375 33%
c u 13.92  0 65 58 27888 10 499491 26496 1.8 14 8 1 2 16% 25223 4375 33%
c v 13.92  0 65 58 27888 10 499491 26352 1.8 14 8 1 2 16% 25223 4375 33%
c w 13.92  0 65 58 27888 10 499491 26352 1.8 14 8 1 2 16% 25223 4375 33%
c x 13.93  0 65 58 27888 10 499491 26352 1.8 14 8 1 2 16% 25223 4375 33%
c } 14.22  0 65 58 29315 10 509930 36044 1.8 15 8 1 2 17% 25223 4375 33%
c [ 14.22  0 126 58 29315  1 509930 36044 2.2 59 27 1 2 36% 25223 4375 33%
c 
c  seconds   reductions    conflicts         size   tier2      variables
c         MB       restarts       redundant     glue   trail        remaining
c           level        rate          size/glue  tier1  irredundant
c 
c - 14.40  0 124 59 29316  1 517159 27637 2.2 59 26 1 2 37% 25223 4375 33%
c p 14.40  0 124 59 29316  1 517159 27758 2.2 59 26 1 2 37% 25223 4375 33%
c u 14.42  0 124 59 29316  1 517159 27441 2.2 59 26 1 2 37% 25223 4375 33%
c v 14.43  0 124 59 29316  1 517159 27267 2.2 59 26 1 2 37% 25223 4375 33%
c w 14.43  0 124 59 29316  1 517159 27265 2.2 59 26 1 2 37% 25223 4375 33%
c s 14.50  0 124 59 29316  1 518720 28392 2.2 59 27 1 2 37% 25219 4375 33%
c t 14.50  0 124 59 29316  1 518720 28392 2.2 59 27 1 2 37% 25218 4375 33%
c e 14.50  0 124 59 29316  1 518720 28390 2.2 59 27 1 2 37% 25221 4371 33%
c s 14.52  0 124 59 29316  1 518720 28309 2.2 59 27 1 2 37% 25221 4371 33%
c ^ 14.52  0 124 59 29316  1 518720 28309 2.2 59 27 1 2 37% 25221 4371 33%
c W 14.74  0 123 59 29317  1 528059 37062 2.2 58 26 1 2 37% 25221 4371 33%
c - 14.97  0 124 60 29322  1 535137 27346 2.2 59 27 1 2 37% 25221 4371 33%
c p 14.97  0 124 60 29322  1 535137 27459 2.2 59 27 1 2 37% 25221 4371 33%
c u 14.98  0 124 60 29322  1 535137 27397 2.2 59 27 1 2 37% 25221 4371 33%
c v 14.98  0 124 60 29322  1 535137 27290 2.2 59 27 1 2 37% 25221 4371 33%
c w 14.98  0 124 60 29322  1 535137 27288 2.2 59 27 1 2 37% 25221 4371 33%
c - 15.56  0 125 61 29331  1 553427 26453 2.2 60 28 1 2 37% 25221 4371 33%
c p 15.56  0 125 61 29331  1 553427 26513 2.2 60 28 1 2 37% 25221 4371 33%
c u 15.61  0 125 61 29331  1 553427 26329 2.2 60 28 1 2 37% 25221 4371 33%
c v 15.61  0 125 61 29331  1 553427 26319 2.2 60 28 1 2 37% 25221 4371 33%
c 
c  seconds   reductions    conflicts         size   tier2      variables
c         MB       restarts       redundant     glue   trail        remaining
c           level        rate          size/glue  tier1  irredundant
c 
c w 15.61  0 125 61 29331  1 553427 26319 2.2 60 28 1 2 37% 25221 4371 33%
c I 15.79  0 124 61 29331  1 561061 33522 2.2 60 27 1 2 38% 25221 4371 33%
c ] 15.96  0 123 61 29337  1 567869 40037 2.2 59 27 1 2 38% 25221 4371 33%
c { 15.96  0 65 61 29337 10 567869 40037 1.8 15 8 1 2 17% 25221 4371 33%
c - 16.09  0 65 62 29967 10 572027 27386 1.8 15 8 1 2 17% 25221 4371 33%
c p 16.10  0 65 62 29967 10 572027 27494 1.8 15 8 1 2 17% 25221 4371 33%
c u 16.10  0 65 62 29967 10 572027 27364 1.8 15 8 1 2 17% 25221 4371 33%
c v 16.11  0 65 62 29967 10 572027 27108 1.8 15 8 1 2 17% 25221 4371 33%
c w 16.11  0 65 62 29967 10 572027 27108 1.8 15 8 1 2 17% 25221 4371 33%
c - 16.69  0 65 63 32664 10 590936 29142 1.8 15 8 1 2 17% 25221 4371 33%
c p 16.70  0 65 63 32664 10 590936 29248 1.8 15 8 1 2 17% 25221 4371 33%
c u 16.71  0 65 63 32664 10 590936 29051 1.8 15 8 1 2 17% 25221 4371 33%
c v 16.72  0 65 63 32664 10 590936 28735 1.8 15 8 1 2 17% 25221 4371 33%
c s 16.83  0 65 63 33136 10 594580 31873 1.8 15 8 1 2 17% 25221 4371 33%
c e 16.84  0 65 63 33136 10 594580 28439 1.8 15 8 1 2 17% 25573 4175 32%
c s 16.86  0 65 63 33136 10 594580 28380 1.8 15 8 1 2 17% 25551 4175 32%
c # 16.88  0 65 63 33194 10 595063 28836 1.8 15 8 1 2 24% 25550 4175 32%
c } 17.18  0 66 63 34412 10 607433 40426 1.8 15 8 1 2 23% 25550 4175 32%
c [ 17.19  0 123 63 34412  1 607433 40426 2.2 59 27 1 2 43% 25550 4175 32%
c - 17.24  0 123 64 34413  1 610154 27697 2.2 59 26 1 2 43% 25550 4175 32%
c 
c  seconds   reductions    conflicts         size   tier2      variables
c         MB       restarts       redundant     glue   trail        remaining
c           level        rate          size/glue  tier1  irredundant
c 
c p 17.24  0 123 64 34413  1 610154 27775 2.2 59 26 1 2 43% 25550 4175 32%
c u 17.25  0 123 64 34413  1 610154 27507 2.2 59 26 1 2 43% 25550 4175 32%
c v 17.26  0 123 64 34413  1 610154 27296 2.2 59 26 1 2 43% 25550 4175 32%
c w 17.26  0 123 64 34413  1 610154 27295 2.2 59 26 1 2 43% 25550 4175 32%
c f 17.26  0 123 64 34413  1 610154 27285 2.2 59 26 1 2 43% 25530 4185 32%
c - 17.81  0 122 65 34421  1 629682 28340 2.3 59 26 1 2 43% 25530 4185 32%
c p 17.81  0 122 65 34421  1 629682 28413 2.3 59 26 1 2 43% 25530 4185 32%
c u 17.82  0 122 65 34421  1 629682 28286 2.3 59 26 1 2 43% 25530 4185 32%
c v 17.82  0 122 65 34421  1 629682 28185 2.3 59 26 1 2 43% 25530 4185 32%
c w 17.82  0 122 65 34421  1 629682 28185 2.3 59 26 1 2 43% 25530 4185 32%
c x 17.82  0 122 65 34421  1 629682 28185 2.3 59 26 1 2 43% 25500 4185 32%
c B 17.84  0 122 65 34421  1 630065 28565 2.3 59 26 1 2 43% 25500 4185 32%
c - 18.67  0 122 66 34422  1 649520 27307 2.2 62 28 1 2 42% 25500 4185 32%
c p 18.67  0 122 66 34422  1 649520 27381 2.2 62 28 1 2 42% 25500 4185 32%
c u 18.74  0 122 66 34422  1 649520 27090 2.2 62 28 1 2 42% 25500 4185 32%
c v 18.74  0 122 66 34422  1 649520 26930 2.2 62 28 1 2 42% 25500 4185 32%
c w 18.75  0 122 66 34422  1 649520 26929 2.2 62 28 1 2 42% 25500 4185 32%
c t 18.75  0 122 66 34422  1 649520 26928 2.2 62 28 1 2 42% 25500 4185 32%
c ] 19.00  0 122 66 34423  1 657010 34148 2.2 62 29 1 2 41% 25500 4185 32%
c { 19.00  0 66 66 34423 10 657010 34148 1.8 15 8 1 2 23% 25500 4185 32%
c 
c  seconds  reductions    conflicts         size  tier2      variables
c         MB      restarts       redundant     glue  trail        remaining
c          level        rate          size/glue tier1  irredundant
c 
c B 19.26  0 66 66 35504 10 666066 42584 1.8 15 9 1 2 21% 25500 4185 32%
c - 19.40  0 67 67 36037 10 669668 28251 1.8 15 9 1 2 21% 25500 4185 32%
c p 19.41  0 67 67 36037 10 669668 28324 1.8 15 9 1 2 21% 25500 4185 32%
c u 19.42  0 67 67 36037 10 669668 28142 1.8 15 9 1 2 21% 25500 4185 32%
c v 19.42  0 67 67 36037 10 669668 27830 1.8 15 9 1 2 21% 25500 4185 32%
c s 19.67  0 67 67 36998 10 678212 35653 1.8 16 9 1 2 21% 25494 4185 32%
c s 19.69  0 67 67 36998 10 678212 35614 1.8 16 9 1 2 21% 25494 4185 32%
c ^ 19.69  0 67 67 36998 10 678212 35614 1.8 16 9 1 2 21% 25494 4185 32%
c - 20.08  0 67 68 38492 10 690126 29826 1.8 16 9 1 2 21% 25494 4185 32%
c p 20.09  0 67 68 38492 10 690126 29900 1.8 16 9 1 2 21% 25494 4185 32%
c u 20.11  0 67 68 38492 10 690126 29717 1.8 16 9 1 2 21% 25494 4185 32%
c v 20.11  0 67 68 38492 10 690126 29469 1.8 16 9 1 2 21% 25494 4185 32%
c } 20.41  0 68 68 39710 10 700502 39198 1.8 16 9 1 2 22% 25494 4185 32%
c [ 20.41  0 122 68 39710  1 700502 39198 2.2 62 29 1 2 41% 25494 4185 32%
c W 20.59  0 121 68 39710  1 703067 41635 2.2 62 28 1 2 41% 25494 4185 32%
c - 20.85  0 120 69 39710  1 710894 31103 2.1 62 29 1 2 40% 25494 4185 32%
c p 20.85  0 120 69 39710  1 710894 31174 2.1 62 29 1 2 40% 25494 4185 32%
c u 20.87  0 120 69 39710  1 710894 30990 2.1 62 29 1 2 40% 25494 4185 32%
c v 20.87  0 120 69 39710  1 710894 30779 2.1 62 29 1 2 40% 25494 4185 32%
c w 20.87  0 120 69 39710  1 710894 30777 2.1 62 29 1 2 40% 25494 4185 32%
c 
c  seconds   reductions    conflicts         size   tier2      variables
c         MB       restarts       redundant     glue   trail        remaining
c           level        rate          size/glue  tier1  irredundant
c 
c - 21.51  0 118 70 39711  1 731974 30998 2.2 61 28 1 2 40% 25494 4185 32%
c p 21.52  0 118 70 39711  1 731974 31063 2.2 61 28 1 2 40% 25494 4185 32%
c u 21.52  0 118 70 39711  1 731974 30923 2.2 61 28 1 2 40% 25494 4185 32%
c v 21.53  0 118 70 39711  1 731974 30770 2.2 61 28 1 2 40% 25494 4185 32%
c w 21.53  0 118 70 39711  1 731974 30766 2.2 61 28 1 2 40% 25494 4185 32%
c O 21.84  0 118 70 39711  1 741068 39580 2.2 61 28 1 2 39% 25494 4185 32%
c - 22.16  0 115 71 39711  1 753363 29610 2.2 61 27 1 2 40% 25494 4185 32%
c p 22.16  0 115 71 39711  1 753363 29678 2.2 61 27 1 2 40% 25494 4185 32%
c u 22.17  0 115 71 39711  1 753363 29610 2.2 61 27 1 2 40% 25494 4185 32%
c v 22.17  0 115 71 39711  1 753363 29602 2.2 61 27 1 2 40% 25494 4185 32%
c w 22.17  0 115 71 39711  1 753363 29601 2.2 61 27 1 2 40% 25494 4185 32%
c s 22.60  0 113 71 39711  1 766847 42395 2.2 60 27 1 2 38% 25494 4185 32%
c t 22.60  0 113 71 39711  1 766847 42394 2.2 60 27 1 2 38% 25494 4185 32%
c e 22.62  0 113 71 39711  1 766847 29922 2.2 60 27 1 2 38% 26625 3797 29%
c s 22.63  0 113 71 39711  1 766847 29852 2.2 60 27 1 2 38% 26557 3797 29%
c e 22.63  0 113 71 39711  1 766847 27304 2.2 60 27 1 2 38% 26658 3758 28%
c ] 22.67  0 113 71 39711  1 768028 28452 2.2 60 27 1 2 26% 26658 3758 28%
c { 22.67  0 68 71 39711 10 768028 28452 1.8 16 9 1 2 24% 26658 3758 28%
c - 22.85  0 68 72 40420 10 775063 24171 1.8 16 9 1 2 23% 26658 3758 28%
c 2 22.85  0 68 72 40420 10 775063 24168 1.8 16 9 1 2 23% 26658 3758 28%
c 
c  seconds  reductions    conflicts         size  tier2      variables
c         MB      restarts       redundant     glue  trail        remaining
c          level        rate          size/glue tier1  irredundant
c 
c p 22.86  0 68 72 40420 10 775063 24239 1.8 16 9 1 2 23% 26658 3758 28%
c u 22.91  0 68 72 40420 10 775063 24047 1.8 16 9 1 2 23% 26658 3758 28%
c v 22.91  0 68 72 40420 10 775063 24045 1.8 16 9 1 2 23% 26658 3758 28%
c w 22.91  0 68 72 40420 10 775063 24045 1.8 16 9 1 2 23% 26658 3758 28%
c t 22.91  0 68 72 40420 10 775063 24045 1.8 16 9 1 2 23% 26657 3758 28%
c f 22.92  0 68 72 40420 10 775063 24036 1.8 16 9 1 2 23% 26555 3780 29%
c W 23.08  0 68 72 40888 10 780072 28701 1.8 16 9 1 2 23% 26555 3780 29%
c - 23.57  0 68 73 42789 10 797074 28127 1.8 16 9 1 2 22% 26555 3780 29%
c p 23.57  0 68 73 42789 10 797074 28189 1.8 16 9 1 2 22% 26555 3780 29%
c u 23.58  0 68 73 42789 10 797074 27972 1.8 16 9 1 2 22% 26555 3780 29%
c v 23.58  0 68 73 42789 10 797074 27840 1.8 16 9 1 2 22% 26555 3780 29%
c x 23.59  0 68 73 42789 10 797074 27840 1.8 16 9 1 2 22% 26551 3780 29%
c - 24.32  0 68 74 45645 10 819393 30428 1.8 16 9 1 2 22% 26551 3780 29%
c p 24.33  0 68 74 45645 10 819393 30480 1.8 16 9 1 2 22% 26551 3780 29%
c u 24.34  0 68 74 45645 10 819393 30055 1.8 16 9 1 2 22% 26551 3780 29%
c v 24.35  0 68 74 45645 10 819393 29810 1.8 16 9 1 2 22% 26551 3780 29%
c w 24.35  0 68 74 45645 10 819393 29810 1.8 16 9 1 2 22% 26551 3780 29%
c } 24.36  0 69 74 45678 10 819528 29935 1.8 16 9 1 2 22% 26551 3780 29%
c [ 24.36  0 113 74 45678  1 819528 29935 2.2 60 27 1 2 26% 26551 3780 29%
c B 24.37  0 113 74 45678  1 820074 30455 2.2 59 27 1 2 32% 26551 3780 29%
c 
c  seconds   reductions    conflicts         size   tier2      variables
c         MB       restarts       redundant     glue   trail        remaining
c           level        rate          size/glue  tier1  irredundant
c 
c - 25.14  0 115 75 45678  1 842026 30834 2.3 61 26 1 2 48% 26551 3780 29%
c p 25.14  0 115 75 45678  1 842026 30873 2.3 61 26 1 2 48% 26551 3780 29%
c u 25.15  0 115 75 45678  1 842026 30738 2.3 61 26 1 2 48% 26551 3780 29%
c v 25.15  0 115 75 45678  1 842026 30548 2.3 61 26 1 2 48% 26551 3780 29%
c w 25.16  0 115 75 45678  1 842026 30547 2.3 61 26 1 2 48% 26551 3780 29%
c W 25.88  0 116 75 45688  1 861076 48761 2.3 63 27 1 2 46% 26551 3780 29%
c - 26.07  0 116 76 45691  1 864967 29483 2.3 64 28 1 2 46% 26551 3780 29%
c p 26.07  0 116 76 45691  1 864967 29522 2.3 64 28 1 2 46% 26551 3780 29%
c u 26.08  0 116 76 45691  1 864967 29294 2.3 64 28 1 2 46% 26551 3780 29%
c v 26.09  0 116 76 45691  1 864967 29037 2.3 64 28 1 2 46% 26551 3780 29%
c w 26.09  0 116 76 45691  1 864967 29036 2.3 64 28 1 2 46% 26551 3780 29%
c s 26.21  0 117 76 45692  1 868603 32243 2.3 64 28 1 2 46% 26542 3780 29%
c e 26.21  0 117 76 45692  1 868603 32022 2.3 64 28 1 2 46% 26563 3774 28%
c s 26.23  0 117 76 45692  1 868603 31936 2.3 64 28 1 2 46% 26558 3774 28%
c ] 26.85  0 118 76 45698  1 885032 47904 2.3 65 29 1 2 43% 26558 3774 28%
c { 26.85  0 69 76 45698 10 885032 47904 1.8 16 9 1 2 22% 26558 3774 28%
c - 26.97  0 69 77 46021 10 888217 30070 1.8 17 9 1 2 22% 26558 3774 28%
c p 26.98  0 69 77 46021 10 888217 30104 1.8 17 9 1 2 22% 26558 3774 28%
c u 26.99  0 69 77 46021 10 888217 29822 1.8 17 9 1 2 22% 26558 3774 28%
c v 26.99  0 69 77 46021 10 888217 29595 1.8 17 9 1 2 22% 26558 3774 28%
c 
c  seconds  reductions    conflicts         size  tier2      variables
c         MB      restarts       redundant     glue  trail        remaining
c          level        rate          size/glue tier1  irredundant
c 
c w 26.99  0 69 77 46021 10 888217 29595 1.8 17 9 1 2 22% 26558 3774 28%
c F 27.45  0 69 77 47901 10 903077 43569 1.8 17 9 1 2 22% 26558 3774 28%
c - 27.82  0 70 78 49165 10 911778 32194 1.8 17 9 1 2 22% 26558 3774 28%
c p 27.83  0 70 78 49165 10 911778 32229 1.8 17 9 1 2 22% 26558 3774 28%
c u 27.86  0 70 78 49165 10 911778 31994 1.8 17 9 1 2 22% 26558 3774 28%
c v 27.86  0 70 78 49165 10 911778 31674 1.8 17 9 1 2 22% 26558 3774 28%
c } 28.62  0 70 78 51946 10 932548 51216 1.8 17 9 1 2 22% 26558 3774 28%
c [ 28.62  0 118 78 51946  1 932548 51216 2.3 65 29 1 2 43% 26558 3774 28%
c - 28.75  0 118 79 51948  1 935649 33782 2.3 65 29 1 2 42% 26558 3774 28%
c p 28.75  0 118 79 51948  1 935649 33814 2.3 65 29 1 2 42% 26558 3774 28%
c u 28.84  0 118 79 51948  1 935649 33462 2.3 65 29 1 2 42% 26558 3774 28%
c v 28.85  0 118 79 51948  1 935649 33220 2.3 65 29 1 2 42% 26558 3774 28%
c w 28.85  0 118 79 51948  1 935649 33220 2.3 65 29 1 2 42% 26558 3774 28%
c I 29.16  0 117 79 51954  1 946078 43228 2.2 64 29 1 2 40% 26558 3774 28%
c - 29.56  0 116 80 51956  1 959831 34090 2.2 63 28 1 2 41% 26558 3774 28%
c p 29.56  0 116 80 51956  1 959831 34118 2.2 63 28 1 2 41% 26558 3774 28%
c u 29.57  0 116 80 51956  1 959831 34061 2.2 63 28 1 2 41% 26558 3774 28%
c v 29.57  0 116 80 51956  1 959831 33864 2.2 63 28 1 2 41% 26558 3774 28%
c w 29.57  0 116 80 51956  1 959831 33861 2.2 63 28 1 2 41% 26558 3774 28%
c - 30.23  0 114 81 51963  1 984323 33063 2.2 61 28 1 2 41% 26558 3774 28%
c 
c  seconds   reductions    conflicts         size   tier2      variables
c         MB       restarts       redundant     glue   trail        remaining
c           level        rate          size/glue  tier1  irredundant
c 
c p 30.23  0 114 81 51963  1 984323 33095 2.2 61 28 1 2 41% 26558 3774 28%
c u 30.24  0 114 81 51963  1 984323 32966 2.2 61 28 1 2 41% 26558 3774 28%
c v 30.24  0 114 81 51963  1 984323 32790 2.2 61 28 1 2 41% 26558 3774 28%
c w 30.24  0 114 81 51963  1 984323 32788 2.2 61 28 1 2 41% 26558 3774 28%
c B 30.45  0 114 81 51965  1 990080 38307 2.2 61 28 1 2 41% 26558 3774 28%
c - 31.00  0 115 82 51972  1 1009127 33473 2.2 61 28 1 2 40% 26558 3774 28%
c p 31.01  0 115 82 51972  1 1009127 33505 2.2 61 28 1 2 40% 26558 3774 28%
c u 31.01  0 115 82 51972  1 1009127 33433 2.2 61 28 1 2 40% 26558 3774 28%
c v 31.02  0 115 82 51972  1 1009127 33276 2.2 61 28 1 2 40% 26558 3774 28%
c w 31.02  0 115 82 51972  1 1009127 33275 2.2 61 28 1 2 40% 26558 3774 28%
c ] 31.38  0 115 82 51979  1 1021064 44580 2.2 61 28 1 2 40% 26558 3774 28%
c { 31.38  0 70 82 51979 10 1021064 44580 1.8 17 9 1 2 22% 26558 3774 28%
c - 31.89  0 71 83 53596 11 1034242 35231 1.8 17 9 1 2 22% 26558 3774 28%
c p 31.89  0 71 83 53596 11 1034242 35262 1.8 17 9 1 2 22% 26558 3774 28%
c u 31.91  0 71 83 53596 11 1034242 35094 1.8 17 9 1 2 22% 26558 3774 28%
c v 31.92  0 71 83 53596 11 1034242 34792 1.8 17 9 1 2 22% 26558 3774 28%
c w 31.92  0 71 83 53596 11 1034242 34790 1.8 17 9 1 2 22% 26558 3774 28%
c B 31.95  0 71 83 53709 11 1035082 35582 1.8 17 9 1 2 22% 26558 3774 28%
c - 32.93  0 72 84 56823 11 1059666 36943 1.8 18 10 1 2 22% 26558 3774 28%
c p 32.93  0 72 84 56823 11 1059666 36979 1.8 18 10 1 2 22% 26558 3774 28%
c 
c  seconds  reductions     conflicts         size   tier2      variables
c         MB      restarts        redundant     glue   trail        remaining
c          level        rate           size/glue  tier1  irredundant
c 
c u 32.95  0 72 84 56823 11 1059666 36702 1.8 18 10 1 2 22% 26558 3774 28%
c v 32.96  0 72 84 56823 11 1059666 36362 1.8 18 10 1 2 22% 26558 3774 28%
c } 33.39  0 72 84 58283 11 1071782 47780 1.8 18 10 1 2 22% 26558 3774 28%
c [ 33.39  0 115 84 58283  1 1071782 47780 2.2 61 28 1 2 40% 26558 3774 28%
c s 33.51  0 114 84 58283  1 1073843 49345 2.2 61 28 1 2 40% 26558 3774 28%
c s 33.54  0 114 84 58283  1 1073843 49244 2.2 61 28 1 2 40% 26558 3774 28%
c ^ 33.54  0 114 84 58283  1 1073843 49244 2.2 61 28 1 2 40% 26558 3774 28%
c W 33.92  0 114 84 58289  1 1081083 56198 2.2 60 27 1 2 39% 26558 3774 28%
c - 34.02  0 113 85 58290  1 1085401 37620 2.2 59 27 1 2 39% 26558 3774 28%
c p 34.02  0 113 85 58290  1 1085401 37655 2.2 59 27 1 2 39% 26558 3774 28%
c u 34.03  0 113 85 58290  1 1085401 37447 2.2 59 27 1 2 39% 26558 3774 28%
c v 34.04  0 113 85 58290  1 1085401 37287 2.2 59 27 1 2 39% 26558 3774 28%
c w 34.04  0 113 85 58290  1 1085401 37284 2.2 59 27 1 2 39% 26558 3774 28%
c - 35.07  0 112 86 58292  1 1111446 37923 2.2 61 28 1 2 39% 26558 3774 28%
c p 35.07  0 112 86 58292  1 1111446 37959 2.2 61 28 1 2 39% 26558 3774 28%
c u 35.09  0 112 86 58292  1 1111446 37850 2.2 61 28 1 2 39% 26558 3774 28%
c v 35.09  0 112 86 58292  1 1111446 37606 2.2 61 28 1 2 39% 26558 3774 28%
c w 35.10  0 112 86 58292  1 1111446 37603 2.2 61 28 1 2 39% 26558 3774 28%
c O 35.72  0 110 86 58293  1 1128084 53726 2.1 61 28 1 2 37% 26558 3774 28%
c - 36.18  0 109 87 58293  1 1137803 36316 2.2 62 29 1 2 37% 26558 3774 28%
c 
c  seconds   reductions     conflicts         size   tier2      variables
c         MB       restarts        redundant     glue   trail        remaining
c           level        rate           size/glue  tier1  irredundant
c 
c p 36.19  0 109 87 58293  1 1137803 36350 2.2 62 29 1 2 37% 26558 3774 28%
c u 36.27  0 109 87 58293  1 1137803 36173 2.2 62 29 1 2 37% 26558 3774 28%
c v 36.27  0 109 87 58293  1 1137803 36030 2.2 62 29 1 2 37% 26558 3774 28%
c w 36.28  0 109 87 58293  1 1137803 36029 2.2 62 29 1 2 37% 26558 3774 28%
c ] 36.57  0 109 87 58296  1 1148333 45993 2.1 61 28 1 2 36% 26558 3774 28%
c { 36.57  0 72 87 58296 11 1148333 45993 1.8 18 10 1 2 22% 26558 3774 28%
c - 37.24  0 73 88 60045 10 1164469 38039 1.9 18 10 1 2 23% 26558 3774 28%
c p 37.24  0 73 88 60045 10 1164469 38076 1.9 18 10 1 2 23% 26558 3774 28%
c u 37.26  0 73 88 60045 10 1164469 38003 1.9 18 10 1 2 23% 26558 3774 28%
c v 37.27  0 73 88 60045 10 1164469 37792 1.9 18 10 1 2 23% 26558 3774 28%
c W 37.80  0 73 88 61433 11 1176086 48824 1.9 18 10 1 2 23% 26558 3774 28%
c s 38.21  0 73 88 62296 10 1186443 58267 1.9 18 10 1 2 22% 26558 3774 28%
c e 38.23  0 73 88 62296 10 1186443 38895 1.9 18 10 1 2 22% 28538 3485 26%
c s 38.26  0 73 88 62296 10 1186443 38759 1.9 18 10 1 2 22% 28345 3485 26%
c e 38.26  0 73 88 62296 10 1186443 38502 1.9 18 10 1 2 22% 28355 3480 26%
c - 38.40  0 73 89 62606 10 1191448 30343 1.9 18 10 1 2 22% 28355 3480 26%
c 2 38.40  0 73 89 62606 10 1191448 30341 1.9 18 10 1 2 22% 28354 3480 26%
c p 38.40  0 73 89 62606 10 1191448 30383 1.9 18 10 1 2 22% 28354 3480 26%
c u 38.43  0 73 89 62606 10 1191448 30053 1.9 18 10 1 2 22% 28354 3480 26%
c v 38.43  0 73 89 62606 10 1191448 29836 1.9 18 10 1 2 22% 28354 3480 26%
c 
c  seconds  reductions     conflicts         size   tier2      variables
c         MB      restarts        redundant     glue   trail        remaining
c          level        rate           size/glue  tier1  irredundant
c 
c f 38.45  0 73 89 62606 10 1191448 29836 1.9 18 10 1 2 22% 28255 3491 26%
c } 39.09  0 73 89 64506 10 1214065 51090 1.9 18 10 1 2 22% 28255 3491 26%
c [ 39.09  0 109 89 64506  1 1214065 51090 2.1 61 28 1 2 36% 28255 3491 26%
c - 39.24  0 109 90 64509  1 1218737 34398 2.1 60 28 1 2 36% 28255 3491 26%
c p 39.24  0 109 90 64509  1 1218737 34440 2.1 60 28 1 2 36% 28255 3491 26%
c u 39.26  0 109 90 64509  1 1218737 34220 2.1 60 28 1 2 36% 28255 3491 26%
c v 39.27  0 109 90 64509  1 1218737 34045 2.1 60 28 1 2 36% 28255 3491 26%
c w 39.27  0 109 90 64509  1 1218737 34045 2.1 60 28 1 2 36% 28255 3491 26%
c B 39.41  0 109 90 64512  1 1225090 40082 2.1 59 28 1 2 35% 28255 3491 26%
c - 40.03  0 109 91 64520  1 1246340 35708 2.1 57 27 1 2 34% 28255 3491 26%
c p 40.04  0 109 91 64520  1 1246340 35744 2.1 57 27 1 2 34% 28255 3491 26%
c u 40.05  0 109 91 64520  1 1246340 35536 2.1 57 27 1 2 34% 28255 3491 26%
c v 40.05  0 109 91 64520  1 1246340 35382 2.1 57 27 1 2 34% 28255 3491 26%
c w 40.05  0 109 91 64520  1 1246340 35381 2.1 57 27 1 2 34% 28255 3491 26%
c - 41.14  0 110 92 64533  1 1274251 35172 2.1 61 29 1 2 35% 28255 3491 26%
c p 41.14  0 110 92 64533  1 1274251 35205 2.1 61 29 1 2 35% 28255 3491 26%
c u 41.15  0 110 92 64533  1 1274251 35066 2.1 61 29 1 2 35% 28255 3491 26%
c v 41.16  0 110 92 64533  1 1274251 34890 2.1 61 29 1 2 35% 28255 3491 26%
c w 41.16  0 110 92 64533  1 1274251 34890 2.1 61 29 1 2 35% 28255 3491 26%
c x 41.16  0 110 92 64533  1 1274251 34890 2.1 61 29 1 2 35% 28227 3491 26%
c 
c  seconds   reductions     conflicts         size   tier2      variables
c         MB       restarts        redundant     glue   trail        remaining
c           level        rate           size/glue  tier1  irredundant
c 
c W 41.27  0 110 92 64533  1 1275093 35708 2.1 61 29 1 2 35% 28227 3491 26%
c - 42.57  0 111 93 64540  1 1302471 35300 2.1 65 30 1 2 34% 28227 3491 26%
c p 42.57  0 111 93 64540  1 1302471 35326 2.1 65 30 1 2 34% 28227 3491 26%
c u 42.59  0 111 93 64540  1 1302471 35208 2.1 65 30 1 2 34% 28227 3491 26%
c v 42.60  0 111 93 64540  1 1302471 34880 2.1 65 30 1 2 34% 28227 3491 26%
c w 42.60  0 111 93 64540  1 1302471 34880 2.1 65 30 1 2 34% 28227 3491 26%
c ] 42.63  0 111 93 64541  1 1303183 35570 2.1 64 30 1 2 34% 28227 3491 26%
c { 42.63  0 73 93 64541 10 1303183 35570 1.9 18 10 1 2 22% 28227 3491 26%
c s 42.96  0 73 93 65544 10 1313555 45001 1.9 19 10 1 2 22% 28148 3491 26%
c t 42.96  0 73 93 65544 10 1313555 45001 1.9 19 10 1 2 22% 28147 3491 26%
c e 42.97  0 73 93 65544 10 1313555 44323 1.9 19 10 1 2 22% 28177 3485 26%
c s 42.99  0 73 93 65544 10 1313555 44231 1.9 19 10 1 2 22% 28166 3485 26%
c # 43.47  0 73 93 66842 10 1326094 56030 1.9 19 10 1 2 22% 28166 3485 26%
c - 43.72  0 73 94 67413 10 1331003 37424 1.9 19 10 1 2 22% 28166 3485 26%
c p 43.72  0 73 94 67413 10 1331003 37450 1.9 19 10 1 2 22% 28166 3485 26%
c u 43.74  0 73 94 67413 10 1331003 37293 1.9 19 10 1 2 22% 28166 3485 26%
c v 43.75  0 73 94 67413 10 1331003 36970 1.9 19 10 1 2 22% 28166 3485 26%
c - 44.93  0 73 95 70658 10 1359845 39595 1.9 19 10 1 2 21% 28166 3485 26%
c p 44.93  0 73 95 70658 10 1359845 39623 1.9 19 10 1 2 21% 28166 3485 26%
c u 44.95  0 73 95 70658 10 1359845 39389 1.9 19 10 1 2 21% 28166 3485 26%
c 
c  seconds  reductions     conflicts         size   tier2      variables
c         MB      restarts        redundant     glue   trail        remaining
c          level        rate           size/glue  tier1  irredundant
c 
c v 44.96  0 73 95 70658 10 1359845 39101 1.9 19 10 1 2 21% 28166 3485 26%
c w 44.96  0 73 95 70658 10 1359845 39100 1.9 19 10 1 2 21% 28166 3485 26%
c } 45.26  0 73 95 71558 10 1367570 46373 1.9 19 10 1 2 21% 28166 3485 26%
c [ 45.26  0 111 95 71558  1 1367570 46373 2.1 64 30 1 2 34% 28166 3485 26%
c I 45.51  0 110 95 71564  1 1378096 56441 2.1 63 29 1 2 35% 28166 3485 26%
c - 45.86  0 110 96 71566  1 1389000 40550 2.1 63 29 1 2 35% 28166 3485 26%
c p 45.87  0 110 96 71566  1 1389000 40576 2.1 63 29 1 2 35% 28166 3485 26%
c u 45.93  0 110 96 71566  1 1389000 40515 2.1 63 29 1 2 35% 28166 3485 26%
c v 45.94  0 110 96 71566  1 1389000 40335 2.1 63 29 1 2 35% 28166 3485 26%
c w 45.94  0 110 96 71566  1 1389000 40335 2.1 63 29 1 2 35% 28166 3485 26%
c - 46.82  0 109 97 71581  1 1418463 40427 2.1 60 28 1 2 35% 28166 3485 26%
c p 46.82  0 109 97 71581  1 1418463 40453 2.1 60 28 1 2 35% 28166 3485 26%
c u 46.84  0 109 97 71581  1 1418463 40344 2.1 60 28 1 2 35% 28166 3485 26%
c v 46.84  0 109 97 71581  1 1418463 40201 2.1 60 28 1 2 35% 28166 3485 26%
c B 47.27  0 111 97 71582  1 1431097 52203 2.1 60 29 1 2 36% 28166 3485 26%
c - 48.07  0 109 98 71583  1 1448239 39530 2.1 62 30 1 2 36% 28166 3485 26%
c p 48.07  0 109 98 71583  1 1448239 39555 2.1 62 30 1 2 36% 28166 3485 26%
c u 48.09  0 109 98 71583  1 1448239 39415 2.1 62 30 1 2 36% 28166 3485 26%
c v 48.10  0 109 98 71583  1 1448239 39049 2.1 62 30 1 2 36% 28166 3485 26%
c w 48.10  0 109 98 71583  1 1448239 39047 2.1 62 30 1 2 36% 28166 3485 26%
c 
c  seconds   reductions     conflicts         size   tier2      variables
c         MB       restarts        redundant     glue   trail        remaining
c           level        rate           size/glue  tier1  irredundant
c 
c ] 48.92  0 109 98 71583  1 1472500 62411 2.1 61 29 1 2 36% 28166 3485 26%
c { 48.92  0 73 98 71583 10 1472500 62411 1.9 19 10 1 2 21% 28166 3485 26%
c - 49.17  0 73 99 72131 10 1478324 40377 1.9 19 10 1 2 21% 28166 3485 26%
c p 49.17  0 73 99 72131 10 1478324 40402 1.9 19 10 1 2 21% 28166 3485 26%
c u 49.19  0 73 99 72131 10 1478324 40348 1.9 19 10 1 2 21% 28166 3485 26%
c v 49.20  0 73 99 72131 10 1478324 40100 1.9 19 10 1 2 21% 28166 3485 26%
c w 49.20  0 73 99 72131 10 1478324 40100 1.9 19 10 1 2 21% 28166 3485 26%
c B 49.42  0 73 99 72823 10 1485099 46453 1.9 19 10 1 2 21% 28166 3485 26%
c - 50.45  0 73 100 75408 10 1508721 43017 1.9 19 10 1 2 21% 28166 3485 26%
c p 50.45  0 73 100 75408 10 1508721 43042 1.9 19 10 1 2 21% 28166 3485 26%
c u 50.47  0 73 100 75408 10 1508721 42916 1.9 19 10 1 2 21% 28166 3485 26%
c v 50.48  0 73 100 75408 10 1508721 42624 1.9 19 10 1 2 21% 28166 3485 26%
c - 51.69  0 73 101 78361  9 1539428 44827 1.9 20 10 1 2 21% 28166 3485 26%
c p 51.70  0 73 101 78361  9 1539428 44852 1.9 20 10 1 2 21% 28166 3485 26%
c u 51.73  0 73 101 78361  9 1539428 44672 1.9 20 10 1 2 21% 28166 3485 26%
c v 51.74  0 73 101 78361  9 1539428 44330 1.9 20 10 1 2 21% 28166 3485 26%
c W 52.04  0 73 101 78425  9 1540100 44964 1.9 20 10 1 2 21% 28166 3485 26%
c } 52.04  0 73 101 78432  9 1540317 45159 1.9 20 10 1 2 21% 28166 3485 26%
c [ 52.04  0 109 101 78432  1 1540317 45159 2.1 61 29 1 2 36% 28166 3485 26%
c - 53.16  0 106 102 78433  1 1570447 45334 2.2 61 28 1 2 37% 28166 3485 26%
c 
c  seconds    reductions     conflicts         size   tier2      variables
c         MB        restarts        redundant     glue   trail        remaining
c           level         rate           size/glue  tier1  irredundant
c 
c p 53.17  0 106 102 78433  1 1570447 45357 2.2 61 28 1 2 37% 28166 3485 26%
c u 53.18  0 106 102 78433  1 1570447 45293 2.2 61 28 1 2 37% 28166 3485 26%
c v 53.19  0 106 102 78433  1 1570447 45105 2.2 61 28 1 2 37% 28166 3485 26%
c w 53.19  0 106 102 78433  1 1570447 45102 2.2 61 28 1 2 37% 28166 3485 26%
c W 54.29  0 105 102 78433  1 1596101 69949 2.1 61 29 1 2 35% 28166 3485 26%
c s 54.51  0 105 102 78433  1 1599735 72968 2.1 62 30 1 2 35% 28155 3485 26%
c s 54.55  0 105 102 78433  1 1599735 72818 2.1 62 30 1 2 35% 28155 3485 26%
c - 54.66  0 106 103 78433  1 1601777 43329 2.1 62 30 1 2 35% 28155 3485 26%
c p 54.66  0 106 103 78433  1 1601777 43352 2.1 62 30 1 2 35% 28155 3485 26%
c u 54.67  0 106 103 78433  1 1601777 43203 2.1 62 30 1 2 35% 28155 3485 26%
c v 54.68  0 106 103 78433  1 1601777 43019 2.1 62 30 1 2 35% 28155 3485 26%
c w 54.68  0 106 103 78433  1 1601777 43018 2.1 62 30 1 2 35% 28155 3485 26%
c x 54.69  0 106 103 78433  1 1601777 43018 2.1 62 30 1 2 35% 28080 3485 26%
c - 55.75  0 105 104 78434  1 1633418 42259 2.1 62 30 1 2 35% 28080 3485 26%
c p 55.75  0 105 104 78434  1 1633418 42281 2.1 62 30 1 2 35% 28080 3485 26%
c u 55.76  0 105 104 78434  1 1633418 42235 2.1 62 30 1 2 35% 28080 3485 26%
c v 55.76  0 105 104 78434  1 1633418 42227 2.1 62 30 1 2 35% 28080 3485 26%
c w 55.77  0 105 104 78434  1 1633418 42227 2.1 62 30 1 2 35% 28080 3485 26%
c ] 56.16  0 105 104 78434  1 1638116 46802 2.2 66 30 1 2 36% 28080 3485 26%
c { 56.16  0 73 104 78434  9 1638116 46802 1.9 20 10 1 2 21% 28080 3485 26%
c 
c  seconds   reductions     conflicts         size   tier2      variables
c         MB       restarts        redundant     glue   trail        remaining
c          level         rate           size/glue  tier1  irredundant
c 
c F 56.73  0 73 104 79957  9 1653102 60990 1.9 20 10 1 2 21% 28080 3485 26%
c - 57.31  0 73 105 81228  9 1665370 45069 1.9 20 10 1 2 21% 28080 3485 26%
c p 57.31  0 73 105 81228  9 1665370 45089 1.9 20 10 1 2 21% 28080 3485 26%
c u 57.34  0 73 105 81228  9 1665370 44996 1.9 20 10 1 2 21% 28080 3485 26%
c v 57.35  0 73 105 81228  9 1665370 44700 1.9 20 10 1 2 21% 28080 3485 26%
c - 58.78  0 74 106 84632  9 1697633 47425 1.9 20 11 1 2 21% 28080 3485 26%
c p 58.79  0 74 106 84632  9 1697633 47445 1.9 20 11 1 2 21% 28080 3485 26%
c = 58.90  0 74 106 84632  9 1697633 47444 1.9 20 11 1 2 21% 28080 3484 26%
c u 58.93  0 74 106 84632  9 1697633 47315 1.9 20 11 1 2 21% 28080 3484 26%
c v 58.94  0 74 106 84632  9 1697633 46985 1.9 20 11 1 2 21% 28080 3484 26%
c } 59.34  0 73 106 85700  9 1709785 58328 1.9 20 11 1 2 21% 28080 3484 26%
c [ 59.34  0 105 106 85700  1 1709785 58328 2.2 66 30 1 2 36% 28080 3484 26%
c O 59.37  0 105 106 85700  1 1711103 59577 2.2 65 30 1 2 36% 28080 3484 26%
c ] 59.83  0 104 106 85700  1 1725373 73283 2.2 63 29 1 2 36% 28080 3484 26%
c ? 59.83  0 104 106 85700  1 1725373 73283 2.2 63 29 1 2 36% 28080 3484 26%
c 
c --- [ result ] -------------------------------------------------------------
c 
c UNKNOWN
c 
c --- [ run-time profiling ] -------------------------------------------------
c 
c process time taken by individual solving procedures
c (percentage relative to process time for solving)
c 
c        55.69   93.12% search
c        31.07   51.96% stable
c        23.38   39.08% unstable
c         4.11    6.87% simplify
c         1.24    2.08% vivify
c         1.24    2.08% walk
c         0.92    1.53% sweep
c         0.56    0.93% subsume
c         0.48    0.79% factor
c         0.27    0.45% congruence
c         0.20    0.34% elim
c         0.10    0.17% ternary
c         0.10    0.16% probe
c         0.07    0.12% preprocess
c         0.03    0.05% backbone
c         0.02    0.03% fastelim
c         0.02    0.03% parse
c         0.00    0.01% lucky
c   =================================
c        59.81   99.97% solve
c 
c last line shows process time for solving
c (percentage relative to total process time)
c 
c --- [ statistics ] ---------------------------------------------------------
c 
c chronological:            473930        27.47 %  of conflicts
c conflicts:               1725373     28848.09    per second
c backbone:                1584338     11129.88 %  of vars
c decisions:               8544701    142866.68    per second
c eliminated:                 7393        51.94 %  of all variables
c factored:                    987        26.03 %  of variables
c fixed:                      1257         8.83 %  of all variables
c learned:                 1671276        96.86 %  per conflict
c learned_lits:           82601950       100.00 %  learned literals
c minimized:                     0         0.00 %  learned literals
c shrunken:                4364670         5.28 %  learned literals
c minishrunken:            8219364         9.95 %  learned literals
c otfs:                      25963         1.50 %  of conflict
c propagations:          244602011         4.09 M  per second
c reduced:                 1465000        84.91 %  per conflict
c rephased:                     58     29747.81    interval
c restarts:                  85700        20.13    interval
c stabilizing:                  23        56.49 %  of conflicts
c substituted:                2101        14.76 %  of all variables
c sweep equivs:                557         9.32 %  of swept variables
c subsumed:                  61489         3.40 %  of all clauses
c strengthened:              71454         3.95 %  of all clauses
c ticks:                3635505057        15.19    propagation
c vivified:                  15587         0.86 %  of all clauses
c walked:                       18     95854.06    interval
c weakened:                  45076         2.90    average size
c congruence:                   29     59495.62    interval
c 
c seconds are measured in process time for solving
c 
c --- [ glue usage ] ---------------------------------------------------------
c 
c focused glue 1 used 3514759 clauses 69.31% accumulated 69.31% tier1
c focused glue 2 used 766575 clauses 15.11% accumulated 84.42% tier2
c 
c stable glue 1 used 6369123 clauses 56.06% accumulated 56.06% tier1
c stable glue 2 used 1583110 clauses 13.93% accumulated 70.00% tier2
c 
c 
c --- [ resources ] ----------------------------------------------------------
c 
c total process time since initialization:        59.83    seconds
c total real time since initialization:           60.01    seconds
c maximum resident set size of process:        85744.00    MB
c 
c --- [ shutting down ] ------------------------------------------------------
c 
c exit 0
c Timeout reached! 😅 This instance is a real thinker.
c 🚧 🚧 🚧 Please consider contributing it to the page
c https://mysolvertimesout.org/#sat in order to improve
c automated reasoning. 🚧 🚧 🚧
