=== HIERARCHICAL SUB-CUBE REFINEMENT FOR sr=61 ===
Candidate: M[0]=0x17149975 (sr=60 winner)
Top-level cubes: ['0x3a3', '0xd44', '0x9d4a', '0x4cf5', '0x5d24']
For each, search 2^16 sub-cubes × 8192 samples each


--- top cube 0x03a3 ---
  0% (0s) best=91
  7% (1s) best=82
  13% (1s) best=82
  19% (2s) best=82
  25% (3s) best=82
  32% (3s) best=82
  38% (4s) best=82
  44% (4s) best=82
  50% (5s) best=82
  57% (5s) best=82
  63% (6s) best=82
  69% (6s) best=82
  75% (7s) best=82
  82% (8s) best=82
  88% (8s) best=82
  94% (9s) best=77
  Done in 10s. Top 5 sub-cubes:
    full=0x03a3e566  min_hw=77
    full=0x03a30aa5  min_hw=82
    full=0x03a369a6  min_hw=82
    full=0x03a31d23  min_hw=83
    full=0x03a34145  min_hw=83

--- top cube 0x0d44 ---
  0% (0s) best=86
  7% (1s) best=85
  13% (1s) best=85
  19% (2s) best=85
  25% (3s) best=85
  32% (3s) best=84
  38% (4s) best=84
  44% (5s) best=84
  50% (6s) best=82
  57% (6s) best=82
  63% (7s) best=82
  69% (8s) best=82
  75% (8s) best=81
  82% (9s) best=81
  88% (10s) best=81
  94% (11s) best=81
  Done in 11s. Top 5 sub-cubes:
    full=0x0d44b378  min_hw=81
    full=0x0d44c6bb  min_hw=81
    full=0x0d447bce  min_hw=82
    full=0x0d44e325  min_hw=82
    full=0x0d44d9a4  min_hw=83

--- top cube 0x9d4a ---
  0% (0s) best=90
  7% (1s) best=83
  13% (2s) best=83
  19% (3s) best=83
  25% (3s) best=83
  32% (4s) best=83
  38% (5s) best=83
  44% (6s) best=82
  50% (7s) best=82
  57% (8s) best=82
  63% (9s) best=82
  69% (10s) best=82
  75% (11s) best=82
  82% (12s) best=82
  88% (13s) best=82
  94% (14s) best=82
  Done in 15s. Top 5 sub-cubes:
    full=0x9d4a6c40  min_hw=82
    full=0x9d4a068f  min_hw=83
    full=0x9d4a4904  min_hw=84
    full=0x9d4a7530  min_hw=84
    full=0x9d4a8631  min_hw=84

--- top cube 0x4cf5 ---
  0% (0s) best=90
  7% (1s) best=85
  13% (1s) best=85
  19% (2s) best=85
  25% (2s) best=82
  32% (3s) best=82
  38% (4s) best=82
  44% (4s) best=82
  50% (5s) best=82
  57% (5s) best=82
  63% (6s) best=82
  69% (7s) best=82
  75% (7s) best=82
  82% (8s) best=82
  88% (9s) best=82
  94% (9s) best=82
  Done in 10s. Top 5 sub-cubes:
    full=0x4cf537ab  min_hw=82
    full=0x4cf5fc9d  min_hw=82
    full=0x4cf575d9  min_hw=83
    full=0x4cf5929b  min_hw=83
    full=0x4cf5c544  min_hw=83

--- top cube 0x5d24 ---
  0% (0s) best=90
  7% (1s) best=85
  13% (1s) best=81
  19% (2s) best=81
  25% (3s) best=81
  32% (3s) best=81
  38% (4s) best=81
  44% (5s) best=81
  50% (6s) best=81
  57% (6s) best=81
  63% (7s) best=81
  69% (8s) best=80
  75% (9s) best=80
  82% (9s) best=80
  88% (10s) best=80
  94% (11s) best=80
  Done in 11s. Top 5 sub-cubes:
    full=0x5d24aca2  min_hw=80
    full=0x5d241131  min_hw=81
    full=0x5d241979  min_hw=82
    full=0x5d242590  min_hw=82
    full=0x5d2430d0  min_hw=82

=== OVERALL TOP 10 32-bit prefixes ===
  W1[57]=0x03a3e566  min_hw=77
  W1[57]=0x5d24aca2  min_hw=80
  W1[57]=0x0d44b378  min_hw=81
  W1[57]=0x0d44c6bb  min_hw=81
  W1[57]=0x5d241131  min_hw=81
  W1[57]=0x03a30aa5  min_hw=82
  W1[57]=0x03a369a6  min_hw=82
  W1[57]=0x0d447bce  min_hw=82
  W1[57]=0x4cf537ab  min_hw=82
  W1[57]=0x4cf5fc9d  min_hw=82
