Multi-Kernel Sweep
  Fill: 0xffffffff, SA: 200 restarts x 50000 steps
  Scan range: partial

Bit       M[0]   hw56  SA_best   Rating
----------------------------------------------
bit31        -      -        -  no candidate
bit30        -      -        -  no candidate
bit29        -      -        -  no candidate
bit28        -      -        -  no candidate
bit27        -      -        -  no candidate
bit26        -      -        -  no candidate
bit25        -      -        -  no candidate
bit24        -      -        -  no candidate
bit23        -      -        -  no candidate
bit22        -      -        -  no candidate
bit21        -      -        -  no candidate
bit20        -      -        -  no candidate
bit19        -      -        -  no candidate
bit18        -      -        -  no candidate
bit17        -      -        -  no candidate
bit16        -      -        -  no candidate
bit15        -      -        -  no candidate
bit14        -      -        -  no candidate
bit13        -      -        -  no candidate
bit12        -      -        -  no candidate
bit11        -      -        -  no candidate
bit10        -      -        -  no candidate
bit09        -      -        -  no candidate
bit08        -      -        -  no candidate
bit07        -      -        -  no candidate
bit06        -      -        -  no candidate
bit05        -      -        -  no candidate
bit04        -      -        -  no candidate
bit03        -      -        -  no candidate
bit02        -      -        -  no candidate
bit01        -      -        -  no candidate
bit00        -      -        -  no candidate
