c --- [ banner ] -------------------------------------------------------------
c 
c CaDiCaL SAT Solver
c Copyright (c) 2016-2025
c A. Biere, M. Fleury, N. Froleyks, K. Fazekas, F. Pollitt, T. Faller
c JKU Linz, University of Freiburg, TU Wien
c 
c Version 3.0.0
c Apple clang version 17.0.0 (clang-1700.6.3.2) -Wall -Wextra -O3 -DNDEBUG -DNCLOSEFROM
c Tue Dec 23 21:53:38 UTC 2025 Darwin Tahoe-arm64.local 25.2.0 arm64
c 
c --- [ limit ] --------------------------------------------------------------
c 
c setting conflict limit to 50000 conflicts (due to '50000')
c 
c --- [ parsing input ] ------------------------------------------------------
c 
c reading DIMACS file from 'headline_hunt/bets/cascade_aux_encoding/cnfs/aux_expose_sr61_n32_bit0_m8299b36f_fill80000000.cnf'
c opening file to read 'headline_hunt/bets/cascade_aux_encoding/cnfs/aux_expose_sr61_n32_bit0_m8299b36f_fill80000000.cnf'
c found 'p cnf 12884 53943' header
c parsed 53943 clauses in 0.01 seconds process time
c 
c --- [ options ] ------------------------------------------------------------
c 
c   --seed=5                       (different from default '0')
c 
c --- [ solving ] ------------------------------------------------------------
c 
c time measured in process time since initialization
c 
c  seconds  reduction conflicts       size tier2       variables
c         MB    restarts   redundant    glue  trail         remaining
c          level     rate       size/glu tier1  irredundant
c 
c *  0.01  0  0 0   0  0    0    0 0.0 0 0 2 6  0% 53878 12883 100%
c (  0.01  0  0 0   0  0    0    0 0.0 0 0 2 6  0% 53878 12883 100%
c .  0.01  0  0 0   0  0    0    0 0.0 0 0 2 6  0% 53878 12883 100%
c c  0.03  0  0 0   0  0    0    0 0.0 0 0 2 6  0% 51374 12243 95%
c d  0.03  0  0 0   0  0    0    0 0.0 0 0 2 6  0% 46662 10911 85%
c 2  0.03  0  0 0   0  0    0    0 0.0 0 0 2 6  0% 46598 10911 85%
c f  0.05  0  0 0   0  0    0    0 0.0 0 0 2 6  0% 46532 10977 85%
c e  0.06  0  0 0   0  0    0    0 0.0 0 0 2 6  0% 43452 7662 59%
c s  0.06  0  0 0   0  0    0    0 0.0 0 0 2 6  0% 43446 7662 59%
c s  0.06  0  0 0   0  0    0    0 0.0 0 0 2 6  0% 43438 7662 59%
c P  0.07  0  0 0   0  0    0    0 0.0 0 0 2 6  0% 43438 7662 59%
c )  0.07  0  0 0   0  0    0    0 0.0 0 0 2 6  0% 43438 7662 59%
c {  0.07  0  0 0   0  0    0    0 0.0 0 0 2 6  0% 43438 7662 59%
c -  0.07  0 860 1  30 46  300  215 1.5 4 3 2 6 15% 43438 7662 59%
c -  0.08  0 507 2  47 53  733  530 1.7 5 3 2 6 13% 43438 7662 59%
c }  0.08  0 423 2  86 46 1003  756 1.6 5 3 2 6 12% 43438 7662 59%
c [  0.08  0  0 2  86  0 1003  756 0.0 0 0 2 6  0% 43438 7662 59%
c O  0.08  0 518 2  86 519 1004  757 2.2 200 93 2 6 48% 43438 7662 59%
c ]  0.09  0 510 2  86 22 1027  780 2.0 181 90 2 6 46% 43438 7662 59%
c {  0.09  0 423 2  86 46 1027  780 1.6 5 3 2 6 12% 43438 7662 59%
c 
c  seconds   reduction conflicts       size tier2      variables
c         MB     restarts   redundant    glue  trail        remaining
c           level     rate       size/glu tier1  irredundant
c 
c -  0.09  0 336 3 143 39 1409  988 1.6 5 3 2 6 11% 43438 7662 59%
c 2  0.10  0 238 3 242 30 2241 1575 1.6 5 3 2 6  5% 43375 7662 59%
c d  0.10  0 238 3 242 30 2241 1377 1.6 5 3 2 6  5% 43271 7565 59%
c c  0.12  0 238 3 242 30 2241 1376 1.6 5 3 2 6  5% 43178 7565 59%
c d  0.12  0 238 3 242 30 2241 1318 1.6 5 3 2 6  5% 43140 7546 59%
c 2  0.12  0 238 3 242 30 2241 1316 1.6 5 3 2 6  5% 43129 7546 59%
c t  0.12  0 238 3 242 30 2241 1316 1.6 5 3 2 6  5% 43128 7546 59%
c -  0.12  0 228 4 267 29 2347 1162 1.6 6 3 2 6  4% 43128 7546 59%
c O  0.13  0 197 4 408 28 3005 1696 1.6 6 4 2 6  6% 43128 7546 59%
c -  0.13  0 181 5 456 26 3558 1838 1.6 6 4 2 6  6% 43128 7546 59%
c s  0.14  0 167 5 521 24 4129 2256 1.6 6 4 2 6  6% 43114 7546 59%
c t  0.14  0 167 5 521 24 4129 2255 1.6 6 4 2 6  6% 43113 7546 59%
c e  0.16  0 167 5 521 24 4129 2136 1.6 6 4 2 6  6% 42932 7068 55%
c s  0.16  0 167 5 521 24 4129 2073 1.6 6 4 2 6  6% 42915 7068 55%
c e  0.17  0 167 5 521 24 4129 2064 1.6 6 4 2 6  6% 42896 7066 55%
c }  0.17  0 152 5 552 22 4691 2479 1.6 6 4 2 6  6% 42896 7066 55%
c [  0.17  0 510 5 552 22 4691 2479 2.0 181 90 2 6 77% 42896 7066 55%
c d  0.17  0 355 5 552 10 4741 2174 1.8 84 47 2 6 44% 42843 7016 54%
c c  0.18  0 355 5 552 10 4741 2174 1.8 84 47 2 6 44% 42686 7016 54%
c d  0.18  0 355 5 552 10 4741 2057 1.8 84 47 2 6 44% 42639 6993 54%
c 
c  seconds   reduction conflicts       size   tier2      variables
c         MB     restarts   redundant     glue   trail        remaining
c           level     rate       size/glue  tier1  irredundant
c 
c 2  0.19  0 355 5 552 10 4741 2056 1.8 84 47 2 6 44% 42629 6993 54%
c =  0.19  0 355 5 552 10 4741 2034 1.8 84 47 2 6 44% 42625 6931 54%
c -  0.21  0 182 6 552  3 5051 1807 2.5 77 31 7 46 31% 42625 6931 54%
c ]  0.23  0 161 6 553  2 5780 2515 2.5 79 31 5 26 28% 42625 6931 54%
c {  0.23  0 152 6 553 22 5780 2515 1.6 6 4 2 6  6% 42625 6931 54%
c #  0.23  0 148 6 579 22 6006 2662 1.6 6 4 2 6  5% 42625 6931 54%
c -  0.23  0 138 7 651 20 6827 1635 1.6 6 4 1 2  5% 42624 6931 54%
c d  0.24  0 132 7 721 20 7344 1716 1.6 6 4 1 2  5% 42617 6882 53%
c c  0.25  0 132 7 721 20 7344 1716 1.6 6 4 1 2  5% 42450 6882 53%
c d  0.25  0 132 7 721 20 7344 1617 1.6 6 4 1 2  5% 42410 6862 53%
c 2  0.25  0 132 7 721 20 7344 1617 1.6 6 4 1 2  5% 42404 6862 53%
c =  0.26  0 132 7 721 20 7344 1610 1.6 6 4 1 2  5% 42404 6859 53%
c }  0.31  0 125 7 1002 20 8711 2741 2.0 11 5 1 2 14% 42404 6859 53%
c [  0.31  0 161 7 1002  2 8711 2741 2.5 79 31 5 26 31% 42404 6859 53%
c -  0.39  0 152 8 1002  2 8893 1878 2.4 91 38 5 26 38% 42404 6859 53%
c ]  0.39  0 151 8 1002  2 8898 1883 2.4 91 38 5 26 38% 42404 6859 53%
c {  0.39  0 125 8 1002 20 8898 1883 2.0 11 5 1 2 14% 42404 6859 53%
c B  0.45  0 118 8 1279 20 10007 2879 2.1 15 7 1 2 16% 42404 6859 53%
c d  0.45  0 118 8 1289 20 10041 2831 2.1 15 7 1 2 16% 42404 6844 53%
c p  0.45  0 118 8 1289 20 10041 3515 2.1 15 7 1 2 16% 42404 6844 53%
c 
c  seconds   reductions  conflicts       size  tier2      variables
c         MB     restarts     redundant     glue  trail        remaining
c           level      rate        size/glue tier1  irredundant
c 
c c  0.47  0 118 8 1289 20 10041 3515 2.1 15 7 1 2 16% 42354 6844 53%
c d  0.47  0 118 8 1289 20 10041 3492 2.1 15 7 1 2 16% 42340 6837 53%
c 2  0.47  0 118 8 1289 20 10041 3492 2.1 15 7 1 2 16% 42336 6837 53%
c =  0.48  0 118 8 1289 20 10041 3484 2.1 15 7 1 2 16% 42311 6814 53%
c t  0.48  0 118 8 1289 20 10041 3483 2.1 15 7 1 2 16% 42311 6814 53%
c f  0.49  0 118 8 1289 20 10041 3476 2.1 15 7 1 2 15% 41931 7189 56%
c }  0.55  0 117 8 1373 20 10372 3777 2.1 17 8 1 2 17% 41931 7189 56%
c [  0.55  0 151 8 1373  2 10372 3777 2.4 91 38 5 26 36% 41931 7189 56%
c ]  0.70  0 140 8 1373  2 10717 4117 2.7 111 41 5 26 43% 41931 7189 56%
c {  0.70  0 117 8 1373 20 10717 4117 2.1 17 8 1 2 17% 41931 7189 56%
c -  0.81  0 115 9 1509 20 11250 2660 2.2 23 11 1 2 21% 41931 7189 56%
c }  0.87  0 115 9 1552 20 11426 2811 2.2 27 12 1 2 24% 41931 7189 56%
c [  0.87  0 140 9 1552  2 11426 2811 2.7 111 41 5 26 43% 41931 7189 56%
c ]  1.08  0 131 9 1552  2 11842 3216 2.7 132 48 5 26 52% 41931 7189 56%
c {  1.08  0 115 9 1552 20 11842 3216 2.2 27 12 1 2 24% 41931 7189 56%
c }  1.32  0 114 9 1706 19 12452 3811 2.4 40 17 1 2 34% 41931 7189 56%
c [  1.32  0 131 9 1706  2 12452 3811 2.7 132 48 5 26 52% 41931 7189 56%
c p  1.49  0 132 9 1707  2 12826 5415 2.5 148 58 5 26 57% 41931 7189 56%
c =  1.55  0 132 9 1707  2 12826 5414 2.5 148 58 5 26 57% 41929 7184 56%
c u  1.56  0 132 9 1707  2 12826 4563 2.5 148 58 5 26 57% 41919 7184 56%
c 
c  seconds   reductions  conflicts        size   tier2       variables
c         MB     restarts     redundant      glue    trail        remaining
c           level      rate        size/glue   tier1   irredundant
c 
c v  1.56  0 132 9 1707  2 12826 4532 2.5 148 58 5 26 57% 41919 7184 56%
c w  1.58  0 132 9 1707  2 12826 4426 2.5 148 58 5 26 57% 41919 7184 56%
c x  1.58  0 132 9 1707  2 12826 4426 2.5 148 58 5 26 57% 41804 7184 56%
c t  1.58  0 132 9 1707  2 12826 4425 2.5 148 58 5 26 57% 41802 7184 56%
c 2  1.58  0 132 9 1707  2 12826 4422 2.5 148 58 5 26 57% 41802 7184 56%
c f  1.60  0 132 9 1707  2 12826 4370 2.5 148 58 5 26 56% 41691 7327 57%
c ]  1.74  0 132 9 1707  2 13253 4716 2.3 150 66 1 2 58% 41691 7327 57%
c {  1.74  0 114 9 1707 19 13253 4716 2.4 40 17 1 2 33% 41691 7327 57%
c -  1.94  0 113 10 1873 18 13902 2363 2.5 50 20 1 2 39% 41691 7327 57%
c }  2.07  0 112 10 1946 17 14196 2656 2.5 54 22 1 2 41% 41691 7327 57%
c [  2.07  0 132 10 1946  2 14196 2656 2.3 150 66 1 2 58% 41691 7327 57%
c s  2.20  0 128 10 1946  2 14537 2946 2.3 152 65 1 2 59% 40759 7327 57%
c e  2.21  0 128 10 1946  2 14537 2367 2.3 152 65 1 2 59% 40668 6957 54%
c s  2.21  0 128 10 1946  2 14537 2356 2.3 152 65 1 2 59% 40377 6957 54%
c e  2.22  0 128 10 1946  2 14537 2356 2.3 152 65 1 2 59% 40365 6956 54%
c I  2.42  0 130 10 1946  2 15008 2823 2.2 156 72 1 2 61% 40365 6956 54%
c ]  2.52  0 128 10 1946  2 15282 3067 2.2 156 72 1 2 61% 40365 6956 54%
c {  2.52  0 112 10 1946 17 15282 3067 2.5 54 22 1 2 41% 40365 6956 54%
c 2  2.67  0 112 10 2049 17 15692 3424 2.4 60 25 1 2 45% 40365 6956 54%
c p  2.68  0 112 10 2049 17 15692 4387 2.4 60 25 1 2 45% 40365 6956 54%
c 
c  seconds   reductions   conflicts       size   tier2      variables
c         MB      restarts     redundant     glue   trail        remaining
c           level       rate        size/glue  tier1  irredundant
c 
c =  2.74  0 112 10 2049 17 15692 4387 2.4 60 25 1 2 45% 40356 6947 54%
c u  2.75  0 112 10 2049 17 15692 4243 2.4 60 25 1 2 45% 40356 6947 54%
c v  2.75  0 112 10 2049 17 15692 4217 2.4 60 25 1 2 45% 40356 6947 54%
c w  2.78  0 112 10 2049 17 15692 4146 2.4 60 25 1 2 45% 40356 6947 54%
c t  2.78  0 112 10 2049 17 15692 4146 2.4 60 25 1 2 45% 40354 6947 54%
c f  2.79  0 112 10 2049 17 15692 3907 2.4 60 25 1 2 44% 40430 7095 55%
c }  3.06  0 112 10 2228 16 16407 4622 2.4 70 29 1 2 48% 40430 7095 55%
c [  3.06  0 128 10 2228  2 16407 4622 2.2 156 72 1 2 60% 40430 7095 55%
c -  3.28  0 125 11 2229  1 16849 2151 2.2 160 73 1 2 62% 40430 7095 55%
c ]  3.61  0 121 11 2229  1 17543 2822 2.3 166 74 1 2 65% 40430 7095 55%
c {  3.61  0 112 11 2229 16 17543 2822 2.4 70 29 1 2 48% 40430 7095 55%
c p  4.01  0 111 11 2504 15 18633 4622 2.5 82 33 1 2 53% 40430 7094 55%
c c  4.02  0 111 11 2504 15 18633 4622 2.5 82 33 1 2 53% 40426 7094 55%
c =  4.09  0 111 11 2504 15 18633 4562 2.5 82 33 1 2 53% 40383 6838 53%
c u  4.10  0 111 11 2504 15 18633 4458 2.5 82 33 1 2 53% 40383 6838 53%
c v  4.10  0 111 11 2504 15 18633 4441 2.5 82 33 1 2 53% 40383 6838 53%
c w  4.13  0 111 11 2504 15 18633 4428 2.5 82 33 1 2 53% 40383 6838 53%
c x  4.13  0 111 11 2504 15 18633 4428 2.5 82 33 1 2 53% 40262 6838 53%
c t  4.13  0 111 11 2504 15 18633 4428 2.5 82 33 1 2 53% 40253 6838 53%
c 2  4.13  0 111 11 2504 15 18633 4421 2.5 82 33 1 2 53% 40251 6838 53%
c 
c  seconds   reductions   conflicts       size   tier2      variables
c         MB      restarts     redundant     glue   trail        remaining
c           level       rate        size/glue  tier1  irredundant
c 
c f  4.14  0 111 11 2504 15 18633 4384 2.5 82 33 1 2 53% 40255 6865 53%
c }  4.28  0 111 11 2600 14 19019 4770 2.5 87 34 1 2 54% 40255 6865 53%
c [  4.28  0 121 11 2600  1 19019 4770 2.3 166 74 1 2 64% 40255 6865 53%
c -  4.69  0 121 12 2601  1 20096 2284 2.1 165 78 1 2 66% 40255 6865 53%
c ]  4.92  0 120 12 2602  1 20831 2890 2.0 163 80 1 2 66% 40255 6865 53%
c {  4.92  0 111 12 2602 14 20831 2890 2.5 87 34 1 2 54% 40255 6865 53%
c W  5.07  0 111 12 2647 14 21010 3069 2.5 88 35 1 2 55% 40255 6865 53%
c p  5.31  0 110 12 2806 14 21643 4375 2.5 95 38 1 2 57% 40255 6865 53%
c =  5.38  0 110 12 2806 14 21643 4375 2.5 95 38 1 2 57% 40254 6862 53%
c u  5.39  0 110 12 2806 14 21643 4361 2.5 95 38 1 2 57% 39874 6862 53%
c v  5.39  0 110 12 2806 14 21643 4336 2.5 95 38 1 2 57% 39874 6862 53%
c w  5.42  0 110 12 2806 14 21643 4335 2.5 95 38 1 2 57% 39874 6862 53%
c t  5.42  0 110 12 2806 14 21643 4335 2.5 95 38 1 2 57% 39872 6862 53%
c 2  5.42  0 110 12 2806 14 21643 4333 2.5 95 38 1 2 57% 39872 6862 53%
c f  5.43  0 110 12 2806 14 21643 4315 2.5 95 38 1 2 57% 39878 6874 53%
c }  5.79  0 110 12 3058 13 22654 5326 2.5 104 41 1 2 59% 39878 6874 53%
c [  5.79  0 120 12 3058  1 22654 5326 2.0 163 80 1 2 66% 39878 6874 53%
c -  6.06  0 118 13 3058  1 23641 2439 2.1 165 78 1 2 65% 39878 6874 53%
c p  6.40  0 118 13 3059  1 24720 4137 2.2 170 79 1 2 65% 39878 6874 53%
c u  6.46  0 118 13 3059  1 24720 4098 2.2 170 79 1 2 65% 39878 6874 53%
c 
c  seconds   reductions   conflicts        size   tier2      variables
c         MB      restarts     redundant      glue   trail        remaining
c           level       rate        size/glue   tier1  irredundant
c 
c v  6.46  0 118 13 3059  1 24720 4049 2.2 170 79 1 2 65% 39878 6874 53%
c w  6.49  0 118 13 3059  1 24720 4049 2.2 170 79 1 2 65% 39878 6874 53%
c f  6.50  0 118 13 3059  1 24720 4031 2.2 170 79 1 2 65% 39890 6880 53%
c ]  6.72  0 119 13 3059  1 25486 4766 2.1 170 80 1 2 64% 39890 6880 53%
c {  6.72  0 110 13 3059 13 25486 4766 2.5 104 41 1 2 59% 39890 6880 53%
c -  7.46  0 109 14 3559 11 27484 2632 2.5 119 47 1 2 63% 39890 6880 53%
c }  7.53  0 109 14 3607 11 27678 2826 2.5 120 48 1 2 63% 39890 6880 53%
c [  7.53  0 119 14 3607  1 27678 2826 2.1 170 80 1 2 64% 39890 6880 53%
c p  7.55  0 119 14 3607  1 27858 3638 2.1 169 80 1 2 64% 39890 6880 53%
c u  7.56  0 119 14 3607  1 27858 3610 2.1 169 80 1 2 64% 39892 6880 53%
c v  7.57  0 119 14 3607  1 27858 3567 2.1 169 80 1 2 64% 39892 6880 53%
c w  7.59  0 119 14 3607  1 27858 3545 2.1 169 80 1 2 64% 39892 6880 53%
c x  7.59  0 119 14 3607  1 27858 3545 2.1 169 80 1 2 64% 39751 6880 53%
c t  7.59  0 119 14 3607  1 27858 3545 2.1 169 80 1 2 64% 39749 6880 53%
c B  7.65  0 119 14 3607  1 28011 3669 2.1 169 80 1 2 64% 39749 6880 53%
c s  8.11  0 118 14 3607  1 29760 4977 2.0 165 81 1 2 63% 38689 6880 53%
c t  8.11  0 118 14 3607  1 29760 4977 2.0 165 81 1 2 63% 38685 6880 53%
c e  8.12  0 118 14 3607  1 29760 4353 2.0 165 81 1 2 63% 37073 6570 51%
c s  8.12  0 118 14 3607  1 29760 4352 2.0 165 81 1 2 63% 37040 6570 51%
c -  8.55  0 117 15 3609  1 31628 2607 2.0 161 80 1 2 55% 37040 6570 51%
c 
c  seconds   reductions   conflicts        size   tier2      variables
c         MB      restarts     redundant      glue   trail        remaining
c           level       rate        size/glue   tier1  irredundant
c 
c p  8.55  0 117 15 3609  1 31628 3169 2.0 161 80 1 2 55% 37040 6570 51%
c =  8.61  0 117 15 3609  1 31628 3156 2.0 161 80 1 2 55% 36980 6324 49%
c u  8.61  0 117 15 3609  1 31628 2907 2.0 161 80 1 2 55% 36778 6324 49%
c v  8.61  0 117 15 3609  1 31628 2789 2.0 161 80 1 2 55% 36778 6324 49%
c w  8.61  0 117 15 3609  1 31628 2758 2.0 161 80 1 2 55% 36778 6324 49%
c t  8.61  0 117 15 3609  1 31628 2758 2.0 161 80 1 2 55% 36777 6324 49%
c 2  8.61  0 117 15 3609  1 31628 2753 2.0 161 80 1 2 55% 36763 6324 49%
c f  8.62  0 117 15 3609  1 31628 2742 2.0 161 80 1 2 55% 36721 6375 49%
c ]  8.69  0 117 15 3609  1 32022 3118 2.0 162 79 1 2 55% 36721 6375 49%
c {  8.69  0 109 15 3609 11 32022 3118 2.5 120 48 1 2 72% 36721 6375 49%
c F  8.96  0 109 15 3760  9 36012 6878 2.5 113 46 1 2 60% 36721 6375 49%
c -  8.97  0 109 16 3760  9 36076 3163 2.5 113 46 1 2 60% 36721 6375 49%
c p  8.97  0 109 16 3760  9 36076 3716 2.5 113 46 1 2 60% 36721 6375 49%
c =  9.00  0 109 16 3760  9 36076 3716 2.5 113 46 1 2 60% 36720 6298 49%
c u  9.00  0 109 16 3760  9 36076 3534 2.5 113 46 1 2 60% 36707 6298 49%
c v  9.00  0 109 16 3760  9 36076 3332 2.5 113 46 1 2 60% 36707 6298 49%
c w  9.00  0 109 16 3760  9 36076 3332 2.5 113 46 1 2 60% 36707 6298 49%
c 2  9.00  0 109 16 3760  9 36076 3332 2.5 113 46 1 2 60% 36695 6298 49%
c f  9.01  0 109 16 3760  9 36076 3326 2.5 113 46 1 2 60% 36699 6300 49%
c -  9.20  0 109 17 3760  8 40824 3451 2.6 109 42 1 2 54% 36699 6300 49%
c 
c  seconds   reductions   conflicts        size   tier2      variables
c         MB      restarts     redundant      glue   trail        remaining
c           level       rate        size/glue   tier1  irredundant
c 
c B  9.32  0 113 17 3771  7 45014 7399 2.5 101 40 1 2 48% 36699 6300 49%
c -  9.35  0 114 18 3771  7 45875 4103 2.5 100 39 1 2 47% 36699 6300 49%
c p  9.35  0 114 18 3771  7 45875 4197 2.5 100 39 1 2 47% 36699 6300 49%
c u  9.36  0 114 18 3771  7 45875 3849 2.5 100 39 1 2 47% 36699 6300 49%
c v  9.36  0 114 18 3771  7 45875 3544 2.5 100 39 1 2 47% 36699 6300 49%
c w  9.36  0 114 18 3771  7 45875 3544 2.5 100 39 1 2 47% 36699 6300 49%
c t  9.36  0 114 18 3771  7 45875 3543 2.5 100 39 1 2 47% 36699 6300 49%
c s  9.45  0 114 18 3771  6 49721 7148 2.5 93 38 1 2 43% 34852 6300 49%
c e  9.46  0 114 18 3771  6 49721 6479 2.5 93 38 1 2 43% 33223 5968 46%
c s  9.46  0 114 18 3771  6 49721 6470 2.5 93 38 1 2 43% 33147 5968 46%
c e  9.46  0 114 18 3771  6 49721 6437 2.5 93 38 1 2 43% 32355 5845 45%
c }  9.49  0 114 18 3780  6 50000 6698 2.5 94 38 1 2 48% 32355 5845 45%
c ?  9.49  0 114 18 3780  6 50000 6698 2.5 94 38 1 2 48% 32355 5845 45%
c 
c --- [ result ] -------------------------------------------------------------
c 
c UNKNOWN
c 
c --- [ run-time profiling ] -------------------------------------------------
c 
c process time taken by individual solving procedures
c (percentage relative to process time for solving)
c 
c         8.45   89.07% search
c         4.23   44.56% stable
c         4.13   43.53% unstable
c         1.03   10.91% simplify
c         0.41    4.33% sweep
c         0.24    2.55% vivify
c         0.11    1.13% congruence
c         0.11    1.11% factor
c         0.09    0.92% walk
c         0.06    0.60% preprocess
c         0.05    0.55% elim
c         0.03    0.29% subsume
c         0.01    0.16% fastelim
c         0.01    0.15% probe
c         0.01    0.15% ternary
c         0.01    0.09% parse
c         0.01    0.06% backbone
c         0.00    0.05% lucky
c   =================================
c         9.48   99.91% solve
c 
c last line shows process time for solving
c (percentage relative to total process time)
c 
c --- [ statistics ] ---------------------------------------------------------
c 
c chronological:              9117        18.23 %  of conflicts
c conflicts:                 50000      5272.50    per second
c backbone:                 349877      2551.24 %  of vars
c decisions:                246381     25980.89    per second
c eliminated:                 4931        35.96 %  of all variables
c factored:                    830        14.20 %  of variables
c fixed:                       641         4.67 %  of all variables
c learned:                   47540        95.08 %  per conflict
c learned_lits:           11396354       100.00 %  learned literals
c minimized:                     0         0.00 %  learned literals
c shrunken:                1517785        13.32 %  learned literals
c minishrunken:            4467709        39.20 %  learned literals
c otfs:                       1718         3.44 %  of conflict
c propagations:           87876036         9.27 M  per second
c reduced:                   33166        66.33 %  per conflict
c rephased:                      9      5555.56    interval
c restarts:                   3780        13.23    interval
c stabilizing:                  11        28.04 %  of conflicts
c substituted:                2297        16.75 %  of all variables
c sweep equivs:                683         9.76 %  of swept variables
c subsumed:                  13106         8.53 %  of all clauses
c strengthened:               5884         3.83 %  of all clauses
c ticks:                 582572757         6.83    propagation
c vivified:                   3703         2.41 %  of all clauses
c walked:                        1     50000.00    interval
c weakened:                  36364         2.91    average size
c congruence:                   10      5000.00    interval
c 
c seconds are measured in process time for solving
c 
c --- [ glue usage ] ---------------------------------------------------------
c 
c focused glue 1 used 402026 clauses 71.27% accumulated 71.27% tier1
c focused glue 2 used 61769 clauses 10.95% accumulated 82.22% tier2
c 
c stable glue 1 used 315453 clauses 81.49% accumulated 81.49% tier1
c stable glue 2 used 28232 clauses 7.293% accumulated 88.79% tier2
c 
c 
c --- [ resources ] ----------------------------------------------------------
c 
c total process time since initialization:         9.49    seconds
c total real time since initialization:            9.57    seconds
c maximum resident set size of process:        56928.00    MB
c 
c --- [ shutting down ] ------------------------------------------------------
c 
c exit 0
