c --- [ banner ] -------------------------------------------------------------
c 
c CaDiCaL SAT Solver
c Copyright (c) 2016-2025
c A. Biere, M. Fleury, N. Froleyks, K. Fazekas, F. Pollitt, T. Faller
c JKU Linz, University of Freiburg, TU Wien
c 
c Version 3.0.0
c Apple clang version 17.0.0 (clang-1700.6.3.2) -Wall -Wextra -O3 -DNDEBUG -DNCLOSEFROM
c Tue Dec 23 21:53:38 UTC 2025 Darwin Tahoe-arm64.local 25.2.0 arm64
c 
c --- [ limit ] --------------------------------------------------------------
c 
c setting conflict limit to 50000 conflicts (due to '50000')
c 
c --- [ parsing input ] ------------------------------------------------------
c 
c reading DIMACS file from 'cnfs_n32/sr61_n32_bit00_m8299b36f_fill80000000_enf0.cnf'
c opening file to read 'cnfs_n32/sr61_n32_bit00_m8299b36f_fill80000000_enf0.cnf'
c found 'p cnf 11272 47111' header
c parsed 47111 clauses in 0.01 seconds process time
c 
c --- [ options ] ------------------------------------------------------------
c 
c   --seed=5                       (different from default '0')
c 
c --- [ solving ] ------------------------------------------------------------
c 
c time measured in process time since initialization
c 
c  seconds  reduction conflicts       size tier2       variables
c         MB    restarts   redundant    glue  trail         remaining
c          level     rate       size/glu tier1  irredundant
c 
c *  0.01  0  0 0   0  0    0    0 0.0 0 0 2 6  0% 47046 11271 100%
c (  0.01  0  0 0   0  0    0    0 0.0 0 0 2 6  0% 47046 11271 100%
c .  0.01  0  0 0   0  0    0    0 0.0 0 0 2 6  0% 47046 11271 100%
c c  0.02  0  0 0   0  0    0    0 0.0 0 0 2 6  0% 46236 11271 100%
c d  0.03  0  0 0   0  0    0    0 0.0 0 0 2 6  0% 44750 10528 93%
c 2  0.03  0  0 0   0  0    0    0 0.0 0 0 2 6  0% 44686 10528 93%
c f  0.04  0  0 0   0  0    0    0 0.0 0 0 2 6  0% 44620 10594 94%
c e  0.05  0  0 0   0  0    0    0 0.0 0 0 2 6  0% 41136 7236 64%
c P  0.05  0  0 0   0  0    0    0 0.0 0 0 2 6  0% 41136 7236 64%
c )  0.05  0  0 0   0  0    0    0 0.0 0 0 2 6  0% 41136 7236 64%
c {  0.06  0  0 0   0  0    0    0 0.0 0 0 2 6  0% 41136 7236 64%
c -  0.06  0 431 1  50 64  300  230 1.4 6 4 2 6 11% 41136 7236 64%
c -  0.07  0 222 2  77 34  733  523 1.5 6 4 2 6  7% 41136 7236 64%
c }  0.07  0 177 2  83 26 1001  721 1.6 6 4 2 6  6% 41136 7236 64%
c [  0.07  0  0 2  83  0 1001  721 0.0 0 0 2 6  0% 41136 7236 64%
c O  0.07  0 1094 2  83 1095 1002  722 2.2 250 114 2 6 48% 41136 7236 64%
c ]  0.08  0 1084 2  83 17 1071  788 1.9 171 90 2 6 40% 41136 7236 64%
c {  0.08  0 177 2  83 26 1071  788 1.6 6 4 2 6  6% 41136 7236 64%
c -  0.08  0 151 3 116 22 1410  869 1.6 6 4 2 6  5% 41136 7236 64%
c 2  0.09  0 129 3 203 21 2184 1464 1.6 6 4 2 6  8% 41076 7236 64%
c 
c  seconds   reduction conflicts       size tier2      variables
c         MB     restarts   redundant    glue  trail        remaining
c           level     rate       size/glu tier1  irredundant
c 
c d  0.09  0 129 3 203 21 2184 1232 1.6 6 4 2 6  8% 41020 7165 64%
c c  0.10  0 129 3 203 21 2184 1232 1.6 6 4 2 6  8% 40887 7165 64%
c d  0.10  0 129 3 203 21 2184 1097 1.6 6 4 2 6  8% 40835 7139 63%
c 2  0.10  0 129 3 203 21 2184 1095 1.6 6 4 2 6  8% 40821 7139 63%
c -  0.11  0 123 4 210 20 2348  917 1.6 6 4 2 6  5% 40821 7139 63%
c O  0.11  0 115 4 264 18 3004 1408 1.6 6 4 2 6  6% 40821 7139 63%
c -  0.12  0 112 5 311 17 3559 1581 1.6 6 4 2 6  6% 40821 7139 63%
c s  0.12  0 106 5 353 16 4123 1996 1.6 6 4 2 6  6% 40748 7139 63%
c t  0.13  0 106 5 353 16 4123 1994 1.6 6 4 2 6  6% 40744 7139 63%
c e  0.14  0 106 5 353 16 4123 1913 1.6 6 4 2 6  6% 40600 6559 58%
c s  0.15  0 106 5 353 16 4123 1913 1.6 6 4 2 6  6% 40595 6559 58%
c e  0.15  0 106 5 353 16 4123 1913 1.6 6 4 2 6  6% 40595 6557 58%
c d  0.15  0 99 5 368 15 4686 1973 1.6 6 4 2 6  6% 40547 6509 58%
c c  0.16  0 99 5 368 15 4686 1973 1.6 6 4 2 6  6% 40343 6509 58%
c d  0.16  0 99 5 368 15 4686 1760 1.6 6 4 2 6  6% 40275 6475 57%
c 2  0.16  0 99 5 368 15 4686 1760 1.6 6 4 2 6  6% 40265 6475 57%
c =  0.17  0 99 5 368 15 4686 1759 1.6 6 4 2 6  6% 40229 6429 57%
c -  0.17  0 102 6 389 14 5056 1379 1.6 6 4 2 3  6% 40229 6429 57%
c #  0.18  0 99 6 452 14 6006 2022 1.6 6 4 2 3  0% 40229 6429 57%
c }  0.18  0 96 6 482 13 6568 2432 1.6 6 4 1 2  6% 40229 6429 57%
c 
c  seconds    reduction conflicts        size   tier2      variables
c         MB      restarts   redundant      glue   trail        remaining
c           level      rate       size/glue   tier1  irredundant
c 
c [  0.18  0 1084 6 482 17 6568 2432 1.9 171 90 2 6 70% 40229 6429 57%
c -  0.19  0 388 7 482  6 6834 1743 1.8 59 32 2 6 33% 40229 6429 57%
c d  0.19  0 267 7 482  4 7290 1886 1.9 45 24 2 3 25% 40229 6382 57%
c c  0.20  0 267 7 482  4 7290 1886 1.9 45 24 2 3 25% 40048 6382 57%
c d  0.21  0 267 7 482  4 7290 1817 1.9 45 24 2 3 25% 40004 6360 56%
c 2  0.21  0 267 7 482  4 7290 1816 1.9 45 24 2 3 25% 40002 6360 56%
c -  0.23  0 216 8 484  3 8901 1665 1.7 36 21 2 3 25% 40002 6360 56%
c ]  0.24  0 212 8 484  2 9046 1808 1.8 38 21 2 3 25% 40002 6360 56%
c {  0.24  0 96 8 484 13 9046 1808 1.6 6 4 1 2  6% 40002 6360 56%
c d  0.24  0 94 8 514 12 9988 2265 1.6 6 4 1 2  6% 40002 6334 56%
c c  0.25  0 94 8 514 12 9988 2265 1.6 6 4 1 2  6% 39916 6334 56%
c d  0.25  0 94 8 514 12 9988 2228 1.6 6 4 1 2  6% 39888 6320 56%
c 2  0.25  0 94 8 514 12 9988 2228 1.6 6 4 1 2  6% 39884 6320 56%
c =  0.26  0 94 8 514 12 9988 2210 1.6 6 4 1 2  6% 39837 6273 56%
c B  0.26  0 94 8 514 12 10008 2219 1.6 6 4 1 2  6% 39837 6273 56%
c -  0.27  0 91 9 640 12 11259 1933 1.6 6 4 1 2  6% 39837 6273 56%
c d  0.31  0 92 9 940 14 12773 2847 2.0 11 5 1 2  9% 39837 6222 55%
c c  0.32  0 92 9 940 14 12773 2847 2.0 11 5 1 2  9% 39606 6222 55%
c d  0.32  0 92 9 940 14 12773 2710 2.0 11 5 1 2  9% 39554 6196 55%
c 2  0.32  0 92 9 940 14 12773 2710 2.0 11 5 1 2  9% 39552 6196 55%
c 
c  seconds  reductions conflicts       size  tier2      variables
c         MB    restarts    redundant     glue  trail        remaining
c          level     rate        size/glue tier1  irredundant
c 
c f  0.33  0 92 9 940 14 12773 2710 2.0 11 5 1 2  9% 39078 6667 59%
c }  0.35  0 92 9 1037 14 13160 3066 2.1 12 6 1 2  9% 39078 6667 59%
c [  0.35  0 212 9 1037  2 13160 3066 1.8 38 21 2 3 24% 39078 6667 59%
c -  0.36  0 194 10 1037  2 13912 2212 1.8 36 20 2 3 23% 39078 6667 59%
c s  0.37  0 182 10 1037  2 14645 2595 1.8 37 20 2 3 23% 37941 6667 59%
c t  0.37  0 182 10 1037  2 14645 2595 1.8 37 20 2 3 23% 37940 6667 59%
c e  0.39  0 182 10 1037  2 14645 2179 1.8 37 20 2 3 23% 37778 6192 55%
c s  0.39  0 182 10 1037  2 14645 2095 1.8 37 20 2 3 23% 37299 6192 55%
c e  0.39  0 182 10 1037  2 14645 2094 1.8 37 20 2 3 23% 37277 6189 55%
c I  0.40  0 179 10 1037  2 15010 2443 1.9 37 20 2 3 17% 37277 6189 55%
c ]  0.46  0 175 10 1038  2 15330 2751 2.3 52 23 2 3 39% 37277 6189 55%
c {  0.46  0 92 10 1038 14 15330 2751 2.1 12 6 1 2 10% 37277 6189 55%
c 2  0.47  0 92 10 1116 15 15638 3023 2.1 13 6 1 2 11% 37277 6189 55%
c p  0.48  0 92 10 1116 15 15638 3151 2.1 13 6 1 2 11% 37277 6182 55%
c c  0.49  0 92 10 1116 15 15638 3151 2.1 13 6 1 2 11% 37245 6182 55%
c d  0.49  0 92 10 1116 15 15638 3135 2.1 13 6 1 2 11% 37235 6177 55%
c f  0.49  0 92 10 1116 15 15638 3121 2.1 13 6 1 2 11% 37237 6189 55%
c -  0.59  0 94 11 1419 16 16861 2446 2.5 23 9 1 2 15% 37237 6189 55%
c }  0.60  0 94 11 1480 16 17123 2692 2.5 24 9 1 2 15% 37237 6189 55%
c [  0.60  0 175 11 1480  2 17123 2692 2.3 52 23 2 3 39% 37237 6189 55%
c 
c  seconds   reductions   conflicts       size   tier2      variables
c         MB      restarts     redundant     glue   trail        remaining
c           level       rate        size/glue  tier1  irredundant
c 
c ]  0.75  0 168 11 1481  2 18167 3666 2.7 79 29 2 3 47% 37237 6189 55%
c {  0.75  0 94 11 1481 16 18167 3666 2.5 24 9 1 2 15% 37237 6189 55%
c p  0.78  0 95 11 1573 16 18578 4277 2.6 26 10 1 2 16% 37237 6188 55%
c c  0.79  0 95 11 1573 16 18578 4277 2.6 26 10 1 2 16% 37215 6188 55%
c =  0.81  0 95 11 1573 16 18578 4272 2.6 26 10 1 2 16% 37211 6183 55%
c u  0.82  0 95 11 1573 16 18578 3627 2.6 26 10 1 2 16% 37211 6183 55%
c v  0.82  0 95 11 1573 16 18578 3406 2.6 26 10 1 2 16% 37211 6183 55%
c w  0.83  0 95 11 1573 16 18578 3400 2.6 26 10 1 2 16% 37211 6183 55%
c x  0.84  0 95 11 1573 16 18578 3400 2.6 26 10 1 2 16% 37131 6183 55%
c t  0.84  0 95 11 1573 16 18578 3399 2.6 26 10 1 2 16% 37131 6183 55%
c 2  0.84  0 95 11 1573 16 18578 3397 2.6 26 10 1 2 16% 37131 6183 55%
c f  0.85  0 95 11 1573 16 18578 3338 2.6 26 10 1 2 16% 37076 6291 56%
c -  0.94  0 97 12 1874 17 20107 2624 2.5 30 12 1 2 18% 37076 6291 56%
c W  1.02  0 98 12 2083 18 21011 3476 2.6 34 13 1 2 19% 37076 6291 56%
c }  1.03  0 98 12 2130 18 21225 3681 2.6 34 13 1 2 19% 37076 6291 56%
c [  1.03  0 168 12 2130  2 21225 3681 2.7 79 29 2 3 46% 37076 6291 56%
c d  1.11  0 166 12 2130  2 21588 3998 2.9 89 31 1 2 50% 37076 6285 56%
c p  1.11  0 166 12 2130  2 21588 4499 2.9 89 31 1 2 50% 37076 6285 56%
c c  1.12  0 166 12 2130  2 21588 4499 2.9 89 31 1 2 50% 37014 6285 56%
c d  1.12  0 166 12 2130  2 21588 4487 2.9 89 31 1 2 50% 36994 6275 56%
c 
c  seconds   reductions   conflicts       size   tier2      variables
c         MB      restarts     redundant     glue   trail        remaining
c           level       rate        size/glue  tier1  irredundant
c 
c 2  1.12  0 166 12 2130  2 21588 4487 2.9 89 31 1 2 50% 36990 6275 56%
c =  1.14  0 166 12 2130  2 21588 4485 2.9 89 31 1 2 50% 36990 6268 56%
c t  1.14  0 166 12 2130  2 21588 4484 2.9 89 31 1 2 50% 36990 6268 56%
c f  1.15  0 166 12 2130  2 21588 4316 2.9 89 31 1 2 49% 37048 6375 57%
c -  1.26  0 159 13 2131  2 23653 3240 2.7 92 34 1 2 39% 37048 6375 57%
c ]  1.32  0 158 13 2132  2 24264 3841 2.7 95 35 1 2 39% 37048 6375 57%
c {  1.32  0 98 13 2132 18 24264 3841 2.6 34 13 1 2 19% 37048 6375 57%
c p  1.34  0 98 13 2219 18 24664 4382 2.6 35 14 1 2 19% 37048 6375 57%
c u  1.37  0 98 13 2219 18 24664 3905 2.6 35 14 1 2 19% 37048 6375 57%
c v  1.37  0 98 13 2219 18 24664 3598 2.6 35 14 1 2 19% 37048 6375 57%
c w  1.38  0 98 13 2219 18 24664 3593 2.6 35 14 1 2 19% 37048 6375 57%
c f  1.39  0 98 13 2219 18 24664 3583 2.6 35 14 1 2 19% 37028 6399 57%
c -  1.57  0 102 14 2769 19 27498 3468 2.6 44 17 1 2 22% 37028 6399 57%
c p  1.60  0 102 14 2817 19 27802 3828 2.6 45 17 1 2 22% 37024 6394 57%
c f  1.60  0 102 14 2817 19 27802 3818 2.6 45 17 1 2 22% 37014 6404 57%
c F  1.61  0 102 14 2834 19 28013 4015 2.6 45 17 1 2 22% 37014 6404 57%
c }  1.64  0 103 14 2903 19 28486 4459 2.6 46 17 1 2 22% 37014 6404 57%
c [  1.64  0 158 14 2903  2 28486 4459 2.7 95 35 1 2 38% 37014 6404 57%
c s  1.93  0 154 14 2903  2 30189 6050 2.8 120 42 1 2 45% 36869 6404 57%
c t  1.93  0 154 14 2903  2 30189 6050 2.8 120 42 1 2 45% 36867 6404 57%
c 
c  seconds   reductions   conflicts        size   tier2      variables
c         MB      restarts     redundant      glue   trail        remaining
c           level       rate        size/glue   tier1  irredundant
c 
c e  1.93  0 154 14 2903  2 30189 4529 2.8 120 42 1 2 45% 36852 6329 56%
c s  1.94  0 154 14 2903  2 30189 4513 2.8 120 42 1 2 45% 36804 6329 56%
c e  1.94  0 154 14 2903  2 30189 4513 2.8 120 42 1 2 45% 36796 6328 56%
c ]  2.00  0 155 14 2903  2 30472 4743 2.8 122 44 1 2 46% 36796 6328 56%
c {  2.00  0 103 14 2903 19 30472 4743 2.6 46 17 1 2 22% 36796 6328 56%
c -  2.10  0 104 15 3139 19 31645 3699 2.7 49 19 1 2 23% 36796 6328 56%
c 2  2.10  0 104 15 3139 19 31645 3681 2.7 49 19 1 2 23% 36796 6328 56%
c p  2.10  0 104 15 3139 19 31645 4153 2.7 49 19 1 2 23% 36796 6327 56%
c c  2.11  0 104 15 3139 19 31645 4153 2.7 49 19 1 2 23% 36792 6327 56%
c d  2.11  0 104 15 3139 19 31645 4152 2.7 49 19 1 2 23% 36788 6325 56%
c 2  2.11  0 104 15 3139 19 31645 4152 2.7 49 19 1 2 23% 36786 6325 56%
c =  2.15  0 104 15 3139 19 31645 4152 2.7 49 19 1 2 23% 36784 6323 56%
c u  2.15  0 104 15 3139 19 31645 3639 2.7 49 19 1 2 23% 36784 6323 56%
c v  2.15  0 104 15 3139 19 31645 3459 2.7 49 19 1 2 23% 36784 6323 56%
c x  2.16  0 104 15 3139 19 31645 3459 2.7 49 19 1 2 23% 36780 6323 56%
c t  2.16  0 104 15 3139 19 31645 3459 2.7 49 19 1 2 23% 36778 6323 56%
c 2  2.16  0 104 15 3139 19 31645 3458 2.7 49 19 1 2 23% 36778 6323 56%
c f  2.16  0 104 15 3139 19 31645 3359 2.7 49 19 1 2 23% 36819 6381 57%
c B  2.38  0 106 15 3691 18 36014 7395 2.6 52 20 1 2 23% 36819 6381 57%
c -  2.39  0 106 16 3700 18 36096 4416 2.6 52 20 1 2 23% 36819 6381 57%
c 
c  seconds   reductions   conflicts       size   tier2      variables
c         MB      restarts     redundant     glue   trail        remaining
c           level       rate        size/glue  tier1  irredundant
c 
c p  2.39  0 106 16 3700 18 36096 4518 2.6 52 20 1 2 23% 36819 6380 57%
c c  2.40  0 106 16 3700 18 36096 4518 2.6 52 20 1 2 23% 36809 6380 57%
c d  2.40  0 106 16 3700 18 36096 4517 2.6 52 20 1 2 23% 36807 6379 57%
c 2  2.40  0 106 16 3700 18 36096 4517 2.6 52 20 1 2 23% 36805 6379 57%
c f  2.42  0 106 16 3700 18 36096 4514 2.6 52 20 1 2 23% 36807 6380 57%
c }  2.48  0 107 16 3827 18 37616 5915 2.6 52 20 1 2 23% 36807 6380 57%
c [  2.48  0 155 16 3827  2 37616 5915 2.8 122 44 1 2 46% 36807 6380 57%
c ]  2.94  0 150 16 3828  2 40028 8254 2.9 135 47 1 2 49% 36807 6380 57%
c {  2.94  0 107 16 3828 18 40028 8254 2.6 52 20 1 2 23% 36807 6380 57%
c -  3.00  0 108 17 3973 18 40845 5268 2.6 52 20 1 2 24% 36807 6380 57%
c p  3.00  0 108 17 3973 18 40845 5564 2.6 52 20 1 2 24% 36807 6380 57%
c u  3.01  0 108 17 3973 18 40845 4784 2.6 52 20 1 2 24% 36807 6380 57%
c v  3.02  0 108 17 3973 18 40845 4420 2.6 52 20 1 2 24% 36807 6380 57%
c f  3.02  0 108 17 3973 18 40845 4386 2.6 52 20 1 2 24% 36829 6391 57%
c W  3.29  0 109 17 4504 18 45016 8260 2.6 54 21 1 2 24% 36829 6391 57%
c -  3.34  0 110 18 4597 17 45898 5351 2.6 55 21 1 2 24% 36829 6391 57%
c d  3.34  0 110 18 4597 17 45898 5349 2.6 55 21 1 2 24% 36829 6390 57%
c p  3.35  0 110 18 4597 17 45898 5590 2.6 55 21 1 2 24% 36829 6390 57%
c 2  3.35  0 110 18 4597 17 45898 5590 2.6 55 21 1 2 24% 36827 6390 57%
c =  3.37  0 110 18 4597 17 45898 5546 2.6 55 21 1 2 24% 36801 6331 56%
c 
c  seconds   reductions   conflicts       size   tier2      variables
c         MB      restarts     redundant     glue   trail        remaining
c           level       rate        size/glue  tier1  irredundant
c 
c u  3.37  0 110 18 4597 17 45898 4979 2.6 55 21 1 2 24% 36631 6331 56%
c v  3.38  0 110 18 4597 17 45898 4706 2.6 55 21 1 2 24% 36631 6331 56%
c w  3.38  0 110 18 4597 17 45898 4706 2.6 55 21 1 2 24% 36631 6331 56%
c t  3.38  0 110 18 4597 17 45898 4706 2.6 55 21 1 2 24% 36630 6331 56%
c 2  3.38  0 110 18 4597 17 45898 4706 2.6 55 21 1 2 24% 36629 6331 56%
c f  3.38  0 110 18 4597 17 45898 4693 2.6 55 21 1 2 24% 36639 6334 56%
c }  3.54  0 110 18 4958 17 48361 6976 2.6 56 22 1 2 24% 36639 6334 56%
c [  3.54  0 150 18 4958  2 48361 6976 2.9 135 47 1 2 49% 36639 6334 56%
c ]  3.67  0 147 18 4959  2 50001 8535 2.8 132 47 1 2 46% 36639 6334 56%
c ?  3.67  0 147 18 4959  2 50001 8535 2.8 132 47 1 2 46% 36639 6334 56%
c 
c --- [ result ] -------------------------------------------------------------
c 
c UNKNOWN
c 
c --- [ run-time profiling ] -------------------------------------------------
c 
c process time taken by individual solving procedures
c (percentage relative to process time for solving)
c 
c         3.10   84.64% search
c         1.56   42.65% unstable
c         1.48   40.33% stable
c         0.56   15.29% simplify
c         0.15    4.09% sweep
c         0.12    3.32% congruence
c         0.08    2.21% factor
c         0.06    1.76% vivify
c         0.06    1.58% walk
c         0.05    1.25% preprocess
c         0.04    1.20% elim
c         0.02    0.53% subsume
c         0.01    0.30% fastelim
c         0.01    0.20% probe
c         0.01    0.19% parse
c         0.01    0.19% ternary
c         0.01    0.14% backbone
c         0.00    0.08% lucky
c   =================================
c         3.66   99.80% solve
c 
c last line shows process time for solving
c (percentage relative to total process time)
c 
c --- [ statistics ] ---------------------------------------------------------
c 
c chronological:             17402        34.80 %  of conflicts
c conflicts:                 50001     13657.15    per second
c backbone:                 377898      3112.06 %  of vars
c decisions:                618451    168922.19    per second
c eliminated:                 4494        37.01 %  of all variables
c factored:                    871        13.35 %  of variables
c fixed:                         1         0.01 %  of all variables
c learned:                   46059        92.12 %  per conflict
c learned_lits:            4939004       100.00 %  learned literals
c minimized:                     0         0.00 %  learned literals
c shrunken:                 259734         5.26 %  learned literals
c minishrunken:            1072644        21.72 %  learned literals
c otfs:                       2614         5.23 %  of conflict
c propagations:           32909798         8.99 M  per second
c reduced:                   27644        55.29 %  per conflict
c rephased:                      9      5555.67    interval
c restarts:                   4959        10.08    interval
c stabilizing:                   8        29.20 %  of conflicts
c substituted:                1314        10.82 %  of all variables
c sweep equivs:                164         5.72 %  of swept variables
c subsumed:                   7849         5.61 %  of all clauses
c strengthened:               5051         3.61 %  of all clauses
c ticks:                 221273911         6.84    propagation
c vivified:                   1486         1.06 %  of all clauses
c walked:                        2     25000.50    interval
c weakened:                  30265         2.87    average size
c congruence:                   13      3846.23    interval
c 
c seconds are measured in process time for solving
c 
c --- [ glue usage ] ---------------------------------------------------------
c 
c focused glue 1 used 141964 clauses 70.20% accumulated 70.20% tier1
c focused glue 2 used 33901 clauses 16.76% accumulated 86.96% tier2
c 
c stable glue 1 used 143898 clauses 63.57% accumulated 63.57% tier1
c stable glue 2 used 40013 clauses 17.67% accumulated 81.25% tier2
c 
c 
c --- [ resources ] ----------------------------------------------------------
c 
c total process time since initialization:         3.67    seconds
c total real time since initialization:            3.68    seconds
c maximum resident set size of process:        46096.00    MB
c 
c --- [ shutting down ] ------------------------------------------------------
c 
c exit 0
