c --- [ banner ] -------------------------------------------------------------
c 
c CaDiCaL SAT Solver
c Copyright (c) 2016-2025
c A. Biere, M. Fleury, N. Froleyks, K. Fazekas, F. Pollitt, T. Faller
c JKU Linz, University of Freiburg, TU Wien
c 
c Version 3.0.0
c Apple clang version 17.0.0 (clang-1700.6.3.2) -Wall -Wextra -O3 -DNDEBUG -DNCLOSEFROM
c Tue Dec 23 21:53:38 UTC 2025 Darwin Tahoe-arm64.local 25.2.0 arm64
c 
c --- [ limit ] --------------------------------------------------------------
c 
c setting conflict limit to 50000 conflicts (due to '50000')
c 
c --- [ parsing input ] ------------------------------------------------------
c 
c reading DIMACS file from 'headline_hunt/bets/cascade_aux_encoding/cnfs/aux_force_sr61_n32_bit0_m8299b36f_fill80000000.cnf'
c opening file to read 'headline_hunt/bets/cascade_aux_encoding/cnfs/aux_force_sr61_n32_bit0_m8299b36f_fill80000000.cnf'
c found 'p cnf 12884 53943' header
c parsed 53943 clauses in 0.01 seconds process time
c 
c --- [ options ] ------------------------------------------------------------
c 
c   --seed=5                       (different from default '0')
c 
c --- [ solving ] ------------------------------------------------------------
c 
c time measured in process time since initialization
c 
c  seconds  reduction conflicts       size tier2       variables
c         MB    restarts   redundant    glue  trail         remaining
c          level     rate       size/glu tier1  irredundant
c 
c *  0.01  0  0 0   0  0    0    0 0.0 0 0 2 6  0% 53430 12403 96%
c (  0.01  0  0 0   0  0    0    0 0.0 0 0 2 6  0% 53430 12403 96%
c .  0.01  0  0 0   0  0    0    0 0.0 0 0 2 6  0% 52406 12403 96%
c c  0.03  0  0 0   0  0    0    0 0.0 0 0 2 6  0% 49677 11931 93%
c d  0.03  0  0 0   0  0    0    0 0.0 0 0 2 6  0% 45603 10588 82%
c 2  0.03  0  0 0   0  0    0    0 0.0 0 0 2 6  0% 45453 10588 82%
c f  0.04  0  0 0   0  0    0    0 0.0 0 0 2 6  0% 45179 10862 84%
c e  0.05  0  0 0   0  0    0    0 0.0 0 0 2 6  0% 37337 6881 53%
c P  0.06  0  0 0   0  0    0    0 0.0 0 0 2 6  0% 37337 6881 53%
c )  0.06  0  0 0   0  0    0    0 0.0 0 0 2 6  0% 37337 6881 53%
c {  0.06  0  0 0   0  0    0    0 0.0 0 0 2 6  0% 37337 6881 53%
c -  0.06  0 1018 1  25 48  301  236 1.4 4 3 2 6 19% 37337 6881 53%
c -  0.07  0 484 2  40 27  736  565 1.6 5 3 2 6 15% 37337 6881 53%
c }  0.07  0 376 2  58 23 1001  763 1.6 5 3 2 6 14% 37337 6881 53%
c [  0.07  0  0 2  58  0 1001  763 0.0 0 0 2 6  0% 37337 6881 53%
c O  0.07  0 188 2  58 189 1002  764 2.2 11 5 2 6 18% 37337 6881 53%
c -  0.07  0 466 3  58  3 1414  850 2.0 30 15 2 6 25% 37337 6881 53%
c ]  0.08  0 468 3  58  2 1493  927 2.0 31 16 2 6 25% 37337 6881 53%
c {  0.08  0 376 3  58 23 1493  927 1.6 5 3 2 6 14% 37337 6881 53%
c 2  0.09  0 251 3 151 19 2235 1542 1.7 6 3 2 6 13% 37277 6881 53%
c 
c  seconds   reduction conflicts       size tier2      variables
c         MB     restarts   redundant    glue  trail        remaining
c           level     rate       size/glu tier1  irredundant
c 
c d  0.09  0 251 3 151 19 2235 1476 1.7 6 3 2 6 13% 37261 6858 53%
c p  0.09  0 251 3 151 19 2235 1479 1.7 6 3 2 6 13% 37261 6858 53%
c c  0.10  0 251 3 151 19 2235 1479 1.7 6 3 2 6 13% 37180 6858 53%
c d  0.10  0 251 3 151 19 2235 1453 1.7 6 3 2 6 13% 37154 6845 53%
c 2  0.10  0 251 3 151 19 2235 1453 1.7 6 3 2 6 13% 37152 6845 53%
c -  0.10  0 237 4 178 18 2356 1271 1.7 6 3 2 6 10% 37152 6845 53%
c O  0.11  0 186 4 303 17 3005 1834 1.7 7 4 2 6  9% 37152 6845 53%
c }  0.11  0 182 4 317 17 3071 1896 1.7 7 4 2 6  9% 37152 6845 53%
c [  0.11  0 468 4 317  2 3071 1896 2.0 31 16 2 6 48% 37152 6845 53%
c -  0.12  0 274 5 317  2 3571 1897 2.3 34 14 2 6 45% 37152 6845 53%
c s  0.14  0 211 5 318  2 4218 2453 2.4 30 13 2 6 35% 37102 6845 53%
c t  0.14  0 211 5 318  2 4218 2453 2.4 30 13 2 6 35% 37100 6845 53%
c e  0.15  0 211 5 318  2 4218 1803 2.4 30 13 2 6 35% 36983 6347 49%
c ^  0.16  0 211 5 318  2 4218 1803 2.4 30 13 2 6 35% 36983 6347 49%
c =  0.18  0 212 5 318  2 4736 2255 2.5 30 12 2 6 36% 36907 6286 49%
c ]  0.18  0 211 5 318  2 4779 2295 2.5 30 12 2 6 35% 36907 6286 49%
c {  0.18  0 182 5 318 17 4779 2295 1.7 7 4 2 6  9% 36907 6286 49%
c -  0.19  0 168 6 382 16 5064 1746 1.7 7 4 2 3  9% 36907 6286 49%
c #  0.20  0 140 6 529 15 6009 2569 1.8 7 4 2 3  9% 36907 6286 49%
c -  0.20  0 125 7 544 13 6843 2553 1.8 7 4 2 3  8% 36907 6286 49%
c 
c  seconds   reduction conflicts       size tier2      variables
c         MB     restarts   redundant    glue  trail        remaining
c           level     rate       size/glu tier1  irredundant
c 
c =  0.22  0 118 7 648 13 7339 2913 1.8 8 4 2 3  8% 36875 6248 48%
c }  0.23  0 108 7 852 13 8279 3756 1.8 8 5 2 3  8% 36875 6248 48%
c [  0.23  0 211 7 852  2 8279 3756 2.5 30 12 2 6 35% 36875 6248 48%
c -  0.24  0 181 8 853  2 8911 3292 2.6 30 12 2 6 34% 36875 6248 48%
c I  0.26  0 154 8 853  2 10012 4334 2.9 38 13 2 5 35% 36875 6248 48%
c d  0.26  0 154 8 853  2 10037 4325 2.9 38 13 2 5 35% 36875 6245 48%
c c  0.27  0 154 8 853  2 10037 4325 2.9 38 13 2 5 35% 36831 6245 48%
c d  0.27  0 154 8 853  2 10037 4293 2.9 38 13 2 5 35% 36811 6235 48%
c =  0.28  0 154 8 853  2 10037 4293 2.9 38 13 2 5 35% 36795 6140 48%
c t  0.28  0 154 8 853  2 10037 4292 2.9 38 13 2 5 35% 36795 6140 48%
c 2  0.28  0 154 8 853  2 10037 4292 2.9 38 13 2 5 35% 36793 6140 48%
c f  0.29  0 154 8 853  2 10037 4292 2.9 38 13 2 5 35% 36780 6145 48%
c ]  0.32  0 141 8 854  2 11223 5387 2.7 37 14 2 5 22% 36780 6145 48%
c {  0.32  0 108 8 854 13 11223 5387 1.8 8 5 2 3  9% 36780 6145 48%
c -  0.32  0 108 9 860 13 11270 3697 1.8 8 5 2 3  9% 36780 6145 48%
c c  0.35  0 96 9 1207 13 12823 5072 1.8 9 5 2 3 10% 36774 6142 48%
c =  0.36  0 96 9 1207 13 12823 5060 1.8 9 5 2 3 10% 36737 6108 47%
c -  0.37  0 92 10 1326 13 13929 3721 1.8 9 5 1 2 10% 36737 6108 47%
c e  0.40  0 90 10 1407 13 14390 3731 1.8 9 5 1 2 10% 36945 5865 46%
c ^  0.40  0 90 10 1407 13 14390 3731 1.8 9 5 1 2 10% 36945 5865 46%
c 
c  seconds  reductions   conflicts       size  tier2      variables
c         MB     restarts     redundant     glue  trail        remaining
c          level       rate        size/glue tier1  irredundant
c 
c B  0.41  0 88 10 1521 12 15012 4279 1.8 10 5 1 2 10% 36945 5865 46%
c 2  0.42  0 85 10 1641 12 15689 4885 1.8 10 5 1 2 10% 36945 5865 46%
c c  0.43  0 85 10 1641 12 15689 4829 1.8 10 5 1 2 10% 37013 5855 45%
c d  0.43  0 85 10 1641 12 15689 4804 1.8 10 5 1 2 10% 36999 5848 45%
c 2  0.43  0 85 10 1641 12 15689 4804 1.8 10 5 1 2 10% 36998 5848 45%
c =  0.43  0 85 10 1641 12 15689 4804 1.8 10 5 1 2 10% 36997 5832 45%
c t  0.43  0 85 10 1641 12 15689 4804 1.8 10 5 1 2 10% 36996 5832 45%
c 2  0.43  0 85 10 1641 12 15689 4804 1.8 10 5 1 2 10% 36993 5832 45%
c f  0.44  0 85 10 1641 12 15689 4804 1.8 10 5 1 2 10% 36981 5836 45%
c }  0.44  0 85 10 1661 12 15781 4879 1.8 10 5 1 2 10% 36981 5836 45%
c [  0.44  0 141 10 1661  2 15781 4879 2.7 37 14 2 5 22% 36981 5836 45%
c -  0.46  0 135 11 1662  2 16880 3973 2.7 37 14 2 5 23% 36981 5836 45%
c d  0.50  0 126 11 1663  2 18630 5583 2.8 41 14 2 5 28% 36981 5832 45%
c c  0.51  0 126 11 1663  2 18630 5583 2.8 41 14 2 5 28% 36959 5832 45%
c u  0.53  0 126 11 1663  2 18630 4779 2.8 41 14 2 5 28% 36921 5829 45%
c v  0.53  0 126 11 1663  2 18630 4685 2.8 41 14 2 5 28% 36921 5829 45%
c w  0.53  0 126 11 1663  2 18630 4685 2.8 41 14 2 5 28% 36921 5829 45%
c x  0.53  0 126 11 1663  2 18630 4684 2.8 41 14 2 5 28% 36855 5829 45%
c t  0.53  0 126 11 1663  2 18630 4681 2.8 41 14 2 5 28% 36855 5829 45%
c -  0.57  0 123 12 1664  2 20128 3507 2.7 42 16 2 5 27% 36855 5829 45%
c 
c  seconds   reductions   conflicts       size   tier2      variables
c         MB      restarts     redundant     glue   trail        remaining
c           level       rate        size/glue  tier1  irredundant
c 
c ]  0.57  0 123 12 1664  2 20347 3717 2.7 42 16 2 5 27% 36855 5829 45%
c {  0.57  0 85 12 1664 12 20347 3717 1.8 10 5 1 2 10% 36855 5829 45%
c W  0.59  0 84 12 1709 12 21013 4290 1.8 10 5 1 2 10% 36855 5829 45%
c d  0.60  0 83 12 1759 12 21640 4772 1.8 10 5 1 2 11% 36855 5815 45%
c c  0.61  0 83 12 1759 12 21640 4772 1.8 10 5 1 2 11% 36801 5815 45%
c d  0.61  0 83 12 1759 12 21640 4753 1.8 10 5 1 2 11% 36791 5810 45%
c 2  0.61  0 83 12 1759 12 21640 4753 1.8 10 5 1 2 11% 36789 5810 45%
c f  0.61  0 83 12 1759 12 21640 4753 1.8 10 5 1 2 11% 36783 5812 45%
c -  0.65  0 80 13 2092 12 23675 4367 1.8 10 6 1 2 11% 36783 5812 45%
c d  0.66  0 78 13 2255 12 24716 5293 1.8 10 6 1 2 11% 36783 5810 45%
c c  0.67  0 78 13 2255 12 24716 5293 1.8 10 6 1 2 11% 36769 5810 45%
c d  0.67  0 78 13 2255 12 24716 5282 1.8 10 6 1 2 11% 36765 5808 45%
c 2  0.67  0 78 13 2255 12 24716 5282 1.8 10 6 1 2 11% 36763 5808 45%
c }  0.72  0 74 13 2738 12 27327 7611 1.8 11 6 1 2 11% 36763 5808 45%
c [  0.72  0 123 13 2738  2 27327 7611 2.7 42 16 2 5 27% 36763 5808 45%
c -  0.73  0 122 14 2738  2 27521 5338 2.7 41 15 2 5 27% 36763 5808 45%
c d  0.73  0 120 14 2738  2 27855 5627 2.6 41 15 2 5 27% 36763 5805 45%
c c  0.74  0 120 14 2738  2 27855 5627 2.6 41 15 2 5 27% 36737 5805 45%
c d  0.74  0 120 14 2738  2 27855 5603 2.6 41 15 2 5 27% 36731 5802 45%
c B  0.76  0 121 14 2738  2 28014 5744 2.6 41 16 2 5 27% 36731 5802 45%
c 
c  seconds   reductions   conflicts       size   tier2      variables
c         MB      restarts     redundant     glue   trail        remaining
c           level       rate        size/glue  tier1  irredundant
c 
c e  0.84  0 114 14 2738  2 30324 5428 2.5 45 18 2 5 27% 36836 5603 43%
c ^  0.84  0 114 14 2738  2 30324 5428 2.5 45 18 2 5 27% 36836 5603 43%
c -  0.87  0 113 15 2739  2 31668 4876 2.5 45 18 2 5 27% 36836 5603 43%
c ]  0.94  0 111 15 2741  2 34776 7725 2.5 46 18 2 5 26% 36839 5603 43%
c {  0.94  0 74 15 2741 12 34776 7725 1.8 11 6 1 2 11% 36839 5603 43%
c F  0.96  0 73 15 2951 12 36016 8834 1.9 11 6 1 2 11% 36839 5603 43%
c -  0.97  0 72 16 2955 11 36117 5720 1.9 11 6 1 2 11% 36839 5603 43%
c d  0.97  0 72 16 2955 11 36117 5698 1.9 11 6 1 2 11% 36839 5601 43%
c 2  0.97  0 72 16 2955 11 36117 5697 1.9 11 6 1 2 11% 36839 5601 43%
c =  0.98  0 72 16 2955 11 36117 5697 1.9 11 6 1 2 11% 36839 5600 43%
c u  0.98  0 72 16 2955 11 36117 4434 1.9 11 6 1 2 11% 36839 5600 43%
c v  0.98  0 72 16 2955 11 36117 4328 1.9 11 6 1 2 11% 36839 5600 43%
c w  0.98  0 72 16 2955 11 36117 4328 1.9 11 6 1 2 11% 36839 5600 43%
c f  0.99  0 72 16 2955 11 36117 4328 1.9 11 6 1 2 11% 36829 5602 43%
c -  1.05  0 69 17 3529 11 40868 5612 1.9 11 6 1 2 11% 36829 5602 43%
c c  1.06  0 69 17 3529 11 40868 5591 1.9 11 6 1 2 11% 36821 5600 43%
c }  1.13  0 68 17 4191 11 44929 9318 1.9 12 6 1 2 11% 36819 5599 43%
c [  1.13  0 111 17 4191  2 44929 9318 2.5 46 18 2 5 26% 36819 5599 43%
c W  1.14  0 111 17 4191  2 45018 9399 2.5 46 18 2 5 26% 36819 5599 43%
c -  1.16  0 111 18 4192  2 45921 6719 2.5 47 18 2 5 26% 36819 5599 43%
c 
c  seconds   reductions   conflicts       size   tier2      variables
c         MB      restarts     redundant     glue   trail        remaining
c           level       rate        size/glue  tier1  irredundant
c 
c p  1.16  0 111 18 4192  2 45921 6806 2.5 47 18 2 5 26% 36819 5599 43%
c =  1.18  0 111 18 4192  2 45921 6806 2.5 47 18 2 5 26% 36803 5522 43%
c f  1.19  0 111 18 4192  2 45921 6806 2.5 47 18 2 5 26% 36798 5523 43%
c ]  1.28  0 107 18 4195  2 50000 10652 2.5 48 19 2 5 27% 36798 5523 43%
c ?  1.28  0 107 18 4195  2 50000 10652 2.5 48 19 2 5 27% 36798 5523 43%
c 
c --- [ result ] -------------------------------------------------------------
c 
c UNKNOWN
c 
c --- [ run-time profiling ] -------------------------------------------------
c 
c process time taken by individual solving procedures
c (percentage relative to process time for solving)
c 
c         0.89   69.82% search
c         0.48   37.55% stable
c         0.39   30.44% unstable
c         0.38   29.98% simplify
c         0.13    9.99% congruence
c         0.06    4.92% sweep
c         0.06    4.39% factor
c         0.05    3.78% preprocess
c         0.04    3.41% elim
c         0.02    1.68% walk
c         0.02    1.43% vivify
c         0.01    0.87% fastelim
c         0.01    0.83% subsume
c         0.01    0.64% parse
c         0.01    0.41% backbone
c         0.00    0.15% probe
c         0.00    0.14% lucky
c         0.00    0.12% ternary
c   =================================
c         1.27   99.35% solve
c 
c last line shows process time for solving
c (percentage relative to total process time)
c 
c --- [ statistics ] ---------------------------------------------------------
c 
c chronological:             18527        37.05 %  of conflicts
c conflicts:                 50000     39314.76    per second
c backbone:                 372157      2825.36 %  of vars
c decisions:                329717    259254.89    per second
c eliminated:                 4921        37.36 %  of all variables
c factored:                    288         5.21 %  of variables
c fixed:                       953         7.24 %  of all variables
c learned:                   46442        92.88 %  per conflict
c learned_lits:            1493593       100.00 %  learned literals
c minimized:                     0         0.00 %  learned literals
c shrunken:                  62379         4.18 %  learned literals
c minishrunken:             128154         8.58 %  learned literals
c otfs:                       2262         4.52 %  of conflict
c propagations:            8000499         6.29 M  per second
c reduced:                   28191        56.38 %  per conflict
c rephased:                      9      5555.56    interval
c restarts:                   4195        11.92    interval
c stabilizing:                   6        43.43 %  of conflicts
c substituted:                1775        13.48 %  of all variables
c sweep equivs:                298        48.69 %  of swept variables
c subsumed:                   7390         5.31 %  of all clauses
c strengthened:               3496         2.51 %  of all clauses
c ticks:                  68388834         8.70    propagation
c vivified:                   1436         1.03 %  of all clauses
c walked:                        2     25000.00    interval
c weakened:                  32197         2.85    average size
c congruence:                   13      3846.15    interval
c 
c seconds are measured in process time for solving
c 
c --- [ glue usage ] ---------------------------------------------------------
c 
c focused glue 1 used 64883 clauses 65.28% accumulated 65.28% tier1
c focused glue 2 used 18933 clauses 19.05% accumulated 84.33% tier2
c 
c stable glue 1 used 84939 clauses 52.29% accumulated 52.29% tier1
c stable glue 2 used 29875 clauses 18.39% accumulated 70.69% tier2
c 
c 
c --- [ resources ] ----------------------------------------------------------
c 
c total process time since initialization:         1.28    seconds
c total real time since initialization:            1.29    seconds
c maximum resident set size of process:        41040.00    MB
c 
c --- [ shutting down ] ------------------------------------------------------
c 
c exit 0
