c --- [ banner ] -------------------------------------------------------------
c 
c CaDiCaL SAT Solver
c Copyright (c) 2016-2025
c A. Biere, M. Fleury, N. Froleyks, K. Fazekas, F. Pollitt, T. Faller
c JKU Linz, University of Freiburg, TU Wien
c 
c Version 3.0.0
c Apple clang version 17.0.0 (clang-1700.6.3.2) -Wall -Wextra -O3 -DNDEBUG -DNCLOSEFROM
c Tue Dec 23 21:53:38 UTC 2025 Darwin Tahoe-arm64.local 25.2.0 arm64
c 
c --- [ limit ] --------------------------------------------------------------
c 
c setting conflict limit to 50000 conflicts (due to '50000')
c 
c --- [ parsing input ] ------------------------------------------------------
c 
c reading DIMACS file from 'cnfs_n32/sr61_n32_bit11_m45b0a5f6_fill00000000_enf0.cnf'
c opening file to read 'cnfs_n32/sr61_n32_bit11_m45b0a5f6_fill00000000_enf0.cnf'
c found 'p cnf 11262 47076' header
c parsed 47076 clauses in 0.01 seconds process time
c 
c --- [ options ] ------------------------------------------------------------
c 
c   --seed=5                       (different from default '0')
c 
c --- [ solving ] ------------------------------------------------------------
c 
c time measured in process time since initialization
c 
c  seconds  reduction conflicts       size tier2       variables
c         MB    restarts   redundant    glue  trail         remaining
c          level     rate       size/glu tier1  irredundant
c 
c *  0.01  0  0 0   0  0    0    0 0.0 0 0 2 6  0% 47011 11261 100%
c (  0.01  0  0 0   0  0    0    0 0.0 0 0 2 6  0% 47011 11261 100%
c .  0.01  0  0 0   0  0    0    0 0.0 0 0 2 6  0% 47011 11261 100%
c c  0.03  0  0 0   0  0    0    0 0.0 0 0 2 6  0% 46200 11261 100%
c d  0.03  0  0 0   0  0    0    0 0.0 0 0 2 6  0% 44722 10522 93%
c 2  0.03  0  0 0   0  0    0    0 0.0 0 0 2 6  0% 44664 10522 93%
c f  0.04  0  0 0   0  0    0    0 0.0 0 0 2 6  0% 44598 10588 94%
c e  0.06  0  0 0   0  0    0    0 0.0 0 0 2 6  0% 41078 7215 64%
c P  0.06  0  0 0   0  0    0    0 0.0 0 0 2 6  0% 41078 7215 64%
c )  0.06  0  0 0   0  0    0    0 0.0 0 0 2 6  0% 41078 7215 64%
c {  0.06  0  0 0   0  0    0    0 0.0 0 0 2 6  0% 41078 7215 64%
c -  0.07  0 389 1  32 41  300  207 1.5 6 4 2 6  8% 41078 7215 64%
c -  0.07  0 199 2  55 22  736  482 1.6 7 4 2 6  6% 41078 7215 64%
c }  0.07  0 162 2  69 18 1001  661 1.6 7 4 2 6  5% 41078 7215 64%
c [  0.07  0  0 2  69  0 1001  661 0.0 0 0 2 6  0% 41078 7215 64%
c O  0.07  0 1111 2  69 1112 1002  662 2.0 178 87 2 6 40% 41078 7215 64%
c ]  0.08  0 1102 2  69 17 1070  728 2.1 165 77 2 6 37% 41078 7215 64%
c {  0.08  0 162 2  69 18 1070  728 1.6 7 4 2 6  5% 41078 7215 64%
c -  0.09  0 163 3 134 19 1414  818 1.6 7 5 2 6  6% 41078 7215 64%
c }  0.11  0 157 3 184 20 1598  991 2.4 20 8 2 6  8% 41078 7215 64%
c 
c  seconds    reduction conflicts        size   tier2      variables
c         MB      restarts   redundant      glue   trail        remaining
c           level      rate       size/glue   tier1  irredundant
c 
c [  0.11  0 1102 3 184 17 1598  991 2.1 165 77 2 6 37% 41078 7215 64%
c ]  0.14  0 589 3 184  9 1676 1068 3.0 259 87 2 6 46% 41078 7215 64%
c {  0.14  0 157 3 184 20 1676 1068 2.4 20 8 2 6  8% 41078 7215 64%
c }  0.20  0 148 3 260 19 2104 1467 2.8 47 17 2 6 19% 41078 7215 64%
c [  0.20  0 589 3 260  9 2104 1467 3.0 259 87 2 6 72% 41078 7215 64%
c 2  0.23  0 426 3 260  6 2183 1545 3.2 267 82 2 6 72% 41018 7215 64%
c d  0.23  0 426 3 260  6 2183 1479 3.2 267 82 2 6 72% 40946 7155 64%
c p  0.23  0 426 3 260  6 2183 1664 3.2 267 82 2 6 72% 40946 7155 64%
c c  0.24  0 426 3 260  6 2183 1664 3.2 267 82 2 6 72% 40877 7155 64%
c d  0.24  0 426 3 260  6 2183 1623 3.2 267 82 2 6 72% 40847 7140 63%
c 2  0.25  0 426 3 260  6 2183 1622 3.2 267 82 2 6 72% 40835 7140 63%
c =  0.26  0 426 3 260  6 2183 1517 3.2 267 82 2 6 72% 40775 6964 62%
c t  0.26  0 426 3 260  6 2183 1517 3.2 267 82 2 6 72% 40773 6964 62%
c f  0.27  0 426 3 260  6 2183 1517 3.2 267 82 2 6 72% 40771 6966 62%
c ]  0.32  0 320 3 260  4 2333 1648 2.5 246 97 2 6 70% 40771 6966 62%
c {  0.32  0 148 3 260 19 2333 1648 2.8 47 17 2 6 19% 40771 6966 62%
c -  0.32  0 149 4 266 19 2356  958 2.8 49 18 2 6 25% 40771 6966 62%
c O  0.37  0 139 4 391 20 3003 1549 2.7 59 21 2 6 26% 40771 6966 62%
c -  0.41  0 136 5 477 20 3570 1426 2.7 61 22 2 6 26% 40771 6966 62%
c }  0.42  0 136 5 479 20 3676 1524 2.7 61 22 2 6 25% 40771 6966 62%
c 
c  seconds   reduction conflicts        size   tier2      variables
c         MB     restarts   redundant      glue   trail        remaining
c           level     rate       size/glue   tier1  irredundant
c 
c [  0.42  0 320 5 479  4 3676 1524 2.5 246 97 2 6 70% 40771 6966 62%
c ]  0.54  0 213 5 479  3 4111 1946 3.1 249 80 2 6 66% 40771 6966 62%
c {  0.54  0 136 5 479 20 4111 1946 2.7 61 22 2 6 25% 40771 6966 62%
c s  0.55  0 136 5 482 20 4124 1955 2.7 61 22 2 6 25% 39783 6966 62%
c t  0.55  0 136 5 482 20 4124 1955 2.7 61 22 2 6 25% 39778 6966 62%
c e  0.57  0 136 5 482 20 4124 1207 2.7 61 22 2 6 25% 39612 6348 56%
c s  0.57  0 136 5 482 20 4124 1174 2.7 61 22 2 6 25% 39462 6348 56%
c e  0.58  0 136 5 482 20 4124 1174 2.7 61 22 2 6 25% 39461 6345 56%
c p  0.60  0 137 5 510 18 4683 2231 2.6 59 22 2 6 23% 39461 6345 56%
c =  0.63  0 137 5 510 18 4683 2193 2.6 59 22 2 6 23% 39114 6185 55%
c u  0.63  0 137 5 510 18 4683 1990 2.6 59 22 2 6 23% 38866 6185 55%
c v  0.63  0 137 5 510 18 4683 1805 2.6 59 22 2 6 23% 38866 6185 55%
c w  0.64  0 137 5 510 18 4683 1805 2.6 59 22 2 6 23% 38866 6185 55%
c x  0.64  0 137 5 510 18 4683 1805 2.6 59 22 2 6 23% 38657 6185 55%
c 2  0.64  0 137 5 510 18 4683 1804 2.6 59 22 2 6 23% 38655 6185 55%
c f  0.65  0 137 5 510 18 4683 1782 2.6 59 22 2 6 22% 38170 6685 59%
c -  0.68  0 135 6 552 18 5063  965 2.6 59 22 1 2 21% 38170 6685 59%
c #  0.71  0 135 6 594 16 6004 1834 2.6 56 22 1 2 21% 38170 6685 59%
c -  0.75  0 135 7 656 15 6841 1621 2.6 56 22 2 3 22% 38170 6685 59%
c p  0.77  0 134 7 704 15 7286 2094 2.5 56 22 2 3 22% 38170 6685 59%
c 
c  seconds   reduction conflicts       size   tier2      variables
c         MB     restarts   redundant     glue   trail        remaining
c           level     rate       size/glue  tier1  irredundant
c 
c =  0.78  0 134 7 704 15 7286 2089 2.5 56 22 2 3 22% 38167 6630 59%
c f  0.79  0 134 7 704 15 7286 2089 2.5 56 22 2 3 22% 38156 6641 59%
c }  0.83  0 133 7 770 15 7966 2713 2.5 57 23 2 3 24% 38156 6641 59%
c [  0.83  0 213 7 770  3 7966 2713 3.1 249 80 2 6 71% 38156 6641 59%
c -  0.91  0 171 8 771  2 8909 2181 2.8 177 63 2 6 50% 38156 6641 59%
c ]  1.02  0 160 8 772  2 9876 3109 2.8 173 61 1 2 48% 38156 6641 59%
c {  1.02  0 133 8 772 15 9876 3109 2.5 57 23 2 3 24% 38156 6641 59%
c p  1.03  0 133 8 800 15 9984 3214 2.5 58 23 2 3 24% 38156 6641 59%
c =  1.06  0 133 8 800 15 9984 3214 2.5 58 23 2 3 24% 38153 6638 59%
c u  1.07  0 133 8 800 15 9984 2852 2.5 58 23 2 3 24% 38081 6638 59%
c v  1.07  0 133 8 800 15 9984 2576 2.5 58 23 2 3 24% 38081 6638 59%
c w  1.08  0 133 8 800 15 9984 2574 2.5 58 23 2 3 24% 38081 6638 59%
c f  1.08  0 133 8 800 15 9984 2574 2.5 58 23 2 3 24% 38073 6646 59%
c B  1.09  0 134 8 801 15 10007 2596 2.5 58 23 2 3 24% 38073 6646 59%
c -  1.15  0 134 9 912 15 11268 2160 2.5 59 23 2 3 24% 38073 6646 59%
c p  1.22  0 132 9 1031 14 12769 3759 2.5 61 24 2 3 24% 38073 6646 59%
c f  1.24  0 132 9 1031 14 12769 3755 2.5 61 24 2 3 23% 38044 6677 59%
c -  1.29  0 133 10 1095 13 13922 2822 2.5 59 24 2 3 23% 38044 6677 59%
c }  1.33  0 133 10 1156 13 14353 3216 2.5 62 25 2 3 24% 38044 6677 59%
c [  1.33  0 160 10 1156  2 14353 3216 2.8 173 61 1 2 47% 38044 6677 59%
c 
c  seconds   reductions   conflicts        size   tier2      variables
c         MB      restarts     redundant      glue   trail        remaining
c           level       rate        size/glue   tier1  irredundant
c 
c s  1.38  0 157 10 1156  2 14673 3486 2.9 175 61 1 2 48% 37293 6677 59%
c e  1.40  0 157 10 1156  2 14673 2362 2.9 175 61 1 2 48% 35863 6007 53%
c s  1.40  0 157 10 1156  2 14673 2330 2.9 175 61 1 2 48% 35441 6007 53%
c e  1.40  0 157 10 1156  2 14673 2330 2.9 175 61 1 2 48% 35429 6006 53%
c I  1.42  0 158 10 1156  2 15008 2649 2.8 165 58 1 2 25% 35429 6006 53%
c 2  1.52  0 154 10 1156  2 15634 3188 3.0 177 60 1 2 47% 35429 6006 53%
c p  1.52  0 154 10 1156  2 15634 3640 3.0 177 60 1 2 47% 35429 6006 53%
c u  1.53  0 154 10 1156  2 15634 3293 3.0 177 60 1 2 47% 35429 6006 53%
c v  1.54  0 154 10 1156  2 15634 3070 3.0 177 60 1 2 47% 35429 6006 53%
c w  1.54  0 154 10 1156  2 15634 3066 3.0 177 60 1 2 47% 35429 6006 53%
c t  1.54  0 154 10 1156  2 15634 3066 3.0 177 60 1 2 47% 35427 6006 53%
c f  1.55  0 154 10 1156  2 15634 2915 3.0 177 60 1 2 46% 35493 6089 54%
c -  1.71  0 153 11 1157  2 16871 2093 2.7 170 62 1 2 47% 35493 6089 54%
c ]  1.71  0 153 11 1157  2 16879 2100 2.7 170 62 1 2 47% 35493 6089 54%
c {  1.71  0 133 11 1157 13 16879 2100 2.5 62 25 2 3 27% 35493 6089 54%
c p  1.78  0 131 11 1261 13 18575 3701 2.5 61 25 2 3 25% 35493 6089 54%
c =  1.80  0 131 11 1261 13 18575 3701 2.5 61 25 2 3 25% 35492 6088 54%
c f  1.81  0 131 11 1261 13 18575 3697 2.5 61 25 2 3 25% 35485 6099 54%
c -  1.87  0 130 12 1347 12 20119 2900 2.5 62 25 2 3 26% 35485 6099 54%
c W  1.95  0 130 12 1430 12 21009 3713 2.5 62 25 2 3 26% 35485 6099 54%
c 
c  seconds   reductions   conflicts       size   tier2      variables
c         MB      restarts     redundant     glue   trail        remaining
c           level       rate        size/glue  tier1  irredundant
c 
c p  1.98  0 130 12 1478 12 21585 4387 2.5 62 25 2 3 26% 35485 6099 54%
c u  2.01  0 130 12 1478 12 21585 4026 2.5 62 25 2 3 26% 35485 6099 54%
c v  2.01  0 130 12 1478 12 21585 3574 2.5 62 25 2 3 26% 35485 6099 54%
c w  2.01  0 130 12 1478 12 21585 3573 2.5 62 25 2 3 26% 35485 6099 54%
c f  2.02  0 130 12 1478 12 21585 3557 2.5 62 25 2 3 26% 35493 6107 54%
c -  2.10  0 127 13 1584 12 23668 3189 2.5 61 25 2 3 25% 35493 6107 54%
c }  2.15  0 127 13 1665 12 24468 3939 2.5 62 25 2 3 25% 35493 6107 54%
c [  2.15  0 153 13 1665  2 24468 3939 2.7 170 62 1 2 47% 35493 6107 54%
c d  2.16  0 153 13 1666  2 24663 4111 2.7 167 62 1 2 46% 35474 6092 54%
c p  2.16  0 153 13 1666  2 24663 4312 2.7 167 62 1 2 46% 35474 6092 54%
c f  2.17  0 153 13 1666  2 24663 4213 2.7 167 62 1 2 46% 35516 6145 55%
c -  2.49  0 146 14 1667  1 27515 3904 2.6 163 64 1 2 47% 35516 6145 55%
c p  2.51  0 146 14 1668  1 27803 4377 2.5 161 63 1 2 46% 35516 6145 55%
c u  2.54  0 146 14 1668  1 27803 4004 2.5 161 63 1 2 46% 35516 6145 55%
c v  2.54  0 146 14 1668  1 27803 3595 2.5 161 63 1 2 46% 35516 6145 55%
c w  2.55  0 146 14 1668  1 27803 3595 2.5 161 63 1 2 46% 35516 6145 55%
c f  2.55  0 146 14 1668  1 27803 3526 2.5 161 63 1 2 46% 35551 6179 55%
c B  2.58  0 146 14 1668  2 28010 3711 2.5 161 63 1 2 46% 35551 6179 55%
c ]  2.60  0 146 14 1668  2 28185 3864 2.5 160 63 1 2 46% 35551 6179 55%
c {  2.60  0 127 14 1668 12 28185 3864 2.5 62 25 2 3 25% 35551 6179 55%
c 
c  seconds   reductions   conflicts       size   tier2      variables
c         MB      restarts     redundant     glue   trail        remaining
c           level       rate        size/glue  tier1  irredundant
c 
c s  2.69  0 127 14 1829 12 30037 5577 2.5 63 25 2 3 25% 35547 6179 55%
c e  2.70  0 127 14 1829 12 30037 5542 2.5 63 25 2 3 25% 35545 6169 55%
c s  2.70  0 127 14 1829 12 30037 5536 2.5 63 25 2 3 25% 35540 6169 55%
c -  2.78  0 127 15 1925 12 31661 4125 2.5 63 25 2 3 25% 35540 6169 55%
c 2  2.78  0 127 15 1925 12 31661 4123 2.5 63 25 2 3 25% 35540 6169 55%
c p  2.78  0 127 15 1925 12 31661 4385 2.5 63 25 2 3 25% 35540 6169 55%
c f  2.79  0 127 15 1925 12 31661 4321 2.5 63 25 2 3 25% 35577 6192 55%
c F  2.97  0 127 15 2211 11 36011 8364 2.5 63 25 2 3 26% 35577 6192 55%
c -  2.98  0 127 16 2222 11 36109 5182 2.5 63 25 2 3 26% 35577 6192 55%
c p  2.99  0 127 16 2222 11 36109 5282 2.5 63 25 2 3 26% 35570 6189 55%
c u  2.99  0 127 16 2222 11 36109 4690 2.5 63 25 2 3 26% 35570 6189 55%
c v  2.99  0 127 16 2222 11 36109 4505 2.5 63 25 2 3 26% 35570 6189 55%
c w  2.99  0 127 16 2222 11 36109 4505 2.5 63 25 2 3 26% 35570 6189 55%
c t  3.00  0 127 16 2222 11 36109 4504 2.5 63 25 2 3 26% 35570 6189 55%
c f  3.00  0 127 16 2222 11 36109 4502 2.5 63 25 2 3 26% 35571 6190 55%
c }  3.04  0 127 16 2291 11 36904 5247 2.5 63 25 2 3 26% 35571 6190 55%
c [  3.04  0 146 16 2291  2 36904 5247 2.5 160 63 1 2 45% 35571 6190 55%
c ]  3.51  0 138 16 2291  1 39686 7943 3.1 179 58 1 2 51% 35571 6190 55%
c {  3.51  0 127 16 2291 11 39686 7943 2.5 63 25 2 3 26% 35571 6190 55%
c -  3.55  0 128 17 2348 11 40862 5166 2.5 62 25 2 3 25% 35571 6190 55%
c 
c  seconds   reductions   conflicts       size   tier2      variables
c         MB      restarts     redundant     glue   trail        remaining
c           level       rate        size/glue  tier1  irredundant
c 
c d  3.55  0 128 17 2348 11 40862 5163 2.5 62 25 2 3 25% 35566 6188 55%
c p  3.55  0 128 17 2348 11 40862 5423 2.5 62 25 2 3 25% 35566 6188 55%
c =  3.59  0 128 17 2348 11 40862 5418 2.5 62 25 2 3 25% 35566 6186 55%
c u  3.60  0 128 17 2348 11 40862 5087 2.5 62 25 2 3 25% 35566 6186 55%
c v  3.60  0 128 17 2348 11 40862 4610 2.5 62 25 2 3 25% 35566 6186 55%
c w  3.60  0 128 17 2348 11 40862 4610 2.5 62 25 2 3 25% 35566 6186 55%
c f  3.61  0 128 17 2348 11 40862 4601 2.5 62 25 2 3 25% 35570 6191 55%
c B  3.77  0 129 17 2598 11 45012 8445 2.5 62 25 2 3 25% 35570 6191 55%
c -  3.78  0 129 18 2602 11 45916 5682 2.5 61 24 2 3 25% 35570 6191 55%
c p  3.78  0 129 18 2602 11 45916 5672 2.5 61 24 2 3 25% 35566 6186 55%
c f  3.78  0 129 18 2602 11 45916 5672 2.5 61 24 2 3 25% 35556 6194 55%
c }  3.94  0 130 18 2815 10 50001 9473 2.5 60 24 2 3 25% 35556 6194 55%
c ?  3.94  0 130 18 2815 10 50001 9473 2.5 60 24 2 3 25% 35556 6194 55%
c 
c --- [ result ] -------------------------------------------------------------
c 
c UNKNOWN
c 
c --- [ run-time profiling ] -------------------------------------------------
c 
c process time taken by individual solving procedures
c (percentage relative to process time for solving)
c 
c         3.37   85.71% search
c         1.70   43.22% unstable
c         1.63   41.55% stable
c         0.56   14.23% simplify
c         0.16    4.17% sweep
c         0.11    2.83% factor
c         0.09    2.29% vivify
c         0.06    1.61% congruence
c         0.05    1.30% preprocess
c         0.05    1.15% elim
c         0.03    0.86% walk
c         0.02    0.51% subsume
c         0.01    0.34% fastelim
c         0.01    0.20% parse
c         0.01    0.19% probe
c         0.01    0.17% ternary
c         0.01    0.14% backbone
c         0.00    0.08% lucky
c   =================================
c         3.93   99.80% solve
c 
c last line shows process time for solving
c (percentage relative to total process time)
c 
c --- [ statistics ] ---------------------------------------------------------
c 
c chronological:             14845        29.69 %  of conflicts
c conflicts:                 50001     12710.94    per second
c backbone:                 363465      3002.35 %  of vars
c decisions:                409802    104177.26    per second
c eliminated:                 4675        38.62 %  of all variables
c factored:                    844        13.54 %  of variables
c fixed:                         1         0.01 %  of all variables
c learned:                   47081        94.16 %  per conflict
c learned_lits:            5602049       100.00 %  learned literals
c minimized:                     0         0.00 %  learned literals
c shrunken:                 285126         5.09 %  learned literals
c minishrunken:            1108739        19.79 %  learned literals
c otfs:                       1386         2.77 %  of conflict
c propagations:           30731800         7.81 M  per second
c reduced:                   29904        59.81 %  per conflict
c rephased:                      9      5555.67    interval
c restarts:                   2815        17.76    interval
c stabilizing:                   8        23.36 %  of conflicts
c substituted:                1236        10.21 %  of all variables
c sweep equivs:                397        16.03 %  of swept variables
c subsumed:                   6418         4.65 %  of all clauses
c strengthened:               4312         3.13 %  of all clauses
c ticks:                 209651902         6.98    propagation
c vivified:                   2217         1.61 %  of all clauses
c walked:                        1     50001.00    interval
c weakened:                  31381         2.90    average size
c congruence:                    6      8333.50    interval
c 
c seconds are measured in process time for solving
c 
c --- [ glue usage ] ---------------------------------------------------------
c 
c focused glue 1 used 91437 clauses 54.48% accumulated 54.48% tier1
c focused glue 2 used 29434 clauses 17.53% accumulated 72.02% tier2
c 
c stable glue 1 used 58865 clauses 50.91% accumulated 50.91% tier1
c stable glue 2 used 18389 clauses 15.90% accumulated 66.81% tier2
c 
c 
c --- [ resources ] ----------------------------------------------------------
c 
c total process time since initialization:         3.94    seconds
c total real time since initialization:            3.99    seconds
c maximum resident set size of process:        46240.00    MB
c 
c --- [ shutting down ] ------------------------------------------------------
c 
c exit 0
