c --- [ banner ] -------------------------------------------------------------
c 
c CaDiCaL SAT Solver
c Copyright (c) 2016-2025
c A. Biere, M. Fleury, N. Froleyks, K. Fazekas, F. Pollitt, T. Faller
c JKU Linz, University of Freiburg, TU Wien
c 
c Version 3.0.0
c Apple clang version 17.0.0 (clang-1700.6.3.2) -Wall -Wextra -O3 -DNDEBUG -DNCLOSEFROM
c Tue Dec 23 21:53:38 UTC 2025 Darwin Tahoe-arm64.local 25.2.0 arm64
c 
c --- [ limit ] --------------------------------------------------------------
c 
c setting conflict limit to 50000 conflicts (due to '50000')
c 
c --- [ parsing input ] ------------------------------------------------------
c 
c reading DIMACS file from 'cnfs_n32/sr61_n32_bit17_m427c281d_fill80000000_enf0.cnf'
c opening file to read 'cnfs_n32/sr61_n32_bit17_m427c281d_fill80000000_enf0.cnf'
c found 'p cnf 11247 47020' header
c parsed 47020 clauses in 0.01 seconds process time
c 
c --- [ options ] ------------------------------------------------------------
c 
c   --seed=5                       (different from default '0')
c 
c --- [ solving ] ------------------------------------------------------------
c 
c time measured in process time since initialization
c 
c  seconds  reduction conflicts       size tier2       variables
c         MB    restarts   redundant    glue  trail         remaining
c          level     rate       size/glu tier1  irredundant
c 
c *  0.01  0  0 0   0  0    0    0 0.0 0 0 2 6  0% 46955 11246 100%
c (  0.01  0  0 0   0  0    0    0 0.0 0 0 2 6  0% 46955 11246 100%
c .  0.01  0  0 0   0  0    0    0 0.0 0 0 2 6  0% 46955 11246 100%
c c  0.02  0  0 0   0  0    0    0 0.0 0 0 2 6  0% 46149 11246 100%
c d  0.03  0  0 0   0  0    0    0 0.0 0 0 2 6  0% 44673 10508 93%
c 2  0.03  0  0 0   0  0    0    0 0.0 0 0 2 6  0% 44613 10508 93%
c f  0.04  0  0 0   0  0    0    0 0.0 0 0 2 6  0% 44547 10574 94%
c e  0.05  0  0 0   0  0    0    0 0.0 0 0 2 6  0% 41059 7206 64%
c P  0.06  0  0 0   0  0    0    0 0.0 0 0 2 6  0% 41059 7206 64%
c )  0.06  0  0 0   0  0    0    0 0.0 0 0 2 6  0% 41059 7206 64%
c {  0.06  0  0 0   0  0    0    0 0.0 0 0 2 6  0% 41059 7206 64%
c -  0.06  0 364 1  38 35  302  227 1.4 6 4 2 6  8% 41059 7206 64%
c -  0.06  0 165 2  66 18  736  511 1.6 5 3 2 6  4% 41059 7206 64%
c }  0.07  0 140 2 106 17 1001  705 1.6 6 4 2 6  4% 41059 7206 64%
c [  0.07  0  0 2 106  0 1001  705 0.0 0 0 2 6  0% 41059 7206 64%
c O  0.07  0 1102 2 106 1103 1002  706 2.6 157 60 2 6 38% 41059 7206 64%
c ]  0.07  0 1093 2 106 17 1072  772 2.1 173 83 2 6 36% 41059 7206 64%
c {  0.07  0 140 2 106 17 1072  772 1.6 6 4 2 6  4% 41059 7206 64%
c -  0.08  0 114 3 156 15 1415  852 1.6 6 4 2 6  3% 41059 7206 64%
c 2  0.09  0 103 3 226 14 2182 1407 1.6 6 4 2 6  6% 40998 7206 64%
c 
c  seconds   reduction conflicts       size tier2      variables
c         MB     restarts   redundant    glue  trail        remaining
c           level     rate       size/glu tier1  irredundant
c 
c d  0.09  0 103 3 226 14 2182 1175 1.6 6 4 2 6  6% 40886 7096 63%
c c  0.10  0 103 3 226 14 2182 1174 1.6 6 4 2 6  6% 40664 7096 63%
c d  0.10  0 103 3 226 14 2182 1027 1.6 6 4 2 6  6% 40596 7062 63%
c 2  0.10  0 103 3 226 14 2182 1024 1.6 6 4 2 6  6% 40584 7062 63%
c -  0.11  0 102 4 251 14 2360  866 1.6 6 4 2 6  6% 40584 7062 63%
c O  0.11  0 100 4 293 13 3003 1315 1.6 6 4 2 6  6% 40584 7062 63%
c -  0.12  0 108 5 352 14 3576 1548 1.6 6 4 2 6  8% 40584 7062 63%
c s  0.12  0 103 5 374 13 4126 1911 1.6 6 4 2 6  8% 40522 7062 63%
c t  0.12  0 103 5 374 13 4126 1911 1.6 6 4 2 6  8% 40519 7062 63%
c e  0.14  0 103 5 374 13 4126 1786 1.6 6 4 2 6  8% 40377 6489 58%
c s  0.15  0 103 5 374 13 4126 1786 1.6 6 4 2 6  8% 40358 6489 58%
c e  0.15  0 103 5 374 13 4126 1786 1.6 6 4 2 6  8% 40358 6482 58%
c d  0.15  0 97 5 400 13 4684 1720 1.6 6 4 2 6  7% 40213 6426 57%
c c  0.17  0 97 5 400 13 4684 1720 1.6 6 4 2 6  7% 40087 6426 57%
c d  0.17  0 97 5 400 13 4684 1602 1.6 6 4 2 6  7% 40049 6407 57%
c 2  0.17  0 97 5 400 13 4684 1601 1.6 6 4 2 6  7% 40047 6407 57%
c =  0.17  0 97 5 400 13 4684 1577 1.6 6 4 2 6  7% 40043 6365 57%
c -  0.18  0 93 6 403 12 5070 1348 1.6 6 4 2 3  6% 40043 6365 57%
c }  0.18  0 87 6 426 11 5657 1740 1.6 6 4 2 3  6% 40041 6365 57%
c [  0.18  0 1093 6 426 17 5657 1740 2.1 173 83 2 6 57% 40041 6365 57%
c 
c  seconds   reduction conflicts       size   tier2      variables
c         MB     restarts   redundant     glue   trail        remaining
c           level     rate       size/glue  tier1  irredundant
c 
c I  0.19  0 289 6 426  5 6004 2051 2.2 52 24 2 6 24% 40041 6365 57%
c -  0.21  0 200 7 427  3 6851 1914 2.1 47 23 5 15 36% 40041 6365 57%
c ]  0.21  0 193 7 427  3 7136 2181 2.3 56 24 5 21 36% 40041 6365 57%
c {  0.21  0 87 7 427 11 7136 2181 1.6 6 4 2 3  6% 40041 6365 57%
c d  0.22  0 86 7 430 11 7289 2086 1.6 6 4 2 3  6% 40028 6335 56%
c c  0.23  0 86 7 430 11 7289 2085 1.6 6 4 2 3  6% 39935 6335 56%
c d  0.23  0 86 7 430 11 7289 1982 1.6 6 4 2 3  6% 39907 6321 56%
c 2  0.23  0 86 7 430 11 7289 1982 1.6 6 4 2 3  6% 39903 6321 56%
c -  0.24  0 80 8 615 11 8920 2277 1.6 6 4 2 3  6% 39903 6321 56%
c d  0.25  0 79 8 748 11 9987 2603 1.6 6 4 1 2  6% 39903 6255 56%
c c  0.26  0 79 8 748 11 9987 2603 1.6 6 4 1 2  6% 39786 6255 56%
c d  0.26  0 79 8 748 11 9987 2542 1.6 6 4 1 2  6% 39758 6241 55%
c 2  0.26  0 79 8 748 11 9987 2542 1.6 6 4 1 2  6% 39752 6241 55%
c =  0.26  0 79 8 748 11 9987 2537 1.6 6 4 1 2  6% 39752 6220 55%
c #  0.27  0 79 8 752 11 10006 2550 1.6 6 4 1 2  6% 39752 6220 55%
c -  0.27  0 78 9 969 12 11281 2012 1.6 7 4 1 2  6% 39752 6220 55%
c d  0.28  0 76 9 1278 13 12771 3053 1.6 7 4 1 2  5% 39752 6203 55%
c c  0.29  0 76 9 1278 13 12771 3053 1.6 7 4 1 2  5% 39709 6203 55%
c d  0.29  0 76 9 1278 13 12771 3027 1.6 7 4 1 2  5% 39699 6198 55%
c 2  0.30  0 76 9 1278 13 12771 3027 1.6 7 4 1 2  5% 39697 6198 55%
c 
c  seconds  reductions  conflicts       size tier2      variables
c         MB    restarts     redundant    glue  trail        remaining
c          level      rate        size/glu tier1  irredundant
c 
c f  0.30  0 76 9 1278 13 12771 3027 1.6 7 4 1 2  5% 39332 6559 58%
c -  0.31  0 74 10 1559 13 13936 2733 1.6 7 4 2 3  5% 39332 6559 58%
c s  0.32  0 74 10 1626 13 14680 2933 1.6 7 4 2 3  5% 38070 6559 58%
c t  0.32  0 74 10 1626 13 14680 2931 1.6 7 4 2 3  5% 38070 6559 58%
c e  0.33  0 74 10 1626 13 14680 2883 1.6 7 4 2 3  5% 38028 6227 55%
c s  0.33  0 74 10 1626 13 14680 2796 1.6 7 4 2 3  5% 37715 6227 55%
c e  0.34  0 74 10 1626 13 14680 2730 1.6 7 4 2 3  5% 37689 6225 55%
c B  0.34  0 73 10 1661 13 15007 2950 1.6 7 4 2 3  5% 37689 6225 55%
c d  0.35  0 71 10 1753 13 15638 3003 1.6 7 4 2 3  5% 37684 6201 55%
c c  0.35  0 71 10 1753 13 15638 3003 1.6 7 4 2 3  5% 37445 6201 55%
c d  0.36  0 71 10 1753 13 15638 2672 1.6 7 4 2 3  5% 37385 6171 55%
c 2  0.36  0 71 10 1753 13 15638 2672 1.6 7 4 2 3  5% 37377 6171 55%
c =  0.36  0 71 10 1753 13 15638 2667 1.6 7 4 2 3  5% 37356 6152 55%
c }  0.36  0 70 10 1833 13 16073 2944 1.6 7 4 2 3  5% 37356 6152 55%
c [  0.36  0 193 10 1833  3 16073 2944 2.3 56 24 5 21 34% 37356 6152 55%
c -  0.40  0 176 11 1834  3 16887 2511 2.3 62 27 5 21 28% 37356 6152 55%
c ]  0.43  0 174 11 1834  3 17045 2662 2.4 73 31 5 21 31% 37356 6152 55%
c {  0.43  0 70 11 1834 13 17045 2662 1.6 7 4 2 3  5% 37356 6152 55%
c d  0.50  0 74 11 2222 14 18578 3786 1.9 11 6 2 3  6% 37356 6130 55%
c p  0.50  0 74 11 2222 14 18578 4055 1.9 11 6 2 3  6% 37356 6130 55%
c 
c  seconds  reductions   conflicts       size  tier2      variables
c         MB     restarts     redundant     glue  trail        remaining
c          level       rate        size/glue tier1  irredundant
c 
c c  0.51  0 74 11 2222 14 18578 4055 1.9 11 6 2 3  6% 37258 6130 55%
c d  0.51  0 74 11 2222 14 18578 3984 1.9 11 6 2 3  6% 37228 6115 54%
c 2  0.51  0 74 11 2222 14 18578 3983 1.9 11 6 2 3  6% 37222 6115 54%
c =  0.52  0 74 11 2222 14 18578 3965 1.9 11 6 2 3  6% 37222 6098 54%
c 2  0.52  0 74 11 2222 14 18578 3960 1.9 11 6 2 3  6% 37214 6098 54%
c f  0.53  0 74 11 2222 14 18578 3924 1.9 11 6 2 3  6% 37133 6212 55%
c }  0.55  0 75 11 2288 14 18822 4152 2.1 13 6 2 3  7% 37133 6212 55%
c [  0.55  0 174 11 2288  3 18822 4152 2.4 73 31 5 21 31% 37133 6212 55%
c ]  0.67  0 165 11 2288  2 19305 4619 2.7 103 38 5 21 38% 37133 6212 55%
c {  0.67  0 75 11 2288 14 19305 4619 2.1 13 6 2 3  7% 37133 6212 55%
c -  0.70  0 76 12 2487 15 20135 3476 2.1 14 7 2 3  7% 37133 6212 55%
c W  0.75  0 77 12 2663 15 21009 4251 2.2 16 8 2 3  8% 37133 6212 55%
c p  0.77  0 78 12 2809 16 21589 4807 2.2 17 8 1 2  8% 37133 6209 55%
c c  0.78  0 78 12 2809 16 21589 4807 2.2 17 8 1 2  8% 37122 6209 55%
c d  0.79  0 78 12 2809 16 21589 4779 2.2 17 8 1 2  8% 37116 6206 55%
c 2  0.79  0 78 12 2809 16 21589 4779 2.2 17 8 1 2  8% 37114 6206 55%
c u  0.81  0 78 12 2809 16 21589 3653 2.2 17 8 1 2  8% 37091 6206 55%
c v  0.81  0 78 12 2809 16 21589 3228 2.2 17 8 1 2  8% 37091 6206 55%
c w  0.82  0 78 12 2809 16 21589 3228 2.2 17 8 1 2  8% 37091 6206 55%
c x  0.82  0 78 12 2809 16 21589 3228 2.2 17 8 1 2  8% 36925 6206 55%
c 
c  seconds  reductions   conflicts       size  tier2      variables
c         MB     restarts     redundant     glue  trail        remaining
c          level       rate        size/glue tier1  irredundant
c 
c t  0.82  0 78 12 2809 16 21589 3227 2.2 17 8 1 2  8% 36923 6206 55%
c f  0.83  0 78 12 2809 16 21589 3204 2.2 17 8 1 2  8% 36847 6293 56%
c }  0.87  0 79 12 2993 16 22815 4222 2.2 18 8 1 2  9% 36847 6293 56%
c [  0.87  0 165 12 2993  2 22815 4222 2.7 103 38 5 21 38% 36847 6293 56%
c -  1.01  0 157 13 2993  2 23682 2990 3.0 134 44 5 21 43% 36847 6293 56%
c ]  1.05  0 155 13 2993  2 23969 3252 3.1 138 45 5 21 44% 36847 6293 56%
c {  1.05  0 79 13 2993 16 23969 3252 2.2 18 8 1 2  9% 36847 6293 56%
c d  1.08  0 80 13 3102 16 24666 3759 2.3 19 9 1 2  9% 36845 6277 56%
c p  1.08  0 80 13 3102 16 24666 4557 2.3 19 9 1 2  9% 36845 6277 56%
c c  1.09  0 80 13 3102 16 24666 4557 2.3 19 9 1 2  9% 36731 6277 56%
c d  1.09  0 80 13 3102 16 24666 4474 2.3 19 9 1 2  9% 36703 6263 56%
c 2  1.09  0 80 13 3102 16 24666 4474 2.3 19 9 1 2  9% 36697 6263 56%
c t  1.09  0 80 13 3102 16 24666 4471 2.3 19 9 1 2  9% 36697 6263 56%
c f  1.10  0 80 13 3102 16 24666 4255 2.3 19 9 1 2  9% 36788 6377 57%
c -  1.25  0 83 14 3685 17 27529 4012 2.4 24 10 1 2 11% 36788 6377 57%
c p  1.27  0 84 14 3750 17 27805 4302 2.3 25 11 1 2 11% 36776 6364 57%
c c  1.28  0 84 14 3750 17 27805 4302 2.3 25 11 1 2 11% 36740 6364 57%
c =  1.30  0 84 14 3750 17 27805 4274 2.3 25 11 1 2 11% 36718 6350 56%
c u  1.30  0 84 14 3750 17 27805 3534 2.3 25 11 1 2 11% 36713 6350 56%
c v  1.30  0 84 14 3750 17 27805 3305 2.3 25 11 1 2 11% 36713 6350 56%
c 
c  seconds  reductions   conflicts       size   tier2      variables
c         MB     restarts     redundant     glue   trail        remaining
c          level       rate        size/glue  tier1  irredundant
c 
c w  1.31  0 84 14 3750 17 27805 3305 2.3 25 11 1 2 11% 36713 6350 56%
c 2  1.31  0 84 14 3750 17 27805 3304 2.3 25 11 1 2 11% 36713 6350 56%
c f  1.32  0 84 14 3750 17 27805 3293 2.3 25 11 1 2 11% 36681 6385 57%
c F  1.33  0 84 14 3790 17 28010 3485 2.3 25 11 1 2 11% 36681 6385 57%
c }  1.33  0 84 14 3805 17 28066 3536 2.3 25 11 1 2 11% 36681 6385 57%
c [  1.33  0 155 14 3805  2 28066 3536 3.1 138 45 5 21 43% 36681 6385 57%
c ]  1.60  0 152 14 3807  2 29533 4909 3.1 165 54 5 21 47% 36681 6385 57%
c {  1.60  0 84 14 3807 17 29533 4909 2.3 25 11 1 2 11% 36681 6385 57%
c s  1.65  0 85 14 3958 17 30268 5585 2.4 26 11 1 2 11% 36375 6385 57%
c t  1.65  0 85 14 3958 17 30268 5585 2.4 26 11 1 2 11% 36374 6385 57%
c e  1.66  0 85 14 3958 17 30268 4204 2.4 26 11 1 2 11% 36348 6184 55%
c s  1.66  0 85 14 3958 17 30268 4177 2.4 26 11 1 2 11% 36178 6184 55%
c e  1.66  0 85 14 3958 17 30268 4173 2.4 26 11 1 2 11% 36161 6181 55%
c -  1.74  0 87 15 4254 18 31677 3550 2.4 28 12 1 2 24% 36161 6181 55%
c 2  1.74  0 87 15 4254 18 31677 3516 2.4 28 12 1 2 24% 36160 6181 55%
c d  1.74  0 87 15 4254 18 31677 3507 2.4 28 12 1 2 24% 36160 6177 55%
c p  1.75  0 87 15 4254 18 31677 3976 2.4 28 12 1 2 24% 36160 6177 55%
c c  1.76  0 87 15 4254 18 31677 3976 2.4 28 12 1 2 24% 36129 6177 55%
c d  1.76  0 87 15 4254 18 31677 3960 2.4 28 12 1 2 24% 36119 6172 55%
c 2  1.76  0 87 15 4254 18 31677 3960 2.4 28 12 1 2 24% 36113 6172 55%
c 
c  seconds  reductions   conflicts       size   tier2      variables
c         MB     restarts     redundant     glue   trail        remaining
c          level       rate        size/glue  tier1  irredundant
c 
c =  1.79  0 87 15 4254 18 31677 3960 2.4 28 12 1 2 24% 36112 6171 55%
c u  1.79  0 87 15 4254 18 31677 3557 2.4 28 12 1 2 24% 36112 6171 55%
c v  1.79  0 87 15 4254 18 31677 3428 2.4 28 12 1 2 24% 36112 6171 55%
c t  1.79  0 87 15 4254 18 31677 3428 2.4 28 12 1 2 24% 36111 6171 55%
c f  1.80  0 87 15 4254 18 31677 3303 2.4 28 12 1 2 24% 36161 6241 55%
c }  1.96  0 90 15 4820 18 34557 5961 2.4 31 13 1 2 25% 36161 6241 55%
c [  1.96  0 152 15 4820  2 34557 5961 3.1 165 54 5 21 54% 36161 6241 55%
c B  2.10  0 148 15 4821  2 36012 7343 3.0 161 54 5 21 51% 36161 6241 55%
c -  2.13  0 148 16 4821  2 36126 4265 3.0 163 55 5 21 51% 36161 6241 55%
c d  2.13  0 148 16 4821  2 36126 4261 3.0 163 55 5 21 51% 36159 6238 55%
c p  2.14  0 148 16 4821  2 36126 4528 3.0 163 55 5 21 51% 36159 6238 55%
c c  2.14  0 148 16 4821  2 36126 4528 3.0 163 55 5 21 51% 36121 6238 55%
c =  2.17  0 148 16 4821  2 36126 4481 3.0 163 55 5 21 51% 35890 6148 55%
c u  2.18  0 148 16 4821  2 36126 4053 3.0 163 55 5 21 51% 35890 6148 55%
c v  2.18  0 148 16 4821  2 36126 3787 3.0 163 55 5 21 51% 35890 6148 55%
c w  2.18  0 148 16 4821  2 36126 3786 3.0 163 55 5 21 51% 35890 6148 55%
c f  2.18  0 148 16 4821  2 36126 3767 3.0 163 55 5 21 51% 35895 6160 55%
c ]  2.39  0 147 16 4821  2 37382 4959 2.9 170 59 5 21 53% 35895 6160 55%
c {  2.39  0 90 16 4821 18 37382 4959 2.4 31 13 1 2 25% 35895 6160 55%
c -  2.57  0 93 17 5370 19 40878 4757 2.4 35 14 1 2 27% 35895 6160 55%
c 
c  seconds  reductions   conflicts       size   tier2      variables
c         MB     restarts     redundant     glue   trail        remaining
c          level       rate        size/glue  tier1  irredundant
c 
c p  2.57  0 93 17 5370 19 40878 5001 2.4 35 14 1 2 27% 35887 6154 55%
c u  2.61  0 93 17 5370 19 40878 4563 2.4 35 14 1 2 27% 35887 6154 55%
c v  2.62  0 93 17 5370 19 40878 4321 2.4 35 14 1 2 27% 35887 6154 55%
c f  2.62  0 93 17 5370 19 40878 4312 2.4 35 14 1 2 27% 35892 6158 55%
c }  2.79  0 96 17 5902 18 44527 7629 2.5 37 15 1 2 27% 35892 6158 55%
c [  2.79  0 147 17 5902  2 44527 7629 2.9 170 59 5 21 53% 35892 6158 55%
c W  2.89  0 148 17 5903  2 45013 8101 2.9 171 59 5 21 53% 35892 6158 55%
c -  2.95  0 146 18 5903  2 45933 5317 2.9 165 58 5 21 51% 35892 6158 55%
c p  2.95  0 146 18 5903  2 45933 5441 2.9 165 58 5 21 51% 35888 6154 55%
c u  2.96  0 146 18 5903  2 45933 5198 2.9 165 58 5 21 51% 35888 6154 55%
c v  2.96  0 146 18 5903  2 45933 5037 2.9 165 58 5 21 51% 35888 6154 55%
c w  2.96  0 146 18 5903  2 45933 5036 2.9 165 58 5 21 51% 35888 6154 55%
c x  2.96  0 146 18 5903  2 45933 5036 2.9 165 58 5 21 51% 35868 6154 55%
c f  2.96  0 146 18 5903  2 45933 5036 2.9 165 58 5 21 51% 35860 6158 55%
c ]  3.32  0 147 18 5904  2 49021 8011 2.7 167 61 5 21 52% 35860 6158 55%
c {  3.32  0 96 18 5904 18 49021 8011 2.5 37 15 1 2 27% 35860 6158 55%
c }  3.38  0 96 18 6084 19 50000 8914 2.5 38 15 1 2 27% 35860 6158 55%
c ?  3.38  0 96 18 6084 19 50000 8914 2.5 38 15 1 2 27% 35860 6158 55%
c 
c --- [ result ] -------------------------------------------------------------
c 
c UNKNOWN
c 
c --- [ run-time profiling ] -------------------------------------------------
c 
c process time taken by individual solving procedures
c (percentage relative to process time for solving)
c 
c         2.79   82.82% search
c         1.51   44.78% stable
c         1.23   36.43% unstable
c         0.58   17.11% simplify
c         0.14    4.23% sweep
c         0.14    4.05% congruence
c         0.08    2.39% factor
c         0.06    1.85% vivify
c         0.05    1.53% walk
c         0.05    1.43% elim
c         0.05    1.36% preprocess
c         0.02    0.63% subsume
c         0.01    0.34% fastelim
c         0.01    0.23% parse
c         0.01    0.20% probe
c         0.01    0.16% ternary
c         0.01    0.15% backbone
c         0.00    0.08% lucky
c   =================================
c         3.37   99.77% solve
c 
c last line shows process time for solving
c (percentage relative to total process time)
c 
c --- [ statistics ] ---------------------------------------------------------
c 
c chronological:             18671        37.34 %  of conflicts
c conflicts:                 50000     14821.98    per second
c backbone:                 363680      3002.15 %  of vars
c decisions:                663615    196721.73    per second
c eliminated:                 4486        37.03 %  of all variables
c factored:                    867        13.82 %  of variables
c fixed:                         1         0.01 %  of all variables
c learned:                   44765        89.53 %  per conflict
c learned_lits:            4374088       100.00 %  learned literals
c minimized:                     0         0.00 %  learned literals
c shrunken:                 260530         5.96 %  learned literals
c minishrunken:             869732        19.88 %  learned literals
c otfs:                       3935         7.87 %  of conflict
c propagations:           26973451         8.00 M  per second
c reduced:                   24129        48.26 %  per conflict
c rephased:                      9      5555.56    interval
c restarts:                   6084         8.22    interval
c stabilizing:                   8        25.61 %  of conflicts
c substituted:                1469        12.13 %  of all variables
c sweep equivs:                192         7.62 %  of swept variables
c subsumed:                   9447         6.72 %  of all clauses
c strengthened:               6536         4.65 %  of all clauses
c ticks:                 188602710         7.14    propagation
c vivified:                   1845         1.31 %  of all clauses
c walked:                        2     25000.00    interval
c weakened:                  30525         2.86    average size
c congruence:                   14      3571.43    interval
c 
c seconds are measured in process time for solving
c 
c --- [ glue usage ] ---------------------------------------------------------
c 
c focused glue 1 used 104157 clauses 66.06% accumulated 66.06% tier1
c focused glue 2 used 29314 clauses 18.59% accumulated 84.65% tier2
c 
c stable glue 5 used 2886 clauses 1.594% accumulated 88.89% tier1
c stable glue 6 used 2091 clauses 1.155% accumulated 90.05%
c stable glue 7-19 used 8748 clauses 4.834% accumulated 94.88%
c stable glue 20 used 229 clauses 0.126% accumulated 95.01%
c stable glue 21 used 166 clauses 0.091% accumulated 95.10% tier2
c 
c 
c --- [ resources ] ----------------------------------------------------------
c 
c total process time since initialization:         3.38    seconds
c total real time since initialization:            3.40    seconds
c maximum resident set size of process:        42560.00    MB
c 
c --- [ shutting down ] ------------------------------------------------------
c 
c exit 0
