c --- [ banner ] -------------------------------------------------------------
c 
c CaDiCaL SAT Solver
c Copyright (c) 2016-2025
c A. Biere, M. Fleury, N. Froleyks, K. Fazekas, F. Pollitt, T. Faller
c JKU Linz, University of Freiburg, TU Wien
c 
c Version 3.0.0
c Apple clang version 17.0.0 (clang-1700.6.3.2) -Wall -Wextra -O3 -DNDEBUG -DNCLOSEFROM
c Tue Dec 23 21:53:38 UTC 2025 Darwin Tahoe-arm64.local 25.2.0 arm64
c 
c --- [ limit ] --------------------------------------------------------------
c 
c setting conflict limit to 50000 conflicts (due to '50000')
c 
c --- [ parsing input ] ------------------------------------------------------
c 
c reading DIMACS file from 'headline_hunt/bets/cascade_aux_encoding/cnfs/aux_expose_sr61_n32_bit11_m45b0a5f6_fill00000000.cnf'
c opening file to read 'headline_hunt/bets/cascade_aux_encoding/cnfs/aux_expose_sr61_n32_bit11_m45b0a5f6_fill00000000.cnf'
c found 'p cnf 12882 53950' header
c parsed 53950 clauses in 0.01 seconds process time
c 
c --- [ options ] ------------------------------------------------------------
c 
c   --seed=5                       (different from default '0')
c 
c --- [ solving ] ------------------------------------------------------------
c 
c time measured in process time since initialization
c 
c  seconds  reduction conflicts       size tier2       variables
c         MB    restarts   redundant    glue  trail         remaining
c          level     rate       size/glu tier1  irredundant
c 
c *  0.01  0  0 0   0  0    0    0 0.0 0 0 2 6  0% 53885 12881 100%
c (  0.01  0  0 0   0  0    0    0 0.0 0 0 2 6  0% 53885 12881 100%
c .  0.01  0  0 0   0  0    0    0 0.0 0 0 2 6  0% 53885 12881 100%
c c  0.04  0  0 0   0  0    0    0 0.0 0 0 2 6  0% 51384 12241 95%
c d  0.04  0  0 0   0  0    0    0 0.0 0 0 2 6  0% 46684 10915 85%
c 2  0.04  0  0 0   0  0    0    0 0.0 0 0 2 6  0% 46626 10915 85%
c f  0.05  0  0 0   0  0    0    0 0.0 0 0 2 6  0% 46560 10981 85%
c e  0.07  0  0 0   0  0    0    0 0.0 0 0 2 6  0% 43401 7644 59%
c s  0.07  0  0 0   0  0    0    0 0.0 0 0 2 6  0% 43396 7644 59%
c s  0.07  0  0 0   0  0    0    0 0.0 0 0 2 6  0% 43386 7644 59%
c P  0.08  0  0 0   0  0    0    0 0.0 0 0 2 6  0% 43386 7644 59%
c )  0.08  0  0 0   0  0    0    0 0.0 0 0 2 6  0% 43386 7644 59%
c {  0.08  0  0 0   0  0    0    0 0.0 0 0 2 6  0% 43386 7644 59%
c -  0.08  0 844 1  20 48  301  229 1.4 4 3 2 6 15% 43386 7644 59%
c -  0.09  0 408 2  69 31  734  542 1.5 5 3 2 6 12% 43386 7644 59%
c }  0.09  0 313 2  70 24 1001  716 1.6 5 3 2 6 10% 43386 7644 59%
c [  0.09  0  0 2  70  0 1001  716 0.0 0 0 2 6  0% 43386 7644 59%
c O  0.09  0 516 2  70 517 1002  717 1.8 166 94 2 6 41% 43386 7644 59%
c ]  0.10  0 510 2  70 24 1023  738 2.1 184 87 2 6 42% 43386 7644 59%
c {  0.10  0 313 2  70 24 1023  738 1.6 5 3 2 6 10% 43386 7644 59%
c 
c  seconds   reduction conflicts       size tier2      variables
c         MB     restarts   redundant    glue  trail        remaining
c           level     rate       size/glu tier1  irredundant
c 
c -  0.10  0 253 3 143 22 1411  930 1.6 5 4 2 6 10% 43386 7644 59%
c 2  0.11  0 187 3 235 18 2238 1562 1.6 6 4 2 6 13% 43324 7644 59%
c d  0.11  0 187 3 235 18 2238 1346 1.6 6 4 2 6 13% 43220 7541 59%
c c  0.13  0 187 3 235 18 2238 1346 1.6 6 4 2 6 13% 43092 7541 59%
c d  0.13  0 187 3 235 18 2238 1261 1.6 6 4 2 6 13% 43046 7518 58%
c 2  0.13  0 187 3 235 18 2238 1260 1.6 6 4 2 6 13% 43040 7518 58%
c t  0.13  0 187 3 235 18 2238 1260 1.6 6 4 2 6 13% 43038 7518 58%
c -  0.13  0 184 4 257 19 2350 1081 1.6 6 4 2 6 13% 43038 7518 58%
c }  0.14  0 173 4 308 19 2815 1449 1.7 8 4 2 6 13% 43038 7518 58%
c [  0.14  0 510 4 308 24 2815 1449 2.1 184 87 2 6 72% 43038 7518 58%
c I  0.15  0 159 4 308  4 3004 1629 1.9 66 34 2 6 22% 43038 7518 58%
c ]  0.17  0 142 4 308  3 3075 1691 2.3 88 39 2 6 30% 43038 7518 58%
c {  0.17  0 173 4 308 19 3075 1691 1.7 8 4 2 6 13% 43038 7518 58%
c -  0.21  0 157 5 429 19 3562 1703 1.9 14 7 2 6 15% 43038 7518 58%
c }  0.24  0 153 5 476 19 3744 1865 2.0 16 8 2 6 16% 43038 7518 58%
c [  0.24  0 142 5 476  3 3744 1865 2.3 88 39 2 6 30% 43038 7518 58%
c ]  0.31  0 124 5 476  3 3919 2034 2.5 111 45 2 6 42% 43038 7518 58%
c {  0.31  0 153 5 476 19 3919 2034 2.0 16 8 2 6 16% 43038 7518 58%
c s  0.36  0 149 5 534 19 4130 2224 2.1 22 10 2 6 20% 43013 7518 58%
c t  0.37  0 149 5 534 19 4130 2224 2.1 22 10 2 6 20% 43007 7518 58%
c 
c  seconds   reduction conflicts       size   tier2      variables
c         MB     restarts   redundant     glue   trail        remaining
c           level     rate       size/glue  tier1  irredundant
c 
c e  0.38  0 149 5 534 19 4130 1657 2.1 22 10 2 6 20% 42844 7024 55%
c s  0.39  0 149 5 534 19 4130 1510 2.1 22 10 2 6 20% 42774 7024 55%
c e  0.39  0 149 5 534 19 4130 1450 2.1 22 10 2 6 20% 42683 7014 54%
c }  0.44  0 145 5 599 19 4396 1691 2.2 27 13 2 6 22% 42683 7014 54%
c [  0.44  0 124 5 599  3 4396 1691 2.5 111 45 2 6 42% 42683 7014 54%
c ]  0.56  0 108 5 599  2 4604 1899 3.0 141 47 2 6 55% 42683 7014 54%
c {  0.56  0 145 5 599 19 4604 1899 2.2 27 13 2 6 22% 42683 7014 54%
c d  0.58  0 143 5 630 19 4740 1994 2.2 29 13 2 6 22% 42678 7009 54%
c p  0.58  0 143 5 630 19 4740 2859 2.2 29 13 2 6 22% 42678 7009 54%
c c  0.59  0 143 5 630 19 4740 2859 2.2 29 13 2 6 22% 42642 7009 54%
c d  0.59  0 143 5 630 19 4740 2844 2.2 29 13 2 6 22% 42620 6998 54%
c 2  0.60  0 143 5 630 19 4740 2840 2.2 29 13 2 6 22% 42614 6998 54%
c =  0.63  0 143 5 630 19 4740 2832 2.2 29 13 2 6 22% 42585 6895 54%
c u  0.63  0 143 5 630 19 4740 2442 2.2 29 13 2 6 22% 42568 6895 54%
c v  0.63  0 143 5 630 19 4740 2343 2.2 29 13 2 6 22% 42568 6895 54%
c w  0.64  0 143 5 630 19 4740 2337 2.2 29 13 2 6 22% 42568 6895 54%
c x  0.64  0 143 5 630 19 4740 2337 2.2 29 13 2 6 22% 42395 6895 54%
c t  0.64  0 143 5 630 19 4740 2336 2.2 29 13 2 6 22% 42394 6895 54%
c 2  0.64  0 143 5 630 19 4740 2331 2.2 29 13 2 6 22% 42385 6895 54%
c f  0.65  0 143 5 630 19 4740 2304 2.2 29 13 2 6 21% 42030 7259 56%
c 
c  seconds   reduction conflicts       size   tier2      variables
c         MB     restarts   redundant     glue   trail        remaining
c           level     rate       size/glue  tier1  irredundant
c 
c -  0.74  0 139 6 698 18 5054 1136 2.3 37 16 1 2 25% 42030 7259 56%
c }  0.80  0 137 6 741 18 5228 1293 2.2 40 18 1 2 27% 42030 7259 56%
c [  0.80  0 108 6 741  2 5228 1293 3.0 141 47 2 6 52% 42030 7259 56%
c ]  0.99  0 102 6 741  2 5559 1609 3.3 161 49 1 2 61% 42030 7259 56%
c {  0.99  0 137 6 741 18 5559 1609 2.2 40 18 1 2 27% 42030 7259 56%
c O  1.14  0 134 6 851 17 6005 2006 2.3 54 24 1 2 33% 42030 7259 56%
c }  1.19  0 133 6 889 16 6151 2139 2.3 58 25 1 2 34% 42030 7259 56%
c [  1.19  0 102 6 889  2 6151 2139 3.3 161 49 1 2 61% 42030 7259 56%
c -  1.47  0 108 7 890  2 6832 1393 2.6 162 62 1 2 61% 42030 7259 56%
c ]  1.47  0 108 7 890  2 6834 1395 2.6 162 62 1 2 61% 42030 7259 56%
c {  1.47  0 133 7 890 16 6834 1395 2.3 58 25 1 2 34% 42030 7259 56%
c p  1.70  0 130 7 1018 15 7344 3142 2.3 75 32 1 2 41% 42011 7256 56%
c c  1.71  0 130 7 1018 15 7344 3142 2.3 75 32 1 2 41% 41998 7256 56%
c =  1.77  0 130 7 1018 15 7344 3141 2.3 75 32 1 2 41% 41990 7250 56%
c u  1.78  0 130 7 1018 15 7344 3007 2.3 75 32 1 2 41% 41990 7250 56%
c v  1.78  0 130 7 1018 15 7344 2961 2.3 75 32 1 2 41% 41990 7250 56%
c w  1.80  0 130 7 1018 15 7344 2874 2.3 75 32 1 2 41% 41990 7250 56%
c t  1.80  0 130 7 1018 15 7344 2873 2.3 75 32 1 2 41% 41989 7250 56%
c 2  1.80  0 130 7 1018 15 7344 2869 2.3 75 32 1 2 41% 41989 7250 56%
c f  1.82  0 130 7 1018 15 7344 2822 2.3 75 32 1 2 40% 41907 7372 57%
c 
c  seconds   reductions conflicts       size   tier2      variables
c         MB     restarts    redundant     glue   trail        remaining
c           level      rate       size/glue  tier1  irredundant
c 
c }  1.88  0 130 7 1053 15 7486 2956 2.4 79 33 1 2 42% 41907 7372 57%
c [  1.88  0 108 7 1053  2 7486 2956 2.6 162 62 1 2 60% 41907 7372 57%
c ]  2.26  0 106 7 1054  1 8247 3552 2.4 162 68 1 2 63% 41907 7372 57%
c {  2.26  0 130 7 1054 15 8247 3552 2.4 79 33 1 2 42% 41907 7372 57%
c -  2.55  0 127 8 1218 13 8899 1471 2.3 94 40 1 2 48% 41907 7372 57%
c }  2.64  0 126 8 1267 13 9099 1667 2.3 98 42 1 2 49% 41907 7372 57%
c [  2.64  0 106 8 1267  1 9099 1667 2.4 162 68 1 2 63% 41907 7372 57%
c ]  3.10  0 106 8 1267  1 9949 2509 2.4 176 73 1 2 67% 41907 7372 57%
c {  3.10  0 126 8 1267 13 9949 2509 2.3 98 42 1 2 49% 41907 7372 57%
c #  3.12  0 126 8 1282 13 10007 2566 2.3 99 43 1 2 49% 41907 7372 57%
c p  3.13  0 126 8 1291 13 10041 3892 2.3 99 43 1 2 49% 41907 7372 57%
c =  3.21  0 126 8 1291 13 10041 3890 2.3 99 43 1 2 49% 41874 7363 57%
c u  3.22  0 126 8 1291 13 10041 3848 2.3 99 43 1 2 49% 41874 7363 57%
c v  3.22  0 126 8 1291 13 10041 3808 2.3 99 43 1 2 49% 41874 7363 57%
c w  3.23  0 126 8 1291 13 10041 3669 2.3 99 43 1 2 49% 41874 7363 57%
c x  3.23  0 126 8 1291 13 10041 3669 2.3 99 43 1 2 49% 41864 7363 57%
c t  3.23  0 126 8 1291 13 10041 3669 2.3 99 43 1 2 49% 41862 7363 57%
c 2  3.24  0 126 8 1291 13 10041 3667 2.3 99 43 1 2 49% 41862 7363 57%
c f  3.24  0 126 8 1291 13 10041 3561 2.3 99 43 1 2 49% 41916 7415 58%
c }  3.71  0 122 8 1551 11 11150 4646 2.4 113 47 1 2 54% 41916 7415 58%
c 
c  seconds   reductions  conflicts        size   tier2      variables
c         MB     restarts     redundant      glue   trail        remaining
c           level      rate        size/glue   tier1  irredundant
c 
c [  3.71  0 106 8 1551  1 11150 4646 2.4 176 73 1 2 67% 41916 7415 58%
c -  3.77  0 106 9 1551  1 11258 1651 2.4 177 74 1 2 67% 41916 7415 58%
c ]  4.31  0 105 9 1552  1 12310 2672 2.4 184 76 1 2 69% 41916 7415 58%
c {  4.31  0 122 9 1552 11 12310 2672 2.4 113 47 1 2 54% 41916 7415 58%
c p  4.37  0 121 9 1591 11 12827 4324 2.4 111 47 1 2 51% 41916 7415 58%
c =  4.43  0 121 9 1591 11 12827 4295 2.4 111 47 1 2 51% 41834 7322 57%
c u  4.44  0 121 9 1591 11 12827 4246 2.4 111 47 1 2 51% 41829 7322 57%
c v  4.44  0 121 9 1591 11 12827 4208 2.4 111 47 1 2 51% 41829 7322 57%
c w  4.46  0 121 9 1591 11 12827 4033 2.4 111 47 1 2 51% 41829 7322 57%
c t  4.46  0 121 9 1591 11 12827 4033 2.4 111 47 1 2 51% 41828 7322 57%
c 2  4.46  0 121 9 1591 11 12827 4032 2.4 111 47 1 2 51% 41826 7322 57%
c f  4.47  0 121 9 1591 11 12827 3978 2.4 111 47 1 2 51% 41858 7342 57%
c -  4.57  0 119 10 1620 10 13911 1905 2.4 107 45 1 2 26% 41858 7342 57%
c s  4.60  0 118 10 1620  9 14553 2511 2.4 103 44 1 2 22% 40872 7342 57%
c e  4.62  0 118 10 1620  9 14553 1693 2.4 103 44 1 2 22% 39752 6836 53%
c s  4.62  0 118 10 1620  9 14553 1683 2.4 103 44 1 2 22% 39393 6836 53%
c e  4.63  0 118 10 1620  9 14553 1683 2.4 103 44 1 2 22% 39386 6835 53%
c B  4.71  0 117 10 1661  9 15009 2106 2.4 104 44 1 2 26% 39386 6835 53%
c 2  4.74  0 117 10 1665  9 15692 2692 2.4 102 43 1 2 24% 39386 6835 53%
c p  4.74  0 117 10 1665  9 15692 3010 2.4 102 43 1 2 24% 39386 6835 53%
c 
c  seconds   reductions   conflicts        size   tier2      variables
c         MB      restarts     redundant      glue   trail        remaining
c           level       rate        size/glue   tier1  irredundant
c 
c =  4.77  0 117 10 1665  9 15692 3010 2.4 102 43 1 2 24% 39386 6834 53%
c t  4.77  0 117 10 1665  9 15692 3010 2.4 102 43 1 2 24% 39353 6834 53%
c f  4.78  0 117 10 1665  9 15692 2950 2.4 102 43 1 2 24% 39369 6876 53%
c -  4.89  0 117 11 1714  8 16860 1994 2.4 101 43 1 2 25% 39369 6876 53%
c p  4.94  0 116 11 1724  8 18632 4099 2.3 94 40 1 2 22% 39369 6876 53%
c u  4.96  0 116 11 1724  8 18632 3905 2.3 94 40 1 2 22% 39369 6876 53%
c v  4.96  0 116 11 1724  8 18632 3674 2.3 94 40 1 2 22% 39369 6876 53%
c w  4.97  0 116 11 1724  8 18632 3666 2.3 94 40 1 2 22% 39369 6876 53%
c f  4.97  0 116 11 1724  8 18632 3587 2.3 94 40 1 2 22% 39409 6915 54%
c -  5.03  0 117 12 1740  7 20107 2349 2.3 92 39 1 2 22% 39409 6915 54%
c W  5.17  0 115 12 1747  7 21010 3208 2.3 90 38 1 2 22% 39409 6915 54%
c }  5.21  0 115 12 1765  7 21183 3375 2.3 90 38 1 2 22% 39409 6915 54%
c [  5.21  0 105 12 1765  1 21183 3375 2.4 184 76 1 2 76% 39409 6915 54%
c p  5.36  0 106 12 1765  1 21643 3865 2.4 184 75 1 2 75% 39409 6915 54%
c f  5.37  0 106 12 1765  1 21643 3863 2.4 184 75 1 2 75% 39410 6916 54%
c -  5.76  0 108 13 1767  1 23651 2854 2.4 170 70 1 2 65% 39410 6916 54%
c p  5.85  0 108 13 1767  1 24722 4415 2.4 156 66 1 2 59% 39410 6916 54%
c =  5.89  0 108 13 1767  1 24722 4404 2.4 156 66 1 2 59% 39084 6769 53%
c u  5.90  0 108 13 1767  1 24722 4176 2.4 156 66 1 2 59% 39084 6769 53%
c v  5.90  0 108 13 1767  1 24722 3925 2.4 156 66 1 2 59% 39084 6769 53%
c 
c  seconds   reductions   conflicts        size   tier2      variables
c         MB      restarts     redundant      glue   trail        remaining
c           level       rate        size/glue   tier1  irredundant
c 
c w  5.91  0 108 13 1767  1 24722 3912 2.4 156 66 1 2 59% 39084 6769 53%
c x  5.91  0 108 13 1767  1 24722 3912 2.4 156 66 1 2 59% 38679 6769 53%
c t  5.91  0 108 13 1767  1 24722 3912 2.4 156 66 1 2 59% 38677 6769 53%
c f  5.92  0 108 13 1767  1 24722 3912 2.4 156 66 1 2 59% 38659 6778 53%
c ]  6.01  0 108 13 1768  1 25191 4346 2.4 155 65 1 2 58% 38659 6778 53%
c {  6.01  0 115 13 1768  7 25191 4346 2.3 90 38 1 2 22% 38659 6778 53%
c }  6.70  0 113 13 2247  6 27118 6269 2.4 106 44 1 2 33% 38659 6778 53%
c [  6.70  0 108 13 2247  1 27118 6269 2.4 155 65 1 2 58% 38659 6778 53%
c -  6.82  0 108 14 2247  1 27496 2829 2.4 156 66 1 2 59% 38659 6778 53%
c p  6.97  0 107 14 2247  1 27860 3782 2.4 158 66 1 2 59% 38659 6778 53%
c =  7.03  0 107 14 2247  1 27860 3779 2.4 158 66 1 2 59% 38657 6753 52%
c u  7.04  0 107 14 2247  1 27860 3691 2.4 158 66 1 2 59% 38624 6753 52%
c v  7.04  0 107 14 2247  1 27860 3572 2.4 158 66 1 2 59% 38624 6753 52%
c w  7.06  0 107 14 2247  1 27860 3490 2.4 158 66 1 2 59% 38624 6753 52%
c 2  7.06  0 107 14 2247  1 27860 3490 2.4 158 66 1 2 59% 38578 6753 52%
c f  7.07  0 107 14 2247  1 27860 3461 2.4 158 66 1 2 59% 38595 6764 53%
c B  7.11  0 108 14 2247  1 28011 3591 2.4 158 66 1 2 59% 38595 6764 53%
c ]  7.63  0 108 14 2247  1 29708 4764 2.2 156 70 1 2 60% 38595 6764 53%
c {  7.63  0 113 14 2247  6 29708 4764 2.4 106 44 1 2 33% 38595 6764 53%
c s  7.63  0 113 14 2250  6 29715 4756 2.4 106 44 1 2 33% 38112 6764 53%
c 
c  seconds   reductions   conflicts        size   tier2      variables
c         MB      restarts     redundant      glue   trail        remaining
c           level       rate        size/glue   tier1  irredundant
c 
c t  7.64  0 113 14 2250  6 29715 4756 2.4 106 44 1 2 33% 38110 6764 53%
c e  7.64  0 113 14 2250  6 29715 4731 2.4 106 44 1 2 33% 37786 6621 51%
c s  7.64  0 113 14 2250  6 29715 4728 2.4 106 44 1 2 33% 37737 6621 51%
c -  7.76  0 112 15 2303  6 31642 3015 2.4 102 43 1 2 24% 37737 6621 51%
c 2  7.76  0 112 15 2303  6 31642 3013 2.4 102 43 1 2 24% 37737 6621 51%
c p  7.77  0 112 15 2303  6 31642 3569 2.4 102 43 1 2 24% 37737 6621 51%
c =  7.81  0 112 15 2303  6 31642 3555 2.4 102 43 1 2 24% 37721 6382 50%
c u  7.81  0 112 15 2303  6 31642 3354 2.4 102 43 1 2 24% 37616 6382 50%
c v  7.81  0 112 15 2303  6 31642 3236 2.4 102 43 1 2 24% 37616 6382 50%
c w  7.81  0 112 15 2303  6 31642 3235 2.4 102 43 1 2 24% 37616 6382 50%
c 2  7.81  0 112 15 2303  6 31642 3233 2.4 102 43 1 2 24% 37609 6382 50%
c f  7.82  0 112 15 2303  6 31642 3223 2.4 102 43 1 2 24% 37550 6441 50%
c F  8.13  0 108 15 2313  5 36013 7303 2.4 97 40 1 2 26% 37550 6441 50%
c -  8.14  0 108 16 2316  5 36090 3434 2.4 97 40 1 2 26% 37550 6441 50%
c p  8.15  0 108 16 2316  5 36090 3993 2.4 97 40 1 2 26% 37550 6441 50%
c =  8.17  0 108 16 2316  5 36090 3983 2.4 97 40 1 2 26% 37549 6417 50%
c u  8.17  0 108 16 2316  5 36090 3831 2.4 97 40 1 2 26% 37526 6417 50%
c v  8.18  0 108 16 2316  5 36090 3598 2.4 97 40 1 2 26% 37526 6417 50%
c 2  8.18  0 108 16 2316  5 36090 3596 2.4 97 40 1 2 26% 37520 6417 50%
c f  8.18  0 108 16 2316  5 36090 3581 2.4 97 40 1 2 26% 37522 6427 50%
c 
c  seconds   reductions   conflicts       size   tier2      variables
c         MB      restarts     redundant     glue   trail        remaining
c           level       rate        size/glue  tier1  irredundant
c 
c -  8.56  0 106 17 2492  5 40841 4076 2.5 94 38 1 2 28% 37522 6427 50%
c d  8.56  0 106 17 2492  5 40841 4074 2.5 94 38 1 2 28% 37520 6425 50%
c p  8.56  0 106 17 2492  5 40841 4333 2.5 94 38 1 2 28% 37520 6425 50%
c =  8.60  0 106 17 2492  5 40841 4333 2.5 94 38 1 2 28% 37510 6229 48%
c u  8.61  0 106 17 2492  5 40841 4078 2.5 94 38 1 2 28% 37440 6229 48%
c v  8.61  0 106 17 2492  5 40841 3962 2.5 94 38 1 2 28% 37440 6229 48%
c w  8.61  0 106 17 2492  5 40841 3961 2.5 94 38 1 2 28% 37440 6229 48%
c x  8.61  0 106 17 2492  5 40841 3959 2.5 94 38 1 2 28% 37223 6229 48%
c 2  8.61  0 106 17 2492  5 40841 3951 2.5 94 38 1 2 28% 37184 6229 48%
c f  8.62  0 106 17 2492  5 40841 3931 2.5 94 38 1 2 28% 37182 6251 49%
c }  8.63  0 106 17 2499  5 40999 4083 2.5 94 38 1 2 28% 37182 6251 49%
c [  8.63  0 108 17 2499  1 40999 4083 2.2 156 70 1 2 66% 37182 6251 49%
c W  8.87  0 107 17 2502  1 45014 7840 2.3 134 58 1 2 57% 37182 6251 49%
c -  8.90  0 111 18 2502  1 45893 4430 2.3 129 57 1 2 54% 37182 6251 49%
c p  8.90  0 111 18 2502  1 45893 4697 2.3 129 57 1 2 54% 37182 6251 49%
c =  8.91  0 111 18 2502  1 45893 4694 2.3 129 57 1 2 54% 37178 6208 48%
c 2  8.91  0 111 18 2502  1 45893 4690 2.3 129 57 1 2 54% 37166 6208 48%
c f  8.92  0 111 18 2502  1 45893 4690 2.3 129 57 1 2 54% 37164 6210 48%
c s  8.99  0 115 18 2505  1 49802 8272 2.3 111 49 1 2 49% 34121 6210 48%
c e  9.00  0 115 18 2505  1 49802 6983 2.3 111 49 1 2 49% 32602 5864 46%
c 
c  seconds   reductions   conflicts        size   tier2      variables
c         MB      restarts     redundant      glue   trail        remaining
c           level       rate        size/glue   tier1  irredundant
c 
c s  9.00  0 115 18 2505  1 49802 6952 2.3 111 49 1 2 49% 32547 5864 46%
c e  9.01  0 115 18 2505  1 49802 6905 2.3 111 49 1 2 49% 30957 5622 44%
c ]  9.02  0 114 18 2505  1 50000 7097 2.3 110 49 1 2 33% 30957 5622 44%
c ?  9.02  0 114 18 2505  1 50000 7097 2.3 110 49 1 2 33% 30957 5622 44%
c 
c --- [ result ] -------------------------------------------------------------
c 
c UNKNOWN
c 
c --- [ run-time profiling ] -------------------------------------------------
c 
c process time taken by individual solving procedures
c (percentage relative to process time for solving)
c 
c         7.97   88.47% search
c         3.96   43.99% stable
c         3.86   42.82% unstable
c         1.04   11.50% simplify
c         0.45    4.95% sweep
c         0.18    1.96% vivify
c         0.14    1.59% walk
c         0.13    1.49% factor
c         0.10    1.10% congruence
c         0.07    0.74% preprocess
c         0.06    0.63% elim
c         0.03    0.34% subsume
c         0.02    0.19% fastelim
c         0.02    0.17% probe
c         0.01    0.14% ternary
c         0.01    0.09% parse
c         0.01    0.07% backbone
c         0.01    0.06% lucky
c   =================================
c         9.01   99.90% solve
c 
c last line shows process time for solving
c (percentage relative to total process time)
c 
c --- [ statistics ] ---------------------------------------------------------
c 
c chronological:              9019        18.04 %  of conflicts
c conflicts:                 50000      5551.44    per second
c backbone:                 377421      2754.70 %  of vars
c decisions:                177663     19725.70    per second
c eliminated:                 5079        37.07 %  of all variables
c factored:                    819        14.57 %  of variables
c fixed:                       642         4.69 %  of all variables
c learned:                   48118        96.24 %  per conflict
c learned_lits:            9643103       100.00 %  learned literals
c minimized:                     0         0.00 %  learned literals
c shrunken:                1144229        11.87 %  learned literals
c minishrunken:            3593078        37.26 %  learned literals
c otfs:                       1020         2.04 %  of conflict
c propagations:           76177372         8.46 M  per second
c reduced:                   32878        65.76 %  per conflict
c rephased:                      9      5555.56    interval
c restarts:                   2505        19.96    interval
c stabilizing:                  12        39.72 %  of conflicts
c substituted:                2358        17.21 %  of all variables
c sweep equivs:                883        12.09 %  of swept variables
c subsumed:                  15151         9.80 %  of all clauses
c strengthened:               5866         3.80 %  of all clauses
c ticks:                 502924096         6.82    propagation
c vivified:                   4316         2.79 %  of all clauses
c walked:                        2     25000.00    interval
c weakened:                  37270         2.90    average size
c congruence:                    8      6250.00    interval
c 
c seconds are measured in process time for solving
c 
c --- [ glue usage ] ---------------------------------------------------------
c 
c focused glue 1 used 218539 clauses 69.34% accumulated 69.34% tier1
c focused glue 2 used 34559 clauses 10.96% accumulated 80.31% tier2
c 
c stable glue 1 used 179037 clauses 69.95% accumulated 69.95% tier1
c stable glue 2 used 26318 clauses 10.28% accumulated 80.24% tier2
c 
c 
c --- [ resources ] ----------------------------------------------------------
c 
c total process time since initialization:         9.02    seconds
c total real time since initialization:            9.12    seconds
c maximum resident set size of process:        56800.00    MB
c 
c --- [ shutting down ] ------------------------------------------------------
c 
c exit 0
