c --- [ banner ] -------------------------------------------------------------
c 
c CaDiCaL SAT Solver
c Copyright (c) 2016-2025
c A. Biere, M. Fleury, N. Froleyks, K. Fazekas, F. Pollitt, T. Faller
c JKU Linz, University of Freiburg, TU Wien
c 
c Version 3.0.0
c Apple clang version 17.0.0 (clang-1700.6.3.2) -Wall -Wextra -O3 -DNDEBUG -DNCLOSEFROM
c Tue Dec 23 21:53:38 UTC 2025 Darwin Tahoe-arm64.local 25.2.0 arm64
c 
c --- [ limit ] --------------------------------------------------------------
c 
c setting conflict limit to 50000 conflicts (due to '50000')
c 
c --- [ parsing input ] ------------------------------------------------------
c 
c reading DIMACS file from 'headline_hunt/bets/cascade_aux_encoding/cnfs/aux_expose_sr61_n32_bit17_m427c281d_fill80000000.cnf'
c opening file to read 'headline_hunt/bets/cascade_aux_encoding/cnfs/aux_expose_sr61_n32_bit17_m427c281d_fill80000000.cnf'
c found 'p cnf 12849 53838' header
c parsed 53838 clauses in 0.01 seconds process time
c 
c --- [ options ] ------------------------------------------------------------
c 
c   --seed=5                       (different from default '0')
c 
c --- [ solving ] ------------------------------------------------------------
c 
c time measured in process time since initialization
c 
c  seconds  reduction conflicts       size tier2       variables
c         MB    restarts   redundant    glue  trail         remaining
c          level     rate       size/glu tier1  irredundant
c 
c *  0.01  0  0 0   0  0    0    0 0.0 0 0 2 6  0% 53773 12848 100%
c (  0.01  0  0 0   0  0    0    0 0.0 0 0 2 6  0% 53773 12848 100%
c .  0.01  0  0 0   0  0    0    0 0.0 0 0 2 6  0% 53773 12848 100%
c c  0.03  0  0 0   0  0    0    0 0.0 0 0 2 6  0% 51277 12208 95%
c d  0.04  0  0 0   0  0    0    0 0.0 0 0 2 6  0% 46579 10883 85%
c 2  0.04  0  0 0   0  0    0    0 0.0 0 0 2 6  0% 46519 10883 85%
c f  0.05  0  0 0   0  0    0    0 0.0 0 0 2 6  0% 46453 10949 85%
c e  0.07  0  0 0   0  0    0    0 0.0 0 0 2 6  0% 43384 7632 59%
c s  0.07  0  0 0   0  0    0    0 0.0 0 0 2 6  0% 43376 7632 59%
c s  0.07  0  0 0   0  0    0    0 0.0 0 0 2 6  0% 43367 7632 59%
c P  0.08  0  0 0   0  0    0    0 0.0 0 0 2 6  0% 43367 7632 59%
c )  0.08  0  0 0   0  0    0    0 0.0 0 0 2 6  0% 43367 7632 59%
c {  0.08  0  0 0   0  0    0    0 0.0 0 0 2 6  0% 43367 7632 59%
c -  0.08  0 783 1  24 37  304  205 1.4 5 3 2 6 14% 43367 7632 59%
c -  0.09  0 548 2  62 61  739  521 1.5 5 3 2 6 14% 43367 7632 59%
c }  0.09  0 414 2  62 46 1003  691 1.5 5 3 2 6 12% 43367 7632 59%
c [  0.09  0  0 2  62  0 1003  691 0.0 0 0 2 6  0% 43367 7632 59%
c O  0.09  0 506 2  62 507 1004  692 2.7 219 81 2 6 41% 43367 7632 59%
c ]  0.10  0 499 2  62 26 1023  709 2.1 182 86 2 6 44% 43367 7632 59%
c {  0.10  0 414 2  62 46 1023  709 1.5 5 3 2 6 12% 43367 7632 59%
c 
c  seconds   reduction conflicts       size tier2      variables
c         MB     restarts   redundant    glue  trail        remaining
c           level     rate       size/glu tier1  irredundant
c 
c -  0.10  0 340 3  65 34 1418  925 1.6 5 3 2 6 12% 43367 7632 59%
c 2  0.11  0 242 3 193 29 2239 1528 1.6 5 3 2 6  7% 43305 7632 59%
c d  0.11  0 242 3 193 29 2239 1331 1.6 5 3 2 6  7% 43193 7519 59%
c c  0.12  0 242 3 193 29 2239 1331 1.6 5 3 2 6  7% 43083 7519 59%
c d  0.13  0 242 3 193 29 2239 1272 1.6 5 3 2 6  7% 43039 7497 58%
c 2  0.13  0 242 3 193 29 2239 1271 1.6 5 3 2 6  7% 43027 7497 58%
c -  0.13  0 233 4 209 28 2364 1132 1.6 5 3 2 6  6% 43027 7497 58%
c O  0.13  0 201 4 321 26 3005 1622 1.6 5 3 2 6  6% 43027 7497 58%
c -  0.14  0 190 5 379 25 3579 1880 1.6 5 3 2 6  7% 43027 7497 58%
c }  0.14  0 180 5 457 25 3958 2172 1.6 5 4 2 6  7% 43027 7497 58%
c [  0.14  0 499 5 457 26 3958 2172 2.1 182 86 2 6 74% 43027 7497 58%
c s  0.15  0 245 5 457  5 4132 2337 2.3 50 22 2 6 33% 43011 7497 58%
c t  0.15  0 245 5 457  5 4132 2337 2.3 50 22 2 6 33% 43009 7497 58%
c e  0.17  0 245 5 457  5 4132 2133 2.3 50 22 2 6 33% 42809 7020 55%
c s  0.17  0 245 5 457  5 4132 2033 2.3 50 22 2 6 33% 42763 7020 55%
c e  0.18  0 245 5 457  5 4132 1937 2.3 50 22 2 6 33% 42679 7007 55%
c ]  0.21  0 192 5 457  4 4312 2102 3.2 103 32 2 6 33% 42679 7007 55%
c {  0.21  0 180 5 457 25 4312 2102 1.6 5 4 2 6  7% 42679 7007 55%
c c  0.27  0 169 5 559 24 4739 2421 2.5 14 6 2 6 10% 42551 6985 54%
c d  0.27  0 169 5 559 24 4739 2346 2.5 14 6 2 6 10% 42529 6974 54%
c 
c  seconds   reduction conflicts       size  tier2      variables
c         MB     restarts   redundant     glue  trail        remaining
c           level     rate       size/glue tier1  irredundant
c 
c =  0.29  0 169 5 559 24 4739 2239 2.5 14 6 2 6 10% 42458 6938 54%
c }  0.30  0 168 5 566 24 4773 2270 2.5 15 6 2 6 10% 42458 6938 54%
c [  0.30  0 192 5 566  4 4773 2270 3.2 103 32 2 6 33% 42458 6938 54%
c ]  0.36  0 164 5 566  3 4950 2421 3.1 133 43 2 6 42% 42458 6938 54%
c {  0.36  0 168 5 566 24 4950 2421 2.5 15 6 2 6 10% 42458 6938 54%
c -  0.39  0 166 6 599 24 5078 1581 2.5 18 7 1 2 12% 42458 6938 54%
c }  0.46  0 162 6 681 23 5394 1869 2.4 26 11 1 2 16% 42458 6938 54%
c [  0.46  0 164 6 681  3 5394 1869 3.1 133 43 2 6 42% 42458 6938 54%
c ]  0.58  0 149 6 681  2 5683 2140 3.0 159 53 1 2 50% 42458 6938 54%
c {  0.58  0 162 6 681 23 5683 2140 2.4 26 11 1 2 16% 42458 6938 54%
c #  0.61  0 157 6 768 23 6006 2438 2.4 29 12 1 2 16% 42458 6938 54%
c }  0.72  0 151 6 905 22 6574 2967 2.4 37 15 1 2 20% 42458 6938 54%
c [  0.72  0 149 6 905  2 6574 2967 3.0 159 53 1 2 50% 42458 6938 54%
c -  0.81  0 137 7 906  2 6859 1907 2.8 155 55 1 2 51% 42458 6938 54%
c p  0.89  0 126 7 906  2 7342 3346 2.5 136 54 1 2 45% 42458 6938 54%
c =  0.93  0 126 7 906  2 7342 3323 2.5 136 54 1 2 45% 42458 6909 54%
c u  0.94  0 126 7 906  2 7342 2675 2.5 136 54 1 2 45% 42424 6909 54%
c v  0.94  0 126 7 906  2 7342 2629 2.5 136 54 1 2 45% 42424 6909 54%
c w  0.95  0 126 7 906  2 7342 2619 2.5 136 54 1 2 45% 42424 6909 54%
c x  0.95  0 126 7 906  2 7342 2619 2.5 136 54 1 2 45% 42227 6909 54%
c 
c  seconds   reduction conflicts        size   tier2      variables
c         MB     restarts   redundant      glue   trail        remaining
c           level     rate       size/glue   tier1  irredundant
c 
c t  0.95  0 126 7 906  2 7342 2617 2.5 136 54 1 2 45% 42227 6909 54%
c 2  0.95  0 126 7 906  2 7342 2611 2.5 136 54 1 2 45% 42217 6909 54%
c f  0.97  0 126 7 906  2 7342 2573 2.5 136 54 1 2 42% 41796 7342 57%
c ]  0.99  0 125 7 906  2 7433 2656 2.5 135 54 1 2 42% 41796 7342 57%
c {  0.99  0 151 7 906 22 7433 2656 2.4 37 15 1 2 19% 41796 7342 57%
c }  1.19  0 145 7 1063 21 8043 3240 2.4 52 22 1 2 25% 41796 7342 57%
c [  1.19  0 125 7 1063  2 8043 3240 2.5 135 54 1 2 42% 41796 7342 57%
c -  1.44  0 116 8 1064  2 8930 1867 2.5 131 53 1 2 44% 41796 7342 57%
c ]  1.45  0 116 8 1064  2 8952 1889 2.5 132 53 1 2 44% 41796 7342 57%
c {  1.45  0 145 8 1064 21 8952 1889 2.4 52 22 1 2 25% 41796 7342 57%
c B  1.69  0 138 8 1310 20 10007 2837 2.3 64 27 1 2 30% 41796 7342 57%
c 2  1.69  0 138 8 1319 20 10039 2864 2.3 64 27 1 2 29% 41796 7342 57%
c d  1.69  0 138 8 1319 20 10039 2859 2.3 64 27 1 2 29% 41784 7339 57%
c p  1.70  0 138 8 1319 20 10039 4071 2.3 64 27 1 2 29% 41784 7339 57%
c 2  1.70  0 138 8 1319 20 10039 4071 2.3 64 27 1 2 29% 41780 7339 57%
c =  1.74  0 138 8 1319 20 10039 4068 2.3 64 27 1 2 29% 41776 7321 57%
c u  1.75  0 138 8 1319 20 10039 3830 2.3 64 27 1 2 29% 41776 7321 57%
c v  1.75  0 138 8 1319 20 10039 3735 2.3 64 27 1 2 29% 41776 7321 57%
c w  1.77  0 138 8 1319 20 10039 3689 2.3 64 27 1 2 29% 41776 7321 57%
c t  1.77  0 138 8 1319 20 10039 3689 2.3 64 27 1 2 29% 41774 7321 57%
c 
c  seconds   reductions  conflicts       size   tier2      variables
c         MB     restarts     redundant     glue   trail        remaining
c           level      rate        size/glue  tier1  irredundant
c 
c 2  1.77  0 138 8 1319 20 10039 3687 2.3 64 27 1 2 29% 41772 7321 57%
c f  1.78  0 138 8 1319 20 10039 3648 2.3 64 27 1 2 29% 41750 7372 57%
c }  1.82  0 137 8 1333 20 10237 3834 2.4 64 27 1 2 29% 41750 7372 57%
c [  1.82  0 116 8 1333  2 10237 3834 2.5 132 53 1 2 44% 41750 7372 57%
c ]  2.17  0 114 8 1333  2 11038 4588 2.7 147 55 1 2 50% 41750 7372 57%
c {  2.17  0 137 8 1333 20 11038 4588 2.4 64 27 1 2 29% 41750 7372 57%
c -  2.24  0 136 9 1390 19 11293 2105 2.4 66 28 1 2 30% 41750 7372 57%
c }  2.54  0 130 9 1586 17 12464 3231 2.5 78 31 1 2 34% 41750 7372 57%
c [  2.54  0 114 9 1586  2 12464 3231 2.7 147 55 1 2 50% 41750 7372 57%
c d  2.73  0 112 9 1586  2 12824 3588 2.7 153 57 1 2 52% 41750 7371 57%
c p  2.74  0 112 9 1586  2 12824 4731 2.7 153 57 1 2 52% 41750 7371 57%
c c  2.75  0 112 9 1586  2 12824 4731 2.7 153 57 1 2 52% 41736 7371 57%
c d  2.75  0 112 9 1586  2 12824 4728 2.7 153 57 1 2 52% 41732 7369 57%
c =  2.81  0 112 9 1586  2 12824 4715 2.7 153 57 1 2 52% 41712 7346 57%
c u  2.82  0 112 9 1586  2 12824 4602 2.7 153 57 1 2 52% 41712 7346 57%
c v  2.82  0 112 9 1586  2 12824 4497 2.7 153 57 1 2 52% 41712 7346 57%
c w  2.83  0 112 9 1586  2 12824 4484 2.7 153 57 1 2 52% 41712 7346 57%
c x  2.84  0 112 9 1586  2 12824 4484 2.7 153 57 1 2 52% 41569 7346 57%
c t  2.84  0 112 9 1586  2 12824 4484 2.7 153 57 1 2 52% 41568 7346 57%
c 2  2.84  0 112 9 1586  2 12824 4481 2.7 153 57 1 2 52% 41567 7346 57%
c 
c  seconds   reductions  conflicts        size   tier2      variables
c         MB     restarts     redundant      glue   trail        remaining
c           level      rate        size/glue   tier1  irredundant
c 
c f  2.84  0 112 9 1586  2 12824 4419 2.7 153 57 1 2 52% 41585 7387 57%
c ]  3.10  0 111 9 1587  2 13326 4918 2.7 159 59 1 2 55% 41585 7387 57%
c {  3.10  0 130 9 1587 17 13326 4918 2.5 78 31 1 2 34% 41585 7387 57%
c -  3.31  0 128 10 1732 17 13950 2369 2.5 84 34 1 2 36% 41585 7387 57%
c }  3.55  0 126 10 1873 16 14516 2899 2.4 91 37 1 2 39% 41585 7387 57%
c [  3.55  0 111 10 1873  2 14516 2899 2.7 159 59 1 2 55% 41585 7387 57%
c s  3.57  0 110 10 1873  2 14560 2923 2.7 159 59 1 2 55% 41255 7387 57%
c e  3.58  0 110 10 1873  2 14560 2498 2.7 159 59 1 2 55% 41168 7053 55%
c s  3.59  0 110 10 1873  2 14560 2492 2.7 159 59 1 2 55% 40896 7053 55%
c e  3.59  0 110 10 1873  2 14560 2492 2.7 159 59 1 2 55% 40887 7051 55%
c I  3.76  0 110 10 1873  2 15009 2911 2.6 159 60 1 2 64% 40887 7051 55%
c 2  4.02  0 109 10 1874  2 15689 3494 2.6 159 62 1 2 67% 40887 7051 55%
c d  4.02  0 109 10 1874  2 15689 3492 2.6 159 62 1 2 67% 40887 7050 55%
c p  4.02  0 109 10 1874  2 15689 4447 2.6 159 62 1 2 67% 40887 7050 55%
c =  4.10  0 109 10 1874  2 15689 4384 2.6 159 62 1 2 67% 40781 6803 53%
c u  4.11  0 109 10 1874  2 15689 4294 2.6 159 62 1 2 67% 40408 6803 53%
c v  4.11  0 109 10 1874  2 15689 4238 2.6 159 62 1 2 67% 40408 6803 53%
c w  4.14  0 109 10 1874  2 15689 4050 2.6 159 62 1 2 67% 40408 6803 53%
c t  4.14  0 109 10 1874  2 15689 4050 2.6 159 62 1 2 67% 40399 6803 53%
c 2  4.14  0 109 10 1874  2 15689 4049 2.6 159 62 1 2 67% 40399 6803 53%
c 
c  seconds   reductions   conflicts        size   tier2      variables
c         MB      restarts     redundant      glue   trail        remaining
c           level       rate        size/glue   tier1  irredundant
c 
c f  4.15  0 109 10 1874  2 15689 3822 2.6 159 62 1 2 66% 40489 6929 54%
c ]  4.30  0 110 10 1874  2 16188 4249 2.5 157 63 1 2 63% 40489 6929 54%
c {  4.30  0 126 10 1874 16 16188 4249 2.4 91 37 1 2 45% 40489 6929 54%
c -  4.47  0 124 11 2003 15 16903 2195 2.4 93 39 1 2 45% 40489 6929 54%
c p  4.70  0 120 11 2133 14 18629 4459 2.5 95 39 1 2 44% 40489 6929 54%
c =  4.74  0 120 11 2133 14 18629 4456 2.5 95 39 1 2 44% 40487 6912 54%
c u  4.75  0 120 11 2133 14 18629 4325 2.5 95 39 1 2 44% 40227 6912 54%
c v  4.75  0 120 11 2133 14 18629 4186 2.5 95 39 1 2 44% 40227 6912 54%
c w  4.76  0 120 11 2133 14 18629 4174 2.5 95 39 1 2 44% 40227 6912 54%
c 2  4.76  0 120 11 2133 14 18629 4173 2.5 95 39 1 2 44% 40224 6912 54%
c f  4.77  0 120 11 2133 14 18629 4134 2.5 95 39 1 2 44% 40245 6930 54%
c -  4.81  0 120 12 2135 13 20153 2608 2.4 89 37 1 2 40% 40245 6930 54%
c W  4.93  0 119 12 2150 12 21011 3431 2.4 87 36 1 2 39% 40245 6930 54%
c t  5.05  0 118 12 2192 12 21640 4030 2.4 87 36 1 2 38% 40245 6930 54%
c }  5.07  0 118 12 2201 12 21681 4070 2.4 88 37 1 2 39% 40245 6930 54%
c [  5.07  0 110 12 2201  2 21681 4070 2.5 157 63 1 2 63% 40245 6930 54%
c ]  5.76  0 111 12 2202  1 23466 5615 2.2 158 72 1 2 67% 40245 6930 54%
c {  5.76  0 118 12 2202 12 23466 5615 2.4 88 37 1 2 39% 40245 6930 54%
c -  5.83  0 117 13 2265 12 23703 2987 2.4 89 37 1 2 39% 40245 6930 54%
c p  6.18  0 116 13 2523 11 24716 4597 2.4 95 40 1 2 42% 40245 6930 54%
c 
c  seconds   reductions   conflicts       size   tier2      variables
c         MB      restarts     redundant     glue   trail        remaining
c           level       rate        size/glue  tier1  irredundant
c 
c u  6.19  0 116 13 2523 11 24716 4417 2.4 95 40 1 2 42% 40200 6930 54%
c v  6.19  0 116 13 2523 11 24716 4231 2.4 95 40 1 2 42% 40200 6930 54%
c w  6.21  0 116 13 2523 11 24716 4205 2.4 95 40 1 2 42% 40200 6930 54%
c x  6.21  0 116 13 2523 11 24716 4205 2.4 95 40 1 2 42% 39987 6930 54%
c f  6.22  0 116 13 2523 11 24716 4199 2.4 95 40 1 2 42% 39991 6932 54%
c }  6.48  0 115 13 2698 11 25419 4887 2.4 100 42 1 2 44% 39991 6932 54%
c [  6.48  0 111 13 2698  1 25419 4887 2.2 158 72 1 2 67% 39991 6932 54%
c ]  7.31  0 113 13 2699  1 27404 6796 2.1 164 79 1 2 70% 39991 6932 54%
c {  7.31  0 115 13 2699 11 27404 6796 2.4 100 42 1 2 44% 39991 6932 54%
c -  7.37  0 115 14 2735 11 27551 3015 2.4 101 42 1 2 44% 39991 6932 54%
c p  7.48  0 115 14 2811 11 27855 3931 2.4 103 43 1 2 45% 39991 6932 54%
c =  7.55  0 115 14 2811 11 27855 3931 2.4 103 43 1 2 45% 39986 6927 54%
c u  7.56  0 115 14 2811 11 27855 3877 2.4 103 43 1 2 45% 39910 6927 54%
c v  7.56  0 115 14 2811 11 27855 3797 2.4 103 43 1 2 45% 39910 6927 54%
c w  7.59  0 115 14 2811 11 27855 3785 2.4 103 43 1 2 45% 39910 6927 54%
c f  7.59  0 115 14 2811 11 27855 3785 2.4 103 43 1 2 45% 39909 6928 54%
c F  7.65  0 115 14 2851 11 28012 3938 2.4 104 44 1 2 45% 39909 6928 54%
c }  8.23  0 114 14 3240 10 29593 5500 2.4 113 47 1 2 48% 39909 6928 54%
c [  8.23  0 113 14 3240  1 29593 5500 2.1 164 79 1 2 70% 39909 6928 54%
c s  8.31  0 112 14 3240  1 29776 5672 2.1 164 79 1 2 70% 39151 6928 54%
c 
c  seconds   reductions   conflicts        size   tier2      variables
c         MB      restarts     redundant      glue   trail        remaining
c           level       rate        size/glue   tier1  irredundant
c 
c t  8.31  0 112 14 3240  1 29776 5672 2.1 164 79 1 2 70% 39148 6928 54%
c e  8.32  0 112 14 3240  1 29776 5602 2.1 164 79 1 2 70% 37704 6661 52%
c s  8.32  0 112 14 3240  1 29776 5600 2.1 164 79 1 2 70% 37671 6661 52%
c e  8.32  0 112 14 3240  1 29776 5600 2.1 164 79 1 2 70% 37663 6660 52%
c -  8.81  0 116 15 3240  1 31700 3161 2.0 162 80 1 2 66% 37663 6660 52%
c 2  8.81  0 116 15 3240  1 31700 3160 2.0 162 80 1 2 66% 37663 6660 52%
c p  8.81  0 116 15 3240  1 31700 3716 2.0 162 80 1 2 66% 37663 6660 52%
c =  8.90  0 116 15 3240  1 31700 3703 2.0 162 80 1 2 66% 37623 6334 49%
c u  8.90  0 116 15 3240  1 31700 3430 2.0 162 80 1 2 66% 37300 6334 49%
c v  8.90  0 116 15 3240  1 31700 3334 2.0 162 80 1 2 66% 37300 6334 49%
c w  8.91  0 116 15 3240  1 31700 3272 2.0 162 80 1 2 66% 37300 6334 49%
c t  8.91  0 116 15 3240  1 31700 3272 2.0 162 80 1 2 66% 37297 6334 49%
c 2  8.91  0 116 15 3240  1 31700 3262 2.0 162 80 1 2 66% 37268 6334 49%
c f  8.92  0 116 15 3240  1 31700 3260 2.0 162 80 1 2 66% 37216 6383 50%
c ]  9.35  0 114 15 3243  1 34519 5831 2.1 156 75 1 2 46% 37216 6383 50%
c {  9.35  0 114 15 3243 10 34519 5831 2.4 113 47 1 2 54% 37216 6383 50%
c B  9.59  0 113 15 3404  9 36014 7278 2.4 114 48 1 2 54% 37216 6383 50%
c -  9.61  0 113 16 3407  9 36153 3323 2.4 115 48 1 2 54% 37216 6383 50%
c p  9.62  0 113 16 3407  9 36153 3930 2.4 115 48 1 2 54% 37216 6383 50%
c =  9.65  0 113 16 3407  9 36153 3930 2.4 115 48 1 2 54% 37210 6122 48%
c 
c  seconds   reductions   conflicts        size   tier2      variables
c         MB      restarts     redundant      glue   trail        remaining
c           level       rate        size/glue   tier1  irredundant
c 
c u  9.66  0 113 16 3407  9 36153 3789 2.4 115 48 1 2 54% 36821 6122 48%
c v  9.66  0 113 16 3407  9 36153 3637 2.4 115 48 1 2 54% 36821 6122 48%
c w  9.66  0 113 16 3407  9 36153 3631 2.4 115 48 1 2 54% 36821 6122 48%
c 2  9.66  0 113 16 3407  9 36153 3611 2.4 115 48 1 2 54% 36765 6122 48%
c f  9.67  0 113 16 3407  9 36153 3603 2.4 115 48 1 2 54% 36745 6146 48%
c -  9.76  0 107 17 3408  8 40906 3932 2.4 101 41 1 2 49% 36745 6146 48%
c =  9.77  0 107 17 3408  8 40906 3932 2.4 101 41 1 2 49% 36743 6144 48%
c W  9.92  0 108 17 3408  7 45016 7676 2.4 91 38 1 2 44% 36743 6144 48%
c -  9.93  0 107 18 3408  7 45962 4731 2.4 89 37 1 2 44% 36743 6144 48%
c =  9.94  0 107 18 3408  7 45962 4731 2.4 89 37 1 2 44% 36739 6140 48%
c t  9.94  0 107 18 3408  7 45962 4730 2.4 89 37 1 2 44% 36739 6140 48%
c s 10.03  0 107 18 3408  6 49774 8249 2.5 84 34 1 2 41% 33578 6140 48%
c e 10.04  0 107 18 3408  6 49774 7857 2.5 84 34 1 2 41% 32025 5789 45%
c s 10.04  0 107 18 3408  6 49774 7833 2.5 84 34 1 2 41% 31912 5789 45%
c e 10.04  0 107 18 3408  6 49774 7613 2.5 84 34 1 2 41% 29654 5453 42%
c } 10.05  0 107 18 3408  6 50001 7827 2.5 83 34 1 2 27% 29654 5453 42%
c ? 10.05  0 107 18 3408  6 50001 7827 2.5 83 34 1 2 27% 29654 5453 42%
c 
c --- [ result ] -------------------------------------------------------------
c 
c UNKNOWN
c 
c --- [ run-time profiling ] -------------------------------------------------
c 
c process time taken by individual solving procedures
c (percentage relative to process time for solving)
c 
c         8.96   89.25% search
c         4.58   45.63% stable
c         4.20   41.84% unstable
c         1.08   10.73% simplify
c         0.46    4.56% sweep
c         0.22    2.15% vivify
c         0.17    1.72% walk
c         0.12    1.19% factor
c         0.10    0.95% congruence
c         0.06    0.64% preprocess
c         0.06    0.60% elim
c         0.03    0.31% subsume
c         0.02    0.17% ternary
c         0.02    0.16% fastelim
c         0.02    0.15% probe
c         0.01    0.09% parse
c         0.01    0.06% backbone
c         0.01    0.06% lucky
c   =================================
c        10.04   99.91% solve
c 
c last line shows process time for solving
c (percentage relative to total process time)
c 
c --- [ statistics ] ---------------------------------------------------------
c 
c chronological:              9773        19.55 %  of conflicts
c conflicts:                 50001      4979.62    per second
c backbone:                 353575      2588.40 %  of vars
c decisions:                243042     24204.63    per second
c eliminated:                 5098        37.32 %  of all variables
c factored:                    811        14.87 %  of variables
c fixed:                       641         4.69 %  of all variables
c learned:                   47711        95.42 %  per conflict
c learned_lits:           10986857       100.00 %  learned literals
c minimized:                     0         0.00 %  learned literals
c shrunken:                1445378        13.16 %  learned literals
c minishrunken:            4471492        40.70 %  learned literals
c otfs:                       1346         2.69 %  of conflict
c propagations:           87486247         8.71 M  per second
c reduced:                   33311        66.62 %  per conflict
c rephased:                      9      5555.67    interval
c restarts:                   3408        14.67    interval
c stabilizing:                  12        29.16 %  of conflicts
c substituted:                2468        18.07 %  of all variables
c sweep equivs:                968        13.08 %  of swept variables
c subsumed:                  13659         8.95 %  of all clauses
c strengthened:               5834         3.82 %  of all clauses
c ticks:                 574545532         6.75    propagation
c vivified:                   4962         3.25 %  of all clauses
c walked:                        2     25000.50    interval
c weakened:                  38020         2.92    average size
c congruence:                    8      6250.12    interval
c 
c seconds are measured in process time for solving
c 
c --- [ glue usage ] ---------------------------------------------------------
c 
c focused glue 1 used 415597 clauses 79.65% accumulated 79.65% tier1
c focused glue 2 used 40120 clauses 7.689% accumulated 87.34% tier2
c 
c stable glue 1 used 358904 clauses 87.32% accumulated 87.32% tier1
c stable glue 2 used 15479 clauses 3.766% accumulated 91.09% tier2
c 
c 
c --- [ resources ] ----------------------------------------------------------
c 
c total process time since initialization:        10.05    seconds
c total real time since initialization:           10.10    seconds
c maximum resident set size of process:        53888.00    MB
c 
c --- [ shutting down ] ------------------------------------------------------
c 
c exit 0
