c --- [ banner ] -------------------------------------------------------------
c 
c CaDiCaL SAT Solver
c Copyright (c) 2016-2025
c A. Biere, M. Fleury, N. Froleyks, K. Fazekas, F. Pollitt, T. Faller
c JKU Linz, University of Freiburg, TU Wien
c 
c Version 3.0.0
c Apple clang version 17.0.0 (clang-1700.6.3.2) -Wall -Wextra -O3 -DNDEBUG -DNCLOSEFROM
c Tue Dec 23 21:53:38 UTC 2025 Darwin Tahoe-arm64.local 25.2.0 arm64
c 
c --- [ limit ] --------------------------------------------------------------
c 
c setting conflict limit to 50000 conflicts (due to '50000')
c 
c --- [ parsing input ] ------------------------------------------------------
c 
c reading DIMACS file from 'headline_hunt/bets/cascade_aux_encoding/cnfs/aux_force_sr61_n32_bit11_m45b0a5f6_fill00000000.cnf'
c opening file to read 'headline_hunt/bets/cascade_aux_encoding/cnfs/aux_force_sr61_n32_bit11_m45b0a5f6_fill00000000.cnf'
c found 'p cnf 12882 53950' header
c parsed 53950 clauses in 0.01 seconds process time
c 
c --- [ options ] ------------------------------------------------------------
c 
c   --seed=5                       (different from default '0')
c 
c --- [ solving ] ------------------------------------------------------------
c 
c time measured in process time since initialization
c 
c  seconds  reduction conflicts       size tier2       variables
c         MB    restarts   redundant    glue  trail         remaining
c          level     rate       size/glu tier1  irredundant
c 
c *  0.01  0  0 0   0  0    0    0 0.0 0 0 2 6  0% 53437 12401 96%
c (  0.01  0  0 0   0  0    0    0 0.0 0 0 2 6  0% 53437 12401 96%
c .  0.01  0  0 0   0  0    0    0 0.0 0 0 2 6  0% 52413 12401 96%
c c  0.03  0  0 0   0  0    0    0 0.0 0 0 2 6  0% 49724 11939 93%
c d  0.03  0  0 0   0  0    0    0 0.0 0 0 2 6  0% 45692 10611 82%
c 2  0.03  0  0 0   0  0    0    0 0.0 0 0 2 6  0% 45554 10611 82%
c f  0.04  0  0 0   0  0    0    0 0.0 0 0 2 6  0% 45288 10877 84%
c e  0.06  0  0 0   0  0    0    0 0.0 0 0 2 6  0% 37359 6868 53%
c s  0.06  0  0 0   0  0    0    0 0.0 0 0 2 6  0% 37358 6868 53%
c s  0.06  0  0 0   0  0    0    0 0.0 0 0 2 6  0% 37344 6868 53%
c s  0.06  0  0 0   0  0    0    0 0.0 0 0 2 6  0% 37344 6868 53%
c P  0.07  0  0 0   0  0    0    0 0.0 0 0 2 6  0% 37344 6868 53%
c )  0.07  0  0 0   0  0    0    0 0.0 0 0 2 6  0% 37344 6868 53%
c {  0.07  0  0 0   0  0    0    0 0.0 0 0 2 6  0% 37344 6868 53%
c -  0.07  0 867 1   6 13  301  238 1.6 4 2 2 6 16% 37344 6868 53%
c -  0.07  0 638 2  57 52  735  594 1.6 4 3 2 6 15% 37344 6868 53%
c }  0.08  0 501 2  87 45 1001  825 1.6 4 3 2 6 15% 37344 6868 53%
c [  0.08  0  0 2  87  0 1001  825 0.0 0 0 2 6  0% 37344 6868 53%
c O  0.08  0 514 2  87 515 1002  826 2.7 8 3 2 6 26% 37344 6868 53%
c -  0.08  0 489 3  87  3 1412  941 1.8 29 16 2 6 26% 37344 6868 53%
c 
c  seconds   reduction conflicts       size   tier2      variables
c         MB     restarts   redundant     glue   trail        remaining
c           level     rate       size/glue  tier1  irredundant
c 
c ]  0.09  0 486 3  87  2 1599 1105 1.9 30 16 2 6 26% 37344 6868 53%
c {  0.09  0 501 3  87 45 1599 1105 1.6 4 3 2 6 15% 37344 6868 53%
c 2  0.10  0 334 3 192 33 2237 1659 1.6 5 3 2 6 17% 37282 6868 53%
c p  0.10  0 334 3 192 33 2237 1656 1.6 5 3 2 6 17% 37274 6860 53%
c c  0.11  0 334 3 192 33 2237 1656 1.6 5 3 2 6 17% 37263 6860 53%
c t  0.11  0 334 3 192 33 2237 1655 1.6 5 3 2 6 17% 37257 6858 53%
c -  0.11  0 316 4 217 32 2351 1465 1.6 5 3 2 6 15% 37257 6858 53%
c O  0.12  0 244 4 376 28 3003 2035 1.6 6 4 2 6 11% 37257 6858 53%
c }  0.12  0 220 4 461 26 3329 2313 1.6 6 4 2 6 11% 37257 6858 53%
c [  0.12  0 486 4 461  2 3329 2313 1.9 30 16 2 6 49% 37257 6858 53%
c -  0.13  0 386 5 461  2 3566 2120 2.0 28 14 2 6 48% 37257 6858 53%
c s  0.14  0 271 5 462  2 4215 2661 2.0 25 12 2 6 38% 37233 6858 53%
c t  0.14  0 271 5 462  2 4215 2661 2.0 25 12 2 6 38% 37228 6858 53%
c e  0.16  0 271 5 462  2 4215 2032 2.0 25 12 2 6 38% 37102 6359 49%
c s  0.16  0 271 5 462  2 4215 1972 2.0 25 12 2 6 38% 36947 6359 49%
c 2  0.17  0 237 5 462  2 4738 2449 2.1 28 13 2 6 37% 36944 6359 49%
c c  0.18  0 237 5 462  2 4738 2445 2.1 28 13 2 6 37% 36932 6355 49%
c d  0.18  0 237 5 462  2 4738 2442 2.1 28 13 2 6 37% 36928 6353 49%
c =  0.19  0 237 5 462  2 4738 2442 2.1 28 13 2 6 37% 36852 6296 49%
c -  0.20  0 223 6 463  2 5058 2087 2.1 30 14 4 13 36% 36852 6296 49%
c 
c  seconds   reduction conflicts       size   tier2       variables
c         MB     restarts   redundant     glue    trail        remaining
c           level     rate       size/glue  tier1   irredundant
c 
c ]  0.21  0 213 6 463  2 5302 2302 2.2 33 15 4 13 35% 36852 6296 49%
c {  0.21  0 220 6 463 26 5302 2302 1.6 6 4 2 6 11% 36852 6296 49%
c #  0.22  0 187 6 639 24 6005 2928 1.6 7 4 2 3 10% 36852 6296 49%
c -  0.23  0 161 7 805 22 6835 2642 1.7 7 4 2 3 11% 36852 6296 49%
c c  0.25  0 150 7 894 21 7341 3088 1.7 8 4 2 3 10% 36842 6293 49%
c d  0.25  0 150 7 894 21 7341 3086 1.7 8 4 2 3 10% 36840 6292 49%
c =  0.25  0 150 7 894 21 7341 3086 1.7 8 4 2 3 10% 36792 6210 48%
c f  0.26  0 150 7 894 21 7341 3086 1.7 8 4 2 3 10% 36521 6476 50%
c }  0.28  0 128 7 1109 19 8747 4297 1.8 8 5 2 3 10% 36521 6476 50%
c [  0.28  0 213 7 1109  2 8747 4297 2.2 33 15 4 13 34% 36521 6476 50%
c -  0.28  0 206 8 1109  2 8903 3520 2.2 32 15 4 13 32% 36521 6476 50%
c I  0.30  0 177 8 1109  2 10008 4521 2.4 36 15 3 11 31% 36521 6476 50%
c c  0.31  0 176 8 1109  2 10038 4530 2.4 35 15 3 11 31% 36509 6470 50%
c =  0.32  0 176 8 1109  2 10038 4523 2.4 35 15 3 11 31% 36504 6424 50%
c -  0.35  0 165 9 1110  2 11262 4007 2.6 40 15 3 11 31% 36504 6424 50%
c ]  0.37  0 161 9 1111  2 12267 4912 2.5 44 18 3 11 30% 36504 6424 50%
c {  0.37  0 128 9 1111 19 12267 4912 1.8 8 5 2 3 10% 36504 6424 50%
c =  0.39  0 121 9 1208 18 12825 5398 1.8 8 5 2 3  9% 36460 6391 50%
c -  0.41  0 110 10 1303 16 13915 4662 1.8 9 5 2 3  8% 36460 6391 50%
c s  0.42  0 107 10 1374 16 14371 4888 1.8 9 5 2 3  9% 35496 6391 50%
c 
c  seconds   reductions   conflicts       size tier2      variables
c         MB      restarts     redundant    glue  trail        remaining
c           level       rate        size/glu tier1  irredundant
c 
c t  0.42  0 107 10 1374 16 14371 4886 1.8 9 5 2 3  9% 35496 6391 50%
c e  0.43  0 107 10 1374 16 14371 4594 1.8 9 5 2 3  9% 35494 6148 48%
c s  0.43  0 107 10 1374 16 14371 4520 1.8 9 5 2 3  9% 35260 6148 48%
c B  0.45  0 103 10 1513 16 15009 5075 1.8 9 5 2 3 10% 35253 6148 48%
c 2  0.46  0 101 10 1624 16 15692 5659 1.8 9 5 2 3 10% 35253 6148 48%
c =  0.47  0 101 10 1624 16 15692 5593 1.8 9 5 2 3 10% 35175 6066 47%
c f  0.47  0 101 10 1624 16 15692 5591 1.8 9 5 2 3 10% 35113 6127 48%
c -  0.50  0 98 11 1838 16 16866 5326 1.8 9 5 2 3 11% 35113 6127 48%
c }  0.51  0 93 11 1984 15 18150 6425 1.8 9 5 2 3 11% 35113 6127 48%
c [  0.51  0 161 11 1984  2 18150 6425 2.5 44 18 3 11 33% 35113 6127 48%
c d  0.52  0 155 11 1984  2 18633 6788 2.6 44 17 3 11 34% 35113 6117 47%
c c  0.53  0 155 11 1984  2 18633 6788 2.6 44 17 3 11 34% 35065 6117 47%
c d  0.53  0 155 11 1984  2 18633 6732 2.6 44 17 3 11 34% 35047 6108 47%
c 2  0.53  0 155 11 1984  2 18633 6732 2.6 44 17 3 11 34% 35043 6108 47%
c =  0.54  0 155 11 1984  2 18633 6731 2.6 44 17 3 11 34% 35035 6037 47%
c u  0.55  0 155 11 1984  2 18633 6043 2.6 44 17 3 11 34% 35033 6037 47%
c v  0.55  0 155 11 1984  2 18633 5903 2.6 44 17 3 11 34% 35033 6037 47%
c w  0.55  0 155 11 1984  2 18633 5903 2.6 44 17 3 11 34% 35033 6037 47%
c x  0.55  0 155 11 1984  2 18633 5902 2.6 44 17 3 11 34% 35009 6037 47%
c t  0.55  0 155 11 1984  2 18633 5901 2.6 44 17 3 11 34% 35009 6037 47%
c 
c  seconds   reductions   conflicts       size   tier2       variables
c         MB      restarts     redundant     glue    trail        remaining
c           level       rate        size/glue  tier1   irredundant
c 
c -  0.59  0 147 12 1985  2 20113 5231 2.5 48 19 3 11 34% 35009 6037 47%
c B  0.61  0 144 12 1986  2 21011 6094 2.5 49 20 3 11 34% 35009 6037 47%
c d  0.63  0 140 12 1986  2 21643 6687 2.6 49 19 2 4 34% 35009 6034 47%
c c  0.64  0 140 12 1986  2 21643 6687 2.6 49 19 2 4 34% 34961 6034 47%
c d  0.64  0 140 12 1986  2 21643 6679 2.6 49 19 2 4 34% 34953 6030 47%
c =  0.65  0 140 12 1986  2 21643 6679 2.6 49 19 2 4 34% 34944 5952 46%
c f  0.65  0 140 12 1986  2 21643 6677 2.6 49 19 2 4 34% 34899 5995 47%
c ]  0.70  0 139 12 1986  2 23020 8017 2.5 49 20 2 4 32% 34899 5995 47%
c {  0.70  0 93 12 1986 15 23020 8017 1.8 9 5 2 3 11% 34899 5995 47%
c -  0.71  0 92 13 2086 15 23658 5831 1.8 9 5 2 3 11% 34899 5995 47%
c d  0.73  0 89 13 2323 15 24719 6669 1.8 10 5 2 3 11% 34899 5982 46%
c c  0.74  0 89 13 2323 15 24719 6669 1.8 10 5 2 3 11% 34841 5982 46%
c d  0.74  0 89 13 2323 15 24719 6616 1.8 10 5 2 3 11% 34819 5971 46%
c 2  0.74  0 89 13 2323 15 24719 6616 1.8 10 5 2 3 11% 34815 5971 46%
c -  0.80  0 84 14 2841 15 27503 6952 1.8 10 6 2 3 11% 34815 5971 46%
c d  0.81  0 84 14 2923 15 27858 7195 1.8 10 6 2 3 12% 34815 5959 46%
c c  0.82  0 84 14 2923 15 27858 7195 1.8 10 6 2 3 12% 34773 5959 46%
c d  0.82  0 84 14 2923 15 27858 7177 1.8 10 6 2 3 12% 34761 5953 46%
c 2  0.83  0 84 14 2923 15 27858 7177 1.8 10 6 2 3 12% 34757 5953 46%
c f  0.83  0 84 14 2923 15 27858 7167 1.8 10 6 2 3 11% 34739 5978 46%
c 
c  seconds  reductions   conflicts       size  tier2      variables
c         MB     restarts     redundant     glue  trail        remaining
c          level       rate        size/glue tier1  irredundant
c 
c W  0.85  0 84 14 2957 15 28012 7304 1.8 10 6 2 3 12% 34739 5978 46%
c s  0.88  0 81 14 3159 14 29491 8304 1.8 10 6 2 3 12% 33316 5978 46%
c t  0.88  0 81 14 3159 14 29491 8301 1.8 10 6 2 3 12% 33316 5978 46%
c e  0.89  0 81 14 3159 14 29491 7301 1.8 10 6 2 3 12% 30669 5481 43%
c s  0.89  0 81 14 3159 14 29491 7231 1.8 10 6 2 3 12% 30611 5481 43%
c e  0.89  0 81 14 3159 14 29491 7231 1.8 10 6 2 3 12% 30600 5480 43%
c }  0.91  0 81 14 3246 14 29912 7608 1.8 11 6 2 3 15% 30600 5480 43%
c [  0.91  0 139 14 3246  2 29912 7608 2.5 49 20 2 4 38% 30600 5480 43%
c -  0.94  0 132 15 3246  2 31650 6907 2.5 47 19 2 4 39% 30600 5480 43%
c 2  0.94  0 132 15 3246  2 31650 6886 2.5 47 19 2 4 39% 30600 5480 43%
c d  0.94  0 132 15 3246  2 31650 6876 2.5 47 19 2 4 39% 30600 5476 43%
c c  0.95  0 132 15 3246  2 31650 6876 2.5 47 19 2 4 39% 30584 5476 43%
c d  0.95  0 132 15 3246  2 31650 6870 2.5 47 19 2 4 39% 30580 5474 42%
c 2  0.95  0 132 15 3246  2 31650 6870 2.5 47 19 2 4 39% 30576 5474 42%
c u  0.97  0 132 15 3246  2 31650 5821 2.5 47 19 2 4 39% 30576 5474 42%
c v  0.97  0 132 15 3246  2 31650 5589 2.5 47 19 2 4 39% 30576 5474 42%
c w  0.97  0 132 15 3246  2 31650 5589 2.5 47 19 2 4 39% 30576 5474 42%
c t  0.97  0 132 15 3246  2 31650 5588 2.5 47 19 2 4 39% 30576 5474 42%
c W  1.07  0 124 15 3249  2 36013 9721 2.5 47 19 2 4 38% 30576 5474 42%
c -  1.07  0 124 16 3249  2 36097 6258 2.5 47 19 2 4 38% 30576 5474 42%
c 
c  seconds   reductions   conflicts       size   tier2      variables
c         MB      restarts     redundant     glue   trail        remaining
c           level       rate        size/glue  tier1  irredundant
c 
c p  1.08  0 124 16 3249  2 36097 6252 2.5 47 19 2 4 38% 30576 5472 42%
c c  1.08  0 124 16 3249  2 36097 6252 2.5 47 19 2 4 38% 30560 5472 42%
c d  1.08  0 124 16 3249  2 36097 6239 2.5 47 19 2 4 38% 30556 5470 42%
c 2  1.09  0 124 16 3249  2 36097 6238 2.5 47 19 2 4 38% 30556 5470 42%
c f  1.09  0 124 16 3249  2 36097 6232 2.5 47 19 2 4 37% 30495 5532 43%
c ]  1.16  0 121 16 3252  2 38742 8723 2.5 50 20 2 3 37% 30495 5532 43%
c {  1.16  0 81 16 3252 14 38742 8723 1.8 11 6 2 3 15% 30495 5532 43%
c -  1.19  0 79 17 3464 14 40846 7253 1.8 11 6 2 3 15% 30495 5532 43%
c d  1.20  0 79 17 3464 14 40846 7242 1.8 11 6 2 3 15% 30493 5529 43%
c p  1.20  0 79 17 3464 14 40846 7261 1.8 11 6 2 3 15% 30493 5529 43%
c c  1.20  0 79 17 3464 14 40846 7261 1.8 11 6 2 3 15% 30485 5529 43%
c d  1.20  0 79 17 3464 14 40846 7253 1.8 11 6 2 3 15% 30483 5528 43%
c 2  1.21  0 79 17 3464 14 40846 7253 1.8 11 6 2 3 15% 30481 5528 43%
c f  1.21  0 79 17 3464 14 40846 7249 1.8 11 6 2 3 15% 30461 5552 43%
c F  1.28  0 76 17 4093 13 45014 11076 1.8 11 6 2 3 15% 30460 5552 43%
c -  1.29  0 75 18 4222 13 45898 8872 1.8 11 6 2 3 14% 30460 5552 43%
c p  1.29  0 75 18 4222 13 45898 8874 1.8 11 6 2 3 14% 30460 5552 43%
c =  1.31  0 75 18 4222 13 45898 8874 1.8 11 6 2 3 14% 30459 5551 43%
c u  1.32  0 75 18 4222 13 45898 8449 1.8 11 6 2 3 14% 30459 5551 43%
c v  1.32  0 75 18 4222 13 45898 8336 1.8 11 6 2 3 14% 30459 5551 43%
c 
c  seconds  reductions   conflicts       size  tier2      variables
c         MB     restarts     redundant     glue  trail        remaining
c          level       rate        size/glue tier1  irredundant
c 
c x  1.32  0 75 18 4222 13 45898 8336 1.8 11 6 2 3 14% 30459 5551 43%
c t  1.32  0 75 18 4222 13 45898 8334 1.8 11 6 2 3 14% 30459 5551 43%
c 2  1.32  0 75 18 4222 13 45898 8333 1.8 11 6 2 3 14% 30459 5551 43%
c f  1.33  0 75 18 4222 13 45898 8327 1.8 11 6 2 3 14% 30462 5554 43%
c s  1.39  0 73 18 4816 13 49344 11226 1.8 11 6 2 3 15% 30428 5554 43%
c e  1.40  0 73 18 4816 13 49344 11125 1.8 11 6 2 3 15% 30422 5541 43%
c s  1.40  0 73 18 4816 13 49344 11069 1.8 11 6 2 3 15% 30412 5541 43%
c }  1.41  0 73 18 4848 13 49576 11283 1.8 11 6 2 3 15% 30410 5541 43%
c [  1.41  0 121 18 4848  2 49576 11283 2.5 50 20 2 3 37% 30410 5541 43%
c ]  1.42  0 120 18 4848  2 50003 11696 2.5 50 20 2 3 37% 30410 5541 43%
c ?  1.42  0 120 18 4848  2 50003 11696 2.5 50 20 2 3 37% 30410 5541 43%
c 
c --- [ result ] -------------------------------------------------------------
c 
c UNKNOWN
c 
c --- [ run-time profiling ] -------------------------------------------------
c 
c process time taken by individual solving procedures
c (percentage relative to process time for solving)
c 
c         0.97   68.76% search
c         0.49   34.89% unstable
c         0.46   32.40% stable
c         0.44   31.07% simplify
c         0.13    9.32% congruence
c         0.07    5.13% sweep
c         0.06    4.25% factor
c         0.06    3.97% preprocess
c         0.04    3.05% elim
c         0.03    2.11% subsume
c         0.03    1.99% vivify
c         0.02    1.34% walk
c         0.02    1.16% fastelim
c         0.01    0.55% parse
c         0.01    0.37% backbone
c         0.00    0.14% probe
c         0.00    0.12% lucky
c         0.00    0.11% ternary
c   =================================
c         1.41   99.44% solve
c 
c last line shows process time for solving
c (percentage relative to total process time)
c 
c --- [ statistics ] ---------------------------------------------------------
c 
c chronological:             18654        37.31 %  of conflicts
c conflicts:                 50003     35474.37    per second
c backbone:                 361524      2652.02 %  of vars
c decisions:                410866    291486.73    per second
c eliminated:                 5262        38.60 %  of all variables
c factored:                    750        13.46 %  of variables
c fixed:                       943         6.92 %  of all variables
c learned:                   46494        92.98 %  per conflict
c learned_lits:            1434614       100.00 %  learned literals
c minimized:                     0         0.00 %  learned literals
c shrunken:                  58426         4.07 %  learned literals
c minishrunken:             115558         8.05 %  learned literals
c otfs:                       2170         4.34 %  of conflict
c propagations:            9001004         6.39 M  per second
c reduced:                   27257        54.51 %  per conflict
c rephased:                      9      5555.89    interval
c restarts:                   4848        10.31    interval
c stabilizing:                   6        39.63 %  of conflicts
c substituted:                1886        13.84 %  of all variables
c sweep equivs:                428        55.73 %  of swept variables
c subsumed:                  10675         7.60 %  of all clauses
c strengthened:               6211         4.42 %  of all clauses
c ticks:                  74930420         8.53    propagation
c vivified:                   1322         0.94 %  of all clauses
c walked:                        2     25001.50    interval
c weakened:                  35049         2.91    average size
c congruence:                   14      3571.64    interval
c 
c seconds are measured in process time for solving
c 
c --- [ glue usage ] ---------------------------------------------------------
c 
c focused glue 2 used 20760 clauses 19.43% accumulated 83.66% tier1
c focused glue 3 used 6757 clauses 6.326% accumulated 89.98% tier2
c 
c stable glue 2 used 27685 clauses 19.93% accumulated 64.26% tier1
c stable glue 3 used 11528 clauses 8.302% accumulated 72.57% tier2
c 
c 
c --- [ resources ] ----------------------------------------------------------
c 
c total process time since initialization:         1.42    seconds
c total real time since initialization:            1.42    seconds
c maximum resident set size of process:        41632.00    MB
c 
c --- [ shutting down ] ------------------------------------------------------
c 
c exit 0
