c --- [ banner ] -------------------------------------------------------------
c 
c CaDiCaL SAT Solver
c Copyright (c) 2016-2025
c A. Biere, M. Fleury, N. Froleyks, K. Fazekas, F. Pollitt, T. Faller
c JKU Linz, University of Freiburg, TU Wien
c 
c Version 3.0.0
c Apple clang version 17.0.0 (clang-1700.6.3.2) -Wall -Wextra -O3 -DNDEBUG -DNCLOSEFROM
c Tue Dec 23 21:53:38 UTC 2025 Darwin Tahoe-arm64.local 25.2.0 arm64
c 
c --- [ limit ] --------------------------------------------------------------
c 
c setting conflict limit to 50000 conflicts (due to '50000')
c 
c --- [ parsing input ] ------------------------------------------------------
c 
c reading DIMACS file from 'cnfs_n32/sr61_n32_bit25_m09990bd2_fill80000000_full.cnf'
c opening file to read 'cnfs_n32/sr61_n32_bit25_m09990bd2_fill80000000_full.cnf'
c found 'p cnf 11234 47338' header
c parsed 47338 clauses in 0.01 seconds process time
c 
c --- [ options ] ------------------------------------------------------------
c 
c   --seed=5                       (different from default '0')
c 
c --- [ solving ] ------------------------------------------------------------
c 
c time measured in process time since initialization
c 
c  seconds  reduction conflicts       size tier2       variables
c         MB    restarts   redundant    glue  trail         remaining
c          level     rate       size/glu tier1  irredundant
c 
c *  0.01  0  0 0   0  0    0    0 0.0 0 0 2 6  0% 47273 11233 100%
c (  0.01  0  0 0   0  0    0    0 0.0 0 0 2 6  0% 47273 11233 100%
c .  0.01  0  0 0   0  0    0    0 0.0 0 0 2 6  0% 47273 11233 100%
c c  0.02  0  0 0   0  0    0    0 0.0 0 0 2 6  0% 46431 11233 100%
c d  0.03  0  0 0   0  0    0    0 0.0 0 0 2 6  0% 44917 10476 93%
c 2  0.03  0  0 0   0  0    0    0 0.0 0 0 2 6  0% 44853 10476 93%
c f  0.04  0  0 0   0  0    0    0 0.0 0 0 2 6  0% 44787 10542 94%
c e  0.06  0  0 0   0  0    0    0 0.0 0 0 2 6  0% 43321 7634 68%
c s  0.06  0  0 0   0  0    0    0 0.0 0 0 2 6  0% 43316 7634 68%
c s  0.06  0  0 0   0  0    0    0 0.0 0 0 2 6  0% 43316 7634 68%
c P  0.07  0  0 0   0  0    0    0 0.0 0 0 2 6  0% 43316 7634 68%
c )  0.07  0  0 0   0  0    0    0 0.0 0 0 2 6  0% 43316 7634 68%
c {  0.07  0  0 0   0  0    0    0 0.0 0 0 2 6  0% 43316 7634 68%
c -  0.07  0 707 1  16 49  301  241 1.5 4 3 2 6 15% 43316 7634 68%
c -  0.08  0 361 2 110 38  734  571 1.5 6 4 2 6 11% 43316 7634 68%
c }  0.08  0 281 2 178 33 1002  805 1.5 7 5 2 6 10% 43316 7634 68%
c [  0.08  0  0 2 178  0 1002  805 0.0 0 0 2 6  0% 43316 7634 68%
c O  0.08  0 527 2 178 528 1003  806 2.3 190 81 2 6 49% 43316 7634 68%
c ]  0.10  0 517 2 178 11 1052  855 2.3 183 80 2 6 48% 43316 7634 68%
c {  0.10  0 281 2 178 33 1052  855 1.5 7 5 2 6 10% 43316 7634 68%
c 
c  seconds   reduction conflicts       size   tier2      variables
c         MB     restarts   redundant     glue   trail        remaining
c           level     rate       size/glue  tier1  irredundant
c 
c -  0.14  0 226 3 262 30 1411  910 2.1 21 10 2 6 11% 43316 7634 68%
c }  0.17  0 204 3 328 29 1657 1131 2.2 26 12 2 6 12% 43316 7634 68%
c [  0.17  0 517 3 328 11 1657 1131 2.3 183 80 2 6 48% 43316 7634 68%
c 2  0.19  0 237 3 328  2 2186 1626 1.9 88 46 2 6 28% 43254 7634 68%
c p  0.20  0 237 3 328  2 2186 1628 1.9 88 46 2 6 28% 43254 7634 68%
c c  0.21  0 237 3 328  2 2186 1628 1.9 88 46 2 6 28% 43256 7634 68%
c d  0.21  0 237 3 328  2 2186 1627 1.9 88 46 2 6 28% 43252 7632 68%
c 2  0.21  0 237 3 328  2 2186 1627 1.9 88 46 2 6 28% 43250 7632 68%
c =  0.22  0 237 3 328  2 2186 1627 1.9 88 46 2 6 28% 43222 7522 67%
c t  0.23  0 237 3 328  2 2186 1627 1.9 88 46 2 6 28% 43202 7522 67%
c f  0.23  0 237 3 328  2 2186 1627 1.9 88 46 2 6 28% 43199 7525 67%
c ]  0.29  0 207 3 328  2 2351 1773 2.4 109 46 2 6 56% 43199 7525 67%
c {  0.29  0 204 3 328 29 2351 1773 2.2 26 12 2 6 18% 43199 7525 67%
c -  0.29  0 204 4 329 29 2351 1195 2.2 26 12 2 6 18% 43199 7525 67%
c O  0.36  0 171 4 482 26 3008 1783 2.2 36 16 2 6 20% 43199 7525 67%
c }  0.42  0 156 4 600 25 3506 2223 2.3 44 19 2 6 22% 43199 7525 67%
c [  0.42  0 207 4 600  2 3506 2223 2.4 109 46 2 6 56% 43199 7525 67%
c -  0.43  0 207 5 600  2 3563 1674 2.4 103 44 2 6 49% 43199 7525 67%
c s  0.58  0 178 5 601  2 4149 2228 2.6 122 47 2 6 52% 42776 7525 67%
c t  0.58  0 178 5 601  2 4149 2228 2.6 122 47 2 6 52% 42772 7525 67%
c 
c  seconds   reduction conflicts        size   tier2      variables
c         MB     restarts   redundant      glue   trail        remaining
c           level     rate       size/glue   tier1  irredundant
c 
c e  0.60  0 178 5 601  2 4149 1498 2.6 122 47 2 6 52% 42691 7064 63%
c ^  0.60  0 178 5 601  2 4149 1498 2.6 122 47 2 6 52% 42691 7064 63%
c ]  0.63  0 175 5 601  2 4235 1580 2.6 125 48 2 6 53% 42691 7064 63%
c {  0.63  0 156 5 601 25 4235 1580 2.3 44 19 2 6 22% 42691 7064 63%
c p  0.70  0 147 5 708 24 4686 2814 2.2 50 23 2 6 24% 42691 7064 63%
c =  0.74  0 147 5 708 24 4686 2814 2.2 50 23 2 6 24% 42617 6805 61%
c u  0.74  0 147 5 708 24 4686 2475 2.2 50 23 2 6 24% 42613 6805 61%
c v  0.74  0 147 5 708 24 4686 2368 2.2 50 23 2 6 24% 42613 6805 61%
c w  0.75  0 147 5 708 24 4686 2366 2.2 50 23 2 6 24% 42613 6805 61%
c x  0.75  0 147 5 708 24 4686 2365 2.2 50 23 2 6 24% 42083 6805 61%
c 2  0.76  0 147 5 708 24 4686 2355 2.2 50 23 2 6 24% 42063 6805 61%
c f  0.77  0 147 5 708 24 4686 2331 2.2 50 23 2 6 24% 42064 6816 61%
c -  0.90  0 144 6 797 22 5055 1135 2.3 65 29 1 2 29% 42064 6816 61%
c }  0.94  0 143 6 827 21 5177 1257 2.3 70 31 1 2 30% 42064 6816 61%
c [  0.94  0 175 6 827  2 5177 1257 2.6 125 48 2 6 52% 42064 6816 61%
c I  1.18  0 154 6 828  2 6010 2046 2.6 137 52 1 2 53% 42064 6816 61%
c ]  1.24  0 148 6 828  2 6245 2269 2.7 137 51 1 2 52% 42064 6816 61%
c {  1.24  0 143 6 828 21 6245 2269 2.3 70 31 1 2 30% 42064 6816 61%
c -  1.45  0 138 7 977 19 6832 1370 2.3 88 38 1 2 36% 42064 6816 61%
c }  1.61  0 136 7 1078 18 7238 1776 2.3 99 42 1 2 40% 42064 6816 61%
c 
c  seconds   reductions conflicts        size   tier2      variables
c         MB     restarts    redundant      glue   trail        remaining
c           level      rate       size/glue   tier1  irredundant
c 
c [  1.61  0 148 7 1078  2 7238 1776 2.7 137 51 1 2 52% 42064 6816 61%
c p  1.64  0 147 7 1078  2 7290 2672 2.7 138 52 1 2 53% 42064 6816 61%
c =  1.70  0 147 7 1078  2 7290 2672 2.7 138 52 1 2 53% 41983 6220 55%
c d  1.70  0 147 7 1078  2 7290 2671 2.7 138 52 1 2 53% 41982 6219 55%
c u  1.71  0 147 7 1078  2 7290 2585 2.7 138 52 1 2 53% 41881 6219 55%
c v  1.71  0 147 7 1078  2 7290 2522 2.7 138 52 1 2 53% 41881 6219 55%
c w  1.73  0 147 7 1078  2 7290 2386 2.7 138 52 1 2 53% 41881 6219 55%
c t  1.73  0 147 7 1078  2 7290 2383 2.7 138 52 1 2 53% 41881 6219 55%
c 2  1.73  0 147 7 1078  2 7290 2370 2.7 138 52 1 2 53% 41854 6219 55%
c f  1.75  0 147 7 1078  2 7290 2355 2.7 138 52 1 2 52% 41774 6266 56%
c ]  2.14  0 127 7 1078  2 8786 3762 2.7 151 57 1 2 66% 41774 6266 56%
c {  2.14  0 136 7 1078 18 8786 3762 2.3 99 42 1 2 48% 41774 6266 56%
c -  2.16  0 135 8 1093 18 8898 1546 2.3 99 42 1 2 48% 41774 6266 56%
c p  2.30  0 128 8 1145 15 9988 3349 2.4 101 41 1 2 46% 41774 6266 56%
c =  2.35  0 128 8 1145 15 9988 3348 2.4 101 41 1 2 46% 41770 6257 56%
c u  2.36  0 128 8 1145 15 9988 3249 2.4 101 41 1 2 46% 41770 6257 56%
c v  2.36  0 128 8 1145 15 9988 3147 2.4 101 41 1 2 46% 41770 6257 56%
c w  2.37  0 128 8 1145 15 9988 3121 2.4 101 41 1 2 46% 41770 6257 56%
c x  2.37  0 128 8 1145 15 9988 3121 2.4 101 41 1 2 46% 39888 6257 56%
c t  2.37  0 128 8 1145 15 9988 3121 2.4 101 41 1 2 46% 39887 6257 56%
c 
c  seconds   reductions conflicts        size   tier2      variables
c         MB     restarts    redundant      glue   trail        remaining
c           level      rate       size/glue   tier1  irredundant
c 
c 2  2.37  0 128 8 1145 15 9988 3114 2.4 101 41 1 2 46% 39887 6257 56%
c f  2.38  0 128 8 1145 15 9988 3100 2.4 101 41 1 2 46% 39895 6260 56%
c #  2.38  0 127 8 1145 15 10013 3124 2.4 100 41 1 2 46% 39895 6260 56%
c -  2.44  0 125 9 1160 13 11258 1916 2.5 95 38 1 2 43% 39895 6260 56%
c -  2.51  0 120 10 1161 10 13910 2349 2.6 83 32 1 2 40% 39895 6260 56%
c t  2.52  0 119 10 1161  9 14532 2921 2.6 81 31 1 2 40% 39895 6260 56%
c e  2.54  0 119 10 1161  9 14532 2223 2.6 81 31 1 2 40% 35896 5570 50%
c ^  2.54  0 119 10 1161  9 14532 2223 2.6 81 31 1 2 40% 35896 5570 50%
c B  2.55  0 120 10 1162  9 15014 2671 2.6 79 30 1 2 17% 35896 5570 50%
c f  2.56  0 119 10 1162  9 15637 3202 2.6 75 29 1 2 15% 35876 5573 50%
c -  2.59  0 118 11 1165  8 16859 2510 2.6 72 28 1 2 26% 35876 5573 50%
c -  2.66  0 118 12 1173  7 20107 3088 2.6 66 25 1 2 29% 35943 5573 50%
c W  2.74  0 117 12 1204  6 21017 3915 2.6 66 25 1 2 29% 35943 5573 50%
c -  2.81  0 116 13 1215  6 23653 3718 2.6 63 24 1 2 30% 35943 5573 50%
c u  2.83  0 116 13 1217  6 24665 4017 2.6 62 24 1 2 31% 35939 5573 50%
c v  2.83  0 116 13 1217  6 24665 3767 2.6 62 24 1 2 31% 35939 5573 50%
c w  2.83  0 116 13 1217  6 24665 3766 2.6 62 24 1 2 31% 35939 5573 50%
c -  2.88  0 113 14 1219  5 27497 3450 2.6 60 23 1 2 33% 35939 5573 50%
c F  2.90  0 113 14 1226  5 28018 3930 2.6 59 22 1 2 33% 35939 5573 50%
c e  2.95  0 113 14 1227  5 30661 5721 2.6 57 22 1 2 32% 36051 5447 48%
c 
c  seconds   reductions   conflicts       size   tier2      variables
c         MB      restarts     redundant     glue   trail        remaining
c           level       rate        size/glue  tier1  irredundant
c 
c ^  2.95  0 113 14 1227  5 30661 5721 2.6 57 22 1 2 32% 36051 5447 48%
c }  2.96  0 113 14 1230  4 31136 6164 2.6 57 22 1 2 32% 36051 5447 48%
c [  2.96  0 127 14 1230  2 31136 6164 2.7 151 57 1 2 74% 36051 5447 48%
c -  2.98  0 127 15 1231  2 31642 3769 2.6 142 54 1 2 61% 36051 5447 48%
c 2  2.98  0 127 15 1231  2 31642 3768 2.6 142 54 1 2 61% 36051 5447 48%
c t  3.00  0 127 15 1231  2 31642 3768 2.6 142 54 1 2 61% 36051 5447 48%
c B  3.55  0 111 15 1234  1 36019 8011 3.0 147 49 1 2 52% 36051 5447 48%
c -  3.57  0 111 16 1234  1 36089 4323 3.0 147 49 1 2 52% 36051 5447 48%
c p  3.57  0 111 16 1234  1 36089 4768 3.0 147 49 1 2 52% 36051 5447 48%
c u  3.58  0 111 16 1234  1 36089 4230 3.0 147 49 1 2 52% 36051 5447 48%
c v  3.58  0 111 16 1234  1 36089 3951 3.0 147 49 1 2 52% 36051 5447 48%
c w  3.58  0 111 16 1234  1 36089 3951 3.0 147 49 1 2 52% 36051 5447 48%
c f  3.59  0 111 16 1234  1 36089 3951 3.0 147 49 1 2 52% 36041 5449 49%
c ]  3.59  0 111 16 1234  1 36126 3984 3.0 148 49 1 2 52% 36041 5449 49%
c {  3.59  0 113 16 1234  4 36126 3984 2.6 57 22 1 2 32% 36041 5449 49%
c -  3.83  0 111 17 1689  5 40838 5292 2.6 57 22 2 4 30% 36041 5449 49%
c p  3.83  0 111 17 1689  5 40838 5469 2.6 57 22 2 4 30% 36041 5449 49%
c B  3.99  0 110 17 1955  6 45020 9356 2.6 57 22 2 4 29% 36041 5449 49%
c -  4.05  0 109 18 2069  6 45892 6804 2.6 57 22 2 4 29% 36041 5449 49%
c p  4.05  0 109 18 2069  6 45892 7040 2.6 57 22 2 4 29% 36041 5449 49%
c 
c  seconds   reductions   conflicts       size   tier2      variables
c         MB      restarts     redundant     glue   trail        remaining
c           level       rate        size/glue  tier1  irredundant
c 
c u  4.07  0 109 18 2069  6 45892 6428 2.6 57 22 2 4 29% 36041 5449 49%
c v  4.08  0 109 18 2069  6 45892 6224 2.6 57 22 2 4 29% 36041 5449 49%
c w  4.08  0 109 18 2069  6 45892 6201 2.6 57 22 2 4 29% 36041 5449 49%
c x  4.08  0 109 18 2069  6 45892 6201 2.6 57 22 2 4 29% 35702 5449 49%
c }  4.18  0 107 18 2171  6 50000 10007 2.6 56 21 2 4 28% 35702 5449 49%
c ?  4.18  0 107 18 2171  6 50000 10007 2.6 56 21 2 4 28% 35702 5449 49%
c 
c --- [ result ] -------------------------------------------------------------
c 
c UNKNOWN
c 
c --- [ run-time profiling ] -------------------------------------------------
c 
c process time taken by individual solving procedures
c (percentage relative to process time for solving)
c 
c         3.61   86.49% search
c         1.97   47.15% unstable
c         1.59   38.13% stable
c         0.56   13.45% simplify
c         0.18    4.22% sweep
c         0.10    2.42% factor
c         0.09    2.14% vivify
c         0.07    1.62% congruence
c         0.05    1.31% preprocess
c         0.05    1.20% elim
c         0.05    1.10% walk
c         0.02    0.38% fastelim
c         0.01    0.36% subsume
c         0.01    0.19% probe
c         0.01    0.18% parse
c         0.01    0.13% backbone
c         0.01    0.13% ternary
c         0.00    0.10% lucky
c   =================================
c         4.17   99.81% solve
c 
c last line shows process time for solving
c (percentage relative to total process time)
c 
c --- [ statistics ] ---------------------------------------------------------
c 
c chronological:             12352        24.70 %  of conflicts
c conflicts:                 50000     11979.23    per second
c backbone:                 357533      3144.81 %  of vars
c decisions:                245063     58713.33    per second
c eliminated:                 4185        36.81 %  of all variables
c factored:                    135         2.42 %  of variables
c fixed:                         1         0.01 %  of all variables
c learned:                   47565        95.13 %  per conflict
c learned_lits:            5459783       100.00 %  learned literals
c minimized:                     0         0.00 %  learned literals
c shrunken:                 404932         7.42 %  learned literals
c minishrunken:            1555707        28.49 %  learned literals
c otfs:                       1185         2.37 %  of conflict
c propagations:           35533281         8.51 M  per second
c reduced:                   31517        63.03 %  per conflict
c rephased:                      9      5555.56    interval
c restarts:                   2171        23.03    interval
c stabilizing:                   6        18.03 %  of conflicts
c substituted:                1734        15.25 %  of all variables
c sweep equivs:                974        42.48 %  of swept variables
c subsumed:                  10130         7.62 %  of all clauses
c strengthened:               3683         2.77 %  of all clauses
c ticks:                 248285196         7.17    propagation
c vivified:                   5383         4.05 %  of all clauses
c walked:                        1     50000.00    interval
c weakened:                  31953         2.91    average size
c congruence:                    6      8333.33    interval
c 
c seconds are measured in process time for solving
c 
c --- [ glue usage ] ---------------------------------------------------------
c 
c focused glue 1 used 141130 clauses 53.99% accumulated 53.99% tier1
c focused glue 2 used 43453 clauses 16.62% accumulated 70.61% tier2
c 
c stable glue 1 used 67587 clauses 59.26% accumulated 59.26% tier1
c stable glue 2 used 19292 clauses 16.91% accumulated 76.17% tier2
c 
c 
c --- [ resources ] ----------------------------------------------------------
c 
c total process time since initialization:         4.18    seconds
c total real time since initialization:            4.20    seconds
c maximum resident set size of process:        49888.00    MB
c 
c --- [ shutting down ] ------------------------------------------------------
c 
c exit 0
