c --- [ banner ] -------------------------------------------------------------
c 
c CaDiCaL SAT Solver
c Copyright (c) 2016-2025
c A. Biere, M. Fleury, N. Froleyks, K. Fazekas, F. Pollitt, T. Faller
c JKU Linz, University of Freiburg, TU Wien
c 
c Version 3.0.0
c Apple clang version 17.0.0 (clang-1700.6.3.2) -Wall -Wextra -O3 -DNDEBUG -DNCLOSEFROM
c Tue Dec 23 21:53:38 UTC 2025 Darwin Tahoe-arm64.local 25.2.0 arm64
c 
c --- [ limit ] --------------------------------------------------------------
c 
c setting conflict limit to 50000 conflicts (due to '50000')
c 
c --- [ parsing input ] ------------------------------------------------------
c 
c reading DIMACS file from 'headline_hunt/bets/cascade_aux_encoding/cnfs/aux_force_sr61_n32_bit25_m09990bd2_fill80000000.cnf'
c opening file to read 'headline_hunt/bets/cascade_aux_encoding/cnfs/aux_force_sr61_n32_bit25_m09990bd2_fill80000000.cnf'
c found 'p cnf 12866 53866' header
c parsed 53866 clauses in 0.01 seconds process time
c 
c --- [ options ] ------------------------------------------------------------
c 
c   --seed=5                       (different from default '0')
c 
c --- [ solving ] ------------------------------------------------------------
c 
c time measured in process time since initialization
c 
c  seconds  reduction conflicts       size tier2       variables
c         MB    restarts   redundant    glue  trail         remaining
c          level     rate       size/glu tier1  irredundant
c 
c *  0.01  0  0 0   0  0    0    0 0.0 0 0 2 6  0% 53353 12385 96%
c (  0.01  0  0 0   0  0    0    0 0.0 0 0 2 6  0% 53353 12385 96%
c .  0.01  0  0 0   0  0    0    0 0.0 0 0 2 6  0% 52329 12385 96%
c c  0.03  0  0 0   0  0    0    0 0.0 0 0 2 6  0% 49588 11916 93%
c d  0.03  0  0 0   0  0    0    0 0.0 0 0 2 6  0% 45500 10562 82%
c 2  0.03  0  0 0   0  0    0    0 0.0 0 0 2 6  0% 45346 10562 82%
c f  0.05  0  0 0   0  0    0    0 0.0 0 0 2 6  0% 45078 10830 84%
c e  0.06  0  0 0   0  0    0    0 0.0 0 0 2 6  0% 37231 6852 53%
c s  0.06  0  0 0   0  0    0    0 0.0 0 0 2 6  0% 37229 6852 53%
c s  0.06  0  0 0   0  0    0    0 0.0 0 0 2 6  0% 37225 6852 53%
c s  0.07  0  0 0   0  0    0    0 0.0 0 0 2 6  0% 37225 6852 53%
c P  0.07  0  0 0   0  0    0    0 0.0 0 0 2 6  0% 37225 6852 53%
c )  0.07  0  0 0   0  0    0    0 0.0 0 0 2 6  0% 37225 6852 53%
c {  0.07  0  0 0   0  0    0    0 0.0 0 0 2 6  0% 37225 6852 53%
c -  0.08  0 1034 1   8 42  300  236 1.5 4 3 2 6 19% 37225 6852 53%
c -  0.08  0 490 2  37 33  733  577 1.6 4 3 2 6 15% 37225 6852 53%
c }  0.08  0 383 2  82 29 1001  803 1.6 5 3 2 6 14% 37225 6852 53%
c [  0.08  0  0 2  82  0 1001  803 0.0 0 0 2 6  0% 37225 6852 53%
c O  0.08  0 511 2  82 512 1002  804 2.7 8 3 2 6 25% 37225 6852 53%
c -  0.09  0 498 3  82  3 1410  938 1.9 22 11 2 6 24% 37225 6852 53%
c 
c  seconds   reduction conflicts       size   tier2      variables
c         MB     restarts   redundant     glue   trail        remaining
c           level     rate       size/glue  tier1  irredundant
c 
c ]  0.09  0 495 3  82  2 1959 1407 1.8 26 14 2 6 24% 37225 6852 53%
c {  0.09  0 383 3  82 29 1959 1407 1.6 5 3 2 6 14% 37225 6852 53%
c 2  0.10  0 316 3  94 24 2235 1626 1.6 5 3 2 6  8% 37163 6852 53%
c c  0.11  0 316 3  94 24 2235 1575 1.6 5 3 2 6  8% 37071 6830 53%
c d  0.11  0 316 3  94 24 2235 1544 1.6 5 3 2 6  8% 37037 6813 53%
c 2  0.11  0 316 3  94 24 2235 1544 1.6 5 3 2 6  8% 37035 6813 53%
c -  0.12  0 300 4 106 24 2349 1251 1.6 5 3 2 6 10% 37035 6813 53%
c O  0.13  0 233 4 252 22 3003 1838 1.7 6 3 2 6 12% 37035 6813 53%
c -  0.14  0 193 5 369 20 3560 1969 1.7 7 4 2 6 11% 37035 6813 53%
c }  0.14  0 179 5 411 19 3815 2194 1.7 7 4 2 6 10% 37035 6813 53%
c [  0.14  0 495 5 411  2 3815 2194 1.8 26 14 2 6 46% 37035 6813 53%
c s  0.15  0 383 5 412  2 4214 2538 2.0 28 14 2 6 42% 37022 6813 53%
c t  0.15  0 383 5 412  2 4214 2537 2.0 28 14 2 6 42% 37019 6813 53%
c e  0.17  0 383 5 412  2 4214 1911 2.0 28 14 2 6 42% 36894 6321 49%
c s  0.17  0 383 5 412  2 4214 1890 2.0 28 14 2 6 42% 36759 6321 49%
c =  0.20  0 318 5 412  2 4735 2328 2.3 30 13 2 6 41% 36685 6266 49%
c -  0.21  0 298 6 412  2 5052 2043 2.1 31 15 4 12 37% 36685 6266 49%
c ]  0.23  0 254 6 413  2 5687 2623 2.3 37 16 3 10 36% 36685 6266 49%
c {  0.23  0 179 6 413 19 5687 2623 1.7 7 4 2 6 10% 36685 6266 49%
c #  0.23  0 166 6 468 18 6010 2906 1.7 7 4 2 6 10% 36685 6266 49%
c 
c  seconds   reduction conflicts       size tier2      variables
c         MB     restarts   redundant    glue  trail        remaining
c           level     rate       size/glu tier1  irredundant
c 
c -  0.24  0 143 7 601 17 6829 2508 1.7 7 4 2 3 10% 36685 6266 49%
c =  0.26  0 132 7 712 17 7338 2957 1.8 8 4 2 3 10% 36633 6205 48%
c t  0.26  0 132 7 712 17 7338 2955 1.8 8 4 2 3 10% 36633 6205 48%
c 2  0.26  0 132 7 712 17 7338 2955 1.8 8 4 2 3 10% 36631 6205 48%
c f  0.26  0 132 7 712 17 7338 2955 1.8 8 4 2 3  9% 36359 6476 50%
c -  0.29  0 113 8 994 15 8895 3372 1.8 9 5 2 3  9% 36359 6476 50%
c }  0.29  0 110 8 1057 15 9235 3668 1.8 9 5 2 3  9% 36359 6476 50%
c [  0.29  0 254 8 1057  2 9235 3668 2.3 37 16 3 10 35% 36359 6476 50%
c I  0.30  0 221 8 1057  2 10011 4360 2.4 34 14 3 10 33% 36359 6476 50%
c c  0.31  0 221 8 1057  2 10035 4361 2.4 34 14 3 10 33% 36329 6473 50%
c d  0.32  0 221 8 1057  2 10035 4349 2.4 34 14 3 10 33% 36317 6467 50%
c 2  0.32  0 221 8 1057  2 10035 4349 2.4 34 14 3 10 33% 36315 6467 50%
c =  0.32  0 221 8 1057  2 10035 4349 2.4 34 14 3 10 33% 36314 6399 50%
c -  0.35  0 188 9 1058  2 11253 4012 2.5 35 14 3 10 33% 36314 6399 50%
c ]  0.38  0 180 9 1058  2 11791 4549 2.7 38 14 3 10 33% 36314 6399 50%
c {  0.38  0 110 9 1058 15 11791 4549 1.8 9 5 2 3 11% 36314 6399 50%
c d  0.40  0 103 9 1182 14 12821 5427 1.8 9 5 2 3 11% 36314 6397 50%
c c  0.41  0 103 9 1182 14 12821 5427 1.8 9 5 2 3 11% 36303 6397 50%
c =  0.42  0 103 9 1182 14 12821 5414 1.8 9 5 2 3 11% 36233 6345 49%
c f  0.42  0 103 9 1182 14 12821 5414 1.8 9 5 2 3 11% 36189 6388 50%
c 
c  seconds  reductions   conflicts       size tier2      variables
c         MB     restarts     redundant    glue  trail        remaining
c          level       rate        size/glu tier1  irredundant
c 
c -  0.44  0 97 10 1369 14 13905 3867 1.8 9 5 1 2 11% 36189 6388 50%
c e  0.46  0 94 10 1492 14 14374 3756 1.8 9 5 1 2 11% 36172 6079 47%
c s  0.46  0 94 10 1492 14 14374 3701 1.8 9 5 1 2 11% 35885 6079 47%
c B  0.48  0 92 10 1560 14 15012 4239 1.8 9 5 1 2 11% 35877 6079 47%
c 2  0.49  0 90 10 1688 14 15688 4831 1.8 10 5 1 2 11% 35877 6079 47%
c d  0.49  0 90 10 1688 14 15688 4695 1.8 10 5 1 2 11% 35877 6053 47%
c c  0.50  0 90 10 1688 14 15688 4695 1.8 10 5 1 2 11% 35827 6053 47%
c d  0.50  0 90 10 1688 14 15688 4654 1.8 10 5 1 2 11% 35801 6040 47%
c =  0.51  0 90 10 1688 14 15688 4654 1.8 10 5 1 2 11% 35745 5951 46%
c u  0.51  0 90 10 1688 14 15688 3888 1.8 10 5 1 2 11% 35722 5951 46%
c v  0.51  0 90 10 1688 14 15688 3766 1.8 10 5 1 2 11% 35722 5951 46%
c w  0.51  0 90 10 1688 14 15688 3766 1.8 10 5 1 2 11% 35722 5951 46%
c x  0.51  0 90 10 1688 14 15688 3763 1.8 10 5 1 2 11% 35665 5951 46%
c -  0.53  0 88 11 1818 13 16853 3101 1.8 10 5 1 2 11% 35665 5951 46%
c }  0.55  0 85 11 2035 13 18033 4158 1.8 10 5 1 2 11% 35665 5951 46%
c [  0.55  0 180 11 2035  2 18033 4158 2.7 38 14 3 10 32% 35665 5951 46%
c d  0.56  0 175 11 2036  2 18628 4641 2.7 37 14 3 10 30% 35665 5937 46%
c c  0.57  0 175 11 2036  2 18628 4641 2.7 37 14 3 10 30% 35601 5937 46%
c =  0.57  0 175 11 2036  2 18628 4621 2.7 37 14 3 10 30% 35581 5890 46%
c f  0.58  0 175 11 2036  2 18628 4619 2.7 37 14 3 10 30% 35538 5929 46%
c 
c  seconds   reductions   conflicts       size   tier2       variables
c         MB      restarts     redundant     glue    trail        remaining
c           level       rate        size/glue  tier1   irredundant
c 
c -  0.66  0 161 12 2037  2 20099 3826 2.6 46 18 3 10 31% 35538 5929 46%
c B  0.69  0 154 12 2037  2 21013 4663 2.6 47 18 3 10 32% 35538 5929 46%
c ]  0.69  0 155 12 2037  2 21434 5068 2.5 47 19 1 2 31% 35538 5929 46%
c {  0.69  0 85 12 2037 13 21434 5068 1.8 10 5 1 2 11% 35538 5929 46%
c p  0.70  0 84 12 2058 13 21638 5296 1.8 10 5 1 2 11% 35538 5928 46%
c c  0.71  0 84 12 2058 13 21638 5296 1.8 10 5 1 2 11% 35524 5928 46%
c d  0.71  0 84 12 2058 13 21638 5295 1.8 10 5 1 2 11% 35520 5926 46%
c 2  0.71  0 84 12 2058 13 21638 5295 1.8 10 5 1 2 11% 35518 5926 46%
c =  0.72  0 84 12 2058 13 21638 5295 1.8 10 5 1 2 11% 35509 5860 46%
c t  0.72  0 84 12 2058 13 21638 5295 1.8 10 5 1 2 11% 35508 5860 46%
c f  0.72  0 84 12 2058 13 21638 5286 1.8 10 5 1 2 11% 35504 5872 46%
c -  0.76  0 82 13 2316 12 23644 4543 1.8 10 6 1 2 11% 35504 5872 46%
c d  0.77  0 81 13 2491 12 24715 5515 1.8 10 6 1 2 11% 35500 5867 46%
c c  0.78  0 81 13 2491 12 24715 5515 1.8 10 6 1 2 11% 35494 5867 46%
c d  0.78  0 81 13 2491 12 24715 5510 1.8 10 6 1 2 11% 35492 5866 46%
c 2  0.78  0 81 13 2491 12 24715 5510 1.8 10 6 1 2 11% 35490 5866 46%
c =  0.79  0 81 13 2491 12 24715 5510 1.8 10 6 1 2 11% 35490 5862 46%
c -  0.84  0 78 14 3023 13 27490 5459 1.8 11 6 1 2 11% 35490 5862 46%
c 2  0.85  0 77 14 3102 13 27855 5796 1.8 11 6 1 2 11% 35490 5862 46%
c d  0.85  0 77 14 3102 13 27855 5775 1.8 11 6 1 2 11% 35490 5860 46%
c 
c  seconds  reductions   conflicts       size  tier2      variables
c         MB     restarts     redundant     glue  trail        remaining
c          level       rate        size/glue tier1  irredundant
c 
c c  0.86  0 77 14 3102 13 27855 5775 1.8 11 6 1 2 11% 35478 5860 46%
c d  0.86  0 77 14 3102 13 27855 5763 1.8 11 6 1 2 11% 35474 5858 46%
c 2  0.86  0 77 14 3102 13 27855 5762 1.8 11 6 1 2 11% 35474 5858 46%
c u  0.88  0 77 14 3102 13 27855 4682 1.8 11 6 1 2 11% 34883 5858 46%
c v  0.88  0 77 14 3102 13 27855 4582 1.8 11 6 1 2 11% 34883 5858 46%
c w  0.88  0 77 14 3102 13 27855 4572 1.8 11 6 1 2 11% 34883 5858 46%
c t  0.88  0 77 14 3102 13 27855 4571 1.8 11 6 1 2 11% 34883 5858 46%
c f  0.89  0 77 14 3102 13 27855 4560 1.8 11 6 1 2 11% 34861 5881 46%
c W  0.90  0 77 14 3126 13 28019 4710 1.8 11 6 1 2 11% 34861 5881 46%
c t  0.93  0 76 14 3348 12 29741 6225 1.8 11 6 1 2 12% 34859 5881 46%
c e  0.94  0 76 14 3348 12 29741 5989 1.8 11 6 1 2 12% 30970 5451 42%
c s  0.94  0 76 14 3348 12 29741 5978 1.8 11 6 1 2 12% 30906 5451 42%
c }  0.95  0 76 14 3351 12 29753 5989 1.8 11 6 1 2 10% 30903 5451 42%
c [  0.95  0 155 14 3351  2 29753 5989 2.5 47 19 1 2 37% 30903 5451 42%
c -  0.98  0 143 15 3352  2 31635 4981 2.5 45 18 1 2 38% 30903 5451 42%
c 2  0.98  0 143 15 3352  2 31635 4976 2.5 45 18 1 2 38% 30903 5451 42%
c d  0.98  0 143 15 3352  2 31635 4944 2.5 45 18 1 2 38% 30896 5446 42%
c c  0.99  0 143 15 3352  2 31635 4943 2.5 45 18 1 2 38% 30890 5446 42%
c d  0.99  0 143 15 3352  2 31635 4942 2.5 45 18 1 2 38% 30888 5445 42%
c 2  0.99  0 143 15 3352  2 31635 4942 2.5 45 18 1 2 38% 30886 5445 42%
c 
c  seconds   reductions   conflicts       size   tier2      variables
c         MB      restarts     redundant     glue   trail        remaining
c           level       rate        size/glue  tier1  irredundant
c 
c W  1.08  0 132 15 3354  2 36021 9098 2.5 44 18 1 2 33% 30886 5445 42%
c -  1.09  0 132 16 3354  2 36082 5531 2.5 44 18 1 2 33% 30886 5445 42%
c f  1.11  0 132 16 3354  2 36082 5530 2.5 44 18 1 2 33% 30827 5493 43%
c ]  1.20  0 128 16 3357  2 39897 9091 2.6 48 18 1 2 33% 30827 5493 43%
c {  1.20  0 76 16 3357 12 39897 9091 1.8 11 6 1 2 10% 30827 5493 43%
c -  1.21  0 75 17 3496 12 40834 6068 1.8 11 6 1 2 14% 30827 5493 43%
c 2  1.21  0 75 17 3496 12 40834 6067 1.8 11 6 1 2 14% 30827 5493 43%
c d  1.22  0 75 17 3496 12 40834 6031 1.8 11 6 1 2 14% 30827 5490 43%
c p  1.22  0 75 17 3496 12 40834 6035 1.8 11 6 1 2 14% 30827 5490 43%
c f  1.22  0 75 17 3496 12 40834 6030 1.8 11 6 1 2 14% 30789 5523 43%
c F  1.30  0 72 17 4241 12 45022 9855 1.8 11 6 1 2 14% 30789 5523 43%
c -  1.31  0 72 18 4325 12 45886 7069 1.8 11 6 1 2 14% 30789 5523 43%
c p  1.31  0 72 18 4325 12 45886 7196 1.8 11 6 1 2 14% 30789 5523 43%
c u  1.33  0 72 18 4325 12 45886 6495 1.8 11 6 1 2 14% 30699 5523 43%
c v  1.33  0 72 18 4325 12 45886 6327 1.8 11 6 1 2 14% 30699 5523 43%
c w  1.33  0 72 18 4325 12 45886 6327 1.8 11 6 1 2 14% 30699 5523 43%
c f  1.33  0 72 18 4325 12 45886 6322 1.8 11 6 1 2 14% 30701 5525 43%
c e  1.41  0 70 18 4998 12 49771 9758 1.8 12 6 1 2 14% 30689 5507 43%
c s  1.41  0 70 18 4998 12 49771 9756 1.8 12 6 1 2 14% 30680 5507 43%
c }  1.42  0 70 18 5021 12 50000 9957 1.8 12 6 1 2 14% 30680 5507 43%
c 
c  seconds  reductions   conflicts       size  tier2      variables
c         MB     restarts     redundant     glue  trail        remaining
c          level       rate        size/glue tier1  irredundant
c 
c ?  1.42  0 70 18 5021 12 50000 9957 1.8 12 6 1 2 14% 30680 5507 43%
c 
c --- [ result ] -------------------------------------------------------------
c 
c UNKNOWN
c 
c --- [ run-time profiling ] -------------------------------------------------
c 
c process time taken by individual solving procedures
c (percentage relative to process time for solving)
c 
c         0.98   69.65% search
c         0.50   35.83% unstable
c         0.45   32.18% stable
c         0.42   30.17% simplify
c         0.13    9.07% congruence
c         0.07    5.13% sweep
c         0.07    4.75% factor
c         0.06    4.31% preprocess
c         0.04    3.09% elim
c         0.03    1.80% vivify
c         0.02    1.46% walk
c         0.02    1.24% fastelim
c         0.02    1.14% subsume
c         0.01    0.62% parse
c         0.00    0.35% backbone
c         0.00    0.17% lucky
c         0.00    0.15% probe
c         0.00    0.11% ternary
c   =================================
c         1.41   99.37% solve
c 
c last line shows process time for solving
c (percentage relative to total process time)
c 
c --- [ statistics ] ---------------------------------------------------------
c 
c chronological:             18830        37.66 %  of conflicts
c conflicts:                 50000     35503.82    per second
c backbone:                 337082      2477.63 %  of vars
c decisions:                390891    277562.51    per second
c eliminated:                 5227        38.42 %  of all variables
c factored:                    739        13.35 %  of variables
c fixed:                       950         6.98 %  of all variables
c learned:                   46183        92.37 %  per conflict
c learned_lits:            1374152       100.00 %  learned literals
c minimized:                     0         0.00 %  learned literals
c shrunken:                  62056         4.52 %  learned literals
c minishrunken:             132646         9.65 %  learned literals
c otfs:                       2573         5.15 %  of conflict
c propagations:            9097513         6.46 M  per second
c reduced:                   30027        60.05 %  per conflict
c rephased:                      9      5555.56    interval
c restarts:                   5021         9.96    interval
c stabilizing:                   5        36.86 %  of conflicts
c substituted:                1921        14.12 %  of all variables
c sweep equivs:                430        56.95 %  of swept variables
c subsumed:                   8049         5.74 %  of all clauses
c strengthened:               4603         3.28 %  of all clauses
c ticks:                  74773231         8.42    propagation
c vivified:                   2551         1.82 %  of all clauses
c walked:                        2     25000.00    interval
c weakened:                  35500         2.91    average size
c congruence:                   13      3846.15    interval
c 
c seconds are measured in process time for solving
c 
c --- [ glue usage ] ---------------------------------------------------------
c 
c focused glue 1 used 76216 clauses 67.73% accumulated 67.73% tier1
c focused glue 2 used 19952 clauses 17.73% accumulated 85.46% tier2
c 
c stable glue 1 used 86823 clauses 57.30% accumulated 57.30% tier1
c stable glue 2 used 25964 clauses 17.13% accumulated 74.44% tier2
c 
c 
c --- [ resources ] ----------------------------------------------------------
c 
c total process time since initialization:         1.42    seconds
c total real time since initialization:            1.43    seconds
c maximum resident set size of process:        38208.00    MB
c 
c --- [ shutting down ] ------------------------------------------------------
c 
c exit 0
