c --- [ banner ] -------------------------------------------------------------
c 
c CaDiCaL SAT Solver
c Copyright (c) 2016-2025
c A. Biere, M. Fleury, N. Froleyks, K. Fazekas, F. Pollitt, T. Faller
c JKU Linz, University of Freiburg, TU Wien
c 
c Version 3.0.0
c Apple clang version 17.0.0 (clang-1700.6.3.2) -Wall -Wextra -O3 -DNDEBUG -DNCLOSEFROM
c Tue Dec 23 21:53:38 UTC 2025 Darwin Tahoe-arm64.local 25.2.0 arm64
c 
c --- [ limit ] --------------------------------------------------------------
c 
c setting conflict limit to 50000 conflicts (due to '50000')
c 
c --- [ parsing input ] ------------------------------------------------------
c 
c reading DIMACS file from 'cnfs_n32/sr61_cascade_m17149975_fffffffff_bit31.cnf'
c opening file to read 'cnfs_n32/sr61_cascade_m17149975_fffffffff_bit31.cnf'
c found 'p cnf 11256 47663' header
c parsed 47663 clauses in 0.01 seconds process time
c 
c --- [ options ] ------------------------------------------------------------
c 
c   --seed=5                       (different from default '0')
c 
c --- [ solving ] ------------------------------------------------------------
c 
c time measured in process time since initialization
c 
c  seconds  reduction conflicts       size tier2       variables
c         MB    restarts   redundant    glue  trail         remaining
c          level     rate       size/glu tier1  irredundant
c 
c *  0.01  0  0 0   0  0    0    0 0.0 0 0 2 6  0% 47598 11255 100%
c (  0.01  0  0 0   0  0    0    0 0.0 0 0 2 6  0% 47598 11255 100%
c .  0.01  0  0 0   0  0    0    0 0.0 0 0 2 6  0% 47598 11255 100%
c c  0.02  0  0 0   0  0    0    0 0.0 0 0 2 6  0% 46218 11255 100%
c d  0.03  0  0 0   0  0    0    0 0.0 0 0 2 6  0% 43886 10090 90%
c 2  0.03  0  0 0   0  0    0    0 0.0 0 0 2 6  0% 43734 10090 90%
c f  0.04  0  0 0   0  0    0    0 0.0 0 0 2 6  0% 43468 10356 92%
c e  0.05  0  0 0   0  0    0    0 0.0 0 0 2 6  0% 41922 7617 68%
c s  0.05  0  0 0   0  0    0    0 0.0 0 0 2 6  0% 41918 7617 68%
c s  0.06  0  0 0   0  0    0    0 0.0 0 0 2 6  0% 41914 7617 68%
c P  0.06  0  0 0   0  0    0    0 0.0 0 0 2 6  0% 41914 7617 68%
c )  0.06  0  0 0   0  0    0    0 0.0 0 0 2 6  0% 41914 7617 68%
c {  0.06  0  0 0   0  0    0    0 0.0 0 0 2 6  0% 41914 7617 68%
c -  0.07  0 408 1  22 41  301  211 1.5 5 3 2 6  7% 41914 7617 68%
c -  0.07  0 209 2  33 21  738  540 1.7 5 3 2 6  5% 41914 7617 68%
c }  0.07  0 193 2  55 21 1001  755 1.7 5 3 2 6  5% 41914 7617 68%
c [  0.07  0  0 2  55  0 1001  755 0.0 0 0 2 6  0% 41914 7617 68%
c O  0.07  0 507 2  55 508 1002  756 1.9 19 10 2 6 20% 41914 7617 68%
c -  0.08  0 496 3  55  3 1418  868 2.0 34 17 2 6 21% 41914 7617 68%
c ]  0.08  0 495 3  55  2 1532  957 2.0 31 16 2 6 21% 41914 7617 68%
c 
c  seconds   reduction conflicts       size tier2      variables
c         MB     restarts   redundant    glue  trail        remaining
c           level     rate       size/glu tier1  irredundant
c 
c {  0.08  0 193 3  55 21 1532  957 1.7 5 3 2 6  5% 41914 7617 68%
c 2  0.09  0 159 3 148 21 2188 1486 1.6 5 3 2 6 13% 41852 7617 68%
c c  0.10  0 159 3 148 21 2188 1447 1.6 5 3 2 6 13% 41730 7538 67%
c d  0.10  0 159 3 148 21 2188 1436 1.6 5 3 2 6 13% 41722 7534 67%
c 2  0.10  0 159 3 148 21 2188 1436 1.6 5 3 2 6 13% 41720 7534 67%
c t  0.10  0 159 3 148 21 2188 1436 1.6 5 3 2 6 13% 41719 7534 67%
c -  0.11  0 153 4 190 22 2363 1316 1.6 5 3 2 6 11% 41719 7534 67%
c }  0.12  0 149 4 317 25 2952 1823 1.5 6 4 2 6 13% 41719 7534 67%
c [  0.12  0 495 4 317  2 2952 1823 2.0 31 16 2 6 32% 41719 7534 67%
c I  0.12  0 460 4 317  3 3005 1872 2.0 29 15 2 6 30% 41719 7534 67%
c -  0.13  0 269 5 318  2 3578 1910 2.6 36 14 2 6 34% 41719 7534 67%
c s  0.15  0 218 5 318  2 4161 2444 2.7 36 13 2 6 28% 41710 7534 67%
c t  0.15  0 218 5 318  2 4161 2444 2.7 36 13 2 6 28% 41708 7534 67%
c e  0.17  0 218 5 318  2 4161 1960 2.7 36 13 2 6 28% 41616 7052 63%
c s  0.17  0 218 5 318  2 4161 1922 2.7 36 13 2 6 28% 41468 7052 63%
c ]  0.18  0 213 5 318  2 4294 2042 2.7 36 13 2 6 29% 41467 7052 63%
c {  0.18  0 149 5 318 25 4294 2042 1.5 6 4 2 6 13% 41467 7052 63%
c c  0.19  0 144 5 389 25 4691 2347 1.6 6 4 2 6 13% 41401 7017 62%
c d  0.20  0 144 5 389 25 4691 2339 1.6 6 4 2 6 13% 41379 7006 62%
c 2  0.20  0 144 5 389 25 4691 2339 1.6 6 4 2 6 13% 41377 7006 62%
c 
c  seconds   reduction conflicts       size tier2      variables
c         MB     restarts   redundant    glue  trail        remaining
c           level     rate       size/glu tier1  irredundant
c 
c =  0.20  0 144 5 389 25 4691 2333 1.6 6 4 2 6 13% 41375 6940 62%
c -  0.21  0 133 6 394 22 5073 1996 1.6 6 4 2 3 11% 41374 6940 62%
c O  0.22  0 123 6 499 21 6006 2786 1.6 6 4 2 3 10% 41373 6940 62%
c -  0.22  0 116 7 591 19 6853 2888 1.6 6 4 2 3 10% 41373 6940 62%
c c  0.24  0 113 7 648 19 7299 3224 1.6 6 4 2 3  9% 41324 6925 62%
c d  0.24  0 113 7 648 19 7299 3213 1.6 6 4 2 3  9% 41318 6922 61%
c 2  0.24  0 113 7 648 19 7299 3213 1.6 6 4 2 3  9% 41316 6922 61%
c -  0.26  0 105 8 839 18 8922 3763 1.6 6 4 2 3  9% 41316 6922 61%
c }  0.26  0 104 8 893 18 9227 4027 1.6 6 4 1 2  9% 41316 6922 61%
c [  0.26  0 213 8 893  2 9227 4027 2.7 36 13 2 6 29% 41316 6922 61%
c d  0.27  0 184 8 894  2 9998 4629 2.6 34 13 2 6 26% 41285 6911 61%
c c  0.29  0 184 8 894  2 9998 4629 2.6 34 13 2 6 26% 41183 6911 61%
c d  0.29  0 184 8 894  2 9998 4582 2.6 34 13 2 6 26% 41163 6901 61%
c 2  0.29  0 184 8 894  2 9998 4582 2.6 34 13 2 6 26% 41159 6901 61%
c =  0.29  0 184 8 894  2 9998 4581 2.6 34 13 2 6 26% 41147 6876 61%
c t  0.29  0 184 8 894  2 9998 4580 2.6 34 13 2 6 26% 41147 6876 61%
c f  0.30  0 184 8 894  2 9998 4578 2.6 34 13 2 6 25% 40883 7140 63%
c B  0.30  0 184 8 894  2 10009 4589 2.6 34 13 2 6 25% 40883 7140 63%
c -  0.32  0 149 9 894  3 11284 3462 2.6 31 12 2 6 21% 40883 7140 63%
c c  0.36  0 136 9 895  2 12784 4782 2.5 30 12 2 6 19% 40879 7138 63%
c 
c  seconds   reductions conflicts       size   tier2      variables
c         MB     restarts    redundant     glue   trail        remaining
c           level     rate        size/glue  tier1  irredundant
c 
c ]  0.37  0 133 9 896  2 13531 5413 2.5 29 11 2 5 19% 40875 7136 63%
c {  0.37  0 104 9 896 18 13531 5413 1.6 6 4 1 2  9% 40875 7136 63%
c -  0.37  0 102 10 930 17 13939 3654 1.6 6 4 1 2  9% 40875 7136 63%
c s  0.38  0 101 10 1005 17 14386 3906 1.6 6 4 1 2  9% 40050 7136 63%
c t  0.38  0 101 10 1005 17 14386 3905 1.6 6 4 1 2  9% 40050 7136 63%
c e  0.39  0 101 10 1005 17 14386 3629 1.6 6 4 1 2  9% 40043 6861 61%
c s  0.39  0 101 10 1005 17 14386 3566 1.6 6 4 1 2  9% 39789 6861 61%
c e  0.40  0 101 10 1005 17 14386 3544 1.6 6 4 1 2  9% 39763 6858 61%
c #  0.41  0 98 10 1120 17 15010 4071 1.6 7 4 1 2 10% 39763 6858 61%
c 2  0.42  0 96 10 1247 17 15649 4604 1.6 7 4 1 2 11% 39763 6858 61%
c d  0.42  0 96 10 1247 17 15649 4577 1.6 7 4 1 2 11% 39763 6847 61%
c c  0.43  0 96 10 1247 17 15649 4577 1.6 7 4 1 2 11% 39712 6847 61%
c d  0.43  0 96 10 1247 17 15649 4550 1.6 7 4 1 2 11% 39702 6842 61%
c 2  0.43  0 96 10 1247 17 15649 4548 1.6 7 4 1 2 11% 39701 6842 61%
c =  0.44  0 96 10 1247 17 15649 4548 1.6 7 4 1 2 11% 39636 6722 60%
c -  0.46  0 92 11 1453 16 16890 4013 1.7 7 4 1 2 10% 39636 6722 60%
c 2  0.48  0 86 11 1809 16 18589 5468 1.7 7 4 1 2 10% 39626 6722 60%
c d  0.48  0 86 11 1809 16 18589 5347 1.7 7 4 1 2 10% 39626 6700 60%
c c  0.49  0 86 11 1809 16 18589 5347 1.7 7 4 1 2 10% 39540 6700 60%
c d  0.49  0 86 11 1809 16 18589 5303 1.7 7 4 1 2 10% 39518 6689 59%
c 
c  seconds  reductions   conflicts       size tier2      variables
c         MB     restarts     redundant    glue  trail        remaining
c          level       rate        size/glu tier1  irredundant
c 
c =  0.50  0 86 11 1809 16 18589 5303 1.7 7 4 1 2 10% 39480 6658 59%
c f  0.51  0 86 11 1809 16 18589 5296 1.7 7 4 1 2 10% 39431 6709 60%
c }  0.52  0 85 11 1912 16 19072 5726 1.7 8 4 1 2 10% 39431 6709 60%
c [  0.52  0 133 11 1912  2 19072 5726 2.5 29 11 2 5 21% 39431 6709 60%
c -  0.54  0 128 12 1913  2 20140 4706 2.5 30 12 2 5 22% 39431 6709 60%
c W  0.57  0 126 12 1913  2 21011 5509 2.5 33 13 2 5 22% 39431 6709 60%
c =  0.60  0 124 12 1913  2 21600 6053 2.5 34 14 2 4 22% 39367 6661 59%
c u  0.60  0 124 12 1913  2 21600 5318 2.5 34 14 2 4 22% 39367 6661 59%
c v  0.60  0 124 12 1913  2 21600 5248 2.5 34 14 2 4 22% 39367 6661 59%
c w  0.60  0 124 12 1913  2 21600 5246 2.5 34 14 2 4 22% 39367 6661 59%
c x  0.61  0 124 12 1913  2 21600 5246 2.5 34 14 2 4 22% 39355 6661 59%
c t  0.61  0 124 12 1913  2 21600 5243 2.5 34 14 2 4 22% 39353 6661 59%
c -  0.64  0 119 13 1914  2 23688 4365 2.6 34 13 2 4 21% 39353 6661 59%
c =  0.67  0 118 13 1914  2 24677 5276 2.7 35 13 2 4 21% 39329 6596 59%
c ]  0.69  0 118 13 1914  2 25395 5960 2.7 37 14 2 4 21% 39329 6596 59%
c {  0.69  0 85 13 1914 16 25395 5960 1.7 8 4 1 2 10% 39329 6596 59%
c -  0.73  0 80 14 2443 16 27537 5066 1.7 8 5 1 2 10% 39329 6596 59%
c 2  0.74  0 80 14 2514 16 27815 5313 1.7 8 5 1 2 10% 39327 6596 59%
c d  0.74  0 80 14 2514 16 27815 5290 1.7 8 5 1 2 10% 39327 6593 59%
c c  0.75  0 80 14 2514 16 27815 5289 1.7 8 5 1 2 10% 39305 6593 59%
c 
c  seconds  reductions   conflicts       size tier2      variables
c         MB     restarts     redundant    glue  trail        remaining
c          level       rate        size/glu tier1  irredundant
c 
c =  0.76  0 80 14 2514 16 27815 5284 1.7 8 5 1 2 10% 39258 6515 58%
c f  0.77  0 80 14 2514 16 27815 5279 1.7 8 5 1 2 10% 39194 6575 58%
c B  0.77  0 80 14 2548 16 28015 5458 1.7 8 5 1 2 10% 39194 6575 58%
c s  0.81  0 77 14 2917 16 29600 6750 1.7 9 5 1 2 10% 37562 6575 58%
c t  0.81  0 77 14 2917 16 29600 6749 1.7 9 5 1 2 10% 37562 6575 58%
c e  0.82  0 77 14 2917 16 29600 6007 1.7 9 5 1 2 10% 37553 6486 58%
c s  0.82  0 77 14 2917 16 29600 5957 1.7 9 5 1 2 10% 37491 6486 58%
c e  0.82  0 77 14 2917 16 29600 5957 1.7 9 5 1 2 10% 37474 6485 58%
c }  0.86  0 75 14 3337 16 31555 7734 1.7 9 5 1 2 10% 37474 6485 58%
c [  0.86  0 118 14 3337  2 31555 7734 2.7 37 14 2 4 21% 37474 6485 58%
c -  0.86  0 117 15 3337  2 31686 5482 2.7 37 14 2 4 21% 37474 6485 58%
c 2  0.86  0 117 15 3337  2 31686 5462 2.7 37 14 2 4 21% 37474 6485 58%
c d  0.86  0 117 15 3337  2 31686 5427 2.7 37 14 2 4 21% 37472 6475 58%
c c  0.87  0 117 15 3337  2 31686 5427 2.7 37 14 2 4 21% 37454 6475 58%
c d  0.87  0 117 15 3337  2 31686 5416 2.7 37 14 2 4 21% 37448 6472 57%
c 2  0.87  0 117 15 3337  2 31686 5416 2.7 37 14 2 4 21% 37446 6472 57%
c =  0.88  0 117 15 3337  2 31686 5411 2.7 37 14 2 4 21% 37386 6328 56%
c O  0.98  0 113 15 3340  2 36016 9477 2.8 43 16 2 4 22% 37386 6328 56%
c -  0.98  0 113 16 3340  2 36136 6178 2.7 43 16 2 4 22% 37386 6328 56%
c 2  0.98  0 113 16 3340  2 36136 6178 2.7 43 16 2 4 22% 37384 6328 56%
c 
c  seconds   reductions   conflicts       size   tier2      variables
c         MB      restarts     redundant     glue   trail        remaining
c           level       rate        size/glue  tier1  irredundant
c 
c =  1.00  0 113 16 3340  2 36136 6178 2.7 43 16 2 4 22% 37384 6277 56%
c u  1.01  0 113 16 3340  2 36136 5105 2.7 43 16 2 4 22% 37226 6277 56%
c v  1.01  0 113 16 3340  2 36136 5012 2.7 43 16 2 4 22% 37226 6277 56%
c w  1.01  0 113 16 3340  2 36136 5012 2.7 43 16 2 4 22% 37226 6277 56%
c t  1.01  0 113 16 3340  2 36136 5010 2.7 43 16 2 4 22% 37226 6277 56%
c f  1.01  0 113 16 3340  2 36136 5008 2.7 43 16 2 4 22% 37198 6300 56%
c ]  1.10  0 112 16 3343  2 39310 7989 2.6 47 18 2 4 22% 37198 6300 56%
c {  1.10  0 75 16 3343 16 39310 7989 1.7 9 5 1 2 10% 37198 6300 56%
c -  1.12  0 73 17 3669 15 40889 5834 1.7 9 5 1 2 10% 37198 6300 56%
c d  1.12  0 73 17 3669 15 40889 5825 1.7 9 5 1 2 10% 37191 6295 56%
c p  1.12  0 73 17 3669 15 40889 5857 1.7 9 5 1 2 10% 37191 6295 56%
c =  1.14  0 73 17 3669 15 40889 5856 1.7 9 5 1 2 10% 37148 6261 56%
c f  1.14  0 73 17 3669 15 40889 5852 1.7 9 5 1 2 10% 37136 6266 56%
c W  1.23  0 70 17 4515 15 45019 9642 1.8 10 6 1 2 12% 37136 6266 56%
c -  1.26  0 70 18 4728 15 45945 7011 1.8 10 6 1 2 12% 37136 6266 56%
c p  1.26  0 70 18 4728 15 45945 7044 1.8 10 6 1 2 12% 37136 6265 56%
c c  1.27  0 70 18 4728 15 45945 7044 1.8 10 6 1 2 12% 37126 6265 56%
c f  1.29  0 70 18 4728 15 45945 7038 1.8 10 6 1 2 12% 37087 6307 56%
c }  1.32  0 69 18 5097 15 47503 8483 1.8 10 6 1 2 12% 37087 6307 56%
c [  1.32  0 112 18 5097  2 47503 8483 2.6 47 18 2 4 25% 37087 6307 56%
c 
c  seconds   reductions   conflicts        size   tier2      variables
c         MB      restarts      redundant     glue   trail        remaining
c           level       rate         size/glue  tier1  irredundant
c 
c s  1.38  0 110 18 5098  2 49848 10570 2.5 48 19 2 4 26% 35939 6307 56%
c t  1.38  0 110 18 5098  2 49848 10569 2.5 48 19 2 4 26% 35938 6307 56%
c e  1.39  0 110 18 5098  2 49848 10428 2.5 48 19 2 4 26% 35926 6286 56%
c s  1.39  0 110 18 5098  2 49848 10402 2.5 48 19 2 4 26% 35912 6286 56%
c ]  1.40  0 110 18 5098  2 50002 10546 2.5 48 19 2 4 26% 35911 6286 56%
c ?  1.40  0 110 18 5098  2 50002 10546 2.5 48 19 2 4 26% 35911 6286 56%
c 
c --- [ result ] -------------------------------------------------------------
c 
c UNKNOWN
c 
c --- [ run-time profiling ] -------------------------------------------------
c 
c process time taken by individual solving procedures
c (percentage relative to process time for solving)
c 
c         0.94   67.18% search
c         0.47   34.05% stable
c         0.45   32.65% simplify
c         0.44   31.44% unstable
c         0.13    9.69% congruence
c         0.09    6.41% sweep
c         0.06    4.34% factor
c         0.05    3.85% preprocess
c         0.05    3.50% elim
c         0.03    1.99% subsume
c         0.02    1.57% walk
c         0.02    1.29% vivify
c         0.02    1.10% fastelim
c         0.01    0.51% parse
c         0.01    0.40% backbone
c         0.00    0.15% probe
c         0.00    0.12% ternary
c         0.00    0.12% lucky
c   =================================
c         1.39   99.48% solve
c 
c last line shows process time for solving
c (percentage relative to total process time)
c 
c --- [ statistics ] ---------------------------------------------------------
c 
c chronological:             20056        40.11 %  of conflicts
c conflicts:                 50002     35914.17    per second
c backbone:                 380576      3179.95 %  of vars
c decisions:                441324    316982.99    per second
c eliminated:                 3610        30.16 %  of all variables
c factored:                    712        11.28 %  of variables
c fixed:                         1         0.01 %  of all variables
c learned:                   46150        92.30 %  per conflict
c learned_lits:            1433668       100.00 %  learned literals
c minimized:                     0         0.00 %  learned literals
c shrunken:                  49276         3.44 %  learned literals
c minishrunken:             110291         7.69 %  learned literals
c otfs:                       2489         4.98 %  of conflict
c propagations:            8879730         6.38 M  per second
c reduced:                   29472        58.94 %  per conflict
c rephased:                      9      5555.78    interval
c restarts:                   5098         9.81    interval
c stabilizing:                   6        44.39 %  of conflicts
c substituted:                2071        17.30 %  of all variables
c sweep equivs:                659        69.66 %  of swept variables
c subsumed:                  10063         7.50 %  of all clauses
c strengthened:               5237         3.90 %  of all clauses
c ticks:                  71510776         8.18    propagation
c vivified:                    853         0.64 %  of all clauses
c walked:                        2     25001.00    interval
c weakened:                  28097         2.82    average size
c congruence:                   13      3846.31    interval
c 
c seconds are measured in process time for solving
c 
c --- [ glue usage ] ---------------------------------------------------------
c 
c focused glue 1 used 60850 clauses 68.31% accumulated 68.31% tier1
c focused glue 2 used 16815 clauses 18.87% accumulated 87.19% tier2
c 
c stable glue 2 used 25667 clauses 18.51% accumulated 66.44% tier1
c stable glue 3 used 8342 clauses 6.018% accumulated 72.46% tier2
c 
c 
c --- [ resources ] ----------------------------------------------------------
c 
c total process time since initialization:         1.40    seconds
c total real time since initialization:            1.41    seconds
c maximum resident set size of process:        36864.00    MB
c 
c --- [ shutting down ] ------------------------------------------------------
c 
c exit 0
