c --- [ banner ] -------------------------------------------------------------
c 
c CaDiCaL SAT Solver
c Copyright (c) 2016-2025
c A. Biere, M. Fleury, N. Froleyks, K. Fazekas, F. Pollitt, T. Faller
c JKU Linz, University of Freiburg, TU Wien
c 
c Version 3.0.0
c Apple clang version 17.0.0 (clang-1700.6.3.2) -Wall -Wextra -O3 -DNDEBUG -DNCLOSEFROM
c Tue Dec 23 21:53:38 UTC 2025 Darwin Tahoe-arm64.local 25.2.0 arm64
c 
c --- [ limit ] --------------------------------------------------------------
c 
c setting conflict limit to 50000 conflicts (due to '50000')
c 
c --- [ parsing input ] ------------------------------------------------------
c 
c reading DIMACS file from 'headline_hunt/bets/cascade_aux_encoding/cnfs/aux_force_sr61_n32_bit31_m17149975_fillffffffff.cnf'
c opening file to read 'headline_hunt/bets/cascade_aux_encoding/cnfs/aux_force_sr61_n32_bit31_m17149975_fillffffffff.cnf'
c found 'p cnf 12888 53999' header
c parsed 53999 clauses in 0.01 seconds process time
c 
c --- [ options ] ------------------------------------------------------------
c 
c   --seed=5                       (different from default '0')
c 
c --- [ solving ] ------------------------------------------------------------
c 
c time measured in process time since initialization
c 
c  seconds  reduction conflicts       size tier2       variables
c         MB    restarts   redundant    glue  trail         remaining
c          level     rate       size/glu tier1  irredundant
c 
c *  0.01  0  0 0   0  0    0    0 0.0 0 0 2 6  0% 53486 12407 96%
c (  0.01  0  0 0   0  0    0    0 0.0 0 0 2 6  0% 53486 12407 96%
c .  0.01  0  0 0   0  0    0    0 0.0 0 0 2 6  0% 52462 12407 96%
c c  0.03  0  0 0   0  0    0    0 0.0 0 0 2 6  0% 49770 11945 93%
c d  0.03  0  0 0   0  0    0    0 0.0 0 0 2 6  0% 45726 10611 82%
c 2  0.03  0  0 0   0  0    0    0 0.0 0 0 2 6  0% 45582 10611 82%
c f  0.04  0  0 0   0  0    0    0 0.0 0 0 2 6  0% 45316 10877 84%
c e  0.06  0  0 0   0  0    0    0 0.0 0 0 2 6  0% 37378 6868 53%
c s  0.06  0  0 0   0  0    0    0 0.0 0 0 2 6  0% 37375 6868 53%
c s  0.06  0  0 0   0  0    0    0 0.0 0 0 2 6  0% 37370 6868 53%
c s  0.06  0  0 0   0  0    0    0 0.0 0 0 2 6  0% 37370 6868 53%
c P  0.07  0  0 0   0  0    0    0 0.0 0 0 2 6  0% 37370 6868 53%
c )  0.07  0  0 0   0  0    0    0 0.0 0 0 2 6  0% 37370 6868 53%
c {  0.07  0  0 0   0  0    0    0 0.0 0 0 2 6  0% 37370 6868 53%
c -  0.07  0 1026 1  16 45  300  235 1.4 4 3 2 6 19% 37370 6868 53%
c -  0.08  0 511 2  59 37  733  570 1.5 5 3 2 6 15% 37370 6868 53%
c }  0.08  0 453 2 103 33 1002  802 1.5 5 3 2 6 16% 37370 6868 53%
c [  0.08  0  0 2 103  0 1002  802 0.0 0 0 2 6  0% 37370 6868 53%
c O  0.08  0 507 2 103 508 1003  803 1.9 19 10 2 6 25% 37370 6868 53%
c -  0.09  0 495 3 103  3 1410  881 2.0 34 17 2 6 26% 37370 6868 53%
c 
c  seconds   reduction conflicts       size   tier2      variables
c         MB     restarts   redundant     glue   trail        remaining
c           level     rate       size/glue  tier1  irredundant
c 
c ]  0.09  0 496 3 103  2 1671 1118 1.9 35 18 2 6 26% 37370 6868 53%
c {  0.09  0 453 3 103 33 1671 1118 1.5 5 3 2 6 16% 37370 6868 53%
c 2  0.10  0 306 3 151 24 2237 1612 1.6 6 4 2 6 11% 37308 6868 53%
c p  0.10  0 306 3 151 24 2237 1605 1.6 6 4 2 6 11% 37300 6861 53%
c c  0.11  0 306 3 151 24 2237 1605 1.6 6 4 2 6 11% 37288 6861 53%
c d  0.11  0 306 3 151 24 2237 1601 1.6 6 4 2 6 11% 37282 6858 53%
c 2  0.11  0 306 3 151 24 2237 1601 1.6 6 4 2 6 11% 37280 6858 53%
c t  0.11  0 306 3 151 24 2237 1600 1.6 6 4 2 6 11% 37279 6858 53%
c -  0.12  0 291 4 158 23 2348 1353 1.6 6 4 2 6 11% 37279 6858 53%
c O  0.12  0 228 4 248 20 3004 1924 1.7 6 4 2 6 12% 37279 6858 53%
c -  0.13  0 194 5 370 19 3560 2076 1.7 7 4 2 6 12% 37279 6858 53%
c }  0.14  0 170 5 456 17 4188 2624 1.7 7 4 2 6 12% 37279 6858 53%
c [  0.14  0 496 5 456  2 4188 2624 1.9 35 18 2 6 50% 37279 6858 53%
c s  0.14  0 476 5 456  2 4217 2649 1.9 35 18 2 6 48% 37261 6858 53%
c t  0.15  0 476 5 456  2 4217 2648 1.9 35 18 2 6 48% 37259 6858 53%
c e  0.16  0 476 5 456  2 4217 2061 1.9 35 18 2 6 48% 37196 6382 50%
c s  0.16  0 476 5 456  2 4217 2043 1.9 35 18 2 6 48% 37040 6382 50%
c 2  0.17  0 356 5 457  2 4737 2471 2.3 35 15 2 6 44% 37040 6382 50%
c c  0.18  0 356 5 457  2 4737 2462 2.3 35 15 2 6 44% 37002 6378 49%
c d  0.18  0 356 5 457  2 4737 2461 2.3 35 15 2 6 44% 36992 6373 49%
c 
c  seconds   reduction conflicts       size   tier2      variables
c         MB     restarts   redundant     glue   trail        remaining
c           level     rate       size/glue  tier1  irredundant
c 
c 2  0.19  0 356 5 457  2 4737 2460 2.3 35 15 2 6 44% 36992 6373 49%
c =  0.19  0 356 5 457  2 4737 2455 2.3 35 15 2 6 44% 36920 6317 49%
c -  0.21  0 313 6 457  2 5051 2128 2.3 39 17 2 7 40% 36920 6317 49%
c ]  0.22  0 292 6 457  2 5271 2348 2.3 43 19 2 3 38% 36920 6317 49%
c {  0.22  0 170 6 457 17 5271 2348 1.7 7 4 2 6 12% 36920 6317 49%
c #  0.23  0 153 6 597 17 6006 2984 1.7 8 4 2 3 12% 36920 6317 49%
c -  0.24  0 141 7 698 16 6827 2663 1.8 8 5 2 3 12% 36920 6317 49%
c c  0.26  0 134 7 753 15 7341 3069 1.8 8 5 2 3 11% 36884 6310 49%
c d  0.26  0 134 7 753 15 7341 3043 1.8 8 5 2 3 11% 36868 6302 49%
c =  0.27  0 134 7 753 15 7341 3043 1.8 8 5 2 3 11% 36816 6201 48%
c t  0.27  0 134 7 753 15 7341 3042 1.8 8 5 2 3 11% 36816 6201 48%
c 2  0.27  0 134 7 753 15 7341 3042 1.8 8 5 2 3 11% 36814 6201 48%
c f  0.27  0 134 7 753 15 7341 3042 1.8 8 5 2 3 11% 36538 6476 50%
c -  0.30  0 116 8 1093 15 8893 3423 1.8 9 5 2 3 11% 36538 6476 50%
c }  0.31  0 112 8 1214 15 9444 3911 1.8 9 5 2 3 11% 36538 6476 50%
c [  0.31  0 292 8 1214  2 9444 3911 2.3 43 19 2 3 37% 36538 6476 50%
c I  0.31  0 241 8 1215  2 10010 4421 2.4 38 16 2 3 35% 36538 6476 50%
c =  0.33  0 239 8 1215  2 10039 4445 2.4 38 16 2 3 34% 36535 6445 50%
c -  0.35  0 187 9 1215  2 11250 4026 2.4 39 16 2 3 35% 36535 6445 50%
c =  0.39  0 167 9 1216  2 12825 5479 2.4 43 18 2 3 33% 36475 6400 50%
c 
c  seconds   reductions  conflicts       size   tier2      variables
c         MB     restarts     redundant     glue   trail        remaining
c           level      rate        size/glue  tier1  irredundant
c 
c f  0.39  0 167 9 1216  2 12825 5477 2.4 43 18 2 3 33% 36438 6439 50%
c -  0.43  0 163 10 1217  2 13902 4323 2.3 45 20 3 10 28% 36438 6439 50%
c ]  0.43  0 163 10 1217  2 14129 4545 2.3 45 20 3 10 27% 36438 6439 50%
c {  0.43  0 112 10 1217 15 14129 4545 1.8 9 5 2 3 12% 36438 6439 50%
c s  0.44  0 110 10 1257 15 14367 4641 1.8 9 5 2 3 12% 35423 6439 50%
c e  0.45  0 110 10 1257 15 14367 3946 1.8 9 5 2 3 12% 35417 6132 48%
c s  0.45  0 110 10 1257 15 14367 3883 1.8 9 5 2 3 12% 35135 6132 48%
c e  0.45  0 110 10 1257 15 14367 3882 1.8 9 5 2 3 12% 35130 6131 48%
c B  0.46  0 107 10 1357 14 15011 4459 1.8 9 5 2 3 12% 35130 6131 48%
c 2  0.47  0 104 10 1425 14 15690 5062 1.8 10 5 2 3 12% 35130 6131 48%
c =  0.49  0 104 10 1425 14 15690 5062 1.8 10 5 2 3 12% 35070 6045 47%
c u  0.49  0 104 10 1425 14 15690 4459 1.8 10 5 2 3 12% 35070 6045 47%
c v  0.49  0 104 10 1425 14 15690 4344 1.8 10 5 2 3 12% 35070 6045 47%
c w  0.50  0 104 10 1425 14 15690 4344 1.8 10 5 2 3 12% 35070 6045 47%
c -  0.51  0 101 11 1551 13 16850 3946 1.8 10 5 2 3 12% 35069 6045 47%
c d  0.53  0 95 11 1783 13 18630 5214 1.8 10 5 2 3 12% 35068 6020 47%
c =  0.54  0 95 11 1783 13 18630 5214 1.8 10 5 2 3 12% 35064 5981 46%
c 2  0.54  0 95 11 1783 13 18630 5214 1.8 10 5 2 3 12% 35062 5981 46%
c f  0.55  0 95 11 1783 13 18630 5210 1.8 10 5 2 3 12% 34990 6037 47%
c -  0.57  0 92 12 1974 13 20096 5105 1.8 10 5 2 3 12% 34990 6037 47%
c 
c  seconds  reductions   conflicts       size  tier2      variables
c         MB     restarts     redundant     glue  trail        remaining
c          level       rate        size/glue tier1  irredundant
c 
c W  0.58  0 90 12 2008 12 21012 5860 1.8 10 5 2 3 12% 34990 6037 47%
c d  0.60  0 88 12 2134 12 21640 6315 1.8 10 5 1 2 12% 34986 6023 47%
c =  0.60  0 88 12 2134 12 21640 6315 1.8 10 5 1 2 12% 34986 5957 46%
c t  0.61  0 88 12 2134 12 21640 6315 1.8 10 5 1 2 12% 34983 5957 46%
c }  0.62  0 87 12 2257 12 22433 7019 1.8 10 6 1 2 12% 34983 5957 46%
c [  0.62  0 163 12 2257  2 22433 7019 2.3 45 20 3 10 26% 34983 5957 46%
c -  0.65  0 156 13 2258  2 23641 5024 2.3 44 19 3 10 23% 34983 5957 46%
c d  0.67  0 150 13 2259  2 24717 6031 2.3 45 19 3 10 22% 34983 5954 46%
c c  0.68  0 150 13 2259  2 24717 6030 2.3 45 19 3 10 22% 34925 5954 46%
c d  0.68  0 150 13 2259  2 24717 5992 2.3 45 19 3 10 22% 34905 5944 46%
c 2  0.69  0 150 13 2259  2 24717 5992 2.3 45 19 3 10 22% 34899 5944 46%
c =  0.69  0 150 13 2259  2 24717 5992 2.3 45 19 3 10 22% 34888 5936 46%
c f  0.70  0 150 13 2259  2 24717 5986 2.3 45 19 3 10 22% 34868 5955 46%
c -  0.78  0 144 14 2259  2 27484 5037 2.4 48 20 3 10 22% 34868 5955 46%
c B  0.80  0 142 14 2259  2 28013 5547 2.4 48 20 3 10 22% 34868 5955 46%
c ]  0.81  0 138 14 2260  2 28982 6362 2.4 45 19 3 10 21% 34868 5955 46%
c {  0.81  0 87 14 2260 12 28982 6362 1.8 10 6 1 2 12% 34868 5955 46%
c s  0.83  0 86 14 2356 12 29479 6574 1.8 10 6 1 2 12% 33476 5955 46%
c e  0.83  0 86 14 2356 12 29479 6123 1.8 10 6 1 2 12% 30834 5522 43%
c s  0.84  0 86 14 2356 12 29479 6074 1.8 10 6 1 2 12% 30823 5522 43%
c 
c  seconds  reductions   conflicts       size  tier2      variables
c         MB     restarts     redundant     glue  trail        remaining
c          level       rate        size/glue tier1  irredundant
c 
c -  0.88  0 83 15 2744 12 31628 5325 1.8 10 6 1 2 14% 30820 5522 43%
c 2  0.88  0 83 15 2744 12 31628 5322 1.8 10 6 1 2 14% 30820 5522 43%
c d  0.88  0 83 15 2744 12 31628 5286 1.8 10 6 1 2 14% 30820 5515 43%
c c  0.89  0 83 15 2744 12 31628 5284 1.8 10 6 1 2 14% 30808 5515 43%
c d  0.89  0 83 15 2744 12 31628 5273 1.8 10 6 1 2 14% 30804 5513 43%
c 2  0.89  0 83 15 2744 12 31628 5272 1.8 10 6 1 2 14% 30804 5513 43%
c u  0.90  0 83 15 2744 12 31628 4096 1.8 10 6 1 2 14% 30803 5513 43%
c v  0.90  0 83 15 2744 12 31628 4095 1.8 10 6 1 2 14% 30803 5513 43%
c w  0.90  0 83 15 2744 12 31628 4095 1.8 10 6 1 2 14% 30803 5513 43%
c t  0.90  0 83 15 2744 12 31628 4092 1.8 10 6 1 2 14% 30803 5513 43%
c f  0.91  0 83 15 2744 12 31628 4090 1.8 10 6 1 2 14% 30765 5541 43%
c F  0.97  0 79 15 3307 12 36014 8008 1.8 11 6 1 2 14% 30765 5541 43%
c -  0.97  0 79 16 3307 12 36074 5399 1.8 11 6 1 2 14% 30765 5541 43%
c d  0.97  0 79 16 3307 12 36074 5260 1.8 11 6 1 2 14% 30756 5519 43%
c c  0.98  0 79 16 3307 12 36074 5259 1.8 11 6 1 2 14% 30656 5519 43%
c d  0.98  0 79 16 3307 12 36074 5210 1.8 11 6 1 2 14% 30636 5509 43%
c 2  0.98  0 79 16 3307 12 36074 5210 1.8 11 6 1 2 14% 30632 5509 43%
c }  1.04  0 76 16 3853 12 39257 8113 1.8 11 6 1 2 14% 30632 5509 43%
c [  1.04  0 138 16 3853  2 39257 8113 2.4 45 19 3 10 25% 30632 5509 43%
c -  1.07  0 132 17 3854  2 40823 6216 2.4 45 19 3 10 26% 30632 5509 43%
c 
c  seconds   reductions   conflicts       size   tier2       variables
c         MB      restarts     redundant     glue    trail        remaining
c           level       rate        size/glue  tier1   irredundant
c 
c d  1.07  0 132 17 3854  2 40823 6197 2.4 45 19 3 10 26% 30632 5506 43%
c p  1.07  0 132 17 3854  2 40823 6255 2.4 45 19 3 10 26% 30632 5506 43%
c c  1.08  0 132 17 3854  2 40823 6254 2.4 45 19 3 10 26% 30614 5506 43%
c f  1.09  0 132 17 3854  2 40823 6234 2.4 45 19 3 10 26% 30549 5579 43%
c W  1.19  0 124 17 3857  2 45016 10176 2.5 46 19 3 10 26% 30549 5579 43%
c -  1.22  0 124 18 3858  2 45874 6785 2.5 48 19 3 10 26% 30549 5579 43%
c p  1.22  0 124 18 3858  2 45874 6788 2.5 48 19 3 10 26% 30549 5579 43%
c u  1.23  0 124 18 3858  2 45874 6310 2.5 48 19 3 10 26% 30547 5579 43%
c v  1.23  0 124 18 3858  2 45874 6146 2.5 48 19 3 10 26% 30547 5579 43%
c w  1.24  0 124 18 3858  2 45874 6146 2.5 48 19 3 10 26% 30547 5579 43%
c x  1.24  0 124 18 3858  2 45874 6143 2.5 48 19 3 10 26% 30536 5579 43%
c f  1.24  0 124 18 3858  2 45874 6141 2.5 48 19 3 10 26% 30537 5580 43%
c ]  1.35  0 123 18 3859  2 48709 8867 2.5 56 22 3 10 28% 30537 5580 43%
c {  1.35  0 76 18 3859 12 48709 8867 1.8 11 6 1 2 14% 30537 5580 43%
c s  1.37  0 76 18 3935 12 49325 9267 1.9 11 6 1 2 14% 30463 5580 43%
c t  1.37  0 76 18 3935 12 49325 9266 1.9 11 6 1 2 14% 30463 5580 43%
c e  1.37  0 76 18 3935 12 49325 8670 1.9 11 6 1 2 14% 30421 5548 43%
c s  1.38  0 76 18 3935 12 49325 8646 1.9 11 6 1 2 14% 30407 5548 43%
c e  1.38  0 76 18 3935 12 49325 8645 1.9 11 6 1 2 14% 30407 5547 43%
c }  1.39  0 76 18 4106 12 50003 9276 1.9 11 6 1 2 14% 30407 5547 43%
c 
c  seconds  reductions   conflicts       size  tier2      variables
c         MB     restarts     redundant     glue  trail        remaining
c          level       rate        size/glue tier1  irredundant
c 
c ?  1.39  0 76 18 4106 12 50003 9276 1.9 11 6 1 2 14% 30407 5547 43%
c 
c --- [ result ] -------------------------------------------------------------
c 
c UNKNOWN
c 
c --- [ run-time profiling ] -------------------------------------------------
c 
c process time taken by individual solving procedures
c (percentage relative to process time for solving)
c 
c         0.99   71.61% search
c         0.56   40.08% stable
c         0.41   29.76% unstable
c         0.39   28.22% simplify
c         0.10    7.53% congruence
c         0.07    4.84% sweep
c         0.06    4.36% factor
c         0.06    4.16% preprocess
c         0.04    3.13% elim
c         0.03    1.93% subsume
c         0.02    1.78% vivify
c         0.02    1.63% walk
c         0.02    1.19% fastelim
c         0.01    0.60% parse
c         0.00    0.35% backbone
c         0.00    0.13% probe
c         0.00    0.12% lucky
c         0.00    0.11% ternary
c   =================================
c         1.39   99.40% solve
c 
c last line shows process time for solving
c (percentage relative to total process time)
c 
c --- [ statistics ] ---------------------------------------------------------
c 
c chronological:             17441        34.88 %  of conflicts
c conflicts:                 50003     36075.95    per second
c backbone:                 327387      2398.97 %  of vars
c decisions:                350597    252947.23    per second
c eliminated:                 5259        38.54 %  of all variables
c factored:                    759        13.49 %  of variables
c fixed:                       943         6.91 %  of all variables
c learned:                   46516        93.03 %  per conflict
c learned_lits:            1692421       100.00 %  learned literals
c minimized:                     0         0.00 %  learned literals
c shrunken:                  64966         3.84 %  learned literals
c minishrunken:             169441        10.01 %  learned literals
c otfs:                       2295         4.59 %  of conflict
c propagations:            9095595         6.56 M  per second
c reduced:                   29670        59.34 %  per conflict
c rephased:                      9      5555.89    interval
c restarts:                   4106        12.18    interval
c stabilizing:                   5        43.93 %  of conflicts
c substituted:                1898        13.91 %  of all variables
c sweep equivs:                432        69.68 %  of swept variables
c subsumed:                  10340         7.37 %  of all clauses
c strengthened:               5271         3.76 %  of all clauses
c ticks:                  73238994         8.22    propagation
c vivified:                    979         0.70 %  of all clauses
c walked:                        2     25001.50    interval
c weakened:                  35097         2.91    average size
c congruence:                   11      4545.73    interval
c 
c seconds are measured in process time for solving
c 
c --- [ glue usage ] ---------------------------------------------------------
c 
c focused glue 1 used 58252 clauses 64.62% accumulated 64.62% tier1
c focused glue 2 used 17093 clauses 18.96% accumulated 83.58% tier2
c 
c stable glue 3 used 10363 clauses 5.705% accumulated 76.99% tier1
c stable glue 4 used 5631 clauses 3.100% accumulated 80.09%
c stable glue 5-8 used 12967 clauses 7.139% accumulated 87.23%
c stable glue 9 used 2120 clauses 1.167% accumulated 88.39%
c stable glue 10 used 1830 clauses 1.007% accumulated 89.40% tier2
c 
c 
c --- [ resources ] ----------------------------------------------------------
c 
c total process time since initialization:         1.39    seconds
c total real time since initialization:            1.40    seconds
c maximum resident set size of process:        37968.00    MB
c 
c --- [ shutting down ] ------------------------------------------------------
c 
c exit 0
