c --- [ banner ] -------------------------------------------------------------
c 
c CaDiCaL SAT Solver
c Copyright (c) 2016-2025
c A. Biere, M. Fleury, N. Froleyks, K. Fazekas, F. Pollitt, T. Faller
c JKU Linz, University of Freiburg, TU Wien
c 
c Version 3.0.0
c Apple clang version 17.0.0 (clang-1700.6.3.2) -Wall -Wextra -O3 -DNDEBUG -DNCLOSEFROM
c Tue Dec 23 21:53:38 UTC 2025 Darwin Tahoe-arm64.local 25.2.0 arm64
c 
c --- [ limit ] --------------------------------------------------------------
c 
c setting conflict limit to 50000 conflicts (due to '50000')
c 
c --- [ parsing input ] ------------------------------------------------------
c 
c reading DIMACS file from 'headline_hunt/bets/cascade_aux_encoding/cnfs/aux_expose_sr61_n32_bit31_m17149975_fillffffffff.cnf'
c opening file to read 'headline_hunt/bets/cascade_aux_encoding/cnfs/aux_expose_sr61_n32_bit31_m17149975_fillffffffff.cnf'
c found 'p cnf 12888 53999' header
c parsed 53999 clauses in 0.01 seconds process time
c 
c --- [ options ] ------------------------------------------------------------
c 
c   --seed=5                       (different from default '0')
c 
c --- [ solving ] ------------------------------------------------------------
c 
c time measured in process time since initialization
c 
c  seconds  reduction conflicts       size tier2       variables
c         MB    restarts   redundant    glue  trail         remaining
c          level     rate       size/glu tier1  irredundant
c 
c *  0.01  0  0 0   0  0    0    0 0.0 0 0 2 6  0% 53934 12887 100%
c (  0.01  0  0 0   0  0    0    0 0.0 0 0 2 6  0% 53934 12887 100%
c .  0.01  0  0 0   0  0    0    0 0.0 0 0 2 6  0% 53934 12887 100%
c c  0.03  0  0 0   0  0    0    0 0.0 0 0 2 6  0% 51432 12247 95%
c d  0.03  0  0 0   0  0    0    0 0.0 0 0 2 6  0% 46722 10916 85%
c 2  0.04  0  0 0   0  0    0    0 0.0 0 0 2 6  0% 46658 10916 85%
c f  0.05  0  0 0   0  0    0    0 0.0 0 0 2 6  0% 46592 10982 85%
c e  0.07  0  0 0   0  0    0    0 0.0 0 0 2 6  0% 43428 7641 59%
c s  0.07  0  0 0   0  0    0    0 0.0 0 0 2 6  0% 43424 7641 59%
c s  0.07  0  0 0   0  0    0    0 0.0 0 0 2 6  0% 43420 7641 59%
c P  0.08  0  0 0   0  0    0    0 0.0 0 0 2 6  0% 43420 7641 59%
c )  0.08  0  0 0   0  0    0    0 0.0 0 0 2 6  0% 43420 7641 59%
c {  0.08  0  0 0   0  0    0    0 0.0 0 0 2 6  0% 43420 7641 59%
c -  0.08  0 866 1  22 39  301  225 1.4 5 3 2 6 16% 43420 7641 59%
c -  0.09  0 409 2  51 21  736  528 1.5 5 3 2 6 11% 43420 7641 59%
c }  0.09  0 330 2  73 20 1002  752 1.5 5 3 2 6 11% 43420 7641 59%
c [  0.09  0  0 2  73  0 1002  752 0.0 0 0 2 6  0% 43420 7641 59%
c O  0.09  0 524 2  73 525 1003  753 2.1 182 87 2 6 40% 43420 7641 59%
c ]  0.10  0 518 2  73 30 1020  770 2.0 180 88 2 6 43% 43420 7641 59%
c {  0.10  0 330 2  73 20 1020  770 1.5 5 3 2 6 11% 43420 7641 59%
c 
c  seconds   reduction conflicts       size tier2      variables
c         MB     restarts   redundant    glue  trail        remaining
c           level     rate       size/glu tier1  irredundant
c 
c -  0.10  0 278 3  93 17 1414 1022 1.5 5 3 2 6 11% 43420 7641 59%
c 2  0.12  0 208 3 169 15 2239 1677 1.5 5 3 2 6  6% 43358 7641 59%
c d  0.12  0 208 3 169 15 2239 1519 1.5 5 3 2 6  6% 43250 7540 59%
c p  0.12  0 208 3 169 15 2239 1520 1.5 5 3 2 6  6% 43250 7540 59%
c c  0.13  0 208 3 169 15 2239 1520 1.5 5 3 2 6  6% 43133 7540 59%
c d  0.13  0 208 3 169 15 2239 1475 1.5 5 3 2 6  6% 43095 7521 58%
c 2  0.13  0 208 3 169 15 2239 1475 1.5 5 3 2 6  6% 43089 7521 58%
c t  0.13  0 208 3 169 15 2239 1475 1.5 5 3 2 6  6% 43088 7521 58%
c -  0.13  0 205 4 177 15 2354 1358 1.5 5 3 2 6  7% 43088 7521 58%
c O  0.14  0 182 4 264 17 3004 1850 1.6 5 3 2 6  7% 43088 7521 58%
c }  0.14  0 174 4 328 17 3519 2245 1.5 5 4 2 6  7% 43088 7521 58%
c [  0.14  0 518 4 328 30 3519 2245 2.0 180 88 2 6 73% 43088 7521 58%
c -  0.15  0 234 5 328 11 3566 2046 2.0 105 53 2 6 36% 43088 7521 58%
c ]  0.17  0 141 5 328  3 3873 2345 2.3 99 43 2 6 26% 43088 7521 58%
c {  0.17  0 174 5 328 17 3873 2345 1.5 5 4 2 6  7% 43088 7521 58%
c s  0.18  0 168 5 387 18 4131 2548 1.5 6 4 2 6  7% 43080 7521 58%
c t  0.18  0 168 5 387 18 4131 2548 1.5 6 4 2 6  7% 43077 7521 58%
c e  0.20  0 168 5 387 18 4131 2209 1.5 6 4 2 6  7% 42965 7058 55%
c s  0.20  0 168 5 387 18 4131 2105 1.5 6 4 2 6  7% 42920 7058 55%
c e  0.20  0 168 5 387 18 4131 1970 1.5 6 4 2 6  7% 42780 7038 55%
c 
c  seconds   reduction conflicts       size tier2      variables
c         MB     restarts   redundant    glue  trail        remaining
c           level     rate       size/glu tier1  irredundant
c 
c 2  0.21  0 158 5 456 18 4739 2408 1.5 6 4 2 6  7% 42769 7038 55%
c d  0.21  0 158 5 456 18 4739 2226 1.5 6 4 2 6  7% 42704 7004 54%
c c  0.22  0 158 5 456 18 4739 2226 1.5 6 4 2 6  7% 42601 7004 54%
c d  0.22  0 158 5 456 18 4739 2156 1.5 6 4 2 6  7% 42566 6987 54%
c 2  0.22  0 158 5 456 18 4739 2154 1.5 6 4 2 6  7% 42562 6987 54%
c =  0.23  0 158 5 456 18 4739 2092 1.5 6 4 2 6  7% 42545 6966 54%
c -  0.24  0 154 6 502 18 5058 1775 1.6 6 4 2 3  7% 42541 6966 54%
c #  0.25  0 145 6 618 18 6008 2499 1.5 6 4 2 3  7% 42541 6966 54%
c -  0.26  0 137 7 736 18 6835 2570 1.6 6 4 2 3  7% 42541 6966 54%
c }  0.27  0 134 7 807 18 7198 2889 1.7 7 4 2 3  7% 42541 6966 54%
c [  0.27  0 141 7 807  3 7198 2889 2.3 99 43 2 6 26% 42541 6966 54%
c d  0.32  0 129 7 807  2 7345 2714 2.6 127 49 2 6 34% 42514 6914 54%
c c  0.33  0 129 7 807  2 7345 2714 2.6 127 49 2 6 34% 42341 6914 54%
c d  0.33  0 129 7 807  2 7345 2617 2.6 127 49 2 6 34% 42283 6885 53%
c 2  0.33  0 129 7 807  2 7345 2613 2.6 127 49 2 6 34% 42273 6885 53%
c f  0.34  0 129 7 807  2 7345 2613 2.6 127 49 2 6 33% 41978 7178 56%
c ]  0.35  0 126 7 807  2 7383 2647 2.6 124 48 2 6 33% 41978 7178 56%
c {  0.35  0 134 7 807 18 7383 2647 1.7 7 4 2 3  7% 41978 7178 56%
c }  0.42  0 124 7 1131 19 8621 3761 2.1 13 6 2 3  9% 41978 7178 56%
c [  0.42  0 126 7 1131  2 8621 3761 2.6 124 48 2 6 33% 41978 7178 56%
c 
c  seconds   reductions conflicts        size   tier2      variables
c         MB     restarts    redundant      glue   trail        remaining
c           level      rate       size/glue   tier1  irredundant
c 
c -  0.50  0 114 8 1131  2 8901 3010 3.1 152 49 2 6 40% 41978 7178 56%
c ]  0.51  0 113 8 1131  2 8933 3040 3.2 154 49 2 6 41% 41978 7178 56%
c {  0.51  0 124 8 1131 19 8933 3040 2.1 13 6 2 3  9% 41978 7178 56%
c B  0.60  0 119 8 1408 19 10009 3996 2.3 20 8 1 2 11% 41978 7178 56%
c p  0.61  0 119 8 1419 19 10043 4806 2.3 20 9 1 2 11% 41978 7177 56%
c c  0.62  0 119 8 1419 19 10043 4806 2.3 20 9 1 2 11% 41972 7177 56%
c u  0.63  0 119 8 1419 19 10043 3714 2.3 20 9 1 2 11% 41962 7176 56%
c v  0.63  0 119 8 1419 19 10043 3491 2.3 20 9 1 2 11% 41962 7176 56%
c w  0.64  0 119 8 1419 19 10043 3491 2.3 20 9 1 2 11% 41962 7176 56%
c x  0.64  0 119 8 1419 19 10043 3491 2.3 20 9 1 2 11% 41764 7176 56%
c f  0.65  0 119 8 1419 19 10043 3486 2.3 20 9 1 2 11% 41686 7251 56%
c }  0.66  0 118 8 1443 19 10139 3573 2.4 21 9 1 2 11% 41686 7251 56%
c [  0.66  0 113 8 1443  2 10139 3573 3.2 154 49 2 6 40% 41686 7251 56%
c ]  0.80  0 107 8 1444  2 11053 4414 2.8 131 47 2 6 37% 41686 7251 56%
c {  0.80  0 118 8 1444 19 11053 4414 2.4 21 9 1 2 11% 41686 7251 56%
c -  0.82  0 118 9 1498 19 11259 2431 2.4 22 9 1 2 12% 41686 7251 56%
c }  0.96  0 114 9 1781 19 12454 3530 2.4 29 12 1 2 14% 41686 7251 56%
c [  0.96  0 107 9 1781  2 12454 3530 2.8 131 47 2 6 37% 41686 7251 56%
c d  1.05  0 104 9 1782  2 12828 3842 2.7 128 48 2 6 39% 41686 7246 56%
c p  1.06  0 104 9 1782  2 12828 4653 2.7 128 48 2 6 39% 41686 7246 56%
c 
c  seconds   reductions  conflicts        size   tier2      variables
c         MB     restarts     redundant      glue   trail        remaining
c           level      rate        size/glue   tier1  irredundant
c 
c c  1.07  0 104 9 1782  2 12828 4653 2.7 128 48 2 6 39% 41680 7246 56%
c =  1.10  0 104 9 1782  2 12828 4649 2.7 128 48 2 6 39% 41676 7243 56%
c u  1.11  0 104 9 1782  2 12828 4249 2.7 128 48 2 6 39% 41676 7243 56%
c v  1.11  0 104 9 1782  2 12828 4092 2.7 128 48 2 6 39% 41676 7243 56%
c w  1.12  0 104 9 1782  2 12828 4092 2.7 128 48 2 6 39% 41676 7243 56%
c t  1.12  0 104 9 1782  2 12828 4091 2.7 128 48 2 6 39% 41676 7243 56%
c f  1.13  0 104 9 1782  2 12828 4036 2.7 128 48 2 6 38% 41608 7360 57%
c ]  1.25  0 103 9 1782  2 13369 4504 2.4 122 51 1 2 39% 41608 7360 57%
c {  1.25  0 114 9 1782 19 13369 4504 2.4 29 12 1 2 14% 41608 7360 57%
c -  1.47  0 113 10 1922 19 13911 2627 2.3 34 15 1 2 17% 41608 7360 57%
c }  1.49  0 113 10 1931 18 13949 2657 2.3 35 15 1 2 17% 41608 7360 57%
c [  1.49  0 103 10 1931  2 13949 2657 2.4 122 51 1 2 39% 41608 7360 57%
c ]  1.77  0 101 10 1931  1 14526 3150 2.4 125 53 1 2 44% 41608 7360 57%
c {  1.77  0 113 10 1931 18 14526 3150 2.3 35 15 1 2 17% 41608 7360 57%
c s  1.78  0 113 10 1937 18 14546 3144 2.3 35 15 1 2 18% 41230 7360 57%
c e  1.79  0 113 10 1937 18 14546 2480 2.3 35 15 1 2 18% 41102 7001 54%
c s  1.79  0 113 10 1937 18 14546 2469 2.3 35 15 1 2 18% 40812 7001 54%
c e  1.80  0 113 10 1937 18 14546 2469 2.3 35 15 1 2 18% 40797 6999 54%
c W  2.04  0 112 10 2054 18 15011 2840 2.2 40 18 1 2 84% 40797 6999 54%
c }  2.13  0 112 10 2116 18 15247 3054 2.2 42 19 1 2 80% 40797 6999 54%
c 
c  seconds   reductions   conflicts        size   tier2      variables
c         MB      restarts     redundant      glue   trail        remaining
c           level       rate        size/glue   tier1  irredundant
c 
c [  2.13  0 101 10 2116  1 15247 3054 2.4 125 53 1 2 51% 40797 6999 54%
c 2  2.34  0 102 10 2116  1 15694 3210 2.2 125 56 1 2 55% 40797 6999 54%
c p  2.35  0 102 10 2116  1 15694 4094 2.2 125 56 1 2 55% 40797 6999 54%
c =  2.43  0 102 10 2116  1 15694 4087 2.2 125 56 1 2 55% 40789 6982 54%
c u  2.44  0 102 10 2116  1 15694 3961 2.2 125 56 1 2 55% 40787 6982 54%
c v  2.44  0 102 10 2116  1 15694 3893 2.2 125 56 1 2 55% 40787 6982 54%
c w  2.45  0 102 10 2116  1 15694 3755 2.2 125 56 1 2 55% 40787 6982 54%
c x  2.45  0 102 10 2116  1 15694 3755 2.2 125 56 1 2 55% 40765 6982 54%
c t  2.46  0 102 10 2116  1 15694 3755 2.2 125 56 1 2 55% 40757 6982 54%
c 2  2.46  0 102 10 2116  1 15694 3754 2.2 125 56 1 2 55% 40755 6982 54%
c f  2.47  0 102 10 2116  1 15694 3560 2.2 125 56 1 2 54% 40795 7117 55%
c ]  2.62  0 102 10 2116  1 15997 3674 2.1 123 59 1 2 56% 40795 7117 55%
c {  2.62  0 112 10 2116 18 15997 3674 2.2 42 19 1 2 79% 40795 7117 55%
c -  2.68  0 111 11 2248 18 16859 2455 2.2 43 20 1 2 49% 40795 7117 55%
c d  2.82  0 109 11 2466 17 18634 4078 2.2 46 20 1 2 36% 40794 7116 55%
c p  2.82  0 109 11 2466 17 18634 4745 2.2 46 20 1 2 36% 40794 7116 55%
c =  2.85  0 109 11 2466 17 18634 4745 2.2 46 20 1 2 36% 40791 7113 55%
c u  2.85  0 109 11 2466 17 18634 4537 2.2 46 20 1 2 36% 40791 7113 55%
c v  2.85  0 109 11 2466 17 18634 4381 2.2 46 20 1 2 36% 40791 7113 55%
c w  2.86  0 109 11 2466 17 18634 4380 2.2 46 20 1 2 36% 40791 7113 55%
c 
c  seconds   reductions   conflicts       size   tier2      variables
c         MB      restarts     redundant     glue   trail        remaining
c           level       rate        size/glue  tier1  irredundant
c 
c 2  2.86  0 109 11 2466 17 18634 4379 2.2 46 20 1 2 36% 40791 7113 55%
c f  2.87  0 109 11 2466 17 18634 4315 2.2 46 20 1 2 36% 40828 7140 55%
c }  3.03  0 109 11 2600 16 19205 4850 2.2 51 23 1 2 40% 40828 7140 55%
c [  3.03  0 102 11 2600  1 19205 4850 2.1 123 59 1 2 56% 40828 7140 55%
c -  3.43  0 105 12 2601  1 20105 3004 2.0 135 67 1 2 60% 40828 7140 55%
c ]  3.51  0 105 12 2601  1 20253 3151 2.0 137 68 1 2 61% 40828 7140 55%
c {  3.51  0 109 12 2601 16 20253 3151 2.2 51 23 1 2 40% 40828 7140 55%
c F  3.82  0 109 12 2791 16 21012 3871 2.2 59 27 1 2 48% 40828 7140 55%
c }  3.96  0 109 12 2886 15 21390 4245 2.2 63 28 1 2 50% 40828 7140 55%
c [  3.96  0 105 12 2886  1 21390 4245 2.0 137 68 1 2 61% 40828 7140 55%
c p  4.05  0 106 12 2887  1 21645 5051 2.0 139 69 1 2 61% 40828 7140 55%
c =  4.12  0 106 12 2887  1 21645 5009 2.0 139 69 1 2 61% 40732 6828 53%
c u  4.14  0 106 12 2887  1 21645 4832 2.0 139 69 1 2 61% 40213 6828 53%
c v  4.14  0 106 12 2887  1 21645 4774 2.0 139 69 1 2 61% 40213 6828 53%
c w  4.15  0 106 12 2887  1 21645 4538 2.0 139 69 1 2 61% 40213 6828 53%
c t  4.15  0 106 12 2887  1 21645 4538 2.0 139 69 1 2 61% 40207 6828 53%
c 2  4.15  0 106 12 2887  1 21645 4537 2.0 139 69 1 2 61% 40206 6828 53%
c f  4.16  0 106 12 2887  1 21645 4525 2.0 139 69 1 2 61% 40182 6854 53%
c ]  4.64  0 112 12 2888  1 22893 5513 1.8 146 79 1 2 63% 40182 6854 53%
c {  4.64  0 109 12 2888 15 22893 5513 2.2 63 28 1 2 50% 40182 6854 53%
c 
c  seconds   reductions   conflicts       size   tier2      variables
c         MB      restarts     redundant     glue   trail        remaining
c           level       rate        size/glue  tier1  irredundant
c 
c -  4.71  0 109 13 2966 15 23649 3149 2.2 63 28 1 2 47% 40182 6854 53%
c d  4.78  0 108 13 3037 15 24721 4161 2.2 63 28 1 2 44% 40182 6853 53%
c p  4.78  0 108 13 3037 15 24721 4777 2.2 63 28 1 2 44% 40182 6853 53%
c 2  4.78  0 108 13 3037 15 24721 4777 2.2 63 28 1 2 44% 40180 6853 53%
c =  4.82  0 108 13 3037 15 24721 4773 2.2 63 28 1 2 44% 40178 6837 53%
c u  4.83  0 108 13 3037 15 24721 4630 2.2 63 28 1 2 44% 40063 6837 53%
c v  4.83  0 108 13 3037 15 24721 4475 2.2 63 28 1 2 44% 40063 6837 53%
c w  4.84  0 108 13 3037 15 24721 4472 2.2 63 28 1 2 44% 40063 6837 53%
c x  4.84  0 108 13 3037 15 24721 4472 2.2 63 28 1 2 44% 39775 6837 53%
c t  4.84  0 108 13 3037 15 24721 4472 2.2 63 28 1 2 44% 39774 6837 53%
c 2  4.84  0 108 13 3037 15 24721 4471 2.2 63 28 1 2 44% 39771 6837 53%
c f  4.84  0 108 13 3037 15 24721 4453 2.2 63 28 1 2 43% 39783 6843 53%
c -  5.04  0 107 14 3214 13 27493 3855 2.3 64 28 1 2 39% 39783 6843 53%
c p  5.06  0 107 14 3228 13 27859 4446 2.3 64 28 1 2 38% 39783 6843 53%
c =  5.08  0 107 14 3228 13 27859 4446 2.3 64 28 1 2 38% 39782 6842 53%
c B  5.10  0 107 14 3248 13 28014 4588 2.3 64 28 1 2 38% 39782 6842 53%
c }  5.28  0 106 14 3431 13 29446 5936 2.3 67 29 1 2 38% 39782 6842 53%
c [  5.28  0 112 14 3431  1 29446 5936 1.8 146 79 1 2 63% 39782 6842 53%
c s  5.38  0 112 14 3431  1 29807 6241 1.9 149 78 1 2 63% 38568 6842 53%
c t  5.38  0 112 14 3431  1 29807 6241 1.9 149 78 1 2 63% 38562 6842 53%
c 
c  seconds   reductions   conflicts        size   tier2      variables
c         MB      restarts     redundant      glue   trail        remaining
c           level       rate        size/glue   tier1  irredundant
c 
c e  5.39  0 112 14 3431  1 29807 6093 1.9 149 78 1 2 63% 37029 6563 51%
c s  5.39  0 112 14 3431  1 29807 6084 1.9 149 78 1 2 63% 37016 6563 51%
c -  5.72  0 110 15 3432  1 31639 4445 1.9 143 74 1 2 58% 37016 6563 51%
c p  5.73  0 110 15 3432  1 31639 4909 1.9 143 74 1 2 58% 37016 6563 51%
c u  5.78  0 110 15 3432  1 31639 4359 1.9 143 74 1 2 58% 37016 6563 51%
c v  5.78  0 110 15 3432  1 31639 4110 1.9 143 74 1 2 58% 37016 6563 51%
c w  5.78  0 110 15 3432  1 31639 4108 1.9 143 74 1 2 58% 37016 6563 51%
c t  5.79  0 110 15 3432  1 31639 4108 1.9 143 74 1 2 58% 37006 6563 51%
c f  5.79  0 110 15 3432  1 31639 4098 1.9 143 74 1 2 58% 36984 6595 51%
c ]  6.10  0 108 15 3432  1 32732 4946 1.9 142 74 1 2 58% 36984 6595 51%
c {  6.10  0 106 15 3432 13 32732 4946 2.3 67 29 1 2 37% 36984 6595 51%
c W  6.27  0 108 15 3466 11 36015 8082 2.4 66 28 1 2 35% 36984 6595 51%
c -  6.28  0 108 16 3469 11 36088 4298 2.4 66 28 1 2 35% 36984 6595 51%
c p  6.28  0 108 16 3469 11 36088 4716 2.4 66 28 1 2 35% 36984 6595 51%
c u  6.28  0 108 16 3469 11 36088 4473 2.4 66 28 1 2 35% 36984 6595 51%
c v  6.29  0 108 16 3469 11 36088 4272 2.4 66 28 1 2 35% 36984 6595 51%
c f  6.29  0 108 16 3469 11 36088 4266 2.4 66 28 1 2 35% 36988 6597 51%
c -  6.72  0 106 17 3976 11 40844 4965 2.4 68 28 1 2 33% 36988 6597 51%
c p  6.72  0 106 17 3976 11 40844 5235 2.4 68 28 1 2 33% 36988 6597 51%
c =  6.76  0 106 17 3976 11 40844 5231 2.4 68 28 1 2 33% 36988 6549 51%
c 
c  seconds   reductions   conflicts       size   tier2      variables
c         MB      restarts     redundant     glue   trail        remaining
c           level       rate        size/glue  tier1  irredundant
c 
c u  6.76  0 106 17 3976 11 40844 4787 2.4 68 28 1 2 33% 36977 6549 51%
c v  6.77  0 106 17 3976 11 40844 4603 2.4 68 28 1 2 33% 36977 6549 51%
c 2  6.77  0 106 17 3976 11 40844 4603 2.4 68 28 1 2 33% 36957 6549 51%
c f  6.77  0 106 17 3976 11 40844 4600 2.4 68 28 1 2 33% 36959 6550 51%
c }  6.89  0 105 17 4092 11 42542 6210 2.4 68 28 1 2 32% 36959 6550 51%
c [  6.89  0 108 17 4092  1 42542 6210 1.9 142 74 1 2 58% 36959 6550 51%
c ]  7.70  0 105 17 4092  1 44435 7984 2.0 140 71 1 2 60% 36959 6550 51%
c {  7.70  0 105 17 4092 11 44435 7984 2.4 68 28 1 2 32% 36959 6550 51%
c #  7.78  0 104 17 4205 11 45016 8529 2.4 69 29 1 2 32% 36959 6550 51%
c -  7.86  0 104 18 4308 11 45897 5234 2.4 69 29 1 2 32% 36959 6550 51%
c p  7.86  0 104 18 4308 11 45897 5705 2.4 69 29 1 2 32% 36959 6550 51%
c =  7.92  0 104 18 4308 11 45897 5697 2.4 69 29 1 2 32% 36945 6381 50%
c u  7.93  0 104 18 4308 11 45897 5367 2.4 69 29 1 2 32% 36737 6381 50%
c v  7.93  0 104 18 4308 11 45897 5117 2.4 69 29 1 2 32% 36737 6381 50%
c w  7.93  0 104 18 4308 11 45897 5117 2.4 69 29 1 2 32% 36737 6381 50%
c x  7.94  0 104 18 4308 11 45897 5116 2.4 69 29 1 2 32% 36473 6381 50%
c 2  7.94  0 104 18 4308 11 45897 5111 2.4 69 29 1 2 32% 36452 6381 50%
c f  7.95  0 104 18 4308 11 45897 5111 2.4 69 29 1 2 32% 36429 6403 50%
c s  8.20  0 105 18 4602 11 49775 8629 2.4 69 29 1 2 28% 35365 6403 50%
c e  8.21  0 105 18 4602 11 49775 7709 2.4 69 29 1 2 28% 34071 6083 47%
c 
c  seconds   reductions   conflicts       size   tier2      variables
c         MB      restarts     redundant     glue   trail        remaining
c           level       rate        size/glue  tier1  irredundant
c 
c s  8.21  0 105 18 4602 11 49775 7668 2.4 69 29 1 2 28% 34029 6083 47%
c e  8.21  0 105 18 4602 11 49775 7668 2.4 69 29 1 2 28% 34000 6080 47%
c }  8.24  0 104 18 4649 11 50000 7884 2.4 70 29 1 2 28% 34000 6080 47%
c ?  8.24  0 104 18 4649 11 50000 7884 2.4 70 29 1 2 28% 34000 6080 47%
c 
c --- [ result ] -------------------------------------------------------------
c 
c UNKNOWN
c 
c --- [ run-time profiling ] -------------------------------------------------
c 
c process time taken by individual solving procedures
c (percentage relative to process time for solving)
c 
c         7.28   88.41% search
c         3.75   45.52% stable
c         3.42   41.54% unstable
c         0.95   11.56% simplify
c         0.40    4.80% sweep
c         0.15    1.88% vivify
c         0.12    1.40% factor
c         0.11    1.29% congruence
c         0.11    1.28% walk
c         0.07    0.80% preprocess
c         0.05    0.66% elim
c         0.03    0.36% subsume
c         0.02    0.21% fastelim
c         0.01    0.17% probe
c         0.01    0.15% ternary
c         0.01    0.09% parse
c         0.01    0.07% backbone
c         0.00    0.06% lucky
c   =================================
c         8.23   99.90% solve
c 
c last line shows process time for solving
c (percentage relative to total process time)
c 
c --- [ statistics ] ---------------------------------------------------------
c 
c chronological:             13170        26.34 %  of conflicts
c conflicts:                 50000      6072.11    per second
c backbone:                 352689      2576.25 %  of vars
c decisions:                432654     52542.47    per second
c eliminated:                 4787        34.97 %  of all variables
c factored:                    802        12.52 %  of variables
c fixed:                       641         4.68 %  of all variables
c learned:                   47201        94.40 %  per conflict
c learned_lits:            8640951       100.00 %  learned literals
c minimized:                     0         0.00 %  learned literals
c shrunken:                1276010        14.77 %  learned literals
c minishrunken:            3309648        38.30 %  learned literals
c otfs:                       1648         3.30 %  of conflict
c propagations:           71290765         8.66 M  per second
c reduced:                   28464        56.93 %  per conflict
c rephased:                      9      5555.56    interval
c restarts:                   4649        10.76    interval
c stabilizing:                  12        23.40 %  of conflicts
c substituted:                2182        15.94 %  of all variables
c sweep equivs:                589         8.77 %  of swept variables
c subsumed:                  14025         9.17 %  of all clauses
c strengthened:               6325         4.13 %  of all clauses
c ticks:                 477938444         6.87    propagation
c vivified:                   5088         3.33 %  of all clauses
c walked:                        2     25000.00    interval
c weakened:                  35118         2.90    average size
c congruence:                    9      5555.56    interval
c 
c seconds are measured in process time for solving
c 
c --- [ glue usage ] ---------------------------------------------------------
c 
c focused glue 1 used 447824 clauses 81.28% accumulated 81.28% tier1
c focused glue 2 used 53324 clauses 9.679% accumulated 90.96% tier2
c 
c stable glue 1 used 395278 clauses 85.21% accumulated 85.21% tier1
c stable glue 2 used 35132 clauses 7.573% accumulated 92.78% tier2
c 
c 
c --- [ resources ] ----------------------------------------------------------
c 
c total process time since initialization:         8.24    seconds
c total real time since initialization:            8.28    seconds
c maximum resident set size of process:        50480.00    MB
c 
c --- [ shutting down ] ------------------------------------------------------
c 
c exit 0
