c --- [ banner ] -------------------------------------------------------------
c 
c CaDiCaL SAT Solver
c Copyright (c) 2016-2025
c A. Biere, M. Fleury, N. Froleyks, K. Fazekas, F. Pollitt, T. Faller
c JKU Linz, University of Freiburg, TU Wien
c 
c Version 3.0.0
c Apple clang version 17.0.0 (clang-1700.6.3.2) -Wall -Wextra -O3 -DNDEBUG -DNCLOSEFROM
c Tue Dec 23 21:53:38 UTC 2025 Darwin Tahoe-arm64.local 25.2.0 arm64
c 
c --- [ limit ] --------------------------------------------------------------
c 
c setting conflict limit to 50000 conflicts (due to '50000')
c 
c --- [ parsing input ] ------------------------------------------------------
c 
c reading DIMACS file from 'headline_hunt/bets/cascade_aux_encoding/cnfs/aux_expose_sr61_n32_bit6_m024723f3_fill7fffffff.cnf'
c opening file to read 'headline_hunt/bets/cascade_aux_encoding/cnfs/aux_expose_sr61_n32_bit6_m024723f3_fill7fffffff.cnf'
c found 'p cnf 12855 53852' header
c parsed 53852 clauses in 0.01 seconds process time
c 
c --- [ options ] ------------------------------------------------------------
c 
c   --seed=5                       (different from default '0')
c 
c --- [ solving ] ------------------------------------------------------------
c 
c time measured in process time since initialization
c 
c  seconds  reduction conflicts       size tier2       variables
c         MB    restarts   redundant    glue  trail         remaining
c          level     rate       size/glu tier1  irredundant
c 
c *  0.01  0  0 0   0  0    0    0 0.0 0 0 2 6  0% 53787 12854 100%
c (  0.01  0  0 0   0  0    0    0 0.0 0 0 2 6  0% 53787 12854 100%
c .  0.01  0  0 0   0  0    0    0 0.0 0 0 2 6  0% 53787 12854 100%
c c  0.03  0  0 0   0  0    0    0 0.0 0 0 2 6  0% 51283 12214 95%
c d  0.03  0  0 0   0  0    0    0 0.0 0 0 2 6  0% 46577 10885 85%
c 2  0.03  0  0 0   0  0    0    0 0.0 0 0 2 6  0% 46517 10885 85%
c f  0.05  0  0 0   0  0    0    0 0.0 0 0 2 6  0% 46451 10951 85%
c e  0.06  0  0 0   0  0    0    0 0.0 0 0 2 6  0% 43370 7634 59%
c s  0.06  0  0 0   0  0    0    0 0.0 0 0 2 6  0% 43366 7634 59%
c s  0.07  0  0 0   0  0    0    0 0.0 0 0 2 6  0% 43359 7634 59%
c P  0.07  0  0 0   0  0    0    0 0.0 0 0 2 6  0% 43359 7634 59%
c )  0.07  0  0 0   0  0    0    0 0.0 0 0 2 6  0% 43359 7634 59%
c {  0.07  0  0 0   0  0    0    0 0.0 0 0 2 6  0% 43359 7634 59%
c -  0.08  0 768 1  34 40  301  218 1.5 5 3 2 6 14% 43359 7634 59%
c -  0.08  0 501 2  53 53  735  563 1.6 5 3 2 6 13% 43359 7634 59%
c }  0.08  0 409 2  65 47 1003  783 1.6 5 3 2 6 12% 43359 7634 59%
c [  0.08  0  0 2  65  0 1003  783 0.0 0 0 2 6  0% 43359 7634 59%
c O  0.09  0 504 2  65 505 1004  784 2.1 183 87 2 6 45% 43359 7634 59%
c ]  0.09  0 496 2  65 20 1029  809 2.0 175 88 2 6 43% 43359 7634 59%
c {  0.09  0 409 2  65 47 1029  809 1.6 5 3 2 6 12% 43359 7634 59%
c 
c  seconds   reduction conflicts       size tier2      variables
c         MB     restarts   redundant    glue  trail        remaining
c           level     rate       size/glu tier1  irredundant
c 
c -  0.10  0 314 3 135 38 1412 1006 1.6 5 3 2 6 11% 43359 7634 59%
c 2  0.11  0 229 3 252 30 2238 1681 1.6 6 4 2 6  5% 43297 7634 59%
c d  0.11  0 229 3 252 30 2238 1571 1.6 6 4 2 6  5% 43185 7542 59%
c c  0.12  0 229 3 252 30 2238 1571 1.6 6 4 2 6  5% 43110 7542 59%
c d  0.12  0 229 3 252 30 2238 1518 1.6 6 4 2 6  5% 43076 7525 59%
c 2  0.13  0 229 3 252 30 2238 1517 1.6 6 4 2 6  5% 43068 7525 59%
c t  0.13  0 229 3 252 30 2238 1517 1.6 6 4 2 6  5% 43067 7525 59%
c -  0.13  0 222 4 266 29 2351 1370 1.6 6 4 2 6  5% 43067 7525 59%
c O  0.13  0 202 4 282 24 3005 1824 1.6 6 4 2 6  7% 43067 7525 59%
c -  0.14  0 191 5 334 23 3572 2101 1.6 6 4 2 6  8% 43067 7525 59%
c s  0.15  0 178 5 389 22 4134 2532 1.6 6 4 2 6  8% 43059 7525 59%
c t  0.15  0 178 5 389 22 4134 2531 1.6 6 4 2 6  8% 43057 7525 59%
c e  0.17  0 178 5 389 22 4134 2453 1.6 6 4 2 6  8% 42956 7070 55%
c s  0.17  0 178 5 389 22 4134 2453 1.6 6 4 2 6  8% 42955 7070 55%
c d  0.18  0 164 5 429 21 4738 2353 1.6 6 4 2 6  7% 42884 7006 55%
c c  0.19  0 164 5 429 21 4738 2353 1.6 6 4 2 6  7% 42667 7006 55%
c d  0.19  0 164 5 429 21 4738 2248 1.6 6 4 2 6  7% 42613 6979 54%
c 2  0.20  0 164 5 429 21 4738 2247 1.6 6 4 2 6  7% 42607 6979 54%
c =  0.20  0 164 5 429 21 4738 2227 1.6 6 4 2 6  7% 42602 6970 54%
c -  0.21  0 158 6 443 20 5066 1863 1.6 6 4 2 3  7% 42601 6970 54%
c 
c  seconds   reduction conflicts       size tier2      variables
c         MB     restarts   redundant    glue  trail        remaining
c           level     rate       size/glu tier1  irredundant
c 
c }  0.21  0 155 6 450 19 5183 1944 1.6 6 4 2 3  7% 42601 6970 54%
c [  0.21  0 496 6 450 20 5183 1944 2.0 175 88 2 6 72% 42601 6970 54%
c I  0.22  0 278 6 450  2 6006 2743 2.4 48 20 14 27 26% 42601 6970 54%
c ]  0.24  0 206 6 451  2 6838 3481 2.0 51 26 9 23 20% 42601 6970 54%
c {  0.24  0 155 6 451 19 6838 3481 1.6 6 4 2 3  7% 42601 6970 54%
c -  0.24  0 156 7 454 20 6845 2237 1.6 6 4 2 3  7% 42601 6970 54%
c c  0.26  0 147 7 511 19 7342 2364 1.6 6 4 2 3  6% 42394 6937 54%
c d  0.26  0 147 7 511 19 7342 2270 1.6 6 4 2 3  6% 42354 6917 54%
c -  0.27  0 139 8 684 18 8913 2641 1.6 6 4 2 3  7% 42354 6917 54%
c #  0.28  0 129 8 795 18 10008 3317 1.6 6 4 2 3  6% 42354 6917 54%
c d  0.28  0 129 8 798 18 10041 2969 1.6 6 4 2 3  6% 42354 6853 53%
c c  0.29  0 129 8 798 18 10041 2969 1.6 6 4 2 3  6% 42066 6853 53%
c d  0.29  0 129 8 798 18 10041 2821 1.6 6 4 2 3  6% 41984 6812 53%
c 2  0.29  0 129 8 798 18 10041 2821 1.6 6 4 2 3  6% 41978 6812 53%
c =  0.30  0 129 8 798 18 10041 2733 1.6 6 4 2 3  6% 41978 6785 53%
c }  0.34  0 126 8 935 18 10877 3428 1.8 9 5 2 3 17% 41978 6785 53%
c [  0.34  0 206 8 935  2 10877 3428 2.0 51 26 9 23 22% 41978 6785 53%
c ]  0.41  0 193 8 935  2 11202 3733 2.3 71 31 9 23 28% 41978 6785 53%
c {  0.41  0 126 8 935 18 11202 3733 1.8 9 5 2 3 17% 41978 6785 53%
c -  0.41  0 126 9 953 18 11273 2955 1.9 9 5 2 3 17% 41978 6785 53%
c 
c  seconds   reductions  conflicts       size  tier2      variables
c         MB     restarts     redundant     glue  trail        remaining
c           level      rate        size/glue tier1  irredundant
c 
c 2  0.50  0 118 9 1299 18 12828 4347 2.1 16 7 2 3 19% 41975 6785 53%
c p  0.51  0 118 9 1299 18 12828 5071 2.1 16 7 2 3 19% 41975 6774 53%
c c  0.52  0 118 9 1299 18 12828 5071 2.1 16 7 2 3 19% 41842 6774 53%
c =  0.53  0 118 9 1299 18 12828 5019 2.1 16 7 2 3 19% 41812 6738 52%
c u  0.54  0 118 9 1299 18 12828 3642 2.1 16 7 2 3 19% 41788 6738 52%
c v  0.54  0 118 9 1299 18 12828 3447 2.1 16 7 2 3 19% 41788 6738 52%
c w  0.54  0 118 9 1299 18 12828 3447 2.1 16 7 2 3 19% 41788 6738 52%
c x  0.55  0 118 9 1299 18 12828 3447 2.1 16 7 2 3 19% 41593 6738 52%
c 2  0.55  0 118 9 1299 18 12828 3443 2.1 16 7 2 3 19% 41585 6738 52%
c f  0.56  0 118 9 1299 18 12828 3431 2.1 16 7 2 3 18% 41233 7093 55%
c }  0.56  0 118 9 1322 18 12924 3516 2.2 16 7 2 3 18% 41233 7093 55%
c [  0.56  0 193 9 1322  2 12924 3516 2.3 71 31 9 23 26% 41233 7093 55%
c ]  0.69  0 170 9 1323  2 13556 4119 2.7 92 34 1 2 32% 41233 7093 55%
c {  0.69  0 118 9 1323 18 13556 4119 2.2 16 7 2 3 18% 41233 7093 55%
c -  0.72  0 116 10 1408 18 13927 2645 2.2 17 8 2 3 18% 41232 7093 55%
c }  0.86  0 115 10 1545 17 14468 3169 2.4 26 11 2 3 25% 41232 7093 55%
c [  0.86  0 170 10 1545  2 14468 3169 2.7 92 34 1 2 32% 41232 7093 55%
c s  0.90  0 168 10 1545  2 14548 3209 2.7 95 35 1 2 33% 40313 7093 55%
c t  0.90  0 168 10 1545  2 14548 3209 2.7 95 35 1 2 33% 40309 7093 55%
c e  0.91  0 168 10 1545  2 14548 2638 2.7 95 35 1 2 33% 39949 6734 52%
c 
c  seconds   reductions   conflicts       size   tier2      variables
c         MB      restarts     redundant     glue   trail        remaining
c           level       rate        size/glue  tier1  irredundant
c 
c s  0.91  0 168 10 1545  2 14548 2616 2.7 95 35 1 2 33% 39658 6734 52%
c e  0.91  0 168 10 1545  2 14548 2616 2.7 95 35 1 2 33% 39640 6730 52%
c B  0.99  0 158 10 1545  2 15009 3035 2.7 97 36 1 2 34% 39640 6730 52%
c 2  1.07  0 149 10 1545  2 15696 3668 2.6 96 37 1 2 33% 39638 6730 52%
c p  1.07  0 149 10 1545  2 15696 4489 2.6 96 37 1 2 33% 39638 6725 52%
c c  1.08  0 149 10 1545  2 15696 4489 2.6 96 37 1 2 33% 39571 6725 52%
c d  1.08  0 149 10 1545  2 15696 4471 2.6 96 37 1 2 33% 39555 6717 52%
c 2  1.08  0 149 10 1545  2 15696 4471 2.6 96 37 1 2 33% 39554 6717 52%
c u  1.12  0 149 10 1545  2 15696 4192 2.6 96 37 1 2 33% 39554 6717 52%
c v  1.12  0 149 10 1545  2 15696 4067 2.6 96 37 1 2 33% 39554 6717 52%
c w  1.13  0 149 10 1545  2 15696 4006 2.6 96 37 1 2 33% 39554 6717 52%
c f  1.15  0 149 10 1545  2 15696 3829 2.6 96 37 1 2 33% 39516 6924 54%
c ]  1.17  0 147 10 1545  2 15786 3917 2.6 98 37 1 2 33% 39516 6924 54%
c {  1.17  0 115 10 1545 17 15786 3917 2.4 26 11 2 3 24% 39516 6924 54%
c -  1.35  0 113 11 1827 17 16878 2893 2.4 33 14 2 3 28% 39516 6924 54%
c }  1.41  0 113 11 1873 17 17062 3074 2.4 36 15 2 3 30% 39516 6924 54%
c [  1.41  0 147 11 1873  2 17062 3074 2.6 98 37 1 2 33% 39516 6924 54%
c d  1.63  0 134 11 1875  2 18638 4475 2.4 95 39 1 2 33% 39501 6921 54%
c p  1.63  0 134 11 1875  2 18638 5127 2.4 95 39 1 2 33% 39501 6921 54%
c c  1.64  0 134 11 1875  2 18638 5127 2.4 95 39 1 2 33% 39490 6921 54%
c 
c  seconds   reductions   conflicts       size   tier2      variables
c         MB      restarts     redundant     glue   trail        remaining
c           level       rate        size/glue  tier1  irredundant
c 
c d  1.64  0 134 11 1875  2 18638 5124 2.4 95 39 1 2 33% 39486 6919 54%
c 2  1.64  0 134 11 1875  2 18638 5124 2.4 95 39 1 2 33% 39482 6919 54%
c u  1.65  0 134 11 1875  2 18638 4965 2.4 95 39 1 2 33% 39482 6919 54%
c v  1.65  0 134 11 1875  2 18638 4833 2.4 95 39 1 2 33% 39482 6919 54%
c w  1.66  0 134 11 1875  2 18638 4817 2.4 95 39 1 2 33% 39482 6919 54%
c x  1.66  0 134 11 1875  2 18638 4817 2.4 95 39 1 2 33% 39463 6919 54%
c f  1.66  0 134 11 1875  2 18638 4763 2.4 95 39 1 2 33% 39467 6964 54%
c ]  1.75  0 132 11 1875  2 18856 4973 2.4 98 41 1 2 34% 39467 6964 54%
c {  1.75  0 113 11 1875 17 18856 4973 2.4 36 15 2 3 29% 39467 6964 54%
c }  2.10  0 112 11 2117 16 19820 5906 2.4 48 20 2 3 37% 39467 6964 54%
c [  2.10  0 132 11 2117  2 19820 5906 2.4 98 41 1 2 34% 39467 6964 54%
c -  2.24  0 130 12 2117  2 20125 3235 2.4 104 43 1 2 37% 39467 6964 54%
c ]  2.48  0 126 12 2118  2 20782 3883 2.5 112 45 1 2 40% 39467 6964 54%
c {  2.48  0 112 12 2118 16 20782 3883 2.4 48 20 2 3 37% 39467 6964 54%
c B  2.57  0 112 12 2175 16 21010 4110 2.4 51 21 2 3 39% 39467 6964 54%
c p  2.80  0 111 12 2335 15 21648 5364 2.4 59 24 1 2 43% 39467 6963 54%
c c  2.81  0 111 12 2335 15 21648 5364 2.4 59 24 1 2 43% 39461 6963 54%
c =  2.88  0 111 12 2335 15 21648 5363 2.4 59 24 1 2 43% 39452 6955 54%
c u  2.89  0 111 12 2335 15 21648 5283 2.4 59 24 1 2 43% 39452 6955 54%
c v  2.89  0 111 12 2335 15 21648 5195 2.4 59 24 1 2 43% 39452 6955 54%
c 
c  seconds   reductions   conflicts       size   tier2      variables
c         MB      restarts     redundant     glue   trail        remaining
c           level       rate        size/glue  tier1  irredundant
c 
c w  2.91  0 111 12 2335 15 21648 4926 2.4 59 24 1 2 43% 39452 6955 54%
c 2  2.91  0 111 12 2335 15 21648 4922 2.4 59 24 1 2 43% 39452 6955 54%
c f  2.91  0 111 12 2335 15 21648 4868 2.4 59 24 1 2 43% 39482 6979 54%
c }  3.03  0 111 12 2409 15 21943 5163 2.4 63 26 1 2 44% 39482 6979 54%
c [  3.03  0 126 12 2409  2 21943 5163 2.5 112 45 1 2 40% 39482 6979 54%
c ]  3.54  0 121 12 2409  2 23169 6332 2.5 126 50 1 2 46% 39482 6979 54%
c {  3.54  0 111 12 2409 15 23169 6332 2.4 63 26 1 2 44% 39482 6979 54%
c -  3.67  0 110 13 2520 15 23672 3153 2.4 66 27 1 2 45% 39482 6979 54%
c p  4.07  0 109 13 2783 14 24725 4716 2.5 75 30 1 2 49% 39482 6979 54%
c =  4.15  0 109 13 2783 14 24725 4594 2.5 75 30 1 2 49% 39420 6787 53%
c u  4.16  0 109 13 2783 14 24725 4455 2.5 75 30 1 2 49% 39233 6787 53%
c v  4.16  0 109 13 2783 14 24725 4407 2.5 75 30 1 2 49% 39233 6787 53%
c w  4.18  0 109 13 2783 14 24725 4079 2.5 75 30 1 2 49% 39233 6787 53%
c t  4.18  0 109 13 2783 14 24725 4079 2.5 75 30 1 2 49% 39227 6787 53%
c 2  4.18  0 109 13 2783 14 24725 4076 2.5 75 30 1 2 49% 39227 6787 53%
c f  4.19  0 109 13 2783 14 24725 4073 2.5 75 30 1 2 49% 39220 6793 53%
c }  4.22  0 109 13 2800 14 24797 4143 2.5 76 31 1 2 50% 39220 6793 53%
c [  4.22  0 121 13 2800  2 24797 4143 2.5 126 50 1 2 46% 39220 6793 53%
c ]  4.86  0 117 13 2801  1 26281 5610 2.6 139 54 1 2 51% 39220 6793 53%
c {  4.86  0 109 13 2801 14 26281 5610 2.5 76 31 1 2 50% 39220 6793 53%
c 
c  seconds   reductions   conflicts       size   tier2      variables
c         MB      restarts     redundant     glue   trail        remaining
c           level       rate        size/glue  tier1  irredundant
c 
c -  5.16  0 108 14 3033 13 27519 3128 2.5 82 33 1 2 51% 39220 6793 53%
c p  5.17  0 108 14 3033 13 27864 3968 2.5 82 33 1 2 49% 39220 6793 53%
c =  5.23  0 108 14 3033 13 27864 3968 2.5 82 33 1 2 49% 39220 6791 53%
c u  5.23  0 108 14 3033 13 27864 3875 2.5 82 33 1 2 49% 39072 6791 53%
c v  5.23  0 108 14 3033 13 27864 3821 2.5 82 33 1 2 49% 39072 6791 53%
c w  5.24  0 108 14 3033 13 27864 3754 2.5 82 33 1 2 49% 39072 6791 53%
c x  5.24  0 108 14 3033 13 27864 3753 2.5 82 33 1 2 49% 38833 6791 53%
c 2  5.25  0 108 14 3033 13 27864 3753 2.5 82 33 1 2 49% 38829 6791 53%
c f  5.25  0 108 14 3033 13 27864 3742 2.5 82 33 1 2 49% 38836 6795 53%
c W  5.39  0 108 14 3060 13 28014 3874 2.5 82 33 1 2 50% 38836 6795 53%
c s  5.51  0 107 14 3134 12 29899 5615 2.5 80 32 1 2 45% 38290 6795 53%
c e  5.52  0 107 14 3134 12 29899 5114 2.5 80 32 1 2 45% 36870 6511 51%
c s  5.52  0 107 14 3134 12 29899 5108 2.5 80 32 1 2 45% 36821 6511 51%
c -  5.62  0 107 15 3208 11 31667 3500 2.4 78 32 1 2 23% 36819 6511 51%
c 2  5.62  0 107 15 3208 11 31667 3493 2.4 78 32 1 2 23% 36819 6511 51%
c p  5.62  0 107 15 3208 11 31667 3926 2.4 78 32 1 2 23% 36819 6511 51%
c t  5.66  0 107 15 3208 11 31667 3926 2.4 78 32 1 2 23% 36816 6511 51%
c f  5.66  0 107 15 3208 11 31667 3915 2.4 78 32 1 2 23% 36795 6538 51%
c }  5.78  0 107 15 3298 11 34069 6168 2.4 76 31 1 2 23% 36795 6538 51%
c [  5.78  0 117 15 3298  1 34069 6168 2.6 139 54 1 2 58% 36795 6538 51%
c 
c  seconds   reductions   conflicts        size   tier2      variables
c         MB      restarts     redundant      glue   trail        remaining
c           level       rate        size/glue   tier1  irredundant
c 
c W  6.32  0 117 15 3298  1 36016 8056 2.8 151 54 1 2 59% 36795 6538 51%
c -  6.33  0 117 16 3298  1 36115 4240 2.8 151 54 1 2 59% 36795 6538 51%
c p  6.34  0 117 16 3298  1 36115 4702 2.8 151 54 1 2 59% 36795 6538 51%
c u  6.34  0 117 16 3298  1 36115 4210 2.8 151 54 1 2 59% 36794 6538 51%
c v  6.34  0 117 16 3298  1 36115 3904 2.8 151 54 1 2 59% 36794 6538 51%
c w  6.34  0 117 16 3298  1 36115 3904 2.8 151 54 1 2 59% 36794 6538 51%
c f  6.35  0 117 16 3298  1 36115 3901 2.8 151 54 1 2 59% 36796 6539 51%
c ]  6.67  0 116 16 3299  1 37315 5031 2.8 155 56 1 2 60% 36796 6539 51%
c {  6.67  0 107 16 3299 11 37315 5031 2.4 76 31 1 2 23% 36796 6539 51%
c -  7.23  0 106 17 3748 10 40865 4226 2.3 79 35 1 2 34% 36796 6539 51%
c p  7.23  0 106 17 3748 10 40865 4674 2.3 79 35 1 2 34% 36796 6539 51%
c =  7.29  0 106 17 3748 10 40865 4669 2.3 79 35 1 2 34% 36796 6517 51%
c u  7.29  0 106 17 3748 10 40865 4421 2.3 79 35 1 2 34% 36796 6517 51%
c v  7.29  0 106 17 3748 10 40865 4187 2.3 79 35 1 2 34% 36796 6517 51%
c w  7.29  0 106 17 3748 10 40865 4187 2.3 79 35 1 2 34% 36796 6517 51%
c 2  7.29  0 106 17 3748 10 40865 4187 2.3 79 35 1 2 34% 36786 6517 51%
c }  7.53  0 105 17 3979 10 42342 5547 2.3 81 36 1 2 36% 36786 6517 51%
c [  7.53  0 116 17 3979  1 42342 5547 2.8 155 56 1 2 60% 36786 6517 51%
c O  7.97  0 114 17 3981  1 45019 8068 2.7 150 55 1 2 57% 36786 6517 51%
c -  8.16  0 112 18 3981  1 45919 4705 2.7 149 55 1 2 56% 36786 6517 51%
c 
c  seconds   reductions   conflicts        size   tier2      variables
c         MB      restarts     redundant      glue   trail        remaining
c           level       rate        size/glue   tier1  irredundant
c 
c p  8.17  0 112 18 3981  1 45919 5135 2.7 149 55 1 2 56% 36786 6517 51%
c =  8.22  0 112 18 3981  1 45919 5133 2.7 149 55 1 2 56% 36782 6451 50%
c u  8.23  0 112 18 3981  1 45919 4883 2.7 149 55 1 2 56% 36780 6451 50%
c v  8.23  0 112 18 3981  1 45919 4685 2.7 149 55 1 2 56% 36780 6451 50%
c w  8.23  0 112 18 3981  1 45919 4675 2.7 149 55 1 2 56% 36780 6451 50%
c 2  8.23  0 112 18 3981  1 45919 4670 2.7 149 55 1 2 56% 36762 6451 50%
c f  8.23  0 112 18 3981  1 45919 4670 2.7 149 55 1 2 56% 36760 6453 50%
c ]  8.61  0 111 18 3983  1 47395 6103 2.7 152 56 1 2 57% 36760 6453 50%
c {  8.61  0 105 18 3983 10 47395 6103 2.3 81 36 1 2 36% 36760 6453 50%
c s  8.69  0 105 18 4017  9 49896 8443 2.2 79 35 1 2 33% 36178 6453 50%
c e  8.70  0 105 18 4017  9 49896 7051 2.2 79 35 1 2 33% 36166 6391 50%
c s  8.70  0 105 18 4017  9 49896 7047 2.2 79 35 1 2 33% 36123 6391 50%
c e  8.70  0 105 18 4017  9 49896 7047 2.2 79 35 1 2 33% 36122 6389 50%
c }  8.72  0 105 18 4021  9 50001 7144 2.2 79 35 1 2 33% 36122 6389 50%
c ?  8.72  0 105 18 4021  9 50001 7144 2.2 79 35 1 2 33% 36122 6389 50%
c 
c --- [ result ] -------------------------------------------------------------
c 
c UNKNOWN
c 
c --- [ run-time profiling ] -------------------------------------------------
c 
c process time taken by individual solving procedures
c (percentage relative to process time for solving)
c 
c         7.78   89.33% search
c         4.14   47.49% stable
c         3.52   40.45% unstable
c         0.93   10.63% simplify
c         0.38    4.31% sweep
c         0.14    1.63% vivify
c         0.13    1.52% congruence
c         0.12    1.34% walk
c         0.10    1.11% factor
c         0.06    0.69% preprocess
c         0.05    0.59% elim
c         0.03    0.35% subsume
c         0.02    0.18% fastelim
c         0.01    0.16% probe
c         0.01    0.13% ternary
c         0.01    0.09% parse
c         0.01    0.06% backbone
c         0.00    0.05% lucky
c   =================================
c         8.71   99.90% solve
c 
c last line shows process time for solving
c (percentage relative to total process time)
c 
c --- [ statistics ] ---------------------------------------------------------
c 
c chronological:             11211        22.42 %  of conflicts
c conflicts:                 50001      5740.37    per second
c backbone:                 363836      2676.84 %  of vars
c decisions:                328772     37744.73    per second
c eliminated:                 4483        32.98 %  of all variables
c factored:                    737        11.27 %  of variables
c fixed:                       641         4.72 %  of all variables
c learned:                   47056        94.11 %  per conflict
c learned_lits:           10304046       100.00 %  learned literals
c minimized:                     0         0.00 %  learned literals
c shrunken:                1294074        12.56 %  learned literals
c minishrunken:            4097339        39.76 %  learned literals
c otfs:                       2098         4.20 %  of conflict
c propagations:           79361617         9.11 M  per second
c reduced:                   28926        57.85 %  per conflict
c rephased:                      9      5555.67    interval
c restarts:                   4021        12.43    interval
c stabilizing:                  11        35.29 %  of conflicts
c substituted:                2079        15.30 %  of all variables
c sweep equivs:                347         5.42 %  of swept variables
c subsumed:                  13529         8.87 %  of all clauses
c strengthened:               6650         4.36 %  of all clauses
c ticks:                 514039309         6.63    propagation
c vivified:                   4733         3.10 %  of all clauses
c walked:                        2     25000.50    interval
c weakened:                  33036         2.87    average size
c congruence:                   12      4166.75    interval
c 
c seconds are measured in process time for solving
c 
c --- [ glue usage ] ---------------------------------------------------------
c 
c focused glue 1 used 501114 clauses 83.61% accumulated 83.61% tier1
c focused glue 2 used 50840 clauses 8.483% accumulated 92.10% tier2
c 
c stable glue 1 used 443022 clauses 84.14% accumulated 84.14% tier1
c stable glue 2 used 39407 clauses 7.484% accumulated 91.63% tier2
c 
c 
c --- [ resources ] ----------------------------------------------------------
c 
c total process time since initialization:         8.72    seconds
c total real time since initialization:            8.77    seconds
c maximum resident set size of process:        51792.00    MB
c 
c --- [ shutting down ] ------------------------------------------------------
c 
c exit 0
