c --- [ banner ] -------------------------------------------------------------
c 
c CaDiCaL SAT Solver
c Copyright (c) 2016-2025
c A. Biere, M. Fleury, N. Froleyks, K. Fazekas, F. Pollitt, T. Faller
c JKU Linz, University of Freiburg, TU Wien
c 
c Version 3.0.0
c Apple clang version 17.0.0 (clang-1700.6.3.2) -Wall -Wextra -O3 -DNDEBUG -DNCLOSEFROM
c Tue Dec 23 21:53:38 UTC 2025 Darwin Tahoe-arm64.local 25.2.0 arm64
c 
c --- [ limit ] --------------------------------------------------------------
c 
c setting conflict limit to 50000 conflicts (due to '50000')
c 
c --- [ parsing input ] ------------------------------------------------------
c 
c reading DIMACS file from 'headline_hunt/bets/cascade_aux_encoding/cnfs/aux_force_sr61_n32_bit6_m024723f3_fill7fffffff.cnf'
c opening file to read 'headline_hunt/bets/cascade_aux_encoding/cnfs/aux_force_sr61_n32_bit6_m024723f3_fill7fffffff.cnf'
c found 'p cnf 12855 53852' header
c parsed 53852 clauses in 0.01 seconds process time
c 
c --- [ options ] ------------------------------------------------------------
c 
c   --seed=5                       (different from default '0')
c 
c --- [ solving ] ------------------------------------------------------------
c 
c time measured in process time since initialization
c 
c  seconds  reduction conflicts       size tier2       variables
c         MB    restarts   redundant    glue  trail         remaining
c          level     rate       size/glu tier1  irredundant
c 
c *  0.01  0  0 0   0  0    0    0 0.0 0 0 2 6  0% 53339 12374 96%
c (  0.01  0  0 0   0  0    0    0 0.0 0 0 2 6  0% 53339 12374 96%
c .  0.01  0  0 0   0  0    0    0 0.0 0 0 2 6  0% 52315 12374 96%
c c  0.03  0  0 0   0  0    0    0 0.0 0 0 2 6  0% 49585 11906 93%
c d  0.03  0  0 0   0  0    0    0 0.0 0 0 2 6  0% 45507 10558 82%
c 2  0.04  0  0 0   0  0    0    0 0.0 0 0 2 6  0% 45357 10558 82%
c f  0.05  0  0 0   0  0    0    0 0.0 0 0 2 6  0% 45087 10828 84%
c e  0.06  0  0 0   0  0    0    0 0.0 0 0 2 6  0% 37245 6850 53%
c s  0.07  0  0 0   0  0    0    0 0.0 0 0 2 6  0% 37243 6850 53%
c s  0.07  0  0 0   0  0    0    0 0.0 0 0 2 6  0% 37234 6850 53%
c s  0.07  0  0 0   0  0    0    0 0.0 0 0 2 6  0% 37234 6850 53%
c P  0.08  0  0 0   0  0    0    0 0.0 0 0 2 6  0% 37234 6850 53%
c )  0.08  0  0 0   0  0    0    0 0.0 0 0 2 6  0% 37234 6850 53%
c {  0.08  0  0 0   0  0    0    0 0.0 0 0 2 6  0% 37234 6850 53%
c -  0.08  0 1060 1  16 46  300  236 1.4 4 3 2 6 20% 37234 6850 53%
c -  0.09  0 549 2  54 28  735  576 1.5 5 3 2 6 16% 37234 6850 53%
c }  0.09  0 510 2 114 27 1003  815 1.6 5 3 2 6 16% 37234 6850 53%
c [  0.09  0  0 2 114  0 1003  815 0.0 0 0 2 6  0% 37234 6850 53%
c O  0.09  0 156 2 114 157 1004  816 2.0 2 1 2 6 15% 37234 6850 53%
c -  0.10  0 467 3 114  3 1413  944 1.8 26 14 2 6 25% 37234 6850 53%
c 
c  seconds   reduction conflicts       size   tier2      variables
c         MB     restarts   redundant     glue   trail        remaining
c           level     rate       size/glue  tier1  irredundant
c 
c ]  0.10  0 466 3 114  2 1859 1354 1.8 29 16 2 6 26% 37234 6850 53%
c {  0.10  0 510 3 114 27 1859 1354 1.6 5 3 2 6 16% 37234 6850 53%
c 2  0.11  0 384 3 195 23 2234 1697 1.6 6 4 2 6 12% 37173 6850 53%
c p  0.11  0 384 3 195 23 2234 1689 1.6 6 4 2 6 12% 37161 6839 53%
c c  0.13  0 384 3 195 23 2234 1689 1.6 6 4 2 6 12% 37143 6839 53%
c d  0.13  0 384 3 195 23 2234 1688 1.6 6 4 2 6 12% 37125 6830 53%
c 2  0.13  0 384 3 195 23 2234 1688 1.6 6 4 2 6 12% 37123 6830 53%
c -  0.13  0 359 4 210 22 2352 1366 1.6 6 4 2 6 15% 37123 6830 53%
c O  0.14  0 266 4 326 19 3007 1948 1.6 7 4 2 6 11% 37123 6830 53%
c -  0.14  0 224 5 373 17 3564 2102 1.6 7 4 2 6 11% 37123 6830 53%
c s  0.16  0 191 5 507 16 4216 2676 1.7 8 5 2 6 11% 37109 6830 53%
c t  0.16  0 191 5 507 16 4216 2674 1.7 8 5 2 6 11% 37109 6830 53%
c e  0.18  0 191 5 507 16 4216 2084 1.7 8 5 2 6 11% 37040 6353 49%
c s  0.18  0 191 5 507 16 4216 2066 1.7 8 5 2 6 11% 36896 6353 49%
c }  0.19  0 186 5 523 16 4475 2304 1.7 8 5 2 6 12% 36896 6353 49%
c [  0.19  0 466 5 523  2 4475 2304 1.8 29 16 2 6 49% 36896 6353 49%
c 2  0.19  0 380 5 524  2 4735 2546 2.0 28 14 2 6 41% 36896 6353 49%
c c  0.20  0 380 5 524  2 4735 2540 2.0 28 14 2 6 41% 36868 6348 49%
c d  0.21  0 380 5 524  2 4735 2534 2.0 28 14 2 6 41% 36856 6342 49%
c 2  0.21  0 380 5 524  2 4735 2534 2.0 28 14 2 6 41% 36854 6342 49%
c 
c  seconds   reduction conflicts       size   tier2      variables
c         MB     restarts   redundant     glue   trail        remaining
c           level     rate       size/glue  tier1  irredundant
c 
c =  0.21  0 380 5 524  2 4735 2533 2.0 28 14 2 6 41% 36782 6282 49%
c -  0.22  0 320 6 524  3 5061 2434 2.0 24 12 2 5 34% 36782 6282 49%
c I  0.23  0 236 6 525  2 6010 3233 2.0 21 10 2 3 24% 36782 6282 49%
c -  0.24  0 200 7 525  2 6839 3045 2.2 26 12 1 2 27% 36782 6282 49%
c c  0.26  0 189 7 525  2 7338 3446 2.2 27 12 2 5 28% 36774 6281 49%
c ]  0.27  0 166 7 526  2 8602 4473 2.1 25 12 2 5 23% 36770 6279 49%
c {  0.27  0 186 7 526 16 8602 4473 1.7 8 5 2 6 12% 36770 6279 49%
c -  0.28  0 175 8 584 15 8908 3706 1.7 8 5 2 6 11% 36770 6279 49%
c #  0.29  0 148 8 733 14 10013 4678 1.8 8 5 2 3 11% 36770 6279 49%
c =  0.31  0 148 8 733 14 10035 4699 1.8 8 5 2 3 11% 36718 6188 48%
c 2  0.31  0 148 8 733 14 10035 4699 1.8 8 5 2 3 11% 36716 6188 48%
c f  0.31  0 148 8 733 14 10035 4699 1.8 8 5 2 3 10% 36448 6456 50%
c -  0.33  0 129 9 879 13 11269 4272 1.8 9 5 2 3 11% 36448 6456 50%
c =  0.36  0 114 9 1123 12 12819 5626 1.9 10 5 2 3 11% 36447 6415 50%
c }  0.37  0 108 9 1242 12 13901 6529 1.9 10 5 1 2 11% 36447 6415 50%
c [  0.37  0 166 9 1242  2 13901 6529 2.1 25 12 2 5 22% 36447 6415 50%
c -  0.38  0 165 10 1242  2 13922 4231 2.1 25 12 2 5 22% 36447 6415 50%
c s  0.38  0 158 10 1242  2 14368 4479 2.1 25 12 2 5 24% 35420 6415 50%
c t  0.39  0 158 10 1242  2 14368 4478 2.1 25 12 2 5 24% 35420 6415 50%
c e  0.39  0 158 10 1242  2 14368 4032 2.1 25 12 2 5 24% 35387 6147 48%
c 
c  seconds   reductions   conflicts       size   tier2      variables
c         MB      restarts     redundant     glue   trail        remaining
c           level       rate        size/glue  tier1  irredundant
c 
c s  0.40  0 158 10 1242  2 14368 3967 2.1 25 12 2 5 24% 35147 6147 48%
c e  0.40  0 158 10 1242  2 14368 3958 2.1 25 12 2 5 24% 35144 6144 48%
c B  0.42  0 150 10 1243  2 15014 4488 2.2 26 12 2 5 16% 35144 6144 48%
c 2  0.43  0 144 10 1244  2 15686 5092 2.2 27 12 2 5 26% 35144 6144 48%
c c  0.44  0 144 10 1244  2 15686 5071 2.2 27 12 2 5 26% 35112 6137 48%
c d  0.44  0 144 10 1244  2 15686 5046 2.2 27 12 2 5 26% 35102 6132 48%
c =  0.45  0 144 10 1244  2 15686 5046 2.2 27 12 2 5 26% 35054 6096 47%
c f  0.45  0 144 10 1244  2 15686 5037 2.2 27 12 2 5 25% 35006 6150 48%
c -  0.47  0 138 11 1244  2 16871 3977 2.4 31 13 2 5 33% 35006 6150 48%
c =  0.52  0 137 11 1245  2 18626 5607 2.4 35 15 2 5 33% 34934 6087 47%
c ]  0.54  0 137 11 1245  2 19066 6022 2.4 37 15 2 5 34% 34934 6087 47%
c {  0.54  0 108 11 1245 12 19066 6022 1.9 10 5 1 2 12% 34934 6087 47%
c -  0.55  0 102 12 1407 12 20119 4250 1.9 10 5 1 2 12% 34934 6087 47%
c B  0.57  0 98 12 1574 12 21017 5056 1.9 10 6 1 2 13% 34934 6087 47%
c =  0.58  0 97 12 1680 12 21639 5584 1.9 10 6 1 2 13% 34930 5999 47%
c u  0.59  0 97 12 1680 12 21639 4820 1.9 10 6 1 2 13% 34921 5999 47%
c v  0.59  0 97 12 1680 12 21639 4702 1.9 10 6 1 2 13% 34921 5999 47%
c w  0.59  0 97 12 1680 12 21639 4701 1.9 10 6 1 2 13% 34921 5999 47%
c x  0.59  0 97 12 1680 12 21639 4701 1.9 10 6 1 2 13% 34908 5999 47%
c 2  0.59  0 97 12 1680 12 21639 4701 1.9 10 6 1 2 13% 34906 5999 47%
c 
c  seconds  reductions   conflicts       size  tier2      variables
c         MB     restarts     redundant     glue  trail        remaining
c          level       rate        size/glue tier1  irredundant
c 
c f  0.60  0 97 12 1680 12 21639 4701 1.9 10 6 1 2 13% 34832 6065 47%
c -  0.63  0 90 13 1987 12 23666 4364 1.9 11 6 1 2 13% 34832 6065 47%
c d  0.65  0 88 13 2141 12 24716 5143 1.9 11 6 1 2 13% 34825 6039 47%
c c  0.66  0 88 13 2141 12 24716 5143 1.9 11 6 1 2 13% 34779 6039 47%
c d  0.66  0 88 13 2141 12 24716 5093 1.9 11 6 1 2 13% 34759 6029 47%
c =  0.67  0 88 13 2141 12 24716 5093 1.9 11 6 1 2 13% 34750 5969 46%
c }  0.69  0 85 13 2380 11 26790 6905 1.9 11 6 1 2 13% 34750 5969 46%
c [  0.69  0 137 13 2380  2 26790 6905 2.4 37 15 2 5 33% 34750 5969 46%
c -  0.71  0 134 14 2380  2 27513 5201 2.5 37 15 2 5 33% 34750 5969 46%
c d  0.72  0 133 14 2380  2 27854 5488 2.5 38 15 2 5 33% 34750 5962 46%
c c  0.73  0 133 14 2380  2 27854 5488 2.5 38 15 2 5 33% 34724 5962 46%
c d  0.73  0 133 14 2380  2 27854 5475 2.5 38 15 2 5 33% 34714 5957 46%
c 2  0.73  0 133 14 2380  2 27854 5475 2.5 38 15 2 5 33% 34712 5957 46%
c =  0.73  0 133 14 2380  2 27854 5475 2.5 38 15 2 5 33% 34710 5955 46%
c f  0.74  0 133 14 2380  2 27854 5473 2.5 38 15 2 5 33% 34698 5967 46%
c W  0.76  0 133 14 2380  2 28019 5629 2.5 38 15 2 5 33% 34698 5967 46%
c s  0.79  0 133 14 2380  2 29465 6768 2.3 40 17 2 5 30% 33325 5967 46%
c e  0.80  0 133 14 2380  2 29465 5744 2.3 40 17 2 5 30% 30690 5485 43%
c s  0.80  0 133 14 2380  2 29465 5696 2.3 40 17 2 5 30% 30636 5485 43%
c e  0.80  0 133 14 2380  2 29465 5687 2.3 40 17 2 5 30% 30625 5483 43%
c 
c  seconds   reductions   conflicts       size   tier2      variables
c         MB      restarts     redundant     glue   trail        remaining
c           level       rate        size/glue  tier1  irredundant
c 
c -  0.84  0 125 15 2382  2 31659 5109 2.4 38 16 2 5 27% 30625 5483 43%
c 2  0.84  0 125 15 2382  2 31659 5086 2.4 38 16 2 5 27% 30625 5483 43%
c c  0.85  0 125 15 2382  2 31659 5078 2.4 38 16 2 5 27% 30609 5481 43%
c d  0.85  0 125 15 2382  2 31659 5068 2.4 38 16 2 5 27% 30605 5479 43%
c O  0.94  0 122 15 2385  2 36020 9110 2.4 40 17 2 5 33% 30605 5479 43%
c -  0.94  0 122 16 2385  2 36107 5530 2.4 40 17 2 5 33% 30605 5479 43%
c u  0.96  0 122 16 2385  2 36107 4701 2.4 40 17 2 5 33% 30605 5479 43%
c v  0.96  0 122 16 2385  2 36107 4622 2.4 40 17 2 5 33% 30605 5479 43%
c w  0.96  0 122 16 2385  2 36107 4622 2.4 40 17 2 5 33% 30605 5479 43%
c f  0.96  0 122 16 2385  2 36107 4610 2.4 40 17 2 5 32% 30597 5497 43%
c ]  0.97  0 122 16 2385  2 36214 4715 2.4 40 17 2 5 32% 30597 5497 43%
c {  0.97  0 85 16 2385 11 36214 4715 1.9 11 6 1 2 14% 30597 5497 43%
c -  1.04  0 80 17 3094 11 40857 5885 1.9 11 6 1 2 15% 30597 5497 43%
c d  1.05  0 80 17 3094 11 40857 5790 1.9 11 6 1 2 15% 30597 5485 43%
c p  1.05  0 80 17 3094 11 40857 5848 1.9 11 6 1 2 15% 30597 5485 43%
c 2  1.05  0 80 17 3094 11 40857 5848 1.9 11 6 1 2 15% 30595 5485 43%
c f  1.06  0 80 17 3094 11 40857 5844 1.9 11 6 1 2 14% 30541 5516 43%
c W  1.14  0 77 17 3719 11 45021 9578 1.9 12 6 1 2 14% 30541 5516 43%
c -  1.15  0 76 18 3825 11 45910 6955 1.9 12 6 1 2 14% 30541 5516 43%
c d  1.16  0 76 18 3825 11 45910 6928 1.9 12 6 1 2 14% 30541 5512 43%
c 
c  seconds  reductions   conflicts       size  tier2      variables
c         MB     restarts     redundant     glue  trail        remaining
c          level       rate        size/glue tier1  irredundant
c 
c p  1.16  0 76 18 3825 11 45910 7016 1.9 12 6 1 2 14% 30541 5512 43%
c c  1.16  0 76 18 3825 11 45910 7016 1.9 12 6 1 2 14% 30531 5512 43%
c d  1.17  0 76 18 3825 11 45910 7010 1.9 12 6 1 2 14% 30529 5511 43%
c 2  1.17  0 76 18 3825 11 45910 7010 1.9 12 6 1 2 14% 30527 5511 43%
c f  1.17  0 76 18 3825 11 45910 6998 1.9 12 6 1 2 14% 30482 5566 43%
c }  1.19  0 75 18 4025 11 46980 7963 1.8 12 6 1 2 14% 30482 5566 43%
c [  1.19  0 122 18 4025  2 46980 7963 2.4 40 17 2 5 32% 30482 5566 43%
c s  1.25  0 119 18 4027  2 49319 9965 2.5 40 16 2 5 31% 30407 5566 43%
c t  1.25  0 119 18 4027  2 49319 9964 2.5 40 16 2 5 31% 30407 5566 43%
c e  1.26  0 119 18 4027  2 49319 9807 2.5 40 16 2 5 31% 30385 5538 43%
c s  1.26  0 119 18 4027  2 49319 9758 2.5 40 16 2 5 31% 30377 5538 43%
c ]  1.28  0 117 18 4027  2 50000 10399 2.5 40 16 2 5 30% 30375 5538 43%
c ?  1.28  0 117 18 4027  2 50000 10399 2.5 40 16 2 5 30% 30375 5538 43%
c 
c --- [ result ] -------------------------------------------------------------
c 
c UNKNOWN
c 
c --- [ run-time profiling ] -------------------------------------------------
c 
c process time taken by individual solving procedures
c (percentage relative to process time for solving)
c 
c         0.85   67.30% search
c         0.43   33.51% stable
c         0.41   32.49% simplify
c         0.41   32.03% unstable
c         0.12    9.54% congruence
c         0.07    5.58% sweep
c         0.07    5.16% preprocess
c         0.06    5.02% factor
c         0.04    3.53% elim
c         0.03    2.18% subsume
c         0.02    1.58% walk
c         0.02    1.40% fastelim
c         0.02    1.22% vivify
c         0.01    0.67% parse
c         0.01    0.40% backbone
c         0.00    0.18% lucky
c         0.00    0.15% probe
c         0.00    0.11% ternary
c   =================================
c         1.27   99.32% solve
c 
c last line shows process time for solving
c (percentage relative to total process time)
c 
c --- [ statistics ] ---------------------------------------------------------
c 
c chronological:             18354        36.71 %  of conflicts
c conflicts:                 50000     39405.64    per second
c backbone:                 346972      2545.84 %  of vars
c decisions:                331669    261392.56    per second
c eliminated:                 5238        38.43 %  of all variables
c factored:                    774        13.85 %  of variables
c fixed:                       949         6.96 %  of all variables
c learned:                   46318        92.64 %  per conflict
c learned_lits:            1281217       100.00 %  learned literals
c minimized:                     0         0.00 %  learned literals
c shrunken:                  43067         3.36 %  learned literals
c minishrunken:              98524         7.69 %  learned literals
c otfs:                       2454         4.91 %  of conflict
c propagations:            7649473         6.03 M  per second
c reduced:                   29209        58.42 %  per conflict
c rephased:                      9      5555.56    interval
c restarts:                   4027        12.42    interval
c stabilizing:                   5        43.80 %  of conflicts
c substituted:                1904        13.97 %  of all variables
c sweep equivs:                434        64.30 %  of swept variables
c subsumed:                  10581         7.56 %  of all clauses
c strengthened:               5285         3.78 %  of all clauses
c ticks:                  64802777         8.62    propagation
c vivified:                    829         0.59 %  of all clauses
c walked:                        2     25000.00    interval
c weakened:                  34924         2.91    average size
c congruence:                   12      4166.67    interval
c 
c seconds are measured in process time for solving
c 
c --- [ glue usage ] ---------------------------------------------------------
c 
c focused glue 1 used 66160 clauses 67.04% accumulated 67.04% tier1
c focused glue 2 used 17803 clauses 18.04% accumulated 85.08% tier2
c 
c stable glue 1 used 78508 clauses 53.95% accumulated 53.95% tier1
c stable glue 2 used 22766 clauses 15.64% accumulated 69.60% tier2
c 
c 
c --- [ resources ] ----------------------------------------------------------
c 
c total process time since initialization:         1.28    seconds
c total real time since initialization:            1.28    seconds
c maximum resident set size of process:        37728.00    MB
c 
c --- [ shutting down ] ------------------------------------------------------
c 
c exit 0
