[03:57:25] Using MAX_JOBS=10
[03:57:25] START step1_p2
[03:57:25] START step1_p3
[03:57:25] START step2_p871
[03:57:25] START step2_p154
[03:57:25] START step2_p834
[03:57:25] START step2_p682
[03:57:25] START step2_p454
[03:57:25] START step2_p594
[03:57:25] START step2_p951
[03:57:25] START step2_p768
[04:27:30] END step2_p594
[04:27:31] END step2_p682
[04:27:33] START step2_p867
[04:27:33] START step2_p803
[04:27:33] END step2_p834
[04:27:37] END step2_p768
[04:27:38] START step2_p86
[04:27:38] START step2_p228
[04:27:39] END step2_p871
[04:27:43] START step2_p169
[04:27:43] END step2_p154
[04:27:47] END step2_p951
[04:27:48] START step2_p73
[04:27:48] START step2_p987
[04:27:50] END step2_p803
[04:27:51] END step2_p454
[04:27:53] START step2_p559
[04:27:53] START step2_p558
[04:57:49] END step2_p86
[04:57:50] START step2_p96
[04:57:51] END step2_p228
[04:57:54] END step2_p867
[04:57:55] START step2_p10
[04:57:55] START step2_p0
[04:57:56] END step2_p73
[04:58:00] START step2_p892
[04:58:02] END step2_p987
[04:58:02] END step2_p558
[04:58:05] START step2_p204
[04:58:06] START step2_p508
[04:58:08] END step2_p169
[04:58:11] START step2_p924
[04:58:23] END step2_p559
[04:58:26] START step2_p613
[05:28:00] END step2_p96
[05:28:02] END step2_p10
[05:28:03] START step2_p467
[05:28:03] START step2_p991
[05:28:05] END step2_p0
[05:28:08] START step2_p996
[05:28:12] END step2_p892
[05:28:13] START step2_p161
[05:28:19] END step2_p508
[05:28:19] END step2_p924
[05:28:23] START step2_p842
[05:28:23] START step2_p244
[05:28:49] END step2_p613
[05:28:53] START step2_p358
[05:58:20] END step2_p161
[05:58:21] END step2_p991
[05:58:21] START step3_seed1_p2
[05:58:21] START step3_seed1_p3
[05:58:31] END step2_p244
[05:58:31] START step3_seed2_p2
[05:58:36] END step2_p842
[05:58:36] START step3_seed2_p3
[05:59:00] END step2_p358
[05:59:01] START step3_seed3_p2
[06:28:06] END step2_p204
[06:28:09] START step3_seed3_p3
[06:58:03] END step2_p467
[06:58:04] START step3_seed4_p2
[06:58:08] END step2_p996
[06:58:09] START step3_seed4_p3
[10:42:56] END step3_seed1_p2
[10:42:56] END step3_seed1_p3
[10:43:00] START step3_seed5_p2
[10:43:00] START step3_seed5_p3
[10:43:00] Waiting for all jobs to complete...
[10:43:06] END step3_seed2_p2
[10:43:11] END step3_seed2_p3
[10:43:37] END step3_seed3_p2
[11:12:44] END step3_seed3_p3
[11:42:39] END step3_seed4_p2
[11:42:44] END step3_seed4_p3
[13:43:00] END step3_seed5_p2
[13:43:00] END step3_seed5_p3
